1.041599999877929683e+01
1.391999999511718755e+01
1.734400000488281179e+01
2.195199999572754024e+01
2.350399999877929602e+01
2.535999999145507644e+01
2.884799999572753748e+01
3.151999999816894515e+01
3.264000000122070588e+01
3.364799999816894882e+01
3.441599999511718977e+01
3.457600000732421819e+01
3.591999999145507871e+01
3.648000000488281103e+01
3.726399999755859227e+01
3.809600000122070185e+01
3.886400000610351668e+01
3.939199999755859238e+01
3.993600000976562825e+01
3.863999998779296874e+01
3.980799999511718568e+01
4.025600000488281438e+01
4.087999999023437425e+01
4.019200000366210901e+01
3.921600000732421876e+01
4.187199999145507689e+01
4.212799999389648775e+01
4.137600000366210651e+01
4.116799999755859574e+01
4.060799998779297226e+01
4.283199999389648127e+01
4.209599999755859301e+01
4.126400000366211174e+01
4.164799999755859261e+01
4.329599999023437817e+01
4.260799998779297226e+01
4.259199999389648639e+01
4.347200000976562251e+01
4.244799999755859687e+01
4.224000000366211083e+01
4.334400000488281535e+01
4.281600000244140602e+01
4.307200000122070094e+01
4.433599999389648616e+01
4.345599999389648360e+01
4.268800000976562359e+01
4.267199999389648468e+01
4.156799999389648548e+01
4.270399999511718647e+01
4.254399998779297221e+01
4.304000000366210799e+01
4.339199999389648355e+01
4.312000000976562575e+01
4.427200000122070378e+01
4.369600000610351742e+01
4.345599999145508008e+01
4.235200000366211270e+01
4.177600000122070156e+01
4.254399998779297221e+01
4.164800000732422092e+01
4.289599999511718664e+01
4.355199999023437840e+01
4.249600000000000222e+01
4.319999999389648337e+01
4.270400000000000063e+01
4.219199999755859665e+01
4.355199999023437840e+01
4.311999999145508156e+01
4.215999999816894217e+01
4.361599999999999966e+01
4.278400000732421660e+01
4.180799999633789099e+01
4.163200000610351736e+01
4.172799999511718738e+01
4.310400000976562751e+01
4.395199999145507519e+01
4.316799999755859574e+01
4.183999999145508042e+01
4.179199999023437329e+01
4.206399998779296823e+01
4.300799999511718852e+01
4.247999999145508099e+01
4.380799999755859631e+01
4.203200000732422126e+01
4.286400000732422200e+01
4.268800000732422006e+01
4.255999999389648281e+01
4.312000000976562575e+01
4.259200000610351822e+01
4.270399999389648116e+01
4.339200000610351537e+01
4.283199999633789190e+01
4.292799998779296544e+01
4.379200000732421927e+01
4.292799999755859375e+01
4.369599999999999795e+01
4.236799999633789326e+01
4.335999999999999943e+01
4.324799999145508167e+01
4.430399999389648258e+01
5.371199998291015731e+01
5.499200000244140796e+01
5.488000000000000256e+01
5.543999997314453054e+01
5.609599999999999653e+01
5.678400000610351839e+01
5.719999999633789400e+01
5.731199999267577994e+01
5.769599998291015908e+01
5.799999998291015402e+01
5.764799999633788730e+01
5.854400000244140756e+01
5.911999999023437624e+01
5.801599998657226820e+01
5.868799999633789355e+01
5.910399999633789037e+01
5.844800001464843575e+01
5.932799997314452867e+01
5.947199999389648184e+01
5.937599998535156232e+01
5.935999998291015345e+01
5.928000000000000114e+01
6.001600000610351771e+01
5.961600000244140318e+01
5.942400000244140301e+01
6.019200000610351253e+01
6.041600000610351628e+01
5.963200000610351736e+01
5.963199998291015902e+01
5.991999998291015572e+01
6.087999997558593890e+01
5.947200000244140483e+01
6.073599998291015822e+01
6.086400000244140784e+01
6.052799998657226865e+01
6.051200000244140398e+01
6.127999998657226399e+01
6.116799999267578158e+01
6.115200000000000102e+01
6.099199997314453014e+01
6.188800000244140875e+01
6.168000000244140324e+01
6.121600000244140460e+01
6.147199998291015532e+01
6.108799997314453378e+01
6.148799998657226240e+01
6.094399999633789378e+01
6.190399999633788752e+01
6.131199997314453043e+01
6.182399999999999807e+01
6.251199999267578278e+01
6.307199998657226558e+01
6.203199998657226644e+01
6.180799999633789099e+01
6.283199999023437243e+01
6.287999998291015658e+01
6.252799999023437749e+01
6.375999999633788917e+01
6.348799999633789071e+01
6.296000000244140438e+01
6.331199999389648525e+01
6.329599998291015339e+01
6.271999997314453168e+01
6.276800000244140421e+01
6.316800000610351873e+01
6.270399998535156527e+01
6.283199997314453356e+01
6.345599997314452878e+01
6.288000000244140608e+01
6.265599999999999881e+01
6.310400000244140273e+01
6.352000000244140665e+01
6.294400000000000261e+01
6.347199997314453412e+01
6.240000000244140921e+01
6.311999997314453026e+01
6.262399998657226519e+01
6.284799997314453179e+01
6.395199998657226814e+01
6.291199999267578136e+01
6.351999999633788718e+01
6.305599999023437618e+01
6.334399999511718704e+01
6.326399999633789406e+01
6.323199999267578164e+01
6.332799999023437465e+01
6.326399997314452861e+01
6.300799999633789383e+01
6.265599997314453162e+01
6.385599998291015567e+01
6.279999998657226712e+01
6.340799997314453407e+01
6.324799999511719051e+01
6.339200000610351537e+01
6.329599999633789054e+01
6.273599999633788826e+01
6.377599998291015737e+01
6.328000000488281529e+01
6.366399999267578380e+01
6.312000001464843990e+01
