1.350260567665100098e+01
1.288626337051391602e+01
1.290314960479736328e+01
1.284844231605529785e+01
1.297832918167114258e+01
1.294109582901000977e+01
1.297413539886474609e+01
1.311486363410949707e+01
1.296339559555053711e+01
1.294767189025878906e+01
1.295974707603454590e+01
1.297638154029846191e+01
1.304911231994628906e+01
1.296196937561035156e+01
1.297225737571716309e+01
1.297763228416442871e+01
1.299484777450561523e+01
1.298242735862731934e+01
1.297743630409240723e+01
1.295408916473388672e+01
1.297161197662353516e+01
1.297410821914672852e+01
1.307474756240844727e+01
1.306637287139892578e+01
1.307255625724792480e+01
1.298826885223388672e+01
1.304833984375000000e+01
1.304563474655151367e+01
1.310301327705383301e+01
1.310857224464416504e+01
1.313934063911437988e+01
1.305240845680236816e+01
1.307290434837341309e+01
1.305752706527709961e+01
1.306092882156372070e+01
1.306072139739990234e+01
1.305959296226501465e+01
1.307322096824645996e+01
1.309051370620727539e+01
1.307267594337463379e+01
1.306828355789184570e+01
1.309073710441589355e+01
1.313049364089965820e+01
1.308708310127258301e+01
1.307609248161315918e+01
1.308976197242736816e+01
1.307274699211120605e+01
1.316732048988342285e+01
1.307543945312500000e+01
1.306980013847351074e+01
1.310571002960205078e+01
1.305868697166442871e+01
1.308973908424377441e+01
1.311690139770507812e+01
1.310719513893127441e+01
1.307637047767639160e+01
1.305660820007324219e+01
1.308853316307067871e+01
1.307219719886779785e+01
1.309329962730407715e+01
1.308541321754455566e+01
1.308655452728271484e+01
1.306390857696533203e+01
1.312977266311645508e+01
1.310376143455505371e+01
1.309323930740356445e+01
1.313237071037292480e+01
1.311698770523071289e+01
1.305572199821472168e+01
1.307364654541015625e+01
1.306274247169494629e+01
1.308428621292114258e+01
1.308480882644653320e+01
1.313500308990478516e+01
1.319045186042785645e+01
1.307781481742858887e+01
1.313803434371948242e+01
1.305888891220092773e+01
1.306526756286621094e+01
1.311179971694946289e+01
1.305316305160522461e+01
1.308602333068847656e+01
1.306548571586608887e+01
1.309362649917602539e+01
1.308383679389953613e+01
1.307173824310302734e+01
1.315115714073181152e+01
1.308845353126525879e+01
1.314343118667602539e+01
1.308303713798522949e+01
1.307348108291625977e+01
1.307008099555969238e+01
1.308369421958923340e+01
1.307815551757812500e+01
1.306169867515563965e+01
1.308778023719787598e+01
1.306805086135864258e+01
1.309557271003723145e+01
1.306420803070068359e+01
1.314415121078491211e+01
1.306516194343566895e+01
1.307564187049865723e+01
1.307125878334045410e+01
1.310623121261596680e+01
1.307701802253723145e+01
1.306707811355590820e+01
1.313416147232055664e+01
1.307996463775634766e+01
1.309875679016113281e+01
1.304628849029541016e+01
1.306398057937622070e+01
1.308065223693847656e+01
1.305951356887817383e+01
1.307480120658874512e+01
1.306202173233032227e+01
1.308824348449707031e+01
1.306322407722473145e+01
1.308066582679748535e+01
1.308399271965026855e+01
1.308170175552368164e+01
1.308512330055236816e+01
1.306291580200195312e+01
1.310724997520446777e+01
1.307406783103942871e+01
1.307179164886474609e+01
1.307717609405517578e+01
1.307546019554138184e+01
1.310235667228698730e+01
1.313335061073303223e+01
1.313526082038879395e+01
1.308092761039733887e+01
1.307123446464538574e+01
1.309570407867431641e+01
1.306285881996154785e+01
1.307475972175598145e+01
1.307067537307739258e+01
1.312894821166992188e+01
1.301304626464843750e+01
1.308115077018737793e+01
1.305857443809509277e+01
1.306679344177246094e+01
1.308697748184204102e+01
1.305114698410034180e+01
1.314878511428833008e+01
1.307262516021728516e+01
1.308130073547363281e+01
1.306992816925048828e+01
1.307841610908508301e+01
1.310130453109741211e+01
1.312232708930969238e+01
1.307490181922912598e+01
1.310493302345275879e+01
1.307289910316467285e+01
1.307856345176696777e+01
1.305114459991455078e+01
1.307414960861206055e+01
1.308762192726135254e+01
1.309223270416259766e+01
1.307898640632629395e+01
1.310386967658996582e+01
1.309776186943054199e+01
1.309314489364624023e+01
1.309218025207519531e+01
1.307541465759277344e+01
1.311077332496643066e+01
1.308466267585754395e+01
1.311102581024169922e+01
1.318135952949523926e+01
1.307758307456970215e+01
1.307755303382873535e+01
1.308190608024597168e+01
1.308858489990234375e+01
1.311693549156188965e+01
1.307844686508178711e+01
1.309364390373229980e+01
1.307462573051452637e+01
1.306065726280212402e+01
1.308046078681945801e+01
1.310110235214233398e+01
1.306205606460571289e+01
1.308016252517700195e+01
1.307076835632324219e+01
1.314942288398742676e+01
1.308742022514343262e+01
1.305425953865051270e+01
1.309219264984130859e+01
1.306886315345764160e+01
1.306146931648254395e+01
1.304386162757873535e+01
1.305408120155334473e+01
1.309923577308654785e+01
1.309666132926940918e+01
1.328408575057983398e+01
1.290250110626220703e+01
1.291981053352355957e+01
1.298284149169921875e+01
1.292829179763793945e+01
1.299970483779907227e+01
1.295038485527038574e+01
1.293609857559204102e+01
