1.288966679573059082e+01
1.225544238090515137e+01
1.226198935508728027e+01
1.230424571037292480e+01
1.246238708496093750e+01
1.231451582908630371e+01
1.230951333045959473e+01
1.240483713150024414e+01
1.238323998451232910e+01
1.238554120063781738e+01
1.243673300743103027e+01
1.242440390586853027e+01
1.236343312263488770e+01
1.240204429626464844e+01
1.236423158645629883e+01
1.232135176658630371e+01
1.239932680130004883e+01
1.241914916038513184e+01
1.237873578071594238e+01
1.239255046844482422e+01
1.240320682525634766e+01
1.242399930953979492e+01
1.242858695983886719e+01
1.240683007240295410e+01
1.234200143814086914e+01
1.246769714355468750e+01
1.236714434623718262e+01
1.235966610908508301e+01
1.236335873603820801e+01
1.236210799217224121e+01
1.238014054298400879e+01
1.245272469520568848e+01
1.236887669563293457e+01
1.235419774055480957e+01
1.241224718093872070e+01
1.239965033531188965e+01
1.240444135665893555e+01
1.247872567176818848e+01
1.241275477409362793e+01
1.235812687873840332e+01
1.236375117301940918e+01
1.241533398628234863e+01
1.233358740806579590e+01
1.237113046646118164e+01
1.234333729743957520e+01
1.237766814231872559e+01
1.236437201499938965e+01
1.241288852691650391e+01
1.241432023048400879e+01
1.235883045196533203e+01
1.235766005516052246e+01
1.243704462051391602e+01
1.236606407165527344e+01
1.242179322242736816e+01
1.237182211875915527e+01
1.235149025917053223e+01
1.236309862136840820e+01
1.243619441986083984e+01
1.242745733261108398e+01
1.242897987365722656e+01
1.241925382614135742e+01
1.239181280136108398e+01
1.236021065711975098e+01
1.237906861305236816e+01
1.246591544151306152e+01
1.236856746673583984e+01
1.235888099670410156e+01
1.242676615715026855e+01
1.239034080505371094e+01
1.235497260093688965e+01
1.237753176689147949e+01
1.236676907539367676e+01
1.235372829437255859e+01
1.242477416992187500e+01
1.240822482109069824e+01
1.237540078163146973e+01
1.246870446205139160e+01
1.246356606483459473e+01
1.235194253921508789e+01
1.237831783294677734e+01
1.236504650115966797e+01
1.240002202987670898e+01
1.242351651191711426e+01
1.235298395156860352e+01
1.238577294349670410e+01
1.238011765480041504e+01
1.238293910026550293e+01
1.238651823997497559e+01
1.240348434448242188e+01
1.243050217628479004e+01
1.242158937454223633e+01
1.239905381202697754e+01
1.248164439201354980e+01
1.235849523544311523e+01
1.242657518386840820e+01
1.236813950538635254e+01
1.240902853012084961e+01
1.241315054893493652e+01
1.237873244285583496e+01
1.235687088966369629e+01
1.234209799766540527e+01
1.233479142189025879e+01
1.232602429389953613e+01
1.240492939949035645e+01
1.240992450714111328e+01
1.236497426033020020e+01
1.242177987098693848e+01
1.237428498268127441e+01
1.240079784393310547e+01
1.236302518844604492e+01
1.234312796592712402e+01
1.235464978218078613e+01
1.236794090270996094e+01
1.242371630668640137e+01
1.238433027267456055e+01
1.237957143783569336e+01
1.234882736206054688e+01
1.239212489128112793e+01
1.243484210968017578e+01
1.248942279815673828e+01
1.235670185089111328e+01
1.241986942291259766e+01
1.241193509101867676e+01
1.236917662620544434e+01
1.236686563491821289e+01
1.240939235687255859e+01
1.233687806129455566e+01
1.242529559135437012e+01
1.241466140747070312e+01
1.240917849540710449e+01
1.242629599571228027e+01
1.237737989425659180e+01
1.238528156280517578e+01
1.237970137596130371e+01
1.242861056327819824e+01
1.237018108367919922e+01
1.236941123008728027e+01
1.229880237579345703e+01
1.241825485229492188e+01
1.238494944572448730e+01
1.236562347412109375e+01
1.239816665649414062e+01
1.235878205299377441e+01
1.236854863166809082e+01
1.239216804504394531e+01
1.236033940315246582e+01
1.234556794166564941e+01
1.233450651168823242e+01
1.236332297325134277e+01
1.235446476936340332e+01
1.235909152030944824e+01
1.239062261581420898e+01
1.244238495826721191e+01
1.240516710281372070e+01
1.240825510025024414e+01
1.241430425643920898e+01
1.238967943191528320e+01
1.244174408912658691e+01
1.236387300491333008e+01
1.239743614196777344e+01
1.241099214553833008e+01
1.242073178291320801e+01
1.237821459770202637e+01
1.236644935607910156e+01
1.241269183158874512e+01
1.238661479949951172e+01
1.234886503219604492e+01
1.235980653762817383e+01
1.236142349243164062e+01
1.242919778823852539e+01
1.241911244392395020e+01
1.239355778694152832e+01
1.236592817306518555e+01
1.234350109100341797e+01
1.240993142127990723e+01
1.241344833374023438e+01
1.233241128921508789e+01
1.238355994224548340e+01
1.237035679817199707e+01
1.236326456069946289e+01
1.237755608558654785e+01
1.240575313568115234e+01
1.236997985839843750e+01
1.243306159973144531e+01
1.238621282577514648e+01
1.237203526496887207e+01
1.236529850959777832e+01
1.237469744682312012e+01
1.239053368568420410e+01
1.237364959716796875e+01
1.239672613143920898e+01
1.236338520050048828e+01
1.258993697166442871e+01
1.231832695007324219e+01
1.239644145965576172e+01
1.229547238349914551e+01
1.234983587265014648e+01
1.227768039703369141e+01
1.232625532150268555e+01
1.231906032562255859e+01
