1.052800000000000047e+01
1.409600000244140539e+01
1.662400000183105320e+01
1.991999999511718755e+01
2.239999999572754064e+01
2.459199999877929699e+01
2.740800000122070301e+01
2.812799999816894569e+01
3.039999999145507914e+01
3.147199998779296948e+01
3.297599999816894467e+01
3.411199999145507888e+01
3.502399999816894649e+01
3.529599998779296754e+01
3.452799999999999869e+01
3.585599999145507866e+01
3.596800000000000352e+01
3.753599999145507837e+01
3.744000000122070304e+01
3.711999998779296561e+01
3.822399999145508076e+01
3.873600000366210594e+01
3.812800000732421779e+01
3.905599998779296556e+01
3.864000000122070588e+01
4.027200000488281262e+01
3.915200000366210986e+01
3.947199999145507832e+01
3.815999999511718954e+01
3.859199999816894433e+01
3.887999999816894814e+01
3.905599999145508150e+01
3.872000000122070418e+01
4.033600000122070384e+01
3.887999999389648309e+01
4.038400000366210918e+01
4.011200000366211071e+01
4.024000000732421967e+01
3.913599999145507979e+01
4.099200000976562563e+01
4.032000000366210912e+01
3.961599999816894524e+01
4.023999999389648252e+01
3.972800000366211037e+01
4.025600000976562853e+01
4.040000000122070389e+01
4.099200000366210617e+01
4.044800000610351276e+01
4.012799998779296828e+01
3.948799999145507655e+01
3.889600000000000080e+01
3.905600000122070270e+01
4.046399998779296681e+01
4.168000000122070503e+01
3.968000000976562802e+01
3.967999998779296789e+01
3.972800000732421921e+01
3.825599999389648787e+01
3.983999999755859278e+01
3.918400000732422228e+01
3.761599999572754172e+01
3.857600000976562171e+01
3.785599998779296982e+01
3.740799999145507826e+01
3.934399999572753615e+01
3.932800000732422063e+01
3.859199998779296692e+01
3.950400000183105220e+01
3.899199999511719028e+01
3.936000000366210827e+01
3.972799999389648207e+01
3.903999999755859562e+01
3.974399999999999977e+01
3.681600000000000250e+01
4.006399999816894564e+01
3.860800000366210583e+01
4.007999999755859477e+01
3.894400000122070082e+01
4.065599999755859528e+01
4.038399999572754240e+01
3.865599999145507581e+01
3.795199998779296635e+01
3.846399999816894422e+01
3.879999999511719011e+01
3.876799999389648121e+01
4.041599999145508093e+01
3.747199998779296948e+01
3.987200000122070520e+01
3.934399999816894677e+01
3.862399998779297050e+01
3.924799999633788872e+01
3.880000000976562546e+01
3.824000000976562319e+01
3.950400000732421546e+01
3.795199999511718403e+01
3.899199999389648497e+01
3.948800000976562785e+01
3.983999999389648394e+01
4.012799999572754217e+01
3.790399998779297164e+01
5.299199999755859380e+01
5.478399999023437772e+01
5.600000000610351236e+01
5.548800000610351901e+01
5.595199999633788934e+01
5.670400000244140415e+01
5.676799999633789184e+01
5.635199999633788792e+01
5.707199999267577795e+01
5.692800000244140790e+01
5.731199999633788877e+01
5.756799999633788900e+01
5.744000000610351719e+01
5.830400000976562325e+01
5.788799999267578045e+01
5.772799998657226439e+01
5.793599998657226280e+01
5.859199997314453157e+01
5.865599999999999881e+01
5.980799999267578215e+01
5.872000000244140949e+01
5.897599999267578141e+01
5.896000000488281501e+01
5.939199998291015703e+01
5.969599997314453077e+01
5.982399999023437687e+01
5.953599999633789253e+01
5.913599999633789395e+01
5.975999997314453083e+01
5.982399997314453088e+01
5.942400000244140301e+01
5.983999999023437510e+01
5.995199998657226814e+01
6.031999999267578261e+01
6.004800001464843717e+01
6.064000001464843592e+01
6.048000000610351634e+01
6.060800000244140762e+01
6.068800001464843774e+01
5.993599998657226280e+01
6.144000001464844019e+01
6.086400000610351668e+01
6.011199999267578420e+01
6.049599999633789338e+01
6.063999999267578289e+01
6.043199999267578448e+01
6.159999999633789258e+01
6.129599998657226223e+01
6.068800000976562359e+01
6.118399998291015862e+01
6.188799999633788929e+01
6.204800000244140534e+01
6.228799999267577903e+01
6.228799998657226666e+01
6.227199999389648610e+01
6.198399998657226462e+01
6.271999998657226882e+01
6.230400000000000205e+01
6.191999999267578403e+01
6.233600000610351799e+01
6.235199998657226672e+01
6.222399997314452946e+01
6.206399999633789122e+01
6.283199998291015476e+01
6.332799997314452867e+01
6.289600000244140432e+01
6.340799998291015527e+01
6.252799997558593503e+01
6.332799998291015697e+01
6.273599999023437590e+01
6.327999999023437283e+01
6.283200000976562194e+01
6.254399998535156158e+01
6.267199998657226701e+01
6.203200001464843893e+01
6.278400001464843427e+01
6.251200000488281461e+01
6.284799999633789014e+01
6.318400000244140813e+01
6.275200001464843780e+01
6.342400001464843484e+01
6.254400000610351640e+01
6.284799999267578130e+01
6.307199999267577795e+01
6.206399997314453287e+01
6.254399998291015805e+01
6.303999998291015316e+01
6.307199999511718858e+01
6.278400000610351839e+01
6.273599999023437590e+01
6.235200000244140739e+01
6.289600000610351316e+01
6.303999999267578147e+01
6.255999999633789344e+01
6.315199998657226388e+01
6.283199997314453356e+01
6.262400000610351469e+01
6.358399998291015720e+01
6.238399998657226320e+01
6.326400000488280995e+01
