1.298532724380493164e+01
1.234862589836120605e+01
1.231832456588745117e+01
1.238477849960327148e+01
1.246709012985229492e+01
1.252713489532470703e+01
1.247131943702697754e+01
1.249802231788635254e+01
1.250824379920959473e+01
1.251659440994262695e+01
1.257593011856079102e+01
1.253637909889221191e+01
1.247857189178466797e+01
1.262125658988952637e+01
1.252215957641601562e+01
1.250715160369873047e+01
1.253462409973144531e+01
1.255821275711059570e+01
1.259973931312561035e+01
1.257662725448608398e+01
1.259413385391235352e+01
1.266397571563720703e+01
1.257201480865478516e+01
1.262654352188110352e+01
1.257229256629943848e+01
1.269313502311706543e+01
1.255993390083312988e+01
1.262639164924621582e+01
1.254991984367370605e+01
1.257994079589843750e+01
1.257601189613342285e+01
1.261759924888610840e+01
1.265085721015930176e+01
1.258849430084228516e+01
1.257239770889282227e+01
1.258666563034057617e+01
1.259403991699218750e+01
1.263491487503051758e+01
1.261808013916015625e+01
1.263435840606689453e+01
1.258455657958984375e+01
1.261311650276184082e+01
1.261065316200256348e+01
1.261682987213134766e+01
1.257166314125061035e+01
1.257109284400939941e+01
1.261108660697937012e+01
1.260759997367858887e+01
1.256722998619079590e+01
1.255553770065307617e+01
1.261409258842468262e+01
1.265818500518798828e+01
1.259994077682495117e+01
1.265909647941589355e+01
1.254312443733215332e+01
1.257691717147827148e+01
1.260117769241333008e+01
1.262805604934692383e+01
1.258844017982482910e+01
1.263493275642395020e+01
1.259538626670837402e+01
1.259424519538879395e+01
1.262849283218383789e+01
1.259242606163024902e+01
1.262123417854309082e+01
1.258272361755371094e+01
1.269472670555114746e+01
1.265319013595581055e+01
1.259816694259643555e+01
1.258222126960754395e+01
1.263106393814086914e+01
1.263716268539428711e+01
1.254730463027954102e+01
1.257857275009155273e+01
1.257548880577087402e+01
1.266692566871643066e+01
1.258805751800537109e+01
1.252077698707580566e+01
1.255462193489074707e+01
1.257748436927795410e+01
1.255956387519836426e+01
1.264352273941040039e+01
1.260188341140747070e+01
1.256963181495666504e+01
1.265415072441101074e+01
1.258948516845703125e+01
1.262917232513427734e+01
1.258268260955810547e+01
1.259884309768676758e+01
1.254661154747009277e+01
1.264346456527709961e+01
1.279335427284240723e+01
1.263136267662048340e+01
1.258905029296875000e+01
1.256562829017639160e+01
1.262075734138488770e+01
1.255395174026489258e+01
1.258064174652099609e+01
1.256076645851135254e+01
1.258147692680358887e+01
1.255387568473815918e+01
1.259276556968688965e+01
1.256067967414855957e+01
1.262189698219299316e+01
1.260584449768066406e+01
1.262732815742492676e+01
1.255505943298339844e+01
1.257220840454101562e+01
1.260572695732116699e+01
1.256414604187011719e+01
1.261480069160461426e+01
1.257557868957519531e+01
1.252306532859802246e+01
1.257200717926025391e+01
1.255159521102905273e+01
1.255104517936706543e+01
1.256490468978881836e+01
1.255998158454895020e+01
1.259740400314331055e+01
1.262998390197753906e+01
1.261992383003234863e+01
1.269715976715087891e+01
1.260928750038146973e+01
1.269217991828918457e+01
1.257629203796386719e+01
1.259922432899475098e+01
1.266289091110229492e+01
1.256499552726745605e+01
1.256501007080078125e+01
1.255425047874450684e+01
1.253565406799316406e+01
1.261648702621459961e+01
1.262002491950988770e+01
1.256118083000183105e+01
1.256054425239562988e+01
1.259065580368041992e+01
1.258602333068847656e+01
1.261970877647399902e+01
1.255908131599426270e+01
1.256005907058715820e+01
1.257624602317810059e+01
1.260675978660583496e+01
1.259197211265563965e+01
1.255467081069946289e+01
1.256258583068847656e+01
1.257609677314758301e+01
1.262489843368530273e+01
1.257788372039794922e+01
1.259555578231811523e+01
1.267749047279357910e+01
1.261406254768371582e+01
1.258841514587402344e+01
1.258982419967651367e+01
1.258617687225341797e+01
1.256798934936523438e+01
1.257113480567932129e+01
1.260382246971130371e+01
1.261730551719665527e+01
1.262065291404724121e+01
1.258710598945617676e+01
1.263867759704589844e+01
1.268845844268798828e+01
1.260885500907897949e+01
1.261512827873229980e+01
1.259776997566223145e+01
1.259533548355102539e+01
1.257160758972167969e+01
1.258133888244628906e+01
1.261108517646789551e+01
1.263665032386779785e+01
1.268223881721496582e+01
1.258978009223937988e+01
1.256270885467529297e+01
1.256986260414123535e+01
1.268434596061706543e+01
1.264874219894409180e+01
1.257127833366394043e+01
1.260781717300415039e+01
1.260216140747070312e+01
1.256716227531433105e+01
1.256398892402648926e+01
1.260766625404357910e+01
1.260672307014465332e+01
1.259678459167480469e+01
1.259520506858825684e+01
1.257302498817443848e+01
1.257575201988220215e+01
1.252938795089721680e+01
1.258404660224914551e+01
1.262615609169006348e+01
1.258448767662048340e+01
1.261607241630554199e+01
1.283131790161132812e+01
1.241267681121826172e+01
1.244777154922485352e+01
1.239812302589416504e+01
1.246435165405273438e+01
1.243883657455444336e+01
1.239092803001403809e+01
1.244219636917114258e+01
