1.000000000000000000e+01
1.710999870300292969e+01
1.861999893188476562e+01
2.137999916076660156e+01
2.485999870300292969e+01
2.635999870300292969e+01
2.693999862670898438e+01
3.022999954223632812e+01
3.282999801635742188e+01
3.293000030517578125e+01
3.604999923706054688e+01
3.554000091552734375e+01
3.695999908447265625e+01
3.732999801635742188e+01
3.993999862670898438e+01
3.959999847412109375e+01
4.057999801635742188e+01
3.952999877929687500e+01
3.809000015258789062e+01
4.154999923706054688e+01
4.036999893188476562e+01
4.045000076293945312e+01
3.943999862670898438e+01
4.140999984741210938e+01
3.968000030517578125e+01
4.178999710083007812e+01
4.031999969482421875e+01
4.106999969482421875e+01
4.309000015258789062e+01
3.932999801635742188e+01
4.065999984741210938e+01
4.211999893188476562e+01
4.234000015258789062e+01
3.688999938964843750e+01
4.089999771118164062e+01
4.475000000000000000e+01
4.036000061035156250e+01
4.295999908447265625e+01
4.186999893188476562e+01
4.227000045776367188e+01
4.286999893188476562e+01
4.277000045776367188e+01
4.222999954223632812e+01
4.250000000000000000e+01
4.178999710083007812e+01
4.155999755859375000e+01
4.575000000000000000e+01
4.587999725341796875e+01
3.850999832153320312e+01
4.250000000000000000e+01
4.581999969482421875e+01
4.487999725341796875e+01
4.052999877929687500e+01
3.996999740600585938e+01
4.365999984741210938e+01
4.640999984741210938e+01
4.470999908447265625e+01
3.957999801635742188e+01
4.356999969482421875e+01
4.420000076293945312e+01
3.341999816894531250e+01
4.314999771118164062e+01
4.402000045776367188e+01
4.009999847412109375e+01
3.877000045776367188e+01
4.098999786376953125e+01
4.145999908447265625e+01
4.027000045776367188e+01
4.196999740600585938e+01
4.568000030517578125e+01
4.261000061035156250e+01
4.436000061035156250e+01
4.198999786376953125e+01
4.534999847412109375e+01
4.377000045776367188e+01
4.189999771118164062e+01
4.518000030517578125e+01
4.103999710083007812e+01
4.190999984741210938e+01
3.650000000000000000e+01
4.296999740600585938e+01
4.121999740600585938e+01
4.003999710083007812e+01
3.502999877929687500e+01
4.493999862670898438e+01
4.530999755859375000e+01
4.704999923706054688e+01
3.268000030517578125e+01
3.907999801635742188e+01
4.150000000000000000e+01
4.504999923706054688e+01
3.656999969482421875e+01
4.473999786376953125e+01
4.796999740600585938e+01
3.500000000000000000e+01
4.112999725341796875e+01
4.365999984741210938e+01
4.113999938964843750e+01
2.821999931335449219e+01
4.197999954223632812e+01
5.093000030517578125e+01
5.196999740600585938e+01
5.186999893188476562e+01
5.222999954223632812e+01
5.215999984741210938e+01
5.266999816894531250e+01
5.293000030517578125e+01
5.250000000000000000e+01
5.357999801635742188e+01
5.328999710083007812e+01
5.396999740600585938e+01
5.418999862670898438e+01
5.281999969482421875e+01
5.460999679565429688e+01
5.427000045776367188e+01
5.434000015258789062e+01
5.463999938964843750e+01
5.450999832153320312e+01
5.529999923706054688e+01
5.446999740600585938e+01
5.537999725341796875e+01
5.586999893188476562e+01
5.575000000000000000e+01
5.602999877929687500e+01
5.525999832153320312e+01
5.570999908447265625e+01
5.530999755859375000e+01
5.512999725341796875e+01
5.586999893188476562e+01
5.534000015258789062e+01
5.591999816894531250e+01
5.625000000000000000e+01
5.534000015258789062e+01
5.610999679565429688e+01
5.678999710083007812e+01
5.521999740600585938e+01
5.619999694824218750e+01
5.700999832153320312e+01
5.429999923706054688e+01
5.462999725341796875e+01
5.603999710083007812e+01
5.598999786376953125e+01
5.409999847412109375e+01
5.406999969482421875e+01
5.488999938964843750e+01
5.584999847412109375e+01
5.660999679565429688e+01
5.675000000000000000e+01
5.695999908447265625e+01
5.669999694824218750e+01
5.711999893188476562e+01
5.737999725341796875e+01
5.710999679565429688e+01
5.712999725341796875e+01
5.727999877929687500e+01
5.725999832153320312e+01
5.738999938964843750e+01
5.725999832153320312e+01
5.747999954223632812e+01
5.706999969482421875e+01
5.739999771118164062e+01
5.716999816894531250e+01
5.719999694824218750e+01
5.747999954223632812e+01
5.727000045776367188e+01
5.764999771118164062e+01
5.737999725341796875e+01
5.720999908447265625e+01
5.752999877929687500e+01
5.729999923706054688e+01
5.729999923706054688e+01
5.773999786376953125e+01
5.768000030517578125e+01
5.769999694824218750e+01
5.757999801635742188e+01
5.753999710083007812e+01
5.756999969482421875e+01
5.750000000000000000e+01
5.752999877929687500e+01
5.750999832153320312e+01
5.778999710083007812e+01
5.765999984741210938e+01
5.768000030517578125e+01
5.739999771118164062e+01
5.757999801635742188e+01
5.764999771118164062e+01
5.781999969482421875e+01
5.745999908447265625e+01
5.761999893188476562e+01
5.748999786376953125e+01
5.759999847412109375e+01
5.771999740600585938e+01
5.778999710083007812e+01
5.785999679565429688e+01
5.776999664306640625e+01
5.772999954223632812e+01
5.762999725341796875e+01
5.753999710083007812e+01
5.793999862670898438e+01
5.773999786376953125e+01
