2.380802682418823313e+00
2.261845513381957939e+00
2.215691612548828182e+00
2.149443836669922003e+00
2.120378347015380971e+00
2.063432902641296529e+00
2.074347653503417988e+00
2.021804402542114243e+00
2.009502201309204317e+00
1.995527110824584893e+00
1.966648250694274846e+00
1.948487311782836962e+00
1.940108247451782120e+00
1.947725283279418962e+00
1.950457245712280185e+00
1.944892253684997518e+00
1.938170349082946720e+00
1.945310572357177747e+00
1.969585926361083983e+00
1.922533065109252925e+00
1.928997658691406158e+00
1.923479318466186472e+00
1.897646891746521014e+00
1.904571221084594645e+00
1.877022363357544021e+00
1.919243964843750039e+00
1.884236479873657277e+00
1.901027622146606477e+00
1.891119518661499077e+00
1.916240003890991250e+00
1.873397900085449264e+00
1.860437695045471296e+00
1.875593727416992262e+00
1.894603627014160185e+00
1.909998540954589874e+00
1.867339772796630770e+00
1.883682529029846231e+00
1.909196287574768114e+00
1.886416492309570314e+00
1.890359402084350604e+00
1.879049855957031223e+00
1.923548976058959914e+00
1.922716432800293029e+00
1.930119515914916928e+00
1.913394940719604476e+00
1.900915500640869116e+00
1.951499575309753487e+00
1.927972658729553146e+00
1.918003971786498951e+00
1.964783987922668507e+00
1.934680055694580014e+00
1.931357388000488173e+00
1.918587864074706939e+00
1.934193161239623926e+00
2.011172747268676897e+00
1.943946750755310093e+00
1.969509147186279341e+00
1.981671380004882854e+00
2.020876970672607520e+00
1.956299178161621022e+00
1.960553554229736317e+00
2.000262447776794517e+00
2.005563475952148345e+00
1.979914527931213364e+00
2.009057480201721368e+00
1.993875968360900863e+00
2.009828277053832934e+00
2.003609710540771527e+00
2.006358055610656610e+00
1.984118421478271443e+00
2.019409481735229495e+00
2.025490828170776414e+00
2.067231356353759875e+00
1.983875443954467688e+00
2.017014282112121748e+00
1.987430564041137604e+00
1.982308516540527421e+00
1.977233359260559098e+00
2.028695175514221294e+00
1.978905207672119193e+00
1.982801053771972688e+00
2.003926949844360372e+00
1.996118714256286619e+00
2.006684993209838730e+00
1.991293567199706960e+00
1.975664662017822204e+00
2.040320335235595639e+00
1.980834131851196389e+00
2.032462235221862645e+00
2.019991598205566508e+00
1.986842276153564457e+00
2.018004942703246929e+00
1.996916670913696290e+00
1.980368864707946708e+00
2.009623794021606624e+00
2.006926917572021463e+00
1.997924402313232317e+00
1.979828180389404224e+00
2.004717513961792097e+00
2.004900882492065328e+00
1.732355150260925347e+00
1.750615197830200254e+00
1.740426119422912699e+00
1.740009577407837016e+00
1.712102228698730411e+00
1.754336882781982521e+00
1.730636947059631447e+00
1.733583099746704104e+00
1.737710316238403330e+00
1.713019457092285203e+00
1.737471318435668932e+00
1.726112762260437083e+00
1.718795697937011813e+00
1.727225045204162646e+00
1.729494305458068926e+00
1.709982565765380880e+00
1.733429568901061923e+00
1.734162730484008819e+00
1.736075782203674311e+00
1.718096346778869687e+00
1.714380092926025334e+00
1.746947507095336860e+00
1.730992055549621655e+00
1.736419027290344141e+00
1.774852915802001885e+00
1.749186550979614285e+00
1.772228951187133861e+00
1.756841228637695318e+00
1.731971051101684589e+00
1.776124202537536556e+00
1.773252438774108874e+00
1.797269004096984757e+00
1.759847337799072209e+00
1.774319810447692936e+00
1.721199211387634209e+00
1.774112175407409620e+00
1.769843615188598562e+00
1.754358960494995179e+00
1.764977225074768175e+00
1.765534104385376057e+00
1.772605565528869720e+00
1.739915558242797866e+00
1.768694944953918435e+00
1.814881139221191431e+00
1.786489507789611908e+00
1.787369121246337844e+00
1.779943491172790493e+00
1.778170659637451134e+00
1.770840514068603433e+00
1.794465597457885808e+00
1.716292213134765543e+00
1.748965647201538021e+00
1.769795064392089889e+00
1.712784444274902285e+00
1.715032184104919422e+00
1.739913514289855856e+00
1.734281125831603987e+00
1.753844840431213470e+00
1.725239051284789937e+00
1.739704071884155212e+00
1.740691048355102577e+00
1.751401627960205154e+00
1.750357113571167078e+00
1.756163236618041967e+00
1.757951997718810944e+00
1.739552743911743082e+00
1.738984859504699720e+00
1.747092224960327123e+00
1.737162536849975680e+00
1.745787870407104592e+00
1.770813195571899312e+00
1.743777585716247636e+00
1.743091262207031145e+00
1.739840486793517993e+00
1.754839357604980554e+00
1.788080848007202128e+00
1.754423776016235337e+00
1.719967507095336856e+00
1.774340336837768595e+00
1.717013729019164936e+00
1.730289459190368584e+00
1.750280170898437460e+00
1.756482961730956971e+00
1.754571791152954141e+00
1.747422317962646465e+00
1.760915337257385360e+00
1.763979126167297462e+00
1.763934327468872132e+00
1.745371378440856880e+00
1.781788590927124050e+00
1.757778932189941301e+00
1.760755739364624040e+00
1.744604502182006911e+00
1.764669513359069741e+00
1.738396719589233363e+00
1.756307313919067470e+00
1.760432813034057631e+00
1.748342585525512805e+00
1.753360997886657779e+00
1.797195452499389612e+00
