4.224021434783935547e-01
4.172151088714599609e-01
4.102060794830322266e-01
4.061043262481689453e-01
4.254436492919921875e-01
4.087123870849609375e-01
4.125974178314208984e-01
4.132969379425048828e-01
4.036867618560791016e-01
4.122252464294433594e-01
4.056899547576904297e-01
4.185392856597900391e-01
4.143869876861572266e-01
4.131734371185302734e-01
4.167113304138183594e-01
4.071149826049804688e-01
4.112715721130371094e-01
4.022498130798339844e-01
4.148526191711425781e-01
4.091577529907226562e-01
4.095742702484130859e-01
4.095022678375244141e-01
4.034793376922607422e-01
4.098165035247802734e-01
3.993148803710937500e-01
4.994609355926513672e-01
4.087271690368652344e-01
4.137525558471679688e-01
4.049811363220214844e-01
4.042878150939941406e-01
4.132494926452636719e-01
4.045960903167724609e-01
4.135060310363769531e-01
3.996205329895019531e-01
4.168915748596191406e-01
4.067850112915039062e-01
4.093534946441650391e-01
4.141371250152587891e-01
4.073948860168457031e-01
4.094285964965820312e-01
4.080698490142822266e-01
4.195289611816406250e-01
4.224822521209716797e-01
4.140236377716064453e-01
4.107744693756103516e-01
4.055836200714111328e-01
4.146671295166015625e-01
4.068720340728759766e-01
4.146554470062255859e-01
4.077401161193847656e-01
4.162232875823974609e-01
4.053270816802978516e-01
4.086191654205322266e-01
4.179079532623291016e-01
4.090471267700195312e-01
4.181945323944091797e-01
4.154562950134277344e-01
4.397323131561279297e-01
4.134168624877929688e-01
4.145152568817138672e-01
4.209876060485839844e-01
4.081292152404785156e-01
4.162662029266357422e-01
4.045214653015136719e-01
4.181005954742431641e-01
4.065537452697753906e-01
4.153242111206054688e-01
4.119348526000976562e-01
4.067454338073730469e-01
4.184048175811767578e-01
4.026911258697509766e-01
4.109604358673095703e-01
4.042627811431884766e-01
4.053759574890136719e-01
4.092206954956054688e-01
4.004263877868652344e-01
4.202690124511718750e-01
4.002063274383544922e-01
4.114396572113037109e-01
4.142062664031982422e-01
4.064660072326660156e-01
4.086940288543701172e-01
4.059796333312988281e-01
4.139888286590576172e-01
4.029669761657714844e-01
4.142019748687744141e-01
4.060816764831542969e-01
4.281072616577148438e-01
4.146466255187988281e-01
4.182500839233398438e-01
4.135384559631347656e-01
4.095122814178466797e-01
4.092919826507568359e-01
4.087579250335693359e-01
4.057242870330810547e-01
4.117913246154785156e-01
4.007804393768310547e-01
4.154348373413085938e-01
4.076118469238281250e-01
4.138436317443847656e-01
4.063293933868408203e-01
4.155254364013671875e-01
4.200391769409179688e-01
4.031994342803955078e-01
4.148437976837158203e-01
4.039568901062011719e-01
4.189715385437011719e-01
4.069659709930419922e-01
4.133722782135009766e-01
4.114508628845214844e-01
4.032380580902099609e-01
4.179382324218750000e-01
4.009392261505126953e-01
4.133441448211669922e-01
4.072713851928710938e-01
4.099361896514892578e-01
4.112489223480224609e-01
4.042608737945556641e-01
4.072349071502685547e-01
4.013242721557617188e-01
4.225988388061523438e-01
4.016718864440917969e-01
4.078161716461181641e-01
4.079718589782714844e-01
4.104480743408203125e-01
4.208531379699707031e-01
4.023170471191406250e-01
4.148545265197753906e-01
4.012341499328613281e-01
4.128441810607910156e-01
4.061636924743652344e-01
4.055321216583251953e-01
4.261088371276855469e-01
4.023151397705078125e-01
4.136650562286376953e-01
4.029884338378906250e-01
4.151754379272460938e-01
4.110400676727294922e-01
4.052064418792724609e-01
4.161469936370849609e-01
4.076902866363525391e-01
4.181900024414062500e-01
4.064257144927978516e-01
4.110634326934814453e-01
4.139080047607421875e-01
4.030852317810058594e-01
4.107196331024169922e-01
4.126102924346923828e-01
4.131650924682617188e-01
4.046709537506103516e-01
4.120001792907714844e-01
4.126372337341308594e-01
4.028878211975097656e-01
4.108703136444091797e-01
4.061701297760009766e-01
4.100139141082763672e-01
4.062268733978271484e-01
4.116652011871337891e-01
4.095795154571533203e-01
4.272840023040771484e-01
4.162154197692871094e-01
4.158463478088378906e-01
4.184088706970214844e-01
4.154725074768066406e-01
4.368093013763427734e-01
4.128069877624511719e-01
4.218440055847167969e-01
4.332187175750732422e-01
4.194364547729492188e-01
4.290950298309326172e-01
4.364023208618164062e-01
4.227125644683837891e-01
4.155421257019042969e-01
4.216046333312988281e-01
4.199848175048828125e-01
4.239850044250488281e-01
4.206435680389404297e-01
4.139728546142578125e-01
4.261476993560791016e-01
4.040820598602294922e-01
4.109954833984375000e-01
4.094722270965576172e-01
4.085834026336669922e-01
4.168717861175537109e-01
4.046621322631835938e-01
4.175374507904052734e-01
4.057359695434570312e-01
4.140682220458984375e-01
4.094867706298828125e-01
4.154756069183349609e-01
4.178402423858642578e-01
4.143812656402587891e-01
4.347450733184814453e-01
3.899517059326171875e-01
4.024729728698730469e-01
3.911607265472412109e-01
3.902447223663330078e-01
3.972365856170654297e-01
3.911223411560058594e-01
3.898873329162597656e-01
