2.354361470718383753e+00
2.261161160926818958e+00
2.186635151367187557e+00
2.115001987380981330e+00
2.023121586990356491e+00
1.976184718246460026e+00
1.954506643066406202e+00
1.915140002136230368e+00
1.897892487907409720e+00
1.882116782302856395e+00
1.906095169601440320e+00
1.876158302879333606e+00
1.879227474174499424e+00
1.871255629615783622e+00
1.862764453315734814e+00
1.855104895401000986e+00
1.839132504539489732e+00
1.843141554870605381e+00
1.840155959396362340e+00
1.857131737136840766e+00
1.892437385025024454e+00
1.870076852264404232e+00
1.864802487678527854e+00
1.867753711013793838e+00
1.839108865203857412e+00
1.856751948623657222e+00
1.834311602516174311e+00
1.855432539062499941e+00
1.859553145904540905e+00
1.854148151321411087e+00
1.861502180023193453e+00
1.884703134651183998e+00
1.899670568389892678e+00
1.899836109848022536e+00
1.876662619094848550e+00
1.895273726577758833e+00
1.836225288963317936e+00
1.895185406799316352e+00
1.865729158172607427e+00
1.885677915344238231e+00
1.910183144760131846e+00
1.884911318588256890e+00
1.894778881492614753e+00
1.909387017555236765e+00
1.885355638694763192e+00
1.913038414993286196e+00
1.909814367408752434e+00
1.865628980865478459e+00
1.884258258666992258e+00
1.904288464050293062e+00
1.928518883666992201e+00
1.873595833930969290e+00
1.917809889602661189e+00
1.933481016387939455e+00
1.923863845062255828e+00
1.924130438423156786e+00
1.921696405029296839e+00
1.872984134750366181e+00
1.901767394676208589e+00
1.922654089050293003e+00
1.952522387161254924e+00
1.900773711624145434e+00
1.907847010345459005e+00
1.979470329360961900e+00
1.928904194793701121e+00
1.931344536094665498e+00
1.962145562210082961e+00
1.955892029037475499e+00
1.989508066711425771e+00
1.960115456733703576e+00
1.931695447883605921e+00
1.952074413070678638e+00
1.966691814117431658e+00
1.954066852531433085e+00
1.950717827491760259e+00
1.883885918922424407e+00
2.032403727416992378e+00
1.968528129119873071e+00
1.965690047492981041e+00
1.987427944297790461e+00
1.968879873352050724e+00
1.985469953536987298e+00
1.990805152244567777e+00
1.965560316200256397e+00
1.975540220184326179e+00
2.014128925857543884e+00
1.996679589004516586e+00
1.947748196067810023e+00
1.971238608779907198e+00
1.976158343658447336e+00
1.956596973876953083e+00
2.007765010681152429e+00
1.934082503662109431e+00
1.966316815376281779e+00
1.963243684158325175e+00
1.987973183135986366e+00
2.003217646713256972e+00
1.972079897499084522e+00
1.970939618072509836e+00
1.997651932754516579e+00
1.663022610054016193e+00
1.614477311668395920e+00
1.631738790321350052e+00
1.628360713653564495e+00
1.606365250015258761e+00
1.661015977859497061e+00
1.659505308265686097e+00
1.635976761703491267e+00
1.640109112205505371e+00
1.667993978805542010e+00
1.620899855728149319e+00
1.652790451507568426e+00
1.630919691543579075e+00
1.641312346687316959e+00
1.672094389953613369e+00
1.645302021827697692e+00
1.679305674209594645e+00
1.653713691596984781e+00
1.674201690979003843e+00
1.668059106674194325e+00
1.710151805152893001e+00
1.685956902847290051e+00
1.690675606536865327e+00
1.641232956466674775e+00
1.678165640792846691e+00
1.680412798728942780e+00
1.693593302307129012e+00
1.719265468406677266e+00
1.686842906951904197e+00
1.714901168365478457e+00
1.680851951675415012e+00
1.650737287864685099e+00
1.692797852668762149e+00
1.676828812561035109e+00
1.664049281444549555e+00
1.686763869247436487e+00
1.695238349342346185e+00
1.701670001029968349e+00
1.697485186653137301e+00
1.715598073692321757e+00
1.727682193908691488e+00
1.693795014343261629e+00
1.709271417121887238e+00
1.693323318099975605e+00
1.703518944320678630e+00
1.694363622665405300e+00
1.694608130226135323e+00
1.686008160476684559e+00
1.704781514739990289e+00
1.702522915229797373e+00
1.660117677268981851e+00
1.649251151618957412e+00
1.652668854904174811e+00
1.649400503082275371e+00
1.643925459098815933e+00
1.662674099273681705e+00
1.636487548217773424e+00
1.692808407096862755e+00
1.663371963920593277e+00
1.654858826560974050e+00
1.684542226943969823e+00
1.674613179244995198e+00
1.639939396133422767e+00
1.678466764068603512e+00
1.675551497802734380e+00
1.647775205612182603e+00
1.676402450866699256e+00
1.652672095756530846e+00
1.647388309478759805e+00
1.675322917747497531e+00
1.660857908630371194e+00
1.670357047920226989e+00
1.658062382850646888e+00
1.640940102767944442e+00
1.687252112121581993e+00
1.674257940101623543e+00
1.667498947906494111e+00
1.661124263839721671e+00
1.652120651435851961e+00
1.678255418796539278e+00
1.680111124114990195e+00
1.661093867416381764e+00
1.666260249137878402e+00
1.677599719390869160e+00
1.652970618362426647e+00
1.665087653923034594e+00
1.662506843490600517e+00
1.692134679946899478e+00
1.662614452667236398e+00
1.681846682510375945e+00
1.655747618713378833e+00
1.646138466758727992e+00
1.703058645706176710e+00
1.675545242385864331e+00
1.643678458290100064e+00
1.675265712432861376e+00
1.669186504859924369e+00
1.672254548187255940e+00
1.671539915618896588e+00
1.695925892791747991e+00
