1.035999965667724609e+01
1.635000038146972656e+01
1.984000015258789062e+01
2.451999855041503906e+01
2.550000000000000000e+01
2.592000007629394531e+01
3.170999908447265625e+01
3.352999877929687500e+01
3.236000061035156250e+01
3.439999771118164062e+01
3.647999954223632812e+01
3.612999725341796875e+01
3.884000015258789062e+01
3.868999862670898438e+01
3.727000045776367188e+01
3.820999908447265625e+01
3.821999740600585938e+01
4.053999710083007812e+01
4.111999893188476562e+01
3.713999938964843750e+01
4.050000000000000000e+01
4.154999923706054688e+01
3.787999725341796875e+01
4.178999710083007812e+01
4.330999755859375000e+01
4.000000000000000000e+01
4.077999877929687500e+01
4.000000000000000000e+01
4.014999771118164062e+01
4.065999984741210938e+01
4.125999832153320312e+01
4.238999938964843750e+01
4.250999832153320312e+01
4.275000000000000000e+01
4.079999923706054688e+01
4.030999755859375000e+01
4.375000000000000000e+01
4.107999801635742188e+01
3.868999862670898438e+01
4.328999710083007812e+01
4.200999832153320312e+01
4.288999938964843750e+01
4.086000061035156250e+01
4.377000045776367188e+01
4.538999938964843750e+01
4.436999893188476562e+01
3.889999771118164062e+01
4.284999847412109375e+01
4.396999740600585938e+01
4.484999847412109375e+01
4.406999969482421875e+01
4.380999755859375000e+01
4.373999786376953125e+01
3.679999923706054688e+01
3.568999862670898438e+01
4.197999954223632812e+01
4.347999954223632812e+01
4.111999893188476562e+01
3.486000061035156250e+01
4.347999954223632812e+01
4.396999740600585938e+01
4.475000000000000000e+01
3.900000000000000000e+01
4.186999893188476562e+01
4.059000015258789062e+01
4.193000030517578125e+01
4.550000000000000000e+01
4.178999710083007812e+01
3.595000076293945312e+01
4.209999847412109375e+01
4.325000000000000000e+01
4.413999938964843750e+01
4.188999938964843750e+01
3.850000000000000000e+01
4.621999740600585938e+01
4.431999969482421875e+01
3.859000015258789062e+01
3.252999877929687500e+01
4.270999908447265625e+01
3.889999771118164062e+01
4.059999847412109375e+01
4.398999786376953125e+01
4.052000045776367188e+01
4.278999710083007812e+01
4.468999862670898438e+01
3.200999832153320312e+01
4.040999984741210938e+01
4.589999771118164062e+01
4.636999893188476562e+01
3.737999725341796875e+01
4.229999923706054688e+01
4.073999786376953125e+01
4.081999969482421875e+01
4.196999740600585938e+01
3.846999740600585938e+01
4.553999710083007812e+01
4.644999694824218750e+01
4.493000030517578125e+01
4.679999923706054688e+01
3.662999725341796875e+01
5.100999832153320312e+01
5.172999954223632812e+01
5.203999710083007812e+01
5.223999786376953125e+01
5.240999984741210938e+01
5.286999893188476562e+01
5.305999755859375000e+01
5.329999923706054688e+01
5.311999893188476562e+01
5.432999801635742188e+01
5.306999969482421875e+01
5.379999923706054688e+01
5.375000000000000000e+01
5.464999771118164062e+01
5.312999725341796875e+01
5.447999954223632812e+01
5.409999847412109375e+01
5.525999832153320312e+01
5.515999984741210938e+01
5.550000000000000000e+01
5.396999740600585938e+01
5.543999862670898438e+01
5.478999710083007812e+01
5.582999801635742188e+01
5.550999832153320312e+01
5.534000015258789062e+01
5.550999832153320312e+01
5.460999679565429688e+01
5.565999984741210938e+01
5.637999725341796875e+01
5.613999938964843750e+01
5.477000045776367188e+01
5.605999755859375000e+01
5.450000000000000000e+01
5.618999862670898438e+01
5.622999954223632812e+01
5.615999984741210938e+01
5.618000030517578125e+01
5.516999816894531250e+01
5.559000015258789062e+01
5.645999908447265625e+01
5.673999786376953125e+01
5.682999801635742188e+01
5.663999938964843750e+01
5.625999832153320312e+01
5.685999679565429688e+01
5.612999725341796875e+01
5.648999786376953125e+01
5.568999862670898438e+01
5.607999801635742188e+01
5.737999725341796875e+01
5.700999832153320312e+01
5.732999801635742188e+01
5.714999771118164062e+01
5.725000000000000000e+01
5.737999725341796875e+01
5.744999694824218750e+01
5.745999908447265625e+01
5.750000000000000000e+01
5.722999954223632812e+01
5.731999969482421875e+01
5.753999710083007812e+01
5.775000000000000000e+01
5.746999740600585938e+01
5.752999877929687500e+01
5.747999954223632812e+01
5.746999740600585938e+01
5.734000015258789062e+01
5.731999969482421875e+01
5.721999740600585938e+01
5.743000030517578125e+01
5.760999679565429688e+01
5.746999740600585938e+01
5.727999877929687500e+01
5.781999969482421875e+01
5.756999969482421875e+01
5.745999908447265625e+01
5.775000000000000000e+01
5.755999755859375000e+01
5.777999877929687500e+01
5.778999710083007812e+01
5.753999710083007812e+01
5.766999816894531250e+01
5.772999954223632812e+01
5.763999938964843750e+01
5.757999801635742188e+01
5.773999786376953125e+01
5.760999679565429688e+01
5.775999832153320312e+01
5.781999969482421875e+01
5.760999679565429688e+01
5.770999908447265625e+01
5.773999786376953125e+01
5.790999984741210938e+01
5.759000015258789062e+01
5.761999893188476562e+01
5.737999725341796875e+01
5.746999740600585938e+01
5.763999938964843750e+01
5.759999847412109375e+01
