2.367252364959716804e+00
2.245514104766845875e+00
2.173944993286132998e+00
2.096897524414062630e+00
2.040834143295287895e+00
2.029529723091125337e+00
1.954443060989379921e+00
1.924907518081665048e+00
1.908285620651245074e+00
1.914940548210144033e+00
1.915279033737182557e+00
1.908164674453735277e+00
1.881618593750000068e+00
1.872538336257934644e+00
1.860953738975524852e+00
1.857971316909790005e+00
1.868716347999572758e+00
1.875785411491394106e+00
1.843468527908325161e+00
1.887924567794799779e+00
1.872610068092346092e+00
1.907735116577148338e+00
1.872479332122802820e+00
1.877626115684509323e+00
1.913446692352295031e+00
1.868609870223999048e+00
1.836143778114318836e+00
1.876981256408691401e+00
1.871082266387939397e+00
1.885830879440307584e+00
1.826649604187011722e+00
1.862336009407043358e+00
1.880779714202880815e+00
1.884268855133056642e+00
1.838208368988037078e+00
1.903102341613769566e+00
1.899955670127868590e+00
1.845696640853881743e+00
1.900592651596069382e+00
1.893957172164917102e+00
1.868742753982543858e+00
1.871719022521972642e+00
1.858620489120483388e+00
1.875240970687866104e+00
1.894005274925231852e+00
1.893672223892211903e+00
1.919086609153747514e+00
1.938069726715087926e+00
1.920901663284301675e+00
1.923794504318237397e+00
1.933053388214111434e+00
1.892522252044677833e+00
1.949535746154785087e+00
1.881248723907470666e+00
1.917054928894043053e+00
1.929201098785400470e+00
1.948211265869140618e+00
1.969090146102905337e+00
1.962969463729858477e+00
1.948943146591186615e+00
1.969306681213378818e+00
1.927966098403930628e+00
1.933961323471069305e+00
1.956510650367736748e+00
1.929927264022827105e+00
2.008660814971923614e+00
1.918746318283081065e+00
1.924121319503784289e+00
2.005099814376831269e+00
1.975785017471313409e+00
1.965742322387695307e+00
1.984288234481811575e+00
1.985487050514221252e+00
1.980189878768920941e+00
1.966946225471496668e+00
1.956023393478393491e+00
1.976130522842407311e+00
2.012899819335937313e+00
2.015747777366638349e+00
2.045192700653076123e+00
2.030829723434448120e+00
2.022003462600708179e+00
1.979947660751342875e+00
2.009205081329345610e+00
2.019330472106933616e+00
1.983508471908569382e+00
2.032557504615783550e+00
1.975689029197692959e+00
2.031857362174987802e+00
2.013295349044800009e+00
1.962560523071289031e+00
1.987522882041931060e+00
2.011216323471069156e+00
1.945959715728759809e+00
1.991126148490905745e+00
1.986637366065979071e+00
2.024353796005248896e+00
1.967058214874267685e+00
2.049998784942626884e+00
1.971002198867797928e+00
1.670162474899292038e+00
1.638379823837280203e+00
1.655512683372497573e+00
1.648940348320007354e+00
1.654887043113708600e+00
1.672406556701660163e+00
1.660135517921447645e+00
1.657542142562866250e+00
1.647414903297424349e+00
1.663964011230468776e+00
1.658660163497924778e+00
1.664807882041931197e+00
1.656106464080810525e+00
1.678003499984741298e+00
1.668394314117431554e+00
1.684447085914611897e+00
1.709039304981231799e+00
1.693071426696777237e+00
1.684863870925903395e+00
1.696197242660522519e+00
1.699720644493103006e+00
1.697075533485412624e+00
1.673240030250549237e+00
1.720874279518127548e+00
1.702012353744506878e+00
1.725440348510742128e+00
1.718215180702209466e+00
1.739189063186645567e+00
1.712638047676086517e+00
1.701981538124084370e+00
1.712167259674072239e+00
1.699146338768005471e+00
1.703259562759399381e+00
1.712901558189392048e+00
1.719968165168762164e+00
1.714481849136352487e+00
1.704007069473266522e+00
1.709100192642212024e+00
1.713779583206176849e+00
1.725394519844055230e+00
1.706092647209167534e+00
1.693084296836853131e+00
1.725904906082153412e+00
1.714195917510986433e+00
1.736696076583862380e+00
1.721724453277587941e+00
1.725331213684081932e+00
1.698951802864074656e+00
1.706081241760253997e+00
1.687563768920898433e+00
1.653892243270874030e+00
1.656816715431213449e+00
1.704305398941039940e+00
1.658887151832580509e+00
1.677624337844848545e+00
1.661633443374633812e+00
1.681161784133911041e+00
1.646787073287963921e+00
1.649927448883056647e+00
1.681057681007385174e+00
1.673664066467285050e+00
1.650693897590637116e+00
1.684493173217773476e+00
1.685763807525634705e+00
1.649227155227661168e+00
1.695047947349548334e+00
1.671926129684448314e+00
1.646823296775817846e+00
1.681898835601806530e+00
1.676124687576293848e+00
1.683140088882446372e+00
1.676825281448364180e+00
1.686131820602416953e+00
1.680855569381713766e+00
1.689774073715210045e+00
1.640770118179321280e+00
1.682052203788757305e+00
1.683669767646789550e+00
1.645879299316406197e+00
1.685979733581542961e+00
1.644691536102294904e+00
1.675480018157958995e+00
1.668955417137145902e+00
1.653241750259399456e+00
1.684547611885070850e+00
1.680099864196777260e+00
1.666615322990417480e+00
1.696076925239562883e+00
1.677022256278991597e+00
1.672057756614685031e+00
1.714086255264282155e+00
1.654097890624999900e+00
1.700281318130493213e+00
1.695451646499633869e+00
1.688121995239257878e+00
1.689121871109008799e+00
1.673010313949584882e+00
1.659025050926208555e+00
1.669602108993530232e+00
1.694582456893920952e+00
