1.339271116256713867e+01
1.281484079360961914e+01
1.275986790657043457e+01
1.284693956375122070e+01
1.282464647293090820e+01
1.282027220726013184e+01
1.288559436798095703e+01
1.289868807792663574e+01
1.280418682098388672e+01
1.283359742164611816e+01
1.280408716201782227e+01
1.294839954376220703e+01
1.293248414993286133e+01
1.289183664321899414e+01
1.290047407150268555e+01
1.281244587898254395e+01
1.290616345405578613e+01
1.290261387825012207e+01
1.285472607612609863e+01
1.292064094543457031e+01
1.291090774536132812e+01
1.294319462776184082e+01
1.299109458923339844e+01
1.293385148048400879e+01
1.301311898231506348e+01
1.309632349014282227e+01
1.299350738525390625e+01
1.299908304214477539e+01
1.294058942794799805e+01
1.300031065940856934e+01
1.300373816490173340e+01
1.305885314941406250e+01
1.295268201828002930e+01
1.296623301506042480e+01
1.297660636901855469e+01
1.300319480895996094e+01
1.291860914230346680e+01
1.292108798027038574e+01
1.286249995231628418e+01
1.295363235473632812e+01
1.293405866622924805e+01
1.300583958625793457e+01
1.290843820571899414e+01
1.296856355667114258e+01
1.300967025756835938e+01
1.294345283508300781e+01
1.298071408271789551e+01
1.291436529159545898e+01
1.299214720726013184e+01
1.298880290985107422e+01
1.291763162612915039e+01
1.292129254341125488e+01
1.292074704170227051e+01
1.293703818321228027e+01
1.293888258934020996e+01
1.294690370559692383e+01
1.297460699081420898e+01
1.296413588523864746e+01
1.291475081443786621e+01
1.291966891288757324e+01
1.290724277496337891e+01
1.292220115661621094e+01
1.293347716331481934e+01
1.289991855621337891e+01
1.292227268218994141e+01
1.296907997131347656e+01
1.292702078819274902e+01
1.297616100311279297e+01
1.301232695579528809e+01
1.295363187789916992e+01
1.291320705413818359e+01
1.293101954460144043e+01
1.299174547195434570e+01
1.290648102760314941e+01
1.299102067947387695e+01
1.293809747695922852e+01
1.298183703422546387e+01
1.292323875427246094e+01
1.292931270599365234e+01
1.300375032424926758e+01
1.299755263328552246e+01
1.294057416915893555e+01
1.295792841911315918e+01
1.297827529907226562e+01
1.291987991333007812e+01
1.299184417724609375e+01
1.298413228988647461e+01
1.301031875610351562e+01
1.289366888999938965e+01
1.293166017532348633e+01
1.296141219139099121e+01
1.291094732284545898e+01
1.290840196609497070e+01
1.296417641639709473e+01
1.292503166198730469e+01
1.295248675346374512e+01
1.296100425720214844e+01
1.296726918220520020e+01
1.289666819572448730e+01
1.289684534072875977e+01
1.302239847183227539e+01
1.300352501869201660e+01
1.298556351661682129e+01
1.297272682189941406e+01
1.291185855865478516e+01
1.297494697570800781e+01
1.300891923904418945e+01
1.293166947364807129e+01
1.300583744049072266e+01
1.303257679939270020e+01
1.298305773735046387e+01
1.303704166412353516e+01
1.297583246231079102e+01
1.292969465255737305e+01
1.294109749794006348e+01
1.291923189163208008e+01
1.300643348693847656e+01
1.299812221527099609e+01
1.296762776374816895e+01
1.288991189002990723e+01
1.293240785598754883e+01
1.291359734535217285e+01
1.289724469184875488e+01
1.291966199874877930e+01
1.296495509147644043e+01
1.297108554840087891e+01
1.294077253341674805e+01
1.295647835731506348e+01
1.297258424758911133e+01
1.294768404960632324e+01
1.301731944084167480e+01
1.302155113220214844e+01
1.303588461875915527e+01
1.297604680061340332e+01
1.294721865653991699e+01
1.298394942283630371e+01
1.296134209632873535e+01
1.292666172981262207e+01
1.297110414505004883e+01
1.300088047981262207e+01
1.307298946380615234e+01
1.297178626060485840e+01
1.296481490135192871e+01
1.297903037071228027e+01
1.296791553497314453e+01
1.297532439231872559e+01
1.294899225234985352e+01
1.289623236656188965e+01
1.288266777992248535e+01
1.293353128433227539e+01
1.289007830619812012e+01
1.300130105018615723e+01
1.293826723098754883e+01
1.292815208435058594e+01
1.293077731132507324e+01
1.293416285514831543e+01
1.296003556251525879e+01
1.300877976417541504e+01
1.291067576408386230e+01
1.297619771957397461e+01
1.288324356079101562e+01
1.295305752754211426e+01
1.292539930343627930e+01
1.296021437644958496e+01
1.301806569099426270e+01
1.301328945159912109e+01
1.298566055297851562e+01
1.302066159248352051e+01
1.301974081993103027e+01
1.296544051170349121e+01
1.294715785980224609e+01
1.291817569732666016e+01
1.294727945327758789e+01
1.307198476791381836e+01
1.296318721771240234e+01
1.301199078559875488e+01
1.300513505935668945e+01
1.295857810974121094e+01
1.289806413650512695e+01
1.295139884948730469e+01
1.296545982360839844e+01
1.298228621482849121e+01
1.288295006752014160e+01
1.294169068336486816e+01
1.287999391555786133e+01
1.296695399284362793e+01
1.300341415405273438e+01
1.297083330154418945e+01
1.313463854789733887e+01
1.297214031219482422e+01
1.290577936172485352e+01
1.300733971595764160e+01
1.310639262199401855e+01
1.285996317863464355e+01
1.271792221069335938e+01
1.280925440788269043e+01
1.279660201072692871e+01
1.274760842323303223e+01
1.288956356048583984e+01
1.275529026985168457e+01
