2.347516965866088867e+01
2.283189344406127930e+01
2.276104307174682617e+01
2.353222823143005371e+01
2.293615174293518066e+01
2.342292761802673340e+01
2.317297506332397461e+01
2.297653841972351074e+01
2.304030752182006836e+01
2.330945253372192383e+01
2.305577898025512695e+01
2.325555634498596191e+01
2.299729180335998535e+01
2.368966245651245117e+01
2.309807109832763672e+01
2.300158023834228516e+01
2.338278985023498535e+01
2.315152311325073242e+01
2.314695262908935547e+01
2.316407370567321777e+01
2.305184745788574219e+01
2.325606346130371094e+01
2.336861586570739746e+01
2.352965021133422852e+01
2.323418712615966797e+01
2.392291426658630371e+01
2.363742494583129883e+01
2.320728802680969238e+01
2.315426874160766602e+01
2.323502564430236816e+01
2.348540639877319336e+01
2.320602798461914062e+01
2.323864173889160156e+01
2.324085092544555664e+01
2.326880836486816406e+01
2.344122934341430664e+01
2.342228269577026367e+01
2.360078883171081543e+01
2.352539491653442383e+01
2.350142312049865723e+01
2.311050295829772949e+01
2.318541431427001953e+01
2.316326928138732910e+01
2.372188806533813477e+01
2.325961589813232422e+01
2.314036893844604492e+01
2.380237245559692383e+01
2.357203769683837891e+01
2.370817589759826660e+01
2.358449387550354004e+01
2.338011884689331055e+01
2.324803543090820312e+01
2.371360588073730469e+01
2.348355054855346680e+01
2.314514636993408203e+01
2.323868203163146973e+01
2.333183193206787109e+01
2.357696771621704102e+01
2.326750183105468750e+01
2.338077259063720703e+01
2.321274614334106445e+01
2.357786345481872559e+01
2.345542716979980469e+01
2.340106344223022461e+01
2.341135621070861816e+01
2.315412831306457520e+01
2.318677854537963867e+01
2.322507166862487793e+01
2.381119227409362793e+01
2.371422696113586426e+01
2.318122649192810059e+01
2.326348280906677246e+01
2.326256203651428223e+01
2.316685962677001953e+01
2.344592523574829102e+01
2.327409362792968750e+01
2.320927882194519043e+01
2.314402556419372559e+01
2.320324969291687012e+01
2.315088438987731934e+01
2.350329732894897461e+01
2.326717782020568848e+01
2.314147734642028809e+01
2.339176249504089355e+01
2.316549086570739746e+01
2.352381110191345215e+01
2.320756435394287109e+01
2.330047821998596191e+01
2.325305271148681641e+01
2.351290035247802734e+01
2.349967122077941895e+01
2.318749475479125977e+01
2.353340244293212891e+01
2.351504182815551758e+01
2.323919510841369629e+01
2.334200787544250488e+01
2.312789702415466309e+01
2.331408905982971191e+01
2.316751408576965332e+01
2.341545391082763672e+01
2.333980894088745117e+01
2.320232248306274414e+01
2.357807946205139160e+01
2.325147533416748047e+01
2.356057977676391602e+01
2.334616756439208984e+01
2.341605067253112793e+01
2.318274021148681641e+01
2.354804253578186035e+01
2.371797919273376465e+01
2.336194252967834473e+01
2.351045966148376465e+01
2.358254933357238770e+01
2.317077636718750000e+01
2.323630952835083008e+01
2.332023000717163086e+01
2.329224538803100586e+01
2.316591405868530273e+01
2.321668481826782227e+01
2.337021112442016602e+01
2.339565849304199219e+01
2.332491087913513184e+01
2.344688487052917480e+01
2.318812012672424316e+01
2.323616361618041992e+01
2.330332016944885254e+01
2.349958157539367676e+01
2.333450984954833984e+01
2.362941408157348633e+01
2.315174436569213867e+01
2.355911898612976074e+01
2.320766162872314453e+01
2.322890186309814453e+01
2.331246137619018555e+01
2.349399423599243164e+01
2.322811126708984375e+01
2.347190999984741211e+01
2.352616262435913086e+01
2.359819316864013672e+01
2.362278747558593750e+01
2.334950113296508789e+01
2.318934488296508789e+01
2.329020977020263672e+01
2.340392136573791504e+01
2.351461434364318848e+01
2.341504573822021484e+01
2.320516180992126465e+01
2.365959358215332031e+01
2.334340834617614746e+01
2.349709272384643555e+01
2.353808403015136719e+01
2.339710068702697754e+01
2.326389074325561523e+01
2.327425789833068848e+01
2.319036817550659180e+01
2.369673895835876465e+01
2.315945029258728027e+01
2.351675963401794434e+01
2.325136423110961914e+01
2.334242200851440430e+01
2.321035337448120117e+01
2.318849372863769531e+01
2.316507697105407715e+01
2.337154936790466309e+01
2.339702677726745605e+01
2.367639040946960449e+01
2.320508480072021484e+01
2.353595376014709473e+01
2.316359901428222656e+01
2.322729969024658203e+01
2.354673457145690918e+01
2.324394845962524414e+01
2.313505601882934570e+01
2.343590617179870605e+01
2.322429656982421875e+01
2.336907839775085449e+01
2.364761257171630859e+01
2.356525874137878418e+01
2.358454298973083496e+01
2.324944710731506348e+01
2.324983096122741699e+01
2.322004127502441406e+01
2.314437127113342285e+01
2.365251469612121582e+01
2.355819177627563477e+01
2.319933438301086426e+01
2.314008045196533203e+01
2.370024204254150391e+01
2.354048061370849609e+01
2.318587040901184082e+01
2.322417187690734863e+01
2.321073961257934570e+01
2.405800223350524902e+01
2.311256217956542969e+01
2.280598115921020508e+01
2.273986172676086426e+01
2.290950441360473633e+01
2.282694578170776367e+01
2.295880532264709473e+01
2.305726647377014160e+01
