1.347068214416503906e+01
1.273285841941833496e+01
1.275327920913696289e+01
1.279283356666564941e+01
1.278520584106445312e+01
1.291961979866027832e+01
1.283869934082031250e+01
1.280995130538940430e+01
1.289330053329467773e+01
1.298206710815429688e+01
1.281875681877136230e+01
1.281148982048034668e+01
1.283844447135925293e+01
1.289093852043151855e+01
1.289184951782226562e+01
1.281425762176513672e+01
1.283533978462219238e+01
1.284505581855773926e+01
1.288652729988098145e+01
1.291988348960876465e+01
1.282273507118225098e+01
1.286392116546630859e+01
1.278090000152587891e+01
1.279890298843383789e+01
1.280184936523437500e+01
1.280668759346008301e+01
1.288094973564147949e+01
1.286958169937133789e+01
1.286473798751831055e+01
1.284830093383789062e+01
1.287174391746520996e+01
1.284308648109436035e+01
1.280668091773986816e+01
1.284458327293395996e+01
1.285356497764587402e+01
1.281036806106567383e+01
1.279985713958740234e+01
1.277986741065979004e+01
1.280924129486083984e+01
1.283772635459899902e+01
1.284958410263061523e+01
1.282345795631408691e+01
1.281197619438171387e+01
1.280201935768127441e+01
1.281208848953247070e+01
1.285824346542358398e+01
1.280006265640258789e+01
1.278460550308227539e+01
1.279055666923522949e+01
1.282211065292358398e+01
1.281484484672546387e+01
1.278900027275085449e+01
1.281259059906005859e+01
1.284655880928039551e+01
1.287597012519836426e+01
1.285639047622680664e+01
1.283636140823364258e+01
1.281406331062316895e+01
1.279493546485900879e+01
1.280731678009033203e+01
1.282346439361572266e+01
1.282912254333496094e+01
1.285506129264831543e+01
1.280112624168395996e+01
1.278039050102233887e+01
1.279375123977661133e+01
1.284749817848205566e+01
1.279485368728637695e+01
1.280122303962707520e+01
1.282966399192810059e+01
1.282310318946838379e+01
1.285248112678527832e+01
1.280772209167480469e+01
1.274866342544555664e+01
1.279894256591796875e+01
1.284435200691223145e+01
1.283839726448059082e+01
1.278214383125305176e+01
1.286097788810729980e+01
1.286884593963623047e+01
1.296156024932861328e+01
1.289849495887756348e+01
1.279601407051086426e+01
1.284944868087768555e+01
1.284556674957275391e+01
1.286314797401428223e+01
1.284026145935058594e+01
1.283164286613464355e+01
1.279951906204223633e+01
1.278041529655456543e+01
1.278658199310302734e+01
1.291515254974365234e+01
1.277762818336486816e+01
1.285199499130249023e+01
1.277434563636779785e+01
1.281265854835510254e+01
1.277615690231323242e+01
1.278841590881347656e+01
1.278683876991271973e+01
1.279235458374023438e+01
1.284046077728271484e+01
1.286120748519897461e+01
1.281372928619384766e+01
1.279715847969055176e+01
1.278074860572814941e+01
1.285296583175659180e+01
1.280673098564147949e+01
1.281769609451293945e+01
1.280950498580932617e+01
1.286428737640380859e+01
1.284137630462646484e+01
1.284616613388061523e+01
1.285077381134033203e+01
1.282958889007568359e+01
1.280354762077331543e+01
1.286001658439636230e+01
1.284313750267028809e+01
1.287369084358215332e+01
1.288429784774780273e+01
1.280423498153686523e+01
1.286933875083923340e+01
1.279429864883422852e+01
1.280028033256530762e+01
1.282484436035156250e+01
1.297394895553588867e+01
1.282766413688659668e+01
1.280915045738220215e+01
1.279622316360473633e+01
1.279285931587219238e+01
1.281281423568725586e+01
1.280085492134094238e+01
1.283227014541625977e+01
1.281919741630554199e+01
1.286610603332519531e+01
1.286012768745422363e+01
1.281312680244445801e+01
1.287042784690856934e+01
1.280311036109924316e+01
1.279528832435607910e+01
1.285084342956542969e+01
1.281713438034057617e+01
1.290459084510803223e+01
1.285037207603454590e+01
1.282915568351745605e+01
1.280375313758850098e+01
1.286032485961914062e+01
1.280566930770874023e+01
1.280240750312805176e+01
1.286440706253051758e+01
1.281229209899902344e+01
1.283729839324951172e+01
1.289426922798156738e+01
1.274924254417419434e+01
1.280575251579284668e+01
1.282155108451843262e+01
1.281455969810485840e+01
1.278533983230590820e+01
1.280057501792907715e+01
1.285452699661254883e+01
1.285167288780212402e+01
1.281125760078430176e+01
1.280457401275634766e+01
1.282812690734863281e+01
1.280182313919067383e+01
1.284673404693603516e+01
1.282184982299804688e+01
1.284694099426269531e+01
1.283484697341918945e+01
1.284262728691101074e+01
1.283254122734069824e+01
1.285469436645507812e+01
1.293152785301208496e+01
1.286315703392028809e+01
1.288150310516357422e+01
1.281441068649291992e+01
1.282277035713195801e+01
1.281194496154785156e+01
1.289225745201110840e+01
1.284018611907958984e+01
1.279863214492797852e+01
1.280350780487060547e+01
1.280423426628112793e+01
1.287167668342590332e+01
1.282073378562927246e+01
1.278112506866455078e+01
1.288943028450012207e+01
1.282837772369384766e+01
1.284599232673645020e+01
1.286756062507629395e+01
1.287504243850708008e+01
1.281391692161560059e+01
1.281387233734130859e+01
1.305757141113281250e+01
1.275611424446105957e+01
1.275523805618286133e+01
1.273847818374633789e+01
1.269454240798950195e+01
1.275705051422119141e+01
1.265679478645324707e+01
1.268356347084045410e+01
