1.091200000244140611e+01
1.427200000488281262e+01
1.881599999816894453e+01
2.081600000183105337e+01
2.460800000732421822e+01
2.628799999908447305e+01
2.865600000488281296e+01
2.979199999816894362e+01
3.199999999389648409e+01
3.313600000366211162e+01
3.375999999938964891e+01
3.512000000366210628e+01
3.660799998779297226e+01
3.702400000366210975e+01
3.638399998779296851e+01
3.849599999389648275e+01
3.998400000366211060e+01
3.927999999755859051e+01
4.017599998779297010e+01
3.995200000366210702e+01
4.003199999755859295e+01
4.062399999511718818e+01
4.067199999389648468e+01
4.107199999145507974e+01
4.147200000488281546e+01
4.092799999999999727e+01
4.087999999389648309e+01
4.182399998657226803e+01
4.159999999755859079e+01
4.227200000976562677e+01
4.204800000732421950e+01
4.168000000976562802e+01
4.172800000122069974e+01
4.200000000366210884e+01
4.265599999145507581e+01
4.324800000732421523e+01
4.372800000976562274e+01
4.211200000976562308e+01
4.336000000732421711e+01
4.284800000976562728e+01
4.265599999023437761e+01
4.319999999389648337e+01
4.273599999389648474e+01
4.388799998657226809e+01
4.358400000610351555e+01
4.241599999023437562e+01
4.367999998779296789e+01
4.412800000366210895e+01
4.375999999816894359e+01
4.364799998779297141e+01
4.329600000122070469e+01
4.508799999389648150e+01
4.295999998779296902e+01
4.422399998779297192e+01
4.374399999145507678e+01
4.422400000976562495e+01
4.385600000976562285e+01
4.465599998779296698e+01
4.481600000366211134e+01
4.385600000366211049e+01
4.366400000366211032e+01
4.387199999145507689e+01
4.337599999389648531e+01
4.326400000732422058e+01
4.355199999389648724e+01
4.359999998779296959e+01
4.348799998779296772e+01
4.356800000610351731e+01
4.280000000366210600e+01
4.347199998779296948e+01
4.540800000000000125e+01
4.396800000976562472e+01
4.259200000732421643e+01
4.384000000976562461e+01
4.303999999389648679e+01
4.518399999389648514e+01
4.193599999816894552e+01
4.313599999755859216e+01
4.350400000976562609e+01
4.385600000976562285e+01
4.379200000610351395e+01
4.423999999023437368e+01
4.396799999023437522e+01
4.377600000000000335e+01
4.409599999755859301e+01
4.270399999755859710e+01
4.377600000366211219e+01
4.471999999755859534e+01
4.348799997314453236e+01
4.371200000000000330e+01
4.489599999755859727e+01
4.321600000976562228e+01
4.513600000366211162e+01
4.496000000000000085e+01
4.414399999389648599e+01
4.372799998779296970e+01
4.321599999511718693e+01
4.468799999389648292e+01
4.491200000366210787e+01
4.398399999023437346e+01
5.328000000610351350e+01
5.483200000244140426e+01
5.555200000244140313e+01
5.596800000000000352e+01
5.587200000610351225e+01
5.600000000610351236e+01
5.662399998291015635e+01
5.699200000244140796e+01
5.747200000000000131e+01
5.745599999633788713e+01
5.745600000244140659e+01
5.772799999023437323e+01
5.844799999023437209e+01
5.843199997314452787e+01
5.832000001464843564e+01
5.919999998291015686e+01
5.867200000244140767e+01
5.859199999999999875e+01
5.897599998657226905e+01
5.934400000610351356e+01
5.943999999023437653e+01
5.878400000244140955e+01
5.924799999023437636e+01
6.014399999267578067e+01
6.017599999633789309e+01
5.943999999633788889e+01
5.918400000244140813e+01
5.959999999633789258e+01
5.956799999023437664e+01
5.972800000244140506e+01
6.067199999023437584e+01
6.020799998657226837e+01
5.982399999633788923e+01
5.993599998291015396e+01
6.103999997314453196e+01
6.035199998657226672e+01
6.107199999267577795e+01
6.046399999633788980e+01
6.059199999267578107e+01
6.059199998657226871e+01
6.044799999633789156e+01
6.089600000610351316e+01
6.107199998291015675e+01
6.102399997314453373e+01
6.092799998291015839e+01
6.126399998291015692e+01
6.102399999023437260e+01
6.073599999633788826e+01
6.153599998657226422e+01
6.126400000488280995e+01
6.214399997314453117e+01
6.195199997314453100e+01
6.203199997314452929e+01
6.260799999023437579e+01
6.228799999267577903e+01
6.217599997314453475e+01
6.268799999023437408e+01
6.198399998657226462e+01
6.260799998657226695e+01
6.286400001464843967e+01
6.228799999023437550e+01
6.246400000244140926e+01
6.291200001464843439e+01
6.231999998657226314e+01
6.231999999267578261e+01
6.311999998291015856e+01
6.288000000244140608e+01
6.286400000488281137e+01
6.305600000244140801e+01
6.283199998657226359e+01
6.214399997314453117e+01
6.256000001464843763e+01
6.251199999633789162e+01
6.276799998291015470e+01
6.206399998291015407e+01
6.212799999267578244e+01
6.254399998657226689e+01
6.265600000366210764e+01
6.316799998657226212e+01
6.239999997314453140e+01
6.252799998657226865e+01
6.310400000244140273e+01
6.316800001464843461e+01
6.305599999267577971e+01
6.303999999633789031e+01
6.323199998657226217e+01
6.337599999633788883e+01
6.222399999633788781e+01
6.281599998291015652e+01
6.228799998291015783e+01
6.251199998657226331e+01
6.343999998657226769e+01
6.254399999023437573e+01
6.294399999633789378e+01
6.324799999267577988e+01
6.283200000610351310e+01
6.260799999633788815e+01
6.257599998291015453e+01
6.297599998657226905e+01
6.291200000610351850e+01
