1.000000000000000000e+01
1.671999931335449219e+01
1.920999908447265625e+01
2.198999977111816406e+01
2.523999977111816406e+01
2.490999984741210938e+01
2.857999992370605469e+01
2.544999885559082031e+01
2.961999893188476562e+01
2.889999961853027344e+01
2.888999938964843750e+01
3.062999916076660156e+01
3.270999908447265625e+01
3.427000045776367188e+01
3.372999954223632812e+01
3.275999832153320312e+01
3.329999923706054688e+01
3.295000076293945312e+01
3.402999877929687500e+01
3.273999786376953125e+01
3.463999938964843750e+01
3.137999916076660156e+01
3.711000061035156250e+01
3.513999938964843750e+01
3.712999725341796875e+01
3.734000015258789062e+01
3.591999816894531250e+01
3.900000000000000000e+01
3.805999755859375000e+01
3.941999816894531250e+01
3.895000076293945312e+01
3.921999740600585938e+01
3.927999877929687500e+01
3.509999847412109375e+01
3.729999923706054688e+01
3.552000045776367188e+01
3.977999877929687500e+01
3.906999969482421875e+01
4.148999786376953125e+01
3.986999893188476562e+01
3.850999832153320312e+01
4.072999954223632812e+01
3.968000030517578125e+01
4.002999877929687500e+01
4.095000076293945312e+01
3.970999908447265625e+01
3.543999862670898438e+01
4.093999862670898438e+01
3.952000045776367188e+01
3.727999877929687500e+01
3.625999832153320312e+01
4.177999877929687500e+01
4.147999954223632812e+01
4.098999786376953125e+01
3.525000000000000000e+01
3.927999877929687500e+01
3.693999862670898438e+01
3.907999801635742188e+01
3.977999877929687500e+01
3.877000045776367188e+01
4.202999877929687500e+01
3.754000091552734375e+01
4.100999832153320312e+01
3.771999740600585938e+01
3.880999755859375000e+01
4.155999755859375000e+01
3.766999816894531250e+01
4.018000030517578125e+01
3.927000045776367188e+01
4.084000015258789062e+01
3.854999923706054688e+01
3.995000076293945312e+01
3.832999801635742188e+01
4.004999923706054688e+01
4.157999801635742188e+01
3.662999725341796875e+01
3.864999771118164062e+01
3.921999740600585938e+01
4.091999816894531250e+01
4.045000076293945312e+01
3.825999832153320312e+01
4.086000061035156250e+01
3.634000015258789062e+01
3.525000000000000000e+01
3.913999938964843750e+01
4.038999938964843750e+01
3.088999938964843750e+01
4.115999984741210938e+01
3.859000015258789062e+01
3.884999847412109375e+01
3.623999786376953125e+01
3.781999969482421875e+01
3.732999801635742188e+01
4.070000076293945312e+01
3.830999755859375000e+01
4.118999862670898438e+01
3.713999938964843750e+01
4.161999893188476562e+01
3.920999908447265625e+01
3.841999816894531250e+01
4.304999923706054688e+01
4.398999786376953125e+01
4.481999969482421875e+01
4.537999725341796875e+01
4.527999877929687500e+01
4.575000000000000000e+01
4.500999832153320312e+01
4.661000061035156250e+01
4.571999740600585938e+01
4.629999923706054688e+01
4.627999877929687500e+01
4.600999832153320312e+01
4.730999755859375000e+01
4.644999694824218750e+01
4.686000061035156250e+01
4.736000061035156250e+01
4.696999740600585938e+01
4.775000000000000000e+01
4.738999938964843750e+01
4.825999832153320312e+01
4.738999938964843750e+01
4.713999938964843750e+01
4.825000000000000000e+01
4.703999710083007812e+01
4.797999954223632812e+01
4.802000045776367188e+01
4.820999908447265625e+01
4.836999893188476562e+01
4.771999740600585938e+01
4.884000015258789062e+01
4.670999908447265625e+01
4.753999710083007812e+01
4.886000061035156250e+01
4.872999954223632812e+01
4.855999755859375000e+01
4.853999710083007812e+01
4.927999877929687500e+01
4.855999755859375000e+01
4.927000045776367188e+01
4.918000030517578125e+01
4.878999710083007812e+01
4.909999847412109375e+01
4.870999908447265625e+01
4.940999984741210938e+01
4.880999755859375000e+01
4.847999954223632812e+01
4.857999801635742188e+01
4.939999771118164062e+01
4.955999755859375000e+01
4.968999862670898438e+01
4.959000015258789062e+01
4.936000061035156250e+01
4.941999816894531250e+01
4.943999862670898438e+01
4.966999816894531250e+01
4.975999832153320312e+01
4.963999938964843750e+01
4.925000000000000000e+01
4.977000045776367188e+01
4.969999694824218750e+01
4.961000061035156250e+01
4.975000000000000000e+01
4.984000015258789062e+01
4.977999877929687500e+01
4.964999771118164062e+01
4.938999938964843750e+01
4.970999908447265625e+01
4.918999862670898438e+01
4.972999954223632812e+01
4.984999847412109375e+01
4.995999908447265625e+01
4.989999771118164062e+01
4.994999694824218750e+01
4.977000045776367188e+01
4.984000015258789062e+01
4.981999969482421875e+01
4.970999908447265625e+01
5.014999771118164062e+01
5.005999755859375000e+01
4.971999740600585938e+01
4.990999984741210938e+01
4.964999771118164062e+01
4.927000045776367188e+01
4.959999847412109375e+01
4.981999969482421875e+01
4.959999847412109375e+01
4.975999832153320312e+01
4.998999786376953125e+01
4.993000030517578125e+01
4.981999969482421875e+01
4.978999710083007812e+01
5.004999923706054688e+01
5.003999710083007812e+01
5.013999938964843750e+01
4.994999694824218750e+01
4.989999771118164062e+01
4.975999832153320312e+01
5.012999725341796875e+01
4.991999816894531250e+01
5.027000045776367188e+01
