1.293729448318481445e+01
1.238219809532165527e+01
1.234005689620971680e+01
1.238393449783325195e+01
1.242203855514526367e+01
1.249965929985046387e+01
1.249000644683837891e+01
1.254371237754821777e+01
1.259525012969970703e+01
1.249856758117675781e+01
1.251810050010681152e+01
1.247476553916931152e+01
1.250492668151855469e+01
1.244727659225463867e+01
1.257801651954650879e+01
1.253329968452453613e+01
1.259609460830688477e+01
1.252426075935363770e+01
1.250317931175231934e+01
1.248470759391784668e+01
1.251432800292968750e+01
1.253820347785949707e+01
1.257964539527893066e+01
1.261601042747497559e+01
1.259207606315612793e+01
1.257463693618774414e+01
1.257451128959655762e+01
1.259668254852294922e+01
1.255250358581542969e+01
1.256875824928283691e+01
1.260089898109436035e+01
1.264454603195190430e+01
1.255028867721557617e+01
1.256008410453796387e+01
1.257817792892456055e+01
1.257341432571411133e+01
1.259544515609741211e+01
1.253429269790649414e+01
1.262163639068603516e+01
1.253566908836364746e+01
1.260427618026733398e+01
1.265873312950134277e+01
1.257876062393188477e+01
1.256593251228332520e+01
1.255444002151489258e+01
1.254382371902465820e+01
1.260702419281005859e+01
1.250271224975585938e+01
1.256463336944580078e+01
1.255188894271850586e+01
1.273411464691162109e+01
1.261405181884765625e+01
1.261651659011840820e+01
1.255565404891967773e+01
1.255201292037963867e+01
1.258234095573425293e+01
1.255191993713378906e+01
1.252327108383178711e+01
1.256508684158325195e+01
1.256693458557128906e+01
1.261754179000854492e+01
1.264039134979248047e+01
1.257924413681030273e+01
1.255262923240661621e+01
1.261034822463989258e+01
1.254616713523864746e+01
1.254699993133544922e+01
1.254383993148803711e+01
1.256084489822387695e+01
1.262331962585449219e+01
1.251119875907897949e+01
1.264671421051025391e+01
1.253003287315368652e+01
1.257591915130615234e+01
1.259077405929565430e+01
1.256785106658935547e+01
1.259845781326293945e+01
1.254120874404907227e+01
1.256396293640136719e+01
1.264240956306457520e+01
1.257558917999267578e+01
1.255577087402343750e+01
1.253738069534301758e+01
1.264474964141845703e+01
1.250926041603088379e+01
1.257828664779663086e+01
1.255309605598449707e+01
1.259731411933898926e+01
1.257816004753112793e+01
1.254780459403991699e+01
1.254794931411743164e+01
1.252143049240112305e+01
1.260006761550903320e+01
1.256703042984008789e+01
1.252698707580566406e+01
1.251272392272949219e+01
1.256858372688293457e+01
1.258329010009765625e+01
1.259058046340942383e+01
1.262713170051574707e+01
1.257016587257385254e+01
1.255607914924621582e+01
1.255691385269165039e+01
1.252864074707031250e+01
1.257430720329284668e+01
1.254677271842956543e+01
1.263209533691406250e+01
1.260020804405212402e+01
1.257151484489440918e+01
1.261040067672729492e+01
1.256446146965026855e+01
1.255271744728088379e+01
1.253291535377502441e+01
1.253863692283630371e+01
1.257132196426391602e+01
1.252308177947998047e+01
1.254707789421081543e+01
1.258072662353515625e+01
1.255111765861511230e+01
1.255418181419372559e+01
1.257714557647705078e+01
1.253456068038940430e+01
1.272071409225463867e+01
1.250767827033996582e+01
1.260055899620056152e+01
1.254727602005004883e+01
1.256952023506164551e+01
1.259620237350463867e+01
1.270317506790161133e+01
1.253422379493713379e+01
1.254497241973876953e+01
1.257802510261535645e+01
1.262570405006408691e+01
1.255364060401916504e+01
1.254625678062438965e+01
1.260897517204284668e+01
1.258756756782531738e+01
1.254339361190795898e+01
1.256308817863464355e+01
1.262558150291442871e+01
1.260209202766418457e+01
1.254866099357604980e+01
1.254252767562866211e+01
1.256375980377197266e+01
1.253752779960632324e+01
1.260783886909484863e+01
1.251762914657592773e+01
1.256347250938415527e+01
1.258574581146240234e+01
1.255226898193359375e+01
1.261221933364868164e+01
1.262262344360351562e+01
1.253780245780944824e+01
1.254233932495117188e+01
1.255955004692077637e+01
1.251623344421386719e+01
1.254401707649230957e+01
1.259756016731262207e+01
1.266213250160217285e+01
1.268205404281616211e+01
1.259789872169494629e+01
1.253115081787109375e+01
1.259436631202697754e+01
1.255265212059020996e+01
1.254169011116027832e+01
1.254053401947021484e+01
1.254791450500488281e+01
1.257678174972534180e+01
1.257557129859924316e+01
1.253797435760498047e+01
1.255551695823669434e+01
1.258575773239135742e+01
1.254533243179321289e+01
1.260206818580627441e+01
1.254545402526855469e+01
1.254644846916198730e+01
1.258152127265930176e+01
1.256690478324890137e+01
1.262400269508361816e+01
1.257853984832763672e+01
1.258301925659179688e+01
1.263608717918395996e+01
1.260507750511169434e+01
1.261733794212341309e+01
1.258660984039306641e+01
1.258968734741210938e+01
1.255750346183776855e+01
1.254931116104125977e+01
1.255737566947937012e+01
1.271582627296447754e+01
1.256887888908386230e+01
1.256020689010620117e+01
1.286258292198181152e+01
1.240423750877380371e+01
1.244738721847534180e+01
1.241065192222595215e+01
1.234606862068176270e+01
1.234473371505737305e+01
1.237970113754272461e+01
1.233806467056274414e+01
