4.221341609954833984e-01
4.168014526367187500e-01
4.098680019378662109e-01
4.060482978820800781e-01
4.251501560211181641e-01
4.083378314971923828e-01
4.121458530426025391e-01
4.129328727722167969e-01
4.034478664398193359e-01
4.120349884033203125e-01
4.051837921142578125e-01
4.180381298065185547e-01
4.140210151672363281e-01
4.128274917602539062e-01
4.174590110778808594e-01
4.067742824554443359e-01
4.109451770782470703e-01
4.016764163970947266e-01
4.145605564117431641e-01
4.088058471679687500e-01
4.090702533721923828e-01
4.091963768005371094e-01
4.034049510955810547e-01
4.095053672790527344e-01
3.990848064422607422e-01
4.865233898162841797e-01
4.083707332611083984e-01
4.134881496429443359e-01
4.046096801757812500e-01
4.041025638580322266e-01
4.129011631011962891e-01
4.048306941986083984e-01
4.130973815917968750e-01
3.993918895721435547e-01
4.164254665374755859e-01
4.066634178161621094e-01
4.090890884399414062e-01
4.139299392700195312e-01
4.069128036499023438e-01
4.091625213623046875e-01
4.076654911041259766e-01
4.192726612091064453e-01
4.218442440032958984e-01
4.134635925292968750e-01
4.103004932403564453e-01
4.051735401153564453e-01
4.141089916229248047e-01
4.066166877746582031e-01
4.146375656127929688e-01
4.072415828704833984e-01
4.157378673553466797e-01
4.056949615478515625e-01
4.080486297607421875e-01
4.173150062561035156e-01
4.084384441375732422e-01
4.178478717803955078e-01
4.150059223175048828e-01
4.390909671783447266e-01
4.130132198333740234e-01
4.141175746917724609e-01
4.205589294433593750e-01
4.073874950408935547e-01
4.153656959533691406e-01
4.040374755859375000e-01
4.177286624908447266e-01
4.059667587280273438e-01
4.147717952728271484e-01
4.116215705871582031e-01
4.127821922302246094e-01
4.179463386535644531e-01
4.024121761322021484e-01
4.103929996490478516e-01
4.038050174713134766e-01
4.050302505493164062e-01
4.088232517242431641e-01
3.999178409576416016e-01
4.198770523071289062e-01
3.998761177062988281e-01
4.109556674957275391e-01
4.139246940612792969e-01
4.061920642852783203e-01
4.082460403442382812e-01
4.057588577270507812e-01
4.136145114898681641e-01
4.025826454162597656e-01
4.139444828033447266e-01
4.055256843566894531e-01
4.277138710021972656e-01
4.141976833343505859e-01
4.177367687225341797e-01
4.139981269836425781e-01
4.090712070465087891e-01
4.088835716247558594e-01
4.074375629425048828e-01
4.052171707153320312e-01
4.111313819885253906e-01
4.004790782928466797e-01
4.149487018585205078e-01
4.072220325469970703e-01
4.145486354827880859e-01
4.060673713684082031e-01
4.149720668792724609e-01
4.195501804351806641e-01
4.028491973876953125e-01
4.146463871002197266e-01
4.036023616790771484e-01
4.187150001525878906e-01
4.065365791320800781e-01
4.124009609222412109e-01
4.111514091491699219e-01
4.030408859252929688e-01
4.174468517303466797e-01
4.005100727081298828e-01
4.131481647491455078e-01
4.068059921264648438e-01
4.093570709228515625e-01
4.107842445373535156e-01
4.155750274658203125e-01
4.068877696990966797e-01
4.007873535156250000e-01
4.222393035888671875e-01
4.012999534606933594e-01
4.074828624725341797e-01
4.075009822845458984e-01
4.100315570831298828e-01
4.205269813537597656e-01
4.019308090209960938e-01
4.150440692901611328e-01
4.008665084838867188e-01
4.121413230895996094e-01
4.057803153991699219e-01
4.049808979034423828e-01
4.256362915039062500e-01
4.020164012908935547e-01
4.132690429687500000e-01
4.025316238403320312e-01
4.146506786346435547e-01
4.107286930084228516e-01
4.048955440521240234e-01
4.156918525695800781e-01
4.072742462158203125e-01
4.176983833312988281e-01
4.061496257781982422e-01
4.105732440948486328e-01
4.136290550231933594e-01
4.026703834533691406e-01
4.100451469421386719e-01
4.120674133300781250e-01
4.127435684204101562e-01
4.041714668273925781e-01
4.111566543579101562e-01
4.121930599212646484e-01
4.027168750762939453e-01
4.106595516204833984e-01
4.057955741882324219e-01
4.106485843658447266e-01
4.059879779815673828e-01
4.114875793457031250e-01
4.092264175415039062e-01
4.270942211151123047e-01
4.157063961029052734e-01
4.153416156768798828e-01
4.181356430053710938e-01
4.151051044464111328e-01
4.365179538726806641e-01
4.124934673309326172e-01
4.214017391204833984e-01
4.327678680419921875e-01
4.189310073852539062e-01
4.285988807678222656e-01
4.357426166534423828e-01
4.222114086151123047e-01
4.158389568328857422e-01
4.211547374725341797e-01
4.195141792297363281e-01
4.234540462493896484e-01
4.202213287353515625e-01
4.131093025207519531e-01
4.256396293640136719e-01
4.038245677947998047e-01
4.105408191680908203e-01
4.092733860015869141e-01
4.080805778503417969e-01
4.166290760040283203e-01
4.043443202972412109e-01
4.170260429382324219e-01
4.052126407623291016e-01
4.136686325073242188e-01
4.092571735382080078e-01
4.152579307556152344e-01
4.173691272735595703e-01
4.139635562896728516e-01
4.337301254272460938e-01
3.896276950836181641e-01
4.020564556121826172e-01
3.908193111419677734e-01
3.899202346801757812e-01
3.968505859375000000e-01
3.909049034118652344e-01
3.895819187164306641e-01
