1.076800000244140598e+01
1.327999999908447215e+01
1.678399999877929716e+01
2.075199999511718829e+01
2.217600000122070369e+01
2.579199999938964893e+01
2.681599999908447174e+01
2.851200000244140753e+01
3.036800000488281270e+01
3.192000000183105612e+01
3.265599999511718465e+01
3.391999999816894729e+01
3.542399999145507650e+01
3.548800000732421722e+01
3.587200000488281404e+01
3.572799999816894712e+01
3.780799999389648747e+01
3.703999999755859562e+01
3.771199999755859267e+01
3.737599999755859415e+01
3.886400000732422200e+01
3.953600000976562256e+01
3.923199999023437812e+01
3.935999999999999943e+01
3.886400000366210605e+01
3.911999999145508156e+01
3.870399999145507763e+01
4.033600000976562683e+01
4.049600000000000222e+01
3.881600000732422018e+01
4.025600000976562853e+01
4.038399998779296851e+01
3.969599999877929974e+01
4.014399999755859483e+01
4.001600000366210708e+01
3.931199998779296578e+01
3.977600000732422103e+01
4.008000000183105271e+01
4.060799999572753904e+01
4.036800000000000210e+01
4.028799998779297198e+01
4.027199999816894405e+01
4.078399999145507593e+01
4.041600000183105124e+01
3.991999999633789287e+01
3.999999999816894558e+01
4.047999999755859335e+01
3.955199999267578193e+01
3.923199999389648696e+01
4.051200000732421813e+01
4.019199998779296834e+01
3.956800000366210668e+01
4.072000000366210770e+01
3.916799999755859574e+01
3.955199999572754166e+01
3.972800000122069974e+01
3.889600000488281495e+01
4.051199999755859693e+01
3.932800000122070117e+01
3.937600000732421535e+01
3.891199999511718488e+01
3.859199999511718460e+01
3.905599999755859386e+01
4.068799999389648292e+01
3.816000000122070190e+01
3.939199999755859238e+01
3.814400000732421603e+01
3.868799999145507940e+01
4.006399998779296823e+01
4.030400000366211088e+01
3.884799999389648661e+01
3.756799999999999784e+01
3.798400000488281592e+01
3.924799999145508167e+01
3.724799999511719051e+01
3.929599999023437817e+01
3.883199999511718659e+01
3.911999999877929923e+01
3.761599999816894524e+01
3.939199999572753796e+01
3.924799999389648519e+01
3.695999999572753580e+01
3.881599999816894808e+01
3.729599999816894496e+01
3.953599999389648190e+01
3.686399999145508133e+01
3.793599998779296811e+01
3.807999999816894388e+01
4.196800000976562472e+01
3.846399999511718448e+01
3.841599999755859329e+01
3.918399999816894308e+01
3.809599999755859301e+01
3.807999998779296646e+01
3.883199999816894632e+01
3.932800000366211179e+01
3.870399999633789179e+01
3.905599998779296556e+01
3.913600000000000279e+01
4.009600000366211248e+01
5.360000000000000142e+01
5.553600000976562256e+01
5.555199998291015362e+01
5.622399998657226661e+01
5.654399999023437573e+01
5.704000001464843450e+01
5.796799999755859290e+01
5.622400000610351611e+01
5.799999999023437169e+01
5.806399998657226291e+01
5.811199999267578420e+01
5.854399999267577925e+01
5.843200000976562336e+01
5.875199998291015646e+01
5.863999998657226342e+01
5.900799998657226553e+01
5.963199999023437670e+01
5.943999997314453054e+01
6.014399999999999835e+01
5.980799998291015385e+01
5.964800000000000324e+01
5.964799999267577846e+01
6.019199999267578249e+01
6.062400000976562353e+01
6.027199999999999847e+01
5.993599998657226280e+01
6.084799998291015299e+01
6.062400000000000233e+01
6.099200000610351680e+01
6.102399999633789207e+01
6.063999999633789173e+01
6.072000000976562717e+01
6.148799998657226240e+01
6.184000000366211225e+01
6.159999997314453424e+01
6.129599999267578170e+01
6.143999999633788889e+01
6.208000000244140892e+01
6.102399998291015493e+01
6.143999999633788889e+01
6.108799998291015498e+01
6.177599998291015737e+01
6.118399999633788866e+01
6.172799998291015555e+01
6.219199997314453299e+01
6.126399999267577812e+01
6.271999998291015288e+01
6.281599999633789366e+01
6.161599998291015368e+01
6.283199998657226359e+01
6.289600000488281495e+01
6.336000000244140296e+01
6.345600000976562427e+01
6.328000000488281529e+01
6.364799999267577846e+01
6.382399999267578039e+01
6.321600000976562228e+01
6.419199998291016129e+01
6.353600000244140489e+01
6.359999998657226428e+01
6.403200001464843183e+01
6.404800000976563013e+01
6.374400000244140330e+01
6.336000000488281358e+01
6.343999998657226769e+01
6.387200000244140341e+01
6.358400000488281023e+01
6.411200000488281603e+01
6.366399998291015550e+01
6.369599998291015908e+01
6.459199997558593509e+01
6.379199997314453441e+01
6.393599999267578227e+01
6.419199998657227013e+01
6.420799998657226126e+01
6.390399999267577869e+01
6.464000000610352004e+01
6.420799997314453833e+01
6.419199998291016129e+01
6.411200000244140540e+01
6.380799999267578215e+01
6.383999999267577863e+01
6.452799999511718454e+01
6.358399998291015720e+01
6.425599997314452594e+01
6.443200000244141279e+01
6.406399998291016118e+01
6.412799999267578244e+01
6.412800000488280716e+01
6.441599999267577914e+01
6.475199999633788650e+01
6.372799998291015555e+01
6.404800000610352129e+01
6.396800001464843888e+01
6.419199999267577539e+01
6.446399998291015265e+01
6.412799999267578244e+01
6.427199998291015959e+01
6.459199998657226161e+01
6.438399999267578266e+01
