1.026999950408935547e+01
1.668999862670898438e+01
1.857999992370605469e+01
2.136999893188476562e+01
2.465999984741210938e+01
2.609000015258789062e+01
3.157999992370605469e+01
3.204000091552734375e+01
3.365999984741210938e+01
3.579000091552734375e+01
3.668000030517578125e+01
3.813999938964843750e+01
3.748999786376953125e+01
3.834999847412109375e+01
3.852999877929687500e+01
3.920999908447265625e+01
3.770000076293945312e+01
4.027000045776367188e+01
4.102000045776367188e+01
3.750000000000000000e+01
4.007999801635742188e+01
4.150000000000000000e+01
4.250999832153320312e+01
4.318000030517578125e+01
4.254999923706054688e+01
4.250000000000000000e+01
4.220000076293945312e+01
4.105999755859375000e+01
4.195000076293945312e+01
4.209000015258789062e+01
4.350000000000000000e+01
4.264999771118164062e+01
4.152000045776367188e+01
4.309000015258789062e+01
3.987999725341796875e+01
3.957999801635742188e+01
4.428999710083007812e+01
4.000999832153320312e+01
4.148999786376953125e+01
4.414999771118164062e+01
4.128999710083007812e+01
4.427000045776367188e+01
4.177999877929687500e+01
4.327000045776367188e+01
4.577000045776367188e+01
4.544999694824218750e+01
4.041999816894531250e+01
4.334999847412109375e+01
4.518999862670898438e+01
4.602000045776367188e+01
4.452999877929687500e+01
4.491999816894531250e+01
4.441999816894531250e+01
3.945000076293945312e+01
4.377999877929687500e+01
4.371999740600585938e+01
4.480999755859375000e+01
4.215999984741210938e+01
4.370000076293945312e+01
4.411000061035156250e+01
4.337999725341796875e+01
4.238999938964843750e+01
4.282999801635742188e+01
4.586000061035156250e+01
4.471999740600585938e+01
4.459000015258789062e+01
4.684999847412109375e+01
4.161000061035156250e+01
4.143000030517578125e+01
4.618999862670898438e+01
3.964999771118164062e+01
4.604999923706054688e+01
4.282999801635742188e+01
4.046999740600585938e+01
4.478999710083007812e+01
4.311999893188476562e+01
4.050000000000000000e+01
3.743999862670898438e+01
4.512999725341796875e+01
4.643999862670898438e+01
4.103999710083007812e+01
4.636000061035156250e+01
4.386000061035156250e+01
3.993000030517578125e+01
4.329999923706054688e+01
4.180999755859375000e+01
4.104999923706054688e+01
4.761999893188476562e+01
4.654999923706054688e+01
4.321999740600585938e+01
4.100999832153320312e+01
4.409000015258789062e+01
4.578999710083007812e+01
4.480999755859375000e+01
3.965999984741210938e+01
4.478999710083007812e+01
4.337999725341796875e+01
4.668000030517578125e+01
4.647999954223632812e+01
4.096999740600585938e+01
5.079999923706054688e+01
5.172999954223632812e+01
5.171999740600585938e+01
5.220999908447265625e+01
5.288999938964843750e+01
5.289999771118164062e+01
5.286999893188476562e+01
5.344999694824218750e+01
5.340999984741210938e+01
5.402000045776367188e+01
5.303999710083007812e+01
5.371999740600585938e+01
5.375000000000000000e+01
5.447999954223632812e+01
5.369999694824218750e+01
5.439999771118164062e+01
5.446999740600585938e+01
5.488999938964843750e+01
5.552999877929687500e+01
5.543999862670898438e+01
5.473999786376953125e+01
5.485999679565429688e+01
5.518000030517578125e+01
5.545999908447265625e+01
5.623999786376953125e+01
5.546999740600585938e+01
5.559000015258789062e+01
5.489999771118164062e+01
5.605999755859375000e+01
5.628999710083007812e+01
5.604999923706054688e+01
5.561999893188476562e+01
5.607999801635742188e+01
5.500999832153320312e+01
5.644999694824218750e+01
5.502999877929687500e+01
5.590999984741210938e+01
5.664999771118164062e+01
5.618999862670898438e+01
5.559999847412109375e+01
5.700000000000000000e+01
5.641999816894531250e+01
5.743000030517578125e+01
5.684999847412109375e+01
5.665999984741210938e+01
5.682999801635742188e+01
5.705999755859375000e+01
5.694999694824218750e+01
5.647999954223632812e+01
5.627000045776367188e+01
5.728999710083007812e+01
5.712999725341796875e+01
5.720999908447265625e+01
5.706999969482421875e+01
5.715999984741210938e+01
5.737999725341796875e+01
5.757999801635742188e+01
5.738999938964843750e+01
5.752999877929687500e+01
5.729999923706054688e+01
5.731999969482421875e+01
5.743000030517578125e+01
5.775000000000000000e+01
5.751999664306640625e+01
5.761999893188476562e+01
5.764999771118164062e+01
5.731999969482421875e+01
5.735999679565429688e+01
5.747999954223632812e+01
5.731999969482421875e+01
5.746999740600585938e+01
5.771999740600585938e+01
5.747999954223632812e+01
5.741999816894531250e+01
5.768000030517578125e+01
5.759000015258789062e+01
5.756999969482421875e+01
5.762999725341796875e+01
5.764999771118164062e+01
5.765999984741210938e+01
5.770999908447265625e+01
5.756999969482421875e+01
5.775999832153320312e+01
5.763999938964843750e+01
5.763999938964843750e+01
5.772999954223632812e+01
5.775000000000000000e+01
5.763999938964843750e+01
5.775999832153320312e+01
5.777999877929687500e+01
5.764999771118164062e+01
5.784999847412109375e+01
5.772999954223632812e+01
5.771999740600585938e+01
5.759000015258789062e+01
5.753999710083007812e+01
5.746999740600585938e+01
5.751999664306640625e+01
5.756999969482421875e+01
5.759999847412109375e+01
