2.387523746719360407e+00
2.280354825973510913e+00
2.242285587234496891e+00
2.142796072998046863e+00
2.105648764114379734e+00
2.052373740234374910e+00
2.035832631530761549e+00
2.018326832351684530e+00
1.990856706085205152e+00
1.960741515769958587e+00
1.940519543457031260e+00
1.937388258514404216e+00
1.920874623641967816e+00
1.942108489532470728e+00
1.933921771926879973e+00
1.929081798629760813e+00
1.890745251274108973e+00
1.908318407936096195e+00
1.921798165245056200e+00
1.931876320648193257e+00
1.920021018676757896e+00
1.913376765403747459e+00
1.918194615592956564e+00
1.934678046493530257e+00
1.931435488090515129e+00
1.931703757553100642e+00
1.928610174179077097e+00
1.935747672080993631e+00
1.907835881233215236e+00
1.948030188865661705e+00
1.922451695938110383e+00
1.955796200408935537e+00
1.934482080917358404e+00
1.935745683364868075e+00
1.952565472183227513e+00
1.979720048446655278e+00
1.952442665481567419e+00
1.935450000457763720e+00
1.931790028381347613e+00
1.952320547904968340e+00
1.965206981277465736e+00
1.959288044891357439e+00
1.959344908523559470e+00
1.980851851119995066e+00
1.968415911407470631e+00
2.011166455764770600e+00
1.984069573211669990e+00
2.024914563980102500e+00
2.034016223487853825e+00
1.993211707878112859e+00
1.985476263656616114e+00
2.007002806854248256e+00
2.021754238243103075e+00
2.038333991317748950e+00
2.015549181060790840e+00
2.015938638381958192e+00
2.061971119155883603e+00
2.051793211975097453e+00
1.996281298370361279e+00
2.053383957138061433e+00
2.040473502197265532e+00
2.057667956008911059e+00
2.069785540237426780e+00
2.061912171936035154e+00
2.113708132858276301e+00
2.049761175460815377e+00
2.081201781692505026e+00
2.078055225601196376e+00
2.078112758636474489e+00
2.056714480056762717e+00
2.062118609580993578e+00
2.108815329513549663e+00
2.102905859146118051e+00
2.070516054077148560e+00
2.160844859771728466e+00
2.079522590713501096e+00
2.126063826599120965e+00
2.088512615432739139e+00
2.143475780563354416e+00
2.101161406478881943e+00
2.131687632446289005e+00
2.187397219848632890e+00
2.132316319808960081e+00
2.180848313369751157e+00
2.095951250534057397e+00
2.181285909347534080e+00
2.157184034347534141e+00
2.092145385131836122e+00
2.033638105506896832e+00
2.134932527389526324e+00
2.134113956909179599e+00
2.118985602951049874e+00
2.137537708358764554e+00
2.137492378082275213e+00
2.124970541992187378e+00
2.156409644775390433e+00
2.117143817787170423e+00
2.110559451446533341e+00
2.181337545471191408e+00
2.103787466125488059e+00
1.671051749343872128e+00
1.633315926971435461e+00
1.668068463058471673e+00
1.631535482444763208e+00
1.637247390327453589e+00
1.638195831470489416e+00
1.615410713653564478e+00
1.675356824188232396e+00
1.647709323806762605e+00
1.629720181732177808e+00
1.659183956375122060e+00
1.660740932540893500e+00
1.692653749237060579e+00
1.678871382408142043e+00
1.666151430931091415e+00
1.705778396530151397e+00
1.669487944374084432e+00
1.674718412399291978e+00
1.662858159561157123e+00
1.684645828666686995e+00
1.703012428131103428e+00
1.687466818161010851e+00
1.656467137336731010e+00
1.689695784912109477e+00
1.674501450653076207e+00
1.659473825340270992e+00
1.690265568466186474e+00
1.709932632675170927e+00
1.695879780006408710e+00
1.681857257614135737e+00
1.683147557144164974e+00
1.678599694671630838e+00
1.653653272438049271e+00
1.670149083480835017e+00
1.665084319725036677e+00
1.705466831398010363e+00
1.691405528640747002e+00
1.662595171737670796e+00
1.713496571121215784e+00
1.726262619857788172e+00
1.709017376327514715e+00
1.726675208473205547e+00
1.734746192550659094e+00
1.702912565879821871e+00
1.698461064949035704e+00
1.715067628364562946e+00
1.690699882774353124e+00
1.677714140625000017e+00
1.723930316505432048e+00
1.661361958084106361e+00
1.618076525993347170e+00
1.629609186439514135e+00
1.625101406478881794e+00
1.640767703285217261e+00
1.622660674095153910e+00
1.628783129043579025e+00
1.654477060585021864e+00
1.620204953651428248e+00
1.644590629501342827e+00
1.624168936309814404e+00
1.616102994651794411e+00
1.607177907180786125e+00
1.624374684753417952e+00
1.634725919799804750e+00
1.635205355987548792e+00
1.648193431625366134e+00
1.635097908287048263e+00
1.629362301368713295e+00
1.630811437110900819e+00
1.640010875549316349e+00
1.624456793861389192e+00
1.641942169494629011e+00
1.634817369613647431e+00
1.650783926620483344e+00
1.648459512634277369e+00
1.636891570091247639e+00
1.568071178321838399e+00
1.633786899795532266e+00
1.632357657814025975e+00
1.640628906478881932e+00
1.651315865707397412e+00
1.627982556304931716e+00
1.624678881340026804e+00
1.616337030906677352e+00
1.662959090957641495e+00
1.625569633483886722e+00
1.632796180114746143e+00
1.626533159675598084e+00
1.611732391281127885e+00
1.631650498046874898e+00
1.608083684234619115e+00
1.624499332389831574e+00
1.635516851272583061e+00
1.624483281593322781e+00
1.618965364112854077e+00
1.629224356040954502e+00
1.662284723548889120e+00
1.601319357757568396e+00
1.625843909568786660e+00
1.608552656364441003e+00
