2.349888157958984536e+00
2.260012266387939395e+00
2.165468763961791776e+00
2.102553371200561738e+00
2.058687407073974462e+00
2.003710673904418815e+00
1.987518585739135757e+00
1.908036584663391100e+00
1.919651347541809105e+00
1.911849043998718356e+00
1.895859892044067463e+00
1.915517198181152292e+00
1.875660135383605986e+00
1.899182063827514755e+00
1.884292219161987303e+00
1.872781497497558512e+00
1.857133597068786557e+00
1.880154170074462838e+00
1.862136993713378930e+00
1.823029959411621048e+00
1.890352880744934128e+00
1.837450674819946395e+00
1.897789947319030723e+00
1.838318942718505822e+00
1.845465063858032329e+00
1.889410063285827723e+00
1.846975250244140554e+00
1.857070678787231532e+00
1.870674919815063397e+00
1.811734793815612754e+00
1.847287292594909758e+00
1.845955173034667940e+00
1.852749105491638293e+00
1.865011822433471744e+00
1.858673151016235314e+00
1.856091112976074209e+00
1.843113700904846164e+00
1.870004378623962404e+00
1.864452194213867209e+00
1.847181433868408273e+00
1.886422019042968801e+00
1.900941039962768642e+00
1.881482226486206111e+00
1.907558807106018106e+00
1.912327354431152315e+00
1.903478189964294520e+00
1.870878951225280806e+00
1.862911521682739213e+00
1.880979874343872149e+00
1.916794566040039172e+00
1.927792290267944297e+00
1.845251132888793943e+00
1.895389939193725670e+00
1.894426397743225188e+00
1.918618270454406805e+00
1.876205202980041564e+00
1.909202767028808534e+00
1.917037927360534688e+00
1.940399250297546452e+00
1.999979662933349500e+00
1.939234778900146505e+00
1.894660757102966331e+00
1.920180281143188505e+00
1.957149622039794812e+00
1.918100292205810575e+00
1.973298990936279251e+00
1.957398274002075222e+00
1.977803302078247061e+00
1.965127121047973713e+00
1.961349172058105550e+00
1.968055902786254974e+00
1.944903596725463757e+00
1.924628957824707109e+00
1.942912836227417062e+00
1.930951884498596227e+00
1.997072364807128908e+00
1.970671327590942434e+00
1.971079633560180566e+00
2.012377615280151577e+00
1.978221483230590882e+00
2.021807153129577816e+00
1.954948352203369044e+00
1.956782545089721603e+00
1.948104848632812525e+00
2.027757135543823086e+00
1.948636782684326274e+00
1.990825146713256943e+00
1.925046664047241229e+00
1.994453069801330525e+00
1.972042464256286598e+00
1.939087976989745998e+00
1.972497903747558512e+00
1.938033774414062549e+00
1.948940605621337863e+00
1.985340964508056638e+00
1.986591944351196348e+00
2.009881405715942204e+00
1.978029538917541519e+00
1.941969559593200723e+00
1.992273467864990266e+00
1.615656433334350606e+00
1.625872015838623064e+00
1.613530450782775905e+00
1.601207833442688022e+00
1.623390220680236862e+00
1.613126764602661023e+00
1.626645797653198278e+00
1.617567993087768663e+00
1.630780126686096176e+00
1.608990556716918929e+00
1.628796622695922958e+00
1.629953745307922253e+00
1.638145463371276866e+00
1.622446147155761631e+00
1.649376424942016639e+00
1.626418815307617116e+00
1.647848808403015175e+00
1.617061660156249969e+00
1.615861058654785243e+00
1.635810828208923429e+00
1.610088346099853407e+00
1.635338609733581583e+00
1.627272336120605400e+00
1.647892421073913649e+00
1.662160370826721190e+00
1.650951131668090710e+00
1.639064901542663488e+00
1.642725013656616273e+00
1.659186374206542913e+00
1.647918441696166969e+00
1.652631107902526875e+00
1.632759824028015228e+00
1.657752880287170383e+00
1.649979043540954482e+00
1.679420676422119119e+00
1.651370233573913548e+00
1.687454703369140718e+00
1.669440744476318406e+00
1.690945185432433995e+00
1.669387497787475638e+00
1.672524413795471121e+00
1.656628692092895427e+00
1.647555611839294443e+00
1.663183197593689044e+00
1.668302239913940443e+00
1.667675508079528912e+00
1.662526040992736709e+00
1.672286993255615251e+00
1.691118202209472621e+00
1.661105376052856464e+00
1.647960754432678199e+00
1.627717527847289958e+00
1.621926789588928219e+00
1.622758850479125936e+00
1.617204041366577139e+00
1.629693771286010673e+00
1.625775937232971202e+00
1.625167642898559528e+00
1.621237412643432574e+00
1.615480222930908205e+00
1.600979743957519519e+00
1.622866084766387829e+00
1.605717697925567622e+00
1.608335896377563579e+00
1.616982995452880933e+00
1.608995862121582077e+00
1.630129346084594699e+00
1.629002532196044850e+00
1.605130185241699259e+00
1.624136092262268072e+00
1.603523065567016515e+00
1.623856092758178660e+00
1.627592054634094287e+00
1.639044288101196178e+00
1.613636665802002046e+00
1.622842919692993213e+00
1.634895730934142977e+00
1.584226975708007856e+00
1.609952624206542948e+00
1.626943356208801372e+00
1.603459682312011747e+00
1.636846537475585839e+00
1.632979194488525465e+00
1.614646189308166502e+00
1.617861875495910651e+00
1.602332972984313875e+00
1.629574064064025940e+00
1.645457521705627535e+00
1.618295970497131364e+00
1.612305937690734936e+00
1.610490633201599131e+00
1.616069289741516091e+00
1.624939944458007712e+00
1.573729214324951275e+00
1.630877131271362357e+00
1.634107330093383714e+00
1.617113732528686620e+00
1.625715703277587965e+00
1.628050153274536171e+00
1.628231795425415074e+00
