4.220428466796875000e-01
4.166848659515380859e-01
4.098024368286132812e-01
4.059705734252929688e-01
4.251217842102050781e-01
4.083185195922851562e-01
4.120728969573974609e-01
4.128134250640869141e-01
4.034559726715087891e-01
4.120204448699951172e-01
4.051957130432128906e-01
4.179911613464355469e-01
4.139001369476318359e-01
4.127719402313232422e-01
4.173953533172607422e-01
4.067144393920898438e-01
4.109053611755371094e-01
4.016892910003662109e-01
4.145689010620117188e-01
4.086992740631103516e-01
4.090142250061035156e-01
4.091062545776367188e-01
4.033555984497070312e-01
4.095172882080078125e-01
3.989717960357666016e-01
5.029575824737548828e-01
4.082963466644287109e-01
4.133775234222412109e-01
4.045000076293945312e-01
4.040091037750244141e-01
4.127330780029296875e-01
4.046666622161865234e-01
4.130685329437255859e-01
3.992764949798583984e-01
4.164242744445800781e-01
4.065442085266113281e-01
4.090759754180908203e-01
4.139900207519531250e-01
4.069733619689941406e-01
4.090995788574218750e-01
4.075934886932373047e-01
4.191868305206298828e-01
4.218690395355224609e-01
4.134771823883056641e-01
4.101998805999755859e-01
4.051225185394287109e-01
4.141352176666259766e-01
4.065930843353271484e-01
4.146151542663574219e-01
4.071400165557861328e-01
4.157521724700927734e-01
4.051556587219238281e-01
4.080829620361328125e-01
4.173231124877929688e-01
4.084136486053466797e-01
4.178249835968017578e-01
4.150221347808837891e-01
4.391250610351562500e-01
4.129879474639892578e-01
4.140994548797607422e-01
4.205467700958251953e-01
4.076712131500244141e-01
4.159483909606933594e-01
4.040453433990478516e-01
4.177618026733398438e-01
4.058701992034912109e-01
4.147830009460449219e-01
4.115273952484130859e-01
4.126732349395751953e-01
4.180212020874023438e-01
4.023923873901367188e-01
4.103863239288330078e-01
4.037752151489257812e-01
4.049184322357177734e-01
4.087994098663330078e-01
3.999078273773193359e-01
4.198920726776123047e-01
3.998520374298095703e-01
4.108927249908447266e-01
4.138200283050537109e-01
4.060163497924804688e-01
4.082767963409423828e-01
4.056572914123535156e-01
4.136388301849365234e-01
4.025542736053466797e-01
4.138133525848388672e-01
4.058711528778076172e-01
4.276471138000488281e-01
4.142229557037353516e-01
4.177334308624267578e-01
4.131393432617187500e-01
4.091114997863769531e-01
4.089086055755615234e-01
4.073922634124755859e-01
4.051790237426757812e-01
4.111189842224121094e-01
4.003951549530029297e-01
4.149425029754638672e-01
4.072039127349853516e-01
4.134268760681152344e-01
4.059751033782958984e-01
4.148621559143066406e-01
4.194662570953369141e-01
4.028131961822509766e-01
4.146749973297119141e-01
4.035501480102539062e-01
4.186758995056152344e-01
4.065012931823730469e-01
4.131026268005371094e-01
4.110491275787353516e-01
4.027183055877685547e-01
4.174206256866455078e-01
4.004976749420166016e-01
4.131066799163818359e-01
4.067380428314208984e-01
4.092643260955810547e-01
4.106984138488769531e-01
4.155418872833251953e-01
4.068112373352050781e-01
4.007971286773681641e-01
4.222440719604492188e-01
4.013032913208007812e-01
4.075605869293212891e-01
4.074788093566894531e-01
4.099833965301513672e-01
4.094467163085937500e-01
4.018993377685546875e-01
4.150550365447998047e-01
4.008719921112060547e-01
4.122965335845947266e-01
4.057238101959228516e-01
4.049224853515625000e-01
4.255473613739013672e-01
4.018461704254150391e-01
4.132604598999023438e-01
4.024581909179687500e-01
4.146335124969482422e-01
4.107058048248291016e-01
4.048395156860351562e-01
4.155979156494140625e-01
4.071075916290283203e-01
4.176211357116699219e-01
4.053318500518798828e-01
4.105620384216308594e-01
4.135346412658691406e-01
4.026112556457519531e-01
4.100413322448730469e-01
4.121105670928955078e-01
4.127817153930664062e-01
4.042124748229980469e-01
4.115805625915527344e-01
4.121224880218505859e-01
4.027030467987060547e-01
4.106431007385253906e-01
4.057965278625488281e-01
4.106268882751464844e-01
4.059259891510009766e-01
4.114210605621337891e-01
4.092118740081787109e-01
4.270031452178955078e-01
4.157466888427734375e-01
4.152913093566894531e-01
4.180955886840820312e-01
4.150474071502685547e-01
4.364519119262695312e-01
4.123759269714355469e-01
4.212443828582763672e-01
4.326581954956054688e-01
4.187645912170410156e-01
4.285676479339599609e-01
4.357898235321044922e-01
4.222292900085449219e-01
4.157698154449462891e-01
4.210374355316162109e-01
4.194264411926269531e-01
4.233918190002441406e-01
4.197707176208496094e-01
4.129812717437744141e-01
4.256966114044189453e-01
4.037144184112548828e-01
4.103980064392089844e-01
4.092359542846679688e-01
4.080843925476074219e-01
4.166603088378906250e-01
4.043958187103271484e-01
4.169497489929199219e-01
4.050729274749755859e-01
4.136455059051513672e-01
4.091296195983886719e-01
4.151504039764404297e-01
4.173936843872070312e-01
4.138398170471191406e-01
4.337894916534423828e-01
3.894658088684082031e-01
4.020886421203613281e-01
3.907122611999511719e-01
3.899414539337158203e-01
3.968157768249511719e-01
3.908154964447021484e-01
3.895528316497802734e-01
