1.331206893920898438e+01
1.267265748977661133e+01
1.267219543457031250e+01
1.271035003662109375e+01
1.288783073425292969e+01
1.272322821617126465e+01
1.272211074829101562e+01
1.281813406944274902e+01
1.278692674636840820e+01
1.279776644706726074e+01
1.284242296218872070e+01
1.284294319152832031e+01
1.277782011032104492e+01
1.281521773338317871e+01
1.278094291687011719e+01
1.272846674919128418e+01
1.281059837341308594e+01
1.282139897346496582e+01
1.279358839988708496e+01
1.280170822143554688e+01
1.281278109550476074e+01
1.283350157737731934e+01
1.283206629753112793e+01
1.281664657592773438e+01
1.274131631851196289e+01
1.296715807914733887e+01
1.277587151527404785e+01
1.277341866493225098e+01
1.276833987236022949e+01
1.276639580726623535e+01
1.279339003562927246e+01
1.285732078552246094e+01
1.278238272666931152e+01
1.275381827354431152e+01
1.282913875579833984e+01
1.280643534660339355e+01
1.281379485130310059e+01
1.289286279678344727e+01
1.282014966011047363e+01
1.276755547523498535e+01
1.277182102203369141e+01
1.283486294746398926e+01
1.275606966018676758e+01
1.278515410423278809e+01
1.275411176681518555e+01
1.278325176239013672e+01
1.277903914451599121e+01
1.281976056098937988e+01
1.282897567749023438e+01
1.276657056808471680e+01
1.277388334274291992e+01
1.284237170219421387e+01
1.277468323707580566e+01
1.283970117568969727e+01
1.278086924552917480e+01
1.276968479156494141e+01
1.277855491638183594e+01
1.287592673301696777e+01
1.284087419509887695e+01
1.284349513053894043e+01
1.284024143218994141e+01
1.279994201660156250e+01
1.277647686004638672e+01
1.278359007835388184e+01
1.288401603698730469e+01
1.277512121200561523e+01
1.277420520782470703e+01
1.283870100975036621e+01
1.279708623886108398e+01
1.277337741851806641e+01
1.278022289276123047e+01
1.277772951126098633e+01
1.275799107551574707e+01
1.283015012741088867e+01
1.281744551658630371e+01
1.277582716941833496e+01
1.288897347450256348e+01
1.286377239227294922e+01
1.276338219642639160e+01
1.279252409934997559e+01
1.277151250839233398e+01
1.280871605873107910e+01
1.282949614524841309e+01
1.276697278022766113e+01
1.278873991966247559e+01
1.279431962966918945e+01
1.278902077674865723e+01
1.281462550163269043e+01
1.281813097000122070e+01
1.284875226020812988e+01
1.283512783050537109e+01
1.280856609344482422e+01
1.289093637466430664e+01
1.276725316047668457e+01
1.283229947090148926e+01
1.277993083000183105e+01
1.280980896949768066e+01
1.282858538627624512e+01
1.278634428977966309e+01
1.277071452140808105e+01
1.274842739105224609e+01
1.275031685829162598e+01
1.274606347084045410e+01
1.280812883377075195e+01
1.282476830482482910e+01
1.276893115043640137e+01
1.284075140953063965e+01
1.278125095367431641e+01
1.281417012214660645e+01
1.277447605133056641e+01
1.274636602401733398e+01
1.277258801460266113e+01
1.276888012886047363e+01
1.283706045150756836e+01
1.279160165786743164e+01
1.278950762748718262e+01
1.276007628440856934e+01
1.279638576507568359e+01
1.284207701683044434e+01
1.289074707031250000e+01
1.277930068969726562e+01
1.282154130935668945e+01
1.281975126266479492e+01
1.277714848518371582e+01
1.277731370925903320e+01
1.283024549484252930e+01
1.273919510841369629e+01
1.284015011787414551e+01
1.281589555740356445e+01
1.282202267646789551e+01
1.283245968818664551e+01
1.278291201591491699e+01
1.281139039993286133e+01
1.278201651573181152e+01
1.284227561950683594e+01
1.277316951751708984e+01
1.278458666801452637e+01
1.270984244346618652e+01
1.282346129417419434e+01
1.280109643936157227e+01
1.277331376075744629e+01
1.281635665893554688e+01
1.276520776748657227e+01
1.277961206436157227e+01
1.280607604980468750e+01
1.276342463493347168e+01
1.275628757476806641e+01
1.274711680412292480e+01
1.277648806571960449e+01
1.275913572311401367e+01
1.277109169960021973e+01
1.280325984954833984e+01
1.284527277946472168e+01
1.281603741645812988e+01
1.281442523002624512e+01
1.282431817054748535e+01
1.279590630531311035e+01
1.285340929031372070e+01
1.277345252037048340e+01
1.282472014427185059e+01
1.282720756530761719e+01
1.283657813072204590e+01
1.279662346839904785e+01
1.278192186355590820e+01
1.284950113296508789e+01
1.279942178726196289e+01
1.277070903778076172e+01
1.279302525520324707e+01
1.278085994720458984e+01
1.285829281806945801e+01
1.285551476478576660e+01
1.281627035140991211e+01
1.278147029876708984e+01
1.276510572433471680e+01
1.282991623878479004e+01
1.283743333816528320e+01
1.275305485725402832e+01
1.279753279685974121e+01
1.279650449752807617e+01
1.276734662055969238e+01
1.278855156898498535e+01
1.281522536277770996e+01
1.277856326103210449e+01
1.284993338584899902e+01
1.279087495803833008e+01
1.278957271575927734e+01
1.277103447914123535e+01
1.278876566886901855e+01
1.280002045631408691e+01
1.278912520408630371e+01
1.281456637382507324e+01
1.277776646614074707e+01
1.302468204498291016e+01
1.270827865600585938e+01
1.279891443252563477e+01
1.268663311004638672e+01
1.274008059501647949e+01
1.267491698265075684e+01
1.271737766265869141e+01
1.270894765853881836e+01
