1.120000000244140637e+01
1.377600000244140688e+01
1.841599999877929861e+01
2.105599999938964828e+01
2.425599999816894581e+01
2.611200000183105630e+01
2.735999999877929767e+01
3.127999999145507815e+01
3.247999999389648451e+01
3.315200000366210986e+01
3.516799999877929395e+01
3.612799999389648775e+01
3.727999999755859051e+01
3.625599999816894581e+01
3.776000000366210685e+01
3.863999998779296874e+01
3.870399999145507763e+01
3.899200000732422211e+01
4.065600000732421648e+01
4.126399998779297107e+01
4.001600000976562654e+01
4.139199998779297118e+01
4.108799999389648150e+01
4.198399999755859113e+01
4.225599999389648787e+01
4.182399998779296624e+01
4.307199999145507974e+01
4.233599999999999852e+01
4.231999999389648792e+01
4.350399999755859426e+01
4.323199999389648696e+01
4.323200000976562762e+01
4.366400000976562268e+01
4.284799999633789014e+01
4.302399999633789207e+01
4.398400000732421944e+01
4.484799999389648661e+01
4.297599999755859557e+01
4.419200000000000017e+01
4.420800000488281256e+01
4.340800000732421893e+01
4.327999999633789230e+01
4.401600000244140887e+01
4.387200000976562819e+01
4.281600000000000250e+01
4.408000000732421597e+01
4.476799999755859716e+01
4.424000000000000199e+01
4.492799998657226723e+01
4.345599999755859244e+01
4.323199998779296749e+01
4.569600000732421563e+01
4.460799999389648463e+01
4.385599998657226450e+01
4.441599999023437562e+01
4.548799998779296772e+01
4.475199999633789361e+01
4.404800000976562302e+01
4.340799998779296942e+01
4.284799999389648661e+01
4.366399998657226433e+01
4.363199999389648553e+01
4.356799999023437664e+01
4.334399999755859056e+01
4.409599999145508065e+01
4.339200000732422069e+01
4.441600000732422160e+01
4.271999999877929355e+01
4.462400000366211117e+01
4.406400000732421773e+01
4.478399998779296709e+01
4.358399999755859255e+01
4.420800000366210725e+01
4.475200000732422012e+01
4.446399999389648627e+01
4.356799999999999784e+01
4.382400000183105249e+01
4.355199999755859608e+01
4.379199999145507860e+01
4.367999999999999972e+01
4.326400000976562410e+01
4.502399999755859028e+01
4.438399999755859682e+01
4.463999999633789173e+01
4.334399999816894677e+01
4.451199999145507746e+01
4.496000000976562205e+01
4.572799999633789270e+01
4.334399999633789236e+01
4.441600000610351628e+01
4.508799999023437266e+01
4.484799999023437778e+01
4.563199998657226786e+01
4.488000000366211140e+01
4.409600000732422131e+01
4.468800000366211123e+01
4.403200000244140710e+01
4.416000000610351606e+01
4.510400000366210804e+01
4.478400000366210776e+01
5.419200000244140369e+01
5.487999998657226541e+01
5.639999999267578090e+01
5.686399999267577954e+01
5.676800000000000068e+01
5.731199997314453043e+01
5.854399997314452975e+01
5.854399999023437573e+01
5.868800000244140591e+01
5.896000000610351321e+01
5.863999999633789173e+01
5.852799999267578102e+01
5.924799998657226752e+01
5.961600001464843501e+01
5.953599999633789253e+01
5.964799999633788730e+01
6.006399998657226291e+01
6.027199997314453128e+01
6.068800000000000239e+01
6.057599999633789167e+01
6.126399999023437459e+01
6.084800000244140961e+01
6.095999999633789201e+01
6.089599998291015481e+01
6.100800000610351503e+01
6.043199999633789332e+01
6.147199997558593765e+01
6.123200000610351879e+01
6.030399999023437374e+01
6.134399998535156584e+01
6.119999999267577806e+01
6.111999998657226740e+01
6.198400000610351412e+01
6.177599999633788741e+01
6.145599999267577829e+01
6.243199998657226502e+01
6.127999999023437283e+01
6.177599998291015737e+01
6.164800000610351560e+01
6.215999998657226655e+01
6.145599999633788713e+01
6.193599999023437164e+01
6.217599998291015595e+01
6.257599999267578283e+01
6.279999999023437596e+01
6.254400000244140756e+01
6.214399997314453117e+01
6.257599999267578283e+01
6.196800001464843888e+01
6.227200000610351793e+01
6.270399998657226348e+01
6.375999997314453083e+01
6.372800000244140506e+01
6.361599999633789082e+01
6.395199998657226814e+01
6.371199999023437499e+01
6.415999999267577891e+01
6.382399999999999807e+01
6.446399999267578096e+01
6.366399999633789264e+01
6.388800001464844058e+01
6.376000000488281216e+01
6.399999998535156465e+01
6.454400000366210577e+01
6.377599999023437505e+01
6.409599999267578596e+01
6.345600000488281012e+01
6.447999998291015800e+01
6.401599998291015936e+01
6.366400000488281563e+01
6.406399997314453287e+01
6.395199998291015930e+01
6.404800000488280887e+01
6.356800000488281199e+01
6.406399999999999295e+01
6.393599997314453276e+01
6.371199999511718914e+01
6.438399998535156499e+01
6.396799998291015754e+01
6.412799998291015413e+01
6.388799999633788929e+01
6.387199998291015390e+01
6.367999998535156436e+01
6.420800001464843376e+01
6.385599999267578397e+01
6.371200000244140682e+01
6.417600001464843729e+01
6.420799997314453833e+01
6.387199997314453270e+01
6.438400000488280739e+01
6.409600000244140006e+01
6.395199997314453100e+01
6.422399998291015777e+01
6.486399997314453003e+01
6.403199999267577880e+01
6.427200000610351083e+01
6.400000001464843535e+01
6.417600000610352140e+01
6.443199997314452787e+01
6.404800000244141245e+01
