2.347860097885131836e+01
2.305230331420898438e+01
2.306233263015747070e+01
2.334451937675476074e+01
2.328388428688049316e+01
2.348405551910400391e+01
2.373410105705261230e+01
2.329356932640075684e+01
2.366750121116638184e+01
2.358315896987915039e+01
2.352956533432006836e+01
2.386940360069274902e+01
2.361197209358215332e+01
2.365117502212524414e+01
2.382639074325561523e+01
2.394525408744812012e+01
2.385645270347595215e+01
2.332126355171203613e+01
2.377075076103210449e+01
2.389393639564514160e+01
2.362033319473266602e+01
2.383058738708496094e+01
2.386854767799377441e+01
2.365597152709960938e+01
2.382492136955261230e+01
2.437658190727233887e+01
2.382194876670837402e+01
2.422914767265319824e+01
2.401451992988586426e+01
2.404332613945007324e+01
2.391701126098632812e+01
2.380320334434509277e+01
2.432063627243041992e+01
2.385914993286132812e+01
2.380660176277160645e+01
2.392968821525573730e+01
2.426988911628723145e+01
2.400343060493469238e+01
2.411422896385192871e+01
2.406263828277587891e+01
2.385943245887756348e+01
2.386022353172302246e+01
2.394981122016906738e+01
2.416175603866577148e+01
2.370152711868286133e+01
2.356167817115783691e+01
2.428460311889648438e+01
2.388197398185729980e+01
2.396118068695068359e+01
2.398392248153686523e+01
2.404903674125671387e+01
2.363561487197875977e+01
2.396727490425109863e+01
2.403496575355529785e+01
2.381346344947814941e+01
2.412320113182067871e+01
2.405449509620666504e+01
2.404975628852844238e+01
2.395259213447570801e+01
2.389375662803649902e+01
2.361627912521362305e+01
2.398860549926757812e+01
2.422716975212097168e+01
2.411957645416259766e+01
2.405978822708129883e+01
2.394404578208923340e+01
2.397978472709655762e+01
2.376838445663452148e+01
2.406753158569335938e+01
2.410102891921997070e+01
2.383514070510864258e+01
2.377287840843200684e+01
2.419104504585266113e+01
2.389589357376098633e+01
2.369039869308471680e+01
2.372226214408874512e+01
2.367278814315795898e+01
2.417856979370117188e+01
2.394536638259887695e+01
2.393408584594726562e+01
2.382092285156250000e+01
2.386955451965332031e+01
2.370435905456542969e+01
2.381559252738952637e+01
2.386461043357849121e+01
2.408241176605224609e+01
2.369095635414123535e+01
2.393509554862976074e+01
2.392867994308471680e+01
2.420181894302368164e+01
2.393406319618225098e+01
2.380764150619506836e+01
2.406794500350952148e+01
2.423362493515014648e+01
2.383711266517639160e+01
2.432431411743164062e+01
2.416837930679321289e+01
2.390949225425720215e+01
2.399835848808288574e+01
2.401007223129272461e+01
2.360482549667358398e+01
2.396612906455993652e+01
2.411345481872558594e+01
2.390231513977050781e+01
2.394148802757263184e+01
2.409733629226684570e+01
2.420456361770629883e+01
2.412580919265747070e+01
2.362928915023803711e+01
2.417592620849609375e+01
2.398652935028076172e+01
2.411576747894287109e+01
2.402919936180114746e+01
2.413491106033325195e+01
2.400633645057678223e+01
2.369393992424011230e+01
2.361373066902160645e+01
2.378828620910644531e+01
2.381252193450927734e+01
2.388076925277709961e+01
2.398619055747985840e+01
2.390794157981872559e+01
2.369339656829833984e+01
2.399569487571716309e+01
2.377496552467346191e+01
2.399820971488952637e+01
2.398740005493164062e+01
2.352724146842956543e+01
2.397993540763854980e+01
2.404182815551757812e+01
2.407662773132324219e+01
2.376453018188476562e+01
2.409261941909790039e+01
2.410662770271301270e+01
2.419896411895751953e+01
2.383650374412536621e+01
2.406111335754394531e+01
2.383267974853515625e+01
2.403976988792419434e+01
2.398105216026306152e+01
2.392548775672912598e+01
2.373672795295715332e+01
2.382215523719787598e+01
2.407272863388061523e+01
2.418032884597778320e+01
2.402907037734985352e+01
2.377454566955566406e+01
2.408077669143676758e+01
2.409062170982360840e+01
2.420206785202026367e+01
2.408870005607604980e+01
2.396336555480957031e+01
2.386669325828552246e+01
2.378305125236511230e+01
2.391613316535949707e+01
2.436250805854797363e+01
2.381798028945922852e+01
2.391130661964416504e+01
2.390433096885681152e+01
2.383477568626403809e+01
2.407180523872375488e+01
2.409211754798889160e+01
2.423220229148864746e+01
2.397651672363281250e+01
2.400563907623291016e+01
2.425844264030456543e+01
2.394963431358337402e+01
2.390159320831298828e+01
2.417516779899597168e+01
2.397902512550354004e+01
2.414496111869812012e+01
2.372592234611511230e+01
2.404793262481689453e+01
2.384397125244140625e+01
2.391978526115417480e+01
2.366323089599609375e+01
2.451711893081665039e+01
2.384421157836914062e+01
2.447909212112426758e+01
2.386279940605163574e+01
2.390334033966064453e+01
2.409505701065063477e+01
2.368834471702575684e+01
2.391221213340759277e+01
2.402804660797119141e+01
2.397391343116760254e+01
2.392053127288818359e+01
2.411191940307617188e+01
2.372978973388671875e+01
2.389948797225952148e+01
2.390740990638732910e+01
2.398804593086242676e+01
2.438273859024047852e+01
2.338211560249328613e+01
2.328946924209594727e+01
2.310886049270629883e+01
2.302830243110656738e+01
2.329871964454650879e+01
2.332455492019653320e+01
2.308176708221435547e+01
