1.035999965667724609e+01
1.610999870300292969e+01
2.156999969482421875e+01
2.262999916076660156e+01
2.556999969482421875e+01
2.829999923706054688e+01
2.868999862670898438e+01
3.404000091552734375e+01
3.300999832153320312e+01
3.127999877929687500e+01
3.816999816894531250e+01
3.687999725341796875e+01
3.790999984741210938e+01
3.934999847412109375e+01
3.736999893188476562e+01
3.759999847412109375e+01
4.111999893188476562e+01
4.113999938964843750e+01
3.973999786376953125e+01
4.140999984741210938e+01
4.002000045776367188e+01
4.011000061035156250e+01
4.215999984741210938e+01
4.086000061035156250e+01
4.318999862670898438e+01
4.029999923706054688e+01
4.300999832153320312e+01
4.206999969482421875e+01
4.065999984741210938e+01
4.311999893188476562e+01
4.027000045776367188e+01
4.106999969482421875e+01
4.316999816894531250e+01
4.316999816894531250e+01
4.112999725341796875e+01
4.263999938964843750e+01
4.377000045776367188e+01
4.191999816894531250e+01
4.140999984741210938e+01
4.475999832153320312e+01
4.475000000000000000e+01
4.370999908447265625e+01
4.125999832153320312e+01
4.475999832153320312e+01
4.459000015258789062e+01
4.338999938964843750e+01
4.343000030517578125e+01
4.350999832153320312e+01
4.128999710083007812e+01
4.437999725341796875e+01
4.477000045776367188e+01
4.556999969482421875e+01
4.041999816894531250e+01
4.477999877929687500e+01
4.534999847412109375e+01
4.577000045776367188e+01
4.586999893188476562e+01
4.537999725341796875e+01
4.568000030517578125e+01
4.439999771118164062e+01
4.484999847412109375e+01
4.620999908447265625e+01
4.705999755859375000e+01
4.618000030517578125e+01
4.234000015258789062e+01
4.470999908447265625e+01
4.575999832153320312e+01
4.257999801635742188e+01
4.784000015258789062e+01
4.386000061035156250e+01
4.397999954223632812e+01
4.477999877929687500e+01
4.409000015258789062e+01
4.495000076293945312e+01
4.622999954223632812e+01
4.045000076293945312e+01
4.184999847412109375e+01
4.293999862670898438e+01
4.339999771118164062e+01
4.446999740600585938e+01
4.659999847412109375e+01
4.400000000000000000e+01
4.588999938964843750e+01
4.371999740600585938e+01
4.289999771118164062e+01
4.481999969482421875e+01
4.359999847412109375e+01
4.670999908447265625e+01
4.705999755859375000e+01
4.503999710083007812e+01
4.725999832153320312e+01
4.529999923706054688e+01
4.448999786376953125e+01
4.809999847412109375e+01
4.748999786376953125e+01
4.477999877929687500e+01
4.527999877929687500e+01
4.211999893188476562e+01
4.054999923706054688e+01
4.598999786376953125e+01
5.121999740600585938e+01
5.175000000000000000e+01
5.200999832153320312e+01
5.253999710083007812e+01
5.260999679565429688e+01
5.302999877929687500e+01
5.297999954223632812e+01
5.321999740600585938e+01
5.369999694824218750e+01
5.378999710083007812e+01
5.327999877929687500e+01
5.264999771118164062e+01
5.372999954223632812e+01
5.491999816894531250e+01
5.422999954223632812e+01
5.485999679565429688e+01
5.468000030517578125e+01
5.589999771118164062e+01
5.543999862670898438e+01
5.493999862670898438e+01
5.527000045776367188e+01
5.598999786376953125e+01
5.480999755859375000e+01
5.577000045776367188e+01
5.512999725341796875e+01
5.431999969482421875e+01
5.623999786376953125e+01
5.604999923706054688e+01
5.493000030517578125e+01
5.652999877929687500e+01
5.565999984741210938e+01
5.602000045776367188e+01
5.529999923706054688e+01
5.653999710083007812e+01
5.652000045776367188e+01
5.568999862670898438e+01
5.643000030517578125e+01
5.607999801635742188e+01
5.577999877929687500e+01
5.484999847412109375e+01
5.681999969482421875e+01
5.573999786376953125e+01
5.552000045776367188e+01
5.618999862670898438e+01
5.612999725341796875e+01
5.688999938964843750e+01
5.663999938964843750e+01
5.730999755859375000e+01
5.655999755859375000e+01
5.729999923706054688e+01
5.719999694824218750e+01
5.730999755859375000e+01
5.725999832153320312e+01
5.727000045776367188e+01
5.722999954223632812e+01
5.729999923706054688e+01
5.762999725341796875e+01
5.730999755859375000e+01
5.734000015258789062e+01
5.720999908447265625e+01
5.736999893188476562e+01
5.723999786376953125e+01
5.750999832153320312e+01
5.754999923706054688e+01
5.738999938964843750e+01
5.747999954223632812e+01
5.740999984741210938e+01
5.731999969482421875e+01
5.728999710083007812e+01
5.750000000000000000e+01
5.727000045776367188e+01
5.759999847412109375e+01
5.753999710083007812e+01
5.754999923706054688e+01
5.735999679565429688e+01
5.775000000000000000e+01
5.747999954223632812e+01
5.777999877929687500e+01
5.764999771118164062e+01
5.763999938964843750e+01
5.770999908447265625e+01
5.743000030517578125e+01
5.762999725341796875e+01
5.761999893188476562e+01
5.757999801635742188e+01
5.764999771118164062e+01
5.759000015258789062e+01
5.782999801635742188e+01
5.765999984741210938e+01
5.777999877929687500e+01
5.760999679565429688e+01
5.781999969482421875e+01
5.760999679565429688e+01
5.777999877929687500e+01
5.797999954223632812e+01
5.771999740600585938e+01
5.735999679565429688e+01
5.750000000000000000e+01
5.764999771118164062e+01
5.784999847412109375e+01
