1.039999999908447315e+01
1.489600000183105522e+01
1.678399999908447171e+01
1.916800000183105368e+01
2.102400000183105533e+01
2.292799999816894641e+01
2.446399999511718804e+01
2.528000000732421881e+01
2.553599999938964871e+01
2.643200000976562336e+01
2.819200000732421785e+01
2.974399999145507678e+01
3.091199999908447182e+01
3.056000000122070404e+01
3.118399999145507806e+01
3.110400000488281336e+01
3.248000000366211282e+01
3.224000000732421967e+01
3.268799999572753734e+01
3.334400000122070651e+01
3.273599999755859358e+01
3.339200000732422069e+01
3.425600000366210907e+01
3.558400000122070139e+01
3.571199999511718914e+01
3.500799999755859204e+01
3.692800000732422205e+01
3.667199999572753910e+01
3.686399998779296538e+01
3.651199999023437215e+01
3.764799998779297141e+01
3.814400000732421603e+01
3.857600000488281466e+01
3.817600000183105635e+01
3.769599999877929974e+01
3.896000000732421853e+01
3.859199999389648639e+01
3.809599999389648417e+01
3.867199999816894262e+01
3.883199999389648127e+01
3.972800000122069974e+01
3.851200000976562166e+01
3.939199998779297118e+01
3.910400000366210804e+01
3.894399999816894820e+01
3.919999999755859221e+01
3.867199999145508116e+01
3.919999999145507985e+01
3.910400000976562751e+01
3.761599998779296783e+01
3.999999999145507701e+01
3.883200000000000074e+01
4.004799999023437351e+01
3.934399999755859056e+01
3.663999998779296874e+01
3.958400000366211202e+01
3.887999999389648309e+01
3.780800000732421751e+01
3.713599999877929747e+01
3.854399999145508104e+01
3.886399999145508133e+01
3.753599999389648190e+01
3.707199999816894831e+01
3.761600000122070497e+01
3.748799999999999955e+01
3.739200000976562421e+01
3.699199998779296550e+01
3.753600000366211020e+01
3.750399999023437658e+01
3.780799999145507684e+01
3.751999999511718897e+01
3.740800000732421893e+01
3.486400000183105163e+01
3.769599999389648559e+01
3.622400000366211259e+01
3.734399999389648173e+01
3.731199998779296578e+01
3.790400000976562467e+01
3.579199998779296976e+01
3.721599999389648161e+01
3.817600000000000193e+01
3.679999999389648480e+01
3.700800000122070088e+01
3.759999999908447421e+01
3.670399999755859710e+01
3.814400000122070367e+01
3.582399999816894365e+01
3.726399999023437459e+01
3.649600000122070043e+01
3.779200000183105601e+01
3.727999998779296931e+01
3.833599999511718437e+01
3.892799999389648491e+01
3.668799999389648292e+01
3.787200000366210872e+01
3.702399998779296908e+01
3.788800000488281228e+01
3.844799998779296857e+01
3.584000000732422109e+01
3.671999999877929355e+01
4.638400000366210918e+01
4.753600000610351373e+01
4.812800000976562842e+01
4.900800000732422035e+01
4.956800000244140847e+01
4.859200000610351822e+01
4.995199999816894376e+01
4.987200000366210872e+01
5.020799999389648605e+01
5.124799999145508167e+01
5.051200000000000045e+01
5.124800000244140818e+01
5.055999999633789344e+01
5.084800000976562728e+01
5.169599998657226791e+01
5.190399999389648400e+01
5.169599999389648559e+01
5.195200000366210702e+01
5.198399999023437346e+01
5.167999999023437852e+01
5.270400000366210946e+01
5.191999999145507871e+01
5.214400000366210719e+01
5.240000000610351805e+01
5.217600000732421961e+01
5.257599998779296868e+01
5.204800000976562302e+01
5.216000000976562490e+01
5.260800000366210583e+01
5.207999998657226826e+01
5.303999999633789031e+01
5.345600000610351543e+01
5.366399998291015550e+01
5.323199999633789048e+01
5.411200000610351424e+01
5.427199999389648610e+01
5.308799999389648150e+01
5.380800000976562814e+01
5.435200001464843922e+01
5.374399999023437147e+01
5.431999999633789145e+01
5.468800000244140591e+01
5.457599999633789167e+01
5.422399999999999665e+01
5.444800000366210924e+01
5.400000000244140352e+01
5.473599999023437590e+01
5.448000000610351634e+01
5.532800000000000296e+01
5.462399999755859170e+01
5.588799998657226809e+01
5.519999999023437454e+01
5.543999999633788889e+01
5.620799999023437721e+01
5.657599999633789167e+01
5.617600000244140546e+01
5.600000000610351236e+01
5.543999999023437653e+01
5.671999999023437766e+01
5.511999999023437624e+01
5.689600000000000080e+01
5.564799999023437493e+01
5.601599999023437704e+01
5.547199999389648184e+01
5.550400000244140841e+01
5.564800000244140676e+01
5.593599998657226280e+01
5.590399998291015748e+01
5.566399998657226433e+01
5.582399999633788923e+01
5.595199998657226814e+01
5.641600000244140745e+01
5.628799999633788786e+01
5.641599999999999682e+01
5.617599999633789309e+01
5.515200000610351339e+01
5.631999998291015430e+01
5.654399998291015805e+01
5.531200000244140824e+01
5.691199999023437783e+01
5.648000000610351634e+01
5.600000000000000000e+01
5.625600000610351259e+01
5.649599999633789338e+01
5.633599999023437732e+01
5.636800000000000210e+01
5.607999999633788946e+01
5.553599999023437306e+01
5.609599999267577886e+01
5.593600000366210878e+01
5.649600000976562342e+01
5.612800000244140364e+01
5.635200000976562507e+01
5.606400000244140358e+01
5.688000000244140608e+01
5.668799999389648292e+01
5.608000000976562660e+01
5.636799998657226496e+01
5.680000000244140779e+01
5.639999999389648622e+01
