1.084999942779541016e+01
1.601000022888183594e+01
2.131999969482421875e+01
2.181999969482421875e+01
2.520999908447265625e+01
2.840999984741210938e+01
3.093999862670898438e+01
3.221999740600585938e+01
3.475000000000000000e+01
3.405999755859375000e+01
3.538999938964843750e+01
3.666999816894531250e+01
3.739999771118164062e+01
3.887999725341796875e+01
3.991999816894531250e+01
3.997999954223632812e+01
4.150000000000000000e+01
4.095000076293945312e+01
4.021999740600585938e+01
4.161999893188476562e+01
4.291999816894531250e+01
3.987999725341796875e+01
4.082999801635742188e+01
4.156999969482421875e+01
4.275999832153320312e+01
4.172999954223632812e+01
4.220999908447265625e+01
4.179999923706054688e+01
4.304999923706054688e+01
4.198999786376953125e+01
3.996999740600585938e+01
4.173999786376953125e+01
4.347999954223632812e+01
4.034000015258789062e+01
4.170000076293945312e+01
4.441999816894531250e+01
4.195000076293945312e+01
4.347999954223632812e+01
4.170999908447265625e+01
4.339999771118164062e+01
4.150000000000000000e+01
4.489999771118164062e+01
4.321999740600585938e+01
4.380999755859375000e+01
4.395000076293945312e+01
4.359000015258789062e+01
4.569999694824218750e+01
4.439999771118164062e+01
3.939999771118164062e+01
4.511999893188476562e+01
4.615999984741210938e+01
4.436999893188476562e+01
4.206999969482421875e+01
4.268000030517578125e+01
4.315999984741210938e+01
4.377999877929687500e+01
4.502000045776367188e+01
4.263999938964843750e+01
4.171999740600585938e+01
4.439999771118164062e+01
3.834000015258789062e+01
4.445999908447265625e+01
4.639999771118164062e+01
4.468999862670898438e+01
4.520000076293945312e+01
4.359000015258789062e+01
4.064999771118164062e+01
4.450000000000000000e+01
4.111999893188476562e+01
4.500000000000000000e+01
4.252999877929687500e+01
4.384999847412109375e+01
4.343999862670898438e+01
4.371999740600585938e+01
4.466999816894531250e+01
4.122999954223632812e+01
4.459999847412109375e+01
4.450999832153320312e+01
4.413999938964843750e+01
4.125000000000000000e+01
4.371999740600585938e+01
4.213999938964843750e+01
4.625999832153320312e+01
4.064999771118164062e+01
4.636000061035156250e+01
4.700999832153320312e+01
4.334000015258789062e+01
3.984000015258789062e+01
4.616999816894531250e+01
4.655999755859375000e+01
4.637999725341796875e+01
4.536000061035156250e+01
4.532999801635742188e+01
4.529999923706054688e+01
4.318000030517578125e+01
4.375999832153320312e+01
4.064999771118164062e+01
4.382999801635742188e+01
3.972999954223632812e+01
4.387999725341796875e+01
5.118000030517578125e+01
5.159000015258789062e+01
5.177000045776367188e+01
5.229999923706054688e+01
5.255999755859375000e+01
5.280999755859375000e+01
5.303999710083007812e+01
5.255999755859375000e+01
5.384000015258789062e+01
5.377999877929687500e+01
5.369999694824218750e+01
5.368000030517578125e+01
5.316999816894531250e+01
5.443999862670898438e+01
5.400000000000000000e+01
5.452999877929687500e+01
5.438999938964843750e+01
5.495999908447265625e+01
5.510999679565429688e+01
5.486999893188476562e+01
5.447999954223632812e+01
5.580999755859375000e+01
5.572999954223632812e+01
5.613999938964843750e+01
5.521999740600585938e+01
5.561999893188476562e+01
5.511999893188476562e+01
5.555999755859375000e+01
5.527999877929687500e+01
5.577000045776367188e+01
5.600999832153320312e+01
5.582999801635742188e+01
5.561999893188476562e+01
5.559999847412109375e+01
5.620999908447265625e+01
5.525999832153320312e+01
5.595999908447265625e+01
5.655999755859375000e+01
5.446999740600585938e+01
5.453999710083007812e+01
5.620999908447265625e+01
5.632999801635742188e+01
5.409999847412109375e+01
5.493999862670898438e+01
5.529999923706054688e+01
5.640999984741210938e+01
5.725000000000000000e+01
5.632999801635742188e+01
5.714999771118164062e+01
5.714999771118164062e+01
5.712999725341796875e+01
5.727000045776367188e+01
5.720999908447265625e+01
5.709999847412109375e+01
5.727000045776367188e+01
5.721999740600585938e+01
5.736999893188476562e+01
5.722999954223632812e+01
5.756999969482421875e+01
5.718999862670898438e+01
5.750999832153320312e+01
5.725999832153320312e+01
5.711999893188476562e+01
5.745999908447265625e+01
5.738999938964843750e+01
5.735999679565429688e+01
5.759999847412109375e+01
5.727999877929687500e+01
5.735999679565429688e+01
5.734000015258789062e+01
5.736999893188476562e+01
5.763999938964843750e+01
5.757999801635742188e+01
5.756999969482421875e+01
5.743000030517578125e+01
5.750000000000000000e+01
5.744999694824218750e+01
5.737999725341796875e+01
5.750999832153320312e+01
5.761999893188476562e+01
5.775999832153320312e+01
5.762999725341796875e+01
5.765999984741210938e+01
5.753999710083007812e+01
5.757999801635742188e+01
5.766999816894531250e+01
5.769999694824218750e+01
5.757999801635742188e+01
5.768000030517578125e+01
5.762999725341796875e+01
5.754999923706054688e+01
5.770999908447265625e+01
5.776999664306640625e+01
5.785999679565429688e+01
5.797999954223632812e+01
5.761999893188476562e+01
5.768000030517578125e+01
5.743999862670898438e+01
5.800000000000000000e+01
5.785999679565429688e+01
