4.224109649658203125e-01
4.172165393829345703e-01
4.102337360382080078e-01
4.061446189880371094e-01
4.254589080810546875e-01
4.087169170379638672e-01
4.126222133636474609e-01
4.133014678955078125e-01
4.037258625030517578e-01
4.123103618621826172e-01
4.057185649871826172e-01
4.185626506805419922e-01
4.144086837768554688e-01
4.131801128387451172e-01
4.167368412017822266e-01
4.071903228759765625e-01
4.112997055053710938e-01
4.022898674011230469e-01
4.148867130279541016e-01
4.091749191284179688e-01
4.096150398254394531e-01
4.095010757446289062e-01
4.034965038299560547e-01
4.098753929138183594e-01
3.993575572967529297e-01
5.272741317749023438e-01
4.087529182434082031e-01
4.138066768646240234e-01
4.050261974334716797e-01
4.043104648590087891e-01
4.132559299468994141e-01
4.046103954315185547e-01
4.135375022888183594e-01
3.996686935424804688e-01
4.169511795043945312e-01
4.068214893341064453e-01
4.094028472900390625e-01
4.141480922698974609e-01
4.074463844299316406e-01
4.094245433807373047e-01
4.081387519836425781e-01
4.195475578308105469e-01
4.225385189056396484e-01
4.141154289245605469e-01
4.107697010040283203e-01
4.056532382965087891e-01
4.144523143768310547e-01
4.067947864532470703e-01
4.146673679351806641e-01
4.077937602996826172e-01
4.162962436676025391e-01
4.053847789764404297e-01
4.086833000183105469e-01
4.179556369781494141e-01
4.091408252716064453e-01
4.182639122009277344e-01
4.155523777008056641e-01
4.397184848785400391e-01
4.134552478790283203e-01
4.145684242248535156e-01
4.210278987884521484e-01
4.081995487213134766e-01
4.164280891418457031e-01
4.045608043670654297e-01
4.181675910949707031e-01
4.065811634063720703e-01
4.153318405151367188e-01
4.119629859924316406e-01
4.067916870117187500e-01
4.184699058532714844e-01
4.027004241943359375e-01
4.109914302825927734e-01
4.043090343475341797e-01
4.054207801818847656e-01
4.092576503753662109e-01
4.004316329956054688e-01
4.202945232391357422e-01
4.002797603607177734e-01
4.114458560943603516e-01
4.142239093780517578e-01
4.064953327178955078e-01
4.087622165679931641e-01
4.060106277465820312e-01
4.140689373016357422e-01
4.030199050903320312e-01
4.142632484436035156e-01
4.061152935028076172e-01
4.281537532806396484e-01
4.147138595581054688e-01
4.182794094085693359e-01
4.135959148406982422e-01
4.095339775085449219e-01
4.093320369720458984e-01
4.088253974914550781e-01
4.057369232177734375e-01
4.118273258209228516e-01
4.007997512817382812e-01
4.154930114746093750e-01
4.076857566833496094e-01
4.138998985290527344e-01
4.063403606414794922e-01
4.155449867248535156e-01
4.200868606567382812e-01
4.032371044158935547e-01
4.149010181427001953e-01
4.034283161163330078e-01
4.190165996551513672e-01
4.070105552673339844e-01
4.134168624877929688e-01
4.115276336669921875e-01
4.032719135284423828e-01
4.179768562316894531e-01
4.010043144226074219e-01
4.133884906768798828e-01
4.073197841644287109e-01
4.099926948547363281e-01
4.112710952758789062e-01
4.042842388153076172e-01
4.072639942169189453e-01
4.013838768005371094e-01
4.226438999176025391e-01
4.016983509063720703e-01
4.087758064270019531e-01
4.079880714416503906e-01
4.104967117309570312e-01
4.209117889404296875e-01
4.023354053497314453e-01
4.148981571197509766e-01
4.012870788574218750e-01
4.128975868225097656e-01
4.062342643737792969e-01
4.055643081665039062e-01
4.261395931243896484e-01
4.023592472076416016e-01
4.137139320373535156e-01
4.030325412750244141e-01
4.152488708496093750e-01
4.110648632049560547e-01
4.052746295928955078e-01
4.161581993103027344e-01
4.076850414276123047e-01
4.182198047637939453e-01
4.064509868621826172e-01
4.111027717590332031e-01
4.138989448547363281e-01
4.031329154968261719e-01
4.107608795166015625e-01
4.126470088958740234e-01
4.132380485534667969e-01
4.047069549560546875e-01
4.120547771453857422e-01
4.126639366149902344e-01
4.029138088226318359e-01
4.108951091766357422e-01
4.062144756317138672e-01
4.100289344787597656e-01
4.062447547912597656e-01
4.117093086242675781e-01
4.096417427062988281e-01
4.273052215576171875e-01
4.162569046020507812e-01
4.158525466918945312e-01
4.184422492980957031e-01
4.154787063598632812e-01
4.368102550506591797e-01
4.127924442291259766e-01
4.218175411224365234e-01
4.332201480865478516e-01
4.194362163543701172e-01
4.291546344757080078e-01
4.364058971405029297e-01
4.227726459503173828e-01
4.155631065368652344e-01
4.216041564941406250e-01
4.200062751770019531e-01
4.240138530731201172e-01
4.206664562225341797e-01
4.139707088470458984e-01
4.262142181396484375e-01
4.041111469268798828e-01
4.110243320465087891e-01
4.095113277435302734e-01
4.086568355560302734e-01
4.169294834136962891e-01
4.047222137451171875e-01
4.175822734832763672e-01
4.057221412658691406e-01
4.141137599945068359e-01
4.095184803009033203e-01
4.155273437500000000e-01
4.178712368011474609e-01
4.143855571746826172e-01
4.348604679107666016e-01
3.899552822113037109e-01
4.025099277496337891e-01
3.911924362182617188e-01
3.902537822723388672e-01
3.972947597503662109e-01
3.911652565002441406e-01
3.898954391479492188e-01
