2.347871780395507812e+01
2.305403757095336914e+01
2.325781989097595215e+01
2.331236290931701660e+01
2.361795902252197266e+01
2.337352418899536133e+01
2.335561156272888184e+01
2.355209708213806152e+01
2.382996654510498047e+01
2.357785534858703613e+01
2.331807899475097656e+01
2.357801270484924316e+01
2.371397113800048828e+01
2.400146555900573730e+01
2.334504675865173340e+01
2.345573878288269043e+01
2.380925321578979492e+01
2.328867626190185547e+01
2.354478812217712402e+01
2.346995568275451660e+01
2.368606996536254883e+01
2.381093668937683105e+01
2.389786648750305176e+01
2.450353145599365234e+01
2.382387018203735352e+01
2.417779278755187988e+01
2.375331163406372070e+01
2.407759308815002441e+01
2.416183757781982422e+01
2.378649616241455078e+01
2.403894519805908203e+01
2.381763529777526855e+01
2.423815202713012695e+01
2.387895178794860840e+01
2.407379984855651855e+01
2.374393057823181152e+01
2.411667418479919434e+01
2.431904745101928711e+01
2.423245620727539062e+01
2.415579628944396973e+01
2.389450311660766602e+01
2.386946725845336914e+01
2.410503649711608887e+01
2.410373640060424805e+01
2.383362150192260742e+01
2.397667670249938965e+01
2.407457184791564941e+01
2.398813390731811523e+01
2.408510613441467285e+01
2.409853935241699219e+01
2.392987084388732910e+01
2.390899944305419922e+01
2.442206001281738281e+01
2.410144352912902832e+01
2.393682146072387695e+01
2.372179532051086426e+01
2.385438251495361328e+01
2.402551269531250000e+01
2.398601722717285156e+01
2.416316628456115723e+01
2.411082482337951660e+01
2.398109793663024902e+01
2.409514474868774414e+01
2.382175254821777344e+01
2.418772554397583008e+01
2.396818518638610840e+01
2.387634611129760742e+01
2.390601229667663574e+01
2.419072747230529785e+01
2.373886728286743164e+01
2.376282048225402832e+01
2.389841651916503906e+01
2.377237653732299805e+01
2.383888053894042969e+01
2.390387940406799316e+01
2.362161970138549805e+01
2.390060234069824219e+01
2.445034146308898926e+01
2.402685976028442383e+01
2.391510581970214844e+01
2.380398821830749512e+01
2.387335276603698730e+01
2.396251630783081055e+01
2.378779911994934082e+01
2.397909450531005859e+01
2.398525476455688477e+01
2.350041818618774414e+01
2.361216425895690918e+01
2.396523237228393555e+01
2.403397941589355469e+01
2.398786878585815430e+01
2.382317662239074707e+01
2.429967141151428223e+01
2.420934629440307617e+01
2.392953944206237793e+01
2.386167335510253906e+01
2.385170459747314453e+01
2.385716986656188965e+01
2.410438537597656250e+01
2.378395080566406250e+01
2.357208561897277832e+01
2.377998280525207520e+01
2.380751276016235352e+01
2.370939898490905762e+01
2.408284687995910645e+01
2.388701510429382324e+01
2.386727380752563477e+01
2.365700078010559082e+01
2.424296402931213379e+01
2.402429032325744629e+01
2.404558634757995605e+01
2.384342575073242188e+01
2.415573787689208984e+01
2.385475826263427734e+01
2.416701412200927734e+01
2.417046976089477539e+01
2.390225672721862793e+01
2.365563488006591797e+01
2.409256291389465332e+01
2.405140805244445801e+01
2.367227721214294434e+01
2.394977855682373047e+01
2.401153635978698730e+01
2.433638310432434082e+01
2.364025616645812988e+01
2.392240309715270996e+01
2.390198945999145508e+01
2.374885344505310059e+01
2.402554082870483398e+01
2.390265822410583496e+01
2.431117510795593262e+01
2.374984216690063477e+01
2.402811717987060547e+01
2.372014403343200684e+01
2.404983520507812500e+01
2.387998723983764648e+01
2.426682996749877930e+01
2.407587456703186035e+01
2.382896018028259277e+01
2.418636512756347656e+01
2.372391128540039062e+01
2.374193453788757324e+01
2.398324656486511230e+01
2.395179748535156250e+01
2.383972692489624023e+01
2.374247646331787109e+01
2.422482919692993164e+01
2.394281244277954102e+01
2.386008763313293457e+01
2.371687078475952148e+01
2.392152810096740723e+01
2.398642277717590332e+01
2.389563798904418945e+01
2.379604315757751465e+01
2.378795671463012695e+01
2.390125298500061035e+01
2.371782422065734863e+01
2.379033064842224121e+01
2.405513262748718262e+01
2.397519254684448242e+01
2.419070553779602051e+01
2.385296487808227539e+01
2.414921140670776367e+01
2.406196999549865723e+01
2.367267465591430664e+01
2.389165568351745605e+01
2.418160653114318848e+01
2.415938162803649902e+01
2.398247933387756348e+01
2.409729743003845215e+01
2.398785710334777832e+01
2.391351914405822754e+01
2.400133872032165527e+01
2.384302377700805664e+01
2.396568155288696289e+01
2.371560764312744141e+01
2.431773281097412109e+01
2.382497549057006836e+01
2.442711496353149414e+01
2.408667683601379395e+01
2.414448785781860352e+01
2.375342583656311035e+01
2.384840393066406250e+01
2.404077506065368652e+01
2.392361640930175781e+01
2.414058542251586914e+01
2.360200309753417969e+01
2.399195861816406250e+01
2.373479390144348145e+01
2.374982619285583496e+01
2.404104256629943848e+01
2.376789808273315430e+01
2.446860694885253906e+01
2.348488187789916992e+01
2.337995266914367676e+01
2.308426713943481445e+01
2.304059600830078125e+01
2.322561621665954590e+01
2.343871092796325684e+01
2.346838808059692383e+01
