2.347525930404663086e+01
2.285373234748840332e+01
2.307351040840148926e+01
2.343300771713256836e+01
2.296510505676269531e+01
2.294649338722229004e+01
2.294388437271118164e+01
2.337363314628601074e+01
2.373314404487609863e+01
2.331919527053833008e+01
2.303423523902893066e+01
2.305536770820617676e+01
2.323073601722717285e+01
2.305682802200317383e+01
2.331929516792297363e+01
2.325217413902282715e+01
2.382620310783386230e+01
2.309553265571594238e+01
2.323068380355834961e+01
2.332872486114501953e+01
2.340121197700500488e+01
2.342833137512207031e+01
2.343303227424621582e+01
2.338748574256896973e+01
2.319602274894714355e+01
2.387699413299560547e+01
2.327629899978637695e+01
2.365923428535461426e+01
2.349793767929077148e+01
2.315736103057861328e+01
2.320124053955078125e+01
2.321216607093811035e+01
2.391673135757446289e+01
2.315771842002868652e+01
2.329746437072753906e+01
2.316140770912170410e+01
2.313283491134643555e+01
2.321630930900573730e+01
2.343119311332702637e+01
2.368810939788818359e+01
2.360065865516662598e+01
2.350777816772460938e+01
2.341224312782287598e+01
2.335136508941650391e+01
2.320023894309997559e+01
2.317920136451721191e+01
2.365702104568481445e+01
2.311108016967773438e+01
2.320280480384826660e+01
2.311898279190063477e+01
2.346136546134948730e+01
2.324131250381469727e+01
2.314977836608886719e+01
2.326144051551818848e+01
2.346841144561767578e+01
2.321316576004028320e+01
2.339424896240234375e+01
2.323844218254089355e+01
2.316648507118225098e+01
2.314632415771484375e+01
2.332626605033874512e+01
2.341766858100891113e+01
2.319772243499755859e+01
2.342379426956176758e+01
2.356297802925109863e+01
2.342479395866394043e+01
2.319554972648620605e+01
2.331031990051269531e+01
2.344476962089538574e+01
2.351513528823852539e+01
2.334106230735778809e+01
2.325103616714477539e+01
2.314132952690124512e+01
2.370182871818542480e+01
2.320837712287902832e+01
2.316269564628601074e+01
2.338619303703308105e+01
2.363295483589172363e+01
2.327881622314453125e+01
2.334355664253234863e+01
2.333270716667175293e+01
2.324589371681213379e+01
2.319339418411254883e+01
2.334413886070251465e+01
2.317792844772338867e+01
2.316425037384033203e+01
2.313930678367614746e+01
2.335517263412475586e+01
2.352546715736389160e+01
2.362422776222229004e+01
2.343287706375122070e+01
2.330777072906494141e+01
2.403953671455383301e+01
2.353266191482543945e+01
2.319669795036315918e+01
2.334270453453063965e+01
2.358924770355224609e+01
2.331155109405517578e+01
2.340760493278503418e+01
2.346771812438964844e+01
2.315225481986999512e+01
2.319952535629272461e+01
2.361853861808776855e+01
2.313799118995666504e+01
2.385040688514709473e+01
2.369654059410095215e+01
2.334654808044433594e+01
2.333256888389587402e+01
2.327059245109558105e+01
2.336512231826782227e+01
2.313808512687683105e+01
2.357640385627746582e+01
2.312456011772155762e+01
2.319205999374389648e+01
2.330423116683959961e+01
2.315330266952514648e+01
2.356918668746948242e+01
2.317342019081115723e+01
2.318826079368591309e+01
2.328961515426635742e+01
2.347857713699340820e+01
2.330306410789489746e+01
2.359948635101318359e+01
2.331770062446594238e+01
2.324089360237121582e+01
2.322717356681823730e+01
2.353355216979980469e+01
2.367677903175354004e+01
2.335464286804199219e+01
2.329039573669433594e+01
2.404920530319213867e+01
2.321271729469299316e+01
2.328846406936645508e+01
2.311472725868225098e+01
2.405780816078186035e+01
2.320907688140869141e+01
2.337556147575378418e+01
2.346033859252929688e+01
2.326936316490173340e+01
2.343820357322692871e+01
2.353028988838195801e+01
2.323343563079833984e+01
2.337842535972595215e+01
2.338374996185302734e+01
2.368574810028076172e+01
2.351915264129638672e+01
2.321889305114746094e+01
2.383587908744812012e+01
2.321867251396179199e+01
2.315862679481506348e+01
2.320456695556640625e+01
2.341011071205139160e+01
2.318076205253601074e+01
2.347544145584106445e+01
2.329568815231323242e+01
2.348111724853515625e+01
2.324637651443481445e+01
2.331918287277221680e+01
2.360976409912109375e+01
2.355018091201782227e+01
2.328809976577758789e+01
2.317938017845153809e+01
2.352669095993041992e+01
2.319924736022949219e+01
2.331092238426208496e+01
2.361088538169860840e+01
2.324508929252624512e+01
2.331829881668090820e+01
2.363706159591674805e+01
2.349867653846740723e+01
2.368230795860290527e+01
2.321574926376342773e+01
2.354717016220092773e+01
2.327939343452453613e+01
2.346768260002136230e+01
2.320329856872558594e+01
2.320597171783447266e+01
2.318014717102050781e+01
2.323189735412597656e+01
2.324706077575683594e+01
2.361757588386535645e+01
2.321996569633483887e+01
2.319918251037597656e+01
2.328725385665893555e+01
2.360121440887451172e+01
2.350240540504455566e+01
2.316541552543640137e+01
2.320516228675842285e+01
2.320137381553649902e+01
2.342370557785034180e+01
2.346728229522705078e+01
2.320996689796447754e+01
2.380644893646240234e+01
2.289468526840209961e+01
2.279014134407043457e+01
2.269588565826416016e+01
2.272851610183715820e+01
2.273654937744140625e+01
2.268179035186767578e+01
2.260523438453674316e+01
