2.348173022270202637e+01
2.318668746948242188e+01
2.280874705314636230e+01
2.293914532661437988e+01
2.344248890876770020e+01
2.343061709403991699e+01
2.326689410209655762e+01
2.323177218437194824e+01
2.343714857101440430e+01
2.304424118995666504e+01
2.320051312446594238e+01
2.326101279258728027e+01
2.336706686019897461e+01
2.342131900787353516e+01
2.325954747200012207e+01
2.336025905609130859e+01
2.373172879219055176e+01
2.328856492042541504e+01
2.317149734497070312e+01
2.301795148849487305e+01
2.304994273185729980e+01
2.372310304641723633e+01
2.342371582984924316e+01
2.332323980331420898e+01
2.342056632041931152e+01
2.374180245399475098e+01
2.360479116439819336e+01
2.374034214019775391e+01
2.353007173538208008e+01
2.349084234237670898e+01
2.343605947494506836e+01
2.321091771125793457e+01
2.373643136024475098e+01
2.320541715621948242e+01
2.321520948410034180e+01
2.346297812461853027e+01
2.343393301963806152e+01
2.374541115760803223e+01
2.313874554634094238e+01
2.356452155113220215e+01
2.376223778724670410e+01
2.318294143676757812e+01
2.355268549919128418e+01
2.315110301971435547e+01
2.333523392677307129e+01
2.334101009368896484e+01
2.318953680992126465e+01
2.367501521110534668e+01
2.366321063041687012e+01
2.342964744567871094e+01
2.337665772438049316e+01
2.323804593086242676e+01
2.361178207397460938e+01
2.362651395797729492e+01
2.326700353622436523e+01
2.337595605850219727e+01
2.321349811553955078e+01
2.322578907012939453e+01
2.327925705909729004e+01
2.346014952659606934e+01
2.330317831039428711e+01
2.313991689682006836e+01
2.343942880630493164e+01
2.333601212501525879e+01
2.352390336990356445e+01
2.351324772834777832e+01
2.337269997596740723e+01
2.355442214012145996e+01
2.315827250480651855e+01
2.320445227622985840e+01
2.362210631370544434e+01
2.327266168594360352e+01
2.324221372604370117e+01
2.344398570060729980e+01
2.345616054534912109e+01
2.334350633621215820e+01
2.355593204498291016e+01
2.359463930130004883e+01
2.320411610603332520e+01
2.344406723976135254e+01
2.336028027534484863e+01
2.336739444732666016e+01
2.330187273025512695e+01
2.317665648460388184e+01
2.327324318885803223e+01
2.324865961074829102e+01
2.343638801574707031e+01
2.329218053817749023e+01
2.334591865539550781e+01
2.361990380287170410e+01
2.321843862533569336e+01
2.329631447792053223e+01
2.317582702636718750e+01
2.317401099205017090e+01
2.329836225509643555e+01
2.318855524063110352e+01
2.317395663261413574e+01
2.324656772613525391e+01
2.341174602508544922e+01
2.350337386131286621e+01
2.311532711982727051e+01
2.320931243896484375e+01
2.318456602096557617e+01
2.330644083023071289e+01
2.316266894340515137e+01
2.318677258491516113e+01
2.332117605209350586e+01
2.325541234016418457e+01
2.323180651664733887e+01
2.372278475761413574e+01
2.338429331779479980e+01
2.355324983596801758e+01
2.329804039001464844e+01
2.319152140617370605e+01
2.318427515029907227e+01
2.325348567962646484e+01
2.325943493843078613e+01
2.312439894676208496e+01
2.328762722015380859e+01
2.317737579345703125e+01
2.333284568786621094e+01
2.318511581420898438e+01
2.335944986343383789e+01
2.353672575950622559e+01
2.327588367462158203e+01
2.343472790718078613e+01
2.351327610015869141e+01
2.322578096389770508e+01
2.349325370788574219e+01
2.339427208900451660e+01
2.352882671356201172e+01
2.321227455139160156e+01
2.341210532188415527e+01
2.332173681259155273e+01
2.341103601455688477e+01
2.312816381454467773e+01
2.340216326713562012e+01
2.345640325546264648e+01
2.373172640800476074e+01
2.317885208129882812e+01
2.312385416030883789e+01
2.322445654869079590e+01
2.315881061553955078e+01
2.335603570938110352e+01
2.315978455543518066e+01
2.329790806770324707e+01
2.319318222999572754e+01
2.316939258575439453e+01
2.332503032684326172e+01
2.368053746223449707e+01
2.328330779075622559e+01
2.345563745498657227e+01
2.314850449562072754e+01
2.319823527336120605e+01
2.317295956611633301e+01
2.319421982765197754e+01
2.354908156394958496e+01
2.332409453392028809e+01
2.363592314720153809e+01
2.316075825691223145e+01
2.377233839035034180e+01
2.317992734909057617e+01
2.363311624526977539e+01
2.315513920783996582e+01
2.369168424606323242e+01
2.347796702384948730e+01
2.352630257606506348e+01
2.350599336624145508e+01
2.355650925636291504e+01
2.320024371147155762e+01
2.357645344734191895e+01
2.323395204544067383e+01
2.374641323089599609e+01
2.315131735801696777e+01
2.341497278213500977e+01
2.369698429107666016e+01
2.351980495452880859e+01
2.315785384178161621e+01
2.322575879096984863e+01
2.343039250373840332e+01
2.315652990341186523e+01
2.322854590415954590e+01
2.330648922920227051e+01
2.369043874740600586e+01
2.355566811561584473e+01
2.341190981864929199e+01
2.322449612617492676e+01
2.333387303352355957e+01
2.324482727050781250e+01
2.320485758781433105e+01
2.334082484245300293e+01
2.318860650062561035e+01
2.397371745109558105e+01
2.260423302650451660e+01
2.286162567138671875e+01
2.280605530738830566e+01
2.278188967704772949e+01
2.303270292282104492e+01
2.276632142066955566e+01
2.318153834342956543e+01
