1.308010864257812500e+01
1.246913814544677734e+01
1.249300599098205566e+01
1.244252824783325195e+01
1.255289053916931152e+01
1.253239226341247559e+01
1.256160926818847656e+01
1.270168519020080566e+01
1.255962753295898438e+01
1.253536963462829590e+01
1.255411696434020996e+01
1.255782651901245117e+01
1.263595652580261230e+01
1.254869174957275391e+01
1.255546736717224121e+01
1.257047367095947266e+01
1.258356666564941406e+01
1.258019757270812988e+01
1.256239151954650879e+01
1.254488301277160645e+01
1.256206512451171875e+01
1.256460070610046387e+01
1.267093706130981445e+01
1.265659284591674805e+01
1.267327570915222168e+01
1.249820971488952637e+01
1.263965988159179688e+01
1.263188791275024414e+01
1.269803833961486816e+01
1.270428681373596191e+01
1.272612023353576660e+01
1.264732789993286133e+01
1.265936994552612305e+01
1.265795373916625977e+01
1.264405989646911621e+01
1.265403556823730469e+01
1.265025162696838379e+01
1.265899825096130371e+01
1.268312120437622070e+01
1.266317677497863770e+01
1.266020178794860840e+01
1.267122697830200195e+01
1.270799684524536133e+01
1.267305445671081543e+01
1.266458153724670410e+01
1.268410110473632812e+01
1.265803146362304688e+01
1.276047849655151367e+01
1.266078972816467285e+01
1.266207814216613770e+01
1.268948602676391602e+01
1.265329122543334961e+01
1.268113136291503906e+01
1.269896531105041504e+01
1.269808912277221680e+01
1.265815830230712891e+01
1.264106655120849609e+01
1.264878463745117188e+01
1.265882420539855957e+01
1.267881631851196289e+01
1.266439676284790039e+01
1.267839860916137695e+01
1.264758133888244629e+01
1.272526884078979492e+01
1.268566632270812988e+01
1.268674516677856445e+01
1.271700692176818848e+01
1.270512723922729492e+01
1.264900660514831543e+01
1.265522527694702148e+01
1.265990447998046875e+01
1.267318344116210938e+01
1.268052196502685547e+01
1.272967553138732910e+01
1.278126382827758789e+01
1.267738437652587891e+01
1.271790051460266113e+01
1.265870118141174316e+01
1.265384888648986816e+01
1.269858002662658691e+01
1.264678335189819336e+01
1.267723870277404785e+01
1.265956807136535645e+01
1.267961692810058594e+01
1.268078780174255371e+01
1.265758013725280762e+01
1.274505925178527832e+01
1.266034841537475586e+01
1.272876214981079102e+01
1.266485714912414551e+01
1.265989208221435547e+01
1.266048049926757812e+01
1.267436099052429199e+01
1.266938257217407227e+01
1.265604591369628906e+01
1.267601656913757324e+01
1.266724634170532227e+01
1.268015885353088379e+01
1.265661621093750000e+01
1.273022389411926270e+01
1.265880680084228516e+01
1.266018152236938477e+01
1.265122461318969727e+01
1.270304989814758301e+01
1.266214823722839355e+01
1.266303157806396484e+01
1.271522045135498047e+01
1.267308259010314941e+01
1.268535947799682617e+01
1.263481807708740234e+01
1.266067767143249512e+01
1.266269302368164062e+01
1.265855455398559570e+01
1.266147494316101074e+01
1.265482878684997559e+01
1.267830085754394531e+01
1.265194225311279297e+01
1.267639851570129395e+01
1.267673397064208984e+01
1.268036150932312012e+01
1.266248416900634766e+01
1.266120934486389160e+01
1.269941592216491699e+01
1.266605925559997559e+01
1.266129016876220703e+01
1.265635657310485840e+01
1.267309546470642090e+01
1.268746519088745117e+01
1.273218607902526855e+01
1.272247743606567383e+01
1.267483711242675781e+01
1.266573929786682129e+01
1.266969203948974609e+01
1.266058897972106934e+01
1.266113352775573730e+01
1.266769075393676758e+01
1.271374201774597168e+01
1.260200476646423340e+01
1.267599987983703613e+01
1.264250469207763672e+01
1.265921640396118164e+01
1.266877484321594238e+01
1.264468502998352051e+01
1.273776459693908691e+01
1.265878605842590332e+01
1.267819690704345703e+01
1.265923380851745605e+01
1.266581916809082031e+01
1.268800854682922363e+01
1.271763396263122559e+01
1.266284394264221191e+01
1.269228506088256836e+01
1.266998195648193359e+01
1.266763472557067871e+01
1.264504337310791016e+01
1.266412448883056641e+01
1.268135881423950195e+01
1.268049120903015137e+01
1.266936516761779785e+01
1.267657494544982910e+01
1.268158340454101562e+01
1.267727875709533691e+01
1.267368912696838379e+01
1.265988779067993164e+01
1.267384028434753418e+01
1.267184972763061523e+01
1.268975329399108887e+01
1.274811911582946777e+01
1.265817475318908691e+01
1.264845371246337891e+01
1.264549398422241211e+01
1.266577601432800293e+01
1.270133137702941895e+01
1.265683174133300781e+01
1.267357039451599121e+01
1.265068674087524414e+01
1.264002060890197754e+01
1.266683387756347656e+01
1.267494201660156250e+01
1.265803217887878418e+01
1.266920328140258789e+01
1.266130924224853516e+01
1.274075150489807129e+01
1.267052745819091797e+01
1.264957571029663086e+01
1.267457532882690430e+01
1.266316318511962891e+01
1.264735603332519531e+01
1.263434123992919922e+01
1.263855981826782227e+01
1.268140625953674316e+01
1.268218541145324707e+01
1.284923577308654785e+01
1.251252841949462891e+01
1.251726722717285156e+01
1.259173130989074707e+01
1.253805947303771973e+01
1.260236477851867676e+01
1.255932259559631348e+01
1.254626655578613281e+01
