2.385720701293945201e+00
2.262296241912841843e+00
2.217117447586059775e+00
2.164286906433105617e+00
2.092425092010497867e+00
2.027757889556884852e+00
2.004121378097534212e+00
2.020169872169494507e+00
2.001546827468871914e+00
1.952640955581665061e+00
1.934823945007324131e+00
1.916533931388854972e+00
1.933908032035827729e+00
1.933438923416137767e+00
2.002647957649231092e+00
1.950334316062927176e+00
1.950171724929809614e+00
1.929091283111572297e+00
1.914494265060424860e+00
1.950173920288085894e+00
1.929805702514648447e+00
1.915136478157043465e+00
1.935602186203002839e+00
1.943946586837768553e+00
1.930529321975708035e+00
1.927511677627563369e+00
1.940781057662963827e+00
1.967993944702148390e+00
1.958063233604431241e+00
1.968245332031250072e+00
1.930055447692871073e+00
1.946721047973632768e+00
1.972519903907775873e+00
1.913257238006591754e+00
1.973230164794921970e+00
1.929694152526855389e+00
1.974344580230712909e+00
1.971100195846557712e+00
1.998041702194213842e+00
1.963937608261108414e+00
1.972979251327514616e+00
1.975523851242065421e+00
1.976175492019653257e+00
1.964611866989135702e+00
1.975569445571899507e+00
1.991497256469726640e+00
1.975014620094299289e+00
1.977586529273986926e+00
2.019527929687499945e+00
2.012093970489501782e+00
1.996897142601013142e+00
2.030351877136230332e+00
1.971240210037231488e+00
1.968900674209594692e+00
2.051824316673279025e+00
2.034393957328796354e+00
2.032076020431518693e+00
2.079427404327392370e+00
2.039949133834838779e+00
2.062334097442626746e+00
2.079820482482910293e+00
2.033559943313598684e+00
2.085852562408447408e+00
2.116573163452148520e+00
2.109189520797729589e+00
2.087741886978149441e+00
2.069662486381530719e+00
2.052591678161621136e+00
2.065883959960937322e+00
2.083449452667236468e+00
2.103637504692077442e+00
2.063005526428222769e+00
2.063070210075378608e+00
2.165001517486572435e+00
2.049915304489135615e+00
2.110973358917236364e+00
2.074189660644531141e+00
2.111900776748657282e+00
2.049557379379272515e+00
2.070837097778320146e+00
2.089719250946044937e+00
2.147095703201293837e+00
2.121951095504760687e+00
2.107313182907104565e+00
2.122728495864868226e+00
2.073495628051758022e+00
2.135715173149109081e+00
2.093593505935668730e+00
2.101907701492309766e+00
2.127311892471313470e+00
2.109446254539489640e+00
2.118287388038635033e+00
2.123441297607421951e+00
2.110746313095092752e+00
2.134236098098754919e+00
2.146129788360595647e+00
2.153241686630249063e+00
2.128145970344543336e+00
2.120153050918579307e+00
2.144048818740844631e+00
1.673135251922607480e+00
1.626235379486083987e+00
1.646718305244445846e+00
1.661506316070556544e+00
1.645005900497436446e+00
1.666915717391967755e+00
1.676596082267761245e+00
1.648801651535034107e+00
1.679055699691772485e+00
1.669277902488708554e+00
1.694343065528869596e+00
1.663693064346313477e+00
1.700654457778930650e+00
1.676109017181396377e+00
1.682331170234680151e+00
1.710101726341247463e+00
1.722597992820739776e+00
1.687327861366271886e+00
1.692496086654663001e+00
1.670945404624939012e+00
1.705269162788391135e+00
1.712445788688659709e+00
1.696219190711975022e+00
1.686995841064453217e+00
1.703458765792846608e+00
1.686299927368164031e+00
1.705046190376281690e+00
1.719560467529296810e+00
1.698866964302063076e+00
1.697527145385742120e+00
1.714694630622863869e+00
1.721641543731689428e+00
1.715463192062377962e+00
1.717315321960449115e+00
1.719039749908447323e+00
1.717130456771850611e+00
1.746537696075439516e+00
1.704471588058471765e+00
1.707589556503295913e+00
1.715872017326355081e+00
1.697429348983764630e+00
1.724294462127685446e+00
1.730265211524963487e+00
1.739949805755615309e+00
1.700696521339416512e+00
1.745759194412231485e+00
1.722522444496154881e+00
1.717199359130859415e+00
1.740711438293456981e+00
1.709519331855773983e+00
1.709610969581603968e+00
1.717994661674499435e+00
1.676375102500915482e+00
1.668444110107421885e+00
1.665390761642456141e+00
1.699349307785034124e+00
1.652077427787780772e+00
1.673776230926513620e+00
1.701922662010192822e+00
1.656505462646484350e+00
1.679877962608337327e+00
1.691863668479919536e+00
1.714891770629882739e+00
1.686978917541503975e+00
1.676456011543273839e+00
1.677736172866821196e+00
1.654302787551879872e+00
1.700586345825195300e+00
1.671329646606445340e+00
1.686733093414306550e+00
1.664640120620727526e+00
1.683878649978637787e+00
1.677902064914703395e+00
1.684408134231567322e+00
1.726474077301025423e+00
1.672273302230834924e+00
1.716134158935546772e+00
1.701233513832092203e+00
1.668035719337463307e+00
1.700038818359375092e+00
1.658705036964416513e+00
1.699257435760498147e+00
1.699051932258605957e+00
1.673865377998352111e+00
1.693916043090820223e+00
1.711228817787170398e+00
1.686656413536071764e+00
1.691981858787536597e+00
1.695972601852417050e+00
1.688757003250122013e+00
1.700707879791259813e+00
1.672028994064331142e+00
1.682026132316589262e+00
1.680344512023925763e+00
1.664325455245971641e+00
1.666641569213867191e+00
1.693709089813232316e+00
1.668863248062133708e+00
1.710095438461303630e+00
1.670170855789184561e+00
