4.224970340728759766e-01
4.171252250671386719e-01
4.101436138153076172e-01
4.059140682220458984e-01
4.254386425018310547e-01
4.087035655975341797e-01
4.125261306762695312e-01
4.131784439086914062e-01
4.037680625915527344e-01
4.123022556304931641e-01
4.056301116943359375e-01
4.185550212860107422e-01
4.131557941436767578e-01
4.132776260375976562e-01
4.167900085449218750e-01
4.071586132049560547e-01
4.112811088562011719e-01
4.022297859191894531e-01
4.150447845458984375e-01
4.092061519622802734e-01
4.095468521118164062e-01
4.095075130462646484e-01
4.038105010986328125e-01
4.097800254821777344e-01
3.992805480957031250e-01
4.900591373443603516e-01
4.086799621582031250e-01
4.137468338012695312e-01
4.049749374389648438e-01
4.042854309082031250e-01
4.132204055786132812e-01
4.050805568695068359e-01
4.135344028472900391e-01
3.995733261108398438e-01
4.168689250946044922e-01
4.066858291625976562e-01
4.093413352966308594e-01
4.142227172851562500e-01
4.073925018310546875e-01
4.094991683959960938e-01
4.080817699432373047e-01
4.195101261138916016e-01
4.224967956542968750e-01
4.140286445617675781e-01
4.115109443664550781e-01
4.056608676910400391e-01
4.147155284881591797e-01
4.068419933319091797e-01
4.146497249603271484e-01
4.077219963073730469e-01
4.162240028381347656e-01
4.053957462310791016e-01
4.086077213287353516e-01
4.179360866546630859e-01
4.091060161590576172e-01
4.182121753692626953e-01
4.155416488647460938e-01
4.397485256195068359e-01
4.133729934692382812e-01
4.144833087921142578e-01
4.210164546966552734e-01
4.081559181213378906e-01
4.163272380828857422e-01
4.045038223266601562e-01
4.180951118469238281e-01
4.064941406250000000e-01
4.153637886047363281e-01
4.118604660034179688e-01
4.067153930664062500e-01
4.184212684631347656e-01
4.028379917144775391e-01
4.111027717590332031e-01
4.042868614196777344e-01
4.053275585174560547e-01
4.091880321502685547e-01
4.004304409027099609e-01
4.201338291168212891e-01
4.001877307891845703e-01
4.114186763763427734e-01
4.132196903228759766e-01
4.063796997070312500e-01
4.087846279144287109e-01
4.059176445007324219e-01
4.140095710754394531e-01
4.030489921569824219e-01
4.141581058502197266e-01
4.060978889465332031e-01
4.281051158905029297e-01
4.146690368652343750e-01
4.181799888610839844e-01
4.135890007019042969e-01
4.096004962921142578e-01
4.093332290649414062e-01
4.087729454040527344e-01
4.056527614593505859e-01
4.117636680603027344e-01
4.008045196533203125e-01
4.154138565063476562e-01
4.075918197631835938e-01
4.139273166656494141e-01
4.063551425933837891e-01
4.154603481292724609e-01
4.200341701507568359e-01
4.031813144683837891e-01
4.148697853088378906e-01
4.040465354919433594e-01
4.189410209655761719e-01
4.068820476531982422e-01
4.133973121643066406e-01
4.114704132080078125e-01
4.033029079437255859e-01
4.179592132568359375e-01
4.009590148925781250e-01
4.133262634277343750e-01
4.071929454803466797e-01
4.099426269531250000e-01
4.112818241119384766e-01
4.042673110961914062e-01
4.072587490081787109e-01
4.013402462005615234e-01
4.226391315460205078e-01
4.017064571380615234e-01
4.078340530395507812e-01
4.080085754394531250e-01
4.105014801025390625e-01
4.208195209503173828e-01
4.023647308349609375e-01
4.148914813995361328e-01
4.011645317077636719e-01
4.127833843231201172e-01
4.060904979705810547e-01
4.054951667785644531e-01
4.260120391845703125e-01
4.022698402404785156e-01
4.136261940002441406e-01
4.029846191406250000e-01
4.152061939239501953e-01
4.110414981842041016e-01
4.051508903503417969e-01
4.160697460174560547e-01
4.075770378112792969e-01
4.182026386260986328e-01
4.064619541168212891e-01
4.110205173492431641e-01
4.138391017913818359e-01
4.031038284301757812e-01
4.106943607330322266e-01
4.125969409942626953e-01
4.132959842681884766e-01
4.046931266784667969e-01
4.120578765869140625e-01
4.126479625701904297e-01
4.029171466827392578e-01
4.109287261962890625e-01
4.061012268066406250e-01
4.100251197814941406e-01
4.062631130218505859e-01
4.117414951324462891e-01
4.096212387084960938e-01
4.272947311401367188e-01
4.161784648895263672e-01
4.158661365509033203e-01
4.184911251068115234e-01
4.155268669128417969e-01
4.369330406188964844e-01
4.128129482269287109e-01
4.212725162506103516e-01
4.332404136657714844e-01
4.194083213806152344e-01
4.290993213653564453e-01
4.364120960235595703e-01
4.228088855743408203e-01
4.156041145324707031e-01
4.216151237487792969e-01
4.200735092163085938e-01
4.239389896392822266e-01
4.206366539001464844e-01
4.136269092559814453e-01
4.261603355407714844e-01
4.040238857269287109e-01
4.109592437744140625e-01
4.094591140747070312e-01
4.086713790893554688e-01
4.168927669525146484e-01
4.046838283538818359e-01
4.176173210144042969e-01
4.056999683380126953e-01
4.141132831573486328e-01
4.095203876495361328e-01
4.155213832855224609e-01
4.178295135498046875e-01
4.144759178161621094e-01
4.348499774932861328e-01
3.899726867675781250e-01
4.025433063507080078e-01
3.911101818084716797e-01
3.902323246002197266e-01
3.973400592803955078e-01
3.910622596740722656e-01
3.898320198059082031e-01
