1.297057700157165527e+01
1.239803934097290039e+01
1.234999990463256836e+01
1.244089126586914062e+01
1.239949631690979004e+01
1.241193437576293945e+01
1.247344851493835449e+01
1.248575520515441895e+01
1.240073895454406738e+01
1.242156243324279785e+01
1.239890336990356445e+01
1.253036141395568848e+01
1.251846313476562500e+01
1.247900915145874023e+01
1.248301506042480469e+01
1.240567159652709961e+01
1.249521827697753906e+01
1.250093746185302734e+01
1.244016551971435547e+01
1.251183509826660156e+01
1.250183749198913574e+01
1.253399825096130371e+01
1.258768963813781738e+01
1.252434611320495605e+01
1.261403417587280273e+01
1.260980010032653809e+01
1.258513665199279785e+01
1.258559489250183105e+01
1.253597974777221680e+01
1.259620809555053711e+01
1.259083700180053711e+01
1.265402245521545410e+01
1.253958463668823242e+01
1.256684112548828125e+01
1.256018090248107910e+01
1.259653139114379883e+01
1.250952005386352539e+01
1.250715804100036621e+01
1.245558714866638184e+01
1.254446983337402344e+01
1.252639317512512207e+01
1.258656692504882812e+01
1.248659396171569824e+01
1.255509996414184570e+01
1.259936976432800293e+01
1.253827929496765137e+01
1.256660509109497070e+01
1.250774860382080078e+01
1.257750964164733887e+01
1.258156132698059082e+01
1.250189375877380371e+01
1.251559758186340332e+01
1.251269841194152832e+01
1.251972317695617676e+01
1.253044414520263672e+01
1.252905583381652832e+01
1.255960106849670410e+01
1.252504491806030273e+01
1.250173759460449219e+01
1.250555133819580078e+01
1.248668384552001953e+01
1.251481366157531738e+01
1.251811146736145020e+01
1.249588108062744141e+01
1.250454401969909668e+01
1.256311321258544922e+01
1.251224899291992188e+01
1.256453943252563477e+01
1.259954476356506348e+01
1.253568553924560547e+01
1.251079487800598145e+01
1.252062654495239258e+01
1.258794045448303223e+01
1.250145077705383301e+01
1.258219742774963379e+01
1.253817963600158691e+01
1.256195998191833496e+01
1.252336263656616211e+01
1.251835703849792480e+01
1.258982563018798828e+01
1.259136056900024414e+01
1.253232812881469727e+01
1.255216956138610840e+01
1.256466078758239746e+01
1.251729726791381836e+01
1.257789969444274902e+01
1.257860660552978516e+01
1.258260488510131836e+01
1.247947120666503906e+01
1.251392340660095215e+01
1.254741406440734863e+01
1.250187611579895020e+01
1.249951839447021484e+01
1.255673885345458984e+01
1.251981449127197266e+01
1.254135537147521973e+01
1.256052517890930176e+01
1.255232048034667969e+01
1.248944616317749023e+01
1.248229670524597168e+01
1.261633110046386719e+01
1.258855295181274414e+01
1.256601333618164062e+01
1.256987762451171875e+01
1.249721217155456543e+01
1.257134461402893066e+01
1.259020423889160156e+01
1.252513289451599121e+01
1.259343647956848145e+01
1.262142539024353027e+01
1.258001685142517090e+01
1.261959481239318848e+01
1.257532238960266113e+01
1.251654648780822754e+01
1.253429150581359863e+01
1.250987482070922852e+01
1.259564924240112305e+01
1.258254718780517578e+01
1.256073999404907227e+01
1.248912453651428223e+01
1.251016855239868164e+01
1.251229739189147949e+01
1.248976182937622070e+01
1.251216101646423340e+01
1.255492353439331055e+01
1.255055856704711914e+01
1.253884172439575195e+01
1.254143428802490234e+01
1.257171773910522461e+01
1.253554272651672363e+01
1.261153912544250488e+01
1.261657023429870605e+01
1.261024832725524902e+01
1.257403039932250977e+01
1.253394961357116699e+01
1.258141779899597168e+01
1.254669141769409180e+01
1.251593303680419922e+01
1.256620860099792480e+01
1.258518862724304199e+01
1.266571521759033203e+01
1.255408787727355957e+01
1.255866527557373047e+01
1.256845712661743164e+01
1.255428647994995117e+01
1.257265400886535645e+01
1.253894710540771484e+01
1.248416495323181152e+01
1.246992421150207520e+01
1.252935981750488281e+01
1.247892165184020996e+01
1.258910799026489258e+01
1.253555035591125488e+01
1.251749253273010254e+01
1.252498173713684082e+01
1.252351427078247070e+01
1.255404758453369141e+01
1.259729218482971191e+01
1.250144934654235840e+01
1.254910349845886230e+01
1.246753716468811035e+01
1.253771591186523438e+01
1.250726366043090820e+01
1.254510927200317383e+01
1.258154773712158203e+01
1.260079598426818848e+01
1.256425881385803223e+01
1.258789372444152832e+01
1.260080981254577637e+01
1.253684163093566895e+01
1.251141524314880371e+01
1.249596428871154785e+01
1.253144049644470215e+01
1.265083003044128418e+01
1.254367303848266602e+01
1.258853673934936523e+01
1.258491373062133789e+01
1.254546880722045898e+01
1.247242450714111328e+01
1.254757428169250488e+01
1.255491900444030762e+01
1.257301282882690430e+01
1.247486948966979980e+01
1.252506160736083984e+01
1.247564959526062012e+01
1.254992794990539551e+01
1.259820151329040527e+01
1.255716466903686523e+01
1.272538137435913086e+01
1.255688238143920898e+01
1.248841023445129395e+01
1.259337615966796875e+01
1.267266249656677246e+01
1.247033548355102539e+01
1.231586575508117676e+01
1.241843509674072266e+01
1.240668177604675293e+01
1.235075783729553223e+01
1.249865865707397461e+01
1.236570835113525391e+01
