2.347586417198181152e+01
2.288969278335571289e+01
2.276189994812011719e+01
2.340344667434692383e+01
2.300547480583190918e+01
2.335778737068176270e+01
2.310887622833251953e+01
2.341439628601074219e+01
2.334561038017272949e+01
2.342305111885070801e+01
2.320776939392089844e+01
2.326560664176940918e+01
2.339515900611877441e+01
2.357886266708374023e+01
2.307672286033630371e+01
2.320715427398681641e+01
2.368641161918640137e+01
2.300670075416564941e+01
2.308887887001037598e+01
2.348956441879272461e+01
2.372585058212280273e+01
2.341837811470031738e+01
2.318143033981323242e+01
2.330365014076232910e+01
2.314197158813476562e+01
2.400976204872131348e+01
2.315456223487854004e+01
2.364757966995239258e+01
2.339698505401611328e+01
2.336551976203918457e+01
2.361260104179382324e+01
2.320601892471313477e+01
2.327771186828613281e+01
2.331541037559509277e+01
2.328759932518005371e+01
2.344302964210510254e+01
2.350865197181701660e+01
2.362804818153381348e+01
2.313245677947998047e+01
2.321378469467163086e+01
2.321654653549194336e+01
2.351820898056030273e+01
2.343509697914123535e+01
2.326101708412170410e+01
2.317995452880859375e+01
2.326390504837036133e+01
2.348138856887817383e+01
2.326924943923950195e+01
2.325251460075378418e+01
2.346988415718078613e+01
2.319327688217163086e+01
2.325413131713867188e+01
2.335666441917419434e+01
2.350024580955505371e+01
2.316186118125915527e+01
2.327635669708251953e+01
2.334839606285095215e+01
2.356468510627746582e+01
2.322500824928283691e+01
2.373455071449279785e+01
2.333204674720764160e+01
2.359770250320434570e+01
2.369087910652160645e+01
2.310382771492004395e+01
2.359577655792236328e+01
2.341604518890380859e+01
2.337132501602172852e+01
2.339626193046569824e+01
2.367713642120361328e+01
2.357546281814575195e+01
2.327275800704956055e+01
2.326096510887145996e+01
2.318487286567687988e+01
2.359211373329162598e+01
2.332003378868103027e+01
2.325338339805603027e+01
2.332912302017211914e+01
2.401739001274108887e+01
2.344739484786987305e+01
2.331313395500183105e+01
2.316093111038208008e+01
2.328272223472595215e+01
2.334119224548339844e+01
2.322132563591003418e+01
2.333078646659851074e+01
2.369603061676025391e+01
2.333262491226196289e+01
2.321035313606262207e+01
2.320686888694763184e+01
2.341718125343322754e+01
2.336200666427612305e+01
2.357430863380432129e+01
2.364639282226562500e+01
2.339535951614379883e+01
2.331508874893188477e+01
2.352209138870239258e+01
2.313716268539428711e+01
2.361063528060913086e+01
2.342923045158386230e+01
2.315777850151062012e+01
2.315649867057800293e+01
2.319934415817260742e+01
2.327391290664672852e+01
2.332067894935607910e+01
2.356029057502746582e+01
2.333400464057922363e+01
2.321173691749572754e+01
2.323606491088867188e+01
2.318472051620483398e+01
2.321325707435607910e+01
2.358697724342346191e+01
2.320500946044921875e+01
2.313469314575195312e+01
2.365987801551818848e+01
2.319636130332946777e+01
2.320314979553222656e+01
2.319381332397460938e+01
2.312038898468017578e+01
2.370881986618041992e+01
2.314864921569824219e+01
2.329773354530334473e+01
2.337782764434814453e+01
2.316637825965881348e+01
2.355653500556945801e+01
2.320840024948120117e+01
2.333055734634399414e+01
2.326841068267822266e+01
2.317647838592529297e+01
2.316517162322998047e+01
2.346385216712951660e+01
2.342497968673706055e+01
2.320871210098266602e+01
2.333035850524902344e+01
2.330925440788269043e+01
2.375977921485900879e+01
2.319406890869140625e+01
2.378693580627441406e+01
2.327399992942810059e+01
2.317395186424255371e+01
2.320919013023376465e+01
2.326675200462341309e+01
2.330896902084350586e+01
2.321334767341613770e+01
2.315283012390136719e+01
2.347639775276184082e+01
2.318414521217346191e+01
2.382720422744750977e+01
2.376277804374694824e+01
2.327766776084899902e+01
2.365738987922668457e+01
2.343647432327270508e+01
2.320900249481201172e+01
2.341091370582580566e+01
2.336858320236206055e+01
2.319612026214599609e+01
2.375676274299621582e+01
2.320286440849304199e+01
2.321622538566589355e+01
2.367407512664794922e+01
2.338156771659851074e+01
2.365153884887695312e+01
2.347070813179016113e+01
2.352720689773559570e+01
2.321784734725952148e+01
2.325955629348754883e+01
2.320645976066589355e+01
2.374311041831970215e+01
2.325397992134094238e+01
2.343808460235595703e+01
2.378381490707397461e+01
2.377394723892211914e+01
2.325507950782775879e+01
2.366635584831237793e+01
2.335130071640014648e+01
2.337993264198303223e+01
2.345448207855224609e+01
2.364865803718566895e+01
2.368937277793884277e+01
2.364590620994567871e+01
2.329489850997924805e+01
2.328941774368286133e+01
2.321909260749816895e+01
2.331234240531921387e+01
2.320612192153930664e+01
2.317828249931335449e+01
2.320858740806579590e+01
2.322974085807800293e+01
2.321047544479370117e+01
2.318127346038818359e+01
2.342568922042846680e+01
2.354560256004333496e+01
2.322822904586791992e+01
2.411783075332641602e+01
2.289255571365356445e+01
2.293718934059143066e+01
2.267667698860168457e+01
2.264898586273193359e+01
2.264851236343383789e+01
2.326766037940979004e+01
2.296317362785339355e+01
