1.111999999954223561e+01
1.473599999938964800e+01
1.643199999816894419e+01
1.868799999908447163e+01
2.076799999572753919e+01
2.356800000183105581e+01
2.448000000183105485e+01
2.583999999145507687e+01
2.705600000366210978e+01
2.644799999908447319e+01
2.937600000122070298e+01
2.942399999145507650e+01
2.996800000122070173e+01
3.123200000732421699e+01
3.137600000488281182e+01
3.198400000122070352e+01
3.199999999511718585e+01
3.280000000122070247e+01
3.334400000976562239e+01
3.444799998779296857e+01
3.486399998779296538e+01
3.448000000366211282e+01
3.366399999511718732e+01
3.660799999755859346e+01
3.504000000732421682e+01
3.467199999816894262e+01
3.668800000000000239e+01
3.671999999816894444e+01
3.756800000732421552e+01
3.776000000366210685e+01
3.768000000732421739e+01
3.766400000732421915e+01
3.776000000976562632e+01
3.859200000122070406e+01
3.836799999023437380e+01
3.814400000122070367e+01
3.816000000244140722e+01
3.828800000976562501e+01
4.011199999511718772e+01
3.899199999877929912e+01
3.929600000122070469e+01
3.867200000366210588e+01
3.887999999145507957e+01
3.876800000122070600e+01
3.911999999145508156e+01
3.884799998779296715e+01
3.966399999023437317e+01
3.862399999145507934e+01
3.932799999816894854e+01
3.739199999816894859e+01
4.016000000732422137e+01
3.785599999877929633e+01
3.963199999511719085e+01
3.726399999389648343e+01
3.788800000366210696e+01
3.958399999023437488e+01
3.859199999511718460e+01
3.745599999389648360e+01
3.873599998779296527e+01
3.884799999511718482e+01
3.811200000366211071e+01
3.852799999389648633e+01
3.895999999755859022e+01
3.792000000732421938e+01
3.766400000732421915e+01
3.740800000366211009e+01
3.859200000183105317e+01
3.928000000122070645e+01
3.758400000732422086e+01
3.771199999755859267e+01
3.798399999816894734e+01
3.712000000122070276e+01
3.679999998779296533e+01
3.804799998779296999e+01
3.670400000976562183e+01
3.779200000366211043e+01
3.620799999145507542e+01
3.734400000366211003e+01
3.729600000122070469e+01
3.627199998779296664e+01
3.735999999816894501e+01
3.752000000122070134e+01
3.671999999755859534e+01
3.691199999816894461e+01
3.692799999816894285e+01
3.716799999511718511e+01
3.700800000732422035e+01
3.769600000488281211e+01
3.596799998779297169e+01
3.633599999145507553e+01
3.807999999511718414e+01
3.772799999877929622e+01
3.704000000366210799e+01
3.721600000976562228e+01
3.774399999816894535e+01
3.726399998779297107e+01
3.740799999389648178e+01
3.691199999389648667e+01
3.627200000732421614e+01
3.705600000976562569e+01
4.622400000976562495e+01
4.792000000000000171e+01
4.798400000000000176e+01
4.894399998779297078e+01
4.979200000610351395e+01
5.006400000000000006e+01
5.025600000976562853e+01
5.081600000610351486e+01
5.044800000610351276e+01
5.115200000610351339e+01
5.131200000610351708e+01
5.126399998657226575e+01
5.051200000610351282e+01
5.148799999633789071e+01
5.126400000000000290e+01
5.233599999999999852e+01
5.243199999023437385e+01
5.166400000366211032e+01
5.222400000976562495e+01
5.198400000366211060e+01
5.278399999023437772e+01
5.219200000244140369e+01
5.283199999023437243e+01
5.225599999267578255e+01
5.278400000366210776e+01
5.270400000244140415e+01
5.318399999023437630e+01
5.320000000366211168e+01
5.305599999633788855e+01
5.383999999023437510e+01
5.407999999999999829e+01
5.324799999389648519e+01
5.278400000244140955e+01
5.369599999389648559e+01
5.332799997314452867e+01
5.318399999023437630e+01
5.455999999633789344e+01
5.391999999023437340e+01
5.406399999267578238e+01
5.425600000366210907e+01
5.439999999999999858e+01
5.343999999633788889e+01
5.462400000976562353e+01
5.435200000244140739e+01
5.433599999023437732e+01
5.464000000976562177e+01
5.478400001464843427e+01
5.479999999633788832e+01
5.479999999389648480e+01
5.523200000610351879e+01
5.663999998779296874e+01
5.692799999633788843e+01
5.607999999267578062e+01
5.582399998291015919e+01
5.638400001464843569e+01
5.643199998657226502e+01
5.651199999755859693e+01
5.622399998779297192e+01
5.611200000976562308e+01
5.615999999023437539e+01
5.636799997314452781e+01
5.624000000366211083e+01
5.606399999633789122e+01
5.611199998291015589e+01
5.707199999267577795e+01
5.639999998291015970e+01
5.656000000976562347e+01
5.649600000610351458e+01
5.659199999267578107e+01
5.662400000610351469e+01
5.628799999633788786e+01
5.590400001464843882e+01
5.639999999511718443e+01
5.686399999023437601e+01
5.729599999023437817e+01
5.617600000366211077e+01
5.719999998291015686e+01
5.713599999389648332e+01
5.694399999023437431e+01
5.670400000244140415e+01
5.708800000000000097e+01
5.734400000244140472e+01
5.663999999267578289e+01
5.691199999633789020e+01
5.656000000976562347e+01
5.736000001464843479e+01
5.702399998657226377e+01
5.641599998657226678e+01
5.782399998657226803e+01
5.664000000000000057e+01
5.719999998657226570e+01
5.670400000000000063e+01
5.654399999999999693e+01
5.679999998657226712e+01
5.704000000610351861e+01
5.729600000610351884e+01
5.686400000244140784e+01
5.676799998779296885e+01
5.753599999755859074e+01
5.670399997314453344e+01
