1.304821825027465820e+01
1.231578373908996582e+01
1.234314942359924316e+01
1.238691520690917969e+01
1.235977244377136230e+01
1.251089835166931152e+01
1.242620515823364258e+01
1.239682483673095703e+01
1.248951363563537598e+01
1.256976032257080078e+01
1.241310214996337891e+01
1.239295196533203125e+01
1.242533636093139648e+01
1.247767710685729980e+01
1.247504639625549316e+01
1.240710163116455078e+01
1.242401528358459473e+01
1.244280600547790527e+01
1.247149538993835449e+01
1.251069879531860352e+01
1.241320705413818359e+01
1.245443630218505859e+01
1.237708330154418945e+01
1.238907027244567871e+01
1.240258932113647461e+01
1.231665062904357910e+01
1.247224783897399902e+01
1.245584368705749512e+01
1.245972657203674316e+01
1.244404482841491699e+01
1.245852041244506836e+01
1.243802094459533691e+01
1.239315962791442871e+01
1.244500112533569336e+01
1.243662762641906738e+01
1.240368270874023438e+01
1.239050221443176270e+01
1.236569786071777344e+01
1.240179181098937988e+01
1.242823433876037598e+01
1.244149708747863770e+01
1.240402984619140625e+01
1.238948345184326172e+01
1.238798046112060547e+01
1.240146160125732422e+01
1.245262503623962402e+01
1.238534975051879883e+01
1.237774562835693359e+01
1.237588143348693848e+01
1.241438007354736328e+01
1.239856457710266113e+01
1.238360857963562012e+01
1.240390896797180176e+01
1.242856550216674805e+01
1.246683979034423828e+01
1.243816709518432617e+01
1.242078661918640137e+01
1.237432956695556641e+01
1.238153934478759766e+01
1.239279556274414062e+01
1.240240216255187988e+01
1.242090272903442383e+01
1.243872356414794922e+01
1.239660477638244629e+01
1.236224985122680664e+01
1.238725829124450684e+01
1.243214249610900879e+01
1.238350439071655273e+01
1.239543581008911133e+01
1.241119337081909180e+01
1.242028164863586426e+01
1.244133257865905762e+01
1.240341424942016602e+01
1.234330415725708008e+01
1.238974356651306152e+01
1.244393134117126465e+01
1.241825890541076660e+01
1.238193702697753906e+01
1.244950652122497559e+01
1.245562624931335449e+01
1.255518698692321777e+01
1.248967909812927246e+01
1.239011073112487793e+01
1.243539571762084961e+01
1.244250702857971191e+01
1.244898104667663574e+01
1.243415474891662598e+01
1.240354919433593750e+01
1.238478803634643555e+01
1.236220431327819824e+01
1.237299752235412598e+01
1.250557899475097656e+01
1.236827063560485840e+01
1.244316220283508301e+01
1.236870336532592773e+01
1.240088987350463867e+01
1.237541842460632324e+01
1.237295126914978027e+01
1.237920498847961426e+01
1.237838268280029297e+01
1.243412351608276367e+01
1.244579029083251953e+01
1.239368534088134766e+01
1.239400601387023926e+01
1.236589217185974121e+01
1.244894409179687500e+01
1.238781452178955078e+01
1.241081261634826660e+01
1.239611744880676270e+01
1.245282554626464844e+01
1.243814396858215332e+01
1.242823576927185059e+01
1.244978427886962891e+01
1.241623473167419434e+01
1.239632177352905273e+01
1.245005226135253906e+01
1.243187069892883301e+01
1.246948599815368652e+01
1.247704672813415527e+01
1.240289688110351562e+01
1.244672751426696777e+01
1.239260578155517578e+01
1.239239025115966797e+01
1.241683435440063477e+01
1.256339788436889648e+01
1.240682744979858398e+01
1.240682721138000488e+01
1.238132953643798828e+01
1.239168167114257812e+01
1.240001511573791504e+01
1.239473295211791992e+01
1.242677307128906250e+01
1.239317727088928223e+01
1.246384525299072266e+01
1.244645547866821289e+01
1.241020965576171875e+01
1.245517587661743164e+01
1.239206004142761230e+01
1.239012312889099121e+01
1.243476891517639160e+01
1.240959048271179199e+01
1.248639535903930664e+01
1.244392013549804688e+01
1.241813087463378906e+01
1.238994336128234863e+01
1.245721697807312012e+01
1.239492392539978027e+01
1.238980841636657715e+01
1.245107340812683105e+01
1.240761017799377441e+01
1.242517089843750000e+01
1.248163580894470215e+01
1.234633779525756836e+01
1.239484143257141113e+01
1.241540479660034180e+01
1.240453577041625977e+01
1.237911844253540039e+01
1.238881921768188477e+01
1.244485950469970703e+01
1.242442131042480469e+01
1.239541554450988770e+01
1.238874864578247070e+01
1.240961503982543945e+01
1.238632464408874512e+01
1.240983867645263672e+01
1.240906691551208496e+01
1.242571210861206055e+01
1.240163445472717285e+01
1.242323923110961914e+01
1.240341806411743164e+01
1.241828918457031250e+01
1.250868701934814453e+01
1.244757032394409180e+01
1.245993256568908691e+01
1.239437747001647949e+01
1.239884638786315918e+01
1.239134597778320312e+01
1.247865128517150879e+01
1.241394448280334473e+01
1.239460301399230957e+01
1.239255857467651367e+01
1.239479494094848633e+01
1.246296739578247070e+01
1.240378904342651367e+01
1.237639737129211426e+01
1.247182798385620117e+01
1.242273759841918945e+01
1.243185067176818848e+01
1.245807027816772461e+01
1.245953059196472168e+01
1.239607763290405273e+01
1.239950823783874512e+01
1.262267684936523438e+01
1.236621332168579102e+01
1.235266494750976562e+01
1.234736943244934082e+01
1.230430674552917480e+01
1.235971784591674805e+01
1.226573657989501953e+01
1.229373502731323242e+01
