1.340744924545288086e+01
1.276534914970397949e+01
1.272816753387451172e+01
1.279078531265258789e+01
1.289225602149963379e+01
1.293548083305358887e+01
1.288344120979309082e+01
1.291090202331542969e+01
1.291172266006469727e+01
1.292863941192626953e+01
1.298114109039306641e+01
1.295447111129760742e+01
1.289253044128417969e+01
1.303410840034484863e+01
1.293962001800537109e+01
1.291392421722412109e+01
1.294559812545776367e+01
1.295996046066284180e+01
1.301438903808593750e+01
1.298544716835021973e+01
1.300324535369873047e+01
1.307318854331970215e+01
1.297542786598205566e+01
1.303608107566833496e+01
1.297131896018981934e+01
1.318360018730163574e+01
1.296827483177185059e+01
1.303982067108154297e+01
1.295448493957519531e+01
1.298399519920349121e+01
1.298882174491882324e+01
1.302233457565307617e+01
1.306400895118713379e+01
1.298782324790954590e+01
1.298882937431335449e+01
1.299327230453491211e+01
1.300313377380371094e+01
1.304897117614746094e+01
1.302506732940673828e+01
1.304355883598327637e+01
1.299217224121093750e+01
1.303240203857421875e+01
1.303257274627685547e+01
1.303036284446716309e+01
1.298196125030517578e+01
1.297628593444824219e+01
1.302526140213012695e+01
1.301426291465759277e+01
1.298188352584838867e+01
1.296272158622741699e+01
1.302981638908386230e+01
1.306339740753173828e+01
1.300804805755615234e+01
1.307653045654296875e+01
1.295157504081726074e+01
1.299478673934936523e+01
1.301622104644775391e+01
1.306723427772521973e+01
1.300146770477294922e+01
1.304905056953430176e+01
1.301597619056701660e+01
1.300189661979675293e+01
1.304447722434997559e+01
1.299653697013854980e+01
1.303904080390930176e+01
1.298868179321289062e+01
1.310960745811462402e+01
1.306480336189270020e+01
1.301088690757751465e+01
1.300026130676269531e+01
1.303353047370910645e+01
1.304760169982910156e+01
1.295112156867980957e+01
1.298358750343322754e+01
1.298430585861206055e+01
1.306690621376037598e+01
1.300790953636169434e+01
1.292063570022583008e+01
1.296553063392639160e+01
1.299135732650756836e+01
1.296563339233398438e+01
1.305183196067810059e+01
1.300761604309082031e+01
1.298329257965087891e+01
1.305678343772888184e+01
1.300334525108337402e+01
1.303508996963500977e+01
1.301036906242370605e+01
1.301310110092163086e+01
1.296438765525817871e+01
1.305668473243713379e+01
1.320253157615661621e+01
1.304034733772277832e+01
1.299645400047302246e+01
1.297087693214416504e+01
1.303189921379089355e+01
1.295447683334350586e+01
1.299559521675109863e+01
1.296800780296325684e+01
1.299491310119628906e+01
1.295928716659545898e+01
1.300774979591369629e+01
1.298022079467773438e+01
1.302476644515991211e+01
1.302061104774475098e+01
1.303094530105590820e+01
1.297378158569335938e+01
1.297874927520751953e+01
1.301889681816101074e+01
1.297525763511657715e+01
1.301758360862731934e+01
1.299306511878967285e+01
1.292359614372253418e+01
1.298515701293945312e+01
1.295837163925170898e+01
1.296036529541015625e+01
1.297567725181579590e+01
1.297559571266174316e+01
1.300425291061401367e+01
1.303084349632263184e+01
1.304222011566162109e+01
1.309854698181152344e+01
1.301663470268249512e+01
1.309972739219665527e+01
1.298632001876831055e+01
1.300872516632080078e+01
1.306489133834838867e+01
1.298009300231933594e+01
1.296594238281250000e+01
1.296657180786132812e+01
1.294141888618469238e+01
1.302145957946777344e+01
1.303359031677246094e+01
1.296311140060424805e+01
1.297383594512939453e+01
1.299317789077758789e+01
1.300068497657775879e+01
1.302995467185974121e+01
1.296401023864746094e+01
1.297574186325073242e+01
1.298343157768249512e+01
1.302443504333496094e+01
1.299814629554748535e+01
1.296528649330139160e+01
1.297620797157287598e+01
1.297878789901733398e+01
1.303496766090393066e+01
1.299005103111267090e+01
1.300835371017456055e+01
1.308176827430725098e+01
1.302566218376159668e+01
1.300062346458435059e+01
1.299259305000305176e+01
1.299688243865966797e+01
1.297379469871520996e+01
1.298181915283203125e+01
1.300984358787536621e+01
1.302877116203308105e+01
1.302990818023681641e+01
1.301417160034179688e+01
1.305445218086242676e+01
1.310384726524353027e+01
1.302699470520019531e+01
1.303026938438415527e+01
1.303432846069335938e+01
1.300781488418579102e+01
1.299291992187500000e+01
1.301407599449157715e+01
1.302992081642150879e+01
1.306526327133178711e+01
1.311810445785522461e+01
1.301203417778015137e+01
1.297854757308959961e+01
1.299100065231323242e+01
1.310387134552001953e+01
1.307217144966125488e+01
1.299111700057983398e+01
1.302087020874023438e+01
1.302788114547729492e+01
1.297094845771789551e+01
1.297447299957275391e+01
1.301696872711181641e+01
1.301483273506164551e+01
1.301349687576293945e+01
1.299964833259582520e+01
1.299002885818481445e+01
1.298091363906860352e+01
1.294303393363952637e+01
1.299324989318847656e+01
1.304135298728942871e+01
1.300193381309509277e+01
1.303000497817993164e+01
1.326513838768005371e+01
1.280224299430847168e+01
1.284991359710693359e+01
1.278888559341430664e+01
1.285436558723449707e+01
1.283570337295532227e+01
1.278178000450134277e+01
1.283182883262634277e+01
