4.022691249847412109e-01
3.959302902221679688e-01
3.916077613830566406e-01
3.880953788757324219e-01
3.945305347442626953e-01
3.862013816833496094e-01
3.931586742401123047e-01
3.870546817779541016e-01
3.889119625091552734e-01
3.897039890289306641e-01
3.820264339447021484e-01
3.967313766479492188e-01
3.879482746124267578e-01
3.879907131195068359e-01
3.944325447082519531e-01
3.840084075927734375e-01
3.906893730163574219e-01
3.863661289215087891e-01
3.882222175598144531e-01
3.908548355102539062e-01
3.828167915344238281e-01
3.960163593292236328e-01
3.864095211029052734e-01
3.843789100646972656e-01
3.909463882446289062e-01
3.850796222686767578e-01
3.928110599517822266e-01
3.854098320007324219e-01
3.873848915100097656e-01
3.921051025390625000e-01
3.839230537414550781e-01
3.901724815368652344e-01
3.900744915008544922e-01
3.883941173553466797e-01
3.913860321044921875e-01
3.856201171875000000e-01
3.922824859619140625e-01
3.854110240936279297e-01
3.887679576873779297e-01
3.868744373321533203e-01
3.823878765106201172e-01
3.916647434234619141e-01
3.892645835876464844e-01
3.887240886688232422e-01
3.879096508026123047e-01
3.841025829315185547e-01
3.929693698883056641e-01
3.860681056976318359e-01
3.907251358032226562e-01
3.884077072143554688e-01
3.828237056732177734e-01
3.893437385559082031e-01
3.846819400787353516e-01
3.887269496917724609e-01
3.896274566650390625e-01
3.870205879211425781e-01
3.925547599792480469e-01
3.864099979400634766e-01
3.879518508911132812e-01
3.900668621063232422e-01
3.890795707702636719e-01
3.895161151885986328e-01
3.841600418090820312e-01
3.868477344512939453e-01
3.940629959106445312e-01
3.876752853393554688e-01
3.908929824829101562e-01
3.837969303131103516e-01
3.846716880798339844e-01
3.905122280120849609e-01
3.849623203277587891e-01
3.868086338043212891e-01
3.862862586975097656e-01
3.881151676177978516e-01
3.905024528503417969e-01
3.817956447601318359e-01
3.819880485534667969e-01
3.858373165130615234e-01
3.876993656158447266e-01
3.876631259918212891e-01
3.803145885467529297e-01
3.864417076110839844e-01
3.837099075317382812e-01
3.892304897308349609e-01
3.910810947418212891e-01
3.840904235839843750e-01
3.846096992492675781e-01
3.915286064147949219e-01
3.876175880432128906e-01
3.915307521820068359e-01
3.824059963226318359e-01
3.874416351318359375e-01
3.857138156890869141e-01
3.866851329803466797e-01
3.883600234985351562e-01
3.818488121032714844e-01
3.895502090454101562e-01
3.845736980438232422e-01
3.841557502746582031e-01
3.901844024658203125e-01
3.835062980651855469e-01
3.845937252044677734e-01
3.892428874969482422e-01
3.846106529235839844e-01
3.901345729827880859e-01
3.825895786285400391e-01
3.855490684509277344e-01
3.862476348876953125e-01
3.857564926147460938e-01
3.907492160797119141e-01
3.843924999237060547e-01
3.851561546325683594e-01
3.884372711181640625e-01
3.885393142700195312e-01
3.933982849121093750e-01
3.833281993865966797e-01
3.868138790130615234e-01
3.912556171417236328e-01
3.827111721038818359e-01
3.869018554687500000e-01
3.836939334869384766e-01
3.822836875915527344e-01
3.905200958251953125e-01
3.859136104583740234e-01
3.876540660858154297e-01
3.837816715240478516e-01
3.874278068542480469e-01
3.883121013641357422e-01
3.821861743927001953e-01
3.876266479492187500e-01
3.864815235137939453e-01
3.829870223999023438e-01
3.898546695709228516e-01
3.856019973754882812e-01
3.846559524536132812e-01
3.903195858001708984e-01
3.838844299316406250e-01
3.841936588287353516e-01
3.819210529327392578e-01
3.921406269073486328e-01
3.878231048583984375e-01
6.147639751434326172e-01
3.875186443328857422e-01
3.815698623657226562e-01
3.822031021118164062e-01
3.885428905487060547e-01
3.841192722320556641e-01
3.880348205566406250e-01
3.839104175567626953e-01
3.867235183715820312e-01
3.922250270843505859e-01
3.849561214447021484e-01
3.922202587127685547e-01
3.815400600433349609e-01
3.870053291320800781e-01
3.935515880584716797e-01
3.827834129333496094e-01
3.894982337951660156e-01
3.865284919738769531e-01
3.844263553619384766e-01
3.923451900482177734e-01
3.855090141296386719e-01
3.897414207458496094e-01
3.830711841583251953e-01
3.827841281890869141e-01
3.915197849273681641e-01
3.890390396118164062e-01
3.878450393676757812e-01
3.846547603607177734e-01
3.900463581085205078e-01
3.899776935577392578e-01
3.846390247344970703e-01
3.846275806427001953e-01
3.810982704162597656e-01
3.838455677032470703e-01
3.884174823760986328e-01
3.841319084167480469e-01
3.906874656677246094e-01
3.858582973480224609e-01
3.875539302825927734e-01
3.891670703887939453e-01
3.854627609252929688e-01
3.874325752258300781e-01
3.838398456573486328e-01
3.875541687011718750e-01
3.904540538787841797e-01
3.838827610015869141e-01
3.873631954193115234e-01
3.806238174438476562e-01
3.865163326263427734e-01
3.923747539520263672e-01
3.828041553497314453e-01
3.904068470001220703e-01
3.849718570709228516e-01
3.867034912109375000e-01
3.915090560913085938e-01
3.840491771697998047e-01
3.842780590057373047e-01
3.881745338439941406e-01
3.849706649780273438e-01
