1.299777197837829590e+01
1.234797215461730957e+01
1.236502504348754883e+01
1.233727002143859863e+01
1.271024203300476074e+01
1.267989897727966309e+01
1.272771716117858887e+01
1.245429611206054688e+01
1.243723583221435547e+01
1.256360769271850586e+01
1.251600646972656250e+01
1.287887430191040039e+01
1.251264381408691406e+01
1.251240539550781250e+01
1.256301236152648926e+01
1.283409595489501953e+01
1.254843759536743164e+01
1.252528500556945801e+01
1.263888072967529297e+01
1.286287522315979004e+01
1.251244711875915527e+01
1.250859141349792480e+01
1.281101822853088379e+01
1.251549434661865234e+01
1.254339098930358887e+01
1.282457613945007324e+01
1.252551913261413574e+01
1.252713775634765625e+01
1.255743741989135742e+01
1.264317464828491211e+01
1.255354452133178711e+01
1.253009057044982910e+01
1.254471278190612793e+01
1.254386281967163086e+01
1.280438923835754395e+01
1.254036569595336914e+01
1.257943105697631836e+01
1.250660943984985352e+01
1.253264045715332031e+01
1.288948583602905273e+01
1.249560141563415527e+01
1.254844856262207031e+01
1.261285114288330078e+01
1.253949546813964844e+01
1.251534271240234375e+01
1.253535890579223633e+01
1.288470816612243652e+01
1.249799585342407227e+01
1.257523608207702637e+01
1.255135512351989746e+01
1.282258510589599609e+01
1.254929566383361816e+01
1.253101229667663574e+01
1.252456068992614746e+01
1.257298517227172852e+01
1.254755496978759766e+01
1.253023838996887207e+01
1.249650144577026367e+01
1.253054213523864746e+01
1.251900172233581543e+01
1.257465529441833496e+01
1.260096359252929688e+01
1.278516817092895508e+01
1.282906889915466309e+01
1.254384279251098633e+01
1.256072235107421875e+01
1.259198307991027832e+01
1.253405928611755371e+01
1.253490090370178223e+01
1.256185817718505859e+01
1.254316759109497070e+01
1.254462623596191406e+01
1.257422876358032227e+01
1.254961872100830078e+01
1.255481815338134766e+01
1.284352040290832520e+01
1.253288960456848145e+01
1.251672506332397461e+01
1.253675651550292969e+01
1.253172802925109863e+01
1.252357578277587891e+01
1.252787995338439941e+01
1.255632281303405762e+01
1.285527348518371582e+01
1.254851126670837402e+01
1.286976218223571777e+01
1.280657100677490234e+01
1.255418443679809570e+01
1.252891492843627930e+01
1.285418653488159180e+01
1.291754198074340820e+01
1.254971694946289062e+01
1.252462673187255859e+01
1.250293111801147461e+01
1.283860874176025391e+01
1.287434029579162598e+01
1.286001515388488770e+01
1.253615665435791016e+01
1.253534102439880371e+01
1.262875843048095703e+01
1.283021736145019531e+01
1.259840440750122070e+01
1.257081770896911621e+01
1.258505725860595703e+01
1.259945559501647949e+01
1.255350327491760254e+01
1.249872374534606934e+01
1.286080288887023926e+01
1.265473842620849609e+01
1.254901409149169922e+01
1.256252527236938477e+01
1.258946013450622559e+01
1.256874489784240723e+01
1.252189946174621582e+01
1.251320576667785645e+01
1.260936427116394043e+01
1.257710337638854980e+01
1.257899165153503418e+01
1.252361035346984863e+01
1.253291773796081543e+01
1.294438004493713379e+01
1.284598779678344727e+01
1.287933468818664551e+01
1.251658606529235840e+01
1.286080193519592285e+01
1.258241009712219238e+01
1.254319000244140625e+01
1.256817579269409180e+01
1.286619877815246582e+01
1.278995513916015625e+01
1.258353734016418457e+01
1.251029562950134277e+01
1.255537867546081543e+01
1.258157014846801758e+01
1.251157164573669434e+01
1.255477547645568848e+01
1.289082551002502441e+01
1.282475829124450684e+01
1.251663112640380859e+01
1.256525993347167969e+01
1.285779905319213867e+01
1.224727082252502441e+01
1.254998636245727539e+01
1.252098393440246582e+01
1.254879307746887207e+01
1.255135440826416016e+01
1.291349411010742188e+01
1.282820773124694824e+01
1.252062630653381348e+01
1.255093002319335938e+01
1.254467773437500000e+01
1.256023979187011719e+01
1.286187934875488281e+01
1.251086235046386719e+01
1.256532621383666992e+01
1.255194759368896484e+01
1.252386736869812012e+01
1.254426407814025879e+01
1.253945899009704590e+01
1.254542469978332520e+01
1.255814242362976074e+01
1.257950210571289062e+01
1.250608539581298828e+01
1.255237269401550293e+01
1.252801609039306641e+01
1.255432128906250000e+01
1.258438396453857422e+01
1.254039549827575684e+01
1.286345982551574707e+01
1.257745838165283203e+01
1.285520672798156738e+01
1.257028412818908691e+01
1.252332568168640137e+01
1.255581402778625488e+01
1.255025410652160645e+01
1.257816767692565918e+01
1.256116437911987305e+01
1.254956936836242676e+01
1.252936768531799316e+01
1.254536628723144531e+01
1.282548189163208008e+01
1.254982376098632812e+01
1.256799507141113281e+01
1.254980897903442383e+01
1.255378508567810059e+01
1.253718519210815430e+01
1.256373071670532227e+01
1.250939440727233887e+01
1.254473328590393066e+01
1.252824997901916504e+01
1.285775351524353027e+01
1.287697696685791016e+01
1.255668759346008301e+01
1.286978101730346680e+01
1.292155241966247559e+01
1.249683237075805664e+01
1.251273250579833984e+01
1.254190063476562500e+01
1.284981894493103027e+01
1.250293684005737305e+01
