1.000000000000000000e+01
1.785999870300292969e+01
2.288999938964843750e+01
2.860999870300292969e+01
2.884999847412109375e+01
3.282999801635742188e+01
2.793999862670898438e+01
3.518000030517578125e+01
3.575999832153320312e+01
3.432999801635742188e+01
3.906999969482421875e+01
3.972999954223632812e+01
3.979999923706054688e+01
4.088999938964843750e+01
4.111999893188476562e+01
4.245999908447265625e+01
4.225000000000000000e+01
4.459999847412109375e+01
4.438999938964843750e+01
4.652999877929687500e+01
4.450000000000000000e+01
4.540999984741210938e+01
4.577999877929687500e+01
4.825999832153320312e+01
4.882999801635742188e+01
4.504999923706054688e+01
5.198999786376953125e+01
5.325000000000000000e+01
5.153999710083007812e+01
5.202999877929687500e+01
5.036999893188476562e+01
5.334000015258789062e+01
5.034999847412109375e+01
4.175000000000000000e+01
5.560999679565429688e+01
4.891999816894531250e+01
5.540999984741210938e+01
5.300999832153320312e+01
5.500999832153320312e+01
5.732999801635742188e+01
5.615999984741210938e+01
5.655999755859375000e+01
5.706999969482421875e+01
5.771999740600585938e+01
6.140999984741210938e+01
6.144999694824218750e+01
5.951999664306640625e+01
5.843000030517578125e+01
5.527999877929687500e+01
6.045999908447265625e+01
6.161999893188476562e+01
5.937999725341796875e+01
5.543000030517578125e+01
6.241999816894531250e+01
6.216999816894531250e+01
6.027999877929687500e+01
6.286999893188476562e+01
5.989999771118164062e+01
5.200999832153320312e+01
6.420999908447265625e+01
6.490000152587890625e+01
6.637999725341796875e+01
5.953999710083007812e+01
6.072999954223632812e+01
5.934999847412109375e+01
6.276999664306640625e+01
6.353999710083007812e+01
6.340999984741210938e+01
6.523999786376953125e+01
6.195999908447265625e+01
6.561999511718750000e+01
6.218999862670898438e+01
6.534999847412109375e+01
6.494999694824218750e+01
6.020999908447265625e+01
6.605999755859375000e+01
6.168999862670898438e+01
6.411999511718750000e+01
6.611999511718750000e+01
6.638999938964843750e+01
6.643999481201171875e+01
6.873999786376953125e+01
5.826999664306640625e+01
6.626000213623046875e+01
6.826999664306640625e+01
6.650000000000000000e+01
6.811000061035156250e+01
6.313999938964843750e+01
6.609999847412109375e+01
6.536999511718750000e+01
6.734999847412109375e+01
6.601000213623046875e+01
6.669999694824218750e+01
6.636000061035156250e+01
6.157999801635742188e+01
6.513999938964843750e+01
6.462999725341796875e+01
6.497999572753906250e+01
6.384999847412109375e+01
6.890999603271484375e+01
7.344999694824218750e+01
7.419999694824218750e+01
7.418000030517578125e+01
7.462999725341796875e+01
7.462999725341796875e+01
7.470999908447265625e+01
7.518999481201171875e+01
7.522999572753906250e+01
7.550999450683593750e+01
7.529999542236328125e+01
7.570999908447265625e+01
7.580999755859375000e+01
7.562999725341796875e+01
7.611000061035156250e+01
7.586999511718750000e+01
7.601999664306640625e+01
7.631999969482421875e+01
7.638999938964843750e+01
7.608999633789062500e+01
7.591999816894531250e+01
7.633999633789062500e+01
7.683999633789062500e+01
7.656999969482421875e+01
7.629000091552734375e+01
7.654999542236328125e+01
7.625000000000000000e+01
7.668000030517578125e+01
7.687999725341796875e+01
7.608999633789062500e+01
7.647000122070312500e+01
7.623999786376953125e+01
7.634999847412109375e+01
7.688999938964843750e+01
7.659999847412109375e+01
7.697000122070312500e+01
7.661999511718750000e+01
7.618999481201171875e+01
7.691999816894531250e+01
7.690999603271484375e+01
7.636000061035156250e+01
7.659999847412109375e+01
7.691999816894531250e+01
7.686000061035156250e+01
7.676999664306640625e+01
7.636000061035156250e+01
7.716999816894531250e+01
7.581999969482421875e+01
7.737999725341796875e+01
7.709999847412109375e+01
7.676999664306640625e+01
7.743000030517578125e+01
7.772999572753906250e+01
7.762999725341796875e+01
7.775000000000000000e+01
7.743000030517578125e+01
7.761999511718750000e+01
7.758999633789062500e+01
7.768999481201171875e+01
7.754999542236328125e+01
7.759999847412109375e+01
7.761999511718750000e+01
7.765999603271484375e+01
7.765999603271484375e+01
7.763999938964843750e+01
7.747999572753906250e+01
7.761999511718750000e+01
7.763999938964843750e+01
7.761000061035156250e+01
7.779000091552734375e+01
7.780999755859375000e+01
7.770999908447265625e+01
7.780999755859375000e+01
7.779000091552734375e+01
7.777999877929687500e+01
7.765000152587890625e+01
7.769999694824218750e+01
7.755999755859375000e+01
7.759999847412109375e+01
7.759999847412109375e+01
7.775000000000000000e+01
7.755999755859375000e+01
7.769999694824218750e+01
7.779000091552734375e+01
7.761000061035156250e+01
7.786000061035156250e+01
7.779000091552734375e+01
7.768999481201171875e+01
7.790000152587890625e+01
7.765000152587890625e+01
7.763999938964843750e+01
7.783000183105468750e+01
7.779999542236328125e+01
7.773999786376953125e+01
7.765000152587890625e+01
7.762999725341796875e+01
7.786000061035156250e+01
7.775999450683593750e+01
7.781999969482421875e+01
7.793999481201171875e+01
7.788999938964843750e+01
