2.154009032249450684e+01
2.084037375450134277e+01
2.088688945770263672e+01
2.138894224166870117e+01
2.131120300292968750e+01
2.114512276649475098e+01
2.122757506370544434e+01
2.170636773109436035e+01
2.178060936927795410e+01
2.155453705787658691e+01
2.214397859573364258e+01
2.156670570373535156e+01
2.213555717468261719e+01
2.170677328109741211e+01
2.210566139221191406e+01
2.186798167228698730e+01
2.137946772575378418e+01
2.175254392623901367e+01
2.148010206222534180e+01
2.196717691421508789e+01
2.131583285331726074e+01
2.148956537246704102e+01
2.129677152633666992e+01
2.162742567062377930e+01
2.139833545684814453e+01
2.155614399909973145e+01
2.170222520828247070e+01
2.135544443130493164e+01
2.173319339752197266e+01
2.189520645141601562e+01
2.132080078125000000e+01
2.171898555755615234e+01
2.242329430580139160e+01
2.128133964538574219e+01
2.206205344200134277e+01
2.134453868865966797e+01
2.136414289474487305e+01
2.197665262222290039e+01
2.126226806640625000e+01
2.185670495033264160e+01
2.186290550231933594e+01
2.127521276473999023e+01
2.186901187896728516e+01
2.126294636726379395e+01
2.202215313911437988e+01
2.131153368949890137e+01
2.127332043647766113e+01
2.171984982490539551e+01
2.182729887962341309e+01
2.140030145645141602e+01
2.222692394256591797e+01
2.134018182754516602e+01
2.226315069198608398e+01
2.134559822082519531e+01
2.136570429801940918e+01
2.170058870315551758e+01
2.136538648605346680e+01
2.161969971656799316e+01
2.131477403640747070e+01
2.217535591125488281e+01
2.138348579406738281e+01
2.140912652015686035e+01
2.127812814712524414e+01
2.174959135055541992e+01
2.132525682449340820e+01
2.135147953033447266e+01
2.140759348869323730e+01
2.162820219993591309e+01
2.206834864616394043e+01
2.192053747177124023e+01
2.142778348922729492e+01
2.178908991813659668e+01
2.157182908058166504e+01
2.170515847206115723e+01
2.194132518768310547e+01
2.191562223434448242e+01
2.137024044990539551e+01
2.174546623229980469e+01
2.186852836608886719e+01
2.152960801124572754e+01
2.144079899787902832e+01
2.183097505569458008e+01
2.180165481567382812e+01
2.182529878616333008e+01
2.185389065742492676e+01
2.189033126831054688e+01
2.153330874443054199e+01
2.135253715515136719e+01
2.159309983253479004e+01
2.157271909713745117e+01
2.147026681900024414e+01
2.170669031143188477e+01
2.193368577957153320e+01
2.144508790969848633e+01
2.128885149955749512e+01
2.166745185852050781e+01
2.126353955268859863e+01
2.164462018013000488e+01
2.143031620979309082e+01
2.148741126060485840e+01
2.132868766784667969e+01
2.173019003868103027e+01
2.197435331344604492e+01
2.214867949485778809e+01
2.180330872535705566e+01
2.137824916839599609e+01
2.161183977127075195e+01
2.170554018020629883e+01
2.133481907844543457e+01
2.141256499290466309e+01
2.137700152397155762e+01
2.193229842185974121e+01
2.150919747352600098e+01
2.131956100463867188e+01
2.176548075675964355e+01
2.138481044769287109e+01
2.170329070091247559e+01
2.160083341598510742e+01
2.192507052421569824e+01
2.186892366409301758e+01
2.180277895927429199e+01
2.168697524070739746e+01
2.206125330924987793e+01
2.208994770050048828e+01
2.187781143188476562e+01
2.191469502449035645e+01
2.134426927566528320e+01
2.199708557128906250e+01
2.202453994750976562e+01
2.163856863975524902e+01
2.200915789604187012e+01
2.162927150726318359e+01
2.139381670951843262e+01
2.143385267257690430e+01
2.197680377960205078e+01
2.174214839935302734e+01
2.173714280128479004e+01
2.214307785034179688e+01
2.191092896461486816e+01
2.182755279541015625e+01
2.163007879257202148e+01
2.340812540054321289e+01
2.180037641525268555e+01
2.168768191337585449e+01
2.145073032379150391e+01
2.171989345550537109e+01
2.133867788314819336e+01
2.144583439826965332e+01
2.175726628303527832e+01
2.141549253463745117e+01
2.195233225822448730e+01
2.170944428443908691e+01
2.185046935081481934e+01
2.152784371376037598e+01
2.158935618400573730e+01
2.165332961082458496e+01
2.131479215621948242e+01
2.187718820571899414e+01
2.173906612396240234e+01
2.192805457115173340e+01
2.138811278343200684e+01
2.171762394905090332e+01
2.185820531845092773e+01
2.140295672416687012e+01
2.178977680206298828e+01
2.155031275749206543e+01
2.140505313873291016e+01
2.144374227523803711e+01
2.163490080833435059e+01
2.176794838905334473e+01
2.172497582435607910e+01
2.130836510658264160e+01
2.163689064979553223e+01
2.175449728965759277e+01
2.177692914009094238e+01
2.186860895156860352e+01
2.139150643348693848e+01
2.181237888336181641e+01
2.177372145652770996e+01
2.176608133316040039e+01
2.183497714996337891e+01
2.138084959983825684e+01
2.143331360816955566e+01
2.174640870094299316e+01
2.148708677291870117e+01
2.143022418022155762e+01
2.195034694671630859e+01
2.137867236137390137e+01
2.172351956367492676e+01
2.211439919471740723e+01
2.197187924385070801e+01
2.137541985511779785e+01
2.145366859436035156e+01
2.187700486183166504e+01
2.177724385261535645e+01
2.176723790168762207e+01
2.164795708656311035e+01
2.131884837150573730e+01
2.162533187866210938e+01
2.171687173843383789e+01
