1.064999961853027344e+01
1.740999984741210938e+01
2.418999862670898438e+01
2.838999938964843750e+01
2.953999900817871094e+01
3.076999855041503906e+01
2.918999862670898438e+01
3.507999801635742188e+01
3.518000030517578125e+01
3.468000030517578125e+01
3.787999725341796875e+01
3.836000061035156250e+01
3.916999816894531250e+01
4.134000015258789062e+01
4.223999786376953125e+01
4.266999816894531250e+01
4.395000076293945312e+01
4.402000045776367188e+01
4.459000015258789062e+01
4.593000030517578125e+01
4.079999923706054688e+01
4.552000045776367188e+01
4.593000030517578125e+01
4.673999786376953125e+01
4.690999984741210938e+01
4.553999710083007812e+01
5.061999893188476562e+01
5.156999969482421875e+01
5.134000015258789062e+01
4.846999740600585938e+01
5.027999877929687500e+01
5.219999694824218750e+01
5.378999710083007812e+01
5.022999954223632812e+01
5.732999801635742188e+01
5.185999679565429688e+01
5.636999893188476562e+01
5.106999969482421875e+01
4.844999694824218750e+01
5.700999832153320312e+01
5.590999984741210938e+01
5.918999862670898438e+01
5.788999938964843750e+01
5.851999664306640625e+01
6.015999984741210938e+01
6.019999694824218750e+01
5.795999908447265625e+01
5.843000030517578125e+01
6.070999908447265625e+01
5.611999893188476562e+01
6.190999984741210938e+01
5.989999771118164062e+01
5.802999877929687500e+01
6.300000000000000000e+01
6.385999679565429688e+01
6.000000000000000000e+01
6.009999847412109375e+01
6.026999664306640625e+01
5.759000015258789062e+01
6.473999786376953125e+01
6.325000000000000000e+01
6.190999984741210938e+01
6.469999694824218750e+01
6.103999710083007812e+01
5.968999862670898438e+01
6.626999664306640625e+01
6.248999786376953125e+01
5.762999725341796875e+01
6.670999908447265625e+01
6.138999938964843750e+01
6.426000213623046875e+01
6.275999832153320312e+01
6.583999633789062500e+01
6.075999832153320312e+01
6.275000000000000000e+01
6.725999450683593750e+01
5.923999786376953125e+01
6.054999923706054688e+01
6.455999755859375000e+01
6.665999603271484375e+01
6.725000000000000000e+01
6.681999969482421875e+01
6.284999847412109375e+01
6.670999908447265625e+01
6.886000061035156250e+01
6.715000152587890625e+01
6.784999847412109375e+01
6.484999847412109375e+01
6.613999938964843750e+01
6.666999816894531250e+01
6.808000183105468750e+01
6.598999786376953125e+01
6.790999603271484375e+01
6.658000183105468750e+01
5.970999908447265625e+01
6.761999511718750000e+01
6.804000091552734375e+01
6.409999847412109375e+01
6.309000015258789062e+01
6.683000183105468750e+01
7.347000122070312500e+01
7.419999694824218750e+01
7.423999786376953125e+01
7.451999664306640625e+01
7.444999694824218750e+01
7.454000091552734375e+01
7.495999908447265625e+01
7.522000122070312500e+01
7.543000030517578125e+01
7.545999908447265625e+01
7.572000122070312500e+01
7.590999603271484375e+01
7.554999542236328125e+01
7.594999694824218750e+01
7.569999694824218750e+01
7.619999694824218750e+01
7.640999603271484375e+01
7.611000061035156250e+01
7.598999786376953125e+01
7.593000030517578125e+01
7.648999786376953125e+01
7.658000183105468750e+01
7.625999450683593750e+01
7.615999603271484375e+01
7.654999542236328125e+01
7.659999847412109375e+01
7.658999633789062500e+01
7.675999450683593750e+01
7.666999816894531250e+01
7.633999633789062500e+01
7.652999877929687500e+01
7.661000061035156250e+01
7.638999938964843750e+01
7.661999511718750000e+01
7.700999450683593750e+01
7.693999481201171875e+01
7.598999786376953125e+01
7.652999877929687500e+01
7.700999450683593750e+01
7.665000152587890625e+01
7.676999664306640625e+01
7.733000183105468750e+01
7.701999664306640625e+01
7.695999908447265625e+01
7.680999755859375000e+01
7.711000061035156250e+01
7.636000061035156250e+01
7.777999877929687500e+01
7.711000061035156250e+01
7.673999786376953125e+01
7.737999725341796875e+01
7.748999786376953125e+01
7.750999450683593750e+01
7.766999816894531250e+01
7.740999603271484375e+01
7.765999603271484375e+01
7.758999633789062500e+01
7.772000122070312500e+01
7.766999816894531250e+01
7.754999542236328125e+01
7.766999816894531250e+01
7.754999542236328125e+01
7.758999633789062500e+01
7.758999633789062500e+01
7.754000091552734375e+01
7.758999633789062500e+01
7.765000152587890625e+01
7.769999694824218750e+01
7.769999694824218750e+01
7.777999877929687500e+01
7.768000030517578125e+01
7.783999633789062500e+01
7.761000061035156250e+01
7.775000000000000000e+01
7.762999725341796875e+01
7.766999816894531250e+01
7.768999481201171875e+01
7.765000152587890625e+01
7.765000152587890625e+01
7.765000152587890625e+01
7.759999847412109375e+01
7.768999481201171875e+01
7.775999450683593750e+01
7.762999725341796875e+01
7.794999694824218750e+01
7.765000152587890625e+01
7.765000152587890625e+01
7.783999633789062500e+01
7.772000122070312500e+01
7.759999847412109375e+01
7.779000091552734375e+01
7.779999542236328125e+01
7.776999664306640625e+01
7.761999511718750000e+01
7.773999786376953125e+01
7.777999877929687500e+01
7.769999694824218750e+01
7.786000061035156250e+01
7.787999725341796875e+01
7.793999481201171875e+01
