2.383289767761230582e+00
2.318124677810668999e+00
2.265116922607421923e+00
2.213390449409484706e+00
2.166608192367553531e+00
2.105933229026794251e+00
2.086463040771484589e+00
2.032906502647399805e+00
2.010194940109252926e+00
1.998951530418396016e+00
2.006343957862854133e+00
1.971671604766845665e+00
1.937295094757080172e+00
1.948675707130432144e+00
1.923970556030273338e+00
1.924220606842041104e+00
1.927491329040527335e+00
1.908862482757568424e+00
1.859213594093322763e+00
1.856147225646972654e+00
1.848453086929321199e+00
1.852888582382202109e+00
1.813677970352172819e+00
1.863269165039062480e+00
1.807470524215698315e+00
1.832737417182922268e+00
1.839642465057373055e+00
1.810320473937988339e+00
1.796185468559265086e+00
1.792810334091186508e+00
1.797342762832641494e+00
1.771170142784118662e+00
1.783924864349365258e+00
1.787129113006591830e+00
1.797507642364502001e+00
1.769118389511108447e+00
1.772321072235107486e+00
1.810763230323791495e+00
1.716865927352905219e+00
1.751692390518188480e+00
1.796884317092895422e+00
1.712270398826599038e+00
1.734475461349487269e+00
1.736483265609741311e+00
1.768116515769958541e+00
1.747813042297363229e+00
1.738496220779419010e+00
1.767389568061828564e+00
1.765671234359741160e+00
1.732112111129760823e+00
1.691845208549499491e+00
1.680341548881530755e+00
1.724756807365417588e+00
1.732387141418457066e+00
1.760821877746582054e+00
1.711009485778808514e+00
1.704094916534423909e+00
1.735827609825134177e+00
1.711038250885009715e+00
1.685510624160766691e+00
1.726780795631408738e+00
1.712551607971191325e+00
1.680412781372070397e+00
1.716669212265014677e+00
1.784462706413268984e+00
1.676653852386474686e+00
1.805663776626586836e+00
1.727767238693237228e+00
1.709297358856201265e+00
1.688587190895080470e+00
1.781142586822509699e+00
1.687770495376586855e+00
1.731163063774108890e+00
1.694605978050231831e+00
1.679436477279663054e+00
1.706103215103149440e+00
1.688683700370788632e+00
1.652453728370666397e+00
1.777477503433227524e+00
1.687388963508605899e+00
1.723698063697814975e+00
1.659846955490112297e+00
1.647239241218566796e+00
1.702441704864501970e+00
1.733502905883788969e+00
1.671276708374023423e+00
1.675369833602905256e+00
1.635894359092712413e+00
1.618475828018188567e+00
1.702172624702453563e+00
1.622865141448974535e+00
1.672101951370239314e+00
1.647226879882812467e+00
1.695073449783325303e+00
1.627941250610351664e+00
1.617634889907836993e+00
1.627336969604492145e+00
1.646704366226196203e+00
1.661751695556640707e+00
1.616931125106811473e+00
1.280605856895446815e+00
1.217204520301818915e+00
1.209068849143981828e+00
1.201266848793029807e+00
1.190073110084533647e+00
1.209129200859069719e+00
1.201782275123596255e+00
1.183553572235107376e+00
1.162073559799194244e+00
1.173953614616394026e+00
1.190371268653869663e+00
1.194023140296936125e+00
1.175856092090606708e+00
1.177044084854125927e+00
1.179925703086853073e+00
1.166070349845886200e+00
1.180499464645385688e+00
1.176303726844787567e+00
1.152338161849975506e+00
1.158895216140747086e+00
1.155043572502136184e+00
1.123750375289916947e+00
1.140645652236938368e+00
1.138568352661132765e+00
1.149694394645691009e+00
1.143024099769592183e+00
1.123973054180145370e+00
1.153387422485351532e+00
1.116685795726776176e+00
1.113264675865173414e+00
1.150214081420898538e+00
1.149896511878967242e+00
1.118844500236511275e+00
1.121694009857177710e+00
1.123968859329223635e+00
1.121617315649986235e+00
1.106581363334655732e+00
1.079971880455017130e+00
1.122310654792785689e+00
1.128081512222290028e+00
1.072335281219482406e+00
1.096348023643493708e+00
1.076769196472167955e+00
1.074816949291229173e+00
1.099939494934081941e+00
1.108130388784408504e+00
1.086636077613830631e+00
1.115749412841796850e+00
1.088155353889465271e+00
1.093647379913330164e+00
1.012759198799133342e+00
9.936483328247069924e-01
1.026112252235412692e+00
1.032083792953491175e+00
1.025465003776550255e+00
1.025553911781311056e+00
1.006157602519988981e+00
9.959394898986816402e-01
1.013771844596862870e+00
9.919892166900634578e-01
9.938299407958984810e-01
1.005134016036987266e+00
1.019802461624145451e+00
9.919254588317870658e-01
1.025630107650756795e+00
1.043740490875244120e+00
1.020618493156433049e+00
1.002121761550903267e+00
1.002797522926330620e+00
1.039203357276916595e+00
1.008884837379455668e+00
1.003375222492218111e+00
1.001580348701476941e+00
9.973666719818115034e-01
9.727808193778991752e-01
1.019865785694122229e+00
1.002288630619049048e+00
1.002651130638122501e+00
1.035355198841094948e+00
9.960303868293761687e-01
1.004602703857421897e+00
1.014019690437316878e+00
1.011321219558715789e+00
1.024363117885589647e+00
1.005837567710876401e+00
1.040642982025146379e+00
1.018212161560058560e+00
1.016970606384277387e+00
1.015458155250549277e+00
1.029581181564330983e+00
1.000773834915161142e+00
1.003171368942260777e+00
1.050499262466430661e+00
1.013900899162292424e+00
1.029381670608520594e+00
1.026142726783752401e+00
1.040792933235168416e+00
9.934950096321105706e-01
1.015953996562957817e+00
1.022074196472168017e+00
