1.259527182579040527e+01
1.195188832283020020e+01
1.197328209877014160e+01
1.194885802268981934e+01
1.231578397750854492e+01
1.229378461837768555e+01
1.233484601974487305e+01
1.206796526908874512e+01
1.204899048805236816e+01
1.217476868629455566e+01
1.213475632667541504e+01
1.248269772529602051e+01
1.212552499771118164e+01
1.212484645843505859e+01
1.216899776458740234e+01
1.245052266120910645e+01
1.215823340415954590e+01
1.213964152336120605e+01
1.225149440765380859e+01
1.247222828865051270e+01
1.213006877899169922e+01
1.211305451393127441e+01
1.242511892318725586e+01
1.213197612762451172e+01
1.215273976325988770e+01
1.244006800651550293e+01
1.213316535949707031e+01
1.214196634292602539e+01
1.217023539543151855e+01
1.225190496444702148e+01
1.217002272605895996e+01
1.214081430435180664e+01
1.215551257133483887e+01
1.215632057189941406e+01
1.241355323791503906e+01
1.215514659881591797e+01
1.218796110153198242e+01
1.212211227416992188e+01
1.214464306831359863e+01
1.250319051742553711e+01
1.211410117149353027e+01
1.215760898590087891e+01
1.222443652153015137e+01
1.215164279937744141e+01
1.212825393676757812e+01
1.215169239044189453e+01
1.249222302436828613e+01
1.211284399032592773e+01
1.218530869483947754e+01
1.216374993324279785e+01
1.244035434722900391e+01
1.216089224815368652e+01
1.214721560478210449e+01
1.213619852066040039e+01
1.218375468254089355e+01
1.216085219383239746e+01
1.213799929618835449e+01
1.211101961135864258e+01
1.214349699020385742e+01
1.212980461120605469e+01
1.218670988082885742e+01
1.221221780776977539e+01
1.240164136886596680e+01
1.244289350509643555e+01
1.215022206306457520e+01
1.217348861694335938e+01
1.220137357711791992e+01
1.215061879158020020e+01
1.215103864669799805e+01
1.217213368415832520e+01
1.215851426124572754e+01
1.215861701965332031e+01
1.218864989280700684e+01
1.216240477561950684e+01
1.216515588760375977e+01
1.246239233016967773e+01
1.215173053741455078e+01
1.213172078132629395e+01
1.214997315406799316e+01
1.214495611190795898e+01
1.214417648315429688e+01
1.214236164093017578e+01
1.217354583740234375e+01
1.246661233901977539e+01
1.215829801559448242e+01
1.248627138137817383e+01
1.242209148406982422e+01
1.216299581527709961e+01
1.214211201667785645e+01
1.246313452720642090e+01
1.253578138351440430e+01
1.216316795349121094e+01
1.213981866836547852e+01
1.211707592010498047e+01
1.245090556144714355e+01
1.249321293830871582e+01
1.247102737426757812e+01
1.215244197845458984e+01
1.215201354026794434e+01
1.223901534080505371e+01
1.244743108749389648e+01
1.221468114852905273e+01
1.218188357353210449e+01
1.220126175880432129e+01
1.221012711524963379e+01
1.217126107215881348e+01
1.211409163475036621e+01
1.247506141662597656e+01
1.226988124847412109e+01
1.215857005119323730e+01
1.217851591110229492e+01
1.220518565177917480e+01
1.218109583854675293e+01
1.213424229621887207e+01
1.212058162689208984e+01
1.222598719596862793e+01
1.219080233573913574e+01
1.218809843063354492e+01
1.214168024063110352e+01
1.214690518379211426e+01
1.256147599220275879e+01
1.246438407897949219e+01
1.248952460289001465e+01
1.213157510757446289e+01
1.247375702857971191e+01
1.219938421249389648e+01
1.215622186660766602e+01
1.218064141273498535e+01
1.248465061187744141e+01
1.240294289588928223e+01
1.219785404205322266e+01
1.212813854217529297e+01
1.216476678848266602e+01
1.219641923904418945e+01
1.212778854370117188e+01
1.216493654251098633e+01
1.250754141807556152e+01
1.244129610061645508e+01
1.213560318946838379e+01
1.217442488670349121e+01
1.247037816047668457e+01
1.164764595031738281e+01
1.216277694702148438e+01
1.214019823074340820e+01
1.216746068000793457e+01
1.216371703147888184e+01
1.253055930137634277e+01
1.244082760810852051e+01
1.213756585121154785e+01
1.216461896896362305e+01
1.215288877487182617e+01
1.217571568489074707e+01
1.247018241882324219e+01
1.213014817237854004e+01
1.217923021316528320e+01
1.216008734703063965e+01
1.214186859130859375e+01
1.215548753738403320e+01
1.215345239639282227e+01
1.216189694404602051e+01
1.216621136665344238e+01
1.219437527656555176e+01
1.211731338500976562e+01
1.216972255706787109e+01
1.214613556861877441e+01
1.216322422027587891e+01
1.219573664665222168e+01
1.215307450294494629e+01
1.247946763038635254e+01
1.218823623657226562e+01
1.246584415435791016e+01
1.218653488159179688e+01
1.213961601257324219e+01
1.217561268806457520e+01
1.216720581054687500e+01
1.219067764282226562e+01
1.217749810218811035e+01
1.215969848632812500e+01
1.214432120323181152e+01
1.215861153602600098e+01
1.243698334693908691e+01
1.216484618186950684e+01
1.218142080307006836e+01
1.216683840751647949e+01
1.216664671897888184e+01
1.214719200134277344e+01
1.218025207519531250e+01
1.212292528152465820e+01
1.216492223739624023e+01
1.214266610145568848e+01
1.246595168113708496e+01
1.249487352371215820e+01
1.216713094711303711e+01
1.248545789718627930e+01
1.253549623489379883e+01
1.210610508918762207e+01
1.212951803207397461e+01
1.215839290618896484e+01
1.246221089363098145e+01
1.211880779266357422e+01
