4.025001525878906250e-01
3.960838317871093750e-01
3.917429447174072266e-01
3.884119987487792969e-01
3.944580554962158203e-01
3.861143589019775391e-01
3.928711414337158203e-01
3.863308429718017578e-01
3.882453441619873047e-01
3.888390064239501953e-01
3.812501430511474609e-01
3.961765766143798828e-01
3.871188163757324219e-01
3.875589370727539062e-01
3.940145969390869141e-01
3.835732936859130859e-01
3.902041912078857422e-01
3.856434822082519531e-01
3.873863220214843750e-01
3.906469345092773438e-01
3.823783397674560547e-01
3.955368995666503906e-01
3.858993053436279297e-01
3.835182189941406250e-01
3.906512260437011719e-01
3.845081329345703125e-01
3.923537731170654297e-01
3.851714134216308594e-01
3.872020244598388672e-01
3.912696838378906250e-01
3.835217952728271484e-01
3.892762660980224609e-01
3.892002105712890625e-01
3.875422477722167969e-01
3.908360004425048828e-01
3.852190971374511719e-01
3.914699554443359375e-01
3.844971656799316406e-01
3.879973888397216797e-01
3.862953186035156250e-01
3.815002441406250000e-01
3.908395767211914062e-01
3.884146213531494141e-01
3.878526687622070312e-01
3.870887756347656250e-01
3.836665153503417969e-01
3.924851417541503906e-01
3.851518630981445312e-01
3.899273872375488281e-01
3.876051902770996094e-01
3.822307586669921875e-01
3.884034156799316406e-01
3.837966918945312500e-01
3.883621692657470703e-01
3.892304897308349609e-01
3.867027759552001953e-01
3.922390937805175781e-01
3.854818344116210938e-01
3.870451450347900391e-01
3.891971111297607422e-01
3.879454135894775391e-01
3.887457847595214844e-01
3.835268020629882812e-01
3.861753940582275391e-01
3.936207294464111328e-01
3.872337341308593750e-01
3.906095027923583984e-01
3.834404945373535156e-01
3.838622570037841797e-01
3.897244930267333984e-01
3.846533298492431641e-01
3.860092163085937500e-01
3.855788707733154297e-01
3.872139453887939453e-01
3.896622657775878906e-01
3.811280727386474609e-01
3.811590671539306641e-01
3.850042819976806641e-01
3.867833614349365234e-01
3.867719173431396484e-01
3.793992996215820312e-01
3.855183124542236328e-01
3.827769756317138672e-01
3.886611461639404297e-01
3.902132511138916016e-01
3.834908008575439453e-01
3.844795227050781250e-01
3.911886215209960938e-01
3.868029117584228516e-01
3.910520076751708984e-01
3.817605972290039062e-01
3.865489959716796875e-01
3.848080635070800781e-01
3.858551979064941406e-01
3.877031803131103516e-01
3.811273574829101562e-01
3.889877796173095703e-01
3.837146759033203125e-01
3.833274841308593750e-01
3.897430896759033203e-01
3.827862739562988281e-01
3.837232589721679688e-01
3.889341354370117188e-01
3.837954998016357422e-01
3.893284797668457031e-01
3.822422027587890625e-01
3.846321105957031250e-01
3.857414722442626953e-01
3.848571777343750000e-01
3.904440402984619141e-01
3.840093612670898438e-01
3.842744827270507812e-01
3.876490592956542969e-01
3.876571655273437500e-01
3.926241397857666016e-01
3.833770751953125000e-01
3.863010406494140625e-01
3.908932209014892578e-01
3.819301128387451172e-01
3.860125541687011719e-01
3.829040527343750000e-01
3.816037178039550781e-01
3.898100852966308594e-01
3.850109577178955078e-01
3.870449066162109375e-01
3.830258846282958984e-01
3.869681358337402344e-01
3.875343799591064453e-01
3.815481662750244141e-01
3.870122432708740234e-01
3.856832981109619141e-01
3.821570873260498047e-01
3.906118869781494141e-01
3.851509094238281250e-01
3.837831020355224609e-01
3.898389339447021484e-01
3.832840919494628906e-01
3.834621906280517578e-01
3.810279369354248047e-01
3.908350467681884766e-01
3.874208927154541016e-01
5.996248722076416016e-01
3.872094154357910156e-01
3.807857036590576172e-01
3.813323974609375000e-01
3.876373767852783203e-01
3.829348087310791016e-01
3.873801231384277344e-01
3.830604553222656250e-01
3.863110542297363281e-01
3.917889595031738281e-01
3.845241069793701172e-01
3.916969299316406250e-01
3.807141780853271484e-01
3.860960006713867188e-01
3.918602466583251953e-01
3.819987773895263672e-01
3.887765407562255859e-01
3.860065937042236328e-01
3.835277557373046875e-01
3.919310569763183594e-01
3.851268291473388672e-01
3.887720108032226562e-01
3.826501369476318359e-01
3.818805217742919922e-01
3.910970687866210938e-01
3.886473178863525391e-01
3.873209953308105469e-01
3.839921951293945312e-01
3.892221450805664062e-01
3.893625736236572266e-01
3.837492465972900391e-01
3.837096691131591797e-01
3.802013397216796875e-01
3.830482959747314453e-01
3.874900341033935547e-01
3.836662769317626953e-01
3.898708820343017578e-01
3.850464820861816406e-01
3.867547512054443359e-01
3.884985446929931641e-01
3.849775791168212891e-01
3.865742683410644531e-01
3.829705715179443359e-01
3.871383666992187500e-01
3.899931907653808594e-01
3.834786415100097656e-01
3.864691257476806641e-01
3.798110485076904297e-01
3.855838775634765625e-01
3.918018341064453125e-01
3.821034431457519531e-01
3.895566463470458984e-01
3.843231201171875000e-01
3.860561847686767578e-01
3.907272815704345703e-01
3.832144737243652344e-01
3.835077285766601562e-01
3.876080513000488281e-01
3.841290473937988281e-01
