1.303327345848083496e+01
1.231836247444152832e+01
1.231600761413574219e+01
1.230506896972656250e+01
1.236284160614013672e+01
1.234702014923095703e+01
1.244874811172485352e+01
1.234634971618652344e+01
1.235660481452941895e+01
1.235891985893249512e+01
1.233332037925720215e+01
1.240017962455749512e+01
1.236120676994323730e+01
1.236962699890136719e+01
1.243758702278137207e+01
1.235618162155151367e+01
1.237345337867736816e+01
1.233176231384277344e+01
1.239142632484436035e+01
1.241020393371582031e+01
1.233869481086730957e+01
1.240228509902954102e+01
1.238233089447021484e+01
1.233034396171569824e+01
1.233482527732849121e+01
1.238932299613952637e+01
1.243533778190612793e+01
1.235919165611267090e+01
1.237839245796203613e+01
1.237146639823913574e+01
1.235798120498657227e+01
1.235229778289794922e+01
1.237462329864501953e+01
1.236784696578979492e+01
1.235871624946594238e+01
1.236851525306701660e+01
1.238501811027526855e+01
1.235238623619079590e+01
1.234853744506835938e+01
1.233283138275146484e+01
1.237476921081542969e+01
1.239632010459899902e+01
1.235997962951660156e+01
1.235454893112182617e+01
1.236788845062255859e+01
1.233686947822570801e+01
1.241352343559265137e+01
1.234227919578552246e+01
1.234633731842041016e+01
1.236321425437927246e+01
1.239482688903808594e+01
1.242295360565185547e+01
1.237921762466430664e+01
1.237076044082641602e+01
1.238654804229736328e+01
1.238309574127197266e+01
1.235794019699096680e+01
1.239569807052612305e+01
1.243233442306518555e+01
1.236560225486755371e+01
1.237200570106506348e+01
1.234230995178222656e+01
1.237965011596679688e+01
1.242391371726989746e+01
1.236840629577636719e+01
1.236898970603942871e+01
1.237495064735412598e+01
1.240224766731262207e+01
1.233448696136474609e+01
1.238184976577758789e+01
1.241419625282287598e+01
1.236084938049316406e+01
1.238425755500793457e+01
1.235679936408996582e+01
1.240973401069641113e+01
1.234480404853820801e+01
1.231584763526916504e+01
1.233206892013549805e+01
1.241429686546325684e+01
1.236241245269775391e+01
1.239658784866333008e+01
1.240520453453063965e+01
1.235477495193481445e+01
1.239441347122192383e+01
1.240301704406738281e+01
1.235989499092102051e+01
1.233208894729614258e+01
1.240493559837341309e+01
1.234087705612182617e+01
1.242688679695129395e+01
1.240425729751586914e+01
1.240472507476806641e+01
1.236520028114318848e+01
1.238293910026550293e+01
1.246863532066345215e+01
1.234031724929809570e+01
1.240317487716674805e+01
1.235373473167419434e+01
1.234895420074462891e+01
1.238558530807495117e+01
1.238724637031555176e+01
1.235733914375305176e+01
1.235611152648925781e+01
1.239065718650817871e+01
1.237222409248352051e+01
1.235105609893798828e+01
1.246813631057739258e+01
1.237914490699768066e+01
1.235195994377136230e+01
1.234554243087768555e+01
1.236364603042602539e+01
1.239675593376159668e+01
1.235598063468933105e+01
1.237086033821105957e+01
1.234263586997985840e+01
1.235033798217773438e+01
1.233892464637756348e+01
1.236524057388305664e+01
1.234007239341735840e+01
1.235940694808959961e+01
1.237415361404418945e+01
1.236496639251708984e+01
1.241027331352233887e+01
1.238909983634948730e+01
1.236206841468811035e+01
1.231474304199218750e+01
1.237810420989990234e+01
1.234915161132812500e+01
1.233972167968750000e+01
1.234812307357788086e+01
1.235618591308593750e+01
1.236958980560302734e+01
1.236178302764892578e+01
1.237859511375427246e+01
1.235951280593872070e+01
1.237834119796752930e+01
1.235385155677795410e+01
1.235605621337890625e+01
1.234698867797851562e+01
1.237406897544860840e+01
1.242168140411376953e+01
1.265401887893676758e+01
1.236997985839843750e+01
1.237171840667724609e+01
1.239389324188232422e+01
1.235255336761474609e+01
1.234760260581970215e+01
1.241692090034484863e+01
1.235218739509582520e+01
1.234796857833862305e+01
1.244566965103149414e+01
1.235343623161315918e+01
1.236382341384887695e+01
1.244884729385375977e+01
1.242567515373229980e+01
1.233752965927124023e+01
1.232332682609558105e+01
1.236528396606445312e+01
1.242073535919189453e+01
1.240322303771972656e+01
1.236263990402221680e+01
1.237916660308837891e+01
1.238831543922424316e+01
1.239279723167419434e+01
1.234780526161193848e+01
1.236309790611267090e+01
1.236823844909667969e+01
1.235259509086608887e+01
1.237393116950988770e+01
1.237389326095581055e+01
1.242691969871520996e+01
1.238390922546386719e+01
1.233963632583618164e+01
1.238028764724731445e+01
1.237534928321838379e+01
1.238518452644348145e+01
1.233830165863037109e+01
1.238953280448913574e+01
1.237592244148254395e+01
1.235235261917114258e+01
1.236646437644958496e+01
1.239627003669738770e+01
1.236337423324584961e+01
1.236669850349426270e+01
1.248107004165649414e+01
1.235812067985534668e+01
1.234328532218933105e+01
1.235716557502746582e+01
1.237938451766967773e+01
1.236748075485229492e+01
1.241899156570434570e+01
1.237661814689636230e+01
1.239461922645568848e+01
1.236243891716003418e+01
1.240727567672729492e+01
1.237324643135070801e+01
1.239839005470275879e+01
1.237426733970642090e+01
1.243631625175476074e+01
1.236049985885620117e+01
