2.373524702758789129e+00
2.270169287643432732e+00
2.135547939491271752e+00
2.056935696182251139e+00
2.015167570266723551e+00
1.996993284988403339e+00
1.936963632507324284e+00
1.923350137405395399e+00
1.919833100814819282e+00
1.888228407821655352e+00
1.890533148002624619e+00
1.836555249099731446e+00
1.863764221382141040e+00
1.819804614448547353e+00
1.838301662025451755e+00
1.813639325141906733e+00
1.810190830421447794e+00
1.791198809547424275e+00
1.774596378555297838e+00
1.761388366851806664e+00
1.772622630271911692e+00
1.779964779243469186e+00
1.770731057319641089e+00
1.804728908691406231e+00
1.818771771316528341e+00
1.769517049484252924e+00
1.725781761856079122e+00
1.739363633117675834e+00
1.735867005882263170e+00
1.741491228256225599e+00
1.745881312484741210e+00
1.690975743255615171e+00
1.720147446060180663e+00
1.722075931701660068e+00
1.674045222549438439e+00
1.702647911720275964e+00
1.704210185203552275e+00
1.661460477523803769e+00
1.681611867828369133e+00
1.707600817871093746e+00
1.650043981475830090e+00
1.624223287124633819e+00
1.613555170936584515e+00
1.650293884391784704e+00
1.672122911186218364e+00
1.644922365188598690e+00
1.657037142715453992e+00
1.644992049789428812e+00
1.646975982208251921e+00
1.627437207870483293e+00
1.615922685890197830e+00
1.594760305213928309e+00
1.696270147399902450e+00
1.632300418472290016e+00
1.576949217224121069e+00
1.616915397644042907e+00
1.634697872009277297e+00
1.621572853088378841e+00
1.595843118057250987e+00
1.612164850120544335e+00
1.634391168975830144e+00
1.645525328750610417e+00
1.594199574851989709e+00
1.599127040748596240e+00
1.612835232810974073e+00
1.600539579887390040e+00
1.566927769203185994e+00
1.538808229560852059e+00
1.619157074089050186e+00
1.559803521652221692e+00
1.662066673278808526e+00
1.586231125183105384e+00
1.627033168945312580e+00
1.547431079101562412e+00
1.659746164665222068e+00
1.535182399368286044e+00
1.605810900726318380e+00
1.595750216979980429e+00
1.570546934432983432e+00
1.601879085655212309e+00
1.562686884536743204e+00
1.557957547607421889e+00
1.587400686874389732e+00
1.534457145614624096e+00
1.529192892684936522e+00
1.538829330863952682e+00
1.607864178733825700e+00
1.582587597312927308e+00
1.532957674865722764e+00
1.522900093078613182e+00
1.516322031288146910e+00
1.593751849670410170e+00
1.541240371704101664e+00
1.581739324188232487e+00
1.584595409812927347e+00
1.575432928848266689e+00
1.527800092277526778e+00
1.524650749893188495e+00
1.535861102371215869e+00
1.531243096656799363e+00
1.132254871749877934e+00
1.153155055160522524e+00
1.115296446342468162e+00
1.132728339042663679e+00
1.100296114425659111e+00
1.138557380332946734e+00
1.112887337112426822e+00
1.120604019966125575e+00
1.109095642166137763e+00
1.083820224914550767e+00
1.106520884170532293e+00
1.091105114364623985e+00
1.095210457000732385e+00
1.092492200489044274e+00
1.094997753639221250e+00
1.069435848274230993e+00
1.070998247833252037e+00
1.064224920158386212e+00
1.087431997413635276e+00
1.061443962535858265e+00
1.059849871540069488e+00
1.082760099868774306e+00
1.070461080799102849e+00
1.073928445358276473e+00
1.066591058197021491e+00
1.070794134445190338e+00
1.037385446090698160e+00
1.053781015653610265e+00
1.093615083484649642e+00
1.094244139289855866e+00
1.041489755516052274e+00
1.030825751361846843e+00
1.042771858234405435e+00
1.026962695388794033e+00
1.037862766952514670e+00
1.019532431793212846e+00
1.032353178577423147e+00
1.048925394744873119e+00
1.068774943809509326e+00
1.044305842361450187e+00
1.011996966743469173e+00
1.017771443023681721e+00
1.023514270133972115e+00
1.035003940639495745e+00
1.018247993698120135e+00
1.031310827369690042e+00
1.026263200798034569e+00
1.030070567245483293e+00
1.032553732795715273e+00
1.030509352002143775e+00
9.911922721862792551e-01
9.823854352664947998e-01
9.862316840744018709e-01
9.742852920341491529e-01
9.881984239959716865e-01
9.603317071914673209e-01
9.697497689056396863e-01
9.944707235717773486e-01
9.664152808380126469e-01
9.846859246444702451e-01
9.619094003677368665e-01
9.674854218292235908e-01
9.609260639762878808e-01
9.608153960227966417e-01
1.025085037879943872e+00
9.723514303684234195e-01
9.652269880104065169e-01
9.975025901031494557e-01
1.020055192184448289e+00
9.916432658767699859e-01
9.674161114120483074e-01
9.998754228973388836e-01
9.769017119598388810e-01
9.951406132507324420e-01
9.966132229614257376e-01
9.738932755851745782e-01
1.002354677219390977e+00
9.646083029556274946e-01
9.802744981384277079e-01
9.922009848785400266e-01
9.919849031448364496e-01
9.993100485229492458e-01
9.793993192863463815e-01
9.674060555267334216e-01
9.820488915634155713e-01
9.793043708038330353e-01
9.782650322341919225e-01
9.891389011383057150e-01
1.000977013912200952e+00
9.921387351989746639e-01
9.859625392341613281e-01
9.939625677108764323e-01
9.858362959098816436e-01
9.809031537628173369e-01
9.683835828781127697e-01
9.876182490921020518e-01
9.931402012586593164e-01
9.810029056739807407e-01
9.922735269737243957e-01
9.835824729919433462e-01
