1.256023907661437988e+01
1.190324401855468750e+01
1.192511510848999023e+01
1.196516108512878418e+01
1.199464082717895508e+01
1.198981642723083496e+01
1.198157691955566406e+01
1.197573471069335938e+01
1.207216095924377441e+01
1.198050117492675781e+01
1.199741411209106445e+01
1.196390557289123535e+01
1.198640608787536621e+01
1.195287847518920898e+01
1.195361614227294922e+01
1.200283098220825195e+01
1.199472308158874512e+01
1.205183219909667969e+01
1.196873402595520020e+01
1.196935391426086426e+01
1.201746559143066406e+01
1.199122333526611328e+01
1.194454193115234375e+01
1.203822255134582520e+01
1.202098560333251953e+01
1.196494793891906738e+01
1.195969247817993164e+01
1.202614593505859375e+01
1.203752756118774414e+01
1.197272658348083496e+01
1.200285077095031738e+01
1.208637118339538574e+01
1.200287842750549316e+01
1.198908615112304688e+01
1.205608439445495605e+01
1.198140096664428711e+01
1.197489142417907715e+01
1.209767651557922363e+01
1.197500157356262207e+01
1.199455904960632324e+01
1.196819543838500977e+01
1.197166109085083008e+01
1.197058010101318359e+01
1.200075793266296387e+01
1.197760272026062012e+01
1.199441123008728027e+01
1.197881841659545898e+01
1.202413582801818848e+01
1.206075525283813477e+01
1.201870775222778320e+01
1.195934176445007324e+01
1.197323679924011230e+01
1.199283266067504883e+01
1.199036049842834473e+01
1.196751594543457031e+01
1.196152281761169434e+01
1.199735736846923828e+01
1.198468613624572754e+01
1.195368432998657227e+01
1.204299497604370117e+01
1.199627232551574707e+01
1.203273177146911621e+01
1.197962141036987305e+01
1.200347638130187988e+01
1.194939303398132324e+01
1.198515319824218750e+01
1.198416399955749512e+01
1.202994823455810547e+01
1.199017333984375000e+01
1.204065036773681641e+01
1.199605274200439453e+01
1.199689745903015137e+01
1.198677539825439453e+01
1.202023339271545410e+01
1.200428152084350586e+01
1.198306870460510254e+01
1.200712394714355469e+01
1.202237939834594727e+01
1.202273178100585938e+01
1.205159091949462891e+01
1.200145483016967773e+01
1.197168374061584473e+01
1.197776722908020020e+01
1.200699257850646973e+01
1.194505381584167480e+01
1.204479789733886719e+01
1.204147791862487793e+01
1.201382231712341309e+01
1.196927595138549805e+01
1.201973366737365723e+01
1.199732232093811035e+01
1.201841282844543457e+01
1.198773908615112305e+01
1.198275351524353027e+01
1.197299146652221680e+01
1.201037359237670898e+01
1.203380060195922852e+01
1.203585529327392578e+01
1.200339651107788086e+01
1.200634193420410156e+01
1.201567888259887695e+01
1.197691464424133301e+01
1.210304760932922363e+01
1.201999497413635254e+01
1.198354196548461914e+01
1.199881696701049805e+01
1.195713376998901367e+01
1.203495287895202637e+01
1.206725144386291504e+01
1.200125002861022949e+01
1.198037958145141602e+01
1.196919393539428711e+01
1.198624944686889648e+01
1.204266071319580078e+01
1.203523731231689453e+01
1.204842901229858398e+01
1.200512719154357910e+01
1.202293920516967773e+01
1.198414325714111328e+01
1.196537590026855469e+01
1.199096202850341797e+01
1.197387290000915527e+01
1.195326447486877441e+01
1.196537494659423828e+01
1.196253967285156250e+01
1.204959988594055176e+01
1.198071217536926270e+01
1.198981904983520508e+01
1.198582410812377930e+01
1.198132205009460449e+01
1.201738500595092773e+01
1.203795599937438965e+01
1.203768563270568848e+01
1.203034353256225586e+01
1.206555557250976562e+01
1.196997904777526855e+01
1.195393395423889160e+01
1.199235510826110840e+01
1.202479267120361328e+01
1.206955432891845703e+01
1.198493790626525879e+01
1.202523064613342285e+01
1.204768610000610352e+01
1.196084189414978027e+01
1.194556307792663574e+01
1.200392413139343262e+01
1.199290204048156738e+01
1.195657181739807129e+01
1.197188782691955566e+01
1.195144104957580566e+01
1.196330451965332031e+01
1.198990821838378906e+01
1.196310091018676758e+01
1.195506906509399414e+01
1.197590756416320801e+01
1.199894022941589355e+01
1.199459695816040039e+01
1.198015594482421875e+01
1.200117063522338867e+01
1.199823141098022461e+01
1.206049060821533203e+01
1.199028325080871582e+01
1.198427820205688477e+01
1.199577355384826660e+01
1.207368636131286621e+01
1.203082442283630371e+01
1.201345849037170410e+01
1.198002481460571289e+01
1.196654558181762695e+01
1.198397254943847656e+01
1.200412273406982422e+01
1.201867604255676270e+01
1.200285625457763672e+01
1.203280043601989746e+01
1.197983527183532715e+01
1.194901180267333984e+01
1.201675176620483398e+01
1.196147871017456055e+01
1.203491973876953125e+01
1.197904515266418457e+01
1.199018836021423340e+01
1.199383282661437988e+01
1.198991489410400391e+01
1.204170227050781250e+01
1.197580599784851074e+01
1.202588057518005371e+01
1.201878237724304199e+01
1.201702642440795898e+01
1.197823739051818848e+01
1.200671887397766113e+01
1.203057670593261719e+01
1.200274395942687988e+01
1.198118519783020020e+01
1.198189806938171387e+01
1.200271749496459961e+01
1.199298644065856934e+01
1.197059178352355957e+01
1.199701619148254395e+01
1.197533655166625977e+01
1.198560857772827148e+01
