1.252762913703918457e+01
1.191330575942993164e+01
1.190752410888671875e+01
1.193146085739135742e+01
1.204934477806091309e+01
1.199350929260253906e+01
1.202399134635925293e+01
1.210255265235900879e+01
1.237663817405700684e+01
1.209234118461608887e+01
1.206675100326538086e+01
1.211295747756958008e+01
1.208665394783020020e+01
1.212293815612792969e+01
1.211341023445129395e+01
1.221978044509887695e+01
1.209595847129821777e+01
1.240698885917663574e+01
1.209871363639831543e+01
1.210481095314025879e+01
1.210433673858642578e+01
1.203744077682495117e+01
1.212613153457641602e+01
1.208498525619506836e+01
1.210226178169250488e+01
1.210248613357543945e+01
1.210826349258422852e+01
1.210493230819702148e+01
1.214236211776733398e+01
1.210569810867309570e+01
1.210361313819885254e+01
1.209834671020507812e+01
1.210352683067321777e+01
1.249087166786193848e+01
1.218269681930541992e+01
1.211031031608581543e+01
1.211845970153808594e+01
1.242502260208129883e+01
1.244441032409667969e+01
1.209582471847534180e+01
1.241241955757141113e+01
1.247688364982604980e+01
1.249754095077514648e+01
1.241245365142822266e+01
1.208821129798889160e+01
1.214460778236389160e+01
1.211897325515747070e+01
1.238724017143249512e+01
1.208457732200622559e+01
1.244575333595275879e+01
1.209814429283142090e+01
1.210886287689208984e+01
1.210524892807006836e+01
1.211008000373840332e+01
1.211153125762939453e+01
1.210178351402282715e+01
1.211543965339660645e+01
1.243321084976196289e+01
1.250668978691101074e+01
1.248253083229064941e+01
1.211827993392944336e+01
1.212571406364440918e+01
1.217731094360351562e+01
1.212399721145629883e+01
1.209747862815856934e+01
1.212825345993041992e+01
1.212977647781372070e+01
1.212696576118469238e+01
1.210194444656372070e+01
1.210482311248779297e+01
1.212369394302368164e+01
1.246844887733459473e+01
1.209071946144104004e+01
1.211911797523498535e+01
1.210689401626586914e+01
1.216594600677490234e+01
1.212692499160766602e+01
1.215963506698608398e+01
1.209951686859130859e+01
1.212245965003967285e+01
1.212248134613037109e+01
1.213693404197692871e+01
1.212593317031860352e+01
1.213675642013549805e+01
1.210811972618103027e+01
1.212308979034423828e+01
1.210767269134521484e+01
1.212507653236389160e+01
1.244784998893737793e+01
1.209284782409667969e+01
1.210092163085937500e+01
1.210550856590270996e+01
1.208648204803466797e+01
1.239631342887878418e+01
1.213058352470397949e+01
1.211243844032287598e+01
1.218190431594848633e+01
1.240724110603332520e+01
1.216805434226989746e+01
1.210837984085083008e+01
1.214653015136718750e+01
1.215353822708129883e+01
1.211161184310913086e+01
1.208085560798645020e+01
1.211862373352050781e+01
1.214340662956237793e+01
1.249760985374450684e+01
1.213759136199951172e+01
1.240452194213867188e+01
1.213936018943786621e+01
1.210592579841613770e+01
1.213528299331665039e+01
1.210599708557128906e+01
1.244060301780700684e+01
1.244219851493835449e+01
1.214563465118408203e+01
1.223677444458007812e+01
1.215899395942687988e+01
1.217706751823425293e+01
1.211648750305175781e+01
1.212781167030334473e+01
1.213202810287475586e+01
1.211895871162414551e+01
1.247414374351501465e+01
1.212699675559997559e+01
1.213965106010437012e+01
1.214432096481323242e+01
1.208360004425048828e+01
1.213084053993225098e+01
1.215701103210449219e+01
1.210263562202453613e+01
1.239986181259155273e+01
1.214239788055419922e+01
1.214081692695617676e+01
1.244813513755798340e+01
1.210371088981628418e+01
1.212738466262817383e+01
1.214405727386474609e+01
1.250619387626647949e+01
1.210285425186157227e+01
1.217220520973205566e+01
1.263016653060913086e+01
1.213953948020935059e+01
1.245450258255004883e+01
1.214080166816711426e+01
1.242741656303405762e+01
1.211257815361022949e+01
1.215404009819030762e+01
1.244451761245727539e+01
1.213668870925903320e+01
1.212811279296875000e+01
1.211719942092895508e+01
1.212872862815856934e+01
1.211001801490783691e+01
1.246523237228393555e+01
1.211417627334594727e+01
1.247343730926513672e+01
1.209079766273498535e+01
1.219252967834472656e+01
1.248004007339477539e+01
1.214713358879089355e+01
1.212808609008789062e+01
1.242012524604797363e+01
1.220647835731506348e+01
1.209938693046569824e+01
1.212543320655822754e+01
1.218232750892639160e+01
1.213591861724853516e+01
1.213685107231140137e+01
1.215110635757446289e+01
1.219731473922729492e+01
1.248444056510925293e+01
1.244169139862060547e+01
1.211697840690612793e+01
1.208939218521118164e+01
1.210983109474182129e+01
1.213335466384887695e+01
1.249868512153625488e+01
1.246388101577758789e+01
1.246663761138916016e+01
1.213143634796142578e+01
1.214433717727661133e+01
1.215932536125183105e+01
1.245498418807983398e+01
1.212895703315734863e+01
1.211535239219665527e+01
1.211259698867797852e+01
1.213163709640502930e+01
1.211304521560668945e+01
1.244237947463989258e+01
1.211953258514404297e+01
1.214043116569519043e+01
1.210610413551330566e+01
1.213111567497253418e+01
1.212921595573425293e+01
1.242279911041259766e+01
1.243827104568481445e+01
1.243500351905822754e+01
1.214108920097351074e+01
1.238154077529907227e+01
