4.022586345672607422e-01
3.959243297576904297e-01
3.915607929229736328e-01
3.880548477172851562e-01
3.944544792175292969e-01
3.861560821533203125e-01
3.931009769439697266e-01
3.868026733398437500e-01
3.888080120086669922e-01
3.895101547241210938e-01
3.818130493164062500e-01
3.966579437255859375e-01
3.877775669097900391e-01
3.880395889282226562e-01
3.944644927978515625e-01
3.839726448059082031e-01
3.907356262207031250e-01
3.862473964691162109e-01
3.879721164703369141e-01
3.907968997955322266e-01
3.828766345977783203e-01
3.960638046264648438e-01
3.863570690155029297e-01
3.841788768768310547e-01
3.910040855407714844e-01
3.850352764129638672e-01
3.928792476654052734e-01
3.854720592498779297e-01
3.874228000640869141e-01
3.919191360473632812e-01
3.839571475982666016e-01
3.899731636047363281e-01
3.898484706878662109e-01
3.882968425750732422e-01
3.913803100585937500e-01
3.856589794158935547e-01
3.920607566833496094e-01
3.853046894073486328e-01
3.886721134185791016e-01
3.868198394775390625e-01
3.822836875915527344e-01
3.915641307830810547e-01
3.891611099243164062e-01
3.886458873748779297e-01
3.876760005950927734e-01
3.841571807861328125e-01
3.929467201232910156e-01
3.859350681304931641e-01
3.904979228973388672e-01
3.883271217346191406e-01
3.827767372131347656e-01
3.891100883483886719e-01
3.844745159149169922e-01
3.887615203857421875e-01
3.896567821502685547e-01
3.870732784271240234e-01
3.925902843475341797e-01
3.863122463226318359e-01
3.878743648529052734e-01
3.899919986724853516e-01
3.891429901123046875e-01
3.892893791198730469e-01
3.840997219085693359e-01
3.867971897125244141e-01
3.941049575805664062e-01
3.877480030059814453e-01
3.909256458282470703e-01
3.838288784027099609e-01
3.844881057739257812e-01
3.903205394744873047e-01
3.849892616271972656e-01
3.867068290710449219e-01
3.860635757446289062e-01
3.879160881042480469e-01
3.902909755706787109e-01
3.816831111907958984e-01
3.818027973175048828e-01
3.856174945831298828e-01
3.875565528869628906e-01
3.874878883361816406e-01
3.801059722900390625e-01
3.862564563751220703e-01
3.834903240203857422e-01
3.891735076904296875e-01
3.908810615539550781e-01
3.840472698211669922e-01
3.845801353454589844e-01
3.915925025939941406e-01
3.875234127044677734e-01
3.914830684661865234e-01
3.823676109313964844e-01
3.872418403625488281e-01
3.855316638946533203e-01
3.865952491760253906e-01
3.883314132690429688e-01
3.817703723907470703e-01
3.895170688629150391e-01
3.844735622406005859e-01
3.839550018310546875e-01
3.899695873260498047e-01
3.834476470947265625e-01
3.843681812286376953e-01
3.892781734466552734e-01
3.844022750854492188e-01
3.899676799774169922e-01
3.826484680175781250e-01
3.854334354400634766e-01
3.862149715423583984e-01
3.856847286224365234e-01
3.907916545867919922e-01
3.844385147094726562e-01
3.849067687988281250e-01
3.881943225860595703e-01
3.884670734405517578e-01
3.933255672454833984e-01
3.838162422180175781e-01
3.867900371551513672e-01
3.912901878356933594e-01
3.824577331542968750e-01
3.866908550262451172e-01
3.836431503295898438e-01
3.822219371795654297e-01
3.904788494110107422e-01
3.857994079589843750e-01
3.875925540924072266e-01
3.835179805755615234e-01
3.874876499176025391e-01
3.880805969238281250e-01
3.821501731872558594e-01
3.875324726104736328e-01
3.862378597259521484e-01
3.825984001159667969e-01
3.909182548522949219e-01
3.856747150421142578e-01
3.845458030700683594e-01
3.903644084930419922e-01
3.838253021240234375e-01
3.841228485107421875e-01
3.818159103393554688e-01
3.921840190887451172e-01
3.877909183502197266e-01
6.146242618560791016e-01
3.875277042388916016e-01
3.814508914947509766e-01
3.820044994354248047e-01
3.884646892547607422e-01
3.835391998291015625e-01
3.880038261413574219e-01
3.838114738464355469e-01
3.867883682250976562e-01
3.922848701477050781e-01
3.849864006042480469e-01
3.921549320220947266e-01
3.813121318817138672e-01
3.869090080261230469e-01
3.933694362640380859e-01
3.826754093170166016e-01
3.892745971679687500e-01
3.865644931793212891e-01
3.843529224395751953e-01
3.924469947814941406e-01
3.855490684509277344e-01
3.896582126617431641e-01
3.831040859222412109e-01
3.825852870941162109e-01
3.915848731994628906e-01
3.890933990478515625e-01
3.878819942474365234e-01
3.846037387847900391e-01
3.898484706878662109e-01
3.899016380310058594e-01
3.845531940460205078e-01
3.845624923706054688e-01
3.809146881103515625e-01
3.836770057678222656e-01
3.882110118865966797e-01
3.841669559478759766e-01
3.905644416809082031e-01
3.858211040496826172e-01
3.874650001525878906e-01
3.891015052795410156e-01
3.854868412017822266e-01
3.872144222259521484e-01
3.837587833404541016e-01
3.876075744628906250e-01
3.905103206634521484e-01
3.839216232299804688e-01
3.871898651123046875e-01
3.804090023040771484e-01
3.864178657531738281e-01
3.923704624176025391e-01
3.827552795410156250e-01
3.902080059051513672e-01
3.849043846130371094e-01
3.866653442382812500e-01
3.914425373077392578e-01
3.839673995971679688e-01
3.841986656188964844e-01
3.881294727325439453e-01
3.848977088928222656e-01
