1.300946497917175293e+01
1.235565590858459473e+01
1.240443825721740723e+01
1.242051362991333008e+01
1.251262354850769043e+01
1.252862572669982910e+01
1.257877206802368164e+01
1.284889054298400879e+01
1.261490964889526367e+01
1.280368471145629883e+01
1.283381104469299316e+01
1.254890823364257812e+01
1.286286330223083496e+01
1.256823444366455078e+01
1.256467056274414062e+01
1.253402066230773926e+01
1.254875326156616211e+01
1.254883074760437012e+01
1.291877746582031250e+01
1.254329180717468262e+01
1.254648494720458984e+01
1.254448533058166504e+01
1.254138898849487305e+01
1.286074542999267578e+01
1.253438401222229004e+01
1.258620572090148926e+01
1.255444860458374023e+01
1.254604959487915039e+01
1.253941440582275391e+01
1.285810708999633789e+01
1.256768941879272461e+01
1.293626427650451660e+01
1.289615035057067871e+01
1.253494882583618164e+01
1.253181171417236328e+01
1.252093791961669922e+01
1.287489295005798340e+01
1.254316496849060059e+01
1.252832937240600586e+01
1.254653453826904297e+01
1.251656103134155273e+01
1.257780122756958008e+01
1.252378726005554199e+01
1.255757474899291992e+01
1.283321142196655273e+01
1.255517077445983887e+01
1.258895683288574219e+01
1.255023670196533203e+01
1.288953185081481934e+01
1.253367900848388672e+01
1.252016568183898926e+01
1.288123226165771484e+01
1.285711765289306641e+01
1.255978465080261230e+01
1.253874707221984863e+01
1.256119227409362793e+01
1.254021906852722168e+01
1.253289151191711426e+01
1.253739166259765625e+01
1.259294795989990234e+01
1.254241180419921875e+01
1.289056134223937988e+01
1.251255559921264648e+01
1.260021805763244629e+01
1.257681202888488770e+01
1.251935958862304688e+01
1.258843970298767090e+01
1.255093598365783691e+01
1.288824391365051270e+01
1.296682000160217285e+01
1.254806017875671387e+01
1.257640075683593750e+01
1.293441343307495117e+01
1.284859704971313477e+01
1.293494582176208496e+01
1.259508824348449707e+01
1.290836787223815918e+01
1.287184143066406250e+01
1.285803151130676270e+01
1.289140176773071289e+01
1.291619300842285156e+01
1.290155482292175293e+01
1.290477705001831055e+01
1.255945467948913574e+01
1.291378974914550781e+01
1.255244326591491699e+01
1.251267099380493164e+01
1.267277455329895020e+01
1.253954672813415527e+01
1.261355876922607422e+01
1.256986594200134277e+01
1.285897064208984375e+01
1.288880276679992676e+01
1.257492113113403320e+01
1.254677367210388184e+01
1.252762770652770996e+01
1.258869767189025879e+01
1.255327463150024414e+01
1.291340374946594238e+01
1.291412663459777832e+01
1.254451012611389160e+01
1.286505031585693359e+01
1.254878759384155273e+01
1.290859508514404297e+01
1.290902376174926758e+01
1.253720569610595703e+01
1.257403063774108887e+01
1.256846237182617188e+01
1.258403897285461426e+01
1.256998920440673828e+01
1.254530620574951172e+01
1.289932155609130859e+01
1.289967727661132812e+01
1.254946279525756836e+01
1.257820463180541992e+01
1.255822181701660156e+01
1.258698916435241699e+01
1.258264732360839844e+01
1.281989598274230957e+01
1.285932898521423340e+01
1.262505340576171875e+01
1.255798482894897461e+01
1.257498908042907715e+01
1.256169009208679199e+01
1.256265711784362793e+01
1.289846372604370117e+01
1.254402732849121094e+01
1.288873004913330078e+01
1.255589842796325684e+01
1.250141692161560059e+01
1.291496133804321289e+01
1.257458114624023438e+01
1.256666731834411621e+01
1.255462145805358887e+01
1.256937718391418457e+01
1.256925606727600098e+01
1.255614709854125977e+01
1.258087801933288574e+01
1.254884791374206543e+01
1.255526685714721680e+01
1.257529950141906738e+01
1.282545614242553711e+01
1.255651450157165527e+01
1.256000423431396484e+01
1.288188052177429199e+01
1.257187938690185547e+01
1.261397504806518555e+01
1.258451080322265625e+01
1.258295702934265137e+01
1.254971909523010254e+01
1.258520269393920898e+01
1.255266547203063965e+01
1.254383134841918945e+01
1.283697724342346191e+01
1.262222671508789062e+01
1.292360758781433105e+01
1.255475139617919922e+01
1.290293431282043457e+01
1.255550122261047363e+01
1.254154157638549805e+01
1.254947900772094727e+01
1.256102347373962402e+01
1.258588647842407227e+01
1.257234930992126465e+01
1.287822985649108887e+01
1.254182720184326172e+01
1.255059957504272461e+01
1.254970216751098633e+01
1.261820507049560547e+01
1.284512472152709961e+01
1.254476952552795410e+01
1.263574314117431641e+01
1.256091904640197754e+01
1.287128567695617676e+01
1.291892695426940918e+01
1.294020748138427734e+01
1.257063269615173340e+01
1.254568958282470703e+01
1.254900670051574707e+01
1.255826473236083984e+01
1.254291200637817383e+01
1.255843281745910645e+01
1.285377907752990723e+01
1.257089090347290039e+01
1.258231997489929199e+01
1.258493638038635254e+01
1.258028125762939453e+01
1.290657067298889160e+01
1.288618969917297363e+01
1.257829022407531738e+01
1.256234645843505859e+01
1.258649277687072754e+01
1.288645243644714355e+01
1.254461503028869629e+01
1.256540942192077637e+01
1.257728576660156250e+01
1.259199738502502441e+01
1.257454085350036621e+01
1.253979420661926270e+01
1.259438347816467285e+01
