1.260712099075317383e+01
1.195976090431213379e+01
1.201283717155456543e+01
1.203229689598083496e+01
1.211821198463439941e+01
1.214255809783935547e+01
1.218596267700195312e+01
1.246256184577941895e+01
1.222657728195190430e+01
1.241474318504333496e+01
1.245252943038940430e+01
1.215276908874511719e+01
1.247566604614257812e+01
1.218092989921569824e+01
1.217090678215026855e+01
1.215054893493652344e+01
1.215879797935485840e+01
1.216307401657104492e+01
1.253133440017700195e+01
1.215271353721618652e+01
1.216436767578125000e+01
1.214918065071105957e+01
1.215553617477416992e+01
1.247720670700073242e+01
1.214399886131286621e+01
1.220173406600952148e+01
1.216229605674743652e+01
1.216112256050109863e+01
1.215236878395080566e+01
1.246673321723937988e+01
1.218443417549133301e+01
1.254691576957702637e+01
1.250691461563110352e+01
1.214731478691101074e+01
1.214104604721069336e+01
1.213594222068786621e+01
1.248337817192077637e+01
1.215840029716491699e+01
1.214019155502319336e+01
1.216033458709716797e+01
1.213498616218566895e+01
1.218682670593261719e+01
1.213526344299316406e+01
1.216956925392150879e+01
1.244607901573181152e+01
1.217177414894104004e+01
1.219647073745727539e+01
1.216490578651428223e+01
1.249953842163085938e+01
1.214596343040466309e+01
1.213796877861022949e+01
1.249274873733520508e+01
1.247327136993408203e+01
1.217165708541870117e+01
1.214938926696777344e+01
1.217475509643554688e+01
1.214822626113891602e+01
1.214726352691650391e+01
1.215020632743835449e+01
1.220360755920410156e+01
1.215394926071166992e+01
1.250181651115417480e+01
1.212908291816711426e+01
1.221410202980041504e+01
1.218343377113342285e+01
1.213237333297729492e+01
1.219807696342468262e+01
1.216771984100341797e+01
1.250436544418334961e+01
1.257705926895141602e+01
1.216368341445922852e+01
1.219033598899841309e+01
1.254886174201965332e+01
1.246132516860961914e+01
1.254524517059326172e+01
1.221405220031738281e+01
1.252715873718261719e+01
1.248686027526855469e+01
1.247112941741943359e+01
1.250452351570129395e+01
1.253673171997070312e+01
1.251595616340637207e+01
1.252185893058776855e+01
1.217087388038635254e+01
1.252353048324584961e+01
1.216898965835571289e+01
1.212830424308776855e+01
1.228183341026306152e+01
1.215262341499328613e+01
1.222261786460876465e+01
1.218811821937561035e+01
1.247236180305480957e+01
1.250392699241638184e+01
1.218889689445495605e+01
1.215911626815795898e+01
1.214657306671142578e+01
1.219983434677124023e+01
1.216944384574890137e+01
1.253012061119079590e+01
1.252435779571533203e+01
1.216180515289306641e+01
1.248128914833068848e+01
1.216010046005249023e+01
1.252477478981018066e+01
1.251966834068298340e+01
1.215521025657653809e+01
1.218920564651489258e+01
1.218275904655456543e+01
1.219895291328430176e+01
1.217983365058898926e+01
1.216156959533691406e+01
1.251502776145935059e+01
1.251199841499328613e+01
1.216164898872375488e+01
1.218547320365905762e+01
1.217510437965393066e+01
1.220080327987670898e+01
1.219199800491333008e+01
1.243799352645874023e+01
1.247326254844665527e+01
1.224215912818908691e+01
1.217646193504333496e+01
1.218523764610290527e+01
1.217653012275695801e+01
1.217574477195739746e+01
1.251548743247985840e+01
1.215734100341796875e+01
1.250120401382446289e+01
1.217443466186523438e+01
1.211451148986816406e+01
1.252926516532897949e+01
1.219222426414489746e+01
1.217633128166198730e+01
1.216974616050720215e+01
1.218547916412353516e+01
1.217960524559020996e+01
1.217291998863220215e+01
1.219745373725891113e+01
1.216767859458923340e+01
1.216373586654663086e+01
1.218795800209045410e+01
1.216755318641662598e+01
1.216953444480895996e+01
1.217903661727905273e+01
1.250050067901611328e+01
1.218405508995056152e+01
1.223111152648925781e+01
1.219719791412353516e+01
1.219976472854614258e+01
1.216371369361877441e+01
1.219369173049926758e+01
1.216849040985107422e+01
1.215156888961791992e+01
1.245623660087585449e+01
1.223608088493347168e+01
1.253175330162048340e+01
1.217277622222900391e+01
1.251418948173522949e+01
1.216974496841430664e+01
1.215788936614990234e+01
1.215780377388000488e+01
1.217620277404785156e+01
1.219691085815429688e+01
1.218998575210571289e+01
1.249626421928405762e+01
1.215091538429260254e+01
1.216224741935729980e+01
1.216260409355163574e+01
1.223428320884704590e+01
1.245583820343017578e+01
1.215547347068786621e+01
1.225183033943176270e+01
1.217699837684631348e+01
1.249098753929138184e+01
1.253577160835266113e+01
1.255266189575195312e+01
1.218722057342529297e+01
1.215570855140686035e+01
1.216373801231384277e+01
1.217137455940246582e+01
1.215445351600646973e+01
1.217369246482849121e+01
1.246718168258666992e+01
1.218785262107849121e+01
1.219542622566223145e+01
1.219518113136291504e+01
1.219706439971923828e+01
1.251997995376586914e+01
1.250635695457458496e+01
1.219250679016113281e+01
1.217062067985534668e+01
1.220444846153259277e+01
1.249687743186950684e+01
1.216039919853210449e+01
1.217939710617065430e+01
1.218641161918640137e+01
1.220863509178161621e+01
1.219091510772705078e+01
1.215222311019897461e+01
1.221006512641906738e+01
