2.369367147445678778e+00
2.284766759948730463e+00
2.136779861145019499e+00
2.071378968467712411e+00
2.015595804901122889e+00
1.973496392974853464e+00
1.958122694702148392e+00
1.925174987831115736e+00
1.883470326309204079e+00
1.859443076553344731e+00
1.862756007995605367e+00
1.837437705116272024e+00
1.830695035095214918e+00
1.843010645446777396e+00
1.816542785682678129e+00
1.818455664443969777e+00
1.775869562759399445e+00
1.765549681396484383e+00
1.762598601036071688e+00
1.770450799179077217e+00
1.815724926643371484e+00
1.792702359848022509e+00
1.789418608436584401e+00
1.734857334671020546e+00
1.746861365737915062e+00
1.748730266723632853e+00
1.738842636337280201e+00
1.761893672714233361e+00
1.743840199089050191e+00
1.712777868194580000e+00
1.689076557502746656e+00
1.726539980087280268e+00
1.745165418548584091e+00
1.681510271911621057e+00
1.674864428634643465e+00
1.678204679832458579e+00
1.639793346862792989e+00
1.701474188232421803e+00
1.647307463684082096e+00
1.659285825004577664e+00
1.655396144561767535e+00
1.671211183204650785e+00
1.674633029708862297e+00
1.657084594993591287e+00
1.647721180305480981e+00
1.628742087173461917e+00
1.635680362815856936e+00
1.629031021995544393e+00
1.642059321327209442e+00
1.619473202285766522e+00
1.594735115699768002e+00
1.638717287330627492e+00
1.610867972946167015e+00
1.577755115280151443e+00
1.577923028335571187e+00
1.621610718765258863e+00
1.589517831192016617e+00
1.610476377906799206e+00
1.558591002616882326e+00
1.593732176399230926e+00
1.606247121429443370e+00
1.586910269165038967e+00
1.556324762458801247e+00
1.618193892021179137e+00
1.566335743522644153e+00
1.566725327377319399e+00
1.530642353210449169e+00
1.593794650135040181e+00
1.540938325538635301e+00
1.535345802192688014e+00
1.533826892108917317e+00
1.565561330146789443e+00
1.590880253982543957e+00
1.621269316596984922e+00
1.538913551940918056e+00
1.547326801910400285e+00
1.549624562873840317e+00
1.518652812919616624e+00
1.566671427459716881e+00
1.553200500984191823e+00
1.538848144798278916e+00
1.532480876502990697e+00
1.580354053153991689e+00
1.555819535064697279e+00
1.516163474769592234e+00
1.522711512870788653e+00
1.551728682022094796e+00
1.503152603149414013e+00
1.526621001243591236e+00
1.509314533081054677e+00
1.492895180130004773e+00
1.539666752586364762e+00
1.531842422561645600e+00
1.551533128013610874e+00
1.526287462387085014e+00
1.529180968208313063e+00
1.487360456008911092e+00
1.506921849365234323e+00
1.455722474822997992e+00
1.491911780986785896e+00
1.140911841297149731e+00
1.085057188262939398e+00
1.082456651840209894e+00
1.097494070587158310e+00
1.082485488967895426e+00
1.068843301582336425e+00
1.079803879890441909e+00
1.072146378822326662e+00
1.069892614860534774e+00
1.051355861282348592e+00
1.059358618946075525e+00
1.049299542083740322e+00
1.056153796005248946e+00
1.093175555877685445e+00
1.035084943389892542e+00
1.066669398937225344e+00
1.059010293483734211e+00
1.033813963432312022e+00
1.034585480403900082e+00
1.009133769283294679e+00
1.038088152122497609e+00
1.040598010406494245e+00
1.057797660751342850e+00
1.041337560806274487e+00
1.032348458366393995e+00
1.025299794769287010e+00
1.011798680038452192e+00
1.041878086910247747e+00
1.019810710258483910e+00
1.006089005298614447e+00
1.026436713085174590e+00
1.006856683425903398e+00
9.945788141250609948e-01
1.002780417194366391e+00
9.768948992538452059e-01
1.010862154731750451e+00
9.926840594673156382e-01
9.881392358398437548e-01
1.002898722877502369e+00
9.935494892883300899e-01
9.877120301818848036e-01
1.005101386489868132e+00
9.935325257301330648e-01
9.999599458312988798e-01
9.828505437850951765e-01
9.711013681030273847e-01
9.730715675354003613e-01
9.839326980400084910e-01
9.706885652160645028e-01
1.002644100322723331e+00
9.647342297172546433e-01
9.579531774139404821e-01
9.587036006164550983e-01
9.481114002799987395e-01
9.543048389053344627e-01
9.537869364356994506e-01
9.430457489776611357e-01
9.468391441154480059e-01
9.392575241947174192e-01
9.139066193485260170e-01
9.556180261611938453e-01
9.463713479804992668e-01
9.592813477897643715e-01
9.524680530548095270e-01
9.338288601684570089e-01
9.499543143463134998e-01
9.261959041786194113e-01
9.402321839904784762e-01
9.398625120544433775e-01
9.590344441986083934e-01
9.231469117355346476e-01
9.460246059989929623e-01
9.496864689254760350e-01
9.105129080963134669e-01
9.343060998344421275e-01
9.173699777984619663e-01
9.332151706695556159e-01
9.108682255363463875e-01
9.266066348075866488e-01
9.116444116210937754e-01
9.400944225215911443e-01
8.981809889984130324e-01
9.086020623016357600e-01
9.238612686157227083e-01
9.452666777420043465e-01
9.331438801956176698e-01
9.382431385040282956e-01
9.170244091033935563e-01
9.262675414276122510e-01
9.420564694213867662e-01
9.423762137889861723e-01
9.650362369155883746e-01
9.284934739494323797e-01
9.290048109054565018e-01
9.420541730308532591e-01
9.644563831329345804e-01
9.272907376861572182e-01
9.437261011695862178e-01
9.060271965408325245e-01
9.597258914566040300e-01
