1.000000000000000000e+01
1.709000015258789062e+01
2.400000000000000000e+01
2.789999961853027344e+01
2.900999832153320312e+01
3.216999816894531250e+01
3.481999969482421875e+01
3.468000030517578125e+01
3.491999816894531250e+01
3.447999954223632812e+01
3.709999847412109375e+01
3.215999984741210938e+01
4.061000061035156250e+01
4.077999877929687500e+01
3.779999923706054688e+01
3.875999832153320312e+01
4.064999771118164062e+01
4.425999832153320312e+01
4.532999801635742188e+01
4.204999923706054688e+01
4.270999908447265625e+01
4.557999801635742188e+01
4.625000000000000000e+01
4.721999740600585938e+01
4.802999877929687500e+01
5.031999969482421875e+01
4.872999954223632812e+01
4.948999786376953125e+01
5.050000000000000000e+01
5.020999908447265625e+01
5.118000030517578125e+01
5.193999862670898438e+01
4.850999832153320312e+01
5.309000015258789062e+01
5.177999877929687500e+01
4.927000045776367188e+01
5.450000000000000000e+01
4.852000045776367188e+01
3.746999740600585938e+01
5.469999694824218750e+01
5.768000030517578125e+01
5.590999984741210938e+01
4.940999984741210938e+01
5.690999984741210938e+01
5.721999740600585938e+01
5.741999816894531250e+01
5.894999694824218750e+01
4.111000061035156250e+01
6.015999984741210938e+01
4.384999847412109375e+01
5.986999893188476562e+01
6.210999679565429688e+01
6.151999664306640625e+01
5.218000030517578125e+01
6.282999801635742188e+01
5.527000045776367188e+01
5.300999832153320312e+01
3.915999984741210938e+01
6.143999862670898438e+01
5.731999969482421875e+01
5.809999847412109375e+01
5.162999725341796875e+01
5.600999832153320312e+01
5.945999908447265625e+01
5.166999816894531250e+01
5.631999969482421875e+01
6.260999679565429688e+01
6.225999832153320312e+01
6.665999603271484375e+01
6.505999755859375000e+01
5.807999801635742188e+01
6.218999862670898438e+01
6.408999633789062500e+01
5.884999847412109375e+01
4.662999725341796875e+01
6.241999816894531250e+01
5.275000000000000000e+01
4.475999832153320312e+01
5.884999847412109375e+01
4.175000000000000000e+01
5.798999786376953125e+01
4.464999771118164062e+01
5.675000000000000000e+01
6.269999694824218750e+01
6.196999740600585938e+01
5.006999969482421875e+01
4.921999740600585938e+01
6.468999481201171875e+01
6.500000000000000000e+01
5.664999771118164062e+01
6.481999969482421875e+01
5.939999771118164062e+01
6.189999771118164062e+01
6.508999633789062500e+01
6.045999908447265625e+01
6.547999572753906250e+01
6.695999908447265625e+01
6.355999755859375000e+01
6.084999847412109375e+01
4.688999938964843750e+01
7.379999542236328125e+01
7.433000183105468750e+01
7.429999542236328125e+01
7.450000000000000000e+01
7.459999847412109375e+01
7.477999877929687500e+01
7.501999664306640625e+01
7.550000000000000000e+01
7.554000091552734375e+01
7.540999603271484375e+01
7.520999908447265625e+01
7.559999847412109375e+01
7.583000183105468750e+01
7.577999877929687500e+01
7.572000122070312500e+01
7.615999603271484375e+01
7.606999969482421875e+01
7.604999542236328125e+01
7.656999969482421875e+01
7.618000030517578125e+01
7.563999938964843750e+01
7.652999877929687500e+01
7.668000030517578125e+01
7.550999450683593750e+01
7.652999877929687500e+01
7.661000061035156250e+01
7.644999694824218750e+01
7.680999755859375000e+01
7.697000122070312500e+01
7.663999938964843750e+01
7.630999755859375000e+01
7.647000122070312500e+01
7.655999755859375000e+01
7.645999908447265625e+01
7.625000000000000000e+01
7.669999694824218750e+01
7.683000183105468750e+01
7.686000061035156250e+01
7.677999877929687500e+01
7.633000183105468750e+01
7.715999603271484375e+01
7.681999969482421875e+01
7.656999969482421875e+01
7.629000091552734375e+01
7.744999694824218750e+01
7.668999481201171875e+01
7.616999816894531250e+01
7.644999694824218750e+01
7.727999877929687500e+01
7.711999511718750000e+01
7.748999786376953125e+01
7.747999572753906250e+01
7.748999786376953125e+01
7.758999633789062500e+01
7.756999969482421875e+01
7.761000061035156250e+01
7.772999572753906250e+01
7.765999603271484375e+01
7.754999542236328125e+01
7.756999969482421875e+01
7.773999786376953125e+01
7.754000091552734375e+01
7.747000122070312500e+01
7.751999664306640625e+01
7.763999938964843750e+01
7.772999572753906250e+01
7.752999877929687500e+01
7.775000000000000000e+01
7.758000183105468750e+01
7.772000122070312500e+01
7.748999786376953125e+01
7.775000000000000000e+01
7.773999786376953125e+01
7.772000122070312500e+01
7.756999969482421875e+01
7.756999969482421875e+01
7.758000183105468750e+01
7.759999847412109375e+01
7.747999572753906250e+01
7.761999511718750000e+01
7.766999816894531250e+01
7.762999725341796875e+01
7.763999938964843750e+01
7.766999816894531250e+01
7.794999694824218750e+01
7.755999755859375000e+01
7.763999938964843750e+01
7.788999938964843750e+01
7.763999938964843750e+01
7.761999511718750000e+01
7.768000030517578125e+01
7.779000091552734375e+01
7.762999725341796875e+01
7.783999633789062500e+01
7.770999908447265625e+01
7.781999969482421875e+01
7.775999450683593750e+01
7.756999969482421875e+01
7.776999664306640625e+01
7.783000183105468750e+01
