1.296255230903625488e+01
1.229918622970581055e+01
1.231674122810363770e+01
1.235326695442199707e+01
1.238913321495056152e+01
1.237599945068359375e+01
1.237469053268432617e+01
1.236272621154785156e+01
1.246109962463378906e+01
1.237015581130981445e+01
1.237863516807556152e+01
1.236056900024414062e+01
1.237431311607360840e+01
1.234091210365295410e+01
1.234806203842163086e+01
1.238682103157043457e+01
1.238545680046081543e+01
1.243820858001708984e+01
1.235690093040466309e+01
1.236015224456787109e+01
1.240028762817382812e+01
1.238726663589477539e+01
1.233093023300170898e+01
1.242253780364990234e+01
1.241195702552795410e+01
1.234999632835388184e+01
1.235253667831420898e+01
1.241160345077514648e+01
1.242494821548461914e+01
1.236478328704833984e+01
1.238679552078247070e+01
1.247650337219238281e+01
1.239288806915283203e+01
1.237753748893737793e+01
1.244746351242065430e+01
1.236705923080444336e+01
1.236712265014648438e+01
1.248312449455261230e+01
1.236381268501281738e+01
1.238139104843139648e+01
1.235063362121582031e+01
1.236338853836059570e+01
1.235988068580627441e+01
1.238952326774597168e+01
1.236545014381408691e+01
1.237854599952697754e+01
1.237177586555480957e+01
1.241025757789611816e+01
1.245141983032226562e+01
1.240719008445739746e+01
1.234213209152221680e+01
1.236253666877746582e+01
1.237745738029479980e+01
1.237912559509277344e+01
1.235715889930725098e+01
1.234857940673828125e+01
1.238995265960693359e+01
1.237116241455078125e+01
1.234168887138366699e+01
1.243310189247131348e+01
1.238538908958435059e+01
1.242218232154846191e+01
1.236373519897460938e+01
1.239030051231384277e+01
1.234348368644714355e+01
1.237286376953125000e+01
1.237506508827209473e+01
1.241377019882202148e+01
1.237478876113891602e+01
1.243111896514892578e+01
1.238104176521301270e+01
1.238374066352844238e+01
1.237298870086669922e+01
1.240830969810485840e+01
1.239440417289733887e+01
1.236480903625488281e+01
1.238906502723693848e+01
1.240813779830932617e+01
1.241041398048400879e+01
1.243924260139465332e+01
1.238174176216125488e+01
1.235809016227722168e+01
1.236141538619995117e+01
1.239620089530944824e+01
1.233607840538024902e+01
1.242888307571411133e+01
1.242607092857360840e+01
1.240541195869445801e+01
1.235694646835327148e+01
1.241122651100158691e+01
1.237970137596130371e+01
1.240579819679260254e+01
1.237341141700744629e+01
1.236947226524353027e+01
1.236131119728088379e+01
1.239215755462646484e+01
1.242330765724182129e+01
1.242047286033630371e+01
1.238750767707824707e+01
1.239647221565246582e+01
1.239914941787719727e+01
1.236147713661193848e+01
1.249230217933654785e+01
1.240456151962280273e+01
1.237364649772644043e+01
1.238146448135375977e+01
1.234272265434265137e+01
1.242119932174682617e+01
1.245305967330932617e+01
1.239201569557189941e+01
1.236480236053466797e+01
1.235424089431762695e+01
1.237459850311279297e+01
1.243126034736633301e+01
1.242869210243225098e+01
1.243221569061279297e+01
1.239197540283203125e+01
1.241422486305236816e+01
1.236678123474121094e+01
1.235223841667175293e+01
1.237463498115539551e+01
1.235609722137451172e+01
1.234372854232788086e+01
1.235131478309631348e+01
1.235012817382812500e+01
1.243329834938049316e+01
1.236818456649780273e+01
1.237806558609008789e+01
1.236792016029357910e+01
1.236888575553894043e+01
1.240379858016967773e+01
1.242096209526062012e+01
1.242753291130065918e+01
1.241599822044372559e+01
1.245024728775024414e+01
1.236033725738525391e+01
1.233779096603393555e+01
1.237649393081665039e+01
1.240675616264343262e+01
1.246172237396240234e+01
1.237274432182312012e+01
1.264000630378723145e+01
1.243521070480346680e+01
1.234243512153625488e+01
1.232771039009094238e+01
1.239251685142517090e+01
1.237699532508850098e+01
1.234457635879516602e+01
1.235582995414733887e+01
1.233820796012878418e+01
1.235554909706115723e+01
1.237489533424377441e+01
1.235525465011596680e+01
1.233655095100402832e+01
1.236294460296630859e+01
1.239242339134216309e+01
1.237740492820739746e+01
1.236958408355712891e+01
1.238772869110107422e+01
1.238272118568420410e+01
1.245283150672912598e+01
1.237581944465637207e+01
1.237402915954589844e+01
1.237886023521423340e+01
1.245641613006591797e+01
1.242239618301391602e+01
1.240252327919006348e+01
1.236788821220397949e+01
1.235116004943847656e+01
1.237398505210876465e+01
1.239406132698059082e+01
1.240338039398193359e+01
1.238753366470336914e+01
1.241385650634765625e+01
1.236359453201293945e+01
1.233737397193908691e+01
1.240091776847839355e+01
1.235220170021057129e+01
1.242085337638854980e+01
1.236664533615112305e+01
1.237932610511779785e+01
1.237932944297790527e+01
1.237729430198669434e+01
1.242558455467224121e+01
1.236341190338134766e+01
1.241638326644897461e+01
1.240268588066101074e+01
1.240435338020324707e+01
1.235878396034240723e+01
1.239327192306518555e+01
1.242292737960815430e+01
1.238552379608154297e+01
1.237152862548828125e+01
1.236683940887451172e+01
1.238940095901489258e+01
1.238453602790832520e+01
1.235469007492065430e+01
1.238133835792541504e+01
1.236348772048950195e+01
1.237060809135437012e+01
