4.023132324218750000e-01
3.959422111511230469e-01
3.916261196136474609e-01
3.881058692932128906e-01
3.944923877716064453e-01
3.861830234527587891e-01
3.931136131286621094e-01
3.869915008544921875e-01
3.889386653900146484e-01
3.896546363830566406e-01
3.812210559844970703e-01
3.966634273529052734e-01
3.879070281982421875e-01
3.880336284637451172e-01
3.944458961486816406e-01
3.839900493621826172e-01
3.907337188720703125e-01
3.863763809204101562e-01
3.881669044494628906e-01
3.907983303070068359e-01
3.828220367431640625e-01
3.960433006286621094e-01
3.863883018493652344e-01
3.843152523040771484e-01
3.909714221954345703e-01
3.850483894348144531e-01
3.928442001342773438e-01
3.854575157165527344e-01
3.874206542968750000e-01
3.920567035675048828e-01
3.839447498321533203e-01
3.901321887969970703e-01
3.900096416473388672e-01
3.884513378143310547e-01
3.913791179656982422e-01
3.856582641601562500e-01
3.922312259674072266e-01
3.854479789733886719e-01
3.888111114501953125e-01
3.868319988250732422e-01
3.824381828308105469e-01
3.917274475097656250e-01
3.893005847930908203e-01
3.887653350830078125e-01
3.878474235534667969e-01
3.841347694396972656e-01
3.929574489593505859e-01
3.861217498779296875e-01
3.906645774841308594e-01
3.884823322296142578e-01
3.827903270721435547e-01
3.892998695373535156e-01
3.846247196197509766e-01
3.887650966644287109e-01
3.896429538726806641e-01
3.870565891265869141e-01
3.925952911376953125e-01
3.864762783050537109e-01
3.880045413970947266e-01
3.901069164276123047e-01
3.891167640686035156e-01
3.894505500793457031e-01
3.841137886047363281e-01
3.868241310119628906e-01
3.940906524658203125e-01
3.877105712890625000e-01
3.909010887145996094e-01
3.838219642639160156e-01
3.846154212951660156e-01
3.904685974121093750e-01
3.849890232086181641e-01
3.868432044982910156e-01
3.862133026123046875e-01
3.880763053894042969e-01
3.901226520538330078e-01
3.817403316497802734e-01
3.819410800933837891e-01
3.857583999633789062e-01
3.876821994781494141e-01
3.876516819000244141e-01
3.802869319915771484e-01
3.864064216613769531e-01
3.836481571197509766e-01
3.892083168029785156e-01
3.910245895385742188e-01
3.840851783752441406e-01
3.845930099487304688e-01
3.915896415710449219e-01
3.876705169677734375e-01
3.914928436279296875e-01
3.823790550231933594e-01
3.873853683471679688e-01
3.856723308563232422e-01
3.867187500000000000e-01
3.883197307586669922e-01
3.817839622497558594e-01
3.895070552825927734e-01
3.846175670623779297e-01
3.841111660003662109e-01
3.901302814483642578e-01
3.834705352783203125e-01
3.845624923706054688e-01
3.892545700073242188e-01
3.845665454864501953e-01
3.901045322418212891e-01
3.826475143432617188e-01
3.855888843536376953e-01
3.862464427947998047e-01
3.858082294464111328e-01
3.907656669616699219e-01
3.844227790832519531e-01
3.850469589233398438e-01
3.883490562438964844e-01
3.885996341705322266e-01
3.934547901153564453e-01
3.837866783142089844e-01
3.868482112884521484e-01
3.912856578826904297e-01
3.826379776000976562e-01
3.868625164031982422e-01
3.836729526519775391e-01
3.822243213653564453e-01
3.904640674591064453e-01
3.859398365020751953e-01
3.875885009765625000e-01
3.836984634399414062e-01
3.874723911285400391e-01
3.882465362548828125e-01
3.820960521697998047e-01
3.875637054443359375e-01
3.864135742187500000e-01
3.830060958862304688e-01
3.898472785949707031e-01
3.856546878814697266e-01
3.846917152404785156e-01
3.903582096099853516e-01
3.838570117950439453e-01
3.841388225555419922e-01
3.819634914398193359e-01
3.921680450439453125e-01
3.878064155578613281e-01
6.147756576538085938e-01
3.875246047973632812e-01
3.815932273864746094e-01
3.821473121643066406e-01
3.885927200317382812e-01
3.840932846069335938e-01
3.880045413970947266e-01
3.839421272277832031e-01
3.867669105529785156e-01
3.922445774078369141e-01
3.849871158599853516e-01
3.921537399291992188e-01
3.814818859100341797e-01
3.870370388031005859e-01
3.934831619262695312e-01
3.828079700469970703e-01
3.894281387329101562e-01
3.865580558776855469e-01
3.844897747039794922e-01
3.923408985137939453e-01
3.855361938476562500e-01
3.897509574890136719e-01
3.830866813659667969e-01
3.827297687530517578e-01
3.915717601776123047e-01
3.890647888183593750e-01
3.878633975982666016e-01
3.846144676208496094e-01
3.900125026702880859e-01
3.899385929107666016e-01
3.847043514251708984e-01
3.846774101257324219e-01
3.810560703277587891e-01
3.837592601776123047e-01
3.883621692657470703e-01
3.841660022735595703e-01
3.907229900360107422e-01
3.859336376190185547e-01
3.876001834869384766e-01
3.891377449035644531e-01
3.854966163635253906e-01
3.873794078826904297e-01
3.838822841644287109e-01
3.876059055328369141e-01
3.905026912689208984e-01
3.839035034179687500e-01
3.873269557952880859e-01
3.805465698242187500e-01
3.865530490875244141e-01
3.923506736755371094e-01
3.827798366546630859e-01
3.903434276580810547e-01
3.849413394927978516e-01
3.866834640502929688e-01
3.915495872497558594e-01
3.840982913970947266e-01
3.843221664428710938e-01
3.881511688232421875e-01
3.849995136260986328e-01
