2.153989052772521973e+01
2.101826834678649902e+01
2.125272870063781738e+01
2.135161995887756348e+01
2.182680296897888184e+01
2.160580658912658691e+01
2.133165144920349121e+01
2.171474480628967285e+01
2.163793182373046875e+01
2.206810092926025391e+01
2.193825173377990723e+01
2.167536759376525879e+01
2.189475893974304199e+01
2.170394849777221680e+01
2.207899212837219238e+01
2.180262470245361328e+01
2.210341334342956543e+01
2.186965680122375488e+01
2.186130928993225098e+01
2.182091736793518066e+01
2.199051117897033691e+01
2.215633058547973633e+01
2.197218799591064453e+01
2.172523522377014160e+01
2.219777345657348633e+01
2.167300009727478027e+01
2.155574941635131836e+01
2.173123574256896973e+01
2.181970763206481934e+01
2.186273074150085449e+01
2.170494246482849121e+01
2.178255081176757812e+01
2.227533817291259766e+01
2.145699453353881836e+01
2.196789383888244629e+01
2.212464261054992676e+01
2.195201706886291504e+01
2.197355961799621582e+01
2.163699793815612793e+01
2.195396351814270020e+01
2.204956865310668945e+01
2.145879626274108887e+01
2.151541280746459961e+01
2.158192467689514160e+01
2.227424478530883789e+01
2.148340082168579102e+01
2.204784345626831055e+01
2.184072351455688477e+01
2.178795647621154785e+01
2.157325911521911621e+01
2.187774920463562012e+01
2.181433057785034180e+01
2.198749494552612305e+01
2.198599052429199219e+01
2.181027293205261230e+01
2.206779336929321289e+01
2.203986048698425293e+01
2.162185025215148926e+01
2.165790772438049316e+01
2.208592081069946289e+01
2.201226663589477539e+01
2.178339266777038574e+01
2.165068221092224121e+01
2.177811813354492188e+01
2.200178742408752441e+01
2.191878581047058105e+01
2.177804565429687500e+01
2.180119943618774414e+01
2.189898538589477539e+01
2.191858649253845215e+01
2.165806007385253906e+01
2.201917290687561035e+01
2.165119242668151855e+01
2.182569265365600586e+01
2.155298471450805664e+01
2.240269351005554199e+01
2.174080181121826172e+01
2.162919282913208008e+01
2.169536614418029785e+01
2.144216227531433105e+01
2.200662016868591309e+01
2.183559727668762207e+01
2.193599104881286621e+01
2.171057367324829102e+01
2.216796517372131348e+01
2.162580513954162598e+01
2.200166964530944824e+01
2.173998093605041504e+01
2.189970588684082031e+01
2.167124342918395996e+01
2.180781769752502441e+01
2.171678972244262695e+01
2.185736441612243652e+01
2.165134978294372559e+01
2.186883306503295898e+01
2.164425396919250488e+01
2.150686693191528320e+01
2.165851950645446777e+01
2.172080898284912109e+01
2.168626904487609863e+01
2.208440017700195312e+01
2.194946217536926270e+01
2.179650735855102539e+01
2.185762953758239746e+01
2.207420253753662109e+01
2.245714521408081055e+01
2.183544850349426270e+01
2.195708465576171875e+01
2.204160118103027344e+01
2.203573799133300781e+01
2.178764009475708008e+01
2.194490504264831543e+01
2.189950752258300781e+01
2.169282054901123047e+01
2.150036787986755371e+01
2.174411678314208984e+01
2.167229533195495605e+01
2.219785571098327637e+01
2.184767532348632812e+01
2.167033720016479492e+01
2.186753749847412109e+01
2.149003052711486816e+01
2.205669736862182617e+01
2.199557590484619141e+01
2.217966938018798828e+01
2.178197884559631348e+01
2.250065064430236816e+01
2.214030241966247559e+01
2.199976563453674316e+01
2.186091589927673340e+01
2.199286818504333496e+01
2.163286662101745605e+01
2.206847167015075684e+01
2.209886693954467773e+01
2.190514707565307617e+01
2.187779307365417480e+01
2.164121270179748535e+01
2.230826997756958008e+01
2.165048146247863770e+01
2.200448298454284668e+01
2.188341927528381348e+01
2.359191656112670898e+01
2.205088543891906738e+01
2.191825199127197266e+01
2.213454341888427734e+01
2.216556310653686523e+01
2.203066515922546387e+01
2.194113874435424805e+01
2.144404435157775879e+01
2.200195503234863281e+01
2.180783677101135254e+01
2.176541185379028320e+01
2.205847787857055664e+01
2.164330673217773438e+01
2.174359869956970215e+01
2.199843049049377441e+01
2.148619270324707031e+01
2.180911540985107422e+01
2.180326771736145020e+01
2.190173840522766113e+01
2.177409243583679199e+01
2.168100953102111816e+01
2.180956983566284180e+01
2.195058202743530273e+01
2.172891235351562500e+01
2.163748550415039062e+01
2.183242964744567871e+01
2.157308530807495117e+01
2.143153548240661621e+01
2.216449928283691406e+01
2.188830304145812988e+01
2.147641801834106445e+01
2.131984543800354004e+01
2.171997427940368652e+01
2.144075059890747070e+01
2.201287341117858887e+01
2.165648174285888672e+01
2.173033928871154785e+01
2.173046517372131348e+01
2.162373089790344238e+01
2.164327144622802734e+01
2.183861589431762695e+01
2.163407087326049805e+01
2.208055448532104492e+01
2.153801035881042480e+01
2.217282724380493164e+01
2.182953166961669922e+01
2.183320951461791992e+01
2.157059884071350098e+01
2.227267622947692871e+01
2.216085100173950195e+01
2.153953742980957031e+01
2.206269860267639160e+01
2.202223157882690430e+01
2.157108139991760254e+01
2.177246189117431641e+01
2.171242260932922363e+01
2.202223181724548340e+01
2.157054114341735840e+01
2.181344175338745117e+01
