1.298922443389892578e+01
1.234597301483154297e+01
1.230837750434875488e+01
1.230116558074951172e+01
1.242346477508544922e+01
1.244673895835876465e+01
1.238057374954223633e+01
1.248000931739807129e+01
1.235457444190979004e+01
1.234427642822265625e+01
1.237203884124755859e+01
1.241610145568847656e+01
1.236144757270812988e+01
1.249702501296997070e+01
1.240094995498657227e+01
1.234434533119201660e+01
1.242828464508056641e+01
1.237277269363403320e+01
1.241638422012329102e+01
1.237894248962402344e+01
1.234423232078552246e+01
1.242447161674499512e+01
1.238379478454589844e+01
1.243341565132141113e+01
1.238626194000244141e+01
1.242011833190917969e+01
1.239293074607849121e+01
1.235395979881286621e+01
1.233392262458801270e+01
1.239334607124328613e+01
1.237032127380371094e+01
1.243408727645874023e+01
1.238742089271545410e+01
1.235202336311340332e+01
1.233972096443176270e+01
1.234227633476257324e+01
1.238124728202819824e+01
1.241796207427978516e+01
1.237929248809814453e+01
1.240245723724365234e+01
1.247042179107666016e+01
1.238690209388732910e+01
1.238198781013488770e+01
1.243391585350036621e+01
1.245323348045349121e+01
1.240856218338012695e+01
1.243492150306701660e+01
1.236701369285583496e+01
1.241057562828063965e+01
1.234313321113586426e+01
1.239592289924621582e+01
1.241093444824218750e+01
1.235765218734741211e+01
1.238267445564270020e+01
1.237396168708801270e+01
1.236786556243896484e+01
1.241152787208557129e+01
1.235464143753051758e+01
1.238625764846801758e+01
1.240276598930358887e+01
1.235338568687438965e+01
1.242454528808593750e+01
1.241121125221252441e+01
1.238795447349548340e+01
1.232281780242919922e+01
1.238950610160827637e+01
1.236680436134338379e+01
1.235111761093139648e+01
1.239279556274414062e+01
1.242163467407226562e+01
1.235725235939025879e+01
1.239218735694885254e+01
1.238689994812011719e+01
1.235160326957702637e+01
1.233026194572448730e+01
1.242663836479187012e+01
1.239416122436523438e+01
1.239280724525451660e+01
1.236322546005249023e+01
1.233284163475036621e+01
1.238258028030395508e+01
1.236760091781616211e+01
1.234406900405883789e+01
1.233931255340576172e+01
1.239351630210876465e+01
1.232731175422668457e+01
1.235148692131042480e+01
1.240712070465087891e+01
1.236924409866333008e+01
1.242234182357788086e+01
1.240475821495056152e+01
1.238770723342895508e+01
1.237783432006835938e+01
1.245014071464538574e+01
1.238333630561828613e+01
1.240844273567199707e+01
1.238434505462646484e+01
1.233325219154357910e+01
1.240546989440917969e+01
1.238498282432556152e+01
1.238955378532409668e+01
1.235465312004089355e+01
1.233880233764648438e+01
1.234343767166137695e+01
1.238488435745239258e+01
1.239119720458984375e+01
1.235810756683349609e+01
1.240312218666076660e+01
1.229865884780883789e+01
1.238572216033935547e+01
1.235402989387512207e+01
1.235861372947692871e+01
1.237687849998474121e+01
1.240805697441101074e+01
1.233991956710815430e+01
1.230840826034545898e+01
1.233472466468811035e+01
1.233642959594726562e+01
1.233845758438110352e+01
1.234639072418212891e+01
1.235590600967407227e+01
1.239052510261535645e+01
1.238663792610168457e+01
1.238286066055297852e+01
1.238319969177246094e+01
1.242148256301879883e+01
1.245669031143188477e+01
1.241613698005676270e+01
1.236139297485351562e+01
1.241905069351196289e+01
1.236035323143005371e+01
1.240678882598876953e+01
1.240533351898193359e+01
1.236917996406555176e+01
1.235190129280090332e+01
1.239924526214599609e+01
1.234952282905578613e+01
1.240031218528747559e+01
1.240566611289978027e+01
1.237704443931579590e+01
1.237882328033447266e+01
1.265300631523132324e+01
1.236294507980346680e+01
1.236340427398681641e+01
1.236936521530151367e+01
1.238278961181640625e+01
1.236538004875183105e+01
1.237673473358154297e+01
1.232258105278015137e+01
1.236854529380798340e+01
1.239237284660339355e+01
1.238982176780700684e+01
1.245234680175781250e+01
1.235554909706115723e+01
1.237870359420776367e+01
1.243333029747009277e+01
1.236783885955810547e+01
1.237957000732421875e+01
1.242172598838806152e+01
1.236824798583984375e+01
1.235778117179870605e+01
1.241082024574279785e+01
1.238968491554260254e+01
1.237726306915283203e+01
1.235091686248779297e+01
1.240217995643615723e+01
1.240337085723876953e+01
1.238821649551391602e+01
1.236900782585144043e+01
1.235924053192138672e+01
1.236771440505981445e+01
1.238591766357421875e+01
1.236884951591491699e+01
1.234471225738525391e+01
1.238530683517456055e+01
1.234949612617492676e+01
1.236091589927673340e+01
1.240382456779479980e+01
1.239613246917724609e+01
1.233202672004699707e+01
1.235579657554626465e+01
1.237505984306335449e+01
1.237126564979553223e+01
1.237539863586425781e+01
1.237484312057495117e+01
1.234944462776184082e+01
1.234737300872802734e+01
1.235986542701721191e+01
1.233375906944274902e+01
1.236666083335876465e+01
1.242889070510864258e+01
1.240160989761352539e+01
1.241147470474243164e+01
1.238551712036132812e+01
1.239459490776062012e+01
1.237931537628173828e+01
1.236783814430236816e+01
1.238211297988891602e+01
1.236782574653625488e+01
1.236763691902160645e+01
