2.154086995124816895e+01
2.101365351676940918e+01
2.128966569900512695e+01
2.122112202644348145e+01
2.174178957939147949e+01
2.138688158988952637e+01
2.140968871116638184e+01
2.151396679878234863e+01
2.181570005416870117e+01
2.183474969863891602e+01
2.200047993659973145e+01
2.171223044395446777e+01
2.183207249641418457e+01
2.157662630081176758e+01
2.205168104171752930e+01
2.180864834785461426e+01
2.205873823165893555e+01
2.127139568328857422e+01
2.134070181846618652e+01
2.202648830413818359e+01
2.207060027122497559e+01
2.215219116210937500e+01
2.170095896720886230e+01
2.159626579284667969e+01
2.192456197738647461e+01
2.164551067352294922e+01
2.188578248023986816e+01
2.200317668914794922e+01
2.191145777702331543e+01
2.205225539207458496e+01
2.207815313339233398e+01
2.145083951950073242e+01
2.189330506324768066e+01
2.152759337425231934e+01
2.191663932800292969e+01
2.204409337043762207e+01
2.152273750305175781e+01
2.203862571716308594e+01
2.151971912384033203e+01
2.159951162338256836e+01
2.195425653457641602e+01
2.180071592330932617e+01
2.173419499397277832e+01
2.176178359985351562e+01
2.208267188072204590e+01
2.158143973350524902e+01
2.231887435913085938e+01
2.141622185707092285e+01
2.190140199661254883e+01
2.164425706863403320e+01
2.176361703872680664e+01
2.184731078147888184e+01
2.211266016960144043e+01
2.178902602195739746e+01
2.164321422576904297e+01
2.140187907218933105e+01
2.197732210159301758e+01
2.201446270942687988e+01
2.212094688415527344e+01
2.203953456878662109e+01
2.197094631195068359e+01
2.138069176673889160e+01
2.142967152595520020e+01
2.188034558296203613e+01
2.188212656974792480e+01
2.225881195068359375e+01
2.157142877578735352e+01
2.192429089546203613e+01
2.199706506729125977e+01
2.176880097389221191e+01
2.183943295478820801e+01
2.168127226829528809e+01
2.173510313034057617e+01
2.186984014511108398e+01
2.224951791763305664e+01
2.223913121223449707e+01
2.180233454704284668e+01
2.151476383209228516e+01
2.199664068222045898e+01
2.166239714622497559e+01
2.201859307289123535e+01
2.182084250450134277e+01
2.187060642242431641e+01
2.191859078407287598e+01
2.214617013931274414e+01
2.187242555618286133e+01
2.184921908378601074e+01
2.180443215370178223e+01
2.150630402565002441e+01
2.193975186347961426e+01
2.203099226951599121e+01
2.193841791152954102e+01
2.184989738464355469e+01
2.181018686294555664e+01
2.201460027694702148e+01
2.157036137580871582e+01
2.148546504974365234e+01
2.172643041610717773e+01
2.163509297370910645e+01
2.190452766418457031e+01
2.186573910713195801e+01
2.159991669654846191e+01
2.189539146423339844e+01
2.206952619552612305e+01
2.186466407775878906e+01
2.198992919921875000e+01
2.205094337463378906e+01
2.225987911224365234e+01
2.214911770820617676e+01
2.158018994331359863e+01
2.174949789047241211e+01
2.192393612861633301e+01
2.148477482795715332e+01
2.175480365753173828e+01
2.149030566215515137e+01
2.182736587524414062e+01
2.149399209022521973e+01
2.170788979530334473e+01
2.199433064460754395e+01
2.184738206863403320e+01
2.181232619285583496e+01
2.162175440788269043e+01
2.217680954933166504e+01
2.193946719169616699e+01
2.181429719924926758e+01
2.169135999679565430e+01
2.211086511611938477e+01
2.192528867721557617e+01
2.189134931564331055e+01
2.154344320297241211e+01
2.202497386932373047e+01
2.163818264007568359e+01
2.224980401992797852e+01
2.181238436698913574e+01
2.157863378524780273e+01
2.145182204246520996e+01
2.155230116844177246e+01
2.185273408889770508e+01
2.163423800468444824e+01
2.166913414001464844e+01
2.227232551574707031e+01
2.336753726005554199e+01
2.197471523284912109e+01
2.192937660217285156e+01
2.226159715652465820e+01
2.176788759231567383e+01
2.181566166877746582e+01
2.222017955780029297e+01
2.155977463722229004e+01
2.232506418228149414e+01
2.193088150024414062e+01
2.175576758384704590e+01
2.172443985939025879e+01
2.216439509391784668e+01
2.170105481147766113e+01
2.164343142509460449e+01
2.156181955337524414e+01
2.176327109336853027e+01
2.189044904708862305e+01
2.196213507652282715e+01
2.186669206619262695e+01
2.168037295341491699e+01
2.193480682373046875e+01
2.205775737762451172e+01
2.196346497535705566e+01
2.152923297882080078e+01
2.178936672210693359e+01
2.142020201683044434e+01
2.172927212715148926e+01
2.141169714927673340e+01
2.209682297706604004e+01
2.144854092597961426e+01
2.158434128761291504e+01
2.172936272621154785e+01
2.198157739639282227e+01
2.202512979507446289e+01
2.176140809059143066e+01
2.175868558883666992e+01
2.148135018348693848e+01
2.141864824295043945e+01
2.148778104782104492e+01
2.184912204742431641e+01
2.148961830139160156e+01
2.167291879653930664e+01
2.173576736450195312e+01
2.224748396873474121e+01
2.146490049362182617e+01
2.172589349746704102e+01
2.204324531555175781e+01
2.222297024726867676e+01
2.200763964653015137e+01
2.154782414436340332e+01
2.206220936775207520e+01
2.187692832946777344e+01
2.153257894515991211e+01
2.182446336746215820e+01
2.205104637145996094e+01
2.208585596084594727e+01
2.201015186309814453e+01
2.227196073532104492e+01
