1.293000030517578125e+01
1.230924415588378906e+01
1.229913783073425293e+01
1.231968975067138672e+01
1.244374608993530273e+01
1.237959289550781250e+01
1.241678643226623535e+01
1.248882961273193359e+01
1.276499366760253906e+01
1.248121905326843262e+01
1.244796824455261230e+01
1.250910520553588867e+01
1.247381448745727539e+01
1.251029706001281738e+01
1.250721096992492676e+01
1.260324645042419434e+01
1.248597311973571777e+01
1.279275989532470703e+01
1.248612427711486816e+01
1.249538922309875488e+01
1.248650336265563965e+01
1.243280124664306641e+01
1.251198434829711914e+01
1.246847581863403320e+01
1.249267435073852539e+01
1.248693919181823730e+01
1.250045943260192871e+01
1.248991775512695312e+01
1.252944946289062500e+01
1.249700832366943359e+01
1.248691105842590332e+01
1.248767995834350586e+01
1.249272513389587402e+01
1.287852931022644043e+01
1.257346129417419434e+01
1.249533557891845703e+01
1.250994372367858887e+01
1.280980563163757324e+01
1.283254480361938477e+01
1.248201036453247070e+01
1.279402637481689453e+01
1.286788654327392578e+01
1.288607811927795410e+01
1.280049991607666016e+01
1.247528672218322754e+01
1.252804946899414062e+01
1.251144361495971680e+01
1.277259588241577148e+01
1.247452187538146973e+01
1.283349990844726562e+01
1.248031806945800781e+01
1.249729728698730469e+01
1.248906302452087402e+01
1.249825906753540039e+01
1.250093936920166016e+01
1.248828315734863281e+01
1.250746297836303711e+01
1.281890368461608887e+01
1.289390015602111816e+01
1.287187910079956055e+01
1.250678324699401855e+01
1.251440167427062988e+01
1.256075096130371094e+01
1.251009893417358398e+01
1.249091005325317383e+01
1.251528501510620117e+01
1.252017974853515625e+01
1.251021790504455566e+01
1.248578047752380371e+01
1.249452733993530273e+01
1.250811505317687988e+01
1.285452675819396973e+01
1.247621846199035645e+01
1.250631952285766602e+01
1.249651336669921875e+01
1.254693388938903809e+01
1.250809979438781738e+01
1.254455184936523438e+01
1.248641276359558105e+01
1.250930953025817871e+01
1.250147747993469238e+01
1.252252173423767090e+01
1.250879287719726562e+01
1.252531266212463379e+01
1.249835538864135742e+01
1.250654172897338867e+01
1.249205994606018066e+01
1.251605463027954102e+01
1.283482313156127930e+01
1.248374676704406738e+01
1.248265385627746582e+01
1.249207067489624023e+01
1.247133922576904297e+01
1.278239536285400391e+01
1.251823353767395020e+01
1.249346446990966797e+01
1.257075715065002441e+01
1.279111790657043457e+01
1.255129432678222656e+01
1.249812340736389160e+01
1.252922844886779785e+01
1.253726029396057129e+01
1.250035524368286133e+01
1.246461892127990723e+01
1.250794053077697754e+01
1.252545571327209473e+01
1.288246726989746094e+01
1.252330613136291504e+01
1.278965377807617188e+01
1.252958035469055176e+01
1.248970794677734375e+01
1.251951885223388672e+01
1.249359416961669922e+01
1.282847213745117188e+01
1.283469676971435547e+01
1.252879762649536133e+01
1.262299609184265137e+01
1.254968452453613281e+01
1.255891418457031250e+01
1.250253152847290039e+01
1.251073026657104492e+01
1.251352548599243164e+01
1.250867772102355957e+01
1.285933828353881836e+01
1.251387119293212891e+01
1.252256631851196289e+01
1.253106260299682617e+01
1.247108340263366699e+01
1.251228356361389160e+01
1.254390621185302734e+01
1.248829102516174316e+01
1.278224325180053711e+01
1.253277635574340820e+01
1.252575159072875977e+01
1.283207440376281738e+01
1.249341464042663574e+01
1.251061582565307617e+01
1.252745914459228516e+01
1.288738775253295898e+01
1.249443483352661133e+01
1.255951976776123047e+01
1.331455683708190918e+01
1.252654504776000977e+01
1.283550906181335449e+01
1.252215528488159180e+01
1.281528615951538086e+01
1.249544334411621094e+01
1.254135894775390625e+01
1.282774519920349121e+01
1.252274870872497559e+01
1.251967167854309082e+01
1.250142121315002441e+01
1.252097105979919434e+01
1.249071621894836426e+01
1.285142850875854492e+01
1.250596332550048828e+01
1.285542130470275879e+01
1.247949290275573730e+01
1.257830858230590820e+01
1.286373829841613770e+01
1.253888607025146484e+01
1.251295471191406250e+01
1.280913877487182617e+01
1.258888530731201172e+01
1.248131775856018066e+01
1.251641035079956055e+01
1.257073068618774414e+01
1.252306103706359863e+01
1.252077245712280273e+01
1.254036784172058105e+01
1.258658432960510254e+01
1.286840009689331055e+01
1.282564282417297363e+01
1.249726796150207520e+01
1.247251224517822266e+01
1.249734592437744141e+01
1.251680445671081543e+01
1.288870215415954590e+01
1.284918022155761719e+01
1.285356235504150391e+01
1.251987957954406738e+01
1.252914285659790039e+01
1.254586601257324219e+01
1.283816266059875488e+01
1.251590609550476074e+01
1.250516653060913086e+01
1.249587416648864746e+01
1.251821064949035645e+01
1.249283146858215332e+01
1.282820129394531250e+01
1.251124453544616699e+01
1.252245521545410156e+01
1.249563622474670410e+01
1.251532554626464844e+01
1.251522374153137207e+01
1.281370806694030762e+01
1.282166457176208496e+01
1.281868958473205566e+01
1.252862882614135742e+01
1.276589274406433105e+01
