9.823999999847412568e+00
1.352000000183105399e+01
1.984000000122070162e+01
2.380799999877929807e+01
2.760000000183105584e+01
2.927999999145507815e+01
3.099199999755859380e+01
3.241599999816894240e+01
3.348799998779296772e+01
3.435199999816894234e+01
3.527999998779296931e+01
3.755199999389648724e+01
3.817599999389648247e+01
3.988800000122070344e+01
3.972799999755859091e+01
4.081600000976562370e+01
4.158399998657226604e+01
4.300799999145507968e+01
4.211199998779297005e+01
4.433600000976562683e+01
4.484800000366210782e+01
4.534400000122070651e+01
4.668799998657226524e+01
4.790400000366211231e+01
4.820800000244140904e+01
4.756799999511719079e+01
5.014399998657226831e+01
4.870400000732421830e+01
5.097599999999999909e+01
5.115200000000000102e+01
5.172800000732421921e+01
5.252799999999999869e+01
5.303999999633789031e+01
5.299200000366210617e+01
5.500799999633789383e+01
5.348800000976562785e+01
5.428799998657226666e+01
5.441600000244140745e+01
5.563200000366210674e+01
5.606399998657226291e+01
5.574400000244140330e+01
5.775999997314453083e+01
5.638399999389648087e+01
5.710399998657226917e+01
5.803199999389648411e+01
5.875199999023437414e+01
5.759999999267578374e+01
5.763199998291015902e+01
5.904000000244140978e+01
5.897599997314453191e+01
5.937600000244140830e+01
5.908800000610351333e+01
5.950400000976562609e+01
6.070399999267578295e+01
6.003199999023437528e+01
6.046399999267578096e+01
5.945599999633788713e+01
5.993599999633789110e+01
5.993600000610351231e+01
6.131199999023437641e+01
6.198399998657226462e+01
6.121600000244140460e+01
6.224000000976562319e+01
6.078399999267578124e+01
6.150399997314453060e+01
6.195200001464844064e+01
6.323199999633789048e+01
6.224000000244140551e+01
6.299200001464843979e+01
6.276799999633789184e+01
6.313599998291015680e+01
6.127999999633789230e+01
6.151999999511718897e+01
6.139199998291015703e+01
6.344000001464844019e+01
6.443200000244141279e+01
6.340800000244140477e+01
6.208000001464844075e+01
6.364799999267577846e+01
6.105599998291015851e+01
6.489599999633789196e+01
6.342399998291015351e+01
6.404799998291015584e+01
6.334399999267578352e+01
6.222399999633788781e+01
6.529600000000000648e+01
6.291199997314453185e+01
6.390400001464843882e+01
6.495999998657227081e+01
6.287999997558593890e+01
6.475200000610351481e+01
6.459199999999999875e+01
6.643199998657226502e+01
5.988800000610351759e+01
6.670399998291016175e+01
6.468799998291015640e+01
6.564799998291015015e+01
6.310399998657226917e+01
6.691199998291016016e+01
6.651199999023437215e+01
7.579199998535156624e+01
7.731199997314453753e+01
7.758399999755859255e+01
7.753600000488280841e+01
7.864000001464843592e+01
7.852800001953124820e+01
7.889599999511719375e+01
7.950400000732422257e+01
7.947199999511718715e+01
7.940800001464843660e+01
7.950400001464844024e+01
7.982400001708984405e+01
8.023999997558593122e+01
8.017600000732421961e+01
7.975999999755859449e+01
7.977600001464843160e+01
8.012800001708984610e+01
8.044799999755859687e+01
8.070400000488281478e+01
8.041600001708984280e+01
7.999999999511719295e+01
8.102399998535156556e+01
8.103999999511718499e+01
8.097600001708984507e+01
8.121600000732421165e+01
8.113599997802734265e+01
8.120000000732422052e+01
8.135999998535156408e+01
8.163200000732422268e+01
8.119999999755859221e+01
8.134399997558593043e+01
8.142400001464844195e+01
8.129599997802733924e+01
8.150400000732422257e+01
8.166399997558593782e+01
8.167999999267577493e+01
8.193599998535155748e+01
8.201600000732422302e+01
8.191999997802734867e+01
8.190400000732421404e+01
8.185599998291016277e+01
8.222400001708984973e+01
8.209599998291015766e+01
8.203199997558593282e+01
8.200000000732421768e+01
8.212799999511719307e+01
8.217600001708984792e+01
8.228799997802734367e+01
8.207999998779297357e+01
8.246399998535156328e+01
8.275199997558593168e+01
8.289599997558593714e+01
8.283199997558594418e+01
8.233599999511719147e+01
8.300800001953125218e+01
8.283200001708983962e+01
8.319999999755859221e+01
8.315199999511719398e+01
8.320000000732422052e+01
8.329600000732422416e+01
8.334399997558593043e+01
8.313599997802734265e+01
8.292800000732421495e+01
8.300799998779297084e+01
8.310400000488280625e+01
8.289600000732421847e+01
8.318399999755858687e+01
8.313599999755859926e+01
8.308799997558594441e+01
8.302399997558593725e+01
8.300800000732421324e+01
8.332799998535156760e+01
8.361600000488280671e+01
8.358399997802735015e+01
8.376000000732422279e+01
8.363199998779296607e+01
8.284799999755858835e+01
8.334399998779296936e+01
8.387199998535156453e+01
8.303999999511718499e+01
8.302399998779296197e+01
8.358400001708984917e+01
8.315199997314452673e+01
8.359999998779296959e+01
8.316800000732422404e+01
8.313600001708984166e+01
8.324799998779296573e+01
8.296000001708983973e+01
8.379199997314452730e+01
8.340799998779296232e+01
8.288000001708984144e+01
8.307199997558593907e+01
8.334400000732421177e+01
8.353599999511719432e+01
8.334400001708984007e+01
8.328000001464843649e+01
8.281599998535156715e+01
8.297600001708984507e+01
8.331200001953125422e+01
8.332800001953124536e+01
