4.023439884185791016e-01
3.958950042724609375e-01
3.916010856628417969e-01
3.882167339324951172e-01
3.944115638732910156e-01
3.860676288604736328e-01
3.928093910217285156e-01
3.863286972045898438e-01
3.883323669433593750e-01
3.889415264129638672e-01
3.812816143035888672e-01
3.961391448974609375e-01
3.871972560882568359e-01
3.873045444488525391e-01
3.937637805938720703e-01
3.834717273712158203e-01
3.899552822113037109e-01
3.857567310333251953e-01
3.874430656433105469e-01
3.905782699584960938e-01
3.821172714233398438e-01
3.953046798706054688e-01
3.858528137207031250e-01
3.835387229919433594e-01
3.903851509094238281e-01
3.844716548919677734e-01
3.921525478363037109e-01
3.849270343780517578e-01
3.870456218719482422e-01
3.913738727569580078e-01
3.832552433013916016e-01
3.893485069274902344e-01
3.892357349395751953e-01
3.876340389251708984e-01
3.907656669616699219e-01
3.849956989288330078e-01
3.915147781372070312e-01
3.847646713256835938e-01
3.881378173828125000e-01
3.861999511718750000e-01
3.815748691558837891e-01
3.909745216369628906e-01
3.885238170623779297e-01
3.880054950714111328e-01
3.871324062347412109e-01
3.833966255187988281e-01
3.924860954284667969e-01
3.853309154510498047e-01
3.899934291839599609e-01
3.877155780792236328e-01
3.821969032287597656e-01
3.884835243225097656e-01
3.838462829589843750e-01
3.881275653839111328e-01
3.893578052520751953e-01
3.864371776580810547e-01
3.919928073883056641e-01
3.856279850006103516e-01
3.871853351593017578e-01
3.893404006958007812e-01
3.884625434875488281e-01
3.887448310852050781e-01
3.834726810455322266e-01
3.861160278320312500e-01
3.933782577514648438e-01
3.869862556457519531e-01
3.903627395629882812e-01
3.832161426544189453e-01
3.838784694671630859e-01
3.897607326507568359e-01
3.843767642974853516e-01
3.860647678375244141e-01
3.855516910552978516e-01
3.872718811035156250e-01
3.897006511688232422e-01
3.810360431671142578e-01
3.812091350555419922e-01
3.849811553955078125e-01
3.869020938873291016e-01
3.868782520294189453e-01
3.794612884521484375e-01
3.855986595153808594e-01
3.829181194305419922e-01
3.885807991027832031e-01
3.902592658996582031e-01
3.834536075592041016e-01
3.843667507171630859e-01
3.909411430358886719e-01
3.869233131408691406e-01
3.909409046173095703e-01
3.817477226257324219e-01
3.866088390350341797e-01
3.848757743835449219e-01
3.860242366790771484e-01
3.876574039459228516e-01
3.810546398162841797e-01
3.888633251190185547e-01
3.838307857513427734e-01
3.832831382751464844e-01
3.897688388824462891e-01
3.827049732208251953e-01
3.837611675262451172e-01
3.886871337890625000e-01
3.838202953338623047e-01
3.893554210662841797e-01
3.819954395294189453e-01
3.848249912261962891e-01
3.857033252716064453e-01
3.850860595703125000e-01
3.901555538177490234e-01
3.837366104125976562e-01
3.842937946319580078e-01
3.876788616180419922e-01
3.878138065338134766e-01
3.927314281463623047e-01
3.831174373626708984e-01
3.861858844757080078e-01
3.906493186950683594e-01
3.819024562835693359e-01
3.860664367675781250e-01
3.828942775726318359e-01
3.815228939056396484e-01
3.897514343261718750e-01
3.851599693298339844e-01
3.869123458862304688e-01
3.829762935638427734e-01
3.866863250732421875e-01
3.875260353088378906e-01
3.814637660980224609e-01
3.869054317474365234e-01
3.856961727142333984e-01
3.823568820953369141e-01
3.903360366821289062e-01
3.848752975463867188e-01
3.838980197906494141e-01
3.896508216857910156e-01
3.832271099090576172e-01
3.834242820739746094e-01
3.811693191528320312e-01
3.915309906005859375e-01
3.873414993286132812e-01
6.579029560089111328e-01
3.869800567626953125e-01
3.809676170349121094e-01
3.813798427581787109e-01
3.878242969512939453e-01
3.828635215759277344e-01
3.873128890991210938e-01
3.831923007965087891e-01
3.860054016113281250e-01
3.915109634399414062e-01
3.841750621795654297e-01
3.922624588012695312e-01
3.807406425476074219e-01
3.861458301544189453e-01
3.918542861938476562e-01
3.819751739501953125e-01
3.887448310852050781e-01
3.857562541961669922e-01
3.836522102355957031e-01
3.916752338409423828e-01
3.848206996917724609e-01
3.889756202697753906e-01
3.823635578155517578e-01
3.819656372070312500e-01
3.909118175506591797e-01
3.883521556854248047e-01
3.870980739593505859e-01
3.839218616485595703e-01
3.892865180969238281e-01
3.892960548400878906e-01
3.839128017425537109e-01
3.839206695556640625e-01
3.802981376647949219e-01
3.831553459167480469e-01
3.875455856323242188e-01
3.834121227264404297e-01
3.899810314178466797e-01
3.852686882019042969e-01
3.868901729583740234e-01
3.884584903717041016e-01
3.847403526306152344e-01
3.865973949432373047e-01
3.830382823944091797e-01
3.868937492370605469e-01
3.897552490234375000e-01
3.832168579101562500e-01
3.865907192230224609e-01
3.798327445983886719e-01
3.857834339141845703e-01
3.917257785797119141e-01
3.820443153381347656e-01
3.895750045776367188e-01
3.842158317565917969e-01
3.860123157501220703e-01
3.908741474151611328e-01
3.833622932434082031e-01
3.836257457733154297e-01
3.875710964202880859e-01
3.843183517456054688e-01
