1.049599999954223684e+01
1.275199999938964801e+01
1.979200000183105601e+01
2.446399999877929687e+01
2.724800000488281171e+01
2.998400000183105618e+01
3.072000000488281302e+01
3.332800000183105738e+01
3.454399998779297221e+01
3.590399999389648400e+01
3.651199999755859693e+01
3.660799999999999699e+01
3.777599999816894183e+01
3.955200000732421728e+01
4.006400000366210890e+01
3.995200000366210702e+01
4.185600000976562285e+01
4.247999999389648451e+01
4.513599998657226564e+01
4.447999998779297215e+01
4.457600000976562171e+01
4.545600000976562427e+01
4.657599999389648104e+01
4.809599999755859301e+01
4.865599999633788997e+01
4.908799998779296914e+01
4.955200000366210844e+01
5.043199999267578448e+01
5.159999999389648195e+01
5.329600000244140290e+01
5.204799999267578414e+01
5.336000001464843479e+01
5.395199999755859466e+01
5.470400000366210946e+01
5.468799999633789355e+01
5.620799999999999841e+01
5.535999999023437823e+01
5.675199999023437414e+01
5.848000000976562518e+01
5.657599999023437221e+01
5.593599999389648758e+01
5.767999998291015373e+01
5.847999999633788804e+01
5.788800000610351759e+01
5.873599998657226706e+01
5.822399999023437545e+01
5.935999999633789059e+01
6.078400000610351839e+01
6.102399999511718676e+01
6.040000000610351805e+01
6.028799998291015783e+01
6.073599999999999710e+01
6.087999998657226541e+01
6.051199998291015447e+01
6.156799999267578016e+01
6.161599999023437846e+01
6.222400000488281080e+01
6.086399999511719017e+01
6.278400000610351839e+01
6.184000000244140693e+01
6.247999999511718983e+01
6.238400000610351270e+01
6.343999997558593407e+01
6.271999998291015288e+01
6.318399999999999750e+01
6.366399999511718732e+01
6.220799998657226837e+01
6.216000000244140722e+01
6.422399999633789491e+01
6.414399998657226831e+01
6.468800000244141302e+01
6.388799998657226809e+01
6.575999999633789628e+01
6.428799999999999670e+01
6.377599999511718920e+01
6.486399999511718306e+01
6.531199999023436931e+01
6.439999997558594202e+01
6.375999999999999801e+01
6.511999998291015856e+01
6.425600000610351969e+01
6.687999999511718840e+01
6.585599998291016277e+01
6.492800000488281853e+01
6.622399997558594009e+01
6.548799999999999955e+01
6.511999998291015856e+01
6.583999998291015743e+01
6.596800000488281057e+01
6.631999999511718613e+01
6.667199997558593338e+01
6.617600000488280898e+01
6.691199999023437783e+01
6.521599999267577630e+01
6.688000000976562376e+01
6.718400000244140813e+01
6.712000000488281160e+01
6.590400001464843172e+01
6.651199998291015447e+01
6.788799999267578755e+01
7.523199999511719227e+01
7.673600000732422188e+01
7.700800001953125218e+01
7.742400000488281364e+01
7.801599998535155578e+01
7.849600000732421279e+01
7.782399998535156271e+01
7.836800001708984098e+01
7.812799999511719307e+01
7.896000000488281501e+01
7.871999998291015288e+01
7.931199999511719056e+01
7.963199998535155544e+01
7.916799998779296743e+01
7.969600001708984394e+01
7.912000000732422222e+01
7.963199998779296607e+01
8.025600000488280727e+01
7.990400001708984234e+01
7.987199998535156453e+01
8.009599997314452935e+01
8.036799999511718795e+01
8.015999999511718954e+01
8.031999998779296845e+01
8.054400000732421461e+01
8.025600001708984621e+01
8.092799999755860085e+01
8.073599999755859358e+01
8.067200000488281830e+01
8.100800000488281682e+01
8.108799999755859744e+01
8.121600001708983996e+01
8.171200000732422097e+01
8.108799999511718681e+01
8.083199999511718659e+01
8.115199998535156567e+01
8.124800000488281171e+01
8.100800000732421324e+01
8.119999998535156749e+01
8.156799999755858721e+01
8.100800001708984155e+01
8.148800000488280659e+01
8.179199998535156624e+01
8.179200001708984757e+01
8.192000001464843706e+01
8.107199999511718147e+01
8.185599999755859812e+01
8.182399997558593441e+01
8.127999999511719409e+01
8.142400000732422427e+01
8.201600001708983712e+01
8.192000000732421938e+01
8.255999998535156692e+01
8.211200001708984075e+01
8.262399997558593157e+01
8.233600001708984450e+01
8.252800001708983757e+01
8.256000000488280932e+01
8.271999998779297414e+01
8.246399997558593498e+01
8.223999997802734185e+01
8.191999997802734867e+01
8.326399997558593213e+01
8.281599997314452821e+01
8.255999998535156692e+01
8.276799997558593702e+01
8.259199998779297403e+01
8.289600000732421847e+01
8.230399997558593839e+01
8.279999997558593350e+01
8.233599998779297380e+01
8.296000001708983973e+01
8.302399998779296197e+01
8.241599997558593316e+01
8.279999999755860074e+01
8.230399998535156669e+01
8.241600001708984280e+01
8.254399999755860051e+01
8.310399999755858857e+01
8.270399999755859710e+01
8.275200000488281660e+01
8.276800000732421836e+01
8.283199999755859722e+01
8.262399997558593157e+01
8.263999998779297584e+01
8.251199998535156510e+01
8.219199999755859665e+01
8.294400000732422029e+01
8.233599998535156317e+01
8.265599999511718465e+01
8.276800000488280773e+01
8.239999997558594202e+01
8.254400001464843228e+01
8.297600001708984507e+01
8.336000000732421711e+01
8.315199999511719398e+01
8.268800000732422006e+01
8.296000000488281501e+01
8.289600000732421847e+01
8.256000000488280932e+01
