2.392754931259155171e+00
2.305581906661987368e+00
2.200648280944824009e+00
2.096354053611755308e+00
2.065453431472778156e+00
2.026064764938354301e+00
2.043569452590942248e+00
2.000790085830688625e+00
1.966223382225036564e+00
1.946662107620239279e+00
1.894802371635436966e+00
1.895816941070556538e+00
1.906652777023315481e+00
1.889009312286376918e+00
1.901238784484863276e+00
1.892453652801513675e+00
1.860854396133422961e+00
1.880843134841919007e+00
1.889422429237365808e+00
1.901132318649291886e+00
1.842213083038330090e+00
1.885384115905761826e+00
1.842947349700927662e+00
1.885896720848083463e+00
1.871632822456359868e+00
1.870325057563781757e+00
1.837701197891235427e+00
1.860347708473205630e+00
1.813199711914062595e+00
1.883842225303649975e+00
1.857574983062744156e+00
1.880958523559570272e+00
1.840873065719604407e+00
1.872904899063110307e+00
1.882937279129028418e+00
1.799998451080322193e+00
1.895104059371948146e+00
1.852908362350463856e+00
1.822637195205688565e+00
1.856443746948242213e+00
1.850730246162414661e+00
1.880871049041747955e+00
1.893411620407104534e+00
1.873129040451049887e+00
1.825600930061340277e+00
1.892797780075073266e+00
1.833817730331420925e+00
1.858196710739135726e+00
1.821577556076049875e+00
1.849810315856933673e+00
1.827246738166809159e+00
1.824726146430969198e+00
1.830428411560058644e+00
1.845487627029418931e+00
1.751977353439331031e+00
1.826705129547119055e+00
1.902137186813354530e+00
1.893545896224975600e+00
1.743393787193298294e+00
1.889203593902587963e+00
1.797148809242248513e+00
1.915469559936523458e+00
1.828605103454589820e+00
1.886832317657470615e+00
1.928777472534179749e+00
1.820310671501159661e+00
1.941613399429321207e+00
1.808490028686523532e+00
1.732054943695068294e+00
1.925007231636047367e+00
1.967932550392150981e+00
1.901531698341369703e+00
1.966916629905700598e+00
1.842506770553588913e+00
1.970525576400756762e+00
1.755124183044433517e+00
1.891982086944580033e+00
1.808136861038208032e+00
1.886466409225463936e+00
1.994527338867187582e+00
1.791113700942993159e+00
1.919508647575378424e+00
1.908779450683593781e+00
1.809447099609374998e+00
1.775804820022583108e+00
1.914081386947631858e+00
1.850283175888061571e+00
1.852398909606933541e+00
1.802845436172485272e+00
1.835179807968139620e+00
1.845608380928039471e+00
1.907243443946838424e+00
1.869452500991821253e+00
1.894671751518249403e+00
1.992128548927307063e+00
1.818175422515869055e+00
1.721922467536926238e+00
1.795176524581909128e+00
1.918590377082824761e+00
1.846927534637451185e+00
1.155202277374267616e+00
1.129402707672119144e+00
1.142615731048584049e+00
1.109919620628357029e+00
1.126604143524169821e+00
1.100827091884613029e+00
1.081684564361572232e+00
1.089682463607787977e+00
1.075629280662536713e+00
1.051483237304687401e+00
1.059782336206436248e+00
1.066674764957427968e+00
1.080699139976501355e+00
1.074852802009582442e+00
1.043127207469940254e+00
1.053657552070617731e+00
1.059369320812225235e+00
1.040213551750183152e+00
1.051252340164184673e+00
1.073612729511260966e+00
1.044891866760253807e+00
1.032648482570648119e+00
1.060966479816436658e+00
1.040573172225952137e+00
1.045871965408325277e+00
1.029918005027770977e+00
1.038961429109573453e+00
1.029765582199096752e+00
1.010826513748168898e+00
1.015883517665862934e+00
1.023606712188720680e+00
1.035408762779235881e+00
1.028459631462097068e+00
1.003090822944641136e+00
9.946870336151123482e-01
9.910004445266723527e-01
9.992424744415283611e-01
9.689281589698791608e-01
1.023274983882904055e+00
9.984817684936523330e-01
1.009232872428894146e+00
1.018010416488647429e+00
1.029904099254608241e+00
1.011365689182281535e+00
9.879341004753112720e-01
1.005731183700561582e+00
9.983604074478149570e-01
9.938778211784362604e-01
1.015419769973754827e+00
9.604736886405944585e-01
9.414312642574310663e-01
9.486718453788757222e-01
9.515711816787719712e-01
9.460135481262207380e-01
9.494173292160034139e-01
9.326611467742920158e-01
9.611752727317810496e-01
9.215633574676513895e-01
9.182841859626770242e-01
9.361127500152588432e-01
9.696795919799804375e-01
9.384461872100829938e-01
9.386960664367676177e-01
9.556149127960205103e-01
9.552956188201904286e-01
9.705384456253052239e-01
9.256371623420714956e-01
9.411583248138427615e-01
9.495460006713867251e-01
9.606499516487121415e-01
9.383941652297973501e-01
9.412314010620117521e-01
9.387455199718475196e-01
9.404823348617553647e-01
9.424120703506470020e-01
9.313151557540894077e-01
9.245421225357055572e-01
9.707616526603698448e-01
9.546357876205444626e-01
9.530314701652526921e-01
8.889728076362609643e-01
9.319901229095458595e-01
9.339361704635620320e-01
9.585863567543029262e-01
9.207073636817931783e-01
9.604815797424316459e-01
9.479467148590088321e-01
8.992606414413452098e-01
9.369292250919342147e-01
9.360094659233093584e-01
9.163028797531127534e-01
9.351155694913864114e-01
9.359750808525085786e-01
9.205420959472656595e-01
9.714854438400268855e-01
9.321144340133666883e-01
9.394522856140137268e-01
9.513312043762206516e-01
9.529089057922363049e-01
9.397113826751708476e-01
