2.376742855758667172e+00
2.275253644561767707e+00
2.136812238082885784e+00
2.076070554275512681e+00
2.028919603347778100e+00
1.968356350021362333e+00
1.947133417739868255e+00
1.949563899230956965e+00
1.891284498062133723e+00
1.881696222114563000e+00
1.863553987121582045e+00
1.829006207656860283e+00
1.820033714485168375e+00
1.801655688667297417e+00
1.816525698318481430e+00
1.793896213417053298e+00
1.788130188713073832e+00
1.761485306549072316e+00
1.810211928367614798e+00
1.768673860130310027e+00
1.767808302955627520e+00
1.766973029174804699e+00
1.747619765129089453e+00
1.738076777381897031e+00
1.750588057518005280e+00
1.780249904098510694e+00
1.715590107803344644e+00
1.784342770385742183e+00
1.718951139869689948e+00
1.740298262176513733e+00
1.703631342086791900e+00
1.681150505447387644e+00
1.699258341751098689e+00
1.721580681762695297e+00
1.646718305587768549e+00
1.713336499938964863e+00
1.675237243499755779e+00
1.684001277732849022e+00
1.699292090682983369e+00
1.633360210189819250e+00
1.627579546737670801e+00
1.617308819656372076e+00
1.675415400047302272e+00
1.646091665420532202e+00
1.594822780532836992e+00
1.587951702575683521e+00
1.600497789115905789e+00
1.617022465972900447e+00
1.605726434631347566e+00
1.621244304199218833e+00
1.561923174629211486e+00
1.620965958328246970e+00
1.625718863067626918e+00
1.566688183097839415e+00
1.575161711769103912e+00
1.577069972343444926e+00
1.600941831588745146e+00
1.617457423095703062e+00
1.591042207717895618e+00
1.593315039138794020e+00
1.552805258331298788e+00
1.601646755142211997e+00
1.541427058181762622e+00
1.573313349571227926e+00
1.555601278514862074e+00
1.561257118682861433e+00
1.539023222389221290e+00
1.562824240913391005e+00
1.527596788883209156e+00
1.562097347831726157e+00
1.564043913803100594e+00
1.584926166229247979e+00
1.562736655998230084e+00
1.568768634300231835e+00
1.536737758979797253e+00
1.530750694580078175e+00
1.557767943382263098e+00
1.585208132171630924e+00
1.570587920455932540e+00
1.622658896141052187e+00
1.498771123886108336e+00
1.543020176658630449e+00
1.520919189338683974e+00
1.547007076187133734e+00
1.571393942794799825e+00
1.489192158393859877e+00
1.559093072700500571e+00
1.565415329666137723e+00
1.526816119155883777e+00
1.557073545551300064e+00
1.540540968894958507e+00
1.535494384384155309e+00
1.469194686851501563e+00
1.698716870956420877e+00
1.470555690689086870e+00
1.522639559783935503e+00
1.506826208267211920e+00
1.562338709259033287e+00
1.477907210350036582e+00
1.466884518508911217e+00
1.118379547843933119e+00
1.087556432876586987e+00
1.084748556938171404e+00
1.095220476875305105e+00
1.050362371177673282e+00
1.062365279569625898e+00
1.060689225997924812e+00
1.065683410453796442e+00
1.047160144309997598e+00
1.045409063224792545e+00
1.042655159606933557e+00
1.027091954021453812e+00
1.012126069183349575e+00
1.027063595695495657e+00
1.047063091297149695e+00
1.062683719863891652e+00
1.032378136043548666e+00
1.006919102745056138e+00
1.007778492851257424e+00
1.031225734806060723e+00
1.064011631240844746e+00
1.015527498416900709e+00
9.956165118026732985e-01
9.952482771682739093e-01
9.766019528961181750e-01
1.013205702276229969e+00
9.992174719429015584e-01
9.902165367507934635e-01
9.845829615592956996e-01
9.835815738487243554e-01
9.998907320022583090e-01
9.902881172752380223e-01
1.012520002317428558e+00
9.987560301208495694e-01
1.008069810600280780e+00
9.888439381027221975e-01
9.694762872505188200e-01
9.742289190673828481e-01
1.000132685222625772e+00
9.711602635765075320e-01
9.930683828735351604e-01
9.655510337257384723e-01
9.566464627838134893e-01
9.918498821258544540e-01
9.654524723434447786e-01
9.689338780975341736e-01
9.546018845748901471e-01
9.827500158691405696e-01
9.877739753532409628e-01
9.575839974594115844e-01
9.496099650192261210e-01
9.267737086105346522e-01
9.474212080383300760e-01
9.378423348617553890e-01
9.497132365798950371e-01
9.432854266357422190e-01
9.182493649482726950e-01
9.059552062606811562e-01
9.141232090568542912e-01
9.099107819747924708e-01
9.134960096740722957e-01
9.377984320545196262e-01
9.259818744277954483e-01
9.375675318336487152e-01
9.390712709426879412e-01
9.259810598564147677e-01
9.162530002021789244e-01
9.272906073188781351e-01
9.256446794509887166e-01
9.349569575119018872e-01
9.465896434402465420e-01
9.244350704765319504e-01
9.027206997680664591e-01
9.088728117942810325e-01
9.064367413139343688e-01
8.970169232559204175e-01
9.341042857360839502e-01
9.360607600021362273e-01
8.968248888397216678e-01
9.411002343368530809e-01
9.458871523094177780e-01
9.267454261398315740e-01
9.459764653015136915e-01
9.278115051269530955e-01
9.342434334373473925e-01
9.418400072860717565e-01
9.083615451812744324e-01
9.367903394317627086e-01
8.773845156860351491e-01
9.045569036483764869e-01
9.448592920684814045e-01
9.519235395050048565e-01
9.205599753189086520e-01
9.143852821350098026e-01
9.303507720184326368e-01
9.391632298660278488e-01
9.373624562454223597e-01
9.599943486404418636e-01
9.211998636341095503e-01
9.311311508178711227e-01
