2.154162168502807617e+01
2.096722006797790527e+01
2.133674430847167969e+01
2.087341380119323730e+01
2.172135066986083984e+01
2.157070326805114746e+01
2.122477793693542480e+01
2.132083821296691895e+01
2.122045302391052246e+01
2.151521253585815430e+01
2.210116028785705566e+01
2.182081341743469238e+01
2.186213445663452148e+01
2.134510326385498047e+01
2.138471126556396484e+01
2.131669974327087402e+01
2.211912250518798828e+01
2.164214682579040527e+01
2.159925603866577148e+01
2.129216098785400391e+01
2.159375953674316406e+01
2.183192873001098633e+01
2.161781764030456543e+01
2.137569165229797363e+01
2.218124985694885254e+01
2.127434778213500977e+01
2.170644259452819824e+01
2.211268734931945801e+01
2.176663947105407715e+01
2.213992714881896973e+01
2.177549242973327637e+01
2.169257020950317383e+01
2.231034636497497559e+01
2.135402464866638184e+01
2.136265635490417480e+01
2.237104415893554688e+01
2.151681470870971680e+01
2.192338633537292480e+01
2.125715041160583496e+01
2.184493350982666016e+01
2.198223209381103516e+01
2.177186560630798340e+01
2.191688704490661621e+01
2.171203279495239258e+01
2.215569233894348145e+01
2.141488170623779297e+01
2.181622767448425293e+01
2.156013154983520508e+01
2.189398193359375000e+01
2.158834552764892578e+01
2.128040385246276855e+01
2.166878461837768555e+01
2.229494810104370117e+01
2.237741827964782715e+01
2.163378810882568359e+01
2.132553243637084961e+01
2.160195779800415039e+01
2.169382691383361816e+01
2.158665323257446289e+01
2.132017707824707031e+01
2.234205269813537598e+01
2.172568368911743164e+01
2.134732890129089355e+01
2.131886291503906250e+01
2.184462213516235352e+01
2.223342084884643555e+01
2.170323777198791504e+01
2.154081344604492188e+01
2.188390874862670898e+01
2.162860131263732910e+01
2.136082506179809570e+01
2.180492973327636719e+01
2.189162206649780273e+01
2.149796676635742188e+01
2.170186424255371094e+01
2.131071352958679199e+01
2.185331273078918457e+01
2.168734812736511230e+01
2.179570245742797852e+01
2.147453022003173828e+01
2.212596654891967773e+01
2.141837882995605469e+01
2.190889978408813477e+01
2.132726430892944336e+01
2.200081324577331543e+01
2.129549551010131836e+01
2.127294230461120605e+01
2.161834192276000977e+01
2.163032555580139160e+01
2.127503132820129395e+01
2.151444911956787109e+01
2.168159461021423340e+01
2.139141464233398438e+01
2.139162349700927734e+01
2.204538130760192871e+01
2.169614744186401367e+01
2.138252925872802734e+01
2.174554610252380371e+01
2.147906589508056641e+01
2.152711868286132812e+01
2.175197386741638184e+01
2.172238159179687500e+01
2.138410329818725586e+01
2.176497149467468262e+01
2.176075506210327148e+01
2.214408564567565918e+01
2.189657592773437500e+01
2.133774805068969727e+01
2.198803138732910156e+01
2.152687716484069824e+01
2.179861330986022949e+01
2.189124298095703125e+01
2.140310549736022949e+01
2.167348384857177734e+01
2.136705756187438965e+01
2.184025311470031738e+01
2.181140470504760742e+01
2.168391394615173340e+01
2.143304610252380371e+01
2.138171625137329102e+01
2.181059122085571289e+01
2.135843253135681152e+01
2.136620783805847168e+01
2.189419555664062500e+01
2.137188076972961426e+01
2.139613342285156250e+01
2.211437225341796875e+01
2.189629673957824707e+01
2.136897253990173340e+01
2.132667589187622070e+01
2.225191879272460938e+01
2.129441714286804199e+01
2.171294283866882324e+01
2.200266170501708984e+01
2.180196905136108398e+01
2.161209774017333984e+01
2.167236709594726562e+01
2.131563019752502441e+01
2.126366543769836426e+01
2.169867038726806641e+01
2.134936904907226562e+01
2.304106187820434570e+01
2.203184843063354492e+01
2.141387724876403809e+01
2.205019021034240723e+01
2.194981956481933594e+01
2.146179652214050293e+01
2.140109324455261230e+01
2.176506733894348145e+01
2.220899939537048340e+01
2.174717640876770020e+01
2.173994112014770508e+01
2.188391780853271484e+01
2.151579213142395020e+01
2.164670801162719727e+01
2.173734211921691895e+01
2.149198770523071289e+01
2.141695928573608398e+01
2.196649074554443359e+01
2.211161899566650391e+01
2.197769594192504883e+01
2.176899790763854980e+01
2.132857608795166016e+01
2.196662163734436035e+01
2.183779382705688477e+01
2.147967505455017090e+01
2.194062042236328125e+01
2.164031934738159180e+01
2.143080759048461914e+01
2.192103314399719238e+01
2.210512781143188477e+01
2.161989021301269531e+01
2.148604917526245117e+01
2.233603763580322266e+01
2.172106003761291504e+01
2.143016910552978516e+01
2.178364896774291992e+01
2.186784553527832031e+01
2.159827494621276855e+01
2.138317942619323730e+01
2.131394314765930176e+01
2.184557867050170898e+01
2.156064367294311523e+01
2.180037951469421387e+01
2.139812588691711426e+01
2.235690140724182129e+01
2.188010597229003906e+01
2.176635003089904785e+01
2.179235625267028809e+01
2.204663109779357910e+01
2.133056306838989258e+01
2.135898685455322266e+01
2.194591808319091797e+01
2.175547432899475098e+01
2.185055923461914062e+01
2.179741835594177246e+01
2.134705758094787598e+01
2.195291686058044434e+01
2.169472408294677734e+01
2.192183113098144531e+01
