1.008000000000000007e+01
1.291199999908447182e+01
1.944000000488281188e+01
2.216000000183105456e+01
2.631999999511718613e+01
2.742399999908447228e+01
2.979200000732421927e+01
2.942400000488281364e+01
3.169599999816894709e+01
3.228799999816894228e+01
3.291199999145507604e+01
3.628800000366211265e+01
3.540800000122070657e+01
3.663999999145507758e+01
3.684799998779296715e+01
3.777600000183105777e+01
3.844800000000000040e+01
4.062399998779297050e+01
3.902399999755859028e+01
4.105599999755859386e+01
4.220799998779296658e+01
4.305600000366210622e+01
4.321600000366210992e+01
4.364800000000000324e+01
4.337600000732421535e+01
4.449599999755859159e+01
4.705600000366210622e+01
4.560000000000000142e+01
4.646399999389648627e+01
4.563200000244140853e+01
4.633599999816894410e+01
4.713599999633789395e+01
4.763199999511719085e+01
4.948799998779296772e+01
4.787199998657226274e+01
5.036799999389648264e+01
5.036799999267578443e+01
5.008000000610351776e+01
5.105599998779296556e+01
4.987200000610351225e+01
5.038399998657226320e+01
5.169600000610351742e+01
5.310399999389648684e+01
5.081599999755859187e+01
5.123200000976562762e+01
5.414400000732421603e+01
5.155200000244140313e+01
5.131200000610351708e+01
5.174400000610351213e+01
5.118399999389648514e+01
5.059199998291015277e+01
5.500799998779297084e+01
5.144000000244140836e+01
5.436799999755859147e+01
4.929600000732421705e+01
5.382399998657226803e+01
5.255999998779297044e+01
5.190400000366211231e+01
5.335999999389648707e+01
5.545599999633788713e+01
5.321600000000000108e+01
4.943999998657226769e+01
5.331199999633788877e+01
5.504000000610351861e+01
5.422400000976562495e+01
5.230400000366211088e+01
5.115200000000000102e+01
5.663999999389648110e+01
5.350399999999999778e+01
5.404800000610351418e+01
5.510399999999999920e+01
5.438400000244140386e+01
5.110400000244140273e+01
5.219199998657226303e+01
5.667199999023437584e+01
5.575999997314453083e+01
5.559999999145507843e+01
5.164800000610351560e+01
5.758400000244140671e+01
4.817599999633789309e+01
5.873600000610351657e+01
5.268800000366211123e+01
4.995200000732421586e+01
5.041599999755859329e+01
4.923200000976562762e+01
5.401599999755859471e+01
5.256000000610351464e+01
5.367999998657226257e+01
5.870400000610351299e+01
5.091200000610351850e+01
5.625599999023437192e+01
5.902399999267578323e+01
5.849600001464843757e+01
4.860800000122070230e+01
5.678400000244140955e+01
5.361600000976562796e+01
5.785599999816894723e+01
4.297600000610351856e+01
5.775999999389648565e+01
5.670399999755859710e+01
7.388799998291015925e+01
7.537600000488281182e+01
7.673600001708985019e+01
7.575999997314453083e+01
7.648000001708984996e+01
7.707199997558593907e+01
7.748799997558593589e+01
7.768000000488281387e+01
7.785599999511718750e+01
7.787200001708984587e+01
7.852799998535155623e+01
7.835200001464843922e+01
7.883200000732422552e+01
7.883199997558594418e+01
7.884800001708984496e+01
7.916799997558594271e+01
7.942399998779296766e+01
7.873599999755859358e+01
7.935999999511719238e+01
7.944000001708984371e+01
7.935999999511719238e+01
7.926399997558593213e+01
8.028799999755860028e+01
7.968000000732422450e+01
7.896000000732422563e+01
7.998399999755859824e+01
8.004799999511718056e+01
7.975999997558594146e+01
7.990399997558593270e+01
8.056000000488280932e+01
8.083199998535155828e+01
8.063999997558593691e+01
8.022399997558594009e+01
7.982399997558593441e+01
8.009599999511718238e+01
8.095999997558594430e+01
8.023999999511718784e+01
8.076800001708984666e+01
8.102399997558593725e+01
7.972800000732421211e+01
8.091200001708983791e+01
7.998399998535155930e+01
8.094400000488280966e+01
8.073600000488281125e+01
8.140800000488280830e+01
8.123200000488280637e+01
8.102399999511719386e+01
8.096000001464844331e+01
8.131199997558593395e+01
8.100799998779297084e+01
8.227200001708983734e+01
8.239999998535155612e+01
8.217600000732421961e+01
8.228800001708984269e+01
8.278399999511718477e+01
8.241599997802734379e+01
8.249600001708984109e+01
8.275199997558593168e+01
8.223999998779297016e+01
8.222400000488281080e+01
8.252799999511718454e+01
8.249599997802734208e+01
8.299199999755859380e+01
8.244799999755859687e+01
8.275200001708984132e+01
8.275199998291014936e+01
8.244799998779296857e+01
8.228799999755860028e+01
8.249600000732421279e+01
8.255999997558593861e+01
8.233599997558593486e+01
8.267199999511719000e+01
8.236799998779297027e+01
8.256000000488280932e+01
8.241600000488281808e+01
8.241599999755860040e+01
8.195199999755858755e+01
8.249599999511718806e+01
8.255999997558593861e+01
8.246400000732421631e+01
8.283199998779296891e+01
8.318399998535156215e+01
8.262399997558593157e+01
8.252800001708983757e+01
8.296000000732422563e+01
8.228800000732421438e+01
8.262400000732421290e+01
8.251200001708984644e+01
8.281600001708984848e+01
8.220799997314453833e+01
8.232000001708983916e+01
8.283200001708983962e+01
8.243199997802734913e+01
8.289599999755859017e+01
8.262400001464843058e+01
8.284799999755858835e+01
8.296000000732422563e+01
8.281600001464843785e+01
8.254399997558593327e+01
8.227200000732422325e+01
