4.025070667266845703e-01
3.960998058319091797e-01
3.917460441589355469e-01
3.884091377258300781e-01
3.944036960601806641e-01
3.860921859741210938e-01
3.928153514862060547e-01
3.862400054931640625e-01
3.882515430450439453e-01
3.887617588043212891e-01
3.811719417572021484e-01
3.961637020111083984e-01
3.870501518249511719e-01
3.875586986541748047e-01
3.940382003784179688e-01
3.835330009460449219e-01
3.902468681335449219e-01
3.856606483459472656e-01
3.873150348663330078e-01
3.906178474426269531e-01
3.823947906494140625e-01
3.955702781677246094e-01
3.858976364135742188e-01
3.834424018859863281e-01
3.906798362731933594e-01
3.844740390777587891e-01
3.923776149749755859e-01
3.852081298828125000e-01
3.872070312500000000e-01
3.912115097045898438e-01
3.835465908050537109e-01
3.892340660095214844e-01
3.891007900238037109e-01
3.875656127929687500e-01
3.907911777496337891e-01
3.852350711822509766e-01
3.913938999176025391e-01
3.845157623291015625e-01
3.880105018615722656e-01
3.862273693084716797e-01
3.815369606018066406e-01
3.908879756927490234e-01
3.884165287017822266e-01
3.878672122955322266e-01
3.869776725769042969e-01
3.837013244628906250e-01
3.924820423126220703e-01
3.851988315582275391e-01
3.898396492004394531e-01
3.876624107360839844e-01
3.821957111358642578e-01
3.883492946624755859e-01
3.837165832519531250e-01
3.883733749389648438e-01
3.892395496368408203e-01
3.867273330688476562e-01
3.922607898712158203e-01
3.855364322662353516e-01
3.870787620544433594e-01
3.892056941986083984e-01
3.887286186218261719e-01
3.886551856994628906e-01
3.834826946258544922e-01
3.861277103424072266e-01
3.936326503753662109e-01
3.872454166412353516e-01
3.906288146972656250e-01
3.834466934204101562e-01
3.837714195251464844e-01
3.896713256835937500e-01
3.846786022186279297e-01
3.860237598419189453e-01
3.854582309722900391e-01
3.871557712554931641e-01
3.895606994628906250e-01
3.810689449310302734e-01
3.811037540435791016e-01
3.848979473114013672e-01
3.867559432983398438e-01
3.867230415344238281e-01
3.793418407440185547e-01
3.854336738586425781e-01
3.826916217803955078e-01
3.886215686798095703e-01
3.901493549346923828e-01
3.834815025329589844e-01
3.844499588012695312e-01
3.912248611450195312e-01
3.868281841278076172e-01
3.910205364227294922e-01
3.817403316497802734e-01
3.864603042602539062e-01
3.847448825836181641e-01
3.858723640441894531e-01
3.876707553863525391e-01
3.811018466949462891e-01
3.889501094818115234e-01
3.837480545043945312e-01
3.832292556762695312e-01
3.896884918212890625e-01
3.827574253082275391e-01
3.836588859558105469e-01
3.889293670654296875e-01
3.836891651153564453e-01
3.892719745635986328e-01
3.822696208953857422e-01
3.846468925476074219e-01
3.857181072235107422e-01
3.848845958709716797e-01
3.904712200164794922e-01
3.840155601501464844e-01
3.841676712036132812e-01
3.875529766082763672e-01
3.876981735229492188e-01
3.926379680633544922e-01
3.834085464477539062e-01
3.863205909729003906e-01
3.909053802490234375e-01
3.818376064300537109e-01
3.859369754791259766e-01
3.828923702239990234e-01
3.815569877624511719e-01
3.897564411163330078e-01
3.850064277648925781e-01
3.869862556457519531e-01
3.829095363616943359e-01
3.869817256927490234e-01
3.874661922454833984e-01
3.814897537231445312e-01
3.869478702545166016e-01
3.855850696563720703e-01
3.821713924407958984e-01
3.906199932098388672e-01
3.851547241210937500e-01
3.837940692901611328e-01
3.898677825927734375e-01
3.832457065582275391e-01
3.834152221679687500e-01
3.810422420501708984e-01
3.917624950408935547e-01
3.873777389526367188e-01
5.927555561065673828e-01
3.872201442718505859e-01
3.808050155639648438e-01
3.812396526336669922e-01
3.876864910125732422e-01
3.829002380371093750e-01
3.873567581176757812e-01
3.830654621124267578e-01
3.863251209259033203e-01
3.918123245239257812e-01
3.845205307006835938e-01
3.916485309600830078e-01
3.806397914886474609e-01
3.861241340637207031e-01
3.917560577392578125e-01
3.819990158081054688e-01
3.886773586273193359e-01
3.859953880310058594e-01
3.835515975952148438e-01
3.919496536254882812e-01
3.851158618927001953e-01
3.887691497802734375e-01
3.826644420623779297e-01
3.818080425262451172e-01
3.911125659942626953e-01
3.886559009552001953e-01
3.873457908630371094e-01
3.839623928070068359e-01
3.891692161560058594e-01
3.893139362335205078e-01
3.837821483612060547e-01
3.837203979492187500e-01
3.801391124725341797e-01
3.829631805419921875e-01
3.874118328094482422e-01
3.836717605590820312e-01
3.898758888244628906e-01
3.850550651550292969e-01
3.867938518524169922e-01
3.884661197662353516e-01
3.850152492523193359e-01
3.864893913269042969e-01
3.829922676086425781e-01
3.871757984161376953e-01
3.900165557861328125e-01
3.834981918334960938e-01
3.864219188690185547e-01
3.797240257263183594e-01
3.856160640716552734e-01
3.917665481567382812e-01
3.820650577545166016e-01
3.894660472869873047e-01
3.842656612396240234e-01
3.860409259796142578e-01
3.907461166381835938e-01
3.832275867462158203e-01
3.835380077362060547e-01
3.875699043273925781e-01
3.841550350189208984e-01
