1.067999935150146484e+01
1.915999984741210938e+01
2.031999969482421875e+01
2.693999862670898438e+01
2.954999923706054688e+01
3.175999832153320312e+01
3.313000106811523438e+01
3.322999954223632812e+01
3.416999816894531250e+01
3.740999984741210938e+01
3.757999801635742188e+01
3.677999877929687500e+01
3.856999969482421875e+01
3.831999969482421875e+01
4.138999938964843750e+01
4.027999877929687500e+01
4.055999755859375000e+01
4.534000015258789062e+01
4.600000000000000000e+01
4.268000030517578125e+01
4.584000015258789062e+01
4.728999710083007812e+01
4.804999923706054688e+01
4.798999786376953125e+01
4.784000015258789062e+01
4.923999786376953125e+01
5.048999786376953125e+01
4.946999740600585938e+01
5.166999816894531250e+01
4.934999847412109375e+01
5.328999710083007812e+01
5.235999679565429688e+01
4.775000000000000000e+01
5.386999893188476562e+01
5.459000015258789062e+01
4.884999847412109375e+01
5.278999710083007812e+01
5.352000045776367188e+01
4.534000015258789062e+01
5.455999755859375000e+01
5.455999755859375000e+01
5.670999908447265625e+01
5.404999923706054688e+01
6.034999847412109375e+01
5.995999908447265625e+01
5.989999771118164062e+01
5.984000015258789062e+01
5.804999923706054688e+01
5.964999771118164062e+01
5.625000000000000000e+01
6.181999969482421875e+01
6.294999694824218750e+01
5.947999954223632812e+01
5.813999938964843750e+01
6.447999572753906250e+01
6.080999755859375000e+01
6.050000000000000000e+01
5.402999877929687500e+01
6.178999710083007812e+01
6.140999984741210938e+01
6.000000000000000000e+01
5.966999816894531250e+01
5.696999740600585938e+01
5.976999664306640625e+01
5.721999740600585938e+01
6.086999893188476562e+01
6.346999740600585938e+01
6.404999542236328125e+01
6.554000091552734375e+01
6.626000213623046875e+01
6.451000213623046875e+01
6.156999969482421875e+01
6.461999511718750000e+01
6.068000030517578125e+01
6.401000213623046875e+01
6.540999603271484375e+01
6.151999664306640625e+01
5.503999710083007812e+01
6.346999740600585938e+01
5.832999801635742188e+01
6.043000030517578125e+01
6.076999664306640625e+01
6.260999679565429688e+01
6.366999816894531250e+01
6.650999450683593750e+01
6.009999847412109375e+01
6.388999938964843750e+01
6.566999816894531250e+01
6.620999908447265625e+01
6.379999923706054688e+01
6.718000030517578125e+01
6.300000000000000000e+01
6.736999511718750000e+01
6.534999847412109375e+01
6.511999511718750000e+01
6.795999908447265625e+01
6.697999572753906250e+01
6.551000213623046875e+01
6.769999694824218750e+01
6.245999908447265625e+01
7.372999572753906250e+01
7.433999633789062500e+01
7.431999969482421875e+01
7.462999725341796875e+01
7.447999572753906250e+01
7.462999725341796875e+01
7.497999572753906250e+01
7.538999938964843750e+01
7.554999542236328125e+01
7.536999511718750000e+01
7.530999755859375000e+01
7.597000122070312500e+01
7.569999694824218750e+01
7.590000152587890625e+01
7.554000091552734375e+01
7.602999877929687500e+01
7.597000122070312500e+01
7.575999450683593750e+01
7.640999603271484375e+01
7.623999786376953125e+01
7.590999603271484375e+01
7.652999877929687500e+01
7.704000091552734375e+01
7.563999938964843750e+01
7.654999542236328125e+01
7.697000122070312500e+01
7.644999694824218750e+01
7.688999938964843750e+01
7.690999603271484375e+01
7.650999450683593750e+01
7.679000091552734375e+01
7.652999877929687500e+01
7.672999572753906250e+01
7.640999603271484375e+01
7.629000091552734375e+01
7.683000183105468750e+01
7.673999786376953125e+01
7.687999725341796875e+01
7.704000091552734375e+01
7.647999572753906250e+01
7.688999938964843750e+01
7.683999633789062500e+01
7.662999725341796875e+01
7.633000183105468750e+01
7.723999786376953125e+01
7.686000061035156250e+01
7.677999877929687500e+01
7.722999572753906250e+01
7.722000122070312500e+01
7.681999969482421875e+01
7.747000122070312500e+01
7.736000061035156250e+01
7.745999908447265625e+01
7.758999633789062500e+01
7.747999572753906250e+01
7.761000061035156250e+01
7.775000000000000000e+01
7.765999603271484375e+01
7.752999877929687500e+01
7.747999572753906250e+01
7.775999450683593750e+01
7.747000122070312500e+01
7.751999664306640625e+01
7.743999481201171875e+01
7.772000122070312500e+01
7.779999542236328125e+01
7.755999755859375000e+01
7.765999603271484375e+01
7.763999938964843750e+01
7.776999664306640625e+01
7.751999664306640625e+01
7.775000000000000000e+01
7.773999786376953125e+01
7.779000091552734375e+01
7.765000152587890625e+01
7.766999816894531250e+01
7.763999938964843750e+01
7.758999633789062500e+01
7.761999511718750000e+01
7.773999786376953125e+01
7.773999786376953125e+01
7.759999847412109375e+01
7.763999938964843750e+01
7.765999603271484375e+01
7.795999908447265625e+01
7.761000061035156250e+01
7.762999725341796875e+01
7.783000183105468750e+01
7.773999786376953125e+01
7.762999725341796875e+01
7.769999694824218750e+01
7.770999908447265625e+01
7.772999572753906250e+01
7.775000000000000000e+01
7.765999603271484375e+01
7.780999755859375000e+01
7.773999786376953125e+01
7.758000183105468750e+01
7.779999542236328125e+01
7.780999755859375000e+01
