1.017000007629394531e+01
1.532999992370605469e+01
1.693000030517578125e+01
1.903999900817871094e+01
2.070999908447265625e+01
2.115999984741210938e+01
2.255999946594238281e+01
2.446999931335449219e+01
2.632999992370605469e+01
2.907999992370605469e+01
2.832999992370605469e+01
2.756999969482421875e+01
2.877999877929687500e+01
3.509000015258789062e+01
3.264999771118164062e+01
3.638999938964843750e+01
3.256999969482421875e+01
3.571999740600585938e+01
3.920000076293945312e+01
3.866999816894531250e+01
4.175999832153320312e+01
3.441999816894531250e+01
3.911999893188476562e+01
4.115999984741210938e+01
4.371999740600585938e+01
4.303999710083007812e+01
3.811999893188476562e+01
4.330999755859375000e+01
4.652999877929687500e+01
4.843999862670898438e+01
4.652000045776367188e+01
4.186999893188476562e+01
4.755999755859375000e+01
4.107999801635742188e+01
4.636999893188476562e+01
4.772999954223632812e+01
5.132999801635742188e+01
4.852000045776367188e+01
5.162999725341796875e+01
4.927999877929687500e+01
5.143000030517578125e+01
5.093999862670898438e+01
5.213999938964843750e+01
5.098999786376953125e+01
5.156999969482421875e+01
5.036000061035156250e+01
4.698999786376953125e+01
4.775999832153320312e+01
5.227999877929687500e+01
5.468000030517578125e+01
5.503999710083007812e+01
5.584999847412109375e+01
5.055999755859375000e+01
5.177000045776367188e+01
5.212999725341796875e+01
5.109999847412109375e+01
4.846999740600585938e+01
5.177000045776367188e+01
5.093999862670898438e+01
5.182999801635742188e+01
5.527999877929687500e+01
5.054999923706054688e+01
5.586999893188476562e+01
5.437999725341796875e+01
5.098999786376953125e+01
5.090999984741210938e+01
5.498999786376953125e+01
4.911000061035156250e+01
5.000000000000000000e+01
4.765999984741210938e+01
4.546999740600585938e+01
5.190999984741210938e+01
5.441999816894531250e+01
5.541999816894531250e+01
5.643000030517578125e+01
5.278999710083007812e+01
5.350999832153320312e+01
5.818999862670898438e+01
5.373999786376953125e+01
5.611999893188476562e+01
5.107999801635742188e+01
5.625999832153320312e+01
4.863999938964843750e+01
5.078999710083007812e+01
5.491999816894531250e+01
4.811999893188476562e+01
5.409999847412109375e+01
5.751999664306640625e+01
5.844999694824218750e+01
5.352999877929687500e+01
5.477999877929687500e+01
5.886999893188476562e+01
5.539999771118164062e+01
5.294999694824218750e+01
5.734000015258789062e+01
4.954999923706054688e+01
5.465999984741210938e+01
5.591999816894531250e+01
5.470999908447265625e+01
5.677000045776367188e+01
6.187999725341796875e+01
6.363999938964843750e+01
6.404999542236328125e+01
6.479999542236328125e+01
6.480999755859375000e+01
6.534999847412109375e+01
6.540999603271484375e+01
6.547999572753906250e+01
6.511999511718750000e+01
6.563999938964843750e+01
6.634999847412109375e+01
6.562999725341796875e+01
6.616999816894531250e+01
6.601999664306640625e+01
6.665000152587890625e+01
6.650000000000000000e+01
6.681999969482421875e+01
6.709999847412109375e+01
6.683999633789062500e+01
6.658999633789062500e+01
6.734999847412109375e+01
6.718000030517578125e+01
6.705999755859375000e+01
6.702999877929687500e+01
6.686000061035156250e+01
6.786000061035156250e+01
6.720999908447265625e+01
6.770999908447265625e+01
6.812999725341796875e+01
6.694999694824218750e+01
6.773999786376953125e+01
6.718000030517578125e+01
6.823999786376953125e+01
6.847000122070312500e+01
6.811999511718750000e+01
6.895999908447265625e+01
6.795999908447265625e+01
6.863999938964843750e+01
6.781999969482421875e+01
6.841999816894531250e+01
6.729000091552734375e+01
6.869999694824218750e+01
6.801999664306640625e+01
6.898999786376953125e+01
6.958000183105468750e+01
6.883999633789062500e+01
6.779999542236328125e+01
6.884999847412109375e+01
6.831999969482421875e+01
6.868999481201171875e+01
6.922999572753906250e+01
6.933000183105468750e+01
6.934999847412109375e+01
6.925000000000000000e+01
6.934999847412109375e+01
6.918999481201171875e+01
6.911000061035156250e+01
6.925000000000000000e+01
6.930999755859375000e+01
6.930999755859375000e+01
6.947000122070312500e+01
6.943000030517578125e+01
6.945999908447265625e+01
6.944999694824218750e+01
6.936000061035156250e+01
6.943000030517578125e+01
6.954999542236328125e+01
6.937999725341796875e+01
6.950999450683593750e+01
6.962999725341796875e+01
6.969999694824218750e+01
6.943999481201171875e+01
6.947000122070312500e+01
6.936000061035156250e+01
6.943000030517578125e+01
6.947999572753906250e+01
6.952999877929687500e+01
6.969999694824218750e+01
6.972000122070312500e+01
6.954999542236328125e+01
6.983000183105468750e+01
6.977999877929687500e+01
6.961000061035156250e+01
6.961999511718750000e+01
6.959999847412109375e+01
6.943000030517578125e+01
6.975000000000000000e+01
6.952999877929687500e+01
6.965999603271484375e+01
6.950000000000000000e+01
6.929000091552734375e+01
6.968000030517578125e+01
6.975000000000000000e+01
6.973999786376953125e+01
6.970999908447265625e+01
6.922999572753906250e+01
6.965999603271484375e+01
6.954000091552734375e+01
6.958000183105468750e+01
6.965999603271484375e+01
