1.265154743194580078e+01
1.197762060165405273e+01
1.202481007575988770e+01
1.200278162956237793e+01
1.206237125396728516e+01
1.205713057518005371e+01
1.199692010879516602e+01
1.202197027206420898e+01
1.203618216514587402e+01
1.206951665878295898e+01
1.202164959907531738e+01
1.202928829193115234e+01
1.203566503524780273e+01
1.202852964401245117e+01
1.201207685470581055e+01
1.202235627174377441e+01
1.202381706237792969e+01
1.201299595832824707e+01
1.202059412002563477e+01
1.205030488967895508e+01
1.202348065376281738e+01
1.204447698593139648e+01
1.207156515121459961e+01
1.206062197685241699e+01
1.205257749557495117e+01
1.210364341735839844e+01
1.198025584220886230e+01
1.200936198234558105e+01
1.203094148635864258e+01
1.202940702438354492e+01
1.202805161476135254e+01
1.202409958839416504e+01
1.200449800491333008e+01
1.203917217254638672e+01
1.202495026588439941e+01
1.207422637939453125e+01
1.205484938621520996e+01
1.202190351486206055e+01
1.201819825172424316e+01
1.200782322883605957e+01
1.201454305648803711e+01
1.208096385002136230e+01
1.205474591255187988e+01
1.203017807006835938e+01
1.200898838043212891e+01
1.200887584686279297e+01
1.201481485366821289e+01
1.205351424217224121e+01
1.205348443984985352e+01
1.202684664726257324e+01
1.200272941589355469e+01
1.200354576110839844e+01
1.201088809967041016e+01
1.209818243980407715e+01
1.201694130897521973e+01
1.206106781959533691e+01
1.206524372100830078e+01
1.209598302841186523e+01
1.200999259948730469e+01
1.203187561035156250e+01
1.200837945938110352e+01
1.201201677322387695e+01
1.204134011268615723e+01
1.206266808509826660e+01
1.207191514968872070e+01
1.203790712356567383e+01
1.206140804290771484e+01
1.205285644531250000e+01
1.202270698547363281e+01
1.203409767150878906e+01
1.199801182746887207e+01
1.202283072471618652e+01
1.200214529037475586e+01
1.204504203796386719e+01
1.209872627258300781e+01
1.204912543296813965e+01
1.200894331932067871e+01
1.200666546821594238e+01
1.207092881202697754e+01
1.203211021423339844e+01
1.202887487411499023e+01
1.200555825233459473e+01
1.207127785682678223e+01
1.207405138015747070e+01
1.202335882186889648e+01
1.212671971321105957e+01
1.203378605842590332e+01
1.205813932418823242e+01
1.205833506584167480e+01
1.205215692520141602e+01
1.207362675666809082e+01
1.201056385040283203e+01
1.202005791664123535e+01
1.200815510749816895e+01
1.199370217323303223e+01
1.202462840080261230e+01
1.204083824157714844e+01
1.206362462043762207e+01
1.207672929763793945e+01
1.201193690299987793e+01
1.207962846755981445e+01
1.207594108581542969e+01
1.205236983299255371e+01
1.202796030044555664e+01
1.202656698226928711e+01
1.201438593864440918e+01
1.203541135787963867e+01
1.203839612007141113e+01
1.202601027488708496e+01
1.201475048065185547e+01
1.203127574920654297e+01
1.200590372085571289e+01
1.207229518890380859e+01
1.203825354576110840e+01
1.207115674018859863e+01
1.204359102249145508e+01
1.207800102233886719e+01
1.204698276519775391e+01
1.206663370132446289e+01
1.207221174240112305e+01
1.205328083038330078e+01
1.199166131019592285e+01
1.203294491767883301e+01
1.202501606941223145e+01
1.209623384475708008e+01
1.204828500747680664e+01
1.202722692489624023e+01
1.201556158065795898e+01
1.204242253303527832e+01
1.202409267425537109e+01
1.202502799034118652e+01
1.204592370986938477e+01
1.201178193092346191e+01
1.201588845252990723e+01
1.203081893920898438e+01
1.204694271087646484e+01
1.205504488945007324e+01
1.203203248977661133e+01
1.204533457756042480e+01
1.202474164962768555e+01
1.200971198081970215e+01
1.203697276115417480e+01
1.201683139801025391e+01
1.202637553215026855e+01
1.203999805450439453e+01
1.202754020690917969e+01
1.204694962501525879e+01
1.202703475952148438e+01
1.207235717773437500e+01
1.202057766914367676e+01
1.205118203163146973e+01
1.204245710372924805e+01
1.203872776031494141e+01
1.202842879295349121e+01
1.201605200767517090e+01
1.202018785476684570e+01
1.211187076568603516e+01
1.202942872047424316e+01
1.200678634643554688e+01
1.202887964248657227e+01
1.202361464500427246e+01
1.207760262489318848e+01
1.199286651611328125e+01
1.199946308135986328e+01
1.202441763877868652e+01
1.204954910278320312e+01
1.201639032363891602e+01
1.203089332580566406e+01
1.206723594665527344e+01
1.203287911415100098e+01
1.200388693809509277e+01
1.208131146430969238e+01
1.203105115890502930e+01
1.203404998779296875e+01
1.200881814956665039e+01
1.205917191505432129e+01
1.204793286323547363e+01
1.203835368156433105e+01
1.203513431549072266e+01
1.206028056144714355e+01
1.208202123641967773e+01
1.208667063713073730e+01
1.203012561798095703e+01
1.204166364669799805e+01
1.203035426139831543e+01
1.204140877723693848e+01
1.203310799598693848e+01
1.206028652191162109e+01
1.204581713676452637e+01
1.208958196640014648e+01
1.200613164901733398e+01
1.208803057670593262e+01
1.203343963623046875e+01
1.200712156295776367e+01
1.204395771026611328e+01
1.201981759071350098e+01
1.201456809043884277e+01
1.201413345336914062e+01
1.199309754371643066e+01
1.200525498390197754e+01
