2.153908705711364746e+01
2.099428892135620117e+01
2.139174485206604004e+01
2.128237295150756836e+01
2.139827513694763184e+01
2.141790461540222168e+01
2.134723544120788574e+01
2.165278911590576172e+01
2.164028286933898926e+01
2.177860689163208008e+01
2.154725766181945801e+01
2.188035678863525391e+01
2.196691465377807617e+01
2.150928997993469238e+01
2.142721152305603027e+01
2.212316513061523438e+01
2.195619034767150879e+01
2.162422299385070801e+01
2.144946122169494629e+01
2.204779577255249023e+01
2.215211296081542969e+01
2.196285915374755859e+01
2.181685209274291992e+01
2.224278569221496582e+01
2.237538433074951172e+01
2.185509109497070312e+01
2.132394051551818848e+01
2.137426424026489258e+01
2.176727652549743652e+01
2.200075745582580566e+01
2.196027946472167969e+01
2.135810017585754395e+01
2.244963312149047852e+01
2.175225782394409180e+01
2.213859677314758301e+01
2.217504215240478516e+01
2.175312447547912598e+01
2.128560471534729004e+01
2.140641021728515625e+01
2.158322358131408691e+01
2.127718424797058105e+01
2.174438405036926270e+01
2.175925064086914062e+01
2.150444459915161133e+01
2.223731803894042969e+01
2.203885459899902344e+01
2.195369386672973633e+01
2.156274628639221191e+01
2.202021908760070801e+01
2.128637576103210449e+01
2.200423860549926758e+01
2.139202499389648438e+01
2.214872956275939941e+01
2.187638854980468750e+01
2.142008543014526367e+01
2.186289668083190918e+01
2.226334643363952637e+01
2.129023385047912598e+01
2.224657082557678223e+01
2.184840106964111328e+01
2.195921492576599121e+01
2.173145651817321777e+01
2.145257568359375000e+01
2.173198652267456055e+01
2.191542625427246094e+01
2.212210059165954590e+01
2.169960808753967285e+01
2.197660064697265625e+01
2.195226716995239258e+01
2.141743421554565430e+01
2.206976222991943359e+01
2.177683091163635254e+01
2.153744697570800781e+01
2.204950785636901855e+01
2.174634242057800293e+01
2.189836788177490234e+01
2.199832201004028320e+01
2.179764580726623535e+01
2.180329704284667969e+01
2.164582586288452148e+01
2.230758619308471680e+01
2.185853028297424316e+01
2.232263517379760742e+01
2.187894654273986816e+01
2.186992621421813965e+01
2.166754126548767090e+01
2.200621414184570312e+01
2.176210546493530273e+01
2.130104351043701172e+01
2.154844403266906738e+01
2.130068755149841309e+01
2.171839737892150879e+01
2.182666373252868652e+01
2.128896093368530273e+01
2.210619187355041504e+01
2.159601473808288574e+01
2.142727160453796387e+01
2.132515764236450195e+01
2.157003641128540039e+01
2.137268495559692383e+01
2.189135980606079102e+01
2.172098493576049805e+01
2.144955229759216309e+01
2.182006311416625977e+01
2.174665999412536621e+01
2.205748438835144043e+01
2.211187338829040527e+01
2.207544708251953125e+01
2.139343881607055664e+01
2.189000105857849121e+01
2.166504001617431641e+01
2.190913343429565430e+01
2.148810100555419922e+01
2.199814677238464355e+01
2.136795759201049805e+01
2.189611029624938965e+01
2.158892798423767090e+01
2.219372272491455078e+01
2.159949827194213867e+01
2.179461789131164551e+01
2.131132149696350098e+01
2.133966779708862305e+01
2.189708256721496582e+01
2.138666439056396484e+01
2.203118991851806641e+01
2.216004872322082520e+01
2.249129724502563477e+01
2.189906334877014160e+01
2.193990159034729004e+01
2.175989866256713867e+01
2.171221041679382324e+01
2.177103638648986816e+01
2.204608917236328125e+01
2.176279091835021973e+01
2.132527112960815430e+01
2.136224675178527832e+01
2.166569542884826660e+01
2.209204888343811035e+01
2.176818251609802246e+01
2.193425631523132324e+01
2.189477109909057617e+01
2.347821617126464844e+01
2.227903962135314941e+01
2.131211042404174805e+01
2.196455192565917969e+01
2.137521052360534668e+01
2.148277020454406738e+01
2.142687630653381348e+01
2.161016178131103516e+01
2.225232768058776855e+01
2.139364600181579590e+01
2.135035562515258789e+01
2.135496449470520020e+01
2.221760773658752441e+01
2.136031532287597656e+01
2.194544291496276855e+01
2.214282846450805664e+01
2.182009577751159668e+01
2.219132184982299805e+01
2.132906508445739746e+01
2.182010221481323242e+01
2.137371206283569336e+01
2.170728087425231934e+01
2.210713028907775879e+01
2.188071131706237793e+01
2.136392641067504883e+01
2.194296908378601074e+01
2.143200778961181641e+01
2.135779809951782227e+01
2.177031350135803223e+01
2.187646937370300293e+01
2.145272994041442871e+01
2.141638636589050293e+01
2.175378775596618652e+01
2.147308158874511719e+01
2.148757791519165039e+01
2.185105133056640625e+01
2.189563369750976562e+01
2.130626606941223145e+01
2.132873892784118652e+01
2.193508481979370117e+01
2.178579139709472656e+01
2.164837360382080078e+01
2.132547807693481445e+01
2.178425574302673340e+01
2.216303515434265137e+01
2.139434981346130371e+01
2.162138557434082031e+01
2.199503970146179199e+01
2.134419822692871094e+01
2.217145323753356934e+01
2.136744022369384766e+01
2.199741506576538086e+01
2.133772921562194824e+01
2.136211657524108887e+01
2.136408162117004395e+01
2.161030793190002441e+01
2.162705945968627930e+01
2.140329551696777344e+01
2.132097172737121582e+01
