2.366332959442138506e+00
2.282440942687988361e+00
2.162706838645934937e+00
2.078293393325805649e+00
2.032731917724609261e+00
1.984601758842468255e+00
1.980586191482544001e+00
1.917952674484252995e+00
1.899056583595275960e+00
1.841722074851989799e+00
1.850272319793701215e+00
1.866092956504821876e+00
1.874291900863647387e+00
1.847933853759765599e+00
1.820736195945739766e+00
1.837448218765258767e+00
1.781970181617736904e+00
1.793900677261352605e+00
1.755937431640625102e+00
1.768551143951416105e+00
1.800247596168518038e+00
1.770251655082702547e+00
1.766644329528808566e+00
1.749209570999145535e+00
1.757982833137512246e+00
1.770287503013610930e+00
1.767871537170410123e+00
1.717670908889770587e+00
1.735605153274536239e+00
1.690814658546447857e+00
1.716120779800414997e+00
1.711374317893981978e+00
1.689538796997070325e+00
1.662085011215209907e+00
1.659193134765625022e+00
1.661497108306884796e+00
1.671226920547485451e+00
1.613242647628784221e+00
1.593826270751953045e+00
1.643016756973266546e+00
1.664861004943847700e+00
1.627095461387634279e+00
1.578418027687072733e+00
1.631397464714050338e+00
1.575295329322814908e+00
1.621634109191894435e+00
1.591448717117309508e+00
1.560602346267700113e+00
1.558466457538604688e+00
1.547816081466674820e+00
1.570025979461669996e+00
1.572611943969726589e+00
1.572741157264709422e+00
1.588031625938415514e+00
1.564216109199523919e+00
1.550498770713806262e+00
1.527811790618896381e+00
1.596082299003600991e+00
1.553865006523132308e+00
1.586037613792419476e+00
1.569892274475097604e+00
1.548399850616455131e+00
1.509543751392364408e+00
1.553634758110046477e+00
1.500502316131591796e+00
1.521387561073303196e+00
1.574038345413208084e+00
1.606601069030761719e+00
1.498815657043456984e+00
1.512040810241699118e+00
1.521595857200622515e+00
1.538109575424194242e+00
1.482378536376953049e+00
1.505440241775512611e+00
1.552670290699005085e+00
1.507594327468872120e+00
1.517391392364501934e+00
1.526148873386383054e+00
1.544006084289550884e+00
1.488484526138305730e+00
1.531157040939331138e+00
1.443821329689025879e+00
1.502029285278320359e+00
1.516623010711669828e+00
1.479793842182159480e+00
1.525102851791381831e+00
1.521194073257446266e+00
1.517346430435180693e+00
1.465453903770446820e+00
1.489140752487182695e+00
1.455898582229614213e+00
1.503568664016723622e+00
1.491537322120666476e+00
1.531081862869262622e+00
1.465489912872314449e+00
1.459107700271606411e+00
1.462763817214965734e+00
1.532257704658508191e+00
1.533086047859191892e+00
1.437641292037963758e+00
1.137075815734863271e+00
1.115472580585479712e+00
1.110994387502670211e+00
1.101634704627990624e+00
1.073678449859619244e+00
1.055625048007965194e+00
1.104828654918670550e+00
1.082827334690094068e+00
1.095822802505493243e+00
1.062224688110351645e+00
1.059780917205810580e+00
1.073720933723449678e+00
1.052524283180236830e+00
1.054788483066558813e+00
1.066948029975891110e+00
1.052844971218109160e+00
1.029840281286239723e+00
1.043243038215637242e+00
1.039956496429443433e+00
1.054912229156494075e+00
1.045738751602172778e+00
1.027130382728576707e+00
1.032885263633728012e+00
1.046753751697540258e+00
1.056681891059875422e+00
1.047774738311767484e+00
1.007440132598876881e+00
1.035404962368011494e+00
1.013379102325439485e+00
1.015194046630859326e+00
1.004923272438049242e+00
1.029494289703369203e+00
9.984245445060729862e-01
9.865953608322143298e-01
1.034925583915710545e+00
9.940570627212524935e-01
1.023711855621337818e+00
1.036749581985473734e+00
1.026094439430236926e+00
9.801738404273986349e-01
1.035557425994872993e+00
9.980341680526733095e-01
9.722976753616332513e-01
1.014956930007934632e+00
9.814707395935058365e-01
1.033930425071716286e+00
9.836577790832519153e-01
9.918401949310302612e-01
9.946646817779540850e-01
1.018712676506042580e+00
9.772491481971741223e-01
9.930361587524414446e-01
9.576105410957336250e-01
9.854198122978210517e-01
9.667729581069945954e-01
9.635779902839660682e-01
9.767530509185791132e-01
9.649576107025146232e-01
9.705956036376952589e-01
9.612288449096679788e-01
9.892827263641357227e-01
1.000338724117278977e+00
9.345502050781250292e-01
9.615498141479492666e-01
9.666921646118163958e-01
9.368678237533569764e-01
9.526212632179260620e-01
9.332371022033691954e-01
9.660488673973083307e-01
9.362854874801636029e-01
9.819043387508392673e-01
9.519631043624877664e-01
9.421165406894683736e-01
9.572013856887817695e-01
9.533470716667175049e-01
9.760425119781493963e-01
1.000919011955261340e+00
9.748625002288818786e-01
9.626409644699096546e-01
9.527523320198059142e-01
9.583041421890259315e-01
9.652541833496093293e-01
9.536340817260742231e-01
9.750521387100219428e-01
9.702384215641022269e-01
9.587175939559936522e-01
9.835653983879089068e-01
9.415782538604736684e-01
9.589064504623413532e-01
9.714170135498046976e-01
9.495689061355591098e-01
9.575086383056640171e-01
9.668468456649780274e-01
9.190648893928528018e-01
9.400818278884888191e-01
9.297852641487122094e-01
9.750286925697326801e-01
9.628677575683594059e-01
9.471953614616394068e-01
9.713838120269775445e-01
