2.154116654396057129e+01
2.150334382057189941e+01
2.130472588539123535e+01
2.144485807418823242e+01
2.169720458984375000e+01
2.148674178123474121e+01
2.130495548248291016e+01
2.152386474609375000e+01
2.176026439666748047e+01
2.152907729148864746e+01
2.197432827949523926e+01
2.129660654067993164e+01
2.182635951042175293e+01
2.154584646224975586e+01
2.171480298042297363e+01
2.193168377876281738e+01
2.191380691528320312e+01
2.153974294662475586e+01
2.145058774948120117e+01
2.202562069892883301e+01
2.157394218444824219e+01
2.213570094108581543e+01
2.164039707183837891e+01
2.172941470146179199e+01
2.214590406417846680e+01
2.170958161354064941e+01
2.165212678909301758e+01
2.174239683151245117e+01
2.183639526367187500e+01
2.178833889961242676e+01
2.185491609573364258e+01
2.142382693290710449e+01
2.182000184059143066e+01
2.177704858779907227e+01
2.187031817436218262e+01
2.204482793807983398e+01
2.156082010269165039e+01
2.179529285430908203e+01
2.140777659416198730e+01
2.168035745620727539e+01
2.185311365127563477e+01
2.181297111511230469e+01
2.152850914001464844e+01
2.158899497985839844e+01
2.178050851821899414e+01
2.156130385398864746e+01
2.190990662574768066e+01
2.183785057067871094e+01
2.188934087753295898e+01
2.141269993782043457e+01
2.174898076057434082e+01
2.139552116394042969e+01
2.198335003852844238e+01
2.229079627990722656e+01
2.132986998558044434e+01
2.198681640625000000e+01
2.200120544433593750e+01
2.176399707794189453e+01
2.158938741683959961e+01
2.169843888282775879e+01
2.204615283012390137e+01
2.139870667457580566e+01
2.150539135932922363e+01
2.142749881744384766e+01
2.136258244514465332e+01
2.216518092155456543e+01
2.155420398712158203e+01
2.168041992187500000e+01
2.201878547668457031e+01
2.226240396499633789e+01
2.191758012771606445e+01
2.167176914215087891e+01
2.138820505142211914e+01
2.175051331520080566e+01
2.166541099548339844e+01
2.183182382583618164e+01
2.162115836143493652e+01
2.155059981346130371e+01
2.191800928115844727e+01
2.162035489082336426e+01
2.197661590576171875e+01
2.162090706825256348e+01
2.203838539123535156e+01
2.211071801185607910e+01
2.199185967445373535e+01
2.179324054718017578e+01
2.168298411369323730e+01
2.156270074844360352e+01
2.167855811119079590e+01
2.158554553985595703e+01
2.163300395011901855e+01
2.169721651077270508e+01
2.171297860145568848e+01
2.150189661979675293e+01
2.180715894699096680e+01
2.156906223297119141e+01
2.143303871154785156e+01
2.179290199279785156e+01
2.179540514945983887e+01
2.154636001586914062e+01
2.160614681243896484e+01
2.182997202873229980e+01
2.148102450370788574e+01
2.183562278747558594e+01
2.180093121528625488e+01
2.214472627639770508e+01
2.183435058593750000e+01
2.178579235076904297e+01
2.170041298866271973e+01
2.159860968589782715e+01
2.177047967910766602e+01
2.192856192588806152e+01
2.159003782272338867e+01
2.159213280677795410e+01
2.169699096679687500e+01
2.177503752708435059e+01
2.182301378250122070e+01
2.139623403549194336e+01
2.146597623825073242e+01
2.194124889373779297e+01
2.175003504753112793e+01
2.152961611747741699e+01
2.187546443939208984e+01
2.210522532463073730e+01
2.195932602882385254e+01
2.169794464111328125e+01
2.208078932762145996e+01
2.182950472831726074e+01
2.182476973533630371e+01
2.157749748229980469e+01
2.182802987098693848e+01
2.163376760482788086e+01
2.180939340591430664e+01
2.205107665061950684e+01
2.165096783638000488e+01
2.152787113189697266e+01
2.148364019393920898e+01
2.185415124893188477e+01
2.174552655220031738e+01
2.176355195045471191e+01
2.171334242820739746e+01
2.318670940399169922e+01
2.191768527030944824e+01
2.162956833839416504e+01
2.185431075096130371e+01
2.188413691520690918e+01
2.177652168273925781e+01
2.171731138229370117e+01
2.158850693702697754e+01
2.226970005035400391e+01
2.175285696983337402e+01
2.160534143447875977e+01
2.155441713333129883e+01
2.195396256446838379e+01
2.152006125450134277e+01
2.170640516281127930e+01
2.199381732940673828e+01
2.173206377029418945e+01
2.168037891387939453e+01
2.172888588905334473e+01
2.178115820884704590e+01
2.167467308044433594e+01
2.161809062957763672e+01
2.192718076705932617e+01
2.176434254646301270e+01
2.189189577102661133e+01
2.159869790077209473e+01
2.138570141792297363e+01
2.188314914703369141e+01
2.175611972808837891e+01
2.167111325263977051e+01
2.146909070014953613e+01
2.149717044830322266e+01
2.172506809234619141e+01
2.212082386016845703e+01
2.188934683799743652e+01
2.171528339385986328e+01
2.174239993095397949e+01
2.153446531295776367e+01
2.144906091690063477e+01
2.153903555870056152e+01
2.186232542991638184e+01
2.149941253662109375e+01
2.176602029800415039e+01
2.164313936233520508e+01
2.193502902984619141e+01
2.189326381683349609e+01
2.160788297653198242e+01
2.163329911231994629e+01
2.237103557586669922e+01
2.192954564094543457e+01
2.155212616920471191e+01
2.171369552612304688e+01
2.164969515800476074e+01
2.148932123184204102e+01
2.192898774147033691e+01
2.203115749359130859e+01
2.165839743614196777e+01
2.151406836509704590e+01
2.164672350883483887e+01
