1.163999938964843750e+01
1.732999992370605469e+01
2.359999847412109375e+01
2.740999984741210938e+01
3.055999946594238281e+01
3.206999969482421875e+01
3.332999801635742188e+01
3.227999877929687500e+01
3.629999923706054688e+01
3.275000000000000000e+01
3.731999969482421875e+01
3.618999862670898438e+01
3.914999771118164062e+01
3.879000091552734375e+01
4.177000045776367188e+01
4.223999786376953125e+01
4.111999893188476562e+01
4.165999984741210938e+01
4.586999893188476562e+01
4.721999740600585938e+01
4.600000000000000000e+01
4.815999984741210938e+01
4.534000015258789062e+01
4.443999862670898438e+01
5.055999755859375000e+01
4.809999847412109375e+01
5.016999816894531250e+01
5.055999755859375000e+01
4.843999862670898438e+01
5.004999923706054688e+01
5.143999862670898438e+01
5.289999771118164062e+01
5.231999969482421875e+01
4.761000061035156250e+01
5.679999923706054688e+01
5.350000000000000000e+01
5.634999847412109375e+01
5.527000045776367188e+01
4.872999954223632812e+01
5.856999969482421875e+01
5.555999755859375000e+01
5.985999679565429688e+01
5.290999984741210938e+01
5.987999725341796875e+01
5.450000000000000000e+01
5.922999954223632812e+01
5.689999771118164062e+01
6.057999801635742188e+01
6.050999832153320312e+01
6.052999877929687500e+01
6.184999847412109375e+01
5.859999847412109375e+01
5.757999801635742188e+01
5.555999755859375000e+01
6.026999664306640625e+01
6.316999816894531250e+01
6.319999694824218750e+01
5.871999740600585938e+01
5.810999679565429688e+01
6.523999786376953125e+01
5.580999755859375000e+01
6.172999954223632812e+01
6.109999847412109375e+01
6.271999740600585938e+01
6.187999725341796875e+01
6.032999801635742188e+01
6.369999694824218750e+01
6.440000152587890625e+01
6.523999786376953125e+01
6.552999877929687500e+01
6.200999832153320312e+01
6.286999893188476562e+01
6.064999771118164062e+01
6.472999572753906250e+01
6.559999847412109375e+01
6.126999664306640625e+01
6.344999694824218750e+01
6.706999969482421875e+01
6.451999664306640625e+01
6.338999938964843750e+01
6.440999603271484375e+01
6.295999908447265625e+01
5.975000000000000000e+01
6.427999877929687500e+01
6.465999603271484375e+01
5.998999786376953125e+01
6.905999755859375000e+01
6.716999816894531250e+01
6.436999511718750000e+01
6.752999877929687500e+01
6.854999542236328125e+01
6.601000213623046875e+01
6.469999694824218750e+01
6.155999755859375000e+01
6.680999755859375000e+01
6.447000122070312500e+01
6.110999679565429688e+01
6.618000030517578125e+01
6.601999664306640625e+01
6.105999755859375000e+01
7.361000061035156250e+01
7.413999938964843750e+01
7.443000030517578125e+01
7.445999908447265625e+01
7.461999511718750000e+01
7.504000091552734375e+01
7.533000183105468750e+01
7.483000183105468750e+01
7.581999969482421875e+01
7.576999664306640625e+01
7.588999938964843750e+01
7.622000122070312500e+01
7.581999969482421875e+01
7.611999511718750000e+01
7.601999664306640625e+01
7.636000061035156250e+01
7.618000030517578125e+01
7.602999877929687500e+01
7.625999450683593750e+01
7.641999816894531250e+01
7.620999908447265625e+01
7.647000122070312500e+01
7.663999938964843750e+01
7.661999511718750000e+01
7.680999755859375000e+01
7.668000030517578125e+01
7.622000122070312500e+01
7.687999725341796875e+01
7.658000183105468750e+01
7.683000183105468750e+01
7.640000152587890625e+01
7.647000122070312500e+01
7.615000152587890625e+01
7.629000091552734375e+01
7.683999633789062500e+01
7.669999694824218750e+01
7.700999450683593750e+01
7.700999450683593750e+01
7.679999542236328125e+01
7.636999511718750000e+01
7.702999877929687500e+01
7.750000000000000000e+01
7.695999908447265625e+01
7.698999786376953125e+01
7.725000000000000000e+01
7.720999908447265625e+01
7.712999725341796875e+01
7.734999847412109375e+01
7.770999908447265625e+01
7.711000061035156250e+01
7.763999938964843750e+01
7.768999481201171875e+01
7.763999938964843750e+01
7.759999847412109375e+01
7.747999572753906250e+01
7.758000183105468750e+01
7.761999511718750000e+01
7.762999725341796875e+01
7.756999969482421875e+01
7.761000061035156250e+01
7.768000030517578125e+01
7.766999816894531250e+01
7.765000152587890625e+01
7.779000091552734375e+01
7.755999755859375000e+01
7.761000061035156250e+01
7.770999908447265625e+01
7.776999664306640625e+01
7.784999847412109375e+01
7.786000061035156250e+01
7.770999908447265625e+01
7.781999969482421875e+01
7.775999450683593750e+01
7.770999908447265625e+01
7.769999694824218750e+01
7.768999481201171875e+01
7.761999511718750000e+01
7.765999603271484375e+01
7.754999542236328125e+01
7.775999450683593750e+01
7.758999633789062500e+01
7.766999816894531250e+01
7.765999603271484375e+01
7.763999938964843750e+01
7.775999450683593750e+01
7.770999908447265625e+01
7.768999481201171875e+01
7.770999908447265625e+01
7.756999969482421875e+01
7.755999755859375000e+01
7.766999816894531250e+01
7.772000122070312500e+01
7.780999755859375000e+01
7.775999450683593750e+01
7.765000152587890625e+01
7.783999633789062500e+01
7.755999755859375000e+01
7.793999481201171875e+01
7.798999786376953125e+01
7.773999786376953125e+01
