4.023237228393554688e-01
3.959896564483642578e-01
3.916141986846923828e-01
3.881025314331054688e-01
3.945269584655761719e-01
3.862354755401611328e-01
3.932085037231445312e-01
3.869698047637939453e-01
3.888456821441650391e-01
3.896267414093017578e-01
3.819594383239746094e-01
3.967540264129638672e-01
3.878967761993408203e-01
3.880710601806640625e-01
3.945250511169433594e-01
3.840651512145996094e-01
3.907625675201416016e-01
3.862962722778320312e-01
3.881063461303710938e-01
3.908910751342773438e-01
3.829050064086914062e-01
3.960824012756347656e-01
3.864500522613525391e-01
3.843042850494384766e-01
3.910372257232666016e-01
3.851437568664550781e-01
3.928887844085693359e-01
3.855099678039550781e-01
3.874640464782714844e-01
3.920390605926513672e-01
3.839795589447021484e-01
3.901009559631347656e-01
3.899881839752197266e-01
3.883237838745117188e-01
3.914558887481689453e-01
3.857100009918212891e-01
3.922033309936523438e-01
3.853130340576171875e-01
3.887112140655517578e-01
3.869318962097167969e-01
3.823349475860595703e-01
3.915839195251464844e-01
3.892152309417724609e-01
3.886704444885253906e-01
3.878269195556640625e-01
3.841841220855712891e-01
3.930318355560302734e-01
3.859453201293945312e-01
3.906443119049072266e-01
3.883359432220458984e-01
3.828737735748291016e-01
3.892486095428466797e-01
3.845984935760498047e-01
3.888108730316162109e-01
3.897044658660888672e-01
3.871109485626220703e-01
3.926277160644531250e-01
3.863277435302734375e-01
3.878710269927978516e-01
3.900330066680908203e-01
3.891880512237548828e-01
3.894264698028564453e-01
3.842227458953857422e-01
3.869187831878662109e-01
3.941462039947509766e-01
3.877694606781005859e-01
3.909804821014404297e-01
3.838810920715332031e-01
3.846199512481689453e-01
3.904831409454345703e-01
3.850278854370117188e-01
3.867390155792236328e-01
3.862123489379882812e-01
3.880531787872314453e-01
3.904139995574951172e-01
3.818223476409912109e-01
3.819336891174316406e-01
3.857498168945312500e-01
3.876473903656005859e-01
3.875987529754638672e-01
3.802392482757568359e-01
3.863856792449951172e-01
3.836262226104736328e-01
3.892841339111328125e-01
3.909878730773925781e-01
3.841309547424316406e-01
3.846521377563476562e-01
3.916120529174804688e-01
3.875417709350585938e-01
3.915901184082031250e-01
3.824641704559326172e-01
3.873696327209472656e-01
3.856430053710937500e-01
3.866138458251953125e-01
3.884449005126953125e-01
3.818790912628173828e-01
3.896057605743408203e-01
3.844954967498779297e-01
3.840770721435546875e-01
3.900988101959228516e-01
3.835494518280029297e-01
3.844692707061767578e-01
3.893215656280517578e-01
3.845546245574951172e-01
3.900809288024902344e-01
3.826639652252197266e-01
3.854770660400390625e-01
3.863127231597900391e-01
3.857023715972900391e-01
3.908302783966064453e-01
3.844690322875976562e-01
3.850662708282470703e-01
3.883490562438964844e-01
3.884794712066650391e-01
3.933618068695068359e-01
3.838534355163574219e-01
3.868401050567626953e-01
3.913247585296630859e-01
3.826212882995605469e-01
3.868288993835449219e-01
3.837378025054931641e-01
3.823466300964355469e-01
3.905675411224365234e-01
3.858423233032226562e-01
3.877093791961669922e-01
3.836791515350341797e-01
3.875365257263183594e-01
3.882184028625488281e-01
3.822548389434814453e-01
3.876528739929199219e-01
3.863966464996337891e-01
3.829171657562255859e-01
3.909633159637451172e-01
3.857166767120361328e-01
3.845889568328857422e-01
3.903956413269042969e-01
3.839230537414550781e-01
3.842518329620361328e-01
3.818507194519042969e-01
3.922193050384521484e-01
3.878872394561767578e-01
6.147034168243408203e-01
3.875756263732910156e-01
3.815076351165771484e-01
3.821268081665039062e-01
3.884756565093994141e-01
3.836386203765869141e-01
3.880965709686279297e-01
3.838417530059814453e-01
3.868067264556884766e-01
3.923411369323730469e-01
3.850331306457519531e-01
3.922808170318603516e-01
3.814337253570556641e-01
3.869431018829345703e-01
3.934648036956787109e-01
3.827152252197265625e-01
3.894205093383789062e-01
3.865709304809570312e-01
3.843643665313720703e-01
3.924736976623535156e-01
3.855872154235839844e-01
3.896768093109130859e-01
3.831582069396972656e-01
3.826916217803955078e-01
3.916118144989013672e-01
3.891227245330810547e-01
3.878760337829589844e-01
3.847095966339111328e-01
3.899703025817871094e-01
3.899965286254882812e-01
3.845784664154052734e-01
3.845927715301513672e-01
3.810198307037353516e-01
3.837862014770507812e-01
3.883433341979980469e-01
3.842132091522216797e-01
3.906149864196777344e-01
3.858337402343750000e-01
3.875129222869873047e-01
3.892211914062500000e-01
3.855295181274414062e-01
3.873624801635742188e-01
3.837807178497314453e-01
3.876245021820068359e-01
3.905229568481445312e-01
3.839673995971679688e-01
3.873012065887451172e-01
3.805496692657470703e-01
3.864500522613525391e-01
3.924777507781982422e-01
3.828670978546142578e-01
3.903207778930664062e-01
3.850085735321044922e-01
3.867516517639160156e-01
3.914620876312255859e-01
3.839912414550781250e-01
3.842117786407470703e-01
3.882412910461425781e-01
3.849284648895263672e-01
