1.067999935150146484e+01
1.452999973297119141e+01
1.638999938964843750e+01
1.995999908447265625e+01
2.126999855041503906e+01
2.332999992370605469e+01
2.337999916076660156e+01
2.371999931335449219e+01
2.748999977111816406e+01
3.042000007629394531e+01
2.710999870300292969e+01
2.642000007629394531e+01
3.031999969482421875e+01
3.493000030517578125e+01
3.341999816894531250e+01
3.479000091552734375e+01
3.561000061035156250e+01
3.732999801635742188e+01
3.743000030517578125e+01
3.575000000000000000e+01
4.050999832153320312e+01
4.127000045776367188e+01
3.645999908447265625e+01
3.952000045776367188e+01
4.423999786376953125e+01
4.321999740600585938e+01
4.363999938964843750e+01
4.561999893188476562e+01
4.604999923706054688e+01
4.709999847412109375e+01
4.706999969482421875e+01
4.341999816894531250e+01
4.672999954223632812e+01
4.598999786376953125e+01
4.370000076293945312e+01
4.943000030517578125e+01
5.028999710083007812e+01
4.703999710083007812e+01
5.044999694824218750e+01
5.098999786376953125e+01
4.887999725341796875e+01
4.715999984741210938e+01
4.898999786376953125e+01
5.222999954223632812e+01
5.102000045776367188e+01
5.252000045776367188e+01
4.902000045776367188e+01
4.882999801635742188e+01
5.284999847412109375e+01
5.314999771118164062e+01
5.491999816894531250e+01
5.189999771118164062e+01
5.434999847412109375e+01
5.218999862670898438e+01
4.925000000000000000e+01
5.412999725341796875e+01
4.914999771118164062e+01
5.198999786376953125e+01
5.302000045776367188e+01
5.155999755859375000e+01
5.534000015258789062e+01
4.759999847412109375e+01
5.409999847412109375e+01
5.555999755859375000e+01
5.114999771118164062e+01
5.490999984741210938e+01
5.632999801635742188e+01
4.937999725341796875e+01
5.266999816894531250e+01
4.184000015258789062e+01
4.486000061035156250e+01
5.309999847412109375e+01
5.368000030517578125e+01
5.077000045776367188e+01
5.078999710083007812e+01
5.290999984741210938e+01
5.613999938964843750e+01
5.831999969482421875e+01
5.437999725341796875e+01
5.584000015258789062e+01
4.466999816894531250e+01
5.047999954223632812e+01
4.359999847412109375e+01
5.239999771118164062e+01
5.429999923706054688e+01
5.127999877929687500e+01
5.093999862670898438e+01
5.546999740600585938e+01
5.623999786376953125e+01
5.652000045776367188e+01
5.603999710083007812e+01
5.627000045776367188e+01
5.554999923706054688e+01
5.434999847412109375e+01
5.760999679565429688e+01
4.743000030517578125e+01
5.575999832153320312e+01
5.405999755859375000e+01
5.807999801635742188e+01
5.902999877929687500e+01
6.243999862670898438e+01
6.339999771118164062e+01
6.440999603271484375e+01
6.479999542236328125e+01
6.486999511718750000e+01
6.529999542236328125e+01
6.541999816894531250e+01
6.512999725341796875e+01
6.458999633789062500e+01
6.561999511718750000e+01
6.652999877929687500e+01
6.570999908447265625e+01
6.572000122070312500e+01
6.626999664306640625e+01
6.661000061035156250e+01
6.643000030517578125e+01
6.669999694824218750e+01
6.709999847412109375e+01
6.662999725341796875e+01
6.719999694824218750e+01
6.733000183105468750e+01
6.672999572753906250e+01
6.713999938964843750e+01
6.729999542236328125e+01
6.676999664306640625e+01
6.755999755859375000e+01
6.686999511718750000e+01
6.813999938964843750e+01
6.812999725341796875e+01
6.704000091552734375e+01
6.762999725341796875e+01
6.806999969482421875e+01
6.844999694824218750e+01
6.827999877929687500e+01
6.819999694824218750e+01
6.905999755859375000e+01
6.772000122070312500e+01
6.837999725341796875e+01
6.800999450683593750e+01
6.836999511718750000e+01
6.806999969482421875e+01
6.850000000000000000e+01
6.818999481201171875e+01
6.886000061035156250e+01
6.958999633789062500e+01
6.940999603271484375e+01
6.834999847412109375e+01
6.890000152587890625e+01
6.850000000000000000e+01
6.911999511718750000e+01
6.926999664306640625e+01
6.929999542236328125e+01
6.940000152587890625e+01
6.919999694824218750e+01
6.930999755859375000e+01
6.930999755859375000e+01
6.915999603271484375e+01
6.923999786376953125e+01
6.943000030517578125e+01
6.933000183105468750e+01
6.945999908447265625e+01
6.943000030517578125e+01
6.941999816894531250e+01
6.937999725341796875e+01
6.943999481201171875e+01
6.938999938964843750e+01
6.952999877929687500e+01
6.927999877929687500e+01
6.938999938964843750e+01
6.955999755859375000e+01
6.951999664306640625e+01
6.945999908447265625e+01
6.948999786376953125e+01
6.930999755859375000e+01
6.936000061035156250e+01
6.944999694824218750e+01
6.958999633789062500e+01
6.968999481201171875e+01
6.969999694824218750e+01
6.956999969482421875e+01
6.984999847412109375e+01
6.972999572753906250e+01
6.961999511718750000e+01
6.955999755859375000e+01
6.968999481201171875e+01
6.952999877929687500e+01
6.986000061035156250e+01
6.958999633789062500e+01
6.963999938964843750e+01
6.947000122070312500e+01
6.931999969482421875e+01
6.965999603271484375e+01
6.973999786376953125e+01
6.969999694824218750e+01
6.961000061035156250e+01
6.925999450683593750e+01
6.952999877929687500e+01
6.959999847412109375e+01
6.961000061035156250e+01
6.965999603271484375e+01
