1.306552386283874512e+01
1.238817310333251953e+01
1.242704391479492188e+01
1.244862079620361328e+01
1.248850226402282715e+01
1.263161826133728027e+01
1.263793992996215820e+01
1.256185555458068848e+01
1.256894946098327637e+01
1.257434225082397461e+01
1.258017945289611816e+01
1.254962348937988281e+01
1.253369593620300293e+01
1.253941249847412109e+01
1.253044605255126953e+01
1.249487471580505371e+01
1.254682230949401855e+01
1.254899811744689941e+01
1.256525039672851562e+01
1.254960799217224121e+01
1.265670585632324219e+01
1.259798645973205566e+01
1.262582683563232422e+01
1.266773390769958496e+01
1.258441638946533203e+01
1.261054301261901855e+01
1.255421233177185059e+01
1.269241833686828613e+01
1.262107157707214355e+01
1.259481620788574219e+01
1.253968191146850586e+01
1.255903768539428711e+01
1.257855868339538574e+01
1.256379532814025879e+01
1.253123331069946289e+01
1.252492237091064453e+01
1.263463854789733887e+01
1.256542992591857910e+01
1.260183930397033691e+01
1.265741968154907227e+01
1.255078339576721191e+01
1.254170560836791992e+01
1.258241367340087891e+01
1.271785688400268555e+01
1.254647445678710938e+01
1.262074804306030273e+01
1.260875082015991211e+01
1.256720662117004395e+01
1.250365138053894043e+01
1.255020642280578613e+01
1.252461647987365723e+01
1.256548905372619629e+01
1.254604864120483398e+01
1.254274511337280273e+01
1.253300070762634277e+01
1.263935804367065430e+01
1.261835765838623047e+01
1.261350011825561523e+01
1.252803111076354980e+01
1.264948177337646484e+01
1.255051732063293457e+01
1.252879714965820312e+01
1.247721886634826660e+01
1.255923104286193848e+01
1.262426328659057617e+01
1.254366803169250488e+01
1.270833182334899902e+01
1.248190164566040039e+01
1.251261305809020996e+01
1.251964998245239258e+01
1.248514485359191895e+01
1.245066881179809570e+01
1.256484699249267578e+01
1.250526809692382812e+01
1.256739902496337891e+01
1.252539610862731934e+01
1.265914011001586914e+01
1.260633397102355957e+01
1.257719755172729492e+01
1.258413314819335938e+01
1.259840917587280273e+01
1.257264733314514160e+01
1.263004446029663086e+01
1.254404473304748535e+01
1.264896273612976074e+01
1.254273867607116699e+01
1.254824018478393555e+01
1.248382353782653809e+01
1.255549097061157227e+01
1.253748869895935059e+01
1.254570412635803223e+01
1.252147698402404785e+01
1.253711652755737305e+01
1.251142215728759766e+01
1.263122034072875977e+01
1.263550543785095215e+01
1.260492920875549316e+01
1.260957574844360352e+01
1.258267903327941895e+01
1.256615829467773438e+01
1.256791496276855469e+01
1.255953836441040039e+01
1.251988673210144043e+01
1.260412883758544922e+01
1.250993466377258301e+01
1.256703662872314453e+01
1.259504842758178711e+01
1.252914047241210938e+01
1.257511830329895020e+01
1.252165770530700684e+01
1.253574371337890625e+01
1.258530902862548828e+01
1.251015949249267578e+01
1.256363320350646973e+01
1.258956408500671387e+01
1.261571192741394043e+01
1.255207538604736328e+01
1.260422348976135254e+01
1.259682965278625488e+01
1.253751373291015625e+01
1.254044032096862793e+01
1.257532930374145508e+01
1.260603642463684082e+01
1.253082656860351562e+01
1.253293776512145996e+01
1.254870271682739258e+01
1.251400303840637207e+01
1.255942463874816895e+01
1.250209522247314453e+01
1.253684473037719727e+01
1.259810042381286621e+01
1.253042960166931152e+01
1.256234002113342285e+01
1.255914258956909180e+01
1.256075906753540039e+01
1.249611091613769531e+01
1.262945723533630371e+01
1.260613203048706055e+01
1.249406886100769043e+01
1.252551460266113281e+01
1.246905422210693359e+01
1.246564459800720215e+01
1.254558897018432617e+01
1.253190922737121582e+01
1.251669120788574219e+01
1.255231618881225586e+01
1.255064344406127930e+01
1.252019453048706055e+01
1.256867814064025879e+01
1.256007051467895508e+01
1.255453824996948242e+01
1.261588549613952637e+01
1.261965155601501465e+01
1.251667666435241699e+01
1.255782246589660645e+01
1.257384610176086426e+01
1.258990311622619629e+01
1.256392860412597656e+01
1.248825287818908691e+01
1.253765106201171875e+01
1.254841542243957520e+01
1.262249875068664551e+01
1.250440311431884766e+01
1.257753849029541016e+01
1.255480384826660156e+01
1.265165853500366211e+01
1.257171344757080078e+01
1.257872176170349121e+01
1.252473139762878418e+01
1.250226497650146484e+01
1.247938013076782227e+01
1.251313638687133789e+01
1.242407989501953125e+01
1.240336585044860840e+01
1.245983314514160156e+01
1.243445420265197754e+01
1.237084078788757324e+01
1.240088462829589844e+01
1.248701238632202148e+01
1.244182133674621582e+01
1.242984223365783691e+01
1.241703701019287109e+01
1.237275910377502441e+01
1.235446786880493164e+01
1.243429970741271973e+01
1.240803742408752441e+01
1.239568805694580078e+01
1.245254087448120117e+01
1.239944410324096680e+01
1.257914733886718750e+01
1.237447142601013184e+01
1.244446730613708496e+01
1.239558482170104980e+01
1.245797109603881836e+01
1.235241436958312988e+01
1.237420606613159180e+01
1.238363909721374512e+01
1.234438562393188477e+01
1.240918493270874023e+01
1.238136219978332520e+01
