2.272214293479919434e+01
2.212703132629394531e+01
2.232039356231689453e+01
2.243370056152343750e+01
2.235150885581970215e+01
2.251615047454833984e+01
2.223915362358093262e+01
2.244362521171569824e+01
2.281329154968261719e+01
2.244464015960693359e+01
2.248871326446533203e+01
2.237722492218017578e+01
2.221049213409423828e+01
2.231179976463317871e+01
2.260685300827026367e+01
2.260998916625976562e+01
2.242529964447021484e+01
2.254863476753234863e+01
2.267428350448608398e+01
2.236856627464294434e+01
2.260931205749511719e+01
2.225333952903747559e+01
2.229178285598754883e+01
2.225054883956909180e+01
2.226891469955444336e+01
2.267208170890808105e+01
2.261419892311096191e+01
2.259669709205627441e+01
2.235744476318359375e+01
2.226147818565368652e+01
2.257001113891601562e+01
2.257231783866882324e+01
2.246747589111328125e+01
2.215250205993652344e+01
2.230049037933349609e+01
2.213753390312194824e+01
2.275829267501831055e+01
2.267709398269653320e+01
2.227305364608764648e+01
2.235460424423217773e+01
2.248347330093383789e+01
2.226052069664001465e+01
2.225709533691406250e+01
2.240434432029724121e+01
2.257914614677429199e+01
2.248742961883544922e+01
2.244585514068603516e+01
2.222958731651306152e+01
2.223014211654663086e+01
2.275434398651123047e+01
2.236127448081970215e+01
2.225799846649169922e+01
2.225075817108154297e+01
2.232569527626037598e+01
2.237049388885498047e+01
2.233757495880126953e+01
2.253903102874755859e+01
2.258429098129272461e+01
2.267609214782714844e+01
2.212547159194946289e+01
2.220532464981079102e+01
2.218335938453674316e+01
2.213981866836547852e+01
2.229604482650756836e+01
2.213403177261352539e+01
2.237510395050048828e+01
2.215645909309387207e+01
2.265170741081237793e+01
2.234987616539001465e+01
2.235103631019592285e+01
2.254261207580566406e+01
2.261380553245544434e+01
2.244697165489196777e+01
2.263867163658142090e+01
2.233754110336303711e+01
2.258221006393432617e+01
2.221202921867370605e+01
2.280412077903747559e+01
2.229596948623657227e+01
2.267285513877868652e+01
2.227470850944519043e+01
2.213595867156982422e+01
2.215881657600402832e+01
2.239962577819824219e+01
2.214328169822692871e+01
2.255601167678833008e+01
2.239329171180725098e+01
2.258050441741943359e+01
2.249454259872436523e+01
2.231774497032165527e+01
2.206845998764038086e+01
2.214903974533081055e+01
2.216912245750427246e+01
2.245523595809936523e+01
2.218615412712097168e+01
2.215956568717956543e+01
2.225988602638244629e+01
2.221571183204650879e+01
2.279604673385620117e+01
2.218408417701721191e+01
2.244277620315551758e+01
2.224036622047424316e+01
2.247307610511779785e+01
2.232357835769653320e+01
2.240738248825073242e+01
2.220364618301391602e+01
2.254715180397033691e+01
2.237804079055786133e+01
2.219797086715698242e+01
2.216249442100524902e+01
2.211670303344726562e+01
2.224786543846130371e+01
2.249874043464660645e+01
2.214536309242248535e+01
2.217491698265075684e+01
2.221183443069458008e+01
2.214302897453308105e+01
2.221105861663818359e+01
2.246400785446166992e+01
2.257596516609191895e+01
2.241144347190856934e+01
2.217414975166320801e+01
2.267570281028747559e+01
2.230867505073547363e+01
2.277819323539733887e+01
2.212642550468444824e+01
2.207472395896911621e+01
2.253474473953247070e+01
2.263964056968688965e+01
2.216695046424865723e+01
2.210683822631835938e+01
2.210714316368103027e+01
2.250099277496337891e+01
2.239175724983215332e+01
2.228873014450073242e+01
2.213902091979980469e+01
2.221679377555847168e+01
2.205229759216308594e+01
2.216899991035461426e+01
2.212315988540649414e+01
2.211898159980773926e+01
2.202695727348327637e+01
2.258561515808105469e+01
2.229910898208618164e+01
2.218365764617919922e+01
2.253906011581420898e+01
2.229464483261108398e+01
2.208177590370178223e+01
2.239632868766784668e+01
2.248746609687805176e+01
2.230111861228942871e+01
2.227618050575256348e+01
2.244312858581542969e+01
2.240424251556396484e+01
2.225128889083862305e+01
2.221859812736511230e+01
2.245604777336120605e+01
2.220636796951293945e+01
2.244383668899536133e+01
2.210294938087463379e+01
2.272229194641113281e+01
2.254241275787353516e+01
2.224467658996582031e+01
2.218236160278320312e+01
2.286070919036865234e+01
2.237616324424743652e+01
2.227616024017333984e+01
2.244343400001525879e+01
2.241167640686035156e+01
2.232925486564636230e+01
2.209883809089660645e+01
2.207528066635131836e+01
2.214361476898193359e+01
2.236195182800292969e+01
2.203457379341125488e+01
2.231429839134216309e+01
2.202314972877502441e+01
2.229374790191650391e+01
2.247125625610351562e+01
2.211349129676818848e+01
2.212780284881591797e+01
2.235445451736450195e+01
2.222694897651672363e+01
2.199859499931335449e+01
2.203152513504028320e+01
2.204464745521545410e+01
2.249902701377868652e+01
2.222628998756408691e+01
2.239069986343383789e+01
2.222264289855957031e+01
2.207725858688354492e+01
2.205334877967834473e+01
2.216506361961364746e+01
2.234742379188537598e+01
2.224953103065490723e+01
2.225200605392456055e+01
2.230513548851013184e+01
2.225637483596801758e+01
2.200228047370910645e+01
2.258099651336669922e+01
