1.305416560173034668e+01
1.243220925331115723e+01
1.250876498222351074e+01
1.257617044448852539e+01
1.252423143386840820e+01
1.264340472221374512e+01
1.261820316314697266e+01
1.261285567283630371e+01
1.256103706359863281e+01
1.269546771049499512e+01
1.255556106567382812e+01
1.265163993835449219e+01
1.257431387901306152e+01
1.264151620864868164e+01
1.254752707481384277e+01
1.254169631004333496e+01
1.266444945335388184e+01
1.261726307868957520e+01
1.266633486747741699e+01
1.261287069320678711e+01
1.259164524078369141e+01
1.264136195182800293e+01
1.267168354988098145e+01
1.266566562652587891e+01
1.261589980125427246e+01
1.266149306297302246e+01
1.266711711883544922e+01
1.262990140914916992e+01
1.258991909027099609e+01
1.262320017814636230e+01
1.262306141853332520e+01
1.257992887496948242e+01
1.269497919082641602e+01
1.253903317451477051e+01
1.256850004196166992e+01
1.252922320365905762e+01
1.260904097557067871e+01
1.260733962059020996e+01
1.258824348449707031e+01
1.258173298835754395e+01
1.254988002777099609e+01
1.261654329299926758e+01
1.262561321258544922e+01
1.261841130256652832e+01
1.260248875617980957e+01
1.264887356758117676e+01
1.265207147598266602e+01
1.262063980102539062e+01
1.255305242538452148e+01
1.254920077323913574e+01
1.254827690124511719e+01
1.262125492095947266e+01
1.252891921997070312e+01
1.255822324752807617e+01
1.260687255859375000e+01
1.258228373527526855e+01
1.261315894126892090e+01
1.256930875778198242e+01
1.260300755500793457e+01
1.265222764015197754e+01
1.264395809173583984e+01
1.261067223548889160e+01
1.259950804710388184e+01
1.261877083778381348e+01
1.256129980087280273e+01
1.267695999145507812e+01
1.258277559280395508e+01
1.263992905616760254e+01
1.266413855552673340e+01
1.250509977340698242e+01
1.252461791038513184e+01
1.252216053009033203e+01
1.258272361755371094e+01
1.256324982643127441e+01
1.251663208007812500e+01
1.257862448692321777e+01
1.259485816955566406e+01
1.261016964912414551e+01
1.265362906455993652e+01
1.264311027526855469e+01
1.260381817817687988e+01
1.260923409461975098e+01
1.257984399795532227e+01
1.263892173767089844e+01
1.272570395469665527e+01
1.256256103515625000e+01
1.257539963722229004e+01
1.256234097480773926e+01
1.260623311996459961e+01
1.255463862419128418e+01
1.253121066093444824e+01
1.256769227981567383e+01
1.261888241767883301e+01
1.254313063621520996e+01
1.258324337005615234e+01
1.257760524749755859e+01
1.263643717765808105e+01
1.266232371330261230e+01
1.263540530204772949e+01
1.258706212043762207e+01
1.266629791259765625e+01
1.259348392486572266e+01
1.258926439285278320e+01
1.260976099967956543e+01
1.261406373977661133e+01
1.262232637405395508e+01
1.251549911499023438e+01
1.256734633445739746e+01
1.251546168327331543e+01
1.254401040077209473e+01
1.255999445915222168e+01
1.260496211051940918e+01
1.258774971961975098e+01
1.254717731475830078e+01
1.263064765930175781e+01
1.258326244354248047e+01
1.260498809814453125e+01
1.262034893035888672e+01
1.263426828384399414e+01
1.259219384193420410e+01
1.262264347076416016e+01
1.258895492553710938e+01
1.256091690063476562e+01
1.257806444168090820e+01
1.258643579483032227e+01
1.257118701934814453e+01
1.255717754364013672e+01
1.262973546981811523e+01
1.262049698829650879e+01
1.258357381820678711e+01
1.265207123756408691e+01
1.254279804229736328e+01
1.259852695465087891e+01
1.256547141075134277e+01
1.258068656921386719e+01
1.257377243041992188e+01
1.255279445648193359e+01
1.260411739349365234e+01
1.260219740867614746e+01
1.258512115478515625e+01
1.258276844024658203e+01
1.252061986923217773e+01
1.264933967590332031e+01
1.253614807128906250e+01
1.262773442268371582e+01
1.256692481040954590e+01
1.264632964134216309e+01
1.259962844848632812e+01
1.256194067001342773e+01
1.256919407844543457e+01
1.256307673454284668e+01
1.266222476959228516e+01
1.257225513458251953e+01
1.254364228248596191e+01
1.255313277244567871e+01
1.262442111968994141e+01
1.252972197532653809e+01
1.251720738410949707e+01
1.254775094985961914e+01
1.254184484481811523e+01
1.257239365577697754e+01
1.251224374771118164e+01
1.259326457977294922e+01
1.257303929328918457e+01
1.256537580490112305e+01
1.250354599952697754e+01
1.256475543975830078e+01
1.254136276245117188e+01
1.255399274826049805e+01
1.262548017501831055e+01
1.253845429420471191e+01
1.254175686836242676e+01
1.244042062759399414e+01
1.246233201026916504e+01
1.240928959846496582e+01
1.244545745849609375e+01
1.246968412399291992e+01
1.241039395332336426e+01
1.246962094306945801e+01
1.264364719390869141e+01
1.240714502334594727e+01
1.240366911888122559e+01
1.247345018386840820e+01
1.246781539916992188e+01
1.246142864227294922e+01
1.248481464385986328e+01
1.248112416267395020e+01
1.247600960731506348e+01
1.246447038650512695e+01
1.240251421928405762e+01
1.243579912185668945e+01
1.246624207496643066e+01
1.243752837181091309e+01
1.237977576255798340e+01
1.246176934242248535e+01
1.244067835807800293e+01
1.244911980628967285e+01
1.249013352394104004e+01
1.242315244674682617e+01
1.236940860748291016e+01
