2.272160387039184570e+01
2.212214350700378418e+01
2.282109451293945312e+01
2.235302662849426270e+01
2.249221491813659668e+01
2.232941150665283203e+01
2.297845053672790527e+01
2.236551380157470703e+01
2.225859689712524414e+01
2.270945692062377930e+01
2.254247283935546875e+01
2.217967081069946289e+01
2.260741543769836426e+01
2.216688752174377441e+01
2.217190694808959961e+01
2.250392270088195801e+01
2.231877565383911133e+01
2.251603960990905762e+01
2.232674121856689453e+01
2.243290328979492188e+01
2.249403309822082520e+01
2.231472206115722656e+01
2.264379262924194336e+01
2.236296129226684570e+01
2.269024896621704102e+01
2.277705264091491699e+01
2.225111722946166992e+01
2.292904639244079590e+01
2.248501610755920410e+01
2.269173598289489746e+01
2.246276688575744629e+01
2.259580612182617188e+01
2.221059393882751465e+01
2.251280951499938965e+01
2.262145042419433594e+01
2.245451879501342773e+01
2.244061398506164551e+01
2.279717755317687988e+01
2.284933829307556152e+01
2.240431284904479980e+01
2.231954073905944824e+01
2.249939703941345215e+01
2.223026204109191895e+01
2.243107533454895020e+01
2.223838257789611816e+01
2.251197481155395508e+01
2.300275111198425293e+01
2.262020468711853027e+01
2.230441665649414062e+01
2.262832045555114746e+01
2.235564589500427246e+01
2.224929642677307129e+01
2.218297576904296875e+01
2.248775029182434082e+01
2.239050841331481934e+01
2.223770189285278320e+01
2.248859739303588867e+01
2.225716686248779297e+01
2.291156268119812012e+01
2.221419167518615723e+01
2.224883651733398438e+01
2.222175836563110352e+01
2.243477988243103027e+01
2.240597319602966309e+01
2.238327145576477051e+01
2.258767294883728027e+01
2.214819645881652832e+01
2.220395731925964355e+01
2.224726796150207520e+01
2.232904291152954102e+01
2.273257565498352051e+01
2.255409526824951172e+01
2.238539814949035645e+01
2.239223289489746094e+01
2.215596747398376465e+01
2.291724538803100586e+01
2.250032353401184082e+01
2.269809579849243164e+01
2.240588903427124023e+01
2.213560891151428223e+01
2.230670046806335449e+01
2.217273783683776855e+01
2.252646517753601074e+01
2.223332405090332031e+01
2.242595434188842773e+01
2.249446272850036621e+01
2.239359974861145020e+01
2.245478034019470215e+01
2.266419410705566406e+01
2.296862769126892090e+01
2.241278576850891113e+01
2.218041563034057617e+01
2.212259435653686523e+01
2.271773433685302734e+01
2.260781478881835938e+01
2.239430999755859375e+01
2.234204244613647461e+01
2.232087874412536621e+01
2.239755582809448242e+01
2.247594118118286133e+01
2.236638998985290527e+01
2.236075115203857422e+01
2.232414674758911133e+01
2.211974358558654785e+01
2.219202303886413574e+01
2.233646750450134277e+01
2.246836662292480469e+01
2.222179341316223145e+01
2.247833156585693359e+01
2.256686997413635254e+01
2.216435194015502930e+01
2.226721358299255371e+01
2.236494112014770508e+01
2.267584514617919922e+01
2.224363970756530762e+01
2.212658429145812988e+01
2.251185393333435059e+01
2.211822652816772461e+01
2.253706979751586914e+01
2.243991899490356445e+01
2.233572745323181152e+01
2.236096048355102539e+01
2.276835513114929199e+01
2.246785545349121094e+01
2.285673737525939941e+01
2.213101792335510254e+01
2.252917122840881348e+01
2.242499709129333496e+01
2.255937361717224121e+01
2.234507346153259277e+01
2.222564530372619629e+01
2.258537387847900391e+01
2.237509870529174805e+01
2.246863985061645508e+01
2.220066332817077637e+01
2.211267662048339844e+01
2.261164450645446777e+01
2.239579558372497559e+01
2.232870650291442871e+01
2.212613296508789062e+01
2.237071394920349121e+01
2.224141955375671387e+01
2.222909379005432129e+01
2.224335670471191406e+01
2.213302803039550781e+01
2.242437410354614258e+01
2.205209612846374512e+01
2.211338090896606445e+01
2.245239639282226562e+01
2.266169643402099609e+01
2.220980906486511230e+01
2.227698373794555664e+01
2.225209569931030273e+01
2.215623211860656738e+01
2.224722409248352051e+01
2.210890078544616699e+01
2.269613003730773926e+01
2.263280057907104492e+01
2.256610083580017090e+01
2.264855527877807617e+01
2.213587737083435059e+01
2.232599902153015137e+01
2.222380971908569336e+01
2.216612124443054199e+01
2.259429216384887695e+01
2.237698864936828613e+01
2.225149583816528320e+01
2.224106502532958984e+01
2.214342665672302246e+01
2.244074273109436035e+01
2.209242749214172363e+01
2.251740503311157227e+01
2.205713534355163574e+01
2.215599226951599121e+01
2.218271493911743164e+01
2.212812304496765137e+01
2.220083022117614746e+01
2.230067205429077148e+01
2.199907255172729492e+01
2.224009370803833008e+01
2.244677376747131348e+01
2.237405657768249512e+01
2.239018416404724121e+01
2.237857413291931152e+01
2.214929986000061035e+01
2.214140200614929199e+01
2.210274577140808105e+01
2.200302457809448242e+01
2.238053822517395020e+01
2.241713929176330566e+01
2.209065651893615723e+01
2.205707120895385742e+01
2.232206416130065918e+01
2.257277965545654297e+01
2.211457014083862305e+01
2.220157670974731445e+01
2.230188536643981934e+01
2.229925608634948730e+01
2.225133490562438965e+01
2.256284737586975098e+01
