2.537065401535034237e+00
2.422349586791991971e+00
2.389540805511474630e+00
2.349346672134399405e+00
2.288314608688354568e+00
2.236460246963500875e+00
2.203206136932373216e+00
2.181426904678344769e+00
2.176069900207519670e+00
2.130434089126586716e+00
2.129135566864013729e+00
2.104814708709716875e+00
2.080062238082885706e+00
2.059066523208618271e+00
2.058581466407775729e+00
2.059976305313110156e+00
2.048371327133178710e+00
2.012167860374450612e+00
2.018513673133849995e+00
2.008430041809082134e+00
1.991726131515503040e+00
1.983034873886108329e+00
1.975905015182495061e+00
1.983378377685546923e+00
1.944989558448791511e+00
1.952821754684448186e+00
1.953320119285583578e+00
1.942196808242797834e+00
1.935961065864562958e+00
1.946335684204101524e+00
1.918049780235290491e+00
1.920838164367675738e+00
1.932781870193481355e+00
1.930935617065429710e+00
1.918828301010131909e+00
1.919565207595825163e+00
1.907866080436706469e+00
1.927499269905090351e+00
1.924357457237243718e+00
1.901262750282287639e+00
1.917120666694641207e+00
1.955574757766723737e+00
1.902018168563842870e+00
1.939305197143554649e+00
1.896470149879455613e+00
1.953354196662902886e+00
1.936249931907653821e+00
1.915098413810729872e+00
1.940936357574462923e+00
1.929579616775512596e+00
1.927837290420532312e+00
1.913000172653198216e+00
1.897173371238708439e+00
1.905075980606079078e+00
1.921921308479308976e+00
1.948582065620422465e+00
1.936912637596130304e+00
1.912619710540771401e+00
1.931415219879150325e+00
1.886324888572692871e+00
1.936511884765625080e+00
1.905699690895080511e+00
1.916676209945678666e+00
1.912517034225463819e+00
1.905983591613769512e+00
1.936823176879882702e+00
1.912464495849609314e+00
1.882839369087219161e+00
1.904002477569580076e+00
1.893656490707397388e+00
1.905765231819152916e+00
1.904306142768859900e+00
1.874705720596313574e+00
1.921283875656127904e+00
1.903383499603271467e+00
1.922428258209228469e+00
1.876145345535278341e+00
1.896149945411682136e+00
1.910445480346679714e+00
1.896023177719116104e+00
1.927943969192504881e+00
1.909634602508544887e+00
1.909405167465209940e+00
1.907838842239379940e+00
1.908853804702758783e+00
1.894991897125244185e+00
1.907975552711486777e+00
1.916443676948547337e+00
1.901677732620239203e+00
1.901996709251403850e+00
1.906944380836486763e+00
1.914746751594543550e+00
1.916699658241271864e+00
1.895552817153930647e+00
1.891744848442077576e+00
1.915578708457946755e+00
1.893678556671142488e+00
1.888906577224731542e+00
1.901892114868164008e+00
1.889181830978393650e+00
1.735671832275390569e+00
1.743124972343444767e+00
1.734785495605468686e+00
1.759447962493896567e+00
1.755767458724975638e+00
1.756143234825134236e+00
1.738825744590759337e+00
1.751637594909667861e+00
1.754937780952453563e+00
1.756950657958984419e+00
1.743906808891296345e+00
1.754637358589172358e+00
1.750345898056030247e+00
1.757089361953735329e+00
1.749066924171447823e+00
1.749685019721984869e+00
1.763167277984619030e+00
1.763195852966308541e+00
1.766093288116455051e+00
1.748796236495971712e+00
1.756367782135009659e+00
1.776438137359619196e+00
1.747465947456359858e+00
1.747062481613159246e+00
1.749527873268127420e+00
1.776034824943542478e+00
1.754813777809143049e+00
1.765714310188293501e+00
1.773031842269897407e+00
1.770817869911193831e+00
1.758985315055847209e+00
1.770718463211059523e+00
1.767467812690734830e+00
1.759380092773437543e+00
1.761483916053772081e+00
1.774398613281249926e+00
1.775927204399108783e+00
1.778332403373718229e+00
1.784195854263305625e+00
1.765609285125732342e+00
1.781675014877319274e+00
1.747780263557433988e+00
1.764573769264221159e+00
1.757514208869934036e+00
1.746523049049377496e+00
1.771597521972656297e+00
1.761585014877319333e+00
1.759004718856811422e+00
1.778002845306396518e+00
1.737297267379760646e+00
1.737900300559997557e+00
1.745952633972168044e+00
1.734267570686340409e+00
1.738961896705627508e+00
1.742471802444458095e+00
1.759733514251708986e+00
1.743997192420959408e+00
1.759367447471618551e+00
1.756707676925659101e+00
1.743992150802612384e+00
1.741274323959350667e+00
1.752785992507934543e+00
1.737282495422363349e+00
1.749764373092651315e+00
1.751052643127441355e+00
1.736513515243530259e+00
1.741875793609619194e+00
1.750027620391845673e+00
1.745405397033691353e+00
1.743296221237182531e+00
1.738844757766723648e+00
1.742754652175903418e+00
1.729203005409240657e+00
1.741070210266113305e+00
1.752427887344360391e+00
1.750241745452880915e+00
1.727951278457641626e+00
1.732426768875122036e+00
1.752223742675781182e+00
1.738102406959533663e+00
1.739276842956543057e+00
1.747074362182617246e+00
1.728563015899658106e+00
1.736541819381713925e+00
1.733330414123535057e+00
1.721557916526794463e+00
1.731688625297546302e+00
1.747820782699584852e+00
1.734997008972168020e+00
1.754116221847534129e+00
1.741377264480590714e+00
1.744294410705566456e+00
1.750175032310485879e+00
1.747784088897704979e+00
1.724385637512207081e+00
1.755999930725097746e+00
1.732479227676391620e+00
1.732034526214599524e+00
1.735359474372863753e+00
1.740500486679077197e+00
