5.022137165069580078e-01
5.002002716064453125e-01
4.967827796936035156e-01
5.007140636444091797e-01
4.913694858551025391e-01
4.972445964813232422e-01
4.893939495086669922e-01
4.883577823638916016e-01
4.948792457580566406e-01
4.909572601318359375e-01
4.948656558990478516e-01
4.893233776092529297e-01
4.984931945800781250e-01
4.879274368286132812e-01
4.898264408111572266e-01
4.947462081909179688e-01
4.939186573028564453e-01
4.979150295257568359e-01
4.899213314056396484e-01
4.924256801605224609e-01
4.895222187042236328e-01
4.920532703399658203e-01
4.966073036193847656e-01
4.915554523468017578e-01
4.965684413909912109e-01
4.884250164031982422e-01
4.899868965148925781e-01
4.968976974487304688e-01
4.913794994354248047e-01
4.967031478881835938e-01
4.887278079986572266e-01
4.902522563934326172e-01
4.923846721649169922e-01
4.918506145477294922e-01
4.968709945678710938e-01
4.907288551330566406e-01
4.951126575469970703e-01
4.893276691436767578e-01
4.933304786682128906e-01
4.956214427947998047e-01
4.896497726440429688e-01
4.991836547851562500e-01
4.885330200195312500e-01
4.908308982849121094e-01
4.922866821289062500e-01
4.923186302185058594e-01
4.974582195281982422e-01
4.909737110137939453e-01
4.984035491943359375e-01
4.911096096038818359e-01
4.896919727325439453e-01
4.939386844635009766e-01
4.916889667510986328e-01
5.002365112304687500e-01
4.795720577239990234e-01
4.787125587463378906e-01
4.816608428955078125e-01
4.759955406188964844e-01
4.797842502593994141e-01
4.772493839263916016e-01
4.791700839996337891e-01
4.786870479583740234e-01
4.755885601043701172e-01
4.809982776641845703e-01
4.752330780029296875e-01
4.846768379211425781e-01
4.736652374267578125e-01
4.747171401977539062e-01
4.815728664398193359e-01
4.757978916168212891e-01
4.825668334960937500e-01
4.747691154479980469e-01
4.770572185516357422e-01
4.789538383483886719e-01
4.782338142395019531e-01
4.836468696594238281e-01
4.767191410064697266e-01
4.826760292053222656e-01
4.728159904479980469e-01
4.759089946746826172e-01
4.827482700347900391e-01
4.765150547027587891e-01
4.817750453948974609e-01
4.718482494354248047e-01
4.778192043304443359e-01
4.830999374389648438e-01
4.757118225097656250e-01
4.831833839416503906e-01
4.760901927947998047e-01
4.785959720611572266e-01
4.730825424194335938e-01
4.774811267852783203e-01
4.808619022369384766e-01
4.767906665802001953e-01
4.829261302947998047e-01
4.742887020111083984e-01
4.769253730773925781e-01
4.792640209197998047e-01
4.790589809417724609e-01
4.811811447143554688e-01
4.746072292327880859e-01
4.749045372009277344e-01
4.772863388061523438e-01
4.774560928344726562e-01
4.827954769134521484e-01
4.769465923309326172e-01
4.768733978271484375e-01
4.751694202423095703e-01
4.787735939025878906e-01
4.807853698730468750e-01
4.741678237915039062e-01
4.803042411804199219e-01
4.698398113250732422e-01
4.806814193725585938e-01
4.780621528625488281e-01
4.775414466857910156e-01
4.813601970672607422e-01
4.727671146392822266e-01
4.836473464965820312e-01
4.751143455505371094e-01
4.757583141326904297e-01
4.823434352874755859e-01
4.769549369812011719e-01
4.803011417388916016e-01
4.764845371246337891e-01
4.778149127960205078e-01
4.783341884613037109e-01
4.786467552185058594e-01
4.844973087310791016e-01
4.725148677825927734e-01
4.765927791595458984e-01
4.824304580688476562e-01
4.768407344818115234e-01
4.831504821777343750e-01
4.744763374328613281e-01
4.772741794586181641e-01
4.756612777709960938e-01
4.773449897766113281e-01
4.819796085357666016e-01
4.733788967132568359e-01
4.823236465454101562e-01
4.729483127593994141e-01
4.760980606079101562e-01
4.803848266601562500e-01
4.735918045043945312e-01
4.815604686737060547e-01
4.748847484588623047e-01
4.750313758850097656e-01
4.754922389984130859e-01
4.825439453125000000e-01
4.829237461090087891e-01
4.790713787078857422e-01
4.791054725646972656e-01
4.788980484008789062e-01
4.762098789215087891e-01
4.796669483184814453e-01
4.745833873748779297e-01
4.837369918823242188e-01
4.785444736480712891e-01
4.763860702514648438e-01
4.808106422424316406e-01
4.759204387664794922e-01
4.829483032226562500e-01
4.756321907043457031e-01
4.777269363403320312e-01
4.816899299621582031e-01
4.782111644744873047e-01
4.822299480438232422e-01
4.735367298126220703e-01
4.865438938140869141e-01
4.718325138092041016e-01
4.788537025451660156e-01
4.808187484741210938e-01
4.741389751434326172e-01
4.803109169006347656e-01
4.718902111053466797e-01
4.763975143432617188e-01
4.825744628906250000e-01
4.749526977539062500e-01
4.827315807342529297e-01
4.729003906250000000e-01
4.805018901824951172e-01
4.753170013427734375e-01
4.755244255065917969e-01
4.811968803405761719e-01
4.760007858276367188e-01
4.809536933898925781e-01
4.745290279388427734e-01
4.772601127624511719e-01
4.807929992675781250e-01
4.781320095062255859e-01
4.791629314422607422e-01
4.716725349426269531e-01
4.784429073333740234e-01
4.820711612701416016e-01
4.751760959625244141e-01
4.778861999511718750e-01
4.724960327148437500e-01
4.773845672607421875e-01
4.754059314727783203e-01
