2.507335482940673987e+00
2.469850351638793740e+00
2.380821902694702175e+00
2.320998960723876792e+00
2.250219428977966452e+00
2.229689508819580279e+00
2.189150310821533107e+00
2.173625894622802868e+00
2.154041967010498215e+00
2.109652589111328247e+00
2.090171442260742030e+00
2.084265910797119314e+00
2.071109048309326184e+00
2.032117607116699087e+00
2.045804726333618095e+00
2.004286454467773648e+00
2.014821252899170023e+00
1.962456150283813372e+00
1.969239628524780183e+00
1.959578655090332022e+00
1.965550391960144028e+00
1.948456516876220679e+00
1.958543530120849585e+00
1.936373669128417907e+00
1.945758001632690526e+00
1.936710896682739325e+00
1.926110370178222730e+00
1.919721623229980523e+00
1.932189037246704100e+00
1.902668780288696349e+00
1.926962734527587928e+00
1.912037007827758872e+00
1.906689901237487828e+00
1.933943312683105376e+00
1.902309428977966288e+00
1.902034856719970746e+00
1.892222070426941016e+00
1.890205338401794499e+00
1.881953222770690992e+00
1.902847211380004788e+00
1.920605786666870207e+00
1.920871138038635184e+00
1.914084534301757845e+00
1.921574769439697183e+00
1.906901126518249612e+00
1.903017900619506930e+00
1.891210164527893145e+00
1.918790594253540149e+00
1.903919496536254918e+00
1.920010410156250069e+00
1.905373197250366246e+00
1.921874631347656237e+00
1.903250400581359969e+00
1.945369516296386658e+00
1.899067941970825180e+00
1.918718539848327742e+00
1.938103436050415018e+00
1.957786303596496635e+00
1.900428101425170935e+00
1.904153637619018458e+00
1.912442807426452562e+00
1.915361544036865205e+00
1.934633582496642967e+00
1.922192394409179661e+00
1.895409780464172300e+00
1.902938421669006397e+00
1.934145718650817969e+00
1.900317877349853468e+00
1.915126942176818892e+00
1.926675495910644464e+00
1.941831388893127341e+00
1.906310012168884294e+00
1.918704678039550693e+00
1.917163837661743253e+00
1.930382569618225075e+00
1.904710372581482014e+00
1.910710457534789963e+00
1.944320853538513250e+00
1.906527030868530259e+00
1.907675576553344632e+00
1.903477817611694434e+00
1.931300911636352646e+00
1.904410272407531801e+00
1.909940614852905227e+00
1.890971603965759362e+00
1.924038365631103531e+00
1.914778572006225588e+00
1.902796324501037528e+00
1.891825157814025937e+00
1.902344913139343285e+00
1.897503783569336022e+00
1.920927747192382906e+00
1.898123977165222076e+00
1.887672557144165042e+00
1.914544138641357529e+00
1.914310208625793486e+00
1.897867144699096675e+00
1.911903386154174767e+00
1.906920993804931630e+00
1.927062363128662081e+00
1.742661401329040460e+00
1.707779020500183043e+00
1.719119348983764617e+00
1.713063544654846115e+00
1.727442840957641668e+00
1.713976125869751010e+00
1.714412349815368719e+00
1.721355349349975583e+00
1.720646315956115613e+00
1.714800613746643165e+00
1.720855878753662083e+00
1.738124030761718730e+00
1.725032196197509693e+00
1.719253050765991109e+00
1.738917461318969737e+00
1.733944028663635173e+00
1.721307775955200237e+00
1.732677162170410234e+00
1.722500573387145906e+00
1.728449389343261755e+00
1.732387972412109400e+00
1.716432747879028220e+00
1.716185158653259268e+00
1.724229625625610440e+00
1.729375268592834525e+00
1.733020173034667932e+00
1.734009487266540583e+00
1.733335717506408802e+00
1.727899966011047450e+00
1.719117808876037490e+00
1.736395462837219128e+00
1.720866689643859804e+00
1.736058542594909770e+00
1.733971417427063066e+00
1.728180348052978488e+00
1.740025578308105558e+00
1.719661276321411192e+00
1.739410681037902862e+00
1.723845069236755290e+00
1.739148841323852501e+00
1.719564693412780843e+00
1.738410632247924914e+00
1.751455916709899974e+00
1.739879899749755765e+00
1.744791680755615193e+00
1.726257599067688053e+00
1.739069511947631819e+00
1.719038156814575169e+00
1.735542486343383706e+00
1.723793558807372950e+00
1.708679957618713274e+00
1.697374729919433500e+00
1.700266536293029818e+00
1.711692977485656630e+00
1.702294815673828232e+00
1.702241376686096208e+00
1.701910494461059464e+00
1.696449457778930636e+00
1.699982535362243752e+00
1.694060066566467349e+00
1.715329572563171423e+00
1.710472130737304752e+00
1.707353219261169341e+00
1.695369780578613206e+00
1.718642621383666969e+00
1.691380034408569433e+00
1.711743478698730447e+00
1.690542286338806210e+00
1.700000921783447305e+00
1.703583170547485315e+00
1.698600397987365618e+00
1.686617822532653799e+00
1.710437967338561904e+00
1.699349201354980465e+00
1.697358790893554792e+00
1.707238576812744046e+00
1.693232760734558084e+00
1.680529062728881806e+00
1.692516744384765515e+00
1.698736088752746509e+00
1.694993537712097265e+00
1.698066312026977442e+00
1.700499750099182084e+00
1.696245009994506781e+00
1.701521997642517103e+00
1.710787133522033709e+00
1.705560669631958071e+00
1.693944520874023363e+00
1.694274701271057060e+00
1.687298510780334437e+00
1.703259240493774307e+00
1.704908308181762644e+00
1.721695343551635782e+00
1.700178457565307610e+00
1.693117324676513658e+00
1.709163374862670892e+00
1.706097990798950192e+00
1.681494891967773464e+00
1.698656128311157198e+00
1.708000017242431667e+00
