1.355601620674133301e+01
1.293240141868591309e+01
1.300545144081115723e+01
1.307672071456909180e+01
1.301557874679565430e+01
1.314035081863403320e+01
1.310741019248962402e+01
1.310095548629760742e+01
1.305519413948059082e+01
1.318635702133178711e+01
1.305027222633361816e+01
1.314158129692077637e+01
1.307275557518005371e+01
1.312960243225097656e+01
1.303745651245117188e+01
1.303627729415893555e+01
1.315816330909729004e+01
1.311491823196411133e+01
1.315618848800659180e+01
1.310521006584167480e+01
1.308117389678955078e+01
1.313408255577087402e+01
1.316796612739562988e+01
1.315735101699829102e+01
1.311220598220825195e+01
1.314979124069213867e+01
1.315702247619628906e+01
1.312639808654785156e+01
1.308111524581909180e+01
1.311962985992431641e+01
1.311170578002929688e+01
1.306946563720703125e+01
1.318740820884704590e+01
1.303094172477722168e+01
1.306534934043884277e+01
1.302007246017456055e+01
1.310411381721496582e+01
1.309680080413818359e+01
1.308063411712646484e+01
1.307723808288574219e+01
1.303939914703369141e+01
1.311550521850585938e+01
1.311411356925964355e+01
1.310919880867004395e+01
1.309478497505187988e+01
1.314095449447631836e+01
1.314943337440490723e+01
1.311153912544250488e+01
1.305143594741821289e+01
1.304012870788574219e+01
1.303797888755798340e+01
1.311517500877380371e+01
1.302056121826171875e+01
1.305823731422424316e+01
1.308651494979858398e+01
1.306083488464355469e+01
1.309353041648864746e+01
1.304520893096923828e+01
1.308257842063903809e+01
1.312955045700073242e+01
1.312296938896179199e+01
1.308927631378173828e+01
1.307515406608581543e+01
1.309941482543945312e+01
1.303649806976318359e+01
1.316156506538391113e+01
1.305625891685485840e+01
1.311446905136108398e+01
1.314552927017211914e+01
1.298096346855163574e+01
1.300708365440368652e+01
1.299704837799072266e+01
1.306057691574096680e+01
1.304213118553161621e+01
1.299432253837585449e+01
1.306213212013244629e+01
1.307132196426391602e+01
1.309276294708251953e+01
1.312639188766479492e+01
1.311905837059020996e+01
1.308658146858215332e+01
1.308570456504821777e+01
1.306151366233825684e+01
1.311067914962768555e+01
1.320327877998352051e+01
1.304551982879638672e+01
1.305082058906555176e+01
1.304543447494506836e+01
1.308238148689270020e+01
1.303308677673339844e+01
1.300420260429382324e+01
1.304511761665344238e+01
1.309948158264160156e+01
1.301968050003051758e+01
1.306611371040344238e+01
1.305184412002563477e+01
1.311322069168090820e+01
1.314158177375793457e+01
1.311449813842773438e+01
1.306825661659240723e+01
1.314070701599121094e+01
1.306839561462402344e+01
1.306648039817810059e+01
1.308705949783325195e+01
1.309685277938842773e+01
1.309912896156311035e+01
1.299260067939758301e+01
1.304242682456970215e+01
1.299491453170776367e+01
1.302485847473144531e+01
1.303315687179565430e+01
1.308530688285827637e+01
1.305745244026184082e+01
1.302793884277343750e+01
1.310861682891845703e+01
1.306062436103820801e+01
1.308622312545776367e+01
1.309289693832397461e+01
1.311790275573730469e+01
1.306712436676025391e+01
1.309833812713623047e+01
1.307091403007507324e+01
1.303783726692199707e+01
1.305868434906005859e+01
1.306302332878112793e+01
1.304880046844482422e+01
1.303527879714965820e+01
1.310779833793640137e+01
1.310481572151184082e+01
1.305626988410949707e+01
1.312870407104492188e+01
1.302525663375854492e+01
1.307508254051208496e+01
1.304847407341003418e+01
1.305489039421081543e+01
1.305101084709167480e+01
1.302771306037902832e+01
1.308129978179931641e+01
1.308416748046875000e+01
1.305832839012145996e+01
1.306514263153076172e+01
1.299358010292053223e+01
1.312505459785461426e+01
1.301655411720275879e+01
1.310119915008544922e+01
1.304839849472045898e+01
1.312110304832458496e+01
1.307489776611328125e+01
1.303759837150573730e+01
1.305170202255249023e+01
1.304592084884643555e+01
1.314129853248596191e+01
1.305123996734619141e+01
1.302278017997741699e+01
1.302959847450256348e+01
1.310407996177673340e+01
1.300435590744018555e+01
1.300069761276245117e+01
1.302614521980285645e+01
1.301812577247619629e+01
1.305323624610900879e+01
1.298827195167541504e+01
1.307629799842834473e+01
1.304861402511596680e+01
1.304305982589721680e+01
1.298523664474487305e+01
1.304298520088195801e+01
1.302362632751464844e+01
1.302823400497436523e+01
1.311191439628601074e+01
1.301046490669250488e+01
1.302052140235900879e+01
1.292142915725708008e+01
1.293653964996337891e+01
1.288989710807800293e+01
1.291785717010498047e+01
1.294646263122558594e+01
1.289256739616394043e+01
1.294499683380126953e+01
1.312652277946472168e+01
1.288060784339904785e+01
1.288447141647338867e+01
1.294895529747009277e+01
1.294346523284912109e+01
1.294299602508544922e+01
1.296109843254089355e+01
1.296176171302795410e+01
1.295089125633239746e+01
1.294176912307739258e+01
1.288368272781372070e+01
1.291515398025512695e+01
1.294547629356384277e+01
1.290956735610961914e+01
1.285832309722900391e+01
1.294400286674499512e+01
1.291591477394104004e+01
1.292713618278503418e+01
1.296281695365905762e+01
1.290048933029174805e+01
1.284513044357299805e+01
