2.273132395744323730e+01
2.214286780357360840e+01
2.225993084907531738e+01
2.230057549476623535e+01
2.217141461372375488e+01
2.242642354965209961e+01
2.313609457015991211e+01
2.220097422599792480e+01
2.256848692893981934e+01
2.271492838859558105e+01
2.222650718688964844e+01
2.214168715476989746e+01
2.227765393257141113e+01
2.277045655250549316e+01
2.246564078330993652e+01
2.219046616554260254e+01
2.220942616462707520e+01
2.251049017906188965e+01
2.241724276542663574e+01
2.224732089042663574e+01
2.252945041656494141e+01
2.242130494117736816e+01
2.259570288658142090e+01
2.262450551986694336e+01
2.225461506843566895e+01
2.277610039710998535e+01
2.250261354446411133e+01
2.324700045585632324e+01
2.221206569671630859e+01
2.295891451835632324e+01
2.240222454071044922e+01
2.260708284378051758e+01
2.257256317138671875e+01
2.249685001373291016e+01
2.221421957015991211e+01
2.269375801086425781e+01
2.263943576812744141e+01
2.273878550529479980e+01
2.299859094619750977e+01
2.249703836441040039e+01
2.239254832267761230e+01
2.255517768859863281e+01
2.229152846336364746e+01
2.268131685256958008e+01
2.250180625915527344e+01
2.252166104316711426e+01
2.233845424652099609e+01
2.279164266586303711e+01
2.261697411537170410e+01
2.269594812393188477e+01
2.228322696685791016e+01
2.226417279243469238e+01
2.230118560791015625e+01
2.263490700721740723e+01
2.234547591209411621e+01
2.241538047790527344e+01
2.227185821533203125e+01
2.235282683372497559e+01
2.221204304695129395e+01
2.239137125015258789e+01
2.236163830757141113e+01
2.218999981880187988e+01
2.212658762931823730e+01
2.231408691406250000e+01
2.260998058319091797e+01
2.213878893852233887e+01
2.239547014236450195e+01
2.262654829025268555e+01
2.226693248748779297e+01
2.233716654777526855e+01
2.266652131080627441e+01
2.220606827735900879e+01
2.225821924209594727e+01
2.208917593955993652e+01
2.212587976455688477e+01
2.214685630798339844e+01
2.232692980766296387e+01
2.284082555770874023e+01
2.221862673759460449e+01
2.252028369903564453e+01
2.248826956748962402e+01
2.223649835586547852e+01
2.233422756195068359e+01
2.213992881774902344e+01
2.263601708412170410e+01
2.232312345504760742e+01
2.231903004646301270e+01
2.254617238044738770e+01
2.243634200096130371e+01
2.251624798774719238e+01
2.234350109100341797e+01
2.218445396423339844e+01
2.222030472755432129e+01
2.237521481513977051e+01
2.236701798439025879e+01
2.240199327468872070e+01
2.279996299743652344e+01
2.218088650703430176e+01
2.262247204780578613e+01
2.226551651954650879e+01
2.228044390678405762e+01
2.212743926048278809e+01
2.223369383811950684e+01
2.251277446746826172e+01
2.218698811531066895e+01
2.216392922401428223e+01
2.259647607803344727e+01
2.208305382728576660e+01
2.252997803688049316e+01
2.209950256347656250e+01
2.228623080253601074e+01
2.252125287055969238e+01
2.236681485176086426e+01
2.208253169059753418e+01
2.223770642280578613e+01
2.227767872810363770e+01
2.252447175979614258e+01
2.223024678230285645e+01
2.213759875297546387e+01
2.236752033233642578e+01
2.231746411323547363e+01
2.235068202018737793e+01
2.275664949417114258e+01
2.218207907676696777e+01
2.265602970123291016e+01
2.214588928222656250e+01
2.237270808219909668e+01
2.238136410713195801e+01
2.247978520393371582e+01
2.209172821044921875e+01
2.231422352790832520e+01
2.209546589851379395e+01
2.239040613174438477e+01
2.269823908805847168e+01
2.246097779273986816e+01
2.208999848365783691e+01
2.244855999946594238e+01
2.263458395004272461e+01
2.211351943016052246e+01
2.237624502182006836e+01
2.213791108131408691e+01
2.207045531272888184e+01
2.222872066497802734e+01
2.220051956176757812e+01
2.207123517990112305e+01
2.208541297912597656e+01
2.225860857963562012e+01
2.217385911941528320e+01
2.252539682388305664e+01
2.282131552696228027e+01
2.244769930839538574e+01
2.255261373519897461e+01
2.228054356575012207e+01
2.259570598602294922e+01
2.208334708213806152e+01
2.247793912887573242e+01
2.264824652671813965e+01
2.225015497207641602e+01
2.213319253921508789e+01
2.222298908233642578e+01
2.231917214393615723e+01
2.233184957504272461e+01
2.218991804122924805e+01
2.257429099082946777e+01
2.258518075942993164e+01
2.269773626327514648e+01
2.248681998252868652e+01
2.243550705909729004e+01
2.208404183387756348e+01
2.207684826850891113e+01
2.245890069007873535e+01
2.218941307067871094e+01
2.236146354675292969e+01
2.217769360542297363e+01
2.244113993644714355e+01
2.213580441474914551e+01
2.202919006347656250e+01
2.212748098373413086e+01
2.250135970115661621e+01
2.255363154411315918e+01
2.230635356903076172e+01
2.203276920318603516e+01
2.201840519905090332e+01
2.200017905235290527e+01
2.213534188270568848e+01
2.228277206420898438e+01
2.223213624954223633e+01
2.211843299865722656e+01
2.200023150444030762e+01
2.228386545181274414e+01
2.199181604385375977e+01
2.239557933807373047e+01
2.234245872497558594e+01
2.225365900993347168e+01
2.200829911231994629e+01
2.201662063598632812e+01
2.205835652351379395e+01
2.230581641197204590e+01
2.200201535224914551e+01
2.242708134651184082e+01
