1.000000000000000000e+01
1.226999950408935547e+01
1.477999973297119141e+01
1.660000038146972656e+01
1.956999969482421875e+01
2.211999893188476562e+01
2.080999946594238281e+01
2.461999893188476562e+01
2.018999862670898438e+01
1.995999908447265625e+01
2.226999855041503906e+01
2.001999855041503906e+01
2.457999992370605469e+01
2.840999984741210938e+01
2.807999992370605469e+01
2.564999961853027344e+01
2.582999992370605469e+01
2.689999961853027344e+01
2.646999931335449219e+01
2.846999931335449219e+01
3.062999916076660156e+01
2.992000007629394531e+01
2.950999832153320312e+01
2.576999855041503906e+01
2.837999916076660156e+01
2.931999969482421875e+01
3.093999862670898438e+01
3.315999984741210938e+01
2.937999916076660156e+01
3.059000015258789062e+01
3.204000091552734375e+01
2.892000007629394531e+01
3.134000015258789062e+01
2.806999969482421875e+01
2.631999969482421875e+01
2.768999862670898438e+01
3.072999954223632812e+01
3.140999984741210938e+01
3.202999877929687500e+01
3.459999847412109375e+01
3.070999908447265625e+01
2.948999977111816406e+01
3.186999893188476562e+01
3.230999755859375000e+01
3.236999893188476562e+01
2.834999847412109375e+01
2.845999908447265625e+01
3.123999977111816406e+01
3.122999954223632812e+01
3.048999977111816406e+01
3.211000061035156250e+01
3.268000030517578125e+01
3.211999893188476562e+01
3.315999984741210938e+01
3.014999961853027344e+01
3.140999984741210938e+01
3.134999847412109375e+01
2.902999877929687500e+01
2.935999870300292969e+01
3.093999862670898438e+01
3.040999984741210938e+01
3.104999923706054688e+01
3.093999862670898438e+01
3.321999740600585938e+01
3.339999771118164062e+01
3.051999855041503906e+01
2.889999961853027344e+01
3.209000015258789062e+01
2.613999938964843750e+01
3.265999984741210938e+01
2.878999900817871094e+01
3.275999832153320312e+01
3.134999847412109375e+01
3.114999961853027344e+01
3.182999992370605469e+01
2.997999954223632812e+01
3.382999801635742188e+01
3.022999954223632812e+01
3.169999885559082031e+01
3.300000000000000000e+01
3.225999832153320312e+01
3.211000061035156250e+01
3.364999771118164062e+01
3.411000061035156250e+01
3.325000000000000000e+01
3.311000061035156250e+01
3.144999885559082031e+01
3.207999801635742188e+01
3.250000000000000000e+01
3.561999893188476562e+01
3.295000076293945312e+01
3.307999801635742188e+01
3.400000000000000000e+01
3.023999977111816406e+01
3.081999969482421875e+01
3.480999755859375000e+01
3.200000000000000000e+01
3.402999877929687500e+01
3.320999908447265625e+01
3.509000015258789062e+01
3.605999755859375000e+01
3.646999740600585938e+01
3.723999786376953125e+01
3.718999862670898438e+01
3.766999816894531250e+01
3.763999938964843750e+01
3.814999771118164062e+01
3.823999786376953125e+01
3.815999984741210938e+01
3.852999877929687500e+01
3.841999816894531250e+01
3.836000061035156250e+01
3.915999984741210938e+01
3.887999725341796875e+01
3.968000030517578125e+01
3.920000076293945312e+01
3.898999786376953125e+01
3.939999771118164062e+01
3.984000015258789062e+01
3.979999923706054688e+01
3.947999954223632812e+01
4.003999710083007812e+01
3.934000015258789062e+01
4.005999755859375000e+01
4.052000045776367188e+01
4.057999801635742188e+01
4.061999893188476562e+01
4.102999877929687500e+01
4.012999725341796875e+01
4.105999755859375000e+01
4.011999893188476562e+01
4.036000061035156250e+01
4.061999893188476562e+01
4.080999755859375000e+01
4.077999877929687500e+01
4.143999862670898438e+01
4.052000045776367188e+01
4.103999710083007812e+01
4.086000061035156250e+01
4.116999816894531250e+01
4.079999923706054688e+01
4.125000000000000000e+01
4.022999954223632812e+01
4.071999740600585938e+01
4.102999877929687500e+01
4.105999755859375000e+01
4.063999938964843750e+01
4.146999740600585938e+01
4.120999908447265625e+01
4.153999710083007812e+01
4.203999710083007812e+01
4.197999954223632812e+01
4.216999816894531250e+01
4.209000015258789062e+01
4.214999771118164062e+01
4.211999893188476562e+01
4.225999832153320312e+01
4.211000061035156250e+01
4.196999740600585938e+01
4.203999710083007812e+01
4.229999923706054688e+01
4.203999710083007812e+01
4.197999954223632812e+01
4.218000030517578125e+01
4.225999832153320312e+01
4.218999862670898438e+01
4.204999923706054688e+01
4.211999893188476562e+01
4.216999816894531250e+01
4.212999725341796875e+01
4.218999862670898438e+01
4.198999786376953125e+01
4.209000015258789062e+01
4.207999801635742188e+01
4.222999954223632812e+01
4.220999908447265625e+01
4.221999740600585938e+01
4.211999893188476562e+01
4.225999832153320312e+01
4.220999908447265625e+01
4.236999893188476562e+01
4.211000061035156250e+01
4.195999908447265625e+01
4.229999923706054688e+01
4.222999954223632812e+01
4.231999969482421875e+01
4.227999877929687500e+01
4.215999984741210938e+01
4.214999771118164062e+01
4.236999893188476562e+01
4.227000045776367188e+01
4.228999710083007812e+01
4.225999832153320312e+01
4.211000061035156250e+01
4.227000045776367188e+01
4.240999984741210938e+01
4.220000076293945312e+01
4.236000061035156250e+01
4.227000045776367188e+01
4.234000015258789062e+01
