1.083199999954223713e+01
1.075200000244140597e+01
1.284800000244140605e+01
1.534399999572753970e+01
1.571199999877929621e+01
1.625599999877929847e+01
1.851199999572753896e+01
1.867199999816894618e+01
1.924800000244140463e+01
2.025599999938964757e+01
2.041599999938964771e+01
2.100800000488281327e+01
2.265600000122070412e+01
2.220799999511718781e+01
2.271999999877929710e+01
2.423999999145507900e+01
2.473599999511718650e+01
2.502400000488281151e+01
2.491200000122070435e+01
2.596800000732421765e+01
2.596800000122070173e+01
2.558400000183105405e+01
2.519999999755859221e+01
2.638400000488281094e+01
2.739199998779296763e+01
2.606399999511718590e+01
2.748800000122070486e+01
2.817599999755859486e+01
2.785600000244140517e+01
2.860799999877929523e+01
2.846399999755859511e+01
2.947199999755859423e+01
2.897600000488281324e+01
2.980800000732421751e+01
2.942400000732421717e+01
2.854399999877929517e+01
2.798400000488281236e+01
2.961599999145507667e+01
2.911999998779296916e+01
2.966400000122070324e+01
2.879999999145507772e+01
3.009600000488281424e+01
2.974399998779296794e+01
2.968000000183105413e+01
2.971200000488281390e+01
2.988800000244140520e+01
2.969600000183105593e+01
3.067200000732421827e+01
2.998399998779296993e+01
2.998400000488281236e+01
2.968000000122070148e+01
2.945599999816894510e+01
2.985599999389648573e+01
3.044800000366210924e+01
3.044799999816894598e+01
3.060799999511718639e+01
3.052800000732421992e+01
3.099199999755859380e+01
3.007999999816894388e+01
3.142400000122070480e+01
3.171199999145507675e+01
3.158400000488281378e+01
3.140800000122070301e+01
3.051199999572753896e+01
3.048000000183105485e+01
3.121599999511718693e+01
3.164800000488281384e+01
3.047999999816894601e+01
3.094399999145507962e+01
3.027199999816894405e+01
3.057599999755859344e+01
3.060800000183105496e+01
3.102400000122070267e+01
3.161600000488281381e+01
3.102399999816894649e+01
3.139199999755859238e+01
3.086399999511718661e+01
3.148799999145507655e+01
3.203199999145508059e+01
3.256000000732421995e+01
3.199999999511718585e+01
3.142399999511718889e+01
3.193599999755859287e+01
3.161599999145507667e+01
3.081600000183105337e+01
3.131199999511718701e+01
3.238399999511718619e+01
3.286399999755859369e+01
3.223999999023437368e+01
3.212800000366210895e+01
3.168000000732421739e+01
3.211199998779297005e+01
3.302399999145507792e+01
3.366399999511718732e+01
3.348800000488281370e+01
3.336000000366210827e+01
3.319999999816894842e+01
3.291200000366210787e+01
3.291199999755859551e+01
3.367999999816894530e+01
3.955200000976562791e+01
3.926399998779297107e+01
3.942400000366210833e+01
3.915199999633789218e+01
4.011200000732421955e+01
4.036799999389648264e+01
4.009599999999999653e+01
4.136000000366210827e+01
4.092799998779296544e+01
4.191999999755859108e+01
4.076799998779296885e+01
4.099199998779296550e+01
4.147200000976562251e+01
4.124799999999999756e+01
4.108800000183105539e+01
4.172800000610351390e+01
4.200000000976562831e+01
4.220799999999999841e+01
4.230400000000000205e+01
4.289600000610351316e+01
4.254399999023437573e+01
4.251199999023437215e+01
4.273599998779296527e+01
4.216000000366211253e+01
4.283200000976562194e+01
4.271999999145507587e+01
4.334400000000000119e+01
4.256000000732421995e+01
4.238399999023437204e+01
4.259199999389648639e+01
4.137599999755859415e+01
4.366399999389648201e+01
4.353599999389648190e+01
4.313599999389648332e+01
4.286399999755859369e+01
4.276799999023437238e+01
4.321599999755859045e+01
4.403199999023437528e+01
4.390400000732422114e+01
4.374400000366210861e+01
4.366400000122069969e+01
4.468800000732422006e+01
4.401599999999999824e+01
4.408000000366210713e+01
4.496000000366210969e+01
4.472000000976562717e+01
4.412799999755859659e+01
4.427199999023437726e+01
4.441599999633788798e+01
4.459200000122070406e+01
4.475199998779297061e+01
4.547200000366211015e+01
4.441599999999999682e+01
4.481600000366211134e+01
4.508800000122070628e+01
4.452800000976562700e+01
4.452799999023437749e+01
4.492800000122070259e+01
4.561599999755859614e+01
4.484800000976562728e+01
4.489600000000000080e+01
4.494399997314452833e+01
4.411199999023437357e+01
4.534399999145507820e+01
4.521600000610351344e+01
4.524800000610351702e+01
4.519999999633789400e+01
4.489599999023437249e+01
4.520000000244140637e+01
4.531200000610351708e+01
4.471999999755859534e+01
4.529599999999999937e+01
4.491199998657226899e+01
4.529600000610351884e+01
4.524799999389648519e+01
4.521599999389648161e+01
4.462400000610351469e+01
4.547200000976562251e+01
4.564800000000000324e+01
4.528000000366210998e+01
4.518399999999999750e+01
4.457600000000000051e+01
4.489600000000000080e+01
4.606399999633789122e+01
4.468799999389648292e+01
4.572800000366211037e+01
4.590400000976562467e+01
4.523199999023437812e+01
4.526399999389648343e+01
4.559999998657226428e+01
4.494400000976562382e+01
4.526399999023437459e+01
4.531199998657226757e+01
4.542399999023437829e+01
4.537600000610351714e+01
4.575999998779296618e+01
4.579199999389648212e+01
4.553599998779296953e+01
4.556799999389648548e+01
4.552000000000000313e+01
