2.546332192001342865e+00
2.424847422180175904e+00
2.334264733276367298e+00
2.276511637725830095e+00
2.220114291839599741e+00
2.204230857009887856e+00
2.184405056610107643e+00
2.156877681274413927e+00
2.127973335723877035e+00
2.124206623458862353e+00
2.105263699913024755e+00
2.086662225341796795e+00
2.103274725723266680e+00
2.075724300498962283e+00
2.059038591194152890e+00
2.041040599899292207e+00
2.025072907257079891e+00
1.999783272666931122e+00
2.000421237792968654e+00
1.996663049697875891e+00
1.985012244186401320e+00
1.965093596343994164e+00
1.949585386047363311e+00
1.961949030609130951e+00
1.994160212478637728e+00
1.968821999359130936e+00
1.939176657485961908e+00
1.999762838973998980e+00
1.959100014114379951e+00
1.953069738769531272e+00
1.964037826004028320e+00
1.944979676399230861e+00
1.956589063758850111e+00
1.931957975540161243e+00
1.942960091629028385e+00
1.944204042053222725e+00
1.920872938156128029e+00
1.923250545959472646e+00
1.953725048980712975e+00
1.940658811035156139e+00
1.921557549514770535e+00
1.921891966247558647e+00
1.930058744201660126e+00
1.932032247085571308e+00
1.953333336563110256e+00
1.939584000587463386e+00
1.916764287872314343e+00
1.945675512580871569e+00
1.941128265991211022e+00
1.932845921974182035e+00
1.940557205429077170e+00
1.952909665679931628e+00
1.949688325500488206e+00
1.944514849624633834e+00
1.925114880676269458e+00
1.923905722465515167e+00
1.945411322860717718e+00
1.952580688591003311e+00
1.938920995483398357e+00
1.941925684890747128e+00
1.950051078910827629e+00
1.948096018333435042e+00
1.948670229492187600e+00
1.959188602294921866e+00
1.928247368392944416e+00
1.941780723648071305e+00
1.944371897087097123e+00
1.960170523147582999e+00
1.969382690658569413e+00
1.947389029464721588e+00
1.931965022583007840e+00
1.927366649017334010e+00
1.965289965438842712e+00
1.929453217468261705e+00
1.926325828475952129e+00
1.949931294174194418e+00
1.981446763305664049e+00
1.953471174468994098e+00
1.954101266975402762e+00
1.957882131080627364e+00
1.960022597656249976e+00
1.951415130157470701e+00
1.957063071556091272e+00
1.954701228485107523e+00
1.961295928001403732e+00
1.943685021629333542e+00
1.943956563796997106e+00
1.941477965354919455e+00
1.974114964485168544e+00
1.984244074172973660e+00
1.996025487442016688e+00
1.971689334564209028e+00
1.983553330383300839e+00
1.952498258209228510e+00
1.943476691856384386e+00
1.978000495071411180e+00
1.963056600151062092e+00
1.951565834884643635e+00
1.959114356460571305e+00
1.967492069396972632e+00
1.808379732551574692e+00
1.802802746849060167e+00
1.802265824890136647e+00
1.807485376319885262e+00
1.805789077148437505e+00
1.814249097023010293e+00
1.804558401260375922e+00
1.830470577163696211e+00
1.805694186935424828e+00
1.807119416770935016e+00
1.815016365661621167e+00
1.819900978240966749e+00
1.820841966323852645e+00
1.803196360893249528e+00
1.796161038627624551e+00
1.817227568511962987e+00
1.817198248558044460e+00
1.826082136421203650e+00
1.802748507537841771e+00
1.811495855026245216e+00
1.799599494285583523e+00
1.824461258888244730e+00
1.819969981842040951e+00
1.811891030120849511e+00
1.837738264198303328e+00
1.816511983909606887e+00
1.809646327743530181e+00
1.829687593116760214e+00
1.807519568519592390e+00
1.818595829811096243e+00
1.813214845352172810e+00
1.818966831436157117e+00
1.806447679214477464e+00
1.812093013114929096e+00
1.806203444938659697e+00
1.807675399246215786e+00
1.800650673522949274e+00
1.809070785102844248e+00
1.792511020965576130e+00
1.795945153541564920e+00
1.802174151954650805e+00
1.788728444671630946e+00
1.808098394622802640e+00
1.791987290306091385e+00
1.802509007263183527e+00
1.814282222137451273e+00
1.804406345024108793e+00
1.803475280456543040e+00
1.798432037315368603e+00
1.815789941024780196e+00
1.763186490821838426e+00
1.789741136779785080e+00
1.772289037666320732e+00
1.781799417915344241e+00
1.792979270706176687e+00
1.788257151870727535e+00
1.777066468467712435e+00
1.797346327857971104e+00
1.782200628547668364e+00
1.796541995697021443e+00
1.785228597869872980e+00
1.766505103988647463e+00
1.784866734542846611e+00
1.781360855827331502e+00
1.782500763397216748e+00
1.779275039978027273e+00
1.789673178558349509e+00
1.760918097496032786e+00
1.776619842643737845e+00
1.782472570610046381e+00
1.785226661186218200e+00
1.777017485046386680e+00
1.771157001838684186e+00
1.772676116333007812e+00
1.783266081695556560e+00
1.784337630462646374e+00
1.765435660476684543e+00
1.794696024360656672e+00
1.785017377090454049e+00
1.785463959274292023e+00
1.775409961051940932e+00
1.782975969314575249e+00
1.801715047760009680e+00
1.780424946174621548e+00
1.797823286361694306e+00
1.783060264205932555e+00
1.778150929336547836e+00
1.780967848243713458e+00
1.767686587066650494e+00
1.778168370056152359e+00
1.778730225486755412e+00
1.790135775985717714e+00
1.774305384597778312e+00
1.769108482971191387e+00
1.774300376892089748e+00
1.788419469299316500e+00
1.779707613449096781e+00
1.779701257095336997e+00
1.773229714279174862e+00
1.783132655029296965e+00
