1.008000000244140537e+01
1.118399999572753956e+01
1.348800000244140662e+01
1.446399999511718804e+01
1.689599999877929548e+01
1.622399999908447299e+01
1.790399999877929815e+01
1.865600000183105323e+01
2.030399999755859497e+01
1.990400000183105433e+01
2.076799999938964802e+01
2.142399999938964683e+01
2.231999999877929852e+01
2.246400000488281279e+01
2.279999999572753921e+01
2.424000000732421967e+01
2.519999999877929753e+01
2.438400000183105476e+01
2.609600000183105450e+01
2.600000000488281415e+01
2.555200000122070136e+01
2.569600000183105593e+01
2.576000000183105598e+01
2.604799999145507883e+01
2.812799999572753862e+01
2.662399999145507934e+01
2.660799999511718639e+01
2.764800000122070145e+01
2.774400000122070153e+01
2.795200000183105615e+01
2.806399999145507707e+01
2.862400000732422001e+01
2.827199999511718786e+01
2.876800000976562544e+01
2.889599999755859372e+01
2.855999999145507928e+01
2.836799999511718795e+01
2.955200000122070136e+01
2.910399999145507977e+01
2.880000000488281131e+01
2.873599999145507766e+01
2.991999998779296988e+01
2.910399998779296737e+01
2.851199999816894604e+01
3.056000000122070404e+01
2.990399999145507692e+01
2.931199999816894675e+01
2.916799999755859218e+01
2.863999999877929525e+01
2.927999998779296931e+01
2.996799999816894555e+01
2.955200000732421728e+01
3.003200000122070179e+01
3.049600000122070398e+01
3.070399999816894621e+01
2.838399999816894592e+01
3.134400000488281179e+01
3.089599999816894638e+01
2.993599999511718579e+01
3.092799999145507783e+01
3.081599998779296712e+01
3.121599999755859400e+01
3.067200000488281120e+01
3.079999999816894629e+01
3.076799999816894626e+01
3.004800000183105624e+01
3.062400000122070409e+01
3.015999999145507715e+01
3.017600000488281253e+01
3.011199999877929656e+01
2.990400000183105433e+01
3.124799999755859403e+01
2.916800000183105368e+01
3.099199999389648497e+01
3.159999999816894700e+01
3.193600000122070171e+01
3.030399999145507905e+01
3.064000000488281117e+01
3.089599999877929548e+01
3.124799998779296928e+01
3.091199999511718843e+01
3.116799999389648335e+01
3.259200000732421643e+01
3.257599999511718636e+01
3.128000000732421881e+01
3.155200000183105402e+01
3.233599999511718437e+01
3.284800000122070429e+01
3.151999999816894515e+01
3.217600000122070014e+01
3.272000000488281302e+01
3.292800000732422205e+01
3.279999999145508127e+01
3.175999999877929625e+01
3.115200000122070279e+01
3.222399999389648428e+01
3.163199999908447424e+01
3.366400000122069969e+01
3.123200000732421699e+01
3.246400000732421631e+01
3.764800000732422092e+01
3.806399998779296823e+01
3.814399999755859483e+01
3.857599999389648104e+01
3.873599999389648474e+01
3.892800000610351674e+01
3.955199999999999960e+01
3.932800000366211179e+01
4.019199999389648781e+01
4.009600000732422131e+01
4.055999999389648281e+01
3.948799999145507655e+01
4.054399999755859341e+01
4.014399999389648599e+01
3.999999999023437169e+01
4.094400000366211145e+01
4.118400000732422228e+01
4.039999999145507559e+01
4.009600000976562484e+01
4.081600000732422018e+01
4.006399998779296823e+01
4.086400000366210605e+01
4.051199998779296862e+01
4.190399999389648400e+01
4.116800000976562757e+01
4.190400000366211231e+01
4.134400000610351356e+01
4.167999999145507672e+01
4.156800000732421552e+01
4.153599999755859074e+01
4.171199999755859267e+01
4.216000000732422137e+01
4.259199998779296692e+01
4.188799999389648576e+01
4.193600000732421762e+01
4.174400000366210861e+01
4.249600000366211106e+01
4.225600000732421790e+01
4.196800000000000352e+01
4.276800000000000068e+01
4.315200000122070634e+01
4.297600000366210793e+01
4.179199999755859096e+01
4.291200000366210787e+01
4.329599999755859585e+01
4.225600000976562853e+01
4.246399999389648627e+01
4.264000000366210941e+01
4.268800000366211123e+01
4.272000000366210770e+01
4.316800000610351873e+01
4.375999999511719096e+01
4.398400000000000176e+01
4.313599999755859216e+01
4.377599999633788741e+01
4.491199999633789020e+01
4.379199999145507860e+01
4.311999999816894302e+01
4.323199999389648696e+01
4.360000000610351378e+01
4.351999999755859250e+01
4.348799998779296772e+01
4.353599999145507837e+01
4.374400000122070509e+01
4.359999998779296959e+01
4.427199998779296664e+01
4.408000000366210713e+01
4.448000000976562518e+01
4.329599999389648701e+01
4.361599998779296783e+01
4.353599998779296953e+01
4.350399998779296595e+01
4.403200000366211242e+01
4.347200000366211015e+01
4.395200000610351765e+01
4.428799999145508082e+01
4.364799999389648377e+01
4.407999999145507530e+01
4.382399999389648571e+01
4.380800000366210867e+01
4.390399999145508048e+01
4.351999999755859250e+01
4.454400001464843939e+01
4.427200000610351793e+01
4.387200000122070520e+01
4.404800000732421950e+01
4.430399998779297022e+01
4.408000000976562660e+01
4.409600000976562484e+01
4.355199998779296777e+01
4.363199999755859437e+01
4.412799999389648775e+01
4.364799999755859261e+01
4.361600000976562796e+01
4.345600000244140659e+01
4.382399998779296624e+01
4.425599999023437192e+01
4.406399998779296823e+01
4.464000000366210941e+01
4.392000000732421938e+01
