1.011999988555908203e+01
1.182999992370605469e+01
1.297999954223632812e+01
1.377999973297119141e+01
1.528999996185302734e+01
1.985999870300292969e+01
1.942000007629394531e+01
1.863999938964843750e+01
2.248999977111816406e+01
2.261999893188476562e+01
2.375000000000000000e+01
2.196999931335449219e+01
2.040999984741210938e+01
2.307999992370605469e+01
2.562999916076660156e+01
2.351999855041503906e+01
2.504999923706054688e+01
2.347999954223632812e+01
2.256999969482421875e+01
2.598999977111816406e+01
2.318000030517578125e+01
2.556999969482421875e+01
2.462999916076660156e+01
2.401999855041503906e+01
2.850000000000000000e+01
2.390999984741210938e+01
2.673999977111816406e+01
2.936999893188476562e+01
3.005999946594238281e+01
2.947999954223632812e+01
2.947999954223632812e+01
2.680999946594238281e+01
2.868999862670898438e+01
2.893999862670898438e+01
2.698999977111816406e+01
2.973999977111816406e+01
2.932999992370605469e+01
2.771999931335449219e+01
2.635999870300292969e+01
2.956999969482421875e+01
2.468999862670898438e+01
2.872999954223632812e+01
2.967999839782714844e+01
2.921999931335449219e+01
3.215999984741210938e+01
3.086999893188476562e+01
2.826000022888183594e+01
2.893999862670898438e+01
2.940999984741210938e+01
2.952999877929687500e+01
2.844999885559082031e+01
2.892000007629394531e+01
3.164999961853027344e+01
3.120999908447265625e+01
3.134999847412109375e+01
3.051999855041503906e+01
2.859999847412109375e+01
2.997999954223632812e+01
3.192000007629394531e+01
3.192999839782714844e+01
3.069999885559082031e+01
3.245999908447265625e+01
3.188999938964843750e+01
3.078999900817871094e+01
3.017999839782714844e+01
2.943999862670898438e+01
3.034999847412109375e+01
2.961999893188476562e+01
3.270000076293945312e+01
3.214999771118164062e+01
3.243000030517578125e+01
3.196999931335449219e+01
3.042000007629394531e+01
3.184999847412109375e+01
3.359999847412109375e+01
3.169999885559082031e+01
3.159999847412109375e+01
3.068999862670898438e+01
3.202000045776367188e+01
3.254000091552734375e+01
3.432999801635742188e+01
2.877999877929687500e+01
3.234000015258789062e+01
2.906999969482421875e+01
3.148999977111816406e+01
3.298999786376953125e+01
3.318999862670898438e+01
3.261000061035156250e+01
3.247999954223632812e+01
3.295999908447265625e+01
3.311000061035156250e+01
3.375000000000000000e+01
3.173999977111816406e+01
3.534000015258789062e+01
3.238000106811523438e+01
3.220000076293945312e+01
3.306999969482421875e+01
3.184999847412109375e+01
3.296999740600585938e+01
3.261999893188476562e+01
3.537999725341796875e+01
3.572999954223632812e+01
3.520000076293945312e+01
3.577999877929687500e+01
3.593000030517578125e+01
3.561999893188476562e+01
3.618000030517578125e+01
3.606999969482421875e+01
3.595000076293945312e+01
3.595000076293945312e+01
3.641999816894531250e+01
3.632999801635742188e+01
3.589999771118164062e+01
3.636000061035156250e+01
3.646999740600585938e+01
3.609999847412109375e+01
3.618999862670898438e+01
3.554000091552734375e+01
3.636000061035156250e+01
3.640999984741210938e+01
3.625000000000000000e+01
3.662999725341796875e+01
3.668999862670898438e+01
3.659999847412109375e+01
3.641999816894531250e+01
3.720000076293945312e+01
3.661000061035156250e+01
3.689999771118164062e+01
3.657999801635742188e+01
3.725000000000000000e+01
3.770000076293945312e+01
3.730999755859375000e+01
3.695999908447265625e+01
3.638999938964843750e+01
3.775999832153320312e+01
3.752999877929687500e+01
3.807999801635742188e+01
3.761000061035156250e+01
3.761999893188476562e+01
3.727000045776367188e+01
3.795000076293945312e+01
3.761000061035156250e+01
3.815999984741210938e+01
3.759999847412109375e+01
3.734000015258789062e+01
3.830999755859375000e+01
3.784999847412109375e+01
3.862999725341796875e+01
3.875999832153320312e+01
3.827999877929687500e+01
3.852999877929687500e+01
3.854000091552734375e+01
3.848999786376953125e+01
3.843999862670898438e+01
3.862999725341796875e+01
3.857999801635742188e+01
3.847999954223632812e+01
3.863999938964843750e+01
3.862999725341796875e+01
3.845999908447265625e+01
3.852000045776367188e+01
3.841999816894531250e+01
3.873999786376953125e+01
3.864999771118164062e+01
3.863999938964843750e+01
3.879999923706054688e+01
3.862999725341796875e+01
3.861000061035156250e+01
3.850000000000000000e+01
3.861999893188476562e+01
3.845999908447265625e+01
3.850000000000000000e+01
3.875999832153320312e+01
3.859999847412109375e+01
3.864999771118164062e+01
3.888999938964843750e+01
3.865999984741210938e+01
3.893999862670898438e+01
3.859999847412109375e+01
3.888999938964843750e+01
3.893000030517578125e+01
3.850999832153320312e+01
3.866999816894531250e+01
3.877999877929687500e+01
3.880999755859375000e+01
3.906999969482421875e+01
3.900999832153320312e+01
3.873999786376953125e+01
3.886000061035156250e+01
3.890999984741210938e+01
3.902999877929687500e+01
3.875000000000000000e+01
3.891999816894531250e+01
3.884000015258789062e+01
3.870000076293945312e+01
3.861999893188476562e+01
3.857999801635742188e+01
3.873999786376953125e+01
3.870000076293945312e+01
3.906999969482421875e+01
