2.526825114059448207e+00
2.438483038024902516e+00
2.368853909454345708e+00
2.339126200408935485e+00
2.257970983200073167e+00
2.248434191513061453e+00
2.227760134963989280e+00
2.192364481811523547e+00
2.181390300140380933e+00
2.174083521041870082e+00
2.147605969161987094e+00
2.135890202713012886e+00
2.097533138046264511e+00
2.092621381378173773e+00
2.086335139846801745e+00
2.052952526702880753e+00
2.049893186340332019e+00
2.038511634063720823e+00
2.013658762741088903e+00
2.009123533897399838e+00
2.022289225997924600e+00
2.005999572143554843e+00
1.995153850135803264e+00
1.996465382957458568e+00
1.972969614486694390e+00
1.993837176895141505e+00
1.984938955154418982e+00
1.974945432128906164e+00
1.975130290412902889e+00
1.963180376892089907e+00
1.977572516899108956e+00
1.950620776329040629e+00
1.977745643577575763e+00
1.940307215461730905e+00
1.965140677108764722e+00
1.963612044372558652e+00
1.965099327926635775e+00
1.959968188285827528e+00
1.951154199523925881e+00
1.959853575477600085e+00
1.960201390190124515e+00
1.918640987205505466e+00
1.976035718879699754e+00
1.980922994155883687e+00
1.931342641372680635e+00
1.946071494140624969e+00
1.952392568511962967e+00
1.924355425109863349e+00
1.967362433395385635e+00
1.944138761253356940e+00
1.927729332466125545e+00
1.917019590072631896e+00
1.938489739837646386e+00
1.917845455398559551e+00
1.923927792282104532e+00
1.946641997947692770e+00
1.914504622344970652e+00
1.930052193794250526e+00
1.939751352920532135e+00
1.912534555358886612e+00
1.917202190284728935e+00
1.934931561813354461e+00
1.937301983985900922e+00
1.920475370788574221e+00
1.920537870979309059e+00
1.933701755065917904e+00
1.906448753280639563e+00
1.941411285171508849e+00
1.948338197212219347e+00
1.925170474319457981e+00
1.908844180679321267e+00
1.906801327819824143e+00
1.939753112869262663e+00
1.919341689682006802e+00
1.917060356597900306e+00
1.908610866470336953e+00
1.943362846946716349e+00
1.922460574913024800e+00
1.926355750503540021e+00
1.929134630355834990e+00
1.922319827919006352e+00
1.930423641090392994e+00
1.914893898620605439e+00
1.898146609420776398e+00
1.909262485809326115e+00
1.904184298324584912e+00
1.901666840744018483e+00
1.896526876335143941e+00
1.898635469627380390e+00
1.895107448959350682e+00
1.895517680664062565e+00
1.906567376785278212e+00
1.908539969558715743e+00
1.906724312667846588e+00
1.942457985496520934e+00
1.912244604187011809e+00
1.940422315063476510e+00
1.890208392181396579e+00
1.943592182388305556e+00
1.881476498451232882e+00
1.725167398376464822e+00
1.721492777099609350e+00
1.724199255523681584e+00
1.727227333946228072e+00
1.723418744087219290e+00
1.729706193809509296e+00
1.716714454231262232e+00
1.732345835075378426e+00
1.727273848495483488e+00
1.750781990013122513e+00
1.748182294654846203e+00
1.750074254188537681e+00
1.737547289161682107e+00
1.735509461441040013e+00
1.757420412178039459e+00
1.752568144607543843e+00
1.751114479064941332e+00
1.765983685569763262e+00
1.770747319564819344e+00
1.766130986175537210e+00
1.774062608528137241e+00
1.749120637435913173e+00
1.782389769439697291e+00
1.764962997856140081e+00
1.761707080993652363e+00
1.770448863601684630e+00
1.756835900268554740e+00
1.761210069198608341e+00
1.760692028503417994e+00
1.773866758804321320e+00
1.764213061828613371e+00
1.756020975112914995e+00
1.767230418624877952e+00
1.730312227935790981e+00
1.756813846206665142e+00
1.755359038238525349e+00
1.743451899108886760e+00
1.747573664932251081e+00
1.761358415336608862e+00
1.755187095756530757e+00
1.748928234558105421e+00
1.746892648963928263e+00
1.754302217712402356e+00
1.759421233863830647e+00
1.766705924606323252e+00
1.760993231163024975e+00
1.759704608001708914e+00
1.771016335754394433e+00
1.778497992782592796e+00
1.761780561141967683e+00
1.748889051628112812e+00
1.722105786819458029e+00
1.751546664810180731e+00
1.772892263565063464e+00
1.732279931373596149e+00
1.734711493453979569e+00
1.747390405387878376e+00
1.763657019424438532e+00
1.742256309089660560e+00
1.759241518440246566e+00
1.765367448577880749e+00
1.752841827049255397e+00
1.741469649467468184e+00
1.735405495872497594e+00
1.750266440811157231e+00
1.733237049903869620e+00
1.739759063644409132e+00
1.748377514953613376e+00
1.755132519645690836e+00
1.741381683616638254e+00
1.741237131233215329e+00
1.754892022743225199e+00
1.753309679946899458e+00
1.743324020080566417e+00
1.736673497543334888e+00
1.730030291366577044e+00
1.749407532958984435e+00
1.740942569198608458e+00
1.749800560035705610e+00
1.742128616676330566e+00
1.739144927520752004e+00
1.773859138946533243e+00
1.727441485977172952e+00
1.750445332374572782e+00
1.756621523895263604e+00
1.747585038299560578e+00
1.751665741310119540e+00
1.739443628463745117e+00
1.750025099945068385e+00
1.754315219917297330e+00
1.760323272933959959e+00
1.739346008682250977e+00
1.759670684700012311e+00
1.758356553001403810e+00
1.744293827438354594e+00
1.740217791595459085e+00
1.732558701400756851e+00
1.753381678237915020e+00
1.748522912559509201e+00
1.750162487640380959e+00
