1.313501954078674316e+01
1.252725124359130859e+01
1.257247781753540039e+01
1.251091480255126953e+01
1.258507418632507324e+01
1.266148447990417480e+01
1.253856301307678223e+01
1.262980985641479492e+01
1.275045442581176758e+01
1.256171536445617676e+01
1.257630586624145508e+01
1.254324841499328613e+01
1.260403227806091309e+01
1.263185024261474609e+01
1.256356191635131836e+01
1.265896129608154297e+01
1.255478882789611816e+01
1.257572913169860840e+01
1.262617468833923340e+01
1.260677742958068848e+01
1.263540434837341309e+01
1.260882544517517090e+01
1.264320468902587891e+01
1.261748647689819336e+01
1.256841468811035156e+01
1.258606743812561035e+01
1.262947988510131836e+01
1.269915270805358887e+01
1.264771032333374023e+01
1.256358647346496582e+01
1.255148458480834961e+01
1.264517140388488770e+01
1.253989434242248535e+01
1.255072188377380371e+01
1.254926729202270508e+01
1.250901460647583008e+01
1.267432284355163574e+01
1.262180805206298828e+01
1.258707094192504883e+01
1.260062360763549805e+01
1.255545353889465332e+01
1.265390086174011230e+01
1.262807083129882812e+01
1.264163661003112793e+01
1.258727884292602539e+01
1.265765929222106934e+01
1.267531418800354004e+01
1.260336399078369141e+01
1.261455345153808594e+01
1.253053164482116699e+01
1.262007403373718262e+01
1.260610294342041016e+01
1.254815292358398438e+01
1.260361456871032715e+01
1.263843584060668945e+01
1.258056044578552246e+01
1.264252710342407227e+01
1.259770917892456055e+01
1.268616795539855957e+01
1.259782576560974121e+01
1.258321547508239746e+01
1.263463115692138672e+01
1.258765554428100586e+01
1.253625392913818359e+01
1.264919853210449219e+01
1.261454415321350098e+01
1.256046748161315918e+01
1.261689734458923340e+01
1.260091352462768555e+01
1.270278477668762207e+01
1.263622379302978516e+01
1.261195111274719238e+01
1.258372831344604492e+01
1.266803073883056641e+01
1.263064289093017578e+01
1.265028047561645508e+01
1.262887167930603027e+01
1.266327524185180664e+01
1.265849709510803223e+01
1.268388557434082031e+01
1.265620160102844238e+01
1.263206338882446289e+01
1.264587092399597168e+01
1.266606616973876953e+01
1.267759394645690918e+01
1.279876399040222168e+01
1.255162358283996582e+01
1.266457915306091309e+01
1.264139580726623535e+01
1.268097257614135742e+01
1.259392499923706055e+01
1.258183646202087402e+01
1.262144303321838379e+01
1.266159129142761230e+01
1.265479183197021484e+01
1.259090113639831543e+01
1.260007882118225098e+01
1.260783147811889648e+01
1.270308494567871094e+01
1.252468609809875488e+01
1.260514187812805176e+01
1.258093023300170898e+01
1.263532662391662598e+01
1.263761210441589355e+01
1.266675043106079102e+01
1.260992550849914551e+01
1.260160422325134277e+01
1.273427486419677734e+01
1.262972307205200195e+01
1.262897610664367676e+01
1.260548806190490723e+01
1.253821802139282227e+01
1.267934131622314453e+01
1.253207278251647949e+01
1.257523775100708008e+01
1.260598492622375488e+01
1.262278985977172852e+01
1.256220817565917969e+01
1.260272097587585449e+01
1.259557747840881348e+01
1.259502124786376953e+01
1.260422539710998535e+01
1.258746004104614258e+01
1.254639339447021484e+01
1.271158170700073242e+01
1.258866858482360840e+01
1.255826807022094727e+01
1.252219486236572266e+01
1.260062742233276367e+01
1.262948417663574219e+01
1.261850619316101074e+01
1.260750436782836914e+01
1.255285358428955078e+01
1.273585629463195801e+01
1.268817973136901855e+01
1.264052891731262207e+01
1.265203714370727539e+01
1.253821086883544922e+01
1.263268804550170898e+01
1.261957263946533203e+01
1.258810901641845703e+01
1.261430501937866211e+01
1.267362666130065918e+01
1.263207554817199707e+01
1.255939841270446777e+01
1.264148569107055664e+01
1.263476157188415527e+01
1.257480740547180176e+01
1.258413171768188477e+01
1.263257360458374023e+01
1.271071934700012207e+01
1.259295344352722168e+01
1.271046662330627441e+01
1.271318507194519043e+01
1.258218455314636230e+01
1.263414788246154785e+01
1.268945717811584473e+01
1.258138155937194824e+01
1.254005670547485352e+01
1.257033157348632812e+01
1.264703631401062012e+01
1.269406080245971680e+01
1.258947491645812988e+01
1.260615682601928711e+01
1.267301416397094727e+01
1.262955164909362793e+01
1.257704591751098633e+01
1.256084871292114258e+01
1.263678050041198730e+01
1.256100893020629883e+01
1.257546854019165039e+01
1.259877681732177734e+01
1.259246349334716797e+01
1.257258415222167969e+01
1.256583094596862793e+01
1.256949949264526367e+01
1.258349919319152832e+01
1.260118746757507324e+01
1.257893562316894531e+01
1.260335969924926758e+01
1.256833076477050781e+01
1.262039947509765625e+01
1.259124088287353516e+01
1.258019948005676270e+01
1.257638072967529297e+01
1.258939957618713379e+01
1.261923718452453613e+01
1.258636903762817383e+01
1.263730812072753906e+01
1.261493492126464844e+01
1.252388429641723633e+01
1.261397886276245117e+01
1.251953673362731934e+01
1.258648443222045898e+01
1.262515211105346680e+01
1.256996178627014160e+01
1.255028796195983887e+01
1.264517164230346680e+01
1.259843206405639648e+01
1.269876742362976074e+01
