2.272120714187622070e+01
2.230479550361633301e+01
2.224648404121398926e+01
2.243385028839111328e+01
2.234366846084594727e+01
2.226039099693298340e+01
2.246601176261901855e+01
2.244780969619750977e+01
2.228438210487365723e+01
2.286026644706726074e+01
2.262256097793579102e+01
2.259742617607116699e+01
2.220198512077331543e+01
2.247356295585632324e+01
2.218666124343872070e+01
2.241087436676025391e+01
2.245022726058959961e+01
2.262223196029663086e+01
2.244068503379821777e+01
2.241346454620361328e+01
2.225351953506469727e+01
2.249299097061157227e+01
2.251370263099670410e+01
2.235791373252868652e+01
2.223546361923217773e+01
2.224295783042907715e+01
2.226508164405822754e+01
2.269508409500122070e+01
2.234563565254211426e+01
2.275867557525634766e+01
2.253985357284545898e+01
2.218202280998229980e+01
2.270292830467224121e+01
2.262181496620178223e+01
2.267555761337280273e+01
2.235129523277282715e+01
2.251708269119262695e+01
2.282647371292114258e+01
2.244404363632202148e+01
2.228116607666015625e+01
2.230456209182739258e+01
2.227166724205017090e+01
2.223008275032043457e+01
2.250693178176879883e+01
2.288273382186889648e+01
2.248011064529418945e+01
2.234480381011962891e+01
2.224074411392211914e+01
2.274473953247070312e+01
2.221448516845703125e+01
2.228085017204284668e+01
2.225721859931945801e+01
2.221838665008544922e+01
2.268481945991516113e+01
2.212050580978393555e+01
2.268190884590148926e+01
2.230775260925292969e+01
2.226695060729980469e+01
2.218443417549133301e+01
2.220647263526916504e+01
2.228127408027648926e+01
2.219690513610839844e+01
2.218800902366638184e+01
2.230258011817932129e+01
2.237586045265197754e+01
2.258512353897094727e+01
2.208797979354858398e+01
2.280536866188049316e+01
2.248757171630859375e+01
2.239975094795227051e+01
2.250343847274780273e+01
2.203540396690368652e+01
2.244759273529052734e+01
2.247902727127075195e+01
2.215481781959533691e+01
2.239919638633728027e+01
2.217324161529541016e+01
2.235504317283630371e+01
2.270027184486389160e+01
2.234476232528686523e+01
2.235350251197814941e+01
2.233213949203491211e+01
2.253054690361022949e+01
2.235879921913146973e+01
2.253143382072448730e+01
2.237485122680664062e+01
2.237269139289855957e+01
2.237330603599548340e+01
2.258948659896850586e+01
2.274642157554626465e+01
2.219292306900024414e+01
2.219520473480224609e+01
2.256979632377624512e+01
2.216127204895019531e+01
2.253457760810852051e+01
2.213239288330078125e+01
2.229517054557800293e+01
2.223527836799621582e+01
2.271375656127929688e+01
2.212452983856201172e+01
2.228113317489624023e+01
2.220137453079223633e+01
2.218043971061706543e+01
2.238821005821228027e+01
2.227447843551635742e+01
2.223426342010498047e+01
2.246326398849487305e+01
2.222151398658752441e+01
2.234639573097229004e+01
2.248806285858154297e+01
2.242000126838684082e+01
2.227815437316894531e+01
2.269743752479553223e+01
2.242831993103027344e+01
2.243260693550109863e+01
2.278823137283325195e+01
2.214803647994995117e+01
2.239709067344665527e+01
2.246712565422058105e+01
2.215795040130615234e+01
2.251940441131591797e+01
2.234928441047668457e+01
2.212505125999450684e+01
2.235731649398803711e+01
2.213055515289306641e+01
2.230690860748291016e+01
2.228237152099609375e+01
2.260404706001281738e+01
2.249230766296386719e+01
2.224276113510131836e+01
2.223039507865905762e+01
2.247719454765319824e+01
2.229419350624084473e+01
2.218050885200500488e+01
2.232839632034301758e+01
2.219771361351013184e+01
2.236382770538330078e+01
2.250826597213745117e+01
2.219103407859802246e+01
2.247454547882080078e+01
2.216667604446411133e+01
2.204657554626464844e+01
2.243989682197570801e+01
2.226304674148559570e+01
2.282392477989196777e+01
2.273917651176452637e+01
2.219796514511108398e+01
2.204016709327697754e+01
2.208387589454650879e+01
2.289749383926391602e+01
2.238589382171630859e+01
2.255753803253173828e+01
2.238122415542602539e+01
2.217061495780944824e+01
2.234697628021240234e+01
2.260513591766357422e+01
2.224520874023437500e+01
2.233903980255126953e+01
2.252327966690063477e+01
2.242063951492309570e+01
2.265566492080688477e+01
2.216761016845703125e+01
2.226912569999694824e+01
2.215165686607360840e+01
2.215620541572570801e+01
2.212899255752563477e+01
2.230356168746948242e+01
2.209229159355163574e+01
2.226631736755371094e+01
2.253956890106201172e+01
2.254977869987487793e+01
2.221384310722351074e+01
2.240028047561645508e+01
2.201186561584472656e+01
2.243278908729553223e+01
2.229260420799255371e+01
2.208721303939819336e+01
2.228280377388000488e+01
2.199374318122863770e+01
2.264604759216308594e+01
2.200253367424011230e+01
2.241269993782043457e+01
2.219644117355346680e+01
2.213265585899353027e+01
2.216493558883666992e+01
2.228986144065856934e+01
2.242449975013732910e+01
2.220572543144226074e+01
2.212837171554565430e+01
2.207841253280639648e+01
2.221406388282775879e+01
2.206948518753051758e+01
2.214613986015319824e+01
2.198687672615051270e+01
2.224053382873535156e+01
2.198524236679077148e+01
2.203168749809265137e+01
2.245283603668212891e+01
2.212361097335815430e+01
2.233681011199951172e+01
