1.296489763259887695e+01
1.236592936515808105e+01
1.244925975799560547e+01
1.252248811721801758e+01
1.249324297904968262e+01
1.253052067756652832e+01
1.260617804527282715e+01
1.249982571601867676e+01
1.250905227661132812e+01
1.256973242759704590e+01
1.258576774597167969e+01
1.252966451644897461e+01
1.257952785491943359e+01
1.249463129043579102e+01
1.252718949317932129e+01
1.255020213127136230e+01
1.248552846908569336e+01
1.256351470947265625e+01
1.259463524818420410e+01
1.264123773574829102e+01
1.256068754196166992e+01
1.248802185058593750e+01
1.257140111923217773e+01
1.254369473457336426e+01
1.253746438026428223e+01
1.257569980621337891e+01
1.256516575813293457e+01
1.252873873710632324e+01
1.253292298316955566e+01
1.256269550323486328e+01
1.258891248703002930e+01
1.257438635826110840e+01
1.252134108543395996e+01
1.248104023933410645e+01
1.254199218750000000e+01
1.254652476310729980e+01
1.259526968002319336e+01
1.261902952194213867e+01
1.263908600807189941e+01
1.255596923828125000e+01
1.252709245681762695e+01
1.257715606689453125e+01
1.262713336944580078e+01
1.255367541313171387e+01
1.254466915130615234e+01
1.256824493408203125e+01
1.265184783935546875e+01
1.251998281478881836e+01
1.252215433120727539e+01
1.250045752525329590e+01
1.261330199241638184e+01
1.263095593452453613e+01
1.258440923690795898e+01
1.269222974777221680e+01
1.258751249313354492e+01
1.260903143882751465e+01
1.258202266693115234e+01
1.256724262237548828e+01
1.266967272758483887e+01
1.253321862220764160e+01
1.255655741691589355e+01
1.254930305480957031e+01
1.257669258117675781e+01
1.255290007591247559e+01
1.256474661827087402e+01
1.262339186668395996e+01
1.254494118690490723e+01
1.254144954681396484e+01
1.252324128150939941e+01
1.252818465232849121e+01
1.252238202095031738e+01
1.252977490425109863e+01
1.253086280822753906e+01
1.255170154571533203e+01
1.248411011695861816e+01
1.257001972198486328e+01
1.262841200828552246e+01
1.256465268135070801e+01
1.262955975532531738e+01
1.257993245124816895e+01
1.257643151283264160e+01
1.253952527046203613e+01
1.257613182067871094e+01
1.254879927635192871e+01
1.254275989532470703e+01
1.252508735656738281e+01
1.251993989944458008e+01
1.252571249008178711e+01
1.261744499206542969e+01
1.257870817184448242e+01
1.269480800628662109e+01
1.258008241653442383e+01
1.250028157234191895e+01
1.253520655632019043e+01
1.256720614433288574e+01
1.261993455886840820e+01
1.261928486824035645e+01
1.253163123130798340e+01
1.257396960258483887e+01
1.264951014518737793e+01
1.260264468193054199e+01
1.255327534675598145e+01
1.260212802886962891e+01
1.257163548469543457e+01
1.257510161399841309e+01
1.255104017257690430e+01
1.253813886642456055e+01
1.260707616806030273e+01
1.260572266578674316e+01
1.253097176551818848e+01
1.255234575271606445e+01
1.255591273307800293e+01
1.262949728965759277e+01
1.253646421432495117e+01
1.256413197517395020e+01
1.256172966957092285e+01
1.260899686813354492e+01
1.253146243095397949e+01
1.257049417495727539e+01
1.254555463790893555e+01
1.262557911872863770e+01
1.254692602157592773e+01
1.259043693542480469e+01
1.256755638122558594e+01
1.257135605812072754e+01
1.251741456985473633e+01
1.253512644767761230e+01
1.251912927627563477e+01
1.251880955696105957e+01
1.246709418296813965e+01
1.259217762947082520e+01
1.251145505905151367e+01
1.252674746513366699e+01
1.253004169464111328e+01
1.257061791419982910e+01
1.252269148826599121e+01
1.261173152923583984e+01
1.262763333320617676e+01
1.263353657722473145e+01
1.257481646537780762e+01
1.270100784301757812e+01
1.249075484275817871e+01
1.249063873291015625e+01
1.262194728851318359e+01
1.261417150497436523e+01
1.251686048507690430e+01
1.250313854217529297e+01
1.246441745758056641e+01
1.250973820686340332e+01
1.262634110450744629e+01
1.249905586242675781e+01
1.251460742950439453e+01
1.254704594612121582e+01
1.249696326255798340e+01
1.258023619651794434e+01
1.257259392738342285e+01
1.258834123611450195e+01
1.264881563186645508e+01
1.255713009834289551e+01
1.268317604064941406e+01
1.250928211212158203e+01
1.258937859535217285e+01
1.251000165939331055e+01
1.249348425865173340e+01
1.255461144447326660e+01
1.252759742736816406e+01
1.259146881103515625e+01
1.253443574905395508e+01
1.255839133262634277e+01
1.251316595077514648e+01
1.249297213554382324e+01
1.260692882537841797e+01
1.251746368408203125e+01
1.252988219261169434e+01
1.254555320739746094e+01
1.254456448554992676e+01
1.253183245658874512e+01
1.260798954963684082e+01
1.255707836151123047e+01
1.248602843284606934e+01
1.252323198318481445e+01
1.250084614753723145e+01
1.248157739639282227e+01
1.251007246971130371e+01
1.251875710487365723e+01
1.250646734237670898e+01
1.256931757926940918e+01
1.249274921417236328e+01
1.247370123863220215e+01
1.253551340103149414e+01
1.244486165046691895e+01
1.249681282043457031e+01
1.256465959548950195e+01
1.249260950088500977e+01
1.251298666000366211e+01
1.259905290603637695e+01
1.249548864364624023e+01
1.249394297599792480e+01
1.251667833328247070e+01
1.263946700096130371e+01
