1.346712541580200195e+01
1.286627602577209473e+01
1.294607567787170410e+01
1.302319788932800293e+01
1.298458266258239746e+01
1.302774024009704590e+01
1.309559965133666992e+01
1.298814821243286133e+01
1.300406956672668457e+01
1.306063866615295410e+01
1.308061194419860840e+01
1.301958346366882324e+01
1.307797122001647949e+01
1.298266577720642090e+01
1.301701426506042480e+01
1.304494547843933105e+01
1.297942829132080078e+01
1.306136322021484375e+01
1.308455848693847656e+01
1.313366103172302246e+01
1.305021309852600098e+01
1.298059034347534180e+01
1.306715178489685059e+01
1.303530025482177734e+01
1.303406572341918945e+01
1.306418013572692871e+01
1.305524945259094238e+01
1.302562832832336426e+01
1.302429175376892090e+01
1.305925965309143066e+01
1.307766532897949219e+01
1.306464767456054688e+01
1.301378059387207031e+01
1.297276163101196289e+01
1.303889369964599609e+01
1.303709268569946289e+01
1.309036302566528320e+01
1.310837101936340332e+01
1.313241982460021973e+01
1.305158734321594238e+01
1.301688694953918457e+01
1.307637262344360352e+01
1.311569952964782715e+01
1.304443597793579102e+01
1.303692698478698730e+01
1.306055212020874023e+01
1.314867377281188965e+01
1.301096510887145996e+01
1.302057218551635742e+01
1.299155592918395996e+01
1.310299038887023926e+01
1.312415003776550293e+01
1.307614374160766602e+01
1.319154286384582520e+01
1.306707811355590820e+01
1.308775091171264648e+01
1.306359148025512695e+01
1.304266309738159180e+01
1.314946293830871582e+01
1.301046800613403320e+01
1.303567981719970703e+01
1.302801847457885742e+01
1.305240964889526367e+01
1.303374981880187988e+01
1.303993129730224609e+01
1.310809779167175293e+01
1.301860904693603516e+01
1.301614308357238770e+01
1.300483584403991699e+01
1.300416946411132812e+01
1.300497555732727051e+01
1.300471496582031250e+01
1.300793170928955078e+01
1.303074860572814941e+01
1.296239924430847168e+01
1.305372142791748047e+01
1.310508441925048828e+01
1.304733133316040039e+01
1.310234236717224121e+01
1.305572009086608887e+01
1.305914092063903809e+01
1.301605772972106934e+01
1.305793452262878418e+01
1.302076220512390137e+01
1.302059602737426758e+01
1.300831460952758789e+01
1.299571990966796875e+01
1.300889468193054199e+01
1.309353184700012207e+01
1.305729866027832031e+01
1.316778516769409180e+01
1.305754971504211426e+01
1.298113632202148438e+01
1.301202440261840820e+01
1.305014514923095703e+01
1.309415888786315918e+01
1.309620857238769531e+01
1.301088261604309082e+01
1.305303645133972168e+01
1.313057255744934082e+01
1.307719612121582031e+01
1.302816796302795410e+01
1.307948255538940430e+01
1.304906916618347168e+01
1.305786371231079102e+01
1.302784276008605957e+01
1.301503562927246094e+01
1.308222889900207520e+01
1.308449006080627441e+01
1.301172971725463867e+01
1.302655076980590820e+01
1.303621459007263184e+01
1.309940481185913086e+01
1.301713967323303223e+01
1.304220890998840332e+01
1.303936171531677246e+01
1.309029364585876465e+01
1.300424289703369141e+01
1.305409359931945801e+01
1.302065587043762207e+01
1.310121750831604004e+01
1.302911782264709473e+01
1.306736183166503906e+01
1.304823064804077148e+01
1.304785275459289551e+01
1.299520373344421387e+01
1.301345205307006836e+01
1.299747657775878906e+01
1.300339627265930176e+01
1.293963932991027832e+01
1.306877207756042480e+01
1.299385190010070801e+01
1.300355243682861328e+01
1.301319956779479980e+01
1.304498529434204102e+01
1.299996542930603027e+01
1.308664250373840332e+01
1.310491275787353516e+01
1.311550498008728027e+01
1.304826068878173828e+01
1.318253827095031738e+01
1.296370267868041992e+01
1.296668410301208496e+01
1.310245299339294434e+01
1.308776569366455078e+01
1.299841523170471191e+01
1.297800946235656738e+01
1.293958020210266113e+01
1.298525881767272949e+01
1.310891771316528320e+01
1.298194503784179688e+01
1.299369907379150391e+01
1.302617144584655762e+01
1.297595477104187012e+01
1.305646038055419922e+01
1.305222082138061523e+01
1.306288266181945801e+01
1.313243532180786133e+01
1.303547406196594238e+01
1.315963625907897949e+01
1.299015402793884277e+01
1.306527781486511230e+01
1.299296116828918457e+01
1.296924829483032227e+01
1.303234958648681641e+01
1.300922417640686035e+01
1.306968402862548828e+01
1.301660919189453125e+01
1.303234672546386719e+01
1.299971795082092285e+01
1.296479654312133789e+01
1.308581304550170898e+01
1.299829983711242676e+01
1.300407361984252930e+01
1.302584505081176758e+01
1.301646518707275391e+01
1.300820541381835938e+01
1.309054613113403320e+01
1.303204178810119629e+01
1.296875429153442383e+01
1.299617600440979004e+01
1.298144793510437012e+01
1.295700979232788086e+01
1.298563313484191895e+01
1.299999833106994629e+01
1.298245525360107422e+01
1.305027413368225098e+01
1.296734905242919922e+01
1.295100617408752441e+01
1.301628112792968750e+01
1.292371582984924316e+01
1.297601819038391113e+01
1.303621506690979004e+01
1.297076964378356934e+01
1.299509310722351074e+01
1.307413172721862793e+01
1.297341704368591309e+01
1.296648120880126953e+01
1.299387812614440918e+01
1.311480903625488281e+01
