2.501937083663940520e+00
2.457662361526489203e+00
2.378566642227172956e+00
2.280450028076171698e+00
2.277880695190429794e+00
2.268350416793823321e+00
2.219049133529662932e+00
2.204593398590088071e+00
2.202363394012451181e+00
2.170658290481567221e+00
2.156519924926757703e+00
2.135892796249389658e+00
2.097471388626098499e+00
2.088680019760131845e+00
2.091622972717285034e+00
2.057673511123657040e+00
2.047647630081176562e+00
2.034439585113525517e+00
2.018242569427490363e+00
2.009122956657409809e+00
2.034073644142150972e+00
2.017817043495178098e+00
2.016469409179687311e+00
2.006941971244811995e+00
1.989743221130371165e+00
2.029998669815063383e+00
1.975667072944641056e+00
1.977713722915649397e+00
1.974208011932373052e+00
1.962603067016601477e+00
1.980443956222534219e+00
1.941065475730896051e+00
1.994395936737060504e+00
1.929209833679199182e+00
1.945283820495605553e+00
1.958775890121460028e+00
1.956436610336303783e+00
1.959847456817626954e+00
1.939492332954406706e+00
1.965039978218078520e+00
1.977485331954956127e+00
1.951265865325927829e+00
1.941221653213500931e+00
1.954682998886108303e+00
1.966305171203613256e+00
1.969900869827270418e+00
1.948820597953796474e+00
1.935958376693725613e+00
1.942991835517883237e+00
1.943924818191528292e+00
1.935039426879882729e+00
1.940965612869262724e+00
1.961239775619506798e+00
1.923827939834594769e+00
1.933369831619262680e+00
1.925644439239502015e+00
1.937021153678893937e+00
1.922028156471252469e+00
1.927284802169799915e+00
1.929940373268127507e+00
1.921721456413268969e+00
1.895510407524108931e+00
1.937204130516052336e+00
1.932801058578491160e+00
1.928063985443115191e+00
1.914920785980224638e+00
1.917983130874633790e+00
1.966391403999328658e+00
1.931365621299743651e+00
1.940095746726989701e+00
1.914703311576843259e+00
1.941901095046997039e+00
1.935994018592834376e+00
1.911897649307251035e+00
1.922214413948059031e+00
1.926112921409606882e+00
1.940501468811035135e+00
1.907586182594299240e+00
1.905872403182983454e+00
1.922807572097778417e+00
1.925483131103515655e+00
1.909613068389892643e+00
1.909761802749633697e+00
1.912737324447631782e+00
1.940477025337219219e+00
1.926387769393920868e+00
1.911593509445190353e+00
1.890039941215515107e+00
1.914394373703002916e+00
1.915222908630371146e+00
1.931685612030029198e+00
1.933765008773803640e+00
1.937131844940185532e+00
1.890245228576660219e+00
1.902435792846679741e+00
1.906284211273193252e+00
1.900726479606628327e+00
1.915867909889221288e+00
1.939497572174072371e+00
1.890858718605041400e+00
1.699839579582214322e+00
1.704351354598999002e+00
1.717067874717712384e+00
1.715192137870788613e+00
1.717955205383300710e+00
1.721649976768493628e+00
1.727030718727111891e+00
1.727561672058105513e+00
1.735759973106384191e+00
1.736662181282043527e+00
1.753373709831237859e+00
1.747525289573669482e+00
1.736258703460693331e+00
1.749612115135192880e+00
1.748001260757446218e+00
1.749842262039184471e+00
1.749170149230957039e+00
1.751015621070861839e+00
1.739520643119812027e+00
1.749432091445922932e+00
1.743412764854431085e+00
1.764529113578796382e+00
1.746840757789611898e+00
1.758687909011840800e+00
1.738663542594909739e+00
1.766568519096374468e+00
1.753348185882568355e+00
1.743803464889526422e+00
1.778549205513000553e+00
1.751242220535278227e+00
1.773290912055969226e+00
1.748090644340515087e+00
1.749495985031128020e+00
1.732022427902221606e+00
1.761124061012268038e+00
1.744594204635620205e+00
1.770407652053832992e+00
1.724479197006225650e+00
1.753595886688232408e+00
1.750629936866760161e+00
1.766147210617065477e+00
1.751053624420165988e+00
1.749276267166137711e+00
1.763471740455627490e+00
1.749292583084106401e+00
1.741111506690979027e+00
1.765786290473938092e+00
1.758520368385315003e+00
1.751114098854064993e+00
1.759999447174072307e+00
1.738257864837646549e+00
1.722510369453430279e+00
1.735992744255066000e+00
1.749887751350402754e+00
1.720090254745483493e+00
1.739726964950561561e+00
1.750873794784545856e+00
1.737835014038086046e+00
1.748468854522705174e+00
1.750676497764587447e+00
1.739042863998413013e+00
1.736894960193634097e+00
1.735614349594116312e+00
1.749099611053466896e+00
1.728688829727172749e+00
1.722763083724975663e+00
1.750612233009338325e+00
1.737928422355651925e+00
1.737109064712524464e+00
1.726356958084106497e+00
1.729856194190978913e+00
1.741100231781005814e+00
1.741024140701293854e+00
1.744890823707580640e+00
1.739345334320068437e+00
1.745037316284179685e+00
1.738467288589477633e+00
1.723130652618408254e+00
1.742262714691162007e+00
1.751843426551818794e+00
1.745567847747802714e+00
1.754368536071777340e+00
1.757478680458068876e+00
1.727516996726989662e+00
1.759990968208313022e+00
1.744818731994628891e+00
1.731461469459533609e+00
1.736799409446716291e+00
1.755041518249511823e+00
1.757141105003356962e+00
1.737900219497680698e+00
1.752434674377441493e+00
1.732002827186584382e+00
1.730592435913085980e+00
1.740529059715270943e+00
1.735297497558593749e+00
1.735024725532531731e+00
1.737533050613403240e+00
1.742677172737121527e+00
1.746467637901306214e+00
