2.272107481956481934e+01
2.214532780647277832e+01
2.226845598220825195e+01
2.220315575599670410e+01
2.234906125068664551e+01
2.225491118431091309e+01
2.249949288368225098e+01
2.227622818946838379e+01
2.257398939132690430e+01
2.224838972091674805e+01
2.296915245056152344e+01
2.258537602424621582e+01
2.274047327041625977e+01
2.257349896430969238e+01
2.270597362518310547e+01
2.271072244644165039e+01
2.262145686149597168e+01
2.225517868995666504e+01
2.232051730155944824e+01
2.235754823684692383e+01
2.242067885398864746e+01
2.223782563209533691e+01
2.254462027549743652e+01
2.229462218284606934e+01
2.227786636352539062e+01
2.229424357414245605e+01
2.261671233177185059e+01
2.293072938919067383e+01
2.258333277702331543e+01
2.225937604904174805e+01
2.242107200622558594e+01
2.261936593055725098e+01
2.279761099815368652e+01
2.265191268920898438e+01
2.294187092781066895e+01
2.247776746749877930e+01
2.234156513214111328e+01
2.264230132102966309e+01
2.254812622070312500e+01
2.229753303527832031e+01
2.249944496154785156e+01
2.258767175674438477e+01
2.223168873786926270e+01
2.236350345611572266e+01
2.267560672760009766e+01
2.246811532974243164e+01
2.264553904533386230e+01
2.249747204780578613e+01
2.262614536285400391e+01
2.247991728782653809e+01
2.238741874694824219e+01
2.225125694274902344e+01
2.224377918243408203e+01
2.216645359992980957e+01
2.238225817680358887e+01
2.207874631881713867e+01
2.282347464561462402e+01
2.233809733390808105e+01
2.252515935897827148e+01
2.220948982238769531e+01
2.214674282073974609e+01
2.220129656791687012e+01
2.223459553718566895e+01
2.225021481513977051e+01
2.218371963500976562e+01
2.239277052879333496e+01
2.218336224555969238e+01
2.206649351119995117e+01
2.211536669731140137e+01
2.214081001281738281e+01
2.208411288261413574e+01
2.259288573265075684e+01
2.205819129943847656e+01
2.234038019180297852e+01
2.216822123527526855e+01
2.249530887603759766e+01
2.260251808166503906e+01
2.261418581008911133e+01
2.216472601890563965e+01
2.223281526565551758e+01
2.244475317001342773e+01
2.224198627471923828e+01
2.221159100532531738e+01
2.228888869285583496e+01
2.229938864707946777e+01
2.227093791961669922e+01
2.215749287605285645e+01
2.210764551162719727e+01
2.249645328521728516e+01
2.278852152824401855e+01
2.241132640838623047e+01
2.220674610137939453e+01
2.259626126289367676e+01
2.221454071998596191e+01
2.253295278549194336e+01
2.235722827911376953e+01
2.254555034637451172e+01
2.222832345962524414e+01
2.259536123275756836e+01
2.212450504302978516e+01
2.211033797264099121e+01
2.253251981735229492e+01
2.257368302345275879e+01
2.218600583076477051e+01
2.228882789611816406e+01
2.225731873512268066e+01
2.274719095230102539e+01
2.213764023780822754e+01
2.205917596817016602e+01
2.231285190582275391e+01
2.204968810081481934e+01
2.225236320495605469e+01
2.206707072257995605e+01
2.258289122581481934e+01
2.236648821830749512e+01
2.267826437950134277e+01
2.222251200675964355e+01
2.233714985847473145e+01
2.244993543624877930e+01
2.253624033927917480e+01
2.260640740394592285e+01
2.214412236213684082e+01
2.259008836746215820e+01
2.227677440643310547e+01
2.263948607444763184e+01
2.232829022407531738e+01
2.261328005790710449e+01
2.233761119842529297e+01
2.242853593826293945e+01
2.203299760818481445e+01
2.209756088256835938e+01
2.248030686378479004e+01
2.259877991676330566e+01
2.246803092956542969e+01
2.232330179214477539e+01
2.265821743011474609e+01
2.238917112350463867e+01
2.218532323837280273e+01
2.221268796920776367e+01
2.217838478088378906e+01
2.207762074470520020e+01
2.242197728157043457e+01
2.225662684440612793e+01
2.218703174591064453e+01
2.218383407592773438e+01
2.245553708076477051e+01
2.206379508972167969e+01
2.206323981285095215e+01
2.253196310997009277e+01
2.272335696220397949e+01
2.217614507675170898e+01
2.258465647697448730e+01
2.231640124320983887e+01
2.243094992637634277e+01
2.225841164588928223e+01
2.257210683822631836e+01
2.224975872039794922e+01
2.206079363822937012e+01
2.250393891334533691e+01
2.243919610977172852e+01
2.256456780433654785e+01
2.232187914848327637e+01
2.244833350181579590e+01
2.229270672798156738e+01
2.249297809600830078e+01
2.264318609237670898e+01
2.247754716873168945e+01
2.244344854354858398e+01
2.220963907241821289e+01
2.221264529228210449e+01
2.252200555801391602e+01
2.218822431564331055e+01
2.215248274803161621e+01
2.211446881294250488e+01
2.204165220260620117e+01
2.200508236885070801e+01
2.224338722229003906e+01
2.229356932640075684e+01
2.272423267364501953e+01
2.243135190010070801e+01
2.198977708816528320e+01
2.222217154502868652e+01
2.215335321426391602e+01
2.221160268783569336e+01
2.211625170707702637e+01
2.235964155197143555e+01
2.238473248481750488e+01
2.232008600234985352e+01
2.220312905311584473e+01
2.211541199684143066e+01
2.225369882583618164e+01
2.203549385070800781e+01
2.200230145454406738e+01
2.246514177322387695e+01
2.251830363273620605e+01
2.216008520126342773e+01
2.208437609672546387e+01
2.198609042167663574e+01
2.219331192970275879e+01
2.241323757171630859e+01
