1.359051656723022461e+01
1.295312023162841797e+01
1.296540117263793945e+01
1.303531885147094727e+01
1.303908419609069824e+01
1.313411021232604980e+01
1.309415411949157715e+01
1.311763024330139160e+01
1.310068750381469727e+01
1.309001827239990234e+01
1.308650135993957520e+01
1.302197170257568359e+01
1.303617262840270996e+01
1.311660146713256836e+01
1.306942462921142578e+01
1.311205005645751953e+01
1.308754396438598633e+01
1.315309166908264160e+01
1.305482101440429688e+01
1.302800107002258301e+01
1.301595520973205566e+01
1.309892916679382324e+01
1.304300403594970703e+01
1.306531143188476562e+01
1.303205227851867676e+01
1.305378651618957520e+01
1.313472986221313477e+01
1.312983131408691406e+01
1.306403207778930664e+01
1.310079145431518555e+01
1.298700881004333496e+01
1.308491349220275879e+01
1.302955746650695801e+01
1.313494229316711426e+01
1.307275605201721191e+01
1.310696816444396973e+01
1.305564165115356445e+01
1.304296374320983887e+01
1.309092664718627930e+01
1.310301089286804199e+01
1.308556032180786133e+01
1.308336544036865234e+01
1.300009107589721680e+01
1.306293082237243652e+01
1.310110330581665039e+01
1.307584738731384277e+01
1.310057711601257324e+01
1.305538749694824219e+01
1.306939029693603516e+01
1.314079189300537109e+01
1.314885473251342773e+01
1.305967068672180176e+01
1.301249885559082031e+01
1.304880309104919434e+01
1.303437948226928711e+01
1.310275745391845703e+01
1.314267015457153320e+01
1.302072691917419434e+01
1.302933812141418457e+01
1.309667038917541504e+01
1.303852534294128418e+01
1.309453558921813965e+01
1.307289433479309082e+01
1.306872200965881348e+01
1.305670118331909180e+01
1.308023548126220703e+01
1.307733440399169922e+01
1.303764176368713379e+01
1.304691791534423828e+01
1.300569558143615723e+01
1.301647067070007324e+01
1.300802254676818848e+01
1.303384470939636230e+01
1.315102887153625488e+01
1.310263800621032715e+01
1.307986831665039062e+01
1.308431077003479004e+01
1.305006551742553711e+01
1.315736293792724609e+01
1.302245736122131348e+01
1.307792329788208008e+01
1.304602766036987305e+01
1.306513929367065430e+01
1.304268050193786621e+01
1.311237478256225586e+01
1.305361437797546387e+01
1.304712224006652832e+01
1.302116060256958008e+01
1.304893732070922852e+01
1.301532053947448730e+01
1.297956085205078125e+01
1.304387998580932617e+01
1.304454827308654785e+01
1.304974770545959473e+01
1.307187628746032715e+01
1.302588939666748047e+01
1.302193665504455566e+01
1.304863619804382324e+01
1.303231739997863770e+01
1.302132153511047363e+01
1.314926052093505859e+01
1.308819484710693359e+01
1.306307697296142578e+01
1.316290640830993652e+01
1.298951005935668945e+01
1.304584908485412598e+01
1.302137923240661621e+01
1.308843016624450684e+01
1.303896570205688477e+01
1.303365969657897949e+01
1.307032752037048340e+01
1.303595137596130371e+01
1.304288434982299805e+01
1.302724504470825195e+01
1.303333520889282227e+01
1.303038501739501953e+01
1.300031971931457520e+01
1.316853880882263184e+01
1.304351663589477539e+01
1.311218261718750000e+01
1.306927824020385742e+01
1.312885713577270508e+01
1.299515795707702637e+01
1.301400852203369141e+01
1.302893924713134766e+01
1.310372352600097656e+01
1.303518509864807129e+01
1.299870753288269043e+01
1.303167891502380371e+01
1.303075170516967773e+01
1.309419751167297363e+01
1.302521920204162598e+01
1.313522934913635254e+01
1.308042407035827637e+01
1.302843236923217773e+01
1.303931427001953125e+01
1.301966309547424316e+01
1.304104852676391602e+01
1.302287483215332031e+01
1.299391341209411621e+01
1.300098013877868652e+01
1.299522638320922852e+01
1.304533219337463379e+01
1.305810499191284180e+01
1.299937605857849121e+01
1.306982183456420898e+01
1.311465954780578613e+01
1.309851551055908203e+01
1.308152484893798828e+01
1.306456995010375977e+01
1.307293415069580078e+01
1.305372285842895508e+01
1.307342290878295898e+01
1.310222101211547852e+01
1.305954861640930176e+01
1.300132822990417480e+01
1.300615358352661133e+01
1.307542872428894043e+01
1.299301743507385254e+01
1.303143548965454102e+01
1.304603028297424316e+01
1.306230068206787109e+01
1.308246207237243652e+01
1.305596113204956055e+01
1.304911303520202637e+01
1.301858854293823242e+01
1.301038837432861328e+01
1.306878042221069336e+01
1.303467941284179688e+01
1.308556509017944336e+01
1.306505370140075684e+01
1.299225091934204102e+01
1.306380510330200195e+01
1.304816102981567383e+01
1.304308414459228516e+01
1.304248332977294922e+01
1.301231622695922852e+01
1.300917220115661621e+01
1.299956488609313965e+01
1.306779980659484863e+01
1.302411270141601562e+01
1.309262156486511230e+01
1.301656889915466309e+01
1.308335733413696289e+01
1.305500674247741699e+01
1.298817682266235352e+01
1.300043177604675293e+01
1.298038840293884277e+01
1.303399586677551270e+01
1.300483345985412598e+01
1.307142400741577148e+01
1.304268646240234375e+01
1.310398244857788086e+01
1.307690691947937012e+01
1.305474448204040527e+01
1.298995089530944824e+01
1.305706119537353516e+01
1.302953910827636719e+01
1.300614953041076660e+01
1.296171164512634277e+01
