5.022711753845214844e-01
5.003960132598876953e-01
4.968116283416748047e-01
5.006692409515380859e-01
4.913525581359863281e-01
4.971585273742675781e-01
4.893989562988281250e-01
4.883906841278076172e-01
4.950308799743652344e-01
4.909343719482421875e-01
4.949021339416503906e-01
4.899406433105468750e-01
4.985170364379882812e-01
4.880096912384033203e-01
4.898159503936767578e-01
4.947528839111328125e-01
4.939293861389160156e-01
4.978623390197753906e-01
4.898962974548339844e-01
4.924125671386718750e-01
4.896585941314697266e-01
4.925308227539062500e-01
4.965567588806152344e-01
4.915802478790283203e-01
4.965724945068359375e-01
4.884335994720458984e-01
4.900405406951904297e-01
4.969570636749267578e-01
4.914255142211914062e-01
4.966034889221191406e-01
4.881973266601562500e-01
4.902927875518798828e-01
4.924795627593994141e-01
4.917533397674560547e-01
4.968845844268798828e-01
4.906837940216064453e-01
4.950823783874511719e-01
4.893736839294433594e-01
4.933316707611083984e-01
4.956142902374267578e-01
4.897766113281250000e-01
4.991858005523681641e-01
4.884662628173828125e-01
4.907650947570800781e-01
4.922683238983154297e-01
4.923367500305175781e-01
4.975817203521728516e-01
4.909956455230712891e-01
4.984211921691894531e-01
4.910919666290283203e-01
4.887800216674804688e-01
4.932022094726562500e-01
4.917411804199218750e-01
5.002045631408691406e-01
4.795563220977783203e-01
4.787237644195556641e-01
4.816014766693115234e-01
4.759783744812011719e-01
4.797697067260742188e-01
4.772696495056152344e-01
4.791362285614013672e-01
4.786846637725830078e-01
4.756779670715332031e-01
4.808313846588134766e-01
4.752066135406494141e-01
4.847075939178466797e-01
4.736478328704833984e-01
4.746744632720947266e-01
4.816071987152099609e-01
4.759955406188964844e-01
4.825921058654785156e-01
4.748709201812744141e-01
4.770534038543701172e-01
4.790213108062744141e-01
4.782972335815429688e-01
4.838480949401855469e-01
4.767332077026367188e-01
4.827048778533935547e-01
4.728074073791503906e-01
4.758696556091308594e-01
4.827082157135009766e-01
4.765684604644775391e-01
4.818570613861083984e-01
4.719991683959960938e-01
4.779753684997558594e-01
4.832627773284912109e-01
4.757413864135742188e-01
4.830904006958007812e-01
4.760942459106445312e-01
4.786162376403808594e-01
4.730792045593261719e-01
4.775376319885253906e-01
4.808115959167480469e-01
4.767837524414062500e-01
4.829432964324951172e-01
4.742448329925537109e-01
4.769651889801025391e-01
4.793150424957275391e-01
4.790656566619873047e-01
4.817302227020263672e-01
4.745459556579589844e-01
4.749023914337158203e-01
4.773316383361816406e-01
4.774246215820312500e-01
4.827406406402587891e-01
4.770503044128417969e-01
4.768617153167724609e-01
4.751214981079101562e-01
4.787807464599609375e-01
4.807991981506347656e-01
4.742205142974853516e-01
4.803049564361572266e-01
4.699473381042480469e-01
4.806847572326660156e-01
4.780771732330322266e-01
4.775242805480957031e-01
4.814097881317138672e-01
4.727866649627685547e-01
4.836125373840332031e-01
4.751293659210205078e-01
4.756734371185302734e-01
4.822025299072265625e-01
4.769458770751953125e-01
4.807269573211669922e-01
4.764153957366943359e-01
4.777824878692626953e-01
4.783508777618408203e-01
4.783723354339599609e-01
4.845581054687500000e-01
4.725472927093505859e-01
4.766256809234619141e-01
4.824502468109130859e-01
4.767918586730957031e-01
4.830288887023925781e-01
4.743580818176269531e-01
4.772956371307373047e-01
4.749293327331542969e-01
4.772622585296630859e-01
4.819843769073486328e-01
4.734401702880859375e-01
4.814989566802978516e-01
4.729743003845214844e-01
4.760265350341796875e-01
4.804551601409912109e-01
4.736564159393310547e-01
4.814863204956054688e-01
4.748663902282714844e-01
4.751605987548828125e-01
4.755921363830566406e-01
4.825809001922607422e-01
4.829361438751220703e-01
4.790980815887451172e-01
4.792277812957763672e-01
4.790515899658203125e-01
4.762282371520996094e-01
4.796857833862304688e-01
4.745957851409912109e-01
4.836621284484863281e-01
4.783556461334228516e-01
4.764633178710937500e-01
4.808678627014160156e-01
4.759488105773925781e-01
4.829671382904052734e-01
4.757633209228515625e-01
4.777159690856933594e-01
4.810588359832763672e-01
4.782140254974365234e-01
4.822230339050292969e-01
4.739804267883300781e-01
4.865262508392333984e-01
4.718415737152099609e-01
4.788367748260498047e-01
4.808199405670166016e-01
4.741461277008056641e-01
4.803206920623779297e-01
4.719138145446777344e-01
4.764480590820312500e-01
4.825584888458251953e-01
4.749574661254882812e-01
4.827690124511718750e-01
4.723160266876220703e-01
4.806511402130126953e-01
4.754345417022705078e-01
4.755728244781494141e-01
4.812209606170654297e-01
4.760053157806396484e-01
4.809503555297851562e-01
4.745023250579833984e-01
4.773523807525634766e-01
4.807884693145751953e-01
4.788563251495361328e-01
4.792473316192626953e-01
4.716622829437255859e-01
4.781897068023681641e-01
4.821336269378662109e-01
4.750893115997314453e-01
4.779212474822998047e-01
4.725344181060791016e-01
4.772381782531738281e-01
4.753925800323486328e-01
