1.298607492446899414e+01
1.237426829338073730e+01
1.246209144592285156e+01
1.258552193641662598e+01
1.255342650413513184e+01
1.261234140396118164e+01
1.257550477981567383e+01
1.258756256103515625e+01
1.260966753959655762e+01
1.264502239227294922e+01
1.259679603576660156e+01
1.247690582275390625e+01
1.257023119926452637e+01
1.260642600059509277e+01
1.251150083541870117e+01
1.255714726448059082e+01
1.252721691131591797e+01
1.258830499649047852e+01
1.262696576118469238e+01
1.261818861961364746e+01
1.259817934036254883e+01
1.263159441947937012e+01
1.257829427719116211e+01
1.270850205421447754e+01
1.261445260047912598e+01
1.256585216522216797e+01
1.263778781890869141e+01
1.258837366104125977e+01
1.265288209915161133e+01
1.266826367378234863e+01
1.251640224456787109e+01
1.251941061019897461e+01
1.252210044860839844e+01
1.257094740867614746e+01
1.258985471725463867e+01
1.264953756332397461e+01
1.257671976089477539e+01
1.262655186653137207e+01
1.257447695732116699e+01
1.258707284927368164e+01
1.263416361808776855e+01
1.268304467201232910e+01
1.264366745948791504e+01
1.256857013702392578e+01
1.261092042922973633e+01
1.261613512039184570e+01
1.260014915466308594e+01
1.255651283264160156e+01
1.264900588989257812e+01
1.268036270141601562e+01
1.252183270454406738e+01
1.255284547805786133e+01
1.252413296699523926e+01
1.252710056304931641e+01
1.248302030563354492e+01
1.251140069961547852e+01
1.251122117042541504e+01
1.265769314765930176e+01
1.259792923927307129e+01
1.255679965019226074e+01
1.260507535934448242e+01
1.264144802093505859e+01
1.275263333320617676e+01
1.260330009460449219e+01
1.259551334381103516e+01
1.262101817131042480e+01
1.251223802566528320e+01
1.261001181602478027e+01
1.252901244163513184e+01
1.259251117706298828e+01
1.252226066589355469e+01
1.255699086189270020e+01
1.257492804527282715e+01
1.259458398818969727e+01
1.257286596298217773e+01
1.256339025497436523e+01
1.256266331672668457e+01
1.255977201461791992e+01
1.259229564666748047e+01
1.264900565147399902e+01
1.254684925079345703e+01
1.259356784820556641e+01
1.252831268310546875e+01
1.264302349090576172e+01
1.255314540863037109e+01
1.252426195144653320e+01
1.264431953430175781e+01
1.261138987541198730e+01
1.247883486747741699e+01
1.249489450454711914e+01
1.248731756210327148e+01
1.253000617027282715e+01
1.257418441772460938e+01
1.259368038177490234e+01
1.255216884613037109e+01
1.268676733970642090e+01
1.254595828056335449e+01
1.254941606521606445e+01
1.261280441284179688e+01
1.255666613578796387e+01
1.258973383903503418e+01
1.259513950347900391e+01
1.260115814208984375e+01
1.258586263656616211e+01
1.257635617256164551e+01
1.249101328849792480e+01
1.254547262191772461e+01
1.256091451644897461e+01
1.261487555503845215e+01
1.250457978248596191e+01
1.257397341728210449e+01
1.251456856727600098e+01
1.255374741554260254e+01
1.258465933799743652e+01
1.257159304618835449e+01
1.257738161087036133e+01
1.258156490325927734e+01
1.257018518447875977e+01
1.258927154541015625e+01
1.254016709327697754e+01
1.263284635543823242e+01
1.256963562965393066e+01
1.259416484832763672e+01
1.257023429870605469e+01
1.255392646789550781e+01
1.250311446189880371e+01
1.255949425697326660e+01
1.251058673858642578e+01
1.258699870109558105e+01
1.249934935569763184e+01
1.249040174484252930e+01
1.253944420814514160e+01
1.258079099655151367e+01
1.255483245849609375e+01
1.256720137596130371e+01
1.251862835884094238e+01
1.254726576805114746e+01
1.252276349067687988e+01
1.250062680244445801e+01
1.252891039848327637e+01
1.262445378303527832e+01
1.257048082351684570e+01
1.250776433944702148e+01
1.256315946578979492e+01
1.261477398872375488e+01
1.251204276084899902e+01
1.251351332664489746e+01
1.248824858665466309e+01
1.259350919723510742e+01
1.249640512466430664e+01
1.253216862678527832e+01
1.260667371749877930e+01
1.256065654754638672e+01
1.254228043556213379e+01
1.256705784797668457e+01
1.250853013992309570e+01
1.250170898437500000e+01
1.256894183158874512e+01
1.256693053245544434e+01
1.259686183929443359e+01
1.261004948616027832e+01
1.259934902191162109e+01
1.259994959831237793e+01
1.265007019042968750e+01
1.254308724403381348e+01
1.255978441238403320e+01
1.250502753257751465e+01
1.261550855636596680e+01
1.249836993217468262e+01
1.251355743408203125e+01
1.257712388038635254e+01
1.253214001655578613e+01
1.249935841560363770e+01
1.241431975364685059e+01
1.241801834106445312e+01
1.238894081115722656e+01
1.237862682342529297e+01
1.247252750396728516e+01
1.241669964790344238e+01
1.236770129203796387e+01
1.235946488380432129e+01
1.244984197616577148e+01
1.255936384201049805e+01
1.247920751571655273e+01
1.248353672027587891e+01
1.243950510025024414e+01
1.237858033180236816e+01
1.235327577590942383e+01
1.238867211341857910e+01
1.240286827087402344e+01
1.245399117469787598e+01
1.240564489364624023e+01
1.240795350074768066e+01
1.244699835777282715e+01
1.248117280006408691e+01
1.237821626663208008e+01
1.240295982360839844e+01
1.243029212951660156e+01
1.245539593696594238e+01
1.242832064628601074e+01
