1.000999927520751953e+01
1.501999950408935547e+01
1.662999916076660156e+01
1.872999954223632812e+01
1.843000030517578125e+01
2.032999992370605469e+01
2.405999946594238281e+01
2.188999938964843750e+01
2.262999916076660156e+01
2.550000000000000000e+01
2.251000022888183594e+01
2.409000015258789062e+01
2.435999870300292969e+01
2.440999984741210938e+01
2.587999916076660156e+01
2.557999992370605469e+01
2.139999961853027344e+01
2.789999961853027344e+01
2.707999992370605469e+01
2.385999870300292969e+01
2.745999908447265625e+01
3.054999923706054688e+01
2.736999893188476562e+01
2.509999847412109375e+01
3.029999923706054688e+01
2.779999923706054688e+01
2.884999847412109375e+01
2.903999900817871094e+01
2.826999855041503906e+01
2.934999847412109375e+01
2.914999961853027344e+01
2.879999923706054688e+01
2.727999877929687500e+01
2.815999984741210938e+01
3.120999908447265625e+01
3.094999885559082031e+01
2.835999870300292969e+01
2.764999961853027344e+01
2.934999847412109375e+01
2.963999938964843750e+01
3.071999931335449219e+01
3.093999862670898438e+01
3.206999969482421875e+01
3.173999977111816406e+01
3.347999954223632812e+01
3.129999923706054688e+01
2.848999977111816406e+01
2.800000000000000000e+01
3.177999877929687500e+01
3.159999847412109375e+01
2.944999885559082031e+01
3.075999832153320312e+01
2.892999839782714844e+01
2.971999931335449219e+01
3.185999870300292969e+01
3.011999893188476562e+01
3.202999877929687500e+01
3.045999908447265625e+01
3.055999946594238281e+01
2.810999870300292969e+01
3.177999877929687500e+01
2.962999916076660156e+01
3.025000000000000000e+01
3.010999870300292969e+01
3.097999954223632812e+01
2.905999946594238281e+01
2.959999847412109375e+01
3.181999969482421875e+01
2.875000000000000000e+01
3.192000007629394531e+01
2.867000007629394531e+01
3.213999938964843750e+01
3.161999893188476562e+01
3.037999916076660156e+01
3.302000045776367188e+01
3.117000007629394531e+01
3.056999969482421875e+01
2.965999984741210938e+01
2.937999916076660156e+01
3.075000000000000000e+01
3.277999877929687500e+01
3.025999832153320312e+01
3.167000007629394531e+01
3.115999984741210938e+01
3.120999908447265625e+01
2.961999893188476562e+01
3.109999847412109375e+01
3.130999946594238281e+01
3.007999992370605469e+01
2.956999969482421875e+01
3.160999870300292969e+01
2.955999946594238281e+01
3.060999870300292969e+01
3.196999931335449219e+01
3.003999900817871094e+01
3.030999946594238281e+01
2.959000015258789062e+01
2.961999893188476562e+01
2.981999969482421875e+01
3.143999862670898438e+01
3.343000030517578125e+01
3.264999771118164062e+01
3.323999786376953125e+01
3.288000106811523438e+01
3.327000045776367188e+01
3.389999771118164062e+01
3.343000030517578125e+01
3.343999862670898438e+01
3.304999923706054688e+01
3.406999969482421875e+01
3.432999801635742188e+01
3.336999893188476562e+01
3.518000030517578125e+01
3.564999771118164062e+01
3.400999832153320312e+01
3.430999755859375000e+01
3.377000045776367188e+01
3.420000076293945312e+01
3.482999801635742188e+01
3.411999893188476562e+01
3.375000000000000000e+01
3.486000061035156250e+01
3.462999725341796875e+01
3.489999771118164062e+01
3.522999954223632812e+01
3.423999786376953125e+01
3.471999740600585938e+01
3.400000000000000000e+01
3.488999938964843750e+01
3.505999755859375000e+01
3.448999786376953125e+01
3.487999725341796875e+01
3.434999847412109375e+01
3.468999862670898438e+01
3.541999816894531250e+01
3.577999877929687500e+01
3.568000030517578125e+01
3.512999725341796875e+01
3.559000015258789062e+01
3.740999984741210938e+01
3.740999984741210938e+01
3.675999832153320312e+01
3.739999771118164062e+01
3.695000076293945312e+01
3.709000015258789062e+01
3.811000061035156250e+01
3.729999923706054688e+01
3.630999755859375000e+01
3.716999816894531250e+01
3.752999877929687500e+01
3.802000045776367188e+01
3.797999954223632812e+01
3.798999786376953125e+01
3.762999725341796875e+01
3.784000015258789062e+01
3.779999923706054688e+01
3.773999786376953125e+01
3.804000091552734375e+01
3.797999954223632812e+01
3.787999725341796875e+01
3.814999771118164062e+01
3.823999786376953125e+01
3.816999816894531250e+01
3.811000061035156250e+01
3.827000045776367188e+01
3.837999725341796875e+01
3.812999725341796875e+01
3.830999755859375000e+01
3.837999725341796875e+01
3.838999938964843750e+01
3.836000061035156250e+01
3.840999984741210938e+01
3.830999755859375000e+01
3.850000000000000000e+01
3.836000061035156250e+01
3.837999725341796875e+01
3.841999816894531250e+01
3.837999725341796875e+01
3.848999786376953125e+01
3.836000061035156250e+01
3.829000091552734375e+01
3.811000061035156250e+01
3.832999801635742188e+01
3.834999847412109375e+01
3.825000000000000000e+01
3.827000045776367188e+01
3.845999908447265625e+01
3.850000000000000000e+01
3.845999908447265625e+01
3.840999984741210938e+01
3.861999893188476562e+01
3.834999847412109375e+01
3.834000015258789062e+01
3.834000015258789062e+01
3.861999893188476562e+01
3.857999801635742188e+01
3.879999923706054688e+01
3.859999847412109375e+01
3.863999938964843750e+01
3.848999786376953125e+01
