1.308833122253417969e+01
1.245293402671813965e+01
1.246861410140991211e+01
1.253462338447570801e+01
1.254769062995910645e+01
1.263689780235290527e+01
1.260475993156433105e+01
1.262928318977355957e+01
1.260581874847412109e+01
1.259906029701232910e+01
1.259171032905578613e+01
1.253208160400390625e+01
1.253773140907287598e+01
1.262865281105041504e+01
1.257959342002868652e+01
1.261732721328735352e+01
1.259362959861755371e+01
1.265519857406616211e+01
1.256491065025329590e+01
1.253559350967407227e+01
1.252647638320922852e+01
1.260685300827026367e+01
1.254641079902648926e+01
1.257373666763305664e+01
1.253548073768615723e+01
1.256540298461914062e+01
1.264475154876708984e+01
1.263304233551025391e+01
1.257265996932983398e+01
1.260418105125427246e+01
1.249829363822937012e+01
1.259468722343444824e+01
1.253721690177917480e+01
1.264310574531555176e+01
1.257590508460998535e+01
1.261628389358520508e+01
1.256056094169616699e+01
1.255371880531311035e+01
1.259761762619018555e+01
1.260740327835083008e+01
1.259576749801635742e+01
1.258416581153869629e+01
1.251154518127441406e+01
1.257212758064270020e+01
1.260888123512268066e+01
1.258356142044067383e+01
1.260311102867126465e+01
1.256440019607543945e+01
1.257105445861816406e+01
1.264968967437744141e+01
1.265916609764099121e+01
1.256572318077087402e+01
1.252081227302551270e+01
1.254858970642089844e+01
1.255481719970703125e+01
1.262398982048034668e+01
1.266115713119506836e+01
1.254478192329406738e+01
1.254955005645751953e+01
1.261942338943481445e+01
1.255937957763671875e+01
1.261584377288818359e+01
1.259719944000244141e+01
1.258787536621093750e+01
1.258151125907897949e+01
1.259555602073669434e+01
1.260367131233215332e+01
1.256200766563415527e+01
1.256534433364868164e+01
1.252987289428710938e+01
1.253391480445861816e+01
1.253326225280761719e+01
1.255678153038024902e+01
1.267204689979553223e+01
1.262446618080139160e+01
1.259625363349914551e+01
1.260761117935180664e+01
1.256742262840270996e+01
1.268460702896118164e+01
1.254660439491271973e+01
1.259520030021667480e+01
1.256954860687255859e+01
1.258337545394897461e+01
1.257077360153198242e+01
1.263448858261108398e+01
1.257056093215942383e+01
1.257138347625732422e+01
1.253798913955688477e+01
1.257286357879638672e+01
1.253674221038818359e+01
1.250648164749145508e+01
1.256639838218688965e+01
1.256371808052062988e+01
1.257292652130126953e+01
1.258896946907043457e+01
1.255161023139953613e+01
1.254504561424255371e+01
1.256945013999938965e+01
1.255324912071228027e+01
1.254016804695129395e+01
1.267469263076782227e+01
1.261332082748413086e+01
1.258579969406127930e+01
1.268547844886779785e+01
1.250673437118530273e+01
1.256897807121276855e+01
1.254454660415649414e+01
1.261323380470275879e+01
1.256020426750183105e+01
1.255291628837585449e+01
1.259614920616149902e+01
1.255566596984863281e+01
1.257305455207824707e+01
1.254659271240234375e+01
1.255528378486633301e+01
1.255284810066223145e+01
1.251897001266479492e+01
1.269578480720520020e+01
1.255986452102661133e+01
1.263709115982055664e+01
1.259354305267333984e+01
1.264666867256164551e+01
1.251822304725646973e+01
1.253335380554199219e+01
1.255243206024169922e+01
1.262588405609130859e+01
1.255687165260314941e+01
1.252022290229797363e+01
1.254715847969055176e+01
1.255823493003845215e+01
1.261750602722167969e+01
1.254280948638916016e+01
1.265836691856384277e+01
1.259727621078491211e+01
1.255397439002990723e+01
1.256204891204833984e+01
1.254477381706237793e+01
1.256368231773376465e+01
1.254091906547546387e+01
1.252051377296447754e+01
1.251864767074584961e+01
1.252228593826293945e+01
1.256931161880493164e+01
1.257774925231933594e+01
1.252578520774841309e+01
1.258831763267517090e+01
1.263980650901794434e+01
1.262337350845336914e+01
1.260617065429687500e+01
1.258202362060546875e+01
1.259004521369934082e+01
1.257461214065551758e+01
1.259433031082153320e+01
1.262331080436706543e+01
1.258339500427246094e+01
1.252165818214416504e+01
1.253160357475280762e+01
1.259172272682189941e+01
1.251450300216674805e+01
1.255502486228942871e+01
1.256519937515258789e+01
1.258643078804016113e+01
1.259950399398803711e+01
1.258022117614746094e+01
1.257139301300048828e+01
1.253686738014221191e+01
1.253215980529785156e+01
1.258662533760070801e+01
1.256070876121520996e+01
1.259904837608337402e+01
1.259324073791503906e+01
1.251339745521545410e+01
1.258298778533935547e+01
1.257395243644714355e+01
1.256281852722167969e+01
1.257059168815612793e+01
1.253595614433288574e+01
1.252661252021789551e+01
1.252460861206054688e+01
1.258509111404418945e+01
1.255114698410034180e+01
1.261217927932739258e+01
1.254124736785888672e+01
1.260783123970031738e+01
1.257377290725708008e+01
1.251217103004455566e+01
1.251946997642517090e+01
1.250585746765136719e+01
1.255678176879882812e+01
1.252405452728271484e+01
1.259254312515258789e+01
1.256354284286499023e+01
1.263237571716308594e+01
1.259850859642028809e+01
1.257271552085876465e+01
1.251477432250976562e+01
1.257918787002563477e+01
1.255705308914184570e+01
1.252891588211059570e+01
1.248634290695190430e+01
