1.363729071617126465e+01
1.302764725685119629e+01
1.306928944587707520e+01
1.301158404350280762e+01
1.307642674446105957e+01
1.315864300727844238e+01
1.302796196937561035e+01
1.311820054054260254e+01
1.324548530578613281e+01
1.305264973640441895e+01
1.307120800018310547e+01
1.303318905830383301e+01
1.310254931449890137e+01
1.311985993385314941e+01
1.305337786674499512e+01
1.315371417999267578e+01
1.304871821403503418e+01
1.307359147071838379e+01
1.311607098579406738e+01
1.309918999671936035e+01
1.312506294250488281e+01
1.310135626792907715e+01
1.313976144790649414e+01
1.310906672477722168e+01
1.306498718261718750e+01
1.307450103759765625e+01
1.311952042579650879e+01
1.319610977172851562e+01
1.313913583755493164e+01
1.306018996238708496e+01
1.303968191146850586e+01
1.313546419143676758e+01
1.303237390518188477e+01
1.304247522354125977e+01
1.304615187644958496e+01
1.299969840049743652e+01
1.316940522193908691e+01
1.311118173599243164e+01
1.308040261268615723e+01
1.309623789787292480e+01
1.304523015022277832e+01
1.315308666229248047e+01
1.311653709411621094e+01
1.313240170478820801e+01
1.307954716682434082e+01
1.314999604225158691e+01
1.317289590835571289e+01
1.309435963630676270e+01
1.311297464370727539e+01
1.302162361145019531e+01
1.310885405540466309e+01
1.309930515289306641e+01
1.303989410400390625e+01
1.310381913185119629e+01
1.311799216270446777e+01
1.305928421020507812e+01
1.312412858009338379e+01
1.307368755340576172e+01
1.316593766212463379e+01
1.307509541511535645e+01
1.306235170364379883e+01
1.311331582069396973e+01
1.306333351135253906e+01
1.301708531379699707e+01
1.312440514564514160e+01
1.309925174713134766e+01
1.303411531448364258e+01
1.309157180786132812e+01
1.308252072334289551e+01
1.317878031730651855e+01
1.311881589889526367e+01
1.308682203292846680e+01
1.306078171730041504e+01
1.314705204963684082e+01
1.310894012451171875e+01
1.313412857055664062e+01
1.310560488700866699e+01
1.314598011970520020e+01
1.313130450248718262e+01
1.315975522994995117e+01
1.313890981674194336e+01
1.310863184928894043e+01
1.312772798538208008e+01
1.313806533813476562e+01
1.315556931495666504e+01
1.328202676773071289e+01
1.302736496925354004e+01
1.314766955375671387e+01
1.311749005317687988e+01
1.315958881378173828e+01
1.306700420379638672e+01
1.305937409400939941e+01
1.310225462913513184e+01
1.313837504386901855e+01
1.313773512840270996e+01
1.306514596939086914e+01
1.307704401016235352e+01
1.308714652061462402e+01
1.318215060234069824e+01
1.300641632080078125e+01
1.307968783378601074e+01
1.305583262443542480e+01
1.311265826225280762e+01
1.311503672599792480e+01
1.314949107170104980e+01
1.308697581291198730e+01
1.307846593856811523e+01
1.320939636230468750e+01
1.310850381851196289e+01
1.310977530479431152e+01
1.307970857620239258e+01
1.301852297782897949e+01
1.314928865432739258e+01
1.301275753974914551e+01
1.305331492424011230e+01
1.308350920677185059e+01
1.310419964790344238e+01
1.303499484062194824e+01
1.308633351325988770e+01
1.307070684432983398e+01
1.307069468498229980e+01
1.308642792701721191e+01
1.306440591812133789e+01
1.302712035179138184e+01
1.318799710273742676e+01
1.306645107269287109e+01
1.303661894798278809e+01
1.300056719779968262e+01
1.308518552780151367e+01
1.310203146934509277e+01
1.309513187408447266e+01
1.308995461463928223e+01
1.302964544296264648e+01
1.321888518333435059e+01
1.316253781318664551e+01
1.311782455444335938e+01
1.312696647644042969e+01
1.301547312736511230e+01
1.311467242240905762e+01
1.309301280975341797e+01
1.306960797309875488e+01
1.308727931976318359e+01
1.314965319633483887e+01
1.311253070831298828e+01
1.303305482864379883e+01
1.312297201156616211e+01
1.310962796211242676e+01
1.304996800422668457e+01
1.305972385406494141e+01
1.311515450477600098e+01
1.319365549087524414e+01
1.307205152511596680e+01
1.318969440460205078e+01
1.319223666191101074e+01
1.305841279029846191e+01
1.311383366584777832e+01
1.316405296325683594e+01
1.306504368782043457e+01
1.301841235160827637e+01
1.304679489135742188e+01
1.312790417671203613e+01
1.317000961303710938e+01
1.307244205474853516e+01
1.308192014694213867e+01
1.315073013305664062e+01
1.311061048507690430e+01
1.305525994300842285e+01
1.304307174682617188e+01
1.311076092720031738e+01
1.304753518104553223e+01
1.304731011390686035e+01
1.307761359214782715e+01
1.307328343391418457e+01
1.304673027992248535e+01
1.304615163803100586e+01
1.304141330718994141e+01
1.305994725227355957e+01
1.308374595642089844e+01
1.305389308929443359e+01
1.308612871170043945e+01
1.304064679145812988e+01
1.310105061531066895e+01
1.306667542457580566e+01
1.305577230453491211e+01
1.305760169029235840e+01
1.306540489196777344e+01
1.310018754005432129e+01
1.306087136268615723e+01
1.311466050148010254e+01
1.309572339057922363e+01
1.300274062156677246e+01
1.309322619438171387e+01
1.299119901657104492e+01
1.306467413902282715e+01
1.310728573799133301e+01
1.304505109786987305e+01
1.302820920944213867e+01
1.311770606040954590e+01
1.307567024230957031e+01
1.317416000366210938e+01
