1.052799999908447326e+01
1.039999999954223675e+01
1.209599999572753859e+01
1.399999999511718762e+01
1.595199999877929642e+01
1.755200000183105402e+01
1.814399999572754041e+01
1.835199999877929855e+01
1.895999999908447364e+01
2.035200000183105473e+01
2.033600000244140560e+01
2.164800000488281384e+01
2.185599998779296982e+01
2.310399999908447199e+01
2.318400000183105547e+01
2.318400000183105547e+01
2.366400000183105590e+01
2.449599999877929690e+01
2.352000000122070489e+01
2.487999999572753751e+01
2.550399999816894692e+01
2.486399999877929545e+01
2.582399999816894365e+01
2.508799999145507797e+01
2.598399999511718761e+01
2.678400000183105334e+01
2.611200000732421955e+01
2.739200000122070477e+01
2.672000000183105328e+01
2.620800000488281256e+01
2.668799999511718823e+01
2.745600000122070483e+01
2.708799999877929565e+01
2.820799999511718781e+01
2.721599999145507809e+01
2.718399999877929574e+01
2.830399999816894407e+01
2.734399999145507820e+01
2.824000000183105641e+01
2.892800000183105524e+01
2.857600000122070227e+01
2.864000000732421825e+01
2.731200000183105558e+01
2.831999999511718613e+01
2.828800000488281086e+01
2.823999999816894402e+01
2.743999999145507829e+01
2.843199999511718801e+01
2.920000000122070460e+01
2.968000000366210855e+01
2.798400000488281236e+01
2.790400000183105433e+01
2.913600000488281339e+01
2.905599999816894652e+01
2.958399999816894521e+01
2.862399999145507934e+01
2.852800000488281285e+01
2.875200000183105331e+01
2.846399999511718804e+01
2.894399999877929730e+01
2.937600000183105564e+01
2.961599999145507667e+01
2.967999999145507672e+01
2.998399999877929645e+01
2.995199998779296990e+01
2.945599999877929775e+01
2.998400000732421944e+01
3.041600000732421805e+01
3.036800000488281270e+01
2.961599999145507667e+01
2.881599999816894453e+01
2.958400000122070139e+01
3.049599999145507923e+01
2.985599999816894368e+01
2.966400000183105590e+01
3.051199999816894604e+01
3.140799998779296942e+01
3.055999999816894430e+01
3.015999999511718599e+01
3.041599999572753887e+01
3.131200000366211000e+01
3.097600000122070441e+01
3.102400000366210975e+01
3.078400000488281307e+01
3.094400000122070438e+01
3.094399999511718846e+01
3.097599999511718849e+01
3.030400000488281265e+01
3.131199999755859409e+01
3.192000000183105612e+01
3.203199999145508059e+01
3.078399999145507948e+01
2.995199999755859466e+01
3.009600000488281424e+01
3.163199999145507846e+01
3.132799999816894498e+01
3.041600000488281097e+01
3.110399999816894478e+01
3.097600000183105351e+01
3.102400000122070267e+01
3.640000000732421626e+01
3.569600000732421563e+01
3.713599999816894837e+01
3.715199999145507803e+01
3.758400000122070139e+01
3.727999999389648167e+01
3.760000000732421910e+01
3.759999998779296959e+01
3.777599999389648389e+01
3.705600000732422217e+01
3.734400000732421887e+01
3.816000000122070190e+01
3.793599999755859642e+01
3.825600000000000023e+01
3.814399999999999835e+01
3.835199999145508087e+01
3.847999999816894245e+01
3.779199999389648212e+01
3.875200000366211128e+01
3.833600000366210736e+01
3.840000000976562688e+01
3.871999999145507587e+01
3.867199999755859352e+01
3.903999998779296732e+01
3.870400000366210946e+01
3.927999999755859051e+01
3.931199999389648525e+01
3.924800000122070287e+01
3.887999999511718840e+01
3.932800000732422063e+01
3.926399999145507991e+01
3.934400000000000119e+01
3.940800000000000125e+01
3.972800000366211037e+01
3.987199999145507689e+01
3.966400000488281563e+01
3.955199999755859608e+01
4.039999999511718443e+01
4.006399999755859653e+01
3.969599999511719091e+01
3.956799998779296601e+01
3.979200000610351395e+01
3.944000000122070304e+01
4.075199999755859182e+01
4.097599999145507610e+01
3.999999998779296817e+01
3.977600000976562455e+01
4.035200000366211270e+01
4.051199999755859693e+01
4.011199999755859125e+01
4.177599999816894183e+01
4.168000000976562802e+01
4.137600000976562598e+01
4.137600000122070298e+01
4.155200000610351907e+01
4.060800000732422177e+01
4.107199999755859210e+01
4.060799999145508110e+01
4.100799999755859204e+01
4.121599999633789224e+01
4.150400000366210662e+01
4.187200000610351225e+01
4.105599998779296556e+01
4.228799999389648434e+01
4.123200000732421699e+01
4.171200000366211214e+01
4.153599999023437306e+01
4.166399998779296965e+01
4.212799999816894569e+01
4.137599999389648531e+01
4.137599999999999767e+01
4.148799999816894513e+01
4.195199999755859466e+01
4.212799998779296828e+01
4.171199999511718914e+01
4.166400000000000148e+01
4.156800000610351731e+01
4.153600000976562256e+01
4.112000000732422222e+01
4.131199999755859409e+01
4.151999999023437482e+01
4.196800000976562472e+01
4.216000000976562490e+01
4.209599999023437533e+01
4.192000000732421938e+01
4.145599999389648360e+01
4.172800000976562274e+01
4.164800000366211208e+01
4.190399999816894194e+01
4.208000000732421597e+01
4.163199998779296607e+01
4.201599999023437704e+01
4.211200000732421955e+01
4.188800000122070344e+01
4.222399998779297192e+01
4.238399998779296851e+01
4.195200000976562649e+01
4.280000000976562546e+01
4.200000000732421768e+01
4.184000000976562461e+01
