2.273079037666320801e+01
2.213238930702209473e+01
2.230012655258178711e+01
2.218125438690185547e+01
2.234701371192932129e+01
2.243458271026611328e+01
2.248965358734130859e+01
2.237354278564453125e+01
2.264646077156066895e+01
2.261802864074707031e+01
2.265048861503601074e+01
2.228764486312866211e+01
2.241087317466735840e+01
2.269004392623901367e+01
2.228433752059936523e+01
2.273716735839843750e+01
2.233707308769226074e+01
2.270403122901916504e+01
2.222709441184997559e+01
2.239047408103942871e+01
2.244964170455932617e+01
2.221491456031799316e+01
2.226483511924743652e+01
2.225596451759338379e+01
2.259749078750610352e+01
2.265609121322631836e+01
2.270312213897705078e+01
2.226822614669799805e+01
2.236685800552368164e+01
2.240360093116760254e+01
2.217139697074890137e+01
2.259583854675292969e+01
2.220799255371093750e+01
2.266351342201232910e+01
2.224678206443786621e+01
2.259530138969421387e+01
2.239983916282653809e+01
2.221530103683471680e+01
2.244439601898193359e+01
2.228094649314880371e+01
2.230468940734863281e+01
2.251685571670532227e+01
2.230249595642089844e+01
2.225591874122619629e+01
2.256560730934143066e+01
2.254410934448242188e+01
2.277999091148376465e+01
2.261115455627441406e+01
2.303646922111511230e+01
2.259532094001770020e+01
2.254814648628234863e+01
2.224724483489990234e+01
2.236464428901672363e+01
2.228765940666198730e+01
2.232911610603332520e+01
2.224240064620971680e+01
2.233083176612854004e+01
2.238848042488098145e+01
2.248396611213684082e+01
2.230839633941650391e+01
2.212648725509643555e+01
2.220206475257873535e+01
2.253176641464233398e+01
2.254051470756530762e+01
2.242204928398132324e+01
2.214019680023193359e+01
2.255947995185852051e+01
2.221098566055297852e+01
2.208118200302124023e+01
2.202110385894775391e+01
2.211882567405700684e+01
2.255463576316833496e+01
2.243214511871337891e+01
2.255500602722167969e+01
2.224181365966796875e+01
2.273788213729858398e+01
2.254779124259948730e+01
2.256534719467163086e+01
2.253444743156433105e+01
2.248779034614562988e+01
2.238082718849182129e+01
2.219424462318420410e+01
2.213962054252624512e+01
2.212971425056457520e+01
2.232162952423095703e+01
2.239440965652465820e+01
2.260071969032287598e+01
2.238276362419128418e+01
2.219641232490539551e+01
2.231948494911193848e+01
2.228948187828063965e+01
2.221703338623046875e+01
2.260790514945983887e+01
2.207503795623779297e+01
2.212752389907836914e+01
2.220424652099609375e+01
2.241993618011474609e+01
2.242728042602539062e+01
2.213705658912658691e+01
2.268338274955749512e+01
2.252163195610046387e+01
2.225717139244079590e+01
2.217980813980102539e+01
2.267065763473510742e+01
2.224774217605590820e+01
2.216484332084655762e+01
2.207789874076843262e+01
2.225176978111267090e+01
2.210472893714904785e+01
2.206052684783935547e+01
2.207014369964599609e+01
2.211903858184814453e+01
2.231210684776306152e+01
2.281607198715209961e+01
2.216343283653259277e+01
2.235098600387573242e+01
2.214680147171020508e+01
2.260145688056945801e+01
2.215927839279174805e+01
2.250544619560241699e+01
2.211563277244567871e+01
2.235533237457275391e+01
2.257758498191833496e+01
2.221678042411804199e+01
2.208442401885986328e+01
2.219570875167846680e+01
2.233690786361694336e+01
2.237188243865966797e+01
2.243651390075683594e+01
2.216610455513000488e+01
2.231656503677368164e+01
2.244331336021423340e+01
2.286093902587890625e+01
2.244807624816894531e+01
2.245961189270019531e+01
2.289853286743164062e+01
2.210156559944152832e+01
2.223699998855590820e+01
2.233458709716796875e+01
2.203964972496032715e+01
2.211719393730163574e+01
2.215989613533020020e+01
2.228424334526062012e+01
2.226157069206237793e+01
2.224683713912963867e+01
2.244744896888732910e+01
2.217891573905944824e+01
2.258486819267272949e+01
2.253010940551757812e+01
2.253815674781799316e+01
2.220127153396606445e+01
2.217690277099609375e+01
2.240476226806640625e+01
2.241725850105285645e+01
2.236677980422973633e+01
2.244788479804992676e+01
2.214122462272644043e+01
2.237118268013000488e+01
2.245601105690002441e+01
2.228441119194030762e+01
2.221298241615295410e+01
2.232183694839477539e+01
2.237741780281066895e+01
2.212230181694030762e+01
2.256273221969604492e+01
2.238738775253295898e+01
2.240915036201477051e+01
2.268533039093017578e+01
2.205213141441345215e+01
2.259424543380737305e+01
2.208246636390686035e+01
2.219529008865356445e+01
2.227324867248535156e+01
2.203158235549926758e+01
2.207104206085205078e+01
2.212139678001403809e+01
2.209240055084228516e+01
2.248813605308532715e+01
2.236045145988464355e+01
2.248781156539916992e+01
2.200039386749267578e+01
2.235527062416076660e+01
2.209519457817077637e+01
2.214628887176513672e+01
2.214977049827575684e+01
2.210555267333984375e+01
2.232935810089111328e+01
2.209082531929016113e+01
2.220255327224731445e+01
2.201086091995239258e+01
2.199270462989807129e+01
2.206369113922119141e+01
2.242641687393188477e+01
2.210879516601562500e+01
2.238525009155273438e+01
2.238656735420227051e+01
2.209137940406799316e+01
2.237634658813476562e+01
2.202077960968017578e+01
2.234421777725219727e+01
