9.551999999084472392e+00
1.080000000244140601e+01
1.323199999572753960e+01
1.500800000183105531e+01
1.648000000183105485e+01
1.673600000183105507e+01
1.863999999511718642e+01
1.889599999145507780e+01
2.028799999938964760e+01
2.063999999145507758e+01
2.246400000183105305e+01
2.214399999908447114e+01
2.380799999877929807e+01
2.460800000183105496e+01
2.454400000122070225e+01
2.555200000244140668e+01
2.499199999816894646e+01
2.644799999816894598e+01
2.603199999877929827e+01
2.734399999572753970e+01
2.644800000122070216e+01
2.750400000732421901e+01
2.768000000488281387e+01
2.755200000183105402e+01
2.772800000122070330e+01
2.775999999145507857e+01
2.803200000488281418e+01
2.915200000732421870e+01
3.091199998779296720e+01
2.942399999511718889e+01
2.897600000732422032e+01
2.891200000122070435e+01
3.007999999511718769e+01
3.068800000122070415e+01
2.959999999572753993e+01
3.051199999816894604e+01
2.988799999816894370e+01
2.940799998779296942e+01
3.060799999511718639e+01
3.006399999816894564e+01
3.175999999145507857e+01
2.961599999755859258e+01
3.022399999755859312e+01
3.044800000122070216e+01
2.975999999877929625e+01
3.049599998779297039e+01
3.073599999511718650e+01
3.049599999511718806e+01
3.022399999145507721e+01
2.982399998779296979e+01
3.087999999145507957e+01
3.044799999145507741e+01
3.118399999816894663e+01
2.985599999145507866e+01
3.136000000122070475e+01
3.092799999755859375e+01
3.038399999755859326e+01
3.057599999145507752e+01
3.107199999938965007e+01
3.054399999908447327e+01
2.960000000732421910e+01
3.139199999511718886e+01
2.966399999145507849e+01
2.976000000183105598e+01
3.014399998779297007e+01
3.031999999572753879e+01
3.011199999511718772e+01
3.033600000122070384e+01
3.123200000183105374e+01
3.137600000488281182e+01
3.036800000183105297e+01
3.201600000732421591e+01
3.012799998779296828e+01
3.156800000122070315e+01
3.123200000122070463e+01
3.135999999145507644e+01
3.070400000488281123e+01
3.079999999511718656e+01
3.071999999145507942e+01
3.081599999816894453e+01
3.199999999145507701e+01
3.099200000732421856e+01
3.244799999816894598e+01
3.236800000366211094e+01
3.236799999389648264e+01
3.152000000488281373e+01
3.278399999877929361e+01
3.113599999389648332e+01
3.299200000976562563e+01
3.068800000122070415e+01
3.136000000122070475e+01
3.110400000122070452e+01
3.119999999755859221e+01
3.295999999511718670e+01
3.233599999511718437e+01
3.326400000488280995e+01
3.190400000122070168e+01
3.420799999755859488e+01
3.276799999511718653e+01
3.193599999877929818e+01
3.820800000122070372e+01
3.819199999145507718e+01
3.983999999389648394e+01
3.843200000732421984e+01
3.985600000732421933e+01
3.945599999145508008e+01
3.987200000122070520e+01
4.036799999816894768e+01
4.062400000366211117e+01
4.054400000183105135e+01
4.113599999389648332e+01
4.204799998779296999e+01
4.107200000976562393e+01
4.108800000976562217e+01
4.126400000976562410e+01
4.166399999816894706e+01
4.116800000488281341e+01
4.201599999755859471e+01
4.248000000366211282e+01
4.150399999389648542e+01
4.190399999023437516e+01
4.238399999816894592e+01
4.283199999023437243e+01
4.278399999389648656e+01
4.321600000000000108e+01
4.363199999816894348e+01
4.310399999755859568e+01
4.307200000976562393e+01
4.326399999755859227e+01
4.366400000732421915e+01
4.401599998779296641e+01
4.329600000366210821e+01
4.457599999633789167e+01
4.412799999145507712e+01
4.351999999633788718e+01
4.473600000976562541e+01
4.435200000122070207e+01
4.371199998779297147e+01
4.449599999023437391e+01
4.471999999999999886e+01
4.566399998779296965e+01
4.507200000976562393e+01
4.550399999023437658e+01
4.531199999389648525e+01
4.483199999511718659e+01
4.526399998291015692e+01
4.599999998779296817e+01
4.487999999023437425e+01
4.595199999145507519e+01
4.516799999755859574e+01
4.552000000366211196e+01
4.580799999755859631e+01
4.641599999389648445e+01
4.603199998779297175e+01
4.580800000366210867e+01
4.587200000976562819e+01
4.582400000610351753e+01
4.644800000000000040e+01
4.614400000976562666e+01
4.624000000976562319e+01
4.633599999389648616e+01
4.628800000610351617e+01
4.547199999023437300e+01
4.683200000732421842e+01
4.664000000976562177e+01
4.620799999999999841e+01
4.640000000366210742e+01
4.547199999755859068e+01
4.619199999633789133e+01
4.632000000366210912e+01
4.694400000610351498e+01
4.684800000976562728e+01
4.702399998779296908e+01
4.665599999633788997e+01
4.678399998779296709e+01
4.660799999023437579e+01
4.681599999023437420e+01
4.668800000366211123e+01
4.675200000610351481e+01
4.649600000122070043e+01
4.537600000610351714e+01
4.657599999145507752e+01
4.654400000976562524e+01
4.662400000366211117e+01
4.604800000732421950e+01
4.660799999755859346e+01
4.651199999755859693e+01
4.622400000976562495e+01
4.628800000976562501e+01
4.683199999755859722e+01
4.695999998779296902e+01
4.603199999023437528e+01
4.732800000976562416e+01
4.723200000610351879e+01
4.711999999023437624e+01
4.647999999511718983e+01
4.651199998779296862e+01
4.697599998779296726e+01
4.668799998779297056e+01
4.622399999755859312e+01
