1.000000000000000000e+01
1.000000000000000000e+01
1.519999980926513672e+01
1.605999946594238281e+01
1.596000003814697266e+01
1.837999916076660156e+01
1.571999931335449219e+01
1.928999900817871094e+01
2.043000030517578125e+01
2.279999923706054688e+01
2.346999931335449219e+01
2.143999862670898438e+01
2.152999877929687500e+01
2.343999862670898438e+01
2.495999908447265625e+01
2.251000022888183594e+01
2.452999877929687500e+01
2.392000007629394531e+01
2.420999908447265625e+01
2.502999877929687500e+01
2.378999900817871094e+01
2.643999862670898438e+01
2.405999946594238281e+01
2.467000007629394531e+01
2.717999839782714844e+01
2.567000007629394531e+01
2.835999870300292969e+01
2.718999862670898438e+01
3.134999847412109375e+01
2.563999938964843750e+01
2.963999938964843750e+01
2.767000007629394531e+01
2.659000015258789062e+01
3.023999977111816406e+01
2.786999893188476562e+01
2.909999847412109375e+01
2.822999954223632812e+01
2.718999862670898438e+01
2.678999900817871094e+01
2.935999870300292969e+01
2.521999931335449219e+01
2.834999847412109375e+01
2.896999931335449219e+01
2.903999900817871094e+01
2.961999893188476562e+01
3.032999992370605469e+01
2.937999916076660156e+01
2.994999885559082031e+01
2.813999938964843750e+01
2.960999870300292969e+01
3.011999893188476562e+01
2.978999900817871094e+01
3.096999931335449219e+01
3.047999954223632812e+01
3.187999916076660156e+01
3.112999916076660156e+01
2.889999961853027344e+01
2.929999923706054688e+01
3.188999938964843750e+01
3.365999984741210938e+01
3.350000000000000000e+01
3.111999893188476562e+01
3.117999839782714844e+01
3.002999877929687500e+01
3.148999977111816406e+01
3.032999992370605469e+01
3.159999847412109375e+01
3.137999916076660156e+01
3.250000000000000000e+01
3.179999923706054688e+01
3.300000000000000000e+01
3.234000015258789062e+01
3.200999832153320312e+01
3.095999908447265625e+01
3.327999877929687500e+01
3.121999931335449219e+01
3.183999824523925781e+01
3.123999977111816406e+01
3.104999923706054688e+01
3.252999877929687500e+01
3.306999969482421875e+01
3.025999832153320312e+01
3.284000015258789062e+01
2.673999977111816406e+01
3.221999740600585938e+01
3.221999740600585938e+01
3.425000000000000000e+01
3.250999832153320312e+01
3.144999885559082031e+01
3.121999931335449219e+01
3.264999771118164062e+01
3.511000061035156250e+01
3.234999847412109375e+01
3.459000015258789062e+01
3.194999885559082031e+01
3.121999931335449219e+01
3.343000030517578125e+01
3.213999938964843750e+01
3.209000015258789062e+01
3.200999832153320312e+01
3.541999816894531250e+01
3.577999877929687500e+01
3.536000061035156250e+01
3.550999832153320312e+01
3.571999740600585938e+01
3.561999893188476562e+01
3.609999847412109375e+01
3.616999816894531250e+01
3.586000061035156250e+01
3.550000000000000000e+01
3.631999969482421875e+01
3.643999862670898438e+01
3.609999847412109375e+01
3.636999893188476562e+01
3.643999862670898438e+01
3.602000045776367188e+01
3.571999740600585938e+01
3.534000015258789062e+01
3.645000076293945312e+01
3.670999908447265625e+01
3.645000076293945312e+01
3.664999771118164062e+01
3.668999862670898438e+01
3.654999923706054688e+01
3.684000015258789062e+01
3.716999816894531250e+01
3.657999801635742188e+01
3.645000076293945312e+01
3.646999740600585938e+01
3.739999771118164062e+01
3.788999938964843750e+01
3.750000000000000000e+01
3.643000030517578125e+01
3.689999771118164062e+01
3.768000030517578125e+01
3.766999816894531250e+01
3.804000091552734375e+01
3.800999832153320312e+01
3.777000045776367188e+01
3.715999984741210938e+01
3.805999755859375000e+01
3.723999786376953125e+01
3.802000045776367188e+01
3.722999954223632812e+01
3.764999771118164062e+01
3.839999771118164062e+01
3.793999862670898438e+01
3.905999755859375000e+01
3.893999862670898438e+01
3.796999740600585938e+01
3.848999786376953125e+01
3.852000045776367188e+01
3.843999862670898438e+01
3.847999954223632812e+01
3.855999755859375000e+01
3.854999923706054688e+01
3.850000000000000000e+01
3.868999862670898438e+01
3.861999893188476562e+01
3.840999984741210938e+01
3.855999755859375000e+01
3.843000030517578125e+01
3.871999740600585938e+01
3.866999816894531250e+01
3.859999847412109375e+01
3.880999755859375000e+01
3.859999847412109375e+01
3.868999862670898438e+01
3.861999893188476562e+01
3.868000030517578125e+01
3.841999816894531250e+01
3.855999755859375000e+01
3.879999923706054688e+01
3.857999801635742188e+01
3.870999908447265625e+01
3.886000061035156250e+01
3.852999877929687500e+01
3.893000030517578125e+01
3.865999984741210938e+01
3.889999771118164062e+01
3.895999908447265625e+01
3.850999832153320312e+01
3.855999755859375000e+01
3.871999740600585938e+01
3.886000061035156250e+01
3.897999954223632812e+01
3.895000076293945312e+01
3.870999908447265625e+01
3.890999984741210938e+01
3.882999801635742188e+01
3.897999954223632812e+01
3.881999969482421875e+01
3.893999862670898438e+01
3.880999755859375000e+01
3.861000061035156250e+01
3.862999725341796875e+01
3.848999786376953125e+01
3.877000045776367188e+01
3.875999832153320312e+01
3.911999893188476562e+01
