5.022277832031250000e-01
5.003466606140136719e-01
4.968159198760986328e-01
5.007097721099853516e-01
4.913396835327148438e-01
4.972195625305175781e-01
4.894216060638427734e-01
4.883224964141845703e-01
4.950172901153564453e-01
4.909062385559082031e-01
4.948441982269287109e-01
4.899189472198486328e-01
4.984433650970458984e-01
4.880344867706298828e-01
4.898247718811035156e-01
4.947433471679687500e-01
4.938998222351074219e-01
4.978485107421875000e-01
4.899232387542724609e-01
4.924232959747314453e-01
4.895255565643310547e-01
4.925684928894042969e-01
4.957506656646728516e-01
4.916055202484130859e-01
4.966013431549072266e-01
4.884803295135498047e-01
4.900836944580078125e-01
4.968895912170410156e-01
4.913687705993652344e-01
4.965641498565673828e-01
4.887528419494628906e-01
4.902613162994384766e-01
4.924395084381103516e-01
4.917213916778564453e-01
4.969015121459960938e-01
4.905679225921630859e-01
4.950933456420898438e-01
4.893414974212646484e-01
4.933338165283203125e-01
4.956181049346923828e-01
4.897944927215576172e-01
4.992165565490722656e-01
4.885661602020263672e-01
4.907605648040771484e-01
4.922578334808349609e-01
4.923071861267089844e-01
4.968259334564208984e-01
4.909822940826416016e-01
4.984178543090820312e-01
4.910984039306640625e-01
4.896883964538574219e-01
4.931941032409667969e-01
4.917345046997070312e-01
4.993131160736083984e-01
4.795656204223632812e-01
4.787194728851318359e-01
4.815688133239746094e-01
4.754204750061035156e-01
4.797902107238769531e-01
4.772493839263916016e-01
4.791224002838134766e-01
4.787154197692871094e-01
4.757170677185058594e-01
4.808497428894042969e-01
4.751846790313720703e-01
4.847059249877929688e-01
4.736678600311279297e-01
4.746935367584228516e-01
4.815945625305175781e-01
4.759848117828369141e-01
4.825935363769531250e-01
4.749400615692138672e-01
4.770689010620117188e-01
4.790470600128173828e-01
4.782891273498535156e-01
4.837017059326171875e-01
4.766724109649658203e-01
4.826786518096923828e-01
4.727826118469238281e-01
4.757876396179199219e-01
4.827094078063964844e-01
4.765324592590332031e-01
4.818027019500732422e-01
4.719629287719726562e-01
4.778361320495605469e-01
4.832272529602050781e-01
4.757800102233886719e-01
4.831821918487548828e-01
4.760868549346923828e-01
4.785904884338378906e-01
4.729771614074707031e-01
4.774672985076904297e-01
4.808547496795654297e-01
4.768178462982177734e-01
4.829390048980712891e-01
4.742243289947509766e-01
4.769237041473388672e-01
4.792513847351074219e-01
4.790668487548828125e-01
4.810624122619628906e-01
4.745514392852783203e-01
4.748926162719726562e-01
4.773545265197753906e-01
4.774336814880371094e-01
4.827620983123779297e-01
4.768025875091552734e-01
4.768967628479003906e-01
4.751527309417724609e-01
4.787673950195312500e-01
4.807579517364501953e-01
4.742050170898437500e-01
4.803018569946289062e-01
4.699075222015380859e-01
4.806754589080810547e-01
4.780769348144531250e-01
4.776320457458496094e-01
4.812967777252197266e-01
4.727804660797119141e-01
4.835994243621826172e-01
4.751012325286865234e-01
4.756383895874023438e-01
4.821918010711669922e-01
4.769248962402343750e-01
4.806742668151855469e-01
4.764966964721679688e-01
4.777891635894775391e-01
4.783256053924560547e-01
4.783473014831542969e-01
4.845867156982421875e-01
4.725451469421386719e-01
4.765944480895996094e-01
4.823968410491943359e-01
4.768049716949462891e-01
4.831578731536865234e-01
4.743673801422119141e-01
4.772739410400390625e-01
4.749109745025634766e-01
4.772794246673583984e-01
4.819684028625488281e-01
4.734442234039306641e-01
4.815304279327392578e-01
4.729478359222412109e-01
4.760453701019287109e-01
4.805057048797607422e-01
4.735941886901855469e-01
4.815547466278076172e-01
4.748709201812744141e-01
4.751627445220947266e-01
4.755206108093261719e-01
4.825766086578369141e-01
4.828891754150390625e-01
4.790916442871093750e-01
4.791254997253417969e-01
4.789915084838867188e-01
4.762241840362548828e-01
4.796268939971923828e-01
4.745414257049560547e-01
4.836196899414062500e-01
4.783439636230468750e-01
4.764602184295654297e-01
4.808719158172607422e-01
4.758992195129394531e-01
4.829595088958740234e-01
4.757640361785888672e-01
4.777381420135498047e-01
4.816267490386962891e-01
4.782152175903320312e-01
4.821734428405761719e-01
4.739553928375244141e-01
4.865520000457763672e-01
4.718244075775146484e-01
4.788842201232910156e-01
4.808361530303955078e-01
4.741914272308349609e-01
4.802918434143066406e-01
4.719007015228271484e-01
4.763729572296142578e-01
4.825565814971923828e-01
4.749634265899658203e-01
4.827258586883544922e-01
4.729440212249755859e-01
4.806017875671386719e-01
4.754323959350585938e-01
4.755606651306152344e-01
4.812412261962890625e-01
4.759879112243652344e-01
4.809565544128417969e-01
4.745998382568359375e-01
4.773049354553222656e-01
4.807677268981933594e-01
4.788541793823242188e-01
4.792053699493408203e-01
4.715554714202880859e-01
4.781601428985595703e-01
4.821064472198486328e-01
4.750788211822509766e-01
4.779284000396728516e-01
4.725382328033447266e-01
4.771997928619384766e-01
4.753420352935791016e-01
