1.297575569152832031e+01
1.234429955482482910e+01
1.255327081680297852e+01
1.257652926445007324e+01
1.254986166954040527e+01
1.261357879638671875e+01
1.255050635337829590e+01
1.257254052162170410e+01
1.260866546630859375e+01
1.260895919799804688e+01
1.263323330879211426e+01
1.254574155807495117e+01
1.253937363624572754e+01
1.253495359420776367e+01
1.258079600334167480e+01
1.259926605224609375e+01
1.254071497917175293e+01
1.254052972793579102e+01
1.261534643173217773e+01
1.263315153121948242e+01
1.261013078689575195e+01
1.254335284233093262e+01
1.259129047393798828e+01
1.255758714675903320e+01
1.259292078018188477e+01
1.256974220275878906e+01
1.251581835746765137e+01
1.263541364669799805e+01
1.264223337173461914e+01
1.259938573837280273e+01
1.253880429267883301e+01
1.257395005226135254e+01
1.254118371009826660e+01
1.254805707931518555e+01
1.254556465148925781e+01
1.254751229286193848e+01
1.261027932167053223e+01
1.254373288154602051e+01
1.268906426429748535e+01
1.266483139991760254e+01
1.257373833656311035e+01
1.252521324157714844e+01
1.255548477172851562e+01
1.259220266342163086e+01
1.263079476356506348e+01
1.259311580657958984e+01
1.260558938980102539e+01
1.261983966827392578e+01
1.262439846992492676e+01
1.258069419860839844e+01
1.257630276679992676e+01
1.251386499404907227e+01
1.257395219802856445e+01
1.256724905967712402e+01
1.252881336212158203e+01
1.250996112823486328e+01
1.255631446838378906e+01
1.264807772636413574e+01
1.265857124328613281e+01
1.258337593078613281e+01
1.253800463676452637e+01
1.261468315124511719e+01
1.261923193931579590e+01
1.259152460098266602e+01
1.261669540405273438e+01
1.257210564613342285e+01
1.254949903488159180e+01
1.255109667778015137e+01
1.249721860885620117e+01
1.255718922615051270e+01
1.252145767211914062e+01
1.258198404312133789e+01
1.254346895217895508e+01
1.247067046165466309e+01
1.253649020195007324e+01
1.259887719154357910e+01
1.259370183944702148e+01
1.258283209800720215e+01
1.263253045082092285e+01
1.260541772842407227e+01
1.251691865921020508e+01
1.261147713661193848e+01
1.263848781585693359e+01
1.265013813972473145e+01
1.260141992568969727e+01
1.253999161720275879e+01
1.255247926712036133e+01
1.254507851600646973e+01
1.250825119018554688e+01
1.251147603988647461e+01
1.251695704460144043e+01
1.259795379638671875e+01
1.252697849273681641e+01
1.256958603858947754e+01
1.256084275245666504e+01
1.261211895942687988e+01
1.264004588127136230e+01
1.261124992370605469e+01
1.265569686889648438e+01
1.260002255439758301e+01
1.254366922378540039e+01
1.259008169174194336e+01
1.269705796241760254e+01
1.259265947341918945e+01
1.253618478775024414e+01
1.260508894920349121e+01
1.257114505767822266e+01
1.252081799507141113e+01
1.255074095726013184e+01
1.260797238349914551e+01
1.260206460952758789e+01
1.261578893661499023e+01
1.256819844245910645e+01
1.253890776634216309e+01
1.255210113525390625e+01
1.262895536422729492e+01
1.264603304862976074e+01
1.259463548660278320e+01
1.253439784049987793e+01
1.258767199516296387e+01
1.259031963348388672e+01
1.253678989410400391e+01
1.257549142837524414e+01
1.250301456451416016e+01
1.257854771614074707e+01
1.251614475250244141e+01
1.256314826011657715e+01
1.251004767417907715e+01
1.248425126075744629e+01
1.251498341560363770e+01
1.250866675376892090e+01
1.258105468750000000e+01
1.260230612754821777e+01
1.263933897018432617e+01
1.253994488716125488e+01
1.257547807693481445e+01
1.252585268020629883e+01
1.249964475631713867e+01
1.248373484611511230e+01
1.246835756301879883e+01
1.247473883628845215e+01
1.253630828857421875e+01
1.254595971107482910e+01
1.252079367637634277e+01
1.258580589294433594e+01
1.253874444961547852e+01
1.259440016746520996e+01
1.249669766426086426e+01
1.253340244293212891e+01
1.254968118667602539e+01
1.259360170364379883e+01
1.262960052490234375e+01
1.259243679046630859e+01
1.265447425842285156e+01
1.252544522285461426e+01
1.257713103294372559e+01
1.252107024192810059e+01
1.256267595291137695e+01
1.258056330680847168e+01
1.251839995384216309e+01
1.246329641342163086e+01
1.258709406852722168e+01
1.252798318862915039e+01
1.255910372734069824e+01
1.257124686241149902e+01
1.253468966484069824e+01
1.257417035102844238e+01
1.257687830924987793e+01
1.257477903366088867e+01
1.254769659042358398e+01
1.251492381095886230e+01
1.250705313682556152e+01
1.245525836944580078e+01
1.238777756690979004e+01
1.246184587478637695e+01
1.241501998901367188e+01
1.241133975982666016e+01
1.238886094093322754e+01
1.236145305633544922e+01
1.237821221351623535e+01
1.239635705947875977e+01
1.240034437179565430e+01
1.237086677551269531e+01
1.233612751960754395e+01
1.235383749008178711e+01
1.238825082778930664e+01
1.241197156906127930e+01
1.239031267166137695e+01
1.236826848983764648e+01
1.243589091300964355e+01
1.239015769958496094e+01
1.239446473121643066e+01
1.250673580169677734e+01
1.240504217147827148e+01
1.240188813209533691e+01
1.244338870048522949e+01
1.239396810531616211e+01
1.252952361106872559e+01
1.240002679824829102e+01
1.242640781402587891e+01
