1.000000000000000000e+01
1.251999950408935547e+01
1.347999954223632812e+01
1.432999992370605469e+01
1.096000003814697266e+01
1.789999961853027344e+01
1.347999954223632812e+01
2.092000007629394531e+01
2.221999931335449219e+01
1.993999862670898438e+01
2.132999992370605469e+01
2.077999877929687500e+01
2.369999885559082031e+01
2.152999877929687500e+01
2.098999977111816406e+01
2.330999946594238281e+01
2.246999931335449219e+01
2.348999977111816406e+01
2.493999862670898438e+01
2.700000000000000000e+01
2.629999923706054688e+01
2.650000000000000000e+01
2.723999977111816406e+01
2.623999977111816406e+01
2.980999946594238281e+01
2.807999992370605469e+01
2.817999839782714844e+01
3.050000000000000000e+01
3.055999946594238281e+01
2.887999916076660156e+01
2.775000000000000000e+01
2.719999885559082031e+01
3.114999961853027344e+01
3.136999893188476562e+01
2.929999923706054688e+01
3.013999938964843750e+01
3.127999877929687500e+01
2.863999938964843750e+01
3.220999908447265625e+01
3.062999916076660156e+01
3.213000106811523438e+01
2.817999839782714844e+01
2.936999893188476562e+01
3.165999984741210938e+01
2.962999916076660156e+01
2.989999961853027344e+01
3.107999992370605469e+01
3.034000015258789062e+01
2.860999870300292969e+01
3.346999740600585938e+01
3.279999923706054688e+01
3.336000061035156250e+01
3.110999870300292969e+01
3.331999969482421875e+01
3.073999977111816406e+01
3.185999870300292969e+01
2.934000015258789062e+01
3.364999771118164062e+01
3.173999977111816406e+01
3.350000000000000000e+01
3.436999893188476562e+01
3.055999946594238281e+01
3.354999923706054688e+01
3.151999855041503906e+01
3.188999938964843750e+01
3.245000076293945312e+01
3.293999862670898438e+01
3.252000045776367188e+01
3.288000106811523438e+01
3.185999870300292969e+01
3.229999923706054688e+01
2.928999900817871094e+01
3.211000061035156250e+01
3.491999816894531250e+01
3.327999877929687500e+01
3.415999984741210938e+01
3.515999984741210938e+01
3.213000106811523438e+01
3.105999946594238281e+01
3.304999923706054688e+01
3.518000030517578125e+01
3.356999969482421875e+01
3.346999740600585938e+01
3.318999862670898438e+01
3.473999786376953125e+01
3.446999740600585938e+01
3.515999984741210938e+01
3.164999961853027344e+01
3.466999816894531250e+01
3.246999740600585938e+01
3.327000045776367188e+01
3.364999771118164062e+01
3.348999786376953125e+01
3.388999938964843750e+01
3.379999923706054688e+01
3.354999923706054688e+01
3.538999938964843750e+01
3.365999984741210938e+01
3.268999862670898438e+01
3.395000076293945312e+01
3.777999877929687500e+01
3.836000061035156250e+01
3.865999984741210938e+01
3.889999771118164062e+01
3.905999755859375000e+01
3.800000000000000000e+01
3.898999786376953125e+01
3.895999908447265625e+01
3.950999832153320312e+01
3.938999938964843750e+01
3.886999893188476562e+01
3.936000061035156250e+01
3.930999755859375000e+01
3.968999862670898438e+01
3.882999801635742188e+01
3.895000076293945312e+01
3.934999847412109375e+01
4.011000061035156250e+01
3.916999816894531250e+01
3.921999740600585938e+01
3.895999908447265625e+01
3.905999755859375000e+01
3.981999969482421875e+01
3.897999954223632812e+01
3.932999801635742188e+01
3.868999862670898438e+01
3.962999725341796875e+01
4.022999954223632812e+01
3.998999786376953125e+01
3.956999969482421875e+01
3.928999710083007812e+01
4.023999786376953125e+01
4.032999801635742188e+01
3.988999938964843750e+01
4.046999740600585938e+01
4.004999923706054688e+01
3.945999908447265625e+01
3.982999801635742188e+01
4.028999710083007812e+01
3.918999862670898438e+01
4.077999877929687500e+01
4.087999725341796875e+01
4.025000000000000000e+01
4.059000015258789062e+01
4.020000076293945312e+01
4.084000015258789062e+01
4.052999877929687500e+01
4.037999725341796875e+01
4.080999755859375000e+01
4.122999954223632812e+01
4.134000015258789062e+01
4.139999771118164062e+01
4.106999969482421875e+01
4.102999877929687500e+01
4.114999771118164062e+01
4.127999877929687500e+01
4.123999786376953125e+01
4.147999954223632812e+01
4.129999923706054688e+01
4.134000015258789062e+01
4.137999725341796875e+01
4.140999984741210938e+01
4.136000061035156250e+01
4.150000000000000000e+01
4.127999877929687500e+01
4.152000045776367188e+01
4.122999954223632812e+01
4.143000030517578125e+01
4.146999740600585938e+01
4.136999893188476562e+01
4.154999923706054688e+01
4.181999969482421875e+01
4.168000030517578125e+01
4.154999923706054688e+01
4.168000030517578125e+01
4.143000030517578125e+01
4.146999740600585938e+01
4.159999847412109375e+01
4.145999908447265625e+01
4.159000015258789062e+01
4.134000015258789062e+01
4.143000030517578125e+01
4.147999954223632812e+01
4.153999710083007812e+01
4.164999771118164062e+01
4.164999771118164062e+01
4.123999786376953125e+01
4.161000061035156250e+01
4.161999893188476562e+01
4.145999908447265625e+01
4.159000015258789062e+01
4.156999969482421875e+01
4.178999710083007812e+01
4.166999816894531250e+01
4.165999984741210938e+01
4.175000000000000000e+01
4.166999816894531250e+01
4.152999877929687500e+01
4.170000076293945312e+01
4.170000076293945312e+01
