2.538327686538696337e+00
2.446290688552856363e+00
2.391517892303467008e+00
2.348039016876220852e+00
2.282847787322998201e+00
2.226014013366699018e+00
2.203484101562500186e+00
2.194742910537719638e+00
2.184693137969970778e+00
2.144745812110901095e+00
2.147653793411254952e+00
2.113171976623535286e+00
2.072537008132934400e+00
2.059065732574462793e+00
2.056477619018554748e+00
2.053402949905395403e+00
2.041961270484924373e+00
2.020731022796630860e+00
2.021547678909301649e+00
2.005219531784057541e+00
1.995098873519897564e+00
2.009043995285034079e+00
1.981417816352844197e+00
1.986430148544311436e+00
1.973550877990722707e+00
1.953349751091003395e+00
1.980539510536193815e+00
1.938228782272338968e+00
1.965180768737792905e+00
1.973306475143432603e+00
1.936967829933166518e+00
1.931042974472045870e+00
1.943803848533630418e+00
1.928511052207946719e+00
1.953317403602600200e+00
1.948232618141174211e+00
1.930455130767822158e+00
1.957144051895141512e+00
1.937074271430969219e+00
1.907692059669494622e+00
1.923323843727111848e+00
1.938589179344177182e+00
1.956782773284912125e+00
1.952880957870483325e+00
1.918393589553833101e+00
1.943316407775878885e+00
1.970625729522704983e+00
1.920681068496704169e+00
1.944580066757202186e+00
1.920071108627319445e+00
1.969211716690063563e+00
1.936818155288696275e+00
1.926245159454345712e+00
1.925239719429016061e+00
1.938180192031860427e+00
1.961920418815612743e+00
1.966270373725891085e+00
1.930966449928283701e+00
1.924181807632446395e+00
1.921580259094238352e+00
1.927917079391479493e+00
1.937493360519409125e+00
1.926433348159789949e+00
1.919659461479187090e+00
1.913324621658325286e+00
1.928781372909545988e+00
1.925636000823974570e+00
1.928220257720947295e+00
1.934863009872436423e+00
1.926068671569824309e+00
1.952791514892578073e+00
1.940370131988525371e+00
1.913599090499877864e+00
1.938648069686889741e+00
1.940563572616577082e+00
1.938507850112914932e+00
1.924758970832824767e+00
1.914136315078735384e+00
1.938787873687744190e+00
1.933433509063720690e+00
1.924096980209350605e+00
1.931613063201904401e+00
1.928697842674255369e+00
1.944313387832641515e+00
1.938222802886962803e+00
1.921866511573791403e+00
1.917995373649597157e+00
1.947021903266906717e+00
1.917975124702453682e+00
1.924327460327148520e+00
1.884538037490844697e+00
1.917376200332641556e+00
1.942851571311950742e+00
1.941161007423400919e+00
1.924066788635253822e+00
1.910763155059814533e+00
1.923736490554809553e+00
1.918474963378906217e+00
1.916399657135009704e+00
1.927265915451049860e+00
1.740988619728088382e+00
1.768880563011169471e+00
1.739521871185302659e+00
1.758072907714843813e+00
1.751389204330444427e+00
1.748706577110290539e+00
1.752380841369628905e+00
1.761801634445190334e+00
1.753540883941650419e+00
1.769757668418884267e+00
1.769586095924377434e+00
1.764940740203857494e+00
1.755532296142578108e+00
1.771621518974304310e+00
1.761966013488769578e+00
1.757118369216918996e+00
1.772497203216552686e+00
1.760041954193115155e+00
1.761391379394531276e+00
1.764080835914611844e+00
1.755747139625549291e+00
1.760587795867919914e+00
1.775110441513061632e+00
1.786169364204406751e+00
1.773778703842163074e+00
1.773765113830566342e+00
1.771746537971496505e+00
1.784054336242675731e+00
1.786734503479003866e+00
1.765245994567871124e+00
1.764377501831054795e+00
1.798950726280212464e+00
1.788305676269531297e+00
1.769851653213500908e+00
1.772141623458862281e+00
1.786596252288818354e+00
1.785799331817626845e+00
1.772389410514831454e+00
1.778632106628417864e+00
1.778675072326660223e+00
1.777786593894958411e+00
1.773240682525634826e+00
1.787034796905517586e+00
1.787727616271972630e+00
1.770924686203003029e+00
1.779349984245300220e+00
1.782749611473083418e+00
1.787166419410705531e+00
1.768875391693115251e+00
1.777884174690246510e+00
1.757638609237670790e+00
1.750826717910766606e+00
1.749451435317993075e+00
1.771351907653808677e+00
1.747696220474243223e+00
1.749295295944213846e+00
1.768222395324706930e+00
1.769899008865356338e+00
1.775610293121338001e+00
1.764022879371643038e+00
1.775666332321166996e+00
1.760624237403869641e+00
1.765460341796875054e+00
1.746387731819152744e+00
1.768663982276916569e+00
1.755301437988281199e+00
1.751819621963500939e+00
1.753495673904418961e+00
1.748034733581542932e+00
1.743717636909484892e+00
1.751395246658325133e+00
1.763433899116516157e+00
1.739512732276916607e+00
1.749152013206481948e+00
1.746818028030395542e+00
1.748910559997558511e+00
1.748675064659118705e+00
1.761734737854003807e+00
1.754136969184875383e+00
1.767126165847778374e+00
1.749037302284240702e+00
1.744393470115661593e+00
1.740493204193115151e+00
1.744764166221618673e+00
1.752230423469543386e+00
1.761007809829711945e+00
1.759839145164489693e+00
1.756720175857543920e+00
1.750190007858276386e+00
1.751985187721252446e+00
1.755134096794128462e+00
1.746774020805358818e+00
1.731646624603271567e+00
1.752747176971435561e+00
1.741323903617858937e+00
1.751644986419677696e+00
1.757332147521972754e+00
1.750771171836853046e+00
1.738006243972778364e+00
1.750584454345703200e+00
