1.327999973297119141e+01
1.217000007629394531e+01
1.175000000000000000e+01
1.762999916076660156e+01
1.759000015258789062e+01
1.483999919891357422e+01
2.029999923706054688e+01
1.840999984741210938e+01
2.226000022888183594e+01
2.193999862670898438e+01
2.615999984741210938e+01
1.984000015258789062e+01
2.421999931335449219e+01
2.887999916076660156e+01
2.688999938964843750e+01
2.598999977111816406e+01
2.418999862670898438e+01
2.548999977111816406e+01
2.952999877929687500e+01
2.914999961853027344e+01
2.777999877929687500e+01
2.789999961853027344e+01
2.651999855041503906e+01
2.679999923706054688e+01
3.265999984741210938e+01
3.025000000000000000e+01
3.067999839782714844e+01
3.112999916076660156e+01
2.826999855041503906e+01
3.236000061035156250e+01
3.143999862670898438e+01
2.948999977111816406e+01
2.914999961853027344e+01
2.670999908447265625e+01
3.039999961853027344e+01
2.745999908447265625e+01
2.643999862670898438e+01
3.264999771118164062e+01
3.350000000000000000e+01
3.170999908447265625e+01
3.341999816894531250e+01
2.970999908447265625e+01
3.006999969482421875e+01
3.145999908447265625e+01
3.225999832153320312e+01
2.686999893188476562e+01
2.922999954223632812e+01
3.035999870300292969e+01
3.064999961853027344e+01
3.132999992370605469e+01
3.010999870300292969e+01
3.395000076293945312e+01
3.180999946594238281e+01
3.290999984741210938e+01
3.034000015258789062e+01
3.227000045776367188e+01
3.089999961853027344e+01
2.728999900817871094e+01
2.757999992370605469e+01
3.044999885559082031e+01
3.100000000000000000e+01
3.082999992370605469e+01
3.214999771118164062e+01
2.820999908447265625e+01
3.352000045776367188e+01
3.155999946594238281e+01
3.071999931335449219e+01
3.098999977111816406e+01
2.970999908447265625e+01
3.195999908447265625e+01
2.847999954223632812e+01
3.265999984741210938e+01
3.092000007629394531e+01
3.229999923706054688e+01
3.189999961853027344e+01
2.979999923706054688e+01
3.254999923706054688e+01
3.263000106811523438e+01
3.264999771118164062e+01
3.345999908447265625e+01
3.204000091552734375e+01
3.415999984741210938e+01
3.368999862670898438e+01
3.391999816894531250e+01
3.103999900817871094e+01
3.187999916076660156e+01
3.137999916076660156e+01
3.177999877929687500e+01
3.398999786376953125e+01
3.575999832153320312e+01
3.213000106811523438e+01
3.346999740600585938e+01
3.402000045776367188e+01
3.252999877929687500e+01
3.218000030517578125e+01
3.504000091552734375e+01
3.165999984741210938e+01
3.368999862670898438e+01
3.300000000000000000e+01
3.457999801635742188e+01
3.609000015258789062e+01
3.657999801635742188e+01
3.722999954223632812e+01
3.711999893188476562e+01
3.770999908447265625e+01
3.777999877929687500e+01
3.827999877929687500e+01
3.806999969482421875e+01
3.834000015258789062e+01
3.855999755859375000e+01
3.847999954223632812e+01
3.837999725341796875e+01
3.915999984741210938e+01
3.895999908447265625e+01
3.965999984741210938e+01
3.906999969482421875e+01
3.909000015258789062e+01
3.947999954223632812e+01
3.952000045776367188e+01
3.975999832153320312e+01
3.929999923706054688e+01
3.993999862670898438e+01
3.943999862670898438e+01
3.987999725341796875e+01
4.039999771118164062e+01
4.061000061035156250e+01
4.031999969482421875e+01
4.102000045776367188e+01
4.045999908447265625e+01
4.070999908447265625e+01
3.995999908447265625e+01
4.057999801635742188e+01
4.087999725341796875e+01
4.121999740600585938e+01
4.075999832153320312e+01
4.179999923706054688e+01
4.121999740600585938e+01
4.107999801635742188e+01
4.105999755859375000e+01
4.120999908447265625e+01
4.061999893188476562e+01
4.136000061035156250e+01
4.052000045776367188e+01
4.071999740600585938e+01
4.118999862670898438e+01
4.068000030517578125e+01
4.103999710083007812e+01
4.143999862670898438e+01
4.148999786376953125e+01
4.165999984741210938e+01
4.200000000000000000e+01
4.207999801635742188e+01
4.218999862670898438e+01
4.213999938964843750e+01
4.229999923706054688e+01
4.209000015258789062e+01
4.222999954223632812e+01
4.209000015258789062e+01
4.198999786376953125e+01
4.207999801635742188e+01
4.221999740600585938e+01
4.204999923706054688e+01
4.203999710083007812e+01
4.214999771118164062e+01
4.234000015258789062e+01
4.227000045776367188e+01
4.204999923706054688e+01
4.211999893188476562e+01
4.209999847412109375e+01
4.207999801635742188e+01
4.215999984741210938e+01
4.202999877929687500e+01
4.211000061035156250e+01
4.218000030517578125e+01
4.222999954223632812e+01
4.225000000000000000e+01
4.225000000000000000e+01
4.211000061035156250e+01
4.227999877929687500e+01
4.218000030517578125e+01
4.236999893188476562e+01
4.223999786376953125e+01
4.200000000000000000e+01
4.225999832153320312e+01
4.231999969482421875e+01
4.231999969482421875e+01
4.225999832153320312e+01
4.222999954223632812e+01
4.218000030517578125e+01
4.234000015258789062e+01
4.228999710083007812e+01
4.231999969482421875e+01
4.215999984741210938e+01
4.215999984741210938e+01
4.228999710083007812e+01
4.234999847412109375e+01
4.218000030517578125e+01
4.248999786376953125e+01
4.231999969482421875e+01
4.240999984741210938e+01
