2.537779399108886835e+00
2.461429903106689299e+00
2.362086761627197440e+00
2.321770919418335133e+00
2.270394987258911090e+00
2.236313386230468936e+00
2.212217702026367139e+00
2.197285056457519481e+00
2.172721234817504676e+00
2.139143446502685730e+00
2.114782608108520368e+00
2.078359244155883800e+00
2.065294345245361374e+00
2.058043317108154469e+00
2.060361177520751763e+00
2.038870645294189377e+00
2.018763471298217649e+00
1.986553151473998913e+00
1.990366842498779265e+00
1.940199269332885779e+00
1.993131649246215886e+00
1.942491344909667905e+00
1.953249001464843815e+00
1.950393192749023452e+00
1.955800473861694311e+00
1.934380397109985328e+00
1.924966407394409273e+00
1.928906855468750070e+00
1.896878409461975057e+00
1.912304995956420894e+00
1.913581971588134811e+00
1.913505221138000589e+00
1.890163010292053247e+00
1.915943675537109314e+00
1.907395229187011765e+00
1.896377727088928156e+00
1.902711444091796933e+00
1.921355276184081973e+00
1.908265694503784138e+00
1.925867542648315389e+00
1.887420901832580489e+00
1.917159988708496021e+00
1.944656927299499571e+00
1.896534801063537667e+00
1.909543358001708935e+00
1.907094048690795907e+00
1.925540908966064446e+00
1.910330571212768502e+00
1.917338588943481525e+00
1.933164668006897013e+00
1.917766053199768006e+00
1.909015383682250988e+00
1.910475285606384244e+00
1.934076309928894011e+00
1.905129313430786064e+00
1.907962464561462346e+00
1.943277821235656733e+00
1.953837360572814985e+00
1.911525600585937568e+00
1.934803555145263587e+00
1.917313949241638227e+00
1.924948678054809514e+00
1.945713637390136697e+00
1.910748782730102624e+00
1.928399313125610304e+00
1.942048603286743225e+00
1.933281243705749608e+00
1.941423915901184127e+00
1.892540364303588962e+00
1.921537864303588972e+00
1.943438454589843767e+00
1.903363746528625500e+00
1.923003749046325650e+00
1.918597824745178260e+00
1.939944278640747033e+00
1.904653583106994619e+00
1.898638029479980505e+00
1.904690333480834941e+00
1.916848988647460894e+00
1.925062631149291992e+00
1.873828826522827118e+00
1.938691292457580539e+00
1.874644195213317932e+00
1.898454371566772547e+00
1.874009902229309077e+00
1.915779814071655318e+00
1.912365016899108872e+00
1.924528913726806678e+00
1.904211592674255327e+00
1.900089231109619137e+00
1.943701103286743059e+00
1.906557964210510159e+00
1.910020907135009827e+00
1.908280056915283129e+00
1.899572553253173757e+00
1.882950603942871171e+00
1.905267451400756817e+00
1.877690497055053642e+00
1.900099629898071241e+00
1.899616565246581956e+00
1.733163572959899978e+00
1.710804240798950104e+00
1.695964520263671949e+00
1.719664312782287707e+00
1.704040710449218787e+00
1.732909647903442485e+00
1.720270959739685024e+00
1.712698946495056163e+00
1.721229296989440938e+00
1.731068521423339890e+00
1.723186540832519542e+00
1.722813703269958419e+00
1.717903097152710057e+00
1.725869735679626427e+00
1.724823266830444402e+00
1.723833107147216825e+00
1.728002156143188417e+00
1.709185203704834066e+00
1.724783903846740740e+00
1.722069140701294021e+00
1.715311020660400310e+00
1.724698395996093758e+00
1.708841920471191322e+00
1.720202558288574268e+00
1.711541869087219281e+00
1.704367615814208925e+00
1.721289355163574175e+00
1.718184680366516170e+00
1.713390000228881771e+00
1.725725677375793410e+00
1.699454261665344301e+00
1.728196500434875382e+00
1.722584846801757719e+00
1.720534879379272519e+00
1.709188420677185016e+00
1.702561070365905760e+00
1.720669236297607485e+00
1.697089246482849090e+00
1.697838741035461396e+00
1.711526932373046872e+00
1.704804596328735267e+00
1.705781478500366211e+00
1.725590672492981037e+00
1.705410158920288133e+00
1.719750357360839921e+00
1.699339935722351091e+00
1.702837303085327214e+00
1.716971215820312535e+00
1.715298471145629833e+00
1.730299787139892631e+00
1.708225657768249528e+00
1.706753399696350204e+00
1.688016968078613234e+00
1.682926484107971188e+00
1.689490267677307145e+00
1.702536407890319792e+00
1.703367490844726495e+00
1.691473083343505879e+00
1.685831698455810601e+00
1.672562193260192842e+00
1.682812915382385199e+00
1.671318450622558682e+00
1.710799700088500908e+00
1.679098306579589917e+00
1.677236949996948168e+00
1.702899632606506453e+00
1.690230691184997580e+00
1.711460930442810113e+00
1.694541599044799840e+00
1.685952119407653882e+00
1.672798952293395924e+00
1.671248055534362731e+00
1.677278955917358427e+00
1.677168995170593258e+00
1.686782902755737279e+00
1.678778753967285153e+00
1.673804612503051681e+00
1.670884271049499548e+00
1.689877908134460371e+00
1.696872364273071199e+00
1.711294872894287167e+00
1.691151742858886697e+00
1.692387832031249983e+00
1.701845421257019098e+00
1.687364652633666973e+00
1.672862534065246543e+00
1.680692554779052772e+00
1.686462095108032244e+00
1.701711186332702574e+00
1.674862402038574283e+00
1.688054121246337802e+00
1.695893531684875555e+00
1.680860455207824788e+00
1.670105611686706570e+00
1.685197264137268114e+00
1.695103072433471691e+00
1.680929589996337903e+00
1.682561804046630805e+00
1.672570872421264676e+00
1.693569313201904292e+00
