1.348794507980346680e+01
1.287445235252380371e+01
1.295877599716186523e+01
1.308611512184143066e+01
1.304475545883178711e+01
1.310924100875854492e+01
1.306475424766540527e+01
1.307564139366149902e+01
1.310384821891784668e+01
1.313583493232727051e+01
1.309146642684936523e+01
1.296676635742187500e+01
1.306859874725341797e+01
1.309464287757873535e+01
1.300138020515441895e+01
1.305173468589782715e+01
1.302093458175659180e+01
1.308543729782104492e+01
1.311679148674011230e+01
1.310941243171691895e+01
1.308766174316406250e+01
1.312434315681457520e+01
1.307464051246643066e+01
1.320007038116455078e+01
1.311080312728881836e+01
1.305413818359375000e+01
1.312762117385864258e+01
1.308489751815795898e+01
1.314412498474121094e+01
1.316463804244995117e+01
1.300496888160705566e+01
1.301002144813537598e+01
1.301443076133728027e+01
1.306277608871459961e+01
1.308675503730773926e+01
1.314030408859252930e+01
1.307180452346801758e+01
1.311599993705749512e+01
1.306753039360046387e+01
1.308257031440734863e+01
1.312365317344665527e+01
1.318204355239868164e+01
1.313224530220031738e+01
1.305927729606628418e+01
1.310318970680236816e+01
1.310821557044982910e+01
1.309750080108642578e+01
1.304739880561828613e+01
1.314736175537109375e+01
1.317126417160034180e+01
1.301148319244384766e+01
1.304675650596618652e+01
1.301582288742065430e+01
1.302705407142639160e+01
1.296258759498596191e+01
1.298991894721984863e+01
1.299161529541015625e+01
1.313356637954711914e+01
1.307759189605712891e+01
1.303404688835144043e+01
1.308406686782836914e+01
1.312003660202026367e+01
1.322832369804382324e+01
1.308395361900329590e+01
1.307066917419433594e+01
1.310558891296386719e+01
1.298577713966369629e+01
1.308449387550354004e+01
1.301041245460510254e+01
1.306841754913330078e+01
1.300476884841918945e+01
1.303190088272094727e+01
1.305186343193054199e+01
1.307343935966491699e+01
1.305102181434631348e+01
1.304682612419128418e+01
1.303917694091796875e+01
1.304232549667358398e+01
1.306498885154724121e+01
1.312483191490173340e+01
1.302952027320861816e+01
1.307003688812255859e+01
1.300998497009277344e+01
1.311476731300354004e+01
1.303069758415222168e+01
1.300721573829650879e+01
1.311993384361267090e+01
1.309448790550231934e+01
1.295496201515197754e+01
1.297332310676574707e+01
1.296026659011840820e+01
1.300736904144287109e+01
1.305479335784912109e+01
1.307022833824157715e+01
1.303505706787109375e+01
1.316097688674926758e+01
1.302266955375671387e+01
1.302864646911621094e+01
1.309188723564147949e+01
1.303779268264770508e+01
1.306406211853027344e+01
1.307001328468322754e+01
1.307835006713867188e+01
1.306314325332641602e+01
1.305907058715820312e+01
1.296775078773498535e+01
1.302229428291320801e+01
1.303601956367492676e+01
1.309434008598327637e+01
1.298535799980163574e+01
1.304716110229492188e+01
1.299488162994384766e+01
1.302353978157043457e+01
1.306533956527709961e+01
1.304960799217224121e+01
1.305470323562622070e+01
1.306274032592773438e+01
1.304276156425476074e+01
1.307286715507507324e+01
1.301506447792053223e+01
1.310782456398010254e+01
1.305161023139953613e+01
1.307102370262145996e+01
1.305081486701965332e+01
1.303051638603210449e+01
1.298069906234741211e+01
1.303749656677246094e+01
1.298860669136047363e+01
1.307155203819274902e+01
1.297201466560363770e+01
1.296684098243713379e+01
1.302188110351562500e+01
1.305733394622802734e+01
1.303783941268920898e+01
1.304141139984130859e+01
1.299581336975097656e+01
1.302219128608703613e+01
1.299989056587219238e+01
1.298255228996276855e+01
1.300216627120971680e+01
1.310684037208557129e+01
1.304333925247192383e+01
1.298347187042236328e+01
1.304358196258544922e+01
1.308735036849975586e+01
1.299350357055664062e+01
1.298824977874755859e+01
1.296351504325866699e+01
1.306917619705200195e+01
1.297888779640197754e+01
1.301495456695556641e+01
1.308568453788757324e+01
1.303962087631225586e+01
1.302126216888427734e+01
1.304354214668273926e+01
1.298818206787109375e+01
1.297625803947448730e+01
1.305226802825927734e+01
1.304521512985229492e+01
1.307311868667602539e+01
1.309093499183654785e+01
1.307532262802124023e+01
1.308282828330993652e+01
1.312568402290344238e+01
1.302072620391845703e+01
1.304149341583251953e+01
1.298323631286621094e+01
1.309773421287536621e+01
1.297265052795410156e+01
1.299989938735961914e+01
1.304909157752990723e+01
1.301084542274475098e+01
1.298035240173339844e+01
1.288855457305908203e+01
1.289868927001953125e+01
1.286135816574096680e+01
1.285534358024597168e+01
1.295562839508056641e+01
1.289204430580139160e+01
1.285056757926940918e+01
1.283290076255798340e+01
1.293064284324645996e+01
1.303482842445373535e+01
1.295505023002624512e+01
1.296513938903808594e+01
1.291576075553894043e+01
1.285922265052795410e+01
1.282811164855957031e+01
1.286598563194274902e+01
1.288388133049011230e+01
1.293325376510620117e+01
1.288498640060424805e+01
1.287991309165954590e+01
1.292535996437072754e+01
1.296340966224670410e+01
1.285338473320007324e+01
1.288095259666442871e+01
1.290300559997558594e+01
1.293275356292724609e+01
1.290409183502197266e+01
