1.091199999954223721e+01
1.089599999908447181e+01
1.441599999877929683e+01
1.617599999572754044e+01
1.831999999877929852e+01
1.919999999908447208e+01
1.961599999877929790e+01
2.027200000488281262e+01
2.089600000488281140e+01
2.243199999511718801e+01
2.220800000244140548e+01
2.300799999877929736e+01
2.246399999511718804e+01
2.326399999877929758e+01
2.462399999511718818e+01
2.504000000488281330e+01
2.548799999145507655e+01
2.535999999816894501e+01
2.628799999877929849e+01
2.489599999877929548e+01
2.631999999511718613e+01
2.699200000488281148e+01
2.792000000122070347e+01
2.697599999877929733e+01
2.654400000122070225e+01
2.747200000122070307e+01
2.731199999511718701e+01
2.806399998779296823e+01
2.819199999511718602e+01
2.881600000122070426e+01
2.831999999511718613e+01
2.828800000183105467e+01
2.971200000488281390e+01
2.854399999816894606e+01
3.011199999816894390e+01
2.860799999877929523e+01
2.931200000183105558e+01
2.856000000183105314e+01
3.007999999572754035e+01
3.001599999145507880e+01
2.943999998779296945e+01
2.908799999816894655e+01
2.897600000122070441e+01
2.953599999816894695e+01
2.953600000488281196e+01
3.006399999511718590e+01
3.067199999908447339e+01
2.895999999877929554e+01
2.987199999511718573e+01
2.911999999816894658e+01
2.932799999755859233e+01
3.019199999145507718e+01
3.054400000366210932e+01
3.043199999755859508e+01
2.987199999572753839e+01
2.943999999908447407e+01
3.027199999511718786e+01
2.937599998779296939e+01
2.964799999145507670e+01
2.988799999511718752e+01
3.038399999877929858e+01
2.963199999145507846e+01
2.918399999511718690e+01
2.894400000488281322e+01
3.011200000183105630e+01
2.950399999755859426e+01
2.966400000488281208e+01
2.875200000122070421e+01
3.052799999999999869e+01
3.120000000976562404e+01
2.976000000122070333e+01
3.017599999145507894e+01
2.943999999511718713e+01
3.011200000183105630e+01
3.022399999511718605e+01
2.983999998779296803e+01
2.924799999511718696e+01
2.956799999511718724e+01
3.001599998779296996e+01
2.947199999511718715e+01
2.963200000976562620e+01
2.857599999511718636e+01
3.017600000183105635e+01
2.968000000488281387e+01
3.051200000732421813e+01
3.001599999816894382e+01
2.884799999816894456e+01
3.060800000122070230e+01
3.059199999816894433e+01
2.942399999145507650e+01
2.950400000366211017e+01
2.895999999877929554e+01
2.942400000122070480e+01
2.864000000122070233e+01
2.932799999877929764e+01
2.950400000122070310e+01
2.902400000122070267e+01
2.996799999511718582e+01
3.017600000366211077e+01
3.009599999145507709e+01
3.379199998779296976e+01
3.408000000488281245e+01
3.465599999145507581e+01
3.433600000732421620e+01
3.467199998779296521e+01
3.523199999999999932e+01
3.591999999572753666e+01
3.515199999389648156e+01
3.539199999511718886e+01
3.548800000732421722e+01
3.523199999145507633e+01
3.564799999389648377e+01
3.526399999755859227e+01
3.563199999511719085e+01
3.619199998779296834e+01
3.559999999145507843e+01
3.635199999816894234e+01
3.576000000122070333e+01
3.657600000122070583e+01
3.611199999755859125e+01
3.566399999145507849e+01
3.656000000122070048e+01
3.644799999145507741e+01
3.612800000732421779e+01
3.681599999145507951e+01
3.695999999572753580e+01
3.715199999755859039e+01
3.638399998779296851e+01
3.715200000183105544e+01
3.780799999145507684e+01
3.739199999389648355e+01
3.747199999511718715e+01
3.718400000610351697e+01
3.758399999816894876e+01
3.814399999145507536e+01
3.804799999145507883e+01
3.832000000732421796e+01
3.764800000732422092e+01
3.768000000366210855e+01
3.910399999023437800e+01
3.963199999389648553e+01
3.884799998779296715e+01
3.854400000122070225e+01
3.876800000732421836e+01
3.857600000366210935e+01
3.918400000732422228e+01
3.854400000732422171e+01
3.868800000122070060e+01
3.923199999389648696e+01
3.977599999145508036e+01
3.983999999755859278e+01
4.023999999511718784e+01
4.084800000122070429e+01
4.047999998779297215e+01
4.022400000122070196e+01
4.054399998779297221e+01
3.967999999145507672e+01
4.057599999755859699e+01
4.065599999999999881e+01
4.084799998779296715e+01
4.054400000976562524e+01
3.937600000183105209e+01
4.115199999755859039e+01
4.073599999755859358e+01
4.091200000732421671e+01
4.057600000366210935e+01
4.070399999755859710e+01
4.001599999023437704e+01
4.083200000122070605e+01
4.049599999389648275e+01
4.102399998657226377e+01
4.043199999145507917e+01
4.051200000732421813e+01
4.019199999389648781e+01
4.059199999145507576e+01
4.054399999511718988e+01
4.023999998779297016e+01
4.115199999755859039e+01
4.116800000122070458e+01
4.126399999389648343e+01
4.102400000976562211e+01
4.108799999755859034e+01
4.137600000183105209e+01
4.091199998779296720e+01
4.123199999999999932e+01
4.156799998779296601e+01
4.121599999389648161e+01
4.038399999755859682e+01
4.110400000122070452e+01
4.075200000732422012e+01
4.062399998779297050e+01
4.071999999999999886e+01
4.081600000366211134e+01
4.148799999755859602e+01
4.016000000366211253e+01
4.100799999755859204e+01
4.083200000976562194e+01
4.115200000732421870e+01
4.073599999145508122e+01
4.086400000976562552e+01
