1.000000000000000000e+01
1.567000007629394531e+01
1.547999954223632812e+01
2.023999977111816406e+01
1.707999992370605469e+01
2.203999900817871094e+01
2.362999916076660156e+01
2.307999992370605469e+01
2.210999870300292969e+01
2.447999954223632812e+01
2.363999938964843750e+01
2.522999954223632812e+01
2.598999977111816406e+01
2.431999969482421875e+01
2.361999893188476562e+01
2.403999900817871094e+01
2.261999893188476562e+01
2.676000022888183594e+01
2.647999954223632812e+01
2.680999946594238281e+01
2.784000015258789062e+01
2.992000007629394531e+01
2.571999931335449219e+01
2.975999832153320312e+01
2.968999862670898438e+01
2.730999946594238281e+01
2.697999954223632812e+01
2.826000022888183594e+01
2.965999984741210938e+01
2.975000000000000000e+01
3.114999961853027344e+01
2.892000007629394531e+01
2.959000015258789062e+01
2.935999870300292969e+01
3.104999923706054688e+01
3.115999984741210938e+01
2.898999977111816406e+01
2.851000022888183594e+01
3.019999885559082031e+01
2.970999908447265625e+01
3.216999816894531250e+01
3.139999961853027344e+01
2.773999977111816406e+01
2.961999893188476562e+01
3.118999862670898438e+01
3.330999755859375000e+01
2.825000000000000000e+01
2.980999946594238281e+01
3.304999923706054688e+01
3.150999832153320312e+01
2.994999885559082031e+01
3.055999946594238281e+01
2.650000000000000000e+01
2.722999954223632812e+01
3.105999946594238281e+01
2.905999946594238281e+01
3.227000045776367188e+01
3.106999969482421875e+01
2.989999961853027344e+01
2.982999992370605469e+01
3.138999938964843750e+01
2.973999977111816406e+01
2.778999900817871094e+01
3.159000015258789062e+01
3.005999946594238281e+01
2.711999893188476562e+01
2.970999908447265625e+01
3.095999908447265625e+01
2.928999900817871094e+01
3.140999984741210938e+01
3.034999847412109375e+01
3.160999870300292969e+01
3.202999877929687500e+01
3.130999946594238281e+01
2.994999885559082031e+01
2.917000007629394531e+01
3.150000000000000000e+01
2.989999961853027344e+01
3.000999832153320312e+01
3.092999839782714844e+01
3.196999931335449219e+01
2.865999984741210938e+01
3.248999786376953125e+01
3.146999931335449219e+01
3.021999931335449219e+01
3.118999862670898438e+01
3.111999893188476562e+01
3.156999969482421875e+01
2.987999916076660156e+01
2.902999877929687500e+01
3.232999801635742188e+01
2.997999954223632812e+01
3.134000015258789062e+01
3.254999923706054688e+01
3.270000076293945312e+01
2.918999862670898438e+01
2.906999969482421875e+01
3.167999839782714844e+01
3.038999938964843750e+01
3.128999900817871094e+01
3.386999893188476562e+01
3.255999755859375000e+01
3.346999740600585938e+01
3.311999893188476562e+01
3.364999771118164062e+01
3.362999725341796875e+01
3.357999801635742188e+01
3.320000076293945312e+01
3.321999740600585938e+01
3.405999755859375000e+01
3.395999908447265625e+01
3.365999984741210938e+01
3.511000061035156250e+01
3.550000000000000000e+01
3.407999801635742188e+01
3.443000030517578125e+01
3.411000061035156250e+01
3.436999893188476562e+01
3.477000045776367188e+01
3.437999725341796875e+01
3.359999847412109375e+01
3.477999877929687500e+01
3.493999862670898438e+01
3.500000000000000000e+01
3.515999984741210938e+01
3.389999771118164062e+01
3.447999954223632812e+01
3.409000015258789062e+01
3.427999877929687500e+01
3.488999938964843750e+01
3.438999938964843750e+01
3.486000061035156250e+01
3.432999801635742188e+01
3.491999816894531250e+01
3.518000030517578125e+01
3.598999786376953125e+01
3.539999771118164062e+01
3.538999938964843750e+01
3.550000000000000000e+01
3.700999832153320312e+01
3.702000045776367188e+01
3.711999893188476562e+01
3.727000045776367188e+01
3.693999862670898438e+01
3.713999938964843750e+01
3.802000045776367188e+01
3.711999893188476562e+01
3.588999938964843750e+01
3.716999816894531250e+01
3.731999969482421875e+01
3.798999786376953125e+01
3.782999801635742188e+01
3.800999832153320312e+01
3.763999938964843750e+01
3.786000061035156250e+01
3.782999801635742188e+01
3.779999923706054688e+01
3.802000045776367188e+01
3.800000000000000000e+01
3.784999847412109375e+01
3.815999984741210938e+01
3.825000000000000000e+01
3.816999816894531250e+01
3.800999832153320312e+01
3.818000030517578125e+01
3.834999847412109375e+01
3.827000045776367188e+01
3.829999923706054688e+01
3.852999877929687500e+01
3.841999816894531250e+01
3.839999771118164062e+01
3.839999771118164062e+01
3.829000091552734375e+01
3.841999816894531250e+01
3.837999725341796875e+01
3.847999954223632812e+01
3.834000015258789062e+01
3.846999740600585938e+01
3.852000045776367188e+01
3.832999801635742188e+01
3.830999755859375000e+01
3.818000030517578125e+01
3.825000000000000000e+01
3.838999938964843750e+01
3.829999923706054688e+01
3.827999877929687500e+01
3.837999725341796875e+01
3.855999755859375000e+01
3.852999877929687500e+01
3.841999816894531250e+01
3.850000000000000000e+01
3.829999923706054688e+01
3.836000061035156250e+01
3.836999893188476562e+01
3.864999771118164062e+01
3.859000015258789062e+01
3.875999832153320312e+01
3.856999969482421875e+01
3.866999816894531250e+01
3.848999786376953125e+01
