5.018506050109863281e-01
5.001921653747558594e-01
4.966864585876464844e-01
5.005502700805664062e-01
4.913473129272460938e-01
4.969460964202880859e-01
4.892070293426513672e-01
4.880998134613037109e-01
4.941570758819580078e-01
4.908893108367919922e-01
4.947111606597900391e-01
4.899413585662841797e-01
4.984416961669921875e-01
4.880862236022949219e-01
4.899294376373291016e-01
4.945809841156005859e-01
4.937138557434082031e-01
4.976551532745361328e-01
4.898536205291748047e-01
4.923393726348876953e-01
4.895286560058593750e-01
4.927206039428710938e-01
4.962825775146484375e-01
4.916853904724121094e-01
4.963061809539794922e-01
4.882981777191162109e-01
4.899053573608398438e-01
4.964966773986816406e-01
4.911961555480957031e-01
4.964296817779541016e-01
4.886443614959716797e-01
4.895367622375488281e-01
4.924290180206298828e-01
4.919085502624511719e-01
4.968492984771728516e-01
4.908492565155029297e-01
4.950728416442871094e-01
4.894611835479736328e-01
4.923906326293945312e-01
4.955050945281982422e-01
4.895191192626953125e-01
4.989619255065917969e-01
4.885003566741943359e-01
4.907875061035156250e-01
4.922962188720703125e-01
4.920809268951416016e-01
4.973618984222412109e-01
4.908993244171142578e-01
4.983835220336914062e-01
4.909279346466064453e-01
4.897019863128662109e-01
4.939200878143310547e-01
4.916419982910156250e-01
5.000140666961669922e-01
4.796423912048339844e-01
4.785511493682861328e-01
4.803714752197265625e-01
4.759001731872558594e-01
4.795708656311035156e-01
4.773228168487548828e-01
4.790112972259521484e-01
4.786040782928466797e-01
4.756460189819335938e-01
4.806439876556396484e-01
4.751982688903808594e-01
4.846050739288330078e-01
4.734833240509033203e-01
4.745399951934814453e-01
4.813907146453857422e-01
4.758636951446533203e-01
4.824657440185546875e-01
4.748878479003906250e-01
4.778532981872558594e-01
4.788813591003417969e-01
4.776904582977294922e-01
4.835076332092285156e-01
4.764637947082519531e-01
4.825932979583740234e-01
4.727628231048583984e-01
4.759480953216552734e-01
4.827632904052734375e-01
4.764704704284667969e-01
4.816696643829345703e-01
4.717574119567871094e-01
4.775748252868652344e-01
4.829587936401367188e-01
4.754209518432617188e-01
4.830935001373291016e-01
4.761483669281005859e-01
4.784481525421142578e-01
4.729919433593750000e-01
4.774253368377685547e-01
4.805991649627685547e-01
4.765498638153076172e-01
4.828703403472900391e-01
4.742388725280761719e-01
4.767835140228271484e-01
4.792580604553222656e-01
4.790928363800048828e-01
4.811944961547851562e-01
4.744091033935546875e-01
4.749116897583007812e-01
4.772160053253173828e-01
4.772984981536865234e-01
4.827890396118164062e-01
4.768025875091552734e-01
4.771015644073486328e-01
4.750804901123046875e-01
4.794528484344482422e-01
4.808480739593505859e-01
4.731624126434326172e-01
4.803447723388671875e-01
4.697027206420898438e-01
4.807615280151367188e-01
4.779691696166992188e-01
4.773619174957275391e-01
4.812350273132324219e-01
4.725480079650878906e-01
4.836344718933105469e-01
4.749305248260498047e-01
4.756946563720703125e-01
4.819591045379638672e-01
4.769203662872314453e-01
4.806199073791503906e-01
4.765875339508056641e-01
4.776134490966796875e-01
4.781012535095214844e-01
4.780628681182861328e-01
4.843187332153320312e-01
4.726960659027099609e-01
4.766328334808349609e-01
4.824585914611816406e-01
4.765555858612060547e-01
4.830026626586914062e-01
4.742038249969482422e-01
4.772384166717529297e-01
4.749186038970947266e-01
4.771823883056640625e-01
4.819700717926025391e-01
4.732072353363037109e-01
4.823741912841796875e-01
4.729602336883544922e-01
4.757149219512939453e-01
4.804060459136962891e-01
4.734647274017333984e-01
4.814736843109130859e-01
4.747734069824218750e-01
4.752693176269531250e-01
4.756577014923095703e-01
4.825079441070556641e-01
4.828441143035888672e-01
4.790737628936767578e-01
4.789848327636718750e-01
4.791378974914550781e-01
4.764657020568847656e-01
4.796588420867919922e-01
4.746339321136474609e-01
4.834902286529541016e-01
4.783942699432373047e-01
4.762809276580810547e-01
4.808425903320312500e-01
4.760282039642333984e-01
4.830334186553955078e-01
4.755747318267822266e-01
4.776840209960937500e-01
4.816906452178955078e-01
4.782297611236572266e-01
4.822635650634765625e-01
4.742412567138671875e-01
4.864342212677001953e-01
4.720106124877929688e-01
4.787645339965820312e-01
4.810085296630859375e-01
4.742076396942138672e-01
4.806075096130371094e-01
4.723997116088867188e-01
4.767785072326660156e-01
4.821734428405761719e-01
4.753758907318115234e-01
4.828755855560302734e-01
4.734628200531005859e-01
4.808022975921630859e-01
4.755051136016845703e-01
4.756498336791992188e-01
4.815673828125000000e-01
4.762837886810302734e-01
4.806375503540039062e-01
4.748816490173339844e-01
4.772987365722656250e-01
4.811685085296630859e-01
4.793548583984375000e-01
4.792342185974121094e-01
4.720389842987060547e-01
4.785473346710205078e-01
4.822335243225097656e-01
4.752364158630371094e-01
4.780163764953613281e-01
4.726834297180175781e-01
4.773368835449218750e-01
4.757218360900878906e-01
