2.527998370208740297e+00
2.419110737991332805e+00
2.335973481292724419e+00
2.275187077560424598e+00
2.219199647293090827e+00
2.202850150985717903e+00
2.163859064407348765e+00
2.181483509979248225e+00
2.143355303802490397e+00
2.110624082641601618e+00
2.092649447784423966e+00
2.064067336425781107e+00
2.084974528923034587e+00
2.070832323760986249e+00
2.049848254089355670e+00
2.009695399398803595e+00
1.993871297836303791e+00
1.984731131820678618e+00
1.990184306488037125e+00
2.001271347885131835e+00
1.974422273101806624e+00
1.951342024230956929e+00
1.925947378158569423e+00
1.949271763992309614e+00
1.971571510162353436e+00
1.940649297409057672e+00
1.923018728981018111e+00
1.949710952186584523e+00
1.938526531066894432e+00
1.919079825325012312e+00
1.916364569091796977e+00
1.948136882705688411e+00
1.921387804412841849e+00
1.907764033317565833e+00
1.917834392967224133e+00
1.928551995468139602e+00
1.908003884010314843e+00
1.925808832130432080e+00
1.907090970153808573e+00
1.901362666282653713e+00
1.926913726539611904e+00
1.913970891952514686e+00
1.931022940750122041e+00
1.956455633087158308e+00
1.933573759841918926e+00
1.928931088409423733e+00
1.887341252517700241e+00
1.938225116004943738e+00
1.910403913955688537e+00
1.934738888931274436e+00
1.910653502273559567e+00
1.912148034286498932e+00
1.932647811355590717e+00
1.934757141418457005e+00
1.919240027618408284e+00
1.907789323196411146e+00
1.908193608093261773e+00
1.947072225151061931e+00
1.917335140342712352e+00
1.924707845115661620e+00
1.910130134353637654e+00
1.941646818504333405e+00
1.926892558937072675e+00
1.941299582481384345e+00
1.927505248489379985e+00
1.928683271560668988e+00
1.940880517959594709e+00
1.938795838966369534e+00
1.913117882537841874e+00
1.904359332656860415e+00
1.920254588546753016e+00
1.900865875053405762e+00
1.932373983306884702e+00
1.908322527847289951e+00
1.946366300659179593e+00
1.931795365028381450e+00
1.950700249557495214e+00
1.929542825317382748e+00
1.925165950622558686e+00
1.926613607940673933e+00
1.940309482421874954e+00
1.963182865982055603e+00
1.917534841156005809e+00
1.937724865989685075e+00
1.946927292404174725e+00
1.937832651901245207e+00
1.939320143432617272e+00
1.935069835815429684e+00
1.929557287063598636e+00
1.927113665008544974e+00
1.957643635292053208e+00
1.947653021507263160e+00
1.940614818649291973e+00
1.956153070945739758e+00
1.934406666641235395e+00
1.939587177848815847e+00
1.934638205909728903e+00
1.914740339088439880e+00
1.931813917160034144e+00
1.943633326263427774e+00
1.774918507461547890e+00
1.779400698432922256e+00
1.771819941368103057e+00
1.779813150978088343e+00
1.783622265586852995e+00
1.779138238143920914e+00
1.767718589324951184e+00
1.769898316879272571e+00
1.785708825683593792e+00
1.799398178176879970e+00
1.775578405570983787e+00
1.760233745613098089e+00
1.776034627876281746e+00
1.761810789985656767e+00
1.766787147521972745e+00
1.775270418891906843e+00
1.765375283393859851e+00
1.761786271591186503e+00
1.779372466583251988e+00
1.772789201927185143e+00
1.776944114036560052e+00
1.775530036582946725e+00
1.768673093528747575e+00
1.783657403106689410e+00
1.770856208839416412e+00
1.769644288330078030e+00
1.765363888282775795e+00
1.775415373878479031e+00
1.781288289184570273e+00
1.777234610443115148e+00
1.781086937637329060e+00
1.767976555328369059e+00
1.764209771919250436e+00
1.767656219406127827e+00
1.758876062240600557e+00
1.761068345756530817e+00
1.748049276237487737e+00
1.760270336837768568e+00
1.758347511367797766e+00
1.762188446426391497e+00
1.740102198791503962e+00
1.768897976417541429e+00
1.774453464050292917e+00
1.749813182449340809e+00
1.755701367225646958e+00
1.755596226501464852e+00
1.771679935531616179e+00
1.755885470314025865e+00
1.778288289909362829e+00
1.761011397819518987e+00
1.724583536682128937e+00
1.720399937553405811e+00
1.721270650863647500e+00
1.728111878929138090e+00
1.747608488845825203e+00
1.727257553329467843e+00
1.749608531455993710e+00
1.735850490455627337e+00
1.730513416366577184e+00
1.725772400970458920e+00
1.724095478477478016e+00
1.743559198684692335e+00
1.718509921913146998e+00
1.750484363021850509e+00
1.742621450538635264e+00
1.738082834129333509e+00
1.733632259826660249e+00
1.744175498008728065e+00
1.729633546333313010e+00
1.753877853088378957e+00
1.714911219215393023e+00
1.742173495712280307e+00
1.751130823097228895e+00
1.729928501205444391e+00
1.724742278976440391e+00
1.732624740333557067e+00
1.747762940864562964e+00
1.734335991096496610e+00
1.728168073425292883e+00
1.736053743667602456e+00
1.721286725883483859e+00
1.715310480079650812e+00
1.724936263198852515e+00
1.719646198806762616e+00
1.725385067863464350e+00
1.722073430557250928e+00
1.745920899620056144e+00
1.746843327407836988e+00
1.738416410751342678e+00
1.745393206558227606e+00
1.749436745491027789e+00
1.735631569252014117e+00
1.741197677192688031e+00
1.713728509025573832e+00
1.735390902061462404e+00
1.741064541206359895e+00
1.727226805152893174e+00
1.737161363868713337e+00
1.735532433204650893e+00
1.733957769966125495e+00
