5.018701553344726562e-01
5.001840591430664062e-01
4.966845512390136719e-01
5.005931854248046875e-01
4.913289546966552734e-01
4.968996047973632812e-01
4.892494678497314453e-01
4.880788326263427734e-01
4.941806793212890625e-01
4.908125400543212891e-01
4.946703910827636719e-01
4.898605346679687500e-01
4.983675479888916016e-01
4.882168769836425781e-01
4.898793697357177734e-01
4.945874214172363281e-01
4.937176704406738281e-01
4.971323013305664062e-01
4.898257255554199219e-01
4.912238121032714844e-01
4.894824028015136719e-01
4.927487373352050781e-01
4.963462352752685547e-01
4.915683269500732422e-01
4.963505268096923828e-01
4.882860183715820312e-01
4.898333549499511719e-01
4.965238571166992188e-01
4.912428855895996094e-01
4.963743686676025391e-01
4.885666370391845703e-01
4.906108379364013672e-01
4.923303127288818359e-01
4.918286800384521484e-01
4.969003200531005859e-01
4.907665252685546875e-01
4.950847625732421875e-01
4.894480705261230469e-01
4.930534362792968750e-01
4.954974651336669922e-01
4.894895553588867188e-01
4.989988803863525391e-01
4.885778427124023438e-01
4.907071590423583984e-01
4.922692775726318359e-01
4.920804500579833984e-01
4.973516464233398438e-01
4.908859729766845703e-01
4.983558654785156250e-01
4.909014701843261719e-01
4.896504878997802734e-01
4.939110279083251953e-01
4.916899204254150391e-01
4.999535083770751953e-01
4.795672893524169922e-01
4.785182476043701172e-01
4.803941249847412109e-01
4.758732318878173828e-01
4.796626567840576172e-01
4.772472381591796875e-01
4.789915084838867188e-01
4.785885810852050781e-01
4.756903648376464844e-01
4.806535243988037109e-01
4.751558303833007812e-01
4.845707416534423828e-01
4.735391139984130859e-01
4.744820594787597656e-01
4.814000129699707031e-01
4.759063720703125000e-01
4.825081825256347656e-01
4.749100208282470703e-01
4.769353866577148438e-01
4.788553714752197266e-01
4.781558513641357422e-01
4.834358692169189453e-01
4.765136241912841797e-01
4.825534820556640625e-01
4.726932048797607422e-01
4.758262634277343750e-01
4.826710224151611328e-01
4.764690399169921875e-01
4.816722869873046875e-01
4.717438220977783203e-01
4.775521755218505859e-01
4.829537868499755859e-01
4.756143093109130859e-01
4.830980300903320312e-01
4.761271476745605469e-01
4.784286022186279297e-01
4.729490280151367188e-01
4.773628711700439453e-01
4.806089401245117188e-01
4.765479564666748047e-01
4.828882217407226562e-01
4.742095470428466797e-01
4.767112731933593750e-01
4.792304039001464844e-01
4.790828227996826172e-01
4.811265468597412109e-01
4.743282794952392578e-01
4.748737812042236328e-01
4.771919250488281250e-01
4.772806167602539062e-01
4.827144145965576172e-01
4.767374992370605469e-01
4.768216609954833984e-01
4.751050472259521484e-01
4.794645309448242188e-01
4.807782173156738281e-01
4.731876850128173828e-01
4.803130626678466797e-01
4.697923660278320312e-01
4.806802272796630859e-01
4.780149459838867188e-01
4.773216247558593750e-01
4.811754226684570312e-01
4.725763797760009766e-01
4.835956096649169922e-01
4.748973846435546875e-01
4.749782085418701172e-01
4.819746017456054688e-01
4.768588542938232422e-01
4.805805683135986328e-01
4.765899181365966797e-01
4.775846004486083984e-01
4.780023097991943359e-01
4.780199527740478516e-01
4.845533370971679688e-01
4.726653099060058594e-01
4.764392375946044922e-01
4.824368953704833984e-01
4.765429496765136719e-01
4.830069541931152344e-01
4.742100238800048828e-01
4.771850109100341797e-01
4.749255180358886719e-01
4.771270751953125000e-01
4.819254875183105469e-01
4.732558727264404297e-01
4.823865890502929688e-01
4.728584289550781250e-01
4.757075309753417969e-01
4.804224967956542969e-01
4.725763797760009766e-01
4.814608097076416016e-01
4.747364521026611328e-01
4.752664566040039062e-01
4.756669998168945312e-01
4.824826717376708984e-01
4.827859401702880859e-01
4.790108203887939453e-01
4.789643287658691406e-01
4.789817333221435547e-01
4.764842987060546875e-01
4.796519279479980469e-01
4.745490550994873047e-01
4.833261966705322266e-01
4.782845973968505859e-01
4.762568473815917969e-01
4.808855056762695312e-01
4.759736061096191406e-01
4.828786849975585938e-01
4.756138324737548828e-01
4.776389598846435547e-01
4.817090034484863281e-01
4.782087802886962891e-01
4.822256565093994141e-01
4.742805957794189453e-01
4.863419532775878906e-01
4.719676971435546875e-01
4.787054061889648438e-01
4.809939861297607422e-01
4.742348194122314453e-01
4.806709289550781250e-01
4.724173545837402344e-01
4.767167568206787109e-01
4.831008911132812500e-01
4.753446578979492188e-01
4.828662872314453125e-01
4.734358787536621094e-01
4.808008670806884766e-01
4.754645824432373047e-01
4.758427143096923828e-01
4.816026687622070312e-01
4.762556552886962891e-01
4.806423187255859375e-01
4.748358726501464844e-01
4.773135185241699219e-01
4.810130596160888672e-01
4.792625904083251953e-01
4.793415069580078125e-01
4.719595909118652344e-01
4.783616065979003906e-01
4.822368621826171875e-01
4.751684665679931641e-01
4.779927730560302734e-01
4.727134704589843750e-01
4.773576259613037109e-01
4.757711887359619141e-01
