2.272222018241882324e+01
2.231479358673095703e+01
2.215618705749511719e+01
2.263227510452270508e+01
2.215683150291442871e+01
2.248468255996704102e+01
2.259923410415649414e+01
2.273570775985717773e+01
2.230455422401428223e+01
2.241142535209655762e+01
2.265199017524719238e+01
2.230294179916381836e+01
2.251939392089843750e+01
2.233142900466918945e+01
2.248218393325805664e+01
2.275518393516540527e+01
2.226069998741149902e+01
2.307666301727294922e+01
2.220544624328613281e+01
2.225583410263061523e+01
2.240906763076782227e+01
2.233952164649963379e+01
2.264490747451782227e+01
2.240772151947021484e+01
2.238406133651733398e+01
2.259579730033874512e+01
2.270585680007934570e+01
2.284914994239807129e+01
2.239843225479125977e+01
2.249016904830932617e+01
2.220858931541442871e+01
2.259086298942565918e+01
2.243477249145507812e+01
2.250182175636291504e+01
2.251291346549987793e+01
2.257088017463684082e+01
2.222970700263977051e+01
2.257024550437927246e+01
2.274637484550476074e+01
2.229403162002563477e+01
2.269790387153625488e+01
2.244255065917968750e+01
2.231481266021728516e+01
2.286788082122802734e+01
2.230557990074157715e+01
2.233959579467773438e+01
2.241863727569580078e+01
2.249883174896240234e+01
2.240501499176025391e+01
2.275430774688720703e+01
2.218177413940429688e+01
2.227143740653991699e+01
2.264474010467529297e+01
2.248790717124938965e+01
2.252391648292541504e+01
2.226788663864135742e+01
2.218490982055664062e+01
2.234112548828125000e+01
2.216237807273864746e+01
2.230015754699707031e+01
2.242401671409606934e+01
2.218548345565795898e+01
2.239088439941406250e+01
2.214596247673034668e+01
2.271977615356445312e+01
2.259829187393188477e+01
2.209610629081726074e+01
2.269214129447937012e+01
2.240886068344116211e+01
2.227278232574462891e+01
2.247987937927246094e+01
2.218921685218811035e+01
2.216211938858032227e+01
2.242737674713134766e+01
2.235711526870727539e+01
2.250494551658630371e+01
2.250285935401916504e+01
2.268266916275024414e+01
2.234632706642150879e+01
2.274453854560852051e+01
2.231106305122375488e+01
2.223737597465515137e+01
2.228518080711364746e+01
2.234071016311645508e+01
2.231152772903442383e+01
2.214271283149719238e+01
2.228791093826293945e+01
2.263614869117736816e+01
2.207398629188537598e+01
2.271149969100952148e+01
2.226268768310546875e+01
2.204583644866943359e+01
2.207624053955078125e+01
2.250780391693115234e+01
2.226923799514770508e+01
2.240556955337524414e+01
2.216711544990539551e+01
2.224125599861145020e+01
2.254632568359375000e+01
2.222264170646667480e+01
2.272334647178649902e+01
2.227496719360351562e+01
2.226760458946228027e+01
2.211883115768432617e+01
2.247288703918457031e+01
2.209245133399963379e+01
2.253647136688232422e+01
2.208174633979797363e+01
2.233481693267822266e+01
2.239357471466064453e+01
2.220553231239318848e+01
2.244475746154785156e+01
2.231060099601745605e+01
2.250693678855895996e+01
2.233725023269653320e+01
2.235585641860961914e+01
2.266276836395263672e+01
2.212582087516784668e+01
2.227374172210693359e+01
2.241469454765319824e+01
2.255840802192687988e+01
2.235579705238342285e+01
2.263121390342712402e+01
2.219387650489807129e+01
2.231120800971984863e+01
2.206011629104614258e+01
2.262741446495056152e+01
2.243122196197509766e+01
2.207485580444335938e+01
2.225651788711547852e+01
2.249661231040954590e+01
2.211799049377441406e+01
2.250481176376342773e+01
2.223326683044433594e+01
2.228067064285278320e+01
2.209481024742126465e+01
2.221158742904663086e+01
2.231075739860534668e+01
2.208967900276184082e+01
2.276806902885437012e+01
2.229021883010864258e+01
2.267984127998352051e+01
2.270425343513488770e+01
2.252937889099121094e+01
2.235315442085266113e+01
2.251931405067443848e+01
2.230100440979003906e+01
2.204311847686767578e+01
2.274313330650329590e+01
2.247695231437683105e+01
2.227639007568359375e+01
2.229413008689880371e+01
2.215094137191772461e+01
2.251427316665649414e+01
2.225431537628173828e+01
2.246308255195617676e+01
2.205575776100158691e+01
2.226130890846252441e+01
2.261451601982116699e+01
2.219857048988342285e+01
2.250003123283386230e+01
2.230700325965881348e+01
2.236431097984313965e+01
2.237890648841857910e+01
2.226407909393310547e+01
2.237268114089965820e+01
2.205825829505920410e+01
2.247135972976684570e+01
2.220528697967529297e+01
2.245188999176025391e+01
2.228495383262634277e+01
2.251795601844787598e+01
2.216969799995422363e+01
2.207457709312438965e+01
2.207235741615295410e+01
2.211409974098205566e+01
2.207907962799072266e+01
2.230105686187744141e+01
2.236018729209899902e+01
2.198720240592956543e+01
2.222795438766479492e+01
2.237129473686218262e+01
2.225841474533081055e+01
2.210127496719360352e+01
2.261881780624389648e+01
2.215005302429199219e+01
2.201772117614746094e+01
2.222477555274963379e+01
2.268487024307250977e+01
2.234889006614685059e+01
2.225588750839233398e+01
2.243593192100524902e+01
2.215423607826232910e+01
2.248223161697387695e+01
2.275002598762512207e+01
2.200614929199218750e+01
2.207152271270751953e+01
2.237338900566101074e+01
2.217689275741577148e+01
2.251634573936462402e+01
