1.081600000183105514e+01
1.244800000244140570e+01
1.303999999908447194e+01
1.468799999572753912e+01
1.467199999954223699e+01
1.647999999908447322e+01
1.708799999954223736e+01
1.824000000183105641e+01
1.911999999908447379e+01
2.134399999511718704e+01
2.198399999511718761e+01
2.361600000488281381e+01
2.521599999572753958e+01
2.444800000183105482e+01
2.534399999572753970e+01
2.560000000122070318e+01
2.587199999145507689e+01
2.675199999816894447e+01
2.652799999511718809e+01
2.782399999755859454e+01
2.825600000183105465e+01
2.886399999755859369e+01
2.934399999511718704e+01
3.116799998779296743e+01
2.979199999145507860e+01
3.107199999145507974e+01
3.220799998779296658e+01
3.252799999511718454e+01
3.300799999511718852e+01
3.483200000122070605e+01
3.564799999145508025e+01
3.657599999145507752e+01
3.705600000122070270e+01
3.806399998779296823e+01
3.791999999816894729e+01
3.891199999389648667e+01
3.908799999389648150e+01
4.143999999755859420e+01
4.113600000732422046e+01
4.185599998779296982e+01
4.289600000366210963e+01
4.271999998779296703e+01
4.329600000732421705e+01
4.383999999389648394e+01
4.502400000610351327e+01
4.572800000000000153e+01
4.555200000610351907e+01
4.772799999145507854e+01
4.710400000732421688e+01
4.823999998779297016e+01
4.884799998657226894e+01
4.945600000244140659e+01
4.868799999023437408e+01
4.958399998779297135e+01
4.899200000610351680e+01
5.104000000610351861e+01
5.203199997314452929e+01
5.182399998779296624e+01
5.219200000610351253e+01
5.422399999999999665e+01
5.259199999755859523e+01
5.334399999267578352e+01
5.428799999267577903e+01
5.433599999023437732e+01
5.577600000244140688e+01
5.500799998291015669e+01
5.604799999633789298e+01
5.616000000610351606e+01
5.550400000244140841e+01
5.785600000610351401e+01
5.735999999267578175e+01
5.744000000366210656e+01
5.894400000244140614e+01
5.944000000976562603e+01
5.849599999389648275e+01
5.939200000244140654e+01
5.956799999633788900e+01
6.027200000610351793e+01
6.073600000244140773e+01
6.145600000610351543e+01
6.089599999267578312e+01
6.195199998535156283e+01
6.107200000488280978e+01
6.255999998291015629e+01
6.347199998291015532e+01
6.251200000000000045e+01
6.299199998657226729e+01
6.339200000244140654e+01
6.305600000610351685e+01
6.486399998779296538e+01
6.281599999633789366e+01
6.504000000610351151e+01
6.446399998657226149e+01
6.427199998657226843e+01
6.527999998535156578e+01
6.601599998657226820e+01
6.510399999023437090e+01
6.545599998657226593e+01
6.726400000488281705e+01
6.689599997314452651e+01
7.459199999267578107e+01
7.641599997314453674e+01
7.715200001464843638e+01
7.699200001464843979e+01
7.691200000244140256e+01
7.790400000488281762e+01
7.793600001464844240e+01
7.771200000732422097e+01
7.825600001708984621e+01
7.868800001708984837e+01
7.855999997558593861e+01
7.880000001708984314e+01
7.963199997558594134e+01
8.006399999511718590e+01
8.008000000488281955e+01
8.000000001708984598e+01
7.988799997558594157e+01
8.004800001708984780e+01
8.033600001708984450e+01
8.070399997558594407e+01
8.030399997558593839e+01
8.039999997558594202e+01
8.116799997558594271e+01
8.060799998779296516e+01
8.110399998535156385e+01
8.187200000732421756e+01
8.148799997558593589e+01
8.171199997802735027e+01
8.163199999511718374e+01
8.183999997558593975e+01
8.199999997558593634e+01
8.198400001708984064e+01
8.238399998779297562e+01
8.241600000732421449e+01
8.303999997558594259e+01
8.297600001708984507e+01
8.252799997558594214e+01
8.263999998535156521e+01
8.212799999511719307e+01
8.281599997558593884e+01
8.366400001708984746e+01
8.310399999755858857e+01
8.390399997558593270e+01
8.331199998779297289e+01
8.251200001708984644e+01
8.313600001708984166e+01
8.377599998779297152e+01
8.283200000488281489e+01
8.366400001708984746e+01
8.355200000732422438e+01
8.636799998535155964e+01
8.603199998779297175e+01
8.644800001708983928e+01
8.625599999511719318e+01
8.675200001464843069e+01
8.723199999755858869e+01
8.694399997558593896e+01
8.736000001708984541e+01
8.704000000732422393e+01
8.686399999755859369e+01
8.686399999755859369e+01
8.715199998535156567e+01
8.668799999755859176e+01
8.700799999755859915e+01
8.673600001708985019e+01
8.736000000732421711e+01
8.750399998779296595e+01
8.739199999755859949e+01
8.681600001953124490e+01
8.697599999999999909e+01
8.720000001708984882e+01
8.695999999511718670e+01
8.711999998779296561e+01
8.748799997802734651e+01
8.711999998779296561e+01
8.735999998779297471e+01
8.740799997802734822e+01
8.747199998535155885e+01
8.806399998779296823e+01
8.711999997558594089e+01
8.742399997802733935e+01
8.713599998779297096e+01
8.750400001953124729e+01
8.758399999755859255e+01
8.788800001708983700e+01
8.807999998779297357e+01
8.807999997802734526e+01
8.790399998779297164e+01
8.734399999755859767e+01
8.743999999755858710e+01
8.760000001708984030e+01
8.763200001708983677e+01
8.782399998779297334e+01
8.758400001953124558e+01
8.766399999755859085e+01
8.726400000732421347e+01
8.814400000732422313e+01
8.804800000976563013e+01
8.809600001708984962e+01
8.793599997802733981e+01
