2.725161790847778320e+00
2.043627500534057617e+00
2.032686233520507812e+00
2.036869764328002930e+00
2.037923574447631836e+00
2.030617475509643555e+00
2.026905536651611328e+00
2.142730712890625000e+00
2.054958581924438477e+00
2.142688751220703125e+00
2.083461284637451172e+00
2.032927513122558594e+00
2.105656385421752930e+00
2.108792781829833984e+00
2.096944570541381836e+00
2.134967088699340820e+00
2.068114995956420898e+00
2.083311557769775391e+00
2.106107234954833984e+00
2.068100929260253906e+00
2.126857042312622070e+00
2.054306030273437500e+00
2.097055435180664062e+00
2.080795526504516602e+00
2.045760393142700195e+00
2.056895971298217773e+00
2.077133655548095703e+00
2.058654785156250000e+00
2.077539682388305664e+00
2.075989007949829102e+00
2.109014749526977539e+00
2.045636892318725586e+00
2.054495573043823242e+00
2.050004243850708008e+00
2.027281284332275391e+00
2.067320585250854492e+00
2.050056695938110352e+00
2.090652942657470703e+00
2.051698923110961914e+00
2.059417724609375000e+00
2.017470598220825195e+00
2.067263126373291016e+00
2.042197942733764648e+00
2.053089857101440430e+00
2.047990322113037109e+00
2.113632678985595703e+00
2.040666103363037109e+00
2.091294050216674805e+00
2.066015958786010742e+00
2.062793970108032227e+00
2.058485269546508789e+00
2.078246593475341797e+00
2.043246269226074219e+00
2.104295730590820312e+00
2.069726228713989258e+00
2.090842247009277344e+00
2.078821182250976562e+00
2.046816349029541016e+00
2.045328855514526367e+00
2.085501909255981445e+00
2.071844816207885742e+00
2.122864723205566406e+00
2.104890584945678711e+00
2.079927682876586914e+00
2.049864530563354492e+00
2.054945707321166992e+00
2.064350605010986328e+00
2.080549478530883789e+00
2.057098627090454102e+00
2.062328100204467773e+00
2.137641429901123047e+00
2.088008165359497070e+00
2.062173604965209961e+00
2.034241437911987305e+00
2.087677001953125000e+00
2.100452661514282227e+00
2.062763214111328125e+00
2.073718070983886719e+00
2.113111972808837891e+00
2.043240785598754883e+00
2.083958148956298828e+00
2.069427251815795898e+00
2.109367370605468750e+00
2.077784299850463867e+00
2.039672374725341797e+00
2.049993753433227539e+00
2.050765752792358398e+00
2.055998802185058594e+00
2.104551315307617188e+00
2.044054269790649414e+00
2.062703371047973633e+00
2.031439304351806641e+00
2.029441118240356445e+00
2.099058151245117188e+00
2.075180530548095703e+00
2.032891511917114258e+00
2.048985958099365234e+00
2.084486722946166992e+00
2.077985048294067383e+00
2.060902833938598633e+00
2.150128364562988281e+00
2.058523416519165039e+00
2.074392080307006836e+00
2.042061567306518555e+00
2.041304111480712891e+00
2.039121150970458984e+00
2.091298341751098633e+00
2.145989179611206055e+00
2.152146577835083008e+00
2.091651439666748047e+00
2.072579860687255859e+00
2.049756526947021484e+00
2.043545722961425781e+00
2.013390064239501953e+00
2.060374021530151367e+00
2.035447597503662109e+00
2.053653955459594727e+00
2.015915870666503906e+00
2.030891656875610352e+00
2.036270618438720703e+00
2.019643068313598633e+00
2.028729438781738281e+00
2.053213119506835938e+00
2.066168308258056641e+00
2.041093349456787109e+00
2.037024497985839844e+00
2.079406499862670898e+00
2.037906646728515625e+00
2.069900751113891602e+00
2.085338592529296875e+00
2.109017610549926758e+00
2.043725252151489258e+00
2.120059967041015625e+00
2.109975576400756836e+00
2.058715581893920898e+00
2.085389137268066406e+00
2.085996389389038086e+00
2.057495355606079102e+00
2.036815881729125977e+00
2.026262283325195312e+00
2.051838397979736328e+00
2.102669715881347656e+00
2.072877168655395508e+00
2.090265512466430664e+00
2.065761089324951172e+00
2.045401334762573242e+00
2.083364248275756836e+00
2.063705682754516602e+00
2.084103107452392578e+00
2.081273794174194336e+00
2.074562072753906250e+00
2.083627462387084961e+00
2.048224925994873047e+00
2.140643835067749023e+00
2.107914447784423828e+00
2.111912012100219727e+00
2.018193006515502930e+00
2.059059143066406250e+00
2.086706161499023438e+00
2.077155113220214844e+00
2.027097463607788086e+00
2.069500923156738281e+00
2.077392578125000000e+00
2.129012107849121094e+00
2.038998603820800781e+00
2.106199979782104492e+00
2.101279735565185547e+00
2.097744226455688477e+00
2.050489664077758789e+00
2.102500438690185547e+00
2.167945623397827148e+00
2.093409061431884766e+00
2.081551551818847656e+00
2.055624723434448242e+00
2.111608743667602539e+00
2.081967353820800781e+00
2.077347755432128906e+00
2.072722196578979492e+00
2.052681207656860352e+00
2.076116800308227539e+00
2.097286701202392578e+00
2.054678201675415039e+00
2.139234066009521484e+00
2.098422527313232422e+00
2.103962182998657227e+00
2.125687837600708008e+00
2.085041046142578125e+00
2.089822530746459961e+00
2.069059133529663086e+00
2.066325426101684570e+00
2.081568717956542969e+00
2.111469030380249023e+00
2.088556289672851562e+00
2.068676710128784180e+00
2.083618402481079102e+00
2.094492673873901367e+00
2.082137107849121094e+00
2.084908723831176758e+00
2.074303865432739258e+00
2.055780172348022461e+00
