4.451620807723998929e+00
2.295555749816894586e+00
2.280424880371093810e+00
2.243026326446533325e+00
2.205284972229003770e+00
2.182486248779297089e+00
2.162198636322021361e+00
2.139003261108398224e+00
2.091986424713134785e+00
2.088482446746826149e+00
2.060376009597778335e+00
2.038191731071472113e+00
2.018105271759033315e+00
1.977639856071472080e+00
1.985794116401672360e+00
1.978231293792724665e+00
1.957338726196289125e+00
1.928406217269897471e+00
1.941669980468750056e+00
1.901823228378295871e+00
1.887686981124877983e+00
1.899501299934387211e+00
1.877143859405517645e+00
1.871450620460510361e+00
1.848690397567749111e+00
1.859264170455932508e+00
1.833544962539672918e+00
1.795790540542602454e+00
1.800051624488830493e+00
1.763693114891052183e+00
1.758699174652099684e+00
1.730157301139831461e+00
1.737513045845031634e+00
1.719587151527404822e+00
1.680967231445312571e+00
1.678442189941406149e+00
1.639249403076171951e+00
1.671303699073791504e+00
1.621394111709594688e+00
1.604017947616577233e+00
1.567643376083374118e+00
1.560309507789611860e+00
1.560002109069824172e+00
1.528587451438903733e+00
1.519977253608703505e+00
1.501299099121093716e+00
1.495277783126831128e+00
1.464080100212097113e+00
1.456084030685424802e+00
1.426209231452941983e+00
1.433024094200134213e+00
1.403284244613647536e+00
1.390477933998107929e+00
1.404717636070251574e+00
1.373611201324462794e+00
1.354215092620849603e+00
1.344377329826355050e+00
1.312231948165893503e+00
1.331314127006530734e+00
1.333131890068054215e+00
1.295075302009582430e+00
1.285142626037597546e+00
1.268296826553344747e+00
1.285854440231323226e+00
1.234356288719177241e+00
1.228584513320922778e+00
1.225875912170410142e+00
1.267404040069580073e+00
1.246045282859802317e+00
1.221968313217163038e+00
1.192582968521118225e+00
1.170807068023681730e+00
1.190761850814819445e+00
1.140230636711120571e+00
1.149494665184020992e+00
1.147948589363098071e+00
1.149676461067199673e+00
1.113925894718170273e+00
1.137599736690521279e+00
1.126358409423828144e+00
1.081891246337890689e+00
1.093271219444274855e+00
1.082678084526061957e+00
1.089054035034179746e+00
1.047355033721923734e+00
1.088472937736511215e+00
1.038593093643188414e+00
1.070196853904724188e+00
1.045790306224823052e+00
1.044085478210449169e+00
1.034192047729492137e+00
9.976868838119506977e-01
9.984811327743530196e-01
1.023237297706603988e+00
9.907650926589965934e-01
1.013372073326110900e+00
1.015079040355682416e+00
9.799560675048828440e-01
9.915217424392700485e-01
9.699880019378661622e-01
7.422448777389526464e-01
6.928998913955688455e-01
6.773784902763366755e-01
6.643723970603943041e-01
6.456622135543823582e-01
6.446831608390808377e-01
6.283102087020874249e-01
6.267040010070801248e-01
6.100670549201965276e-01
6.157575634193420688e-01
6.186638328552246380e-01
6.101829954719543148e-01
5.953912973594664981e-01
5.866479217052459338e-01
5.879411272621154483e-01
5.844030185127258026e-01
5.828419315910339238e-01
5.810064663982391631e-01
5.692797203826904795e-01
5.741607318305969043e-01
5.657627390670776357e-01
5.575326373672485625e-01
5.679986926269531278e-01
5.616887732315063442e-01
5.460962631797791067e-01
5.494528964328765364e-01
5.461180354881286503e-01
5.440453363609314419e-01
5.397902572059631865e-01
5.336762431144714824e-01
5.332342996501923116e-01
5.196881292343139558e-01
5.246371430587768447e-01
5.242517628479004266e-01
5.115356892776489195e-01
5.178478595352172809e-01
5.167740826034545876e-01
5.105764355468750404e-01
5.074528610038757659e-01
5.001115261173247895e-01
5.109405887603759577e-01
5.068403336048126206e-01
4.919268312644958230e-01
4.858347573375702000e-01
4.953584044265746944e-01
4.946956100749969609e-01
4.817076980209350490e-01
4.915601425170898486e-01
4.927942211151122853e-01
4.744747949790954489e-01
4.196465132808685494e-01
4.092460068511962756e-01
4.079566524410248030e-01
4.124329594898223927e-01
4.051519498825073007e-01
4.077369262695312302e-01
3.967369280624389871e-01
3.904707962226867668e-01
3.914236150932312031e-01
3.957593233299255275e-01
3.904335826015472577e-01
3.962423832225799303e-01
3.971650803565979215e-01
3.859717838668823009e-01
3.866608110237121365e-01
3.911597805023193097e-01
3.907999554920196794e-01
3.877514326429367109e-01
3.860892790031433264e-01
3.820241219139098865e-01
3.892208302879333615e-01
3.775574433326721047e-01
3.850872979927063011e-01
3.809908163499832190e-01
3.848994468975067140e-01
3.812330638980865327e-01
3.801948775959014815e-01
3.722432879257202010e-01
3.741847827529907189e-01
3.806105018043517974e-01
3.803218743324279782e-01
3.670045162773132308e-01
3.791316515159606770e-01
3.727391222381591929e-01
3.740597128105163649e-01
3.724802292680740590e-01
3.706323950242996212e-01
3.672895752716064388e-01
3.691541105318069671e-01
3.629401857662201136e-01
3.677975371742248645e-01
3.685548839569091628e-01
3.728957289886474791e-01
3.673083218097686897e-01
3.646296139812469361e-01
3.609627827930450561e-01
3.554344330215454262e-01
3.629937544059753662e-01
3.562238334083557278e-01
3.621771469497680473e-01
