3.235776662826538086e+00
2.556940793991088867e+00
2.497591018676757812e+00
2.537777185440063477e+00
2.588747978210449219e+00
2.545533895492553711e+00
2.530689477920532227e+00
2.545681953430175781e+00
2.535222768783569336e+00
2.577713489532470703e+00
2.561636924743652344e+00
2.546021223068237305e+00
2.522676944732666016e+00
2.525648117065429688e+00
2.566940069198608398e+00
2.590527296066284180e+00
2.502284288406372070e+00
2.551818847656250000e+00
2.523792028427124023e+00
2.506024360656738281e+00
2.563693523406982422e+00
2.556525707244873047e+00
2.534712076187133789e+00
2.546608924865722656e+00
2.510830402374267578e+00
2.527001380920410156e+00
2.536051988601684570e+00
2.578123807907104492e+00
2.558914661407470703e+00
2.565019607543945312e+00
2.544452905654907227e+00
2.548328876495361328e+00
2.552513599395751953e+00
2.521919727325439453e+00
2.548424243927001953e+00
2.549824476242065430e+00
2.506590843200683594e+00
2.542151927947998047e+00
2.543143510818481445e+00
2.526510715484619141e+00
2.575648784637451172e+00
2.573467493057250977e+00
2.560314655303955078e+00
2.539640903472900391e+00
2.546473503112792969e+00
2.546315193176269531e+00
2.532863616943359375e+00
2.547001123428344727e+00
2.514167070388793945e+00
2.526271343231201172e+00
2.538404941558837891e+00
2.524708747863769531e+00
2.502090454101562500e+00
2.540781259536743164e+00
2.520287513732910156e+00
2.532894372940063477e+00
2.514330625534057617e+00
2.535649538040161133e+00
2.550227165222167969e+00
2.543694972991943359e+00
2.540112018585205078e+00
2.507396459579467773e+00
2.562730073928833008e+00
2.562839984893798828e+00
2.576465129852294922e+00
2.507005214691162109e+00
2.549747467041015625e+00
2.532129049301147461e+00
2.538987159729003906e+00
2.542288064956665039e+00
2.542699337005615234e+00
2.540951728820800781e+00
2.545114994049072266e+00
2.557040214538574219e+00
2.564163446426391602e+00
2.560989141464233398e+00
2.554099798202514648e+00
2.586174011230468750e+00
2.560222148895263672e+00
2.587748765945434570e+00
2.526090145111083984e+00
2.604961872100830078e+00
2.539717197418212891e+00
2.512809276580810547e+00
2.539797544479370117e+00
2.533144950866699219e+00
2.529026746749877930e+00
2.554545402526855469e+00
2.556933164596557617e+00
2.531209230422973633e+00
2.569911956787109375e+00
2.581971168518066406e+00
2.533092498779296875e+00
2.524705410003662109e+00
2.583835601806640625e+00
2.552846431732177734e+00
2.586109161376953125e+00
2.525655984878540039e+00
2.565764427185058594e+00
2.547052860260009766e+00
2.535917282104492188e+00
2.571388959884643555e+00
2.560195207595825195e+00
2.556166648864746094e+00
2.525830745697021484e+00
2.520024538040161133e+00
2.556009292602539062e+00
2.539263248443603516e+00
2.536902427673339844e+00
2.549760103225708008e+00
2.546348810195922852e+00
2.537219524383544922e+00
2.548888206481933594e+00
2.522157430648803711e+00
2.516313314437866211e+00
2.542885541915893555e+00
2.506479263305664062e+00
2.542897224426269531e+00
2.551427841186523438e+00
2.542263031005859375e+00
2.555341720581054688e+00
2.559629678726196289e+00
2.529825925827026367e+00
2.514269113540649414e+00
2.576982736587524414e+00
2.559728384017944336e+00
2.589038372039794922e+00
2.549867391586303711e+00
2.532325506210327148e+00
2.552794456481933594e+00
2.584092378616333008e+00
2.557640790939331055e+00
2.530413150787353516e+00
2.505777835845947266e+00
2.547382116317749023e+00
2.546619653701782227e+00
2.589436769485473633e+00
2.552570104598999023e+00
2.559405088424682617e+00
2.540043592453002930e+00
2.533830165863037109e+00
2.554474115371704102e+00
2.538779020309448242e+00
2.541415691375732422e+00
2.498482227325439453e+00
2.544158458709716797e+00
2.504498958587646484e+00
2.564975500106811523e+00
2.568281173706054688e+00
2.523432731628417969e+00
2.505744457244873047e+00
2.529809236526489258e+00
2.572337627410888672e+00
2.574594736099243164e+00
2.531161785125732422e+00
2.527705669403076172e+00
2.530454635620117188e+00
2.547300100326538086e+00
2.530815839767456055e+00
2.520492076873779297e+00
2.539195775985717773e+00
2.556959867477416992e+00
2.544032812118530273e+00
2.539409160614013672e+00
2.546494722366333008e+00
2.537481784820556641e+00
2.511755466461181641e+00
2.541055679321289062e+00
2.525382280349731445e+00
2.520866632461547852e+00
2.518016576766967773e+00
2.539181709289550781e+00
2.542924165725708008e+00
2.532284498214721680e+00
2.535484313964843750e+00
2.556563377380371094e+00
2.539365768432617188e+00
2.541265487670898438e+00
2.531715154647827148e+00
2.548431873321533203e+00
2.572450160980224609e+00
2.527145147323608398e+00
2.572910547256469727e+00
2.556561231613159180e+00
2.561714172363281250e+00
2.511767387390136719e+00
2.528934240341186523e+00
2.541862726211547852e+00
2.529850006103515625e+00
2.560347080230712891e+00
2.548469066619873047e+00
2.537170171737670898e+00
2.543596506118774414e+00
2.515394210815429688e+00
2.527647733688354492e+00
2.565539836883544922e+00
2.534056186676025391e+00
2.549776554107666016e+00
2.523902177810668945e+00
2.556159734725952148e+00
