2.753852605819702148e+00
2.041186094284057617e+00
2.043611526489257812e+00
2.044384717941284180e+00
2.023782968521118164e+00
2.069859981536865234e+00
2.122857570648193359e+00
2.045099496841430664e+00
2.103348493576049805e+00
2.049384117126464844e+00
2.051058530807495117e+00
2.035135030746459961e+00
2.034082412719726562e+00
2.071900129318237305e+00
2.047322034835815430e+00
2.055660486221313477e+00
2.009919404983520508e+00
2.032755374908447266e+00
2.049902677536010742e+00
2.034811258316040039e+00
2.076067209243774414e+00
2.061671495437622070e+00
2.040056467056274414e+00
2.090279579162597656e+00
2.065298080444335938e+00
2.026201963424682617e+00
2.065818786621093750e+00
2.101856946945190430e+00
2.039289474487304688e+00
2.031766414642333984e+00
2.108290433883666992e+00
2.081311464309692383e+00
2.073090314865112305e+00
2.023655414581298828e+00
2.029756069183349609e+00
2.036458492279052734e+00
2.023207664489746094e+00
2.038163661956787109e+00
2.070950984954833984e+00
2.051825284957885742e+00
2.076362848281860352e+00
2.056016445159912109e+00
2.035155773162841797e+00
2.085388183593750000e+00
2.074198484420776367e+00
2.105253458023071289e+00
2.076474189758300781e+00
2.065351486206054688e+00
2.058423757553100586e+00
2.006246089935302734e+00
2.019727706909179688e+00
2.039165735244750977e+00
2.060996294021606445e+00
2.036600828170776367e+00
2.050352334976196289e+00
2.015147447586059570e+00
2.032251596450805664e+00
2.036410808563232422e+00
2.029008865356445312e+00
2.050652980804443359e+00
2.063431978225708008e+00
2.053727626800537109e+00
2.056619167327880859e+00
2.053650379180908203e+00
2.059245586395263672e+00
2.020183086395263672e+00
2.049458026885986328e+00
2.022232294082641602e+00
2.030011177062988281e+00
2.027630805969238281e+00
2.039128303527832031e+00
2.035216808319091797e+00
2.066740274429321289e+00
2.058585166931152344e+00
2.064891338348388672e+00
2.045299053192138672e+00
2.038771390914916992e+00
2.035458564758300781e+00
2.055978536605834961e+00
2.067234277725219727e+00
2.075120687484741211e+00
2.037033557891845703e+00
2.022468805313110352e+00
2.025437831878662109e+00
2.059499502182006836e+00
2.053696155548095703e+00
2.060686349868774414e+00
2.077691555023193359e+00
2.035214185714721680e+00
2.117755889892578125e+00
2.059156417846679688e+00
2.087283372879028320e+00
2.040030479431152344e+00
2.013153791427612305e+00
2.029163599014282227e+00
2.084509134292602539e+00
2.098584175109863281e+00
2.051415920257568359e+00
2.051906585693359375e+00
2.063820838928222656e+00
2.035072565078735352e+00
2.111111402511596680e+00
2.079671144485473633e+00
2.074374675750732422e+00
2.070070266723632812e+00
2.082258701324462891e+00
2.033940553665161133e+00
2.035247087478637695e+00
2.034351825714111328e+00
2.026439905166625977e+00
2.044810533523559570e+00
2.068919420242309570e+00
2.048229694366455078e+00
2.053232908248901367e+00
2.018637657165527344e+00
2.013195037841796875e+00
2.029820919036865234e+00
2.076856136322021484e+00
2.029592752456665039e+00
2.031817436218261719e+00
2.098514795303344727e+00
2.053869247436523438e+00
2.064130067825317383e+00
2.042591333389282227e+00
2.066818237304687500e+00
2.080863237380981445e+00
2.107698202133178711e+00
2.074796676635742188e+00
2.074566364288330078e+00
2.014688253402709961e+00
2.050669908523559570e+00
2.058765172958374023e+00
2.053791761398315430e+00
2.028110027313232422e+00
2.077154874801635742e+00
2.065835714340209961e+00
2.039300441741943359e+00
2.057122707366943359e+00
2.089552640914916992e+00
2.041360378265380859e+00
2.062107563018798828e+00
2.026260614395141602e+00
2.048724174499511719e+00
2.027578353881835938e+00
2.053595304489135742e+00
2.067911148071289062e+00
2.045254707336425781e+00
2.047862768173217773e+00
2.084024190902709961e+00
2.045903682708740234e+00
2.020243883132934570e+00
2.033325433731079102e+00
2.064901351928710938e+00
2.044340133666992188e+00
2.050221681594848633e+00
2.041139125823974609e+00
2.055154085159301758e+00
2.057945489883422852e+00
2.024412393569946289e+00
2.134788990020751953e+00
2.076061964035034180e+00
2.048463582992553711e+00
2.064306020736694336e+00
2.045947790145874023e+00
2.024753093719482422e+00
2.076242685317993164e+00
2.173498153686523438e+00
2.041765451431274414e+00
2.069626808166503906e+00
2.092206954956054688e+00
2.037182569503784180e+00
2.036912918090820312e+00
2.038236379623413086e+00
2.061417818069458008e+00
2.035241127014160156e+00
2.011519193649291992e+00
2.026172399520874023e+00
2.077224493026733398e+00
2.129436731338500977e+00
2.044936895370483398e+00
2.072844266891479492e+00
2.035609722137451172e+00
2.014092683792114258e+00
2.055575847625732422e+00
2.062840700149536133e+00
2.046798229217529297e+00
2.054282188415527344e+00
2.025681018829345703e+00
2.034400939941406250e+00
2.069845199584960938e+00
2.024749040603637695e+00
2.023460626602172852e+00
2.061543941497802734e+00
2.036218643188476562e+00
2.029388666152954102e+00
2.047916412353515625e+00
2.069247722625732422e+00
2.057142019271850586e+00
2.049913883209228516e+00
2.053257465362548828e+00
