1.167000007629394531e+01
1.223999977111816406e+01
1.398999977111816406e+01
1.492999935150146484e+01
1.627000045776367188e+01
1.775000000000000000e+01
1.648999977111816406e+01
2.050000000000000000e+01
2.026000022888183594e+01
2.368999862670898438e+01
2.551999855041503906e+01
2.243000030517578125e+01
2.312999916076660156e+01
2.578999900817871094e+01
2.559999847412109375e+01
2.846999931335449219e+01
2.934999847412109375e+01
2.793999862670898438e+01
2.863999938964843750e+01
3.270000076293945312e+01
3.047999954223632812e+01
2.809999847412109375e+01
2.710999870300292969e+01
2.419999885559082031e+01
3.175000000000000000e+01
3.220000076293945312e+01
2.152999877929687500e+01
3.521999740600585938e+01
3.539999771118164062e+01
3.462999725341796875e+01
3.737999725341796875e+01
2.711999893188476562e+01
3.495999908447265625e+01
3.581999969482421875e+01
3.740999984741210938e+01
4.046999740600585938e+01
4.102000045776367188e+01
4.306999969482421875e+01
3.870999908447265625e+01
3.966999816894531250e+01
3.827000045776367188e+01
4.082999801635742188e+01
3.879000091552734375e+01
4.121999740600585938e+01
4.598999786376953125e+01
4.768000030517578125e+01
3.963999938964843750e+01
3.989999771118164062e+01
4.652999877929687500e+01
4.405999755859375000e+01
4.895999908447265625e+01
3.900000000000000000e+01
4.465999984741210938e+01
4.404999923706054688e+01
5.207999801635742188e+01
4.744999694824218750e+01
5.402000045776367188e+01
3.645999908447265625e+01
5.120999908447265625e+01
4.448999786376953125e+01
4.679999923706054688e+01
5.148999786376953125e+01
4.859000015258789062e+01
4.925000000000000000e+01
4.991999816894531250e+01
4.288999938964843750e+01
4.632999801635742188e+01
5.213999938964843750e+01
5.246999740600585938e+01
5.771999740600585938e+01
5.552000045776367188e+01
5.345999908447265625e+01
5.534000015258789062e+01
4.578999710083007812e+01
5.284000015258789062e+01
5.590999984741210938e+01
5.700999832153320312e+01
5.278999710083007812e+01
5.510999679565429688e+01
6.188999938964843750e+01
5.776999664306640625e+01
5.618000030517578125e+01
5.800000000000000000e+01
4.746999740600585938e+01
5.727000045776367188e+01
4.956999969482421875e+01
4.973999786376953125e+01
5.419999694824218750e+01
6.379999923706054688e+01
4.702999877929687500e+01
5.960999679565429688e+01
5.579999923706054688e+01
6.529999542236328125e+01
5.735999679565429688e+01
6.472000122070312500e+01
6.091999816894531250e+01
5.203999710083007812e+01
6.311999893188476562e+01
6.345999908447265625e+01
6.320999908447265625e+01
7.147999572753906250e+01
7.218999481201171875e+01
7.162999725341796875e+01
7.300999450683593750e+01
7.236999511718750000e+01
7.254000091552734375e+01
7.243999481201171875e+01
7.404000091552734375e+01
7.380999755859375000e+01
7.345999908447265625e+01
7.390999603271484375e+01
7.397000122070312500e+01
7.418000030517578125e+01
7.368000030517578125e+01
7.419999694824218750e+01
7.365000152587890625e+01
7.452999877929687500e+01
7.475000000000000000e+01
7.422000122070312500e+01
7.558999633789062500e+01
7.515000152587890625e+01
7.452999877929687500e+01
7.547999572753906250e+01
7.548999786376953125e+01
7.597999572753906250e+01
7.597000122070312500e+01
7.526999664306640625e+01
7.595999908447265625e+01
7.629000091552734375e+01
7.548999786376953125e+01
7.661999511718750000e+01
7.718000030517578125e+01
7.754999542236328125e+01
7.675999450683593750e+01
7.687999725341796875e+01
7.643999481201171875e+01
7.573999786376953125e+01
7.683999633789062500e+01
7.672000122070312500e+01
7.515999603271484375e+01
7.647000122070312500e+01
7.795999908447265625e+01
7.625000000000000000e+01
7.788999938964843750e+01
7.672000122070312500e+01
7.758000183105468750e+01
7.822999572753906250e+01
7.494999694824218750e+01
7.436999511718750000e+01
7.790000152587890625e+01
7.930999755859375000e+01
7.938999938964843750e+01
7.936000061035156250e+01
7.970999908447265625e+01
7.943999481201171875e+01
7.968000030517578125e+01
7.975000000000000000e+01
7.981999969482421875e+01
7.983999633789062500e+01
7.973999786376953125e+01
7.993000030517578125e+01
7.997000122070312500e+01
7.997999572753906250e+01
8.008999633789062500e+01
7.993999481201171875e+01
7.997999572753906250e+01
8.000999450683593750e+01
8.006999969482421875e+01
8.011999511718750000e+01
8.040000152587890625e+01
8.020999908447265625e+01
8.029999542236328125e+01
8.016999816894531250e+01
8.015000152587890625e+01
8.047000122070312500e+01
8.041999816894531250e+01
8.025000000000000000e+01
8.022999572753906250e+01
8.040999603271484375e+01
8.054000091552734375e+01
8.037999725341796875e+01
8.043999481201171875e+01
8.066999816894531250e+01
8.048999786376953125e+01
8.012999725341796875e+01
8.034999847412109375e+01
8.011999511718750000e+01
8.023999786376953125e+01
8.022999572753906250e+01
8.029000091552734375e+01
8.052999877929687500e+01
8.068999481201171875e+01
8.043999481201171875e+01
8.044999694824218750e+01
8.076999664306640625e+01
8.047999572753906250e+01
8.051999664306640625e+01
8.052999877929687500e+01
8.043000030517578125e+01
8.029999542236328125e+01
