4.382375114974975894e+00
2.289520239257812673e+00
2.257590037002563665e+00
2.220878477249145444e+00
2.181786114044189429e+00
2.172355953903198245e+00
2.146048220214843649e+00
2.141287164077758653e+00
2.121235236816406466e+00
2.102495414505004767e+00
2.082980880966186721e+00
2.074307853775024579e+00
2.055886948356628441e+00
2.040267361907958765e+00
2.036454769439697277e+00
2.021757481155395553e+00
1.993678676528930716e+00
2.007331219406128131e+00
1.959605721435546899e+00
1.971802265167236223e+00
1.926904857063293397e+00
1.935719905624389670e+00
1.919889452896118121e+00
1.891380902404785180e+00
1.852336174125671420e+00
1.850345430679321224e+00
1.841943441238403256e+00
1.814049135360717768e+00
1.805849796295166065e+00
1.798395070495605541e+00
1.771733453178405693e+00
1.770169187393188404e+00
1.743896137351989672e+00
1.747843488731384287e+00
1.713083571472167943e+00
1.725197109107971194e+00
1.706456837196349996e+00
1.699367717514038034e+00
1.712154391098022366e+00
1.672301015243530253e+00
1.681215531120300311e+00
1.654539834365844619e+00
1.644561772804260302e+00
1.636545046005249082e+00
1.626199925575256389e+00
1.616437413444518967e+00
1.607322964019775480e+00
1.613053161544799829e+00
1.576106572952270524e+00
1.593795637359619155e+00
1.550109143295288039e+00
1.534894960861206137e+00
1.540901333923339944e+00
1.507269709434509330e+00
1.500054914512634285e+00
1.523330729675292927e+00
1.501452196655273408e+00
1.470551627502441505e+00
1.476590905532837006e+00
1.463516306343078721e+00
1.464735170516967777e+00
1.432976940155029189e+00
1.418520955657958993e+00
1.435002583122253483e+00
1.392894344635009718e+00
1.453167479553222563e+00
1.369227475395202731e+00
1.377335476570129336e+00
1.365460410118102930e+00
1.346366595268249533e+00
1.357471256847381680e+00
1.321930301742553659e+00
1.334311794204712021e+00
1.318048546981811509e+00
1.285202346496582049e+00
1.266309591865539597e+00
1.291403232116699273e+00
1.263661924285888638e+00
1.232311595001220672e+00
1.239992043952941936e+00
1.245923839149475132e+00
1.236835514526367197e+00
1.202425533294677829e+00
1.216973581771850554e+00
1.225422051773071397e+00
1.173706387710571342e+00
1.174241780662536705e+00
1.180348579177856516e+00
1.125133642349243068e+00
1.160263638763427751e+00
1.174443036804199147e+00
1.130330701026916573e+00
1.141942386856079183e+00
1.134915864639282290e+00
1.110093347034454281e+00
1.094222610321044842e+00
1.072021061401367215e+00
1.085468980903625535e+00
1.094275768165588358e+00
1.054395871429443465e+00
7.939238836479186601e-01
7.395376816177368084e-01
7.216451751518249136e-01
6.989432663917541921e-01
6.830532909393310925e-01
6.645072509956360118e-01
6.652034828948975020e-01
6.503685630798340389e-01
6.427767930221557346e-01
6.403795969581603797e-01
6.308681809234618632e-01
6.220748891258239821e-01
6.110725477790832638e-01
6.060295806312561151e-01
6.010137133026123291e-01
5.962667359542846990e-01
5.871663100051880413e-01
5.796413756179809029e-01
5.762992130088806508e-01
5.718869026374816533e-01
5.747295050239562553e-01
5.673333969497680318e-01
5.490818471336365025e-01
5.581956721115112208e-01
5.444815862369537518e-01
5.504586696624755859e-01
5.359710036659240950e-01
5.279181452178954848e-01
5.379027324485778916e-01
5.295834975433350023e-01
5.233795580863952468e-01
5.216621081829071471e-01
5.141894856834411387e-01
5.154053773498534774e-01
5.094838604450225850e-01
5.032956290245056419e-01
4.971705713081359668e-01
5.011004030418395594e-01
5.097858364486694827e-01
4.918188134098053221e-01
4.808227502822876032e-01
4.928409298515319947e-01
4.907301906394958557e-01
4.925625622940063564e-01
4.757543014621734567e-01
4.750524099063873074e-01
4.787647732830047631e-01
4.659786011505127057e-01
4.716644613647461015e-01
4.614898126411438040e-01
3.939133476066589146e-01
3.704813188076019337e-01
3.588589965152740313e-01
3.566970186805725196e-01
3.537053545188904025e-01
3.490556681251525961e-01
3.457254232120514081e-01
3.397855960845947432e-01
3.387853467559814313e-01
3.329890653514862020e-01
3.455931906509399631e-01
3.309428946495056034e-01
3.235696797561645743e-01
3.289667475509643335e-01
3.253758090591430396e-01
3.250196484756469606e-01
3.213721373558044436e-01
3.240442623901367281e-01
3.175419946002960292e-01
3.170783054733276596e-01
3.130740857219695972e-01
3.109721279144286865e-01
3.124527982187271236e-01
3.119115550184249908e-01
3.048010339355468612e-01
3.130758249664306603e-01
3.076429221534728864e-01
3.032576678419113270e-01
2.987944925785064876e-01
3.071330564785003658e-01
2.962358579063415487e-01
3.003842892932891973e-01
2.997997656154632318e-01
2.917232102203369259e-01
2.983548214578628510e-01
2.964034350585937339e-01
2.968535028505325246e-01
2.871961153507232578e-01
2.966554904937744319e-01
2.920806502819061068e-01
2.890947348022460672e-01
2.832573393154144137e-01
2.924330608177185264e-01
2.837820792007446080e-01
2.850923755264282433e-01
2.811310504913330233e-01
2.891681611871719237e-01
2.856929470157623108e-01
2.771061482477187865e-01
2.839494437408447425e-01
