1.615316629409790039e+01
1.547145318984985352e+01
1.542822933197021484e+01
1.581296324729919434e+01
1.579428529739379883e+01
1.584316396713256836e+01
1.568106818199157715e+01
1.590849232673645020e+01
1.547048521041870117e+01
1.566876912117004395e+01
1.558026528358459473e+01
1.546452617645263672e+01
1.543256902694702148e+01
1.573217105865478516e+01
1.592719721794128418e+01
1.612865281105041504e+01
1.571688079833984375e+01
1.578066110610961914e+01
1.567709541320800781e+01
1.555324077606201172e+01
1.565197730064392090e+01
1.553846573829650879e+01
1.556298160552978516e+01
1.545405530929565430e+01
1.550621604919433594e+01
1.576048851013183594e+01
1.578365182876586914e+01
1.588377308845520020e+01
1.562709665298461914e+01
1.549009227752685547e+01
1.618287611007690430e+01
1.552470326423645020e+01
1.573900580406188965e+01
1.544040441513061523e+01
1.553578329086303711e+01
1.584881424903869629e+01
1.581390404701232910e+01
1.556472706794738770e+01
1.545153045654296875e+01
1.573094916343688965e+01
1.543530511856079102e+01
1.545768618583679199e+01
1.566010069847106934e+01
1.608644795417785645e+01
1.555122017860412598e+01
1.584184908866882324e+01
1.567251896858215332e+01
1.560061764717102051e+01
1.547493362426757812e+01
1.550335550308227539e+01
1.577414464950561523e+01
1.555622744560241699e+01
1.544526648521423340e+01
1.589730262756347656e+01
1.585120511054992676e+01
1.558089327812194824e+01
1.568715643882751465e+01
1.576173925399780273e+01
1.560449695587158203e+01
1.566258001327514648e+01
1.554323315620422363e+01
1.541201853752136230e+01
1.565148615837097168e+01
1.557810544967651367e+01
1.585509586334228516e+01
1.541661787033081055e+01
1.563723945617675781e+01
1.578756809234619141e+01
1.597167110443115234e+01
1.550218582153320312e+01
1.573622608184814453e+01
1.545021104812622070e+01
1.546566748619079590e+01
1.541408443450927734e+01
1.599262332916259766e+01
1.574755144119262695e+01
1.547344160079956055e+01
1.599330878257751465e+01
1.546563172340393066e+01
1.578199553489685059e+01
1.546342730522155762e+01
1.583491182327270508e+01
1.559080100059509277e+01
1.587038040161132812e+01
1.551262927055358887e+01
1.556810092926025391e+01
1.559503602981567383e+01
1.593414783477783203e+01
1.556760621070861816e+01
1.546903204917907715e+01
1.571531677246093750e+01
1.544696521759033203e+01
1.585731458663940430e+01
1.560034966468811035e+01
1.547128820419311523e+01
1.544371414184570312e+01
1.543991231918334961e+01
1.552985620498657227e+01
1.551258850097656250e+01
1.561797952651977539e+01
1.591546320915222168e+01
1.568918228149414062e+01
1.544555974006652832e+01
1.560642123222351074e+01
1.548750090599060059e+01
1.553713965415954590e+01
1.549208712577819824e+01
1.567153501510620117e+01
1.544016432762145996e+01
1.558236002922058105e+01
1.542225265502929688e+01
1.555850815773010254e+01
1.577125501632690430e+01
1.550233602523803711e+01
1.563148593902587891e+01
1.593505167961120605e+01
1.550255465507507324e+01
1.546959424018859863e+01
1.570908570289611816e+01
1.550969743728637695e+01
1.592989230155944824e+01
1.543435239791870117e+01
1.598197197914123535e+01
1.578812384605407715e+01
1.548198270797729492e+01
1.558594942092895508e+01
1.547127342224121094e+01
1.588766074180603027e+01
1.548336744308471680e+01
1.555528306961059570e+01
1.566221690177917480e+01
1.573023104667663574e+01
1.573349857330322266e+01
1.563610315322875977e+01
1.574379777908325195e+01
1.544032406806945801e+01
1.545462608337402344e+01
1.570906901359558105e+01
1.560478210449218750e+01
1.550186204910278320e+01
1.603698801994323730e+01
1.547780156135559082e+01
1.561345529556274414e+01
1.575383186340332031e+01
1.617396903038024902e+01
1.542586708068847656e+01
1.569392895698547363e+01
1.584231257438659668e+01
1.572273850440979004e+01
1.597201013565063477e+01
1.567235422134399414e+01
1.557778763771057129e+01
1.565019369125366211e+01
1.563516306877136230e+01
1.542795372009277344e+01
1.570001602172851562e+01
1.578139781951904297e+01
1.583279132843017578e+01
1.556764292716979980e+01
1.586511301994323730e+01
1.568947172164916992e+01
1.547134637832641602e+01
1.565109944343566895e+01
1.613331055641174316e+01
1.545446610450744629e+01
1.594519948959350586e+01
1.565648841857910156e+01
1.574198365211486816e+01
1.543932390213012695e+01
1.562295699119567871e+01
1.556634974479675293e+01
1.557547760009765625e+01
1.574520659446716309e+01
1.565564942359924316e+01
1.545244312286376953e+01
1.541355967521667480e+01
1.563566207885742188e+01
1.586366987228393555e+01
1.575850224494934082e+01
1.560236907005310059e+01
1.572236943244934082e+01
1.548664808273315430e+01
1.574346947669982910e+01
1.551716709136962891e+01
1.564827251434326172e+01
1.556413865089416504e+01
1.547353839874267578e+01
1.541198468208312988e+01
1.547215723991394043e+01
1.624459743499755859e+01
1.554339313507080078e+01
1.550415325164794922e+01
1.572979474067687988e+01
1.542789244651794434e+01
1.549095845222473145e+01
1.554721426963806152e+01
1.573614215850830078e+01
1.576858878135681152e+01
1.545744538307189941e+01
1.549475765228271484e+01
