1.113999938964843750e+01
1.275999927520751953e+01
1.338000011444091797e+01
1.096000003814697266e+01
1.586999988555908203e+01
1.423999977111816406e+01
1.687999916076660156e+01
1.985999870300292969e+01
1.346999931335449219e+01
2.078999900817871094e+01
2.346999931335449219e+01
2.307999992370605469e+01
2.175000000000000000e+01
2.950999832153320312e+01
2.676999855041503906e+01
1.994999885559082031e+01
2.837999916076660156e+01
2.628999900817871094e+01
2.879999923706054688e+01
2.443000030517578125e+01
3.110999870300292969e+01
2.753999900817871094e+01
2.704999923706054688e+01
3.422999954223632812e+01
2.726000022888183594e+01
3.136999893188476562e+01
2.827999877929687500e+01
3.393999862670898438e+01
3.396999740600585938e+01
3.169999885559082031e+01
3.143999862670898438e+01
3.954999923706054688e+01
4.032999801635742188e+01
2.923999977111816406e+01
3.750000000000000000e+01
3.836000061035156250e+01
3.813999938964843750e+01
4.254999923706054688e+01
4.109999847412109375e+01
3.618000030517578125e+01
4.564999771118164062e+01
4.227000045776367188e+01
3.861000061035156250e+01
3.886999893188476562e+01
4.157999801635742188e+01
3.725999832153320312e+01
2.318999862670898438e+01
4.240999984741210938e+01
4.450999832153320312e+01
4.862999725341796875e+01
4.161000061035156250e+01
4.418999862670898438e+01
4.504999923706054688e+01
4.030999755859375000e+01
4.311000061035156250e+01
4.293000030517578125e+01
4.523999786376953125e+01
4.569999694824218750e+01
4.846999740600585938e+01
5.082999801635742188e+01
4.215999984741210938e+01
4.278999710083007812e+01
4.756999969482421875e+01
4.696999740600585938e+01
4.887999725341796875e+01
3.915999984741210938e+01
4.752999877929687500e+01
4.786999893188476562e+01
5.186999893188476562e+01
5.329999923706054688e+01
5.838999938964843750e+01
5.500000000000000000e+01
5.380999755859375000e+01
5.175999832153320312e+01
5.278999710083007812e+01
5.288999938964843750e+01
4.300000000000000000e+01
5.618000030517578125e+01
4.411999893188476562e+01
5.593000030517578125e+01
5.609999847412109375e+01
5.852999877929687500e+01
5.061000061035156250e+01
5.303999710083007812e+01
4.839999771118164062e+01
5.152999877929687500e+01
6.029999923706054688e+01
5.727999877929687500e+01
4.332999801635742188e+01
5.770999908447265625e+01
5.652000045776367188e+01
6.186999893188476562e+01
5.963999938964843750e+01
6.251999664306640625e+01
5.631999969482421875e+01
5.188999938964843750e+01
6.116999816894531250e+01
4.587999725341796875e+01
5.786999893188476562e+01
5.596999740600585938e+01
7.154999542236328125e+01
7.152999877929687500e+01
7.243000030517578125e+01
7.261999511718750000e+01
7.318999481201171875e+01
7.329000091552734375e+01
7.275999450683593750e+01
7.320999908447265625e+01
7.375000000000000000e+01
7.413999938964843750e+01
7.448999786376953125e+01
7.355999755859375000e+01
7.434999847412109375e+01
7.473999786376953125e+01
7.497000122070312500e+01
7.350999450683593750e+01
7.473999786376953125e+01
7.516999816894531250e+01
7.512999725341796875e+01
7.508999633789062500e+01
7.426999664306640625e+01
7.468999481201171875e+01
7.565999603271484375e+01
7.504999542236328125e+01
7.531999969482421875e+01
7.611000061035156250e+01
7.450000000000000000e+01
7.575999450683593750e+01
7.584999847412109375e+01
7.640999603271484375e+01
7.488999938964843750e+01
7.736000061035156250e+01
7.551999664306640625e+01
7.602999877929687500e+01
7.622999572753906250e+01
7.670999908447265625e+01
7.475999450683593750e+01
7.583999633789062500e+01
7.690000152587890625e+01
7.423999786376953125e+01
7.700000000000000000e+01
7.593999481201171875e+01
7.458000183105468750e+01
7.490000152587890625e+01
7.593000030517578125e+01
7.720999908447265625e+01
7.502999877929687500e+01
7.669999694824218750e+01
7.522999572753906250e+01
7.647000122070312500e+01
7.962999725341796875e+01
7.940999603271484375e+01
7.965000152587890625e+01
7.933999633789062500e+01
7.952999877929687500e+01
7.973999786376953125e+01
7.997000122070312500e+01
7.975000000000000000e+01
7.975000000000000000e+01
7.976999664306640625e+01
7.995999908447265625e+01
8.000999450683593750e+01
8.022999572753906250e+01
8.002999877929687500e+01
8.004999542236328125e+01
8.018999481201171875e+01
8.012999725341796875e+01
8.005999755859375000e+01
8.009999847412109375e+01
8.043000030517578125e+01
8.032999420166015625e+01
8.026999664306640625e+01
8.008999633789062500e+01
8.016999816894531250e+01
8.033999633789062500e+01
8.027999877929687500e+01
8.022000122070312500e+01
8.011999511718750000e+01
8.018000030517578125e+01
8.052999877929687500e+01
8.061000061035156250e+01
8.072000122070312500e+01
8.040000152587890625e+01
8.052999877929687500e+01
8.061999511718750000e+01
8.047000122070312500e+01
8.011000061035156250e+01
8.056999969482421875e+01
8.040000152587890625e+01
8.012999725341796875e+01
8.015000152587890625e+01
8.027999877929687500e+01
8.104999542236328125e+01
8.063999938964843750e+01
8.059999847412109375e+01
8.030999755859375000e+01
8.048999786376953125e+01
8.061000061035156250e+01
8.069999694824218750e+01
8.043000030517578125e+01
