1.041599999572753887e+01
1.209599999908447288e+01
1.324799999908447212e+01
1.417600000244140546e+01
1.470400000732421830e+01
1.630399999908447128e+01
1.625600000122070199e+01
1.878400000488281307e+01
1.903999999877929739e+01
2.044800000122070216e+01
2.119999999908447208e+01
2.185599999511718750e+01
2.310400000244140628e+01
2.468800000183105325e+01
2.500799999572753762e+01
2.521599999877929577e+01
2.521600000732421876e+01
2.537600000732421890e+01
2.614400000183105632e+01
2.732799999572753791e+01
2.646399999572754069e+01
2.694399999816894464e+01
2.779199999572754010e+01
2.851199999877929514e+01
2.907199999877929741e+01
3.006400000732421773e+01
2.948800000488281370e+01
3.123200000732421699e+01
3.228800000488281086e+01
3.284800000732421665e+01
3.446400000122070395e+01
3.348800000366210838e+01
3.542400000366210833e+01
3.404799999389648235e+01
3.595199999755859466e+01
3.728000000122070645e+01
3.727999999145507815e+01
3.888000000976562376e+01
3.795199999755859466e+01
3.980800000366210867e+01
3.961599998779296783e+01
4.008000000122070361e+01
4.147200000000000131e+01
4.235199999023437556e+01
4.208000000732421597e+01
4.174400000122070509e+01
4.257599999145507752e+01
4.308799999145507797e+01
4.420800000366210725e+01
4.455999999389648281e+01
4.495999999389648139e+01
4.628800000244140733e+01
4.478399998779296709e+01
4.831999999755859676e+01
4.796799998657226638e+01
4.742399998779296766e+01
4.846399999023437744e+01
4.932800000366211179e+01
4.820800000366210725e+01
4.982400000244140870e+01
5.014399999145507536e+01
5.076800000366210952e+01
5.015999999755859307e+01
5.150400000366210662e+01
5.105599999389648502e+01
5.220800000976562671e+01
5.238399999389648087e+01
5.211200000000000188e+01
5.382400000366210691e+01
5.281600000366211134e+01
5.318399999633788866e+01
5.440000000366210742e+01
5.404800000976562302e+01
5.441599998291015794e+01
5.460799998657226695e+01
5.620799999023437721e+01
5.539200000976562421e+01
5.563199999633788906e+01
5.720000000000000284e+01
5.619199998291015419e+01
5.676799998779296885e+01
5.601599999633788940e+01
5.782400000244140870e+01
5.777599999389648389e+01
5.783999998779297158e+01
5.964799999633788730e+01
5.795199999023437698e+01
5.584000000244140693e+01
5.910400000976562751e+01
5.929600000610351884e+01
5.985599999511718750e+01
5.883199999511718659e+01
5.928000000610351350e+01
6.068799998535155993e+01
5.859199998657226871e+01
5.982400000244140870e+01
6.167999999633789088e+01
6.047999999511718983e+01
6.096000000244140438e+01
6.097600000976562740e+01
7.319999999511718158e+01
7.507199999511718147e+01
7.564799999511718909e+01
7.641599999511718977e+01
7.691199997314453185e+01
7.731199999755858698e+01
7.660800000488281114e+01
7.779199997558593793e+01
7.788799997558594157e+01
7.755200000732422438e+01
7.766399997558593782e+01
7.830399998291015606e+01
7.871999999511719182e+01
7.860799998535156874e+01
7.902399998535156556e+01
7.889599997558593714e+01
7.939200001708984189e+01
7.910399999511719216e+01
7.929600001708983825e+01
7.983999997558593975e+01
7.963200000488281205e+01
7.913599999511718863e+01
7.983999998535156806e+01
7.995199998535156283e+01
7.977599997558593259e+01
8.038399998535156499e+01
8.051200001708984644e+01
7.972800001708984041e+01
8.056000000488280932e+01
8.038400001708984632e+01
8.089599999511719375e+01
8.100800000732421324e+01
8.102399999755859028e+01
8.067199999511719000e+01
8.116800001708983814e+01
8.151999997558593236e+01
8.084799997314452469e+01
8.115199999511719398e+01
8.145599997558593941e+01
8.148800001708984553e+01
8.111999999511718329e+01
8.148800000488280659e+01
8.104000000488281330e+01
8.231999997558594373e+01
8.217599998291015595e+01
8.208000001464843365e+01
8.228800001708984269e+01
8.206399998535155760e+01
8.175999999755859449e+01
8.297600000732421677e+01
8.542399999755859596e+01
8.593600001953124945e+01
8.623999997558593122e+01
8.592000000732421938e+01
8.630400001708984803e+01
8.595199997558593452e+01
8.614400001708983723e+01
8.687999997802734242e+01
8.635199999755859324e+01
8.644799997558594384e+01
8.635200000732422154e+01
8.657599997802734038e+01
8.635200001708984985e+01
8.623999999755859847e+01
8.633600000732421620e+01
8.662399999755859881e+01
8.636799998779297027e+01
8.723200001708984530e+01
8.625599999755858960e+01
8.675199997802734231e+01
8.652800001953124820e+01
8.708800001708983984e+01
8.644799998779296857e+01
8.707200000732422041e+01
8.675199998779297061e+01
8.718400001708984348e+01
8.691199999755859551e+01
8.726400001708984178e+01
8.752000000732421370e+01
8.726399999755859938e+01
8.699199999511718318e+01
8.699199999755859380e+01
8.782399997802734504e+01
8.697599997558593543e+01
8.723199998779297459e+01
8.707199999755859210e+01
8.715200001708984701e+01
8.708800000732422575e+01
8.720000000732422052e+01
8.759999998535155896e+01
8.694399999755859199e+01
8.708800001708983984e+01
8.707199999755859210e+01
8.764799997802734310e+01
8.756799998535156249e+01
8.742400001953124900e+01
8.742400001953124900e+01
8.753600000732421904e+01
8.734400000732421177e+01
8.769599999755858732e+01
