4.257974624633789062e-01
4.229893684387207031e-01
4.210669994354248047e-01
4.206168651580810547e-01
4.300863742828369141e-01
4.181187152862548828e-01
4.173817634582519531e-01
4.307956695556640625e-01
4.204812049865722656e-01
4.216291904449462891e-01
4.286634922027587891e-01
4.189193248748779297e-01
4.207236766815185547e-01
4.273791313171386719e-01
4.304099082946777344e-01
4.212634563446044922e-01
4.213325977325439453e-01
4.239418506622314453e-01
4.221630096435546875e-01
4.297432899475097656e-01
4.262871742248535156e-01
4.193150997161865234e-01
4.240849018096923828e-01
4.264113903045654297e-01
4.183750152587890625e-01
4.277222156524658203e-01
4.275279045104980469e-01
4.180519580841064453e-01
4.236674308776855469e-01
4.298052787780761719e-01
4.183847904205322266e-01
4.231112003326416016e-01
4.284818172454833984e-01
4.157433509826660156e-01
4.236843585968017578e-01
4.276218414306640625e-01
4.196534156799316406e-01
4.239873886108398438e-01
4.324538707733154297e-01
4.193727970123291016e-01
4.179425239562988281e-01
4.282641410827636719e-01
4.192125797271728516e-01
4.193325042724609375e-01
4.242920875549316406e-01
4.199995994567871094e-01
4.210402965545654297e-01
4.287376403808593750e-01
4.221882820129394531e-01
4.206557273864746094e-01
4.251420497894287109e-01
4.256730079650878906e-01
4.165997505187988281e-01
4.239704608917236328e-01
4.233160018920898438e-01
4.190409183502197266e-01
4.217338562011718750e-01
4.249172210693359375e-01
4.159095287322998047e-01
4.240152835845947266e-01
4.231119155883789062e-01
4.173481464385986328e-01
4.247069358825683594e-01
4.255452156066894531e-01
4.197521209716796875e-01
4.210405349731445312e-01
4.280626773834228516e-01
4.175219535827636719e-01
4.220225811004638672e-01
4.292237758636474609e-01
4.179496765136718750e-01
4.196043014526367188e-01
4.233839511871337891e-01
4.191224575042724609e-01
4.220933914184570312e-01
4.285385608673095703e-01
4.225149154663085938e-01
4.221558570861816406e-01
4.291546344757080078e-01
4.208481311798095703e-01
4.198756217956542969e-01
4.260144233703613281e-01
4.229133129119873047e-01
4.198086261749267578e-01
4.221856594085693359e-01
4.233951568603515625e-01
4.159398078918457031e-01
4.297070503234863281e-01
4.261467456817626953e-01
4.173877239227294922e-01
4.224154949188232422e-01
4.256632328033447266e-01
4.188864231109619141e-01
4.207236766815185547e-01
4.276754856109619141e-01
4.183385372161865234e-01
4.229798316955566406e-01
4.289748668670654297e-01
4.159898757934570312e-01
4.236855506896972656e-01
4.261071681976318359e-01
4.418206214904785156e-01
4.205646514892578125e-01
4.295802116394042969e-01
4.181509017944335938e-01
4.184734821319580078e-01
4.282400608062744141e-01
4.207253456115722656e-01
4.182493686676025391e-01
4.279856681823730469e-01
4.228208065032958984e-01
4.201226234436035156e-01
4.247663021087646484e-01
4.232957363128662109e-01
4.150586128234863281e-01
4.281342029571533203e-01
4.231681823730468750e-01
4.169640541076660156e-01
4.253380298614501953e-01
4.230537414550781250e-01
4.197220802307128906e-01
4.226343631744384766e-01
4.279851913452148438e-01
4.178426265716552734e-01
4.237148761749267578e-01
4.282560348510742188e-01
4.198887348175048828e-01
4.201040267944335938e-01
4.247486591339111328e-01
4.177734851837158203e-01
4.223206043243408203e-01
4.242231845855712891e-01
4.183943271636962891e-01
4.197449684143066406e-01
4.259443283081054688e-01
4.190762042999267578e-01
4.188604354858398438e-01
4.290218353271484375e-01
4.243135452270507812e-01
4.196815490722656250e-01
4.264626502990722656e-01
4.201991558074951172e-01
4.182031154632568359e-01
4.250245094299316406e-01
4.192953109741210938e-01
4.188957214355468750e-01
4.271185398101806641e-01
4.188652038574218750e-01
4.175446033477783203e-01
4.273524284362792969e-01
4.204614162445068359e-01
4.165506362915039062e-01
4.238340854644775391e-01
4.241399765014648438e-01
4.175884723663330078e-01
4.250752925872802734e-01
4.260067939758300781e-01
4.177391529083251953e-01
4.230561256408691406e-01
4.239878654479980469e-01
4.185967445373535156e-01
4.260125160217285156e-01
4.226353168487548828e-01
4.183971881866455078e-01
4.225664138793945312e-01
4.280769824981689453e-01
4.199659824371337891e-01
4.201145172119140625e-01
4.248652458190917969e-01
4.181659221649169922e-01
4.201719760894775391e-01
4.267895221710205078e-01
4.195783138275146484e-01
4.191033840179443359e-01
4.256508350372314453e-01
4.210696220397949219e-01
4.187655448913574219e-01
4.273228645324707031e-01
4.201583862304687500e-01
4.197170734405517578e-01
4.271759986877441406e-01
4.196443557739257812e-01
4.155237674713134766e-01
4.273896217346191406e-01
4.233744144439697266e-01
4.178388118743896484e-01
4.295997619628906250e-01
4.208550453186035156e-01
4.193513393402099609e-01
4.255828857421875000e-01
4.252879619598388672e-01
4.178061485290527344e-01
4.229688644409179688e-01
4.243628978729248047e-01
4.214148521423339844e-01
4.226045608520507812e-01
4.267885684967041016e-01
4.186213016510009766e-01
4.233372211456298828e-01
4.250037670135498047e-01
