1.051199999938964780e+01
1.209599999954223648e+01
1.372799999954223615e+01
1.523200000244140639e+01
1.604799999572754032e+01
1.681599999511718835e+01
1.771199999877929798e+01
1.888000000183105342e+01
1.974399999572753828e+01
2.041599999908447316e+01
2.148799999816894513e+01
2.169600000244140503e+01
2.169600000488281211e+01
2.254400000122070225e+01
2.315200000488281162e+01
2.422400000488281080e+01
2.467199999908447339e+01
2.635200000122070207e+01
2.739200000488281361e+01
2.712000000122070276e+01
2.787199999511718573e+01
2.900799999816894470e+01
2.849600000732421989e+01
3.052799999511718809e+01
3.110399999877929744e+01
3.223999999145507900e+01
3.273599999145508122e+01
3.291200000122070435e+01
3.436800000366211094e+01
3.403199999145508059e+01
3.454399999908446972e+01
3.492799999755859375e+01
3.598400000732421944e+01
3.636799999816894768e+01
3.600000000366210884e+01
3.670400000976562183e+01
3.622400000366211259e+01
3.769600000122070327e+01
3.895999999023437255e+01
3.795199998779296635e+01
3.767999999389648735e+01
3.934400000976562239e+01
3.867199999755859352e+01
4.003199999023437528e+01
4.072000000366210770e+01
3.972799999511718738e+01
4.145600000976562427e+01
4.256000000976562347e+01
4.139200000732422069e+01
4.246399999511718448e+01
4.288000000366211140e+01
4.340799999755859062e+01
4.444800000366210924e+01
4.459200000976562706e+01
4.476800000610351304e+01
4.540799998657226411e+01
4.663999998779296874e+01
4.662400000976562353e+01
4.516800000976562757e+01
4.784000000366211225e+01
4.671999999816894444e+01
4.822400000976562495e+01
4.953599999633789253e+01
4.956800000976562615e+01
4.800000000732421768e+01
4.950399999999999778e+01
4.979200000000000159e+01
4.940800000122070657e+01
5.139199999023437471e+01
5.284799998657226894e+01
5.255999999389648281e+01
5.275200000366211128e+01
5.263999999633789173e+01
5.316799998657226212e+01
5.423999998657226485e+01
5.327999998657226399e+01
5.478399999999999892e+01
5.580799998779296800e+01
5.367999998657226257e+01
5.558399999389648372e+01
5.550400000366210662e+01
5.511999999999999744e+01
5.691199999633789020e+01
5.692799998657226723e+01
5.755199998657226246e+01
5.691199999633789020e+01
5.780799999999999983e+01
5.936000001464843479e+01
5.846399999023437744e+01
5.908800000244140449e+01
5.816000001464843905e+01
6.081599997314452821e+01
5.924799999389648519e+01
6.113599998535156033e+01
6.073599999511719005e+01
6.051199999267578278e+01
5.988800000244140875e+01
6.139200000244140654e+01
6.238399999023437204e+01
6.095999998657226371e+01
7.241600001464843217e+01
7.430400001708984803e+01
7.526400001708984178e+01
7.552000000488281728e+01
7.556799998535156249e+01
7.615999999511718954e+01
7.667199997558593338e+01
7.654400001464843228e+01
7.715200001708984701e+01
7.801599999511718408e+01
7.748799999511719250e+01
7.735999999267578175e+01
7.849599999511718806e+01
7.863999997314452628e+01
7.868799999755859176e+01
7.868800000488280944e+01
7.963200000732422268e+01
7.947199997558593054e+01
7.931200001464843297e+01
7.950399998535156953e+01
7.972800001708984041e+01
7.988799999511718397e+01
8.007999998291015231e+01
8.038399998779297562e+01
8.014400000244140188e+01
8.126399999511718875e+01
8.049599999511718806e+01
8.078399997558594237e+01
8.072000001708984485e+01
8.078399999267578835e+01
8.095999997558594430e+01
8.151999997558593236e+01
8.121599997314453390e+01
8.171200001708984928e+01
8.115200000244141165e+01
8.156799999511719079e+01
8.174399999755858914e+01
8.148800001464843490e+01
8.171199999511718204e+01
8.217600001708984792e+01
8.286399997558594066e+01
8.244799997558594384e+01
8.225599998535156487e+01
8.295999999755859733e+01
8.311999999755859392e+01
8.239999997558594202e+01
8.316799998779296743e+01
8.275200000732421302e+01
8.284799997558593532e+01
8.350399999511718363e+01
8.648000000732422166e+01
8.718399997802734447e+01
8.806399999755859653e+01
8.803199999755860006e+01
8.822400000732422143e+01
8.835199998779296493e+01
8.798400001953125127e+01
8.873600001708985019e+01
8.831999999755859676e+01
8.881599999755859187e+01
8.875199999755859892e+01
8.835199997558594021e+01
8.883200000732422552e+01
8.907200001953124513e+01
8.892800001953125388e+01
8.851199997558593680e+01
8.884799999755858835e+01
8.964800001708984212e+01
8.907199997802734970e+01
8.977599998779297152e+01
8.881600000732422018e+01
8.915200000732421870e+01
8.940800000732421893e+01
8.932799999755859233e+01
8.929600001708983825e+01
8.976000000976561921e+01
8.971199997802735027e+01
8.958399998779296425e+01
8.947199999755859778e+01
8.966399999511719443e+01
8.934400000732421177e+01
8.960000001953125093e+01
8.969599998779297323e+01
8.969599998779297323e+01
8.987199998779297516e+01
9.009599999755859301e+01
8.998400000976562296e+01
9.001599999755859471e+01
9.022399998779296482e+01
8.982399997802734504e+01
8.982400001708984405e+01
9.020800001708984439e+01
9.020799998535156305e+01
9.004799999755859119e+01
8.982399998779297334e+01
9.027200001953124797e+01
9.067200001953125366e+01
8.990399999755859994e+01
9.063999999755858994e+01
9.056000001953124467e+01
