1.615291023254394531e+01
1.547380328178405762e+01
1.576386380195617676e+01
1.545750808715820312e+01
1.573489046096801758e+01
1.595683717727661133e+01
1.564718627929687500e+01
1.570730352401733398e+01
1.565830612182617188e+01
1.556590294837951660e+01
1.555518341064453125e+01
1.547289991378784180e+01
1.569644689559936523e+01
1.580218124389648438e+01
1.578547430038452148e+01
1.575326085090637207e+01
1.551856017112731934e+01
1.556000089645385742e+01
1.581677722930908203e+01
1.566832041740417480e+01
1.560245203971862793e+01
1.559176349639892578e+01
1.571601772308349609e+01
1.562500357627868652e+01
1.560619735717773438e+01
1.582018184661865234e+01
1.602971291542053223e+01
1.549483108520507812e+01
1.563099002838134766e+01
1.550852775573730469e+01
1.544698500633239746e+01
1.555429697036743164e+01
1.556945562362670898e+01
1.579028272628784180e+01
1.584715914726257324e+01
1.556138110160827637e+01
1.572458386421203613e+01
1.565419840812683105e+01
1.562709212303161621e+01
1.545049786567687988e+01
1.542680144309997559e+01
1.549139976501464844e+01
1.605848503112792969e+01
1.579188680648803711e+01
1.579510450363159180e+01
1.564175176620483398e+01
1.550824856758117676e+01
1.559644341468811035e+01
1.557586693763732910e+01
1.541266226768493652e+01
1.587573122978210449e+01
1.557953715324401855e+01
1.576998519897460938e+01
1.562091970443725586e+01
1.586798071861267090e+01
1.597481608390808105e+01
1.582843136787414551e+01
1.588952636718750000e+01
1.571961879730224609e+01
1.543581986427307129e+01
1.554181909561157227e+01
1.554609584808349609e+01
1.564296889305114746e+01
1.589463448524475098e+01
1.574736928939819336e+01
1.585008859634399414e+01
1.555071568489074707e+01
1.551205754280090332e+01
1.600735974311828613e+01
1.586412882804870605e+01
1.564796614646911621e+01
1.546042275428771973e+01
1.576571536064147949e+01
1.557072997093200684e+01
1.589381432533264160e+01
1.559268999099731445e+01
1.580340600013732910e+01
1.594024729728698730e+01
1.574159383773803711e+01
1.543532514572143555e+01
1.565055704116821289e+01
1.584659838676452637e+01
1.549864482879638672e+01
1.581021308898925781e+01
1.570037770271301270e+01
1.604841732978820801e+01
1.543913531303405762e+01
1.599410724639892578e+01
1.549324655532836914e+01
1.565148138999938965e+01
1.573836255073547363e+01
1.568072724342346191e+01
1.545007300376892090e+01
1.565639734268188477e+01
1.592420053482055664e+01
1.590698266029357910e+01
1.597864532470703125e+01
1.566744709014892578e+01
1.549235820770263672e+01
1.576114940643310547e+01
1.569426584243774414e+01
1.571162366867065430e+01
1.574934935569763184e+01
1.555677199363708496e+01
1.582564902305603027e+01
1.545629429817199707e+01
1.569409418106079102e+01
1.586907291412353516e+01
1.579142165184020996e+01
1.550390005111694336e+01
1.590120744705200195e+01
1.554729008674621582e+01
1.558656120300292969e+01
1.579857397079467773e+01
1.556444716453552246e+01
1.588248705863952637e+01
1.582856416702270508e+01
1.544132351875305176e+01
1.583784294128417969e+01
1.548740601539611816e+01
1.553515338897705078e+01
1.566806054115295410e+01
1.588729667663574219e+01
1.584852457046508789e+01
1.553183126449584961e+01
1.572178554534912109e+01
1.573623752593994141e+01
1.601104569435119629e+01
1.555882930755615234e+01
1.562222576141357422e+01
1.600450038909912109e+01
1.547682690620422363e+01
1.566066145896911621e+01
1.548442101478576660e+01
1.555386400222778320e+01
1.552915287017822266e+01
1.579759621620178223e+01
1.561086654663085938e+01
1.555123496055603027e+01
1.547457718849182129e+01
1.573559951782226562e+01
1.547835850715637207e+01
1.545196104049682617e+01
1.542717218399047852e+01
1.569464492797851562e+01
1.579238128662109375e+01
1.620448946952819824e+01
1.548470520973205566e+01
1.582670998573303223e+01
1.565647959709167480e+01
1.566970324516296387e+01
1.565277218818664551e+01
1.543914127349853516e+01
1.594585251808166504e+01
1.586488175392150879e+01
1.608355712890625000e+01
1.548365402221679688e+01
1.591895604133605957e+01
1.559788894653320312e+01
1.606206154823303223e+01
1.556363201141357422e+01
1.563504981994628906e+01
1.623415327072143555e+01
1.575670766830444336e+01
1.600439167022705078e+01
1.572988247871398926e+01
1.541759586334228516e+01
1.542947340011596680e+01
1.582740235328674316e+01
1.555186700820922852e+01
1.569220376014709473e+01
1.558973646163940430e+01
1.597941255569458008e+01
1.564608645439147949e+01
1.571129894256591797e+01
1.550963711738586426e+01
1.596980452537536621e+01
1.613638830184936523e+01
1.544419026374816895e+01
1.557000994682312012e+01
1.549603652954101562e+01
1.562393498420715332e+01
1.584587645530700684e+01
1.569940757751464844e+01
1.566450572013854980e+01
1.569157981872558594e+01
1.563673734664916992e+01
1.608293819427490234e+01
1.584605669975280762e+01
1.578208708763122559e+01
1.565271043777465820e+01
1.567988133430480957e+01
1.608872652053833008e+01
1.555401420593261719e+01
1.574253106117248535e+01
1.566941595077514648e+01
1.595128655433654785e+01
1.550400900840759277e+01
1.572377896308898926e+01
1.542687320709228516e+01
