3.296214580535888672e+00
2.539515972137451172e+00
2.578650236129760742e+00
2.558703184127807617e+00
2.526492595672607422e+00
2.573844671249389648e+00
2.572343826293945312e+00
2.568874597549438477e+00
2.598158836364746094e+00
2.532222032546997070e+00
2.560585021972656250e+00
2.575738906860351562e+00
2.536454916000366211e+00
2.560887813568115234e+00
2.569495201110839844e+00
2.551035165786743164e+00
2.535052299499511719e+00
2.533664941787719727e+00
2.551033258438110352e+00
2.566228151321411133e+00
2.555107116699218750e+00
2.571487188339233398e+00
2.562787771224975586e+00
2.533075571060180664e+00
2.534048080444335938e+00
2.548994541168212891e+00
2.546049594879150391e+00
2.577759027481079102e+00
2.515979528427124023e+00
2.549755811691284180e+00
2.507975101470947266e+00
2.589584827423095703e+00
2.550673484802246094e+00
2.538650751113891602e+00
2.520867347717285156e+00
2.520617723464965820e+00
2.527342796325683594e+00
2.528936386108398438e+00
2.579980373382568359e+00
2.541996240615844727e+00
2.588848590850830078e+00
2.548601865768432617e+00
2.497670888900756836e+00
2.606455326080322266e+00
2.567851543426513672e+00
2.567019701004028320e+00
2.599961996078491211e+00
2.586188554763793945e+00
2.575762748718261719e+00
2.520041465759277344e+00
2.554580926895141602e+00
2.523114681243896484e+00
2.565743207931518555e+00
2.511069059371948242e+00
2.555153369903564453e+00
2.500073432922363281e+00
2.511483430862426758e+00
2.569630146026611328e+00
2.550828456878662109e+00
2.544924259185791016e+00
2.543076515197753906e+00
2.557972908020019531e+00
2.522385120391845703e+00
2.542355775833129883e+00
2.527083873748779297e+00
2.508040666580200195e+00
2.555979967117309570e+00
2.514607906341552734e+00
2.546606063842773438e+00
2.525566577911376953e+00
2.526031017303466797e+00
2.532898902893066406e+00
2.577510833740234375e+00
2.565407514572143555e+00
2.561237573623657227e+00
2.528175592422485352e+00
2.532828092575073242e+00
2.528141021728515625e+00
2.574857234954833984e+00
2.542291641235351562e+00
2.573004961013793945e+00
2.524618387222290039e+00
2.534084796905517578e+00
2.552097797393798828e+00
2.593894004821777344e+00
2.555261850357055664e+00
2.552399158477783203e+00
2.564959287643432617e+00
2.555395126342773438e+00
2.590808629989624023e+00
2.557977914810180664e+00
2.608751535415649414e+00
2.579852581024169922e+00
2.560899734497070312e+00
2.507853746414184570e+00
2.596287250518798828e+00
2.602146387100219727e+00
2.515545129776000977e+00
2.524224996566772461e+00
2.569044828414916992e+00
2.515336513519287109e+00
2.653615713119506836e+00
2.536519765853881836e+00
2.589973211288452148e+00
2.622236013412475586e+00
2.597571134567260742e+00
2.574397087097167969e+00
2.505446910858154297e+00
2.552130699157714844e+00
2.493489742279052734e+00
2.546701192855834961e+00
2.583727598190307617e+00
2.541898965835571289e+00
2.588476896286010742e+00
2.523347854614257812e+00
2.562444210052490234e+00
2.545121431350708008e+00
2.611880064010620117e+00
2.539592027664184570e+00
2.533800601959228516e+00
2.568757295608520508e+00
2.574685096740722656e+00
2.569111108779907227e+00
2.520886421203613281e+00
2.564655780792236328e+00
2.582092046737670898e+00
2.557059288024902344e+00
2.562232732772827148e+00
2.584318637847900391e+00
2.495117902755737305e+00
2.548242330551147461e+00
2.548582553863525391e+00
2.579161643981933594e+00
2.517614603042602539e+00
2.593864679336547852e+00
2.576566934585571289e+00
2.529433727264404297e+00
2.555982351303100586e+00
2.568079233169555664e+00
2.615481376647949219e+00
2.572236776351928711e+00
2.523627042770385742e+00
2.557720422744750977e+00
2.518481731414794922e+00
2.555939197540283203e+00
2.612946271896362305e+00
2.537742614746093750e+00
2.538958787918090820e+00
2.532596349716186523e+00
2.555699110031127930e+00
2.548336744308471680e+00
2.509209871292114258e+00
2.603638887405395508e+00
2.583439350128173828e+00
2.561887502670288086e+00
2.566230297088623047e+00
2.590035438537597656e+00
2.521913766860961914e+00
2.513241052627563477e+00
2.571567773818969727e+00
2.591934680938720703e+00
2.559473991394042969e+00
2.534333229064941406e+00
2.558514833450317383e+00
2.541455507278442383e+00
2.576169252395629883e+00
2.553874254226684570e+00
2.557392120361328125e+00
2.573202371597290039e+00
2.526067972183227539e+00
2.548318862915039062e+00
2.546621084213256836e+00
2.535877943038940430e+00
2.511469841003417969e+00
2.562709569931030273e+00
2.489812135696411133e+00
2.510925054550170898e+00
2.581682920455932617e+00
2.577960014343261719e+00
2.512899398803710938e+00
2.546712636947631836e+00
2.525676965713500977e+00
2.515529632568359375e+00
2.562124490737915039e+00
2.555482149124145508e+00
2.533009290695190430e+00
2.553539752960205078e+00
2.492685556411743164e+00
2.518996953964233398e+00
2.572264194488525391e+00
2.552292823791503906e+00
2.588682651519775391e+00
2.564114809036254883e+00
2.543699979782104492e+00
2.538035392761230469e+00
2.574586391448974609e+00
2.567105770111083984e+00
2.531137943267822266e+00
2.550983667373657227e+00
2.549058675765991211e+00
