2.807722091674804688e+00
2.167750358581542969e+00
2.071104049682617188e+00
2.199468851089477539e+00
2.160661220550537109e+00
2.129167795181274414e+00
2.094256401062011719e+00
2.076934099197387695e+00
2.074126005172729492e+00
2.128627300262451172e+00
2.116786241531372070e+00
2.080834150314331055e+00
2.120198965072631836e+00
2.075161933898925781e+00
2.109060049057006836e+00
2.093538522720336914e+00
2.064451217651367188e+00
2.107520580291748047e+00
2.129225254058837891e+00
2.087475299835205078e+00
2.090868711471557617e+00
2.101330041885375977e+00
2.086021184921264648e+00
2.172449827194213867e+00
2.157705783843994141e+00
2.208868980407714844e+00
2.165791749954223633e+00
2.120068073272705078e+00
2.167404651641845703e+00
2.159175634384155273e+00
2.155884265899658203e+00
2.093888044357299805e+00
2.121667623519897461e+00
2.123322010040283203e+00
2.167589187622070312e+00
2.142384767532348633e+00
2.159390211105346680e+00
2.132265567779541016e+00
2.095623970031738281e+00
2.142085313796997070e+00
2.085603952407836914e+00
2.132837295532226562e+00
2.242336988449096680e+00
2.085115194320678711e+00
2.098404884338378906e+00
2.099401473999023438e+00
2.091211080551147461e+00
2.065399169921875000e+00
2.064156293869018555e+00
2.111017227172851562e+00
2.155564785003662109e+00
2.157151460647583008e+00
2.097565174102783203e+00
2.235682010650634766e+00
2.112001657485961914e+00
2.165627241134643555e+00
2.136653661727905273e+00
2.088876962661743164e+00
2.167471408843994141e+00
2.095710277557373047e+00
2.092366218566894531e+00
2.064719200134277344e+00
2.127165317535400391e+00
2.099075317382812500e+00
2.153641223907470703e+00
2.152074813842773438e+00
2.152765274047851562e+00
2.115077018737792969e+00
2.140988349914550781e+00
2.146672964096069336e+00
2.129009723663330078e+00
2.104844093322753906e+00
2.084452867507934570e+00
2.110891342163085938e+00
2.142017602920532227e+00
2.147887706756591797e+00
2.129582643508911133e+00
2.152089834213256836e+00
2.078454256057739258e+00
2.101796865463256836e+00
2.097711563110351562e+00
2.159592390060424805e+00
2.138571500778198242e+00
2.068941831588745117e+00
2.081120014190673828e+00
2.096350669860839844e+00
2.133231639862060547e+00
2.134943723678588867e+00
2.094924688339233398e+00
2.078245162963867188e+00
2.102527141571044922e+00
2.062379360198974609e+00
2.083199024200439453e+00
2.198635578155517578e+00
2.169710636138916016e+00
2.085176706314086914e+00
2.075924158096313477e+00
2.168055772781372070e+00
2.130362033843994141e+00
2.109707117080688477e+00
2.128516197204589844e+00
2.121099710464477539e+00
2.112518787384033203e+00
2.099854707717895508e+00
2.072675943374633789e+00
2.076088905334472656e+00
2.060578584671020508e+00
2.161858081817626953e+00
2.054524898529052734e+00
2.190267562866210938e+00
2.103578805923461914e+00
2.097283601760864258e+00
2.156992912292480469e+00
2.080666780471801758e+00
2.158216953277587891e+00
2.155222892761230469e+00
2.118494987487792969e+00
2.092909097671508789e+00
2.111748218536376953e+00
2.115546703338623047e+00
2.102109432220458984e+00
2.093612432479858398e+00
2.118673086166381836e+00
2.144463539123535156e+00
2.111277341842651367e+00
2.100403547286987305e+00
2.096609592437744141e+00
2.138438701629638672e+00
2.091005563735961914e+00
2.165980577468872070e+00
2.101094484329223633e+00
2.142723321914672852e+00
2.104123830795288086e+00
2.155063629150390625e+00
2.103155374526977539e+00
2.077443838119506836e+00
2.137667894363403320e+00
2.128896713256835938e+00
2.145312547683715820e+00
2.097117900848388672e+00
2.124611616134643555e+00
2.119523763656616211e+00
2.084629058837890625e+00
2.144870519638061523e+00
2.108382701873779297e+00
2.082172632217407227e+00
2.136658430099487305e+00
2.131731033325195312e+00
2.114681720733642578e+00
2.112112760543823242e+00
2.075814723968505859e+00
2.177194833755493164e+00
2.109000444412231445e+00
2.115512371063232422e+00
2.120942831039428711e+00
2.075737953186035156e+00
2.101962089538574219e+00
2.151833534240722656e+00
2.133615970611572266e+00
2.104395151138305664e+00
2.082336902618408203e+00
2.146809577941894531e+00
2.129906892776489258e+00
2.113526582717895508e+00
2.172363281250000000e+00
2.070933580398559570e+00
2.093020439147949219e+00
2.100430965423583984e+00
2.105371236801147461e+00
2.092050313949584961e+00
2.100181102752685547e+00
2.103616476058959961e+00
2.111141443252563477e+00
2.145961523056030273e+00
2.061411142349243164e+00
2.172872304916381836e+00
2.174682855606079102e+00
2.088826417922973633e+00
2.085665941238403320e+00
2.160678863525390625e+00
2.126413822174072266e+00
2.142239809036254883e+00
2.103742122650146484e+00
2.085929870605468750e+00
2.077068567276000977e+00
2.088985681533813477e+00
2.126476049423217773e+00
2.177291393280029297e+00
2.161501407623291016e+00
2.075539588928222656e+00
2.084655761718750000e+00
2.063183546066284180e+00
2.112145662307739258e+00
2.128386974334716797e+00
2.096257209777832031e+00
2.082242012023925781e+00
2.102386951446533203e+00
2.107669115066528320e+00
2.119719028472900391e+00
2.106353759765625000e+00
