4.257926940917968750e-01
4.229755401611328125e-01
4.210953712463378906e-01
4.206044673919677734e-01
4.300925731658935547e-01
4.180994033813476562e-01
4.173767566680908203e-01
4.308083057403564453e-01
4.204866886138916016e-01
4.215793609619140625e-01
4.286592006683349609e-01
4.189000129699707031e-01
4.207506179809570312e-01
4.274353981018066406e-01
4.304528236389160156e-01
4.211881160736083984e-01
4.213259220123291016e-01
4.239304065704345703e-01
4.221582412719726562e-01
4.297604560852050781e-01
4.262719154357910156e-01
4.192745685577392578e-01
4.240686893463134766e-01
4.264156818389892578e-01
4.183847904205322266e-01
4.277641773223876953e-01
4.275345802307128906e-01
4.179897308349609375e-01
4.236288070678710938e-01
4.297983646392822266e-01
4.183337688446044922e-01
4.231128692626953125e-01
4.284808635711669922e-01
4.157180786132812500e-01
4.236550331115722656e-01
4.276182651519775391e-01
4.196581840515136719e-01
4.239642620086669922e-01
4.324443340301513672e-01
4.194071292877197266e-01
4.178857803344726562e-01
4.282493591308593750e-01
4.191899299621582031e-01
4.192955493927001953e-01
4.242656230926513672e-01
4.200041294097900391e-01
4.210288524627685547e-01
4.287126064300537109e-01
4.221873283386230469e-01
4.206645488739013672e-01
4.251151084899902344e-01
4.256894588470458984e-01
4.166262149810791016e-01
4.239602088928222656e-01
4.232971668243408203e-01
4.190158843994140625e-01
4.217145442962646484e-01
4.248926639556884766e-01
4.158611297607421875e-01
4.240212440490722656e-01
4.230558872222900391e-01
4.173712730407714844e-01
4.246377944946289062e-01
4.255154132843017578e-01
4.197409152984619141e-01
4.210469722747802734e-01
4.280555248260498047e-01
4.174931049346923828e-01
4.220075607299804688e-01
4.292564392089843750e-01
4.179341793060302734e-01
4.195635318756103516e-01
4.233424663543701172e-01
4.191281795501708984e-01
4.220967292785644531e-01
4.285488128662109375e-01
4.224898815155029297e-01
4.220778942108154297e-01
4.291310310363769531e-01
4.207887649536132812e-01
4.199082851409912109e-01
4.259786605834960938e-01
4.229109287261962891e-01
4.198408126831054688e-01
4.221806526184082031e-01
4.233694076538085938e-01
4.159150123596191406e-01
4.296848773956298828e-01
4.261248111724853516e-01
4.174027442932128906e-01
4.223759174346923828e-01
4.255945682525634766e-01
4.189140796661376953e-01
4.207332134246826172e-01
4.276258945465087891e-01
4.183139801025390625e-01
4.229423999786376953e-01
4.289839267730712891e-01
4.159586429595947266e-01
4.236655235290527344e-01
4.260969161987304688e-01
4.511399269104003906e-01
4.205505847930908203e-01
4.295580387115478516e-01
4.181380271911621094e-01
4.185173511505126953e-01
4.282279014587402344e-01
4.207005500793457031e-01
4.182169437408447266e-01
4.279665946960449219e-01
4.227883815765380859e-01
4.201233386993408203e-01
4.247441291809082031e-01
4.233102798461914062e-01
4.150667190551757812e-01
4.281275272369384766e-01
4.231758117675781250e-01
4.169292449951171875e-01
4.253025054931640625e-01
4.230265617370605469e-01
4.197101593017578125e-01
4.226217269897460938e-01
4.279925823211669922e-01
4.178359508514404297e-01
4.237170219421386719e-01
4.282484054565429688e-01
4.198648929595947266e-01
4.200627803802490234e-01
4.247150421142578125e-01
4.177453517913818359e-01
4.223258495330810547e-01
4.241974353790283203e-01
4.183952808380126953e-01
4.197652339935302734e-01
4.258871078491210938e-01
4.190647602081298828e-01
4.187562465667724609e-01
4.289972782135009766e-01
4.242734909057617188e-01
4.196906089782714844e-01
4.264311790466308594e-01
4.202127456665039062e-01
4.181945323944091797e-01
4.250049591064453125e-01
4.193160533905029297e-01
4.188780784606933594e-01
4.270982742309570312e-01
4.188153743743896484e-01
4.175229072570800781e-01
4.273819923400878906e-01
4.205074310302734375e-01
4.165666103363037109e-01
4.237957000732421875e-01
4.241244792938232422e-01
4.176051616668701172e-01
4.250941276550292969e-01
4.260034561157226562e-01
4.176855087280273438e-01
4.230337142944335938e-01
4.239969253540039062e-01
4.185669422149658203e-01
4.260106086730957031e-01
4.225800037384033203e-01
4.184083938598632812e-01
4.225406646728515625e-01
4.280560016632080078e-01
4.199879169464111328e-01
4.201238155364990234e-01
4.248204231262207031e-01
4.181578159332275391e-01
4.201862812042236328e-01
4.262959957122802734e-01
4.195601940155029297e-01
4.190757274627685547e-01
4.256603717803955078e-01
4.210362434387207031e-01
4.187426567077636719e-01
4.273011684417724609e-01
4.201807975769042969e-01
4.197306632995605469e-01
4.271728992462158203e-01
4.196186065673828125e-01
4.154756069183349609e-01
4.273564815521240234e-01
4.233691692352294922e-01
4.178566932678222656e-01
4.295790195465087891e-01
4.208750724792480469e-01
4.193279743194580078e-01
4.255099296569824219e-01
4.252908229827880859e-01
4.177803993225097656e-01
4.230735301971435547e-01
4.243757724761962891e-01
4.214160442352294922e-01
4.225792884826660156e-01
4.268250465393066406e-01
4.185841083526611328e-01
4.233036041259765625e-01
4.249649047851562500e-01
