1.125999927520751953e+01
1.088999938964843750e+01
1.408999919891357422e+01
1.580999946594238281e+01
1.697999954223632812e+01
1.732999992370605469e+01
1.909000015258789062e+01
1.681999969482421875e+01
1.844999885559082031e+01
1.871999931335449219e+01
2.050000000000000000e+01
2.167000007629394531e+01
1.931999969482421875e+01
2.062999916076660156e+01
2.477999877929687500e+01
2.254999923706054688e+01
2.244999885559082031e+01
2.680999946594238281e+01
2.226999855041503906e+01
2.332999992370605469e+01
3.069999885559082031e+01
3.137999916076660156e+01
3.067999839782714844e+01
3.273999786376953125e+01
3.466999816894531250e+01
2.760999870300292969e+01
3.506999969482421875e+01
2.956999969482421875e+01
3.039999961853027344e+01
3.372999954223632812e+01
3.475000000000000000e+01
3.911000061035156250e+01
3.643999862670898438e+01
3.513999938964843750e+01
3.302000045776367188e+01
3.275000000000000000e+01
3.659000015258789062e+01
3.507999801635742188e+01
3.770999908447265625e+01
3.755999755859375000e+01
4.000999832153320312e+01
3.768000030517578125e+01
4.057999801635742188e+01
4.137999725341796875e+01
3.902000045776367188e+01
4.166999816894531250e+01
4.327000045776367188e+01
3.898999786376953125e+01
3.416999816894531250e+01
3.982999801635742188e+01
4.384000015258789062e+01
4.027000045776367188e+01
4.543000030517578125e+01
4.459000015258789062e+01
4.570999908447265625e+01
3.931999969482421875e+01
4.629999923706054688e+01
4.429999923706054688e+01
4.465999984741210938e+01
4.864999771118164062e+01
4.653999710083007812e+01
3.827999877929687500e+01
3.882999801635742188e+01
4.743000030517578125e+01
4.407999801635742188e+01
2.134000015258789062e+01
4.437999725341796875e+01
4.586000061035156250e+01
4.407999801635742188e+01
4.873999786376953125e+01
4.939999771118164062e+01
5.093999862670898438e+01
3.405999755859375000e+01
5.227000045776367188e+01
5.025999832153320312e+01
4.896999740600585938e+01
4.602999877929687500e+01
5.329999923706054688e+01
4.663999938964843750e+01
5.462999725341796875e+01
4.525999832153320312e+01
5.177999877929687500e+01
4.018000030517578125e+01
5.255999755859375000e+01
5.707999801635742188e+01
4.993000030517578125e+01
5.775999832153320312e+01
5.711999893188476562e+01
5.645999908447265625e+01
5.435999679565429688e+01
5.663999938964843750e+01
5.046999740600585938e+01
4.673999786376953125e+01
4.815999984741210938e+01
5.806999969482421875e+01
5.654999923706054688e+01
5.402000045776367188e+01
5.093999862670898438e+01
5.745999908447265625e+01
5.920999908447265625e+01
6.622999572753906250e+01
6.666999816894531250e+01
6.750999450683593750e+01
6.793000030517578125e+01
6.779999542236328125e+01
6.761000061035156250e+01
6.775000000000000000e+01
6.765000152587890625e+01
6.847000122070312500e+01
6.969999694824218750e+01
6.893000030517578125e+01
6.906999969482421875e+01
6.890000152587890625e+01
6.933999633789062500e+01
6.943000030517578125e+01
6.944999694824218750e+01
6.948999786376953125e+01
6.940000152587890625e+01
6.915999603271484375e+01
6.808000183105468750e+01
6.972999572753906250e+01
6.997999572753906250e+01
6.844999694824218750e+01
6.890000152587890625e+01
6.948999786376953125e+01
6.879000091552734375e+01
7.072999572753906250e+01
7.043000030517578125e+01
6.980999755859375000e+01
6.791999816894531250e+01
6.929000091552734375e+01
6.937999725341796875e+01
6.847000122070312500e+01
6.875000000000000000e+01
6.868000030517578125e+01
6.858999633789062500e+01
6.772999572753906250e+01
6.944999694824218750e+01
6.827999877929687500e+01
7.025999450683593750e+01
6.901999664306640625e+01
7.036999511718750000e+01
6.938999938964843750e+01
6.934999847412109375e+01
7.100000000000000000e+01
7.179000091552734375e+01
6.979000091552734375e+01
6.468999481201171875e+01
7.187999725341796875e+01
6.663999938964843750e+01
7.186999511718750000e+01
7.216999816894531250e+01
7.219999694824218750e+01
7.211000061035156250e+01
7.198999786376953125e+01
7.204000091552734375e+01
7.188999938964843750e+01
7.184999847412109375e+01
7.176999664306640625e+01
7.213999938964843750e+01
7.212999725341796875e+01
7.211999511718750000e+01
7.215000152587890625e+01
7.216999816894531250e+01
7.193000030517578125e+01
7.230999755859375000e+01
7.183999633789062500e+01
7.208999633789062500e+01
7.218000030517578125e+01
7.188999938964843750e+01
7.205999755859375000e+01
7.227999877929687500e+01
7.223999786376953125e+01
7.200999450683593750e+01
7.201999664306640625e+01
7.218000030517578125e+01
7.195999908447265625e+01
7.240999603271484375e+01
7.183000183105468750e+01
7.227999877929687500e+01
7.208999633789062500e+01
7.256999969482421875e+01
7.206999969482421875e+01
7.216999816894531250e+01
7.215000152587890625e+01
7.186000061035156250e+01
7.169999694824218750e+01
7.190000152587890625e+01
7.251999664306640625e+01
7.211999511718750000e+01
7.208999633789062500e+01
7.186999511718750000e+01
7.247999572753906250e+01
7.229000091552734375e+01
7.250000000000000000e+01
7.251999664306640625e+01
7.219999694824218750e+01
7.229999542236328125e+01
7.236999511718750000e+01
7.225000000000000000e+01
