1.059199999908447332e+01
1.161600000244140674e+01
1.219199999511718779e+01
1.361600000488281204e+01
1.491199999908447182e+01
1.660800000244140762e+01
1.699199999877929557e+01
1.780800000183105425e+01
2.075200000122070421e+01
2.116799999572753777e+01
2.207999999816894388e+01
2.326400000732421702e+01
2.414399999755859483e+01
2.638399999572753885e+01
2.566400000122070324e+01
2.572800000183105595e+01
2.696000000488281145e+01
2.744000000183105570e+01
2.697600000488281324e+01
2.825600000183105465e+01
2.912000000732421867e+01
2.886400000183105519e+01
2.931199999145507817e+01
2.945599999145507653e+01
3.097599999816894467e+01
3.011200000183105630e+01
3.203199999999999648e+01
3.395199999145507519e+01
3.358399999389648372e+01
3.472000000183105328e+01
3.553599998779296953e+01
3.668800000000000239e+01
3.584000000122070162e+01
3.759999999023437312e+01
3.891200000366210787e+01
3.926399999389648343e+01
4.059199998779296692e+01
3.918400000732422228e+01
4.140799999755859062e+01
4.142400000610351896e+01
4.287999998779297073e+01
4.355199999755859608e+01
4.332800000122070117e+01
4.500799999511718852e+01
4.529600000976562768e+01
4.595199999816894376e+01
4.590399999633788752e+01
4.704000000366210799e+01
4.766400000976562268e+01
4.889600000610351316e+01
4.820799999389648605e+01
4.967999999633789088e+01
5.044799998657226325e+01
5.009599999999999653e+01
5.100800000000000267e+01
5.167999999023437852e+01
5.145600000976562427e+01
5.273599999999999710e+01
5.212799999023437181e+01
5.271999999267578119e+01
5.315200000366210986e+01
5.371200000000000330e+01
5.455999999023437397e+01
5.435199999267577908e+01
5.523199998657226217e+01
5.620799999633788957e+01
5.620799999633788957e+01
5.513599997314452850e+01
5.558400000244140671e+01
5.683199998291015476e+01
5.812799999267578244e+01
5.903999999633789031e+01
5.873599999023437590e+01
5.980799999267578215e+01
5.934399999023437289e+01
5.979199999267578391e+01
6.025599997314453304e+01
6.073599999267577942e+01
6.041599999511718977e+01
6.108799999389648150e+01
6.198399998535155930e+01
6.169600000244140858e+01
6.199999999633789116e+01
6.223999999267578431e+01
6.339199998291015703e+01
6.179199999023437329e+01
6.374399999267578210e+01
6.292800000976562558e+01
6.371199999267577851e+01
6.423999998291016311e+01
6.417599998291015595e+01
6.518399998657226035e+01
6.537600000244140119e+01
6.449599999023438102e+01
6.568000000244140324e+01
6.516799999267577448e+01
6.451199998291015447e+01
6.632000001464844274e+01
6.555200000244140313e+01
6.609599999267578596e+01
7.449600001464843047e+01
7.604800000488280887e+01
7.679999998535156180e+01
7.692799998291015129e+01
7.769599999511719091e+01
7.729599997558594282e+01
7.815999999755860017e+01
7.782399998535156271e+01
7.870399999511718647e+01
7.902399997558593725e+01
7.838400000244141097e+01
7.918399997558593384e+01
7.920000001708984882e+01
7.974400001708984576e+01
7.950399998535156953e+01
7.936000001464843479e+01
8.038399999511719329e+01
8.028799997802734367e+01
8.040000000732422336e+01
8.008000001464843365e+01
8.028799998291015072e+01
8.096000000732422563e+01
8.067200000732421472e+01
8.060799999511718283e+01
8.099199998779296550e+01
8.134399997802734106e+01
8.123199997558593566e+01
8.097600001464843444e+01
8.121599997558594453e+01
8.143999998535156237e+01
8.132799997558593930e+01
8.233599999511719147e+01
8.198400000732421233e+01
8.144000000488281898e+01
8.233600000488280557e+01
8.224000001708984087e+01
8.198399999511718761e+01
8.211199997558593111e+01
8.241600001708984280e+01
8.334399999755859767e+01
8.214400000732422313e+01
8.196800001953124593e+01
8.288000001708984144e+01
8.348799999755858892e+01
8.294400001464843797e+01
8.313599999755859926e+01
8.307199998779296379e+01
8.278400000732422370e+01
8.281599999511718124e+01
8.351999997558593236e+01
8.575999997802733787e+01
8.657600000732422529e+01
8.599999999755858937e+01
8.595199997558593452e+01
8.590400001708984234e+01
8.595199997558593452e+01
8.630399999755859142e+01
8.713599999755859926e+01
8.691200000732422382e+01
8.636799997802734197e+01
8.654399998779297221e+01
8.625599999755858960e+01
8.647999998779296504e+01
8.705600001953125400e+01
8.686399998535156897e+01
8.644799998779296857e+01
8.662399998535155987e+01
8.659199997802734572e+01
8.665599999511718465e+01
8.705599997802734435e+01
8.647999997558594032e+01
8.689600000732421847e+01
8.704000001708983802e+01
8.708799998779296914e+01
8.703999997802733901e+01
8.676799998779296175e+01
8.681600001708984848e+01
8.742400001708983837e+01
8.697599997558593543e+01
8.726399998779297107e+01
8.699200000488281148e+01
8.748800001708984553e+01
8.729599998779296754e+01
8.780800000732422461e+01
8.729600000732422416e+01
8.736000000976562774e+01
8.753599997802734833e+01
8.745599997802735004e+01
8.721600001953125059e+01
8.782399998779297334e+01
8.758399999755859255e+01
8.759999997802734129e+01
8.737599999755859415e+01
8.720000001708984882e+01
8.779199998779296266e+01
8.790400000732421404e+01
8.748800000488280659e+01
8.766400000732421915e+01
8.769600001708984394e+01
8.731200000732421529e+01
