1.142000007629394531e+01
1.093999958038330078e+01
1.250000000000000000e+01
1.378999996185302734e+01
1.670999908447265625e+01
1.630999946594238281e+01
1.631999969482421875e+01
1.869999885559082031e+01
1.629999923706054688e+01
2.053999900817871094e+01
1.871999931335449219e+01
2.359999847412109375e+01
2.602999877929687500e+01
2.455999946594238281e+01
2.594999885559082031e+01
2.160000038146972656e+01
2.692000007629394531e+01
2.620999908447265625e+01
2.957999992370605469e+01
2.805999946594238281e+01
2.960999870300292969e+01
2.578999900817871094e+01
2.190999984741210938e+01
2.645999908447265625e+01
3.169999885559082031e+01
3.250000000000000000e+01
3.232999801635742188e+01
2.721999931335449219e+01
3.345999908447265625e+01
3.822999954223632812e+01
3.520000076293945312e+01
3.562999725341796875e+01
3.014999961853027344e+01
3.122999954223632812e+01
3.697999954223632812e+01
3.325000000000000000e+01
3.548999786376953125e+01
2.986999893188476562e+01
4.037999725341796875e+01
4.059999847412109375e+01
4.479999923706054688e+01
3.697999954223632812e+01
3.940999984741210938e+01
2.836999893188476562e+01
4.290999984741210938e+01
4.541999816894531250e+01
4.080999755859375000e+01
4.827999877929687500e+01
4.445000076293945312e+01
4.511999893188476562e+01
4.450999832153320312e+01
4.761999893188476562e+01
4.002999877929687500e+01
3.984999847412109375e+01
4.643000030517578125e+01
4.256999969482421875e+01
4.744999694824218750e+01
4.112999725341796875e+01
4.698999786376953125e+01
4.736999893188476562e+01
4.480999755859375000e+01
5.175000000000000000e+01
4.609000015258789062e+01
5.193999862670898438e+01
5.018999862670898438e+01
4.472999954223632812e+01
5.248999786376953125e+01
5.087999725341796875e+01
4.961000061035156250e+01
5.528999710083007812e+01
4.886000061035156250e+01
5.786999893188476562e+01
5.820999908447265625e+01
4.025999832153320312e+01
5.618999862670898438e+01
4.904999923706054688e+01
4.813999938964843750e+01
5.580999755859375000e+01
5.644999694824218750e+01
5.543999862670898438e+01
4.587999725341796875e+01
6.175999832153320312e+01
5.443000030517578125e+01
5.705999755859375000e+01
5.188999938964843750e+01
5.638999938964843750e+01
5.709000015258789062e+01
2.459000015258789062e+01
5.884999847412109375e+01
6.390999984741210938e+01
6.073999786376953125e+01
5.568000030517578125e+01
6.243000030517578125e+01
5.461999893188476562e+01
4.648999786376953125e+01
5.018000030517578125e+01
5.393000030517578125e+01
6.106999969482421875e+01
6.135999679565429688e+01
5.268999862670898438e+01
7.141999816894531250e+01
7.223999786376953125e+01
7.270999908447265625e+01
7.245999908447265625e+01
7.312999725341796875e+01
7.266999816894531250e+01
7.240000152587890625e+01
7.354999542236328125e+01
7.350000000000000000e+01
7.276999664306640625e+01
7.358999633789062500e+01
7.329999542236328125e+01
7.450999450683593750e+01
7.441999816894531250e+01
7.461999511718750000e+01
7.344999694824218750e+01
7.415999603271484375e+01
7.509999847412109375e+01
7.294999694824218750e+01
7.454000091552734375e+01
7.479000091552734375e+01
7.311000061035156250e+01
7.572000122070312500e+01
7.581999969482421875e+01
7.520999908447265625e+01
7.590999603271484375e+01
7.465999603271484375e+01
7.661999511718750000e+01
7.568999481201171875e+01
7.566999816894531250e+01
7.401999664306640625e+01
7.697999572753906250e+01
7.587999725341796875e+01
7.648999786376953125e+01
7.594999694824218750e+01
7.697000122070312500e+01
7.451999664306640625e+01
7.668000030517578125e+01
7.527999877929687500e+01
7.565000152587890625e+01
7.473999786376953125e+01
7.715999603271484375e+01
7.697999572753906250e+01
7.722000122070312500e+01
7.669999694824218750e+01
7.566999816894531250e+01
7.636000061035156250e+01
7.736999511718750000e+01
7.443999481201171875e+01
7.690000152587890625e+01
7.938999938964843750e+01
7.929999542236328125e+01
7.940999603271484375e+01
7.969999694824218750e+01
7.968999481201171875e+01
7.979000091552734375e+01
7.954000091552734375e+01
7.975999450683593750e+01
7.979000091552734375e+01
7.981999969482421875e+01
7.982999420166015625e+01
7.970999908447265625e+01
7.991999816894531250e+01
8.011999511718750000e+01
8.004000091552734375e+01
8.004000091552734375e+01
8.036999511718750000e+01
8.015999603271484375e+01
7.991999816894531250e+01
8.018000030517578125e+01
8.040000152587890625e+01
8.027999877929687500e+01
8.022000122070312500e+01
8.041999816894531250e+01
8.033999633789062500e+01
8.025999450683593750e+01
8.004000091552734375e+01
8.033999633789062500e+01
8.045999908447265625e+01
8.048999786376953125e+01
8.038999938964843750e+01
8.036000061035156250e+01
8.025999450683593750e+01
8.018999481201171875e+01
8.061000061035156250e+01
8.051999664306640625e+01
8.058999633789062500e+01
8.029000091552734375e+01
8.027999877929687500e+01
8.043000030517578125e+01
8.038999938964843750e+01
8.047999572753906250e+01
8.045999908447265625e+01
8.050000000000000000e+01
8.061000061035156250e+01
8.048999786376953125e+01
8.059999847412109375e+01
8.054999542236328125e+01
8.048999786376953125e+01
8.050999450683593750e+01
