3.150954484939575195e+00
2.466603040695190430e+00
2.453781604766845703e+00
2.457474231719970703e+00
2.468016147613525391e+00
2.448716878890991211e+00
2.444282293319702148e+00
2.573539018630981445e+00
2.475445270538330078e+00
2.564268112182617188e+00
2.512120485305786133e+00
2.451827526092529297e+00
2.526407003402709961e+00
2.536228179931640625e+00
2.527397394180297852e+00
2.556155204772949219e+00
2.489440917968750000e+00
2.507241964340209961e+00
2.528265476226806641e+00
2.497861385345458984e+00
2.553128957748413086e+00
2.473580598831176758e+00
2.521124124526977539e+00
2.507211208343505859e+00
2.464145183563232422e+00
2.484660148620605469e+00
2.504668235778808594e+00
2.476644515991210938e+00
2.501168489456176758e+00
2.505787372589111328e+00
2.527348518371582031e+00
2.468749761581420898e+00
2.482976436614990234e+00
2.465722322463989258e+00
2.450936317443847656e+00
2.494938850402832031e+00
2.469714879989624023e+00
2.514617204666137695e+00
2.484143257141113281e+00
2.478824853897094727e+00
2.435356378555297852e+00
2.495512485504150391e+00
2.461387872695922852e+00
2.472385406494140625e+00
2.472255945205688477e+00
2.533636808395385742e+00
2.461694955825805664e+00
2.520006656646728516e+00
2.488203287124633789e+00
2.483458518981933594e+00
2.483600378036499023e+00
2.503936052322387695e+00
2.459872484207153320e+00
2.528255939483642578e+00
2.493023395538330078e+00
2.509858131408691406e+00
2.500535726547241211e+00
2.471709012985229492e+00
2.461189985275268555e+00
2.509523153305053711e+00
2.494900703430175781e+00
2.540235996246337891e+00
2.529528379440307617e+00
2.505443096160888672e+00
2.469605445861816406e+00
2.475992679595947266e+00
2.492406129837036133e+00
2.498042583465576172e+00
2.479106187820434570e+00
2.491584539413452148e+00
2.555575609207153320e+00
2.507571697235107422e+00
2.485516071319580078e+00
2.453369617462158203e+00
2.509773731231689453e+00
2.529001474380493164e+00
2.485253095626831055e+00
2.495795965194702148e+00
2.542243003845214844e+00
2.464029550552368164e+00
2.503866434097290039e+00
2.495405912399291992e+00
2.532278299331665039e+00
2.497625112533569336e+00
2.461853027343750000e+00
2.473363161087036133e+00
2.466680765151977539e+00
2.485683679580688477e+00
2.530676126480102539e+00
2.461457014083862305e+00
2.485079288482666016e+00
2.457033872604370117e+00
2.448355197906494141e+00
2.519791364669799805e+00
2.502806425094604492e+00
2.451205492019653320e+00
2.471928358078002930e+00
2.513470649719238281e+00
2.493943691253662109e+00
2.484568357467651367e+00
2.576225280761718750e+00
2.509663343429565430e+00
2.494942665100097656e+00
2.471619606018066406e+00
2.459442138671875000e+00
2.457638502120971680e+00
2.519526243209838867e+00
2.566689729690551758e+00
2.570363521575927734e+00
2.519618034362792969e+00
2.495368242263793945e+00
2.469879865646362305e+00
2.468289852142333984e+00
2.436700344085693359e+00
2.475440740585327148e+00
2.463575124740600586e+00
2.476829767227172852e+00
2.432845115661621094e+00
2.456194162368774414e+00
2.459297180175781250e+00
2.439353227615356445e+00
2.451351165771484375e+00
2.481205701828002930e+00
2.484004259109497070e+00
2.464810371398925781e+00
2.465272903442382812e+00
2.499271392822265625e+00
2.457969427108764648e+00
2.494615793228149414e+00
2.503083944320678711e+00
2.531343460083007812e+00
2.467922687530517578e+00
2.538455247879028320e+00
2.529740810394287109e+00
2.484602689743041992e+00
2.504453897476196289e+00
2.504752635955810547e+00
2.486492633819580078e+00
2.461089372634887695e+00
2.445952892303466797e+00
2.478269577026367188e+00
2.522882461547851562e+00
2.491071701049804688e+00
2.515270471572875977e+00
2.485077142715454102e+00
2.464279413223266602e+00
2.510462522506713867e+00
2.482521057128906250e+00
2.501626014709472656e+00
2.508655786514282227e+00
2.495069503784179688e+00
2.500194072723388672e+00
2.472020626068115234e+00
2.564768314361572266e+00
2.525519609451293945e+00
2.537006139755249023e+00
2.444196462631225586e+00
2.476744651794433594e+00
2.509739875793457031e+00
2.501152038574218750e+00
2.445664405822753906e+00
2.495511531829833984e+00
2.499972581863403320e+00
2.547420501708984375e+00
2.461539268493652344e+00
2.534255981445312500e+00
2.521267652511596680e+00
2.517868041992187500e+00
2.475310087203979492e+00
2.520658254623413086e+00
2.588131904602050781e+00
2.519705057144165039e+00
2.501111745834350586e+00
2.474700450897216797e+00
2.537269115447998047e+00
2.503003597259521484e+00
2.496090412139892578e+00
2.500023365020751953e+00
2.472862005233764648e+00
2.495847463607788086e+00
2.524459600448608398e+00
2.474296808242797852e+00
2.554709672927856445e+00
2.525779008865356445e+00
2.527331352233886719e+00
2.543544530868530273e+00
2.514620065689086914e+00
2.510697603225708008e+00
2.488387107849121094e+00
2.491835355758666992e+00
2.506859540939331055e+00
2.529249429702758789e+00
2.511629819869995117e+00
2.493052482604980469e+00
2.505034446716308594e+00
2.517071962356567383e+00
2.508962154388427734e+00
2.503492832183837891e+00
2.497607469558715820e+00
2.480745077133178711e+00
