4.174035346221923959e+00
2.295002306594848829e+00
2.279230165405273567e+00
2.252979475708007939e+00
2.213978162231445168e+00
2.191390803909301965e+00
2.176673325653076141e+00
2.148139558868408017e+00
2.119626834182739117e+00
2.106434020957946629e+00
2.076488677597045918e+00
2.056790368537902758e+00
2.043772177658080835e+00
2.001941057968139592e+00
1.999880867156982323e+00
1.980078154983520466e+00
1.988958081436157155e+00
1.966363207740783769e+00
1.960209817047119163e+00
1.940660060577392487e+00
1.951975175170898469e+00
1.924424051666259849e+00
1.923436562538146877e+00
1.909777896804809583e+00
1.902764127655029336e+00
1.880032421493530226e+00
1.875293169937133797e+00
1.855636264533996549e+00
1.812399967041015580e+00
1.799924035835266167e+00
1.779396073150634860e+00
1.794338162803649883e+00
1.761246806411743249e+00
1.771750609283447186e+00
1.744467617263793846e+00
1.714196776084899954e+00
1.739321662368774390e+00
1.673446766204834013e+00
1.686220573844909643e+00
1.644954065933227572e+00
1.651966985855102488e+00
1.625179758033752364e+00
1.615524051895141699e+00
1.595302431945800681e+00
1.607884252738952746e+00
1.606260893859863259e+00
1.590178945312499925e+00
1.573057799911498966e+00
1.551062565002441440e+00
1.526107105979919387e+00
1.520655275726318312e+00
1.473501431503295933e+00
1.537819115295410155e+00
1.450009148292541461e+00
1.446988587112426838e+00
1.474969513244628994e+00
1.425350838317871016e+00
1.428399831428527778e+00
1.438879209976196227e+00
1.415607073593139642e+00
1.390858029403686524e+00
1.383221634178161574e+00
1.415526939392089734e+00
1.370254976463317842e+00
1.381091102485656696e+00
1.345555560836791953e+00
1.341820306053161715e+00
1.333889818916320857e+00
1.313684732666015709e+00
1.379683058738708556e+00
1.331612633705139270e+00
1.304750299758911103e+00
1.340578307456970153e+00
1.312071249198913492e+00
1.284190619888305740e+00
1.255081127548217879e+00
1.260054681587219338e+00
1.274295187149047770e+00
1.227221610298156795e+00
1.255343573055267337e+00
1.249308719329834005e+00
1.262005602073669408e+00
1.211846504402160685e+00
1.213809598922729549e+00
1.235818519592285059e+00
1.156267685775756782e+00
1.198769756126403907e+00
1.261371012153625459e+00
1.170705084304809462e+00
1.185890292625427334e+00
1.144207175464630133e+00
1.186126518669128327e+00
1.169479928627014109e+00
1.136770752754211466e+00
1.181984073715209860e+00
1.171466536064147856e+00
1.107032460136413654e+00
1.143213894958496013e+00
1.128362728881835864e+00
1.130942312240600600e+00
7.627174764442443688e-01
7.088546760749816489e-01
6.888568254089355580e-01
6.793437996292114311e-01
6.747595800209045258e-01
6.526790109157561970e-01
6.581135346603393943e-01
6.402561042785644974e-01
6.403775717544555324e-01
6.347192251586913914e-01
6.400253306007385179e-01
6.302845927238464041e-01
6.200720797920227234e-01
6.078206484699248957e-01
6.021326359748839785e-01
6.027193586730956731e-01
5.950717961883544849e-01
5.936818387603759462e-01
5.867613796043396057e-01
5.820784300804138223e-01
5.811837312316894266e-01
5.820197847938537450e-01
5.738849990844726578e-01
5.696962218284606916e-01
5.607241083908081070e-01
5.634148110580444735e-01
5.672281209564209448e-01
5.725107980537414987e-01
5.655454672813415851e-01
5.458511554145812905e-01
5.576539366722107482e-01
5.529712710952758847e-01
5.470898504066467050e-01
5.547808179473876500e-01
5.317810053253173574e-01
5.414719003486633264e-01
5.409484349250793800e-01
5.404618815422057576e-01
5.420881363487243254e-01
5.283601402091979704e-01
5.433372367668152236e-01
5.266501099967956234e-01
5.354281333541870413e-01
5.169587565994262501e-01
5.119109824562072530e-01
5.115202698326111186e-01
5.140310083293915255e-01
5.085172203254699763e-01
5.251980598831176295e-01
5.066457605075835868e-01
4.234158113479614127e-01
4.187375009393691783e-01
4.174780098724365507e-01
4.118170840644836406e-01
4.040970699882507344e-01
4.125610808181762734e-01
4.087763872146606414e-01
4.006461490249633717e-01
4.031533936309814603e-01
3.951112591171264676e-01
3.929662311553955290e-01
3.948299436664581274e-01
3.959754601001739260e-01
4.028640040016174262e-01
3.918478102588653367e-01
3.948919228267669945e-01
3.930529301452636570e-01
3.877440773868560675e-01
3.954982096195220898e-01
3.927244697761535508e-01
3.886557476139068656e-01
3.936241611671447704e-01
3.955819756412505828e-01
3.897789103603362948e-01
3.842984353923797336e-01
3.809490713310241805e-01
3.802618307399749931e-01
3.824263273334503332e-01
3.743256960105896258e-01
3.767682291316986065e-01
3.790945939826965150e-01
3.764562241935729969e-01
3.709008353233337330e-01
3.750143534183502103e-01
3.690645514488219980e-01
3.722948759269714136e-01
3.669419953536987578e-01
3.738463904571533436e-01
3.723372382831573457e-01
3.686729856872558719e-01
3.765059486675262357e-01
3.785715264034271166e-01
3.763666427803039616e-01
3.671253929805755600e-01
3.710461856079101395e-01
3.686430665493011238e-01
3.683123904466629184e-01
3.662670850181579674e-01
3.713009897041320562e-01
3.668403455162048132e-01
