3.233495235443115234e+00
2.590647697448730469e+00
2.492171525955200195e+00
2.620043277740478516e+00
2.590675354003906250e+00
2.547196388244628906e+00
2.511550664901733398e+00
2.507681846618652344e+00
2.494590044021606445e+00
2.550114154815673828e+00
2.545415163040161133e+00
2.499714136123657227e+00
2.540912151336669922e+00
2.502521276473999023e+00
2.539340019226074219e+00
2.514689445495605469e+00
2.485756635665893555e+00
2.531434297561645508e+00
2.551361560821533203e+00
2.517157793045043945e+00
2.516546249389648438e+00
2.520545244216918945e+00
2.510058164596557617e+00
2.596733093261718750e+00
2.576044559478759766e+00
2.636559247970581055e+00
2.593244075775146484e+00
2.538041114807128906e+00
2.591013669967651367e+00
2.588896274566650391e+00
2.574207544326782227e+00
2.516960620880126953e+00
2.550094366073608398e+00
2.539020538330078125e+00
2.591244459152221680e+00
2.569929838180541992e+00
2.578996896743774414e+00
2.556202888488769531e+00
2.528092145919799805e+00
2.561432600021362305e+00
2.503451108932495117e+00
2.561010837554931641e+00
2.661481380462646484e+00
2.504378318786621094e+00
2.522635459899902344e+00
2.519337654113769531e+00
2.512198209762573242e+00
2.494072198867797852e+00
2.486303567886352539e+00
2.531637191772460938e+00
2.580660343170166016e+00
2.582787513732910156e+00
2.514133214950561523e+00
2.659599781036376953e+00
2.535267353057861328e+00
2.584636211395263672e+00
2.558353185653686523e+00
2.513720273971557617e+00
2.583349227905273438e+00
2.519060611724853516e+00
2.515371799468994141e+00
2.482038021087646484e+00
2.551732301712036133e+00
2.524572372436523438e+00
2.573321580886840820e+00
2.573146343231201172e+00
2.580771207809448242e+00
2.532507181167602539e+00
2.563060283660888672e+00
2.574884414672851562e+00
2.546893119812011719e+00
2.524387359619140625e+00
2.507805347442626953e+00
2.529954910278320312e+00
2.564015865325927734e+00
2.576376199722290039e+00
2.552073717117309570e+00
2.574134588241577148e+00
2.507545948028564453e+00
2.522513389587402344e+00
2.517570734024047852e+00
2.585503816604614258e+00
2.561453104019165039e+00
2.488713502883911133e+00
2.503223180770874023e+00
2.519677877426147461e+00
2.549098253250122070e+00
2.564538717269897461e+00
2.521007061004638672e+00
2.495568037033081055e+00
2.524871587753295898e+00
2.487934350967407227e+00
2.502030849456787109e+00
2.619285106658935547e+00
2.597205400466918945e+00
2.503469228744506836e+00
2.498834609985351562e+00
2.596979856491088867e+00
2.546250104904174805e+00
2.533289432525634766e+00
2.554579973220825195e+00
2.592768192291259766e+00
2.533000707626342773e+00
2.529318332672119141e+00
2.490802288055419922e+00
2.494578838348388672e+00
2.488759279251098633e+00
2.582561254501342773e+00
2.472712039947509766e+00
2.618206739425659180e+00
2.526362180709838867e+00
2.517393589019775391e+00
2.581707239151000977e+00
2.503962039947509766e+00
2.573212385177612305e+00
2.583311796188354492e+00
2.541668653488159180e+00
2.509833574295043945e+00
2.537046432495117188e+00
2.538540840148925781e+00
2.521757841110229492e+00
2.516180753707885742e+00
2.546593666076660156e+00
2.562219858169555664e+00
2.534935951232910156e+00
2.528599262237548828e+00
2.516423225402832031e+00
2.558465480804443359e+00
2.515714168548583984e+00
2.583699464797973633e+00
2.523323059082031250e+00
2.566864252090454102e+00
2.522434949874877930e+00
2.574754238128662109e+00
2.529019594192504883e+00
2.496460914611816406e+00
2.556379556655883789e+00
2.557884693145751953e+00
2.569556951522827148e+00
2.516753911972045898e+00
2.551045417785644531e+00
2.539005756378173828e+00
2.502739429473876953e+00
2.569862604141235352e+00
2.527615785598754883e+00
2.501060962677001953e+00
2.563778638839721680e+00
2.550496339797973633e+00
2.532144308090209961e+00
2.539447546005249023e+00
2.496283054351806641e+00
2.593719244003295898e+00
2.532752037048339844e+00
2.539611339569091797e+00
2.538524627685546875e+00
2.500756025314331055e+00
2.527877569198608398e+00
2.569524049758911133e+00
2.556627273559570312e+00
2.528320312500000000e+00
2.500903606414794922e+00
2.572770595550537109e+00
2.552464485168457031e+00
2.531854867935180664e+00
2.595741510391235352e+00
2.498978614807128906e+00
2.512978553771972656e+00
2.520528554916381836e+00
2.530188798904418945e+00
2.510145187377929688e+00
2.520297288894653320e+00
2.530340194702148438e+00
2.530649185180664062e+00
2.564970970153808594e+00
2.487008333206176758e+00
2.593879938125610352e+00
2.593407869338989258e+00
2.516098022460937500e+00
2.505760431289672852e+00
2.580332517623901367e+00
2.553505659103393555e+00
2.561851263046264648e+00
2.519160985946655273e+00
2.513225078582763672e+00
2.500352859497070312e+00
2.506745576858520508e+00
2.556005001068115234e+00
2.598129272460937500e+00
2.580839872360229492e+00
2.501016378402709961e+00
2.509854793548583984e+00
2.480900049209594727e+00
2.535072088241577148e+00
2.552724838256835938e+00
2.517656087875366211e+00
2.504800558090209961e+00
2.529156684875488281e+00
2.526213884353637695e+00
2.543010234832763672e+00
2.531301259994506836e+00
