1.094399999969482451e+01
1.129599999572753966e+01
1.204800000244140712e+01
1.417599999877929662e+01
1.528000000183105556e+01
1.647999999572753893e+01
1.801599999938964913e+01
1.966399999938964882e+01
1.937600000244140475e+01
2.131199999572753967e+01
2.278399999816894450e+01
2.271999999755859534e+01
2.540799999816894683e+01
2.476799999755859361e+01
2.670400000488281123e+01
2.697599999572753759e+01
2.729599999145507638e+01
2.839999999816894416e+01
2.719999999511718869e+01
2.828799999145507726e+01
2.913600000244140631e+01
2.947199999816894689e+01
3.035199999816894589e+01
2.980800000122070159e+01
3.084799999816894456e+01
3.214399999511718420e+01
3.220800000732421609e+01
3.400000000732421768e+01
3.451199999755859693e+01
3.528000000122070645e+01
3.611199999755859125e+01
3.716799999511718511e+01
3.764800000976562444e+01
3.860800000976562529e+01
3.886399999755859369e+01
4.055999999023437397e+01
4.111999998779296561e+01
4.187199999755859636e+01
4.204800000488281597e+01
4.340799998657226411e+01
4.340799999023437294e+01
4.364800000610351560e+01
4.518399999023437630e+01
4.523199998779296749e+01
4.724799998657226752e+01
4.801599999023437704e+01
4.756799999389648548e+01
4.803199999999999648e+01
4.892800000610351674e+01
4.846400000732421631e+01
5.011199999389648241e+01
4.979199999389648212e+01
5.012799998657226297e+01
5.273600000610351657e+01
5.113600000976562399e+01
5.267199998657226701e+01
5.204800000610351418e+01
5.423999998657226485e+01
5.235199999999999676e+01
5.411199999023437357e+01
5.427200001464844092e+01
5.526399999633789406e+01
5.615999999633788775e+01
5.600000000610351236e+01
5.651199997314453327e+01
5.656000000244140580e+01
5.727999998657226399e+01
5.715200000610351339e+01
5.783999998291015743e+01
5.739199998657226587e+01
5.839999998657226854e+01
5.873600001464843956e+01
5.879999999023437596e+01
5.959999999267578374e+01
5.972799999267578386e+01
6.078399997314453174e+01
6.112000001464843990e+01
6.164799999633788730e+01
6.254399997314452975e+01
6.188800000488281228e+01
6.296000001464843621e+01
6.204799998291015584e+01
6.323199999267578164e+01
6.352000000488281017e+01
6.404799998291015584e+01
6.313599997314452850e+01
6.351999997314452884e+01
6.367999999633789088e+01
6.367999998657226257e+01
6.433599998657226138e+01
6.500799999511718852e+01
6.457599999999999341e+01
6.630400000488280909e+01
6.588800001464844058e+01
6.566399999511719443e+01
6.615999998291015061e+01
6.664000000244141120e+01
6.539199997314453583e+01
6.638399999267578266e+01
6.678399998291016004e+01
7.519999998535156749e+01
7.627200001708983734e+01
7.689599999511719375e+01
7.692799999755860085e+01
7.719999998779296391e+01
7.766400001708984746e+01
7.761599998535156431e+01
7.791999997558593805e+01
7.825599997558593657e+01
7.822400000488281080e+01
7.864000000488280762e+01
7.872000001708984485e+01
7.900800001708984155e+01
7.945599997558593941e+01
7.935999997558593577e+01
7.921600000488281523e+01
7.977600001708984223e+01
7.952000001464843137e+01
8.035199999755859324e+01
7.967999999511718556e+01
8.084799998535156362e+01
8.033599997802734549e+01
8.086399999511718306e+01
8.094400001708984860e+01
8.123199998535156396e+01
8.043199999511718090e+01
8.052799997802733856e+01
8.121599997558594453e+01
8.145599998779296413e+01
8.142399999755859596e+01
8.220800001708984439e+01
8.195199997314453810e+01
8.172800001708984041e+01
8.131199999755858698e+01
8.182400000732421574e+01
8.183999999511718215e+01
8.212800001464843547e+01
8.209599998779296470e+01
8.200000000732421768e+01
8.307200001708984871e+01
8.262400001708984121e+01
8.270399999755859710e+01
8.249600000488281637e+01
8.273599997802733697e+01
8.313600001708984166e+01
8.289599999755859017e+01
8.308799999511718681e+01
8.323200000488280637e+01
8.295999997558594430e+01
8.292800000732421495e+01
8.558400000732422086e+01
8.558400001708984917e+01
8.609600001953124604e+01
8.591999999755859108e+01
8.651199998779297573e+01
8.579200000732421927e+01
8.598400000488281592e+01
8.628799997558593304e+01
8.663999997558593691e+01
8.654400001708984291e+01
8.590400001708984234e+01
8.609600001708984962e+01
8.686399999755859369e+01
8.616000001708984257e+01
8.713599999755859926e+01
8.647999997558594032e+01
8.737600000732422245e+01
8.673600000732422188e+01
8.652799997558594214e+01
8.712000000000000455e+01
8.697599998779297437e+01
8.673600001708985019e+01
8.723199997558593566e+01
8.704000001708983802e+01
8.695999998779296902e+01
8.691199998779296720e+01
8.715200001708984701e+01
8.702399999267578323e+01
8.699199999755859380e+01
8.729600000732422416e+01
8.691200001708983791e+01
8.727999998535156578e+01
8.727999998779296220e+01
8.804799998779296288e+01
8.731200000732421529e+01
8.700800001708984155e+01
8.753600001708984735e+01
8.726399997802734276e+01
8.724800001953124706e+01
8.716799997314453208e+01
8.731199999755858698e+01
8.663999997558593691e+01
8.729599999755859585e+01
8.775999999755859449e+01
8.718399999755858687e+01
8.745599999755859244e+01
8.774399998779297505e+01
8.750400000732422257e+01
8.740799998779296232e+01
8.816000000732421427e+01
