2.810261487960815430e+00
2.134491920471191406e+00
2.077132225036621094e+00
2.117701530456542969e+00
2.159325122833251953e+00
2.128015041351318359e+00
2.114004135131835938e+00
2.115498304367065430e+00
2.115369796752929688e+00
2.156114339828491211e+00
2.133297681808471680e+00
2.127841234207153320e+00
2.102571249008178711e+00
2.098577022552490234e+00
2.137130498886108398e+00
2.169935703277587891e+00
2.081620693206787109e+00
2.129490852355957031e+00
2.102114915847778320e+00
2.076678991317749023e+00
2.138535976409912109e+00
2.137283802032470703e+00
2.111191749572753906e+00
2.120846986770629883e+00
2.093143939971923828e+00
2.099801301956176758e+00
2.109102964401245117e+00
2.160561800003051758e+00
2.135759830474853516e+00
2.135776758193969727e+00
2.126609802246093750e+00
2.124812602996826172e+00
2.124586582183837891e+00
2.106864690780639648e+00
2.125250339508056641e+00
2.122800827026367188e+00
2.087650299072265625e+00
2.118719339370727539e+00
2.111097335815429688e+00
2.107610464096069336e+00
2.158381938934326172e+00
2.145829439163208008e+00
2.141881465911865234e+00
2.120864629745483398e+00
2.122671365737915039e+00
2.127119064331054688e+00
2.112517356872558594e+00
2.118854522705078125e+00
2.092519044876098633e+00
2.106425762176513672e+00
2.113963127136230469e+00
2.099752664566040039e+00
2.086214542388916016e+00
2.117429494857788086e+00
2.097380161285400391e+00
2.114287853240966797e+00
2.092997789382934570e+00
2.111402034759521484e+00
2.134813308715820312e+00
2.120776891708374023e+00
2.117569684982299805e+00
2.090861082077026367e+00
2.138537406921386719e+00
2.137779712677001953e+00
2.157434940338134766e+00
2.086549758911132812e+00
2.122324228286743164e+00
2.115410327911376953e+00
2.117655992507934570e+00
2.113751411437988281e+00
2.125398635864257812e+00
2.121804952621459961e+00
2.122240781784057617e+00
2.138470888137817383e+00
2.142895698547363281e+00
2.132992744445800781e+00
2.132089614868164062e+00
2.153557538986206055e+00
2.131724834442138672e+00
2.167459011077880859e+00
2.106798410415649414e+00
2.179646015167236328e+00
2.117580175399780273e+00
2.093748092651367188e+00
2.118258476257324219e+00
2.110301494598388672e+00
2.113709449768066406e+00
2.125393867492675781e+00
2.131497144699096680e+00
2.114251136779785156e+00
2.148156404495239258e+00
2.156927824020385742e+00
2.114674091339111328e+00
2.104706048965454102e+00
2.156801939010620117e+00
2.135061264038085938e+00
2.163805961608886719e+00
2.097328901290893555e+00
2.150373458862304688e+00
2.123987436294555664e+00
2.110513448715209961e+00
2.123177528381347656e+00
2.140214443206787109e+00
2.127172231674194336e+00
2.108176946640014648e+00
2.102101564407348633e+00
2.128531455993652344e+00
2.119099617004394531e+00
2.119305849075317383e+00
2.122287511825561523e+00
2.123987436294555664e+00
2.117732763290405273e+00
2.124717473983764648e+00
2.099543094635009766e+00
2.101853609085083008e+00
2.115325212478637695e+00
2.083876848220825195e+00
2.126445055007934570e+00
2.126724243164062500e+00
2.119887351989746094e+00
2.136413335800170898e+00
2.137611627578735352e+00
2.102520942687988281e+00
2.097099781036376953e+00
2.153811216354370117e+00
2.132125139236450195e+00
2.169744014739990234e+00
2.130362272262573242e+00
2.108334541320800781e+00
2.135565996170043945e+00
2.162406444549560547e+00
2.133861303329467773e+00
2.112487554550170898e+00
2.086617231369018555e+00
2.122051477432250977e+00
2.128104448318481445e+00
2.170709609985351562e+00
2.123800516128540039e+00
2.135707139968872070e+00
2.121029853820800781e+00
2.107922315597534180e+00
2.134977102279663086e+00
2.121100187301635742e+00
2.116893291473388672e+00
2.079659938812255859e+00
2.125637054443359375e+00
2.077897310256958008e+00
2.146747350692749023e+00
2.151390790939331055e+00
2.096606016159057617e+00
2.085822820663452148e+00
2.113772153854370117e+00
2.149208545684814453e+00
2.150177955627441406e+00
2.114140510559082031e+00
2.103134632110595703e+00
2.105642795562744141e+00
2.129945039749145508e+00
2.108429670333862305e+00
2.097163677215576172e+00
2.121174335479736328e+00
2.131462812423706055e+00
2.121401786804199219e+00
2.121637105941772461e+00
2.124503135681152344e+00
2.109883785247802734e+00
2.092417240142822266e+00
2.121505737304687500e+00
2.101146459579467773e+00
2.103336572647094727e+00
2.098486900329589844e+00
2.113033294677734375e+00
2.123938798904418945e+00
2.113624572753906250e+00
2.110502958297729492e+00
2.136089324951171875e+00
2.121051549911499023e+00
2.114506721496582031e+00
2.112141847610473633e+00
2.129307985305786133e+00
2.145951986312866211e+00
2.107841014862060547e+00
2.158118724822998047e+00
2.129764795303344727e+00
2.139080762863159180e+00
2.094376802444458008e+00
2.099923133850097656e+00
2.121625661849975586e+00
2.111121654510498047e+00
2.135355234146118164e+00
2.124001502990722656e+00
2.120172262191772461e+00
2.121143102645874023e+00
2.091347217559814453e+00
2.106749057769775391e+00
2.143815755844116211e+00
2.107970714569091797e+00
2.131709575653076172e+00
2.101247787475585938e+00
2.131605148315429688e+00
