4.191988303833007912e+00
2.294029774551391565e+00
2.278159098129272309e+00
2.238995111618041989e+00
2.215918885040283115e+00
2.177315796051025210e+00
2.153801339340209786e+00
2.125558879241943533e+00
2.100648270416259678e+00
2.078467134323120025e+00
2.056163036499023544e+00
2.045237920799255260e+00
2.018580299911499232e+00
1.999350134429931591e+00
1.981316491088867204e+00
1.964580663681030348e+00
1.953010175895690814e+00
1.923584979553222718e+00
1.934055516891479476e+00
1.908954034729003935e+00
1.888892095489501877e+00
1.883216831130981372e+00
1.860235411033630326e+00
1.861133474235534768e+00
1.845618832092285055e+00
1.826921688232421959e+00
1.829732547607421767e+00
1.786891777496337985e+00
1.766968728904724228e+00
1.752040860748290907e+00
1.742460034255981505e+00
1.729063933715820234e+00
1.709271898574829196e+00
1.684413167648315390e+00
1.663016339302062940e+00
1.643576996307372973e+00
1.633144679222106932e+00
1.618806462173461913e+00
1.585115106964111398e+00
1.554786947593689073e+00
1.561538286132812425e+00
1.554966245307922268e+00
1.533007683219909767e+00
1.519566886100768954e+00
1.465736152839660633e+00
1.451104670104980565e+00
1.451702896995544334e+00
1.448441072082519598e+00
1.433777187156677346e+00
1.433197262458801191e+00
1.407740895690917871e+00
1.387155978050231830e+00
1.383672769279479908e+00
1.326974502143859924e+00
1.364982010154724090e+00
1.307858448257446238e+00
1.326099730606079108e+00
1.277380547142028755e+00
1.307259291152954139e+00
1.282481608390808159e+00
1.283703707695007301e+00
1.269385643615722703e+00
1.247343892745971683e+00
1.250433992614746082e+00
1.228193663349151699e+00
1.237439719867706289e+00
1.213260473442077547e+00
1.212340354385375907e+00
1.192193538856506363e+00
1.203793257369995207e+00
1.190569457664489850e+00
1.165661510028839221e+00
1.166265036773681540e+00
1.140115865936279338e+00
1.135032965545654360e+00
1.116105676212310716e+00
1.103401170635223361e+00
1.097586160964965751e+00
1.080255699577331585e+00
1.096626880512237445e+00
1.050476215629577714e+00
1.079650640144348195e+00
1.063333088912963964e+00
1.057159753398895230e+00
1.038103930702209521e+00
1.055727725963592434e+00
1.036576602935791014e+00
1.035014023323059140e+00
1.040023073616027860e+00
1.016869608230590805e+00
1.011305398445129455e+00
1.012526257057190016e+00
9.712738371658324876e-01
9.923848830795287679e-01
9.777006713485717482e-01
9.754396574592589797e-01
9.703543188095092864e-01
9.919209175872802930e-01
9.549992268180846899e-01
9.632215539169312057e-01
7.266660107040405769e-01
6.877156599235534351e-01
6.632945026206970018e-01
6.575085263633727584e-01
6.469949416446685309e-01
6.332258974361419934e-01
6.279660500526428324e-01
6.229355702781677051e-01
6.178208584213257248e-01
6.144802715110778690e-01
6.115019090843201166e-01
5.975955732154846212e-01
5.941971645450592199e-01
5.868599736213684359e-01
5.922865098190307487e-01
5.782461369132995133e-01
5.760276821804046765e-01
5.754936369323730982e-01
5.661800740623473827e-01
5.735580039215087966e-01
5.512158587455749936e-01
5.492415013027190929e-01
5.528030226135254299e-01
5.464909952163696794e-01
5.425857199859619451e-01
5.531029897117615279e-01
5.423833722114562716e-01
5.370231346321105992e-01
5.256794369220734175e-01
5.305008154392242270e-01
5.208605597496033246e-01
5.213642473793029808e-01
5.217750260066985613e-01
5.247863108634949203e-01
5.131648560905456291e-01
5.109109014701843643e-01
5.045234408760070899e-01
5.103055107498168930e-01
5.047358786869049485e-01
4.938585712814331230e-01
4.999828566932678076e-01
4.999397854137420660e-01
4.926277170372009295e-01
4.877298846912384023e-01
4.883493111991882296e-01
4.874757539558410846e-01
4.812414116668701225e-01
4.809994179153442295e-01
4.791033658885955893e-01
4.864260361671447486e-01
4.217735271549225007e-01
4.190020060348510489e-01
4.096242017269134394e-01
4.026127138614654655e-01
3.977517343902587932e-01
4.083336937713623049e-01
3.998107006263733054e-01
3.941622909545898223e-01
3.977952793979644963e-01
3.948783199310302860e-01
4.009131255912780634e-01
3.920467475318908934e-01
3.932107329463958578e-01
3.964335559844970880e-01
3.831677860450744544e-01
3.851162248420715306e-01
3.792685990047454658e-01
3.824234772109985081e-01
3.852833080482482853e-01
3.766401771974563495e-01
3.703577508926391704e-01
3.797995353031158317e-01
3.785601927757263341e-01
3.733631693553924324e-01
3.763102312755584600e-01
3.759787043762207182e-01
3.712068358802795287e-01
3.815521281433105205e-01
3.727405159473419216e-01
3.726707429027557583e-01
3.738328088378906067e-01
3.652402635002136022e-01
3.750782829952239994e-01
3.555821508598327463e-01
3.705386183166504144e-01
3.719549172019958605e-01
3.638364451789856124e-01
3.667612432193755878e-01
3.691709845447540550e-01
3.730407734298706313e-01
3.671308252906799185e-01
3.712814815330505169e-01
3.615734245014190495e-01
3.598676523017883544e-01
3.762750156497955412e-01
3.611218696022033825e-01
3.605859374427795583e-01
3.543996367835998695e-01
3.607303748750686490e-01
3.489094804954528950e-01
