1.134999942779541016e+01
1.271000003814697266e+01
1.288999938964843750e+01
1.487999916076660156e+01
1.656999969482421875e+01
1.785999870300292969e+01
1.767000007629394531e+01
1.642000007629394531e+01
1.472999954223632812e+01
2.101999855041503906e+01
2.204999923706054688e+01
2.173999977111816406e+01
2.568999862670898438e+01
2.602999877929687500e+01
2.588999938964843750e+01
2.664999961853027344e+01
2.598999977111816406e+01
2.745999908447265625e+01
2.507999992370605469e+01
3.100000000000000000e+01
3.122999954223632812e+01
2.693999862670898438e+01
3.354999923706054688e+01
2.645999908447265625e+01
3.288999938964843750e+01
3.311000061035156250e+01
3.038999938964843750e+01
2.997999954223632812e+01
3.316999816894531250e+01
3.797999954223632812e+01
3.372999954223632812e+01
3.279000091552734375e+01
3.580999755859375000e+01
3.311999893188476562e+01
3.861000061035156250e+01
3.888999938964843750e+01
4.070999908447265625e+01
4.034000015258789062e+01
3.872999954223632812e+01
4.075999832153320312e+01
3.916999816894531250e+01
3.525999832153320312e+01
4.077000045776367188e+01
4.123999786376953125e+01
4.702999877929687500e+01
4.813999938964843750e+01
4.127000045776367188e+01
4.275000000000000000e+01
4.990999984741210938e+01
4.261000061035156250e+01
4.525999832153320312e+01
4.771999740600585938e+01
4.930999755859375000e+01
4.744999694824218750e+01
4.945999908447265625e+01
4.918999862670898438e+01
5.581999969482421875e+01
3.686999893188476562e+01
5.172999954223632812e+01
5.100999832153320312e+01
5.519999694824218750e+01
4.663999938964843750e+01
4.434000015258789062e+01
4.546999740600585938e+01
5.343000030517578125e+01
5.016999816894531250e+01
4.882999801635742188e+01
5.504999923706054688e+01
5.577000045776367188e+01
5.260999679565429688e+01
5.447999954223632812e+01
5.836999893188476562e+01
5.080999755859375000e+01
4.891999816894531250e+01
5.510999679565429688e+01
5.654999923706054688e+01
5.720999908447265625e+01
5.109999847412109375e+01
4.971999740600585938e+01
6.180999755859375000e+01
5.431999969482421875e+01
6.028999710083007812e+01
5.918000030517578125e+01
4.993000030517578125e+01
5.797999954223632812e+01
5.811999893188476562e+01
5.438999938964843750e+01
5.416999816894531250e+01
6.433999633789062500e+01
6.000999832153320312e+01
6.050000000000000000e+01
5.778999710083007812e+01
6.106999969482421875e+01
6.228999710083007812e+01
5.705999755859375000e+01
6.073999786376953125e+01
5.450000000000000000e+01
6.436000061035156250e+01
6.370999908447265625e+01
6.288999938964843750e+01
7.151999664306640625e+01
7.218000030517578125e+01
7.193000030517578125e+01
7.294999694824218750e+01
7.286000061035156250e+01
7.250999450683593750e+01
7.329000091552734375e+01
7.422999572753906250e+01
7.402999877929687500e+01
7.333000183105468750e+01
7.400000000000000000e+01
7.322999572753906250e+01
7.447000122070312500e+01
7.383000183105468750e+01
7.454999542236328125e+01
7.358999633789062500e+01
7.504999542236328125e+01
7.418999481201171875e+01
7.465000152587890625e+01
7.504000091552734375e+01
7.543999481201171875e+01
7.512999725341796875e+01
7.518999481201171875e+01
7.600999450683593750e+01
7.622000122070312500e+01
7.569999694824218750e+01
7.637999725341796875e+01
7.568999481201171875e+01
7.548999786376953125e+01
7.619999694824218750e+01
7.672999572753906250e+01
7.716999816894531250e+01
7.698999786376953125e+01
7.693999481201171875e+01
7.626999664306640625e+01
7.511999511718750000e+01
7.615999603271484375e+01
7.658999633789062500e+01
7.772999572753906250e+01
7.694999694824218750e+01
7.688999938964843750e+01
7.733000183105468750e+01
7.563999938964843750e+01
7.794999694824218750e+01
7.500000000000000000e+01
7.833000183105468750e+01
7.636000061035156250e+01
7.590000152587890625e+01
7.252999877929687500e+01
7.786999511718750000e+01
7.931999969482421875e+01
7.925000000000000000e+01
7.936000061035156250e+01
7.965999603271484375e+01
7.952999877929687500e+01
7.970999908447265625e+01
7.979999542236328125e+01
7.968999481201171875e+01
7.983999633789062500e+01
7.983999633789062500e+01
7.976999664306640625e+01
7.987999725341796875e+01
7.995999908447265625e+01
8.000000000000000000e+01
7.990000152587890625e+01
8.005999755859375000e+01
8.020999908447265625e+01
7.993000030517578125e+01
8.025999450683593750e+01
8.032999420166015625e+01
8.047999572753906250e+01
8.038999938964843750e+01
8.022000122070312500e+01
8.023999786376953125e+01
8.048999786376953125e+01
8.029999542236328125e+01
8.054999542236328125e+01
8.025000000000000000e+01
8.040999603271484375e+01
8.022000122070312500e+01
8.015999603271484375e+01
8.050999450683593750e+01
8.037999725341796875e+01
8.040000152587890625e+01
8.016999816894531250e+01
8.036999511718750000e+01
8.041999816894531250e+01
8.047999572753906250e+01
8.036000061035156250e+01
8.058999633789062500e+01
8.041999816894531250e+01
8.040000152587890625e+01
8.026999664306640625e+01
8.050000000000000000e+01
8.047999572753906250e+01
8.061999511718750000e+01
8.061999511718750000e+01
8.052999877929687500e+01
8.047999572753906250e+01
8.043999481201171875e+01
