4.145885933074951346e+00
2.293453091506957975e+00
2.253879206771850718e+00
2.216349655151367060e+00
2.190712780151367056e+00
2.174709310836791865e+00
2.152612061462402249e+00
2.140468610076904366e+00
2.112016944122314666e+00
2.103015710449218645e+00
2.078594900054931749e+00
2.076990933303833220e+00
2.091974014739990118e+00
2.054578518295288259e+00
2.035627836227416942e+00
2.033944010887145826e+00
2.016269126663207789e+00
1.987702641448974683e+00
1.957445370025634679e+00
1.948422103347778211e+00
1.934877140083312907e+00
1.910344464950561427e+00
1.931411946907043431e+00
1.902644642143249465e+00
1.857119916534423876e+00
1.853143910789489812e+00
1.849747197265624976e+00
1.807121928825378365e+00
1.810904440040588481e+00
1.817961351661682157e+00
1.774988136215210011e+00
1.762970213928222618e+00
1.757881471900939907e+00
1.747582107238769611e+00
1.753675868797302195e+00
1.746603106307983433e+00
1.724297446250915522e+00
1.705621173324584960e+00
1.688380057640075593e+00
1.689649649314880264e+00
1.688858706054687575e+00
1.659318671874999929e+00
1.662611349182128828e+00
1.641039450454711890e+00
1.631227313537597645e+00
1.648025385551452615e+00
1.598802920036315856e+00
1.586139560813903726e+00
1.598785156478881753e+00
1.552708004455566337e+00
1.555790178184509376e+00
1.557696140480041569e+00
1.544655102729797447e+00
1.531975276985168444e+00
1.528951127204895011e+00
1.506914871520996124e+00
1.484592201271057066e+00
1.483946698799133213e+00
1.498925728378295963e+00
1.438955509986877379e+00
1.469847920799255414e+00
1.435185249290466203e+00
1.410425047416687061e+00
1.412186510887146085e+00
1.416358362846374508e+00
1.406801311035156266e+00
1.403160120544433509e+00
1.396450218620300276e+00
1.373664059028625539e+00
1.331505496482849216e+00
1.317637604598999035e+00
1.309630446014404370e+00
1.309233995857238764e+00
1.313159809036254844e+00
1.296883804779052740e+00
1.324478415679931631e+00
1.278803771629333452e+00
1.250529743347168043e+00
1.300510452194213906e+00
1.258973935279846135e+00
1.245211540412902940e+00
1.246610483016967752e+00
1.234730720367431589e+00
1.217332323417663620e+00
1.207477720108032226e+00
1.227867438011169376e+00
1.182806023902893022e+00
1.158849485378265376e+00
1.186852315940856828e+00
1.171402164573669413e+00
1.192924866905212378e+00
1.146213162651062101e+00
1.159289669494628860e+00
1.125030599212646587e+00
1.110424491882324283e+00
1.122229034118652269e+00
1.134133810958862343e+00
1.106201388702392485e+00
1.099713957252502539e+00
1.098000179824829114e+00
8.043969459342956707e-01
7.394905397987365792e-01
7.204293460559845208e-01
7.058462187957763589e-01
6.945847192573547657e-01
6.820272877693176472e-01
6.671977725219726540e-01
6.563114263153075889e-01
6.533283585071564259e-01
6.410044984245300004e-01
6.368887592887878535e-01
6.298922297859191888e-01
6.196301225662231849e-01
6.167078834915160623e-01
6.118890519905090253e-01
6.085632588958740374e-01
5.983369505882263351e-01
5.902976934814453402e-01
5.842371333885192364e-01
5.804783637046814215e-01
5.822813755416870185e-01
5.712138632965088059e-01
5.778223849105834642e-01
5.595344432735442908e-01
5.658266897964477904e-01
5.506463676834106868e-01
5.561079826736450293e-01
5.423939531135558711e-01
5.499233889389038010e-01
5.439942424201965609e-01
5.374778044509888053e-01
5.283144657325744564e-01
5.304796592330932592e-01
5.211438558673858745e-01
5.319008581542968850e-01
5.202145045280456293e-01
5.155308023929595640e-01
5.116970806503295943e-01
5.149302357864380397e-01
5.084542881584167562e-01
4.985786621379852401e-01
5.020104023742675281e-01
4.989065917015075846e-01
4.940032543563842582e-01
4.862027055072784543e-01
5.017284567642211757e-01
4.834810248184204240e-01
4.817081088161468405e-01
4.855474440193176533e-01
4.764943273162841608e-01
4.004460485458374297e-01
3.831110167360305963e-01
3.664762875938415432e-01
3.639387388706207260e-01
3.523594779300689428e-01
3.518869942092895386e-01
3.482005344963073901e-01
3.444029313278198501e-01
3.526087685585022058e-01
3.408581140327453518e-01
3.413768290233611946e-01
3.396746080875396867e-01
3.423569584083557271e-01
3.280830955457687548e-01
3.318884902286529659e-01
3.308794342041015413e-01
3.298665172958373804e-01
3.257084924983978391e-01
3.253424036407470687e-01
3.204140587043762256e-01
3.238945664787292733e-01
3.204886148738861351e-01
3.161485000419616553e-01
3.217211107444762908e-01
3.193365800476073990e-01
3.115093630504608413e-01
3.113565123224258380e-01
3.173412331867218050e-01
3.094284974479675210e-01
3.025528147125244316e-01
3.139799458694457757e-01
3.021922844982147249e-01
2.975352715396881176e-01
3.059167979717254404e-01
3.039446950912475520e-01
3.004654067420959307e-01
3.046186953639984374e-01
2.952916837215423529e-01
2.960287609291076816e-01
2.938443326377868647e-01
3.038394351863861198e-01
2.922656463241576907e-01
2.899841713714599867e-01
2.967785932254791148e-01
2.966231473922729678e-01
2.885574297142028954e-01
2.841520908021926695e-01
2.927510282611847092e-01
2.879217764186859374e-01
2.773236984539032002e-01
