3.254964590072631836e+00
2.516029596328735352e+00
2.557169914245605469e+00
2.515712738037109375e+00
2.533701419830322266e+00
2.526953458786010742e+00
2.521691799163818359e+00
2.539551973342895508e+00
2.496938705444335938e+00
2.514302730560302734e+00
2.487736940383911133e+00
2.462117910385131836e+00
2.509905338287353516e+00
2.591008186340332031e+00
2.532851934432983398e+00
2.502835988998413086e+00
2.493910551071166992e+00
2.510444402694702148e+00
2.525869846343994141e+00
2.635327339172363281e+00
2.518699407577514648e+00
2.469274520874023438e+00
2.524968147277832031e+00
2.505532503128051758e+00
2.549650430679321289e+00
2.541241407394409180e+00
2.578083992004394531e+00
2.468504190444946289e+00
2.496860504150390625e+00
2.526458978652954102e+00
2.524694442749023438e+00
2.507265090942382812e+00
2.526580333709716797e+00
2.508361101150512695e+00
2.487670421600341797e+00
2.565822839736938477e+00
2.554716348648071289e+00
2.511362552642822266e+00
2.493104219436645508e+00
2.543684482574462891e+00
2.472812414169311523e+00
2.525139093399047852e+00
2.510551452636718750e+00
2.518187999725341797e+00
2.540616750717163086e+00
2.531590700149536133e+00
2.497130393981933594e+00
2.518082857131958008e+00
2.525981664657592773e+00
2.480454206466674805e+00
2.488097429275512695e+00
2.552625179290771484e+00
2.544544696807861328e+00
2.529064655303955078e+00
2.511358261108398438e+00
2.488934516906738281e+00
2.528155565261840820e+00
2.499396562576293945e+00
2.462645530700683594e+00
2.507571220397949219e+00
2.531722545623779297e+00
2.564108848571777344e+00
2.480407953262329102e+00
2.512386560440063477e+00
2.473856687545776367e+00
2.501643180847167969e+00
2.498914718627929688e+00
2.531653165817260742e+00
2.510020732879638672e+00
2.555552482604980469e+00
2.509358644485473633e+00
2.442901372909545898e+00
2.491462945938110352e+00
2.518921852111816406e+00
2.522416830062866211e+00
2.553529977798461914e+00
2.503121137619018555e+00
2.527620792388916016e+00
2.538873672485351562e+00
2.463369607925415039e+00
2.526406049728393555e+00
2.468097925186157227e+00
2.507684946060180664e+00
2.528163194656372070e+00
2.583692550659179688e+00
2.528513669967651367e+00
2.480846405029296875e+00
2.510073423385620117e+00
2.504838228225708008e+00
2.497324466705322266e+00
2.473368406295776367e+00
2.472835063934326172e+00
2.574566602706909180e+00
2.557198524475097656e+00
2.503471374511718750e+00
2.504904508590698242e+00
2.499968051910400391e+00
2.573018312454223633e+00
2.477964639663696289e+00
2.497035503387451172e+00
2.526774168014526367e+00
2.554952859878540039e+00
2.510187864303588867e+00
2.526942968368530273e+00
2.474318742752075195e+00
2.503387689590454102e+00
2.491676092147827148e+00
2.501586914062500000e+00
2.489905118942260742e+00
2.512026786804199219e+00
2.480994939804077148e+00
2.501359939575195312e+00
2.482261896133422852e+00
2.493844509124755859e+00
2.528035879135131836e+00
2.522715806961059570e+00
2.538526773452758789e+00
2.469698667526245117e+00
2.514180660247802734e+00
2.501066207885742188e+00
2.493911504745483398e+00
2.519006252288818359e+00
2.552175521850585938e+00
2.547528743743896484e+00
2.551357269287109375e+00
2.509401321411132812e+00
2.507865428924560547e+00
2.481032848358154297e+00
2.485435009002685547e+00
2.464870452880859375e+00
2.557313919067382812e+00
2.529865503311157227e+00
2.587072134017944336e+00
2.561576604843139648e+00
2.492519617080688477e+00
2.514525651931762695e+00
2.470455169677734375e+00
2.503896951675415039e+00
2.494932413101196289e+00
2.489181041717529297e+00
2.498278379440307617e+00
2.534534454345703125e+00
2.561418294906616211e+00
2.521986961364746094e+00
2.542835474014282227e+00
2.467705011367797852e+00
2.539207696914672852e+00
2.470175266265869141e+00
2.495242595672607422e+00
2.570899486541748047e+00
2.544911623001098633e+00
2.537250757217407227e+00
2.487793684005737305e+00
2.518478870391845703e+00
2.496771812438964844e+00
2.566245317459106445e+00
2.539886236190795898e+00
2.494275569915771484e+00
2.501875877380371094e+00
2.520210266113281250e+00
2.480981111526489258e+00
2.544543504714965820e+00
2.504217147827148438e+00
2.524917602539062500e+00
2.510701894760131836e+00
2.524463891983032227e+00
2.491490840911865234e+00
2.502912998199462891e+00
2.513803958892822266e+00
2.517709016799926758e+00
2.530661106109619141e+00
2.522957086563110352e+00
2.528611421585083008e+00
2.531569480895996094e+00
2.553064584732055664e+00
2.488215208053588867e+00
2.490927457809448242e+00
2.523563623428344727e+00
2.581714868545532227e+00
2.531941652297973633e+00
2.506541728973388672e+00
2.463348627090454102e+00
2.464423894882202148e+00
2.521644830703735352e+00
2.531131029129028320e+00
2.576799154281616211e+00
2.546003580093383789e+00
2.535420179367065430e+00
2.486809015274047852e+00
2.471781492233276367e+00
2.525685548782348633e+00
2.540001630783081055e+00
2.509196281433105469e+00
2.578925609588623047e+00
2.505100727081298828e+00
2.482411384582519531e+00
2.537519216537475586e+00
2.473342418670654297e+00
2.510541915893554688e+00
2.461420059204101562e+00
