5.104283183135986057e+00
2.297942497253417926e+00
2.281614483184814635e+00
2.266761270446777221e+00
2.215687480239868279e+00
2.195301703033447183e+00
2.170614113388061650e+00
2.148667055816650517e+00
2.115725993041992048e+00
2.098898796920776189e+00
2.075802641677856553e+00
2.025976934280395714e+00
2.013074311599731381e+00
2.014149933929443304e+00
2.007984616508483811e+00
1.981384871063232467e+00
1.968715571823120181e+00
1.964323097763061465e+00
1.951629470176696746e+00
1.944915046501159761e+00
1.962141750411987351e+00
1.925498744506835891e+00
1.908542515106201209e+00
1.891958156814575132e+00
1.874513478050231940e+00
1.866850679092407317e+00
1.875447026405334450e+00
1.855835163955688483e+00
1.824149038429260239e+00
1.816939168548584060e+00
1.814636260986328020e+00
1.766782971076965358e+00
1.774256517410278233e+00
1.771281786804199232e+00
1.745943521423339861e+00
1.725373226699829177e+00
1.701985555419921914e+00
1.672851661262512168e+00
1.687292392501831051e+00
1.703597576904296806e+00
1.669290270042419477e+00
1.659390488395690921e+00
1.615897859039306717e+00
1.596351450271606520e+00
1.598968020324706973e+00
1.608220816421508825e+00
1.565324770622253503e+00
1.568601823654174776e+00
1.580357337722778421e+00
1.535927050094604507e+00
1.518491750259399309e+00
1.509912215347290143e+00
1.478774041481017987e+00
1.487088817749023351e+00
1.482523503417968680e+00
1.445779763298034704e+00
1.437802072563171496e+00
1.454399967956542916e+00
1.435258692779540990e+00
1.446496239242553772e+00
1.386271199188232384e+00
1.445488591384887611e+00
1.382690749320983903e+00
1.421043905982971145e+00
1.370423332901000935e+00
1.352368714790344262e+00
1.344764303016662499e+00
1.343368982849121096e+00
1.357796313705444291e+00
1.292031523742675825e+00
1.295794572753906193e+00
1.316826493091583172e+00
1.309224381675720306e+00
1.313602313194274895e+00
1.298499550247192325e+00
1.270655461597442581e+00
1.263249662094116266e+00
1.288091646652221645e+00
1.242071186904907254e+00
1.312668207626342731e+00
1.273365144271850546e+00
1.241286672916412259e+00
1.232828915252685453e+00
1.186450538291931256e+00
1.216684190292358414e+00
1.183169911270141705e+00
1.221846923141479468e+00
1.208281649093627896e+00
1.198614480209350575e+00
1.191720770530700690e+00
1.173805392723083596e+00
1.228182478561401281e+00
1.232871787872314551e+00
1.144388668441772561e+00
1.201038090515136769e+00
1.149519460334777810e+00
1.119719844589233348e+00
1.184368293228149405e+00
1.130615810127258314e+00
1.145337071571350007e+00
7.607197861289978214e-01
7.035116314697266171e-01
6.900767857360839974e-01
6.724475829505920377e-01
6.696595463943481041e-01
6.529419531250000297e-01
6.501345878219604302e-01
6.359748405838012708e-01
6.273318467712402091e-01
6.290913090324401491e-01
6.245402335739135280e-01
6.153068153953552555e-01
6.135571526336669468e-01
5.970976544284820609e-01
5.946190047264099388e-01
5.886516778945922734e-01
5.831283879470825493e-01
5.935987887954712328e-01
5.798621502876282197e-01
5.725898807716369721e-01
5.715328054523467483e-01
5.734422846984863487e-01
5.764765440750122538e-01
5.628326164627075467e-01
5.700175710868835566e-01
5.628457779502868963e-01
5.576651760673523306e-01
5.637926845836639389e-01
5.612304349613189691e-01
5.466337178039550881e-01
5.415645494842529217e-01
5.333538986968994200e-01
5.340476675701141263e-01
5.394397445678711378e-01
5.392788341617583692e-01
5.311507074737549239e-01
5.347390094089508050e-01
5.335380202484131251e-01
5.303683518218994530e-01
5.119949254798888960e-01
5.244972605705261470e-01
5.154635605239867857e-01
5.263533496093749653e-01
5.141670158100127841e-01
5.093993751144408888e-01
5.179574095916748000e-01
5.168149994754791532e-01
5.100084152793884495e-01
5.211826708412170550e-01
5.086577726459503568e-01
4.121393657970428559e-01
4.111294789886474343e-01
4.005162934875488023e-01
4.025318314170837630e-01
3.930101715755462410e-01
3.967692587852478248e-01
3.991376684665680075e-01
3.848811005783080996e-01
3.943428643798828070e-01
3.912031137084960863e-01
3.956055279827118132e-01
3.824582132625579667e-01
3.817264139842986848e-01
3.780390231895446873e-01
3.820089262866974145e-01
3.768398405551910413e-01
3.804342749309539973e-01
3.864449169540405404e-01
3.831956438636779927e-01
3.820407070159911878e-01
3.869533432197571066e-01
3.701264793968200850e-01
3.788150433254242055e-01
3.746878452491760325e-01
3.694751935863495040e-01
3.788213803768157861e-01
3.664035706615447752e-01
3.754319082355499493e-01
3.647974124336242907e-01
3.717415915775298951e-01
3.758041515159606938e-01
3.679927082347869693e-01
3.693794889259338632e-01
3.625066046524048069e-01
3.705252774524688819e-01
3.654508716964721682e-01
3.618419902324676585e-01
3.704277414417266878e-01
3.618059317779541151e-01
3.683218533611297696e-01
3.649660386085510355e-01
3.636229318284988632e-01
3.554148295021057335e-01
3.635131237697601381e-01
3.614997946214675850e-01
3.605310843944549704e-01
3.588626686191558890e-01
3.545079668045044152e-01
3.544649916553497260e-01
3.574769589900970712e-01
