4.257731437683105469e-01
4.228973388671875000e-01
4.210674762725830078e-01
4.205744266510009766e-01
4.300141334533691406e-01
4.180285930633544922e-01
4.172942638397216797e-01
4.307477474212646484e-01
4.204640388488769531e-01
4.214868545532226562e-01
4.286289215087890625e-01
4.188799858093261719e-01
4.207131862640380859e-01
4.273593425750732422e-01
4.302799701690673828e-01
4.211509227752685547e-01
4.213054180145263672e-01
4.239137172698974609e-01
4.221363067626953125e-01
4.296824932098388672e-01
4.256775379180908203e-01
4.192152023315429688e-01
4.240369796752929688e-01
4.242832660675048828e-01
4.183387756347656250e-01
4.276902675628662109e-01
4.274523258209228516e-01
4.179730415344238281e-01
4.236090183258056641e-01
4.297206401824951172e-01
4.183232784271240234e-01
4.230725765228271484e-01
4.284267425537109375e-01
4.156985282897949219e-01
4.236552715301513672e-01
4.275450706481933594e-01
4.196066856384277344e-01
4.239373207092285156e-01
4.324681758880615234e-01
4.193472862243652344e-01
4.178471565246582031e-01
4.281735420227050781e-01
4.191443920135498047e-01
4.192631244659423828e-01
4.242305755615234375e-01
4.199361801147460938e-01
4.209871292114257812e-01
4.286730289459228516e-01
4.221472740173339844e-01
4.206199645996093750e-01
4.250955581665039062e-01
4.256360530853271484e-01
4.165680408477783203e-01
4.239177703857421875e-01
4.232656955718994141e-01
4.190089702606201172e-01
4.216995239257812500e-01
4.248433113098144531e-01
4.158778190612792969e-01
4.233503341674804688e-01
4.230055809020996094e-01
4.173188209533691406e-01
4.245669841766357422e-01
4.254970550537109375e-01
4.196803569793701172e-01
4.210715293884277344e-01
4.280059337615966797e-01
4.174301624298095703e-01
4.220719337463378906e-01
4.282114505767822266e-01
4.178833961486816406e-01
4.195432662963867188e-01
4.233524799346923828e-01
4.190635681152343750e-01
4.219982624053955078e-01
4.284884929656982422e-01
4.224910736083984375e-01
4.220447540283203125e-01
4.290916919708251953e-01
4.207165241241455078e-01
4.198591709136962891e-01
4.259114265441894531e-01
4.228816032409667969e-01
4.197716712951660156e-01
4.221031665802001953e-01
4.233272075653076172e-01
4.158666133880615234e-01
4.295949935913085938e-01
4.260823726654052734e-01
4.173228740692138672e-01
4.223444461822509766e-01
4.255549907684326172e-01
4.188318252563476562e-01
4.206495285034179688e-01
4.274947643280029297e-01
4.182925224304199219e-01
4.229104518890380859e-01
4.289240837097167969e-01
4.158880710601806641e-01
4.235823154449462891e-01
4.260637760162353516e-01
4.716684818267822266e-01
4.204819202423095703e-01
4.294636249542236328e-01
4.181263446807861328e-01
4.184899330139160156e-01
4.281806945800781250e-01
4.207031726837158203e-01
4.181871414184570312e-01
4.279391765594482422e-01
4.227833747863769531e-01
4.201099872589111328e-01
4.247143268585205078e-01
4.232952594757080078e-01
4.149954319000244141e-01
4.280889034271240234e-01
4.231736660003662109e-01
4.169244766235351562e-01
4.252982139587402344e-01
4.229941368103027344e-01
4.196484088897705078e-01
4.225683212280273438e-01
4.279205799102783203e-01
4.177563190460205078e-01
4.236586093902587891e-01
4.281957149505615234e-01
4.198136329650878906e-01
4.200267791748046875e-01
4.247086048126220703e-01
4.177188873291015625e-01
4.222285747528076172e-01
4.241409301757812500e-01
4.183111190795898438e-01
4.196906089782714844e-01
4.258642196655273438e-01
4.190170764923095703e-01
4.187116622924804688e-01
4.289879798889160156e-01
4.242444038391113281e-01
4.196360111236572266e-01
4.264338016510009766e-01
4.194819927215576172e-01
4.181103706359863281e-01
4.249920845031738281e-01
4.192330837249755859e-01
4.188883304595947266e-01
4.271202087402343750e-01
4.187653064727783203e-01
4.174625873565673828e-01
4.273347854614257812e-01
4.204683303833007812e-01
4.165244102478027344e-01
4.237515926361083984e-01
4.240989685058593750e-01
4.175817966461181641e-01
4.250180721282958984e-01
4.259154796600341797e-01
4.176905155181884766e-01
4.230113029479980469e-01
4.239251613616943359e-01
4.185667037963867188e-01
4.259610176086425781e-01
4.225575923919677734e-01
4.183282852172851562e-01
4.233782291412353516e-01
4.280450344085693359e-01
4.199581146240234375e-01
4.200975894927978516e-01
4.248175621032714844e-01
4.180948734283447266e-01
4.201161861419677734e-01
4.267237186431884766e-01
4.195077419281005859e-01
4.190094470977783203e-01
4.255971908569335938e-01
4.210076332092285156e-01
4.187250137329101562e-01
4.272716045379638672e-01
4.200944900512695312e-01
4.196536540985107422e-01
4.270918369293212891e-01
4.196114540100097656e-01
4.154188632965087891e-01
4.272952079772949219e-01
4.232842922210693359e-01
4.177598953247070312e-01
4.295289516448974609e-01
4.208378791809082031e-01
4.193384647369384766e-01
4.254767894744873047e-01
4.251990318298339844e-01
4.177165031433105469e-01
4.229264259338378906e-01
4.243378639221191406e-01
4.213988780975341797e-01
4.225585460662841797e-01
4.267697334289550781e-01
4.185447692871093750e-01
4.232912063598632812e-01
4.249475002288818359e-01
