4.255585670471191406e-01
4.224114418029785156e-01
4.204411506652832031e-01
4.201312065124511719e-01
4.293425083160400391e-01
4.175078868865966797e-01
4.166266918182373047e-01
4.301903247833251953e-01
4.198613166809082031e-01
4.215455055236816406e-01
4.284319877624511719e-01
4.181866645812988281e-01
4.201023578643798828e-01
4.269733428955078125e-01
4.298701286315917969e-01
4.206252098083496094e-01
4.207592010498046875e-01
4.233951568603515625e-01
4.216744899749755859e-01
4.292817115783691406e-01
4.251296520233154297e-01
4.188311100006103516e-01
4.235615730285644531e-01
4.257977008819580078e-01
4.176521301269531250e-01
4.271721839904785156e-01
4.268760681152343750e-01
4.176647663116455078e-01
4.231324195861816406e-01
4.291779994964599609e-01
4.178221225738525391e-01
4.225468635559082031e-01
4.278969764709472656e-01
4.150693416595458984e-01
4.231758117675781250e-01
4.269759654998779297e-01
4.188997745513916016e-01
4.233958721160888672e-01
4.320878982543945312e-01
4.188642501831054688e-01
4.173097610473632812e-01
4.276187419891357422e-01
4.184322357177734375e-01
4.188249111175537109e-01
4.237935543060302734e-01
4.191477298736572266e-01
4.203786849975585938e-01
4.281144142150878906e-01
4.216158390045166016e-01
4.198510646820068359e-01
4.244956970214843750e-01
4.249176979064941406e-01
4.158518314361572266e-01
4.233574867248535156e-01
4.229207038879394531e-01
4.186031818389892578e-01
4.212887287139892578e-01
4.243016242980957031e-01
4.155228137969970703e-01
4.228928089141845703e-01
4.225635528564453125e-01
4.164967536926269531e-01
4.242761135101318359e-01
4.251198768615722656e-01
4.190874099731445312e-01
4.205131530761718750e-01
4.274969100952148438e-01
4.166066646575927734e-01
4.213764667510986328e-01
4.284722805023193359e-01
4.173216819763183594e-01
4.192690849304199219e-01
4.230315685272216797e-01
4.185574054718017578e-01
4.212343692779541016e-01
4.279491901397705078e-01
4.221010208129882812e-01
4.214639663696289062e-01
4.284493923187255859e-01
4.203050136566162109e-01
4.192657470703125000e-01
4.253728389739990234e-01
4.221873283386230469e-01
4.190719127655029297e-01
4.214959144592285156e-01
4.227886199951171875e-01
4.154443740844726562e-01
4.291808605194091797e-01
4.253697395324707031e-01
4.169425964355468750e-01
4.218671321868896484e-01
4.250719547271728516e-01
4.183652400970458984e-01
4.199173450469970703e-01
4.269776344299316406e-01
4.177644252777099609e-01
4.223339557647705078e-01
4.282464981079101562e-01
4.154882431030273438e-01
4.231119155883789062e-01
4.253907203674316406e-01
4.505844116210937500e-01
4.199750423431396484e-01
4.289526939392089844e-01
4.177188873291015625e-01
4.179379940032958984e-01
4.274995326995849609e-01
4.203014373779296875e-01
4.176888465881347656e-01
4.274933338165283203e-01
4.215197563171386719e-01
4.194972515106201172e-01
4.241976737976074219e-01
4.226350784301757812e-01
4.144406318664550781e-01
4.282033443450927734e-01
4.225726127624511719e-01
4.165208339691162109e-01
4.246957302093505859e-01
4.223856925964355469e-01
4.189047813415527344e-01
4.221067428588867188e-01
4.272661209106445312e-01
4.170997142791748047e-01
4.231677055358886719e-01
4.275541305541992188e-01
4.192309379577636719e-01
4.195671081542968750e-01
4.240651130676269531e-01
4.172801971435546875e-01
4.216496944427490234e-01
4.236590862274169922e-01
4.177947044372558594e-01
4.191586971282958984e-01
4.253578186035156250e-01
4.184806346893310547e-01
4.187924861907958984e-01
4.287688732147216797e-01
4.237098693847656250e-01
4.190285205841064453e-01
4.259250164031982422e-01
4.194309711456298828e-01
4.175312519073486328e-01
4.245746135711669922e-01
4.188036918640136719e-01
4.185762405395507812e-01
4.266076087951660156e-01
4.183273315429687500e-01
4.168772697448730469e-01
4.267539978027343750e-01
4.199161529541015625e-01
4.159855842590332031e-01
4.233620166778564453e-01
4.235455989837646484e-01
4.161069393157958984e-01
4.244730472564697266e-01
4.247083663940429688e-01
4.174335002899169922e-01
4.224822521209716797e-01
4.234507083892822266e-01
4.180910587310791016e-01
4.254901409149169922e-01
4.227361679077148438e-01
4.177331924438476562e-01
4.219758510589599609e-01
4.275951385498046875e-01
4.193880558013916016e-01
4.195153713226318359e-01
4.242303371429443359e-01
4.175329208374023438e-01
4.195160865783691406e-01
4.262251853942871094e-01
4.188921451568603516e-01
4.186718463897705078e-01
4.249851703643798828e-01
4.204971790313720703e-01
4.183435440063476562e-01
4.268262386322021484e-01
4.195568561553955078e-01
4.191555976867675781e-01
4.264354705810546875e-01
4.193270206451416016e-01
4.147667884826660156e-01
4.267818927764892578e-01
4.226601123809814453e-01
4.173207283020019531e-01
4.290053844451904297e-01
4.202096462249755859e-01
4.188983440399169922e-01
4.251089096069335938e-01
4.243814945220947266e-01
4.169967174530029297e-01
4.224650859832763672e-01
4.239926338195800781e-01
4.209399223327636719e-01
4.217762947082519531e-01
4.260637760162353516e-01
4.181480407714843750e-01
4.227385520935058594e-01
4.246723651885986328e-01
