1.189999961853027344e+01
1.064999961853027344e+01
1.361999988555908203e+01
1.506999969482421875e+01
1.625000000000000000e+01
1.768999862670898438e+01
1.910999870300292969e+01
2.080999946594238281e+01
1.998999977111816406e+01
2.228999900817871094e+01
2.251000022888183594e+01
2.088999938964843750e+01
1.964999961853027344e+01
2.537999916076660156e+01
2.568999862670898438e+01
2.560999870300292969e+01
2.288999938964843750e+01
2.678999900817871094e+01
2.625000000000000000e+01
2.855999946594238281e+01
2.570999908447265625e+01
3.254000091552734375e+01
3.103999900817871094e+01
3.159000015258789062e+01
2.988999938964843750e+01
2.681999969482421875e+01
3.427999877929687500e+01
2.706999969482421875e+01
3.170999908447265625e+01
3.332999801635742188e+01
2.793999862670898438e+01
3.814999771118164062e+01
3.461999893188476562e+01
3.077999877929687500e+01
3.263000106811523438e+01
3.686999893188476562e+01
3.786000061035156250e+01
3.909999847412109375e+01
3.548999786376953125e+01
3.868000030517578125e+01
3.929999923706054688e+01
3.513999938964843750e+01
4.288999938964843750e+01
3.829000091552734375e+01
3.700999832153320312e+01
3.943999862670898438e+01
4.375999832153320312e+01
3.798999786376953125e+01
3.873999786376953125e+01
4.252000045776367188e+01
4.270999908447265625e+01
3.786999893188476562e+01
4.340999984741210938e+01
3.845999908447265625e+01
4.777000045776367188e+01
4.309999847412109375e+01
3.432999801635742188e+01
4.466999816894531250e+01
4.211000061035156250e+01
4.809999847412109375e+01
4.831999969482421875e+01
4.427999877929687500e+01
4.154999923706054688e+01
3.934999847412109375e+01
4.789999771118164062e+01
3.589999771118164062e+01
4.472999954223632812e+01
4.407999801635742188e+01
4.400999832153320312e+01
4.300000000000000000e+01
4.537999725341796875e+01
4.387999725341796875e+01
4.652999877929687500e+01
5.050999832153320312e+01
5.277000045776367188e+01
4.471999740600585938e+01
4.709000015258789062e+01
5.127999877929687500e+01
4.956999969482421875e+01
5.118000030517578125e+01
4.679999923706054688e+01
5.043999862670898438e+01
4.441999816894531250e+01
5.793999862670898438e+01
5.410999679565429688e+01
5.147999954223632812e+01
5.586999893188476562e+01
5.389999771118164062e+01
4.657999801635742188e+01
5.218000030517578125e+01
5.834000015258789062e+01
5.395999908447265625e+01
5.200999832153320312e+01
5.702000045776367188e+01
5.778999710083007812e+01
5.555999755859375000e+01
5.734000015258789062e+01
5.093999862670898438e+01
5.728999710083007812e+01
5.946999740600585938e+01
6.650000000000000000e+01
6.616999816894531250e+01
6.754999542236328125e+01
6.768999481201171875e+01
6.733000183105468750e+01
6.754999542236328125e+01
6.815000152587890625e+01
6.784999847412109375e+01
6.850000000000000000e+01
6.925999450683593750e+01
6.847999572753906250e+01
6.887999725341796875e+01
6.929000091552734375e+01
6.897000122070312500e+01
6.931999969482421875e+01
6.927999877929687500e+01
6.972999572753906250e+01
6.906999969482421875e+01
7.051999664306640625e+01
6.861999511718750000e+01
6.895999908447265625e+01
6.915999603271484375e+01
6.755999755859375000e+01
6.977999877929687500e+01
6.986999511718750000e+01
6.936000061035156250e+01
6.980999755859375000e+01
6.994999694824218750e+01
6.984999847412109375e+01
6.850999450683593750e+01
6.790999603271484375e+01
7.033999633789062500e+01
6.737999725341796875e+01
6.977999877929687500e+01
6.725000000000000000e+01
6.718000030517578125e+01
6.754000091552734375e+01
6.812999725341796875e+01
6.911999511718750000e+01
6.844999694824218750e+01
6.977999877929687500e+01
6.993000030517578125e+01
6.933999633789062500e+01
7.029000091552734375e+01
7.125999450683593750e+01
6.979999542236328125e+01
6.984999847412109375e+01
6.911999511718750000e+01
7.133999633789062500e+01
6.852999877929687500e+01
7.186999511718750000e+01
7.211999511718750000e+01
7.229000091552734375e+01
7.220999908447265625e+01
7.212999725341796875e+01
7.202999877929687500e+01
7.187999725341796875e+01
7.195999908447265625e+01
7.184999847412109375e+01
7.209999847412109375e+01
7.233999633789062500e+01
7.204000091552734375e+01
7.222000122070312500e+01
7.218999481201171875e+01
7.204000091552734375e+01
7.233000183105468750e+01
7.211999511718750000e+01
7.200000000000000000e+01
7.208999633789062500e+01
7.201999664306640625e+01
7.179000091552734375e+01
7.218999481201171875e+01
7.193000030517578125e+01
7.186999511718750000e+01
7.204999542236328125e+01
7.218000030517578125e+01
7.211999511718750000e+01
7.225999450683593750e+01
7.177999877929687500e+01
7.215000152587890625e+01
7.215999603271484375e+01
7.247000122070312500e+01
7.198999786376953125e+01
7.209999847412109375e+01
7.205999755859375000e+01
7.197999572753906250e+01
7.184999847412109375e+01
7.197999572753906250e+01
7.225000000000000000e+01
7.162999725341796875e+01
7.225999450683593750e+01
7.208999633789062500e+01
7.240000152587890625e+01
7.209999847412109375e+01
7.211999511718750000e+01
7.263999938964843750e+01
7.229000091552734375e+01
7.229999542236328125e+01
7.245999908447265625e+01
7.218000030517578125e+01
