4.255213737487792969e-01
4.224419593811035156e-01
4.205274581909179688e-01
4.200959205627441406e-01
4.294419288635253906e-01
4.175422191619873047e-01
4.167129993438720703e-01
4.302301406860351562e-01
4.198713302612304688e-01
4.216086864471435547e-01
4.283306598663330078e-01
4.181876182556152344e-01
4.201540946960449219e-01
4.271006584167480469e-01
4.297804832458496094e-01
4.205791950225830078e-01
4.207499027252197266e-01
4.233975410461425781e-01
4.216961860656738281e-01
4.292938709259033203e-01
4.251694679260253906e-01
4.192416667938232422e-01
4.235475063323974609e-01
4.257884025573730469e-01
4.177415370941162109e-01
4.272716045379638672e-01
4.270203113555908203e-01
4.175229072570800781e-01
4.231696128845214844e-01
4.292609691619873047e-01
4.178569316864013672e-01
4.235394001007080078e-01
4.279611110687255859e-01
4.150812625885009766e-01
4.231810569763183594e-01
4.270079135894775391e-01
4.189949035644531250e-01
4.234232902526855469e-01
4.320876598358154297e-01
4.189510345458984375e-01
4.172415733337402344e-01
4.276709556579589844e-01
4.184701442718505859e-01
4.188024997711181641e-01
4.238321781158447266e-01
4.192559719085693359e-01
4.203934669494628906e-01
4.281718730926513672e-01
4.216907024383544922e-01
4.198770523071289062e-01
4.244360923767089844e-01
4.250097274780273438e-01
4.159312248229980469e-01
4.233968257904052734e-01
4.229505062103271484e-01
4.186410903930664062e-01
4.213459491729736328e-01
4.242546558380126953e-01
4.154124259948730469e-01
4.229438304901123047e-01
4.225573539733886719e-01
4.166023731231689453e-01
4.241616725921630859e-01
4.251105785369873047e-01
4.190487861633300781e-01
4.204897880554199219e-01
4.274647235870361328e-01
4.167428016662597656e-01
4.213731288909912109e-01
4.285776615142822266e-01
4.173445701599121094e-01
4.191176891326904297e-01
4.228842258453369141e-01
4.185955524444580078e-01
4.213163852691650391e-01
4.280266761779785156e-01
4.220147132873535156e-01
4.326574802398681641e-01
4.285385608673095703e-01
4.202680587768554688e-01
4.193611145019531250e-01
4.253332614898681641e-01
4.221708774566650391e-01
4.191129207611083984e-01
4.215657711029052734e-01
4.228816032409667969e-01
4.153194427490234375e-01
4.291827678680419922e-01
4.254481792449951172e-01
4.169580936431884766e-01
4.217710494995117188e-01
4.250025749206542969e-01
4.185237884521484375e-01
4.200809001922607422e-01
4.270169734954833984e-01
4.178001880645751953e-01
4.223270416259765625e-01
4.283609390258789062e-01
4.153716564178466797e-01
4.230635166168212891e-01
4.254410266876220703e-01
4.482567310333251953e-01
4.200167655944824219e-01
4.290008544921875000e-01
4.176719188690185547e-01
4.179871082305908203e-01
4.274687767028808594e-01
4.201791286468505859e-01
4.176106452941894531e-01
4.274761676788330078e-01
4.223847389221191406e-01
4.195065498352050781e-01
4.241855144500732422e-01
4.226810932159423828e-01
4.144945144653320312e-01
4.275767803192138672e-01
4.226429462432861328e-01
4.164462089538574219e-01
4.247083663940429688e-01
4.224126338958740234e-01
4.189646244049072266e-01
4.220325946807861328e-01
4.273586273193359375e-01
4.171867370605468750e-01
4.232439994812011719e-01
4.276053905487060547e-01
4.193117618560791016e-01
4.195020198822021484e-01
4.239928722381591797e-01
4.172215461730957031e-01
4.217112064361572266e-01
4.237918853759765625e-01
4.179601669311523438e-01
4.192049503326416016e-01
4.253203868865966797e-01
4.185385704040527344e-01
4.187142848968505859e-01
4.287579059600830078e-01
4.236819744110107422e-01
4.190969467163085938e-01
4.259219169616699219e-01
4.194686412811279297e-01
4.177165031433105469e-01
4.246079921722412109e-01
4.188644886016845703e-01
4.185225963592529297e-01
4.266147613525390625e-01
4.182386398315429688e-01
4.169201850891113281e-01
4.269165992736816406e-01
4.199721813201904297e-01
4.160723686218261719e-01
4.231259822845458984e-01
4.244422912597656250e-01
4.170427322387695312e-01
4.246177673339843750e-01
4.248065948486328125e-01
4.173386096954345703e-01
4.224212169647216797e-01
4.233307838439941406e-01
4.180374145507812500e-01
4.255449771881103516e-01
4.225962162017822266e-01
4.178256988525390625e-01
4.220128059387207031e-01
4.276452064514160156e-01
4.193968772888183594e-01
4.193201065063476562e-01
4.242596626281738281e-01
4.175448417663574219e-01
4.195773601531982422e-01
4.261915683746337891e-01
4.190080165863037109e-01
4.186880588531494141e-01
4.250190258026123047e-01
4.204599857330322266e-01
4.183402061462402344e-01
4.268038272857666016e-01
4.196314811706542969e-01
4.191534519195556641e-01
4.265236854553222656e-01
4.193370342254638672e-01
4.148046970367431641e-01
4.268193244934082031e-01
4.226219654083251953e-01
4.174380302429199219e-01
4.290406703948974609e-01
4.202673435211181641e-01
4.187357425689697266e-01
4.249875545501708984e-01
4.244897365570068359e-01
4.170329570770263672e-01
4.224743843078613281e-01
4.241123199462890625e-01
4.209523200988769531e-01
4.217345714569091797e-01
4.261279106140136719e-01
4.180560111999511719e-01
4.226608276367187500e-01
4.245288372039794922e-01
