1.615326571464538574e+01
1.546748471260070801e+01
1.586059021949768066e+01
1.581783175468444824e+01
1.570188379287719727e+01
1.575408983230590820e+01
1.579547238349914551e+01
1.571702003479003906e+01
1.585418891906738281e+01
1.551169157028198242e+01
1.576847386360168457e+01
1.548642444610595703e+01
1.557420086860656738e+01
1.574644899368286133e+01
1.548456239700317383e+01
1.585112762451171875e+01
1.537029576301574707e+01
1.578428816795349121e+01
1.575189924240112305e+01
1.545430254936218262e+01
1.584550023078918457e+01
1.559419274330139160e+01
1.572291731834411621e+01
1.560034489631652832e+01
1.570348978042602539e+01
1.580439972877502441e+01
1.620593190193176270e+01
1.572132539749145508e+01
1.549641561508178711e+01
1.545525074005126953e+01
1.604531526565551758e+01
1.588731026649475098e+01
1.570409822463989258e+01
1.593655419349670410e+01
1.552799558639526367e+01
1.571527910232543945e+01
1.572507691383361816e+01
1.557828640937805176e+01
1.556804680824279785e+01
1.574467802047729492e+01
1.561252355575561523e+01
1.558075404167175293e+01
1.554522609710693359e+01
1.581044268608093262e+01
1.595408415794372559e+01
1.580846810340881348e+01
1.585277128219604492e+01
1.570208668708801270e+01
1.549447655677795410e+01
1.550735330581665039e+01
1.570951199531555176e+01
1.565711975097656250e+01
1.560540843009948730e+01
1.560760498046875000e+01
1.542162895202636719e+01
1.541727185249328613e+01
1.552694368362426758e+01
1.597585916519165039e+01
1.544730758666992188e+01
1.562961888313293457e+01
1.548027253150939941e+01
1.556920599937438965e+01
1.581493878364562988e+01
1.571512985229492188e+01
1.599076533317565918e+01
1.614561104774475098e+01
1.579714798927307129e+01
1.582700181007385254e+01
1.602794766426086426e+01
1.544138264656066895e+01
1.574133443832397461e+01
1.545575571060180664e+01
1.567228221893310547e+01
1.548244547843933105e+01
1.548798227310180664e+01
1.570890569686889648e+01
1.559486889839172363e+01
1.555503988265991211e+01
1.551449012756347656e+01
1.573492312431335449e+01
1.555786371231079102e+01
1.584535384178161621e+01
1.547392177581787109e+01
1.578131985664367676e+01
1.546115350723266602e+01
1.573843717575073242e+01
1.543586683273315430e+01
1.568096089363098145e+01
1.568532419204711914e+01
1.586874890327453613e+01
1.589132189750671387e+01
1.563447332382202148e+01
1.592507553100585938e+01
1.584812068939208984e+01
1.610227727890014648e+01
1.582231616973876953e+01
1.592188787460327148e+01
1.557463979721069336e+01
1.565058231353759766e+01
1.556747627258300781e+01
1.557862639427185059e+01
1.568511509895324707e+01
1.558353066444396973e+01
1.578661870956420898e+01
1.559821295738220215e+01
1.572848701477050781e+01
1.547492003440856934e+01
1.574056863784790039e+01
1.557405710220336914e+01
1.575591945648193359e+01
1.545897936820983887e+01
1.557951354980468750e+01
1.573975634574890137e+01
1.562453460693359375e+01
1.585782074928283691e+01
1.617510533332824707e+01
1.570225667953491211e+01
1.595116472244262695e+01
1.596296525001525879e+01
1.544663166999816895e+01
1.567757916450500488e+01
1.575179409980773926e+01
1.567877888679504395e+01
1.595727705955505371e+01
1.566533088684082031e+01
1.587914109230041504e+01
1.584169054031372070e+01
1.587467741966247559e+01
1.567891979217529297e+01
1.578751969337463379e+01
1.568641161918640137e+01
1.577737259864807129e+01
1.571234989166259766e+01
1.542925024032592773e+01
1.579155778884887695e+01
1.544049310684204102e+01
1.564359211921691895e+01
1.561965227127075195e+01
1.575488519668579102e+01
1.580791449546813965e+01
1.570510578155517578e+01
1.544910311698913574e+01
1.543718719482421875e+01
1.578231334686279297e+01
1.567112946510314941e+01
1.567880368232727051e+01
1.575214147567749023e+01
1.619494056701660156e+01
1.577656579017639160e+01
1.561783504486083984e+01
1.594550776481628418e+01
1.559686708450317383e+01
1.569062089920043945e+01
1.580179738998413086e+01
1.593870472908020020e+01
1.593769693374633789e+01
1.548420929908752441e+01
1.598871660232543945e+01
1.580220198631286621e+01
1.626344585418701172e+01
1.583648705482482910e+01
1.547633671760559082e+01
1.573128199577331543e+01
1.595066928863525391e+01
1.544215393066406250e+01
1.598679089546203613e+01
1.604417204856872559e+01
1.553885698318481445e+01
1.591808629035949707e+01
1.557781577110290527e+01
1.548364114761352539e+01
1.560021114349365234e+01
1.610354709625244141e+01
1.595694375038146973e+01
1.586314058303833008e+01
1.563230228424072266e+01
1.569875025749206543e+01
1.622197794914245605e+01
1.581501722335815430e+01
1.553223896026611328e+01
1.586795115470886230e+01
1.571385407447814941e+01
1.594487094879150391e+01
1.551442646980285645e+01
1.603814458847045898e+01
1.564780211448669434e+01
1.589379167556762695e+01
1.575036907196044922e+01
1.549305343627929688e+01
1.585144138336181641e+01
1.562492036819458008e+01
1.565884566307067871e+01
1.553895926475524902e+01
1.549249744415283203e+01
1.579561710357666016e+01
1.559556198120117188e+01
1.563961505889892578e+01
1.552418494224548340e+01
1.550369095802307129e+01
1.552431941032409668e+01
