4.102559563217162975e+00
2.294845657653808768e+00
2.275214123077392792e+00
2.247671291656494041e+00
2.216260763549804835e+00
2.180288453903198143e+00
2.173156420364379837e+00
2.134614959640503074e+00
2.109082714576721251e+00
2.086059592819213826e+00
2.063568318634033005e+00
2.021632350158691249e+00
2.000193344268798690e+00
2.001727118034362984e+00
1.969613354873657185e+00
1.939922423133850105e+00
1.952150168838501010e+00
1.934641874008178775e+00
1.912905735473632740e+00
1.922353090591430558e+00
1.918317567291259795e+00
1.883402571105956991e+00
1.867417581710815400e+00
1.860653179969787629e+00
1.848076488342285106e+00
1.838983258209228477e+00
1.818893104209899914e+00
1.801372479019164974e+00
1.760530562133789001e+00
1.775472056541442800e+00
1.760529027366638077e+00
1.723552297515869247e+00
1.736322982101440537e+00
1.694528984031677288e+00
1.687462728462219230e+00
1.690459058570861872e+00
1.643477723274231028e+00
1.651791060981750547e+00
1.617297091445922819e+00
1.620593237495422390e+00
1.568456419792175316e+00
1.576531245155334382e+00
1.574059883956909101e+00
1.557148429222106945e+00
1.512852128524780237e+00
1.482136393013000486e+00
1.458502299842834526e+00
1.453747209243774430e+00
1.428822681121826088e+00
1.409576565589904851e+00
1.429468380050659126e+00
1.381277138786315861e+00
1.364446529541015529e+00
1.356415804748535070e+00
1.371104514770507876e+00
1.349092446556091396e+00
1.349972249679565417e+00
1.345603431396484417e+00
1.313767735595703146e+00
1.323864749183654821e+00
1.290353348693847657e+00
1.276620531921386803e+00
1.289807537460327058e+00
1.264968251342773353e+00
1.275025227279663165e+00
1.255029522590637159e+00
1.240080366744995111e+00
1.203055911369323772e+00
1.220859785995483504e+00
1.190310108833313008e+00
1.196870441055297940e+00
1.200168459892273054e+00
1.180658706703185956e+00
1.167917940006256039e+00
1.178135939235687157e+00
1.153494711227416980e+00
1.127202720603942776e+00
1.156677783508300861e+00
1.120941399841308694e+00
1.117945759449005205e+00
1.079478407001495333e+00
1.090048375778198242e+00
1.078943143901824886e+00
1.077711133041381775e+00
1.099604204368591409e+00
1.062867467803955135e+00
1.059300428524017290e+00
1.056607612037658628e+00
1.029404625930786077e+00
1.051104416961669896e+00
1.040494879531860262e+00
1.029563706817626878e+00
1.004071470527649002e+00
9.879782534408568795e-01
1.007376537437439046e+00
1.004067205085754422e+00
1.003979412460327181e+00
9.552258466529846004e-01
9.858160081481933679e-01
9.822458720588683745e-01
7.269759342575072836e-01
6.792872012519836078e-01
6.590667207336425859e-01
6.471632344055175956e-01
6.377347032356261991e-01
6.233128125381469653e-01
6.244224339866638607e-01
6.131417606735229953e-01
6.169950471687316584e-01
6.021135763740539382e-01
5.955514737129211644e-01
6.057052287292480353e-01
5.921224204826355253e-01
5.818951395988464226e-01
5.834356103897094803e-01
5.703516636085510516e-01
5.718942460060119082e-01
5.593801533699035433e-01
5.568034683036804378e-01
5.658377870750427308e-01
5.638293195152282999e-01
5.520652200508118224e-01
5.491237499618529805e-01
5.503807449340820668e-01
5.474292094802856168e-01
5.374480914974212320e-01
5.216705070495605279e-01
5.364251696872711639e-01
5.091245413970947320e-01
5.296930708122253861e-01
5.266639586830139663e-01
5.280181612205505637e-01
5.227065180969238112e-01
5.170594825744628809e-01
5.138790649414062273e-01
5.022449332141876166e-01
5.164907385396957373e-01
5.017216468906402493e-01
4.945930866622924582e-01
4.902529824829101601e-01
4.966506301879882734e-01
4.919760408782958838e-01
4.844095986080169669e-01
4.865726075744629120e-01
4.936283031177520764e-01
4.860058550357818641e-01
4.923898960685729742e-01
4.749245145034790005e-01
4.895609262657165672e-01
4.741131505393981760e-01
4.190348272323608514e-01
4.060070453262328849e-01
4.069342436695098653e-01
3.962600421142578044e-01
3.976644773292541402e-01
4.000289337730407735e-01
3.972866820716857705e-01
3.945143186378479161e-01
3.940532784557342350e-01
3.854385325908660787e-01
3.963682255649566555e-01
3.842563298034668007e-01
3.928393504714965956e-01
3.938191179180145496e-01
3.868689600086211988e-01
3.838825916957855355e-01
3.801706406927108928e-01
3.818538519477844284e-01
3.833817761993408291e-01
3.735854333877563493e-01
3.779394905757904044e-01
3.800261691093445027e-01
3.808159188175201382e-01
3.743015576171874748e-01
3.704079607295989729e-01
3.784782193851470855e-01
3.740322169303894051e-01
3.746977979660034430e-01
3.821105751562118291e-01
3.706247773265838874e-01
3.701419910717010375e-01
3.680441095733642531e-01
3.657222242736816176e-01
3.640792184925079611e-01
3.678092319965362567e-01
3.735510727310180634e-01
3.668232334423064955e-01
3.640570754623412841e-01
3.719595313930511571e-01
3.703547255039215114e-01
3.639869536113738979e-01
3.594416068458556879e-01
3.616868931293487632e-01
3.667676726722717273e-01
3.658393589830398751e-01
3.626036694145202688e-01
3.578728762817383058e-01
3.633214324378967186e-01
3.646163898944854709e-01
3.598131684398651053e-01
