1.615239691734313965e+01
1.549449658393859863e+01
1.548110604286193848e+01
1.567272472381591797e+01
1.592542266845703125e+01
1.591817474365234375e+01
1.556523633003234863e+01
1.566627359390258789e+01
1.548861289024353027e+01
1.545911073684692383e+01
1.566153979301452637e+01
1.545678782463073730e+01
1.550856924057006836e+01
1.544467616081237793e+01
1.583910489082336426e+01
1.580688858032226562e+01
1.582917857170104980e+01
1.540347552299499512e+01
1.554273080825805664e+01
1.562923979759216309e+01
1.595035266876220703e+01
1.561764025688171387e+01
1.565585637092590332e+01
1.582894372940063477e+01
1.588821768760681152e+01
1.590793633460998535e+01
1.579544758796691895e+01
1.583798336982727051e+01
1.555914187431335449e+01
1.552012205123901367e+01
1.572776150703430176e+01
1.544725418090820312e+01
1.546984434127807617e+01
1.565037941932678223e+01
1.572586917877197266e+01
1.552425527572631836e+01
1.581260251998901367e+01
1.563393354415893555e+01
1.557303547859191895e+01
1.578498077392578125e+01
1.547232437133789062e+01
1.550162529945373535e+01
1.555737161636352539e+01
1.571461820602416992e+01
1.545579385757446289e+01
1.571576094627380371e+01
1.546014928817749023e+01
1.551111698150634766e+01
1.562619376182556152e+01
1.548082423210144043e+01
1.569321632385253906e+01
1.545696067810058594e+01
1.541235733032226562e+01
1.556484246253967285e+01
1.574528455734252930e+01
1.554511880874633789e+01
1.549015331268310547e+01
1.580013775825500488e+01
1.562753295898437500e+01
1.578542661666870117e+01
1.549156188964843750e+01
1.554227328300476074e+01
1.573579907417297363e+01
1.574706983566284180e+01
1.546217942237854004e+01
1.607267713546752930e+01
1.560635232925415039e+01
1.542854213714599609e+01
1.590877723693847656e+01
1.556043338775634766e+01
1.548222708702087402e+01
1.546966195106506348e+01
1.547717452049255371e+01
1.568381810188293457e+01
1.556159162521362305e+01
1.544913363456726074e+01
1.566241216659545898e+01
1.544310021400451660e+01
1.555869913101196289e+01
1.566222572326660156e+01
1.547764849662780762e+01
1.585241293907165527e+01
1.550587344169616699e+01
1.548407959938049316e+01
1.546169614791870117e+01
1.574843406677246094e+01
1.566880536079406738e+01
1.580574083328247070e+01
1.566233015060424805e+01
1.577676534652709961e+01
1.543627047538757324e+01
1.567438197135925293e+01
1.583180356025695801e+01
1.565615797042846680e+01
1.552973365783691406e+01
1.553846359252929688e+01
1.545258855819702148e+01
1.563450789451599121e+01
1.555280065536499023e+01
1.560927700996398926e+01
1.545180010795593262e+01
1.567820787429809570e+01
1.568342733383178711e+01
1.547739553451538086e+01
1.562619686126708984e+01
1.554282474517822266e+01
1.544051146507263184e+01
1.544683194160461426e+01
1.544739031791687012e+01
1.547627067565917969e+01
1.574740815162658691e+01
1.556566262245178223e+01
1.543150687217712402e+01
1.548372721672058105e+01
1.570556020736694336e+01
1.606983184814453125e+01
1.548311352729797363e+01
1.555059862136840820e+01
1.574545931816101074e+01
1.547963118553161621e+01
1.578338766098022461e+01
1.553852558135986328e+01
1.543781042098999023e+01
1.602375316619873047e+01
1.543540644645690918e+01
1.559436440467834473e+01
1.553025507926940918e+01
1.575255322456359863e+01
1.558275771141052246e+01
1.566252374649047852e+01
1.563297486305236816e+01
1.549091625213623047e+01
1.561473822593688965e+01
1.550873184204101562e+01
1.563949990272521973e+01
1.546706986427307129e+01
1.569578981399536133e+01
1.542689228057861328e+01
1.546371722221374512e+01
1.610384249687194824e+01
1.554809546470642090e+01
1.545059156417846680e+01
1.551863455772399902e+01
1.544941759109497070e+01
1.569945549964904785e+01
1.576458358764648438e+01
1.544064998626708984e+01
1.545346069335937500e+01
1.570452642440795898e+01
1.575652313232421875e+01
1.541139101982116699e+01
1.561965012550354004e+01
1.564853382110595703e+01
1.551223397254943848e+01
1.581887388229370117e+01
1.569469451904296875e+01
1.558155775070190430e+01
1.577000713348388672e+01
1.544537997245788574e+01
1.592827987670898438e+01
1.561199092864990234e+01
1.562606167793273926e+01
1.580685448646545410e+01
1.590492725372314453e+01
1.582642507553100586e+01
1.564795517921447754e+01
1.581251811981201172e+01
1.561383104324340820e+01
1.596097755432128906e+01
1.550832080841064453e+01
1.557083678245544434e+01
1.557930541038513184e+01
1.540708899497985840e+01
1.541672325134277344e+01
1.542765784263610840e+01
1.563374042510986328e+01
1.575956630706787109e+01
1.544080281257629395e+01
1.566459870338439941e+01
1.542781901359558105e+01
1.562604951858520508e+01
1.549327516555786133e+01
1.582242059707641602e+01
1.544288110733032227e+01
1.575992679595947266e+01
1.556446528434753418e+01
1.557070064544677734e+01
1.568530249595642090e+01
1.544654178619384766e+01
1.546676230430603027e+01
1.548921966552734375e+01
1.568029952049255371e+01
1.544099688529968262e+01
1.569775509834289551e+01
1.546629738807678223e+01
1.551588439941406250e+01
1.545821881294250488e+01
1.570060563087463379e+01
1.560444998741149902e+01
1.558576941490173340e+01
