4.246537238235474021e+00
2.295201325073242149e+00
2.276904914474487285e+00
2.243130617523193315e+00
2.214680337448120095e+00
2.182433966522216995e+00
2.155005866165160988e+00
2.131510333938598567e+00
2.108948259277343862e+00
2.065702593078613258e+00
2.052388606338500843e+00
2.022494297790527362e+00
1.999831582260131801e+00
1.989361631469726666e+00
1.972327645530700613e+00
1.959979702186584571e+00
1.956916883506774951e+00
1.934444400520324736e+00
1.943877729530334442e+00
1.913493960037231378e+00
1.921062440376281710e+00
1.897316406631469832e+00
1.889070227890014664e+00
1.836923642730712958e+00
1.871121812477111845e+00
1.813255973739624105e+00
1.819051866455078104e+00
1.807590143890380752e+00
1.803245422325134184e+00
1.752644744949340749e+00
1.734072601585388229e+00
1.737129196434020972e+00
1.714171766052246193e+00
1.685713930778503400e+00
1.679931521339416589e+00
1.681117374038696211e+00
1.649321926498413138e+00
1.610488720664978057e+00
1.616114852561950643e+00
1.602102440299987718e+00
1.559088894042968798e+00
1.571355740013122615e+00
1.552609183349609401e+00
1.537948869781494032e+00
1.521034069366455022e+00
1.481615231170654301e+00
1.479054686698913601e+00
1.449209701919555560e+00
1.458557105484008742e+00
1.432771055603027310e+00
1.420573070335388266e+00
1.403094846496582004e+00
1.429422958641052288e+00
1.397569753265380799e+00
1.398886639022827172e+00
1.355234002037048358e+00
1.327016877059936428e+00
1.357863751869201607e+00
1.318559569778442464e+00
1.282179924316406261e+00
1.299566489219665444e+00
1.308971746635436917e+00
1.273786740875244128e+00
1.284600506057739233e+00
1.237493514060974187e+00
1.252730375213622960e+00
1.249307232322692807e+00
1.221328709793090717e+00
1.229207326164245551e+00
1.192891024436950609e+00
1.201447141952514563e+00
1.195456155090331984e+00
1.161376158599853436e+00
1.142454198646545516e+00
1.180131436691284286e+00
1.154340316505432229e+00
1.130783404159545924e+00
1.125780893821716200e+00
1.123671074447631923e+00
1.109839683227539009e+00
1.110799860324859667e+00
1.072678311595916645e+00
1.119438402233123853e+00
1.064243053932189875e+00
1.055955182189941333e+00
1.072720489921569875e+00
1.059987530937194888e+00
1.062613521041870124e+00
1.056036046485900881e+00
1.001876087646484281e+00
1.058040264739990244e+00
9.885195507431030482e-01
1.010755294933319171e+00
1.034249385833740265e+00
9.992200817489623743e-01
9.859423213958740106e-01
9.911677804183960383e-01
9.947648719024658748e-01
9.533471439933777214e-01
9.504387925338745324e-01
7.332023706626892290e-01
6.898156340789795005e-01
6.652201994514465033e-01
6.599086843299866167e-01
6.512054143142700369e-01
6.398187160873413104e-01
6.226077446556090855e-01
6.231995947647094303e-01
6.165892258644104507e-01
5.998451931190490471e-01
6.088691501235962145e-01
6.021669919109344793e-01
5.945839904975891432e-01
5.862491951370238930e-01
5.819329740715026844e-01
5.756460835266112852e-01
5.732718849372864245e-01
5.678061868667602097e-01
5.679784296035766955e-01
5.612334605216979799e-01
5.576723674392700669e-01
5.573988583183288048e-01
5.421985601902008511e-01
5.550073709678650102e-01
5.479507433700561148e-01
5.312216011905670499e-01
5.371857172966003624e-01
5.265257542228698462e-01
5.249691851806640441e-01
5.205826339530944535e-01
5.208242744255066059e-01
5.237463802146911096e-01
5.128197132682800197e-01
5.136720684337615639e-01
4.994513046264648648e-01
5.052745941734313462e-01
5.093185834693908509e-01
5.012703352737426510e-01
5.014970401763916286e-01
5.002447611618041634e-01
4.873925388908386114e-01
4.815572102355957229e-01
4.715910931015014906e-01
4.901869555187225447e-01
4.935521093177795415e-01
4.900796765804290578e-01
4.725816735172271854e-01
4.910592580986022915e-01
4.753265005874633964e-01
4.687205244636535872e-01
4.037248706626891948e-01
4.079409535551071220e-01
3.976090063858032098e-01
4.016802626991272107e-01
3.921862529373169037e-01
3.808382367134094393e-01
3.864123630523681463e-01
3.814881568336486728e-01
3.823455317115783680e-01
3.846662206840515408e-01
3.834204143714904922e-01
3.778591952514648300e-01
3.905582278728484957e-01
3.776710911750793542e-01
3.780288615131378038e-01
3.769634224700927905e-01
3.697913677978515445e-01
3.769668379402160707e-01
3.741872105455398834e-01
3.705144623947143612e-01
3.774046063899993975e-01
3.662713096427917536e-01
3.674652769088745385e-01
3.691031982088088803e-01
3.644435294628143307e-01
3.636031797695160050e-01
3.647326087093353264e-01
3.705852175331115772e-01
3.648820058345794703e-01
3.713030381393432888e-01
3.645243949937820305e-01
3.698324648857116426e-01
3.684184474134445386e-01
3.623386960506438936e-01
3.568901444816589552e-01
3.578003466987609849e-01
3.530248366260528292e-01
3.607005113029480015e-01
3.617032886600494157e-01
3.699602139854430982e-01
3.592185209655761602e-01
3.593592561721801748e-01
3.575860112094879084e-01
3.580009486103057914e-01
3.495817676544189512e-01
3.575028460502624461e-01
3.537576167201995636e-01
3.469170890522003114e-01
3.562598154830932673e-01
3.536182360076904341e-01
