2.796053409576416016e+00
2.068469524383544922e+00
2.046528100967407227e+00
2.046634912490844727e+00
2.085573196411132812e+00
2.061273336410522461e+00
2.087248563766479492e+00
2.042828798294067383e+00
2.049981594085693359e+00
2.080397129058837891e+00
2.096503973007202148e+00
2.048061370849609375e+00
2.026365756988525391e+00
2.042243003845214844e+00
2.080573558807373047e+00
2.070693731307983398e+00
2.071005344390869141e+00
2.075934410095214844e+00
2.045575380325317383e+00
2.038450956344604492e+00
2.063957214355468750e+00
2.085336685180664062e+00
2.077690839767456055e+00
2.033002376556396484e+00
2.082129716873168945e+00
2.077587842941284180e+00
2.043962240219116211e+00
2.056387424468994141e+00
2.055788755416870117e+00
2.059884309768676758e+00
2.063980340957641602e+00
2.095624923706054688e+00
2.041042089462280273e+00
2.076317071914672852e+00
2.037939786911010742e+00
2.055594205856323242e+00
2.037494421005249023e+00
2.084789276123046875e+00
2.065332174301147461e+00
2.042017221450805664e+00
2.058087110519409180e+00
2.092710256576538086e+00
2.085097312927246094e+00
2.048772096633911133e+00
2.045418739318847656e+00
2.063715934753417969e+00
2.106516361236572266e+00
2.089211940765380859e+00
2.046641349792480469e+00
2.032012224197387695e+00
2.049743175506591797e+00
2.047564506530761719e+00
2.052667140960693359e+00
2.046448945999145508e+00
2.069703340530395508e+00
2.040528774261474609e+00
2.059655666351318359e+00
2.093271732330322266e+00
2.043236970901489258e+00
2.066071748733520508e+00
2.052966833114624023e+00
2.062084913253784180e+00
2.064670562744140625e+00
2.049468994140625000e+00
2.084196329116821289e+00
2.065498590469360352e+00
2.080727815628051758e+00
2.072216749191284180e+00
2.077652454376220703e+00
2.038210630416870117e+00
2.050535202026367188e+00
2.039271116256713867e+00
2.080689907073974609e+00
2.038125991821289062e+00
2.067647933959960938e+00
2.045935392379760742e+00
2.138881206512451172e+00
2.052334070205688477e+00
2.069414377212524414e+00
2.076523780822753906e+00
2.095700979232788086e+00
2.097485065460205078e+00
2.102426528930664062e+00
2.054199457168579102e+00
2.046954870223999023e+00
2.042905807495117188e+00
2.111951589584350586e+00
2.052597761154174805e+00
2.062362670898437500e+00
2.040353536605834961e+00
2.109716892242431641e+00
2.114244461059570312e+00
2.038221120834350586e+00
2.052779197692871094e+00
2.073320865631103516e+00
2.083889007568359375e+00
2.051361560821533203e+00
2.053045034408569336e+00
2.075922966003417969e+00
2.067164421081542969e+00
2.097795486450195312e+00
2.100003957748413086e+00
2.067079782485961914e+00
2.056680679321289062e+00
2.079802989959716797e+00
2.109965085983276367e+00
2.059779405593872070e+00
2.058076858520507812e+00
2.051021099090576172e+00
2.054643869400024414e+00
2.039258003234863281e+00
2.092455387115478516e+00
2.066540956497192383e+00
2.088278055191040039e+00
2.030539989471435547e+00
2.035489320755004883e+00
2.070831060409545898e+00
2.037255048751831055e+00
2.049392700195312500e+00
2.037467002868652344e+00
2.064409732818603516e+00
2.093243837356567383e+00
2.033686637878417969e+00
2.050642013549804688e+00
2.034949541091918945e+00
2.050931930541992188e+00
2.075222015380859375e+00
2.068193197250366211e+00
2.099361658096313477e+00
2.037335872650146484e+00
2.084493637084960938e+00
2.054275989532470703e+00
2.053679466247558594e+00
2.025749444961547852e+00
2.056040048599243164e+00
2.047477245330810547e+00
2.086520910263061523e+00
2.052378416061401367e+00
2.068591356277465820e+00
2.069017648696899414e+00
2.053450345993041992e+00
2.049063205718994141e+00
2.051280260086059570e+00
2.044977903366088867e+00
2.023068189620971680e+00
2.079919099807739258e+00
2.102954387664794922e+00
2.081349372863769531e+00
2.062227487564086914e+00
2.049242496490478516e+00
2.047942399978637695e+00
2.025189876556396484e+00
2.057384967803955078e+00
2.031761407852172852e+00
2.028002262115478516e+00
2.024637937545776367e+00
2.061536073684692383e+00
2.040252208709716797e+00
2.109586715698242188e+00
2.119330406188964844e+00
2.041039943695068359e+00
2.068107128143310547e+00
2.082716941833496094e+00
2.047126770019531250e+00
2.048325777053833008e+00
2.049676179885864258e+00
2.106910467147827148e+00
2.033792018890380859e+00
2.092737197875976562e+00
2.063575744628906250e+00
2.068178892135620117e+00
2.038307428359985352e+00
2.057533740997314453e+00
2.045576810836791992e+00
2.040209531784057617e+00
2.052757263183593750e+00
2.075079917907714844e+00
2.060842752456665039e+00
2.071763515472412109e+00
2.054288625717163086e+00
2.070224046707153320e+00
2.036911010742187500e+00
2.067283391952514648e+00
2.072625160217285156e+00
2.065010070800781250e+00
2.043338537216186523e+00
2.112649440765380859e+00
2.039221525192260742e+00
2.118704557418823242e+00
2.066588401794433594e+00
2.055089712142944336e+00
2.053390979766845703e+00
2.052000284194946289e+00
2.023333549499511719e+00
2.075971603393554688e+00
2.055640459060668945e+00
2.045199394226074219e+00
2.057622671127319336e+00
2.078290462493896484e+00
2.063567399978637695e+00
