1.615312361717224121e+01
1.580876564979553223e+01
1.545156097412109375e+01
1.559801435470581055e+01
1.598625993728637695e+01
1.601749157905578613e+01
1.577714562416076660e+01
1.594473099708557129e+01
1.580734944343566895e+01
1.553661322593688965e+01
1.612302041053771973e+01
1.544417333602905273e+01
1.547161626815795898e+01
1.544676709175109863e+01
1.558855581283569336e+01
1.587987589836120605e+01
1.544428825378417969e+01
1.549039316177368164e+01
1.547540283203125000e+01
1.594703435897827148e+01
1.573486924171447754e+01
1.560548067092895508e+01
1.573640108108520508e+01
1.606914234161376953e+01
1.557929897308349609e+01
1.550943398475646973e+01
1.549133825302124023e+01
1.544723439216613770e+01
1.565465164184570312e+01
1.548007082939147949e+01
1.587444806098937988e+01
1.576229476928710938e+01
1.546690869331359863e+01
1.558918046951293945e+01
1.583568835258483887e+01
1.551625919342041016e+01
1.548243927955627441e+01
1.559588599205017090e+01
1.570824241638183594e+01
1.611481404304504395e+01
1.548724985122680664e+01
1.556940507888793945e+01
1.549159979820251465e+01
1.616357421875000000e+01
1.593384647369384766e+01
1.545974659919738770e+01
1.570021510124206543e+01
1.553030395507812500e+01
1.544456434249877930e+01
1.547912573814392090e+01
1.546676921844482422e+01
1.552502846717834473e+01
1.561380195617675781e+01
1.555784535408020020e+01
1.589247846603393555e+01
1.583718872070312500e+01
1.546594929695129395e+01
1.590065670013427734e+01
1.544743204116821289e+01
1.560081243515014648e+01
1.547546243667602539e+01
1.553562140464782715e+01
1.544514203071594238e+01
1.543649888038635254e+01
1.543533134460449219e+01
1.563033032417297363e+01
1.567386198043823242e+01
1.563613843917846680e+01
1.588767790794372559e+01
1.546490406990051270e+01
1.558865165710449219e+01
1.546151161193847656e+01
1.558733987808227539e+01
1.558679056167602539e+01
1.552580142021179199e+01
1.545023512840270996e+01
1.594948673248291016e+01
1.588582348823547363e+01
1.563453936576843262e+01
1.567207479476928711e+01
1.559852957725524902e+01
1.581405544281005859e+01
1.558593130111694336e+01
1.579039096832275391e+01
1.555363726615905762e+01
1.543345999717712402e+01
1.544489312171936035e+01
1.545570158958435059e+01
1.548164343833923340e+01
1.550256228446960449e+01
1.569950127601623535e+01
1.566013836860656738e+01
1.542040991783142090e+01
1.549528574943542480e+01
1.582238984107971191e+01
1.547009992599487305e+01
1.579709291458129883e+01
1.546574234962463379e+01
1.545924472808837891e+01
1.547651267051696777e+01
1.568235373497009277e+01
1.590996718406677246e+01
1.548020362854003906e+01
1.553397035598754883e+01
1.555940175056457520e+01
1.565714573860168457e+01
1.579228019714355469e+01
1.599483251571655273e+01
1.551999306678771973e+01
1.552398467063903809e+01
1.583179473876953125e+01
1.545086073875427246e+01
1.581047940254211426e+01
1.558456158638000488e+01
1.568263220787048340e+01
1.542813539505004883e+01
1.586309981346130371e+01
1.542194342613220215e+01
1.589256119728088379e+01
1.590374517440795898e+01
1.546323943138122559e+01
1.560088849067687988e+01
1.585215115547180176e+01
1.586846089363098145e+01
1.556389546394348145e+01
1.548894929885864258e+01
1.545990610122680664e+01
1.592556619644165039e+01
1.562571215629577637e+01
1.539399695396423340e+01
1.546789312362670898e+01
1.548051953315734863e+01
1.598883056640625000e+01
1.583673357963562012e+01
1.558688020706176758e+01
1.552318835258483887e+01
1.581519341468811035e+01
1.565512323379516602e+01
1.573522996902465820e+01
1.552432417869567871e+01
1.583143496513366699e+01
1.572316312789916992e+01
1.589464092254638672e+01
1.587045669555664062e+01
1.613307213783264160e+01
1.579479146003723145e+01
1.573862266540527344e+01
1.583886981010437012e+01
1.564887905120849609e+01
1.545043206214904785e+01
1.564881753921508789e+01
1.559074091911315918e+01
1.570932841300964355e+01
1.554731059074401855e+01
1.577481055259704590e+01
1.566808485984802246e+01
1.555172348022460938e+01
1.542193794250488281e+01
1.578947567939758301e+01
1.547995638847351074e+01
1.541865921020507812e+01
1.562978553771972656e+01
1.621856904029846191e+01
1.606606388092041016e+01
1.590465116500854492e+01
1.574467611312866211e+01
1.582809948921203613e+01
1.550292420387268066e+01
1.587419867515563965e+01
1.547805261611938477e+01
1.580511379241943359e+01
1.542942738533020020e+01
1.572175478935241699e+01
1.571091222763061523e+01
1.550161290168762207e+01
1.540898919105529785e+01
1.564782094955444336e+01
1.566333508491516113e+01
1.590740871429443359e+01
1.542833328247070312e+01
1.544913721084594727e+01
1.567523193359375000e+01
1.568531298637390137e+01
1.560569715499877930e+01
1.573541307449340820e+01
1.558731317520141602e+01
1.583092379570007324e+01
1.568119025230407715e+01
1.583412575721740723e+01
1.577047228813171387e+01
1.554948568344116211e+01
1.545902037620544434e+01
1.558958029747009277e+01
1.553895902633666992e+01
1.596860122680664062e+01
1.543757963180541992e+01
1.586606431007385254e+01
1.543376183509826660e+01
1.557924675941467285e+01
1.543414449691772461e+01
