2.829443216323852539e+00
2.093587636947631836e+00
2.136642456054687500e+00
2.095616817474365234e+00
2.104259490966796875e+00
2.109411239624023438e+00
2.104978799819946289e+00
2.109321832656860352e+00
2.077067375183105469e+00
2.092694044113159180e+00
2.059406280517578125e+00
2.043930292129516602e+00
2.089751243591308594e+00
2.163907527923583984e+00
2.103071451187133789e+00
2.082256793975830078e+00
2.073160648345947266e+00
2.087046861648559570e+00
2.104173660278320312e+00
2.206033468246459961e+00
2.093529939651489258e+00
2.050032854080200195e+00
2.101420640945434570e+00
2.079744100570678711e+00
2.131908893585205078e+00
2.113969802856445312e+00
2.151063680648803711e+00
2.050981283187866211e+00
2.073690891265869141e+00
2.097198009490966797e+00
2.106837511062622070e+00
2.083725690841674805e+00
2.098619222640991211e+00
2.093279838562011719e+00
2.064489364624023438e+00
2.138814926147460938e+00
2.135721445083618164e+00
2.087939262390136719e+00
2.061016559600830078e+00
2.124733448028564453e+00
2.055570840835571289e+00
2.097468137741088867e+00
2.092081308364868164e+00
2.099385499954223633e+00
2.116784572601318359e+00
2.112334728240966797e+00
2.076736927032470703e+00
2.089910984039306641e+00
2.104290962219238281e+00
2.060577154159545898e+00
2.063661336898803711e+00
2.127615451812744141e+00
2.128613471984863281e+00
2.105667829513549805e+00
2.088407754898071289e+00
2.070293426513671875e+00
2.106809616088867188e+00
2.075141906738281250e+00
2.047233104705810547e+00
2.084627389907836914e+00
2.109165191650390625e+00
2.147506475448608398e+00
2.056246280670166016e+00
2.087275981903076172e+00
2.054807901382446289e+00
2.081153392791748047e+00
2.071449995040893555e+00
2.114910364151000977e+00
2.088647603988647461e+00
2.126974821090698242e+00
2.092014074325561523e+00
2.023783683776855469e+00
2.068578720092773438e+00
2.100326299667358398e+00
2.101100444793701172e+00
2.125503301620483398e+00
2.081106424331665039e+00
2.094963312149047852e+00
2.110335111618041992e+00
2.043101549148559570e+00
2.107044935226440430e+00
2.042764663696289062e+00
2.085514068603515625e+00
2.109050273895263672e+00
2.162126779556274414e+00
2.105632066726684570e+00
2.065526962280273438e+00
2.080890655517578125e+00
2.079390048980712891e+00
2.080366373062133789e+00
2.051597356796264648e+00
2.047832489013671875e+00
2.156042814254760742e+00
2.137117624282836914e+00
2.076454401016235352e+00
2.087104320526123047e+00
2.077641010284423828e+00
2.144657373428344727e+00
2.062592983245849609e+00
2.073971986770629883e+00
2.101333141326904297e+00
2.106696128845214844e+00
2.090171098709106445e+00
2.097942113876342773e+00
2.056646823883056641e+00
2.085400581359863281e+00
2.064207315444946289e+00
2.081407785415649414e+00
2.072294473648071289e+00
2.084550619125366211e+00
2.058610200881958008e+00
2.081853389739990234e+00
2.058076381683349609e+00
2.071163415908813477e+00
2.113541364669799805e+00
2.095139026641845703e+00
2.115883827209472656e+00
2.053252458572387695e+00
2.089472293853759766e+00
2.078653573989868164e+00
2.074946880340576172e+00
2.096973657608032227e+00
2.124816894531250000e+00
2.130342006683349609e+00
2.128113269805908203e+00
2.081795930862426758e+00
2.088553667068481445e+00
2.061530828475952148e+00
2.061442136764526367e+00
2.047648906707763672e+00
2.135602712631225586e+00
2.106073617935180664e+00
2.169111967086791992e+00
2.142371654510498047e+00
2.067199230194091797e+00
2.095987081527709961e+00
2.051740884780883789e+00
2.075139045715332031e+00
2.071250438690185547e+00
2.070084095001220703e+00
2.072356462478637695e+00
2.115065813064575195e+00
2.143701791763305664e+00
2.097378969192504883e+00
2.123970985412597656e+00
2.049182415008544922e+00
2.112592935562133789e+00
2.051936626434326172e+00
2.078322410583496094e+00
2.143982887268066406e+00
2.124939441680908203e+00
2.121178388595581055e+00
2.064667701721191406e+00
2.094036579132080078e+00
2.079729080200195312e+00
2.141627550125122070e+00
2.115079641342163086e+00
2.076936960220336914e+00
2.079454660415649414e+00
2.096879482269287109e+00
2.062943696975708008e+00
2.118998527526855469e+00
2.081620931625366211e+00
2.107091903686523438e+00
2.088689088821411133e+00
2.096818685531616211e+00
2.072093963623046875e+00
2.083592891693115234e+00
2.089544296264648438e+00
2.100164175033569336e+00
2.111083745956420898e+00
2.096765518188476562e+00
2.109603404998779297e+00
2.112881422042846680e+00
2.128045558929443359e+00
2.067755222320556641e+00
2.072587251663208008e+00
2.096759796142578125e+00
2.162083387374877930e+00
2.112788200378417969e+00
2.080018043518066406e+00
2.044011592864990234e+00
2.049619197845458984e+00
2.094825506210327148e+00
2.108509063720703125e+00
2.159361124038696289e+00
2.116962909698486328e+00
2.115152835845947266e+00
2.068073272705078125e+00
2.046793937683105469e+00
2.101195812225341797e+00
2.122968673706054688e+00
2.086721897125244141e+00
2.154813289642333984e+00
2.084148406982421875e+00
2.060676813125610352e+00
2.111391305923461914e+00
2.055286407470703125e+00
2.087881088256835938e+00
2.036891222000122070e+00
