1.315913534164428711e+01
1.249138760566711426e+01
1.257471990585327148e+01
1.258435535430908203e+01
1.266044449806213379e+01
1.254995274543762207e+01
1.257122755050659180e+01
1.261019349098205566e+01
1.260839724540710449e+01
1.267396903038024902e+01
1.260592985153198242e+01
1.260424947738647461e+01
1.260496783256530762e+01
1.259009814262390137e+01
1.258817601203918457e+01
1.261343145370483398e+01
1.260590744018554688e+01
1.260898470878601074e+01
1.258818054199218750e+01
1.257777667045593262e+01
1.270444607734680176e+01
1.268909811973571777e+01
1.276200556755065918e+01
1.263241028785705566e+01
1.260287594795227051e+01
1.262249183654785156e+01
1.260839414596557617e+01
1.257977128028869629e+01
1.264217209815979004e+01
1.264371347427368164e+01
1.259802412986755371e+01
1.259433650970458984e+01
1.257250142097473145e+01
1.259460186958312988e+01
1.257974505424499512e+01
1.265939974784851074e+01
1.267799878120422363e+01
1.264484286308288574e+01
1.257783842086791992e+01
1.259465694427490234e+01
1.261977601051330566e+01
1.256955909729003906e+01
1.266081142425537109e+01
1.270654940605163574e+01
1.273935127258300781e+01
1.280637168884277344e+01
1.278689599037170410e+01
1.280375313758850098e+01
1.273974418640136719e+01
1.273546695709228516e+01
1.271883130073547363e+01
1.264446449279785156e+01
1.261918950080871582e+01
1.256799793243408203e+01
1.256509017944335938e+01
1.264149713516235352e+01
1.267475628852844238e+01
1.260980677604675293e+01
1.263288187980651855e+01
1.258381485939025879e+01
1.269142055511474609e+01
1.260244107246398926e+01
1.263353013992309570e+01
1.261184763908386230e+01
1.258958458900451660e+01
1.263239669799804688e+01
1.265424156188964844e+01
1.255247020721435547e+01
1.268156099319458008e+01
1.260226559638977051e+01
1.265766406059265137e+01
1.263386535644531250e+01
1.266464066505432129e+01
1.258272290229797363e+01
1.258450078964233398e+01
1.259419989585876465e+01
1.261518883705139160e+01
1.266250228881835938e+01
1.264325189590454102e+01
1.261547946929931641e+01
1.264735198020935059e+01
1.261202025413513184e+01
1.272486472129821777e+01
1.259988069534301758e+01
1.258422899246215820e+01
1.261964011192321777e+01
1.266731452941894531e+01
1.264255881309509277e+01
1.260418558120727539e+01
1.263786029815673828e+01
1.264818453788757324e+01
1.256331110000610352e+01
1.262891530990600586e+01
1.254192185401916504e+01
1.257772278785705566e+01
1.263059687614440918e+01
1.257988047599792480e+01
1.261567044258117676e+01
1.264850306510925293e+01
1.263001298904418945e+01
1.264216327667236328e+01
1.272038626670837402e+01
1.266110491752624512e+01
1.271009421348571777e+01
1.274491667747497559e+01
1.269721388816833496e+01
1.273383283615112305e+01
1.262966704368591309e+01
1.259652233123779297e+01
1.262630558013916016e+01
1.263244771957397461e+01
1.268740797042846680e+01
1.273543691635131836e+01
1.259127402305603027e+01
1.259414911270141602e+01
1.266547179222106934e+01
1.266387653350830078e+01
1.260884737968444824e+01
1.267701792716979980e+01
1.260910201072692871e+01
1.261377978324890137e+01
1.265962815284729004e+01
1.263692212104797363e+01
1.263778185844421387e+01
1.267105698585510254e+01
1.259808492660522461e+01
1.261111235618591309e+01
1.260337376594543457e+01
1.263456201553344727e+01
1.257920217514038086e+01
1.260764884948730469e+01
1.265566849708557129e+01
1.259597086906433105e+01
1.260965085029602051e+01
1.265347337722778320e+01
1.267327594757080078e+01
1.255216383934020996e+01
1.261195230484008789e+01
1.259247899055480957e+01
1.261425542831420898e+01
1.261484479904174805e+01
1.265066671371459961e+01
1.260022211074829102e+01
1.260748314857482910e+01
1.258134746551513672e+01
1.258767223358154297e+01
1.258952283859252930e+01
1.260374402999877930e+01
1.259857082366943359e+01
1.261846160888671875e+01
1.265662908554077148e+01
1.262316966056823730e+01
1.266946935653686523e+01
1.258137512207031250e+01
1.257885622978210449e+01
1.253320670127868652e+01
1.254636096954345703e+01
1.265050244331359863e+01
1.266494822502136230e+01
1.265141606330871582e+01
1.267030930519104004e+01
1.261992335319519043e+01
1.266250658035278320e+01
1.265449428558349609e+01
1.271515083312988281e+01
1.255551743507385254e+01
1.253409123420715332e+01
1.267270469665527344e+01
1.260182142257690430e+01
1.262163639068603516e+01
1.261051321029663086e+01
1.261014533042907715e+01
1.258771729469299316e+01
1.261730360984802246e+01
1.261026668548583984e+01
1.260668754577636719e+01
1.263688278198242188e+01
1.257141995429992676e+01
1.258404254913330078e+01
1.262691044807434082e+01
1.272912168502807617e+01
1.259694314002990723e+01
1.267946434020996094e+01
1.260542345046997070e+01
1.258866548538208008e+01
1.264070248603820801e+01
1.259204363822937012e+01
1.263457417488098145e+01
1.267701792716979980e+01
1.256347203254699707e+01
1.262105059623718262e+01
1.264753508567810059e+01
1.260862755775451660e+01
1.262149834632873535e+01
1.259865808486938477e+01
1.260207533836364746e+01
1.262213134765625000e+01
1.265519189834594727e+01
1.262173080444335938e+01
1.261088156700134277e+01
