1.345265531539916992e+01
1.287566709518432617e+01
1.286837720870971680e+01
1.293969202041625977e+01
1.291725206375122070e+01
1.295475792884826660e+01
1.303347396850585938e+01
1.300109767913818359e+01
1.307808732986450195e+01
1.290021920204162598e+01
1.295533561706542969e+01
1.292199563980102539e+01
1.298704075813293457e+01
1.294439625740051270e+01
1.296464347839355469e+01
1.299493169784545898e+01
1.289732360839843750e+01
1.291413807868957520e+01
1.309139251708984375e+01
1.289816451072692871e+01
1.306610393524169922e+01
1.314136147499084473e+01
1.305066585540771484e+01
1.298728966712951660e+01
1.294454288482666016e+01
1.300263953208923340e+01
1.294713163375854492e+01
1.295664453506469727e+01
1.303510642051696777e+01
1.292069196701049805e+01
1.295683479309082031e+01
1.291873002052307129e+01
1.298225927352905273e+01
1.285910296440124512e+01
1.289556097984313965e+01
1.294333720207214355e+01
1.297619843482971191e+01
1.298360753059387207e+01
1.300090312957763672e+01
1.294131660461425781e+01
1.293063807487487793e+01
1.294605541229248047e+01
1.299017453193664551e+01
1.296840023994445801e+01
1.312859797477722168e+01
1.305552458763122559e+01
1.305013060569763184e+01
1.305601572990417480e+01
1.302806568145751953e+01
1.308027124404907227e+01
1.308529114723205566e+01
1.297491145133972168e+01
1.296214675903320312e+01
1.285894107818603516e+01
1.292382717132568359e+01
1.290770339965820312e+01
1.301053524017333984e+01
1.295940732955932617e+01
1.292959356307983398e+01
1.295589494705200195e+01
1.297323131561279297e+01
1.295570015907287598e+01
1.293780398368835449e+01
1.295413470268249512e+01
1.292122054100036621e+01
1.301961779594421387e+01
1.299354505538940430e+01
1.288974332809448242e+01
1.293465781211853027e+01
1.287875914573669434e+01
1.298636293411254883e+01
1.296085453033447266e+01
1.294037437438964844e+01
1.292391324043273926e+01
1.292040967941284180e+01
1.289815688133239746e+01
1.291828012466430664e+01
1.299058580398559570e+01
1.291535711288452148e+01
1.285397005081176758e+01
1.292390751838684082e+01
1.289549756050109863e+01
1.296859812736511230e+01
1.286467599868774414e+01
1.293176341056823730e+01
1.296833753585815430e+01
1.293099737167358398e+01
1.295245599746704102e+01
1.300774073600769043e+01
1.295734357833862305e+01
1.292528486251831055e+01
1.296462416648864746e+01
1.294580554962158203e+01
1.289469504356384277e+01
1.296726894378662109e+01
1.293218755722045898e+01
1.291098642349243164e+01
1.291253948211669922e+01
1.294527077674865723e+01
1.299323534965515137e+01
1.291663241386413574e+01
1.294087696075439453e+01
1.305489087104797363e+01
1.305708885192871094e+01
1.311192083358764648e+01
1.298728084564208984e+01
1.293727588653564453e+01
1.298637175559997559e+01
1.289046120643615723e+01
1.292491626739501953e+01
1.293046092987060547e+01
1.301176738739013672e+01
1.291501903533935547e+01
1.295571899414062500e+01
1.298700165748596191e+01
1.294129276275634766e+01
1.294560456275939941e+01
1.297949624061584473e+01
1.293812990188598633e+01
1.288131594657897949e+01
1.296211695671081543e+01
1.293119525909423828e+01
1.295745611190795898e+01
1.291734981536865234e+01
1.293986368179321289e+01
1.293110966682434082e+01
1.293319010734558105e+01
1.299621009826660156e+01
1.300508713722229004e+01
1.296885275840759277e+01
1.288178420066833496e+01
1.291800332069396973e+01
1.294915461540222168e+01
1.292937088012695312e+01
1.293703293800354004e+01
1.289085602760314941e+01
1.301234364509582520e+01
1.295073390007019043e+01
1.288970851898193359e+01
1.292482709884643555e+01
1.295984721183776855e+01
1.290220379829406738e+01
1.290726447105407715e+01
1.296253800392150879e+01
1.292671370506286621e+01
1.295138263702392578e+01
1.297450160980224609e+01
1.297237181663513184e+01
1.290850210189819336e+01
1.291810250282287598e+01
1.298565936088562012e+01
1.296678447723388672e+01
1.292460036277770996e+01
1.294944310188293457e+01
1.289565896987915039e+01
1.294255757331848145e+01
1.295243024826049805e+01
1.293084335327148438e+01
1.294440245628356934e+01
1.286754488945007324e+01
1.299328827857971191e+01
1.289657711982727051e+01
1.291057109832763672e+01
1.291293406486511230e+01
1.293055772781372070e+01
1.307533693313598633e+01
1.285537409782409668e+01
1.289417457580566406e+01
1.297056007385253906e+01
1.295038986206054688e+01
1.293708872795104980e+01
1.288009190559387207e+01
1.300116014480590820e+01
1.295057988166809082e+01
1.288840961456298828e+01
1.292863893508911133e+01
1.290505838394165039e+01
1.294467973709106445e+01
1.296710801124572754e+01
1.287244391441345215e+01
1.298140501976013184e+01
1.294927883148193359e+01
1.290247988700866699e+01
1.295050358772277832e+01
1.296800351142883301e+01
1.289620208740234375e+01
1.293776822090148926e+01
1.295227575302124023e+01
1.294306206703186035e+01
1.296772193908691406e+01
1.290738248825073242e+01
1.293765521049499512e+01
1.298212242126464844e+01
1.295759367942810059e+01
1.298651719093322754e+01
1.290713810920715332e+01
1.302111124992370605e+01
1.297287297248840332e+01
1.302130413055419922e+01
1.304119682312011719e+01
