1.345952105522155762e+01
1.283117270469665527e+01
1.282418465614318848e+01
1.284039425849914551e+01
1.285010957717895508e+01
1.293415045738220215e+01
1.296891903877258301e+01
1.288860583305358887e+01
1.292837214469909668e+01
1.298549556732177734e+01
1.297282361984252930e+01
1.299179148674011230e+01
1.300349426269531250e+01
1.288719272613525391e+01
1.285084867477416992e+01
1.291821861267089844e+01
1.295400667190551758e+01
1.294077181816101074e+01
1.292591428756713867e+01
1.290366411209106445e+01
1.300672602653503418e+01
1.300909495353698730e+01
1.305341243743896484e+01
1.302815246582031250e+01
1.287282037734985352e+01
1.294151782989501953e+01
1.295518016815185547e+01
1.302240657806396484e+01
1.293480920791625977e+01
1.286939740180969238e+01
1.284623241424560547e+01
1.288903617858886719e+01
1.288806366920471191e+01
1.300086164474487305e+01
1.291875410079956055e+01
1.287591075897216797e+01
1.288802695274353027e+01
1.291163539886474609e+01
1.284394025802612305e+01
1.287738728523254395e+01
1.292998814582824707e+01
1.286943745613098145e+01
1.286232614517211914e+01
1.291616749763488770e+01
1.301036238670349121e+01
1.301917576789855957e+01
1.305850505828857422e+01
1.305735015869140625e+01
1.302898001670837402e+01
1.296713852882385254e+01
1.301553630828857422e+01
1.291804409027099609e+01
1.285364937782287598e+01
1.289928174018859863e+01
1.297695136070251465e+01
1.290780448913574219e+01
1.295931148529052734e+01
1.287586164474487305e+01
1.291831970214843750e+01
1.299575376510620117e+01
1.289719915390014648e+01
1.292382645606994629e+01
1.294887590408325195e+01
1.286880922317504883e+01
1.295576143264770508e+01
1.286683845520019531e+01
1.286089134216308594e+01
1.292177438735961914e+01
1.295992255210876465e+01
1.294672274589538574e+01
1.291663122177124023e+01
1.286377167701721191e+01
1.289632606506347656e+01
1.298458862304687500e+01
1.286184453964233398e+01
1.297246766090393066e+01
1.287429833412170410e+01
1.293512248992919922e+01
1.293456721305847168e+01
1.296238160133361816e+01
1.292181277275085449e+01
1.287715792655944824e+01
1.290035152435302734e+01
1.293272829055786133e+01
1.288900589942932129e+01
1.293446421623229980e+01
1.289482736587524414e+01
1.288060426712036133e+01
1.287091302871704102e+01
1.290968036651611328e+01
1.284401106834411621e+01
1.288805007934570312e+01
1.299004316329956055e+01
1.293065237998962402e+01
1.289816117286682129e+01
1.290151333808898926e+01
1.286571621894836426e+01
1.287484121322631836e+01
1.288875102996826172e+01
1.289071249961853027e+01
1.290187978744506836e+01
1.290537095069885254e+01
1.302169752120971680e+01
1.296607875823974609e+01
1.299511146545410156e+01
1.295696163177490234e+01
1.294662714004516602e+01
1.289512372016906738e+01
1.286823534965515137e+01
1.292641878128051758e+01
1.290303802490234375e+01
1.282818055152893066e+01
1.290156626701354980e+01
1.283772253990173340e+01
1.282759618759155273e+01
1.286896753311157227e+01
1.294756627082824707e+01
1.287986373901367188e+01
1.284113764762878418e+01
1.293140673637390137e+01
1.290348196029663086e+01
1.298734211921691895e+01
1.284179806709289551e+01
1.291219258308410645e+01
1.282907199859619141e+01
1.286347651481628418e+01
1.294460082054138184e+01
1.283449101448059082e+01
1.293773412704467773e+01
1.284213924407958984e+01
1.294244670867919922e+01
1.288592600822448730e+01
1.291502618789672852e+01
1.292319178581237793e+01
1.294432473182678223e+01
1.294678258895874023e+01
1.293299126625061035e+01
1.285549807548522949e+01
1.289141559600830078e+01
1.288714790344238281e+01
1.286756134033203125e+01
1.287066864967346191e+01
1.288025426864624023e+01
1.290732431411743164e+01
1.290501213073730469e+01
1.290206480026245117e+01
1.285323834419250488e+01
1.295742964744567871e+01
1.295872116088867188e+01
1.288815259933471680e+01
1.290802669525146484e+01
1.288669705390930176e+01
1.296916174888610840e+01
1.291681933403015137e+01
1.290899348258972168e+01
1.290305566787719727e+01
1.298384976387023926e+01
1.293358302116394043e+01
1.294139957427978516e+01
1.291593003273010254e+01
1.289303493499755859e+01
1.294212532043457031e+01
1.290692973136901855e+01
1.287134647369384766e+01
1.291775059700012207e+01
1.285170340538024902e+01
1.303176093101501465e+01
1.289052653312683105e+01
1.283092141151428223e+01
1.290735077857971191e+01
1.288273572921752930e+01
1.290885090827941895e+01
1.286748933792114258e+01
1.284389209747314453e+01
1.293339657783508301e+01
1.290342187881469727e+01
1.285824298858642578e+01
1.291453719139099121e+01
1.305179476737976074e+01
1.294821810722351074e+01
1.292502307891845703e+01
1.291777157783508301e+01
1.301262378692626953e+01
1.298163437843322754e+01
1.293406867980957031e+01
1.289436888694763184e+01
1.292257809638977051e+01
1.295742464065551758e+01
1.287295436859130859e+01
1.283998084068298340e+01
1.294819355010986328e+01
1.290342330932617188e+01
1.288012933731079102e+01
1.294887566566467285e+01
1.285419297218322754e+01
1.294872140884399414e+01
1.289668059349060059e+01
1.286576890945434570e+01
1.284832453727722168e+01
1.297364425659179688e+01
