1.000000000000000000e+01
1.585999965667724609e+01
1.578999996185302734e+01
1.930999946594238281e+01
1.976999855041503906e+01
2.286999893188476562e+01
2.718999862670898438e+01
2.575000000000000000e+01
3.221999740600585938e+01
3.261999893188476562e+01
3.409000015258789062e+01
3.536000061035156250e+01
3.525999832153320312e+01
3.729000091552734375e+01
3.475999832153320312e+01
3.752999877929687500e+01
3.750000000000000000e+01
3.975000000000000000e+01
4.072999954223632812e+01
3.732999801635742188e+01
4.061000061035156250e+01
4.025999832153320312e+01
4.087999725341796875e+01
3.950000000000000000e+01
3.847999954223632812e+01
3.940999984741210938e+01
4.140999984741210938e+01
3.993000030517578125e+01
4.230999755859375000e+01
3.954999923706054688e+01
4.203999710083007812e+01
4.211000061035156250e+01
4.136999893188476562e+01
4.077000045776367188e+01
4.356999969482421875e+01
3.388999938964843750e+01
4.434999847412109375e+01
4.302000045776367188e+01
3.743000030517578125e+01
4.370000076293945312e+01
4.125000000000000000e+01
4.018000030517578125e+01
4.215999984741210938e+01
3.979999923706054688e+01
3.777999877929687500e+01
4.240999984741210938e+01
4.361999893188476562e+01
4.302999877929687500e+01
4.430999755859375000e+01
4.425000000000000000e+01
4.012999725341796875e+01
4.368999862670898438e+01
4.346999740600585938e+01
3.629999923706054688e+01
4.209000015258789062e+01
4.241999816894531250e+01
4.361999893188476562e+01
4.302999877929687500e+01
4.179999923706054688e+01
4.259999847412109375e+01
4.281999969482421875e+01
4.021999740600585938e+01
4.106999969482421875e+01
4.278999710083007812e+01
4.088999938964843750e+01
4.197999954223632812e+01
4.055999755859375000e+01
3.866999816894531250e+01
3.825999832153320312e+01
4.237999725341796875e+01
3.984000015258789062e+01
4.016999816894531250e+01
4.245999908447265625e+01
4.157999801635742188e+01
4.193000030517578125e+01
4.291999816894531250e+01
3.928999710083007812e+01
3.925999832153320312e+01
4.284000015258789062e+01
4.259999847412109375e+01
4.341999816894531250e+01
3.798999786376953125e+01
4.171999740600585938e+01
3.316999816894531250e+01
4.046999740600585938e+01
4.102000045776367188e+01
3.797999954223632812e+01
4.143999862670898438e+01
4.452999877929687500e+01
3.861000061035156250e+01
4.237999725341796875e+01
4.145000076293945312e+01
3.877999877929687500e+01
4.100000000000000000e+01
4.261000061035156250e+01
3.859000015258789062e+01
4.302999877929687500e+01
4.150999832153320312e+01
3.425999832153320312e+01
4.209999847412109375e+01
4.612999725341796875e+01
4.673999786376953125e+01
4.618999862670898438e+01
4.736000061035156250e+01
4.698999786376953125e+01
4.754999923706054688e+01
4.798999786376953125e+01
4.794999694824218750e+01
4.777000045776367188e+01
4.857999801635742188e+01
4.821999740600585938e+01
4.861000061035156250e+01
4.945999908447265625e+01
4.927999877929687500e+01
4.934000015258789062e+01
4.852999877929687500e+01
4.969999694824218750e+01
4.911000061035156250e+01
4.920999908447265625e+01
4.986999893188476562e+01
4.875999832153320312e+01
4.945999908447265625e+01
4.970999908447265625e+01
4.880999755859375000e+01
5.009999847412109375e+01
5.031999969482421875e+01
5.007999801635742188e+01
5.064999771118164062e+01
5.062999725341796875e+01
5.065999984741210938e+01
5.046999740600585938e+01
5.071999740600585938e+01
5.037999725341796875e+01
5.002999877929687500e+01
5.057999801635742188e+01
5.077999877929687500e+01
5.114999771118164062e+01
5.127999877929687500e+01
5.122999954223632812e+01
5.155999755859375000e+01
5.141999816894531250e+01
5.177999877929687500e+01
5.161999893188476562e+01
5.164999771118164062e+01
5.262999725341796875e+01
5.177999877929687500e+01
5.193999862670898438e+01
5.123999786376953125e+01
5.282999801635742188e+01
5.211999893188476562e+01
5.266999816894531250e+01
5.257999801635742188e+01
5.279999923706054688e+01
5.281999969482421875e+01
5.277000045776367188e+01
5.305999755859375000e+01
5.282999801635742188e+01
5.288999938964843750e+01
5.305999755859375000e+01
5.289999771118164062e+01
5.285999679565429688e+01
5.307999801635742188e+01
5.327999877929687500e+01
5.310999679565429688e+01
5.296999740600585938e+01
5.318999862670898438e+01
5.327999877929687500e+01
5.306999969482421875e+01
5.293999862670898438e+01
5.290999984741210938e+01
5.275000000000000000e+01
5.323999786376953125e+01
5.307999801635742188e+01
5.320999908447265625e+01
5.311999893188476562e+01
5.314999771118164062e+01
5.330999755859375000e+01
5.334999847412109375e+01
5.353999710083007812e+01
5.330999755859375000e+01
5.325000000000000000e+01
5.323999786376953125e+01
5.330999755859375000e+01
5.321999740600585938e+01
5.330999755859375000e+01
5.303999710083007812e+01
5.339999771118164062e+01
5.323999786376953125e+01
5.320999908447265625e+01
5.328999710083007812e+01
5.306999969482421875e+01
5.294999694824218750e+01
5.312999725341796875e+01
5.341999816894531250e+01
5.306999969482421875e+01
5.339999771118164062e+01
5.315999984741210938e+01
5.307999801635742188e+01
5.344999694824218750e+01
5.335999679565429688e+01
