1.492999935150146484e+01
1.788999938964843750e+01
2.229999923706054688e+01
2.422999954223632812e+01
2.188999938964843750e+01
2.811999893188476562e+01
2.677999877929687500e+01
2.620999908447265625e+01
2.742999839782714844e+01
3.076999855041503906e+01
3.255999755859375000e+01
3.084000015258789062e+01
3.119999885559082031e+01
2.892000007629394531e+01
3.297999954223632812e+01
3.225000000000000000e+01
3.557999801635742188e+01
3.550999832153320312e+01
3.152999877929687500e+01
3.716999816894531250e+01
3.686000061035156250e+01
3.747999954223632812e+01
3.748999786376953125e+01
3.659000015258789062e+01
3.798999786376953125e+01
3.632999801635742188e+01
3.655999755859375000e+01
3.914999771118164062e+01
3.880999755859375000e+01
3.720999908447265625e+01
3.763999938964843750e+01
3.780999755859375000e+01
3.832999801635742188e+01
3.698999786376953125e+01
3.666999816894531250e+01
3.709999847412109375e+01
3.765999984741210938e+01
3.716999816894531250e+01
3.711000061035156250e+01
3.936000061035156250e+01
3.611999893188476562e+01
3.952000045776367188e+01
3.415999984741210938e+01
3.925000000000000000e+01
3.825999832153320312e+01
3.713999938964843750e+01
3.716999816894531250e+01
3.827999877929687500e+01
4.029999923706054688e+01
3.865999984741210938e+01
4.009999847412109375e+01
3.623999786376953125e+01
3.802000045776367188e+01
3.800000000000000000e+01
3.806999969482421875e+01
3.807999801635742188e+01
3.704000091552734375e+01
3.827000045776367188e+01
3.797999954223632812e+01
3.768999862670898438e+01
3.679999923706054688e+01
4.030999755859375000e+01
3.656999969482421875e+01
3.818000030517578125e+01
3.388999938964843750e+01
3.780999755859375000e+01
3.825999832153320312e+01
3.870999908447265625e+01
3.934999847412109375e+01
3.696999740600585938e+01
3.648999786376953125e+01
3.770999908447265625e+01
3.736000061035156250e+01
3.882999801635742188e+01
3.663999938964843750e+01
3.465999984741210938e+01
3.793999862670898438e+01
3.634000015258789062e+01
3.286999893188476562e+01
3.816999816894531250e+01
3.957999801635742188e+01
3.132999992370605469e+01
3.186999893188476562e+01
3.736000061035156250e+01
3.618999862670898438e+01
3.643000030517578125e+01
4.088999938964843750e+01
3.745000076293945312e+01
3.856999969482421875e+01
3.837999725341796875e+01
3.945000076293945312e+01
3.965999984741210938e+01
4.002000045776367188e+01
3.923999786376953125e+01
3.964999771118164062e+01
3.754000091552734375e+01
3.365999984741210938e+01
3.866999816894531250e+01
3.952000045776367188e+01
3.596999740600585938e+01
4.239999771118164062e+01
4.311000061035156250e+01
4.271999740600585938e+01
4.370000076293945312e+01
4.372999954223632812e+01
4.323999786376953125e+01
4.461999893188476562e+01
4.380999755859375000e+01
4.496999740600585938e+01
4.475999832153320312e+01
4.470999908447265625e+01
4.532999801635742188e+01
4.434999847412109375e+01
4.506999969482421875e+01
4.562999725341796875e+01
4.497999954223632812e+01
4.522999954223632812e+01
4.568999862670898438e+01
4.553999710083007812e+01
4.546999740600585938e+01
4.566999816894531250e+01
4.534000015258789062e+01
4.631999969482421875e+01
4.596999740600585938e+01
4.613999938964843750e+01
4.597999954223632812e+01
4.640999984741210938e+01
4.686999893188476562e+01
4.587999725341796875e+01
4.698999786376953125e+01
4.686999893188476562e+01
4.687999725341796875e+01
4.746999740600585938e+01
4.571999740600585938e+01
4.722999954223632812e+01
4.704999923706054688e+01
4.739999771118164062e+01
4.718000030517578125e+01
4.706999969482421875e+01
4.538999938964843750e+01
4.714999771118164062e+01
4.678999710083007812e+01
4.665999984741210938e+01
4.621999740600585938e+01
4.738999938964843750e+01
4.768000030517578125e+01
4.793000030517578125e+01
4.784000015258789062e+01
4.825000000000000000e+01
4.832999801635742188e+01
4.861000061035156250e+01
4.859000015258789062e+01
4.862999725341796875e+01
4.863999938964843750e+01
4.816999816894531250e+01
4.823999786376953125e+01
4.845999908447265625e+01
4.828999710083007812e+01
4.819999694824218750e+01
4.832999801635742188e+01
4.820999908447265625e+01
4.829999923706054688e+01
4.832999801635742188e+01
4.805999755859375000e+01
4.836000061035156250e+01
4.854999923706054688e+01
4.838999938964843750e+01
4.829999923706054688e+01
4.847999954223632812e+01
4.830999755859375000e+01
4.850000000000000000e+01
4.821999740600585938e+01
4.840999984741210938e+01
4.857999801635742188e+01
4.828999710083007812e+01
4.836999893188476562e+01
4.848999786376953125e+01
4.861999893188476562e+01
4.862999725341796875e+01
4.834999847412109375e+01
4.886999893188476562e+01
4.850999832153320312e+01
4.890999984741210938e+01
4.877000045776367188e+01
4.850999832153320312e+01
4.854999923706054688e+01
4.875999832153320312e+01
4.856999969482421875e+01
4.838999938964843750e+01
4.872999954223632812e+01
4.891999816894531250e+01
4.869999694824218750e+01
4.898999786376953125e+01
4.875999832153320312e+01
4.889999771118164062e+01
4.912999725341796875e+01
4.907999801635742188e+01
4.897999954223632812e+01
4.918999862670898438e+01
4.879999923706054688e+01
