1.301956868171691895e+01
1.230809712409973145e+01
1.244227290153503418e+01
1.240252232551574707e+01
1.250851798057556152e+01
1.244226646423339844e+01
1.250057291984558105e+01
1.252967786788940430e+01
1.250077271461486816e+01
1.255434703826904297e+01
1.247246694564819336e+01
1.251335644721984863e+01
1.253779625892639160e+01
1.245634078979492188e+01
1.249816989898681641e+01
1.253317523002624512e+01
1.248703694343566895e+01
1.245172357559204102e+01
1.250556540489196777e+01
1.244796347618103027e+01
1.259158802032470703e+01
1.272610306739807129e+01
1.263381552696228027e+01
1.253556442260742188e+01
1.250391793251037598e+01
1.247741198539733887e+01
1.246632051467895508e+01
1.247827553749084473e+01
1.248702383041381836e+01
1.250269508361816406e+01
1.248190307617187500e+01
1.246645855903625488e+01
1.242532229423522949e+01
1.248181128501892090e+01
1.253624844551086426e+01
1.252224612236022949e+01
1.252180504798889160e+01
1.245427250862121582e+01
1.245335674285888672e+01
1.244582700729370117e+01
1.250563025474548340e+01
1.257007360458374023e+01
1.254920363426208496e+01
1.255447793006896973e+01
1.262931537628173828e+01
1.263628220558166504e+01
1.255094933509826660e+01
1.266648888587951660e+01
1.268073630332946777e+01
1.254194307327270508e+01
1.261079597473144531e+01
1.249337935447692871e+01
1.250804638862609863e+01
1.251921057701110840e+01
1.251859807968139648e+01
1.252875614166259766e+01
1.246260905265808105e+01
1.253817129135131836e+01
1.247405672073364258e+01
1.244964885711669922e+01
1.246597003936767578e+01
1.252450728416442871e+01
1.247029805183410645e+01
1.241254115104675293e+01
1.243975520133972168e+01
1.245471239089965820e+01
1.248897957801818848e+01
1.251533365249633789e+01
1.251556730270385742e+01
1.250505208969116211e+01
1.246020007133483887e+01
1.251282596588134766e+01
1.247264599800109863e+01
1.252186846733093262e+01
1.252869224548339844e+01
1.248246121406555176e+01
1.256579518318176270e+01
1.243437671661376953e+01
1.246515893936157227e+01
1.254875540733337402e+01
1.243002557754516602e+01
1.254707431793212891e+01
1.250557112693786621e+01
1.254584097862243652e+01
1.245192813873291016e+01
1.246911549568176270e+01
1.243973445892333984e+01
1.255710577964782715e+01
1.249444651603698730e+01
1.254545474052429199e+01
1.251419925689697266e+01
1.251727724075317383e+01
1.245386886596679688e+01
1.244615244865417480e+01
1.244698286056518555e+01
1.245443177223205566e+01
1.254579401016235352e+01
1.254633402824401855e+01
1.259675931930541992e+01
1.240834808349609375e+01
1.247937655448913574e+01
1.257282090187072754e+01
1.271679162979125977e+01
1.265281534194946289e+01
1.259113621711730957e+01
1.247516870498657227e+01
1.249321722984313965e+01
1.241343760490417480e+01
1.248202776908874512e+01
1.243702793121337891e+01
1.251823329925537109e+01
1.247181415557861328e+01
1.253180074691772461e+01
1.254453086853027344e+01
1.247876334190368652e+01
1.255870223045349121e+01
1.256065988540649414e+01
1.258167886734008789e+01
1.258147525787353516e+01
1.250567555427551270e+01
1.248030090332031250e+01
1.250970792770385742e+01
1.255419492721557617e+01
1.242533445358276367e+01
1.249337458610534668e+01
1.253856348991394043e+01
1.248276305198669434e+01
1.244051098823547363e+01
1.243076443672180176e+01
1.246023035049438477e+01
1.247825694084167480e+01
1.245428800582885742e+01
1.246757626533508301e+01
1.246587276458740234e+01
1.243672871589660645e+01
1.256626081466674805e+01
1.245244812965393066e+01
1.259440159797668457e+01
1.257037925720214844e+01
1.243033051490783691e+01
1.257826471328735352e+01
1.246461176872253418e+01
1.245010709762573242e+01
1.249566364288330078e+01
1.256073284149169922e+01
1.244412231445312500e+01
1.246131324768066406e+01
1.245133948326110840e+01
1.244523739814758301e+01
1.243225812911987305e+01
1.244020581245422363e+01
1.244635796546936035e+01
1.247295880317687988e+01
1.244318747520446777e+01
1.249039864540100098e+01
1.252061891555786133e+01
1.251666378974914551e+01
1.252158904075622559e+01
1.251074385643005371e+01
1.251174044609069824e+01
1.243590283393859863e+01
1.244002699851989746e+01
1.244463229179382324e+01
1.253338742256164551e+01
1.255208563804626465e+01
1.245575404167175293e+01
1.246286725997924805e+01
1.245321750640869141e+01
1.250102090835571289e+01
1.245253252983093262e+01
1.251275062561035156e+01
1.248905539512634277e+01
1.249703001976013184e+01
1.262032842636108398e+01
1.255146980285644531e+01
1.248188710212707520e+01
1.260102295875549316e+01
1.254674744606018066e+01
1.245539450645446777e+01
1.249662804603576660e+01
1.245519256591796875e+01
1.243335342407226562e+01
1.252535152435302734e+01
1.248305964469909668e+01
1.244889950752258301e+01
1.244502449035644531e+01
1.249322485923767090e+01
1.246770787239074707e+01
1.259612441062927246e+01
1.244285678863525391e+01
1.246982955932617188e+01
1.246283984184265137e+01
1.246509385108947754e+01
1.253186750411987305e+01
1.251924371719360352e+01
1.249185633659362793e+01
1.251162290573120117e+01
1.246193671226501465e+01
1.252448821067810059e+01
1.253110647201538086e+01
