4.826364517211914062e-01
4.952602386474609375e-01
4.761092662811279297e-01
4.733421802520751953e-01
4.797327518463134766e-01
4.688236713409423828e-01
4.736404418945312500e-01
4.690883159637451172e-01
4.705526828765869141e-01
4.734792709350585938e-01
4.658279418945312500e-01
4.798231124877929688e-01
4.608552455902099609e-01
4.611530303955078125e-01
4.553000926971435547e-01
4.554536342620849609e-01
4.555764198303222656e-01
4.523971080780029297e-01
4.637379646301269531e-01
4.504964351654052734e-01
4.805879592895507812e-01
4.596319198608398438e-01
4.659981727600097656e-01
4.579868316650390625e-01
4.575660228729248047e-01
4.613807201385498047e-01
4.509992599487304688e-01
4.652848243713378906e-01
4.528496265411376953e-01
4.632449150085449219e-01
4.538087844848632812e-01
4.565076828002929688e-01
4.611461162567138672e-01
4.523954391479492188e-01
4.639899730682373047e-01
4.493622779846191406e-01
4.623434543609619141e-01
4.544694423675537109e-01
4.595398902893066406e-01
4.578034877777099609e-01
4.566850662231445312e-01
4.611086845397949219e-01
4.529259204864501953e-01
4.623875617980957031e-01
4.673082828521728516e-01
4.676885604858398438e-01
4.628169536590576172e-01
4.739263057708740234e-01
4.671435356140136719e-01
4.606816768646240234e-01
4.677193164825439453e-01
4.516546726226806641e-01
4.634222984313964844e-01
4.537382125854492188e-01
4.613993167877197266e-01
4.566855430603027344e-01
4.544973373413085938e-01
4.601726531982421875e-01
4.524996280670166016e-01
4.638864994049072266e-01
4.502062797546386719e-01
4.625322818756103516e-01
4.548549652099609375e-01
4.546167850494384766e-01
4.602026939392089844e-01
4.514534473419189453e-01
4.649755954742431641e-01
4.531018733978271484e-01
4.606764316558837891e-01
4.529705047607421875e-01
4.589712619781494141e-01
4.553091526031494141e-01
4.533779621124267578e-01
4.612002372741699219e-01
4.507026672363281250e-01
4.599854946136474609e-01
4.504175186157226562e-01
4.619617462158203125e-01
4.532499313354492188e-01
4.535501003265380859e-01
4.584355354309082031e-01
4.520826339721679688e-01
4.629409313201904297e-01
4.516541957855224609e-01
4.622435569763183594e-01
4.524724483489990234e-01
4.592957496643066406e-01
4.555952548980712891e-01
4.512834548950195312e-01
4.630222320556640625e-01
4.500269889831542969e-01
4.599790573120117188e-01
4.537544250488281250e-01
4.629087448120117188e-01
4.544751644134521484e-01
4.523231983184814453e-01
4.581072330474853516e-01
4.532594680786132812e-01
4.623410701751708984e-01
4.507663249969482422e-01
4.604933261871337891e-01
4.558467864990234375e-01
4.642305374145507812e-01
4.671373367309570312e-01
4.575767517089843750e-01
4.627249240875244141e-01
4.491569995880126953e-01
4.635353088378906250e-01
4.531009197235107422e-01
4.589612483978271484e-01
4.536490440368652344e-01
4.529731273651123047e-01
4.641823768615722656e-01
4.506566524505615234e-01
4.619503021240234375e-01
4.548530578613281250e-01
4.603137969970703125e-01
4.568624496459960938e-01
4.521524906158447266e-01
4.570281505584716797e-01
4.525938034057617188e-01
4.632287025451660156e-01
4.506900310516357422e-01
4.598889350891113281e-01
4.549789428710937500e-01
4.569120407104492188e-01
4.539575576782226562e-01
4.505853652954101562e-01
4.622611999511718750e-01
4.508142471313476562e-01
4.617178440093994141e-01
4.553320407867431641e-01
4.620094299316406250e-01
4.528319835662841797e-01
4.523234367370605469e-01
4.614608287811279297e-01
4.550197124481201172e-01
4.598739147186279297e-01
4.532177448272705078e-01
4.598462581634521484e-01
4.549484252929687500e-01
4.539277553558349609e-01
4.546658992767333984e-01
4.509308338165283203e-01
4.629013538360595703e-01
4.500677585601806641e-01
4.631948471069335938e-01
4.559907913208007812e-01
4.595696926116943359e-01
4.596073627471923828e-01
4.501242637634277344e-01
4.673035144805908203e-01
4.540553092956542969e-01
4.613144397735595703e-01
4.526419639587402344e-01
4.617664813995361328e-01
4.530031681060791016e-01
4.557595252990722656e-01
4.591374397277832031e-01
4.509093761444091797e-01
4.671750068664550781e-01
4.512181282043457031e-01
4.605743885040283203e-01
4.540181159973144531e-01
4.586706161499023438e-01
4.560945034027099609e-01
4.506576061248779297e-01
4.641339778900146484e-01
4.534854888916015625e-01
4.630787372589111328e-01
4.527173042297363281e-01
4.596705436706542969e-01
4.590623378753662109e-01
4.504160881042480469e-01
4.621534347534179688e-01
4.525580406188964844e-01
4.640061855316162109e-01
4.528851509094238281e-01
4.586021900177001953e-01
4.527244567871093750e-01
4.587368965148925781e-01
4.604182243347167969e-01
4.511530399322509766e-01
4.653441905975341797e-01
4.536561965942382812e-01
4.623234272003173828e-01
4.529392719268798828e-01
4.601302146911621094e-01
4.540767669677734375e-01
4.515469074249267578e-01
4.655504226684570312e-01
4.518492221832275391e-01
4.620473384857177734e-01
4.546613693237304688e-01
4.560208320617675781e-01
4.544482231140136719e-01
4.634282588958740234e-01
4.628255367279052734e-01
4.494326114654541016e-01
4.643001556396484375e-01
