2.380849188537597527e+00
2.262151030883789105e+00
2.187137984962463477e+00
2.153111387939453003e+00
2.082369173889160319e+00
2.074610568504333674e+00
2.027217890777587961e+00
1.986646099624633788e+00
1.943633658103942841e+00
1.925801656646728421e+00
1.897100255432129012e+00
1.872176007766723549e+00
1.882031198997497601e+00
1.885912677078247057e+00
1.854469305038452198e+00
1.834384964942932239e+00
1.820974674415588357e+00
1.820088649711608886e+00
1.774208931770324682e+00
1.828415129585266197e+00
1.814857670211792007e+00
1.856782501602172841e+00
1.793826573524475165e+00
1.799677647781372070e+00
1.839951571350097570e+00
1.803394042129516706e+00
1.790856675834655798e+00
1.839710075798034694e+00
1.811174773025512774e+00
1.856493581695556561e+00
1.803690930404663106e+00
1.809573927383422820e+00
1.857343164062499996e+00
1.824488366508483894e+00
1.797226977424621674e+00
1.846187861175537126e+00
1.852369511032104565e+00
1.844841198921203684e+00
1.859563756713867200e+00
1.836456710586547914e+00
1.850297287139892610e+00
1.847944877090454074e+00
1.819313344039916958e+00
1.877426455230712943e+00
1.897322350730896057e+00
1.864196575622558694e+00
1.858651046028137133e+00
1.878013500518798784e+00
1.909548657455444332e+00
1.839771363792419345e+00
1.920684572753906361e+00
1.883189079475402927e+00
1.919076377449035586e+00
1.882041207199096622e+00
1.934330942077636672e+00
1.906627158966064384e+00
1.891096339225769141e+00
1.956771476936340237e+00
1.899256322250366225e+00
1.950897342529296807e+00
1.983048787765502974e+00
1.931073911437988233e+00
1.923841505355834869e+00
1.948653374938964733e+00
1.948109561996459904e+00
1.952798021011352470e+00
1.958672194824218726e+00
1.953347996292114308e+00
1.944016601104736397e+00
1.958734394378662147e+00
1.931600333633422872e+00
1.933060827255248970e+00
1.985357282943725599e+00
1.925933110351562449e+00
1.960534470596313472e+00
1.979805999298095642e+00
1.975595015029907309e+00
1.975672980270385848e+00
1.958282890319824165e+00
1.955135489730835063e+00
1.997184866027831962e+00
1.966221855659484818e+00
1.957975637207031161e+00
1.987487894477844241e+00
1.976649343185424845e+00
1.953102374343872016e+00
1.967988557968139540e+00
2.002261982688903874e+00
1.962506505508422761e+00
1.995414771881103499e+00
1.985058371772766117e+00
1.979687263488769444e+00
1.974541922683715756e+00
2.004243415641784765e+00
1.968905537643432568e+00
1.995133407173156792e+00
1.958183171730041527e+00
1.960687015457153404e+00
1.954911524124145483e+00
1.994749796752929738e+00
1.714871879615783801e+00
1.712180870475769057e+00
1.716807559700012309e+00
1.753165406379699753e+00
1.749813199615478432e+00
1.766503276023864810e+00
1.731576736793517979e+00
1.737325484580993562e+00
1.738083930511474584e+00
1.730066765480041457e+00
1.751204101791381751e+00
1.758908624420165934e+00
1.763194973526001075e+00
1.779202076873779292e+00
1.750097204475402846e+00
1.760231166915893652e+00
1.764339721374511782e+00
1.770129329605102608e+00
1.746693685073852587e+00
1.767241194915771585e+00
1.764199330940246613e+00
1.769929684448242169e+00
1.766296144866943418e+00
1.765803469352722255e+00
1.760667396392822326e+00
1.753555384826660068e+00
1.737948595008850017e+00
1.766704465179443462e+00
1.776944293823242260e+00
1.747678504295349100e+00
1.746306280822753854e+00
1.766166077423095615e+00
1.751817797317504866e+00
1.766327643165588324e+00
1.756327347640991299e+00
1.755349517288208094e+00
1.748748226242065495e+00
1.779532728042602541e+00
1.734274270553588959e+00
1.737039525375366100e+00
1.752564581451415915e+00
1.725128680381774915e+00
1.741937224273681695e+00
1.756637117881775012e+00
1.764581137313842696e+00
1.736432021980285567e+00
1.769636529579162509e+00
1.766351306533813448e+00
1.715895417251587007e+00
1.740454560165405340e+00
1.724806468467712461e+00
1.750305899696350087e+00
1.730686374130248950e+00
1.723560871200561451e+00
1.723143880462646438e+00
1.721044953918457132e+00
1.708154847717285207e+00
1.708579949722289992e+00
1.684004132995605474e+00
1.716505646743774482e+00
1.711898083038330132e+00
1.697731371421814073e+00
1.685600910034179778e+00
1.711707588195800822e+00
1.702098213272094762e+00
1.708824740447998147e+00
1.726695969772338968e+00
1.710360271987914960e+00
1.740300096969604526e+00
1.737097395095825281e+00
1.733009008827209430e+00
1.686178219146728496e+00
1.717061920166015554e+00
1.738344717979431131e+00
1.718732314834594765e+00
1.714679727478027438e+00
1.737211148414611772e+00
1.696816013793945421e+00
1.716872078628540077e+00
1.690147497673034627e+00
1.723761469497680610e+00
1.727118202590942397e+00
1.735037033081054725e+00
1.697900031242370655e+00
1.705485035285949635e+00
1.731623589286804155e+00
1.695827314414978026e+00
1.697613499832153261e+00
1.689326472129821788e+00
1.688878392105102488e+00
1.710060083045959578e+00
1.673439326362609947e+00
1.705301164207458475e+00
1.699852033843994192e+00
1.687365460433959852e+00
1.724977015495300359e+00
1.740621455345153779e+00
1.711158262748718295e+00
1.704570485839843830e+00
1.700871546440124504e+00
