1.321342015266418457e+01
1.258033394813537598e+01
1.264131236076354980e+01
1.265275049209594727e+01
1.271587133407592773e+01
1.271608901023864746e+01
1.269878292083740234e+01
1.260045623779296875e+01
1.263166713714599609e+01
1.264079284667968750e+01
1.266813015937805176e+01
1.270005488395690918e+01
1.266945767402648926e+01
1.268478894233703613e+01
1.267970609664916992e+01
1.264395356178283691e+01
1.262938976287841797e+01
1.268941116333007812e+01
1.264041829109191895e+01
1.268554759025573730e+01
1.279979920387268066e+01
1.277705192565917969e+01
1.272602820396423340e+01
1.271788191795349121e+01
1.266766238212585449e+01
1.271000528335571289e+01
1.261714720726013184e+01
1.261924362182617188e+01
1.264666581153869629e+01
1.269576764106750488e+01
1.266357183456420898e+01
1.269438767433166504e+01
1.262837123870849609e+01
1.270409035682678223e+01
1.271472859382629395e+01
1.269242620468139648e+01
1.265128397941589355e+01
1.267818498611450195e+01
1.266287398338317871e+01
1.268872451782226562e+01
1.273309898376464844e+01
1.269966030120849609e+01
1.261639356613159180e+01
1.260956311225891113e+01
1.282423758506774902e+01
1.287225961685180664e+01
1.276037645339965820e+01
1.281025552749633789e+01
1.275441193580627441e+01
1.282157325744628906e+01
1.275421667098999023e+01
1.269846415519714355e+01
1.261226272583007812e+01
1.262403011322021484e+01
1.265147352218627930e+01
1.263253951072692871e+01
1.269482493400573730e+01
1.264093708992004395e+01
1.269046187400817871e+01
1.265388655662536621e+01
1.262175416946411133e+01
1.268756461143493652e+01
1.265907216072082520e+01
1.267622375488281250e+01
1.266345167160034180e+01
1.266137194633483887e+01
1.265470147132873535e+01
1.268875551223754883e+01
1.266550970077514648e+01
1.264558625221252441e+01
1.269760036468505859e+01
1.270820808410644531e+01
1.263191676139831543e+01
1.266569709777832031e+01
1.264582467079162598e+01
1.268605971336364746e+01
1.264378356933593750e+01
1.265210437774658203e+01
1.265973305702209473e+01
1.264314723014831543e+01
1.265022778511047363e+01
1.267590093612670898e+01
1.266510963439941406e+01
1.272873330116271973e+01
1.261452889442443848e+01
1.267582130432128906e+01
1.263974285125732422e+01
1.264477467536926270e+01
1.264155483245849609e+01
1.267627763748168945e+01
1.267576837539672852e+01
1.268012022972106934e+01
1.270058131217956543e+01
1.263898468017578125e+01
1.275152444839477539e+01
1.268688368797302246e+01
1.265932488441467285e+01
1.264653921127319336e+01
1.261030244827270508e+01
1.265426611900329590e+01
1.266042590141296387e+01
1.268119072914123535e+01
1.277372407913208008e+01
1.282334709167480469e+01
1.278516530990600586e+01
1.266847229003906250e+01
1.265792870521545410e+01
1.264560937881469727e+01
1.268624901771545410e+01
1.266994261741638184e+01
1.265388369560241699e+01
1.268966507911682129e+01
1.265128827095031738e+01
1.262254595756530762e+01
1.269764137268066406e+01
1.259786272048950195e+01
1.266506266593933105e+01
1.272629833221435547e+01
1.266324734687805176e+01
1.267573213577270508e+01
1.270785212516784668e+01
1.270023703575134277e+01
1.266782808303833008e+01
1.261918044090270996e+01
1.268228125572204590e+01
1.266751551628112793e+01
1.270317459106445312e+01
1.263624739646911621e+01
1.263226723670959473e+01
1.262891602516174316e+01
1.266901350021362305e+01
1.267534565925598145e+01
1.262802147865295410e+01
1.261163115501403809e+01
1.270336961746215820e+01
1.270764088630676270e+01
1.266901135444641113e+01
1.262331700325012207e+01
1.267036509513854980e+01
1.270533657073974609e+01
1.271690320968627930e+01
1.267002320289611816e+01
1.262154126167297363e+01
1.266924405097961426e+01
1.264348292350769043e+01
1.267164564132690430e+01
1.269004082679748535e+01
1.265896463394165039e+01
1.264973044395446777e+01
1.265570068359375000e+01
1.267721676826477051e+01
1.266175031661987305e+01
1.273593354225158691e+01
1.268471264839172363e+01
1.267084646224975586e+01
1.266562008857727051e+01
1.268917155265808105e+01
1.267218780517578125e+01
1.274260830879211426e+01
1.263823652267456055e+01
1.264945983886718750e+01
1.263413476943969727e+01
1.267106175422668457e+01
1.267312264442443848e+01
1.265644502639770508e+01
1.261587119102478027e+01
1.262172532081604004e+01
1.266973090171813965e+01
1.268481731414794922e+01
1.268105936050415039e+01
1.271577787399291992e+01
1.267836856842041016e+01
1.275235509872436523e+01
1.264533567428588867e+01
1.271277284622192383e+01
1.263139271736145020e+01
1.267948698997497559e+01
1.261962151527404785e+01
1.269251322746276855e+01
1.267741537094116211e+01
1.267490530014038086e+01
1.268407297134399414e+01
1.267981815338134766e+01
1.262942004203796387e+01
1.261476278305053711e+01
1.262271976470947266e+01
1.273419117927551270e+01
1.264261317253112793e+01
1.261011147499084473e+01
1.265778470039367676e+01
1.267852592468261719e+01
1.261299300193786621e+01
1.270514702796936035e+01
1.268301296234130859e+01
1.266305828094482422e+01
1.268492579460144043e+01
1.275212955474853516e+01
1.269300246238708496e+01
1.264794278144836426e+01
1.263238716125488281e+01
