2.371279753494262899e+00
2.282736692504882647e+00
2.168242073364258005e+00
2.090192005729675451e+00
2.080924481086730893e+00
2.032541276626587123e+00
1.995179518432617094e+00
1.979221915473937887e+00
1.951686199188232385e+00
1.946103486061096177e+00
1.933049763221740713e+00
1.883319404830932520e+00
1.869306454315185606e+00
1.904626795463562061e+00
1.892285986671447651e+00
1.889796832046508834e+00
1.864003941192627023e+00
1.855448481559753393e+00
1.869824444503784155e+00
1.856596170768737730e+00
1.874054981918334972e+00
1.885074874038696224e+00
1.855287211685180626e+00
1.888013913269042998e+00
1.857703281784057525e+00
1.873806400604248079e+00
1.859438288650512749e+00
1.839763866310119678e+00
1.855413830795288099e+00
1.856586142311096088e+00
1.825800749320983796e+00
1.844933161468505833e+00
1.861308578338622954e+00
1.866637686805725060e+00
1.884481409301757893e+00
1.836698405685424751e+00
1.881755811691284253e+00
1.896710801010131897e+00
1.861331506652831980e+00
1.857600267219543522e+00
1.849092409210205012e+00
1.872762396621704184e+00
1.896889049339294475e+00
1.843947832031249900e+00
1.913159188537597588e+00
1.887585797958374112e+00
1.910316515846252505e+00
1.917911922302246053e+00
1.910907814712524466e+00
1.939081823883056721e+00
1.904234993591308545e+00
1.926994203414917006e+00
1.910974868125915549e+00
1.901097261123657178e+00
1.960594281578063924e+00
1.930314812889099230e+00
1.936986346549987692e+00
1.952711598052978559e+00
1.938707812042236300e+00
1.952294673461913987e+00
1.935131798400878900e+00
1.968337074966430622e+00
1.968929594764709412e+00
1.965186027984619166e+00
1.940861350402832031e+00
1.949462993774414121e+00
1.968610858230590788e+00
1.954235341339111365e+00
1.932847535247802728e+00
1.958054678802490178e+00
1.988755696563720754e+00
1.959312618026733288e+00
1.990632184829711937e+00
1.983405617942810117e+00
1.977869111175537098e+00
1.955937176589965798e+00
1.965265938873290930e+00
1.989596516609191790e+00
1.956634948120117290e+00
1.968001961288452062e+00
1.996692280883789028e+00
1.991282971115112321e+00
1.969053308219909759e+00
1.962312352676391702e+00
1.971828444671630765e+00
1.992976134147643963e+00
1.977356707534789981e+00
1.961718843879699747e+00
1.976186005554199321e+00
1.967071964950561469e+00
2.008667215766906544e+00
1.992279571838379004e+00
1.979817587966918868e+00
2.022335086669921900e+00
1.978384681434631309e+00
1.934079650726318267e+00
1.977985776443481392e+00
2.009877467575073240e+00
1.952614441299438397e+00
1.962186068191528410e+00
1.744047827453613309e+00
1.740770834426879965e+00
1.737888446159362887e+00
1.760716713867187533e+00
1.745731906433105385e+00
1.763323657188415439e+00
1.739314281158447217e+00
1.748874236450195241e+00
1.740292959938049222e+00
1.732675324325561483e+00
1.735375420684814429e+00
1.746612537689208988e+00
1.745788269195556630e+00
1.752175167198181116e+00
1.740643557205200143e+00
1.762097955932617088e+00
1.748397508468627848e+00
1.743400372047424263e+00
1.754584554824829112e+00
1.746805486106872474e+00
1.763326608619689928e+00
1.749645998229980570e+00
1.730748258438110421e+00
1.755044633674621490e+00
1.742748511047363280e+00
1.731400719871520888e+00
1.766733231239318913e+00
1.768665922698974713e+00
1.777150134963989325e+00
1.758891203651428148e+00
1.725254539451599012e+00
1.793451114578247019e+00
1.750945360832214304e+00
1.776939592437744242e+00
1.753744240264892618e+00
1.773279688758850003e+00
1.760405511856079075e+00
1.762035395202636634e+00
1.711883061447143639e+00
1.760262928085327250e+00
1.763510829010009662e+00
1.760557301940917974e+00
1.754120532264709542e+00
1.750089330177307057e+00
1.745573718490600612e+00
1.759352072525024457e+00
1.759414330177307084e+00
1.768861456413268973e+00
1.784278609771728474e+00
1.786675028839111334e+00
1.696581780548095608e+00
1.715921740493774328e+00
1.725798624076843257e+00
1.748435005950927712e+00
1.729781954536437905e+00
1.726913429908752518e+00
1.739896903381347615e+00
1.730762830009460407e+00
1.712295610046386640e+00
1.751450482521057062e+00
1.717732019882202144e+00
1.726294939193725675e+00
1.726171339073181210e+00
1.725933594741821286e+00
1.734442230033874432e+00
1.725662425651550258e+00
1.720854914016723525e+00
1.760228523063659622e+00
1.706780149993896378e+00
1.750269612274169884e+00
1.710444574928283723e+00
1.708647217788696215e+00
1.721320521545410154e+00
1.697225022926330595e+00
1.734826612510681043e+00
1.728567951469421438e+00
1.727812593688964782e+00
1.725880224723815859e+00
1.748229341468811038e+00
1.744687033462524406e+00
1.739246014289856035e+00
1.724957815093994151e+00
1.741804613113403288e+00
1.711877391662597558e+00
1.736107232818603574e+00
1.726105405502319279e+00
1.730550233497619717e+00
1.712459465065002462e+00
1.764104390487670981e+00
1.744766342849731533e+00
1.715966364822387735e+00
1.727858299865722591e+00
1.724992338981628404e+00
1.704881155014038141e+00
1.744880722541809037e+00
1.761740561752319412e+00
1.710579577598571710e+00
1.721594960632324200e+00
1.739840337257385183e+00
1.725445550460815491e+00
