1.003999996185302734e+01
1.285999965667724609e+01
1.596999931335449219e+01
1.843999862670898438e+01
2.000000000000000000e+01
2.418999862670898438e+01
2.475000000000000000e+01
2.498999977111816406e+01
2.695999908447265625e+01
3.078999900817871094e+01
3.238999938964843750e+01
3.368999862670898438e+01
3.028999900817871094e+01
3.523999786376953125e+01
3.568999862670898438e+01
3.402000045776367188e+01
3.484000015258789062e+01
3.634999847412109375e+01
3.284999847412109375e+01
3.763999938964843750e+01
3.641999816894531250e+01
3.527000045776367188e+01
3.961999893188476562e+01
3.904999923706054688e+01
3.932999801635742188e+01
3.930999755859375000e+01
3.982999801635742188e+01
3.759999847412109375e+01
3.679000091552734375e+01
3.768999862670898438e+01
3.770999908447265625e+01
3.836999893188476562e+01
3.893999862670898438e+01
3.859000015258789062e+01
3.927000045776367188e+01
3.777999877929687500e+01
3.779999923706054688e+01
4.030999755859375000e+01
4.000000000000000000e+01
4.112999725341796875e+01
3.877000045776367188e+01
3.239999771118164062e+01
3.445000076293945312e+01
3.736999893188476562e+01
4.075000000000000000e+01
4.100999832153320312e+01
3.905999755859375000e+01
3.745999908447265625e+01
3.975999832153320312e+01
4.034000015258789062e+01
4.162999725341796875e+01
3.918999862670898438e+01
4.003999710083007812e+01
3.873999786376953125e+01
3.832999801635742188e+01
4.127000045776367188e+01
4.132999801635742188e+01
3.968000030517578125e+01
4.103999710083007812e+01
3.770999908447265625e+01
4.122999954223632812e+01
4.045999908447265625e+01
3.804000091552734375e+01
4.250000000000000000e+01
3.596999740600585938e+01
4.043999862670898438e+01
4.120000076293945312e+01
3.854000091552734375e+01
3.718999862670898438e+01
3.845999908447265625e+01
3.820999908447265625e+01
3.571999740600585938e+01
3.438999938964843750e+01
3.981999969482421875e+01
3.897999954223632812e+01
3.995000076293945312e+01
3.829000091552734375e+01
3.802999877929687500e+01
4.182999801635742188e+01
3.931999969482421875e+01
4.043000030517578125e+01
4.066999816894531250e+01
3.802000045776367188e+01
4.047999954223632812e+01
3.902999877929687500e+01
3.122999954223632812e+01
3.466999816894531250e+01
3.870999908447265625e+01
3.661000061035156250e+01
3.643000030517578125e+01
4.043000030517578125e+01
4.006999969482421875e+01
3.914999771118164062e+01
3.806999969482421875e+01
3.618000030517578125e+01
3.941999816894531250e+01
4.257999801635742188e+01
3.806999969482421875e+01
3.586000061035156250e+01
3.862999725341796875e+01
4.497999954223632812e+01
4.500000000000000000e+01
4.487999725341796875e+01
4.504999923706054688e+01
4.530999755859375000e+01
4.536000061035156250e+01
4.523999786376953125e+01
4.495000076293945312e+01
4.527999877929687500e+01
4.493999862670898438e+01
4.525000000000000000e+01
4.475999832153320312e+01
4.522999954223632812e+01
4.546999740600585938e+01
4.446999740600585938e+01
4.530999755859375000e+01
4.657999801635742188e+01
4.664999771118164062e+01
4.644999694824218750e+01
4.565999984741210938e+01
4.587999725341796875e+01
4.552999877929687500e+01
4.630999755859375000e+01
4.628999710083007812e+01
4.593000030517578125e+01
4.480999755859375000e+01
4.612999725341796875e+01
4.561999893188476562e+01
4.518999862670898438e+01
4.584000015258789062e+01
4.497999954223632812e+01
4.546999740600585938e+01
4.605999755859375000e+01
4.700999832153320312e+01
4.645999908447265625e+01
4.489999771118164062e+01
4.509999847412109375e+01
4.650000000000000000e+01
4.654999923706054688e+01
4.625999832153320312e+01
4.643999862670898438e+01
4.756999969482421875e+01
4.597999954223632812e+01
4.740999984741210938e+01
4.623999786376953125e+01
4.731999969482421875e+01
4.784000015258789062e+01
4.845999908447265625e+01
4.893999862670898438e+01
4.718999862670898438e+01
4.848999786376953125e+01
4.877999877929687500e+01
4.830999755859375000e+01
4.866999816894531250e+01
4.843000030517578125e+01
4.793999862670898438e+01
4.852999877929687500e+01
4.843999862670898438e+01
4.839999771118164062e+01
4.846999740600585938e+01
4.827999877929687500e+01
4.829999923706054688e+01
4.846999740600585938e+01
4.827999877929687500e+01
4.878999710083007812e+01
4.809999847412109375e+01
4.823999786376953125e+01
4.830999755859375000e+01
4.834000015258789062e+01
4.820999908447265625e+01
4.836999893188476562e+01
4.825999832153320312e+01
4.800000000000000000e+01
4.827000045776367188e+01
4.818000030517578125e+01
4.854999923706054688e+01
4.794999694824218750e+01
4.834000015258789062e+01
4.846999740600585938e+01
4.789999771118164062e+01
4.793999862670898438e+01
4.815999984741210938e+01
4.830999755859375000e+01
4.803999710083007812e+01
4.828999710083007812e+01
4.859999847412109375e+01
4.789999771118164062e+01
4.822999954223632812e+01
4.800999832153320312e+01
4.791999816894531250e+01
4.859000015258789062e+01
4.839999771118164062e+01
4.802000045776367188e+01
4.797999954223632812e+01
4.793000030517578125e+01
4.852000045776367188e+01
4.834999847412109375e+01
4.819999694824218750e+01
4.857999801635742188e+01
4.795999908447265625e+01
