1.299114704132080078e+01
1.235217189788818359e+01
1.234225201606750488e+01
1.244868922233581543e+01
1.239534664154052734e+01
1.241460609436035156e+01
1.239781880378723145e+01
1.246433639526367188e+01
1.246302437782287598e+01
1.253592395782470703e+01
1.247042965888977051e+01
1.251897358894348145e+01
1.247186946868896484e+01
1.246203327178955078e+01
1.245883536338806152e+01
1.241684436798095703e+01
1.248828053474426270e+01
1.247614789009094238e+01
1.242535519599914551e+01
1.248612213134765625e+01
1.267355036735534668e+01
1.259006285667419434e+01
1.256570935249328613e+01
1.248474383354187012e+01
1.240480566024780273e+01
1.244333720207214355e+01
1.242063641548156738e+01
1.240724325180053711e+01
1.240798497200012207e+01
1.249911665916442871e+01
1.244370055198669434e+01
1.249261093139648438e+01
1.246829485893249512e+01
1.249737310409545898e+01
1.247168278694152832e+01
1.251014709472656250e+01
1.247914838790893555e+01
1.250985503196716309e+01
1.249096727371215820e+01
1.255558323860168457e+01
1.245820975303649902e+01
1.243601918220520020e+01
1.240093111991882324e+01
1.245493197441101074e+01
1.259223365783691406e+01
1.254894924163818359e+01
1.260124635696411133e+01
1.259563064575195312e+01
1.259964632987976074e+01
1.255471992492675781e+01
1.257073450088500977e+01
1.241550064086914062e+01
1.256631231307983398e+01
1.249119544029235840e+01
1.240219259262084961e+01
1.250968623161315918e+01
1.247929382324218750e+01
1.246861433982849121e+01
1.247234654426574707e+01
1.249854850769042969e+01
1.243389892578125000e+01
1.242275929450988770e+01
1.245623159408569336e+01
1.255017256736755371e+01
1.248157095909118652e+01
1.245197248458862305e+01
1.252906298637390137e+01
1.256141519546508789e+01
1.238064599037170410e+01
1.250760531425476074e+01
1.252640986442565918e+01
1.249125933647155762e+01
1.245344519615173340e+01
1.250463461875915527e+01
1.244753003120422363e+01
1.245253133773803711e+01
1.253700065612792969e+01
1.247051477432250977e+01
1.253049421310424805e+01
1.243245196342468262e+01
1.250185894966125488e+01
1.252629518508911133e+01
1.244121074676513672e+01
1.248039388656616211e+01
1.243985939025878906e+01
1.243556761741638184e+01
1.246614813804626465e+01
1.243355250358581543e+01
1.246160054206848145e+01
1.239786648750305176e+01
1.246135354042053223e+01
1.240271973609924316e+01
1.247536683082580566e+01
1.250309848785400391e+01
1.247812509536743164e+01
1.241958141326904297e+01
1.243594145774841309e+01
1.247200894355773926e+01
1.243972063064575195e+01
1.250473642349243164e+01
1.244655895233154297e+01
1.249945735931396484e+01
1.257805109024047852e+01
1.261249065399169922e+01
1.260032653808593750e+01
1.242925190925598145e+01
1.241512775421142578e+01
1.250771427154541016e+01
1.245849776268005371e+01
1.244169664382934570e+01
1.247182703018188477e+01
1.244788718223571777e+01
1.242164874076843262e+01
1.242233037948608398e+01
1.246791028976440430e+01
1.238157820701599121e+01
1.238892126083374023e+01
1.247793626785278320e+01
1.242144536972045898e+01
1.241625499725341797e+01
1.239231324195861816e+01
1.244367003440856934e+01
1.242978191375732422e+01
1.248501873016357422e+01
1.247099184989929199e+01
1.245644068717956543e+01
1.243455886840820312e+01
1.252223730087280273e+01
1.248489546775817871e+01
1.247180056571960449e+01
1.245703530311584473e+01
1.248793888092041016e+01
1.247183012962341309e+01
1.252587723731994629e+01
1.248516273498535156e+01
1.245239019393920898e+01
1.248869419097900391e+01
1.247162008285522461e+01
1.248263025283813477e+01
1.245963907241821289e+01
1.243327641487121582e+01
1.247377419471740723e+01
1.251779246330261230e+01
1.241563701629638672e+01
1.240456032752990723e+01
1.245838475227355957e+01
1.246802496910095215e+01
1.241121578216552734e+01
1.244617629051208496e+01
1.244099593162536621e+01
1.245608019828796387e+01
1.242969560623168945e+01
1.244044637680053711e+01
1.247651791572570801e+01
1.253307628631591797e+01
1.240402817726135254e+01
1.245439600944519043e+01
1.245286035537719727e+01
1.248454999923706055e+01
1.252481198310852051e+01
1.244940853118896484e+01
1.242494177818298340e+01
1.251952481269836426e+01
1.242732429504394531e+01
1.251871156692504883e+01
1.245820593833923340e+01
1.245052242279052734e+01
1.244844961166381836e+01
1.247701525688171387e+01
1.246404027938842773e+01
1.246354866027832031e+01
1.246404290199279785e+01
1.253525471687316895e+01
1.242019748687744141e+01
1.241560673713684082e+01
1.244812345504760742e+01
1.240384125709533691e+01
1.242224836349487305e+01
1.249273824691772461e+01
1.241031694412231445e+01
1.244024133682250977e+01
1.248707437515258789e+01
1.242958164215087891e+01
1.242485499382019043e+01
1.251415824890136719e+01
1.245358204841613770e+01
1.248494434356689453e+01
1.251362705230712891e+01
1.246080470085144043e+01
1.245226287841796875e+01
1.241656899452209473e+01
1.255750370025634766e+01
1.245151948928833008e+01
1.239874815940856934e+01
1.247762966156005859e+01
1.246191406250000000e+01
1.244655060768127441e+01
1.245228290557861328e+01
1.251394200325012207e+01
1.238136768341064453e+01
