1.347413516044616699e+01
1.284776449203491211e+01
1.281947183609008789e+01
1.292249131202697754e+01
1.287622857093811035e+01
1.288392972946166992e+01
1.287179684638977051e+01
1.293380308151245117e+01
1.293387961387634277e+01
1.300975394248962402e+01
1.293658685684204102e+01
1.299922180175781250e+01
1.293306279182434082e+01
1.292356967926025391e+01
1.291462683677673340e+01
1.287286996841430664e+01
1.294427990913391113e+01
1.292888188362121582e+01
1.288948655128479004e+01
1.293691635131835938e+01
1.315463423728942871e+01
1.305022144317626953e+01
1.303213310241699219e+01
1.294333267211914062e+01
1.286281275749206543e+01
1.290512943267822266e+01
1.287189292907714844e+01
1.287297344207763672e+01
1.286111593246459961e+01
1.296270251274108887e+01
1.289811325073242188e+01
1.294957733154296875e+01
1.292994189262390137e+01
1.295029783248901367e+01
1.293612432479858398e+01
1.295995903015136719e+01
1.294193410873413086e+01
1.296480607986450195e+01
1.295102071762084961e+01
1.301393771171569824e+01
1.291540980339050293e+01
1.289760231971740723e+01
1.285438561439514160e+01
1.291769194602966309e+01
1.306000828742980957e+01
1.301714324951171875e+01
1.306459665298461914e+01
1.307007956504821777e+01
1.306712698936462402e+01
1.301602578163146973e+01
1.303918266296386719e+01
1.286776447296142578e+01
1.303032588958740234e+01
1.294536137580871582e+01
1.286403965950012207e+01
1.296693491935729980e+01
1.293437099456787109e+01
1.292907500267028809e+01
1.292517685890197754e+01
1.296273469924926758e+01
1.288443779945373535e+01
1.288571691513061523e+01
1.291166067123413086e+01
1.300522422790527344e+01
1.294215083122253418e+01
1.290401077270507812e+01
1.299449992179870605e+01
1.301504063606262207e+01
1.284185361862182617e+01
1.296099305152893066e+01
1.298592329025268555e+01
1.294615721702575684e+01
1.290723133087158203e+01
1.296626496315002441e+01
1.289891362190246582e+01
1.291313171386718750e+01
1.298802852630615234e+01
1.293285131454467773e+01
1.298376035690307617e+01
1.288649415969848633e+01
1.296068978309631348e+01
1.297872757911682129e+01
1.290470409393310547e+01
1.293262100219726562e+01
1.290248155593872070e+01
1.288832426071166992e+01
1.292572689056396484e+01
1.288980841636657715e+01
1.291375184059143066e+01
1.286138629913330078e+01
1.291204452514648438e+01
1.286325216293334961e+01
1.292953300476074219e+01
1.296653199195861816e+01
1.293308258056640625e+01
1.287230563163757324e+01
1.289469718933105469e+01
1.292583441734313965e+01
1.290272569656372070e+01
1.295623803138732910e+01
1.290743517875671387e+01
1.295624423027038574e+01
1.304268383979797363e+01
1.308006191253662109e+01
1.305872988700866699e+01
1.289253091812133789e+01
1.286493945121765137e+01
1.297191500663757324e+01
1.291186594963073730e+01
1.290111565589904785e+01
1.292604351043701172e+01
1.290150785446166992e+01
1.288628315925598145e+01
1.287331247329711914e+01
1.293021559715270996e+01
1.283670902252197266e+01
1.284972476959228516e+01
1.293530988693237305e+01
1.287417936325073242e+01
1.287460112571716309e+01
1.284538698196411133e+01
1.290735363960266113e+01
1.288101720809936523e+01
1.294533133506774902e+01
1.292624878883361816e+01
1.291363859176635742e+01
1.288917732238769531e+01
1.297302222251892090e+01
1.294766354560852051e+01
1.292286801338195801e+01
1.291916728019714355e+01
1.294374322891235352e+01
1.293433165550231934e+01
1.297919774055480957e+01
1.293791794776916504e+01
1.291434884071350098e+01
1.294434762001037598e+01
1.293194770812988281e+01
1.293639945983886719e+01
1.291965508460998535e+01
1.288893270492553711e+01
1.292832827568054199e+01
1.297295856475830078e+01
1.286698198318481445e+01
1.286804437637329102e+01
1.290885519981384277e+01
1.293176269531250000e+01
1.286779594421386719e+01
1.290606617927551270e+01
1.290112900733947754e+01
1.290677833557128906e+01
1.289736413955688477e+01
1.289498615264892578e+01
1.293832421302795410e+01
1.298645329475402832e+01
1.286641192436218262e+01
1.290782070159912109e+01
1.290896701812744141e+01
1.294408130645751953e+01
1.297619938850402832e+01
1.291691374778747559e+01
1.287638688087463379e+01
1.298049902915954590e+01
1.288183832168579102e+01
1.297797799110412598e+01
1.291489148139953613e+01
1.290180897712707520e+01
1.291306304931640625e+01
1.293107438087463379e+01
1.292783784866333008e+01
1.291682481765747070e+01
1.292417359352111816e+01
1.299503064155578613e+01
1.287128567695617676e+01
1.287825560569763184e+01
1.290088725090026855e+01
1.286827039718627930e+01
1.287564420700073242e+01
1.295178627967834473e+01
1.286356234550476074e+01
1.289943432807922363e+01
1.294787454605102539e+01
1.288112807273864746e+01
1.289058375358581543e+01
1.296812820434570312e+01
1.291639900207519531e+01
1.293842458724975586e+01
1.297436046600341797e+01
1.291525793075561523e+01
1.290411019325256348e+01
1.288251399993896484e+01
1.301026558876037598e+01
1.291386318206787109e+01
1.285382866859436035e+01
1.293428254127502441e+01
1.291685605049133301e+01
1.289920353889465332e+01
1.291550874710083008e+01
1.296378207206726074e+01
1.284613275527954102e+01
