1.126399999938964847e+01
1.425599999877929669e+01
1.875199999511718829e+01
2.208000000488281245e+01
2.359999999511718727e+01
2.550399999145507834e+01
2.790399999816894550e+01
2.950400000732421901e+01
3.043200000732421984e+01
3.129600000488281353e+01
3.108799998779296914e+01
3.372799999816894712e+01
3.324800000488281171e+01
3.491199999755859551e+01
3.471999999816894444e+01
3.476799999816894626e+01
3.500800000122070088e+01
3.654399999755859341e+01
3.702400000610351327e+01
3.695999999389648139e+01
3.743999999023437653e+01
3.718399999816894308e+01
3.665599999511718465e+01
3.918400000732422228e+01
3.774399998779296794e+01
3.742400000610351896e+01
3.705600000732422217e+01
3.758400000122070139e+01
3.774399999389648741e+01
3.713599998779297096e+01
3.780800000732421751e+01
3.841600000976562512e+01
3.857599999145507752e+01
4.007999998779296646e+01
3.774399999755859625e+01
3.851200000122070577e+01
3.724800000732421523e+01
3.800000000976562831e+01
3.870399999389648116e+01
3.827200000122070378e+01
3.798400000183105618e+01
3.755199999755859608e+01
3.923199999389648696e+01
3.897600000122070441e+01
3.844799998779296857e+01
3.839999998779296675e+01
3.884800000976562728e+01
3.873599999145508122e+01
3.841599999908446961e+01
3.678400000366210776e+01
3.723200000488281347e+01
3.790400000732422114e+01
3.785600000000000165e+01
3.721599999145507809e+01
3.822400000366211259e+01
3.696000000976562205e+01
3.627199999389648610e+01
3.659199999389648639e+01
3.702399999755859028e+01
3.750400000732421546e+01
3.620800000976562671e+01
3.689599999145507780e+01
3.627199999145507547e+01
3.639999999023437738e+01
3.627200000488281262e+01
3.516799999755859574e+01
3.639999999816894416e+01
3.767999998779296789e+01
3.732800000976562416e+01
3.646399999816894422e+01
3.716799999389648690e+01
3.623999999389648252e+01
3.620799999816894399e+01
3.659199998779296692e+01
3.624000000366211083e+01
3.603200000366211242e+01
3.711999999816894302e+01
3.663999999755859704e+01
3.751999999145508013e+01
3.667199999511719000e+01
3.676800000732421836e+01
3.579200000183105601e+01
3.534399999511718704e+01
3.590400000122070168e+01
3.545599999389648360e+01
3.609599999877929832e+01
3.615999999511718954e+01
3.395200000488281233e+01
3.616000000122070190e+01
3.660799999389648463e+01
3.526399999816894848e+01
3.620800000732421609e+01
3.579199999755859096e+01
3.631999999816894587e+01
3.566399999877929616e+01
3.622399999145508076e+01
3.515200000122070634e+01
3.639999999877930037e+01
3.600000000732421768e+01
3.569600000366210679e+01
4.424000000000000199e+01
4.512000000244140807e+01
4.588800000122070344e+01
4.636800000122070031e+01
4.649599999755859159e+01
4.758400000000000318e+01
4.785600000610351401e+01
4.759999998779296959e+01
4.774399999633789093e+01
4.844800000000000040e+01
4.820800000976562671e+01
4.843199999023437385e+01
4.843199999023437385e+01
4.907200000976562393e+01
4.940800000366211009e+01
4.819200000976562848e+01
4.887999999633789372e+01
4.924799999999999756e+01
4.934400000732421887e+01
4.891199998779296720e+01
4.955200000976562791e+01
4.972799999023437323e+01
4.972799999023437323e+01
4.982400000976562637e+01
5.014399999389648599e+01
4.990399999633788752e+01
5.033600000976562683e+01
5.030399999389648258e+01
5.040000000976562688e+01
5.097600000976562740e+01
5.070399999023437232e+01
5.127999999023437283e+01
4.998400000976562296e+01
5.019199998779296834e+01
5.054399999267577925e+01
5.120000000976562404e+01
5.145599999389648360e+01
5.121600000976562228e+01
5.107200000610351509e+01
5.155199998779296777e+01
5.177600000000000335e+01
5.132799999633789412e+01
5.116799999389648690e+01
5.164800000000000324e+01
5.164799999389648377e+01
5.201599999023437704e+01
5.163199999999999790e+01
5.147200000366211015e+01
5.267199999389648468e+01
5.177600000366211219e+01
5.228800000976562501e+01
5.307200000610351509e+01
5.387199997314453270e+01
5.291199999633789020e+01
5.267199998657226701e+01
5.275200000610351481e+01
5.340799998657226411e+01
5.307200000366211157e+01
5.284800000366210782e+01
5.276800000000000068e+01
5.284799997314453179e+01
5.271999999023437766e+01
5.255999999267578460e+01
5.374399998657226263e+01
5.318399999023437630e+01
5.305599999633788855e+01
5.331200000976562592e+01
5.297600000976562740e+01
5.372800000244140506e+01
5.307200000976562393e+01
5.345600000976562427e+01
5.332799999267577817e+01
5.244799998657226325e+01
5.248000000610351634e+01
5.380799999023437152e+01
5.327999999755859051e+01
5.379200000610351395e+01
5.460799999145508110e+01
5.376000000610351748e+01
5.404800000244140534e+01
5.380800000976562814e+01
5.310400000244140273e+01
5.316799998657226212e+01
5.292800000610351674e+01
5.334399999633789236e+01
5.342399999633789065e+01
5.316799999633789042e+01
5.427199999389648610e+01
5.361600000244140318e+01
5.388800000610351759e+01
5.310400000610351867e+01
5.276800000244140421e+01
5.344000000366210656e+01
5.347199999633789247e+01
5.366400000610351384e+01
5.310399998657226917e+01
5.374399999999999977e+01
5.419199999816894575e+01
5.396800000000000352e+01
5.358399999267577840e+01
