1.296966338157653809e+01
1.238006067276000977e+01
1.239170980453491211e+01
1.246595454216003418e+01
1.243637895584106445e+01
1.248543906211853027e+01
1.255949759483337402e+01
1.253083896636962891e+01
1.260721063613891602e+01
1.242632246017456055e+01
1.248914170265197754e+01
1.244171953201293945e+01
1.252579188346862793e+01
1.248288583755493164e+01
1.250881886482238770e+01
1.253891038894653320e+01
1.244128012657165527e+01
1.246140718460083008e+01
1.262719750404357910e+01
1.244740009307861328e+01
1.258499431610107422e+01
1.268113374710083008e+01
1.258418321609497070e+01
1.252868795394897461e+01
1.248658275604248047e+01
1.254089164733886719e+01
1.249583888053894043e+01
1.249086356163024902e+01
1.258194875717163086e+01
1.245715141296386719e+01
1.250254297256469727e+01
1.246182870864868164e+01
1.252064394950866699e+01
1.240622305870056152e+01
1.243110990524291992e+01
1.249354004859924316e+01
1.251338410377502441e+01
1.252863073348999023e+01
1.254082345962524414e+01
1.248295783996582031e+01
1.247354078292846680e+01
1.248444652557373047e+01
1.253670382499694824e+01
1.250559353828430176e+01
1.266087436676025391e+01
1.258737206459045410e+01
1.258682036399841309e+01
1.258156609535217285e+01
1.256055378913879395e+01
1.261896133422851562e+01
1.261683416366577148e+01
1.252269005775451660e+01
1.249808168411254883e+01
1.240470337867736816e+01
1.246195793151855469e+01
1.245052886009216309e+01
1.255550360679626465e+01
1.249886775016784668e+01
1.247680234909057617e+01
1.249165105819702148e+01
1.252265787124633789e+01
1.249275779724121094e+01
1.248229360580444336e+01
1.249908471107482910e+01
1.246061992645263672e+01
1.256752324104309082e+01
1.252807927131652832e+01
1.243607306480407715e+01
1.247343444824218750e+01
1.242531299591064453e+01
1.252687048912048340e+01
1.250594472885131836e+01
1.248661494255065918e+01
1.246238589286804199e+01
1.246895384788513184e+01
1.243760681152343750e+01
1.246721100807189941e+01
1.252820968627929688e+01
1.246207857131958008e+01
1.239992785453796387e+01
1.246506500244140625e+01
1.244307017326354980e+01
1.250507283210754395e+01
1.241242647171020508e+01
1.246929430961608887e+01
1.251550865173339844e+01
1.247136855125427246e+01
1.249614882469177246e+01
1.255559968948364258e+01
1.249382543563842773e+01
1.247463226318359375e+01
1.250409078598022461e+01
1.249166655540466309e+01
1.243124365806579590e+01
1.251264476776123047e+01
1.247947716712951660e+01
1.245218586921691895e+01
1.245866918563842773e+01
1.248218894004821777e+01
1.254175472259521484e+01
1.245577502250671387e+01
1.248408246040344238e+01
1.259019231796264648e+01
1.258954405784606934e+01
1.265353918075561523e+01
1.252401018142700195e+01
1.248750472068786621e+01
1.252223157882690430e+01
1.243706727027893066e+01
1.246557688713073730e+01
1.247628068923950195e+01
1.255816221237182617e+01
1.245036172866821289e+01
1.250468158721923828e+01
1.252466607093811035e+01
1.248584938049316406e+01
1.248474216461181641e+01
1.252200651168823242e+01
1.248538756370544434e+01
1.242297720909118652e+01
1.250911498069763184e+01
1.246752929687500000e+01
1.250619029998779297e+01
1.245699787139892578e+01
1.248461008071899414e+01
1.247384309768676758e+01
1.247857522964477539e+01
1.254539275169372559e+01
1.254234147071838379e+01
1.251773357391357422e+01
1.241965794563293457e+01
1.246222305297851562e+01
1.248661994934082031e+01
1.247603702545166016e+01
1.248428153991699219e+01
1.242887544631958008e+01
1.255673456192016602e+01
1.249037265777587891e+01
1.243597221374511719e+01
1.246484422683715820e+01
1.250428867340087891e+01
1.244764518737792969e+01
1.245206093788146973e+01
1.251113724708557129e+01
1.246320295333862305e+01
1.250096249580383301e+01
1.251079344749450684e+01
1.251580762863159180e+01
1.244851708412170410e+01
1.245798206329345703e+01
1.253510975837707520e+01
1.249908781051635742e+01
1.247008109092712402e+01
1.248765778541564941e+01
1.244229531288146973e+01
1.248014783859252930e+01
1.249893116950988770e+01
1.247473359107971191e+01
1.248491692543029785e+01
1.241609835624694824e+01
1.252578616142272949e+01
1.244512486457824707e+01
1.244975519180297852e+01
1.245910668373107910e+01
1.247126650810241699e+01
1.261861681938171387e+01
1.240410280227661133e+01
1.242951202392578125e+01
1.251654148101806641e+01
1.248661828041076660e+01
1.248382186889648438e+01
1.241995763778686523e+01
1.254139018058776855e+01
1.249944972991943359e+01
1.242570614814758301e+01
1.247582602500915527e+01
1.244062447547912598e+01
1.249127149581909180e+01
1.250807404518127441e+01
1.241914343833923340e+01
1.252223038673400879e+01
1.248850727081298828e+01
1.245090627670288086e+01
1.248470640182495117e+01
1.251393961906433105e+01
1.243337726593017578e+01
1.248425459861755371e+01
1.249153065681457520e+01
1.248858714103698730e+01
1.251580238342285156e+01
1.244135141372680664e+01
1.248487567901611328e+01
1.251984357833862305e+01
1.250254821777343750e+01
1.252983093261718750e+01
1.245218896865844727e+01
1.255727744102478027e+01
1.250965738296508789e+01
1.257150745391845703e+01
1.257643771171569824e+01
