2.357389489822387496e+00
2.246387772903442492e+00
2.196284194946289237e+00
2.111595461235046489e+00
2.072270675659179773e+00
2.030325207214355387e+00
2.010940774154663213e+00
2.003363038291931186e+00
1.998668996200561487e+00
1.955197530860900867e+00
1.966882791671752839e+00
1.925341674766540612e+00
1.904563492469787622e+00
1.907211980743408253e+00
1.914854994926452614e+00
1.863860444641113334e+00
1.891081370010375906e+00
1.845177311477661064e+00
1.857770816917419410e+00
1.829124605903625467e+00
1.844922686843872173e+00
1.817420358695983840e+00
1.809830153961181631e+00
1.803244440765380929e+00
1.816808089904785151e+00
1.805770743560791036e+00
1.831156484069824231e+00
1.819331263046264580e+00
1.827432571945190487e+00
1.843698331375122068e+00
1.841455451736450089e+00
1.841803724060058656e+00
1.846881500625610295e+00
1.826751330947876006e+00
1.830005563354492271e+00
1.867955605697631860e+00
1.811104355278015055e+00
1.874781311874389678e+00
1.858617278785705595e+00
1.849665833969116102e+00
1.837153741340637136e+00
1.851748255882263106e+00
1.871796755599975493e+00
1.860950757255554144e+00
1.865283346138000509e+00
1.865330820770263687e+00
1.877924017639160059e+00
1.877888198394775499e+00
1.891717210464477494e+00
1.893936791725158608e+00
1.910445732688903719e+00
1.912034200286865326e+00
1.880814956207275346e+00
1.955266417160034242e+00
1.916020329856872539e+00
1.951569636077880920e+00
1.945209883079528801e+00
1.924307116432189879e+00
1.945381173477172876e+00
1.925664402389526408e+00
1.962647671279907247e+00
1.946101976852417037e+00
1.965194398269653364e+00
1.979267688751220611e+00
1.964334178657531682e+00
1.968366911735534686e+00
1.961554654769897432e+00
1.981466698989868158e+00
1.963241250305175711e+00
1.958562549171447786e+00
1.983261153678893995e+00
1.989915405273437576e+00
1.995005685958862296e+00
1.978159758567810123e+00
1.978861677093505911e+00
1.932604131546020509e+00
1.982898241806030359e+00
1.962562559661865214e+00
1.965376878929138149e+00
1.966800402793884350e+00
1.934057329177856444e+00
1.967612679824829014e+00
1.970849381713867254e+00
1.955684759597778211e+00
1.924746631164550692e+00
1.963594244918823284e+00
1.942113613052368182e+00
1.948217204475402919e+00
1.951868235549926833e+00
1.943372719535827686e+00
1.944868358459472590e+00
1.953826676483154223e+00
1.963534655723571776e+00
1.953887724380493074e+00
1.949961338005065992e+00
1.956571114883422835e+00
1.994530858154296871e+00
1.943465898132324288e+00
1.972388643875122138e+00
1.945738107604980449e+00
1.697750073356628420e+00
1.747010179786682160e+00
1.750906197471618686e+00
1.761071202087402421e+00
1.743669267005920398e+00
1.767587995452880811e+00
1.749914807205200207e+00
1.779379136314392040e+00
1.765174460792541478e+00
1.777530926666259781e+00
1.781757406005859412e+00
1.781172988586425809e+00
1.769781308898925820e+00
1.756700319557189971e+00
1.757144878234863317e+00
1.741000255470275926e+00
1.768646068801879911e+00
1.752699963531494154e+00
1.770312642593383723e+00
1.775250814056396509e+00
1.782204496726989662e+00
1.763783211326599210e+00
1.760277494964599621e+00
1.777621049194335834e+00
1.784703660926818758e+00
1.744729611892700261e+00
1.759384023284912058e+00
1.757005165901184052e+00
1.768512224311828529e+00
1.767441398811340436e+00
1.797357206573486410e+00
1.768893078460693324e+00
1.796586637001037490e+00
1.767086131553649908e+00
1.786078050155639696e+00
1.790610204620361356e+00
1.786549163703918364e+00
1.767513829650878998e+00
1.778307708282470756e+00
1.814083578414916964e+00
1.777362601585388280e+00
1.770137261123657213e+00
1.795639045639038089e+00
1.824843568267822347e+00
1.781497841873168841e+00
1.801961980895996129e+00
1.805932989730834937e+00
1.798653919944763091e+00
1.790328050765991108e+00
1.816526904258727981e+00
1.749037924118042042e+00
1.764317591896057191e+00
1.747360629501342855e+00
1.785305197067260652e+00
1.756024470138549898e+00
1.741368381576538171e+00
1.767078819847107019e+00
1.749875425796508788e+00
1.779367784576415978e+00
1.747180643310546788e+00
1.777626901397705073e+00
1.782073397216796806e+00
1.779327137908935486e+00
1.776920485382080139e+00
1.757957163696288960e+00
1.766206098327636642e+00
1.776899092712402428e+00
1.785536275253295946e+00
1.746247143554687575e+00
1.760407270889282172e+00
1.789430096206664933e+00
1.773093725204467841e+00
1.757888717346191454e+00
1.753275327301025310e+00
1.748754725379943809e+00
1.779875778236389205e+00
1.783110065612792949e+00
1.782640975418090745e+00
1.752728042526245034e+00
1.750737400016784573e+00
1.735546126747131268e+00
1.757101657752990764e+00
1.788115115737914929e+00
1.770312261123657249e+00
1.783022140197753957e+00
1.764339462699890060e+00
1.770517343978881941e+00
1.753302683143615814e+00
1.767784116897582969e+00
1.772689164581298771e+00
1.778013271331787104e+00
1.788874218521118165e+00
1.760235378608703716e+00
1.751311080207824666e+00
1.765837871246337842e+00
1.753923949050903319e+00
1.764492273139953715e+00
1.743626179580688440e+00
1.758317759246826206e+00
1.756232669029235804e+00
