1.036799999908447312e+01
1.406399999969482373e+01
1.913599999877929747e+01
2.262400000122070409e+01
2.411200000122070364e+01
2.563200000488281205e+01
2.825599999816894581e+01
2.892799998779296899e+01
2.950399999908447413e+01
2.995199999389648582e+01
3.182399999755859454e+01
3.267199999572753910e+01
3.440000000488281273e+01
3.371200000732422097e+01
3.491200000366210787e+01
3.553600000732421904e+01
3.630399999389648258e+01
3.606399999145507707e+01
3.700800000488280972e+01
3.713599999145507979e+01
3.651200000732421813e+01
3.582399999816894365e+01
3.752000000122070134e+01
3.649600000122070043e+01
3.817600000732421961e+01
3.747200000366211015e+01
3.806399999145507707e+01
3.884800000366210782e+01
3.883199999755859722e+01
3.835199999999999676e+01
3.931200000366210645e+01
3.868800000976562359e+01
3.827199999816894405e+01
3.780800000122070514e+01
3.841600000488281097e+01
3.926400000366211174e+01
3.871999998779296703e+01
3.739199999755859238e+01
3.875200000122070065e+01
3.887999999145507957e+01
3.924800000183105197e+01
3.792000000000000171e+01
3.822400000976562495e+01
3.966399999023437317e+01
3.734399999816894677e+01
3.767999998779296789e+01
3.836799999389648264e+01
3.851199999145507746e+01
3.811200000732421955e+01
3.782400000366210691e+01
3.777600000366211219e+01
3.760000000488281557e+01
3.865600000976562711e+01
3.838399999755859682e+01
3.673599999999999710e+01
3.793600000366210878e+01
3.756799999999999784e+01
3.720000000122070105e+01
3.804799999816894740e+01
3.768000000732421739e+01
3.720000000732422052e+01
3.547199999389648184e+01
3.614399999755859483e+01
3.558400000732422086e+01
3.648000000732422166e+01
3.703999999816894473e+01
3.608000000732421597e+01
3.667200000122070236e+01
3.804800000000000182e+01
3.707199999511718858e+01
3.584000000122070162e+01
3.651200000000000045e+01
3.534399999816894677e+01
3.596800000732422120e+01
3.647999999145508099e+01
3.768000000976562802e+01
3.643200000732421984e+01
3.625599999023437192e+01
3.728000000366210998e+01
3.638399999816894592e+01
3.608000000732421597e+01
3.545599999816894865e+01
3.627199999816894405e+01
3.691199999145507604e+01
3.615999999755859307e+01
3.608000000732421597e+01
3.708799999755859034e+01
3.716800000122070458e+01
3.644799998779296857e+01
3.726399999389648343e+01
3.558399999816894876e+01
3.609600000366211248e+01
3.619199999145507718e+01
3.619199999145507718e+01
3.622399999755859312e+01
3.683199999511718659e+01
3.596799999816894200e+01
3.598400000488281592e+01
3.670399999145507763e+01
3.724799999145508167e+01
4.395200000366210702e+01
4.635200000976562507e+01
4.670400000366210946e+01
4.697600000366210793e+01
4.788800000976562643e+01
4.691200000366210787e+01
4.771199998779297147e+01
4.836799999511718795e+01
4.886399999999999721e+01
4.923199999145507633e+01
4.817600000976562313e+01
4.931200000976562592e+01
4.899200000610351680e+01
4.880000000610351663e+01
4.937600000244140830e+01
4.935999999389648707e+01
4.923199999999999932e+01
4.964800000366211208e+01
4.998399999023437346e+01
4.960000000366211026e+01
4.998399999633789292e+01
5.027199999511718431e+01
4.999999999633789116e+01
5.003199999999999648e+01
5.046399999023437744e+01
5.135999998779296760e+01
5.027200000976562677e+01
5.025600000976562853e+01
4.929599999389648701e+01
5.075199999023437414e+01
5.143999999389648536e+01
5.060799998657226695e+01
5.055999999267578460e+01
5.057600000366210935e+01
5.075199999023437414e+01
5.091200000610351850e+01
5.137599999389648531e+01
5.134399999389648173e+01
5.158399999267577840e+01
5.193599999023437164e+01
5.249600000366211106e+01
5.158400000000000318e+01
5.147199999633789247e+01
5.155199999023437840e+01
5.275199999023437414e+01
5.239999997314453140e+01
5.220799999023437721e+01
5.228799999633788786e+01
5.190399998779297164e+01
5.254399999755859341e+01
5.303999999267578147e+01
5.334400000976562239e+01
5.371200000244140682e+01
5.384000000244140693e+01
5.361599999999999966e+01
5.334400000000000119e+01
5.332799999633789412e+01
5.401600000610351771e+01
5.393599998657226280e+01
5.340800000610351361e+01
5.355199999389648724e+01
5.307200000610351509e+01
5.390399999267577869e+01
5.401599999999999824e+01
5.420800000244140904e+01
5.345600000610351543e+01
5.350400000610351725e+01
5.350399999023437658e+01
5.404800000610351418e+01
5.358399999389648372e+01
5.468799998657226524e+01
5.415999999023437539e+01
5.396800000000000352e+01
5.451200000976562166e+01
5.383999999633788747e+01
5.395200001464844064e+01
5.447999998291015800e+01
5.436799999267578443e+01
5.363199999023437670e+01
5.399999999023437169e+01
5.446399999267578096e+01
5.446399999999999864e+01
5.435200000610351623e+01
5.388800000610351759e+01
5.360000000732421910e+01
5.465599999633788997e+01
5.447999999023437567e+01
5.513599999633789395e+01
5.379200000244140512e+01
5.436800000976562330e+01
5.404799999755859119e+01
5.403199998657226644e+01
5.438399999633789150e+01
5.455999999023437397e+01
5.407999999023437709e+01
5.395199999755859466e+01
5.451199999633789162e+01
5.495999998657226371e+01
5.388800000244140875e+01
5.503999999389648679e+01
