1.316262888908386230e+01
1.258885765075683594e+01
1.258625531196594238e+01
1.255776810646057129e+01
1.266772508621215820e+01
1.262858438491821289e+01
1.264502882957458496e+01
1.266108250617980957e+01
1.270588541030883789e+01
1.264476752281188965e+01
1.273317718505859375e+01
1.267736077308654785e+01
1.267130184173583984e+01
1.277069163322448730e+01
1.263080716133117676e+01
1.268672919273376465e+01
1.261493158340454102e+01
1.262676405906677246e+01
1.264937973022460938e+01
1.264633083343505859e+01
1.274313974380493164e+01
1.281338882446289062e+01
1.285247087478637695e+01
1.267125010490417480e+01
1.259772396087646484e+01
1.261362719535827637e+01
1.273239183425903320e+01
1.270991635322570801e+01
1.268847680091857910e+01
1.264542317390441895e+01
1.260560178756713867e+01
1.259155058860778809e+01
1.270662212371826172e+01
1.263123202323913574e+01
1.261047554016113281e+01
1.262037563323974609e+01
1.266736531257629395e+01
1.263221287727355957e+01
1.265605139732360840e+01
1.264136123657226562e+01
1.261852097511291504e+01
1.266187143325805664e+01
1.270351529121398926e+01
1.271070885658264160e+01
1.275990819931030273e+01
1.272763586044311523e+01
1.272947621345520020e+01
1.279940342903137207e+01
1.273102784156799316e+01
1.271973204612731934e+01
1.270734381675720215e+01
1.257869005203247070e+01
1.265916037559509277e+01
1.278923845291137695e+01
1.262485289573669434e+01
1.264633822441101074e+01
1.264510297775268555e+01
1.272322463989257812e+01
1.258557987213134766e+01
1.268804430961608887e+01
1.264568328857421875e+01
1.268503141403198242e+01
1.262338829040527344e+01
1.263373565673828125e+01
1.261973428726196289e+01
1.267198538780212402e+01
1.265619802474975586e+01
1.263501667976379395e+01
1.262046527862548828e+01
1.272650957107543945e+01
1.261115741729736328e+01
1.262710142135620117e+01
1.265187597274780273e+01
1.259717440605163574e+01
1.269063854217529297e+01
1.262822675704956055e+01
1.265308594703674316e+01
1.268359780311584473e+01
1.262637615203857422e+01
1.262301135063171387e+01
1.261739373207092285e+01
1.267331933975219727e+01
1.264430332183837891e+01
1.265834522247314453e+01
1.268237709999084473e+01
1.273276114463806152e+01
1.263741803169250488e+01
1.269114589691162109e+01
1.262501716613769531e+01
1.263298702239990234e+01
1.265079498291015625e+01
1.261175870895385742e+01
1.268128585815429688e+01
1.270296788215637207e+01
1.261655759811401367e+01
1.259292268753051758e+01
1.261417627334594727e+01
1.266443872451782227e+01
1.264903974533081055e+01
1.264404630661010742e+01
1.269274330139160156e+01
1.264265179634094238e+01
1.275017309188842773e+01
1.278950905799865723e+01
1.269116067886352539e+01
1.261380434036254883e+01
1.258682584762573242e+01
1.260103344917297363e+01
1.264821314811706543e+01
1.260856199264526367e+01
1.265459060668945312e+01
1.258987164497375488e+01
1.262283086776733398e+01
1.270114564895629883e+01
1.265735292434692383e+01
1.270083260536193848e+01
1.267541503906250000e+01
1.265858912467956543e+01
1.262513494491577148e+01
1.258097529411315918e+01
1.263243889808654785e+01
1.266071414947509766e+01
1.262278008460998535e+01
1.268563699722290039e+01
1.267993021011352539e+01
1.266509938240051270e+01
1.263271307945251465e+01
1.265871787071228027e+01
1.272120523452758789e+01
1.269465994834899902e+01
1.265910124778747559e+01
1.267402720451354980e+01
1.267959976196289062e+01
1.268274450302124023e+01
1.263485503196716309e+01
1.263442635536193848e+01
1.263931059837341309e+01
1.268285560607910156e+01
1.268330025672912598e+01
1.261721825599670410e+01
1.261029911041259766e+01
1.264837050437927246e+01
1.266704201698303223e+01
1.277307391166687012e+01
1.264475846290588379e+01
1.260714840888977051e+01
1.263067364692687988e+01
1.273083162307739258e+01
1.264758205413818359e+01
1.259136891365051270e+01
1.259674572944641113e+01
1.272474670410156250e+01
1.258517885208129883e+01
1.267075276374816895e+01
1.259542059898376465e+01
1.267436099052429199e+01
1.263565754890441895e+01
1.261368584632873535e+01
1.263887739181518555e+01
1.272967481613159180e+01
1.265855240821838379e+01
1.264982104301452637e+01
1.263081312179565430e+01
1.269243860244750977e+01
1.266687464714050293e+01
1.260121369361877441e+01
1.257042908668518066e+01
1.267694783210754395e+01
1.267254638671875000e+01
1.259661626815795898e+01
1.262513422966003418e+01
1.261687612533569336e+01
1.261889195442199707e+01
1.265882802009582520e+01
1.262343406677246094e+01
1.272099995613098145e+01
1.264117431640625000e+01
1.267316174507141113e+01
1.260107779502868652e+01
1.269835972785949707e+01
1.263740324974060059e+01
1.264885473251342773e+01
1.267647814750671387e+01
1.269353842735290527e+01
1.267936038970947266e+01
1.269058609008789062e+01
1.265956330299377441e+01
1.264379787445068359e+01
1.265053176879882812e+01
1.269179272651672363e+01
1.267423129081726074e+01
1.266956615447998047e+01
1.270624661445617676e+01
1.267054891586303711e+01
1.262091040611267090e+01
1.264262413978576660e+01
1.259921431541442871e+01
1.262444472312927246e+01
1.261146187782287598e+01
1.263203310966491699e+01
