4.826476573944091797e-01
4.952671527862548828e-01
4.761877059936523438e-01
4.733772277832031250e-01
4.797604084014892578e-01
4.688599109649658203e-01
4.736533164978027344e-01
4.690468311309814453e-01
4.705281257629394531e-01
4.734871387481689453e-01
4.657876491546630859e-01
4.798285961151123047e-01
4.611728191375732422e-01
4.604434967041015625e-01
4.552648067474365234e-01
4.554944038391113281e-01
4.555919170379638672e-01
4.524030685424804688e-01
4.632863998413085938e-01
4.505350589752197266e-01
4.806058406829833984e-01
4.596443176269531250e-01
4.659750461578369141e-01
4.580202102661132812e-01
4.576237201690673828e-01
4.614405632019042969e-01
4.509272575378417969e-01
4.652457237243652344e-01
4.528546333312988281e-01
4.632749557495117188e-01
4.538617134094238281e-01
4.565379619598388672e-01
4.611959457397460938e-01
4.524519443511962891e-01
4.640045166015625000e-01
4.493844509124755859e-01
4.623727798461914062e-01
4.545054435729980469e-01
4.595618247985839844e-01
4.578084945678710938e-01
4.567158222198486328e-01
4.611265659332275391e-01
4.529442787170410156e-01
4.624044895172119141e-01
4.673259258270263672e-01
4.677424430847167969e-01
4.628760814666748047e-01
4.739260673522949219e-01
4.671454429626464844e-01
4.606480598449707031e-01
4.677615165710449219e-01
4.517314434051513672e-01
4.634301662445068359e-01
4.536824226379394531e-01
4.614906311035156250e-01
4.566466808319091797e-01
4.545664787292480469e-01
4.601364135742187500e-01
4.525845050811767578e-01
4.638783931732177734e-01
4.502017498016357422e-01
4.625444412231445312e-01
4.547913074493408203e-01
4.546222686767578125e-01
4.602355957031250000e-01
4.514708518981933594e-01
4.649498462677001953e-01
4.530987739562988281e-01
4.607112407684326172e-01
4.529671669006347656e-01
4.590213298797607422e-01
4.553349018096923828e-01
4.534246921539306641e-01
4.612746238708496094e-01
4.506547451019287109e-01
4.600777626037597656e-01
4.504101276397705078e-01
4.619495868682861328e-01
4.532778263092041016e-01
4.535861015319824219e-01
4.584562778472900391e-01
4.520907402038574219e-01
4.629392623901367188e-01
4.516642093658447266e-01
4.622168540954589844e-01
4.524435997009277344e-01
4.592831134796142578e-01
4.555554389953613281e-01
4.513108730316162109e-01
4.630644321441650391e-01
4.500784873962402344e-01
4.600317478179931641e-01
4.537312984466552734e-01
4.629085063934326172e-01
4.545671939849853516e-01
4.523839950561523438e-01
4.581227302551269531e-01
4.532783031463623047e-01
4.622907638549804688e-01
4.508318901062011719e-01
4.605133533477783203e-01
4.563965797424316406e-01
4.642372131347656250e-01
4.671280384063720703e-01
4.575603008270263672e-01
4.627475738525390625e-01
4.492297172546386719e-01
4.632468223571777344e-01
4.530503749847412109e-01
4.590516090393066406e-01
4.537043571472167969e-01
4.530136585235595703e-01
4.641959667205810547e-01
4.506564140319824219e-01
4.619245529174804688e-01
4.548563957214355469e-01
4.602923393249511719e-01
4.568746089935302734e-01
4.521603584289550781e-01
4.578404426574707031e-01
4.525842666625976562e-01
4.632709026336669922e-01
4.506666660308837891e-01
4.598975181579589844e-01
4.549720287322998047e-01
4.568850994110107422e-01
4.540321826934814453e-01
4.505610466003417969e-01
4.623026847839355469e-01
4.507894515991210938e-01
4.617466926574707031e-01
4.553754329681396484e-01
4.619822502136230469e-01
4.528143405914306641e-01
4.523262977600097656e-01
4.614160060882568359e-01
4.550569057464599609e-01
4.598369598388671875e-01
4.532237052917480469e-01
4.599092006683349609e-01
4.549496173858642578e-01
4.539468288421630859e-01
4.546430110931396484e-01
4.509086608886718750e-01
4.628958702087402344e-01
4.501440525054931641e-01
4.632391929626464844e-01
4.560623168945312500e-01
4.595406055450439453e-01
4.596586227416992188e-01
4.501924514770507812e-01
4.672758579254150391e-01
4.541237354278564453e-01
4.613399505615234375e-01
4.526658058166503906e-01
4.617667198181152344e-01
4.530382156372070312e-01
4.557952880859375000e-01
4.591836929321289062e-01
4.509041309356689453e-01
4.679949283599853516e-01
4.512360095977783203e-01
4.606366157531738281e-01
4.540629386901855469e-01
4.586303234100341797e-01
4.560456275939941406e-01
4.507458209991455078e-01
4.640758037567138672e-01
4.534881114959716797e-01
4.631297588348388672e-01
4.527342319488525391e-01
4.597012996673583984e-01
4.590973854064941406e-01
4.504127502441406250e-01
4.621543884277343750e-01
4.525349140167236328e-01
4.640092849731445312e-01
4.528889656066894531e-01
4.586815834045410156e-01
4.527702331542968750e-01
4.587538242340087891e-01
4.605975151062011719e-01
4.512090682983398438e-01
4.653279781341552734e-01
4.535796642303466797e-01
4.623751640319824219e-01
4.529643058776855469e-01
4.601454734802246094e-01
4.541079998016357422e-01
4.514975547790527344e-01
4.655478000640869141e-01
4.522156715393066406e-01
4.620273113250732422e-01
4.546947479248046875e-01
4.559845924377441406e-01
4.544546604156494141e-01
4.634912014007568359e-01
4.628980159759521484e-01
4.495100975036621094e-01
4.643383026123046875e-01
