1.051999950408935547e+01
1.557999992370605469e+01
2.437999916076660156e+01
2.717000007629394531e+01
2.718999862670898438e+01
2.825000000000000000e+01
2.988999938964843750e+01
3.337999725341796875e+01
3.028999900817871094e+01
3.300999832153320312e+01
3.450000000000000000e+01
3.076999855041503906e+01
3.373999786376953125e+01
3.632999801635742188e+01
3.477000045776367188e+01
3.523999786376953125e+01
3.804000091552734375e+01
3.602999877929687500e+01
3.650999832153320312e+01
3.689999771118164062e+01
3.918999862670898438e+01
3.400000000000000000e+01
3.775999832153320312e+01
3.666999816894531250e+01
3.786999893188476562e+01
3.918000030517578125e+01
3.725999832153320312e+01
3.781999969482421875e+01
3.655999755859375000e+01
3.807999801635742188e+01
3.729000091552734375e+01
3.964999771118164062e+01
3.768999862670898438e+01
3.650000000000000000e+01
3.591999816894531250e+01
3.800000000000000000e+01
3.955999755859375000e+01
3.727000045776367188e+01
3.877999877929687500e+01
3.845999908447265625e+01
3.729999923706054688e+01
4.052000045776367188e+01
3.841999816894531250e+01
3.880999755859375000e+01
3.970999908447265625e+01
4.038999938964843750e+01
3.956999969482421875e+01
3.670999908447265625e+01
3.925000000000000000e+01
4.088999938964843750e+01
3.762999725341796875e+01
3.879999923706054688e+01
3.850000000000000000e+01
3.857999801635742188e+01
3.670000076293945312e+01
3.812999725341796875e+01
3.963999938964843750e+01
3.497999954223632812e+01
3.809000015258789062e+01
3.843999862670898438e+01
3.796999740600585938e+01
3.445999908447265625e+01
3.904999923706054688e+01
3.800000000000000000e+01
3.802000045776367188e+01
3.511000061035156250e+01
3.855999755859375000e+01
3.854000091552734375e+01
3.968999862670898438e+01
3.321999740600585938e+01
3.740999984741210938e+01
3.928999710083007812e+01
3.614999771118164062e+01
3.918999862670898438e+01
3.857999801635742188e+01
3.877000045776367188e+01
3.902000045776367188e+01
3.693999862670898438e+01
3.789999771118164062e+01
3.450999832153320312e+01
3.672999954223632812e+01
3.504999923706054688e+01
3.743000030517578125e+01
3.484000015258789062e+01
3.371999740600585938e+01
3.823999786376953125e+01
3.412999725341796875e+01
3.493000030517578125e+01
3.183999824523925781e+01
3.971999740600585938e+01
3.968000030517578125e+01
3.637999725341796875e+01
3.936000061035156250e+01
3.400000000000000000e+01
2.943999862670898438e+01
3.850000000000000000e+01
3.816999816894531250e+01
2.859999847412109375e+01
3.829000091552734375e+01
3.913999938964843750e+01
4.218999862670898438e+01
4.280999755859375000e+01
4.297999954223632812e+01
4.320000076293945312e+01
4.331999969482421875e+01
4.361999893188476562e+01
4.356999969482421875e+01
4.378999710083007812e+01
4.293000030517578125e+01
4.357999801635742188e+01
4.362999725341796875e+01
4.315999984741210938e+01
4.337999725341796875e+01
4.393000030517578125e+01
4.327999877929687500e+01
4.400999832153320312e+01
4.365999984741210938e+01
4.436000061035156250e+01
4.397999954223632812e+01
4.397999954223632812e+01
4.453999710083007812e+01
4.418999862670898438e+01
4.453999710083007812e+01
4.471999740600585938e+01
4.482999801635742188e+01
4.464999771118164062e+01
4.484999847412109375e+01
4.453999710083007812e+01
4.422999954223632812e+01
4.597999954223632812e+01
4.502999877929687500e+01
4.541999816894531250e+01
4.466999816894531250e+01
4.532999801635742188e+01
4.563999938964843750e+01
4.600999832153320312e+01
4.495000076293945312e+01
4.553999710083007812e+01
4.432999801635742188e+01
4.603999710083007812e+01
4.506999969482421875e+01
4.643000030517578125e+01
4.547999954223632812e+01
4.611999893188476562e+01
4.650000000000000000e+01
4.496999740600585938e+01
4.569999694824218750e+01
4.630999755859375000e+01
4.648999786376953125e+01
4.612999725341796875e+01
4.664999771118164062e+01
4.698999786376953125e+01
4.711000061035156250e+01
4.689999771118164062e+01
4.743000030517578125e+01
4.721999740600585938e+01
4.722999954223632812e+01
4.675999832153320312e+01
4.681999969482421875e+01
4.712999725341796875e+01
4.711000061035156250e+01
4.744999694824218750e+01
4.718000030517578125e+01
4.697999954223632812e+01
4.709000015258789062e+01
4.725000000000000000e+01
4.722999954223632812e+01
4.702999877929687500e+01
4.713999938964843750e+01
4.712999725341796875e+01
4.712999725341796875e+01
4.721999740600585938e+01
4.740999984741210938e+01
4.700000000000000000e+01
4.743999862670898438e+01
4.715999984741210938e+01
4.693000030517578125e+01
4.729999923706054688e+01
4.720999908447265625e+01
4.732999801635742188e+01
4.736000061035156250e+01
4.697999954223632812e+01
4.700999832153320312e+01
4.740999984741210938e+01
4.736000061035156250e+01
4.729999923706054688e+01
4.750999832153320312e+01
4.746999740600585938e+01
4.746999740600585938e+01
4.722999954223632812e+01
4.713999938964843750e+01
4.744999694824218750e+01
4.736999893188476562e+01
4.738999938964843750e+01
4.736999893188476562e+01
4.713999938964843750e+01
4.718000030517578125e+01
4.734999847412109375e+01
4.750000000000000000e+01
4.707999801635742188e+01
