2.371925631637573417e+00
2.265776388549804565e+00
2.189373993301391597e+00
2.121483064002990915e+00
2.096879572982788265e+00
2.078339098358154224e+00
2.050170535202026301e+00
2.005075537033080835e+00
1.942609878540038970e+00
1.897859002532958916e+00
1.891762870330810475e+00
1.863345016784667907e+00
1.871625423660278287e+00
1.839730055236816320e+00
1.821537447586059510e+00
1.839441253967285084e+00
1.799861642036437948e+00
1.824565086860656660e+00
1.789730490684509290e+00
1.808520755920410172e+00
1.819825546035766628e+00
1.788034118766784752e+00
1.793872513656616263e+00
1.785378555831909075e+00
1.830171992149353111e+00
1.798146369552612311e+00
1.816003487548828232e+00
1.828968884468078704e+00
1.792312496452331594e+00
1.828873563003539982e+00
1.809663073425292978e+00
1.823016269493103136e+00
1.837993072509765735e+00
1.841338758506774864e+00
1.838176662445068388e+00
1.821338960876464741e+00
1.810620296783447269e+00
1.823032420806884657e+00
1.869707054214477582e+00
1.852683826141357404e+00
1.849338989334106342e+00
1.879240820465087891e+00
1.841282568435668843e+00
1.854140747108459442e+00
1.842063095664977945e+00
1.881519141235351578e+00
1.851422740745544360e+00
1.840038294906616301e+00
1.892442466735839934e+00
1.892743560676574788e+00
1.841177141380309967e+00
1.866287668304443370e+00
1.882829038925170950e+00
1.867594483566284103e+00
1.899813019752502496e+00
1.898152260818481540e+00
1.878646750373840435e+00
1.925122439231872651e+00
1.916108194580078194e+00
1.897973275108337354e+00
1.943559654312133844e+00
1.926231373901367228e+00
1.977984914474487210e+00
1.936091925010681170e+00
1.961992089385986349e+00
1.950744169616699164e+00
1.922421223678588920e+00
1.932196859436035252e+00
1.950887137451171816e+00
1.936488220252990722e+00
1.974142764053344656e+00
1.955146919250488224e+00
1.966981473617553711e+00
1.942588998947143653e+00
1.959431574630737360e+00
1.958014776153564451e+00
1.921754742393493753e+00
1.937836588592529274e+00
1.930739473609924373e+00
1.965723808975219811e+00
1.951124325180053631e+00
1.992788888168334882e+00
1.958103127288818301e+00
1.983513898620605564e+00
1.966607375946044955e+00
1.958083054122924827e+00
1.961534912719726576e+00
1.974187820816039940e+00
1.939759217147827064e+00
2.002099847335815586e+00
1.948687691993713278e+00
2.013540223541259611e+00
1.947569590835571240e+00
1.976605092926025486e+00
1.937285596771240126e+00
1.967138813247680584e+00
1.942729565162658600e+00
1.957864208946227924e+00
2.008914506835937530e+00
1.971223412399291997e+00
1.683057255477905301e+00
1.708843536911010652e+00
1.698877717132568410e+00
1.686204719848632738e+00
1.701717038764953616e+00
1.724672466201782273e+00
1.710861429672241307e+00
1.719454389190673727e+00
1.739755912780761804e+00
1.746061671142578042e+00
1.721004503631591742e+00
1.710838407211303647e+00
1.720306038627624545e+00
1.707947427330017032e+00
1.740581972312927217e+00
1.735880284538269036e+00
1.710320474586486839e+00
1.716520304336547786e+00
1.735253134460449154e+00
1.733998295936584499e+00
1.682671636886596600e+00
1.716301854057312060e+00
1.696369139556884731e+00
1.742150582313537699e+00
1.686286864318847556e+00
1.701630174255370997e+00
1.699225014495849617e+00
1.715590275726318392e+00
1.686171486816406162e+00
1.734138735160827727e+00
1.704450901832580634e+00
1.724886852874755849e+00
1.685606200332641524e+00
1.743411203231811424e+00
1.718047505645752038e+00
1.705030925941467324e+00
1.700471013107299756e+00
1.711726040229797352e+00
1.702135793228149341e+00
1.711699323883056678e+00
1.722598910865783761e+00
1.697561060485839768e+00
1.760425029373168915e+00
1.698303446578979470e+00
1.725498569564819284e+00
1.700786496047973717e+00
1.690066233177184962e+00
1.704228735923767113e+00
1.699455385856628364e+00
1.708145492057800308e+00
1.684840211067199611e+00
1.683663467979431116e+00
1.650318189773559485e+00
1.682341244125366231e+00
1.679843027725219651e+00
1.675735053024292043e+00
1.672907881813049391e+00
1.671346905403137129e+00
1.660435830459594753e+00
1.687400675392150884e+00
1.658499302711486711e+00
1.651700809249877944e+00
1.650303700485229452e+00
1.673840530204772969e+00
1.689019255828857480e+00
1.646917091865539584e+00
1.676189592475891166e+00
1.679247320327758697e+00
1.663239658355712969e+00
1.632470961875915449e+00
1.662264639930725041e+00
1.666704045906066911e+00
1.655020584869384859e+00
1.663327273063659684e+00
1.648650886077880795e+00
1.646403243713378872e+00
1.658365724105834937e+00
1.686200162048339779e+00
1.651081980056762655e+00
1.679722745513916093e+00
1.681053784408569340e+00
1.646292730255126902e+00
1.667084997253418077e+00
1.664235129623413023e+00
1.667720015640258735e+00
1.652748088722229003e+00
1.678967154464721778e+00
1.672857420082092261e+00
1.646089805450439369e+00
1.682315864601135358e+00
1.673584679336547865e+00
1.648731575317382791e+00
1.641152575569152727e+00
1.673179040908813420e+00
1.683497799568176356e+00
1.666710228195190435e+00
1.649308500595092708e+00
1.658134008750915545e+00
1.643680212516784644e+00
1.666664029312133755e+00
