4.826650619506835938e-01
4.952881336212158203e-01
4.762048721313476562e-01
4.733915328979492188e-01
4.797630310058593750e-01
4.688513278961181641e-01
4.737012386322021484e-01
4.690513610839843750e-01
4.705259799957275391e-01
4.734790325164794922e-01
4.657883644104003906e-01
4.797592163085937500e-01
4.611663818359375000e-01
4.611654281616210938e-01
4.552524089813232422e-01
4.554362297058105469e-01
4.555318355560302734e-01
4.523789882659912109e-01
4.632279872894287109e-01
4.504771232604980469e-01
4.806172847747802734e-01
4.596214294433593750e-01
4.659438133239746094e-01
4.572801589965820312e-01
4.576492309570312500e-01
4.614641666412353516e-01
4.509363174438476562e-01
4.652361869812011719e-01
4.528212547302246094e-01
4.632587432861328125e-01
4.538352489471435547e-01
4.565489292144775391e-01
4.611761569976806641e-01
4.524428844451904297e-01
4.639687538146972656e-01
4.493613243103027344e-01
4.623351097106933594e-01
4.545073509216308594e-01
4.595224857330322266e-01
4.577839374542236328e-01
4.567191600799560547e-01
4.611179828643798828e-01
4.528741836547851562e-01
4.623644351959228516e-01
4.673802852630615234e-01
4.677004814147949219e-01
4.628276824951171875e-01
4.739193916320800781e-01
4.671084880828857422e-01
4.606537818908691406e-01
4.677412509918212891e-01
4.517147541046142578e-01
4.634110927581787109e-01
4.536662101745605469e-01
4.614441394805908203e-01
4.566271305084228516e-01
4.545392990112304688e-01
4.601440429687500000e-01
4.525303840637207031e-01
4.638478755950927734e-01
4.501590728759765625e-01
4.625656604766845703e-01
4.548029899597167969e-01
4.545934200286865234e-01
4.602210521697998047e-01
4.514448642730712891e-01
4.649326801300048828e-01
4.530651569366455078e-01
4.606723785400390625e-01
4.529404640197753906e-01
4.590036869049072266e-01
4.553270339965820312e-01
4.533867835998535156e-01
4.612269401550292969e-01
4.506325721740722656e-01
4.600260257720947266e-01
4.504029750823974609e-01
4.619290828704833984e-01
4.532473087310791016e-01
4.535725116729736328e-01
4.584150314331054688e-01
4.520804882049560547e-01
4.629178047180175781e-01
4.516105651855468750e-01
4.622130393981933594e-01
4.524226188659667969e-01
4.592621326446533203e-01
4.555075168609619141e-01
4.512970447540283203e-01
4.630715847015380859e-01
4.500625133514404297e-01
4.600172042846679688e-01
4.537436962127685547e-01
4.628994464874267578e-01
4.545404911041259766e-01
4.523484706878662109e-01
4.580781459808349609e-01
4.532625675201416016e-01
4.622871875762939453e-01
4.507811069488525391e-01
4.605131149291992188e-01
4.563488960266113281e-01
4.642157554626464844e-01
4.671738147735595703e-01
4.575843811035156250e-01
4.627130031585693359e-01
4.491660594940185547e-01
4.632363319396972656e-01
4.530394077301025391e-01
4.590463638305664062e-01
4.536762237548828125e-01
4.529886245727539062e-01
4.641685485839843750e-01
4.506542682647705078e-01
4.618968963623046875e-01
4.547789096832275391e-01
4.602656364440917969e-01
4.568622112274169922e-01
4.521431922912597656e-01
4.578242301940917969e-01
4.525697231292724609e-01
4.632394313812255859e-01
4.506466388702392578e-01
4.598526954650878906e-01
4.549596309661865234e-01
4.568648338317871094e-01
4.539988040924072266e-01
4.505264759063720703e-01
4.622702598571777344e-01
4.507799148559570312e-01
4.617371559143066406e-01
4.553377628326416016e-01
4.619591236114501953e-01
4.528152942657470703e-01
4.523406028747558594e-01
4.614062309265136719e-01
4.550552368164062500e-01
4.598231315612792969e-01
4.532167911529541016e-01
4.598889350891113281e-01
4.549899101257324219e-01
4.539341926574707031e-01
4.546325206756591797e-01
4.508991241455078125e-01
4.628760814666748047e-01
4.501070976257324219e-01
4.632465839385986328e-01
4.560229778289794922e-01
4.595212936401367188e-01
4.596168994903564453e-01
4.501662254333496094e-01
4.672904014587402344e-01
4.540550708770751953e-01
4.613440036773681641e-01
4.526405334472656250e-01
4.617590904235839844e-01
4.530141353607177734e-01
4.557869434356689453e-01
4.591681957244873047e-01
4.508571624755859375e-01
4.679722785949707031e-01
4.512145519256591797e-01
4.606356620788574219e-01
4.540517330169677734e-01
4.586453437805175781e-01
4.560830593109130859e-01
4.506936073303222656e-01
4.640700817108154297e-01
4.535109996795654297e-01
4.631185531616210938e-01
4.527220726013183594e-01
4.595963954925537109e-01
4.590675830841064453e-01
4.503757953643798828e-01
4.621129035949707031e-01
4.525144100189208984e-01
4.640035629272460938e-01
4.528751373291015625e-01
4.586303234100341797e-01
4.527144432067871094e-01
4.587619304656982422e-01
4.604616165161132812e-01
4.511775970458984375e-01
4.653091430664062500e-01
4.535720348358154297e-01
4.623339176177978516e-01
4.529256820678710938e-01
4.601395130157470703e-01
4.540519714355468750e-01
4.514784812927246094e-01
4.655306339263916016e-01
4.521987438201904297e-01
4.620115756988525391e-01
4.547073841094970703e-01
4.559690952301025391e-01
4.544401168823242188e-01
4.633865356445312500e-01
4.628760814666748047e-01
4.494838714599609375e-01
4.643111228942871094e-01
