4.830296039581298828e-01
4.956271648406982422e-01
4.766886234283447266e-01
4.737899303436279297e-01
4.808874130249023438e-01
4.693083763122558594e-01
4.739902019500732422e-01
4.702818393707275391e-01
4.709007740020751953e-01
4.739139080047607422e-01
4.661912918090820312e-01
4.802932739257812500e-01
4.612407684326171875e-01
4.615190029144287109e-01
4.558265209197998047e-01
4.559967517852783203e-01
4.560134410858154297e-01
4.527385234832763672e-01
4.641671180725097656e-01
4.507670402526855469e-01
4.811246395111083984e-01
4.601960182189941406e-01
4.664852619171142578e-01
4.585995674133300781e-01
4.579663276672363281e-01
4.617626667022705078e-01
4.513120651245117188e-01
4.657919406890869141e-01
4.531497955322265625e-01
4.635267257690429688e-01
4.542849063873291016e-01
4.569206237792968750e-01
4.616253376007080078e-01
4.528865814208984375e-01
4.644558429718017578e-01
4.497742652893066406e-01
4.628076553344726562e-01
4.549219608306884766e-01
4.609246253967285156e-01
4.583525657653808594e-01
4.571256637573242188e-01
4.616162776947021484e-01
4.534432888031005859e-01
4.627904891967773438e-01
4.677541255950927734e-01
4.681231975555419922e-01
4.633021354675292969e-01
4.744629859924316406e-01
4.670674800872802734e-01
4.613480567932128906e-01
4.684309959411621094e-01
4.522197246551513672e-01
4.640610218048095703e-01
4.542679786682128906e-01
4.618439674377441406e-01
4.571881294250488281e-01
4.550447463989257812e-01
4.605579376220703125e-01
4.527928829193115234e-01
4.642508029937744141e-01
4.505968093872070312e-01
4.629774093627929688e-01
4.555163383483886719e-01
4.550535678863525391e-01
4.606065750122070312e-01
4.521050453186035156e-01
4.654490947723388672e-01
4.536604881286621094e-01
4.611988067626953125e-01
4.534487724304199219e-01
4.594988822937011719e-01
4.548964500427246094e-01
4.537537097930908203e-01
4.615652561187744141e-01
4.515221118927001953e-01
4.605360031127929688e-01
4.510531425476074219e-01
4.623844623565673828e-01
4.532916545867919922e-01
4.540662765502929688e-01
4.588515758514404297e-01
4.524664878845214844e-01
4.635171890258789062e-01
4.522428512573242188e-01
4.624698162078857422e-01
4.528210163116455078e-01
4.596343040466308594e-01
4.563055038452148438e-01
4.521455764770507812e-01
4.635295867919921875e-01
4.506433010101318359e-01
4.605216979980468750e-01
4.541962146759033203e-01
4.634835720062255859e-01
4.545850753784179688e-01
4.527044296264648438e-01
4.587514400482177734e-01
4.538779258728027344e-01
4.630622863769531250e-01
4.514772891998291016e-01
4.608626365661621094e-01
4.567553997039794922e-01
4.646725654602050781e-01
4.675514698028564453e-01
4.584176540374755859e-01
4.632771015167236328e-01
4.497535228729248047e-01
4.641396999359130859e-01
4.534118175506591797e-01
4.593391418457031250e-01
4.541645050048828125e-01
4.536118507385253906e-01
4.646339416503906250e-01
4.510064125061035156e-01
4.623122215270996094e-01
4.553778171539306641e-01
4.608430862426757812e-01
4.575037956237792969e-01
4.527370929718017578e-01
4.583337306976318359e-01
4.530308246612548828e-01
4.636483192443847656e-01
4.512712955474853516e-01
4.602868556976318359e-01
4.552423954010009766e-01
4.572358131408691406e-01
4.546248912811279297e-01
4.508154392242431641e-01
4.627382755279541016e-01
4.511063098907470703e-01
4.621472358703613281e-01
4.557957649230957031e-01
4.625594615936279297e-01
4.533455371856689453e-01
4.527904987335205078e-01
4.619982242584228516e-01
4.556252956390380859e-01
4.603557586669921875e-01
4.537422657012939453e-01
4.599735736846923828e-01
4.556357860565185547e-01
4.545724391937255859e-01
4.552428722381591797e-01
4.514040946960449219e-01
4.635190963745117188e-01
4.503915309906005859e-01
4.637274742126464844e-01
4.565687179565429688e-01
4.599816799163818359e-01
4.600946903228759766e-01
4.505712985992431641e-01
4.677183628082275391e-01
4.544878005981445312e-01
4.617838859558105469e-01
4.533748626708984375e-01
4.624035358428955078e-01
4.534213542938232422e-01
4.561181068420410156e-01
4.594876766204833984e-01
4.514420032501220703e-01
4.674928188323974609e-01
4.514656066894531250e-01
4.609291553497314453e-01
4.538059234619140625e-01
4.593107700347900391e-01
4.567465782165527344e-01
4.512274265289306641e-01
4.646742343902587891e-01
4.540212154388427734e-01
4.638001918792724609e-01
4.532907009124755859e-01
4.601402282714843750e-01
4.597599506378173828e-01
4.510869979858398438e-01
4.626827239990234375e-01
4.527862071990966797e-01
4.644374847412109375e-01
4.534139633178710938e-01
4.589819908142089844e-01
4.532654285430908203e-01
4.592123031616210938e-01
4.607388973236083984e-01
4.515492916107177734e-01
4.657936096191406250e-01
4.540898799896240234e-01
4.628076553344726562e-01
4.535222053527832031e-01
4.607326984405517578e-01
4.544434547424316406e-01
4.519131183624267578e-01
4.660472869873046875e-01
4.527826309204101562e-01
4.622843265533447266e-01
4.551050662994384766e-01
4.566876888275146484e-01
4.549653530120849609e-01
4.637670516967773438e-01
4.631984233856201172e-01
4.497892856597900391e-01
4.647669792175292969e-01
