4.830441474914550781e-01
4.956231117248535156e-01
4.772579669952392578e-01
4.738473892211914062e-01
4.809327125549316406e-01
4.693720340728759766e-01
4.740352630615234375e-01
4.694926738739013672e-01
4.708914756774902344e-01
4.738523960113525391e-01
4.661772251129150391e-01
4.802904129028320312e-01
4.612238407135009766e-01
4.615530967712402344e-01
4.558334350585937500e-01
4.560363292694091797e-01
4.559810161590576172e-01
4.527444839477539062e-01
4.641895294189453125e-01
4.507761001586914062e-01
4.811344146728515625e-01
4.601719379425048828e-01
4.664900302886962891e-01
4.586207866668701172e-01
4.580643177032470703e-01
4.618346691131591797e-01
4.512984752655029297e-01
4.658062458038330078e-01
4.531574249267578125e-01
4.636106491088867188e-01
4.543445110321044922e-01
4.569828510284423828e-01
4.616622924804687500e-01
4.529628753662109375e-01
4.644513130187988281e-01
4.498441219329833984e-01
4.628372192382812500e-01
4.549665451049804688e-01
4.600560665130615234e-01
4.583716392517089844e-01
4.572799205780029297e-01
4.616410732269287109e-01
4.534699916839599609e-01
4.627792835235595703e-01
4.678492546081542969e-01
4.682273864746093750e-01
4.632987976074218750e-01
4.744729995727539062e-01
4.675054550170898438e-01
4.613373279571533203e-01
4.684343338012695312e-01
4.522914886474609375e-01
4.640569686889648438e-01
4.541840553283691406e-01
4.618742465972900391e-01
4.572687149047851562e-01
4.550802707672119141e-01
4.605174064636230469e-01
4.528262615203857422e-01
4.642276763916015625e-01
4.505670070648193359e-01
4.630062580108642578e-01
4.554812908172607422e-01
4.550795555114746094e-01
4.606297016143798828e-01
4.521262645721435547e-01
4.654512405395507812e-01
4.536485671997070312e-01
4.612622261047363281e-01
4.534330368041992188e-01
4.595100879669189453e-01
4.549520015716552734e-01
4.538033008575439453e-01
4.616115093231201172e-01
4.514076709747314453e-01
4.605987071990966797e-01
4.510641098022460938e-01
4.623472690582275391e-01
4.532704353332519531e-01
4.540846347808837891e-01
4.588341712951660156e-01
4.524502754211425781e-01
4.635469913482666016e-01
4.522047042846679688e-01
4.626433849334716797e-01
4.528040885925292969e-01
4.596192836761474609e-01
4.562935829162597656e-01
4.522016048431396484e-01
4.636065959930419922e-01
4.507253170013427734e-01
4.605903625488281250e-01
4.542174339294433594e-01
4.634575843811035156e-01
4.549591541290283203e-01
4.527435302734375000e-01
4.587595462799072266e-01
4.538464546203613281e-01
4.630537033081054688e-01
4.514839649200439453e-01
4.609477519989013672e-01
4.567904472351074219e-01
4.646723270416259766e-01
4.676284790039062500e-01
4.584167003631591797e-01
4.632706642150878906e-01
4.497754573822021484e-01
4.642083644866943359e-01
4.533953666687011719e-01
4.594373703002929688e-01
4.542288780212402344e-01
4.536056518554687500e-01
4.646503925323486328e-01
4.510211944580078125e-01
4.623079299926757812e-01
4.551751613616943359e-01
4.608216285705566406e-01
4.575228691101074219e-01
4.527561664581298828e-01
4.583675861358642578e-01
4.531199932098388672e-01
4.636828899383544922e-01
4.512779712677001953e-01
4.603376388549804688e-01
4.552924633026123047e-01
4.572453498840332031e-01
4.546530246734619141e-01
4.508054256439208984e-01
4.627640247344970703e-01
4.510798454284667969e-01
4.621436595916748047e-01
4.557826519012451172e-01
4.625234603881835938e-01
4.533178806304931641e-01
4.528589248657226562e-01
4.619808197021484375e-01
4.556765556335449219e-01
4.603567123413085938e-01
4.537765979766845703e-01
4.599936008453369141e-01
4.557092189788818359e-01
4.545814990997314453e-01
4.552142620086669922e-01
4.513976573944091797e-01
4.635148048400878906e-01
4.504351615905761719e-01
4.637846946716308594e-01
4.565930366516113281e-01
4.599120616912841797e-01
4.601304531097412109e-01
4.507312774658203125e-01
4.677124023437500000e-01
4.545302391052246094e-01
4.618210792541503906e-01
4.533736705780029297e-01
4.624216556549072266e-01
4.534585475921630859e-01
4.561524391174316406e-01
4.595453739166259766e-01
4.514074325561523438e-01
4.675214290618896484e-01
4.514563083648681641e-01
4.609801769256591797e-01
4.545516967773437500e-01
4.592707157135009766e-01
4.567511081695556641e-01
4.512729644775390625e-01
4.646341800689697266e-01
4.540843963623046875e-01
4.638526439666748047e-01
4.532978534698486328e-01
4.601478576660156250e-01
4.599025249481201172e-01
4.510946273803710938e-01
4.626796245574951172e-01
4.527523517608642578e-01
4.644706249237060547e-01
4.534728527069091797e-01
4.590458869934082031e-01
4.532542228698730469e-01
4.592430591583251953e-01
4.607853889465332031e-01
4.515721797943115234e-01
4.657707214355468750e-01
4.540162086486816406e-01
4.628067016601562500e-01
4.535236358642578125e-01
4.607686996459960938e-01
4.544749259948730469e-01
4.518430233001708984e-01
4.660007953643798828e-01
4.527668952941894531e-01
4.622411727905273438e-01
4.551553726196289062e-01
4.567275047302246094e-01
4.549791812896728516e-01
4.638748168945312500e-01
4.632508754730224609e-01
4.498586654663085938e-01
4.648230075836181641e-01
