1.390999984741210938e+01
1.810999870300292969e+01
1.993000030517578125e+01
2.071999931335449219e+01
2.390999984741210938e+01
2.794999885559082031e+01
2.495999908447265625e+01
2.503999900817871094e+01
2.746999931335449219e+01
2.984999847412109375e+01
3.026999855041503906e+01
3.020999908447265625e+01
3.227000045776367188e+01
3.104999923706054688e+01
3.266999816894531250e+01
3.391999816894531250e+01
3.498999786376953125e+01
3.461999893188476562e+01
3.393999862670898438e+01
3.693999862670898438e+01
3.702000045776367188e+01
3.770999908447265625e+01
3.700999832153320312e+01
3.629000091552734375e+01
3.734999847412109375e+01
3.841999816894531250e+01
3.702000045776367188e+01
3.916999816894531250e+01
3.909999847412109375e+01
3.650000000000000000e+01
3.771999740600585938e+01
3.856999969482421875e+01
3.743999862670898438e+01
3.797999954223632812e+01
3.834000015258789062e+01
3.866999816894531250e+01
3.805999755859375000e+01
3.595000076293945312e+01
3.786000061035156250e+01
3.781999969482421875e+01
3.764999771118164062e+01
3.930999755859375000e+01
3.314999771118164062e+01
3.952000045776367188e+01
3.702000045776367188e+01
3.664999771118164062e+01
3.643000030517578125e+01
3.856999969482421875e+01
3.981999969482421875e+01
3.611000061035156250e+01
3.953999710083007812e+01
3.847999954223632812e+01
3.812999725341796875e+01
3.652999877929687500e+01
3.793000030517578125e+01
3.868999862670898438e+01
3.791999816894531250e+01
3.920999908447265625e+01
3.843999862670898438e+01
3.813999938964843750e+01
3.964999771118164062e+01
3.827000045776367188e+01
3.352000045776367188e+01
3.543999862670898438e+01
3.414999771118164062e+01
3.786000061035156250e+01
3.475999832153320312e+01
3.746999740600585938e+01
3.993000030517578125e+01
3.761000061035156250e+01
3.691999816894531250e+01
4.009999847412109375e+01
3.700000000000000000e+01
3.946999740600585938e+01
3.398999786376953125e+01
3.666999816894531250e+01
3.843000030517578125e+01
3.750000000000000000e+01
3.609999847412109375e+01
3.962999725341796875e+01
3.896999740600585938e+01
3.393000030517578125e+01
3.725000000000000000e+01
3.939999771118164062e+01
3.841999816894531250e+01
3.765999984741210938e+01
4.056999969482421875e+01
3.705999755859375000e+01
3.690999984741210938e+01
3.875999832153320312e+01
3.834999847412109375e+01
3.587999725341796875e+01
3.786000061035156250e+01
4.063999938964843750e+01
3.891999816894531250e+01
3.647999954223632812e+01
3.571999740600585938e+01
3.825000000000000000e+01
3.636999893188476562e+01
3.523999786376953125e+01
4.225000000000000000e+01
4.297999954223632812e+01
4.239999771118164062e+01
4.350999832153320312e+01
4.330999755859375000e+01
4.341999816894531250e+01
4.496999740600585938e+01
4.429999923706054688e+01
4.495999908447265625e+01
4.475000000000000000e+01
4.481999969482421875e+01
4.530999755859375000e+01
4.431999969482421875e+01
4.514999771118164062e+01
4.564999771118164062e+01
4.500999832153320312e+01
4.518999862670898438e+01
4.532999801635742188e+01
4.543000030517578125e+01
4.588999938964843750e+01
4.595999908447265625e+01
4.568999862670898438e+01
4.632999801635742188e+01
4.591999816894531250e+01
4.625999832153320312e+01
4.561000061035156250e+01
4.654999923706054688e+01
4.636000061035156250e+01
4.614999771118164062e+01
4.689999771118164062e+01
4.644999694824218750e+01
4.653999710083007812e+01
4.700999832153320312e+01
4.612999725341796875e+01
4.739999771118164062e+01
4.739999771118164062e+01
4.750000000000000000e+01
4.727999877929687500e+01
4.716999816894531250e+01
4.584999847412109375e+01
4.745999908447265625e+01
4.632999801635742188e+01
4.597999954223632812e+01
4.589999771118164062e+01
4.727999877929687500e+01
4.757999801635742188e+01
4.752000045776367188e+01
4.771999740600585938e+01
4.870999908447265625e+01
4.838999938964843750e+01
4.843000030517578125e+01
4.863999938964843750e+01
4.862999725341796875e+01
4.866999816894531250e+01
4.829999923706054688e+01
4.834999847412109375e+01
4.850999832153320312e+01
4.820999908447265625e+01
4.813999938964843750e+01
4.836999893188476562e+01
4.819999694824218750e+01
4.827000045776367188e+01
4.829999923706054688e+01
4.806999969482421875e+01
4.839999771118164062e+01
4.864999771118164062e+01
4.836000061035156250e+01
4.830999755859375000e+01
4.844999694824218750e+01
4.834999847412109375e+01
4.836999893188476562e+01
4.850000000000000000e+01
4.839999771118164062e+01
4.861000061035156250e+01
4.827000045776367188e+01
4.861999893188476562e+01
4.852999877929687500e+01
4.855999755859375000e+01
4.848999786376953125e+01
4.829999923706054688e+01
4.887999725341796875e+01
4.850999832153320312e+01
4.900000000000000000e+01
4.864999771118164062e+01
4.846999740600585938e+01
4.829999923706054688e+01
4.875999832153320312e+01
4.859000015258789062e+01
4.846999740600585938e+01
4.875999832153320312e+01
4.897999954223632812e+01
4.861999893188476562e+01
4.891999816894531250e+01
4.884999847412109375e+01
4.893000030517578125e+01
4.900000000000000000e+01
4.893000030517578125e+01
4.900000000000000000e+01
4.913999938964843750e+01
4.861999893188476562e+01
