2.362547791900634575e+00
2.274820288314819194e+00
2.173893969345092714e+00
2.113741504287719675e+00
2.068009975357055552e+00
2.023622901954650999e+00
1.986055774536132912e+00
1.959043089370727575e+00
1.937999737892150964e+00
1.914773181037902727e+00
1.914977946548461984e+00
1.865076187705993593e+00
1.890353005599975544e+00
1.867596007118225154e+00
1.882719186401367262e+00
1.868952345428466888e+00
1.867718987884521509e+00
1.854287568550109899e+00
1.861740198669433521e+00
1.844369113731384235e+00
1.841363212394714344e+00
1.838022074127197314e+00
1.888374048385620174e+00
1.839848672332763613e+00
1.844513518943786679e+00
1.864534603042602434e+00
1.874887739372253392e+00
1.848747840461731018e+00
1.863387134819030733e+00
1.865426019058227469e+00
1.837570827865600664e+00
1.857911964416503858e+00
1.847671086311340360e+00
1.842889771614074634e+00
1.892821347961425760e+00
1.857150332107543989e+00
1.894009742469787705e+00
1.848438853607177634e+00
1.856428422660827637e+00
1.872351889801025404e+00
1.897078352661132783e+00
1.871153458557129001e+00
1.876873247222900387e+00
1.872023252029418883e+00
1.880360373306274369e+00
1.889512246360778747e+00
1.873421940689086851e+00
1.909812600059509258e+00
1.901108415832519549e+00
1.919828206634521583e+00
1.918124432067871199e+00
1.913340027008056721e+00
1.928658714752197190e+00
1.966007723007202168e+00
1.906915676651000924e+00
1.942525795555114732e+00
1.975948928451538134e+00
1.938122515525817935e+00
1.961423706283569324e+00
1.945742361907959017e+00
1.965404606742858995e+00
1.948881844367980953e+00
1.954750454406738225e+00
1.939139948959350601e+00
1.955891065063476653e+00
1.952288376083374022e+00
1.962472175827026266e+00
1.948876610984802138e+00
1.958550345687866123e+00
1.969954679946899434e+00
1.941474314155578584e+00
1.950860528640746994e+00
1.973874088249206515e+00
1.960942017669677684e+00
1.976528990287780729e+00
1.961265143775939856e+00
1.981788145065307649e+00
1.970128122940063564e+00
1.957953054885864352e+00
1.982885083236694435e+00
1.985877072944641109e+00
1.980845940933227523e+00
1.993562922439575225e+00
1.981586469421386720e+00
1.958289340934753486e+00
1.983733731002807588e+00
1.969231808853149523e+00
2.019138425292968719e+00
2.004625528640747056e+00
1.982227342185974184e+00
2.009128194580078297e+00
1.976310844650268628e+00
1.978761125488281314e+00
1.989928075561523402e+00
2.002417017059326287e+00
1.979297635803222599e+00
1.995759895858764565e+00
1.985986522674560550e+00
1.974795693511962824e+00
1.996246023063659614e+00
1.762188056945800829e+00
1.759795746269225969e+00
1.767216195907592713e+00
1.762076133041381887e+00
1.776765728874206474e+00
1.751495888977050885e+00
1.749815177764892482e+00
1.784537352905273488e+00
1.772814112701416089e+00
1.752570877723693910e+00
1.762075508689880277e+00
1.759790285339355442e+00
1.769879688682556074e+00
1.780731082496643136e+00
1.761498222045898343e+00
1.788031330375671413e+00
1.779477502250671472e+00
1.756792723770141507e+00
1.766188070526123033e+00
1.789586997756958064e+00
1.775852250099182239e+00
1.764652613258361757e+00
1.765193434791564986e+00
1.766205769157409566e+00
1.766375531539916999e+00
1.775186686820983795e+00
1.758691637306213362e+00
1.764368806152343705e+00
1.768267021789550864e+00
1.746905802536010688e+00
1.730744997596740831e+00
1.762420097465515090e+00
1.761629838333129916e+00
1.771755092811584387e+00
1.736394443588256786e+00
1.781709793319702140e+00
1.752911336936950670e+00
1.767047854003906293e+00
1.777960477256774974e+00
1.763071854248046799e+00
1.787653893203735356e+00
1.775279456405639555e+00
1.780428648223876920e+00
1.768475697860717677e+00
1.788100133132934477e+00
1.775390710716247655e+00
1.768863243255615281e+00
1.781972951202392519e+00
1.758103370895385709e+00
1.797140478286743059e+00
1.709498125190734852e+00
1.731916412239074665e+00
1.719994762096405116e+00
1.729369719085693369e+00
1.755123049240112199e+00
1.734726418190002395e+00
1.711046755905151429e+00
1.746522516479492193e+00
1.741800775451660233e+00
1.757468303070068405e+00
1.749961004257202246e+00
1.746775519828796419e+00
1.776607989273071286e+00
1.713601955299377533e+00
1.737935540428161563e+00
1.724248154296875057e+00
1.733389597625732526e+00
1.760209156227111826e+00
1.715030821876525780e+00
1.746056765670776389e+00
1.740488589744567882e+00
1.746783213157653725e+00
1.757412950210571312e+00
1.751059843368530267e+00
1.751457376632690410e+00
1.766306321868896578e+00
1.744328861160278299e+00
1.724100464706420865e+00
1.738659705276489165e+00
1.757866557922363349e+00
1.747278875961303601e+00
1.761128015480041498e+00
1.739144398384094181e+00
1.752216897125244088e+00
1.736182469329833999e+00
1.759307712249755795e+00
1.764979245491027804e+00
1.720553130912780837e+00
1.741083132438659753e+00
1.766462980613708433e+00
1.766028299446106065e+00
1.749663972206115803e+00
1.734084790802002063e+00
1.764435498085021869e+00
1.734560538673400876e+00
1.764689543800354032e+00
1.733207961654663176e+00
1.732007615585327231e+00
1.733595233535766500e+00
1.743605567626953068e+00
