4.829881191253662109e-01
4.955925941467285156e-01
4.772198200225830078e-01
4.738020896911621094e-01
4.808819293975830078e-01
4.693236351013183594e-01
4.739780426025390625e-01
4.694666862487792969e-01
4.708552360534667969e-01
4.738299846649169922e-01
4.661571979522705078e-01
4.802482128143310547e-01
4.611933231353759766e-01
4.615364074707031250e-01
4.557914733886718750e-01
4.560256004333496094e-01
4.559993743896484375e-01
4.527339935302734375e-01
4.641313552856445312e-01
4.507942199707031250e-01
4.810838699340820312e-01
4.601585865020751953e-01
4.664237499237060547e-01
4.585888385772705078e-01
4.580070972442626953e-01
4.617922306060791016e-01
4.512565135955810547e-01
4.657301902770996094e-01
4.531309604644775391e-01
4.635858535766601562e-01
4.544126987457275391e-01
4.569664001464843750e-01
4.616470336914062500e-01
4.529247283935546875e-01
4.644415378570556641e-01
4.498119354248046875e-01
4.627857208251953125e-01
4.549510478973388672e-01
4.600534439086914062e-01
4.583544731140136719e-01
4.572000503540039062e-01
4.615831375122070312e-01
4.534544944763183594e-01
4.627599716186523438e-01
4.677746295928955078e-01
4.681940078735351562e-01
4.633502960205078125e-01
4.744489192962646484e-01
4.674806594848632812e-01
4.613058567047119141e-01
4.684481620788574219e-01
4.522638320922851562e-01
4.640135765075683594e-01
4.541659355163574219e-01
4.618470668792724609e-01
4.572486877441406250e-01
4.550771713256835938e-01
4.604606628417968750e-01
4.528303146362304688e-01
4.641861915588378906e-01
4.505388736724853516e-01
4.629576206207275391e-01
4.554290771484375000e-01
4.550516605377197266e-01
4.605798721313476562e-01
4.520382881164550781e-01
4.654369354248046875e-01
4.536254405975341797e-01
4.612076282501220703e-01
4.533877372741699219e-01
4.595134258270263672e-01
4.548978805541992188e-01
4.537861347198486328e-01
4.616303443908691406e-01
4.513835906982421875e-01
4.606003761291503906e-01
4.510278701782226562e-01
4.623365402221679688e-01
4.532661437988281250e-01
4.540421962738037109e-01
4.588308334350585938e-01
4.524323940277099609e-01
4.634933471679687500e-01
4.522271156311035156e-01
4.626221656799316406e-01
4.527566432952880859e-01
4.595787525177001953e-01
4.562559127807617188e-01
4.521512985229492188e-01
4.635198116302490234e-01
4.506909847259521484e-01
4.605324268341064453e-01
4.541661739349365234e-01
4.634335041046142578e-01
4.549574851989746094e-01
4.527242183685302734e-01
4.587557315826416016e-01
4.538254737854003906e-01
4.630050659179687500e-01
4.515016078948974609e-01
4.608762264251708984e-01
4.567868709564208984e-01
4.646327495574951172e-01
4.675712585449218750e-01
4.584033489227294922e-01
4.632790088653564453e-01
4.498116970062255859e-01
4.642007350921630859e-01
4.533681869506835938e-01
4.594190120697021484e-01
4.542164802551269531e-01
4.536206722259521484e-01
4.646344184875488281e-01
4.509820938110351562e-01
4.623053073883056641e-01
4.551308155059814453e-01
4.608035087585449219e-01
4.573736190795898438e-01
4.527339935302734375e-01
4.583461284637451172e-01
4.530737400054931641e-01
4.636836051940917969e-01
4.512352943420410156e-01
4.603126049041748047e-01
4.552569389343261719e-01
4.571979045867919922e-01
4.546184539794921875e-01
4.507849216461181641e-01
4.627680778503417969e-01
4.510674476623535156e-01
4.621319770812988281e-01
4.558043479919433594e-01
4.625015258789062500e-01
4.533205032348632812e-01
4.527552127838134766e-01
4.619586467742919922e-01
4.556534290313720703e-01
4.603276252746582031e-01
4.537692070007324219e-01
4.600160121917724609e-01
4.556562900543212891e-01
4.545540809631347656e-01
4.551661014556884766e-01
4.513449668884277344e-01
4.634840488433837891e-01
4.504704475402832031e-01
4.637377262115478516e-01
4.565801620483398438e-01
4.598898887634277344e-01
4.601330757141113281e-01
4.506981372833251953e-01
4.676685333251953125e-01
4.545397758483886719e-01
4.618062973022460938e-01
4.533770084381103516e-01
4.623837471008300781e-01
4.534246921539306641e-01
4.561066627502441406e-01
4.595313072204589844e-01
4.513874053955078125e-01
4.675052165985107422e-01
4.514451026916503906e-01
4.609742164611816406e-01
4.545140266418457031e-01
4.592664241790771484e-01
4.566855430603027344e-01
4.512865543365478516e-01
4.646134376525878906e-01
4.540591239929199219e-01
4.637975692749023438e-01
4.532761573791503906e-01
4.601306915283203125e-01
4.597759246826171875e-01
4.510881900787353516e-01
4.626488685607910156e-01
4.527637958526611328e-01
4.644291400909423828e-01
4.533958435058593750e-01
4.590480327606201172e-01
4.532454013824462891e-01
4.591929912567138672e-01
4.608001708984375000e-01
4.515464305877685547e-01
4.657287597656250000e-01
4.539699554443359375e-01
4.628169536590576172e-01
4.534802436828613281e-01
4.607334136962890625e-01
4.544532299041748047e-01
4.518473148345947266e-01
4.659450054168701172e-01
4.527618885040283203e-01
4.623436927795410156e-01
4.550805091857910156e-01
4.566528797149658203e-01
4.549419879913330078e-01
4.526529312133789062e-01
4.632258415222167969e-01
4.498400688171386719e-01
4.647650718688964844e-01
