1.316741323471069336e+01
1.256870889663696289e+01
1.264774560928344727e+01
1.255614471435546875e+01
1.257475304603576660e+01
1.263961243629455566e+01
1.262081336975097656e+01
1.260359477996826172e+01
1.261836361885070801e+01
1.269664692878723145e+01
1.263404154777526855e+01
1.267162489891052246e+01
1.271219825744628906e+01
1.262513971328735352e+01
1.263665962219238281e+01
1.269788026809692383e+01
1.275169777870178223e+01
1.264524912834167480e+01
1.265489196777343750e+01
1.271423864364624023e+01
1.276149368286132812e+01
1.278835821151733398e+01
1.275927329063415527e+01
1.266486644744873047e+01
1.263838315010070801e+01
1.263083887100219727e+01
1.273645710945129395e+01
1.262799906730651855e+01
1.263822841644287109e+01
1.260222697257995605e+01
1.264256358146667480e+01
1.259712958335876465e+01
1.261902189254760742e+01
1.262044429779052734e+01
1.265278863906860352e+01
1.257931661605834961e+01
1.264087700843811035e+01
1.263345146179199219e+01
1.270741701126098633e+01
1.265675997734069824e+01
1.263842439651489258e+01
1.265607690811157227e+01
1.271984887123107910e+01
1.260008049011230469e+01
1.269023227691650391e+01
1.282428288459777832e+01
1.279537153244018555e+01
1.272301220893859863e+01
1.282680225372314453e+01
1.267873334884643555e+01
1.276908779144287109e+01
1.270143890380859375e+01
1.263822531700134277e+01
1.263627219200134277e+01
1.272888231277465820e+01
1.266260623931884766e+01
1.266321730613708496e+01
1.266372227668762207e+01
1.265927314758300781e+01
1.262741327285766602e+01
1.262038946151733398e+01
1.264686942100524902e+01
1.264369416236877441e+01
1.264211559295654297e+01
1.262902402877807617e+01
1.260885930061340332e+01
1.259986901283264160e+01
1.263954281806945801e+01
1.266835236549377441e+01
1.260625743865966797e+01
1.262545895576477051e+01
1.263538479804992676e+01
1.263344359397888184e+01
1.270486688613891602e+01
1.265479183197021484e+01
1.267947602272033691e+01
1.268037462234497070e+01
1.262876057624816895e+01
1.266512346267700195e+01
1.262841916084289551e+01
1.264415669441223145e+01
1.262076330184936523e+01
1.264477109909057617e+01
1.264979648590087891e+01
1.264955687522888184e+01
1.260442566871643066e+01
1.268682718276977539e+01
1.266352629661560059e+01
1.270956254005432129e+01
1.260709667205810547e+01
1.268815469741821289e+01
1.267133069038391113e+01
1.257418584823608398e+01
1.272359824180603027e+01
1.266307067871093750e+01
1.265445065498352051e+01
1.277923846244812012e+01
1.262403130531311035e+01
1.269576740264892578e+01
1.266802740097045898e+01
1.263734936714172363e+01
1.266110277175903320e+01
1.276350331306457520e+01
1.277654600143432617e+01
1.277782607078552246e+01
1.267336440086364746e+01
1.270621490478515625e+01
1.266887545585632324e+01
1.262429165840148926e+01
1.259687447547912598e+01
1.264811444282531738e+01
1.270249438285827637e+01
1.270600271224975586e+01
1.263980579376220703e+01
1.262531447410583496e+01
1.263893747329711914e+01
1.257781481742858887e+01
1.260940098762512207e+01
1.263200020790100098e+01
1.263863205909729004e+01
1.260669016838073730e+01
1.260370373725891113e+01
1.270272684097290039e+01
1.265386033058166504e+01
1.262401127815246582e+01
1.276734328269958496e+01
1.274569463729858398e+01
1.268525576591491699e+01
1.260167646408081055e+01
1.263162732124328613e+01
1.257232785224914551e+01
1.256636714935302734e+01
1.264183592796325684e+01
1.269037985801696777e+01
1.259872364997863770e+01
1.262823462486267090e+01
1.263251304626464844e+01
1.265045166015625000e+01
1.268750309944152832e+01
1.266926527023315430e+01
1.260499644279479980e+01
1.260584402084350586e+01
1.258504128456115723e+01
1.263184595108032227e+01
1.269528508186340332e+01
1.270056104660034180e+01
1.262117481231689453e+01
1.262532496452331543e+01
1.265465497970581055e+01
1.270715618133544922e+01
1.268429517745971680e+01
1.261951327323913574e+01
1.277828431129455566e+01
1.267941093444824219e+01
1.267978143692016602e+01
1.269569754600524902e+01
1.269444823265075684e+01
1.262201499938964844e+01
1.262454843521118164e+01
1.260415291786193848e+01
1.257206773757934570e+01
1.260970544815063477e+01
1.259053230285644531e+01
1.265141272544860840e+01
1.263497734069824219e+01
1.259738135337829590e+01
1.264036583900451660e+01
1.264370989799499512e+01
1.262308025360107422e+01
1.265976262092590332e+01
1.269337677955627441e+01
1.264460396766662598e+01
1.269292879104614258e+01
1.266455841064453125e+01
1.266531419754028320e+01
1.273421096801757812e+01
1.257294225692749023e+01
1.274144029617309570e+01
1.269704413414001465e+01
1.258096265792846680e+01
1.258549904823303223e+01
1.267265462875366211e+01
1.264847517013549805e+01
1.263229298591613770e+01
1.267755889892578125e+01
1.265898227691650391e+01
1.263324952125549316e+01
1.259453177452087402e+01
1.265352821350097656e+01
1.266299223899841309e+01
1.261080932617187500e+01
1.264818334579467773e+01
1.263645076751708984e+01
1.258770895004272461e+01
1.265873908996582031e+01
1.265586948394775391e+01
1.273333382606506348e+01
1.264872503280639648e+01
1.261131024360656738e+01
1.266879534721374512e+01
