4.826345443725585938e-01
4.952628612518310547e-01
4.761316776275634766e-01
4.733476638793945312e-01
4.797551631927490234e-01
4.688365459442138672e-01
4.736373424530029297e-01
4.690644741058349609e-01
4.705493450164794922e-01
4.734909534454345703e-01
4.656667709350585938e-01
4.798274040222167969e-01
4.608626365661621094e-01
4.611368179321289062e-01
4.552810192108154297e-01
4.554963111877441406e-01
4.556353092193603516e-01
4.523870944976806641e-01
4.637537002563476562e-01
4.505219459533691406e-01
4.806067943572998047e-01
4.596724510192871094e-01
4.659850597381591797e-01
4.579927921295166016e-01
4.575338363647460938e-01
4.613676071166992188e-01
4.509825706481933594e-01
4.652593135833740234e-01
4.528520107269287109e-01
4.632711410522460938e-01
4.538297653198242188e-01
4.564671516418457031e-01
4.611532688140869141e-01
4.524090290069580078e-01
4.640073776245117188e-01
4.493644237518310547e-01
4.623439311981201172e-01
4.544665813446044922e-01
4.595630168914794922e-01
4.578149318695068359e-01
4.566378593444824219e-01
4.611270427703857422e-01
4.529600143432617188e-01
4.624164104461669922e-01
4.672811031341552734e-01
4.677522182464599609e-01
4.628562927246093750e-01
4.739623069763183594e-01
4.671716690063476562e-01
4.606587886810302734e-01
4.677555561065673828e-01
4.516749382019042969e-01
4.634225368499755859e-01
4.537403583526611328e-01
4.614841938018798828e-01
4.566602706909179688e-01
4.545025825500488281e-01
4.601693153381347656e-01
4.525449275970458984e-01
4.639124870300292969e-01
4.502246379852294922e-01
4.625360965728759766e-01
4.548263549804687500e-01
4.546287059783935547e-01
4.602179527282714844e-01
4.514615535736083984e-01
4.649815559387207031e-01
4.531104564666748047e-01
4.606912136077880859e-01
4.529798030853271484e-01
4.589576721191406250e-01
4.553000926971435547e-01
4.533932209014892578e-01
4.612457752227783203e-01
4.507067203521728516e-01
4.600269794464111328e-01
4.504268169403076172e-01
4.619643688201904297e-01
4.532709121704101562e-01
4.535536766052246094e-01
4.584565162658691406e-01
4.521059989929199219e-01
4.629511833190917969e-01
4.516785144805908203e-01
4.622671604156494141e-01
4.524450302124023438e-01
4.592304229736328125e-01
4.555747509002685547e-01
4.512765407562255859e-01
4.630117416381835938e-01
4.500308036804199219e-01
4.599890708923339844e-01
4.537253379821777344e-01
4.629454612731933594e-01
4.545311927795410156e-01
4.523515701293945312e-01
4.581468105316162109e-01
4.532556533813476562e-01
4.623394012451171875e-01
4.507942199707031250e-01
4.604718685150146484e-01
4.558954238891601562e-01
4.642529487609863281e-01
4.671537876129150391e-01
4.575662612915039062e-01
4.627416133880615234e-01
4.492046833038330078e-01
4.635787010192871094e-01
4.530966281890869141e-01
4.590086936950683594e-01
4.536998271942138672e-01
4.529848098754882812e-01
4.642162322998046875e-01
4.506583213806152344e-01
4.619269371032714844e-01
4.548747539520263672e-01
4.603505134582519531e-01
4.568717479705810547e-01
4.521551132202148438e-01
4.570441246032714844e-01
4.525780677795410156e-01
4.632513523101806641e-01
4.506766796112060547e-01
4.599123001098632812e-01
4.549584388732910156e-01
4.569129943847656250e-01
4.540197849273681641e-01
4.506022930145263672e-01
4.622721672058105469e-01
4.508101940155029297e-01
4.617319107055664062e-01
4.553821086883544922e-01
4.619865417480468750e-01
4.528670310974121094e-01
4.522719383239746094e-01
4.614615440368652344e-01
4.550087451934814453e-01
4.598932266235351562e-01
4.523856639862060547e-01
4.598679542541503906e-01
4.549303054809570312e-01
4.539568424224853516e-01
4.546506404876708984e-01
4.509458541870117188e-01
4.628946781158447266e-01
4.500946998596191406e-01
4.631896018981933594e-01
4.560317993164062500e-01
4.595868587493896484e-01
4.596426486968994141e-01
4.501373767852783203e-01
4.672908782958984375e-01
4.541132450103759766e-01
4.613592624664306641e-01
4.526581764221191406e-01
4.617843627929687500e-01
4.530344009399414062e-01
4.557652473449707031e-01
4.591464996337890625e-01
4.509506225585937500e-01
4.671783447265625000e-01
4.512376785278320312e-01
4.605858325958251953e-01
4.540419578552246094e-01
4.586575031280517578e-01
4.560956954956054688e-01
4.507122039794921875e-01
4.641532897949218750e-01
4.534683227539062500e-01
4.631037712097167969e-01
4.527297019958496094e-01
4.596767425537109375e-01
4.590744972229003906e-01
4.504435062408447266e-01
4.621989727020263672e-01
4.525775909423828125e-01
4.640202522277832031e-01
4.528915882110595703e-01
4.586176872253417969e-01
4.527711868286132812e-01
4.587059020996093750e-01
4.604775905609130859e-01
4.511935710906982422e-01
4.653208255767822266e-01
4.536435604095458984e-01
4.623715877532958984e-01
4.529571533203125000e-01
4.601459503173828125e-01
4.541208744049072266e-01
4.515469074249267578e-01
4.655301570892333984e-01
4.522423744201660156e-01
4.620175361633300781e-01
4.546525478363037109e-01
4.559996128082275391e-01
4.544510841369628906e-01
4.634394645690917969e-01
4.628446102142333984e-01
4.494249820709228516e-01
4.643259048461914062e-01
