2.418013978004455566e+01
2.354132175445556641e+01
2.349997901916503906e+01
2.367194771766662598e+01
2.386810922622680664e+01
2.368242144584655762e+01
2.433087086677551270e+01
2.347077393531799316e+01
2.372085809707641602e+01
2.369077563285827637e+01
2.359558701515197754e+01
2.390716481208801270e+01
2.370152258872985840e+01
2.368101024627685547e+01
2.338119983673095703e+01
2.328826951980590820e+01
2.346827626228332520e+01
2.347503781318664551e+01
2.334918975830078125e+01
2.350998783111572266e+01
2.438154363632202148e+01
2.368159198760986328e+01
2.409716701507568359e+01
2.354894375801086426e+01
2.332574176788330078e+01
2.345484256744384766e+01
2.362954711914062500e+01
2.332603240013122559e+01
2.332113337516784668e+01
2.343539237976074219e+01
2.364703512191772461e+01
2.329330229759216309e+01
2.326985311508178711e+01
2.336851620674133301e+01
2.340380764007568359e+01
2.386148333549499512e+01
2.348571324348449707e+01
2.363869786262512207e+01
2.324520921707153320e+01
2.372890472412109375e+01
2.354645895957946777e+01
2.334100270271301270e+01
2.332177972793579102e+01
2.354780697822570801e+01
2.411131286621093750e+01
2.373210597038269043e+01
2.367746853828430176e+01
2.413238501548767090e+01
2.398449707031250000e+01
2.370746278762817383e+01
2.373355317115783691e+01
2.325929093360900879e+01
2.404357552528381348e+01
2.351832294464111328e+01
2.366522264480590820e+01
2.360247039794921875e+01
2.327639126777648926e+01
2.348890447616577148e+01
2.365048623085021973e+01
2.350533413887023926e+01
2.390523934364318848e+01
2.335335302352905273e+01
2.352293944358825684e+01
2.345707416534423828e+01
2.373886823654174805e+01
2.333832645416259766e+01
2.383208203315734863e+01
2.355886673927307129e+01
2.356428527832031250e+01
2.346002459526062012e+01
2.401147198677062988e+01
2.365024065971374512e+01
2.359851336479187012e+01
2.371599268913269043e+01
2.338351416587829590e+01
2.367222189903259277e+01
2.357725119590759277e+01
2.347095632553100586e+01
2.374099469184875488e+01
2.368611073493957520e+01
2.408646583557128906e+01
2.370278310775756836e+01
2.360654997825622559e+01
2.325637698173522949e+01
2.376905345916748047e+01
2.348711991310119629e+01
2.347963738441467285e+01
2.332270693778991699e+01
2.339591693878173828e+01
2.373727178573608398e+01
2.360258531570434570e+01
2.332726597785949707e+01
2.374937343597412109e+01
2.338635945320129395e+01
2.369574999809265137e+01
2.333280658721923828e+01
2.332416558265686035e+01
2.336958289146423340e+01
2.336495876312255859e+01
2.378930616378784180e+01
2.364665651321411133e+01
2.360212874412536621e+01
2.383693289756774902e+01
2.409521627426147461e+01
2.368598532676696777e+01
2.384721946716308594e+01
2.323906016349792480e+01
2.350120854377746582e+01
2.423684906959533691e+01
2.358893561363220215e+01
2.393422317504882812e+01
2.327797436714172363e+01
2.348967599868774414e+01
2.356740617752075195e+01
2.377958655357360840e+01
2.325497007369995117e+01
2.344977188110351562e+01
2.325154566764831543e+01
2.369748330116271973e+01
2.330257558822631836e+01
2.378314733505249023e+01
2.341702818870544434e+01
2.333378243446350098e+01
2.375423431396484375e+01
2.350319409370422363e+01
2.342789912223815918e+01
2.383838653564453125e+01
2.358703374862670898e+01
2.358607292175292969e+01
2.336032867431640625e+01
2.357500338554382324e+01
2.328780794143676758e+01
2.354416656494140625e+01
2.356438374519348145e+01
2.371771669387817383e+01
2.339594507217407227e+01
2.369294404983520508e+01
2.355848574638366699e+01
2.370314526557922363e+01
2.331336617469787598e+01
2.340222120285034180e+01
2.327173304557800293e+01
2.361977386474609375e+01
2.373008227348327637e+01
2.336855864524841309e+01
2.343824601173400879e+01
2.360211730003356934e+01
2.376966619491577148e+01
2.353209209442138672e+01
2.329803228378295898e+01
2.333384513854980469e+01
2.370214271545410156e+01
2.353866410255432129e+01
2.352939915657043457e+01
2.351410841941833496e+01
2.351561927795410156e+01
2.343448472023010254e+01
2.335917901992797852e+01
2.369992160797119141e+01
2.354513812065124512e+01
2.334982371330261230e+01
2.383975243568420410e+01
2.366421961784362793e+01
2.329892492294311523e+01
2.363557314872741699e+01
2.374135279655456543e+01
2.375241732597351074e+01
2.333170604705810547e+01
2.329197287559509277e+01
2.352397894859313965e+01
2.325635409355163574e+01
2.328991436958312988e+01
2.362380671501159668e+01
2.325696325302124023e+01
2.362631487846374512e+01
2.357112264633178711e+01
2.332108592987060547e+01
2.360176777839660645e+01
2.345585203170776367e+01
2.327672553062438965e+01
2.340071868896484375e+01
2.367619824409484863e+01
2.349893331527709961e+01
2.351237106323242188e+01
2.375070047378540039e+01
2.369617652893066406e+01
2.392956662178039551e+01
2.359826850891113281e+01
2.368472456932067871e+01
2.335593533515930176e+01
2.364200901985168457e+01
2.364684939384460449e+01
2.340056848526000977e+01
2.328984570503234863e+01
2.374845027923583984e+01
2.333712959289550781e+01
2.342568016052246094e+01
2.353041243553161621e+01
2.350251293182373047e+01
2.330268287658691406e+01
