2.417984247207641602e+01
2.350495004653930664e+01
2.406961488723754883e+01
2.373288869857788086e+01
2.374134540557861328e+01
2.381508493423461914e+01
2.401590728759765625e+01
2.352634263038635254e+01
2.390312314033508301e+01
2.377873945236206055e+01
2.356996846199035645e+01
2.354215455055236816e+01
2.341194510459899902e+01
2.392371273040771484e+01
2.332762241363525391e+01
2.340240669250488281e+01
2.344275307655334473e+01
2.325106859207153320e+01
2.342273354530334473e+01
2.377068519592285156e+01
2.444407701492309570e+01
2.405024194717407227e+01
2.385351109504699707e+01
2.364298129081726074e+01
2.334820938110351562e+01
2.339835405349731445e+01
2.374773478507995605e+01
2.348178052902221680e+01
2.349885082244873047e+01
2.332451987266540527e+01
2.359654021263122559e+01
2.330949068069458008e+01
2.372175860404968262e+01
2.385453414916992188e+01
2.401348543167114258e+01
2.379741120338439941e+01
2.364115548133850098e+01
2.374307179450988770e+01
2.338816857337951660e+01
2.373977279663085938e+01
2.328221011161804199e+01
2.374817371368408203e+01
2.407253432273864746e+01
2.373495507240295410e+01
2.418183851242065430e+01
2.409042501449584961e+01
2.374349808692932129e+01
2.399920725822448730e+01
2.374140906333923340e+01
2.359182381629943848e+01
2.361912107467651367e+01
2.346251726150512695e+01
2.381773591041564941e+01
2.378900098800659180e+01
2.385805773735046387e+01
2.330023431777954102e+01
2.341355419158935547e+01
2.348560142517089844e+01
2.336805558204650879e+01
2.384853458404541016e+01
2.351050162315368652e+01
2.351825952529907227e+01
2.344521641731262207e+01
2.332121753692626953e+01
2.365028285980224609e+01
2.365347480773925781e+01
2.341554880142211914e+01
2.346963047981262207e+01
2.334035348892211914e+01
2.360505843162536621e+01
2.347985577583312988e+01
2.339685678482055664e+01
2.333650588989257812e+01
2.352980685234069824e+01
2.342162871360778809e+01
2.392292118072509766e+01
2.336913776397705078e+01
2.336264038085937500e+01
2.360678887367248535e+01
2.360724997520446777e+01
2.357388830184936523e+01
2.353021001815795898e+01
2.333908629417419434e+01
2.392260837554931641e+01
2.388023948669433594e+01
2.356689929962158203e+01
2.372141504287719727e+01
2.347137379646301270e+01
2.339827990531921387e+01
2.358245372772216797e+01
2.344099402427673340e+01
2.336291193962097168e+01
2.356075334548950195e+01
2.355883741378784180e+01
2.368392372131347656e+01
2.327042174339294434e+01
2.344752073287963867e+01
2.339818191528320312e+01
2.369324731826782227e+01
2.387822270393371582e+01
2.377559924125671387e+01
2.359737539291381836e+01
2.361625480651855469e+01
2.401966142654418945e+01
2.360856485366821289e+01
2.350986146926879883e+01
2.326526165008544922e+01
2.327428269386291504e+01
2.359186649322509766e+01
2.358860445022583008e+01
2.373891139030456543e+01
2.324961853027343750e+01
2.340140485763549805e+01
2.376803135871887207e+01
2.377676105499267578e+01
2.336715245246887207e+01
2.339351344108581543e+01
2.364534425735473633e+01
2.330826735496520996e+01
2.332059621810913086e+01
2.327919936180114746e+01
2.335761189460754395e+01
2.329925560951232910e+01
2.341716313362121582e+01
2.350130748748779297e+01
2.369755339622497559e+01
2.365371632575988770e+01
2.332799673080444336e+01
2.393911194801330566e+01
2.343138647079467773e+01
2.343902111053466797e+01
2.364546918869018555e+01
2.346368980407714844e+01
2.352113509178161621e+01
2.329791355133056641e+01
2.337697863578796387e+01
2.334489965438842773e+01
2.347293663024902344e+01
2.376654338836669922e+01
2.367668271064758301e+01
2.325504040718078613e+01
2.328379535675048828e+01
2.331524419784545898e+01
2.385582518577575684e+01
2.335537362098693848e+01
2.323525524139404297e+01
2.329442906379699707e+01
2.385679340362548828e+01
2.364447212219238281e+01
2.333431148529052734e+01
2.330185055732727051e+01
2.374809479713439941e+01
2.323422646522521973e+01
2.351543879508972168e+01
2.380698418617248535e+01
2.358036971092224121e+01
2.333403158187866211e+01
2.342347264289855957e+01
2.342560172080993652e+01
2.348051214218139648e+01
2.364860844612121582e+01
2.341786837577819824e+01
2.360153555870056152e+01
2.338679552078247070e+01
2.363146781921386719e+01
2.347422099113464355e+01
2.360066103935241699e+01
2.359336447715759277e+01
2.345035147666931152e+01
2.336579966545104980e+01
2.332179045677185059e+01
2.367815279960632324e+01
2.346680378913879395e+01
2.367410707473754883e+01
2.368756318092346191e+01
2.331719374656677246e+01
2.331510639190673828e+01
2.362356114387512207e+01
2.327915906906127930e+01
2.360776948928833008e+01
2.336303853988647461e+01
2.365377426147460938e+01
2.342207026481628418e+01
2.380495381355285645e+01
2.339425563812255859e+01
2.388629317283630371e+01
2.366966605186462402e+01
2.380414915084838867e+01
2.348984932899475098e+01
2.336963152885437012e+01
2.350040292739868164e+01
2.366639423370361328e+01
2.352077865600585938e+01
2.376351666450500488e+01
2.333513784408569336e+01
2.339503836631774902e+01
2.331036376953125000e+01
2.368435001373291016e+01
2.334632039070129395e+01
2.363550400733947754e+01
