2.418003106117248535e+01
2.351447319984436035e+01
2.360400295257568359e+01
2.344874572753906250e+01
2.366345167160034180e+01
2.368976664543151855e+01
2.347049260139465332e+01
2.373268890380859375e+01
2.343176507949829102e+01
2.392929458618164062e+01
2.356787681579589844e+01
2.355337023735046387e+01
2.338924789428710938e+01
2.369332838058471680e+01
2.349460935592651367e+01
2.344340515136718750e+01
2.349481987953186035e+01
2.364556646347045898e+01
2.337299346923828125e+01
2.331824016571044922e+01
2.449556207656860352e+01
2.368088459968566895e+01
2.385191607475280762e+01
2.393010139465332031e+01
2.344986844062805176e+01
2.334527301788330078e+01
2.366819334030151367e+01
2.357963442802429199e+01
2.401588892936706543e+01
2.341114354133605957e+01
2.402564239501953125e+01
2.338774275779724121e+01
2.371346759796142578e+01
2.357916593551635742e+01
2.332126021385192871e+01
2.359477472305297852e+01
2.365087771415710449e+01
2.408419561386108398e+01
2.332983922958374023e+01
2.383560705184936523e+01
2.380661797523498535e+01
2.334460139274597168e+01
2.336389255523681641e+01
2.345611929893493652e+01
2.433222961425781250e+01
2.390262579917907715e+01
2.416266250610351562e+01
2.384938454627990723e+01
2.374904608726501465e+01
2.358081746101379395e+01
2.381008887290954590e+01
2.365722680091857910e+01
2.366038036346435547e+01
2.359868741035461426e+01
2.330589938163757324e+01
2.379672789573669434e+01
2.362626695632934570e+01
2.376699948310852051e+01
2.328423380851745605e+01
2.337215733528137207e+01
2.372146487236022949e+01
2.336303758621215820e+01
2.341586661338806152e+01
2.337430047988891602e+01
2.333372712135314941e+01
2.327597308158874512e+01
2.343975400924682617e+01
2.327034187316894531e+01
2.355653953552246094e+01
2.336076784133911133e+01
2.363617062568664551e+01
2.360760378837585449e+01
2.327828860282897949e+01
2.333020734786987305e+01
2.335636162757873535e+01
2.359148645401000977e+01
2.333900070190429688e+01
2.331320691108703613e+01
2.364527130126953125e+01
2.353448128700256348e+01
2.367042756080627441e+01
2.371453022956848145e+01
2.380899667739868164e+01
2.349175786972045898e+01
2.335118246078491211e+01
2.330597400665283203e+01
2.395575356483459473e+01
2.345520806312561035e+01
2.323608160018920898e+01
2.358454942703247070e+01
2.339443254470825195e+01
2.331177139282226562e+01
2.329682016372680664e+01
2.325728416442871094e+01
2.330774688720703125e+01
2.360765242576599121e+01
2.334242534637451172e+01
2.351040387153625488e+01
2.343640685081481934e+01
2.343229913711547852e+01
2.364399933815002441e+01
2.358599328994750977e+01
2.412507700920104980e+01
2.375121045112609863e+01
2.398149371147155762e+01
2.391606831550598145e+01
2.343961930274963379e+01
2.374122977256774902e+01
2.379141068458557129e+01
2.325334191322326660e+01
2.337393403053283691e+01
2.370872879028320312e+01
2.361787605285644531e+01
2.349318742752075195e+01
2.363563323020935059e+01
2.333517313003540039e+01
2.345481848716735840e+01
2.325113511085510254e+01
2.325720429420471191e+01
2.346422934532165527e+01
2.336013984680175781e+01
2.336607432365417480e+01
2.354029941558837891e+01
2.340623831748962402e+01
2.358126354217529297e+01
2.329435944557189941e+01
2.363008403778076172e+01
2.335167193412780762e+01
2.365085101127624512e+01
2.327185797691345215e+01
2.332612228393554688e+01
2.343972468376159668e+01
2.346127724647521973e+01
2.328827905654907227e+01
2.342981076240539551e+01
2.371394324302673340e+01
2.327391791343688965e+01
2.363741350173950195e+01
2.357366204261779785e+01
2.400892543792724609e+01
2.342407774925231934e+01
2.337791275978088379e+01
2.370460581779479980e+01
2.324670052528381348e+01
2.331160545349121094e+01
2.364305400848388672e+01
2.338778471946716309e+01
2.336767482757568359e+01
2.330631852149963379e+01
2.389819693565368652e+01
2.357635021209716797e+01
2.376374697685241699e+01
2.345613479614257812e+01
2.335391902923583984e+01
2.362115287780761719e+01
2.325839257240295410e+01
2.338973093032836914e+01
2.351188778877258301e+01
2.356509661674499512e+01
2.352290844917297363e+01
2.385446643829345703e+01
2.330907058715820312e+01
2.373180603981018066e+01
2.371048498153686523e+01
2.378922533988952637e+01
2.376378846168518066e+01
2.379902148246765137e+01
2.359025812149047852e+01
2.329785180091857910e+01
2.381804513931274414e+01
2.343747687339782715e+01
2.364771795272827148e+01
2.332978963851928711e+01
2.343125724792480469e+01
2.397368788719177246e+01
2.331454849243164062e+01
2.332027840614318848e+01
2.364580535888671875e+01
2.328640413284301758e+01
2.331463193893432617e+01
2.373398399353027344e+01
2.331941008567810059e+01
2.352625918388366699e+01
2.371717119216918945e+01
2.350481772422790527e+01
2.393266439437866211e+01
2.339074778556823730e+01
2.371448612213134766e+01
2.348667597770690918e+01
2.327198529243469238e+01
2.360090708732604980e+01
2.368618726730346680e+01
2.341895270347595215e+01
2.335329174995422363e+01
2.336696982383728027e+01
2.334753155708312988e+01
2.348595356941223145e+01
2.405748414993286133e+01
2.333569574356079102e+01
2.374034094810485840e+01
