1.364176988601684570e+01
1.298665046691894531e+01
1.305085158348083496e+01
1.305770301818847656e+01
1.314019966125488281e+01
1.301878929138183594e+01
1.304486489295959473e+01
1.307925796508789062e+01
1.307894659042358398e+01
1.314745998382568359e+01
1.307159662246704102e+01
1.308407688140869141e+01
1.306583046913146973e+01
1.305123496055603027e+01
1.304345703125000000e+01
1.306892776489257812e+01
1.306154274940490723e+01
1.306137180328369141e+01
1.305193424224853516e+01
1.302829861640930176e+01
1.318505287170410156e+01
1.314877057075500488e+01
1.322799062728881836e+01
1.309040307998657227e+01
1.306040978431701660e+01
1.308385944366455078e+01
1.305937671661376953e+01
1.304503059387207031e+01
1.309502410888671875e+01
1.310698461532592773e+01
1.305185389518737793e+01
1.305080366134643555e+01
1.303365468978881836e+01
1.304701089859008789e+01
1.304375243186950684e+01
1.310876417160034180e+01
1.314034271240234375e+01
1.309930944442749023e+01
1.303740143775939941e+01
1.305247187614440918e+01
1.307641386985778809e+01
1.303068614006042480e+01
1.311377143859863281e+01
1.316896581649780273e+01
1.320663237571716309e+01
1.327412390708923340e+01
1.324975228309631348e+01
1.327771544456481934e+01
1.320691585540771484e+01
1.319612574577331543e+01
1.318658685684204102e+01
1.309613943099975586e+01
1.308261203765869141e+01
1.302173829078674316e+01
1.302657437324523926e+01
1.309815740585327148e+01
1.312925887107849121e+01
1.306997609138488770e+01
1.308542680740356445e+01
1.304772734642028809e+01
1.314164519309997559e+01
1.306497716903686523e+01
1.308835649490356445e+01
1.306647634506225586e+01
1.304980254173278809e+01
1.308385825157165527e+01
1.311922311782836914e+01
1.300558066368103027e+01
1.314225220680236816e+01
1.305524539947509766e+01
1.311662173271179199e+01
1.308916544914245605e+01
1.311803388595581055e+01
1.304396867752075195e+01
1.303520750999450684e+01
1.305422687530517578e+01
1.306561565399169922e+01
1.312446665763854980e+01
1.309652280807495117e+01
1.306903314590454102e+01
1.310580849647521973e+01
1.306412625312805176e+01
1.318781590461730957e+01
1.305155920982360840e+01
1.304649615287780762e+01
1.307208514213562012e+01
1.312654495239257812e+01
1.309813356399536133e+01
1.305546212196350098e+01
1.310087203979492188e+01
1.309821534156799316e+01
1.302330017089843750e+01
1.308264064788818359e+01
1.300486731529235840e+01
1.303225398063659668e+01
1.308294844627380371e+01
1.303802728652954102e+01
1.306892609596252441e+01
1.311084246635437012e+01
1.308080720901489258e+01
1.310263514518737793e+01
1.317628169059753418e+01
1.312535786628723145e+01
1.317724800109863281e+01
1.320248293876647949e+01
1.315995550155639648e+01
1.318303751945495605e+01
1.309324574470520020e+01
1.304961895942687988e+01
1.308531427383422852e+01
1.308614754676818848e+01
1.314039278030395508e+01
1.319965314865112305e+01
1.304193234443664551e+01
1.305607604980468750e+01
1.312034654617309570e+01
1.312422704696655273e+01
1.306571912765502930e+01
1.312917304039001465e+01
1.306614613533020020e+01
1.306635785102844238e+01
1.312287950515747070e+01
1.308759880065917969e+01
1.309769415855407715e+01
1.312601542472839355e+01
1.305499792098999023e+01
1.306513214111328125e+01
1.305397605895996094e+01
1.309683418273925781e+01
1.303001236915588379e+01
1.306938076019287109e+01
1.311105060577392578e+01
1.305795741081237793e+01
1.306251788139343262e+01
1.310574531555175781e+01
1.313473749160766602e+01
1.300717258453369141e+01
1.307184553146362305e+01
1.304486465454101562e+01
1.307412338256835938e+01
1.306977510452270508e+01
1.310462355613708496e+01
1.305487275123596191e+01
1.305842900276184082e+01
1.304424214363098145e+01
1.303776693344116211e+01
1.305271244049072266e+01
1.305977582931518555e+01
1.305815768241882324e+01
1.307810425758361816e+01
1.310676646232604980e+01
1.309046053886413574e+01
1.312358260154724121e+01
1.304273438453674316e+01
1.303151440620422363e+01
1.299499106407165527e+01
1.299939537048339844e+01
1.310626769065856934e+01
1.312409472465515137e+01
1.310236668586730957e+01
1.313748764991760254e+01
1.307116103172302246e+01
1.312309241294860840e+01
1.310853624343872070e+01
1.317380833625793457e+01
1.301161313056945801e+01
1.298480343818664551e+01
1.313685798645019531e+01
1.305528974533081055e+01
1.308474016189575195e+01
1.306324291229248047e+01
1.306982207298278809e+01
1.304679179191589355e+01
1.306774711608886719e+01
1.307246565818786621e+01
1.305926513671875000e+01
1.310090303421020508e+01
1.302431154251098633e+01
1.304266023635864258e+01
1.307968163490295410e+01
1.318782758712768555e+01
1.305742073059082031e+01
1.313065791130065918e+01
1.307074427604675293e+01
1.304230904579162598e+01
1.310307407379150391e+01
1.304500079154968262e+01
1.309472012519836426e+01
1.313113880157470703e+01
1.301501893997192383e+01
1.308658075332641602e+01
1.309977746009826660e+01
1.307064509391784668e+01
1.307615089416503906e+01
1.305465769767761230e+01
1.305652642250061035e+01
1.308557081222534180e+01
1.311803650856018066e+01
1.307115578651428223e+01
1.307520747184753418e+01
