2.417956924438476562e+01
2.355179405212402344e+01
2.351831269264221191e+01
2.343986558914184570e+01
2.345836186408996582e+01
2.342216849327087402e+01
2.438334751129150391e+01
2.357798910140991211e+01
2.429315137863159180e+01
2.366889166831970215e+01
2.349900555610656738e+01
2.356085610389709473e+01
2.372187471389770508e+01
2.344537711143493652e+01
2.371675968170166016e+01
2.339988398551940918e+01
2.368811202049255371e+01
2.335183000564575195e+01
2.346682143211364746e+01
2.367168712615966797e+01
2.464541244506835938e+01
2.364475488662719727e+01
2.363601112365722656e+01
2.341982507705688477e+01
2.368806099891662598e+01
2.344344568252563477e+01
2.389382171630859375e+01
2.362313747406005859e+01
2.349811816215515137e+01
2.331566166877746582e+01
2.326521635055541992e+01
2.338000106811523438e+01
2.410014128684997559e+01
2.327704334259033203e+01
2.388806700706481934e+01
2.325138759613037109e+01
2.363929915428161621e+01
2.383267855644226074e+01
2.345495462417602539e+01
2.331924819946289062e+01
2.337757968902587891e+01
2.372818064689636230e+01
2.364308428764343262e+01
2.333060550689697266e+01
2.408164954185485840e+01
2.369519567489624023e+01
2.417121744155883789e+01
2.407023859024047852e+01
2.415546154975891113e+01
2.361134934425354004e+01
2.361617684364318848e+01
2.325688743591308594e+01
2.377021622657775879e+01
2.355170845985412598e+01
2.391879367828369141e+01
2.348682427406311035e+01
2.329436850547790527e+01
2.343511605262756348e+01
2.339228725433349609e+01
2.337125539779663086e+01
2.359678292274475098e+01
2.360375237464904785e+01
2.353473687171936035e+01
2.327140045166015625e+01
2.374678587913513184e+01
2.373994159698486328e+01
2.332307767868041992e+01
2.343282246589660645e+01
2.343759417533874512e+01
2.327975249290466309e+01
2.334500765800476074e+01
2.340782523155212402e+01
2.373660039901733398e+01
2.385868835449218750e+01
2.346893048286437988e+01
2.355388140678405762e+01
2.348209071159362793e+01
2.335583949089050293e+01
2.378992247581481934e+01
2.363374233245849609e+01
2.367866396903991699e+01
2.343734192848205566e+01
2.354515409469604492e+01
2.335317635536193848e+01
2.371136808395385742e+01
2.330309700965881348e+01
2.420065307617187500e+01
2.342179679870605469e+01
2.339037036895751953e+01
2.329986858367919922e+01
2.338354206085205078e+01
2.334807372093200684e+01
2.336557507514953613e+01
2.339075231552124023e+01
2.364044737815856934e+01
2.329367494583129883e+01
2.353668260574340820e+01
2.336384415626525879e+01
2.413945341110229492e+01
2.325872707366943359e+01
2.369248032569885254e+01
2.332516050338745117e+01
2.393077421188354492e+01
2.438653731346130371e+01
2.412163209915161133e+01
2.387845158576965332e+01
2.355744409561157227e+01
2.351506900787353516e+01
2.366431665420532227e+01
2.358140730857849121e+01
2.343910551071166992e+01
2.370717000961303711e+01
2.374297904968261719e+01
2.328322339057922363e+01
2.332343339920043945e+01
2.349420046806335449e+01
2.326601886749267578e+01
2.345029759407043457e+01
2.332490873336791992e+01
2.331025457382202148e+01
2.328953671455383301e+01
2.338337087631225586e+01
2.376335406303405762e+01
2.335122466087341309e+01
2.363350987434387207e+01
2.353259491920471191e+01
2.380955195426940918e+01
2.344178581237792969e+01
2.394817924499511719e+01
2.336048698425292969e+01
2.353871154785156250e+01
2.365682363510131836e+01
2.337698912620544434e+01
2.352939009666442871e+01
2.343046832084655762e+01
2.365974330902099609e+01
2.341366243362426758e+01
2.333653521537780762e+01
2.359088420867919922e+01
2.331623625755310059e+01
2.332894635200500488e+01
2.337763309478759766e+01
2.380520629882812500e+01
2.364765357971191406e+01
2.371449375152587891e+01
2.356519460678100586e+01
2.359033608436584473e+01
2.327674674987792969e+01
2.344586992263793945e+01
2.360818910598754883e+01
2.343887734413146973e+01
2.356633186340332031e+01
2.371518707275390625e+01
2.347619843482971191e+01
2.366472101211547852e+01
2.357792448997497559e+01
2.375576138496398926e+01
2.355961704254150391e+01
2.358890056610107422e+01
2.334305405616760254e+01
2.357043313980102539e+01
2.334417963027954102e+01
2.366492056846618652e+01
2.359062671661376953e+01
2.367171120643615723e+01
2.354824995994567871e+01
2.319139933586120605e+01
2.345490050315856934e+01
2.368253302574157715e+01
2.330894732475280762e+01
2.337370085716247559e+01
2.358837199211120605e+01
2.348610210418701172e+01
2.336898899078369141e+01
2.369720387458801270e+01
2.350245237350463867e+01
2.352885508537292480e+01
2.404063701629638672e+01
2.339593172073364258e+01
2.333338260650634766e+01
2.380609416961669922e+01
2.349327063560485840e+01
2.332744312286376953e+01
2.370774245262145996e+01
2.338778376579284668e+01
2.363065290451049805e+01
2.328622364997863770e+01
2.359071826934814453e+01
2.363833165168762207e+01
2.335953140258789062e+01
2.358423447608947754e+01
2.339460134506225586e+01
2.352060937881469727e+01
2.334854698181152344e+01
2.374343872070312500e+01
2.345792651176452637e+01
2.389474892616271973e+01
2.378600120544433594e+01
2.327422547340393066e+01
2.355785393714904785e+01
