1.041600000244140567e+01
1.387200000183105431e+01
1.772799999908447433e+01
1.815999999877929838e+01
2.195200000122070350e+01
2.249600000183105308e+01
2.535999999572753794e+01
2.471999999816894444e+01
2.664000000183105499e+01
2.796800000122070173e+01
2.912000000244140452e+01
2.900799999816894470e+01
3.113600000122070455e+01
3.211199999145507888e+01
3.191999999755859463e+01
3.444799999389648093e+01
3.366400000000000148e+01
3.409599999755859301e+01
3.478399999511718477e+01
3.556799999389648548e+01
3.534400000732421887e+01
3.662399999816894791e+01
3.601600000488281239e+01
3.633599999755859500e+01
3.646399999511718448e+01
3.724800000976562586e+01
3.768000000122070503e+01
3.643200000976562336e+01
3.700799999755859204e+01
3.840000000122070389e+01
3.839999999755859506e+01
3.780800000976562814e+01
3.897599999816894467e+01
3.785599999389648218e+01
4.004799999755859119e+01
3.844800000732421807e+01
3.779199998779296976e+01
3.814399999999999835e+01
3.927999998779296931e+01
3.920000000122070105e+01
3.792000000122069991e+01
3.801599998779296641e+01
3.776000000976562632e+01
3.855999998779297044e+01
3.864000000000000057e+01
3.795200000976562649e+01
3.876800000976562188e+01
3.998399999145507877e+01
3.748799999145507655e+01
3.847999999389648451e+01
3.825600000366210907e+01
3.937599999999999767e+01
3.923200000976562762e+01
3.979200000366211043e+01
3.814399999145507536e+01
3.801599999755859471e+01
3.742400000732421717e+01
3.820799999755859488e+01
3.708800000122070628e+01
3.758399999389648372e+01
3.804799998779296999e+01
3.967999999755859619e+01
3.798400000122069997e+01
3.731200000732421529e+01
3.811200000610351424e+01
3.876800000366210952e+01
3.929599999145507638e+01
3.748799998779296772e+01
3.793599999755859642e+01
3.830399999389648258e+01
3.710399999755859568e+01
3.817599999389648247e+01
3.798400000122069997e+01
3.761600000366210850e+01
3.707199999755859210e+01
3.787200000732421756e+01
3.646399999755859511e+01
3.764800000366211208e+01
3.734399999755859056e+01
3.729599998779296754e+01
3.767999999145507672e+01
3.692800000366210611e+01
3.720000000366211168e+01
3.676799999755859716e+01
3.654400000122070225e+01
3.742399999816894507e+01
3.663999999755859704e+01
3.854400000732422171e+01
3.657599998779296868e+01
3.764799999755859261e+01
3.651200000366210929e+01
3.688000000366211140e+01
3.598399999389648229e+01
3.718400000732422228e+01
3.644800000732421807e+01
3.761600000732421734e+01
3.865599999389648644e+01
3.748800000976562785e+01
3.679999999755859363e+01
3.580799999999999983e+01
4.632000000976562148e+01
4.816000000976562490e+01
4.889599999389648133e+01
4.860799999999999699e+01
4.921600000732421876e+01
4.979199998657226445e+01
5.062399999267578465e+01
5.036799999023437380e+01
5.060799999755859346e+01
5.100800000366211151e+01
5.201599999023437704e+01
5.032000000000000028e+01
5.071999999023437766e+01
5.119999998657226570e+01
5.096000000610351321e+01
5.176000000610351748e+01
5.252799999023437749e+01
5.264000000610351293e+01
5.180800000610351219e+01
5.219199999389648781e+01
5.260800000610351645e+01
5.184000000610351577e+01
5.179200000000000159e+01
5.243199999023437385e+01
5.318399999023437630e+01
5.310400000610351867e+01
5.244799999633789156e+01
5.331200000976562592e+01
5.289600000000000080e+01
5.393600000244140347e+01
5.335999999816894501e+01
5.303999999023437795e+01
5.417600000976562313e+01
5.380800000610351219e+01
5.348799999023437834e+01
5.383999998657226627e+01
5.423999999267578431e+01
5.471999998779296703e+01
5.361599999633789082e+01
5.451200000976562166e+01
5.441599999755859329e+01
5.488000000000000256e+01
5.439999999023437738e+01
5.447999999633788804e+01
5.473599999023437590e+01
5.483200000244140426e+01
5.502400000244140443e+01
5.428799999633788786e+01
5.472000000244140949e+01
5.463999999633789173e+01
5.625599999633789139e+01
5.529599999389648701e+01
5.561599999023437846e+01
5.560000000610351378e+01
5.611200000000000188e+01
5.627200000244140909e+01
5.592000000000000171e+01
5.641600000610351628e+01
5.659200000610351822e+01
5.628799999267577903e+01
5.656000000000000227e+01
5.611199999267578420e+01
5.655999999023437397e+01
5.596799999023437522e+01
5.628799999999999670e+01
5.633599999267578085e+01
5.646400000366210747e+01
5.647999999267577920e+01
5.678400000610351839e+01
5.670399999267578295e+01
5.630399999633789321e+01
5.689599999633789196e+01
5.636800000000000210e+01
5.609599998291015766e+01
5.681600000976562370e+01
5.657599999023437221e+01
5.673599999023437590e+01
5.708800000610351333e+01
5.647999999633788804e+01
5.632000001464843564e+01
5.672000000610351833e+01
5.654399998779297221e+01
5.657599998291015453e+01
5.641600000610351628e+01
5.710399998779296737e+01
5.681600000000000250e+01
5.660799999633788815e+01
5.700800000244140620e+01
5.654399998657226689e+01
5.684799999999999898e+01
5.631999999633789145e+01
5.660799999633788815e+01
5.608000000610351776e+01
5.715200000000000102e+01
5.734399999267578352e+01
5.705600001464843984e+01
5.687999998291015658e+01
5.679999998291015828e+01
5.660799999023437579e+01
5.708799999023437266e+01
