1.009599999572753859e+01
1.316800000244140634e+01
1.675200000488281304e+01
1.804799999877929650e+01
2.047999999877929511e+01
2.153600000488281196e+01
2.310400000244140628e+01
2.720000000732422052e+01
2.766399999755859440e+01
2.921599999145507809e+01
3.142400000488281364e+01
3.302400000732421859e+01
3.326400000488280995e+01
3.433600000732421620e+01
3.428800000732422149e+01
3.511999998779296561e+01
3.695999999633789201e+01
3.700800000122070088e+01
3.849599999755859159e+01
3.807999998779296646e+01
3.967999999877929440e+01
3.827200000183105288e+01
3.955200000732421728e+01
4.001600000366210708e+01
3.923199999755859579e+01
4.072000000366210770e+01
4.031999999145507729e+01
3.974400000976562808e+01
4.124800000366210639e+01
4.017599999389648247e+01
4.150400000976562609e+01
4.174399999389648741e+01
4.088000000366211140e+01
4.145600000366211191e+01
4.255999999023437397e+01
4.091199999755859551e+01
4.164799999755859261e+01
4.252800000366210753e+01
4.119999999816894842e+01
4.127999999389648167e+01
4.147199999511718715e+01
4.089600000000000080e+01
4.270399999145507763e+01
4.115199999023437272e+01
4.028799999145508082e+01
4.079999999389648480e+01
4.070400000366210946e+01
4.118399999755859398e+01
4.017600000122070014e+01
4.233599999816894410e+01
3.985600000976562285e+01
4.137599998779296584e+01
4.019200000976562848e+01
4.228800000732422149e+01
4.147200000366211015e+01
4.118399999755859398e+01
4.105599999023437618e+01
3.977600000366211219e+01
4.091200000366210787e+01
3.907200000366211157e+01
3.955200000732421728e+01
4.135999999267578175e+01
4.016000000976562490e+01
3.927999999389648167e+01
3.975999999755859449e+01
3.974400000732421745e+01
3.975999999023437681e+01
4.099199999145508144e+01
4.032000000732421796e+01
4.040000000122070389e+01
4.099199998779296550e+01
4.052800000366210753e+01
3.961600000732421734e+01
4.153600000366211020e+01
4.057600000976562171e+01
3.904000000122070446e+01
3.936000000732421711e+01
4.033599999755859500e+01
4.079999999023437596e+01
4.084799999145507599e+01
4.011199999755859125e+01
3.988800000488281228e+01
4.063999998779296874e+01
3.958400000366211202e+01
3.940800000976562245e+01
4.033600000976562683e+01
4.009600000976562484e+01
3.915199999389648156e+01
4.070399999023437232e+01
3.830399998779297022e+01
4.014400000976562666e+01
4.009600000732422131e+01
3.969599998779296612e+01
3.748799999145507655e+01
3.990400000976562467e+01
3.996799999511718937e+01
4.028800000610351617e+01
4.014399999389648599e+01
4.019199999755859665e+01
3.943999999877929952e+01
4.964799999389648377e+01
5.083199998657226359e+01
5.217599999389648247e+01
5.233599998291015964e+01
5.195200000976562649e+01
5.238400000610351270e+01
5.318399999999999750e+01
5.328000000610351350e+01
5.332800000610351532e+01
5.420800000610351788e+01
5.367999999633789088e+01
5.387200000244140341e+01
5.409599999999999653e+01
5.379199999267578391e+01
5.486399999999999721e+01
5.399999999389648764e+01
5.401599997314453105e+01
5.446399999023437744e+01
5.521600000366210992e+01
5.479999997314452997e+01
5.439999999267578090e+01
5.470400000732421830e+01
5.454399999023437573e+01
5.548799999267578187e+01
5.523199998291015334e+01
5.539200000976562421e+01
5.569600000976562626e+01
5.535999999389648707e+01
5.545599999267577829e+01
5.651200000244140398e+01
5.556799999267578016e+01
5.644799998657226325e+01
5.647999999633788804e+01
5.598400000244140529e+01
5.663999998291015459e+01
5.641599999389648445e+01
5.710399998657226917e+01
5.591999999633789287e+01
5.721600000976562228e+01
5.695999997314453367e+01
5.664000000000000057e+01
5.711999998657226740e+01
5.715200000610351339e+01
5.734400000000000119e+01
5.766400000244140500e+01
5.716799999267578158e+01
5.679999999267577948e+01
5.694399998657226547e+01
5.727999999267578346e+01
5.782399999999999807e+01
5.811199997314453469e+01
5.723199999633789048e+01
5.812800000244140364e+01
5.859199999023437755e+01
5.793599999389648758e+01
5.852800000244140932e+01
5.835199999633788792e+01
5.822400000976562495e+01
5.902399999633789207e+01
5.843200000000000216e+01
5.827200000976562677e+01
5.958399997314452889e+01
5.937599999633788883e+01
5.884799998657226894e+01
5.854399998657226689e+01
5.854400000244140756e+01
5.812800001464843547e+01
5.863999999023437226e+01
5.851199999023437215e+01
5.811200000610351424e+01
5.921600000244140460e+01
5.905599998657226735e+01
5.873599999999999710e+01
5.823999998291015601e+01
5.851200000610351282e+01
5.891199999267578136e+01
5.873599999633788826e+01
5.892800000488281142e+01
5.945600000610351543e+01
5.865600000610351827e+01
5.847999999999999687e+01
5.860799999023437579e+01
5.854399998657226689e+01
5.926399999633789406e+01
5.883199999267578306e+01
5.860799999633788815e+01
5.920000000244140637e+01
5.900800000610351503e+01
5.864000000244140409e+01
5.967999999267578204e+01
5.854400000244140756e+01
5.951999998657226598e+01
5.919999998291015686e+01
5.993599999023437164e+01
5.918399997314453032e+01
5.905599999023437618e+01
5.841599998291015794e+01
5.859199998291015277e+01
5.958400000610351555e+01
5.889600000610351316e+01
