1.364526534080505371e+01
1.308411788940429688e+01
1.306236457824707031e+01
1.303111028671264648e+01
1.314745783805847168e+01
1.309740805625915527e+01
1.311866927146911621e+01
1.313017082214355469e+01
1.317643809318542480e+01
1.311824679374694824e+01
1.319900512695312500e+01
1.315718388557434082e+01
1.313215708732604980e+01
1.323184466361999512e+01
1.308610725402832031e+01
1.314218282699584961e+01
1.307050800323486328e+01
1.307916116714477539e+01
1.311311769485473633e+01
1.309682726860046387e+01
1.322372770309448242e+01
1.327302074432373047e+01
1.331846904754638672e+01
1.312923693656921387e+01
1.305528998374938965e+01
1.307500791549682617e+01
1.318339109420776367e+01
1.317520117759704590e+01
1.314132642745971680e+01
1.310866808891296387e+01
1.305941057205200195e+01
1.304805827140808105e+01
1.316776823997497559e+01
1.308362746238708496e+01
1.307446551322937012e+01
1.306973791122436523e+01
1.312970876693725586e+01
1.308668231964111328e+01
1.311559128761291504e+01
1.309916472434997559e+01
1.307520604133605957e+01
1.312298011779785156e+01
1.315644121170043945e+01
1.317309641838073730e+01
1.322721648216247559e+01
1.319532442092895508e+01
1.319229316711425781e+01
1.327332973480224609e+01
1.319817137718200684e+01
1.318041372299194336e+01
1.317506313323974609e+01
1.303034472465515137e+01
1.312258267402648926e+01
1.324297666549682617e+01
1.308625221252441406e+01
1.310302376747131348e+01
1.309960031509399414e+01
1.318339729309082031e+01
1.303807950019836426e+01
1.315193080902099609e+01
1.309588956832885742e+01
1.314756369590759277e+01
1.307824325561523438e+01
1.308835244178771973e+01
1.307993698120117188e+01
1.312343883514404297e+01
1.312117362022399902e+01
1.308811855316162109e+01
1.308114171028137207e+01
1.317948007583618164e+01
1.307012867927551270e+01
1.308241057395935059e+01
1.310525393486022949e+01
1.305837464332580566e+01
1.314134120941162109e+01
1.308821225166320801e+01
1.310350346565246582e+01
1.314555954933166504e+01
1.307962608337402344e+01
1.307656145095825195e+01
1.307582926750183105e+01
1.312540197372436523e+01
1.310724425315856934e+01
1.310999941825866699e+01
1.314462065696716309e+01
1.318523359298706055e+01
1.309671378135681152e+01
1.314674115180969238e+01
1.307630062103271484e+01
1.309600925445556641e+01
1.310082197189331055e+01
1.307173776626586914e+01
1.313504028320312500e+01
1.316587662696838379e+01
1.307103276252746582e+01
1.304524588584899902e+01
1.307228350639343262e+01
1.311769819259643555e+01
1.311138081550598145e+01
1.309481263160705566e+01
1.315323662757873535e+01
1.309849858283996582e+01
1.321440362930297852e+01
1.325664639472961426e+01
1.314873743057250977e+01
1.307652926445007324e+01
1.303598284721374512e+01
1.306456875801086426e+01
1.310131406784057617e+01
1.306752324104309082e+01
1.310823965072631836e+01
1.304284477233886719e+01
1.308701324462890625e+01
1.315180230140686035e+01
1.311930322647094727e+01
1.315568566322326660e+01
1.313572883605957031e+01
1.311545157432556152e+01
1.307728743553161621e+01
1.303800344467163086e+01
1.308503270149230957e+01
1.312394285202026367e+01
1.307347011566162109e+01
1.314552593231201172e+01
1.313490915298461914e+01
1.312201142311096191e+01
1.308667063713073730e+01
1.310930323600769043e+01
1.318346643447875977e+01
1.314547419548034668e+01
1.312081909179687500e+01
1.312935924530029297e+01
1.314160919189453125e+01
1.313557648658752441e+01
1.308717846870422363e+01
1.309588718414306641e+01
1.309433031082153320e+01
1.314272952079772949e+01
1.313651800155639648e+01
1.307706451416015625e+01
1.306524753570556641e+01
1.310229825973510742e+01
1.312170791625976562e+01
1.322400474548339844e+01
1.310765981674194336e+01
1.305721616744995117e+01
1.309386849403381348e+01
1.318682241439819336e+01
1.310715174674987793e+01
1.305097627639770508e+01
1.304686999320983887e+01
1.319205021858215332e+01
1.303923416137695312e+01
1.313206720352172852e+01
1.304806256294250488e+01
1.313612747192382812e+01
1.308866071701049805e+01
1.306944537162780762e+01
1.309801483154296875e+01
1.318058419227600098e+01
1.312572741508483887e+01
1.310103917121887207e+01
1.309138751029968262e+01
1.314645671844482422e+01
1.312554526329040527e+01
1.305730819702148438e+01
1.302108669281005859e+01
1.314108180999755859e+01
1.312603187561035156e+01
1.305969500541687012e+01
1.307785153388977051e+01
1.307654666900634766e+01
1.307795429229736328e+01
1.310924410820007324e+01
1.308558750152587891e+01
1.317355799674987793e+01
1.310518050193786621e+01
1.312604689598083496e+01
1.305967998504638672e+01
1.315108418464660645e+01
1.309614014625549316e+01
1.310927295684814453e+01
1.312763118743896484e+01
1.315888261795043945e+01
1.313301658630371094e+01
1.315290951728820801e+01
1.311250257492065430e+01
1.310392808914184570e+01
1.310460853576660156e+01
1.314333963394165039e+01
1.313978171348571777e+01
1.312141537666320801e+01
1.316829395294189453e+01
1.312521028518676758e+01
1.307693123817443848e+01
1.309707236289978027e+01
1.306264257431030273e+01
1.308727025985717773e+01
1.306089448928833008e+01
1.309633326530456543e+01
