2.354890528335571442e+00
2.227215261993408024e+00
2.174489795455932573e+00
2.115803437194823999e+00
2.062863925857544078e+00
2.011639174346923742e+00
1.991519913291931232e+00
1.995284223442077565e+00
1.971754364395141623e+00
1.941872058410644586e+00
1.946344404373169024e+00
1.921000579566955579e+00
1.913737870979309141e+00
1.906287329940795860e+00
1.914138166198730451e+00
1.874440055274963379e+00
1.885217621765136631e+00
1.833111169624328518e+00
1.858038716697692827e+00
1.829860888671875019e+00
1.830957446632385244e+00
1.799369532089233337e+00
1.812979997749328609e+00
1.808686555061340240e+00
1.802073122215271050e+00
1.802080969123840415e+00
1.818423092231750582e+00
1.815720085525512673e+00
1.837704561386108493e+00
1.836386677093505781e+00
1.824928758316040067e+00
1.825593323211669894e+00
1.832602677383422751e+00
1.809119669799804653e+00
1.853044103965759248e+00
1.833542412490844820e+00
1.796322379150390613e+00
1.848507727012634216e+00
1.853109950294494546e+00
1.817037630805969251e+00
1.865999188270568876e+00
1.857632109680175780e+00
1.855804720535278340e+00
1.843698696441650409e+00
1.861836398887634303e+00
1.902055309219360391e+00
1.867773322639465272e+00
1.872037886047363209e+00
1.920546871223449692e+00
1.920265139083862316e+00
1.925399271621704100e+00
1.920835772247314388e+00
1.903275440750122005e+00
1.913290493087768551e+00
1.886788450813293494e+00
1.932561055984497012e+00
1.908581041564941350e+00
1.906702459335327227e+00
1.939315684585571242e+00
1.923840829048156786e+00
1.962189510116577162e+00
1.928225595321655383e+00
1.968640795745849603e+00
1.942171814498901306e+00
1.976253208312988230e+00
1.973429570693969737e+00
1.946944669647216797e+00
1.944589472198486435e+00
1.961626812896728467e+00
1.955526755104064929e+00
1.942607730331420868e+00
1.977184465675354108e+00
1.995529797554016049e+00
1.978343592529296924e+00
1.965276992568969705e+00
1.959778167762756373e+00
1.923786555137634302e+00
1.918373077545165950e+00
1.956917851867675751e+00
1.964773016815185569e+00
1.954410807342529255e+00
1.979463836441039959e+00
1.927578996810913159e+00
1.938553431358337464e+00
1.941366632385253865e+00
1.934999540481567415e+00
1.904504737625122068e+00
1.949242614898681669e+00
1.927774152374267524e+00
1.940939880714416477e+00
1.956199067687988347e+00
1.957940154190063398e+00
1.923195455627441319e+00
1.912798713150024366e+00
1.954181128845214888e+00
1.952253896713256776e+00
1.945453324279785123e+00
1.955943305740356353e+00
1.952715535507202116e+00
1.937250828781127865e+00
1.685690489959716709e+00
1.718908897666931113e+00
1.741483416824340713e+00
1.718996909217834546e+00
1.756621784667968811e+00
1.758376453819274987e+00
1.766791195182800367e+00
1.758402438354492281e+00
1.762797915992736719e+00
1.750217607269287212e+00
1.743272585792541518e+00
1.758923235626220771e+00
1.755897610473632797e+00
1.744644873886108449e+00
1.747612818984985328e+00
1.741310067443847753e+00
1.770194971733093370e+00
1.759422661361694340e+00
1.766017699966430765e+00
1.769209563446044964e+00
1.743660562438964945e+00
1.760067225189208884e+00
1.746308106956481865e+00
1.725361562385559155e+00
1.756660732727050700e+00
1.756492305603027271e+00
1.763316050567626858e+00
1.728119170532226523e+00
1.761818103294372495e+00
1.741566526947021520e+00
1.767418769302368187e+00
1.756431282806396377e+00
1.771817379074096754e+00
1.789793942337036148e+00
1.763740144119262609e+00
1.779959710426330499e+00
1.796550462722778407e+00
1.773108523826599114e+00
1.774236146583557217e+00
1.782940413780212507e+00
1.773168908042907610e+00
1.774235857543945416e+00
1.798232423057556151e+00
1.771881890640258694e+00
1.766252460098266530e+00
1.804220867919921867e+00
1.792461109008788966e+00
1.778882912712097086e+00
1.796989608001708927e+00
1.783496156005859312e+00
1.762864047088622987e+00
1.763943256912231528e+00
1.739971189117431649e+00
1.741770215682983292e+00
1.755498186035156172e+00
1.760341915779113808e+00
1.753014167556762759e+00
1.753685699272155674e+00
1.755261017990112249e+00
1.767808625183105553e+00
1.748836483421325694e+00
1.744101709938049360e+00
1.786686975402832056e+00
1.746975332260131797e+00
1.741752238006591735e+00
1.722402936248779382e+00
1.737191881179809494e+00
1.716306017112732007e+00
1.727035069313049398e+00
1.745408806304931559e+00
1.758185223236083949e+00
1.753879076919555580e+00
1.768750696907043451e+00
1.752983987426757873e+00
1.759461685981750456e+00
1.749368543357849193e+00
1.767710101699829117e+00
1.767483008422851665e+00
1.724509892311096193e+00
1.748108310089111272e+00
1.743119085502624621e+00
1.759569805908203222e+00
1.769079355163574174e+00
1.734658013763427764e+00
1.721622789268493658e+00
1.748748999328613385e+00
1.724035545730590924e+00
1.766995167922973620e+00
1.761728072319030725e+00
1.746725950241088787e+00
1.756755070457458601e+00
1.738560180587768622e+00
1.788604610214233448e+00
1.724473571853637699e+00
1.762741386108398478e+00
1.755838920059204167e+00
1.734078157997131386e+00
1.765096665077209526e+00
1.769099745216369701e+00
1.761790048408508280e+00
