1.000000000000000000e+01
1.539999961853027344e+01
2.218000030517578125e+01
2.534000015258789062e+01
2.572999954223632812e+01
2.760999870300292969e+01
2.977999877929687500e+01
3.025999832153320312e+01
3.222999954223632812e+01
3.187999916076660156e+01
3.370999908447265625e+01
3.138999938964843750e+01
3.402000045776367188e+01
3.656999969482421875e+01
3.477000045776367188e+01
3.621999740600585938e+01
3.654000091552734375e+01
3.625999832153320312e+01
3.750000000000000000e+01
3.559000015258789062e+01
3.804000091552734375e+01
3.079999923706054688e+01
3.779000091552734375e+01
3.779000091552734375e+01
3.870999908447265625e+01
3.825999832153320312e+01
3.552000045776367188e+01
3.689999771118164062e+01
3.652000045776367188e+01
3.816999816894531250e+01
3.773999786376953125e+01
3.968999862670898438e+01
3.563999938964843750e+01
3.759999847412109375e+01
3.655999755859375000e+01
3.743000030517578125e+01
3.831999969482421875e+01
3.791999816894531250e+01
3.981999969482421875e+01
3.818000030517578125e+01
3.841999816894531250e+01
4.028999710083007812e+01
3.680999755859375000e+01
3.998999786376953125e+01
3.886999893188476562e+01
3.959999847412109375e+01
3.795999908447265625e+01
3.695999908447265625e+01
3.811000061035156250e+01
4.032999801635742188e+01
3.729000091552734375e+01
3.995999908447265625e+01
3.923999786376953125e+01
3.738999938964843750e+01
3.812999725341796875e+01
3.928999710083007812e+01
3.890999984741210938e+01
3.886000061035156250e+01
3.932999801635742188e+01
3.955999755859375000e+01
3.966999816894531250e+01
3.381999969482421875e+01
3.720999908447265625e+01
3.598999786376953125e+01
3.941999816894531250e+01
3.661000061035156250e+01
3.629999923706054688e+01
3.802999877929687500e+01
3.832999801635742188e+01
3.365999984741210938e+01
3.759999847412109375e+01
4.009000015258789062e+01
3.605999755859375000e+01
3.961999893188476562e+01
4.005999755859375000e+01
4.040999984741210938e+01
3.968000030517578125e+01
3.875000000000000000e+01
3.789999771118164062e+01
3.375999832153320312e+01
3.142000007629394531e+01
3.921999740600585938e+01
3.964999771118164062e+01
3.707999801635742188e+01
3.598999786376953125e+01
3.677999877929687500e+01
3.364999771118164062e+01
3.943999862670898438e+01
3.579000091552734375e+01
3.902999877929687500e+01
3.925999832153320312e+01
3.661999893188476562e+01
3.827999877929687500e+01
3.161999893188476562e+01
3.100999832153320312e+01
3.665999984741210938e+01
3.800999832153320312e+01
2.854999923706054688e+01
3.850999832153320312e+01
3.879999923706054688e+01
4.222999954223632812e+01
4.275999832153320312e+01
4.279999923706054688e+01
4.334999847412109375e+01
4.313999938964843750e+01
4.362999725341796875e+01
4.350999832153320312e+01
4.353999710083007812e+01
4.298999786376953125e+01
4.372999954223632812e+01
4.348999786376953125e+01
4.288999938964843750e+01
4.403999710083007812e+01
4.380999755859375000e+01
4.327999877929687500e+01
4.407999801635742188e+01
4.387999725341796875e+01
4.420999908447265625e+01
4.453999710083007812e+01
4.395999908447265625e+01
4.473999786376953125e+01
4.436999893188476562e+01
4.447999954223632812e+01
4.484000015258789062e+01
4.495999908447265625e+01
4.475999832153320312e+01
4.548999786376953125e+01
4.455999755859375000e+01
4.514999771118164062e+01
4.581999969482421875e+01
4.475999832153320312e+01
4.529999923706054688e+01
4.431999969482421875e+01
4.534000015258789062e+01
4.536000061035156250e+01
4.625999832153320312e+01
4.544999694824218750e+01
4.611999893188476562e+01
4.495000076293945312e+01
4.590999984741210938e+01
4.527000045776367188e+01
4.613999938964843750e+01
4.604999923706054688e+01
4.614999771118164062e+01
4.644999694824218750e+01
4.452999877929687500e+01
4.528999710083007812e+01
4.663999938964843750e+01
4.702000045776367188e+01
4.644999694824218750e+01
4.668999862670898438e+01
4.711000061035156250e+01
4.705999755859375000e+01
4.680999755859375000e+01
4.744999694824218750e+01
4.718999862670898438e+01
4.715999984741210938e+01
4.681999969482421875e+01
4.695999908447265625e+01
4.720999908447265625e+01
4.713999938964843750e+01
4.743000030517578125e+01
4.716999816894531250e+01
4.693000030517578125e+01
4.716999816894531250e+01
4.725000000000000000e+01
4.718999862670898438e+01
4.707999801635742188e+01
4.712999725341796875e+01
4.702000045776367188e+01
4.709999847412109375e+01
4.711000061035156250e+01
4.729999923706054688e+01
4.718000030517578125e+01
4.739999771118164062e+01
4.715999984741210938e+01
4.684000015258789062e+01
4.730999755859375000e+01
4.716999816894531250e+01
4.719999694824218750e+01
4.736999893188476562e+01
4.694999694824218750e+01
4.707999801635742188e+01
4.748999786376953125e+01
4.729999923706054688e+01
4.725999832153320312e+01
4.734999847412109375e+01
4.752000045776367188e+01
4.746999740600585938e+01
4.725999832153320312e+01
4.707999801635742188e+01
4.741999816894531250e+01
4.731999969482421875e+01
4.743000030517578125e+01
4.736000061035156250e+01
4.716999816894531250e+01
4.725000000000000000e+01
4.759000015258789062e+01
4.747999954223632812e+01
4.709999847412109375e+01
