1.121599999954223570e+01
1.332799999572753968e+01
1.721599999877929577e+01
1.852800000183105311e+01
2.041600000488281097e+01
2.272000000183105328e+01
2.516800000488281341e+01
2.486399999755859369e+01
2.708799999816894655e+01
2.799999999145507701e+01
2.964799999908447248e+01
3.039999998779297030e+01
3.284800000122070429e+01
3.273600000122070242e+01
3.360000000732421910e+01
3.390400000366211231e+01
3.539200000366211185e+01
3.457599999816894609e+01
3.543999999999999773e+01
3.588800000122070344e+01
3.571199999755859267e+01
3.663999999755859704e+01
3.705600000366210622e+01
3.808000000122070361e+01
3.807999999755859477e+01
3.713599999145507979e+01
3.782400000122070338e+01
3.811199999389648241e+01
3.771199999816894177e+01
3.865600000976562711e+01
3.809600000732422131e+01
3.889599998779296897e+01
3.932800000732422063e+01
3.780799999145507684e+01
3.902400000976562211e+01
3.862400000976562353e+01
3.865600000122070412e+01
3.910399999145507621e+01
3.952000000976562433e+01
3.919999999755859221e+01
3.960000000366211026e+01
3.971199999511718914e+01
3.878400000976562723e+01
3.920000000366211168e+01
4.023999998779297016e+01
3.945599999755859244e+01
3.990399998779297164e+01
4.036800000366211094e+01
3.932800000976562416e+01
4.014400000732421603e+01
3.883199999145507775e+01
3.942399999389648713e+01
3.956800000976562615e+01
3.992000000976562291e+01
3.854400000732422171e+01
3.963199999755859437e+01
3.782399999389648571e+01
3.950400000366210662e+01
3.907199998779297090e+01
3.815999999389648423e+01
3.956799999389648548e+01
3.902399999145507792e+01
3.793599998779296811e+01
3.884800000732421665e+01
3.881599999816894808e+01
3.806400000732421773e+01
3.897599999511718494e+01
3.787200000122070520e+01
3.841599999816894240e+01
3.790399998779297164e+01
3.726400000732422058e+01
3.742400000732421717e+01
3.918399999572753956e+01
3.812799999877929480e+01
3.830399999755859142e+01
3.814399998779296652e+01
3.907199999145507974e+01
3.875200000366211128e+01
3.828799999511718966e+01
3.910400000366210804e+01
3.851199999755859693e+01
3.919999999145507985e+01
3.875200000366211128e+01
3.724799999755859403e+01
3.755199999816894518e+01
3.838400000732421802e+01
3.659200000122070406e+01
3.743999999633788889e+01
3.846400000366210747e+01
3.737600000122070298e+01
3.695999998779296902e+01
3.838399998779296851e+01
3.814400000610351782e+01
3.825599999755859670e+01
3.755199999145507661e+01
3.825600000000000023e+01
3.952000000366211196e+01
3.743999999145507473e+01
3.655999999145507928e+01
3.736000000122070475e+01
4.764800000000000324e+01
4.907199998779297090e+01
4.969600000976562626e+01
5.051199998657226331e+01
5.094400000000000261e+01
5.112000000610351691e+01
5.068800000976562359e+01
5.150399998779296595e+01
5.195199999999999818e+01
5.224000000000000199e+01
5.251199998657226331e+01
5.204800000000000182e+01
5.228800000610351617e+01
5.281600000244140602e+01
5.278399998779296709e+01
5.299199998291015845e+01
5.345599999633788713e+01
5.311999999023437624e+01
5.292799999633788843e+01
5.273600000610351657e+01
5.422399999633788781e+01
5.360000000610351378e+01
5.372799999389648207e+01
5.347199999267578363e+01
5.403200000244140710e+01
5.374399998657226263e+01
5.419199999267578249e+01
5.436799999023437380e+01
5.435199999389648440e+01
5.484799998291015299e+01
5.465599998657226877e+01
5.455999998291015629e+01
5.539200000976562421e+01
5.435200000976562507e+01
5.444799999267578272e+01
5.446400000244140926e+01
5.428799999999999670e+01
5.569599999633788912e+01
5.470400000000000063e+01
5.513599997314452850e+01
5.483199999023437243e+01
5.561599998779296783e+01
5.575999999267578033e+01
5.500799999023437437e+01
5.569599999023437675e+01
5.622399999755859312e+01
5.567999998657226257e+01
5.489600000610351316e+01
5.659199998535156340e+01
5.593599999023437164e+01
5.711999999633788860e+01
5.771199998291015731e+01
5.667199999999999704e+01
5.628799999633788786e+01
5.774400000976562808e+01
5.688000000610351492e+01
5.731199999267577994e+01
5.780800000976562814e+01
5.736000000976562774e+01
5.708800000610351333e+01
5.791999999023437340e+01
5.753599997314453418e+01
5.763199999267578022e+01
5.771199999755859267e+01
5.849599999023437391e+01
5.756799998657226780e+01
5.803200001464843893e+01
5.799999997314453282e+01
5.838399998291015436e+01
5.785599999633789281e+01
5.752000001464843848e+01
5.752000000244140665e+01
5.825599997314453304e+01
5.787200001464843524e+01
5.767999998657226257e+01
5.745599999633788713e+01
5.758399999633788724e+01
5.744000000488281188e+01
5.775999999023437681e+01
5.833600000976562683e+01
5.772800000976562274e+01
5.793600000244140347e+01
5.806399998291015407e+01
5.764800001464843859e+01
5.756800000244140847e+01
5.820799999633788957e+01
5.793599999999999994e+01
5.745600000610351543e+01
5.763199999267578022e+01
5.831999999267578261e+01
5.817599998291015595e+01
5.841599999999999682e+01
5.825600000244140375e+01
5.745599998657226593e+01
5.803199999633788764e+01
5.748800000610351901e+01
5.886399997314453003e+01
5.815999999023437539e+01
5.801599999633788940e+01
5.755199999267578193e+01
