1.130999946594238281e+01
1.546000003814697266e+01
1.517999935150146484e+01
2.369999885559082031e+01
2.148999977111816406e+01
2.175000000000000000e+01
2.738999938964843750e+01
2.876999855041503906e+01
3.004999923706054688e+01
3.059000015258789062e+01
3.288000106811523438e+01
3.475000000000000000e+01
3.640999984741210938e+01
3.716999816894531250e+01
3.477999877929687500e+01
3.736999893188476562e+01
3.923999786376953125e+01
3.953999710083007812e+01
4.059999847412109375e+01
3.907999801635742188e+01
3.991999816894531250e+01
3.946999740600585938e+01
4.056999969482421875e+01
4.131999969482421875e+01
4.096999740600585938e+01
4.037999725341796875e+01
4.203999710083007812e+01
4.025000000000000000e+01
4.123999786376953125e+01
4.084999847412109375e+01
4.000000000000000000e+01
4.306999969482421875e+01
4.325000000000000000e+01
4.187999725341796875e+01
4.393999862670898438e+01
3.514999771118164062e+01
4.500999832153320312e+01
4.139999771118164062e+01
4.318000030517578125e+01
3.945000076293945312e+01
4.227999877929687500e+01
3.900000000000000000e+01
4.184000015258789062e+01
4.211000061035156250e+01
3.986999893188476562e+01
4.555999755859375000e+01
4.245999908447265625e+01
4.298999786376953125e+01
4.452000045776367188e+01
4.475000000000000000e+01
4.118999862670898438e+01
4.156999969482421875e+01
4.230999755859375000e+01
3.750999832153320312e+01
3.779000091552734375e+01
4.061000061035156250e+01
4.484999847412109375e+01
4.261999893188476562e+01
3.812999725341796875e+01
4.409999847412109375e+01
4.236000061035156250e+01
3.988999938964843750e+01
3.827000045776367188e+01
4.095000076293945312e+01
3.945000076293945312e+01
4.120000076293945312e+01
3.707999801635742188e+01
4.109999847412109375e+01
3.696999740600585938e+01
4.327999877929687500e+01
4.238999938964843750e+01
3.959999847412109375e+01
4.036999893188476562e+01
4.038999938964843750e+01
3.866999816894531250e+01
4.052999877929687500e+01
3.559000015258789062e+01
4.261000061035156250e+01
4.209999847412109375e+01
3.840999984741210938e+01
4.140999984741210938e+01
3.641999816894531250e+01
4.057999801635742188e+01
4.050000000000000000e+01
4.177999877929687500e+01
4.141999816894531250e+01
4.020000076293945312e+01
4.138999938964843750e+01
4.427000045776367188e+01
4.190999984741210938e+01
4.264999771118164062e+01
4.309000015258789062e+01
3.904000091552734375e+01
3.811999893188476562e+01
4.357999801635742188e+01
3.754999923706054688e+01
4.288999938964843750e+01
4.100000000000000000e+01
3.700000000000000000e+01
4.207999801635742188e+01
4.603999710083007812e+01
4.663999938964843750e+01
4.623999786376953125e+01
4.730999755859375000e+01
4.712999725341796875e+01
4.739999771118164062e+01
4.766999816894531250e+01
4.811999893188476562e+01
4.756999969482421875e+01
4.837999725341796875e+01
4.840999984741210938e+01
4.856999969482421875e+01
4.941999816894531250e+01
4.909999847412109375e+01
4.893999862670898438e+01
4.852000045776367188e+01
4.966999816894531250e+01
4.890999984741210938e+01
4.909000015258789062e+01
4.916999816894531250e+01
4.868999862670898438e+01
4.969999694824218750e+01
4.952999877929687500e+01
4.894999694824218750e+01
4.998999786376953125e+01
5.064999771118164062e+01
4.968999862670898438e+01
5.036999893188476562e+01
5.003999710083007812e+01
5.055999755859375000e+01
4.995999908447265625e+01
5.047999954223632812e+01
5.002999877929687500e+01
5.007999801635742188e+01
5.061999893188476562e+01
5.132999801635742188e+01
5.125999832153320312e+01
5.134999847412109375e+01
5.084000015258789062e+01
5.222999954223632812e+01
5.159000015258789062e+01
5.148999786376953125e+01
5.105999755859375000e+01
5.159000015258789062e+01
5.275000000000000000e+01
5.196999740600585938e+01
5.184999847412109375e+01
5.096999740600585938e+01
5.248999786376953125e+01
5.135999679565429688e+01
5.270999908447265625e+01
5.259000015258789062e+01
5.278999710083007812e+01
5.282999801635742188e+01
5.279999923706054688e+01
5.300999832153320312e+01
5.269999694824218750e+01
5.288999938964843750e+01
5.310999679565429688e+01
5.284999847412109375e+01
5.277000045776367188e+01
5.315999984741210938e+01
5.323999786376953125e+01
5.322999954223632812e+01
5.293999862670898438e+01
5.314999771118164062e+01
5.334000015258789062e+01
5.313999938964843750e+01
5.293999862670898438e+01
5.294999694824218750e+01
5.284000015258789062e+01
5.318000030517578125e+01
5.302999877929687500e+01
5.314999771118164062e+01
5.320999908447265625e+01
5.316999816894531250e+01
5.334999847412109375e+01
5.335999679565429688e+01
5.344999694824218750e+01
5.334999847412109375e+01
5.331999969482421875e+01
5.314999771118164062e+01
5.338999938964843750e+01
5.334999847412109375e+01
5.334999847412109375e+01
5.302999877929687500e+01
5.330999755859375000e+01
5.309999847412109375e+01
5.316999816894531250e+01
5.327999877929687500e+01
5.310999679565429688e+01
5.304999923706054688e+01
5.313999938964843750e+01
5.338999938964843750e+01
5.306999969482421875e+01
5.336999893188476562e+01
5.310999679565429688e+01
5.300999832153320312e+01
5.343999862670898438e+01
5.328999710083007812e+01
