1.369608521461486816e+01
1.307562208175659180e+01
1.311751723289489746e+01
1.312614202499389648e+01
1.319563436508178711e+01
1.318494033813476562e+01
1.317248415946960449e+01
1.306950759887695312e+01
1.310219311714172363e+01
1.311427187919616699e+01
1.313391852378845215e+01
1.317981410026550293e+01
1.313062405586242676e+01
1.314595437049865723e+01
1.313495850563049316e+01
1.309938979148864746e+01
1.308492159843444824e+01
1.314179015159606934e+01
1.310364627838134766e+01
1.313602471351623535e+01
1.328041648864746094e+01
1.323667335510253906e+01
1.319197201728820801e+01
1.317516207695007324e+01
1.312531161308288574e+01
1.317146944999694824e+01
1.306808352470397949e+01
1.308447980880737305e+01
1.309948706626892090e+01
1.315902638435363770e+01
1.311740708351135254e+01
1.315093660354614258e+01
1.308954739570617676e+01
1.315653324127197266e+01
1.317869734764099121e+01
1.314178752899169922e+01
1.311361908912658691e+01
1.313269233703613281e+01
1.312239646911621094e+01
1.314650845527648926e+01
1.318981814384460449e+01
1.316077828407287598e+01
1.306926774978637695e+01
1.307192754745483398e+01
1.329161787033081055e+01
1.333996009826660156e+01
1.322320413589477539e+01
1.328417491912841797e+01
1.322152042388916016e+01
1.328222703933715820e+01
1.322195792198181152e+01
1.315017890930175781e+01
1.307567381858825684e+01
1.307769632339477539e+01
1.311291766166687012e+01
1.308916664123535156e+01
1.314936423301696777e+01
1.310108113288879395e+01
1.314299225807189941e+01
1.311773443222045898e+01
1.307191324234008789e+01
1.315013027191162109e+01
1.311387515068054199e+01
1.313081717491149902e+01
1.312367272377014160e+01
1.311281681060791016e+01
1.311963415145874023e+01
1.314182066917419434e+01
1.312618207931518555e+01
1.309852671623229980e+01
1.315660405158996582e+01
1.316353511810302734e+01
1.308530354499816895e+01
1.312692403793334961e+01
1.309645724296569824e+01
1.314608573913574219e+01
1.309418654441833496e+01
1.311403346061706543e+01
1.311298036575317383e+01
1.309671974182128906e+01
1.310864281654357910e+01
1.312798142433166504e+01
1.312802743911743164e+01
1.318034386634826660e+01
1.307674193382263184e+01
1.312824392318725586e+01
1.309900498390197754e+01
1.310028219223022461e+01
1.309285187721252441e+01
1.313934922218322754e+01
1.312583088874816895e+01
1.314013743400573730e+01
1.315432500839233398e+01
1.310188412666320801e+01
1.320606493949890137e+01
1.313923215866088867e+01
1.311740303039550781e+01
1.309980177879333496e+01
1.307258963584899902e+01
1.310504722595214844e+01
1.312093901634216309e+01
1.313753962516784668e+01
1.323793983459472656e+01
1.329052090644836426e+01
1.324274969100952148e+01
1.313118529319763184e+01
1.310709476470947266e+01
1.310884571075439453e+01
1.313928842544555664e+01
1.312898898124694824e+01
1.310755991935729980e+01
1.314265370368957520e+01
1.311545681953430176e+01
1.307320022583007812e+01
1.315953826904296875e+01
1.305264163017272949e+01
1.312532830238342285e+01
1.318316054344177246e+01
1.311539053916931152e+01
1.313355636596679688e+01
1.316042184829711914e+01
1.316347646713256836e+01
1.311847472190856934e+01
1.307903313636779785e+01
1.313724088668823242e+01
1.312438035011291504e+01
1.315717339515686035e+01
1.308677387237548828e+01
1.309453749656677246e+01
1.307969594001770020e+01
1.313075065612792969e+01
1.313068342208862305e+01
1.308998060226440430e+01
1.306444644927978516e+01
1.315571022033691406e+01
1.316904711723327637e+01
1.312406659126281738e+01
1.308314013481140137e+01
1.312358188629150391e+01
1.316522550582885742e+01
1.317189311981201172e+01
1.312395739555358887e+01
1.307617378234863281e+01
1.312014317512512207e+01
1.310635900497436523e+01
1.312175273895263672e+01
1.315328741073608398e+01
1.311498761177062988e+01
1.310925173759460449e+01
1.311531758308410645e+01
1.312738299369812012e+01
1.312904071807861328e+01
1.318998861312866211e+01
1.314605665206909180e+01
1.312348699569702148e+01
1.312737917900085449e+01
1.314218568801879883e+01
1.312797474861145020e+01
1.320177650451660156e+01
1.308909368515014648e+01
1.311743211746215820e+01
1.308534932136535645e+01
1.313169741630554199e+01
1.312717437744140625e+01
1.311509037017822266e+01
1.307195425033569336e+01
1.307241892814636230e+01
1.313380098342895508e+01
1.313832831382751465e+01
1.314417791366577148e+01
1.316849994659423828e+01
1.313796496391296387e+01
1.321142268180847168e+01
1.309571146965026855e+01
1.317488574981689453e+01
1.308390712738037109e+01
1.314349055290222168e+01
1.307249665260314941e+01
1.315114355087280273e+01
1.313012981414794922e+01
1.313366723060607910e+01
1.314453458786010742e+01
1.313099575042724609e+01
1.309472918510437012e+01
1.306833481788635254e+01
1.308505368232727051e+01
1.318711686134338379e+01
1.310275268554687500e+01
1.306416344642639160e+01
1.310926318168640137e+01
1.314405655860900879e+01
1.306519174575805664e+01
1.316715860366821289e+01
1.313772034645080566e+01
1.311902737617492676e+01
1.313936591148376465e+01
1.321551609039306641e+01
1.315587854385375977e+01
1.309742665290832520e+01
1.309669828414916992e+01
