2.371037519226074419e+00
2.268122286605835036e+00
2.175724614181518746e+00
2.135032214279174667e+00
2.078422985954284652e+00
2.051518887977600070e+00
2.003320051383972178e+00
1.982615650634765636e+00
1.976055161399841387e+00
1.955001586074829101e+00
1.936296286087036078e+00
1.921658350448608443e+00
1.890495905914306718e+00
1.885013582801818854e+00
1.906678666534423749e+00
1.859785211029052698e+00
1.884633983726501372e+00
1.892387740707397459e+00
1.881768320541381767e+00
1.856160963134765529e+00
1.883784273490905825e+00
1.865005948486328169e+00
1.848786835021972719e+00
1.854917127723693770e+00
1.851826985244750867e+00
1.834839634971618727e+00
1.825885523376464814e+00
1.862823985900878832e+00
1.848741836128234839e+00
1.825811243591308530e+00
1.830131690750122164e+00
1.847640231704711811e+00
1.840437895126342704e+00
1.837167625541687110e+00
1.795015897331237786e+00
1.850067897644043002e+00
1.845183155136108422e+00
1.844713416938781769e+00
1.822964583053588772e+00
1.832547681808471607e+00
1.858069572563171290e+00
1.862711469192504854e+00
1.858859173660278419e+00
1.841414004211425759e+00
1.863367372322082494e+00
1.840303320045471258e+00
1.865856236305236893e+00
1.822002222595214826e+00
1.876244211692809971e+00
1.853325354995727592e+00
1.879852110443115176e+00
1.873691473579406797e+00
1.838892947006225631e+00
1.862432711563110299e+00
1.900457191429138160e+00
1.887777360877990640e+00
1.905847866821289038e+00
1.885803898010253832e+00
1.916495647277832060e+00
1.905609226303100590e+00
1.890887402114868054e+00
1.870235031929016190e+00
1.895885076370239286e+00
1.926951060981750397e+00
1.923214667587280324e+00
1.928984394531249924e+00
1.915863602752685635e+00
1.939935714874267525e+00
1.915369379425048812e+00
1.911247043762207110e+00
1.934784108695983829e+00
1.902907874488830586e+00
1.948464916381835943e+00
1.971929775352478043e+00
1.968111800422668534e+00
1.939932761230468650e+00
1.972464229698181137e+00
1.945070127258300863e+00
1.955272244758605948e+00
1.955281524658203152e+00
1.951168738861083884e+00
1.977992474136352596e+00
1.955325973968505826e+00
1.954573353958129811e+00
1.962588225555419896e+00
1.959931553649902236e+00
1.950705534515380757e+00
1.925256666145324758e+00
1.976990852355956951e+00
1.933695069694518986e+00
1.961110327072143500e+00
1.968024288520813014e+00
1.979413838996887165e+00
1.962699370994567927e+00
1.978275416069030790e+00
1.944405108337402321e+00
1.994671252059936561e+00
1.993030920410156170e+00
1.965040451431274482e+00
1.983668381652831991e+00
1.684821755523681741e+00
1.684604615821838403e+00
1.701283252906799381e+00
1.676054721412658655e+00
1.696699731216430695e+00
1.671444945373535163e+00
1.667970940856933648e+00
1.703498105010986308e+00
1.681022970733642596e+00
1.691889365615844687e+00
1.679909323997497594e+00
1.722857067794799857e+00
1.707707861213684009e+00
1.714906532058715793e+00
1.737200902328491114e+00
1.703803634414672752e+00
1.709786965599060071e+00
1.724008894119262614e+00
1.722012625617980852e+00
1.714595651016235456e+00
1.729236987419128457e+00
1.779011495132446274e+00
1.774584090232849132e+00
1.771895923805236750e+00
1.757998060684204056e+00
1.753156632995605424e+00
1.797404671630859374e+00
1.759778364410400364e+00
1.771264702453613227e+00
1.756257044677734358e+00
1.804718732452392560e+00
1.798045689659118596e+00
1.785443728981018108e+00
1.797435245056152375e+00
1.814959503860473555e+00
1.795181367225646918e+00
1.797473289222717208e+00
1.796185930709838896e+00
1.832289436149597162e+00
1.802287125244140586e+00
1.817008149566650355e+00
1.800524410209655812e+00
1.839325663108825726e+00
1.825118207740783705e+00
1.782785411834716838e+00
1.796807025108337452e+00
1.807141717872619679e+00
1.808592348785400317e+00
1.792863051490783732e+00
1.822343936538696196e+00
1.742257675437927311e+00
1.777283849945068273e+00
1.776632426986694435e+00
1.798085020484924357e+00
1.767756200180053749e+00
1.766779834060668852e+00
1.797284576110839804e+00
1.778227807235717828e+00
1.740059703903198196e+00
1.779513104400634704e+00
1.767902175903320217e+00
1.781042423362731997e+00
1.748460423469543557e+00
1.791127355690002476e+00
1.781278909301757807e+00
1.784649085845947170e+00
1.773579578094482523e+00
1.797214502029419014e+00
1.786932533264160128e+00
1.758694523963928225e+00
1.801069460716247628e+00
1.772357979812622109e+00
1.781067884140014712e+00
1.785437119445800747e+00
1.775386074829101490e+00
1.771387837371826146e+00
1.765624487533569376e+00
1.776296736297607426e+00
1.770854136657714850e+00
1.775944326972961340e+00
1.772318737564086977e+00
1.782001762924194432e+00
1.755295779457092253e+00
1.770999917678832913e+00
1.776862945709228425e+00
1.771689247512817422e+00
1.780919315185546914e+00
1.770446604347229114e+00
1.798584740219116185e+00
1.778293353195190329e+00
1.796223825340270919e+00
1.778505317420959519e+00
1.816446210632324254e+00
1.773413090133667103e+00
1.746383880233764563e+00
1.777847901840210021e+00
1.803537996978759717e+00
1.791348520774841413e+00
1.776814728622436501e+00
1.767854840087890622e+00
