1.019199999954223657e+01
1.059200000244140583e+01
1.169599999572753823e+01
1.505599999877929740e+01
1.577599999572753831e+01
1.665600000488281296e+01
1.827200000244140554e+01
1.846399999908447143e+01
1.860799999908447333e+01
2.015999999938964748e+01
2.059199999938964964e+01
2.111999999511718684e+01
2.227199999908447126e+01
2.220799999511718781e+01
2.310399999511718860e+01
2.297600000732422032e+01
2.369599999816894709e+01
2.382400000244140514e+01
2.452799999816894427e+01
2.492799998779296899e+01
2.457599999755859344e+01
2.452800000122070401e+01
2.439999999816894416e+01
2.604800000488281242e+01
2.555199999816894518e+01
2.468800000183105325e+01
2.644800000122070216e+01
2.680000000122070247e+01
2.791999999877929639e+01
2.772800000183105595e+01
2.782399999511718747e+01
2.710399999755859213e+01
2.782399999877929631e+01
2.803199999572753853e+01
2.700800000122070443e+01
2.764800000183105411e+01
2.912000000183105541e+01
2.836799999755859503e+01
2.824000000183105641e+01
2.819199999511718602e+01
2.787199999145507689e+01
2.879999999511718656e+01
2.875200000366210773e+01
2.862399999908447157e+01
2.806399999938964740e+01
2.819199999816894575e+01
2.921599999877929577e+01
2.931199999755859409e+01
2.928000000366210998e+01
2.873600000183105507e+01
2.924800000488281171e+01
2.940799999908447404e+01
2.928000000732421881e+01
2.935999999389648352e+01
3.036799999511718795e+01
2.912000000122070276e+01
2.942399999999999949e+01
3.025599999755859315e+01
3.057600000366210935e+01
2.982400000122070338e+01
3.038400000488281094e+01
2.944000000366211012e+01
2.920000000732422052e+01
2.955199999572753811e+01
3.086400000488281137e+01
2.924799999511718696e+01
2.932799999511718880e+01
2.775999999511718741e+01
3.056000000488281287e+01
2.950399999511718718e+01
2.923200000122070463e+01
3.054399999816894606e+01
2.956799999511718724e+01
3.086399999511718661e+01
3.052799999145507925e+01
2.990400000732421759e+01
2.913600000183105365e+01
2.900799999511718852e+01
2.916799999511718866e+01
3.004800000122070358e+01
2.966400000366211032e+01
2.936000000488281358e+01
2.883200000122070250e+01
2.984000000732421753e+01
3.032000000122070205e+01
3.060799999755859346e+01
3.022400000732421788e+01
3.062400000488281293e+01
3.124799999755859403e+01
3.014399999511718775e+01
3.120000000488281344e+01
3.195199999511718758e+01
3.171199998779296791e+01
3.286399999145508133e+01
3.078399999511718832e+01
3.022400000732421788e+01
3.153600000122070313e+01
3.265600000183105323e+01
3.107199998779296735e+01
3.222400000488281080e+01
3.628800000976562501e+01
3.699199999816894291e+01
3.720000000976562404e+01
3.798399999389648229e+01
3.763200000122070321e+01
3.776000000732421569e+01
3.862399999023437402e+01
3.926400000122070111e+01
3.878399999145507593e+01
3.896000000122070617e+01
3.939199999755859238e+01
3.907200000732422041e+01
3.955199999999999960e+01
3.940800000366211009e+01
3.939200000122070122e+01
4.036799999633789326e+01
4.096000000976562205e+01
4.028799999389648434e+01
4.059199999816894433e+01
4.025599999389648787e+01
4.119999999389648337e+01
4.094400000610351498e+01
4.105600000732422217e+01
4.111999998779296561e+01
4.180799999389648747e+01
4.161600000732421734e+01
4.180799999755859631e+01
4.079999998779296533e+01
4.160000000366211026e+01
4.145600000366211191e+01
4.212799998779296828e+01
4.276799999755859716e+01
4.175999999023437681e+01
4.204799999145507883e+01
4.172799998779296970e+01
4.230400000000000205e+01
4.212800000976562842e+01
4.286400000976562552e+01
4.252799998779296686e+01
4.294400000976562382e+01
4.249599999816894780e+01
4.326399999145507991e+01
4.280000000976562546e+01
4.355199999999999960e+01
4.313599999755859216e+01
4.360000000732421910e+01
4.324800000610351702e+01
4.288000000366211140e+01
4.348799999999999955e+01
4.339199998779297118e+01
4.332800000976562416e+01
4.326399999389648343e+01
4.331200000366210645e+01
4.395199999389648582e+01
4.423999999816894757e+01
4.324800000976562586e+01
4.412800000366210895e+01
4.387200000732421756e+01
4.400000000732421768e+01
4.416000000366211253e+01
4.422399999999999665e+01
4.347199999267578363e+01
4.415999999633788775e+01
4.447999999511718983e+01
4.350400000976562609e+01
4.372799999023437323e+01
4.372800000366211037e+01
4.425600000000000023e+01
4.366399998779296965e+01
4.430400000000000205e+01
4.367999998779296789e+01
4.392000000000000171e+01
4.427199999999999847e+01
4.419200000732421785e+01
4.371199999145508031e+01
4.393599999389648758e+01
4.440000000976562688e+01
4.409599999999999653e+01
4.436800000000000210e+01
4.451200000366210929e+01
4.412799999389648775e+01
4.411200000976562308e+01
4.399999999633789116e+01
4.465599999023437761e+01
4.436800000366211094e+01
4.508799999755859034e+01
4.475200000610351481e+01
4.399999998779296817e+01
4.476799998779296885e+01
4.407999999999999829e+01
4.451199999389648099e+01
4.432000000976562148e+01
4.449600000610351458e+01
4.417600000000000193e+01
4.428799999999999670e+01
4.486400000366210605e+01
4.443199998657226502e+01
4.412800000976562842e+01
4.457600000366210935e+01
4.499199999389648497e+01
