2.583367260055541959e+00
2.424331371688842829e+00
2.348098472366332956e+00
2.289746669464111317e+00
2.255069159927368005e+00
2.251237504730224437e+00
2.202275808792114375e+00
2.210135812454223636e+00
2.165369568786621013e+00
2.154020038681030424e+00
2.121123628845214881e+00
2.101186339721679897e+00
2.082724845848083373e+00
2.058279465408325404e+00
2.025871567611694513e+00
2.046335398788452054e+00
2.015731728477478057e+00
2.001694335670471059e+00
2.011873734092712418e+00
1.987895960350036573e+00
1.961698162879943919e+00
1.950020899887084935e+00
1.964123657226562569e+00
1.954243125228881883e+00
1.977743732643127528e+00
1.945688400878906155e+00
1.944761295356750574e+00
1.925250437850952068e+00
1.925060608673095697e+00
1.931159239578247089e+00
1.932142529449462964e+00
1.958190581207275294e+00
1.900996116638183686e+00
1.921607983551025356e+00
1.921521821556091414e+00
1.932635392608642588e+00
1.908014390716552766e+00
1.928291940765380907e+00
1.929535454864501842e+00
1.912894941787719683e+00
1.929579256591796854e+00
1.907635477676391522e+00
1.953488396110534708e+00
1.950229356231689470e+00
1.939360176658630364e+00
1.913337708435058682e+00
1.904220310134887795e+00
1.936288664817810146e+00
1.926214153442382893e+00
1.933507281646728471e+00
1.903296794548034576e+00
1.919288515396118111e+00
1.920578041038513151e+00
1.919345215911865132e+00
1.920411929473876844e+00
1.939702426147460912e+00
1.911672601547241168e+00
1.926695154647827257e+00
1.913102374649047865e+00
1.932911367568969752e+00
1.922520322570800744e+00
1.930617864837646414e+00
1.922129727745056194e+00
1.926671523742675696e+00
1.938299757919311528e+00
1.936677151260375984e+00
1.959399605560302682e+00
1.927627193908691305e+00
1.942376313323974646e+00
1.903352337760925383e+00
1.958149194564819284e+00
1.919913001556396548e+00
1.936020947875976672e+00
1.921860833282470704e+00
1.947857740020751960e+00
1.945726550064087013e+00
1.955320697555541942e+00
1.920543450584411671e+00
1.919098455924987734e+00
1.933740248489379976e+00
1.940706760444641077e+00
1.925954574089050242e+00
1.926236506347656308e+00
1.941838262748718291e+00
1.944635053710937589e+00
1.948852032546997126e+00
1.921188943328857368e+00
1.932173030471801667e+00
1.934543698272705115e+00
1.947313267059326281e+00
1.942631587028503359e+00
1.946361078987121518e+00
1.913266689643859930e+00
1.940619142913818429e+00
1.949263211135864315e+00
1.928969924163818295e+00
1.902812033691406279e+00
1.950290820770263611e+00
1.919931561431884814e+00
1.930052192726135152e+00
1.751304171485900785e+00
1.755214820175170942e+00
1.746092297554016071e+00
1.765922646293640152e+00
1.752100000762939480e+00
1.751894902458190906e+00
1.732039706344604468e+00
1.758606330680847263e+00
1.767522474441528324e+00
1.769797979888916073e+00
1.748323900032043410e+00
1.747883447074890073e+00
1.762812989463806046e+00
1.746787791442871107e+00
1.749795216979980417e+00
1.753827602806091290e+00
1.747005100059509264e+00
1.736988425445556539e+00
1.746506987495422436e+00
1.743055386810302698e+00
1.736679999008178710e+00
1.728232359657287498e+00
1.736874939956664976e+00
1.749258488693237412e+00
1.726392455368042089e+00
1.730482756004333433e+00
1.734846459960937448e+00
1.736722664718628018e+00
1.742448364295959395e+00
1.741425423431396391e+00
1.738085672492980960e+00
1.745317979621887172e+00
1.751302949142456100e+00
1.731747414321899381e+00
1.726095007209777821e+00
1.737225451965332068e+00
1.738988116188049382e+00
1.722971980018615623e+00
1.751324881935119704e+00
1.723669202537536638e+00
1.722311254959106419e+00
1.729078387145996043e+00
1.733272477645874110e+00
1.719238721046447704e+00
1.730361899261474656e+00
1.733873654975891077e+00
1.744948265342712412e+00
1.745489642372131334e+00
1.739299696121215710e+00
1.729731588973999035e+00
1.748018201637268065e+00
1.736917398300170889e+00
1.713102063980102452e+00
1.736883973159790040e+00
1.734331329956054768e+00
1.720328431510925293e+00
1.721618146629333435e+00
1.733026391830444268e+00
1.733883366966247452e+00
1.731922568283080999e+00
1.701064027404785239e+00
1.729213513259887591e+00
1.730315687713622985e+00
1.727521099853515540e+00
1.725648091201782197e+00
1.712811072845459082e+00
1.728909818458557179e+00
1.723305387229919328e+00
1.730445668678283644e+00
1.722274657173156642e+00
1.731868191986083882e+00
1.721522886848449785e+00
1.736963303031921368e+00
1.727937340164184654e+00
1.725386620216369682e+00
1.728919592094421365e+00
1.740524680557250958e+00
1.725588223724365156e+00
1.730461849327087354e+00
1.726361062011718683e+00
1.722793820457458436e+00
1.735159332885742201e+00
1.746773960037231399e+00
1.723123567695617586e+00
1.720074061012268007e+00
1.749429721412658623e+00
1.747263089561462479e+00
1.735333752670288110e+00
1.737027858505248989e+00
1.752885504379272374e+00
1.758481914291381898e+00
1.724373088493347250e+00
1.729168128814697170e+00
1.743743811912536579e+00
1.732703594017028781e+00
1.735875930480957008e+00
1.738715463981628462e+00
1.749416732139587483e+00
1.736254895095825201e+00
1.728823904914855936e+00
