1.272999143600463867e+01
1.233283495903015137e+01
1.230990648269653320e+01
1.224901366233825684e+01
1.211846375465393066e+01
1.206289362907409668e+01
1.235557174682617188e+01
1.241055202484130859e+01
1.241819739341735840e+01
1.229588675498962402e+01
1.230639147758483887e+01
1.237708973884582520e+01
1.236684608459472656e+01
1.238799333572387695e+01
1.241824150085449219e+01
1.243378853797912598e+01
1.227694439888000488e+01
1.242140913009643555e+01
1.222140169143676758e+01
1.235629749298095703e+01
1.244975924491882324e+01
1.245488977432250977e+01
1.238782405853271484e+01
1.235009050369262695e+01
1.243061590194702148e+01
1.229546403884887695e+01
1.241006994247436523e+01
1.244596171379089355e+01
1.240332055091857910e+01
1.244860553741455078e+01
1.229413962364196777e+01
1.224572038650512695e+01
1.240227651596069336e+01
1.237241673469543457e+01
1.218016576766967773e+01
1.239135098457336426e+01
1.235038304328918457e+01
1.240402030944824219e+01
1.232756638526916504e+01
1.239187502861022949e+01
1.231020927429199219e+01
1.243834853172302246e+01
1.242637920379638672e+01
1.245492696762084961e+01
1.243151426315307617e+01
1.241569352149963379e+01
1.245654869079589844e+01
1.236855745315551758e+01
1.232637929916381836e+01
1.249900341033935547e+01
1.242068099975585938e+01
1.242747426033020020e+01
1.244903159141540527e+01
1.243208980560302734e+01
1.244515323638916016e+01
1.239483451843261719e+01
1.223741936683654785e+01
1.231366753578186035e+01
1.231157541275024414e+01
1.240818905830383301e+01
1.252082777023315430e+01
1.233283710479736328e+01
1.246604537963867188e+01
1.232607436180114746e+01
1.242753362655639648e+01
1.235046410560607910e+01
1.233035683631896973e+01
1.235694146156311035e+01
1.234430956840515137e+01
1.246737360954284668e+01
1.214650630950927734e+01
1.245338678359985352e+01
1.241872930526733398e+01
1.243901705741882324e+01
1.237773704528808594e+01
1.238655161857604980e+01
1.223784351348876953e+01
1.233338260650634766e+01
1.247072434425354004e+01
1.231308507919311523e+01
1.223637461662292480e+01
1.237162041664123535e+01
1.233670115470886230e+01
1.239888262748718262e+01
1.237856054306030273e+01
1.218750309944152832e+01
1.239290904998779297e+01
1.245765757560729980e+01
1.238114213943481445e+01
1.241526818275451660e+01
1.231978225708007812e+01
1.243407201766967773e+01
1.244889426231384277e+01
1.242369604110717773e+01
1.238094162940979004e+01
1.219225835800170898e+01
1.242906522750854492e+01
1.242256426811218262e+01
1.240524053573608398e+01
1.235149288177490234e+01
1.245515680313110352e+01
1.243993830680847168e+01
1.245242714881896973e+01
1.234395003318786621e+01
1.241184663772583008e+01
1.216421079635620117e+01
1.226984834671020508e+01
1.240187311172485352e+01
1.235414242744445801e+01
1.235682463645935059e+01
1.240791034698486328e+01
1.243497180938720703e+01
1.233765459060668945e+01
1.234541749954223633e+01
1.236678028106689453e+01
1.241434931755065918e+01
1.236029577255249023e+01
1.244753265380859375e+01
1.224244332313537598e+01
1.239578366279602051e+01
1.244148445129394531e+01
1.239231538772583008e+01
1.244930791854858398e+01
1.243744015693664551e+01
1.225226521492004395e+01
1.249258065223693848e+01
1.244844055175781250e+01
1.236826014518737793e+01
1.244335269927978516e+01
1.219215536117553711e+01
1.235216331481933594e+01
1.235758137702941895e+01
1.235464310646057129e+01
1.241887426376342773e+01
1.218076324462890625e+01
1.218428516387939453e+01
1.228350448608398438e+01
1.237254118919372559e+01
1.244546508789062500e+01
1.250927567481994629e+01
1.236289048194885254e+01
1.232227349281311035e+01
1.230231571197509766e+01
1.241492915153503418e+01
1.242321300506591797e+01
1.243568468093872070e+01
1.243267583847045898e+01
1.246216368675231934e+01
1.241550707817077637e+01
1.237135052680969238e+01
1.244865441322326660e+01
1.218053650856018066e+01
1.243049454689025879e+01
1.225532579421997070e+01
1.248194384574890137e+01
1.222629070281982422e+01
1.224390220642089844e+01
1.242259740829467773e+01
1.232389783859252930e+01
1.240635204315185547e+01
1.236704325675964355e+01
1.233098721504211426e+01
1.235373616218566895e+01
1.235872077941894531e+01
1.230381727218627930e+01
1.227870988845825195e+01
1.230568361282348633e+01
1.217250251770019531e+01
1.230322194099426270e+01
1.228701496124267578e+01
1.240722131729125977e+01
1.242481708526611328e+01
1.230174040794372559e+01
1.240997505187988281e+01
1.233949470520019531e+01
1.219456243515014648e+01
1.232062363624572754e+01
1.243752646446228027e+01
1.245755028724670410e+01
1.232073521614074707e+01
1.228702807426452637e+01
1.230600881576538086e+01
1.237218284606933594e+01
1.223010110855102539e+01
1.239931225776672363e+01
1.237974929809570312e+01
1.233878898620605469e+01
1.241956424713134766e+01
1.244483542442321777e+01
1.233824825286865234e+01
1.223391652107238770e+01
1.246926856040954590e+01
1.244273924827575684e+01
1.224190044403076172e+01
1.258806276321411133e+01
1.241157126426696777e+01
1.247876262664794922e+01
1.224643421173095703e+01
1.246365833282470703e+01
1.248182868957519531e+01
