2.578443296508789118e+00
2.469264464111327939e+00
2.353499539260864193e+00
2.332132923278808612e+00
2.286552183990478326e+00
2.266085642013549784e+00
2.256605221633911196e+00
2.218986467514038274e+00
2.205508041458129842e+00
2.181431644058227537e+00
2.141650834884643473e+00
2.117840697479247858e+00
2.114849893112182411e+00
2.095901644172668554e+00
2.106332583312988227e+00
2.080467843894958424e+00
2.078402676124572857e+00
2.050344727325439376e+00
2.060051526565551683e+00
2.041415269393920706e+00
2.045829082489013739e+00
2.015631161155700735e+00
2.024001463470459061e+00
2.015500714340209942e+00
1.983842826538085857e+00
2.006372649230956817e+00
1.984732130584716758e+00
1.990008628959655690e+00
1.960754648170471182e+00
1.967323005561828708e+00
1.965057724571227959e+00
1.983639016075134265e+00
1.952764319076538024e+00
1.983201332626342683e+00
1.973001724395752055e+00
1.934023997917175386e+00
1.927522148132324142e+00
1.957068813629150306e+00
1.944592479133606000e+00
1.931132582893371641e+00
1.932800951805114797e+00
1.961002301254272551e+00
1.969409068298339838e+00
1.923553862037658657e+00
1.939148112564086812e+00
1.946200708160400472e+00
1.955309324188232445e+00
1.929430534400939923e+00
1.954687680587768650e+00
1.934648180999755773e+00
1.950463698844909777e+00
1.907742787170410237e+00
1.917503947868347103e+00
1.924685029640197831e+00
1.908245617637634339e+00
1.933004724273681640e+00
1.920526761817932027e+00
1.932679943008422940e+00
1.912185427169799778e+00
1.922693477325439382e+00
1.914338055496215718e+00
1.937023815574645980e+00
1.959175501327514723e+00
1.942026318740844637e+00
1.931509161376953054e+00
1.910364312133788989e+00
1.940027100372314406e+00
1.939254611968994180e+00
1.918254478759765735e+00
1.919210104827880903e+00
1.939705514526367081e+00
1.925856416854858422e+00
1.912611101760864241e+00
1.927372751426696729e+00
1.909695439300537201e+00
1.905154145278930677e+00
1.921475472564697196e+00
1.896824492454528777e+00
1.945253122406005897e+00
1.952592838096618655e+00
1.912044970550537126e+00
1.924034879302978451e+00
1.918205160827636702e+00
1.948686006965637096e+00
1.908184048690795942e+00
1.944795016937255872e+00
1.912560286598205650e+00
1.954479276123046949e+00
1.909079032287597677e+00
1.912674536170959394e+00
1.931548945999145506e+00
1.912413424034118625e+00
1.940330864143371636e+00
1.960049282302856355e+00
1.899334302368164140e+00
1.900211523971557570e+00
1.895167609710693313e+00
1.922657471084594727e+00
1.953575027847290091e+00
1.912876756896972674e+00
1.757851535758972128e+00
1.756937885665893484e+00
1.746507469520568900e+00
1.743360117530822651e+00
1.759656584701538184e+00
1.750164721908569421e+00
1.750879525146484372e+00
1.766876243515014711e+00
1.773642930831909270e+00
1.764641784591674867e+00
1.749825755767822288e+00
1.754723935356140130e+00
1.775013619613647453e+00
1.777056838417053308e+00
1.782012107315063432e+00
1.771922648239135700e+00
1.784441988563537640e+00
1.749093126983642499e+00
1.772815413894653247e+00
1.776106128311157217e+00
1.784850790176391699e+00
1.775773583831787183e+00
1.768163367614746129e+00
1.778078709449768091e+00
1.777518787689208901e+00
1.756772223434448277e+00
1.775001918792724620e+00
1.786357865219116103e+00
1.777534460182189857e+00
1.770683488655090398e+00
1.783906092796325726e+00
1.801529037170410241e+00
1.788937579193115246e+00
1.772099710159301678e+00
1.780212756080627345e+00
1.782099317970275987e+00
1.800646999893188438e+00
1.775836546478271494e+00
1.757397613220214927e+00
1.778791832466125378e+00
1.768635634422302205e+00
1.770597275085449285e+00
1.769171647605896069e+00
1.777815908279418933e+00
1.762757998008728011e+00
1.754128032455444242e+00
1.781281993026733401e+00
1.781632313232421883e+00
1.753468798141479601e+00
1.768287973022460990e+00
1.735288244400024382e+00
1.743623919601440475e+00
1.747917159385681263e+00
1.757735650596618626e+00
1.734172225189208882e+00
1.733617544898986784e+00
1.751179595985412618e+00
1.775756022796630917e+00
1.751877276000976646e+00
1.763089221115112348e+00
1.750063143615722572e+00
1.732251000747680569e+00
1.747801564674377417e+00
1.742847702713012703e+00
1.745604476814270001e+00
1.735054538345336850e+00
1.751772044410705664e+00
1.762136535682678140e+00
1.753788089714050313e+00
1.752163835678100634e+00
1.739005886383056643e+00
1.751594239959716859e+00
1.748971779899597179e+00
1.745998975791931196e+00
1.751241308937072860e+00
1.754387953262328992e+00
1.745677021827697795e+00
1.744215540885925231e+00
1.751939712219238388e+00
1.745082333221435578e+00
1.739094046821594297e+00
1.748106439590454197e+00
1.769650626487731859e+00
1.733722438812255850e+00
1.762503256149291930e+00
1.744626153411865221e+00
1.735546259880065945e+00
1.750739162521362413e+00
1.758355591735839774e+00
1.728982844619751047e+00
1.755460529174804662e+00
1.756847408103942909e+00
1.751117043533325202e+00
1.734229356918334908e+00
1.743583931617736837e+00
1.743383958892822161e+00
1.751766845893859781e+00
1.742801410140991214e+00
1.740334770431518630e+00
1.761311923484802255e+00
