1.271462893486022949e+01
1.207568073272705078e+01
1.210354542732238770e+01
1.202216935157775879e+01
1.195585083961486816e+01
1.200473594665527344e+01
1.224314713478088379e+01
1.218675994873046875e+01
1.221821475028991699e+01
1.210498189926147461e+01
1.207394909858703613e+01
1.223891901969909668e+01
1.216976451873779297e+01
1.222678565979003906e+01
1.208939361572265625e+01
1.203729724884033203e+01
1.224998378753662109e+01
1.219384717941284180e+01
1.198905038833618164e+01
1.216152572631835938e+01
1.220257043838500977e+01
1.227710366249084473e+01
1.212806224822998047e+01
1.219101452827453613e+01
1.224547076225280762e+01
1.205320048332214355e+01
1.203876447677612305e+01
1.216841220855712891e+01
1.211931824684143066e+01
1.224127435684204102e+01
1.209862375259399414e+01
1.219266033172607422e+01
1.225554156303405762e+01
1.209588241577148438e+01
1.205345654487609863e+01
1.220139575004577637e+01
1.214151620864868164e+01
1.215664267539978027e+01
1.219206070899963379e+01
1.221276307106018066e+01
1.220529341697692871e+01
1.215176343917846680e+01
1.206678605079650879e+01
1.213577461242675781e+01
1.223921108245849609e+01
1.221343803405761719e+01
1.221765160560607910e+01
1.222643923759460449e+01
1.214064574241638184e+01
1.219705438613891602e+01
1.223178505897521973e+01
1.211944770812988281e+01
1.222488045692443848e+01
1.212693953514099121e+01
1.216640925407409668e+01
1.198246431350708008e+01
1.214031267166137695e+01
1.219576048851013184e+01
1.208683228492736816e+01
1.218371462821960449e+01
1.219474506378173828e+01
1.207003140449523926e+01
1.214592671394348145e+01
1.217967247962951660e+01
1.223059105873107910e+01
1.217433524131774902e+01
1.201338624954223633e+01
1.216376662254333496e+01
1.218623924255371094e+01
1.222207593917846680e+01
1.195247316360473633e+01
1.217246150970458984e+01
1.215583300590515137e+01
1.223831391334533691e+01
1.217956829071044922e+01
1.218785190582275391e+01
1.191622209548950195e+01
1.217095708847045898e+01
1.220681953430175781e+01
1.201332616806030273e+01
1.214018297195434570e+01
1.216511774063110352e+01
1.210681223869323730e+01
1.220407319068908691e+01
1.214563179016113281e+01
1.220709919929504395e+01
1.211574435234069824e+01
1.216396713256835938e+01
1.209532213211059570e+01
1.218679380416870117e+01
1.218743300437927246e+01
1.208202242851257324e+01
1.208665633201599121e+01
1.218865156173706055e+01
1.229990267753601074e+01
1.231251096725463867e+01
1.220351243019104004e+01
1.219373440742492676e+01
1.210859394073486328e+01
1.207658839225769043e+01
1.219637036323547363e+01
1.225059819221496582e+01
1.223394894599914551e+01
1.214206790924072266e+01
1.220997238159179688e+01
1.199213957786560059e+01
1.202760934829711914e+01
1.216332650184631348e+01
1.210174608230590820e+01
1.225128912925720215e+01
1.219707512855529785e+01
1.221735000610351562e+01
1.212858247756958008e+01
1.210603857040405273e+01
1.215630865097045898e+01
1.215024638175964355e+01
1.223366332054138184e+01
1.217093396186828613e+01
1.175672221183776855e+01
1.209994339942932129e+01
1.211367130279541016e+01
1.221189117431640625e+01
1.220264101028442383e+01
1.207758450508117676e+01
1.219296073913574219e+01
1.225254797935485840e+01
1.212370061874389648e+01
1.215152430534362793e+01
1.223587155342102051e+01
1.200487494468688965e+01
1.216763043403625488e+01
1.223110938072204590e+01
1.206385684013366699e+01
1.190685391426086426e+01
1.202733731269836426e+01
1.195554542541503906e+01
1.211112523078918457e+01
1.221274065971374512e+01
1.210628700256347656e+01
1.219032597541809082e+01
1.217510366439819336e+01
1.217791342735290527e+01
1.214028286933898926e+01
1.214981007575988770e+01
1.215869927406311035e+01
1.226544928550720215e+01
1.208279728889465332e+01
1.217855119705200195e+01
1.216529035568237305e+01
1.216265869140625000e+01
1.203914499282836914e+01
1.212385702133178711e+01
1.209052777290344238e+01
1.193245506286621094e+01
1.221503686904907227e+01
1.192552042007446289e+01
1.217757797241210938e+01
1.226123046875000000e+01
1.223307251930236816e+01
1.218236780166625977e+01
1.208628535270690918e+01
1.218656826019287109e+01
1.214810490608215332e+01
1.222200393676757812e+01
1.199289441108703613e+01
1.221046376228332520e+01
1.189783334732055664e+01
1.218102860450744629e+01
1.236814594268798828e+01
1.213023829460144043e+01
1.220432996749877930e+01
1.218238091468811035e+01
1.205078482627868652e+01
1.228483080863952637e+01
1.216009616851806641e+01
1.207440853118896484e+01
1.214204907417297363e+01
1.219623804092407227e+01
1.225804615020751953e+01
1.202660274505615234e+01
1.207122588157653809e+01
1.212796473503112793e+01
1.226953840255737305e+01
1.208786821365356445e+01
1.214511179924011230e+01
1.215983247756958008e+01
1.216554260253906250e+01
1.224825167655944824e+01
1.219807481765747070e+01
1.215939164161682129e+01
1.223292517662048340e+01
1.218893599510192871e+01
1.215590715408325195e+01
1.220293307304382324e+01
1.221971940994262695e+01
1.219025516510009766e+01
1.210128831863403320e+01
1.219966840744018555e+01
1.220572280883789062e+01
1.228747487068176270e+01
