1.049600000244140574e+01
1.094399999908447185e+01
1.281599999877929719e+01
1.399999999877929646e+01
1.699199999969482278e+01
1.625600000244140730e+01
1.836799999938964945e+01
1.891199999572753754e+01
1.931200000183105558e+01
1.982399999908447441e+01
2.057599999908447330e+01
2.087999999938964990e+01
2.183999999511718926e+01
2.134399999816894677e+01
2.320000000183105371e+01
2.320000000122070460e+01
2.408000000488281245e+01
2.452799999877929693e+01
2.491200000122070435e+01
2.542400000183105391e+01
2.430400000183105291e+01
2.479999999816894629e+01
2.470399999908447342e+01
2.470400000183105504e+01
2.655999999877929696e+01
2.633599999816894410e+01
2.544000000488281188e+01
2.657599999145507752e+01
2.729599999145507638e+01
2.768000000183105413e+01
2.668800000732422006e+01
2.599999999816894558e+01
2.742400000122070480e+01
2.721600000366210992e+01
2.828799998779296843e+01
2.753599999145507837e+01
2.820800000122070372e+01
2.876799999511718653e+01
2.888000000122070432e+01
2.865599999145507937e+01
2.737600000488281182e+01
2.825599999816894581e+01
2.783999999145507687e+01
2.852799999816894427e+01
2.953599999145507837e+01
2.867200000488281120e+01
2.855999999816894430e+01
2.891200000732422026e+01
2.969599999908447430e+01
2.936000000183105385e+01
2.905599999816894652e+01
2.958399999816894521e+01
2.942400000122070480e+01
2.932800000488281356e+01
2.992000000488281231e+01
2.916800000732422049e+01
2.937599999755859415e+01
2.948800000488281370e+01
2.979199999511718744e+01
3.004800000732421950e+01
3.015999999145507715e+01
3.044800000732421807e+01
2.879999999511718656e+01
2.985599999877929633e+01
2.900800000122070443e+01
2.983999999511718926e+01
3.028799999816894584e+01
2.875199999511718829e+01
2.942400000732421717e+01
2.971199999511718914e+01
2.998400000732421944e+01
2.966400000366211032e+01
2.974400000488281393e+01
2.993600000732421762e+01
2.996799999511718582e+01
3.063999999755859349e+01
2.883200000122070250e+01
2.932800000183105382e+01
2.993599999511718579e+01
2.817599999145507894e+01
2.953599999145507837e+01
2.972800000183105595e+01
2.940799999572753975e+01
3.100799999816894470e+01
3.038399999511718619e+01
2.913600000488281339e+01
3.001599999755859471e+01
3.076800000366210952e+01
3.102399999816894649e+01
3.159999999755859434e+01
3.200000000488281415e+01
3.078399999145507948e+01
3.059199999511718815e+01
3.272000000122070418e+01
3.036799999023437380e+01
3.019200000488281077e+01
3.135999999816894501e+01
3.209599999908446932e+01
3.027200000488281262e+01
3.039999999755859506e+01
3.587200000732421756e+01
3.625599999389648787e+01
3.667199999816894262e+01
3.688000000366211140e+01
3.651200000366210929e+01
3.795199998779296635e+01
3.752000000732422080e+01
3.785599999633789281e+01
3.822400000366211259e+01
3.854399999145508104e+01
3.924800000976562586e+01
3.843200000366211100e+01
3.934399999755859056e+01
3.955199998779296777e+01
3.878399999389648656e+01
4.012800000732421779e+01
3.995200000488281233e+01
3.988800000122070344e+01
3.892799999145508139e+01
4.063999999145507758e+01
3.955200000732421728e+01
4.075200000000000244e+01
3.879999998779296533e+01
4.078399999145507593e+01
4.017599998779297010e+01
4.091200000366210787e+01
4.065599999389648644e+01
4.089599999755859727e+01
4.121600000732421876e+01
4.142400000732421717e+01
4.179199999145507860e+01
4.120000000366211168e+01
4.182399999755859454e+01
4.182399999755859454e+01
4.164799999633788730e+01
4.108799999389648150e+01
4.233599999633788968e+01
4.119999999145507985e+01
4.171199998779297147e+01
4.223999998779297016e+01
4.190399999389648400e+01
4.251199999145507746e+01
4.148799999755859602e+01
4.247999999145508099e+01
4.201600000122070355e+01
4.224000000000000199e+01
4.276800000366210952e+01
4.249600000732421989e+01
4.203199999999999648e+01
4.291199998779296720e+01
4.310399999389648684e+01
4.304000000732421682e+01
4.299200000732422211e+01
4.305600000976562569e+01
4.411200000366211071e+01
4.326400000000000290e+01
4.363199999999999790e+01
4.281599998779297067e+01
4.387199999023437158e+01
4.289599999023437249e+01
4.372799999023437323e+01
4.249599998779297039e+01
4.289600000366210963e+01
4.363200000732421557e+01
4.321600000122070639e+01
4.311999999755859392e+01
4.395199999755859466e+01
4.355200000366210844e+01
4.401600000976562654e+01
4.283199998779296891e+01
4.315200000732421870e+01
4.304000000122070446e+01
4.337600000976562598e+01
4.313600000366211162e+01
4.414399999999999835e+01
4.299199999389648497e+01
4.380800000366210867e+01
4.414400000366210719e+01
4.388799998779296629e+01
4.398399999023437346e+01
4.361600000366210850e+01
4.371200000000000330e+01
4.348799998657226240e+01
4.390400000610351583e+01
4.387200000732421756e+01
4.345599998779297124e+01
4.332800000366211179e+01
4.327999999633789230e+01
4.340800000366211009e+01
4.403200000610351594e+01
4.315199999389648156e+01
4.348799999755859602e+01
4.432000000732421796e+01
4.324800000366210639e+01
4.358400000610351555e+01
4.340799999389648178e+01
4.342400000610351896e+01
4.387199999389648752e+01
4.388800000976562643e+01
4.366400000732421915e+01
