2.578244732055663846e+00
2.435774686508178632e+00
2.346516607894897355e+00
2.307666094512939470e+00
2.263345114593505958e+00
2.263976976318359480e+00
2.228746229858398653e+00
2.183929721679687574e+00
2.150815877151489364e+00
2.160776580047607531e+00
2.131451306037902782e+00
2.097065474662780815e+00
2.087311053276061923e+00
2.066766099700927839e+00
2.040397319221496364e+00
2.044059013519287316e+00
2.043409621353149408e+00
2.010853958053588908e+00
2.002812259674072060e+00
1.982708236427307202e+00
1.974672245483398481e+00
1.951055466537475525e+00
1.997212875137329036e+00
1.969181282768249552e+00
1.986214833145141689e+00
1.975926812438964841e+00
1.926308433532714748e+00
1.943876722564697346e+00
1.977054286651611426e+00
1.939071037216186566e+00
1.948041631851196387e+00
1.955383225097656164e+00
1.950820067329406715e+00
1.937025793571472088e+00
1.969601673698425204e+00
1.960988890762329184e+00
1.927307558670043885e+00
1.944683661880493242e+00
1.967288866577148410e+00
1.951954788208007718e+00
1.936088580780029211e+00
1.928004584655761633e+00
1.936374196319580188e+00
1.938691373023986753e+00
1.974464640884399325e+00
1.953612474708557034e+00
1.937634429016113380e+00
1.925640288238525288e+00
1.943495171279907119e+00
1.927558053321838383e+00
1.943188463973998914e+00
1.948009999923706159e+00
1.962615602111816404e+00
1.941493447189331034e+00
1.918204754409789992e+00
1.941223841171264564e+00
1.968473870239257906e+00
1.969721043243408243e+00
1.941889644165039064e+00
1.952493332824706940e+00
1.966806360473632775e+00
1.951157450256347570e+00
1.963233772087097151e+00
1.957835485076904192e+00
1.927127451133727964e+00
1.965746461105346787e+00
1.948914571418762121e+00
1.952777934875488342e+00
1.950483891906738210e+00
1.941467631645202641e+00
1.939241103591919035e+00
1.939425891494751086e+00
1.966715314903259237e+00
1.954929412384033283e+00
1.923252559738159118e+00
1.950522151336669952e+00
1.945100019302368199e+00
1.960538106460571361e+00
1.947342584037780711e+00
1.964248941879272570e+00
1.941642096176147358e+00
1.968716105422973595e+00
1.973701522369384787e+00
1.956330030670166087e+00
1.969487345008850143e+00
1.940831221618652291e+00
1.963403192291259813e+00
1.933405729637146075e+00
1.967534617881774972e+00
1.963658886642456025e+00
1.942073999061584511e+00
1.956967178916931172e+00
1.977689932861328215e+00
1.967454774055480859e+00
1.947294249267578214e+00
1.938376045303344730e+00
1.940087383041381841e+00
1.946236005401611235e+00
1.924481456756591768e+00
1.937430491943359367e+00
1.792227216987609895e+00
1.767178192291259720e+00
1.779478814964294386e+00
1.786164239768981865e+00
1.780224308891296348e+00
1.791818106346130479e+00
1.777329969520568875e+00
1.772602731971740786e+00
1.768010333099365283e+00
1.774516333236694443e+00
1.780175882225036643e+00
1.780958756217956518e+00
1.793907115249633755e+00
1.772450389175415086e+00
1.766035380935669030e+00
1.802911484680175702e+00
1.775233745040893485e+00
1.781639593658447263e+00
1.777052197799682709e+00
1.776703563499450578e+00
1.776654321060180619e+00
1.775678613052368071e+00
1.774066983871460002e+00
1.779300795974731342e+00
1.772891321792602559e+00
1.767029112014770531e+00
1.759251124382019027e+00
1.763959731407165554e+00
1.761138200912475638e+00
1.749383933105468802e+00
1.752462429428100599e+00
1.756004402084350602e+00
1.749653327369689926e+00
1.757163328552246107e+00
1.765354421501159621e+00
1.765861642684936506e+00
1.764427727432251070e+00
1.751837923965454014e+00
1.773361616439819377e+00
1.766203460044860840e+00
1.757803789138793871e+00
1.770421265869140726e+00
1.766774111518859769e+00
1.752349344100952111e+00
1.745884173240661585e+00
1.757615362892150923e+00
1.752231075553894124e+00
1.754404271469116150e+00
1.774691627120971615e+00
1.764145263938903918e+00
1.755136881637573198e+00
1.759625385589599578e+00
1.743849599761962965e+00
1.759493343658447229e+00
1.756108135871887299e+00
1.763273266143798867e+00
1.758373689994811917e+00
1.767223458137512138e+00
1.761614974365234287e+00
1.759810284461975183e+00
1.749106258926391710e+00
1.769672991905212323e+00
1.760337885971069438e+00
1.762043284378051800e+00
1.760256885223388634e+00
1.750580672607421784e+00
1.746786598014831604e+00
1.741463560409545863e+00
1.751689901275634842e+00
1.750388596496581961e+00
1.750990634994506800e+00
1.752820258712768586e+00
1.742126682968139662e+00
1.743410863227844221e+00
1.743900345382690453e+00
1.756898308486938509e+00
1.764538073654174699e+00
1.749004175758361868e+00
1.745981194763183586e+00
1.758103861770629939e+00
1.730140732612609922e+00
1.770031094970703212e+00
1.773430367774963434e+00
1.750837448501586957e+00
1.783198047752380333e+00
1.788646661376953162e+00
1.751812263526916436e+00
1.755688156661987298e+00
1.750813516769409217e+00
1.762538692932128948e+00
1.760103759498596210e+00
1.766226734924316366e+00
1.762950458259582520e+00
1.752980539627075229e+00
1.777970085105895937e+00
1.775807392654418893e+00
1.763582731742858956e+00
1.769524467849731497e+00
1.767765416221618757e+00
1.777552749938964949e+00
