9.471999999542235926e+00
1.073599999938964800e+01
1.398400000183105440e+01
1.494399999908447185e+01
1.585600000488281225e+01
1.654400000183105490e+01
1.735999999816894501e+01
1.777599999816894538e+01
1.795199999938964908e+01
1.966399999511718732e+01
2.105600000488281154e+01
2.135999999816894501e+01
2.129600000244140645e+01
2.224000000488281259e+01
2.227199999816894405e+01
2.358400000183105405e+01
2.190400000732421759e+01
2.395200000488281233e+01
2.422399999908447299e+01
2.425600000488281083e+01
2.371200000122070151e+01
2.505599999816894652e+01
2.577600000183105422e+01
2.518400000183105547e+01
2.670400000488281123e+01
2.582399999145507863e+01
2.683200000183105516e+01
2.692800000122070259e+01
2.782399999816894365e+01
2.740800000122070301e+01
2.785600000122070341e+01
2.734399998779296936e+01
2.816000000488281074e+01
2.737600000183105564e+01
2.815999999938964748e+01
2.864000000732421825e+01
2.830399999511718789e+01
2.790400000732421759e+01
2.819200000488281077e+01
2.798399999511718761e+01
2.915199999511718687e+01
2.716799999511718866e+01
2.782399999755859454e+01
2.887999999816894459e+01
2.831999999877929852e+01
2.876799999755859361e+01
2.915199999816894660e+01
2.942399999816894507e+01
2.892799998779296899e+01
2.959999999145507843e+01
2.958399999145507664e+01
3.100799998779296729e+01
3.124799999145507812e+01
3.072000000122070418e+01
3.156800000183105581e+01
3.036800000488281270e+01
3.144000000976562603e+01
2.976000000488281216e+01
3.147199999511718715e+01
3.123199999145507988e+01
3.180800000122070159e+01
3.151999999816894515e+01
3.019199999816894575e+01
3.083199999572753924e+01
3.164799999023437493e+01
3.201599999816894382e+01
3.152000000183105399e+01
3.153599999816894695e+01
3.219199999816894575e+01
3.270400000122070594e+01
3.104000000488281330e+01
3.182400000122070338e+01
3.176000000122070333e+01
3.132799999145507641e+01
3.110400000122070452e+01
3.166400000366211032e+01
3.187200000488281404e+01
3.246400000122070395e+01
3.147199998779296948e+01
3.070400000366210946e+01
3.249599999145507923e+01
3.158399999816894521e+01
3.121599999816894666e+01
3.222399999145508076e+01
3.262399999023437402e+01
3.111999999816894658e+01
3.235199999145508087e+01
3.155199999145507661e+01
3.196799999755859290e+01
3.203200000732422126e+01
3.292800000122070259e+01
3.217600000732421961e+01
3.124799999816894669e+01
3.100799999511718852e+01
3.259199999145507576e+01
3.300800000183105709e+01
3.289599999755859727e+01
3.328000000488281529e+01
3.222399999145508076e+01
3.276800000183105510e+01
3.852799998779296686e+01
3.823999998779297016e+01
3.873599998779296527e+01
3.945599999145508008e+01
3.972800000488281569e+01
3.975999999389648565e+01
4.015999999145508070e+01
3.999999999145507701e+01
4.043200000732421984e+01
4.091199999145507604e+01
4.019199999511718602e+01
4.089599998779296897e+01
4.142400000366210833e+01
4.094400000610351498e+01
4.041600000244140745e+01
4.070399999755859710e+01
4.131200000732421529e+01
4.163200000122070321e+01
4.118399999755859398e+01
4.073599999145508122e+01
4.110399999023437800e+01
4.187200000122070520e+01
4.239999999389648622e+01
4.214399999633788951e+01
4.247999999999999687e+01
4.286400000732422200e+01
4.206400000732421773e+01
4.248000000732422166e+01
4.268799999816894797e+01
4.260799999755859346e+01
4.326400000366211174e+01
4.294399999389648315e+01
4.294399998779297078e+01
4.273599999755859358e+01
4.251199999389648099e+01
4.390399998779297164e+01
4.270400000732421830e+01
4.364800000183105766e+01
4.387200000610351225e+01
4.343999999389648536e+01
4.406399999145507707e+01
4.382400000366210691e+01
4.419199999023437186e+01
4.327999999145507815e+01
4.439999999145507559e+01
4.465600000610351827e+01
4.347200000976562251e+01
4.375999999389648565e+01
4.531200000122070293e+01
4.510400000122070452e+01
4.480000000976562546e+01
4.523199998779296749e+01
4.542399999389648713e+01
4.492799999999999727e+01
4.535999998779296760e+01
4.561599998779296783e+01
4.547200000976562251e+01
4.516800000610351873e+01
4.518400000122070281e+01
4.526400000976562410e+01
4.535999999389648707e+01
4.572799999633789270e+01
4.566399999633789264e+01
4.537599999389648531e+01
4.478400000976562723e+01
4.614400000976562666e+01
4.591999999755859108e+01
4.499200000366210617e+01
4.539199999633789417e+01
4.555200000366210844e+01
4.572799999633789270e+01
4.561600000732421734e+01
4.559999999389648195e+01
4.560000000000000142e+01
4.524800000122070287e+01
4.539199999389648355e+01
4.572800000976562274e+01
4.534399999023437289e+01
4.580799998779296800e+01
4.572799999755859091e+01
4.595199999999999818e+01
4.577599998779297152e+01
4.532799999389648349e+01
4.569600000366210679e+01
4.583999998779297158e+01
4.615999999389648423e+01
4.564800000000000324e+01
4.644800000366210924e+01
4.607999999023437709e+01
4.655999999389648281e+01
4.579200000366211043e+01
4.575999999999999801e+01
4.556799999389648548e+01
4.575999999023437681e+01
4.579199999389648212e+01
4.508800000732421864e+01
4.572799999389648207e+01
4.563199999633788906e+01
4.678399999389648656e+01
4.566400000732421915e+01
