2.579198518066406098e+00
2.452358501739501762e+00
2.402739274215698106e+00
2.372137105407714941e+00
2.261346497650146503e+00
2.251499961700439645e+00
2.227597681655884010e+00
2.192942617492675605e+00
2.198538335647583164e+00
2.190848088989257647e+00
2.143417227172851547e+00
2.149734204788208203e+00
2.126140286178588745e+00
2.122782487258910944e+00
2.098401800613403534e+00
2.084194444808959990e+00
2.083571871185302626e+00
2.055476241226196432e+00
2.042371662139892408e+00
2.040106816558838077e+00
2.029429207229614285e+00
2.018059491653442450e+00
2.019928021316528266e+00
2.024047439117431679e+00
1.994762973556518659e+00
1.999062184219360327e+00
2.010657357025146474e+00
1.988861500358581447e+00
1.972322709999084545e+00
1.978242209091186421e+00
1.979996086502075148e+00
1.985086149940490818e+00
1.990411104774475026e+00
1.970773404922485428e+00
1.956775887832641558e+00
1.972742368316650285e+00
1.934459399719238304e+00
1.965010660324096659e+00
1.951525534210205137e+00
1.959724165344238322e+00
1.965467658386230498e+00
1.944583805389404230e+00
1.962891116104126032e+00
1.967626235198974616e+00
1.912029272842407313e+00
1.960631601715087990e+00
1.963148607940673918e+00
1.911666560401916515e+00
1.944247395706176773e+00
1.935760388336181581e+00
1.943091400527954038e+00
1.927651308555603071e+00
1.944318474884033199e+00
1.944276076927184960e+00
1.922342829856872548e+00
1.929116261978149449e+00
1.952153863716125537e+00
1.939478363494873125e+00
1.946599514312744139e+00
1.949260466766357336e+00
1.945434433593749901e+00
1.922513127365112373e+00
1.979380476303100655e+00
1.938036836318969725e+00
1.966719766540527381e+00
1.955857715759277360e+00
1.952927065277099583e+00
1.962030421295166027e+00
1.968189692268371482e+00
1.953166819534301712e+00
1.939479702987670917e+00
1.925490792198181200e+00
1.936233314323425381e+00
1.926235668983459437e+00
1.940381624145507855e+00
1.947045369491577249e+00
1.988704853706359854e+00
1.946730186996459944e+00
1.949572169113159115e+00
1.985485912132263220e+00
1.959861356010436984e+00
1.953015793533325217e+00
1.955751267623901279e+00
1.914076245117187547e+00
1.938013584594726613e+00
1.978809991683959879e+00
1.919579300155639601e+00
1.937042330322265693e+00
1.921541847190856966e+00
1.933385754737853901e+00
1.915543940048217708e+00
1.939765172195434539e+00
1.937936520767211901e+00
1.915624047622680681e+00
1.935198678970336816e+00
1.937220607566833452e+00
1.915621278266906646e+00
1.910145199203491240e+00
1.932081954727172812e+00
1.945541764907836813e+00
1.738553342323303275e+00
1.716476633682251007e+00
1.716852471084594711e+00
1.724681152572631770e+00
1.716918710784912205e+00
1.723027668266296386e+00
1.721350822868347175e+00
1.722848337631225579e+00
1.721388968582153289e+00
1.728683004035949766e+00
1.730446742248535230e+00
1.733062854232788164e+00
1.731368622856140238e+00
1.723936560516357464e+00
1.742619323806762655e+00
1.729474878997802723e+00
1.733762674255371117e+00
1.735051301651000966e+00
1.745037812194824234e+00
1.735504756698608375e+00
1.743691691665649524e+00
1.727777903327941900e+00
1.765709321060180637e+00
1.737761151580810459e+00
1.755407028732299812e+00
1.754847415084838769e+00
1.759689593353271464e+00
1.735229810714721710e+00
1.749763958854675394e+00
1.757453930358886751e+00
1.756876607055664063e+00
1.750207332687377937e+00
1.760452285308837794e+00
1.769393216323852602e+00
1.746569530372619639e+00
1.772110047912597741e+00
1.743003479499816821e+00
1.776489120979309000e+00
1.780143459320068455e+00
1.758714957084655861e+00
1.776042858734130814e+00
1.775970940208435156e+00
1.788367361755371032e+00
1.790634163818359381e+00
1.785380819625854487e+00
1.778222858810424745e+00
1.784037093811035257e+00
1.789049660644531192e+00
1.790453101654052803e+00
1.781535427207946887e+00
1.773612058601379493e+00
1.751542202529907222e+00
1.764084846420288066e+00
1.770635355377197184e+00
1.751175157432556251e+00
1.762378488426208589e+00
1.751061446456909199e+00
1.775924798889160217e+00
1.759186997413635156e+00
1.766653208618164106e+00
1.772356706275939997e+00
1.768366854591369552e+00
1.781310765113830463e+00
1.749189767379760729e+00
1.755271163406372015e+00
1.759151031951904365e+00
1.737493636817932119e+00
1.754868615837097190e+00
1.748511404800415114e+00
1.771461142768859798e+00
1.759063065376281765e+00
1.771933395767211872e+00
1.775717583084106543e+00
1.755586224212646540e+00
1.745589984436035191e+00
1.771797263069152750e+00
1.772541098632812506e+00
1.748636026725769010e+00
1.765219277076721216e+00
1.771002304420471241e+00
1.761981294937133846e+00
1.765644886703491290e+00
1.767249553413391183e+00
1.765714894943237301e+00
1.763131462783813497e+00
1.768234207572936922e+00
1.765804905662536672e+00
1.757457111740112321e+00
1.765036044921874936e+00
1.776428815574645936e+00
1.774640083274841240e+00
1.765463785743713432e+00
1.746917030868530230e+00
1.779152009201049767e+00
1.755888215560913013e+00
1.760353570480346574e+00
1.766560712966918967e+00
1.762548257102966254e+00
1.756453766250610338e+00
1.762737877883911120e+00
