1.070399999938964797e+01
1.081599999938964807e+01
1.251200000183105487e+01
1.494399999572753934e+01
1.622399999511718605e+01
1.627200000183105644e+01
1.695999999572753936e+01
1.840000000488281273e+01
1.769599999908447430e+01
1.862399999572754083e+01
2.134399999816894677e+01
2.070399999511718647e+01
2.052799999969482414e+01
2.235199999755859324e+01
2.232000000488281088e+01
2.310400000183105362e+01
2.308800000183105539e+01
2.350399999816894692e+01
2.420800000488281256e+01
2.459199999816894433e+01
2.566400000122070324e+01
2.606399999877929829e+01
2.510400000183105362e+01
2.628799999816894584e+01
2.648000000122070219e+01
2.676799999816894626e+01
2.673600000183105507e+01
2.796799999145507698e+01
2.747199999816894689e+01
2.782399999389648571e+01
2.854399999145507749e+01
2.780799999877929807e+01
2.761599999816894524e+01
2.820799999816894399e+01
2.795200000122070350e+01
2.860799999877929523e+01
2.846399998779297036e+01
2.838399998779296851e+01
2.838399999511718619e+01
2.860799999511718639e+01
2.763199999816894703e+01
2.888000000488281316e+01
2.897600000732422032e+01
2.848000000183105485e+01
2.921600000122070284e+01
2.921599999816894666e+01
2.899199999755859380e+01
2.823999999877929667e+01
2.952000000183105399e+01
2.889599999511718664e+01
3.046400000122070395e+01
3.007999999145507886e+01
3.052799999145507925e+01
3.023999999511718784e+01
3.118399999816894663e+01
3.086400000122070253e+01
3.047999999145507743e+01
2.993600000122070171e+01
3.156799999816894697e+01
3.159999999755859434e+01
3.104000000122070446e+01
3.259199999145507576e+01
3.140799999145507826e+01
3.228799999389648434e+01
3.198399999816894379e+01
3.112000000488281160e+01
3.115199999511718687e+01
3.254400000976562524e+01
3.214399999877930014e+01
3.099199999908447367e+01
3.115199999511718687e+01
3.255999999145507928e+01
3.121600000122070284e+01
3.041599999816894595e+01
3.144000000183105570e+01
3.235199999816894234e+01
3.219200000488281432e+01
3.116800000488281341e+01
3.251200000488281461e+01
3.150400000732421901e+01
3.232000000122070560e+01
3.286399999816894280e+01
3.175999999511718741e+01
3.292799999877929906e+01
3.126399998779296752e+01
3.151999999816894515e+01
3.227199999816894405e+01
3.150400000488281194e+01
3.172799999145507854e+01
3.259200000366210759e+01
3.152000000488281373e+01
3.191999999816894373e+01
3.151999999755859250e+01
3.187200000488281404e+01
3.239999999816894416e+01
3.175999999755859449e+01
3.156799999145507840e+01
3.241599999145508093e+01
3.300799999511718852e+01
3.329599999816894496e+01
3.753600000366211020e+01
3.791999999755859108e+01
3.812800000183105453e+01
3.868800000122070060e+01
3.911999999999999744e+01
3.923200000732421699e+01
4.030399999755859142e+01
3.945600000122070128e+01
3.996799999755859290e+01
4.038399999755859682e+01
4.054399999816894251e+01
4.087999999389648309e+01
4.147200000366211015e+01
4.096000000366210969e+01
4.052799998779296686e+01
4.174400000732421745e+01
4.167999999755859619e+01
4.172799999755859091e+01
4.159999999389648195e+01
4.147199998779296948e+01
4.161600000366210850e+01
4.206399999389648769e+01
4.203199999999999648e+01
4.238399998779296851e+01
4.184000000366211225e+01
4.236800000732421978e+01
4.265600000976562711e+01
4.273600000732422188e+01
4.321599999755859045e+01
4.286400000366210605e+01
4.273599999633788826e+01
4.324800000976562586e+01
4.267200000366210588e+01
4.340800000732421893e+01
4.260799999023437579e+01
4.284799999389648661e+01
4.329599999755859585e+01
4.209600000366211248e+01
4.339199999633789417e+01
4.388800000732421580e+01
4.296000000976562205e+01
4.411200000000000188e+01
4.380799999755859631e+01
4.379200000366211043e+01
4.318399999755859398e+01
4.422399999389648428e+01
4.364800000610351560e+01
4.441600000366211276e+01
4.451199998779296862e+01
4.479999999755859363e+01
4.534400000366211003e+01
4.505600000976562569e+01
4.521599998657226394e+01
4.531199999389648525e+01
4.500799999389648320e+01
4.524799999145508167e+01
4.510399999999999920e+01
4.479999999755859363e+01
4.478400000122070423e+01
4.523200000976562762e+01
4.555200000976562791e+01
4.531199999816894319e+01
4.593599999389648758e+01
4.548800000976562785e+01
4.640000000976562688e+01
4.569599999145507496e+01
4.542400000366210833e+01
4.547199998779296948e+01
4.609599999999999653e+01
4.521600000976562228e+01
4.534400000732421887e+01
4.508799998657226382e+01
4.539200000366211185e+01
4.524799998779296573e+01
4.547199999755859068e+01
4.494400000732422029e+01
4.561600000976562796e+01
4.566400000732421915e+01
4.564799999389648377e+01
4.487999999023437425e+01
4.582399999389648571e+01
4.590400000000000347e+01
4.567999999755859619e+01
4.523199998779296749e+01
4.641600000976562512e+01
4.529599999023437817e+01
4.544000000610351719e+01
4.547200000976562251e+01
4.587200000976562819e+01
4.555200000366210844e+01
4.523200000732421699e+01
4.615999999755859307e+01
4.596800000732422120e+01
4.552000000976562433e+01
4.558400000732422086e+01
4.616000000366211253e+01
4.550399999999999778e+01
4.633600000488281268e+01
4.518400000366210634e+01
4.555199999389648724e+01
