1.839609146118164062e-01
2.131083011627197266e-01
1.993775367736816406e-01
2.033200263977050781e-01
2.073407173156738281e-01
2.013113498687744141e-01
1.854345798492431641e-01
2.108936309814453125e-01
1.982958316802978516e-01
1.630625724792480469e-01
2.171537876129150391e-01
2.274591922760009766e-01
2.340836524963378906e-01
2.188131809234619141e-01
2.348492145538330078e-01
2.210049629211425781e-01
1.962430477142333984e-01
2.204918861389160156e-01
1.732394695281982422e-01
2.133646011352539062e-01
2.398121356964111328e-01
2.187371253967285156e-01
1.981883049011230469e-01
1.853888034820556641e-01
2.157654762268066406e-01
1.651747226715087891e-01
2.150583267211914062e-01
2.502956390380859375e-01
1.985986232757568359e-01
2.377448081970214844e-01
1.844115257263183594e-01
1.658947467803955078e-01
2.100672721862792969e-01
1.967551708221435547e-01
1.798882484436035156e-01
1.927001476287841797e-01
2.529132366180419922e-01
1.863949298858642578e-01
1.790196895599365234e-01
2.225909233093261719e-01
1.880197525024414062e-01
2.123546600341796875e-01
1.916890144348144531e-01
2.440898418426513672e-01
2.023651599884033203e-01
2.174866199493408203e-01
2.348577976226806641e-01
1.840741634368896484e-01
1.958494186401367188e-01
2.088444232940673828e-01
1.965742111206054688e-01
2.070260047912597656e-01
2.059807777404785156e-01
2.424097061157226562e-01
2.163643836975097656e-01
1.867265701293945312e-01
1.683378219604492188e-01
1.842868328094482422e-01
2.062499523162841797e-01
2.018632888793945312e-01
2.297432422637939453e-01
2.233901023864746094e-01
1.890914440155029297e-01
1.756176948547363281e-01
2.123222351074218750e-01
2.216968536376953125e-01
1.984288692474365234e-01
1.789474487304687500e-01
2.084374427795410156e-01
2.120950222015380859e-01
2.020258903503417969e-01
2.179048061370849609e-01
2.134203910827636719e-01
2.073223590850830078e-01
2.414946556091308594e-01
1.888296604156494141e-01
1.930251121520996094e-01
2.026207447052001953e-01
2.159440517425537109e-01
1.738715171813964844e-01
1.784963607788085938e-01
2.034127712249755859e-01
1.830601692199707031e-01
1.967589855194091797e-01
2.115821838378906250e-01
1.834766864776611328e-01
1.895980834960937500e-01
1.922957897186279297e-01
2.101385593414306641e-01
2.141547203063964844e-01
1.873900890350341797e-01
1.907658576965332031e-01
1.902840137481689453e-01
2.149977684020996094e-01
2.037327289581298828e-01
1.752481460571289062e-01
2.109644412994384766e-01
2.269520759582519531e-01
2.173879146575927734e-01
2.171452045440673828e-01
2.000308036804199219e-01
2.116816043853759766e-01
2.331998348236083984e-01
2.178730964660644531e-01
2.174713611602783203e-01
1.901857852935791016e-01
1.902141571044921875e-01
2.180755138397216797e-01
1.979331970214843750e-01
2.514290809631347656e-01
2.126760482788085938e-01
2.071349620819091797e-01
2.129085063934326172e-01
2.049891948699951172e-01
2.202887535095214844e-01
2.262322902679443359e-01
1.925146579742431641e-01
1.961848735809326172e-01
1.591167449951171875e-01
2.345728874206542969e-01
2.059442996978759766e-01
1.956596374511718750e-01
1.949460506439208984e-01
2.344267368316650391e-01
1.685862541198730469e-01
2.109997272491455078e-01
2.048606872558593750e-01
2.212603092193603516e-01
1.947875022888183594e-01
1.767897605895996094e-01
2.356309890747070312e-01
2.296736240386962891e-01
1.771304607391357422e-01
1.910586357116699219e-01
2.209544181823730469e-01
2.081122398376464844e-01
2.200407981872558594e-01
1.969883441925048828e-01
2.060706615447998047e-01
2.504942417144775391e-01
1.937999725341796875e-01
2.025756835937500000e-01
1.896138191223144531e-01
2.057685852050781250e-01
1.976265907287597656e-01
1.353502273559570312e-01
1.938595771789550781e-01
2.074642181396484375e-01
2.321152687072753906e-01
2.388472557067871094e-01
2.103056907653808594e-01
1.756589412689208984e-01
1.681108474731445312e-01
1.673533916473388672e-01
2.529311180114746094e-01
2.020916938781738281e-01
1.720688343048095703e-01
2.166509628295898438e-01
2.069089412689208984e-01
2.238168716430664062e-01
2.124814987182617188e-01
2.157340049743652344e-01
2.065944671630859375e-01
2.159316539764404297e-01
2.110452651977539062e-01
2.193715572357177734e-01
1.935455799102783203e-01
1.868026256561279297e-01
2.107472419738769531e-01
2.183721065521240234e-01
2.073032855987548828e-01
2.443859577178955078e-01
1.833760738372802734e-01
2.036297321319580078e-01
1.795921325683593750e-01
1.916446685791015625e-01
2.202901840209960938e-01
2.091150283813476562e-01
2.545094490051269531e-01
1.686298847198486328e-01
2.279946804046630859e-01
2.152438163757324219e-01
2.232277393341064453e-01
1.981935501098632812e-01
1.980817317962646484e-01
2.229845523834228516e-01
1.936795711517333984e-01
2.037074565887451172e-01
2.023131847381591797e-01
1.958277225494384766e-01
1.952886581420898438e-01
2.188525199890136719e-01
2.238838672637939453e-01
1.839232444763183594e-01
2.251369953155517578e-01
2.059860229492187500e-01
2.200522422790527344e-01
1.716778278350830078e-01
2.208681106567382812e-01
2.192480564117431641e-01
