1.000000000000000000e+01
1.246999931335449219e+01
1.554999923706054688e+01
1.906999969482421875e+01
1.753999900817871094e+01
1.738999938964843750e+01
1.764999961853027344e+01
2.001000022888183594e+01
1.879999923706054688e+01
1.978999900817871094e+01
2.302999877929687500e+01
1.881999969482421875e+01
2.559000015258789062e+01
2.536999893188476562e+01
2.412999916076660156e+01
2.207999992370605469e+01
2.277999877929687500e+01
2.642000007629394531e+01
2.650000000000000000e+01
2.545999908447265625e+01
2.786999893188476562e+01
2.512999916076660156e+01
2.645999908447265625e+01
2.310999870300292969e+01
2.944999885559082031e+01
2.892000007629394531e+01
2.800000000000000000e+01
2.957999992370605469e+01
2.600000000000000000e+01
2.863999938964843750e+01
2.931999969482421875e+01
2.681999969482421875e+01
2.792000007629394531e+01
3.014999961853027344e+01
2.812999916076660156e+01
2.993999862670898438e+01
2.840999984741210938e+01
2.788999938964843750e+01
2.844999885559082031e+01
2.994999885559082031e+01
2.832999992370605469e+01
3.336000061035156250e+01
3.129999923706054688e+01
3.019999885559082031e+01
2.977999877929687500e+01
3.005999946594238281e+01
2.972999954223632812e+01
2.937999916076660156e+01
2.828999900817871094e+01
2.982999992370605469e+01
3.331999969482421875e+01
2.876999855041503906e+01
3.284000015258789062e+01
3.254000091552734375e+01
3.256999969482421875e+01
3.256999969482421875e+01
3.377000045776367188e+01
3.086999893188476562e+01
3.354999923706054688e+01
3.345000076293945312e+01
3.254000091552734375e+01
3.215999984741210938e+01
3.504000091552734375e+01
3.173999977111816406e+01
3.330999755859375000e+01
3.304999923706054688e+01
3.234999847412109375e+01
3.473999786376953125e+01
3.529000091552734375e+01
3.566999816894531250e+01
3.600000000000000000e+01
3.397999954223632812e+01
3.330999755859375000e+01
3.352000045776367188e+01
2.871999931335449219e+01
3.320999908447265625e+01
3.371999740600585938e+01
3.172999954223632812e+01
2.900999832153320312e+01
3.004999923706054688e+01
3.506999969482421875e+01
3.106999969482421875e+01
3.497999954223632812e+01
3.438999938964843750e+01
3.345000076293945312e+01
3.429999923706054688e+01
2.922999954223632812e+01
3.230999755859375000e+01
3.286000061035156250e+01
3.300999832153320312e+01
3.271999740600585938e+01
3.254000091552734375e+01
3.128999900817871094e+01
3.366999816894531250e+01
3.209999847412109375e+01
3.570999908447265625e+01
3.411999893188476562e+01
3.439999771118164062e+01
3.443000030517578125e+01
3.295000076293945312e+01
3.686999893188476562e+01
3.747999954223632812e+01
3.745999908447265625e+01
3.795000076293945312e+01
3.793000030517578125e+01
3.841999816894531250e+01
3.889999771118164062e+01
3.846999740600585938e+01
3.777000045776367188e+01
3.879999923706054688e+01
3.862999725341796875e+01
3.891999816894531250e+01
3.925999832153320312e+01
3.845000076293945312e+01
3.915999984741210938e+01
3.900000000000000000e+01
3.900000000000000000e+01
3.968000030517578125e+01
3.896999740600585938e+01
3.954999923706054688e+01
3.943999862670898438e+01
3.905999755859375000e+01
3.875000000000000000e+01
3.912999725341796875e+01
3.879000091552734375e+01
3.930999755859375000e+01
3.986999893188476562e+01
3.981999969482421875e+01
4.000999832153320312e+01
4.007999801635742188e+01
3.918000030517578125e+01
3.997999954223632812e+01
4.000000000000000000e+01
4.068000030517578125e+01
3.988999938964843750e+01
3.971999740600585938e+01
3.979999923706054688e+01
4.061999893188476562e+01
4.012999725341796875e+01
4.029999923706054688e+01
3.995999908447265625e+01
3.932999801635742188e+01
3.964999771118164062e+01
3.965999984741210938e+01
4.052000045776367188e+01
4.125999832153320312e+01
4.045999908447265625e+01
4.096999740600585938e+01
4.070000076293945312e+01
3.950999832153320312e+01
4.064999771118164062e+01
4.039999771118164062e+01
4.088999938964843750e+01
4.070000076293945312e+01
4.045999908447265625e+01
4.066999816894531250e+01
4.053999710083007812e+01
4.062999725341796875e+01
4.054999923706054688e+01
4.055999755859375000e+01
4.075000000000000000e+01
4.050000000000000000e+01
4.015999984741210938e+01
4.043999862670898438e+01
4.061000061035156250e+01
4.039999771118164062e+01
4.055999755859375000e+01
4.062999725341796875e+01
4.062999725341796875e+01
4.079999923706054688e+01
4.095000076293945312e+01
4.045999908447265625e+01
4.088999938964843750e+01
4.061000061035156250e+01
4.050999832153320312e+01
4.078999710083007812e+01
4.084000015258789062e+01
4.054999923706054688e+01
4.086000061035156250e+01
4.077999877929687500e+01
4.077000045776367188e+01
4.084000015258789062e+01
4.041999816894531250e+01
4.113999938964843750e+01
4.088999938964843750e+01
4.057999801635742188e+01
4.105999755859375000e+01
4.081999969482421875e+01
4.077000045776367188e+01
4.095000076293945312e+01
4.100000000000000000e+01
4.113999938964843750e+01
4.113999938964843750e+01
4.098999786376953125e+01
4.103999710083007812e+01
4.109000015258789062e+01
4.059999847412109375e+01
4.107999801635742188e+01
4.120999908447265625e+01
4.130999755859375000e+01
