1.275768494606018066e+01
1.206453514099121094e+01
1.212469983100891113e+01
1.207384729385375977e+01
1.193047690391540527e+01
1.198229646682739258e+01
1.225751328468322754e+01
1.221667051315307617e+01
1.212753415107727051e+01
1.211035990715026855e+01
1.203872728347778320e+01
1.228494954109191895e+01
1.216370344161987305e+01
1.221815395355224609e+01
1.213605761528015137e+01
1.213252639770507812e+01
1.221184515953063965e+01
1.223070716857910156e+01
1.208437919616699219e+01
1.214323616027832031e+01
1.221823716163635254e+01
1.225525760650634766e+01
1.207370638847351074e+01
1.212260222434997559e+01
1.218208336830139160e+01
1.214942193031311035e+01
1.205610537528991699e+01
1.220776677131652832e+01
1.217794728279113770e+01
1.218788719177246094e+01
1.205388975143432617e+01
1.223772335052490234e+01
1.221834230422973633e+01
1.207014322280883789e+01
1.208439636230468750e+01
1.218475031852722168e+01
1.210362005233764648e+01
1.212397074699401855e+01
1.213730430603027344e+01
1.220468592643737793e+01
1.221291947364807129e+01
1.218310976028442383e+01
1.216948032379150391e+01
1.218546915054321289e+01
1.226545572280883789e+01
1.225175166130065918e+01
1.233849239349365234e+01
1.228122878074645996e+01
1.215206480026245117e+01
1.230609965324401855e+01
1.218005776405334473e+01
1.208885693550109863e+01
1.224313664436340332e+01
1.216333842277526855e+01
1.213071513175964355e+01
1.205902504920959473e+01
1.214834713935852051e+01
1.213953280448913574e+01
1.212662553787231445e+01
1.227488374710083008e+01
1.217890882492065430e+01
1.206950664520263672e+01
1.211996102333068848e+01
1.216795778274536133e+01
1.220550179481506348e+01
1.212426424026489258e+01
1.219737243652343750e+01
1.218092107772827148e+01
1.214934039115905762e+01
1.224265027046203613e+01
1.192259931564331055e+01
1.226764464378356934e+01
1.221030330657958984e+01
1.222104668617248535e+01
1.223648571968078613e+01
1.222760057449340820e+01
1.195402383804321289e+01
1.225750946998596191e+01
1.214184689521789551e+01
1.202361249923706055e+01
1.215414643287658691e+01
1.231524586677551270e+01
1.212566995620727539e+01
1.219720888137817383e+01
1.221563839912414551e+01
1.222074651718139648e+01
1.208907556533813477e+01
1.219356393814086914e+01
1.212684702873229980e+01
1.225079154968261719e+01
1.220033001899719238e+01
1.210637378692626953e+01
1.210248637199401855e+01
1.219550228118896484e+01
1.226149606704711914e+01
1.223943448066711426e+01
1.223201107978820801e+01
1.223841786384582520e+01
1.214613509178161621e+01
1.208809185028076172e+01
1.225433778762817383e+01
1.228072714805603027e+01
1.222842025756835938e+01
1.222555780410766602e+01
1.218515872955322266e+01
1.199715900421142578e+01
1.210866904258728027e+01
1.212042713165283203e+01
1.215340971946716309e+01
1.222666525840759277e+01
1.223250865936279297e+01
1.226587557792663574e+01
1.214258575439453125e+01
1.224602961540222168e+01
1.216463971138000488e+01
1.222112584114074707e+01
1.226264786720275879e+01
1.215905737876892090e+01
1.195590138435363770e+01
1.209148764610290527e+01
1.215153813362121582e+01
1.218263435363769531e+01
1.217498612403869629e+01
1.211523675918579102e+01
1.215090799331665039e+01
1.221908068656921387e+01
1.205521416664123535e+01
1.220771336555480957e+01
1.223746562004089355e+01
1.196560049057006836e+01
1.207673430442810059e+01
1.223536682128906250e+01
1.201584649085998535e+01
1.187470364570617676e+01
1.205694174766540527e+01
1.199722385406494141e+01
1.209249234199523926e+01
1.222616314888000488e+01
1.213632988929748535e+01
1.223484206199645996e+01
1.215398526191711426e+01
1.218988323211669922e+01
1.218050217628479004e+01
1.217437291145324707e+01
1.218341040611267090e+01
1.218380498886108398e+01
1.210746383666992188e+01
1.215944862365722656e+01
1.222580432891845703e+01
1.223751163482666016e+01
1.204636144638061523e+01
1.213451576232910156e+01
1.210232448577880859e+01
1.189836263656616211e+01
1.224133205413818359e+01
1.197580003738403320e+01
1.218876361846923828e+01
1.223029875755310059e+01
1.227318477630615234e+01
1.220660567283630371e+01
1.207947611808776855e+01
1.228431248664855957e+01
1.219158959388732910e+01
1.213959193229675293e+01
1.209440684318542480e+01
1.223592352867126465e+01
1.193455052375793457e+01
1.212813186645507812e+01
1.222352957725524902e+01
1.207972764968872070e+01
1.214936113357543945e+01
1.223413300514221191e+01
1.202877974510192871e+01
1.225084805488586426e+01
1.211621451377868652e+01
1.202468705177307129e+01
1.218155169486999512e+01
1.217764043807983398e+01
1.228995060920715332e+01
1.206871247291564941e+01
1.208306264877319336e+01
1.212365579605102539e+01
1.224143719673156738e+01
1.211150836944580078e+01
1.221694040298461914e+01
1.216050601005554199e+01
1.207706999778747559e+01
1.222311091423034668e+01
1.225863242149353027e+01
1.215687489509582520e+01
1.223768401145935059e+01
1.223932909965515137e+01
1.221680831909179688e+01
1.221780490875244141e+01
1.226530623435974121e+01
1.221806168556213379e+01
1.211791849136352539e+01
1.215826606750488281e+01
1.217024302482604980e+01
1.221628856658935547e+01
