1.256125593185424805e+01
1.195727443695068359e+01
1.202689814567565918e+01
1.187879061698913574e+01
1.195043563842773438e+01
1.195877575874328613e+01
1.220557904243469238e+01
1.210687851905822754e+01
1.211504244804382324e+01
1.204883670806884766e+01
1.200475645065307617e+01
1.210916209220886230e+01
1.210170388221740723e+01
1.233837509155273438e+01
1.214070677757263184e+01
1.210497689247131348e+01
1.217992591857910156e+01
1.220641493797302246e+01
1.201129722595214844e+01
1.212321472167968750e+01
1.215287828445434570e+01
1.221816062927246094e+01
1.206117081642150879e+01
1.212996912002563477e+01
1.215783095359802246e+01
1.206889820098876953e+01
1.209555554389953613e+01
1.219758725166320801e+01
1.219502830505371094e+01
1.214198708534240723e+01
1.204251122474670410e+01
1.215956044197082520e+01
1.221159887313842773e+01
1.206847000122070312e+01
1.201452374458312988e+01
1.219933819770812988e+01
1.212852287292480469e+01
1.210852909088134766e+01
1.215774559974670410e+01
1.221002984046936035e+01
1.212360596656799316e+01
1.208595776557922363e+01
1.203974485397338867e+01
1.213510632514953613e+01
1.217562246322631836e+01
1.216997647285461426e+01
1.215527415275573730e+01
1.221929216384887695e+01
1.211928367614746094e+01
1.223861336708068848e+01
1.218539190292358398e+01
1.212574434280395508e+01
1.219995355606079102e+01
1.212612748146057129e+01
1.212652206420898438e+01
1.193203568458557129e+01
1.200019574165344238e+01
1.219295144081115723e+01
1.223219752311706543e+01
1.209832596778869629e+01
1.221828937530517578e+01
1.201220202445983887e+01
1.200751137733459473e+01
1.217999434471130371e+01
1.218841147422790527e+01
1.208541369438171387e+01
1.206264781951904297e+01
1.216262698173522949e+01
1.212490057945251465e+01
1.214159250259399414e+01
1.178117036819458008e+01
1.214737081527709961e+01
1.217398715019226074e+01
1.219854617118835449e+01
1.217815709114074707e+01
1.204559063911437988e+01
1.183041262626647949e+01
1.213693380355834961e+01
1.211437368392944336e+01
1.203150987625122070e+01
1.218146991729736328e+01
1.215148472785949707e+01
1.213504409790039062e+01
1.218700861930847168e+01
1.210392141342163086e+01
1.209313464164733887e+01
1.205933403968811035e+01
1.205564641952514648e+01
1.202914977073669434e+01
1.220981645584106445e+01
1.216961956024169922e+01
1.210716152191162109e+01
1.206515955924987793e+01
1.211646556854248047e+01
1.222284770011901855e+01
1.222745895385742188e+01
1.220346331596374512e+01
1.221723651885986328e+01
1.199523329734802246e+01
1.200659990310668945e+01
1.221181941032409668e+01
1.218160176277160645e+01
1.219232273101806641e+01
1.208426022529602051e+01
1.216651248931884766e+01
1.198707604408264160e+01
1.204097700119018555e+01
1.230406308174133301e+01
1.202175331115722656e+01
1.213503026962280273e+01
1.214931631088256836e+01
1.210628581047058105e+01
1.212252593040466309e+01
1.211486148834228516e+01
1.213993906974792480e+01
1.210621666908264160e+01
1.216743874549865723e+01
1.207831287384033203e+01
1.191745090484619141e+01
1.209136700630187988e+01
1.208265805244445801e+01
1.215342617034912109e+01
1.210360765457153320e+01
1.203022098541259766e+01
1.208090424537658691e+01
1.225819087028503418e+01
1.209098434448242188e+01
1.218344068527221680e+01
1.220418763160705566e+01
1.195256638526916504e+01
1.212019681930541992e+01
1.218922519683837891e+01
1.193049120903015137e+01
1.180944848060607910e+01
1.193925619125366211e+01
1.188867545127868652e+01
1.211715960502624512e+01
1.214492440223693848e+01
1.201164388656616211e+01
1.210463118553161621e+01
1.211458539962768555e+01
1.212097644805908203e+01
1.210452365875244141e+01
1.208391475677490234e+01
1.219106054306030273e+01
1.223752284049987793e+01
1.205491662025451660e+01
1.211941552162170410e+01
1.215518593788146973e+01
1.212383031845092773e+01
1.201386761665344238e+01
1.213036799430847168e+01
1.200712156295776367e+01
1.183805942535400391e+01
1.214365100860595703e+01
1.173382759094238281e+01
1.214854407310485840e+01
1.219823837280273438e+01
1.214419007301330566e+01
1.214841914176940918e+01
1.203113007545471191e+01
1.210040712356567383e+01
1.212375211715698242e+01
1.214429831504821777e+01
1.211216616630554199e+01
1.216232538223266602e+01
1.180000996589660645e+01
1.217085099220275879e+01
1.218582177162170410e+01
1.202152776718139648e+01
1.213357996940612793e+01
1.213456821441650391e+01
1.197452521324157715e+01
1.221133279800415039e+01
1.201778554916381836e+01
1.204792094230651855e+01
1.212630701065063477e+01
1.218966841697692871e+01
1.222772192955017090e+01
1.195135426521301270e+01
1.213127231597900391e+01
1.211392784118652344e+01
1.218070292472839355e+01
1.202123045921325684e+01
1.209973120689392090e+01
1.221436214447021484e+01
1.203972697257995605e+01
1.218745446205139160e+01
1.212414479255676270e+01
1.211661505699157715e+01
1.214201021194458008e+01
1.213033127784729004e+01
1.211884880065917969e+01
1.210160827636718750e+01
1.222919249534606934e+01
1.212553572654724121e+01
1.210275936126708984e+01
1.216877937316894531e+01
1.207552981376647949e+01
1.219946384429931641e+01
