1.839575767517089844e-01
2.131259441375732422e-01
1.993582248687744141e-01
2.033209800720214844e-01
2.073416709899902344e-01
2.013144493103027344e-01
1.854071617126464844e-01
2.108616828918457031e-01
1.983075141906738281e-01
1.630384922027587891e-01
2.171459197998046875e-01
2.274775505065917969e-01
2.340579032897949219e-01
2.187740802764892578e-01
2.348117828369140625e-01
2.209572792053222656e-01
1.962549686431884766e-01
2.204675674438476562e-01
1.732516288757324219e-01
2.133390903472900391e-01
2.397723197937011719e-01
2.187414169311523438e-01
1.983330249786376953e-01
1.853468418121337891e-01
2.157618999481201172e-01
1.651594638824462891e-01
2.150261402130126953e-01
2.502815723419189453e-01
1.985526084899902344e-01
2.377188205718994141e-01
1.844086647033691406e-01
1.659400463104248047e-01
2.100713253021240234e-01
1.967635154724121094e-01
1.798827648162841797e-01
1.926872730255126953e-01
2.528946399688720703e-01
1.864111423492431641e-01
1.790430545806884766e-01
2.225985527038574219e-01
1.879982948303222656e-01
2.123641967773437500e-01
1.917133331298828125e-01
2.441158294677734375e-01
2.022960186004638672e-01
2.174341678619384766e-01
2.348403930664062500e-01
1.840574741363525391e-01
1.958527565002441406e-01
2.088429927825927734e-01
1.965994834899902344e-01
2.070071697235107422e-01
2.059414386749267578e-01
2.423889636993408203e-01
2.163736820220947266e-01
1.867399215698242188e-01
1.683452129364013672e-01
1.842863559722900391e-01
2.062757015228271484e-01
2.018749713897705078e-01
2.297241687774658203e-01
2.233614921569824219e-01
1.890664100646972656e-01
1.756143569946289062e-01
2.123391628265380859e-01
2.216901779174804688e-01
1.984114646911621094e-01
1.789176464080810547e-01
2.084553241729736328e-01
2.120621204376220703e-01
2.020390033721923828e-01
2.179019451141357422e-01
2.134451866149902344e-01
2.073452472686767578e-01
2.414629459381103516e-01
1.888198852539062500e-01
1.930327415466308594e-01
2.025659084320068359e-01
2.158315181732177734e-01
1.738331317901611328e-01
1.784632205963134766e-01
2.033822536468505859e-01
1.830556392669677734e-01
1.967401504516601562e-01
2.115895748138427734e-01
1.834609508514404297e-01
1.896162033081054688e-01
1.922764778137207031e-01
2.101554870605468750e-01
2.141501903533935547e-01
1.873624324798583984e-01
1.907560825347900391e-01
1.902928352355957031e-01
2.149946689605712891e-01
2.036714553833007812e-01
1.752333641052246094e-01
2.109436988830566406e-01
2.269473075866699219e-01
2.173857688903808594e-01
2.171401977539062500e-01
2.000467777252197266e-01
2.116718292236328125e-01
2.331507205963134766e-01
2.178890705108642578e-01
2.174727916717529297e-01
1.901664733886718750e-01
1.902451515197753906e-01
2.180783748626708984e-01
1.978921890258789062e-01
2.513978481292724609e-01
2.126851081848144531e-01
2.071428298950195312e-01
2.129178047180175781e-01
2.049467563629150391e-01
2.202758789062500000e-01
2.262442111968994141e-01
1.925439834594726562e-01
1.962049007415771484e-01
1.590769290924072266e-01
2.345364093780517578e-01
2.059266567230224609e-01
1.956803798675537109e-01
1.949355602264404297e-01
2.343981266021728516e-01
1.685330867767333984e-01
2.109608650207519531e-01
2.048671245574951172e-01
2.212576866149902344e-01
1.947848796844482422e-01
1.767559051513671875e-01
2.356147766113281250e-01
2.296373844146728516e-01
1.771121025085449219e-01
1.910691261291503906e-01
2.209751605987548828e-01
2.081024646759033203e-01
2.200293540954589844e-01
1.969797611236572266e-01
2.059967517852783203e-01
2.504951953887939453e-01
1.937980651855468750e-01
2.025592327117919922e-01
1.896128654479980469e-01
2.058081626892089844e-01
1.976137161254882812e-01
1.353528499603271484e-01
1.938631534576416016e-01
2.074780464172363281e-01
2.321126461029052734e-01
2.388491630554199219e-01
2.103095054626464844e-01
1.756780147552490234e-01
1.681225299835205078e-01
1.673381328582763672e-01
2.529096603393554688e-01
2.020783424377441406e-01
1.720769405364990234e-01
2.166578769683837891e-01
2.069098949432373047e-01
2.237906455993652344e-01
2.124924659729003906e-01
2.156996726989746094e-01
2.065963745117187500e-01
2.159695625305175781e-01
2.110452651977539062e-01
2.193686962127685547e-01
1.935341358184814453e-01
1.867718696594238281e-01
2.107405662536621094e-01
2.188119888305664062e-01
2.072865962982177734e-01
2.444040775299072266e-01
1.834478378295898438e-01
2.036092281341552734e-01
1.796138286590576172e-01
1.916115283966064453e-01
2.203114032745361328e-01
2.091310024261474609e-01
2.545011043548583984e-01
1.686236858367919922e-01
2.279899120330810547e-01
2.150914669036865234e-01
2.232227325439453125e-01
1.982338428497314453e-01
1.980929374694824219e-01
2.229640483856201172e-01
1.936805248260498047e-01
2.037034034729003906e-01
2.022936344146728516e-01
1.958041191101074219e-01
1.952812671661376953e-01
2.188310623168945312e-01
2.238657474517822266e-01
1.838943958282470703e-01
2.250783443450927734e-01
2.059671878814697266e-01
2.200841903686523438e-01
1.716725826263427734e-01
2.208538055419921875e-01
2.192168235778808594e-01
