1.005000019073486328e+01
1.017999935150146484e+01
1.484999942779541016e+01
1.469999980926513672e+01
1.855999946594238281e+01
1.838999938964843750e+01
1.260999965667724609e+01
2.045999908447265625e+01
2.176000022888183594e+01
2.045999908447265625e+01
2.013999938964843750e+01
2.140999984741210938e+01
2.001000022888183594e+01
2.150000000000000000e+01
2.029999923706054688e+01
2.222999954223632812e+01
2.109000015258789062e+01
2.320999908447265625e+01
2.509000015258789062e+01
2.426000022888183594e+01
2.253999900817871094e+01
2.275000000000000000e+01
2.476999855041503906e+01
1.970999908447265625e+01
2.544999885559082031e+01
2.467000007629394531e+01
2.278999900817871094e+01
2.801000022888183594e+01
2.867999839782714844e+01
2.702999877929687500e+01
2.686999893188476562e+01
2.379999923706054688e+01
2.831999969482421875e+01
2.889999961853027344e+01
2.679999923706054688e+01
2.977999877929687500e+01
3.009999847412109375e+01
2.936999893188476562e+01
2.739999961853027344e+01
2.952999877929687500e+01
3.085999870300292969e+01
2.865999984741210938e+01
2.963999938964843750e+01
2.809000015258789062e+01
3.104999923706054688e+01
2.870999908447265625e+01
3.193999862670898438e+01
3.136999893188476562e+01
2.565999984741210938e+01
3.263999938964843750e+01
3.060999870300292969e+01
2.576000022888183594e+01
2.801000022888183594e+01
3.263999938964843750e+01
2.752999877929687500e+01
3.020999908447265625e+01
2.717999839782714844e+01
2.977999877929687500e+01
2.825000000000000000e+01
3.265999984741210938e+01
3.162999916076660156e+01
3.107999992370605469e+01
2.951999855041503906e+01
3.156999969482421875e+01
3.295999908447265625e+01
2.928999900817871094e+01
2.970999908447265625e+01
2.804999923706054688e+01
3.202999877929687500e+01
3.134999847412109375e+01
3.132999992370605469e+01
3.095999908447265625e+01
3.277999877929687500e+01
3.153999900817871094e+01
3.162999916076660156e+01
2.973999977111816406e+01
3.172999954223632812e+01
3.159999847412109375e+01
3.130999946594238281e+01
2.880999946594238281e+01
3.345999908447265625e+01
2.892000007629394531e+01
3.236000061035156250e+01
3.386000061035156250e+01
3.354000091552734375e+01
2.939999961853027344e+01
3.169999885559082031e+01
3.364999771118164062e+01
3.277000045776367188e+01
3.029999923706054688e+01
3.266999816894531250e+01
3.255999755859375000e+01
3.402999877929687500e+01
3.414999771118164062e+01
3.227000045776367188e+01
3.412999725341796875e+01
3.388999938964843750e+01
3.119999885559082031e+01
3.139999961853027344e+01
3.391999816894531250e+01
3.661999893188476562e+01
3.716999816894531250e+01
3.691999816894531250e+01
3.693000030517578125e+01
3.732999801635742188e+01
3.702999877929687500e+01
3.805999755859375000e+01
3.741999816894531250e+01
3.791999816894531250e+01
3.782999801635742188e+01
3.811000061035156250e+01
3.779000091552734375e+01
3.825999832153320312e+01
3.816999816894531250e+01
3.746999740600585938e+01
3.768000030517578125e+01
3.887999725341796875e+01
3.880999755859375000e+01
3.888999938964843750e+01
3.821999740600585938e+01
3.857999801635742188e+01
3.815999984741210938e+01
3.854000091552734375e+01
3.820000076293945312e+01
3.895000076293945312e+01
3.934000015258789062e+01
3.904999923706054688e+01
3.879999923706054688e+01
3.934999847412109375e+01
3.884999847412109375e+01
3.854000091552734375e+01
3.930999755859375000e+01
3.904999923706054688e+01
3.886999893188476562e+01
4.002999877929687500e+01
3.895999908447265625e+01
3.895000076293945312e+01
3.918000030517578125e+01
4.023999786376953125e+01
3.925999832153320312e+01
3.995000076293945312e+01
3.987999725341796875e+01
3.973999786376953125e+01
4.005999755859375000e+01
3.970000076293945312e+01
3.891999816894531250e+01
3.902000045776367188e+01
3.961000061035156250e+01
4.036000061035156250e+01
3.987999725341796875e+01
4.025000000000000000e+01
4.020000076293945312e+01
4.002999877929687500e+01
4.006999969482421875e+01
4.027000045776367188e+01
4.025000000000000000e+01
4.018999862670898438e+01
4.045999908447265625e+01
4.048999786376953125e+01
4.023999786376953125e+01
4.034000015258789062e+01
4.043999862670898438e+01
4.018999862670898438e+01
4.056999969482421875e+01
4.045000076293945312e+01
4.050999832153320312e+01
4.053999710083007812e+01
4.068000030517578125e+01
4.040999984741210938e+01
4.064999771118164062e+01
4.064999771118164062e+01
4.065999984741210938e+01
4.052000045776367188e+01
4.068999862670898438e+01
4.043000030517578125e+01
4.072999954223632812e+01
4.061000061035156250e+01
4.070999908447265625e+01
4.068999862670898438e+01
4.064999771118164062e+01
4.068999862670898438e+01
4.062999725341796875e+01
4.077999877929687500e+01
4.052000045776367188e+01
4.061000061035156250e+01
4.065999984741210938e+01
4.081999969482421875e+01
4.082999801635742188e+01
4.062999725341796875e+01
4.057999801635742188e+01
4.036000061035156250e+01
4.072999954223632812e+01
4.065999984741210938e+01
4.062999725341796875e+01
4.082999801635742188e+01
4.072999954223632812e+01
4.080999755859375000e+01
4.077000045776367188e+01
4.075999832153320312e+01
4.084999847412109375e+01
