2.545387326202392497e+00
2.482417069015502964e+00
2.381504822540283062e+00
2.335728945236206222e+00
2.269680003128051737e+00
2.281298751449584827e+00
2.244535376739501764e+00
2.215399304199218822e+00
2.212834276657104304e+00
2.179971522140502938e+00
2.124991373481750490e+00
2.124274733543396021e+00
2.127737643051147653e+00
2.100501398887634430e+00
2.104329398498534953e+00
2.078171516571044819e+00
2.073423380508423008e+00
2.037087392463683866e+00
2.039693533020019434e+00
2.021474982147216881e+00
2.022140174331664930e+00
2.003500752105713101e+00
2.042067073898315321e+00
1.993642545928955068e+00
1.977422413635253839e+00
1.991107252960205187e+00
1.979742245864868133e+00
1.971921159629821840e+00
1.979309563331604016e+00
1.947093945007324134e+00
1.941335399475097701e+00
1.979666493835449126e+00
1.951340517311096256e+00
1.958189679832458507e+00
1.938602724952697809e+00
1.941952517013549873e+00
1.929334140892028815e+00
1.955820370063781732e+00
1.966184831771850661e+00
1.951691434860229446e+00
1.972717372741699116e+00
1.923417516632080160e+00
1.932533607215881410e+00
1.932136466293334909e+00
1.927457104835510249e+00
1.921264983520507785e+00
1.935343767089843681e+00
1.941673272094726510e+00
1.931390830764770472e+00
1.938111159591674904e+00
1.915442022972106972e+00
1.937099247283935455e+00
1.929360880088806240e+00
1.929464193649292003e+00
1.920204841308593702e+00
1.918735186691284289e+00
1.940807039947509693e+00
1.933067756118774350e+00
1.928524560470580962e+00
1.920643101959228494e+00
1.935389467964172328e+00
1.898251210594177341e+00
1.936835508041381937e+00
1.888293747787475496e+00
1.909597909049987718e+00
1.899757247314453057e+00
1.932797211456298792e+00
1.900175124435424800e+00
1.933255131988525388e+00
1.961361396484375019e+00
1.945026994247436525e+00
1.913560743408203146e+00
1.928578739013671939e+00
1.919839065971374437e+00
1.926982718048095622e+00
1.928703068885803118e+00
1.901467177429199129e+00
1.945657312393188398e+00
1.906780549697876026e+00
1.936882270202636702e+00
1.915672385482788176e+00
1.913328922958374090e+00
1.920471483993530182e+00
1.890292467422485245e+00
1.949962624053955151e+00
1.954555584907531784e+00
1.898383850479125945e+00
1.929248785552978518e+00
1.903918557434082004e+00
1.888402844085693255e+00
1.944146848678588890e+00
1.933619251441955456e+00
1.921408076629638639e+00
1.922362652359008717e+00
1.918470507278442483e+00
1.962297808456420878e+00
1.930073549652099540e+00
1.942702793846130316e+00
1.924377899627685462e+00
1.945594402961730918e+00
1.774564131011962864e+00
1.774931238555908175e+00
1.774553475418090720e+00
1.757339774780273478e+00
1.771019380264282184e+00
1.771740336303710972e+00
1.760789227371215793e+00
1.779233083953857486e+00
1.784497858657836833e+00
1.790550376243591257e+00
1.778268192596435648e+00
1.776398774528503477e+00
1.775044409370422294e+00
1.782389854431152276e+00
1.790034795761108466e+00
1.774394703445434596e+00
1.799113928680419860e+00
1.777454712791442848e+00
1.773726756858825748e+00
1.778614630432128862e+00
1.772046926574706971e+00
1.764742968864440931e+00
1.788782722396850655e+00
1.780383447113037088e+00
1.798110125617981003e+00
1.798594635009765685e+00
1.792057310829162642e+00
1.799599854965209911e+00
1.792543657379150446e+00
1.769885976104736303e+00
1.773329797439575195e+00
1.775143749771118218e+00
1.797289778938293558e+00
1.797961616210937530e+00
1.788182489967346189e+00
1.798898792495727594e+00
1.785522931518554790e+00
1.800761994552612322e+00
1.809499769210815456e+00
1.795940825309753519e+00
1.800332017822265707e+00
1.794676936302185055e+00
1.790178939590454155e+00
1.773921247863769590e+00
1.790803846588134851e+00
1.788307584037780673e+00
1.816797704963684090e+00
1.767589499320983970e+00
1.775034703216552767e+00
1.777024203109741185e+00
1.750274313964843786e+00
1.751147707672119136e+00
1.748327287750244041e+00
1.753127561950683644e+00
1.769300793380737202e+00
1.775258184280395612e+00
1.780649068756103626e+00
1.769118087692260755e+00
1.782388066711425800e+00
1.755077144584655802e+00
1.766918931617736721e+00
1.748045851211547763e+00
1.746905736999511793e+00
1.763957512092590330e+00
1.750232742271423447e+00
1.751248261795044003e+00
1.758709287185668879e+00
1.766023733291625986e+00
1.748406348953247091e+00
1.769190353012084937e+00
1.765093900222778345e+00
1.770567107009887620e+00
1.777716360740661639e+00
1.772927120361328157e+00
1.753394628639221242e+00
1.758399708251953131e+00
1.769041898422241132e+00
1.771472682037353419e+00
1.762884001426696878e+00
1.783542853279113771e+00
1.770333488426208524e+00
1.769322891006469778e+00
1.762270650901794466e+00
1.764956543312072856e+00
1.757868486328125091e+00
1.788182954368591204e+00
1.770329030799865810e+00
1.766486528511047371e+00
1.764823437423705954e+00
1.775506900825500445e+00
1.780606569442749088e+00
1.764180860900878889e+00
1.788756256484985263e+00
1.761840074348449692e+00
1.768432120437622102e+00
1.759308967437744231e+00
1.764636459045410222e+00
1.759835731048583929e+00
1.788233775558471628e+00
1.772834483757019131e+00
