9.919999999999999929e+00
1.156799999908447241e+01
1.143999999938964862e+01
1.355200000488281198e+01
1.668799999816894442e+01
1.824000000183105641e+01
1.884799999938964987e+01
1.947200000183105573e+01
1.982399999816894365e+01
2.065600000488281296e+01
2.132800000183105382e+01
2.310399999572753771e+01
2.417599999511718778e+01
2.409599999816894567e+01
2.508800000122070273e+01
2.484799999572753748e+01
2.390399999816894550e+01
2.596800000122070173e+01
2.531200000183105558e+01
2.619200000488281077e+01
2.687999999511718840e+01
2.636800000488281270e+01
2.750399999572753984e+01
2.710400000732422043e+01
2.616000000183105456e+01
2.788800000122070344e+01
2.740800000732421893e+01
2.859199999877929699e+01
2.732800000488281356e+01
2.814399999511718775e+01
2.867200000732421827e+01
2.833600000122070384e+01
2.819200000366210901e+01
2.844799999511718624e+01
2.753600000183105578e+01
2.801599999877929648e+01
2.884800000122070429e+01
2.971200000183105416e+01
2.895999999877929554e+01
2.955200000732421728e+01
2.942399999511718889e+01
2.892800000488281142e+01
3.014400000122070367e+01
2.886399999511718661e+01
2.932799999816894498e+01
2.937600000488281182e+01
2.992000000488281231e+01
3.035200000366210915e+01
2.961599999816894524e+01
2.998400000488281236e+01
2.937599999755859415e+01
2.905600000122070270e+01
2.996799998779296814e+01
2.913600000183105365e+01
2.963200000122070321e+01
2.889599999145507780e+01
2.892800000122070259e+01
2.788800000976562643e+01
2.915199999511718687e+01
2.951999999816894515e+01
2.959999999755859434e+01
2.991999999755859463e+01
2.849600000122070398e+01
2.880000000488281131e+01
2.971200000488281390e+01
2.982400000183105604e+01
3.068800000488281299e+01
3.019200000122070193e+01
2.860799999511718639e+01
3.012799999816894569e+01
3.078399999511718832e+01
2.950400000183105576e+01
3.047999999389648451e+01
2.897599999816894467e+01
3.003200000122070179e+01
3.028800000183105467e+01
2.953599999816894695e+01
2.886399999816894635e+01
2.977599999816894538e+01
2.897599999816894467e+01
2.977600000366210864e+01
3.100799999816894470e+01
2.926400000488281350e+01
3.054399999572753899e+01
2.982399999816894365e+01
2.993599998779296811e+01
3.025600000366210907e+01
2.987199999389648397e+01
3.059200000183105317e+01
3.079999999511718656e+01
2.897600000122070441e+01
2.955200000732421728e+01
2.851200000366210929e+01
3.028800000732421793e+01
3.038400000122070210e+01
3.012799999572753862e+01
3.014400000488281250e+01
3.027199999145507903e+01
3.078399999145507948e+01
2.967999999145507672e+01
3.361600000488281381e+01
3.529600000732421705e+01
3.523200000366210816e+01
3.572799999145507854e+01
3.612799999145507712e+01
3.670400000122070594e+01
3.662399998779297050e+01
3.630399999755859142e+01
3.752000000122070134e+01
3.585599998779296982e+01
3.824000000732421967e+01
3.756800000122070315e+01
3.774399999023437147e+01
3.699200000366210617e+01
3.697600000122070441e+01
3.654400000366211287e+01
3.862400000976562353e+01
3.804799999023437351e+01
3.768000000122070503e+01
3.742399999511718534e+01
3.798400000000000176e+01
3.811200000000000188e+01
3.868799999389648292e+01
3.823999999389648252e+01
3.878399999023437772e+01
3.860799999755859346e+01
3.910400000732421688e+01
3.908799999389648150e+01
3.907200000976562393e+01
3.948800000122070486e+01
3.980799999145507684e+01
3.982399999877929986e+01
3.953599999145507837e+01
3.958399999023437488e+01
3.988799998779296629e+01
3.889600000732421847e+01
4.096000000366210969e+01
3.999999999755859648e+01
3.993599998779296811e+01
4.015999999145508070e+01
3.953599999755859074e+01
4.112000000976562575e+01
4.038400000366210918e+01
4.001599998779296641e+01
4.001599999755859471e+01
4.035199999755859324e+01
4.113599999145507979e+01
4.036800000366211094e+01
3.975999999511719096e+01
4.068800000366211123e+01
4.059200000732421643e+01
4.073599999999999710e+01
4.139199999755859238e+01
4.135999999389648707e+01
4.132800000122070117e+01
4.161600000976562796e+01
4.174399999755859625e+01
4.078399999389648656e+01
4.135999999023437823e+01
4.159999999145507843e+01
4.169600000366210679e+01
4.132800000366211179e+01
4.232000000000000028e+01
4.129599999023437817e+01
4.151999999389648366e+01
4.113600000000000279e+01
4.121600000366210992e+01
4.203199999023437528e+01
4.247999999389648451e+01
4.169600000732421563e+01
4.107199998779297090e+01
4.236799999145507911e+01
4.214399998779296652e+01
4.088000000366211140e+01
4.203200000366211242e+01
4.135999999633789059e+01
4.198399998779296993e+01
4.195200000732421586e+01
4.204799998779296999e+01
4.244800000000000040e+01
4.214400000976562666e+01
4.222400000732422143e+01
4.129600000976562768e+01
4.252800000732421637e+01
4.199999999633789116e+01
4.209599998779297181e+01
4.193599998779296811e+01
4.145599999023437476e+01
4.160000000366211026e+01
4.212799999816894569e+01
4.238399999755859682e+01
4.236799999816894768e+01
4.164800000366211208e+01
4.251200000732421813e+01
4.246399999389648627e+01
4.174399999389648741e+01
4.231999999389648792e+01
4.115199999755859039e+01
4.128000000244140466e+01
4.215999999633788775e+01
