1.294164252281188965e+01
1.227766108512878418e+01
1.232405805587768555e+01
1.227716827392578125e+01
1.213781857490539551e+01
1.218361091613769531e+01
1.244292044639587402e+01
1.242753219604492188e+01
1.232584166526794434e+01
1.227339839935302734e+01
1.225587320327758789e+01
1.251242709159851074e+01
1.239776134490966797e+01
1.243692803382873535e+01
1.237086939811706543e+01
1.235348367691040039e+01
1.240810012817382812e+01
1.245117473602294922e+01
1.225763082504272461e+01
1.235657525062561035e+01
1.245800948143005371e+01
1.247399902343750000e+01
1.227203941345214844e+01
1.230794906616210938e+01
1.239784526824951172e+01
1.231458139419555664e+01
1.227113151550292969e+01
1.245804834365844727e+01
1.237649989128112793e+01
1.242560601234436035e+01
1.223829841613769531e+01
1.240366339683532715e+01
1.242841362953186035e+01
1.226690673828125000e+01
1.226427912712097168e+01
1.237743759155273438e+01
1.235651469230651855e+01
1.231038188934326172e+01
1.231634736061096191e+01
1.242728447914123535e+01
1.240091776847839355e+01
1.239547395706176758e+01
1.236119365692138672e+01
1.242958498001098633e+01
1.246775174140930176e+01
1.246918582916259766e+01
1.257333278656005859e+01
1.246528625488281250e+01
1.234791755676269531e+01
1.251494264602661133e+01
1.237665724754333496e+01
1.229586410522460938e+01
1.244907808303833008e+01
1.240572738647460938e+01
1.234708881378173828e+01
1.224576497077941895e+01
1.231669235229492188e+01
1.232381916046142578e+01
1.233290123939514160e+01
1.247675871849060059e+01
1.240863299369812012e+01
1.229286813735961914e+01
1.230902743339538574e+01
1.234357213973999023e+01
1.241784095764160156e+01
1.234595441818237305e+01
1.239578390121459961e+01
1.235983872413635254e+01
1.235779571533203125e+01
1.245471239089965820e+01
1.212463831901550293e+01
1.248554658889770508e+01
1.242374849319458008e+01
1.242839193344116211e+01
1.247794866561889648e+01
1.241642045974731445e+01
1.214705657958984375e+01
1.246007537841796875e+01
1.235767841339111328e+01
1.219744563102722168e+01
1.233260965347290039e+01
1.251862812042236328e+01
1.230872559547424316e+01
1.239394903182983398e+01
1.242722797393798828e+01
1.240420746803283691e+01
1.227869176864624023e+01
1.238584041595458984e+01
1.233700251579284668e+01
1.246494174003601074e+01
1.238769245147705078e+01
1.229712986946105957e+01
1.229277920722961426e+01
1.241049695014953613e+01
1.246516752243041992e+01
1.241466784477233887e+01
1.244295477867126465e+01
1.246536517143249512e+01
1.236352086067199707e+01
1.230523204803466797e+01
1.245438456535339355e+01
1.249239897727966309e+01
1.246157097816467285e+01
1.244344687461853027e+01
1.240263152122497559e+01
1.218732547760009766e+01
1.229891419410705566e+01
1.233850550651550293e+01
1.235130190849304199e+01
1.247806310653686523e+01
1.244519376754760742e+01
1.247301840782165527e+01
1.235550355911254883e+01
1.245097637176513672e+01
1.238491559028625488e+01
1.244737005233764648e+01
1.245519185066223145e+01
1.235526227951049805e+01
1.211497831344604492e+01
1.232602405548095703e+01
1.235746479034423828e+01
1.237831473350524902e+01
1.236992168426513672e+01
1.234963488578796387e+01
1.231944108009338379e+01
1.243004155158996582e+01
1.226008129119873047e+01
1.242897105216979980e+01
1.243225049972534180e+01
1.214235639572143555e+01
1.231234908103942871e+01
1.246500420570373535e+01
1.219295859336853027e+01
1.206577277183532715e+01
1.227791690826416016e+01
1.220532631874084473e+01
1.231252169609069824e+01
1.242314291000366211e+01
1.234232664108276367e+01
1.248533725738525391e+01
1.234778332710266113e+01
1.239244246482849121e+01
1.237011504173278809e+01
1.238018107414245605e+01
1.238102412223815918e+01
1.231915783882141113e+01
1.230132699012756348e+01
1.236692667007446289e+01
1.245791697502136230e+01
1.247636079788208008e+01
1.225667095184326172e+01
1.231019377708435059e+01
1.227044701576232910e+01
1.206570076942443848e+01
1.249424171447753906e+01
1.217787837982177734e+01
1.236084055900573730e+01
1.244695663452148438e+01
1.248009467124938965e+01
1.243039631843566895e+01
1.229196858406066895e+01
1.250001215934753418e+01
1.239818596839904785e+01
1.235556149482727051e+01
1.230545210838317871e+01
1.245529222488403320e+01
1.212808465957641602e+01
1.231490373611450195e+01
1.243427014350891113e+01
1.229853963851928711e+01
1.235664772987365723e+01
1.247853708267211914e+01
1.221222758293151855e+01
1.245445728302001953e+01
1.229582834243774414e+01
1.221629858016967773e+01
1.240186309814453125e+01
1.238677144050598145e+01
1.254445171356201172e+01
1.223733615875244141e+01
1.231105256080627441e+01
1.233874726295471191e+01
1.246465992927551270e+01
1.230974221229553223e+01
1.241503334045410156e+01
1.238347005844116211e+01
1.227075052261352539e+01
1.242681431770324707e+01
1.246092605590820312e+01
1.235267901420593262e+01
1.243296527862548828e+01
1.245816016197204590e+01
1.244067406654357910e+01
1.240169930458068848e+01
1.249038457870483398e+01
1.242402887344360352e+01
1.233800268173217773e+01
1.232993865013122559e+01
1.239109683036804199e+01
1.243550539016723633e+01
