2.245684647560119629e+01
2.206488060951232910e+01
2.244847702980041504e+01
2.217682814598083496e+01
2.220323348045349121e+01
2.184397006034851074e+01
2.226243853569030762e+01
2.225531315803527832e+01
2.244852352142333984e+01
2.186765956878662109e+01
2.220498657226562500e+01
2.242281723022460938e+01
2.244828748703002930e+01
2.252807950973510742e+01
2.254617929458618164e+01
2.221682834625244141e+01
2.223320388793945312e+01
2.226428961753845215e+01
2.193309855461120605e+01
2.232087159156799316e+01
2.242169785499572754e+01
2.224763870239257812e+01
2.247768592834472656e+01
2.264630818367004395e+01
2.230304384231567383e+01
2.188327431678771973e+01
2.231709003448486328e+01
2.281497669219970703e+01
2.248980641365051270e+01
2.257408905029296875e+01
2.212262058258056641e+01
2.229522657394409180e+01
2.220311474800109863e+01
2.222942924499511719e+01
2.196103191375732422e+01
2.233088111877441406e+01
2.242410898208618164e+01
2.221608734130859375e+01
2.200436615943908691e+01
2.237489485740661621e+01
2.209545421600341797e+01
2.243351078033447266e+01
2.219546723365783691e+01
2.234850549697875977e+01
2.225927424430847168e+01
2.219470906257629395e+01
2.245848345756530762e+01
2.207858133316040039e+01
2.230179095268249512e+01
2.221500778198242188e+01
2.233709716796875000e+01
2.233269691467285156e+01
2.234760713577270508e+01
2.229821491241455078e+01
2.215390872955322266e+01
2.254965233802795410e+01
2.193605375289916992e+01
2.219122028350830078e+01
2.232979273796081543e+01
2.212432479858398438e+01
2.284827351570129395e+01
2.261262941360473633e+01
2.208294486999511719e+01
2.261593365669250488e+01
2.208804035186767578e+01
2.280116796493530273e+01
2.239752101898193359e+01
2.203293371200561523e+01
2.234438109397888184e+01
2.222222495079040527e+01
2.190864706039428711e+01
2.225289154052734375e+01
2.215241122245788574e+01
2.248807930946350098e+01
2.272574043273925781e+01
2.207762241363525391e+01
2.186445355415344238e+01
2.249448370933532715e+01
2.226805567741394043e+01
2.193902707099914551e+01
2.239356231689453125e+01
2.217737102508544922e+01
2.268492364883422852e+01
2.213935065269470215e+01
2.217818188667297363e+01
2.211586260795593262e+01
2.200276422500610352e+01
2.222247600555419922e+01
2.240408253669738770e+01
2.249338078498840332e+01
2.229217886924743652e+01
2.209631299972534180e+01
2.211701369285583496e+01
2.214132308959960938e+01
2.297649192810058594e+01
2.204218840599060059e+01
2.232451152801513672e+01
2.248212242126464844e+01
2.232729864120483398e+01
2.209542536735534668e+01
2.219792532920837402e+01
2.248770713806152344e+01
2.269028759002685547e+01
2.217084097862243652e+01
2.218344259262084961e+01
2.216752028465270996e+01
2.236347818374633789e+01
2.263316082954406738e+01
2.206563615798950195e+01
2.250811862945556641e+01
2.250221776962280273e+01
2.228224515914916992e+01
2.221664142608642578e+01
2.209174323081970215e+01
2.239243435859680176e+01
2.238729977607727051e+01
2.240493941307067871e+01
2.229180240631103516e+01
2.182621574401855469e+01
2.283590769767761230e+01
2.293669414520263672e+01
2.239684939384460449e+01
2.213519263267517090e+01
2.216355657577514648e+01
2.230208802223205566e+01
2.243648171424865723e+01
2.214566779136657715e+01
2.226715731620788574e+01
2.215692591667175293e+01
2.223366236686706543e+01
2.220539832115173340e+01
2.222881174087524414e+01
2.226478838920593262e+01
2.213162946701049805e+01
2.232411456108093262e+01
2.220896458625793457e+01
2.215248274803161621e+01
2.250742673873901367e+01
2.262367320060729980e+01
2.233068728446960449e+01
2.239537763595581055e+01
2.211043429374694824e+01
2.201015591621398926e+01
2.214386105537414551e+01
2.254560685157775879e+01
2.225612807273864746e+01
2.245411705970764160e+01
2.255796122550964355e+01
2.224751210212707520e+01
2.230172038078308105e+01
2.245408344268798828e+01
2.190247702598571777e+01
2.236617660522460938e+01
2.243148732185363770e+01
2.258995819091796875e+01
2.242573690414428711e+01
2.200570344924926758e+01
2.224437618255615234e+01
2.215548801422119141e+01
2.230672383308410645e+01
2.211724853515625000e+01
2.250912189483642578e+01
2.209289741516113281e+01
2.236554670333862305e+01
2.213617086410522461e+01
2.232812452316284180e+01
2.197410273551940918e+01
2.204252815246582031e+01
2.229885888099670410e+01
2.235866594314575195e+01
2.223704719543457031e+01
2.271831345558166504e+01
2.186913180351257324e+01
2.279652619361877441e+01
2.195090746879577637e+01
2.251979398727416992e+01
2.286259984970092773e+01
2.219831705093383789e+01
2.292329335212707520e+01
2.208067250251770020e+01
2.210964894294738770e+01
2.222741580009460449e+01
2.241500020027160645e+01
2.228740048408508301e+01
2.231196880340576172e+01
2.231490278244018555e+01
2.204609608650207520e+01
2.207854914665222168e+01
2.244906878471374512e+01
2.227662587165832520e+01
2.247726249694824219e+01
2.227552676200866699e+01
2.246761870384216309e+01
2.224434852600097656e+01
2.230491375923156738e+01
2.223767113685607910e+01
2.235190486907958984e+01
2.199512434005737305e+01
2.279362320899963379e+01
2.267362976074218750e+01
