1.273481202125549316e+01
1.239508223533630371e+01
1.244774222373962402e+01
1.234918522834777832e+01
1.216780352592468262e+01
1.215758490562438965e+01
1.240363049507141113e+01
1.233640623092651367e+01
1.240134620666503906e+01
1.229945540428161621e+01
1.230694913864135742e+01
1.239180231094360352e+01
1.235603642463684082e+01
1.246303176879882812e+01
1.245084929466247559e+01
1.239249920845031738e+01
1.239110636711120605e+01
1.240723371505737305e+01
1.228090739250183105e+01
1.234606957435607910e+01
1.246717619895935059e+01
1.244077801704406738e+01
1.238905715942382812e+01
1.243068385124206543e+01
1.244350957870483398e+01
1.229943752288818359e+01
1.245530033111572266e+01
1.248269605636596680e+01
1.246110081672668457e+01
1.244588804244995117e+01
1.238080477714538574e+01
1.229309582710266113e+01
1.244170498847961426e+01
1.239360356330871582e+01
1.233396553993225098e+01
1.253744792938232422e+01
1.237893104553222656e+01
1.242280840873718262e+01
1.237895941734313965e+01
1.246098828315734863e+01
1.233796358108520508e+01
1.251925277709960938e+01
1.242868256568908691e+01
1.245101213455200195e+01
1.242002940177917480e+01
1.239323711395263672e+01
1.243271517753601074e+01
1.239611458778381348e+01
1.239831018447875977e+01
1.242338037490844727e+01
1.256168651580810547e+01
1.241710758209228516e+01
1.237398266792297363e+01
1.237855696678161621e+01
1.242882895469665527e+01
1.244913077354431152e+01
1.223491740226745605e+01
1.236112022399902344e+01
1.235546708106994629e+01
1.245777869224548340e+01
1.247472500801086426e+01
1.245019888877868652e+01
1.248574042320251465e+01
1.239777970314025879e+01
1.235649371147155762e+01
1.241946625709533691e+01
1.233707737922668457e+01
1.227746009826660156e+01
1.238610172271728516e+01
1.240561532974243164e+01
1.216509342193603516e+01
1.245847797393798828e+01
1.245127511024475098e+01
1.243278980255126953e+01
1.249813437461853027e+01
1.235784721374511719e+01
1.218739652633666992e+01
1.228078389167785645e+01
1.244329452514648438e+01
1.223142361640930176e+01
1.224866342544555664e+01
1.244785261154174805e+01
1.238818669319152832e+01
1.243610334396362305e+01
1.245247912406921387e+01
1.204520416259765625e+01
1.232950115203857422e+01
1.240628528594970703e+01
1.241308188438415527e+01
1.245146894454956055e+01
1.235797023773193359e+01
1.242268824577331543e+01
1.235595512390136719e+01
1.236871290206909180e+01
1.245724225044250488e+01
1.228349494934082031e+01
1.248509764671325684e+01
1.237761807441711426e+01
1.234381008148193359e+01
1.234658360481262207e+01
1.245486140251159668e+01
1.253659653663635254e+01
1.247369050979614258e+01
1.246393346786499023e+01
1.237997698783874512e+01
1.222749972343444824e+01
1.231998276710510254e+01
1.245462012290954590e+01
1.234635186195373535e+01
1.238675546646118164e+01
1.246523737907409668e+01
1.246495223045349121e+01
1.242254471778869629e+01
1.232477307319641113e+01
1.240089344978332520e+01
1.244693708419799805e+01
1.233813548088073730e+01
1.254785823822021484e+01
1.219245553016662598e+01
1.242866134643554688e+01
1.235638546943664551e+01
1.255238318443298340e+01
1.235927200317382812e+01
1.234094333648681641e+01
1.228809976577758789e+01
1.253976511955261230e+01
1.244513344764709473e+01
1.243527793884277344e+01
1.249784612655639648e+01
1.224294495582580566e+01
1.234451556205749512e+01
1.237537956237792969e+01
1.246072101593017578e+01
1.241221737861633301e+01
1.216688108444213867e+01
1.227175712585449219e+01
1.224236083030700684e+01
1.235431909561157227e+01
1.246190738677978516e+01
1.240227818489074707e+01
1.235724496841430664e+01
1.235366773605346680e+01
1.235370278358459473e+01
1.236991310119628906e+01
1.242858791351318359e+01
1.246115875244140625e+01
1.238768386840820312e+01
1.239323353767395020e+01
1.238772845268249512e+01
1.243027448654174805e+01
1.241017675399780273e+01
1.214905905723571777e+01
1.247413802146911621e+01
1.226974654197692871e+01
1.244916772842407227e+01
1.223755908012390137e+01
1.219474720954895020e+01
1.240851569175720215e+01
1.237058281898498535e+01
1.247292423248291016e+01
1.237698745727539062e+01
1.229230952262878418e+01
1.235638117790222168e+01
1.242978692054748535e+01
1.228247332572937012e+01
1.236594796180725098e+01
1.226088571548461914e+01
1.222345376014709473e+01
1.230873107910156250e+01
1.238715696334838867e+01
1.240220451354980469e+01
1.247810888290405273e+01
1.227313065528869629e+01
1.241254973411560059e+01
1.235361671447753906e+01
1.227484107017517090e+01
1.247940540313720703e+01
1.244876718521118164e+01
1.258522486686706543e+01
1.241886663436889648e+01
1.230084061622619629e+01
1.237003803253173828e+01
1.239601135253906250e+01
1.238626122474670410e+01
1.245782351493835449e+01
1.243393945693969727e+01
1.230515909194946289e+01
1.227240157127380371e+01
1.239192342758178711e+01
1.237238907814025879e+01
1.226871919631958008e+01
1.246213150024414062e+01
1.239835739135742188e+01
1.234935259819030762e+01
1.245204710960388184e+01
1.233259272575378418e+01
1.248327326774597168e+01
1.231053662300109863e+01
1.252393603324890137e+01
1.241095805168151855e+01
