1.274521851539611816e+01
1.217038178443908691e+01
1.222627401351928711e+01
1.208211135864257812e+01
1.215780925750732422e+01
1.216007232666015625e+01
1.239101696014404297e+01
1.231775665283203125e+01
1.231334328651428223e+01
1.221189880371093750e+01
1.222191619873046875e+01
1.233663606643676758e+01
1.233578443527221680e+01
1.255720829963684082e+01
1.237557005882263184e+01
1.232596564292907715e+01
1.237619900703430176e+01
1.242691540718078613e+01
1.218455839157104492e+01
1.233656382560729980e+01
1.239269208908081055e+01
1.243691468238830566e+01
1.225937461853027344e+01
1.231533789634704590e+01
1.237359857559204102e+01
1.223408508300781250e+01
1.231062674522399902e+01
1.244789433479309082e+01
1.239364385604858398e+01
1.237972593307495117e+01
1.222693800926208496e+01
1.232547497749328613e+01
1.242168545722961426e+01
1.226525259017944336e+01
1.219442939758300781e+01
1.239204049110412598e+01
1.238142371177673340e+01
1.229493498802185059e+01
1.233679103851318359e+01
1.243265414237976074e+01
1.231163620948791504e+01
1.229834556579589844e+01
1.223145461082458496e+01
1.237923741340637207e+01
1.237796187400817871e+01
1.238745927810668945e+01
1.239014673233032227e+01
1.240337419509887695e+01
1.231512236595153809e+01
1.244747877120971680e+01
1.238200426101684570e+01
1.233278870582580566e+01
1.240591454505920410e+01
1.236854600906372070e+01
1.234291243553161621e+01
1.211879253387451172e+01
1.216855669021606445e+01
1.237724566459655762e+01
1.243847656250000000e+01
1.230020689964294434e+01
1.244802498817443848e+01
1.223560428619384766e+01
1.219660854339599609e+01
1.235561823844909668e+01
1.240076184272766113e+01
1.230709218978881836e+01
1.226109194755554199e+01
1.234156870841979980e+01
1.233335947990417480e+01
1.235367417335510254e+01
1.198322010040283203e+01
1.236527657508850098e+01
1.238742852210998535e+01
1.240589976310729980e+01
1.241966366767883301e+01
1.223442363739013672e+01
1.202345418930053711e+01
1.233953523635864258e+01
1.233031344413757324e+01
1.220535874366760254e+01
1.235996913909912109e+01
1.235485100746154785e+01
1.231811952590942383e+01
1.238378000259399414e+01
1.231551289558410645e+01
1.227660846710205078e+01
1.224895620346069336e+01
1.224793529510498047e+01
1.223930597305297852e+01
1.242400121688842773e+01
1.235700249671936035e+01
1.229794287681579590e+01
1.225545597076416016e+01
1.233146858215332031e+01
1.242657947540283203e+01
1.240270900726318359e+01
1.241445708274841309e+01
1.244418382644653320e+01
1.221261858940124512e+01
1.222374916076660156e+01
1.241186237335205078e+01
1.239331007003784180e+01
1.242551469802856445e+01
1.230216598510742188e+01
1.238400983810424805e+01
1.217727518081665039e+01
1.223122549057006836e+01
1.252214837074279785e+01
1.221967554092407227e+01
1.238648748397827148e+01
1.236202096939086914e+01
1.231343889236450195e+01
1.233545207977294922e+01
1.231984806060791016e+01
1.236023521423339844e+01
1.233248019218444824e+01
1.235996508598327637e+01
1.227451848983764648e+01
1.207654738426208496e+01
1.232593798637390137e+01
1.228859639167785645e+01
1.234910297393798828e+01
1.229854083061218262e+01
1.226465630531311035e+01
1.224949645996093750e+01
1.246917152404785156e+01
1.229585528373718262e+01
1.240471982955932617e+01
1.239898705482482910e+01
1.212935042381286621e+01
1.235583615303039551e+01
1.241889739036560059e+01
1.210762786865234375e+01
1.200052404403686523e+01
1.216023540496826172e+01
1.209680604934692383e+01
1.233721184730529785e+01
1.234191131591796875e+01
1.221771955490112305e+01
1.235513830184936523e+01
1.230837440490722656e+01
1.232356882095336914e+01
1.229416346549987793e+01
1.228971076011657715e+01
1.238868975639343262e+01
1.237287163734436035e+01
1.224879765510559082e+01
1.232688474655151367e+01
1.238730287551879883e+01
1.236270141601562500e+01
1.222419452667236328e+01
1.230605649948120117e+01
1.217524337768554688e+01
1.200540852546691895e+01
1.239658761024475098e+01
1.193592166900634766e+01
1.232061171531677246e+01
1.241492056846618652e+01
1.235110330581665039e+01
1.237224483489990234e+01
1.224364447593688965e+01
1.231614971160888672e+01
1.233035445213317871e+01
1.236024427413940430e+01
1.232320690155029297e+01
1.238172864913940430e+01
1.199357342720031738e+01
1.235767459869384766e+01
1.239658260345458984e+01
1.223990988731384277e+01
1.234089350700378418e+01
1.237896108627319336e+01
1.215788102149963379e+01
1.241496467590332031e+01
1.219742608070373535e+01
1.223957657814025879e+01
1.234662652015686035e+01
1.239879107475280762e+01
1.248226261138916016e+01
1.211997723579406738e+01
1.235927772521972656e+01
1.232917046546936035e+01
1.240392971038818359e+01
1.221947026252746582e+01
1.229782915115356445e+01
1.243733501434326172e+01
1.223341298103332520e+01
1.239115595817565918e+01
1.232645153999328613e+01
1.231246519088745117e+01
1.233732223510742188e+01
1.234918975830078125e+01
1.234273695945739746e+01
1.228553819656372070e+01
1.245430994033813477e+01
1.233152890205383301e+01
1.232284569740295410e+01
1.234047222137451172e+01
1.229639577865600586e+01
1.241870737075805664e+01
