2.243742918968200684e+01
2.238857984542846680e+01
2.295167040824890137e+01
2.279272508621215820e+01
2.248660039901733398e+01
2.231098341941833496e+01
2.260538721084594727e+01
2.270030570030212402e+01
2.300912642478942871e+01
2.251157045364379883e+01
2.285864830017089844e+01
2.293880510330200195e+01
2.291620802879333496e+01
2.300319314002990723e+01
2.283730387687683105e+01
2.279033637046813965e+01
2.250696825981140137e+01
2.312162303924560547e+01
2.246056222915649414e+01
2.265288352966308594e+01
2.291909575462341309e+01
2.250996160507202148e+01
2.268953657150268555e+01
2.287339830398559570e+01
2.302329158782958984e+01
2.263727331161499023e+01
2.252345514297485352e+01
2.291742825508117676e+01
2.238856387138366699e+01
2.308525300025939941e+01
2.254125523567199707e+01
2.260034608840942383e+01
2.287345361709594727e+01
2.244195413589477539e+01
2.257230830192565918e+01
2.262018656730651855e+01
2.301378536224365234e+01
2.278894305229187012e+01
2.244767713546752930e+01
2.276737689971923828e+01
2.255089759826660156e+01
2.322537493705749512e+01
2.279505991935729980e+01
2.292512559890747070e+01
2.275429224967956543e+01
2.316480493545532227e+01
2.340800762176513672e+01
2.291964364051818848e+01
2.260583329200744629e+01
2.304541015625000000e+01
2.265781426429748535e+01
2.254189467430114746e+01
2.281640076637268066e+01
2.286757516860961914e+01
2.280410957336425781e+01
2.265993404388427734e+01
2.243821120262145996e+01
2.248963999748229980e+01
2.270351910591125488e+01
2.276426720619201660e+01
2.313088178634643555e+01
2.276703333854675293e+01
2.237208294868469238e+01
2.255064105987548828e+01
2.259308624267578125e+01
2.286666893959045410e+01
2.291161942481994629e+01
2.288891315460205078e+01
2.302518033981323242e+01
2.300848436355590820e+01
2.233046412467956543e+01
2.267931318283081055e+01
2.271599292755126953e+01
2.312812542915344238e+01
2.340118479728698730e+01
2.292192220687866211e+01
2.221106028556823730e+01
2.262940454483032227e+01
2.266962838172912598e+01
2.227508115768432617e+01
2.279534173011779785e+01
2.262633228302001953e+01
2.283350372314453125e+01
2.260893726348876953e+01
2.249242830276489258e+01
2.255773711204528809e+01
2.288676214218139648e+01
2.295620274543762207e+01
2.274030566215515137e+01
2.329294681549072266e+01
2.292148447036743164e+01
2.232603168487548828e+01
2.288476514816284180e+01
2.255619072914123535e+01
2.279898715019226074e+01
2.254497814178466797e+01
2.267876362800598145e+01
2.319324827194213867e+01
2.262393927574157715e+01
2.267247700691223145e+01
2.279110288619995117e+01
2.275256013870239258e+01
2.332921838760375977e+01
2.332498097419738770e+01
2.281108522415161133e+01
2.256147003173828125e+01
2.257304453849792480e+01
2.293089962005615234e+01
2.299624872207641602e+01
2.313312387466430664e+01
2.285197496414184570e+01
2.281544876098632812e+01
2.259135890007019043e+01
2.277870225906372070e+01
2.307073307037353516e+01
2.269796466827392578e+01
2.293044090270996094e+01
2.276329684257507324e+01
2.229985427856445312e+01
2.324797654151916504e+01
2.284530353546142578e+01
2.280893707275390625e+01
2.271713113784790039e+01
2.284489130973815918e+01
2.282275462150573730e+01
2.279621291160583496e+01
2.302693891525268555e+01
2.296777558326721191e+01
2.304318070411682129e+01
2.296202421188354492e+01
2.311255407333374023e+01
2.286752605438232422e+01
2.269561600685119629e+01
2.257052016258239746e+01
2.282386827468872070e+01
2.268490624427795410e+01
2.274123978614807129e+01
2.275827217102050781e+01
2.310208487510681152e+01
2.309038305282592773e+01
2.278340554237365723e+01
2.261627221107482910e+01
2.266082811355590820e+01
2.259799551963806152e+01
2.271600413322448730e+01
2.257299852371215820e+01
2.265962553024291992e+01
2.305890607833862305e+01
2.306544780731201172e+01
2.286620569229125977e+01
2.281389236450195312e+01
2.257569742202758789e+01
2.285968852043151855e+01
2.257787585258483887e+01
2.311900234222412109e+01
2.253961324691772461e+01
2.245244884490966797e+01
2.297072696685791016e+01
2.294333314895629883e+01
2.308274817466735840e+01
2.290087413787841797e+01
2.287319660186767578e+01
2.288352131843566895e+01
2.260709500312805176e+01
2.273357033729553223e+01
2.295016980171203613e+01
2.277738618850708008e+01
2.232606863975524902e+01
2.285902023315429688e+01
2.266521573066711426e+01
2.305818796157836914e+01
2.279886412620544434e+01
2.267151594161987305e+01
2.284895515441894531e+01
2.276480865478515625e+01
2.291934704780578613e+01
2.297678995132446289e+01
2.263888239860534668e+01
2.346188306808471680e+01
2.230285406112670898e+01
2.273942613601684570e+01
2.262221145629882812e+01
2.302467298507690430e+01
2.245944046974182129e+01
2.245155191421508789e+01
2.291770029067993164e+01
2.236016845703125000e+01
2.266025614738464355e+01
2.268079710006713867e+01
2.282815718650817871e+01
2.301774406433105469e+01
2.280289793014526367e+01
2.271496486663818359e+01
2.265680646896362305e+01
2.325662779808044434e+01
2.275289201736450195e+01
2.249844312667846680e+01
2.254241967201232910e+01
2.279507732391357422e+01
2.319879269599914551e+01
