2.563947733917236516e+00
2.471105915374755657e+00
2.417580807418823419e+00
2.304799987182617027e+00
2.275520563201904434e+00
2.269699486007690226e+00
2.225213906936645447e+00
2.207173368682861181e+00
2.198238376770019542e+00
2.176672562179565507e+00
2.153679048767089821e+00
2.164226204299926959e+00
2.104801027450561524e+00
2.102932328567504783e+00
2.096495070953368955e+00
2.089232590789794841e+00
2.066902451324462930e+00
2.060172871093750135e+00
2.061401227722167828e+00
2.033933222999572799e+00
2.041260068473815803e+00
2.028160382919311555e+00
2.043245188903808796e+00
2.023267890090942434e+00
2.024935816802978295e+00
2.049650435714721830e+00
1.989255927391052170e+00
1.997841535453796391e+00
1.985036769866943329e+00
1.968268302536010816e+00
1.993852537307739148e+00
1.984854554176330499e+00
2.001117823715210076e+00
1.956757757530212416e+00
1.972567420883178713e+00
1.948708913917541530e+00
1.945076098442077628e+00
1.969580560073852515e+00
1.956799833908080988e+00
1.967993267059326090e+00
2.009200405464172334e+00
1.953697939224243063e+00
1.942909339332580476e+00
1.943613446006774881e+00
1.980468294143676866e+00
1.986171497268676811e+00
1.965506080780029308e+00
1.949949548568725488e+00
1.978104454689025848e+00
1.944238131179809592e+00
1.949493065185546881e+00
1.941752150192260773e+00
1.968392318420410181e+00
1.915597867431640733e+00
1.944924216384887661e+00
1.954070538482665986e+00
1.936598208961486822e+00
1.963262404556274321e+00
1.934458023376464775e+00
1.951154947662353534e+00
1.935733174781799404e+00
1.942043670883178752e+00
1.956883866615295453e+00
1.964338817977905327e+00
1.948259511566162061e+00
1.979683614807128844e+00
1.963516129531860388e+00
1.973410708198547470e+00
1.944024808502197166e+00
1.960304731369018505e+00
1.979230489501953016e+00
1.955240448112487872e+00
1.939313474044799701e+00
1.957368272171020607e+00
1.934646324386596783e+00
1.965033904838562107e+00
1.987786662406921367e+00
1.967209376106262120e+00
1.964729011459350527e+00
1.953515936508178674e+00
1.952747856559753359e+00
1.952835239791870015e+00
1.952280035285949733e+00
1.962650221061706501e+00
1.956912741584777793e+00
1.917929322700500538e+00
1.956438771896362283e+00
1.928230134887695346e+00
1.930748260116577075e+00
1.971324747200012162e+00
1.920644446830749530e+00
1.920547357139587463e+00
1.925281423377990686e+00
1.909317291145324669e+00
1.922097359008789086e+00
1.951467497787475525e+00
1.903628840599060013e+00
1.915398435897827101e+00
1.950144793472289972e+00
1.912963556594848624e+00
1.731317582550048861e+00
1.739760069885254001e+00
1.730111873703003011e+00
1.729742121467590321e+00
1.729838686370849699e+00
1.729778789329528887e+00
1.722268813629150408e+00
1.722450468406677260e+00
1.735373092727661160e+00
1.719069942932129003e+00
1.740411592636108340e+00
1.741303045387267989e+00
1.740295549659728991e+00
1.744004698410034138e+00
1.745840731430053694e+00
1.740239397468566818e+00
1.727286710281372040e+00
1.741257221298217805e+00
1.733028523254394493e+00
1.742292502250671449e+00
1.748159632301330646e+00
1.746955750885009762e+00
1.738547098503112842e+00
1.739251504745483290e+00
1.751039220886230430e+00
1.740168801383972230e+00
1.751996154823303176e+00
1.760374748001098721e+00
1.751659271469116153e+00
1.762254034042358475e+00
1.759762620544433664e+00
1.764142094764709512e+00
1.769241136474609455e+00
1.774655557403564510e+00
1.778714556770324640e+00
1.755063520278930644e+00
1.781411493453979533e+00
1.761250552139282277e+00
1.783952111053466849e+00
1.775802569465637193e+00
1.781114520263671785e+00
1.777519905662536592e+00
1.788465102500915505e+00
1.780370792541503988e+00
1.780974699020385632e+00
1.759343775405883825e+00
1.786322059745788504e+00
1.791673118171691836e+00
1.756392347030639733e+00
1.778470008392333934e+00
1.759901698226928657e+00
1.764931378479003943e+00
1.782266070518493617e+00
1.779210849647522075e+00
1.773170767822265681e+00
1.774418825683593770e+00
1.765137365493774313e+00
1.767167277832031314e+00
1.771097378997802840e+00
1.741754833908081057e+00
1.775351834526061934e+00
1.759310051727294821e+00
1.757186730537414476e+00
1.751539828414917066e+00
1.766985724906921407e+00
1.768888429260253803e+00
1.753597601814270046e+00
1.768871072921752940e+00
1.769873443603515728e+00
1.751108744125366101e+00
1.762751591415405272e+00
1.752088470726013147e+00
1.747991397972106897e+00
1.755745127944946304e+00
1.773669484519958539e+00
1.767389467964172400e+00
1.754925232353210518e+00
1.769945303878784237e+00
1.774873281326293961e+00
1.771648060607910136e+00
1.769571036567687994e+00
1.772392070693969757e+00
1.768460462455749616e+00
1.744458810958862349e+00
1.766035143814086883e+00
1.745232806434631412e+00
1.748161633605957110e+00
1.764367439193725628e+00
1.759793404846191400e+00
1.761302361183166409e+00
1.771369945068359320e+00
1.762177486877441357e+00
1.770846265525817920e+00
1.751790483512878360e+00
1.768380553855896098e+00
1.749778847656249914e+00
1.770318058815002482e+00
1.764276182632446233e+00
1.760500577507019049e+00
1.745454099998474229e+00
