1.837093830108642578e-01
2.128624916076660156e-01
1.999833583831787109e-01
2.034461498260498047e-01
2.070746421813964844e-01
2.009842395782470703e-01
1.852066516876220703e-01
2.106044292449951172e-01
1.980240345001220703e-01
1.629045009613037109e-01
2.169256210327148438e-01
2.271413803100585938e-01
2.337481975555419922e-01
2.185690402984619141e-01
2.346110343933105469e-01
2.206921577453613281e-01
1.960325241088867188e-01
2.201354503631591797e-01
1.730608940124511719e-01
2.130651473999023438e-01
2.394952774047851562e-01
2.184300422668457031e-01
1.979649066925048828e-01
1.851382255554199219e-01
2.154664993286132812e-01
1.649446487426757812e-01
2.147471904754638672e-01
2.500152587890625000e-01
1.982691287994384766e-01
2.373785972595214844e-01
1.841416358947753906e-01
1.656715869903564453e-01
2.098157405853271484e-01
1.965181827545166016e-01
1.796338558197021484e-01
1.924457550048828125e-01
2.525146007537841797e-01
1.861653327941894531e-01
1.788465976715087891e-01
2.224004268646240234e-01
1.877598762512207031e-01
2.120783329010009766e-01
1.914675235748291016e-01
2.438702583312988281e-01
2.020511627197265625e-01
2.171912193298339844e-01
2.344236373901367188e-01
1.838874816894531250e-01
1.955387592315673828e-01
2.085082530975341797e-01
1.963570117950439453e-01
2.067046165466308594e-01
2.056646347045898438e-01
2.420980930328369141e-01
2.160735130310058594e-01
1.865444183349609375e-01
1.689424514770507812e-01
1.840915679931640625e-01
2.059376239776611328e-01
2.015810012817382812e-01
2.294149398803710938e-01
2.230589389801025391e-01
1.888170242309570312e-01
1.753809452056884766e-01
2.121446132659912109e-01
2.214660644531250000e-01
1.981031894683837891e-01
1.786365509033203125e-01
2.081999778747558594e-01
2.118072509765625000e-01
2.017335891723632812e-01
2.175998687744140625e-01
2.131667137145996094e-01
2.070729732513427734e-01
2.411170005798339844e-01
1.886053085327148438e-01
1.927926540374755859e-01
2.023196220397949219e-01
2.156417369842529297e-01
1.736197471618652344e-01
1.782498359680175781e-01
2.031323909759521484e-01
1.828296184539794922e-01
1.965188980102539062e-01
2.113075256347656250e-01
1.832780838012695312e-01
1.893599033355712891e-01
1.920351982116699219e-01
2.098314762115478516e-01
2.139835357666015625e-01
1.871378421783447266e-01
1.905431747436523438e-01
1.901082992553710938e-01
2.147865295410156250e-01
2.033865451812744141e-01
1.749994754791259766e-01
2.106444835662841797e-01
2.266511917114257812e-01
2.170770168304443359e-01
2.173676490783691406e-01
1.997542381286621094e-01
2.114100456237792969e-01
2.328598499298095703e-01
2.175655364990234375e-01
2.171783447265625000e-01
1.899917125701904297e-01
1.900553703308105469e-01
2.177624702453613281e-01
1.976447105407714844e-01
2.509801387786865234e-01
2.123851776123046875e-01
2.068333625793457031e-01
2.125647068023681641e-01
2.046389579772949219e-01
2.199583053588867188e-01
2.260258197784423828e-01
1.922774314880371094e-01
1.959621906280517578e-01
1.588826179504394531e-01
2.342212200164794922e-01
2.057020664215087891e-01
1.953825950622558594e-01
1.946341991424560547e-01
2.341046333312988281e-01
1.682605743408203125e-01
2.106807231903076172e-01
2.046358585357666016e-01
2.210340499877929688e-01
1.945588588714599609e-01
1.765272617340087891e-01
2.352783679962158203e-01
2.293632030487060547e-01
1.768305301666259766e-01
1.908664703369140625e-01
2.206923961639404297e-01
2.077732086181640625e-01
2.197110652923583984e-01
1.967182159423828125e-01
2.057559490203857422e-01
2.501785755157470703e-01
1.936395168304443359e-01
2.022562026977539062e-01
1.898827552795410156e-01
2.055099010467529297e-01
1.973013877868652344e-01
1.352286338806152344e-01
1.936128139495849609e-01
2.072329521179199219e-01
2.317819595336914062e-01
2.385380268096923828e-01
2.099969387054443359e-01
1.755137443542480469e-01
1.678907871246337891e-01
1.671242713928222656e-01
2.525117397308349609e-01
2.017796039581298828e-01
1.717972755432128906e-01
2.164413928985595703e-01
2.066020965576171875e-01
2.234561443328857422e-01
2.121775150299072266e-01
2.153291702270507812e-01
2.063694000244140625e-01
2.156212329864501953e-01
2.107005119323730469e-01
2.190170288085937500e-01
1.932654380798339844e-01
1.864981651306152344e-01
2.103757858276367188e-01
2.185142040252685547e-01
2.069327831268310547e-01
2.440888881683349609e-01
1.833102703094482422e-01
2.033126354217529297e-01
1.793055534362792969e-01
1.913435459136962891e-01
2.198820114135742188e-01
2.088546752929687500e-01
2.542433738708496094e-01
1.683566570281982422e-01
2.277233600616455078e-01
2.149286270141601562e-01
2.229475975036621094e-01
1.979756355285644531e-01
1.978359222412109375e-01
2.226834297180175781e-01
1.934230327606201172e-01
2.034494876861572266e-01
2.020297050476074219e-01
1.955378055572509766e-01
1.950368881225585938e-01
2.185127735137939453e-01
2.236046791076660156e-01
1.836254596710205078e-01
2.248578071594238281e-01
2.056870460510253906e-01
2.197237014770507812e-01
1.714961528778076172e-01
2.205469608306884766e-01
2.189102172851562500e-01
