1.291852307319641113e+01
1.260795950889587402e+01
1.264773225784301758e+01
1.255263686180114746e+01
1.237489843368530273e+01
1.235858082771301270e+01
1.258886337280273438e+01
1.254699301719665527e+01
1.259937500953674316e+01
1.246237182617187500e+01
1.252386164665222168e+01
1.261897802352905273e+01
1.258980345726013184e+01
1.268161177635192871e+01
1.268545699119567871e+01
1.261317610740661621e+01
1.258714675903320312e+01
1.262738680839538574e+01
1.245398926734924316e+01
1.255913543701171875e+01
1.270667457580566406e+01
1.265921449661254883e+01
1.258702898025512695e+01
1.261579346656799316e+01
1.265899658203125000e+01
1.246440529823303223e+01
1.267006182670593262e+01
1.273271870613098145e+01
1.265938687324523926e+01
1.268325901031494141e+01
1.256498861312866211e+01
1.245879340171813965e+01
1.265155029296875000e+01
1.259014987945556641e+01
1.251363182067871094e+01
1.272988557815551758e+01
1.263143754005432129e+01
1.260896635055541992e+01
1.255783891677856445e+01
1.268341827392578125e+01
1.252574443817138672e+01
1.273133993148803711e+01
1.262016057968139648e+01
1.269488525390625000e+01
1.262207913398742676e+01
1.261045289039611816e+01
1.266715526580810547e+01
1.258001494407653809e+01
1.259385752677917480e+01
1.263190269470214844e+01
1.275804281234741211e+01
1.262383174896240234e+01
1.257963347434997559e+01
1.262067627906799316e+01
1.264492750167846680e+01
1.263570356369018555e+01
1.240389776229858398e+01
1.254522752761840820e+01
1.256144785881042480e+01
1.265937066078186035e+01
1.270413208007812500e+01
1.267325472831726074e+01
1.267458748817443848e+01
1.257314848899841309e+01
1.256865096092224121e+01
1.264093828201293945e+01
1.253519058227539062e+01
1.245611143112182617e+01
1.259432101249694824e+01
1.261742210388183594e+01
1.236686134338378906e+01
1.267609405517578125e+01
1.266446328163146973e+01
1.263988661766052246e+01
1.273925662040710449e+01
1.254644370079040527e+01
1.238019943237304688e+01
1.248309063911437988e+01
1.265894937515258789e+01
1.240503954887390137e+01
1.242691469192504883e+01
1.265100002288818359e+01
1.257102632522583008e+01
1.263265275955200195e+01
1.266382193565368652e+01
1.222847867012023926e+01
1.251887249946594238e+01
1.259833145141601562e+01
1.262293481826782227e+01
1.266547584533691406e+01
1.254510378837585449e+01
1.261325383186340332e+01
1.254606437683105469e+01
1.258350086212158203e+01
1.266063070297241211e+01
1.245850443840026855e+01
1.269574785232543945e+01
1.260424876213073730e+01
1.256088328361511230e+01
1.256394505500793457e+01
1.265463876724243164e+01
1.274801850318908691e+01
1.270654892921447754e+01
1.268153643608093262e+01
1.259718942642211914e+01
1.241750049591064453e+01
1.251006269454956055e+01
1.267238545417785645e+01
1.254400181770324707e+01
1.263772034645080566e+01
1.267764401435852051e+01
1.267179918289184570e+01
1.263512039184570312e+01
1.252940154075622559e+01
1.262085461616516113e+01
1.267299747467041016e+01
1.253041911125183105e+01
1.274384093284606934e+01
1.235133266448974609e+01
1.266288924217224121e+01
1.256202220916748047e+01
1.274777102470397949e+01
1.255391621589660645e+01
1.257506275177001953e+01
1.245637893676757812e+01
1.275042486190795898e+01
1.264979267120361328e+01
1.265633773803710938e+01
1.269241094589233398e+01
1.241946387290954590e+01
1.257981014251708984e+01
1.260474920272827148e+01
1.263756990432739258e+01
1.260310387611389160e+01
1.238759160041809082e+01
1.247956037521362305e+01
1.246207427978515625e+01
1.255104184150695801e+01
1.266767406463623047e+01
1.265246987342834473e+01
1.255089831352233887e+01
1.255595898628234863e+01
1.254361486434936523e+01
1.257543849945068359e+01
1.262588071823120117e+01
1.259640979766845703e+01
1.258132362365722656e+01
1.260048270225524902e+01
1.261951565742492676e+01
1.266884160041809082e+01
1.262017965316772461e+01
1.232459354400634766e+01
1.264204907417297363e+01
1.243687415122985840e+01
1.270167183876037598e+01
1.243934869766235352e+01
1.236654043197631836e+01
1.262495040893554688e+01
1.257719254493713379e+01
1.269639754295349121e+01
1.258919072151184082e+01
1.250764012336730957e+01
1.256275343894958496e+01
1.264542818069458008e+01
1.249318504333496094e+01
1.258499097824096680e+01
1.245415735244750977e+01
1.240996432304382324e+01
1.251912832260131836e+01
1.260569119453430176e+01
1.260913681983947754e+01
1.272220301628112793e+01
1.245644402503967285e+01
1.261584258079528809e+01
1.253293800354003906e+01
1.246617913246154785e+01
1.269931936264038086e+01
1.265762186050415039e+01
1.283948540687561035e+01
1.258722496032714844e+01
1.252856397628784180e+01
1.258495926856994629e+01
1.261896347999572754e+01
1.258427190780639648e+01
1.265568423271179199e+01
1.265663313865661621e+01
1.249857544898986816e+01
1.247584605216979980e+01
1.259393572807312012e+01
1.256791400909423828e+01
1.246376967430114746e+01
1.268067765235900879e+01
1.262197589874267578e+01
1.253299427032470703e+01
1.267690491676330566e+01
1.253827524185180664e+01
1.270301723480224609e+01
1.248204421997070312e+01
1.274446582794189453e+01
1.262983703613281250e+01
