1.291522860527038574e+01
1.254566884040832520e+01
1.250991010665893555e+01
1.245248866081237793e+01
1.232553482055664062e+01
1.226389884948730469e+01
1.254084420204162598e+01
1.262117743492126465e+01
1.261622333526611328e+01
1.245880270004272461e+01
1.252331233024597168e+01
1.260425686836242676e+01
1.260062432289123535e+01
1.260662055015563965e+01
1.265288209915161133e+01
1.265451526641845703e+01
1.247299146652221680e+01
1.264154028892517090e+01
1.239447164535522461e+01
1.256937193870544434e+01
1.268928599357604980e+01
1.267331624031066895e+01
1.258578729629516602e+01
1.253523921966552734e+01
1.264609098434448242e+01
1.246041965484619141e+01
1.262489867210388184e+01
1.269599819183349609e+01
1.260162711143493652e+01
1.268600559234619141e+01
1.247830343246459961e+01
1.241140675544738770e+01
1.261210560798645020e+01
1.256894993782043457e+01
1.235980868339538574e+01
1.258378434181213379e+01
1.260291767120361328e+01
1.259015679359436035e+01
1.250641131401062012e+01
1.261429882049560547e+01
1.249800586700439453e+01
1.265043616294860840e+01
1.261776161193847656e+01
1.269880366325378418e+01
1.263360238075256348e+01
1.263290238380432129e+01
1.269102191925048828e+01
1.255245423316955566e+01
1.252194714546203613e+01
1.270751667022705078e+01
1.261705207824707031e+01
1.263422083854675293e+01
1.265471577644348145e+01
1.267421627044677734e+01
1.266123199462890625e+01
1.258257460594177246e+01
1.240635824203491211e+01
1.249778342247009277e+01
1.251752161979675293e+01
1.260976338386535645e+01
1.275026226043701172e+01
1.255590486526489258e+01
1.265485358238220215e+01
1.250145363807678223e+01
1.263965415954589844e+01
1.257195544242858887e+01
1.252848339080810547e+01
1.253560614585876465e+01
1.255252957344055176e+01
1.267920970916748047e+01
1.234824037551879883e+01
1.267100691795349121e+01
1.263190817832946777e+01
1.264609527587890625e+01
1.261888480186462402e+01
1.257518029212951660e+01
1.243063163757324219e+01
1.253574824333190918e+01
1.268641471862792969e+01
1.248674702644348145e+01
1.241466045379638672e+01
1.257479286193847656e+01
1.251954150199890137e+01
1.259542417526245117e+01
1.258987140655517578e+01
1.237078285217285156e+01
1.258226203918457031e+01
1.264974427223205566e+01
1.259097528457641602e+01
1.262925672531127930e+01
1.250695109367370605e+01
1.262464976310729980e+01
1.263899230957031250e+01
1.263758230209350586e+01
1.258436989784240723e+01
1.236729073524475098e+01
1.263974761962890625e+01
1.264924669265747070e+01
1.262124538421630859e+01
1.256887769699096680e+01
1.265489482879638672e+01
1.265136623382568359e+01
1.268532395362854004e+01
1.256150937080383301e+01
1.262904429435729980e+01
1.235422849655151367e+01
1.245989513397216797e+01
1.261963891983032227e+01
1.255179572105407715e+01
1.260786485671997070e+01
1.262030625343322754e+01
1.264182281494140625e+01
1.255022168159484863e+01
1.255009102821350098e+01
1.258674907684326172e+01
1.264036941528320312e+01
1.255257773399353027e+01
1.264348196983337402e+01
1.240135836601257324e+01
1.263003635406494141e+01
1.264714884757995605e+01
1.258771681785583496e+01
1.264390563964843750e+01
1.267160487174987793e+01
1.242056608200073242e+01
1.270328664779663086e+01
1.265307307243347168e+01
1.258932042121887207e+01
1.263790822029113770e+01
1.236869740486145020e+01
1.258745861053466797e+01
1.258696484565734863e+01
1.253151178359985352e+01
1.260976195335388184e+01
1.240145945549011230e+01
1.239211058616638184e+01
1.250322723388671875e+01
1.256928825378417969e+01
1.265119266510009766e+01
1.275944805145263672e+01
1.255654406547546387e+01
1.252456688880920410e+01
1.249173831939697266e+01
1.262044835090637207e+01
1.262053108215332031e+01
1.257092666625976562e+01
1.262627601623535156e+01
1.266939854621887207e+01
1.264730787277221680e+01
1.260990500450134277e+01
1.265869712829589844e+01
1.235605645179748535e+01
1.259840059280395508e+01
1.242248630523681641e+01
1.273448181152343750e+01
1.242808294296264648e+01
1.241570305824279785e+01
1.263903093338012695e+01
1.253051924705505371e+01
1.262985014915466309e+01
1.257923626899719238e+01
1.254635524749755859e+01
1.256011509895324707e+01
1.257438039779663086e+01
1.251453495025634766e+01
1.249776101112365723e+01
1.249897861480712891e+01
1.235902523994445801e+01
1.251359367370605469e+01
1.250553798675537109e+01
1.261421108245849609e+01
1.266892051696777344e+01
1.248502826690673828e+01
1.261333847045898438e+01
1.251880741119384766e+01
1.238592195510864258e+01
1.254050421714782715e+01
1.264636278152465820e+01
1.271178269386291504e+01
1.248909091949462891e+01
1.251477360725402832e+01
1.252098608016967773e+01
1.259514546394348145e+01
1.242808055877685547e+01
1.259714841842651367e+01
1.260245037078857422e+01
1.253222084045410156e+01
1.262301397323608398e+01
1.264689230918884277e+01
1.253379821777343750e+01
1.242900109291076660e+01
1.268782615661621094e+01
1.266636133193969727e+01
1.242555642127990723e+01
1.281298971176147461e+01
1.261729454994201660e+01
1.269847869873046875e+01
1.241792249679565430e+01
1.268422341346740723e+01
1.270082044601440430e+01
