9.615999995727539940e+00
1.092799999877929729e+01
1.324799999877929757e+01
1.438399999954223674e+01
1.630399999954223489e+01
1.662399999572754083e+01
1.825599999877929847e+01
1.953599999877929605e+01
2.099199999572753939e+01
2.020800000183105638e+01
2.131199999511718701e+01
2.235199998779296848e+01
2.195199999877929642e+01
2.308799999816894655e+01
2.348799999816894513e+01
2.343999999511718713e+01
2.416000000366210898e+01
2.406400000488281421e+01
2.625600000122070199e+01
2.630400000122070381e+01
2.681600000183105337e+01
2.659200000122070406e+01
2.564799999145507670e+01
2.724799998779296928e+01
2.700799999511718852e+01
2.732799999755859233e+01
2.823999999511718784e+01
2.868799999145507940e+01
2.740799999908447404e+01
2.792000000488281231e+01
2.811199999145507888e+01
2.793600000183105436e+01
2.891200000122070435e+01
2.787199998779296806e+01
2.763199999145507846e+01
2.785600000183105607e+01
2.875199999511718829e+01
2.840000000366211097e+01
2.844799999511718624e+01
2.833599999908447131e+01
2.867199999908447339e+01
2.937599999145507823e+01
2.951999999877929781e+01
2.995199999145507874e+01
2.833599999511718792e+01
2.839999999816894416e+01
2.992000000122070347e+01
2.921599999145507809e+01
2.960000000488281202e+01
2.886400000122070253e+01
2.831999999511718613e+01
2.929599999511718877e+01
2.940800000122070301e+01
3.041600000122070213e+01
3.073600000122070242e+01
2.931200000732421884e+01
2.819200000183105459e+01
2.924800000732421879e+01
2.876799999145507769e+01
2.897600000732422032e+01
2.873599999145507766e+01
2.953599999389648545e+01
2.851200000122070222e+01
2.895999999908447364e+01
2.916799999145507982e+01
2.795199999145507874e+01
2.892800000732421850e+01
2.932800000183105382e+01
2.828799999816894584e+01
2.951999998779296774e+01
2.947199999816894689e+01
2.996799999755859290e+01
2.911999998779296916e+01
2.895999999877929554e+01
3.083200000732421842e+01
3.036800000183105297e+01
3.067199999511718644e+01
2.947199999511718715e+01
2.977599999999999980e+01
2.886399999145507778e+01
2.985600000122070341e+01
2.959999999816894700e+01
2.929599999145507638e+01
3.051199999511718630e+01
2.948800000122070486e+01
2.985600000183105607e+01
2.936000000732421711e+01
2.998399999816894379e+01
2.937600000366211006e+01
3.015999999877929838e+01
2.960000000732421910e+01
2.963199999511718730e+01
3.027199999755859494e+01
2.948800000122070486e+01
2.980799999572753833e+01
3.027199999572754052e+01
3.001599998779296996e+01
3.017600000183105635e+01
3.099200000488281148e+01
3.009599999877929832e+01
3.430400000732421972e+01
3.564799999755859261e+01
3.576000000732421569e+01
3.591999998779296988e+01
3.606400000732421773e+01
3.561600000366210850e+01
3.609600000122070185e+01
3.647999999511718983e+01
3.758400000366211202e+01
3.729599999389648701e+01
3.676800000732421836e+01
3.697599999816894467e+01
3.654400000183105135e+01
3.740800000366211009e+01
3.777599999816894183e+01
3.678399999816894450e+01
3.731199999023437641e+01
3.777599999755859272e+01
3.807999999511718414e+01
3.758400000610351555e+01
3.806399999755859653e+01
3.780800000732421751e+01
3.846400000732421631e+01
3.758400000976562438e+01
3.857600000610351287e+01
3.844799999755859687e+01
3.822399999755859312e+01
3.934399999145507820e+01
3.839999999389648622e+01
3.904000000610351861e+01
4.030399999389648258e+01
3.900800000732422035e+01
3.992000000183105612e+01
4.075199999389648298e+01
3.953600000366211020e+01
3.929600000122070469e+01
3.905599999389648502e+01
3.964800000976562444e+01
3.950399999389648542e+01
3.958399999633788724e+01
4.046399999755859511e+01
4.040000000732421626e+01
3.983999999389648394e+01
4.019200000976562848e+01
3.972800000610351390e+01
4.075200000366211128e+01
4.086400000366210605e+01
4.124800000732421523e+01
4.051199999145507746e+01
4.092799999389648491e+01
4.095999998657226371e+01
4.084800000976562728e+01
4.168000000366210855e+01
4.135999999511718528e+01
4.047999999755859335e+01
4.116800000732421694e+01
4.099200000366210617e+01
4.115199999816894660e+01
4.064000000732421825e+01
4.095999999511718670e+01
4.176000000488281216e+01
4.023999999389648252e+01
4.134399999145507820e+01
4.137600000122070298e+01
4.172799999389648207e+01
4.131200000122070293e+01
4.113600000366211162e+01
4.153599999389648190e+01
4.156799999755859432e+01
4.166399999023437317e+01
4.211199999389648241e+01
4.207999999389648593e+01
4.190399999389648400e+01
4.134400000366211003e+01
4.148800000244140307e+01
4.144000000976562603e+01
4.070400000366210946e+01
4.110400000976562751e+01
4.179200000122069980e+01
4.139199999816894859e+01
4.191999999755859108e+01
4.169600000610351742e+01
4.081599998779297067e+01
4.249599999816894780e+01
4.119999999145507985e+01
4.089600000732421847e+01
4.238400000976562154e+01
4.143999999999999773e+01
4.224000000366211083e+01
4.158400000122070139e+01
4.188799999511718397e+01
4.127999999389648167e+01
4.164800000000000324e+01
4.163200000732421557e+01
4.116799999999999926e+01
4.108799998779296914e+01
4.102400000366210975e+01
4.115200000366210986e+01
4.155199998779296777e+01
4.129599999023437817e+01
