2.243939709663391113e+01
2.244060635566711426e+01
2.270042371749877930e+01
2.285572266578674316e+01
2.266690969467163086e+01
2.248191118240356445e+01
2.265756607055664062e+01
2.270768117904663086e+01
2.260438990592956543e+01
2.230314373970031738e+01
2.273229908943176270e+01
2.308210062980651855e+01
2.303673672676086426e+01
2.291476249694824219e+01
2.294776201248168945e+01
2.322611236572265625e+01
2.256674957275390625e+01
2.328028845787048340e+01
2.266565513610839844e+01
2.319560194015502930e+01
2.279794049263000488e+01
2.287826919555664062e+01
2.269274473190307617e+01
2.260689020156860352e+01
2.280926156044006348e+01
2.273584771156311035e+01
2.301305723190307617e+01
2.342865514755249023e+01
2.271332001686096191e+01
2.291451406478881836e+01
2.247735714912414551e+01
2.261412191390991211e+01
2.253800320625305176e+01
2.301937103271484375e+01
2.246806550025939941e+01
2.297967767715454102e+01
2.285187506675720215e+01
2.235457134246826172e+01
2.253424787521362305e+01
2.280165982246398926e+01
2.272266387939453125e+01
2.303310298919677734e+01
2.296386313438415527e+01
2.341085457801818848e+01
2.262118887901306152e+01
2.280831956863403320e+01
2.308967852592468262e+01
2.285955190658569336e+01
2.280437946319580078e+01
2.285863018035888672e+01
2.293551683425903320e+01
2.289945602416992188e+01
2.278542828559875488e+01
2.297516942024230957e+01
2.297673535346984863e+01
2.313086843490600586e+01
2.254887461662292480e+01
2.288861989974975586e+01
2.273970675468444824e+01
2.300995206832885742e+01
2.290386486053466797e+01
2.298082613945007324e+01
2.245360541343688965e+01
2.313479661941528320e+01
2.300513696670532227e+01
2.307882165908813477e+01
2.308612680435180664e+01
2.260681986808776855e+01
2.259988546371459961e+01
2.321573972702026367e+01
2.260222959518432617e+01
2.269164609909057617e+01
2.262093043327331543e+01
2.295548295974731445e+01
2.285123777389526367e+01
2.274769592285156250e+01
2.268658757209777832e+01
2.278889060020446777e+01
2.257954740524291992e+01
2.259504580497741699e+01
2.268855667114257812e+01
2.261098051071166992e+01
2.282078194618225098e+01
2.289900684356689453e+01
2.286519384384155273e+01
2.255801892280578613e+01
2.276515531539916992e+01
2.258267951011657715e+01
2.266863107681274414e+01
2.315664768218994141e+01
2.270298409461975098e+01
2.233538460731506348e+01
2.283733296394348145e+01
2.304775428771972656e+01
2.292980909347534180e+01
2.243601250648498535e+01
2.269336271286010742e+01
2.298150038719177246e+01
2.252931451797485352e+01
2.267014241218566895e+01
2.268856716156005859e+01
2.276129913330078125e+01
2.327175283432006836e+01
2.313862013816833496e+01
2.287023687362670898e+01
2.230889868736267090e+01
2.273654913902282715e+01
2.288005447387695312e+01
2.268165135383605957e+01
2.310166668891906738e+01
2.275084161758422852e+01
2.281827807426452637e+01
2.232626175880432129e+01
2.282803177833557129e+01
2.289221405982971191e+01
2.272310209274291992e+01
2.279457974433898926e+01
2.265281748771667480e+01
2.247057962417602539e+01
2.306960511207580566e+01
2.333536243438720703e+01
2.255889749526977539e+01
2.267180418968200684e+01
2.309905195236206055e+01
2.299781084060668945e+01
2.303204846382141113e+01
2.316279625892639160e+01
2.269008755683898926e+01
2.283618950843811035e+01
2.252005338668823242e+01
2.281293296813964844e+01
2.286422038078308105e+01
2.292449021339416504e+01
2.272699594497680664e+01
2.302757358551025391e+01
2.263193631172180176e+01
2.274390578269958496e+01
2.275951027870178223e+01
2.307487821578979492e+01
2.274097084999084473e+01
2.280877637863159180e+01
2.262332940101623535e+01
2.256433725357055664e+01
2.281268501281738281e+01
2.304229784011840820e+01
2.222510361671447754e+01
2.289461660385131836e+01
2.284440994262695312e+01
2.296270084381103516e+01
2.325746941566467285e+01
2.282161831855773926e+01
2.266627478599548340e+01
2.259337019920349121e+01
2.265137100219726562e+01
2.340753364562988281e+01
2.243741226196289062e+01
2.243193697929382324e+01
2.288431930541992188e+01
2.243494367599487305e+01
2.256953024864196777e+01
2.278856396675109863e+01
2.321275067329406738e+01
2.297214388847351074e+01
2.275878834724426270e+01
2.271397209167480469e+01
2.272603034973144531e+01
2.257979345321655273e+01
2.240266418457031250e+01
2.286863350868225098e+01
2.277243971824645996e+01
2.267047262191772461e+01
2.288733744621276855e+01
2.290001487731933594e+01
2.295939397811889648e+01
2.256875181198120117e+01
2.260346627235412598e+01
2.286197066307067871e+01
2.274276733398437500e+01
2.329044556617736816e+01
2.223902893066406250e+01
2.268767595291137695e+01
2.261796593666076660e+01
2.295662307739257812e+01
2.261568260192871094e+01
2.245461893081665039e+01
2.306034708023071289e+01
2.278854060173034668e+01
2.299844288825988770e+01
2.270254111289978027e+01
2.270471978187561035e+01
2.284556293487548828e+01
2.281506657600402832e+01
2.299348330497741699e+01
2.271467947959899902e+01
2.333782052993774414e+01
2.291937661170959473e+01
2.298670864105224609e+01
2.267192840576171875e+01
2.287986683845520020e+01
2.284176087379455566e+01
