1.277686762809753418e+01
1.222521543502807617e+01
1.224132466316223145e+01
1.221099925041198730e+01
1.215963125228881836e+01
1.208112359046936035e+01
1.240975189208984375e+01
1.225342035293579102e+01
1.236367869377136230e+01
1.221992158889770508e+01
1.227361536026000977e+01
1.238370966911315918e+01
1.236767053604125977e+01
1.244665861129760742e+01
1.242031836509704590e+01
1.247234892845153809e+01
1.223145794868469238e+01
1.240262365341186523e+01
1.212856578826904297e+01
1.238384366035461426e+01
1.247090196609497070e+01
1.236415696144104004e+01
1.251698112487792969e+01
1.229696202278137207e+01
1.240812301635742188e+01
1.228642702102661133e+01
1.240255546569824219e+01
1.240475392341613770e+01
1.242635560035705566e+01
1.243625020980834961e+01
1.229753589630126953e+01
1.226964545249938965e+01
1.244204592704772949e+01
1.235880851745605469e+01
1.227485990524291992e+01
1.244004344940185547e+01
1.238496160507202148e+01
1.235056400299072266e+01
1.233405160903930664e+01
1.253485870361328125e+01
1.233772706985473633e+01
1.246178960800170898e+01
1.230978465080261230e+01
1.248109889030456543e+01
1.242265748977661133e+01
1.244564628601074219e+01
1.243206810951232910e+01
1.243341493606567383e+01
1.219841694831848145e+01
1.240138101577758789e+01
1.237209820747375488e+01
1.239170718193054199e+01
1.237600803375244141e+01
1.239454531669616699e+01
1.234295988082885742e+01
1.231914639472961426e+01
1.223083925247192383e+01
1.224454355239868164e+01
1.228804874420166016e+01
1.240830755233764648e+01
1.244105672836303711e+01
1.233238196372985840e+01
1.235682296752929688e+01
1.230825090408325195e+01
1.221144223213195801e+01
1.220025515556335449e+01
1.230073809623718262e+01
1.225990796089172363e+01
1.228765392303466797e+01
1.240923094749450684e+01
1.201367831230163574e+01
1.238774156570434570e+01
1.234379982948303223e+01
1.237851881980895996e+01
1.245661568641662598e+01
1.236716461181640625e+01
1.217471098899841309e+01
1.227939343452453613e+01
1.247457957267761230e+01
1.223871016502380371e+01
1.220207738876342773e+01
1.243719363212585449e+01
1.228308343887329102e+01
1.236168146133422852e+01
1.236459708213806152e+01
1.214129233360290527e+01
1.233525633811950684e+01
1.237359929084777832e+01
1.224236941337585449e+01
1.237900424003601074e+01
1.232913684844970703e+01
1.239545989036560059e+01
1.237966585159301758e+01
1.243644094467163086e+01
1.244171667098999023e+01
1.227492690086364746e+01
1.246678137779235840e+01
1.243470811843872070e+01
1.226245903968811035e+01
1.239128947257995605e+01
1.240110731124877930e+01
1.240913701057434082e+01
1.237740874290466309e+01
1.247888708114624023e+01
1.233684301376342773e+01
1.219434523582458496e+01
1.220018982887268066e+01
1.242594671249389648e+01
1.230945444107055664e+01
1.239646959304809570e+01
1.239578270912170410e+01
1.239876103401184082e+01
1.234697103500366211e+01
1.234674024581909180e+01
1.239724373817443848e+01
1.235092186927795410e+01
1.222999382019042969e+01
1.239957857131958008e+01
1.216780161857604980e+01
1.240831303596496582e+01
1.234974193572998047e+01
1.235964322090148926e+01
1.238686633110046387e+01
1.236330962181091309e+01
1.223054599761962891e+01
1.247253036499023438e+01
1.239800238609313965e+01
1.231429982185363770e+01
1.241167521476745605e+01
1.211821174621582031e+01
1.235471487045288086e+01
1.239479947090148926e+01
1.232885146141052246e+01
1.236448740959167480e+01
1.213278770446777344e+01
1.221429038047790527e+01
1.228608584403991699e+01
1.238562488555908203e+01
1.243303179740905762e+01
1.236090970039367676e+01
1.236768984794616699e+01
1.238333582878112793e+01
1.233985447883605957e+01
1.232468199729919434e+01
1.234216499328613281e+01
1.237953472137451172e+01
1.234240126609802246e+01
1.236768770217895508e+01
1.237254381179809570e+01
1.241845893859863281e+01
1.243529629707336426e+01
1.220069813728332520e+01
1.235251307487487793e+01
1.214191913604736328e+01
1.245577836036682129e+01
1.220923280715942383e+01
1.225407624244689941e+01
1.244099211692810059e+01
1.229272985458374023e+01
1.243653893470764160e+01
1.222772049903869629e+01
1.229788494110107422e+01
1.229797625541687012e+01
1.257318496704101562e+01
1.233544421195983887e+01
1.235509920120239258e+01
1.228169941902160645e+01
1.224279522895812988e+01
1.216945791244506836e+01
1.229733276367187500e+01
1.253266692161560059e+01
1.237326216697692871e+01
1.219524693489074707e+01
1.244103384017944336e+01
1.223964118957519531e+01
1.227941799163818359e+01
1.225751113891601562e+01
1.241355538368225098e+01
1.241622233390808105e+01
1.229883337020874023e+01
1.226467490196228027e+01
1.231867957115173340e+01
1.227973079681396484e+01
1.221066737174987793e+01
1.233464550971984863e+01
1.236743116378784180e+01
1.228022456169128418e+01
1.227287936210632324e+01
1.239992380142211914e+01
1.238133025169372559e+01
1.224070215225219727e+01
1.246756815910339355e+01
1.249962186813354492e+01
1.245478224754333496e+01
1.245895743370056152e+01
1.240511274337768555e+01
1.244460225105285645e+01
1.206856393814086914e+01
1.238452959060668945e+01
1.243771910667419434e+01
