1.839625835418701172e-01
2.131073474884033203e-01
1.993758678436279297e-01
2.033207416534423828e-01
2.073736190795898438e-01
2.012965679168701172e-01
1.854379177093505859e-01
2.108781337738037109e-01
1.983008384704589844e-01
1.630620956420898438e-01
2.171597480773925781e-01
2.274739742279052734e-01
2.340805530548095703e-01
2.188332080841064453e-01
2.348632812500000000e-01
2.209887504577636719e-01
1.962730884552001953e-01
2.205004692077636719e-01
1.732611656188964844e-01
2.133491039276123047e-01
2.398138046264648438e-01
2.187540531158447266e-01
1.982038021087646484e-01
1.853687763214111328e-01
2.157676219940185547e-01
1.651868820190429688e-01
2.150712013244628906e-01
2.503070831298828125e-01
1.986155509948730469e-01
2.377388477325439453e-01
1.844267845153808594e-01
1.659145355224609375e-01
2.100865840911865234e-01
1.967825889587402344e-01
1.799056529998779297e-01
1.927022933959960938e-01
2.529008388519287109e-01
1.864058971405029297e-01
1.790454387664794922e-01
2.226243019104003906e-01
1.880302429199218750e-01
2.123878002166748047e-01
1.917097568511962891e-01
2.441310882568359375e-01
2.023394107818603516e-01
2.174828052520751953e-01
2.348725795745849609e-01
1.840820312500000000e-01
1.958386898040771484e-01
2.088654041290283203e-01
1.966123580932617188e-01
2.070443630218505859e-01
2.059609889984130859e-01
2.424185276031494141e-01
2.163903713226318359e-01
1.867568492889404297e-01
1.683609485626220703e-01
1.842942237854003906e-01
2.062790393829345703e-01
2.018809318542480469e-01
2.297356128692626953e-01
2.234022617340087891e-01
1.890971660614013672e-01
1.756238937377929688e-01
2.123503684997558594e-01
2.216784954071044922e-01
1.984441280364990234e-01
1.789417266845703125e-01
2.084589004516601562e-01
2.120816707611083984e-01
2.020497322082519531e-01
2.179057598114013672e-01
2.134413719177246094e-01
2.073535919189453125e-01
2.415065765380859375e-01
1.888329982757568359e-01
1.930415630340576172e-01
2.026014328002929688e-01
2.159397602081298828e-01
1.738488674163818359e-01
1.784992218017578125e-01
2.033662796020507812e-01
1.830754280090332031e-01
1.967713832855224609e-01
2.115914821624755859e-01
1.834738254547119141e-01
1.896221637725830078e-01
1.922888755798339844e-01
2.101562023162841797e-01
2.141847610473632812e-01
1.873829364776611328e-01
1.907813549041748047e-01
1.902964115142822266e-01
2.150030136108398438e-01
2.037317752838134766e-01
1.752500534057617188e-01
2.109937667846679688e-01
2.269473075866699219e-01
2.173852920532226562e-01
2.171492576599121094e-01
2.000429630279541016e-01
2.117083072662353516e-01
2.331919670104980469e-01
2.179057598114013672e-01
2.174973487854003906e-01
1.901991367340087891e-01
1.902484893798828125e-01
2.180852890014648438e-01
1.979222297668457031e-01
2.514572143554687500e-01
2.127046585083007812e-01
2.071530818939208984e-01
2.129261493682861328e-01
2.049865722656250000e-01
2.202961444854736328e-01
2.262635231018066406e-01
1.925263404846191406e-01
1.962056159973144531e-01
1.590964794158935547e-01
2.345709800720214844e-01
2.059383392333984375e-01
1.956768035888671875e-01
1.949331760406494141e-01
2.344353199005126953e-01
1.685922145843505859e-01
2.109806537628173828e-01
2.048709392547607422e-01
2.212791442871093750e-01
1.947994232177734375e-01
1.767840385437011719e-01
2.356393337249755859e-01
2.296721935272216797e-01
1.771366596221923828e-01
1.910755634307861328e-01
2.209792137145996094e-01
2.081305980682373047e-01
2.200522422790527344e-01
1.969869136810302734e-01
2.060756683349609375e-01
2.505071163177490234e-01
1.937890052795410156e-01
2.025923728942871094e-01
1.896398067474365234e-01
2.057960033416748047e-01
1.976292133331298828e-01
1.353487968444824219e-01
1.938810348510742188e-01
2.074692249298095703e-01
2.321169376373291016e-01
2.388710975646972656e-01
2.103269100189208984e-01
1.756885051727294922e-01
1.681218147277832031e-01
1.673491001129150391e-01
2.529366016387939453e-01
2.020940780639648438e-01
1.720676422119140625e-01
2.166821956634521484e-01
2.069132328033447266e-01
2.238256931304931641e-01
2.125144004821777344e-01
2.157425880432128906e-01
2.066023349761962891e-01
2.159459590911865234e-01
2.110407352447509766e-01
2.194032669067382812e-01
1.935634613037109375e-01
1.868236064910888672e-01
2.107608318328857422e-01
2.183821201324462891e-01
2.073135375976562500e-01
2.443928718566894531e-01
1.833558082580566406e-01
2.036318778991699219e-01
1.796405315399169922e-01
1.916556358337402344e-01
2.203195095062255859e-01
2.091226577758789062e-01
2.545406818389892578e-01
1.686229705810546875e-01
2.280054092407226562e-01
2.152426242828369141e-01
2.232267856597900391e-01
1.982398033142089844e-01
1.980979442596435547e-01
2.229728698730468750e-01
1.936860084533691406e-01
2.037014961242675781e-01
2.023067474365234375e-01
1.958501338958740234e-01
1.953120231628417969e-01
2.188584804534912109e-01
2.238881587982177734e-01
1.839299201965332031e-01
2.251174449920654297e-01
2.059931755065917969e-01
2.200863361358642578e-01
1.716928482055664062e-01
2.208659648895263672e-01
2.192435264587402344e-01
