1.839492321014404297e-01
2.131202220916748047e-01
1.993501186370849609e-01
2.033078670501708984e-01
2.073380947113037109e-01
2.013032436370849609e-01
1.854066848754882812e-01
2.108714580535888672e-01
1.982800960540771484e-01
1.630558967590332031e-01
2.171485424041748047e-01
2.274262905120849609e-01
2.340579032897949219e-01
2.181713581085205078e-01
2.348296642303466797e-01
2.209730148315429688e-01
1.962542533874511719e-01
2.204904556274414062e-01
1.732270717620849609e-01
2.133591175079345703e-01
2.397780418395996094e-01
2.187285423278808594e-01
1.981801986694335938e-01
1.853590011596679688e-01
2.157530784606933594e-01
1.651794910430908203e-01
2.150397300720214844e-01
2.502501010894775391e-01
1.985509395599365234e-01
2.377128601074218750e-01
1.844086647033691406e-01
1.658940315246582031e-01
2.100589275360107422e-01
1.967430114746093750e-01
1.798703670501708984e-01
1.926898956298828125e-01
2.529058456420898438e-01
1.864192485809326172e-01
1.790275573730468750e-01
2.225868701934814453e-01
1.879882812500000000e-01
2.123508453369140625e-01
1.916944980621337891e-01
2.440886497497558594e-01
2.023098468780517578e-01
2.174313068389892578e-01
2.348380088806152344e-01
1.840634346008300781e-01
1.958644390106201172e-01
2.088582515716552734e-01
1.965963840484619141e-01
2.070074081420898438e-01
2.059645652770996094e-01
2.423872947692871094e-01
2.163565158843994141e-01
1.867296695709228516e-01
1.683239936828613281e-01
1.842887401580810547e-01
2.062330245971679688e-01
2.018795013427734375e-01
2.297084331512451172e-01
2.233004570007324219e-01
1.890721321105957031e-01
1.756188869476318359e-01
2.123279571533203125e-01
2.216861248016357422e-01
1.984086036682128906e-01
1.789109706878662109e-01
2.084398269653320312e-01
2.120792865753173828e-01
2.020108699798583984e-01
2.178821563720703125e-01
2.134194374084472656e-01
2.073211669921875000e-01
2.414491176605224609e-01
1.888222694396972656e-01
1.930239200592041016e-01
2.025766372680664062e-01
2.159378528594970703e-01
1.738431453704833984e-01
1.784744262695312500e-01
2.033772468566894531e-01
1.830408573150634766e-01
1.967461109161376953e-01
2.115573883056640625e-01
1.834859848022460938e-01
1.896092891693115234e-01
1.922736167907714844e-01
2.101361751556396484e-01
2.141427993774414062e-01
1.873629093170166016e-01
1.907558441162109375e-01
1.902780532836914062e-01
2.149801254272460938e-01
2.037019729614257812e-01
1.752245426177978516e-01
2.109398841857910156e-01
2.269427776336669922e-01
2.173812389373779297e-01
2.171487808227539062e-01
2.000403404235839844e-01
2.116630077362060547e-01
2.331671714782714844e-01
2.178525924682617188e-01
2.174470424652099609e-01
1.901793479919433594e-01
1.902213096618652344e-01
2.180886268615722656e-01
1.978943347930908203e-01
2.514066696166992188e-01
2.126586437225341797e-01
2.071306705474853516e-01
2.129206657409667969e-01
2.049469947814941406e-01
2.202804088592529297e-01
2.261848449707031250e-01
1.925323009490966797e-01
1.961996555328369141e-01
1.590881347656250000e-01
2.345430850982666016e-01
2.059235572814941406e-01
1.956732273101806641e-01
1.949372291564941406e-01
2.344062328338623047e-01
1.685478687286376953e-01
2.109758853912353516e-01
2.048592567443847656e-01
2.212467193603515625e-01
1.947605609893798828e-01
1.767790317535400391e-01
2.356135845184326172e-01
2.296266555786132812e-01
1.771211624145507812e-01
1.910629272460937500e-01
2.209663391113281250e-01
2.080852985382080078e-01
2.200353145599365234e-01
1.969671249389648438e-01
2.060666084289550781e-01
2.504916191101074219e-01
1.937708854675292969e-01
2.025415897369384766e-01
1.895792484283447266e-01
2.057962417602539062e-01
1.975982189178466797e-01
1.353404521942138672e-01
1.938490867614746094e-01
2.074611186981201172e-01
2.321171760559082031e-01
2.388324737548828125e-01
2.103030681610107422e-01
1.756601333618164062e-01
1.681065559387207031e-01
1.673402786254882812e-01
2.529337406158447266e-01
2.020776271820068359e-01
1.720769405364990234e-01
2.166516780853271484e-01
2.069079875946044922e-01
2.237761020660400391e-01
2.124853134155273438e-01
2.157175540924072266e-01
2.065911293029785156e-01
2.159178256988525391e-01
2.110424041748046875e-01
2.193470001220703125e-01
1.935539245605468750e-01
1.867756843566894531e-01
2.107224464416503906e-01
2.187902927398681641e-01
2.072515487670898438e-01
2.443835735321044922e-01
1.834630966186523438e-01
2.036170959472656250e-01
1.795940399169921875e-01
1.916246414184570312e-01
2.201724052429199219e-01
2.091152667999267578e-01
2.545173168182373047e-01
1.686205863952636719e-01
2.279922962188720703e-01
2.151179313659667969e-01
2.232193946838378906e-01
1.981990337371826172e-01
1.980693340301513672e-01
2.229561805725097656e-01
1.936674118041992188e-01
2.037160396575927734e-01
2.023067474365234375e-01
1.957783699035644531e-01
1.952736377716064453e-01
2.187976837158203125e-01
2.238383293151855469e-01
1.838150024414062500e-01
2.251098155975341797e-01
2.059774398803710938e-01
2.200934886932373047e-01
1.716508865356445312e-01
2.208795547485351562e-01
2.192411422729492188e-01
