1.837110519409179688e-01
2.128772735595703125e-01
1.999900341033935547e-01
2.034516334533691406e-01
2.070949077606201172e-01
2.009959220886230469e-01
1.852328777313232422e-01
2.105867862701416016e-01
1.980288028717041016e-01
1.629164218902587891e-01
2.169125080108642578e-01
2.271757125854492188e-01
2.337670326232910156e-01
2.185800075531005859e-01
2.346076965332031250e-01
2.206768989562988281e-01
1.960403919219970703e-01
2.201530933380126953e-01
1.730818748474121094e-01
2.130658626556396484e-01
2.394983768463134766e-01
2.184364795684814453e-01
1.979718208312988281e-01
1.851096153259277344e-01
2.154870033264160156e-01
1.649677753448486328e-01
2.147614955902099609e-01
2.500226497650146484e-01
1.982860565185546875e-01
2.373709678649902344e-01
1.841838359832763672e-01
1.656975746154785156e-01
2.098453044891357422e-01
1.965463161468505859e-01
1.796662807464599609e-01
1.924376487731933594e-01
2.525064945220947266e-01
1.861579418182373047e-01
1.788794994354248047e-01
2.224299907684326172e-01
1.877808570861816406e-01
2.120871543884277344e-01
1.914780139923095703e-01
2.438731193542480469e-01
2.020497322082519531e-01
2.172157764434814453e-01
2.344400882720947266e-01
1.839003562927246094e-01
1.955473423004150391e-01
2.085223197937011719e-01
1.963562965393066406e-01
2.067241668701171875e-01
2.056508064270019531e-01
2.421193122863769531e-01
2.160985469818115234e-01
1.865727901458740234e-01
1.689803600311279297e-01
1.841073036193847656e-01
2.059807777404785156e-01
2.015919685363769531e-01
2.294070720672607422e-01
2.230558395385742188e-01
1.888470649719238281e-01
1.753687858581542969e-01
2.121572494506835938e-01
2.214720249176025391e-01
1.981132030487060547e-01
1.786513328552246094e-01
2.082192897796630859e-01
2.118067741394042969e-01
2.017679214477539062e-01
2.176160812377929688e-01
2.131881713867187500e-01
2.070968151092529297e-01
2.411222457885742188e-01
1.885964870452880859e-01
1.928029060363769531e-01
2.023067474365234375e-01
2.156548500061035156e-01
1.736159324645996094e-01
1.782512664794921875e-01
2.031474113464355469e-01
1.828396320343017578e-01
1.965494155883789062e-01
2.113428115844726562e-01
1.832745075225830078e-01
1.893713474273681641e-01
1.920461654663085938e-01
2.098529338836669922e-01
2.140069007873535156e-01
1.871335506439208984e-01
1.905655860900878906e-01
1.901092529296875000e-01
2.147879600524902344e-01
2.033884525299072266e-01
1.750094890594482422e-01
2.106502056121826172e-01
2.266306877136230469e-01
2.170732021331787109e-01
2.173614501953125000e-01
1.997773647308349609e-01
2.114219665527343750e-01
2.328584194183349609e-01
2.176029682159423828e-01
2.172124385833740234e-01
1.900007724761962891e-01
1.900799274444580078e-01
2.177653312683105469e-01
1.976499557495117188e-01
2.509648799896240234e-01
2.124066352844238281e-01
2.068469524383544922e-01
2.125756740570068359e-01
2.046284675598144531e-01
2.199611663818359375e-01
2.260603904724121094e-01
1.922836303710937500e-01
1.959826946258544922e-01
1.588771343231201172e-01
2.342278957366943359e-01
2.056367397308349609e-01
1.953878402709960938e-01
1.946442127227783203e-01
2.341194152832031250e-01
1.682791709899902344e-01
2.106597423553466797e-01
2.046592235565185547e-01
2.210597991943359375e-01
1.945648193359375000e-01
1.765189170837402344e-01
2.352945804595947266e-01
2.293696403503417969e-01
1.768488883972167969e-01
1.908864974975585938e-01
2.207105159759521484e-01
2.078032493591308594e-01
2.197134494781494141e-01
1.967227458953857422e-01
2.057666778564453125e-01
2.501916885375976562e-01
1.936533451080322266e-01
2.022912502288818359e-01
1.899120807647705078e-01
2.055253982543945312e-01
1.972928047180175781e-01
1.352510452270507812e-01
1.936397552490234375e-01
2.072491645812988281e-01
2.317872047424316406e-01
2.385671138763427734e-01
2.100028991699218750e-01
1.755344867706298828e-01
1.679110527038574219e-01
1.671276092529296875e-01
2.525041103363037109e-01
2.017896175384521484e-01
1.717932224273681641e-01
2.164347171783447266e-01
2.066097259521484375e-01
2.234733104705810547e-01
2.122032642364501953e-01
2.153306007385253906e-01
2.063722610473632812e-01
2.156412601470947266e-01
2.107117176055908203e-01
2.190430164337158203e-01
1.932716369628906250e-01
1.865105628967285156e-01
2.103972434997558594e-01
2.185342311859130859e-01
2.069323062896728516e-01
2.440941333770751953e-01
1.833133697509765625e-01
2.032928466796875000e-01
1.793212890625000000e-01
1.913380622863769531e-01
2.199139595031738281e-01
2.088546752929687500e-01
2.542605400085449219e-01
1.683583259582519531e-01
2.277233600616455078e-01
2.149212360382080078e-01
2.229521274566650391e-01
1.980106830596923828e-01
1.978607177734375000e-01
2.226936817169189453e-01
1.934163570404052734e-01
2.034444808959960938e-01
2.020123004913330078e-01
1.955249309539794922e-01
1.950504779815673828e-01
2.185461521148681641e-01
2.236185073852539062e-01
1.836416721343994141e-01
2.248578071594238281e-01
2.056825160980224609e-01
2.197439670562744141e-01
1.715075969696044922e-01
2.205297946929931641e-01
2.188789844512939453e-01
