2.240883851051330566e+01
2.239353919029235840e+01
2.253699064254760742e+01
2.238605356216430664e+01
2.257068061828613281e+01
2.223057842254638672e+01
2.272268199920654297e+01
2.267217850685119629e+01
2.308571791648864746e+01
2.243345832824707031e+01
2.280995893478393555e+01
2.272516679763793945e+01
2.278477692604064941e+01
2.310409474372863770e+01
2.276331663131713867e+01
2.303685784339904785e+01
2.251252198219299316e+01
2.269273400306701660e+01
2.236525321006774902e+01
2.307807326316833496e+01
2.276955819129943848e+01
2.290158271789550781e+01
2.263158679008483887e+01
2.262819576263427734e+01
2.277646183967590332e+01
2.298289513587951660e+01
2.286925029754638672e+01
2.328623795509338379e+01
2.281758761405944824e+01
2.283978462219238281e+01
2.261773157119750977e+01
2.262407326698303223e+01
2.258461189270019531e+01
2.281206369400024414e+01
2.255123376846313477e+01
2.303904104232788086e+01
2.295760726928710938e+01
2.298006963729858398e+01
2.243092226982116699e+01
2.278831052780151367e+01
2.264828538894653320e+01
2.325592207908630371e+01
2.268171548843383789e+01
2.304987764358520508e+01
2.279346370697021484e+01
2.286438512802124023e+01
2.285690879821777344e+01
2.256368017196655273e+01
2.264061141014099121e+01
2.299093604087829590e+01
2.284259295463562012e+01
2.291977858543395996e+01
2.294383692741394043e+01
2.278631639480590820e+01
2.274619674682617188e+01
2.291098523139953613e+01
2.233663058280944824e+01
2.299269318580627441e+01
2.286498522758483887e+01
2.275703835487365723e+01
2.295606255531311035e+01
2.271903085708618164e+01
2.242673659324645996e+01
2.259942507743835449e+01
2.302833938598632812e+01
2.265843677520751953e+01
2.280027222633361816e+01
2.277224636077880859e+01
2.255978178977966309e+01
2.243827080726623535e+01
2.254645514488220215e+01
2.268088889122009277e+01
2.294974207878112793e+01
2.272011709213256836e+01
2.294284558296203613e+01
2.265613079071044922e+01
2.255250120162963867e+01
2.266098213195800781e+01
2.281004285812377930e+01
2.257849478721618652e+01
2.261005711555480957e+01
2.263492035865783691e+01
2.296403050422668457e+01
2.281222057342529297e+01
2.261423540115356445e+01
2.237885522842407227e+01
2.294200205802917480e+01
2.276007032394409180e+01
2.271596360206604004e+01
2.306833529472351074e+01
2.278694844245910645e+01
2.269691109657287598e+01
2.308442163467407227e+01
2.292229223251342773e+01
2.286261868476867676e+01
2.266377139091491699e+01
2.313934922218322754e+01
2.264823412895202637e+01
2.293306779861450195e+01
2.273255777359008789e+01
2.263259243965148926e+01
2.271739435195922852e+01
2.304816484451293945e+01
2.312669467926025391e+01
2.262065982818603516e+01
2.237367343902587891e+01
2.257421827316284180e+01
2.308198642730712891e+01
2.276643204689025879e+01
2.282421112060546875e+01
2.275065803527832031e+01
2.279256153106689453e+01
2.279109120368957520e+01
2.266856360435485840e+01
2.301405930519104004e+01
2.287288832664489746e+01
2.267213892936706543e+01
2.289054226875305176e+01
2.265432476997375488e+01
2.324404191970825195e+01
2.296027326583862305e+01
2.281137776374816895e+01
2.279325580596923828e+01
2.295369529724121094e+01
2.236681103706359863e+01
2.284710168838500977e+01
2.304431772232055664e+01
2.270499348640441895e+01
2.269334840774536133e+01
2.251961851119995117e+01
2.289960765838623047e+01
2.284946227073669434e+01
2.262195539474487305e+01
2.257535505294799805e+01
2.273635053634643555e+01
2.249488973617553711e+01
2.274853920936584473e+01
2.285630345344543457e+01
2.302444195747375488e+01
2.297233915328979492e+01
2.267144179344177246e+01
2.261648368835449219e+01
2.253201937675476074e+01
2.264501810073852539e+01
2.282643246650695801e+01
2.257598543167114258e+01
2.272781181335449219e+01
2.282063746452331543e+01
2.282783770561218262e+01
2.294878792762756348e+01
2.290779232978820801e+01
2.262517929077148438e+01
2.253383374214172363e+01
2.259016132354736328e+01
2.287862205505371094e+01
2.244430518150329590e+01
2.260629487037658691e+01
2.277877259254455566e+01
2.270627617835998535e+01
2.261910963058471680e+01
2.288322496414184570e+01
2.287669849395751953e+01
2.268175745010375977e+01
2.296868610382080078e+01
2.264176201820373535e+01
2.240435099601745605e+01
2.226772999763488770e+01
2.287128496170043945e+01
2.293442249298095703e+01
2.266925501823425293e+01
2.256571698188781738e+01
2.277139449119567871e+01
2.279066133499145508e+01
2.294345879554748535e+01
2.243283152580261230e+01
2.264925932884216309e+01
2.290639162063598633e+01
2.265924310684204102e+01
2.330290246009826660e+01
2.269482564926147461e+01
2.284224033355712891e+01
2.267213749885559082e+01
2.288776969909667969e+01
2.241885495185852051e+01
2.265061140060424805e+01
2.300998163223266602e+01
2.270697307586669922e+01
2.270394682884216309e+01
2.232107424736022949e+01
2.258012461662292480e+01
2.275682139396667480e+01
2.282921290397644043e+01
2.273612046241760254e+01
2.230652618408203125e+01
2.327810788154602051e+01
2.309021210670471191e+01
2.324347615242004395e+01
2.249637055397033691e+01
2.284302258491516113e+01
2.284538030624389648e+01
