1.296212744712829590e+01
1.243806576728820801e+01
1.244131565093994141e+01
1.241449165344238281e+01
1.236670637130737305e+01
1.228216838836669922e+01
1.259504199028015137e+01
1.246404123306274414e+01
1.256173348426818848e+01
1.238285923004150391e+01
1.249054598808288574e+01
1.261092233657836914e+01
1.260146450996398926e+01
1.266531085968017578e+01
1.265497446060180664e+01
1.269305443763732910e+01
1.242751049995422363e+01
1.262276220321655273e+01
1.230166840553283691e+01
1.259691596031188965e+01
1.271045875549316406e+01
1.258261322975158691e+01
1.271495485305786133e+01
1.248210644721984863e+01
1.262361240386962891e+01
1.245139932632446289e+01
1.261741805076599121e+01
1.265480279922485352e+01
1.262469816207885742e+01
1.267366862297058105e+01
1.248170828819274902e+01
1.243535566329956055e+01
1.265192222595214844e+01
1.255539298057556152e+01
1.245454144477844238e+01
1.263249850273132324e+01
1.263751745223999023e+01
1.253670597076416016e+01
1.251293373107910156e+01
1.275730490684509277e+01
1.252555608749389648e+01
1.267391204833984375e+01
1.250120854377746582e+01
1.272498536109924316e+01
1.262474846839904785e+01
1.266285514831542969e+01
1.266658091545104980e+01
1.261732244491577148e+01
1.239399051666259766e+01
1.260991144180297852e+01
1.256846404075622559e+01
1.259845209121704102e+01
1.258169698715209961e+01
1.263666653633117676e+01
1.255907034873962402e+01
1.250692272186279297e+01
1.239980626106262207e+01
1.242867040634155273e+01
1.249402403831481934e+01
1.260991191864013672e+01
1.267046809196472168e+01
1.255550694465637207e+01
1.254566359519958496e+01
1.248363089561462402e+01
1.242359900474548340e+01
1.242178225517272949e+01
1.249887585639953613e+01
1.243859481811523438e+01
1.249587392807006836e+01
1.262105250358581543e+01
1.221544027328491211e+01
1.260538816452026367e+01
1.255699133872985840e+01
1.258562445640563965e+01
1.269777894020080566e+01
1.255581235885620117e+01
1.236751556396484375e+01
1.248174047470092773e+01
1.269026803970336914e+01
1.241236996650695801e+01
1.238036704063415527e+01
1.264039397239685059e+01
1.246594166755676270e+01
1.255825591087341309e+01
1.257593560218811035e+01
1.232459306716918945e+01
1.252463126182556152e+01
1.256569147109985352e+01
1.245223402976989746e+01
1.259301233291625977e+01
1.251630616188049316e+01
1.258604145050048828e+01
1.256977820396423340e+01
1.265034055709838867e+01
1.264518690109252930e+01
1.244997334480285645e+01
1.267748594284057617e+01
1.266137719154357910e+01
1.247955965995788574e+01
1.260868692398071289e+01
1.260086584091186523e+01
1.262058115005493164e+01
1.261030817031860352e+01
1.269648838043212891e+01
1.255407071113586426e+01
1.238438725471496582e+01
1.239029741287231445e+01
1.264372086524963379e+01
1.250712132453918457e+01
1.264753890037536621e+01
1.260819697380065918e+01
1.260561537742614746e+01
1.255955886840820312e+01
1.255143165588378906e+01
1.261724948883056641e+01
1.257700991630554199e+01
1.242228126525878906e+01
1.259555482864379883e+01
1.232671713829040527e+01
1.264257979393005371e+01
1.255542135238647461e+01
1.255505323410034180e+01
1.258150649070739746e+01
1.259749865531921387e+01
1.239886069297790527e+01
1.268321776390075684e+01
1.260265707969665527e+01
1.253537106513977051e+01
1.260623860359191895e+01
1.229475212097167969e+01
1.259002757072448730e+01
1.262419223785400391e+01
1.250573754310607910e+01
1.255540657043457031e+01
1.235350728034973145e+01
1.242214107513427734e+01
1.250587844848632812e+01
1.258239293098449707e+01
1.263878250122070312e+01
1.261111259460449219e+01
1.256137180328369141e+01
1.258567166328430176e+01
1.252930688858032227e+01
1.253020620346069336e+01
1.253950119018554688e+01
1.251479935646057129e+01
1.253603053092956543e+01
1.257494497299194336e+01
1.260434675216674805e+01
1.265704250335693359e+01
1.264534974098205566e+01
1.237623929977416992e+01
1.252042436599731445e+01
1.230906820297241211e+01
1.270833945274353027e+01
1.241105628013610840e+01
1.242587804794311523e+01
1.265743851661682129e+01
1.249936747550964355e+01
1.266005015373229980e+01
1.243993473052978516e+01
1.251325869560241699e+01
1.250436925888061523e+01
1.278887200355529785e+01
1.254618287086486816e+01
1.257419419288635254e+01
1.247499799728393555e+01
1.242934679985046387e+01
1.237986111640930176e+01
1.251587700843811035e+01
1.273917698860168457e+01
1.261738848686218262e+01
1.237856721878051758e+01
1.264439725875854492e+01
1.241897082328796387e+01
1.247081255912780762e+01
1.247743439674377441e+01
1.262239980697631836e+01
1.267048382759094238e+01
1.246719002723693848e+01
1.249242568016052246e+01
1.253365778923034668e+01
1.250270032882690430e+01
1.240868425369262695e+01
1.253251361846923828e+01
1.259015941619873047e+01
1.247367596626281738e+01
1.247632408142089844e+01
1.260196423530578613e+01
1.257689976692199707e+01
1.243580985069274902e+01
1.268613815307617188e+01
1.272328281402587891e+01
1.263846635818481445e+01
1.268387603759765625e+01
1.261083292961120605e+01
1.266435289382934570e+01
1.224006724357604980e+01
1.260510158538818359e+01
1.265666580200195312e+01
