1.000000000000000000e+01
1.710999870300292969e+01
1.527999973297119141e+01
1.793999862670898438e+01
1.561999988555908203e+01
1.885000038146972656e+01
1.971999931335449219e+01
2.401999855041503906e+01
2.204999923706054688e+01
2.101999855041503906e+01
2.262999916076660156e+01
2.525000000000000000e+01
2.630999946594238281e+01
2.439999961853027344e+01
2.095999908447265625e+01
2.619999885559082031e+01
2.390999984741210938e+01
2.609000015258789062e+01
2.459999847412109375e+01
2.584000015258789062e+01
2.862999916076660156e+01
2.831999969482421875e+01
2.637999916076660156e+01
2.701999855041503906e+01
3.190999984741210938e+01
2.778999900817871094e+01
2.603999900817871094e+01
2.560999870300292969e+01
2.994999885559082031e+01
3.222999954223632812e+01
2.992000007629394531e+01
2.990999984741210938e+01
2.842999839782714844e+01
3.025999832153320312e+01
3.293999862670898438e+01
2.911999893188476562e+01
3.077999877929687500e+01
2.996999931335449219e+01
2.938999938964843750e+01
3.113999938964843750e+01
3.127999877929687500e+01
3.220000076293945312e+01
3.180999946594238281e+01
2.701000022888183594e+01
3.097999954223632812e+01
3.320999908447265625e+01
2.994999885559082031e+01
3.111999893188476562e+01
3.275999832153320312e+01
3.255999755859375000e+01
3.281999969482421875e+01
3.096999931335449219e+01
2.847999954223632812e+01
2.753999900817871094e+01
3.227999877929687500e+01
3.175999832153320312e+01
3.159000015258789062e+01
3.379999923706054688e+01
2.784000015258789062e+01
3.018999862670898438e+01
3.288999938964843750e+01
2.892999839782714844e+01
2.298999977111816406e+01
3.184999847412109375e+01
3.232999801635742188e+01
2.694999885559082031e+01
3.019999885559082031e+01
3.204999923706054688e+01
3.073999977111816406e+01
3.295000076293945312e+01
3.185999870300292969e+01
3.054999923706054688e+01
3.182999992370605469e+01
3.180999946594238281e+01
3.238000106811523438e+01
2.818999862670898438e+01
3.021999931335449219e+01
3.075999832153320312e+01
2.892000007629394531e+01
3.022999954223632812e+01
3.293999862670898438e+01
2.946999931335449219e+01
3.017000007629394531e+01
3.198999977111816406e+01
3.200000000000000000e+01
3.145999908447265625e+01
3.202999877929687500e+01
3.293000030517578125e+01
3.204999923706054688e+01
3.216999816894531250e+01
3.234000015258789062e+01
3.216999816894531250e+01
3.325999832153320312e+01
3.327999877929687500e+01
3.437999725341796875e+01
3.290999984741210938e+01
3.221999740600585938e+01
3.398999786376953125e+01
3.163999938964843750e+01
3.206999969482421875e+01
3.479000091552734375e+01
3.513999938964843750e+01
3.566999816894531250e+01
3.597999954223632812e+01
3.552999877929687500e+01
3.659999847412109375e+01
3.652999877929687500e+01
3.679999923706054688e+01
3.620999908447265625e+01
3.638999938964843750e+01
3.706999969482421875e+01
3.502000045776367188e+01
3.604999923706054688e+01
3.752999877929687500e+01
3.612999725341796875e+01
3.547999954223632812e+01
3.746999740600585938e+01
3.722999954223632812e+01
3.804000091552734375e+01
3.798999786376953125e+01
3.684999847412109375e+01
3.843999862670898438e+01
3.872999954223632812e+01
3.804999923706054688e+01
3.768999862670898438e+01
3.722999954223632812e+01
3.848999786376953125e+01
3.815999984741210938e+01
3.855999755859375000e+01
3.837999725341796875e+01
3.831999969482421875e+01
3.779999923706054688e+01
3.868000030517578125e+01
3.818999862670898438e+01
3.905999755859375000e+01
3.843000030517578125e+01
3.854999923706054688e+01
3.868000030517578125e+01
3.863999938964843750e+01
3.904999923706054688e+01
3.927000045776367188e+01
3.886999893188476562e+01
3.857999801635742188e+01
3.936999893188476562e+01
3.879999923706054688e+01
3.893000030517578125e+01
3.936999893188476562e+01
3.830999755859375000e+01
3.871999740600585938e+01
3.845000076293945312e+01
3.890999984741210938e+01
3.886999893188476562e+01
3.884999847412109375e+01
3.875999832153320312e+01
3.857999801635742188e+01
3.877999877929687500e+01
3.879999923706054688e+01
3.890999984741210938e+01
3.898999786376953125e+01
3.879000091552734375e+01
3.893999862670898438e+01
3.895999908447265625e+01
3.884999847412109375e+01
3.879999923706054688e+01
3.907999801635742188e+01
3.909999847412109375e+01
3.902999877929687500e+01
3.880999755859375000e+01
3.921999740600585938e+01
3.890999984741210938e+01
3.914999771118164062e+01
3.879999923706054688e+01
3.914999771118164062e+01
3.928999710083007812e+01
3.900999832153320312e+01
3.891999816894531250e+01
3.911999893188476562e+01
3.909000015258789062e+01
3.913999938964843750e+01
3.896999740600585938e+01
3.904999923706054688e+01
3.893000030517578125e+01
3.889999771118164062e+01
3.904000091552734375e+01
3.907999801635742188e+01
3.905999755859375000e+01
3.916999816894531250e+01
3.922999954223632812e+01
3.916999816894531250e+01
3.909999847412109375e+01
3.915999984741210938e+01
3.902000045776367188e+01
3.912999725341796875e+01
3.909999847412109375e+01
3.929999923706054688e+01
3.934999847412109375e+01
3.940999984741210938e+01
3.938999938964843750e+01
3.914999771118164062e+01
3.918000030517578125e+01
