2.243010830879211426e+01
2.206730794906616211e+01
2.221681308746337891e+01
2.240645623207092285e+01
2.177571916580200195e+01
2.207537841796875000e+01
2.218952417373657227e+01
2.210629510879516602e+01
2.243753647804260254e+01
2.197102403640747070e+01
2.208710646629333496e+01
2.216745805740356445e+01
2.278300023078918457e+01
2.250575613975524902e+01
2.233773565292358398e+01
2.237594723701477051e+01
2.204861354827880859e+01
2.237322974205017090e+01
2.193389558792114258e+01
2.213772296905517578e+01
2.232295680046081543e+01
2.223087263107299805e+01
2.210208582878112793e+01
2.228189373016357422e+01
2.224334478378295898e+01
2.222654080390930176e+01
2.221141529083251953e+01
2.234980487823486328e+01
2.229250621795654297e+01
2.263727474212646484e+01
2.203388500213623047e+01
2.225629258155822754e+01
2.242637014389038086e+01
2.205700469017028809e+01
2.207034635543823242e+01
2.212028884887695312e+01
2.230474662780761719e+01
2.200770974159240723e+01
2.203375387191772461e+01
2.228803491592407227e+01
2.213649010658264160e+01
2.243970966339111328e+01
2.209863185882568359e+01
2.246371483802795410e+01
2.222868728637695312e+01
2.269604659080505371e+01
2.261597466468811035e+01
2.228303432464599609e+01
2.194249105453491211e+01
2.267141270637512207e+01
2.208407473564147949e+01
2.230940771102905273e+01
2.208991479873657227e+01
2.267842006683349609e+01
2.248161625862121582e+01
2.203645133972167969e+01
2.206368684768676758e+01
2.247076129913330078e+01
2.210571646690368652e+01
2.213507246971130371e+01
2.231637120246887207e+01
2.259711098670959473e+01
2.229516077041625977e+01
2.202567529678344727e+01
2.223545980453491211e+01
2.262767004966735840e+01
2.228800344467163086e+01
2.223196697235107422e+01
2.244440221786499023e+01
2.242424106597900391e+01
2.198162460327148438e+01
2.228033185005187988e+01
2.220347571372985840e+01
2.223456025123596191e+01
2.262434363365173340e+01
2.219828867912292480e+01
2.195642137527465820e+01
2.229324746131896973e+01
2.241425848007202148e+01
2.214167642593383789e+01
2.224126887321472168e+01
2.216600441932678223e+01
2.211562013626098633e+01
2.222755742073059082e+01
2.229107546806335449e+01
2.218629288673400879e+01
2.280881166458129883e+01
2.208395743370056152e+01
2.259970808029174805e+01
2.260720705986022949e+01
2.218394136428833008e+01
2.210674190521240234e+01
2.208037781715393066e+01
2.231569170951843262e+01
2.231978535652160645e+01
2.234953451156616211e+01
2.223934197425842285e+01
2.227298069000244141e+01
2.222927999496459961e+01
2.225905418395996094e+01
2.222606158256530762e+01
2.218182730674743652e+01
2.273354792594909668e+01
2.254025602340698242e+01
2.219029712677001953e+01
2.200918316841125488e+01
2.247835254669189453e+01
2.239889764785766602e+01
2.228678870201110840e+01
2.243007659912109375e+01
2.241780424118041992e+01
2.223791551589965820e+01
2.232524347305297852e+01
2.218772149085998535e+01
2.223089122772216797e+01
2.224401211738586426e+01
2.243942427635192871e+01
2.216711354255676270e+01
2.176152300834655762e+01
2.243973922729492188e+01
2.246613359451293945e+01
2.209178948402404785e+01
2.216501736640930176e+01
2.293578910827636719e+01
2.224331808090209961e+01
2.223862290382385254e+01
2.295660877227783203e+01
2.232420825958251953e+01
2.218314433097839355e+01
2.177277064323425293e+01
2.250564861297607422e+01
2.260963892936706543e+01
2.200777411460876465e+01
2.244600486755371094e+01
2.240263938903808594e+01
2.247417736053466797e+01
2.278013134002685547e+01
2.207374286651611328e+01
2.242403602600097656e+01
2.239296507835388184e+01
2.259680938720703125e+01
2.213246226310729980e+01
2.253494811058044434e+01
2.215006017684936523e+01
2.252065539360046387e+01
2.242407751083374023e+01
2.233846235275268555e+01
2.263349342346191406e+01
2.254377436637878418e+01
2.241481304168701172e+01
2.216671586036682129e+01
2.218251824378967285e+01
2.225292658805847168e+01
2.232926893234252930e+01
2.239169812202453613e+01
2.236117696762084961e+01
2.217702817916870117e+01
2.274168133735656738e+01
2.232882857322692871e+01
2.268660140037536621e+01
2.224738812446594238e+01
2.251747775077819824e+01
2.210351538658142090e+01
2.222941040992736816e+01
2.235771894454956055e+01
2.214078307151794434e+01
2.223807358741760254e+01
2.194566965103149414e+01
2.216211795806884766e+01
2.215096640586853027e+01
2.217614912986755371e+01
2.275415587425231934e+01
2.203222966194152832e+01
2.249277687072753906e+01
2.217302346229553223e+01
2.199968218803405762e+01
2.267240118980407715e+01
2.232226371765136719e+01
2.241473412513732910e+01
2.195819211006164551e+01
2.236249423027038574e+01
2.221639347076416016e+01
2.231603837013244629e+01
2.214475059509277344e+01
2.218883872032165527e+01
2.222666764259338379e+01
2.231652808189392090e+01
2.228699636459350586e+01
2.223818325996398926e+01
2.210776662826538086e+01
2.232456970214843750e+01
2.228980064392089844e+01
2.220424771308898926e+01
2.206048941612243652e+01
2.283217406272888184e+01
2.270911455154418945e+01
2.224717903137207031e+01
2.215681362152099609e+01
2.261939597129821777e+01
2.227735638618469238e+01
