2.568935880584716891e+00
2.451852388458251930e+00
2.393223599243163857e+00
2.348742482299804646e+00
2.261715705108642727e+00
2.224991103820800564e+00
2.198369947052002171e+00
2.190338197402954101e+00
2.186246049346924014e+00
2.138154203109741136e+00
2.123959108200073054e+00
2.094969719924926643e+00
2.042181828536987265e+00
2.028927798309326125e+00
2.025242872390747184e+00
2.012161104202270678e+00
2.038904603309631192e+00
1.984435377426147395e+00
1.976441318168640215e+00
1.983900851364135631e+00
1.947527634124755824e+00
1.971054340782165459e+00
1.966422185211181617e+00
1.960292147407531660e+00
1.953459743576049901e+00
1.949491954345703215e+00
1.928622487716674883e+00
1.903504200553894021e+00
1.932742147827148482e+00
1.933395078506469744e+00
1.917909433631896921e+00
1.922197226295471184e+00
1.909897911376953195e+00
1.916145573425293014e+00
1.945097891998291084e+00
1.919014007797241295e+00
1.920048908920288122e+00
1.912606234474182099e+00
1.922152152938842784e+00
1.903449303932190029e+00
1.890998528938293566e+00
1.919139589576721150e+00
1.937636033973693772e+00
1.908414904747009366e+00
1.926552677612304754e+00
1.927570784835815454e+00
1.920227301940917952e+00
1.955009798774719254e+00
1.936419852294921862e+00
1.926063597450256237e+00
1.947359424743652312e+00
1.935798938903808608e+00
1.938868593750000091e+00
1.940485664672851662e+00
1.912340251007080161e+00
1.923312602348327571e+00
1.980830232276916458e+00
1.951307746810913013e+00
1.970031580619812095e+00
1.951860007629394600e+00
1.936290776519775436e+00
1.974431859092712349e+00
1.944275844726562452e+00
1.947633320083618225e+00
1.949465218315124426e+00
1.932498262405395462e+00
1.945875157814025869e+00
1.957112792205810470e+00
1.945757450027465918e+00
1.963797299957275477e+00
1.957035908317565909e+00
1.962345421447753813e+00
1.947154575424194345e+00
1.971898973197937055e+00
1.957719145812988337e+00
1.945389233665466344e+00
1.977183500099182201e+00
1.945777100372314550e+00
1.918060512847900467e+00
1.955159406967163171e+00
1.947643521385192811e+00
1.936297649765014617e+00
1.950296035270690842e+00
1.955305140838623057e+00
1.929958719215393081e+00
1.972956602706909202e+00
1.942380995178222713e+00
1.927741091537475526e+00
1.933211594161987401e+00
1.917587606201171857e+00
1.928035368118286241e+00
1.951708916206359890e+00
1.946466811599731450e+00
1.941671154785156173e+00
1.908377442703247162e+00
1.930182976417541552e+00
1.939037766189575240e+00
1.921625463180542059e+00
1.917773013916015623e+00
1.956411345596313467e+00
1.794591450119018550e+00
1.781129480209350691e+00
1.775830307922363183e+00
1.768894417533874552e+00
1.760084848899841292e+00
1.764596344985961851e+00
1.749615010643005286e+00
1.775378751068115157e+00
1.765135112686157193e+00
1.735034776802063083e+00
1.780243582420349080e+00
1.773411394042968769e+00
1.746867827377319271e+00
1.742768753890991285e+00
1.752956064186096174e+00
1.749420905799865755e+00
1.761708103942871029e+00
1.747643227729797299e+00
1.752187156143188540e+00
1.746394890136718780e+00
1.761611038703918553e+00
1.737185660209655813e+00
1.735862970237731950e+00
1.742249394378662108e+00
1.762339368019103958e+00
1.743957550201415962e+00
1.735980072364807114e+00
1.748255788497924845e+00
1.745534411506652894e+00
1.728350883026122942e+00
1.735282619514465274e+00
1.742194109764099164e+00
1.737745187950134218e+00
1.743874779815673737e+00
1.731363815307617182e+00
1.755334739456176685e+00
1.755092527694702254e+00
1.780481919174194294e+00
1.777131895370483328e+00
1.748111440505981440e+00
1.760067239608764655e+00
1.765090608940124595e+00
1.765803333663940489e+00
1.754768551101684615e+00
1.746066933441162039e+00
1.772932450180053632e+00
1.762039929199218813e+00
1.768358095321655332e+00
1.777144134368896511e+00
1.772132407379150454e+00
1.750514820480346678e+00
1.759080024223327543e+00
1.733630015563964788e+00
1.740254698486328078e+00
1.733668238105773973e+00
1.722201935958862284e+00
1.739594383735656669e+00
1.745673423538208091e+00
1.742226407165527347e+00
1.751605347633361731e+00
1.732958982620239174e+00
1.735380170440673719e+00
1.740737652626037635e+00
1.724045284614563078e+00
1.751528674354553283e+00
1.736637273063659670e+00
1.731851238784789970e+00
1.733943862113952683e+00
1.735540987701416071e+00
1.732854062614440860e+00
1.741025859413146915e+00
1.739383475074768093e+00
1.718428868713378854e+00
1.741742514305114842e+00
1.737369202957153247e+00
1.754574407005309977e+00
1.746826853561401327e+00
1.742044729347228982e+00
1.735633888015747139e+00
1.746483532791137661e+00
1.736353535537719761e+00
1.748024730224609469e+00
1.747247434921264553e+00
1.734110461196899378e+00
1.739288981819152813e+00
1.757452817001342815e+00
1.758297151718139606e+00
1.744907942199707129e+00
1.748908739318847605e+00
1.743722444801330651e+00
1.752790026626587006e+00
1.730628730850219732e+00
1.734666977233886742e+00
1.740590048522949296e+00
1.735697602005004780e+00
1.749186479721069443e+00
1.723487617301940888e+00
1.727055216331481846e+00
1.745894426231384244e+00
1.731590714988708424e+00
