2.244893980026245117e+01
2.204877758026123047e+01
2.242414021492004395e+01
2.193724536895751953e+01
2.238565063476562500e+01
2.194552826881408691e+01
2.212491154670715332e+01
2.216262149810791016e+01
2.205522203445434570e+01
2.203101444244384766e+01
2.227838683128356934e+01
2.242688274383544922e+01
2.224063491821289062e+01
2.257896757125854492e+01
2.230184292793273926e+01
2.239328598976135254e+01
2.218874311447143555e+01
2.234264302253723145e+01
2.185377645492553711e+01
2.271885108947753906e+01
2.248357129096984863e+01
2.220996475219726562e+01
2.268867826461791992e+01
2.195455765724182129e+01
2.224133539199829102e+01
2.238989353179931641e+01
2.249502968788146973e+01
2.287230253219604492e+01
2.213369297981262207e+01
2.244569253921508789e+01
2.212991189956665039e+01
2.227271580696105957e+01
2.240523791313171387e+01
2.231019949913024902e+01
2.196548175811767578e+01
2.248755455017089844e+01
2.257311940193176270e+01
2.213981604576110840e+01
2.206502413749694824e+01
2.273789000511169434e+01
2.203712391853332520e+01
2.244445991516113281e+01
2.225530982017517090e+01
2.257862257957458496e+01
2.240858244895935059e+01
2.246495008468627930e+01
2.234533405303955078e+01
2.222181224822998047e+01
2.207900881767272949e+01
2.226316380500793457e+01
2.217442035675048828e+01
2.224337244033813477e+01
2.218354249000549316e+01
2.232905888557434082e+01
2.233670639991760254e+01
2.256447434425354004e+01
2.229344248771667480e+01
2.198534107208251953e+01
2.224380183219909668e+01
2.239654588699340820e+01
2.255296897888183594e+01
2.218125152587890625e+01
2.208205199241638184e+01
2.200416517257690430e+01
2.242967128753662109e+01
2.215454149246215820e+01
2.205330920219421387e+01
2.198132753372192383e+01
2.214937114715576172e+01
2.222054767608642578e+01
2.222532439231872559e+01
2.225766301155090332e+01
2.223000812530517578e+01
2.254774379730224609e+01
2.246118855476379395e+01
2.222301220893859863e+01
2.259350800514221191e+01
2.205121755599975586e+01
2.245001935958862305e+01
2.184505224227905273e+01
2.223104190826416016e+01
2.216044664382934570e+01
2.271181917190551758e+01
2.240297555923461914e+01
2.217476749420166016e+01
2.192279028892517090e+01
2.201238965988159180e+01
2.241930270195007324e+01
2.210191178321838379e+01
2.260362315177917480e+01
2.213296961784362793e+01
2.211601710319519043e+01
2.272260737419128418e+01
2.227327132225036621e+01
2.217035102844238281e+01
2.208706545829772949e+01
2.241649961471557617e+01
2.253238224983215332e+01
2.212827968597412109e+01
2.232941555976867676e+01
2.217388534545898438e+01
2.220020413398742676e+01
2.267001557350158691e+01
2.281675338745117188e+01
2.223009681701660156e+01
2.207761716842651367e+01
2.196581649780273438e+01
2.247615480422973633e+01
2.201474022865295410e+01
2.250709629058837891e+01
2.218214297294616699e+01
2.267492794990539551e+01
2.222986674308776855e+01
2.235259199142456055e+01
2.243324875831604004e+01
2.225621962547302246e+01
2.195899939537048340e+01
2.219101715087890625e+01
2.176894426345825195e+01
2.232026171684265137e+01
2.210416030883789062e+01
2.238526535034179688e+01
2.222194337844848633e+01
2.239783334732055664e+01
2.225457620620727539e+01
2.258805847167968750e+01
2.239429187774658203e+01
2.218063902854919434e+01
2.238398456573486328e+01
2.222592425346374512e+01
2.236660194396972656e+01
2.260814142227172852e+01
2.225864982604980469e+01
2.208074188232421875e+01
2.198301815986633301e+01
2.211133813858032227e+01
2.227079963684082031e+01
2.243465185165405273e+01
2.221123814582824707e+01
2.237579250335693359e+01
2.205555343627929688e+01
2.215273308753967285e+01
2.208406615257263184e+01
2.220431709289550781e+01
2.212623476982116699e+01
2.191458654403686523e+01
2.209761857986450195e+01
2.214505696296691895e+01
2.229588842391967773e+01
2.274178719520568848e+01
2.253508043289184570e+01
2.190981960296630859e+01
2.203041863441467285e+01
2.211166977882385254e+01
2.248466157913208008e+01
2.188705587387084961e+01
2.198177933692932129e+01
2.234890222549438477e+01
2.252526640892028809e+01
2.239822793006896973e+01
2.242565751075744629e+01
2.201824998855590820e+01
2.213167905807495117e+01
2.252686738967895508e+01
2.247966837882995605e+01
2.218380045890808105e+01
2.215386343002319336e+01
2.217406487464904785e+01
2.243668031692504883e+01
2.222391414642333984e+01
2.247240090370178223e+01
2.230077958106994629e+01
2.193155694007873535e+01
2.249895739555358887e+01
2.206758522987365723e+01
2.198249340057373047e+01
2.211283516883850098e+01
2.240057587623596191e+01
2.295214867591857910e+01
2.230755805969238281e+01
2.219495224952697754e+01
2.223386120796203613e+01
2.287233996391296387e+01
2.217850184440612793e+01
2.210120415687561035e+01
2.230765819549560547e+01
2.207949352264404297e+01
2.261205148696899414e+01
2.222541069984436035e+01
2.253880500793457031e+01
2.203258657455444336e+01
2.229951357841491699e+01
2.253951430320739746e+01
2.220382809638977051e+01
2.271122360229492188e+01
2.222763919830322266e+01
2.240490937232971191e+01
2.190932083129882812e+01
2.223919463157653809e+01
2.236844563484191895e+01
