1.036799999969482400e+01
1.004800000244140712e+01
1.207999999954223647e+01
1.337599999511718707e+01
1.652800000183105311e+01
1.815999999908447293e+01
1.889600000244140787e+01
1.939199999572753796e+01
1.924799999908447390e+01
2.073600000488281125e+01
2.167999999877929795e+01
2.283199999816894632e+01
2.385600000122070341e+01
2.414399999877929659e+01
2.467200000183105502e+01
2.558399999145507664e+01
2.489600000122070256e+01
2.598399999908447100e+01
2.596799999816894555e+01
2.672000000244140594e+01
2.750399999816894692e+01
2.606399999145507707e+01
2.657600000122070227e+01
2.678399999145507948e+01
2.708800000488281157e+01
2.766399999877929616e+01
2.750400000732421901e+01
2.796799999145507698e+01
2.788799999572754018e+01
2.814400000488281250e+01
2.820799999145507897e+01
2.862399998779297050e+01
2.811199999877929656e+01
2.910400000183105362e+01
2.796799999572753848e+01
2.849599999511718806e+01
2.904000000122070446e+01
2.884800000732422021e+01
2.929600000488281353e+01
3.036799999511718795e+01
3.009600000732421776e+01
2.918399999145507806e+01
2.950400000732421901e+01
3.044800000976562515e+01
3.000000000488281415e+01
2.987199999572753839e+01
2.979200000488281219e+01
2.916800000732422049e+01
2.988800000183105610e+01
3.033599999023437377e+01
3.020799999511718781e+01
2.883199999877929542e+01
2.934400000122070296e+01
2.972799999877929622e+01
2.977599999145507681e+01
2.939200000488281361e+01
2.763199999511718730e+01
2.915200000488281162e+01
2.830400000488281265e+01
2.828800000122070202e+01
2.896000000183105527e+01
2.920000000732422052e+01
2.915199999145507803e+01
2.897599999572753759e+01
3.017600000366211077e+01
3.006400000122070182e+01
2.966399998779296965e+01
2.967999999511718912e+01
2.985600000488281225e+01
3.035199999816894589e+01
2.948799999511718894e+01
2.948799999511718894e+01
3.107200000183105359e+01
2.956799999145507840e+01
2.985599999572754015e+01
2.985600000122070341e+01
2.831999999511718613e+01
2.910400000488281336e+01
3.043199999755859508e+01
2.936000000183105385e+01
3.015999999816894572e+01
2.992000000488281231e+01
2.982400000732421930e+01
3.001600000488281239e+01
3.079999999145507772e+01
2.892800000732421850e+01
2.972799999877929622e+01
3.020800000732421964e+01
3.073599999511718650e+01
3.150399999511718718e+01
3.107199999877929741e+01
3.012799999511718596e+01
3.044799999816894598e+01
3.011200000122070364e+01
3.044799999511718624e+01
3.052799999511718809e+01
2.985599999816894368e+01
3.044800000976562515e+01
3.075199999572753740e+01
2.991999999877929639e+01
3.371199999572753825e+01
3.588799998779296629e+01
3.535999998779296760e+01
3.547199999755859068e+01
3.657600000366210935e+01
3.616000000122070190e+01
3.700799999755859204e+01
3.716800000976562757e+01
3.729600000976562768e+01
3.759999999145507843e+01
3.761599999145507667e+01
3.620800000122070372e+01
3.814400000122070367e+01
3.868800000000000239e+01
3.804800000732421950e+01
3.779199999511718744e+01
3.764799999816894882e+01
3.892800000366210611e+01
3.825600000732421790e+01
3.750399999511719074e+01
3.736000000732421711e+01
3.822399999145508076e+01
3.833599999755859500e+01
3.908800000366210980e+01
3.819200000976562848e+01
3.814400000122070367e+01
3.926400000000000290e+01
3.814399999145507536e+01
3.889600000732421847e+01
3.961600000732421734e+01
3.967999999816894530e+01
3.993599998779296811e+01
3.944000000732421540e+01
3.977599998779297152e+01
3.988799999145507513e+01
3.900799999816894825e+01
3.984000000122070162e+01
3.920000000488280989e+01
3.951999998779297130e+01
4.001599999145507525e+01
3.958399999389648372e+01
4.017599999023437363e+01
3.995200000122070350e+01
4.009599999389648417e+01
4.059199998779296692e+01
4.041600000732422160e+01
4.036800000366211094e+01
4.044800000976562160e+01
4.028799999145508082e+01
4.063999999389648110e+01
4.128000000366210998e+01
4.059200000976562706e+01
4.158400000000000318e+01
4.139200000122070122e+01
4.191999999633789287e+01
4.214399999755859483e+01
4.103999999145507616e+01
4.129600000732421705e+01
4.164800000732422092e+01
4.171199999023437499e+01
4.172800000122069974e+01
4.198399998657226462e+01
4.192000000366211054e+01
4.192000000976562291e+01
4.177599998779297152e+01
4.123200000732421699e+01
4.150399999999999778e+01
4.113599999389648332e+01
4.148800000732421722e+01
4.182399999145507508e+01
4.126400000366211174e+01
4.179199999023437329e+01
4.199999999755859648e+01
4.156799998779296601e+01
4.153599999511718721e+01
4.148800000976562785e+01
4.176000000244140864e+01
4.206400000000000006e+01
4.115199999755859039e+01
4.187199999816894547e+01
4.227200000610351793e+01
4.099200000732422211e+01
4.134399999389648173e+01
4.206399999389648769e+01
4.152000000976562433e+01
4.086399999389648485e+01
4.153600000610351373e+01
4.192000000000000171e+01
4.163199999572753995e+01
4.211200000366211071e+01
4.179200000366211043e+01
4.233600000732421620e+01
4.179200000488281574e+01
4.244800000732421807e+01
4.206400000732421773e+01
4.259200000732421643e+01
4.273599999755859358e+01
4.259199998779296692e+01
4.209599999816894211e+01
4.251199999023437215e+01
