1.293983674049377441e+01
1.256015729904174805e+01
1.247205758094787598e+01
1.249880337715148926e+01
1.231010532379150391e+01
1.233279585838317871e+01
1.254504752159118652e+01
1.247997546195983887e+01
1.266561651229858398e+01
1.240165090560913086e+01
1.255029416084289551e+01
1.259145331382751465e+01
1.260969495773315430e+01
1.265877962112426758e+01
1.268552136421203613e+01
1.264129376411437988e+01
1.249066996574401855e+01
1.265924239158630371e+01
1.241875910758972168e+01
1.251785564422607422e+01
1.267431282997131348e+01
1.269369935989379883e+01
1.259571552276611328e+01
1.245212793350219727e+01
1.262951421737670898e+01
1.244998145103454590e+01
1.261619710922241211e+01
1.267340874671936035e+01
1.261871623992919922e+01
1.263035535812377930e+01
1.249798941612243652e+01
1.247055983543395996e+01
1.264300370216369629e+01
1.255385398864746094e+01
1.248304367065429688e+01
1.259085893630981445e+01
1.263522768020629883e+01
1.256437158584594727e+01
1.253127646446228027e+01
1.259927248954772949e+01
1.252503275871276855e+01
1.273064279556274414e+01
1.257568311691284180e+01
1.272235083580017090e+01
1.261142230033874512e+01
1.255179858207702637e+01
1.276205182075500488e+01
1.265058779716491699e+01
1.237129569053649902e+01
1.271372127532958984e+01
1.255315375328063965e+01
1.254891681671142578e+01
1.255430984497070312e+01
1.276742792129516602e+01
1.265164089202880859e+01
1.257695960998535156e+01
1.239961671829223633e+01
1.252230143547058105e+01
1.252887034416198730e+01
1.262482380867004395e+01
1.265462732315063477e+01
1.264846682548522949e+01
1.261086726188659668e+01
1.253401017189025879e+01
1.255572700500488281e+01
1.253138375282287598e+01
1.248418760299682617e+01
1.245336556434631348e+01
1.254462313652038574e+01
1.260744738578796387e+01
1.237655830383300781e+01
1.264726710319519043e+01
1.265156292915344238e+01
1.266706180572509766e+01
1.268374919891357422e+01
1.252356123924255371e+01
1.241271662712097168e+01
1.240177106857299805e+01
1.266268682479858398e+01
1.239041447639465332e+01
1.240214776992797852e+01
1.261234235763549805e+01
1.252223324775695801e+01
1.257941150665283203e+01
1.264061117172241211e+01
1.236209082603454590e+01
1.258973455429077148e+01
1.250051379203796387e+01
1.261007332801818848e+01
1.263986635208129883e+01
1.254739451408386230e+01
1.260601925849914551e+01
1.257022714614868164e+01
1.266286158561706543e+01
1.264233660697937012e+01
1.243738818168640137e+01
1.267113947868347168e+01
1.262431144714355469e+01
1.263826441764831543e+01
1.255585670471191406e+01
1.262312078475952148e+01
1.262178754806518555e+01
1.268204712867736816e+01
1.264168763160705566e+01
1.259957742691040039e+01
1.244390845298767090e+01
1.249669146537780762e+01
1.276096868515014648e+01
1.244210410118103027e+01
1.256516838073730469e+01
1.264157104492187500e+01
1.261354589462280273e+01
1.260729622840881348e+01
1.247909259796142578e+01
1.258593368530273438e+01
1.265202188491821289e+01
1.253516578674316406e+01
1.264997959136962891e+01
1.229385495185852051e+01
1.268028593063354492e+01
1.260721874237060547e+01
1.259246850013732910e+01
1.260967683792114258e+01
1.274529671669006348e+01
1.240121841430664062e+01
1.261869025230407715e+01
1.265889453887939453e+01
1.260298442840576172e+01
1.263240456581115723e+01
1.234076523780822754e+01
1.259934949874877930e+01
1.262952733039855957e+01
1.250679278373718262e+01
1.265892195701599121e+01
1.244739675521850586e+01
1.243371534347534180e+01
1.257350325584411621e+01
1.261316323280334473e+01
1.266382598876953125e+01
1.271027183532714844e+01
1.271054601669311523e+01
1.254173564910888672e+01
1.260571670532226562e+01
1.253194332122802734e+01
1.260503411293029785e+01
1.266649961471557617e+01
1.259043192863464355e+01
1.263514804840087891e+01
1.264167809486389160e+01
1.265400075912475586e+01
1.265343856811523438e+01
1.252342915534973145e+01
1.270522284507751465e+01
1.230088949203491211e+01
1.268866848945617676e+01
1.248725628852844238e+01
1.247753620147705078e+01
1.269630289077758789e+01
1.252149653434753418e+01
1.267551302909851074e+01
1.256265592575073242e+01
1.244604754447937012e+01
1.250859022140502930e+01
1.262440490722656250e+01
1.254847812652587891e+01
1.250760769844055176e+01
1.240297698974609375e+01
1.224486017227172852e+01
1.248268961906433105e+01
1.250211763381958008e+01
1.252253103256225586e+01
1.271043181419372559e+01
1.255321455001831055e+01
1.263801360130310059e+01
1.250022673606872559e+01
1.240507626533508301e+01
1.258775115013122559e+01
1.264380359649658203e+01
1.270911359786987305e+01
1.251611733436584473e+01
1.249214291572570801e+01
1.242698073387145996e+01
1.255931115150451660e+01
1.254890418052673340e+01
1.260884666442871094e+01
1.258607077598571777e+01
1.252862644195556641e+01
1.255642747879028320e+01
1.259075903892517090e+01
1.255402493476867676e+01
1.246233177185058594e+01
1.269434046745300293e+01
1.259173679351806641e+01
1.253304219245910645e+01
1.263651800155639648e+01
1.260695743560791016e+01
1.265151453018188477e+01
1.246335864067077637e+01
1.260690093040466309e+01
1.254018688201904297e+01
