1.000000000000000000e+01
1.000000000000000000e+01
1.587999916076660156e+01
1.403999996185302734e+01
1.887999916076660156e+01
1.785000038146972656e+01
1.751000022888183594e+01
1.873999977111816406e+01
2.287999916076660156e+01
2.371999931335449219e+01
2.346999931335449219e+01
2.340999984741210938e+01
2.325000000000000000e+01
2.727999877929687500e+01
2.722999954223632812e+01
2.569999885559082031e+01
2.501999855041503906e+01
2.661999893188476562e+01
2.530999946594238281e+01
2.647999954223632812e+01
2.676999855041503906e+01
2.788999938964843750e+01
2.798999977111816406e+01
2.693999862670898438e+01
2.876999855041503906e+01
2.464999961853027344e+01
2.730999946594238281e+01
2.777999877929687500e+01
2.909000015258789062e+01
2.709999847412109375e+01
3.044999885559082031e+01
2.752999877929687500e+01
2.732999992370605469e+01
2.993999862670898438e+01
2.814999961853027344e+01
3.142000007629394531e+01
3.057999992370605469e+01
3.076999855041503906e+01
2.982999992370605469e+01
3.129999923706054688e+01
2.759999847412109375e+01
3.286000061035156250e+01
2.973999977111816406e+01
3.084000015258789062e+01
2.976999855041503906e+01
2.901999855041503906e+01
3.088999938964843750e+01
2.973999977111816406e+01
2.823999977111816406e+01
3.050000000000000000e+01
3.084000015258789062e+01
3.259999847412109375e+01
3.247999954223632812e+01
3.145999908447265625e+01
3.075999832153320312e+01
3.193999862670898438e+01
2.700000000000000000e+01
3.063999938964843750e+01
3.140999984741210938e+01
3.092000007629394531e+01
2.995999908447265625e+01
3.025000000000000000e+01
3.025000000000000000e+01
2.922999954223632812e+01
3.173999977111816406e+01
3.147999954223632812e+01
3.059999847412109375e+01
3.131999969482421875e+01
3.222999954223632812e+01
3.113999938964843750e+01
3.241999816894531250e+01
2.663999938964843750e+01
3.154999923706054688e+01
2.893999862670898438e+01
2.725000000000000000e+01
2.601999855041503906e+01
3.196999931335449219e+01
3.005999946594238281e+01
3.000999832153320312e+01
3.120999908447265625e+01
3.213999938964843750e+01
3.202000045776367188e+01
3.164999961853027344e+01
3.192000007629394531e+01
3.131999969482421875e+01
3.265999984741210938e+01
3.146999931335449219e+01
3.023999977111816406e+01
3.015999984741210938e+01
3.241999816894531250e+01
3.025000000000000000e+01
3.229000091552734375e+01
3.220999908447265625e+01
3.318999862670898438e+01
3.053999900817871094e+01
2.910999870300292969e+01
3.306999969482421875e+01
3.154999923706054688e+01
2.840999984741210938e+01
3.056999969482421875e+01
3.434999847412109375e+01
3.402999877929687500e+01
3.495999908447265625e+01
3.464999771118164062e+01
3.604999923706054688e+01
3.621999740600585938e+01
3.521999740600585938e+01
3.507999801635742188e+01
3.497999954223632812e+01
3.496999740600585938e+01
3.482999801635742188e+01
3.579000091552734375e+01
3.443999862670898438e+01
3.475999832153320312e+01
3.512999725341796875e+01
3.496999740600585938e+01
3.461000061035156250e+01
3.486000061035156250e+01
3.537999725341796875e+01
3.605999755859375000e+01
3.579000091552734375e+01
3.611999893188476562e+01
3.716999816894531250e+01
3.584999847412109375e+01
3.645000076293945312e+01
3.596999740600585938e+01
3.714999771118164062e+01
3.600000000000000000e+01
3.743000030517578125e+01
3.722999954223632812e+01
3.770000076293945312e+01
3.754000091552734375e+01
3.705999755859375000e+01
3.689999771118164062e+01
3.791999816894531250e+01
3.802999877929687500e+01
3.793999862670898438e+01
3.695000076293945312e+01
3.695000076293945312e+01
3.664999771118164062e+01
3.748999786376953125e+01
3.789999771118164062e+01
3.677000045776367188e+01
3.646999740600585938e+01
3.704000091552734375e+01
3.815999984741210938e+01
3.847999954223632812e+01
3.784000015258789062e+01
3.804000091552734375e+01
3.702000045776367188e+01
3.793999862670898438e+01
3.805999755859375000e+01
3.811000061035156250e+01
3.811000061035156250e+01
3.796999740600585938e+01
3.798999786376953125e+01
3.822999954223632812e+01
3.820999908447265625e+01
3.813999938964843750e+01
3.813999938964843750e+01
3.825999832153320312e+01
3.832999801635742188e+01
3.848999786376953125e+01
3.836999893188476562e+01
3.841999816894531250e+01
3.857999801635742188e+01
3.845999908447265625e+01
3.856999969482421875e+01
3.864999771118164062e+01
3.852999877929687500e+01
3.827999877929687500e+01
3.837999725341796875e+01
3.859999847412109375e+01
3.857999801635742188e+01
3.847999954223632812e+01
3.843000030517578125e+01
3.859000015258789062e+01
3.868999862670898438e+01
3.862999725341796875e+01
3.897999954223632812e+01
3.863999938964843750e+01
3.879000091552734375e+01
3.888999938964843750e+01
3.877999877929687500e+01
3.868000030517578125e+01
3.880999755859375000e+01
3.900999832153320312e+01
3.887999725341796875e+01
3.918999862670898438e+01
3.904999923706054688e+01
3.898999786376953125e+01
3.895999908447265625e+01
3.893999862670898438e+01
3.893999862670898438e+01
3.893000030517578125e+01
3.907999801635742188e+01
3.902999877929687500e+01
3.896999740600585938e+01
3.934999847412109375e+01
3.925000000000000000e+01
