1.000000000000000000e+01
1.000000000000000000e+01
1.019999980926513672e+01
1.382999992370605469e+01
1.230999946594238281e+01
2.105999946594238281e+01
1.785000038146972656e+01
1.886999893188476562e+01
2.303999900817871094e+01
2.361999893188476562e+01
2.394999885559082031e+01
2.282999992370605469e+01
1.809000015258789062e+01
2.725000000000000000e+01
2.655999946594238281e+01
2.644999885559082031e+01
2.668999862670898438e+01
2.645999908447265625e+01
2.501000022888183594e+01
2.634999847412109375e+01
2.732999992370605469e+01
2.817000007629394531e+01
2.784999847412109375e+01
2.654999923706054688e+01
2.869999885559082031e+01
2.409000015258789062e+01
2.654999923706054688e+01
2.684999847412109375e+01
3.092999839782714844e+01
2.798999977111816406e+01
2.925999832153320312e+01
2.342000007629394531e+01
2.675000000000000000e+01
3.025000000000000000e+01
2.834999847412109375e+01
2.536999893188476562e+01
3.221999740600585938e+01
3.055999946594238281e+01
2.871999931335449219e+01
3.175000000000000000e+01
2.727999877929687500e+01
3.359000015258789062e+01
3.071999931335449219e+01
3.265999984741210938e+01
3.176999855041503906e+01
3.002999877929687500e+01
3.105999946594238281e+01
2.959999847412109375e+01
2.702999877929687500e+01
3.043999862670898438e+01
3.125000000000000000e+01
2.773999977111816406e+01
3.238999938964843750e+01
3.163999938964843750e+01
3.069999885559082031e+01
3.186999893188476562e+01
2.919999885559082031e+01
3.075000000000000000e+01
3.095999908447265625e+01
3.101999855041503906e+01
2.670999908447265625e+01
3.093999862670898438e+01
2.980999946594238281e+01
2.679999923706054688e+01
3.140999984741210938e+01
3.218000030517578125e+01
2.986999893188476562e+01
3.125999832153320312e+01
3.198999977111816406e+01
3.103999900817871094e+01
3.221999740600585938e+01
3.094999885559082031e+01
3.080999946594238281e+01
3.134000015258789062e+01
3.025000000000000000e+01
2.665999984741210938e+01
3.019999885559082031e+01
2.865999984741210938e+01
3.030999946594238281e+01
2.982999992370605469e+01
3.241999816894531250e+01
3.134000015258789062e+01
3.170999908447265625e+01
3.197999954223632812e+01
2.703999900817871094e+01
3.281999969482421875e+01
3.076999855041503906e+01
3.012999916076660156e+01
3.009000015258789062e+01
3.286999893188476562e+01
2.998999977111816406e+01
3.243000030517578125e+01
3.254000091552734375e+01
3.338999938964843750e+01
3.001999855041503906e+01
2.942999839782714844e+01
3.332999801635742188e+01
3.171999931335449219e+01
3.213000106811523438e+01
3.063999938964843750e+01
3.471999740600585938e+01
3.356999969482421875e+01
3.495999908447265625e+01
3.500999832153320312e+01
3.643000030517578125e+01
3.579000091552734375e+01
3.511000061035156250e+01
3.447999954223632812e+01
3.502999877929687500e+01
3.491999816894531250e+01
3.607999801635742188e+01
3.577000045776367188e+01
3.638999938964843750e+01
3.518000030517578125e+01
3.482999801635742188e+01
3.493000030517578125e+01
3.462999725341796875e+01
3.489999771118164062e+01
3.522999954223632812e+01
3.613999938964843750e+01
3.581999969482421875e+01
3.636000061035156250e+01
3.702000045776367188e+01
3.587999725341796875e+01
3.680999755859375000e+01
3.593999862670898438e+01
3.697999954223632812e+01
3.606999969482421875e+01
3.750999832153320312e+01
3.723999786376953125e+01
3.768999862670898438e+01
3.673999786376953125e+01
3.716999816894531250e+01
3.688999938964843750e+01
3.763999938964843750e+01
3.804000091552734375e+01
3.784000015258789062e+01
3.709000015258789062e+01
3.693999862670898438e+01
3.670999908447265625e+01
3.738999938964843750e+01
3.677000045776367188e+01
3.727000045776367188e+01
3.715999984741210938e+01
3.709999847412109375e+01
3.797999954223632812e+01
3.850000000000000000e+01
3.737999725341796875e+01
3.793999862670898438e+01
3.752999877929687500e+01
3.795000076293945312e+01
3.811000061035156250e+01
3.797999954223632812e+01
3.805999755859375000e+01
3.800000000000000000e+01
3.800000000000000000e+01
3.816999816894531250e+01
3.825999832153320312e+01
3.843000030517578125e+01
3.816999816894531250e+01
3.825000000000000000e+01
3.834000015258789062e+01
3.854000091552734375e+01
3.836999893188476562e+01
3.840999984741210938e+01
3.863999938964843750e+01
3.846999740600585938e+01
3.855999755859375000e+01
3.864999771118164062e+01
3.856999969482421875e+01
3.841999816894531250e+01
3.818999862670898438e+01
3.854000091552734375e+01
3.850000000000000000e+01
3.839999771118164062e+01
3.847999954223632812e+01
3.856999969482421875e+01
3.868000030517578125e+01
3.861999893188476562e+01
3.893999862670898438e+01
3.859000015258789062e+01
3.877000045776367188e+01
3.886000061035156250e+01
3.890999984741210938e+01
3.865999984741210938e+01
3.875999832153320312e+01
3.887999725341796875e+01
3.890999984741210938e+01
3.909999847412109375e+01
3.909999847412109375e+01
3.902999877929687500e+01
3.881999969482421875e+01
3.893999862670898438e+01
3.890999984741210938e+01
3.895999908447265625e+01
3.902000045776367188e+01
3.904000091552734375e+01
3.902000045776367188e+01
3.937999725341796875e+01
3.927999877929687500e+01
