1.275612735748291016e+01
1.234729480743408203e+01
1.227207422256469727e+01
1.229535722732543945e+01
1.210303068161010742e+01
1.213181161880493164e+01
1.235984086990356445e+01
1.226937103271484375e+01
1.246759247779846191e+01
1.223874640464782715e+01
1.233336853981018066e+01
1.236431193351745605e+01
1.237594676017761230e+01
1.244021058082580566e+01
1.245091032981872559e+01
1.242060160636901855e+01
1.229463744163513184e+01
1.243910694122314453e+01
1.224569821357727051e+01
1.230479049682617188e+01
1.243481755256652832e+01
1.247526931762695312e+01
1.239775061607360840e+01
1.226698970794677734e+01
1.241404771804809570e+01
1.228503680229187012e+01
1.240144991874694824e+01
1.242339348793029785e+01
1.242044711112976074e+01
1.239297676086425781e+01
1.231384778022766113e+01
1.230488824844360352e+01
1.243318796157836914e+01
1.235733580589294434e+01
1.230340981483459473e+01
1.239841318130493164e+01
1.238271307945251465e+01
1.237820625305175781e+01
1.235242986679077148e+01
1.237687206268310547e+01
1.233727288246154785e+01
1.251856446266174316e+01
1.238421559333801270e+01
1.247848057746887207e+01
1.240937113761901855e+01
1.233460736274719238e+01
1.252762818336486816e+01
1.246670031547546387e+01
1.217575693130493164e+01
1.250521302223205566e+01
1.235679674148559570e+01
1.234221220016479492e+01
1.234864521026611328e+01
1.252532982826232910e+01
1.243556737899780273e+01
1.239041519165039062e+01
1.223067426681518555e+01
1.233820986747741699e+01
1.232293272018432617e+01
1.242324280738830566e+01
1.242521238327026367e+01
1.242540788650512695e+01
1.242205023765563965e+01
1.235862922668457031e+01
1.234358239173889160e+01
1.230991768836975098e+01
1.228608441352844238e+01
1.227472901344299316e+01
1.233642315864562988e+01
1.239564013481140137e+01
1.217482471466064453e+01
1.242966723442077637e+01
1.243839621543884277e+01
1.245998883247375488e+01
1.244263219833374023e+01
1.233495593070983887e+01
1.221992397308349609e+01
1.219945144653320312e+01
1.244704508781433105e+01
1.221679472923278809e+01
1.222389793395996094e+01
1.240920996665954590e+01
1.233940362930297852e+01
1.238289260864257812e+01
1.242930364608764648e+01
1.217881274223327637e+01
1.240037465095520020e+01
1.230847859382629395e+01
1.240024185180664062e+01
1.242588281631469727e+01
1.236025667190551758e+01
1.241547608375549316e+01
1.238011884689331055e+01
1.244807505607604980e+01
1.243895006179809570e+01
1.226238870620727539e+01
1.246049499511718750e+01
1.239766025543212891e+01
1.242118740081787109e+01
1.233848905563354492e+01
1.242336654663085938e+01
1.241037750244140625e+01
1.244918727874755859e+01
1.242412209510803223e+01
1.238239908218383789e+01
1.225391674041748047e+01
1.230663609504699707e+01
1.254320621490478516e+01
1.224445939064025879e+01
1.231418824195861816e+01
1.242918586730957031e+01
1.240671253204345703e+01
1.239473152160644531e+01
1.227445363998413086e+01
1.236597537994384766e+01
1.242599606513977051e+01
1.234288835525512695e+01
1.245401740074157715e+01
1.213497233390808105e+01
1.244606471061706543e+01
1.240151667594909668e+01
1.239708590507507324e+01
1.241504263877868652e+01
1.251119208335876465e+01
1.223295783996582031e+01
1.240800952911376953e+01
1.245425868034362793e+01
1.238195037841796875e+01
1.243784570693969727e+01
1.216423797607421875e+01
1.236407113075256348e+01
1.240016412734985352e+01
1.232996225357055664e+01
1.246805548667907715e+01
1.222670435905456543e+01
1.222594213485717773e+01
1.235379219055175781e+01
1.241644501686096191e+01
1.245807003974914551e+01
1.246009325981140137e+01
1.251690649986267090e+01
1.233947944641113281e+01
1.241583395004272461e+01
1.232643342018127441e+01
1.240773272514343262e+01
1.253127098083496094e+01
1.239681911468505859e+01
1.242791509628295898e+01
1.240989613533020020e+01
1.241546273231506348e+01
1.244344162940979004e+01
1.234791541099548340e+01
1.253733205795288086e+01
1.213376522064208984e+01
1.243615674972534180e+01
1.228547668457031250e+01
1.230573892593383789e+01
1.247986149787902832e+01
1.231489443778991699e+01
1.245205688476562500e+01
1.235047841072082520e+01
1.223071837425231934e+01
1.230222082138061523e+01
1.240878367424011230e+01
1.233777761459350586e+01
1.228859066963195801e+01
1.220971155166625977e+01
1.205836200714111328e+01
1.227231383323669434e+01
1.228360342979431152e+01
1.231559824943542480e+01
1.246634292602539062e+01
1.236990427970886230e+01
1.243470096588134766e+01
1.232092118263244629e+01
1.221373271942138672e+01
1.236786913871765137e+01
1.243494892120361328e+01
1.245487022399902344e+01
1.234776067733764648e+01
1.226441955566406250e+01
1.221205210685729980e+01
1.233636355400085449e+01
1.235092854499816895e+01
1.241101074218750000e+01
1.236338734626770020e+01
1.233520340919494629e+01
1.235297799110412598e+01
1.238872933387756348e+01
1.235848712921142578e+01
1.226729488372802734e+01
1.247582769393920898e+01
1.236813211441040039e+01
1.234941673278808594e+01
1.241166019439697266e+01
1.240127038955688477e+01
1.243179082870483398e+01
1.229186248779296875e+01
1.238635396957397461e+01
1.232127666473388672e+01
