2.396876462936401442e+00
2.301590133743286248e+00
2.235420331268310523e+00
2.165226749420166019e+00
2.093499524688720914e+00
2.061413957138061637e+00
2.016588253440856793e+00
1.986392655563354426e+00
1.956945140380859316e+00
1.981283033714294373e+00
1.951183452606201074e+00
1.917696529617309631e+00
1.910752517318725641e+00
1.895080585823059049e+00
1.885690586776733291e+00
1.914474195251464783e+00
1.894020411224365263e+00
1.884337513198852454e+00
1.917136172790527393e+00
1.855097587928771885e+00
1.850806711273193406e+00
1.816398527069091884e+00
1.860793327255249041e+00
1.835709144592285069e+00
1.874301807098388561e+00
1.834514858093261758e+00
1.792637824821472270e+00
1.799967276878357003e+00
1.816910567855835046e+00
1.810066611480712906e+00
1.814344743537902760e+00
1.808052553443908694e+00
1.826235208740234484e+00
1.808223907699584965e+00
1.796144902610778749e+00
1.789381063232421853e+00
1.768663698387145988e+00
1.786414502182006814e+00
1.799372743835449207e+00
1.790915518569946352e+00
1.757295772552490254e+00
1.754652017402648978e+00
1.752624348297119106e+00
1.744737065658569231e+00
1.788491262321472153e+00
1.735611571083068849e+00
1.736103039436340367e+00
1.777169425354003796e+00
1.753669834442138642e+00
1.730119754295349033e+00
1.733337509727478132e+00
1.749987698593139740e+00
1.798438373908996635e+00
1.719061481704711847e+00
1.756716740036010638e+00
1.731522045516967756e+00
1.727776577453613349e+00
1.731687173233032118e+00
1.693922215461731051e+00
1.710783972396850539e+00
1.731069639816284145e+00
1.739786842346191298e+00
1.700319713516235343e+00
1.732291912727355943e+00
1.701603838844299332e+00
1.717968385391235309e+00
1.732250790748596225e+00
1.709798500709533764e+00
1.739272613677978585e+00
1.732696305122375380e+00
1.752528922195434546e+00
1.675410914802551332e+00
1.706810969123840227e+00
1.684550531692504904e+00
1.697965749397277735e+00
1.681827464942932115e+00
1.742222853012084904e+00
1.786095917816162171e+00
1.658902371253967223e+00
1.739646850280761825e+00
1.702503038139343339e+00
1.697206894531249954e+00
1.727827693023681555e+00
1.662803242454528707e+00
1.716102538452148440e+00
1.745181652870178235e+00
1.677805004730224647e+00
1.761459042587280255e+00
1.649462552871704180e+00
1.705533863067626887e+00
1.697767234497070232e+00
1.745026729469299376e+00
1.634782792739868151e+00
1.659024856033325168e+00
1.660071801376342693e+00
1.669638196754455572e+00
1.690106821250915603e+00
1.706730252494812028e+00
1.729810068740844642e+00
1.663408617401123113e+00
1.237817335777282812e+00
1.244480850334167554e+00
1.250914388599395854e+00
1.233890695571899343e+00
1.254692623825073294e+00
1.211917824745178285e+00
1.218850530929565412e+00
1.196605985107421777e+00
1.224473664779663018e+00
1.183638108825683544e+00
1.214562673797607406e+00
1.166060251483917343e+00
1.167746878585815384e+00
1.175334198036193767e+00
1.193520862274169980e+00
1.164207101879119799e+00
1.130835959529876700e+00
1.154102706146240331e+00
1.176726975822448784e+00
1.150243486022949124e+00
1.143681934890746987e+00
1.136470238780975306e+00
1.131083764705657968e+00
1.160337480392455989e+00
1.135613931236267193e+00
1.145959280967712379e+00
1.105168222179412796e+00
1.121453201961517321e+00
1.115521467781066978e+00
1.147719154205322223e+00
1.117128684844970632e+00
1.112700385818481408e+00
1.136981653022766103e+00
1.114234588050842190e+00
1.102755620193481390e+00
1.117406791076660078e+00
1.109921566581726138e+00
1.115906261177062930e+00
1.102156520729064892e+00
1.138387151069641057e+00
1.129554023857116674e+00
1.099330469589233417e+00
1.108410195560455280e+00
1.079894067039489647e+00
1.082680557918548558e+00
1.074473541946411093e+00
1.092074839229583816e+00
1.077995471363067725e+00
1.096533854484558201e+00
1.084600834236145062e+00
1.013115041313171316e+00
1.040369879364967387e+00
1.010823552703857375e+00
1.000803888587951551e+00
9.997305731201171497e-01
1.007461186447143664e+00
1.010112853126525989e+00
1.030095748558044422e+00
1.005870289421081587e+00
9.900564644241333090e-01
1.023956894073486223e+00
1.041987971801757729e+00
1.002634326896667538e+00
9.891066508865355988e-01
9.991392509269714228e-01
1.013527478504181012e+00
1.050587352275848430e+00
1.021663315048217724e+00
9.806380284500122446e-01
1.018295508403778138e+00
9.914736638259887824e-01
1.013645857963562102e+00
1.005429750614166284e+00
1.000007887248992811e+00
1.000975113296508789e+00
9.963405600357055913e-01
9.826280923843383475e-01
1.004840629653930728e+00
9.795508916091918428e-01
9.844223734664917513e-01
9.895433335494995264e-01
1.041173884620666401e+00
1.013262761878967355e+00
1.027080978622436414e+00
9.844491351699828918e-01
1.039396025371551513e+00
9.966608783531188953e-01
9.684061177444458490e-01
1.043976338291168204e+00
9.848904016876220968e-01
9.773208019638061073e-01
1.022262011432647721e+00
9.591224502182006395e-01
9.851858954620361652e-01
1.003123142852783145e+00
9.900630382156372367e-01
1.025089750757217422e+00
1.005457468757629425e+00
9.778723438835144055e-01
9.843079681015014515e-01
