1.245383167266845703e+01
1.212448120117187500e+01
1.209875464439392090e+01
1.209959959983825684e+01
1.204706025123596191e+01
1.192946815490722656e+01
1.219066572189331055e+01
1.216153740882873535e+01
1.214279556274414062e+01
1.207282304763793945e+01
1.206194734573364258e+01
1.214805436134338379e+01
1.216266512870788574e+01
1.223843884468078613e+01
1.225027346611022949e+01
1.227154684066772461e+01
1.211459088325500488e+01
1.221685314178466797e+01
1.218595695495605469e+01
1.220914769172668457e+01
1.220043277740478516e+01
1.217072844505310059e+01
1.214333367347717285e+01
1.215308380126953125e+01
1.218076944351196289e+01
1.215355801582336426e+01
1.218129682540893555e+01
1.221587800979614258e+01
1.215346503257751465e+01
1.226266765594482422e+01
1.201643252372741699e+01
1.210777258872985840e+01
1.221823763847351074e+01
1.214776706695556641e+01
1.214230132102966309e+01
1.219638586044311523e+01
1.220227742195129395e+01
1.208858108520507812e+01
1.215386700630187988e+01
1.217142486572265625e+01
1.217469549179077148e+01
1.226954245567321777e+01
1.210998892784118652e+01
1.221034574508666992e+01
1.218435025215148926e+01
1.222750687599182129e+01
1.219732499122619629e+01
1.222078919410705566e+01
1.230543255805969238e+01
1.218042659759521484e+01
1.219515919685363770e+01
1.221076536178588867e+01
1.221686410903930664e+01
1.212132740020751953e+01
1.217014336585998535e+01
1.207001638412475586e+01
1.210649657249450684e+01
1.212079930305480957e+01
1.210944557189941406e+01
1.221700119972229004e+01
1.218688154220581055e+01
1.214032220840454102e+01
1.217243623733520508e+01
1.215455698966979980e+01
1.217741870880126953e+01
1.220755243301391602e+01
1.213869905471801758e+01
1.227231407165527344e+01
1.222181677818298340e+01
1.220830202102661133e+01
1.220353388786315918e+01
1.218470048904418945e+01
1.214146447181701660e+01
1.221024703979492188e+01
1.222558283805847168e+01
1.216227936744689941e+01
1.215034317970275879e+01
1.219379496574401855e+01
1.222774195671081543e+01
1.200785422325134277e+01
1.213775300979614258e+01
1.211624050140380859e+01
1.217839074134826660e+01
1.214553809165954590e+01
1.234843277931213379e+01
1.214117574691772461e+01
1.209176182746887207e+01
1.217075395584106445e+01
1.212774395942687988e+01
1.222332096099853516e+01
1.211414384841918945e+01
1.213091135025024414e+01
1.212175726890563965e+01
1.220110630989074707e+01
1.226855659484863281e+01
1.215685224533081055e+01
1.222409725189208984e+01
1.225495505332946777e+01
1.215849137306213379e+01
1.210911536216735840e+01
1.219282150268554688e+01
1.222616267204284668e+01
1.229678034782409668e+01
1.220986008644104004e+01
1.217348814010620117e+01
1.197523474693298340e+01
1.216863131523132324e+01
1.222649860382080078e+01
1.215615391731262207e+01
1.219917106628417969e+01
1.220241236686706543e+01
1.220742988586425781e+01
1.221758103370666504e+01
1.215358495712280273e+01
1.219101715087890625e+01
1.224750256538391113e+01
1.220603275299072266e+01
1.219520950317382812e+01
1.219928574562072754e+01
1.230288934707641602e+01
1.212689089775085449e+01
1.217086768150329590e+01
1.215221357345581055e+01
1.214943170547485352e+01
1.206006312370300293e+01
1.227040982246398926e+01
1.219224619865417480e+01
1.215802597999572754e+01
1.218758153915405273e+01
1.196909737586975098e+01
1.216515088081359863e+01
1.223623085021972656e+01
1.207415318489074707e+01
1.223542881011962891e+01
1.206831789016723633e+01
1.205073857307434082e+01
1.214745211601257324e+01
1.214827013015747070e+01
1.224384093284606934e+01
1.222585535049438477e+01
1.218493938446044922e+01
1.220848655700683594e+01
1.213234925270080566e+01
1.212382411956787109e+01
1.213797760009765625e+01
1.210298800468444824e+01
1.209833884239196777e+01
1.215037560462951660e+01
1.223217535018920898e+01
1.221470713615417480e+01
1.209132695198059082e+01
1.206535363197326660e+01
1.213125324249267578e+01
1.206584024429321289e+01
1.223038601875305176e+01
1.209833621978759766e+01
1.217871856689453125e+01
1.218030786514282227e+01
1.221586012840270996e+01
1.217102193832397461e+01
1.216000437736511230e+01
1.209945416450500488e+01
1.220573568344116211e+01
1.224293971061706543e+01
1.209071230888366699e+01
1.217567563056945801e+01
1.201753783226013184e+01
1.220779085159301758e+01
1.219718074798583984e+01
1.201783418655395508e+01
1.216881203651428223e+01
1.222633552551269531e+01
1.200133228302001953e+01
1.220182919502258301e+01
1.204206395149230957e+01
1.213502478599548340e+01
1.214977455139160156e+01
1.218129396438598633e+01
1.229139900207519531e+01
1.212520074844360352e+01
1.203532648086547852e+01
1.219664978981018066e+01
1.221746110916137695e+01
1.208782172203063965e+01
1.216882491111755371e+01
1.220496058464050293e+01
1.204656744003295898e+01
1.219251298904418945e+01
1.212766242027282715e+01
1.218554902076721191e+01
1.216289305686950684e+01
1.217867565155029297e+01
1.216822052001953125e+01
1.208128356933593750e+01
1.224387359619140625e+01
1.227355527877807617e+01
1.224799752235412598e+01
1.213574147224426270e+01
1.213844919204711914e+01
1.221830010414123535e+01
