9.727999999084472549e+00
1.215999999984741287e+01
1.620799999877929665e+01
1.795199999877929642e+01
1.871999999816894444e+01
2.039999999511718798e+01
2.318400000183105547e+01
2.587200000122070165e+01
2.785599999908447089e+01
2.855999998779297044e+01
3.129599999816894496e+01
3.246400000488281279e+01
3.366400000488281563e+01
3.457599999755859699e+01
3.601599999755859471e+01
3.691200000122070435e+01
3.692800000732422205e+01
3.870399999755859710e+01
3.830400000122070026e+01
4.070400000122070594e+01
4.028799999389648434e+01
4.060800000366210583e+01
4.249600000366211106e+01
4.280000000366210600e+01
4.369600000732421563e+01
4.270399999023437232e+01
4.471999999145507587e+01
4.628800000610351617e+01
4.713599999389648332e+01
4.548800000976562785e+01
4.641599998779297209e+01
4.820800000976562671e+01
4.831999999389648792e+01
4.755199999145507661e+01
4.721599999816894666e+01
4.804799999023437351e+01
5.007999999633788946e+01
4.809600000976562484e+01
4.956799999023437664e+01
5.147200000976562251e+01
5.105599999816894297e+01
5.001600001464844070e+01
5.212800000244140364e+01
5.209599998657226649e+01
5.313599998779297096e+01
5.140799999633789241e+01
5.199999999145507701e+01
4.913599999023437448e+01
5.140799998657226411e+01
5.140800000610351361e+01
5.267199999023437584e+01
5.420799999755859488e+01
5.329600000610351884e+01
5.236799999389648264e+01
5.364800000976562444e+01
5.111999999023437624e+01
5.081599999267577772e+01
5.255999999389648281e+01
5.280000000610351663e+01
5.424000000976562319e+01
5.355200000610351907e+01
5.332799999633789412e+01
5.110400000366210804e+01
5.279999999023437596e+01
5.249600000976562342e+01
5.518399998657226746e+01
5.401599999023437704e+01
5.422399999999999665e+01
5.521600000610351344e+01
5.566399998657226433e+01
5.267199998779296521e+01
5.532800001464843831e+01
5.416000000122070190e+01
5.427199999633788963e+01
5.705599999389648502e+01
5.697600000244140972e+01
5.129600000244140290e+01
5.457600000610351287e+01
5.371199999389648383e+01
5.323199999999999932e+01
5.387200000610351225e+01
5.660799999999999699e+01
5.319999998657226570e+01
5.523199998657226217e+01
5.580799998291015385e+01
5.495999999389648139e+01
5.500800000976562387e+01
5.614399999267578067e+01
5.699199998657226729e+01
5.727999998657226399e+01
5.526399999023437459e+01
5.548799999633789071e+01
5.681600000610351486e+01
5.782399999633788923e+01
5.697600000244140972e+01
5.545600000488281012e+01
5.609599998657226649e+01
5.795200000732421586e+01
5.886399998291015834e+01
5.792000000976562291e+01
6.936000001708984541e+01
7.142400000488281364e+01
7.236799997314453492e+01
7.366400000488280853e+01
7.305600000488281864e+01
7.391999999511718045e+01
7.431999998291016141e+01
7.457599998657227047e+01
7.518399997314453742e+01
7.555199998291016072e+01
7.521600000488281523e+01
7.590399998535156101e+01
7.619199999755859665e+01
7.680000001464843251e+01
7.636799999755859858e+01
7.671999997314452457e+01
7.646400001464843399e+01
7.678400001464844138e+01
7.670399998535155817e+01
7.731199997314453753e+01
7.719999998779296391e+01
7.761600000244141029e+01
7.745599998535156772e+01
7.809600001464843899e+01
7.864000001464843592e+01
7.798399997558593100e+01
7.817600001708984792e+01
7.843199998535156681e+01
7.857600001464844297e+01
7.870400000732422541e+01
7.911999999511718329e+01
7.865600001708983768e+01
7.926400000732421347e+01
7.851199999511719341e+01
7.927999999511719409e+01
7.943999999755858710e+01
7.865600000732422359e+01
7.959999998535155896e+01
7.921599998779296925e+01
7.979199999267578391e+01
7.953600001708984735e+01
7.950399998535156953e+01
7.940799999511719420e+01
7.913599999511718863e+01
7.984000000488281046e+01
7.979199998779296266e+01
7.972799998535155908e+01
7.985599999511718750e+01
7.977600000244140688e+01
8.072000000488280591e+01
8.121600001708983996e+01
8.169599998535156260e+01
8.113599998535156033e+01
8.161599999511719261e+01
8.169600000488281921e+01
8.124799999511718340e+01
8.163199997558594134e+01
8.142399999755859596e+01
8.131200000488281887e+01
8.191999998535156635e+01
8.174399998779297505e+01
8.153600000732421904e+01
8.215999998535156124e+01
8.137599997558594112e+01
8.185600001708984053e+01
8.134399998535155873e+01
8.184000001708984939e+01
8.217599997558593827e+01
8.222400001708984973e+01
8.216000001464843194e+01
8.246400000732421631e+01
8.156799997558593418e+01
8.185599998535155919e+01
8.176000001708983689e+01
8.241600001708984280e+01
8.174399998535156442e+01
8.209599997802735061e+01
8.172800000732421211e+01
8.193600000488281410e+01
8.206400000732422484e+01
8.196800000732422120e+01
8.180800000488281398e+01
8.188800000488281228e+01
8.270399998779296880e+01
8.185599999511718750e+01
8.190399999755859994e+01
8.236799997558593134e+01
8.174399999511719273e+01
8.206399997558594350e+01
8.199999997558593634e+01
8.243200000732421984e+01
8.169599999755858732e+01
8.219199997558594362e+01
8.183999997558593975e+01
8.195199999755858755e+01
8.259199998535156340e+01
8.148800000732421722e+01
8.161599999511719261e+01
8.230400001708984803e+01
8.254399997558593327e+01
