2.200381898880004883e+01
2.189094901084899902e+01
2.181982207298278809e+01
2.196072220802307129e+01
2.180999994277954102e+01
2.213097429275512695e+01
2.188050508499145508e+01
2.231595921516418457e+01
2.256600618362426758e+01
2.144179558753967285e+01
2.220012712478637695e+01
2.190158438682556152e+01
2.235850858688354492e+01
2.223730087280273438e+01
2.268427872657775879e+01
2.243098354339599609e+01
2.177374458312988281e+01
2.202499866485595703e+01
2.203095149993896484e+01
2.192844343185424805e+01
2.252620792388916016e+01
2.171464633941650391e+01
2.205442762374877930e+01
2.242200970649719238e+01
2.231808519363403320e+01
2.207246017456054688e+01
2.194080233573913574e+01
2.229092073440551758e+01
2.183647489547729492e+01
2.233717536926269531e+01
2.151426267623901367e+01
2.169131922721862793e+01
2.185435342788696289e+01
2.222496604919433594e+01
2.227956390380859375e+01
2.233093833923339844e+01
2.268324637413024902e+01
2.183851242065429688e+01
2.175447392463684082e+01
2.254061985015869141e+01
2.174740242958068848e+01
2.219604754447937012e+01
2.208130884170532227e+01
2.248067069053649902e+01
2.228757405281066895e+01
2.261454963684082031e+01
2.254767227172851562e+01
2.203681778907775879e+01
2.155443024635314941e+01
2.185006785392761230e+01
2.223923301696777344e+01
2.197847032546997070e+01
2.187788391113281250e+01
2.290917348861694336e+01
2.201790046691894531e+01
2.208816599845886230e+01
2.215951514244079590e+01
2.214728736877441406e+01
2.241001772880554199e+01
2.180105710029602051e+01
2.249830412864685059e+01
2.211845207214355469e+01
2.192667150497436523e+01
2.231400394439697266e+01
2.202120423316955566e+01
2.199512767791748047e+01
2.219197797775268555e+01
2.209855270385742188e+01
2.202428150177001953e+01
2.211227345466613770e+01
2.194761514663696289e+01
2.249266290664672852e+01
2.196401619911193848e+01
2.276509952545166016e+01
2.239138388633728027e+01
2.251774096488952637e+01
2.212248206138610840e+01
2.247027945518493652e+01
2.199680757522583008e+01
2.193286538124084473e+01
2.196025013923645020e+01
2.236958408355712891e+01
2.202125763893127441e+01
2.236111879348754883e+01
2.261393809318542480e+01
2.180183196067810059e+01
2.187689352035522461e+01
2.238475179672241211e+01
2.210018754005432129e+01
2.218424510955810547e+01
2.242866635322570801e+01
2.201709938049316406e+01
2.162854957580566406e+01
2.221073436737060547e+01
2.242808580398559570e+01
2.157208395004272461e+01
2.214330410957336426e+01
2.302909612655639648e+01
2.222218728065490723e+01
2.196682476997375488e+01
2.197706460952758789e+01
2.203046751022338867e+01
2.227495980262756348e+01
2.231117725372314453e+01
2.207621645927429199e+01
2.215576505661010742e+01
2.179411315917968750e+01
2.255095386505126953e+01
2.226065397262573242e+01
2.246467304229736328e+01
2.224140787124633789e+01
2.223882246017456055e+01
2.189307117462158203e+01
2.195184993743896484e+01
2.221512389183044434e+01
2.243922734260559082e+01
2.213316655158996582e+01
2.219035100936889648e+01
2.179575538635253906e+01
2.234643578529357910e+01
2.221021246910095215e+01
2.175160026550292969e+01
2.217219352722167969e+01
2.214634656906127930e+01
2.168095612525939941e+01
2.231239938735961914e+01
2.247816824913024902e+01
2.251526260375976562e+01
2.232376122474670410e+01
2.140819358825683594e+01
2.250608229637145996e+01
2.208473253250122070e+01
2.224208235740661621e+01
2.194807624816894531e+01
2.206094336509704590e+01
2.201492762565612793e+01
2.201338768005371094e+01
2.219706988334655762e+01
2.198908400535583496e+01
2.250488114356994629e+01
2.207890653610229492e+01
2.228873062133789062e+01
2.215554833412170410e+01
2.209229922294616699e+01
2.209610462188720703e+01
2.198112630844116211e+01
2.158698058128356934e+01
2.193089723587036133e+01
2.196946048736572266e+01
2.270359063148498535e+01
2.197265863418579102e+01
2.184429454803466797e+01
2.192750120162963867e+01
2.182178926467895508e+01
2.259065723419189453e+01
2.163668084144592285e+01
2.216826438903808594e+01
2.210867476463317871e+01
2.231294965744018555e+01
2.231637835502624512e+01
2.224692940711975098e+01
2.215064239501953125e+01
2.240850114822387695e+01
2.203868341445922852e+01
2.221537494659423828e+01
2.229821872711181641e+01
2.183222389221191406e+01
2.215502023696899414e+01
2.242100381851196289e+01
2.204227733612060547e+01
2.212326049804687500e+01
2.260114049911499023e+01
2.263799619674682617e+01
2.177033948898315430e+01
2.202391552925109863e+01
2.174501824378967285e+01
2.219383192062377930e+01
2.247702193260192871e+01
2.239689183235168457e+01
2.206258130073547363e+01
2.212597393989562988e+01
2.218373656272888184e+01
2.223481512069702148e+01
2.219939422607421875e+01
2.190485548973083496e+01
2.222146797180175781e+01
2.172437262535095215e+01
2.209754371643066406e+01
2.202888321876525879e+01
2.203365087509155273e+01
2.226859569549560547e+01
2.206991791725158691e+01
2.229034233093261719e+01
2.188402915000915527e+01
2.251246857643127441e+01
2.243921089172363281e+01
2.237110018730163574e+01
2.258426237106323242e+01
2.181495213508605957e+01
2.185767841339111328e+01
