2.396167136001587039e+00
2.298663666839599440e+00
2.237855441780090437e+00
2.158826302795409990e+00
2.122610210418701016e+00
2.056883604965209944e+00
2.023029207382202266e+00
1.993822891998290991e+00
1.976419887237548911e+00
1.933982470359802308e+00
1.885326203155517577e+00
1.896789208374023428e+00
1.859254987564086914e+00
1.894312531738281180e+00
1.855087464485168480e+00
1.832545952339172279e+00
1.858802413330078229e+00
1.825107216835021973e+00
1.846320790710449300e+00
1.845941490402221774e+00
1.852771411743163954e+00
1.814747239646911536e+00
1.837312963867187454e+00
1.818334128074645895e+00
1.832451491584777825e+00
1.798813088531494131e+00
1.813612811431884797e+00
1.782063128814697306e+00
1.796042884559631458e+00
1.797106931495666471e+00
1.770995569458007735e+00
1.805100335693359481e+00
1.752506274223327720e+00
1.791879134674072338e+00
1.795543534545898545e+00
1.783364001350402850e+00
1.767549594841003380e+00
1.753723384475708080e+00
1.777312197723388776e+00
1.742772459564208898e+00
1.737416552658081148e+00
1.792008700828552348e+00
1.750382571983337465e+00
1.771993804168701114e+00
1.778656750564575173e+00
1.778528379364013645e+00
1.777196384277343721e+00
1.742951144714355527e+00
1.783833120613098178e+00
1.760633254165649308e+00
1.746636058654785106e+00
1.738531413040161233e+00
1.754393727874755893e+00
1.716454330787658744e+00
1.730636775512695236e+00
1.780659904022216855e+00
1.755292324981689411e+00
1.746481510696411110e+00
1.704006329116821261e+00
1.749053974380493148e+00
1.693677119979858370e+00
1.753544853782653901e+00
1.759585066986083968e+00
1.738598121070861868e+00
1.738657079696655172e+00
1.743940704498291083e+00
1.782562301025390594e+00
1.679350260238647419e+00
1.740087853698730536e+00
1.639369004631042515e+00
1.740627874641418549e+00
1.672864177551269593e+00
1.739940382461547808e+00
1.691229423980712854e+00
1.743409537429809530e+00
1.696918716926574699e+00
1.756247613296508803e+00
1.736964173622131291e+00
1.613497630844116237e+00
1.708104053649902365e+00
1.713668577728271414e+00
1.676492605285644588e+00
1.755838223342895521e+00
1.663692588958740171e+00
1.735558817214965854e+00
1.786333692131042428e+00
1.652468755455017035e+00
1.702131995239257733e+00
1.675691645431518495e+00
1.680433788948059171e+00
1.748019875411987334e+00
1.718685823822021508e+00
1.682712056083679242e+00
1.649777812728881798e+00
1.697752381210327233e+00
1.700768474006652875e+00
1.697610523338317856e+00
1.677719082870483325e+00
1.755512972145080619e+00
1.639061452331542990e+00
1.276766114196777435e+00
1.259520264739990125e+00
1.236571586608886664e+00
1.224530681076049898e+00
1.246433601131439195e+00
1.214604914741516106e+00
1.226950151977538983e+00
1.195833024787902765e+00
1.215870603332519506e+00
1.184831446876525973e+00
1.215964708232879721e+00
1.216678447704315102e+00
1.164438180236816445e+00
1.182307249679565464e+00
1.195459729843139751e+00
1.157454451980590715e+00
1.175753626708984312e+00
1.141364283943176350e+00
1.151955252685546771e+00
1.178979052543640105e+00
1.177815126075744567e+00
1.135315446319580035e+00
1.144686081695556634e+00
1.149543557167053143e+00
1.111719468688964874e+00
1.158428950767517174e+00
1.110630047149658184e+00
1.159384032325744718e+00
1.118807156066894626e+00
1.102029214954376224e+00
1.119604361534118686e+00
1.146780455093383777e+00
1.127325884838104253e+00
1.105265837783813376e+00
1.133509904747009189e+00
1.086509450836181667e+00
1.118650737075805646e+00
1.124976460647582943e+00
1.105582607421875085e+00
1.127395555305480856e+00
1.117758818244934060e+00
1.105721045417785708e+00
1.085468566818237335e+00
1.075220962257385171e+00
1.072669286985397319e+00
1.083807249336242728e+00
1.091181766777038487e+00
1.112810109214782628e+00
1.079421267852783251e+00
1.063963003196716217e+00
1.041253712272643961e+00
1.067245758075714201e+00
9.975980979919433222e-01
1.027533335647583090e+00
1.010214936923980789e+00
1.019081744232177789e+00
9.839838084602355872e-01
9.896416794967651809e-01
1.003850308036804195e+00
9.751765469169616507e-01
1.015578599548339733e+00
1.004533314132690425e+00
1.030760987567901577e+00
9.969347518157959387e-01
1.009917069664001410e+00
9.790199943733215449e-01
1.025798852138519290e+00
9.975947976684570451e-01
1.027643680648803626e+00
1.016650802135467435e+00
1.003279653186798015e+00
1.005267646560668915e+00
1.056817837219238276e+00
1.019673074150085457e+00
9.866163690567016920e-01
1.016141711463928177e+00
1.017323547554016105e+00
9.976196397590637588e-01
1.012136639099121105e+00
1.011831241645813062e+00
1.020256974601745581e+00
9.970569525909424025e-01
1.008555442314147843e+00
9.850956215667724392e-01
1.020821045837402297e+00
1.039114304332733107e+00
9.927750896072388143e-01
9.896608626174926426e-01
9.717445462417602098e-01
1.008160316925048816e+00
9.863993465423583906e-01
1.001539158935546903e+00
9.515947764778137641e-01
9.949020986938476030e-01
9.835443475532531510e-01
9.936042113876343285e-01
9.819726044845581425e-01
9.938800243186950434e-01
9.845025943565368642e-01
9.729294139099120553e-01
