1.003199999969482370e+01
1.299199999877929734e+01
1.614399999908447114e+01
2.007999999572754035e+01
2.174400000488281393e+01
2.303999999572753765e+01
2.449599999877929690e+01
2.659200000122070406e+01
2.695999999511718670e+01
2.862399999816894436e+01
2.972799999511718738e+01
3.071999999145507942e+01
3.316799998779296743e+01
3.342399999145507650e+01
3.436799999511718795e+01
3.580799998779296800e+01
3.579199999389648212e+01
3.839999999816894416e+01
3.764800000732422092e+01
3.856000000732421995e+01
3.900799999145507968e+01
4.087999998779297073e+01
4.164800000366211208e+01
4.203199998657226644e+01
4.198400000976562296e+01
4.292800000122070259e+01
4.401599999633788940e+01
4.526399999755859227e+01
4.473599998779296527e+01
4.463999999023437226e+01
4.529599999755859585e+01
4.644799999633789156e+01
4.713599998779297096e+01
4.732799998779297113e+01
4.769599999633788912e+01
4.691199998779296720e+01
5.065600000244140944e+01
4.803199998779297175e+01
4.729599999755859585e+01
5.060800000366210583e+01
4.878400000610351839e+01
4.875199998657226530e+01
4.910399999023437800e+01
5.168000000610351208e+01
5.086400000976562552e+01
5.022400000122070196e+01
5.110400000732421688e+01
5.052799999633788985e+01
5.070399999755859710e+01
5.215999999633788775e+01
5.188799998657226809e+01
5.143999999389648536e+01
5.145599999389648360e+01
5.118399998779296567e+01
5.027199998779296664e+01
5.124799999267577988e+01
5.116799999389648690e+01
5.204800000000000182e+01
5.238400000976562154e+01
5.304000000732421682e+01
5.451199999023437215e+01
5.340799998291015527e+01
5.427199999755859494e+01
5.291200000122070435e+01
5.460799998291015811e+01
5.196799999633788758e+01
5.528000000000000114e+01
5.209600000610351600e+01
5.268799999633789355e+01
5.457599999633789167e+01
5.193600000244140347e+01
5.555200000976562791e+01
5.452799999023437749e+01
5.000000000976562831e+01
5.516799999755859574e+01
5.284799999633789014e+01
5.400000000976562831e+01
5.548800000610351901e+01
5.435199999023437556e+01
5.505599999999999739e+01
5.479999999023437596e+01
5.638399998291015436e+01
5.443199998657226502e+01
5.492799999023437607e+01
5.462399999023437402e+01
5.169600000610351742e+01
5.551999998779297130e+01
5.364799999267577846e+01
5.742399999267578181e+01
5.679999999999999716e+01
5.526400000976562410e+01
5.692799999633788843e+01
5.795200000610351765e+01
5.747200000000000131e+01
5.715200000610351339e+01
5.427199998657226843e+01
5.857600000732421819e+01
5.555199999633789076e+01
5.871999999267578119e+01
5.761599998779296783e+01
6.924799999633789582e+01
7.246399997558593498e+01
7.275200001464843069e+01
7.304000001464844161e+01
7.393600001464844240e+01
7.447999999755859335e+01
7.505599997314453731e+01
7.472000000732421654e+01
7.497599999267578141e+01
7.520000000244139926e+01
7.540800000488280830e+01
7.544000000488281898e+01
7.571199997558593964e+01
7.599999998535156465e+01
7.611199998535155942e+01
7.652799997314453151e+01
7.707199999511718147e+01
7.671999999755858823e+01
7.667199998291015106e+01
7.710399997558593554e+01
7.732799997314452867e+01
7.747200000488281546e+01
7.780799998535155737e+01
7.768000000488281387e+01
7.827200001708983734e+01
7.795199999755858755e+01
7.862400000732421290e+01
7.795199999511719113e+01
7.798399999755859824e+01
7.854399998535156158e+01
7.841599998535156146e+01
7.815999997558593293e+01
7.892799997558593361e+01
7.910400001708984519e+01
7.854399997558593327e+01
7.871999999267578119e+01
7.923199998535156396e+01
7.916800000732422404e+01
7.942400000732422427e+01
7.870399999511718647e+01
7.982400000488281933e+01
7.907199998779296379e+01
7.959999998779296959e+01
7.904000001708983802e+01
7.995199999511719113e+01
7.881599998535156715e+01
7.982400000732421574e+01
7.995199997558593452e+01
7.998400001708984064e+01
8.008000001464843365e+01
8.059200000732421643e+01
8.084799999511719193e+01
8.099200000488281148e+01
8.123199998535156396e+01
8.174400000732421745e+01
8.185600000488281580e+01
8.094399999755859199e+01
8.088000001464843081e+01
8.190399997558593270e+01
8.187199999755858926e+01
8.137600000488281182e+01
8.203199997558593282e+01
8.169599997558593429e+01
8.198400000976562296e+01
8.147200000488281546e+01
8.150400000732422257e+01
8.137599998779296584e+01
8.121599997558594453e+01
8.142399999511718534e+01
8.131199999755858698e+01
8.137599998535156942e+01
8.206399999755859653e+01
8.126400000488281705e+01
8.166399998535156612e+01
8.230399998535156669e+01
8.148800000732421722e+01
8.164799998779297141e+01
8.137599997558594112e+01
8.152000001708984200e+01
8.148800001464843490e+01
8.171199997558593964e+01
8.177599999755859983e+01
8.182399997558593441e+01
8.203200001708984246e+01
8.211200000732421245e+01
8.185600000732421222e+01
8.179200001708984757e+01
8.196800001708984951e+01
8.212799998657226297e+01
8.233600001708984450e+01
8.163199997558594134e+01
8.156799998535156249e+01
8.204799997558593816e+01
8.225599997314452594e+01
8.214400001464844081e+01
8.137599998535156942e+01
8.190400000488281762e+01
8.291199998535155657e+01
8.163199997558594134e+01
8.201599999755859471e+01
