1.000000000000000000e+01
1.462999916076660156e+01
1.735999870300292969e+01
2.154999923706054688e+01
2.401000022888183594e+01
2.273999977111816406e+01
2.859999847412109375e+01
3.373999786376953125e+01
3.464999771118164062e+01
3.452999877929687500e+01
3.634999847412109375e+01
3.925000000000000000e+01
3.893000030517578125e+01
3.987999725341796875e+01
3.786999893188476562e+01
4.063999938964843750e+01
3.566999816894531250e+01
4.272999954223632812e+01
4.150000000000000000e+01
4.180999755859375000e+01
4.400999832153320312e+01
4.343000030517578125e+01
4.336000061035156250e+01
3.975000000000000000e+01
4.552000045776367188e+01
4.214999771118164062e+01
4.223999786376953125e+01
4.156999969482421875e+01
4.434999847412109375e+01
4.523999786376953125e+01
4.571999740600585938e+01
4.243000030517578125e+01
4.340999984741210938e+01
4.730999755859375000e+01
4.554999923706054688e+01
4.314999771118164062e+01
4.905999755859375000e+01
4.722999954223632812e+01
4.298999786376953125e+01
4.590999984741210938e+01
5.032999801635742188e+01
4.998999786376953125e+01
4.589999771118164062e+01
4.723999786376953125e+01
4.645999908447265625e+01
4.282999801635742188e+01
4.470000076293945312e+01
5.039999771118164062e+01
4.811999893188476562e+01
5.239999771118164062e+01
5.104999923706054688e+01
4.284999847412109375e+01
5.175999832153320312e+01
5.005999755859375000e+01
4.789999771118164062e+01
5.193000030517578125e+01
5.009000015258789062e+01
5.036000061035156250e+01
4.952000045776367188e+01
5.106999969482421875e+01
4.657999801635742188e+01
4.452000045776367188e+01
4.495999908447265625e+01
4.772999954223632812e+01
5.048999786376953125e+01
4.213999938964843750e+01
4.296999740600585938e+01
5.385999679565429688e+01
5.477000045776367188e+01
5.422999954223632812e+01
5.491999816894531250e+01
5.202000045776367188e+01
5.621999740600585938e+01
5.194999694824218750e+01
4.318000030517578125e+01
4.400999832153320312e+01
4.804999923706054688e+01
4.789999771118164062e+01
5.025000000000000000e+01
4.086000061035156250e+01
5.518000030517578125e+01
5.277999877929687500e+01
5.325000000000000000e+01
5.438999938964843750e+01
5.059000015258789062e+01
5.273999786376953125e+01
5.116999816894531250e+01
5.327000045776367188e+01
5.800999832153320312e+01
5.544999694824218750e+01
5.294999694824218750e+01
5.689999771118164062e+01
5.552999877929687500e+01
5.693999862670898438e+01
5.564999771118164062e+01
5.768999862670898438e+01
5.852999877929687500e+01
5.709000015258789062e+01
5.665999984741210938e+01
5.462999725341796875e+01
6.451999664306640625e+01
6.505999755859375000e+01
6.593000030517578125e+01
6.594999694824218750e+01
6.583999633789062500e+01
6.597999572753906250e+01
6.684999847412109375e+01
6.654000091552734375e+01
6.640999603271484375e+01
6.665999603271484375e+01
6.633999633789062500e+01
6.650000000000000000e+01
6.647999572753906250e+01
6.690999603271484375e+01
6.650000000000000000e+01
6.733999633789062500e+01
6.700999450683593750e+01
6.722000122070312500e+01
6.713999938964843750e+01
6.755999755859375000e+01
6.748999786376953125e+01
6.763999938964843750e+01
6.781999969482421875e+01
6.736999511718750000e+01
6.752999877929687500e+01
6.765999603271484375e+01
6.816999816894531250e+01
6.800000000000000000e+01
6.829999542236328125e+01
6.813999938964843750e+01
6.833000183105468750e+01
6.804999542236328125e+01
6.815999603271484375e+01
6.797999572753906250e+01
6.833999633789062500e+01
6.765999603271484375e+01
6.768999481201171875e+01
6.829999542236328125e+01
6.794999694824218750e+01
6.872999572753906250e+01
6.887999725341796875e+01
6.872000122070312500e+01
6.829000091552734375e+01
6.888999938964843750e+01
6.830999755859375000e+01
6.836999511718750000e+01
6.869999694824218750e+01
6.936999511718750000e+01
6.847999572753906250e+01
6.868000030517578125e+01
6.934999847412109375e+01
6.937999725341796875e+01
6.936999511718750000e+01
6.940999603271484375e+01
6.943000030517578125e+01
6.933000183105468750e+01
6.934999847412109375e+01
6.940000152587890625e+01
6.937999725341796875e+01
6.940999603271484375e+01
6.936000061035156250e+01
6.944999694824218750e+01
6.950999450683593750e+01
6.983000183105468750e+01
6.965999603271484375e+01
6.954999542236328125e+01
6.940000152587890625e+01
6.937999725341796875e+01
6.937999725341796875e+01
6.959999847412109375e+01
6.958000183105468750e+01
6.966999816894531250e+01
6.934999847412109375e+01
6.933999633789062500e+01
6.963999938964843750e+01
6.958000183105468750e+01
6.956999969482421875e+01
6.968999481201171875e+01
6.963999938964843750e+01
6.983000183105468750e+01
6.951999664306640625e+01
6.947999572753906250e+01
6.952999877929687500e+01
6.988999938964843750e+01
6.966999816894531250e+01
6.970999908447265625e+01
6.969999694824218750e+01
6.961999511718750000e+01
6.975999450683593750e+01
6.950999450683593750e+01
6.965000152587890625e+01
6.938999938964843750e+01
6.952999877929687500e+01
6.987999725341796875e+01
6.962999725341796875e+01
6.943999481201171875e+01
6.959999847412109375e+01
6.933999633789062500e+01
6.930999755859375000e+01
6.933999633789062500e+01
