1.253772830963134766e+01
1.180973601341247559e+01
1.172521376609802246e+01
1.185002398490905762e+01
1.192523527145385742e+01
1.202417397499084473e+01
1.192318391799926758e+01
1.197776865959167480e+01
1.188854813575744629e+01
1.167777609825134277e+01
1.213328790664672852e+01
1.198472142219543457e+01
1.216611003875732422e+01
1.215703105926513672e+01
1.217341637611389160e+01
1.229761362075805664e+01
1.186724972724914551e+01
1.219014239311218262e+01
1.190330910682678223e+01
1.201565194129943848e+01
1.219416809082031250e+01
1.210894489288330078e+01
1.205854558944702148e+01
1.200492024421691895e+01
1.214837074279785156e+01
1.196943902969360352e+01
1.228040671348571777e+01
1.206881666183471680e+01
1.198039507865905762e+01
1.216575145721435547e+01
1.167130279541015625e+01
1.189249706268310547e+01
1.214919948577880859e+01
1.203696680068969727e+01
1.171223020553588867e+01
1.225357127189636230e+01
1.220857214927673340e+01
1.183662056922912598e+01
1.178267765045166016e+01
1.232453203201293945e+01
1.218300509452819824e+01
1.195515108108520508e+01
1.213423514366149902e+01
1.218040370941162109e+01
1.222865104675292969e+01
1.212962317466735840e+01
1.231408166885375977e+01
1.214053487777709961e+01
1.213078188896179199e+01
1.218167757987976074e+01
1.204891991615295410e+01
1.217463183403015137e+01
1.168109416961669922e+01
1.209394836425781250e+01
1.205628013610839844e+01
1.200860524177551270e+01
1.187313365936279297e+01
1.200053930282592773e+01
1.208971214294433594e+01
1.224393582344055176e+01
1.221064734458923340e+01
1.219677162170410156e+01
1.198590493202209473e+01
1.195745277404785156e+01
1.200678706169128418e+01
1.214189863204956055e+01
1.225882077217102051e+01
1.208916115760803223e+01
1.205257630348205566e+01
1.221066737174987793e+01
1.196457409858703613e+01
1.178055477142333984e+01
1.222263026237487793e+01
1.218506598472595215e+01
1.228817677497863770e+01
1.213040280342102051e+01
1.202991771697998047e+01
1.214082050323486328e+01
1.223533439636230469e+01
1.201081943511962891e+01
1.196494626998901367e+01
1.218632054328918457e+01
1.186115241050720215e+01
1.206865334510803223e+01
1.229563283920288086e+01
1.191517639160156250e+01
1.216585993766784668e+01
1.188373732566833496e+01
1.224080586433410645e+01
1.224826478958129883e+01
1.150480031967163086e+01
1.199975562095642090e+01
1.214310312271118164e+01
1.210899090766906738e+01
1.229551434516906738e+01
1.187017202377319336e+01
1.217145395278930664e+01
1.222319936752319336e+01
1.233966875076293945e+01
1.215591979026794434e+01
1.237198996543884277e+01
1.219168829917907715e+01
1.228703212738037109e+01
1.229094910621643066e+01
1.225271487236022949e+01
1.195757961273193359e+01
1.224777483940124512e+01
1.226684069633483887e+01
1.202627253532409668e+01
1.222769331932067871e+01
1.217631888389587402e+01
1.214871406555175781e+01
1.215982985496520996e+01
1.224325060844421387e+01
1.199618649482727051e+01
1.213949799537658691e+01
1.193733334541320801e+01
1.190537714958190918e+01
1.157919335365295410e+01
1.223897504806518555e+01
1.206631231307983398e+01
1.201800727844238281e+01
1.183374261856079102e+01
1.208125138282775879e+01
1.175988101959228516e+01
1.225022101402282715e+01
1.220329594612121582e+01
1.206669592857360840e+01
1.183213686943054199e+01
1.181574320793151855e+01
1.212746548652648926e+01
1.216390275955200195e+01
1.186900091171264648e+01
1.200615859031677246e+01
1.194750833511352539e+01
1.182531809806823730e+01
1.206702542304992676e+01
1.197836494445800781e+01
1.207305788993835449e+01
1.238643646240234375e+01
1.191753602027893066e+01
1.220961809158325195e+01
1.200788092613220215e+01
1.203774213790893555e+01
1.207057690620422363e+01
1.158566164970397949e+01
1.171934890747070312e+01
1.198275065422058105e+01
1.213825654983520508e+01
1.218025588989257812e+01
1.201532578468322754e+01
1.194528508186340332e+01
1.194196486473083496e+01
1.183620953559875488e+01
1.236804413795471191e+01
1.197224807739257812e+01
1.201913881301879883e+01
1.227567458152770996e+01
1.228724098205566406e+01
1.216957902908325195e+01
1.214666080474853516e+01
1.200934576988220215e+01
1.222495865821838379e+01
1.219807505607604980e+01
1.218117928504943848e+01
1.166115975379943848e+01
1.204770183563232422e+01
1.188469552993774414e+01
1.205381608009338379e+01
1.212320709228515625e+01
1.198174643516540527e+01
1.223367500305175781e+01
1.182164263725280762e+01
1.215200185775756836e+01
1.207840108871459961e+01
1.182619857788085938e+01
1.202597260475158691e+01
1.216364908218383789e+01
1.223995065689086914e+01
1.195772814750671387e+01
1.213675427436828613e+01
1.209744119644165039e+01
1.215752792358398438e+01
1.182698011398315430e+01
1.158993482589721680e+01
1.209873604774475098e+01
1.190639686584472656e+01
1.194019746780395508e+01
1.204761457443237305e+01
1.222034120559692383e+01
1.188962769508361816e+01
1.226345038414001465e+01
1.212842965126037598e+01
1.186006069183349609e+01
1.227143001556396484e+01
1.200368690490722656e+01
1.217766141891479492e+01
1.170926618576049805e+01
1.226402187347412109e+01
1.217381501197814941e+01
