1.000000000000000000e+01
1.546999931335449219e+01
1.564999961853027344e+01
2.225000000000000000e+01
2.438999938964843750e+01
2.761999893188476562e+01
2.467000007629394531e+01
2.687999916076660156e+01
2.780999946594238281e+01
3.013999938964843750e+01
3.178999900817871094e+01
3.144999885559082031e+01
3.022999954223632812e+01
3.648999786376953125e+01
3.598999786376953125e+01
3.695999908447265625e+01
3.186999893188476562e+01
3.791999816894531250e+01
3.977999877929687500e+01
4.104999923706054688e+01
3.991999816894531250e+01
4.095000076293945312e+01
4.243000030517578125e+01
4.045000076293945312e+01
4.145000076293945312e+01
4.400999832153320312e+01
4.088999938964843750e+01
4.575999832153320312e+01
4.589999771118164062e+01
4.409000015258789062e+01
4.466999816894531250e+01
4.504999923706054688e+01
4.643000030517578125e+01
4.315999984741210938e+01
4.177000045776367188e+01
4.825000000000000000e+01
5.045999908447265625e+01
4.979999923706054688e+01
4.718000030517578125e+01
5.175000000000000000e+01
4.453999710083007812e+01
5.235999679565429688e+01
5.006999969482421875e+01
4.568000030517578125e+01
5.090999984741210938e+01
4.593000030517578125e+01
3.857999801635742188e+01
5.204999923706054688e+01
4.518000030517578125e+01
5.181999969482421875e+01
5.359999847412109375e+01
4.578999710083007812e+01
5.000999832153320312e+01
4.975999832153320312e+01
5.490999984741210938e+01
5.529999923706054688e+01
4.936000061035156250e+01
5.239999771118164062e+01
5.015999984741210938e+01
4.918000030517578125e+01
4.886999893188476562e+01
5.100000000000000000e+01
5.065999984741210938e+01
4.282999801635742188e+01
5.311999893188476562e+01
5.191999816894531250e+01
4.993000030517578125e+01
5.572999954223632812e+01
5.372999954223632812e+01
5.560999679565429688e+01
5.339999771118164062e+01
5.460999679565429688e+01
5.194999694824218750e+01
5.243999862670898438e+01
4.921999740600585938e+01
5.655999755859375000e+01
5.368999862670898438e+01
5.434999847412109375e+01
5.506999969482421875e+01
3.950999832153320312e+01
5.211999893188476562e+01
5.597999954223632812e+01
5.643999862670898438e+01
5.213999938964843750e+01
5.772999954223632812e+01
5.697999954223632812e+01
5.644999694824218750e+01
5.801999664306640625e+01
5.948999786376953125e+01
5.859999847412109375e+01
5.625000000000000000e+01
5.725999832153320312e+01
5.946999740600585938e+01
5.225999832153320312e+01
4.800000000000000000e+01
5.900000000000000000e+01
6.043000030517578125e+01
6.021999740600585938e+01
5.604999923706054688e+01
5.154999923706054688e+01
6.616999816894531250e+01
6.700000000000000000e+01
6.729000091552734375e+01
6.758000183105468750e+01
6.730999755859375000e+01
6.783000183105468750e+01
6.840999603271484375e+01
6.747999572753906250e+01
6.861999511718750000e+01
6.906999969482421875e+01
6.891999816894531250e+01
6.843999481201171875e+01
6.876999664306640625e+01
6.969999694824218750e+01
6.897999572753906250e+01
6.933000183105468750e+01
6.926999664306640625e+01
6.858999633789062500e+01
6.884999847412109375e+01
6.925999450683593750e+01
6.962999725341796875e+01
6.986999511718750000e+01
7.018999481201171875e+01
7.020999908447265625e+01
6.875999450683593750e+01
6.940999603271484375e+01
6.906999969482421875e+01
7.002999877929687500e+01
6.993999481201171875e+01
7.036000061035156250e+01
6.972999572753906250e+01
7.012999725341796875e+01
7.061999511718750000e+01
7.005999755859375000e+01
6.997000122070312500e+01
6.936999511718750000e+01
7.012999725341796875e+01
7.047999572753906250e+01
6.955999755859375000e+01
6.923999786376953125e+01
7.029000091552734375e+01
6.981999969482421875e+01
7.070999908447265625e+01
6.913999938964843750e+01
6.868999481201171875e+01
7.097999572753906250e+01
7.043000030517578125e+01
7.036999511718750000e+01
7.097000122070312500e+01
7.072999572753906250e+01
7.084999847412109375e+01
7.118999481201171875e+01
7.120999908447265625e+01
7.118000030517578125e+01
7.104000091552734375e+01
7.112999725341796875e+01
7.133999633789062500e+01
7.133999633789062500e+01
7.111000061035156250e+01
7.138999938964843750e+01
7.141999816894531250e+01
7.143999481201171875e+01
7.129999542236328125e+01
7.126999664306640625e+01
7.129999542236328125e+01
7.148999786376953125e+01
7.143999481201171875e+01
7.143999481201171875e+01
7.133000183105468750e+01
7.119999694824218750e+01
7.111999511718750000e+01
7.129999542236328125e+01
7.122999572753906250e+01
7.148999786376953125e+01
7.123999786376953125e+01
7.120999908447265625e+01
7.133999633789062500e+01
7.143000030517578125e+01
7.140999603271484375e+01
7.125000000000000000e+01
7.118999481201171875e+01
7.155999755859375000e+01
7.133999633789062500e+01
7.148999786376953125e+01
7.136999511718750000e+01
7.150000000000000000e+01
7.136000061035156250e+01
7.129000091552734375e+01
7.140000152587890625e+01
7.154000091552734375e+01
7.145999908447265625e+01
7.120999908447265625e+01
7.140999603271484375e+01
7.161999511718750000e+01
7.115000152587890625e+01
7.129000091552734375e+01
7.133999633789062500e+01
7.136999511718750000e+01
7.133000183105468750e+01
7.125000000000000000e+01
