1.038399999954223674e+01
1.196799999954223637e+01
1.500799999816894470e+01
1.782399999511718747e+01
2.003199999816894561e+01
2.299200000488281148e+01
2.475200000244140597e+01
2.622399999938964754e+01
2.948800000488281370e+01
3.073600000122070242e+01
3.244799999908447319e+01
3.452799999023437749e+01
3.681599998779297067e+01
3.731200000732421529e+01
3.876800000122070600e+01
3.862399999389648286e+01
3.993599999145507695e+01
3.985600000183105607e+01
4.140800000000000125e+01
4.127999998779296931e+01
4.171200000000000330e+01
4.185599999755859102e+01
4.238400000366210918e+01
4.310400000122070452e+01
4.435199998779297204e+01
4.457600000000000051e+01
4.495999999389648139e+01
4.553599999023437306e+01
4.558400000366211202e+01
4.646399999023437744e+01
4.574399999999999977e+01
4.633599999755859500e+01
4.745600000976562427e+01
4.843199998291015618e+01
4.735999999633789059e+01
4.865599999023437761e+01
4.929600000610351884e+01
4.804799999755859119e+01
4.865599997314453162e+01
5.000000000732421768e+01
4.944000000366210656e+01
5.041600000610351628e+01
5.113599997314452850e+01
5.014400000976562666e+01
5.076799999755859716e+01
4.964799999023437493e+01
5.104000000976562745e+01
5.246399999633788980e+01
5.163199999023437670e+01
5.246400000366210747e+01
4.963200000366210674e+01
5.329599999755859585e+01
5.083200000976562194e+01
5.393600000976562825e+01
5.342399998291015351e+01
5.176000000976562632e+01
5.248000001464843933e+01
5.140799999633789241e+01
5.279999999999999716e+01
5.265600000244140944e+01
5.436800000000000210e+01
5.392000000000000171e+01
5.204799999389648235e+01
5.203200000366211242e+01
5.465599999999999881e+01
5.161600000610351913e+01
5.319999999633789400e+01
5.236800000000000210e+01
5.404799999389648235e+01
5.391999999389648224e+01
4.982399999999999807e+01
5.454400000610351640e+01
5.070399999023437232e+01
5.500800000000000267e+01
5.483200000366210958e+01
5.337599999755859415e+01
5.291199999755859551e+01
5.407999999389648593e+01
5.332800000366211179e+01
5.543999999633788889e+01
4.831999999633789145e+01
5.668800000244140591e+01
5.444800000244140392e+01
5.433599999633788968e+01
5.548799999023437834e+01
5.276800000000000068e+01
5.537599999145507468e+01
5.356800000244140847e+01
5.446400000610351810e+01
5.452799999633788985e+01
5.598399997314453458e+01
5.041600000976562512e+01
5.491199999267578136e+01
5.540800000000000125e+01
5.646399999633788980e+01
5.329599999267578170e+01
5.798399999267578409e+01
5.611200000000000188e+01
5.480000000244140779e+01
5.769599999389648559e+01
6.846400001464843399e+01
6.983999998535156806e+01
7.051200000488280750e+01
7.107200000732422041e+01
7.171200001464843865e+01
7.150399999511718363e+01
7.225599997558593657e+01
7.268799998291015640e+01
7.281600000488280955e+01
7.406399998291016118e+01
7.361600001464843501e+01
7.372800001464844399e+01
7.352000000244140665e+01
7.332799999755859233e+01
7.454399999511718988e+01
7.324799998535156931e+01
7.430399999511718079e+01
7.398400001708984064e+01
7.414400000488281250e+01
7.481600001464843785e+01
7.553599998535156601e+01
7.527999997558593748e+01
7.551999998291015004e+01
7.548800000732421722e+01
7.542399997314453231e+01
7.604799999511718056e+01
7.561599998535156431e+01
7.558399998535156783e+01
7.620800001464843376e+01
7.543999999511719068e+01
7.654399999755860051e+01
7.611200001464844433e+01
7.620799998535156305e+01
7.673599997314452992e+01
7.692800001464843263e+01
7.664000000488280762e+01
7.643199998535156681e+01
7.657599998535155805e+01
7.724799997314453037e+01
7.692800000732421495e+01
7.683199997558594418e+01
7.742399998291016061e+01
7.755199997558594305e+01
7.787199997802734686e+01
7.793599999267577516e+01
7.734400001464844365e+01
7.759999998535155896e+01
7.838400000732421802e+01
7.819200001708983905e+01
7.751999999511718897e+01
7.868800000732422006e+01
7.937599999755859415e+01
7.963199997558594134e+01
7.895999997558594430e+01
7.900799998291014958e+01
7.979199999511719454e+01
7.985599998535155919e+01
7.959999998535155896e+01
7.985599998535155919e+01
7.905600001464843274e+01
7.955199998779296777e+01
7.937599999755859415e+01
7.931200001708984360e+01
7.947199997558593054e+01
7.878400000488281307e+01
7.967999997558594316e+01
7.996799997802735049e+01
7.929600000488281353e+01
7.972799999755859801e+01
7.963199999511718374e+01
7.974399999511719273e+01
7.932800001708984894e+01
7.956799997802734481e+01
7.966400001464843683e+01
7.995199998779297346e+01
7.934399998535155873e+01
7.915199997314452673e+01
7.945599997558593941e+01
8.006400001708983893e+01
7.985599998779296982e+01
7.998399997558593100e+01
7.996800000488281057e+01
7.974399998779297505e+01
7.919999999755859221e+01
8.030399999755859142e+01
7.976000001708983689e+01
7.964800000732421381e+01
7.961600000488280671e+01
8.019199997558594362e+01
7.998399999755859824e+01
7.980799998535155737e+01
7.998399997558593100e+01
7.993599997558594339e+01
7.991999997558593805e+01
8.014400001708983723e+01
7.985600000488281580e+01
7.993600001708983882e+01
7.934399999511718704e+01
8.001600000732422302e+01
8.006399997558594350e+01
