2.038266658782958984e-01
2.280805110931396484e-01
2.208089828491210938e-01
2.189011573791503906e-01
2.309851646423339844e-01
2.129485607147216797e-01
2.081267833709716797e-01
2.321357727050781250e-01
2.134251594543457031e-01
1.705386638641357422e-01
2.269303798675537109e-01
2.511751651763916016e-01
2.549998760223388672e-01
2.410235404968261719e-01
2.528018951416015625e-01
2.320134639739990234e-01
2.130284309387207031e-01
2.321438789367675781e-01
1.903522014617919922e-01
2.301132678985595703e-01
2.531859874725341797e-01
2.267880439758300781e-01
2.136809825897216797e-01
1.998698711395263672e-01
2.274570465087890625e-01
1.797540187835693359e-01
2.259316444396972656e-01
2.724926471710205078e-01
2.075562477111816406e-01
2.508490085601806641e-01
1.965818405151367188e-01
1.698405742645263672e-01
2.264738082885742188e-01
2.043831348419189453e-01
1.999616622924804688e-01
2.073857784271240234e-01
2.728915214538574219e-01
2.009589672088623047e-01
1.908335685729980469e-01
2.521402835845947266e-01
2.038772106170654297e-01
2.246925830841064453e-01
2.153193950653076172e-01
2.500061988830566406e-01
2.241637706756591797e-01
2.298130989074707031e-01
2.519364356994628906e-01
1.950085163116455078e-01
2.084069252014160156e-01
2.297649383544921875e-01
2.018527984619140625e-01
2.275891304016113281e-01
2.251677513122558594e-01
2.474019527435302734e-01
2.396957874298095703e-01
1.903610229492187500e-01
1.873717308044433594e-01
1.986541748046875000e-01
2.210626602172851562e-01
2.215616703033447266e-01
2.369873523712158203e-01
2.514927387237548828e-01
1.998682022094726562e-01
1.924502849578857422e-01
2.207973003387451172e-01
2.382919788360595703e-01
2.199187278747558594e-01
1.945519447326660156e-01
2.217922210693359375e-01
2.296266555786132812e-01
2.166657447814941406e-01
2.434618473052978516e-01
2.303056716918945312e-01
2.263169288635253906e-01
2.567548751831054688e-01
1.994431018829345703e-01
2.076413631439208984e-01
2.285428047180175781e-01
2.331399917602539062e-01
1.851787567138671875e-01
1.872787475585937500e-01
2.166976928710937500e-01
1.996731758117675781e-01
2.091369628906250000e-01
2.254936695098876953e-01
1.945166587829589844e-01
1.959421634674072266e-01
2.081794738769531250e-01
2.263491153717041016e-01
2.315108776092529297e-01
2.037432193756103516e-01
2.020246982574462891e-01
2.077703475952148438e-01
2.245821952819824219e-01
2.227585315704345703e-01
1.843581199645996094e-01
2.232360839843750000e-01
2.474346160888671875e-01
2.353942394256591797e-01
2.317767143249511719e-01
2.175614833831787109e-01
2.241764068603515625e-01
2.497086524963378906e-01
2.351188659667968750e-01
2.337160110473632812e-01
2.117955684661865234e-01
2.066578865051269531e-01
2.312226295471191406e-01
2.094001770019531250e-01
2.698252201080322266e-01
2.322425842285156250e-01
2.274482250213623047e-01
2.289900779724121094e-01
2.232704162597656250e-01
2.324836254119873047e-01
2.480537891387939453e-01
2.038762569427490234e-01
2.078101634979248047e-01
1.694889068603515625e-01
2.444539070129394531e-01
2.304730415344238281e-01
2.034132480621337891e-01
2.193119525909423828e-01
2.516379356384277344e-01
1.764006614685058594e-01
2.284896373748779297e-01
2.097525596618652344e-01
2.506561279296875000e-01
2.085533142089843750e-01
1.883318424224853516e-01
2.593033313751220703e-01
2.338876724243164062e-01
1.972186565399169922e-01
2.022004127502441406e-01
2.320954799652099609e-01
2.265574932098388672e-01
2.238550186157226562e-01
2.201280593872070312e-01
2.132053375244140625e-01
2.772994041442871094e-01
2.099134922027587891e-01
2.139849662780761719e-01
2.094120979309082031e-01
2.131707668304443359e-01
2.220489978790283203e-01
1.491305828094482422e-01
2.015027999877929688e-01
2.322552204132080078e-01
2.429563999176025391e-01
2.607398033142089844e-01
2.218446731567382812e-01
1.900401115417480469e-01
1.884162425994873047e-01
1.730911731719970703e-01
2.775766849517822266e-01
2.075951099395751953e-01
1.891124248504638672e-01
2.313752174377441406e-01
2.156884670257568359e-01
2.413337230682373047e-01
2.215528488159179688e-01
2.376310825347900391e-01
2.208931446075439453e-01
2.314884662628173828e-01
2.315881252288818359e-01
2.331266403198242188e-01
2.144269943237304688e-01
1.968557834625244141e-01
2.266476154327392578e-01
2.314035892486572266e-01
2.131350040435791016e-01
2.738463878631591797e-01
1.964859962463378906e-01
2.246088981628417969e-01
1.913552284240722656e-01
2.058658599853515625e-01
2.463147640228271484e-01
2.217447757720947266e-01
2.780294418334960938e-01
1.786916255950927734e-01
2.433526515960693359e-01
2.295844554901123047e-01
2.320618629455566406e-01
2.168066501617431641e-01
2.183446884155273438e-01
2.417333126068115234e-01
2.101445198059082031e-01
2.150151729583740234e-01
2.116639614105224609e-01
2.103826999664306641e-01
2.080719470977783203e-01
2.405154705047607422e-01
2.293977737426757812e-01
2.009828090667724609e-01
2.363948822021484375e-01
2.237973213195800781e-01
2.340559959411621094e-01
1.804611682891845703e-01
2.462332248687744141e-01
2.256510257720947266e-01
