2.202463173866271973e+01
2.206231808662414551e+01
2.222796320915222168e+01
2.202685379981994629e+01
2.177003335952758789e+01
2.185090160369873047e+01
2.185484313964843750e+01
2.198239302635192871e+01
2.227980756759643555e+01
2.139139676094055176e+01
2.221445202827453613e+01
2.221738815307617188e+01
2.218347930908203125e+01
2.230156087875366211e+01
2.201067852973937988e+01
2.231012845039367676e+01
2.206776118278503418e+01
2.208384299278259277e+01
2.222529458999633789e+01
2.183522987365722656e+01
2.259319615364074707e+01
2.208043694496154785e+01
2.198083925247192383e+01
2.222532939910888672e+01
2.273136878013610840e+01
2.185818171501159668e+01
2.186787843704223633e+01
2.251540470123291016e+01
2.188523483276367188e+01
2.192761850357055664e+01
2.178677797317504883e+01
2.168509840965270996e+01
2.180399179458618164e+01
2.204305243492126465e+01
2.268012952804565430e+01
2.246219491958618164e+01
2.244450187683105469e+01
2.223689436912536621e+01
2.174925088882446289e+01
2.255247592926025391e+01
2.212140250205993652e+01
2.215423035621643066e+01
2.251751637458801270e+01
2.233130836486816406e+01
2.227710914611816406e+01
2.238952136039733887e+01
2.224810194969177246e+01
2.203892636299133301e+01
2.273605513572692871e+01
2.186477208137512207e+01
2.249992132186889648e+01
2.224142384529113770e+01
2.235720205307006836e+01
2.306036043167114258e+01
2.202493810653686523e+01
2.191874217987060547e+01
2.197226762771606445e+01
2.232750058174133301e+01
2.232810187339782715e+01
2.179937529563903809e+01
2.252230715751647949e+01
2.209556293487548828e+01
2.205910778045654297e+01
2.221164894104003906e+01
2.176660037040710449e+01
2.216863512992858887e+01
2.232961630821228027e+01
2.184176588058471680e+01
2.217458844184875488e+01
2.214074301719665527e+01
2.213060188293457031e+01
2.250904726982116699e+01
2.215502715110778809e+01
2.252904343605041504e+01
2.268846321105957031e+01
2.205089092254638672e+01
2.225331926345825195e+01
2.234240841865539551e+01
2.217784643173217773e+01
2.172315049171447754e+01
2.219265913963317871e+01
2.202099084854125977e+01
2.178384065628051758e+01
2.217057847976684570e+01
2.222959089279174805e+01
2.219090151786804199e+01
2.201018333435058594e+01
2.231201863288879395e+01
2.221643519401550293e+01
2.196694779396057129e+01
2.240351581573486328e+01
2.192751550674438477e+01
2.203063559532165527e+01
2.192247653007507324e+01
2.238515996932983398e+01
2.214020013809204102e+01
2.204316687583923340e+01
2.243109297752380371e+01
2.219494318962097168e+01
2.236848163604736328e+01
2.190359091758728027e+01
2.220981574058532715e+01
2.208787178993225098e+01
2.250675344467163086e+01
2.200885844230651855e+01
2.180556154251098633e+01
2.221703529357910156e+01
2.249030256271362305e+01
2.247484350204467773e+01
2.271743488311767578e+01
2.264473748207092285e+01
2.227907562255859375e+01
2.202420043945312500e+01
2.182618474960327148e+01
2.259675049781799316e+01
2.218290162086486816e+01
2.260160851478576660e+01
2.207347798347473145e+01
2.170180392265319824e+01
2.200173449516296387e+01
2.203773951530456543e+01
2.208296346664428711e+01
2.165882754325866699e+01
2.228417634963989258e+01
2.183496499061584473e+01
2.242503094673156738e+01
2.167576408386230469e+01
2.222887468338012695e+01
2.197590303421020508e+01
2.168063259124755859e+01
2.213605046272277832e+01
2.206506443023681641e+01
2.193752932548522949e+01
2.204708433151245117e+01
2.185916924476623535e+01
2.197713994979858398e+01
2.230282092094421387e+01
2.225483369827270508e+01
2.182041096687316895e+01
2.225779366493225098e+01
2.205992293357849121e+01
2.194481587409973145e+01
2.214274406433105469e+01
2.214765262603759766e+01
2.199543023109436035e+01
2.173456954956054688e+01
2.213621520996093750e+01
2.243820500373840332e+01
2.195982718467712402e+01
2.185568404197692871e+01
2.254895567893981934e+01
2.182579588890075684e+01
2.203395676612854004e+01
2.203924322128295898e+01
2.247344541549682617e+01
2.172452902793884277e+01
2.199905991554260254e+01
2.220263791084289551e+01
2.228664183616638184e+01
2.181198287010192871e+01
2.256909728050231934e+01
2.230648946762084961e+01
2.185901999473571777e+01
2.228107285499572754e+01
2.199390196800231934e+01
2.270131659507751465e+01
2.226185703277587891e+01
2.187191772460937500e+01
2.199983072280883789e+01
2.182181859016418457e+01
2.233507370948791504e+01
2.224810504913330078e+01
2.198790478706359863e+01
2.218155217170715332e+01
2.198690676689147949e+01
2.211605358123779297e+01
2.184235453605651855e+01
2.245867705345153809e+01
2.232208704948425293e+01
2.179283046722412109e+01
2.207573771476745605e+01
2.210869669914245605e+01
2.206598734855651855e+01
2.243033075332641602e+01
2.187185788154602051e+01
2.232226562500000000e+01
2.161660838127136230e+01
2.229992628097534180e+01
2.197447395324707031e+01
2.226160573959350586e+01
2.202203822135925293e+01
2.204194617271423340e+01
2.228072476387023926e+01
2.212849164009094238e+01
2.276875805854797363e+01
2.244525313377380371e+01
2.234820413589477539e+01
2.240769529342651367e+01
2.196772050857543945e+01
2.208604860305786133e+01
