1.234321093559265137e+01
1.182786035537719727e+01
1.196667218208312988e+01
1.190817904472351074e+01
1.171288800239562988e+01
1.174197912216186523e+01
1.194628477096557617e+01
1.193330097198486328e+01
1.193872642517089844e+01
1.189497923851013184e+01
1.187133336067199707e+01
1.206166934967041016e+01
1.196688151359558105e+01
1.206588768959045410e+01
1.198302268981933594e+01
1.201828360557556152e+01
1.199041581153869629e+01
1.199720716476440430e+01
1.202107214927673340e+01
1.198699307441711426e+01
1.203001189231872559e+01
1.188921308517456055e+01
1.195279121398925781e+01
1.197575187683105469e+01
1.199624490737915039e+01
1.196230459213256836e+01
1.195349979400634766e+01
1.206706571578979492e+01
1.188982367515563965e+01
1.199948811531066895e+01
1.182331252098083496e+01
1.190016031265258789e+01
1.192562007904052734e+01
1.197549462318420410e+01
1.199720501899719238e+01
1.199016571044921875e+01
1.189812898635864258e+01
1.194446158409118652e+01
1.193109869956970215e+01
1.199859046936035156e+01
1.194626498222351074e+01
1.200221061706542969e+01
1.195789813995361328e+01
1.209271359443664551e+01
1.206979322433471680e+01
1.201933193206787109e+01
1.202452111244201660e+01
1.198701286315917969e+01
1.217955017089843750e+01
1.198529815673828125e+01
1.202374744415283203e+01
1.201742887496948242e+01
1.195524740219116211e+01
1.193311977386474609e+01
1.190049672126770020e+01
1.192342615127563477e+01
1.196139574050903320e+01
1.196226072311401367e+01
1.187037825584411621e+01
1.194173765182495117e+01
1.203482532501220703e+01
1.190098690986633301e+01
1.200394296646118164e+01
1.192014503479003906e+01
1.201011419296264648e+01
1.198352122306823730e+01
1.201203894615173340e+01
1.198349165916442871e+01
1.196407127380371094e+01
1.199863457679748535e+01
1.195019221305847168e+01
1.198041558265686035e+01
1.193177723884582520e+01
1.214169955253601074e+01
1.203672432899475098e+01
1.199066662788391113e+01
1.209345674514770508e+01
1.187914037704467773e+01
1.204141807556152344e+01
1.182707738876342773e+01
1.196646666526794434e+01
1.192379951477050781e+01
1.192579722404479980e+01
1.196228456497192383e+01
1.199659419059753418e+01
1.195204997062683105e+01
1.201765489578247070e+01
1.201759028434753418e+01
1.196232485771179199e+01
1.203351306915283203e+01
1.201800417900085449e+01
1.198458385467529297e+01
1.200273203849792480e+01
1.192986702919006348e+01
1.196041512489318848e+01
1.196986794471740723e+01
1.200067520141601562e+01
1.204220104217529297e+01
1.195246863365173340e+01
1.191914892196655273e+01
1.197519493103027344e+01
1.200652861595153809e+01
1.201933741569519043e+01
1.203917169570922852e+01
1.202734446525573730e+01
1.177873063087463379e+01
1.201787447929382324e+01
1.199149799346923828e+01
1.204667353630065918e+01
1.201371312141418457e+01
1.199970889091491699e+01
1.201832532882690430e+01
1.199427247047424316e+01
1.196466398239135742e+01
1.201850843429565430e+01
1.204487109184265137e+01
1.215289616584777832e+01
1.197682523727416992e+01
1.195246720314025879e+01
1.198877644538879395e+01
1.189086890220642090e+01
1.196443891525268555e+01
1.200602388381958008e+01
1.201405954360961914e+01
1.189030909538269043e+01
1.201822948455810547e+01
1.196326708793640137e+01
1.186751794815063477e+01
1.197988557815551758e+01
1.183246183395385742e+01
1.185439348220825195e+01
1.203879976272583008e+01
1.190820407867431641e+01
1.199744534492492676e+01
1.182186365127563477e+01
1.182467293739318848e+01
1.196525835990905762e+01
1.191634368896484375e+01
1.198429155349731445e+01
1.192532134056091309e+01
1.199231243133544922e+01
1.194073176383972168e+01
1.186324501037597656e+01
1.191475939750671387e+01
1.193251013755798340e+01
1.196534156799316406e+01
1.190224480628967285e+01
1.198027944564819336e+01
1.192187857627868652e+01
1.191593670845031738e+01
1.189987778663635254e+01
1.195777082443237305e+01
1.198654198646545410e+01
1.197841787338256836e+01
1.196600151062011719e+01
1.182741641998291016e+01
1.193607568740844727e+01
1.197320270538330078e+01
1.192166185379028320e+01
1.193101167678833008e+01
1.206330013275146484e+01
1.189740347862243652e+01
1.198224854469299316e+01
1.191910338401794434e+01
1.186297631263732910e+01
1.199495983123779297e+01
1.177271008491516113e+01
1.187684702873229980e+01
1.194880580902099609e+01
1.182818937301635742e+01
1.198070192337036133e+01
1.198379397392272949e+01
1.191708397865295410e+01
1.196530556678771973e+01
1.183806419372558594e+01
1.193153357505798340e+01
1.199327540397644043e+01
1.196935105323791504e+01
1.197389388084411621e+01
1.196318364143371582e+01
1.188194108009338379e+01
1.199515151977539062e+01
1.191168284416198730e+01
1.187707757949829102e+01
1.196398138999938965e+01
1.190223860740661621e+01
1.188422226905822754e+01
1.197532820701599121e+01
1.196211457252502441e+01
1.199156141281127930e+01
1.196502757072448730e+01
1.198750829696655273e+01
1.194926047325134277e+01
1.202127242088317871e+01
1.199959588050842285e+01
1.198798322677612305e+01
1.199077725410461426e+01
1.199244475364685059e+01
1.192922282218933105e+01
1.195989131927490234e+01
