2.396269782943725613e+00
2.301128372955322465e+00
2.260940217285156262e+00
2.217290224838256663e+00
2.113029277038574349e+00
2.066336750946045075e+00
2.038742973022460880e+00
1.995322095603942802e+00
1.942400496826171885e+00
1.951113183860778699e+00
1.937232973403930636e+00
1.880993229370117259e+00
1.899173566741943375e+00
1.884215353698730500e+00
1.886437295684814552e+00
1.870332873420715414e+00
1.889486760025024470e+00
1.846070945777892991e+00
1.847729809494018660e+00
1.860576540832519443e+00
1.822021369438171279e+00
1.835424051818847602e+00
1.841054716453552231e+00
1.828270001296997016e+00
1.810976820106506402e+00
1.803303062210082963e+00
1.814716216812133798e+00
1.759640086402893155e+00
1.815693913650512803e+00
1.786536872024536038e+00
1.830403542022705166e+00
1.802008947944641060e+00
1.776430571136474512e+00
1.770689443244934047e+00
1.794329236221313462e+00
1.773159865875244101e+00
1.726872340927124050e+00
1.793916303291320791e+00
1.749010836563110294e+00
1.747610159645080596e+00
1.770602792778015244e+00
1.726024065093994198e+00
1.760601391525268511e+00
1.747141490402221775e+00
1.740158525009155355e+00
1.766570263481140213e+00
1.726644149246215898e+00
1.734321980400085339e+00
1.786622411270141653e+00
1.725225679817199653e+00
1.799606010208129936e+00
1.730324569473266516e+00
1.757947542800903262e+00
1.735147118835449254e+00
1.705623000640869247e+00
1.748344302978515730e+00
1.673630583457946797e+00
1.730400354347229053e+00
1.734285599288940327e+00
1.690723013534545904e+00
1.707283342590331987e+00
1.688837800674438450e+00
1.785128223571777362e+00
1.729214477462768462e+00
1.734623878707885813e+00
1.758277717437744192e+00
1.699833428497314447e+00
1.697056549949645943e+00
1.660995935897827236e+00
1.706804085159301820e+00
1.745574910774230881e+00
1.663006821327209561e+00
1.767443217926025323e+00
1.684564133796691898e+00
1.653928207778930570e+00
1.714069977111816412e+00
1.693108783874511802e+00
1.679930251464843760e+00
1.757916604385376003e+00
1.674596298828125107e+00
1.812827064208984318e+00
1.650641570549011172e+00
1.742006950492858808e+00
1.731772245368957464e+00
1.673862343254089335e+00
1.760086799468994156e+00
1.694457692222595124e+00
1.696848228797912528e+00
1.713625244102477962e+00
1.632341130447387600e+00
1.710976416893005281e+00
1.694478404045105080e+00
1.652546052894592332e+00
1.675321434249877894e+00
1.661467937278747531e+00
1.709757680892944443e+00
1.650475516242980945e+00
1.689173581199646001e+00
1.723983032989502062e+00
1.698831817474365291e+00
1.306420617027282738e+00
1.243666087875366255e+00
1.253773541336059560e+00
1.235339550285339261e+00
1.244004262237548897e+00
1.221086953239440831e+00
1.236345468177795448e+00
1.205122953796386787e+00
1.233006009902954059e+00
1.248914862098693845e+00
1.214697583351135313e+00
1.227108567123412985e+00
1.215911506004333509e+00
1.229774331684112543e+00
1.185278252792358433e+00
1.197334339561462402e+00
1.208008287353515620e+00
1.197161585350036583e+00
1.186135518646240339e+00
1.208217771263122575e+00
1.192805602989196689e+00
1.153263654518127401e+00
1.189836164817809960e+00
1.167534288787841712e+00
1.186654256286621134e+00
1.182196973648071303e+00
1.176081164073944141e+00
1.177152230796813859e+00
1.170471250152587794e+00
1.158514568710327097e+00
1.109555359878540148e+00
1.141386492500305216e+00
1.163963860893249436e+00
1.156613094291687016e+00
1.156093812713623104e+00
1.142988359661102349e+00
1.112807186203002896e+00
1.144787941017150867e+00
1.124351810035705501e+00
1.112379005432128976e+00
1.135612742118835339e+00
1.126170240745544504e+00
1.110588339195251573e+00
1.108834316501617456e+00
1.118533456230163647e+00
1.117493169822692867e+00
1.095504384651184049e+00
1.121686879386901925e+00
1.099326728897094707e+00
1.105728299121856661e+00
1.045519293289184581e+00
1.015134003791809070e+00
1.065133902473449634e+00
1.048510893974304192e+00
1.044911709556579638e+00
1.035229774780273448e+00
1.021123678092956455e+00
1.042387475414276121e+00
1.048971700973510668e+00
1.035928212394714443e+00
1.010855341300964438e+00
1.039851631469726589e+00
1.027289585647582992e+00
9.925759414672851166e-01
1.040017301292419427e+00
1.019909353485107362e+00
1.014444790573120203e+00
1.013548997211456193e+00
1.024516109352111792e+00
1.021908617782592676e+00
1.015315958862304635e+00
1.002298737907409754e+00
1.054882884483337335e+00
1.013344728126525984e+00
1.038520377464294375e+00
1.042011383819580139e+00
1.018907953720092685e+00
1.016914871540069543e+00
1.020470677337646404e+00
1.016805842647552582e+00
1.028626845359802200e+00
1.026582018127441431e+00
9.975591957092284634e-01
1.001353174190521278e+00
9.872854648208617689e-01
1.021907897720336855e+00
9.979733235359191656e-01
1.000375679664611717e+00
1.004691794643402192e+00
1.017893294391632120e+00
1.020879838848113952e+00
1.049034669418335008e+00
1.016491503601074209e+00
1.017576537551879934e+00
1.027971465511322124e+00
1.025796328315734973e+00
1.037680385570526109e+00
1.029494814586639384e+00
1.015087202644348041e+00
1.006031729087829563e+00
