1.065599999908447337e+01
1.313599999908447202e+01
1.504000000183105534e+01
1.713599999572753774e+01
1.812799999908447290e+01
2.028799999511718610e+01
2.371200000488281390e+01
2.593599999816894552e+01
2.824000000366211083e+01
2.964799999877929793e+01
3.129600000122070469e+01
3.252799999511718454e+01
3.364799999145508025e+01
3.504000000976562745e+01
3.695999998779296902e+01
3.700800000488280972e+01
3.630399999511718789e+01
3.806400000732421773e+01
3.895999999633789201e+01
4.084799998779296715e+01
4.124799999633788872e+01
4.126399999389648343e+01
4.089599999145507780e+01
4.276800000732421836e+01
4.344000000610351719e+01
4.268800000366211123e+01
4.355199998779296777e+01
4.670399999755859710e+01
4.646400000732421631e+01
4.537600000610351714e+01
4.735999999633789059e+01
4.708799999023437266e+01
4.604800000244140534e+01
4.808000000244140892e+01
4.659200000732421643e+01
4.753599999023437306e+01
5.052799999023437749e+01
4.859200000610351822e+01
5.001599999633788940e+01
5.006399999755859653e+01
5.028799999633788786e+01
4.937600000976562598e+01
5.041599999023437562e+01
5.134399999633789236e+01
5.207999998779296646e+01
5.219199999389648781e+01
5.065600000366210764e+01
5.185599998657226450e+01
5.185600000366211049e+01
5.068800000976562359e+01
5.289599998779296897e+01
5.160000000183105584e+01
5.286399997314453003e+01
5.195199999145507519e+01
5.259200000610351822e+01
5.305600000244140801e+01
5.020800000976562671e+01
5.273600000610351657e+01
5.233600000610351799e+01
5.347199999633789247e+01
5.395199998779296635e+01
5.404799999633789298e+01
5.139200000000000301e+01
5.313599999023437448e+01
5.423999999389648252e+01
5.540799998657226411e+01
5.328000000610351350e+01
5.243200000000000216e+01
5.380799998657226269e+01
5.446399999999999864e+01
5.342399999389648713e+01
5.310399998657226917e+01
5.206399999572754211e+01
5.369599997558593429e+01
5.680000000976562546e+01
5.398399998291015578e+01
5.289600000610351316e+01
5.503999999999999915e+01
5.380800000610351219e+01
5.203200000976562478e+01
5.502399998779296908e+01
5.691200000610351850e+01
5.363200000610351736e+01
5.521599999023437277e+01
5.475199999267578477e+01
5.323199999023437812e+01
5.404800000610351418e+01
5.323199999389648696e+01
5.615999999999999659e+01
5.751999998657226598e+01
5.499200000976562563e+01
5.284799999999999898e+01
5.673599999267577942e+01
5.718399999267577982e+01
5.563199999633788906e+01
5.329599998657226223e+01
5.446399999633788980e+01
5.715199999633789218e+01
5.711999999389648508e+01
5.854399999999999693e+01
6.859199997314452446e+01
7.184000001708984939e+01
7.247999998291015800e+01
7.272000000244140949e+01
7.271999998291015288e+01
7.427200000488281262e+01
7.417599999511718067e+01
7.435200001464843922e+01
7.495999999511718670e+01
7.539200000732421358e+01
7.510399997558593554e+01
7.580799997558594328e+01
7.593600000488281410e+01
7.630399997558593839e+01
7.603200001464843183e+01
7.593599998535155748e+01
7.684799997314452469e+01
7.662400001708984121e+01
7.691199999511718488e+01
7.703999998291016027e+01
7.708800000488281512e+01
7.763199999755859437e+01
7.764799997558593248e+01
7.774400001708984576e+01
7.803199998535156112e+01
7.806399999511718590e+01
7.780800000488281398e+01
7.782400001708984405e+01
7.812799998535156476e+01
7.771199997558593964e+01
7.860799998779296516e+01
7.868799999511718113e+01
7.822400001464843911e+01
7.864000001464843592e+01
7.902400001464843626e+01
7.934400001464844365e+01
7.902399998535156556e+01
7.903999998535155669e+01
7.908800001464844343e+01
7.873600001464843956e+01
7.929599998535155692e+01
7.876800000732421836e+01
7.889599999511719375e+01
7.956800001708984382e+01
7.916799999511718511e+01
7.985600001708984053e+01
7.972799998535155908e+01
7.993599998535155748e+01
7.983999999267578573e+01
8.071999998535156351e+01
8.071999999511719182e+01
8.177599998779297152e+01
8.100800001708984155e+01
8.123199997558593566e+01
8.136000001708984541e+01
8.140800000488280830e+01
8.136000001464843479e+01
8.083199997558594418e+01
8.199999998779297528e+01
8.119999997558593918e+01
8.111999998535156919e+01
8.172799998535155908e+01
8.206399999267577527e+01
8.166400001708984746e+01
8.124799999755859403e+01
8.118400000976562580e+01
8.153599998535156601e+01
8.166399998779296254e+01
8.185599997558593088e+01
8.102399997558593725e+01
8.172800001708984041e+01
8.139199999755859949e+01
8.148799997558593589e+01
8.086400001708985030e+01
8.129600001708983825e+01
8.192000000488280875e+01
8.190399997558593270e+01
8.126399998535156044e+01
8.185599997558593088e+01
8.187200001708984587e+01
8.132800000732422063e+01
8.126399999755859938e+01
8.251200001708984644e+01
8.187199997802734686e+01
8.134400000732421177e+01
8.201600000732422302e+01
8.188800000732422291e+01
8.227199999511718431e+01
8.183999999755859278e+01
8.167999997558594316e+01
8.166400001464843683e+01
8.174400000732421745e+01
8.220800000488280546e+01
8.163200001953124740e+01
8.177599999511718920e+01
8.143999999511719068e+01
8.207999999755858767e+01
8.214399997558594180e+01
8.254400000732421461e+01
8.214399998535155589e+01
