2.218148493766784668e+01
2.204033088684082031e+01
2.243054199218750000e+01
2.237159466743469238e+01
2.183348703384399414e+01
2.185064387321472168e+01
2.171784424781799316e+01
2.209658241271972656e+01
2.209507989883422852e+01
2.182819151878356934e+01
2.209117078781127930e+01
2.188354730606079102e+01
2.223979735374450684e+01
2.213579535484313965e+01
2.220679450035095215e+01
2.225143885612487793e+01
2.238781046867370605e+01
2.225471591949462891e+01
2.190341234207153320e+01
2.178241944313049316e+01
2.222755718231201172e+01
2.212933921813964844e+01
2.239750909805297852e+01
2.183953666687011719e+01
2.225464749336242676e+01
2.161980819702148438e+01
2.224810409545898438e+01
2.257612991333007812e+01
2.195280647277832031e+01
2.197306752204895020e+01
2.149447369575500488e+01
2.202063298225402832e+01
2.199127364158630371e+01
2.174093770980834961e+01
2.240792107582092285e+01
2.214454340934753418e+01
2.238121318817138672e+01
2.220849871635437012e+01
2.173516416549682617e+01
2.223620152473449707e+01
2.200501132011413574e+01
2.215969634056091309e+01
2.250791358947753906e+01
2.254325771331787109e+01
2.197092890739440918e+01
2.245890712738037109e+01
2.242142081260681152e+01
2.180780196189880371e+01
2.237578439712524414e+01
2.186194634437561035e+01
2.232238912582397461e+01
2.196896624565124512e+01
2.225509619712829590e+01
2.265127825736999512e+01
2.226857566833496094e+01
2.196044850349426270e+01
2.211594438552856445e+01
2.205801320075988770e+01
2.251575517654418945e+01
2.202744865417480469e+01
2.224290442466735840e+01
2.210975861549377441e+01
2.221394014358520508e+01
2.235463356971740723e+01
2.224794650077819824e+01
2.246247291564941406e+01
2.189625287055969238e+01
2.220167541503906250e+01
2.267931365966796875e+01
2.254407787322998047e+01
2.198813581466674805e+01
2.251664185523986816e+01
2.179653096199035645e+01
2.233039855957031250e+01
2.267390584945678711e+01
2.195331621170043945e+01
2.212115836143493652e+01
2.235069155693054199e+01
2.201631402969360352e+01
2.189343261718750000e+01
2.218279266357421875e+01
2.210075712203979492e+01
2.209336090087890625e+01
2.209466266632080078e+01
2.245417141914367676e+01
2.214927315711975098e+01
2.199164295196533203e+01
2.240574002265930176e+01
2.208255600929260254e+01
2.197327280044555664e+01
2.247761631011962891e+01
2.210875058174133301e+01
2.212114953994750977e+01
2.259868860244750977e+01
2.257946944236755371e+01
2.157636857032775879e+01
2.198540949821472168e+01
2.269280195236206055e+01
2.224885416030883789e+01
2.209407281875610352e+01
2.206433629989624023e+01
2.217334818840026855e+01
2.211849236488342285e+01
2.234570193290710449e+01
2.177541112899780273e+01
2.219622111320495605e+01
2.178826189041137695e+01
2.240867424011230469e+01
2.224100875854492188e+01
2.262254190444946289e+01
2.240147662162780762e+01
2.209626197814941406e+01
2.222945213317871094e+01
2.198859286308288574e+01
2.249390292167663574e+01
2.192809319496154785e+01
2.237872838973999023e+01
2.203369617462158203e+01
2.184909892082214355e+01
2.242198514938354492e+01
2.225170588493347168e+01
2.182404637336730957e+01
2.238975787162780762e+01
2.219225287437438965e+01
2.161929106712341309e+01
2.247777462005615234e+01
2.232452917098999023e+01
2.230786633491516113e+01
2.192906022071838379e+01
2.182622289657592773e+01
2.241483712196350098e+01
2.190508222579956055e+01
2.210690712928771973e+01
2.211003184318542480e+01
2.173154878616333008e+01
2.197889566421508789e+01
2.202546262741088867e+01
2.221110606193542480e+01
2.199529337882995605e+01
2.229098081588745117e+01
2.207570767402648926e+01
2.211196756362915039e+01
2.170632958412170410e+01
2.207385897636413574e+01
2.209260058403015137e+01
2.174526643753051758e+01
2.158913564682006836e+01
2.184365797042846680e+01
2.236646938323974609e+01
2.238558006286621094e+01
2.225672268867492676e+01
2.181461811065673828e+01
2.236688089370727539e+01
2.191143202781677246e+01
2.216727948188781738e+01
2.184774255752563477e+01
2.172893548011779785e+01
2.215790939331054688e+01
2.255066943168640137e+01
2.182219004631042480e+01
2.210531067848205566e+01
2.194435191154479980e+01
2.185848951339721680e+01
2.228806066513061523e+01
2.218518686294555664e+01
2.225053858757019043e+01
2.230709981918334961e+01
2.197202277183532715e+01
2.207492613792419434e+01
2.203212261199951172e+01
2.192887902259826660e+01
2.223919439315795898e+01
2.203475809097290039e+01
2.242147350311279297e+01
2.220139575004577637e+01
2.213677954673767090e+01
2.176478433609008789e+01
2.243260955810546875e+01
2.220978379249572754e+01
2.212203717231750488e+01
2.211837363243103027e+01
2.181584596633911133e+01
2.211764240264892578e+01
2.219854021072387695e+01
2.225148510932922363e+01
2.207234048843383789e+01
2.201535797119140625e+01
2.241164422035217285e+01
2.200979900360107422e+01
2.203882694244384766e+01
2.212412762641906738e+01
2.201905488967895508e+01
2.216951465606689453e+01
2.203813552856445312e+01
2.215518260002136230e+01
2.222867584228515625e+01
2.210425615310668945e+01
2.243912315368652344e+01
2.198502326011657715e+01
2.205740427970886230e+01
