1.254633736610412598e+01
1.205593276023864746e+01
1.218749332427978516e+01
1.212708711624145508e+01
1.194386672973632812e+01
1.195491099357604980e+01
1.215441560745239258e+01
1.216540002822875977e+01
1.215216016769409180e+01
1.206548738479614258e+01
1.209825134277343750e+01
1.231288290023803711e+01
1.222188591957092285e+01
1.230691504478454590e+01
1.223584246635437012e+01
1.225026893615722656e+01
1.220346188545227051e+01
1.222939205169677734e+01
1.221145796775817871e+01
1.221713423728942871e+01
1.228322649002075195e+01
1.211596679687500000e+01
1.216655087471008301e+01
1.217561507225036621e+01
1.222367930412292480e+01
1.214201521873474121e+01
1.217940402030944824e+01
1.233954286575317383e+01
1.209734630584716797e+01
1.225030994415283203e+01
1.201986527442932129e+01
1.207000875473022461e+01
1.215204191207885742e+01
1.217986440658569336e+01
1.219714450836181641e+01
1.219754695892333984e+01
1.217104268074035645e+01
1.214545035362243652e+01
1.212189865112304688e+01
1.225072431564331055e+01
1.215013504028320312e+01
1.222688674926757812e+01
1.217319893836975098e+01
1.234275770187377930e+01
1.229393696784973145e+01
1.224909758567810059e+01
1.227641296386718750e+01
1.218198204040527344e+01
1.238794279098510742e+01
1.221505784988403320e+01
1.222560310363769531e+01
1.224498796463012695e+01
1.218039822578430176e+01
1.218053030967712402e+01
1.214020419120788574e+01
1.211375951766967773e+01
1.214876365661621094e+01
1.216090083122253418e+01
1.209141993522644043e+01
1.216323351860046387e+01
1.227175617218017578e+01
1.215244531631469727e+01
1.220380377769470215e+01
1.211256670951843262e+01
1.223093318939208984e+01
1.222176003456115723e+01
1.223186826705932617e+01
1.217801523208618164e+01
1.218587231636047363e+01
1.222825193405151367e+01
1.216683483123779297e+01
1.222388625144958496e+01
1.216203641891479492e+01
1.236797738075256348e+01
1.229344248771667480e+01
1.219012880325317383e+01
1.230105853080749512e+01
1.210766291618347168e+01
1.227455663681030273e+01
1.201223659515380859e+01
1.215375852584838867e+01
1.214052271842956543e+01
1.212548494338989258e+01
1.217140579223632812e+01
1.222204661369323730e+01
1.214655661582946777e+01
1.221356630325317383e+01
1.222578954696655273e+01
1.218867230415344238e+01
1.226502394676208496e+01
1.222176671028137207e+01
1.218656325340270996e+01
1.221047735214233398e+01
1.215445780754089355e+01
1.218314576148986816e+01
1.215417790412902832e+01
1.222477746009826660e+01
1.228958749771118164e+01
1.218783211708068848e+01
1.215087628364562988e+01
1.219269490242004395e+01
1.223071551322937012e+01
1.226903843879699707e+01
1.227424359321594238e+01
1.226102709770202637e+01
1.199052286148071289e+01
1.222450208663940430e+01
1.222271466255187988e+01
1.225605392456054688e+01
1.228350448608398438e+01
1.223198723793029785e+01
1.224574899673461914e+01
1.222323775291442871e+01
1.218792223930358887e+01
1.225100612640380859e+01
1.229347801208496094e+01
1.235676980018615723e+01
1.218463897705078125e+01
1.212196040153503418e+01
1.223320031166076660e+01
1.212195038795471191e+01
1.216790533065795898e+01
1.222536587715148926e+01
1.226570916175842285e+01
1.206673216819763184e+01
1.224665093421936035e+01
1.217300462722778320e+01
1.211817049980163574e+01
1.218844795227050781e+01
1.202078533172607422e+01
1.211367344856262207e+01
1.227268576622009277e+01
1.210551929473876953e+01
1.219959211349487305e+01
1.205396771430969238e+01
1.205124306678771973e+01
1.218912148475646973e+01
1.213607501983642578e+01
1.219749808311462402e+01
1.220260143280029297e+01
1.220222663879394531e+01
1.215470123291015625e+01
1.207263660430908203e+01
1.212789726257324219e+01
1.215455842018127441e+01
1.211447072029113770e+01
1.210370445251464844e+01
1.221250462532043457e+01
1.216480970382690430e+01
1.217669057846069336e+01
1.212167930603027344e+01
1.214777803421020508e+01
1.217491316795349121e+01
1.215162563323974609e+01
1.224352812767028809e+01
1.203498125076293945e+01
1.212516641616821289e+01
1.220453858375549316e+01
1.213733410835266113e+01
1.217230105400085449e+01
1.228487777709960938e+01
1.213503479957580566e+01
1.220311689376831055e+01
1.215056681632995605e+01
1.209451270103454590e+01
1.222805666923522949e+01
1.198711466789245605e+01
1.207368278503417969e+01
1.217537736892700195e+01
1.205958247184753418e+01
1.219381618499755859e+01
1.225765371322631836e+01
1.211357498168945312e+01
1.219076037406921387e+01
1.202939915657043457e+01
1.213739538192749023e+01
1.223959898948669434e+01
1.219107770919799805e+01
1.225193738937377930e+01
1.214181852340698242e+01
1.212525486946105957e+01
1.222470283508300781e+01
1.214372038841247559e+01
1.209390878677368164e+01
1.218230772018432617e+01
1.214398360252380371e+01
1.209438061714172363e+01
1.219034552574157715e+01
1.217379832267761230e+01
1.220190262794494629e+01
1.217310023307800293e+01
1.222797870635986328e+01
1.217804670333862305e+01
1.222223472595214844e+01
1.223595118522644043e+01
1.221178507804870605e+01
1.222485733032226562e+01
1.217288613319396973e+01
1.217542576789855957e+01
1.218573927879333496e+01
