1.262214279174804688e+01
1.199345707893371582e+01
1.197981762886047363e+01
1.202202320098876953e+01
1.188087797164916992e+01
1.196798133850097656e+01
1.207276606559753418e+01
1.204161190986633301e+01
1.199156355857849121e+01
1.157669377326965332e+01
1.208799695968627930e+01
1.216894292831420898e+01
1.223386025428771973e+01
1.224757766723632812e+01
1.219280409812927246e+01
1.222675704956054688e+01
1.205465865135192871e+01
1.232364201545715332e+01
1.205548071861267090e+01
1.220194578170776367e+01
1.223537421226501465e+01
1.201806735992431641e+01
1.199635481834411621e+01
1.195678162574768066e+01
1.209451031684875488e+01
1.195548033714294434e+01
1.220250463485717773e+01
1.198777532577514648e+01
1.184906363487243652e+01
1.206168651580810547e+01
1.169016122817993164e+01
1.178710174560546875e+01
1.214594364166259766e+01
1.195042347908020020e+01
1.153907704353332520e+01
1.216337156295776367e+01
1.233561682701110840e+01
1.200684523582458496e+01
1.204983925819396973e+01
1.224791431427001953e+01
1.222488713264465332e+01
1.212475204467773438e+01
1.205603933334350586e+01
1.228810024261474609e+01
1.212862873077392578e+01
1.207204532623291016e+01
1.219856405258178711e+01
1.198170113563537598e+01
1.205700635910034180e+01
1.214163446426391602e+01
1.220501804351806641e+01
1.222371625900268555e+01
1.161371517181396484e+01
1.226120758056640625e+01
1.227345442771911621e+01
1.205580091476440430e+01
1.198941469192504883e+01
1.186553335189819336e+01
1.197882366180419922e+01
1.220257782936096191e+01
1.219896197319030762e+01
1.207575368881225586e+01
1.191815495491027832e+01
1.184894537925720215e+01
1.202972555160522461e+01
1.208506441116333008e+01
1.209638452529907227e+01
1.203633832931518555e+01
1.219296574592590332e+01
1.230721235275268555e+01
1.188158392906188965e+01
1.185062670707702637e+01
1.220497465133666992e+01
1.215259504318237305e+01
1.225416493415832520e+01
1.219806385040283203e+01
1.221518206596374512e+01
1.196954965591430664e+01
1.223053455352783203e+01
1.214453220367431641e+01
1.206275272369384766e+01
1.225094366073608398e+01
1.197614884376525879e+01
1.214715981483459473e+01
1.223312592506408691e+01
1.184713411331176758e+01
1.206732344627380371e+01
1.208332324028015137e+01
1.228789877891540527e+01
1.230327343940734863e+01
1.148423576354980469e+01
1.194307017326354980e+01
1.202480959892272949e+01
1.215577292442321777e+01
1.228744530677795410e+01
1.177769875526428223e+01
1.230134081840515137e+01
1.222831630706787109e+01
1.223212194442749023e+01
1.212343716621398926e+01
1.228432750701904297e+01
1.228525447845458984e+01
1.228084349632263184e+01
1.229322457313537598e+01
1.227350425720214844e+01
1.211734175682067871e+01
1.219203829765319824e+01
1.220682811737060547e+01
1.203761887550354004e+01
1.223531389236450195e+01
1.219664287567138672e+01
1.206321072578430176e+01
1.216079401969909668e+01
1.208865642547607422e+01
1.212423539161682129e+01
1.217860317230224609e+01
1.215717077255249023e+01
1.210159754753112793e+01
1.161601901054382324e+01
1.215244436264038086e+01
1.214197230339050293e+01
1.216345500946044922e+01
1.200451564788818359e+01
1.217724537849426270e+01
1.192092418670654297e+01
1.218764185905456543e+01
1.218662667274475098e+01
1.213701200485229492e+01
1.212662172317504883e+01
1.205834794044494629e+01
1.212104964256286621e+01
1.218936681747436523e+01
1.197868061065673828e+01
1.188218712806701660e+01
1.209531831741333008e+01
1.195512413978576660e+01
1.212897634506225586e+01
1.210623025894165039e+01
1.212059950828552246e+01
1.228048515319824219e+01
1.193004631996154785e+01
1.210400772094726562e+01
1.190162110328674316e+01
1.195371699333190918e+01
1.219212722778320312e+01
1.173649954795837402e+01
1.170154953002929688e+01
1.190458273887634277e+01
1.213590741157531738e+01
1.217151999473571777e+01
1.192965793609619141e+01
1.188786458969116211e+01
1.193054103851318359e+01
1.173599052429199219e+01
1.228320884704589844e+01
1.208834815025329590e+01
1.191952228546142578e+01
1.215973949432373047e+01
1.223444700241088867e+01
1.208020114898681641e+01
1.217432355880737305e+01
1.210612320899963379e+01
1.219437479972839355e+01
1.221891117095947266e+01
1.218999028205871582e+01
1.174777293205261230e+01
1.197820925712585449e+01
1.186536288261413574e+01
1.200769472122192383e+01
1.218138265609741211e+01
1.199012374877929688e+01
1.236845898628234863e+01
1.193005871772766113e+01
1.220768094062805176e+01
1.206980228424072266e+01
1.195705294609069824e+01
1.208273315429687500e+01
1.211955213546752930e+01
1.229626584053039551e+01
1.185727977752685547e+01
1.207060456275939941e+01
1.205401730537414551e+01
1.218158030509948730e+01
1.196796989440917969e+01
1.167263913154602051e+01
1.226243162155151367e+01
1.202366137504577637e+01
1.196145987510681152e+01
1.213623332977294922e+01
1.215718626976013184e+01
1.206653118133544922e+01
1.215315246582031250e+01
1.220139837265014648e+01
1.198841524124145508e+01
1.222699952125549316e+01
1.213810467720031738e+01
1.224786257743835449e+01
1.187503266334533691e+01
1.213945960998535156e+01
1.204245257377624512e+01
