2.204282283782958984e+01
2.203938293457031250e+01
2.215792179107666016e+01
2.208802342414855957e+01
2.182738709449768066e+01
2.185548520088195801e+01
2.244385027885437012e+01
2.198339056968688965e+01
2.244113826751708984e+01
2.201098251342773438e+01
2.212361955642700195e+01
2.222162723541259766e+01
2.256371903419494629e+01
2.213332915306091309e+01
2.225736093521118164e+01
2.211819028854370117e+01
2.190159893035888672e+01
2.238093638420104980e+01
2.191172432899475098e+01
2.183518028259277344e+01
2.224028587341308594e+01
2.197957396507263184e+01
2.267802333831787109e+01
2.181213164329528809e+01
2.242467403411865234e+01
2.209470701217651367e+01
2.210581612586975098e+01
2.289615845680236816e+01
2.204190111160278320e+01
2.192459273338317871e+01
2.178078556060791016e+01
2.171317720413208008e+01
2.175491595268249512e+01
2.203969764709472656e+01
2.278358960151672363e+01
2.230977678298950195e+01
2.276734018325805664e+01
2.227320122718811035e+01
2.177088022232055664e+01
2.261980152130126953e+01
2.219619631767272949e+01
2.210667800903320312e+01
2.230155372619628906e+01
2.215350437164306641e+01
2.229223847389221191e+01
2.230255222320556641e+01
2.202756714820861816e+01
2.201544141769409180e+01
2.264775562286376953e+01
2.224001908302307129e+01
2.196848917007446289e+01
2.224695682525634766e+01
2.258943104743957520e+01
2.310041832923889160e+01
2.240664386749267578e+01
2.203816890716552734e+01
2.191601252555847168e+01
2.175712466239929199e+01
2.206551265716552734e+01
2.175288009643554688e+01
2.233984899520874023e+01
2.193682026863098145e+01
2.208929085731506348e+01
2.238874793052673340e+01
2.258505535125732422e+01
2.232036256790161133e+01
2.217542433738708496e+01
2.190194129943847656e+01
2.228622198104858398e+01
2.274061799049377441e+01
2.210804533958435059e+01
2.209289264678955078e+01
2.197246241569519043e+01
2.231877589225769043e+01
2.260486698150634766e+01
2.196667599678039551e+01
2.205552554130554199e+01
2.243501996994018555e+01
2.216302967071533203e+01
2.184904742240905762e+01
2.201345896720886230e+01
2.198317766189575195e+01
2.192434334754943848e+01
2.218555593490600586e+01
2.221787357330322266e+01
2.185070681571960449e+01
2.223147249221801758e+01
2.215926003456115723e+01
2.249888515472412109e+01
2.228012728691101074e+01
2.203689217567443848e+01
2.192209172248840332e+01
2.192424845695495605e+01
2.187614655494689941e+01
2.238319587707519531e+01
2.194549250602722168e+01
2.227751612663269043e+01
2.250180172920227051e+01
2.217988920211791992e+01
2.216418957710266113e+01
2.230142402648925781e+01
2.178186774253845215e+01
2.211003160476684570e+01
2.251421165466308594e+01
2.208033251762390137e+01
2.193498802185058594e+01
2.213254451751708984e+01
2.294341874122619629e+01
2.232771515846252441e+01
2.240028357505798340e+01
2.225262975692749023e+01
2.226129460334777832e+01
2.202383422851562500e+01
2.200298285484313965e+01
2.263557124137878418e+01
2.218669009208679199e+01
2.216224670410156250e+01
2.224208974838256836e+01
2.164097213745117188e+01
2.242881226539611816e+01
2.237614488601684570e+01
2.207481336593627930e+01
2.218687558174133301e+01
2.245224261283874512e+01
2.170477294921875000e+01
2.228861165046691895e+01
2.243728065490722656e+01
2.226708459854125977e+01
2.206954121589660645e+01
2.151854586601257324e+01
2.202979540824890137e+01
2.203195643424987793e+01
2.212773799896240234e+01
2.182908082008361816e+01
2.190826869010925293e+01
2.195687174797058105e+01
2.222570276260375977e+01
2.263919234275817871e+01
2.192998528480529785e+01
2.233162879943847656e+01
2.208626437187194824e+01
2.236319804191589355e+01
2.176448392868041992e+01
2.213053727149963379e+01
2.215008950233459473e+01
2.181825542449951172e+01
2.188410353660583496e+01
2.235521078109741211e+01
2.204472804069519043e+01
2.219908189773559570e+01
2.204757928848266602e+01
2.164559316635131836e+01
2.201629424095153809e+01
2.189227318763732910e+01
2.228138828277587891e+01
2.182479429244995117e+01
2.207692432403564453e+01
2.223653841018676758e+01
2.241171050071716309e+01
2.217213654518127441e+01
2.220930647850036621e+01
2.196207427978515625e+01
2.198514246940612793e+01
2.218738818168640137e+01
2.248333930969238281e+01
2.251977014541625977e+01
2.228432369232177734e+01
2.209853005409240723e+01
2.235875201225280762e+01
2.190095853805541992e+01
2.230571889877319336e+01
2.229734420776367188e+01
2.188828516006469727e+01
2.202828121185302734e+01
2.242789483070373535e+01
2.224169874191284180e+01
2.209463715553283691e+01
2.263112306594848633e+01
2.239518523216247559e+01
2.202077698707580566e+01
2.237048935890197754e+01
2.210013175010681152e+01
2.197848606109619141e+01
2.225249838829040527e+01
2.190950441360473633e+01
2.245925140380859375e+01
2.192114520072937012e+01
2.244227385520935059e+01
2.203493142127990723e+01
2.233591794967651367e+01
2.226167941093444824e+01
2.205093574523925781e+01
2.217016768455505371e+01
2.247343873977661133e+01
2.224236464500427246e+01
2.238352560997009277e+01
2.238514471054077148e+01
2.201554298400878906e+01
2.218660116195678711e+01
2.246941232681274414e+01
