1.225002789497375488e+01
1.189642953872680664e+01
1.187797784805297852e+01
1.188073444366455078e+01
1.181609153747558594e+01
1.171653246879577637e+01
1.198256635665893555e+01
1.192942523956298828e+01
1.192938256263732910e+01
1.190230011940002441e+01
1.183503913879394531e+01
1.189690041542053223e+01
1.190769457817077637e+01
1.199744343757629395e+01
1.199749922752380371e+01
1.203957629203796387e+01
1.190158271789550781e+01
1.198473405838012695e+01
1.199561691284179688e+01
1.197905683517456055e+01
1.194726920127868652e+01
1.194395470619201660e+01
1.192967247962951660e+01
1.195323395729064941e+01
1.195334553718566895e+01
1.197384834289550781e+01
1.195539975166320801e+01
1.194343352317810059e+01
1.194596099853515625e+01
1.201186800003051758e+01
1.181987953186035156e+01
1.193794417381286621e+01
1.199180793762207031e+01
1.194342136383056641e+01
1.194238352775573730e+01
1.198902249336242676e+01
1.192943191528320312e+01
1.188763380050659180e+01
1.196308994293212891e+01
1.191931653022766113e+01
1.197084093093872070e+01
1.204489898681640625e+01
1.189470767974853516e+01
1.196038460731506348e+01
1.196023344993591309e+01
1.199770951271057129e+01
1.194545125961303711e+01
1.202581715583801270e+01
1.209706377983093262e+01
1.195069766044616699e+01
1.199333524703979492e+01
1.198322272300720215e+01
1.199171638488769531e+01
1.187396001815795898e+01
1.193048334121704102e+01
1.187969064712524414e+01
1.191915106773376465e+01
1.192217898368835449e+01
1.188840031623840332e+01
1.199547028541564941e+01
1.194995260238647461e+01
1.188887286186218262e+01
1.197259497642517090e+01
1.196213006973266602e+01
1.195664954185485840e+01
1.196929693222045898e+01
1.191881847381591797e+01
1.207779121398925781e+01
1.200004529953002930e+01
1.197872161865234375e+01
1.198689913749694824e+01
1.194127225875854492e+01
1.191119718551635742e+01
1.198396658897399902e+01
1.196887159347534180e+01
1.196287727355957031e+01
1.194273567199707031e+01
1.196528434753417969e+01
1.199462556838989258e+01
1.182272315025329590e+01
1.195050644874572754e+01
1.189957880973815918e+01
1.197875022888183594e+01
1.193646001815795898e+01
1.212298583984375000e+01
1.194669985771179199e+01
1.189586925506591797e+01
1.196257162094116211e+01
1.190143752098083496e+01
1.199185299873352051e+01
1.191043472290039062e+01
1.192892742156982422e+01
1.191401600837707520e+01
1.197658181190490723e+01
1.204584789276123047e+01
1.197254514694213867e+01
1.200091791152954102e+01
1.200755548477172852e+01
1.192314362525939941e+01
1.187738251686096191e+01
1.197531104087829590e+01
1.200200772285461426e+01
1.204710292816162109e+01
1.197479104995727539e+01
1.193981599807739258e+01
1.176348447799682617e+01
1.196200656890869141e+01
1.199530386924743652e+01
1.194678544998168945e+01
1.192939591407775879e+01
1.197019386291503906e+01
1.198000979423522949e+01
1.198863029479980469e+01
1.193034839630126953e+01
1.195856213569641113e+01
1.199946904182434082e+01
1.200219297409057617e+01
1.198744511604309082e+01
1.202981662750244141e+01
1.205846524238586426e+01
1.189644956588745117e+01
1.196747303009033203e+01
1.193291187286376953e+01
1.189783573150634766e+01
1.188369202613830566e+01
1.204197740554809570e+01
1.198251724243164062e+01
1.190740895271301270e+01
1.197906422615051270e+01
1.178079748153686523e+01
1.190590667724609375e+01
1.200238490104675293e+01
1.187696743011474609e+01
1.203327488899230957e+01
1.183624005317687988e+01
1.182421112060546875e+01
1.192362999916076660e+01
1.192818593978881836e+01
1.203065323829650879e+01
1.194862604141235352e+01
1.197503733634948730e+01
1.199453806877136230e+01
1.192295837402343750e+01
1.191069245338439941e+01
1.191596436500549316e+01
1.195387864112854004e+01
1.189685821533203125e+01
1.191816163063049316e+01
1.198925232887268066e+01
1.195401024818420410e+01
1.186952018737792969e+01
1.187534737586975098e+01
1.194285726547241211e+01
1.189278626441955566e+01
1.195287013053894043e+01
1.189077091217041016e+01
1.198961639404296875e+01
1.194897222518920898e+01
1.200020146369934082e+01
1.192974138259887695e+01
1.193847703933715820e+01
1.186184740066528320e+01
1.198486757278442383e+01
1.201147603988647461e+01
1.185916209220886230e+01
1.194258427619934082e+01
1.180315446853637695e+01
1.201097273826599121e+01
1.197056913375854492e+01
1.178645443916320801e+01
1.195570611953735352e+01
1.195253944396972656e+01
1.180488824844360352e+01
1.197724294662475586e+01
1.185075020790100098e+01
1.192920565605163574e+01
1.190350961685180664e+01
1.195958042144775391e+01
1.201340627670288086e+01
1.194655036926269531e+01
1.179200482368469238e+01
1.196710181236267090e+01
1.198545312881469727e+01
1.187105035781860352e+01
1.195053052902221680e+01
1.196324467658996582e+01
1.183643937110900879e+01
1.197753190994262695e+01
1.191602993011474609e+01
1.197518897056579590e+01
1.195487689971923828e+01
1.193820166587829590e+01
1.193887114524841309e+01
1.188034820556640625e+01
1.200753140449523926e+01
1.204979634284973145e+01
1.201396870613098145e+01
1.195531463623046875e+01
1.189225888252258301e+01
1.199268484115600586e+01
