1.018999958038330078e+01
1.575000000000000000e+01
1.750000000000000000e+01
1.885000038146972656e+01
2.170999908447265625e+01
2.157999992370605469e+01
2.468999862670898438e+01
2.838999938964843750e+01
3.163999938964843750e+01
2.955999946594238281e+01
3.434999847412109375e+01
3.293999862670898438e+01
3.804999923706054688e+01
3.620000076293945312e+01
3.882999801635742188e+01
3.584000015258789062e+01
3.921999740600585938e+01
4.020999908447265625e+01
4.147999954223632812e+01
4.084000015258789062e+01
4.189999771118164062e+01
4.061000061035156250e+01
4.443000030517578125e+01
3.830999755859375000e+01
4.766999816894531250e+01
4.434999847412109375e+01
4.377999877929687500e+01
4.398999786376953125e+01
4.621999740600585938e+01
4.750999832153320312e+01
4.313999938964843750e+01
3.909000015258789062e+01
5.011999893188476562e+01
4.745999908447265625e+01
4.763999938964843750e+01
4.905999755859375000e+01
5.029999923706054688e+01
5.214999771118164062e+01
5.100999832153320312e+01
5.091999816894531250e+01
4.481999969482421875e+01
5.352999877929687500e+01
5.387999725341796875e+01
4.818000030517578125e+01
5.200000000000000000e+01
4.520000076293945312e+01
4.448999786376953125e+01
4.988999938964843750e+01
4.272999954223632812e+01
5.328999710083007812e+01
5.425999832153320312e+01
4.122999954223632812e+01
5.425000000000000000e+01
5.250999832153320312e+01
5.450000000000000000e+01
5.135999679565429688e+01
5.090999984741210938e+01
5.107999801635742188e+01
4.881999969482421875e+01
5.609999847412109375e+01
5.055999755859375000e+01
4.652000045776367188e+01
4.404999923706054688e+01
5.340999984741210938e+01
5.595999908447265625e+01
4.986999893188476562e+01
5.239999771118164062e+01
5.469999694824218750e+01
5.030999755859375000e+01
5.702000045776367188e+01
5.373999786376953125e+01
5.496999740600585938e+01
3.161999893188476562e+01
5.434999847412109375e+01
4.503999710083007812e+01
4.350999832153320312e+01
5.564999771118164062e+01
5.468999862670898438e+01
5.327999877929687500e+01
5.303999710083007812e+01
5.218999862670898438e+01
5.488999938964843750e+01
5.534999847412109375e+01
5.871999740600585938e+01
5.657999801635742188e+01
5.682999801635742188e+01
4.821999740600585938e+01
5.480999755859375000e+01
5.864999771118164062e+01
5.830999755859375000e+01
5.768000030517578125e+01
5.277000045776367188e+01
5.509999847412109375e+01
5.990999984741210938e+01
6.015999984741210938e+01
5.973999786376953125e+01
6.031999969482421875e+01
5.800999832153320312e+01
5.602000045776367188e+01
5.885999679565429688e+01
6.512999725341796875e+01
6.576999664306640625e+01
6.629000091552734375e+01
6.652999877929687500e+01
6.654999542236328125e+01
6.679000091552734375e+01
6.734999847412109375e+01
6.784999847412109375e+01
6.765000152587890625e+01
6.745999908447265625e+01
6.761999511718750000e+01
6.811000061035156250e+01
6.852999877929687500e+01
6.768999481201171875e+01
6.865999603271484375e+01
6.800999450683593750e+01
6.852999877929687500e+01
6.902999877929687500e+01
6.816999816894531250e+01
6.881999969482421875e+01
6.947000122070312500e+01
6.900999450683593750e+01
6.863999938964843750e+01
6.915999603271484375e+01
6.868999481201171875e+01
6.863999938964843750e+01
6.852999877929687500e+01
6.954000091552734375e+01
6.926999664306640625e+01
6.947999572753906250e+01
6.958999633789062500e+01
6.831999969482421875e+01
6.902999877929687500e+01
6.997000122070312500e+01
6.843999481201171875e+01
6.855999755859375000e+01
7.002999877929687500e+01
7.025999450683593750e+01
6.990999603271484375e+01
7.011999511718750000e+01
7.013999938964843750e+01
7.041999816894531250e+01
6.887999725341796875e+01
6.975000000000000000e+01
7.022999572753906250e+01
7.000000000000000000e+01
7.054000091552734375e+01
6.990000152587890625e+01
6.954000091552734375e+01
7.069999694824218750e+01
7.111000061035156250e+01
7.098999786376953125e+01
7.119999694824218750e+01
7.113999938964843750e+01
7.112999725341796875e+01
7.101999664306640625e+01
7.073999786376953125e+01
7.105999755859375000e+01
7.093000030517578125e+01
7.111000061035156250e+01
7.104000091552734375e+01
7.084999847412109375e+01
7.076999664306640625e+01
7.077999877929687500e+01
7.100999450683593750e+01
7.093999481201171875e+01
7.090999603271484375e+01
7.079999542236328125e+01
7.091999816894531250e+01
7.087999725341796875e+01
7.095999908447265625e+01
7.104000091552734375e+01
7.080999755859375000e+01
7.077999877929687500e+01
7.101999664306640625e+01
7.094999694824218750e+01
7.095999908447265625e+01
7.075999450683593750e+01
7.063999938964843750e+01
7.100999450683593750e+01
7.093999481201171875e+01
7.081999969482421875e+01
7.087999725341796875e+01
7.090000152587890625e+01
7.100000000000000000e+01
7.093000030517578125e+01
7.116999816894531250e+01
7.088999938964843750e+01
7.086000061035156250e+01
7.093000030517578125e+01
7.090999603271484375e+01
7.109999847412109375e+01
7.100000000000000000e+01
7.098999786376953125e+01
7.122000122070312500e+01
7.108999633789062500e+01
7.081999969482421875e+01
7.111999511718750000e+01
7.062999725341796875e+01
7.102999877929687500e+01
