1.000000000000000000e+01
1.417999935150146484e+01
1.764999961853027344e+01
1.910000038146972656e+01
2.095999908447265625e+01
2.177999877929687500e+01
2.842000007629394531e+01
2.855999946594238281e+01
3.115999984741210938e+01
3.021999931335449219e+01
3.479999923706054688e+01
3.371999740600585938e+01
3.384999847412109375e+01
3.600999832153320312e+01
3.439999771118164062e+01
3.613999938964843750e+01
3.504000091552734375e+01
4.012999725341796875e+01
4.203999710083007812e+01
4.080999755859375000e+01
4.125999832153320312e+01
3.241999816894531250e+01
4.480999755859375000e+01
4.184000015258789062e+01
4.775000000000000000e+01
4.240999984741210938e+01
4.070999908447265625e+01
4.705999755859375000e+01
4.584000015258789062e+01
4.772999954223632812e+01
4.600000000000000000e+01
4.716999816894531250e+01
4.628999710083007812e+01
4.703999710083007812e+01
4.736000061035156250e+01
4.828999710083007812e+01
5.013999938964843750e+01
5.197999954223632812e+01
5.079999923706054688e+01
5.077000045776367188e+01
4.437999725341796875e+01
5.372999954223632812e+01
5.364999771118164062e+01
5.109999847412109375e+01
4.390999984741210938e+01
4.868999862670898438e+01
4.384000015258789062e+01
4.670999908447265625e+01
4.965999984741210938e+01
5.379999923706054688e+01
5.485999679565429688e+01
4.889999771118164062e+01
5.302999877929687500e+01
5.238999938964843750e+01
5.502000045776367188e+01
5.098999786376953125e+01
4.543999862670898438e+01
5.104999923706054688e+01
3.622999954223632812e+01
5.547999954223632812e+01
5.587999725341796875e+01
4.704999923706054688e+01
4.275999832153320312e+01
4.997999954223632812e+01
5.500999832153320312e+01
5.227000045776367188e+01
5.559000015258789062e+01
5.450999832153320312e+01
4.684999847412109375e+01
5.688999938964843750e+01
5.543000030517578125e+01
5.666999816894531250e+01
3.264999771118164062e+01
5.359000015258789062e+01
5.751999664306640625e+01
5.371999740600585938e+01
5.436999893188476562e+01
5.154999923706054688e+01
5.238999938964843750e+01
4.020000076293945312e+01
5.223999786376953125e+01
5.728999710083007812e+01
5.668999862670898438e+01
5.832999801635742188e+01
5.375000000000000000e+01
5.675000000000000000e+01
5.516999816894531250e+01
5.520999908447265625e+01
5.846999740600585938e+01
5.838999938964843750e+01
5.640999984741210938e+01
5.309999847412109375e+01
5.305999755859375000e+01
6.009999847412109375e+01
5.904999923706054688e+01
5.934999847412109375e+01
6.022999954223632812e+01
5.748999786376953125e+01
5.044999694824218750e+01
5.753999710083007812e+01
6.511000061035156250e+01
6.569999694824218750e+01
6.633000183105468750e+01
6.680999755859375000e+01
6.613999938964843750e+01
6.715999603271484375e+01
6.726999664306640625e+01
6.731999969482421875e+01
6.773999786376953125e+01
6.754999542236328125e+01
6.759999847412109375e+01
6.818000030517578125e+01
6.833000183105468750e+01
6.823999786376953125e+01
6.861999511718750000e+01
6.783000183105468750e+01
6.844999694824218750e+01
6.893000030517578125e+01
6.806999969482421875e+01
6.891999816894531250e+01
6.962999725341796875e+01
6.925999450683593750e+01
6.862999725341796875e+01
6.904999542236328125e+01
6.813999938964843750e+01
6.911999511718750000e+01
6.855999755859375000e+01
6.952999877929687500e+01
6.925000000000000000e+01
6.950000000000000000e+01
6.961000061035156250e+01
6.855999755859375000e+01
6.912999725341796875e+01
7.009999847412109375e+01
6.943000030517578125e+01
6.931999969482421875e+01
6.950999450683593750e+01
7.016999816894531250e+01
7.005999755859375000e+01
7.006999969482421875e+01
7.006999969482421875e+01
7.018999481201171875e+01
6.869999694824218750e+01
7.005999755859375000e+01
7.018000030517578125e+01
7.002999877929687500e+01
7.045999908447265625e+01
7.018999481201171875e+01
6.947000122070312500e+01
7.061999511718750000e+01
7.118999481201171875e+01
7.112999725341796875e+01
7.111000061035156250e+01
7.105999755859375000e+01
7.113999938964843750e+01
7.104000091552734375e+01
7.100999450683593750e+01
7.104999542236328125e+01
7.091999816894531250e+01
7.118999481201171875e+01
7.100999450683593750e+01
7.083000183105468750e+01
7.079999542236328125e+01
7.075999450683593750e+01
7.102999877929687500e+01
7.097999572753906250e+01
7.090999603271484375e+01
7.091999816894531250e+01
7.091999816894531250e+01
7.093999481201171875e+01
7.095999908447265625e+01
7.111000061035156250e+01
7.091999816894531250e+01
7.083999633789062500e+01
7.093999481201171875e+01
7.093999481201171875e+01
7.091999816894531250e+01
7.080999755859375000e+01
7.065000152587890625e+01
7.102999877929687500e+01
7.090999603271484375e+01
7.083000183105468750e+01
7.087999725341796875e+01
7.101999664306640625e+01
7.097999572753906250e+01
7.093999481201171875e+01
7.111000061035156250e+01
7.086000061035156250e+01
7.111000061035156250e+01
7.088999938964843750e+01
7.093999481201171875e+01
7.123999786376953125e+01
7.100999450683593750e+01
7.094999694824218750e+01
7.108999633789062500e+01
7.094999694824218750e+01
7.075999450683593750e+01
7.115000152587890625e+01
7.065000152587890625e+01
7.106999969482421875e+01
