1.005999946594238281e+01
1.433999919891357422e+01
1.720999908447265625e+01
2.069999885559082031e+01
2.122999954223632812e+01
2.348999977111816406e+01
2.303999900817871094e+01
3.132999992370605469e+01
3.395000076293945312e+01
3.073999977111816406e+01
3.859999847412109375e+01
3.902999877929687500e+01
3.568000030517578125e+01
4.045000076293945312e+01
3.645999908447265625e+01
4.034000015258789062e+01
3.840999984741210938e+01
4.386000061035156250e+01
4.218999862670898438e+01
3.916999816894531250e+01
4.322999954223632812e+01
4.150999832153320312e+01
4.541999816894531250e+01
4.184999847412109375e+01
4.353999710083007812e+01
3.681999969482421875e+01
4.509000015258789062e+01
4.459999847412109375e+01
4.475999832153320312e+01
4.789999771118164062e+01
4.602000045776367188e+01
3.670999908447265625e+01
4.428999710083007812e+01
4.694999694824218750e+01
4.686999893188476562e+01
4.859000015258789062e+01
4.934999847412109375e+01
4.950000000000000000e+01
3.872999954223632812e+01
4.868999862670898438e+01
4.959000015258789062e+01
4.653999710083007812e+01
4.929999923706054688e+01
5.028999710083007812e+01
5.072999954223632812e+01
4.856999969482421875e+01
4.993999862670898438e+01
4.418000030517578125e+01
4.252000045776367188e+01
4.893999862670898438e+01
5.285999679565429688e+01
4.718000030517578125e+01
4.880999755859375000e+01
5.200000000000000000e+01
5.263999938964843750e+01
5.002000045776367188e+01
4.598999786376953125e+01
5.250999832153320312e+01
4.336999893188476562e+01
5.414999771118164062e+01
4.850999832153320312e+01
4.856999969482421875e+01
3.620000076293945312e+01
4.684000015258789062e+01
5.560999679565429688e+01
4.500000000000000000e+01
5.043999862670898438e+01
5.479999923706054688e+01
5.084000015258789062e+01
5.194999694824218750e+01
5.202000045776367188e+01
5.152999877929687500e+01
5.516999816894531250e+01
5.131999969482421875e+01
4.371999740600585938e+01
5.291999816894531250e+01
4.545999908447265625e+01
4.919999694824218750e+01
5.241999816894531250e+01
5.595999908447265625e+01
5.494999694824218750e+01
5.134000015258789062e+01
5.660999679565429688e+01
5.509999847412109375e+01
5.562999725341796875e+01
5.269999694824218750e+01
4.352000045776367188e+01
5.838999938964843750e+01
5.502999877929687500e+01
5.577000045776367188e+01
5.427000045776367188e+01
4.887999725341796875e+01
5.477000045776367188e+01
5.061000061035156250e+01
5.584999847412109375e+01
5.493000030517578125e+01
5.454999923706054688e+01
5.496999740600585938e+01
5.518999862670898438e+01
5.672999954223632812e+01
6.209000015258789062e+01
6.335999679565429688e+01
6.342999649047851562e+01
6.361999893188476562e+01
6.355999755859375000e+01
6.342999649047851562e+01
6.433000183105468750e+01
6.348999786376953125e+01
6.415999603271484375e+01
6.443000030517578125e+01
6.483999633789062500e+01
6.431999969482421875e+01
6.415000152587890625e+01
6.477999877929687500e+01
6.488999938964843750e+01
6.451000213623046875e+01
6.522000122070312500e+01
6.575000000000000000e+01
6.491999816894531250e+01
6.543000030517578125e+01
6.547999572753906250e+01
6.547999572753906250e+01
6.515999603271484375e+01
6.531999969482421875e+01
6.472000122070312500e+01
6.522999572753906250e+01
6.647999572753906250e+01
6.594999694824218750e+01
6.597999572753906250e+01
6.577999877929687500e+01
6.658999633789062500e+01
6.605999755859375000e+01
6.650000000000000000e+01
6.636000061035156250e+01
6.700000000000000000e+01
6.373999786376953125e+01
6.641999816894531250e+01
6.668999481201171875e+01
6.670999908447265625e+01
6.658000183105468750e+01
6.702999877929687500e+01
6.701999664306640625e+01
6.591999816894531250e+01
6.684999847412109375e+01
6.593999481201171875e+01
6.686999511718750000e+01
6.666999816894531250e+01
6.709999847412109375e+01
6.643999481201171875e+01
6.712999725341796875e+01
6.748999786376953125e+01
6.709999847412109375e+01
6.719999694824218750e+01
6.750000000000000000e+01
6.751999664306640625e+01
6.744999694824218750e+01
6.766999816894531250e+01
6.756999969482421875e+01
6.738999938964843750e+01
6.743000030517578125e+01
6.738999938964843750e+01
6.740000152587890625e+01
6.744999694824218750e+01
6.752999877929687500e+01
6.734999847412109375e+01
6.736000061035156250e+01
6.761999511718750000e+01
6.738999938964843750e+01
6.738999938964843750e+01
6.773999786376953125e+01
6.754999542236328125e+01
6.747999572753906250e+01
6.734999847412109375e+01
6.738999938964843750e+01
6.754999542236328125e+01
6.762999725341796875e+01
6.736999511718750000e+01
6.752999877929687500e+01
6.744999694824218750e+01
6.765999603271484375e+01
6.736000061035156250e+01
6.776999664306640625e+01
6.758999633789062500e+01
6.750999450683593750e+01
6.736999511718750000e+01
6.756999969482421875e+01
6.756999969482421875e+01
6.754000091552734375e+01
6.736000061035156250e+01
6.750000000000000000e+01
6.750999450683593750e+01
6.750999450683593750e+01
6.762999725341796875e+01
6.725999450683593750e+01
6.729999542236328125e+01
6.780999755859375000e+01
6.754000091552734375e+01
6.759999847412109375e+01
6.756999969482421875e+01
6.773999786376953125e+01
