1.060800000244140584e+01
1.231999999908447307e+01
1.564799999908447248e+01
1.696000000488281145e+01
2.171199999145507675e+01
2.280000000244140779e+01
2.507199999877929741e+01
2.662399999145507934e+01
2.976000000732421924e+01
3.092799999145507783e+01
3.236799999908447489e+01
3.465600000183105323e+01
3.580799999145507684e+01
3.615999999999999659e+01
3.755199999511718545e+01
3.916799999023437806e+01
3.864000000732421825e+01
4.028800000976562501e+01
4.142399999633789065e+01
4.143999999999999773e+01
4.199999999145507701e+01
4.212799999755859659e+01
4.179200000976562279e+01
4.292799998779296544e+01
4.382400000732421574e+01
4.416000000732422137e+01
4.451200000976562166e+01
4.588799999633788929e+01
4.529599999755859585e+01
4.731200000976562592e+01
4.571200000366211214e+01
4.561600000976562796e+01
4.595200000732421586e+01
4.707199999389648326e+01
4.683200000610351310e+01
4.718399998779296567e+01
4.907200000244140625e+01
4.710399999023437800e+01
4.887999999633789372e+01
4.956800000366210668e+01
4.775999999389648565e+01
5.025600000610351259e+01
4.939199999023437471e+01
4.900800000976562387e+01
5.015999999023437539e+01
4.905599999389648502e+01
4.990400000732422114e+01
5.044799998657226325e+01
4.897599999908447188e+01
5.076799999389648121e+01
4.792000000366211054e+01
5.083199998657226359e+01
4.977599999023437505e+01
5.166399999023437317e+01
5.137600000732421535e+01
4.976000000244140864e+01
5.174399999267578210e+01
5.035199999633788792e+01
5.152000000000000313e+01
5.203200000976562478e+01
5.203200000976562478e+01
5.243200000000000216e+01
4.870399999633789179e+01
5.107199999145507974e+01
5.033600001464844098e+01
5.009599999023437533e+01
5.238400000366210918e+01
5.204799999023437351e+01
5.348799999023437834e+01
5.228799999389648434e+01
4.945600000000000307e+01
5.425599998291015424e+01
4.939200000000000301e+01
5.321599999389648161e+01
5.415999999023437539e+01
5.379200000000000159e+01
5.231999999023437198e+01
5.313599998779297096e+01
5.127999999023437283e+01
5.388799997314453094e+01
4.848000000244140750e+01
5.443199999023437385e+01
5.187200000610351225e+01
5.281599999267577772e+01
5.367999999389648735e+01
5.131199999999999761e+01
5.318399999633788866e+01
5.347199999267578363e+01
5.323199999633789048e+01
5.503999998657226911e+01
5.198399999633789292e+01
5.091200000366210787e+01
5.475199999633789361e+01
5.566399998779296965e+01
5.449599997314452793e+01
5.326399999267577812e+01
5.553599999389648190e+01
5.460800000976562529e+01
5.307200000000000273e+01
5.436799999633789326e+01
6.681599999511718124e+01
6.897600000488280614e+01
6.939199998535156055e+01
7.017599998535156658e+01
7.035200000488281091e+01
7.124800000488281171e+01
7.193599999511718579e+01
7.224000001464844445e+01
7.204799999511718056e+01
7.217599999267578426e+01
7.264000001464843592e+01
7.247999999511718272e+01
7.316799998657226922e+01
7.286399997558594066e+01
7.368000001464844217e+01
7.337599997314453049e+01
7.395199997558593452e+01
7.401600001464844070e+01
7.449600001464843047e+01
7.433600001464843388e+01
7.425600000488280727e+01
7.531199997558593395e+01
7.483200001464844320e+01
7.500799999511718852e+01
7.518400001464843285e+01
7.486399997314453003e+01
7.521600000488281523e+01
7.534400001464844365e+01
7.568000001464844217e+01
7.563199998535155544e+01
7.657600000244140404e+01
7.619199998535155771e+01
7.604799998291015584e+01
7.531199998535156226e+01
7.639999999511718443e+01
7.612799999511719307e+01
7.753599998535156601e+01
7.647999997558594032e+01
7.665600001464844127e+01
7.729600000732422416e+01
7.684800000488280602e+01
7.684800001464843433e+01
7.732799999511718170e+01
7.673599997558594055e+01
7.766399998535156612e+01
7.753599997558593770e+01
7.772800000488281569e+01
7.752000000732421370e+01
7.753600000488280841e+01
7.771199998779296436e+01
7.908799997558594441e+01
7.964800000488281739e+01
7.892799998535156192e+01
7.918400001464843285e+01
7.907199997558593907e+01
7.932799997558593930e+01
7.961599997314452537e+01
7.903999997558594259e+01
7.932800000732422063e+01
7.939199999511718886e+01
7.979200000732421927e+01
7.918399997558593384e+01
7.945599997558593941e+01
8.003199998535156112e+01
7.940799998535156590e+01
7.956799998535156249e+01
7.956800000488281910e+01
7.982399999755858744e+01
7.972800001708984041e+01
7.979199997558593793e+01
7.982400001464843342e+01
7.977600001708984223e+01
7.908799998535155851e+01
8.012799999511719307e+01
7.961599998535156431e+01
7.971199999511718204e+01
7.926399999511718875e+01
7.979199997558593793e+01
7.943999997558593407e+01
7.963200001708983677e+01
7.945600000732422075e+01
7.974400000488280682e+01
8.015999999755860017e+01
7.969600001708984394e+01
8.030400000488280909e+01
8.006400000488281421e+01
8.019199998535155771e+01
8.007999998535156294e+01
7.953599998779296243e+01
7.995200000732421586e+01
8.001600001708983712e+01
7.993599999511718579e+01
7.996799998291015754e+01
8.000000000488280705e+01
7.956800001708984382e+01
7.977599998535156089e+01
7.983999997558593975e+01
7.990399997558593270e+01
7.972799999511718738e+01
8.006399998535155760e+01
