1.003200000000000003e+01
1.249599999908447323e+01
1.651199999816894604e+01
1.878399999572753742e+01
2.175999999877929625e+01
2.276800000488281128e+01
2.574399999145507678e+01
2.487999999816894459e+01
2.715199999511718687e+01
2.756800000122070315e+01
2.881600000732422018e+01
3.100799999511718852e+01
3.195199999816894376e+01
3.247999999511718983e+01
3.459199998779296692e+01
3.521600000732421876e+01
3.480000000122070247e+01
3.729600000976562768e+01
3.718399998779296567e+01
3.798399999816894734e+01
3.991999999755859108e+01
3.975999999389648565e+01
4.143999998779296590e+01
4.118399999755859398e+01
4.217600000732421961e+01
4.264000000366210941e+01
4.275199997314452816e+01
4.412799998779296828e+01
4.384000000366211225e+01
4.505600000366210622e+01
4.508800000732421864e+01
4.486399999389648485e+01
4.583999999023437510e+01
4.744000000366210656e+01
4.600000000366210884e+01
4.723200000366210816e+01
4.899199999023437613e+01
4.796800000610351589e+01
4.732800000610351532e+01
4.948800000610351901e+01
4.732800000000000296e+01
4.939200000976562421e+01
4.996799997314452924e+01
5.265599999633788997e+01
4.937599998657226763e+01
5.035200000366211270e+01
5.136000000488281358e+01
5.065600000610351827e+01
5.044799999023437209e+01
5.016000000976562490e+01
5.184000000244140693e+01
5.099199999999999733e+01
5.198399998779296993e+01
5.246399999755859511e+01
5.046400000610351810e+01
5.251199999267578278e+01
5.003199999389648411e+01
5.124799999023437636e+01
5.195199999023437698e+01
5.304000000366210799e+01
5.481600000244140602e+01
5.033599999267578085e+01
5.251200000000000045e+01
5.110400000244140273e+01
5.452799999389648633e+01
5.305599998657226735e+01
5.355200000610351907e+01
5.212799999023437181e+01
5.408000000366210713e+01
5.528000000000000114e+01
5.347199999023437300e+01
5.571200000610351566e+01
5.456000000610351464e+01
5.047999998779297215e+01
5.623999999755859136e+01
5.340799998657226411e+01
5.639999998657226854e+01
5.315200000610351339e+01
5.536000000976562774e+01
5.198399998779296993e+01
5.457599998657226337e+01
5.523200000366210816e+01
5.278399999755859540e+01
5.457599999023437221e+01
5.660799997314452980e+01
4.983999999633788747e+01
5.603200000610351594e+01
5.294400000000000261e+01
5.712000000610351691e+01
5.740799997314453407e+01
5.654399997314452975e+01
5.505600001464843984e+01
5.684799998291015299e+01
5.742399999999999949e+01
5.710400000976562751e+01
5.457599999267578283e+01
5.881600000244140602e+01
5.748799999999999955e+01
5.655999999633789344e+01
5.908799999389648150e+01
6.892800001464843263e+01
7.187200000488280693e+01
7.280000001464843251e+01
7.244800001464844286e+01
7.369599997314453788e+01
7.404799999511718056e+01
7.448000001708984996e+01
7.412799997314452582e+01
7.399999999511719295e+01
7.526399999755859938e+01
7.534399998535155873e+01
7.540799998535156590e+01
7.614399997314453117e+01
7.622399997314452946e+01
7.620799997558593475e+01
7.593599997314453276e+01
7.630399999755859142e+01
7.627199997558594191e+01
7.623999997314453481e+01
7.694399999511718136e+01
7.691199998535155657e+01
7.702399999755859028e+01
7.755200000732422438e+01
7.808000000488281955e+01
7.663999997558593691e+01
7.750399997558594123e+01
7.747200000488281546e+01
7.819199998535155771e+01
7.734399997314453401e+01
7.783999998535156806e+01
7.731200001708984360e+01
7.751999997314453594e+01
7.780800000488281398e+01
7.830400000488280909e+01
7.868799999511718113e+01
7.812799998535156476e+01
7.819199997314453299e+01
7.867199999511719000e+01
7.857599999755859699e+01
7.817600001708984792e+01
7.878400001708983780e+01
7.886399999511718306e+01
7.902399997558593725e+01
7.956800001708984382e+01
7.908799997558594441e+01
7.884799997558593532e+01
7.900800000732421324e+01
7.937599998291015879e+01
7.956800001464843319e+01
7.990400001708984234e+01
8.075199998535155999e+01
8.097599998779297437e+01
8.118399997558593384e+01
8.113600000732421336e+01
8.067199999511719000e+01
8.060800001708985008e+01
8.095999999511718670e+01
8.068799998779296345e+01
8.132800000732422063e+01
8.148799999511719250e+01
8.105599997558593373e+01
8.102399998535156556e+01
8.132800000488281000e+01
8.131199999755858698e+01
8.102400001708984689e+01
8.137599997314453049e+01
8.107199997558593907e+01
8.102399998779296197e+01
8.081599997558593884e+01
8.142399998535155703e+01
8.116800000488281341e+01
8.121599997558594453e+01
8.103999998779296732e+01
8.147200001464844377e+01
8.107199999511718147e+01
8.091200000732422382e+01
8.123199999755858869e+01
8.097599998535156374e+01
8.116800001708983814e+01
8.150399998535156953e+01
8.190399999755859994e+01
8.123200000488280637e+01
8.135999997558593577e+01
8.137600001708985076e+01
8.156800000732421552e+01
8.135999999511719238e+01
8.143999999511719068e+01
8.161599999755858903e+01
8.183999999755859278e+01
8.118399997314453742e+01
8.115199998535156567e+01
8.187199999511719284e+01
8.099200000732422211e+01
8.134400000488281535e+01
8.203199999267577880e+01
8.124800000732422234e+01
8.134400000732421177e+01
8.131199997558593395e+01
8.158399999755859255e+01
8.199999999755858937e+01
