2.202228140830993652e+01
2.228667855262756348e+01
2.196062755584716797e+01
2.187942624092102051e+01
2.188606476783752441e+01
2.157322573661804199e+01
2.192602753639221191e+01
2.209863638877868652e+01
2.227735471725463867e+01
2.202444672584533691e+01
2.211343288421630859e+01
2.191815876960754395e+01
2.224853396415710449e+01
2.265570473670959473e+01
2.260491609573364258e+01
2.210606122016906738e+01
2.180270576477050781e+01
2.200095057487487793e+01
2.203237056732177734e+01
2.199868655204772949e+01
2.246585941314697266e+01
2.205799603462219238e+01
2.255391597747802734e+01
2.182802033424377441e+01
2.194630837440490723e+01
2.177096843719482422e+01
2.230845975875854492e+01
2.229685664176940918e+01
2.188138866424560547e+01
2.217435908317565918e+01
2.179448652267456055e+01
2.170304226875305176e+01
2.221130895614624023e+01
2.179210019111633301e+01
2.269385743141174316e+01
2.180004715919494629e+01
2.281431865692138672e+01
2.227534198760986328e+01
2.217727851867675781e+01
2.255927276611328125e+01
2.222783112525939941e+01
2.220725154876708984e+01
2.237776517868041992e+01
2.217878746986389160e+01
2.245457363128662109e+01
2.221199679374694824e+01
2.226749396324157715e+01
2.221312594413757324e+01
2.166782307624816895e+01
2.237502598762512207e+01
2.233919787406921387e+01
2.196380352973937988e+01
2.211923837661743164e+01
2.326806640625000000e+01
2.259622240066528320e+01
2.196804356575012207e+01
2.207458114624023438e+01
2.234148812294006348e+01
2.203257966041564941e+01
2.216820597648620605e+01
2.227482366561889648e+01
2.208770465850830078e+01
2.193477177619934082e+01
2.237687492370605469e+01
2.202501273155212402e+01
2.173091483116149902e+01
2.187203741073608398e+01
2.182052302360534668e+01
2.235445547103881836e+01
2.261382246017456055e+01
2.202961945533752441e+01
2.251887416839599609e+01
2.211495471000671387e+01
2.226987767219543457e+01
2.195977520942687988e+01
2.201608371734619141e+01
2.224863362312316895e+01
2.262255477905273438e+01
2.274293994903564453e+01
2.205761551856994629e+01
2.232190608978271484e+01
2.198968672752380371e+01
2.160677862167358398e+01
2.205838012695312500e+01
2.233761239051818848e+01
2.165191698074340820e+01
2.189981126785278320e+01
2.208070826530456543e+01
2.277769684791564941e+01
2.233504867553710938e+01
2.227389645576477051e+01
2.182044434547424316e+01
2.179798316955566406e+01
2.213703751564025879e+01
2.257886862754821777e+01
2.162184095382690430e+01
2.206517362594604492e+01
2.232801365852355957e+01
2.257403278350830078e+01
2.205890488624572754e+01
2.234580588340759277e+01
2.179394483566284180e+01
2.207190537452697754e+01
2.224727225303649902e+01
2.224644374847412109e+01
2.219017720222473145e+01
2.232824778556823730e+01
2.247442030906677246e+01
2.186572527885437012e+01
2.273285913467407227e+01
2.230583643913269043e+01
2.221819043159484863e+01
2.212266016006469727e+01
2.199873709678649902e+01
2.248387479782104492e+01
2.191116237640380859e+01
2.236777925491333008e+01
2.206803941726684570e+01
2.192643117904663086e+01
2.254579973220825195e+01
2.186175155639648438e+01
2.204776883125305176e+01
2.227054834365844727e+01
2.238828730583190918e+01
2.199369502067565918e+01
2.227156019210815430e+01
2.193299341201782227e+01
2.236987066268920898e+01
2.256065940856933594e+01
2.191540336608886719e+01
2.242526435852050781e+01
2.223364257812500000e+01
2.217565536499023438e+01
2.197500371932983398e+01
2.231578540802001953e+01
2.204177689552307129e+01
2.204932379722595215e+01
2.222552418708801270e+01
2.188941550254821777e+01
2.203123092651367188e+01
2.223713636398315430e+01
2.195066881179809570e+01
2.199483299255371094e+01
2.221169972419738770e+01
2.223264193534851074e+01
2.173172163963317871e+01
2.202784848213195801e+01
2.224907445907592773e+01
2.246936249732971191e+01
2.259606885910034180e+01
2.238806509971618652e+01
2.161163258552551270e+01
2.190510845184326172e+01
2.191985344886779785e+01
2.269299864768981934e+01
2.208923768997192383e+01
2.197488713264465332e+01
2.212991714477539062e+01
2.239565873146057129e+01
2.199489855766296387e+01
2.233024191856384277e+01
2.233071327209472656e+01
2.202225828170776367e+01
2.240173482894897461e+01
2.235097122192382812e+01
2.237444686889648438e+01
2.245432567596435547e+01
2.198265147209167480e+01
2.233716273307800293e+01
2.268846917152404785e+01
2.209185290336608887e+01
2.261911368370056152e+01
2.187440562248229980e+01
2.238610577583312988e+01
2.195673751831054688e+01
2.169153761863708496e+01
2.219299292564392090e+01
2.247820711135864258e+01
2.242001509666442871e+01
2.228261971473693848e+01
2.185218834877014160e+01
2.209710359573364258e+01
2.212018537521362305e+01
2.195766973495483398e+01
2.180548930168151855e+01
2.223773193359375000e+01
2.167912364006042480e+01
2.246352934837341309e+01
2.170371055603027344e+01
2.234711837768554688e+01
2.234907722473144531e+01
2.211076688766479492e+01
2.234660530090332031e+01
2.194522714614868164e+01
2.270608091354370117e+01
2.214795494079589844e+01
2.227207136154174805e+01
2.211110782623291016e+01
2.222914648056030273e+01
2.209983921051025391e+01
