1.262115621566772461e+01
1.189281177520751953e+01
1.188344883918762207e+01
1.203177833557128906e+01
1.182625174522399902e+01
1.198929023742675781e+01
1.202881217002868652e+01
1.212257099151611328e+01
1.197003293037414551e+01
1.165910267829895020e+01
1.207087874412536621e+01
1.221897959709167480e+01
1.228894710540771484e+01
1.224094033241271973e+01
1.220685386657714844e+01
1.227916073799133301e+01
1.189713788032531738e+01
1.223524928092956543e+01
1.212011456489562988e+01
1.217497444152832031e+01
1.230967855453491211e+01
1.216587686538696289e+01
1.195868873596191406e+01
1.191455650329589844e+01
1.209791803359985352e+01
1.191142392158508301e+01
1.225278568267822266e+01
1.208143639564514160e+01
1.190889716148376465e+01
1.207908415794372559e+01
1.146793389320373535e+01
1.188850641250610352e+01
1.196886825561523438e+01
1.214947032928466797e+01
1.163698077201843262e+01
1.229758858680725098e+01
1.226913928985595703e+01
1.182101345062255859e+01
1.185522580146789551e+01
1.227647852897644043e+01
1.207044696807861328e+01
1.201476478576660156e+01
1.205124235153198242e+01
1.229972314834594727e+01
1.215114808082580566e+01
1.199885725975036621e+01
1.230954265594482422e+01
1.207966399192810059e+01
1.208488821983337402e+01
1.218891978263854980e+01
1.211986303329467773e+01
1.220034408569335938e+01
1.163373184204101562e+01
1.215185284614562988e+01
1.217786002159118652e+01
1.200548934936523438e+01
1.200416445732116699e+01
1.201610302925109863e+01
1.212665939331054688e+01
1.219935441017150879e+01
1.209845829010009766e+01
1.213380265235900879e+01
1.187567353248596191e+01
1.189442348480224609e+01
1.205612993240356445e+01
1.206116938591003418e+01
1.215075564384460449e+01
1.209278821945190430e+01
1.205317568778991699e+01
1.225807452201843262e+01
1.178163075447082520e+01
1.164492774009704590e+01
1.222657394409179688e+01
1.217111396789550781e+01
1.219135189056396484e+01
1.211280131340026855e+01
1.205003094673156738e+01
1.214994859695434570e+01
1.223925423622131348e+01
1.202214169502258301e+01
1.212034702301025391e+01
1.236293029785156250e+01
1.213703489303588867e+01
1.221751999855041504e+01
1.220628213882446289e+01
1.175080943107604980e+01
1.203905463218688965e+01
1.209727978706359863e+01
1.225134181976318359e+01
1.233173418045043945e+01
1.149926400184631348e+01
1.186769771575927734e+01
1.207098674774169922e+01
1.224939966201782227e+01
1.224359941482543945e+01
1.171741628646850586e+01
1.224242448806762695e+01
1.211279797554016113e+01
1.221226668357849121e+01
1.208128952980041504e+01
1.225967860221862793e+01
1.231366539001464844e+01
1.234454941749572754e+01
1.217057776451110840e+01
1.212427210807800293e+01
1.201810503005981445e+01
1.215091776847839355e+01
1.228535199165344238e+01
1.200208806991577148e+01
1.214274024963378906e+01
1.220361018180847168e+01
1.217650628089904785e+01
1.208505439758300781e+01
1.218826770782470703e+01
1.213229942321777344e+01
1.222984981536865234e+01
1.216255974769592285e+01
1.206370663642883301e+01
1.171219205856323242e+01
1.225906229019165039e+01
1.215408420562744141e+01
1.217261457443237305e+01
1.194239711761474609e+01
1.204100871086120605e+01
1.172805643081665039e+01
1.210201406478881836e+01
1.216850423812866211e+01
1.207862949371337891e+01
1.196853470802307129e+01
1.195563030242919922e+01
1.216726970672607422e+01
1.231183338165283203e+01
1.204666781425476074e+01
1.195379543304443359e+01
1.199433994293212891e+01
1.182341384887695312e+01
1.200816893577575684e+01
1.196408224105834961e+01
1.216478323936462402e+01
1.231172966957092285e+01
1.176356101036071777e+01
1.221367621421813965e+01
1.191176271438598633e+01
1.197067570686340332e+01
1.213444519042968750e+01
1.182259941101074219e+01
1.145370817184448242e+01
1.178411149978637695e+01
1.205512642860412598e+01
1.217786192893981934e+01
1.196446204185485840e+01
1.174580001831054688e+01
1.175148725509643555e+01
1.184541511535644531e+01
1.230370783805847168e+01
1.196846628189086914e+01
1.203410768508911133e+01
1.226145601272583008e+01
1.219113945960998535e+01
1.220344758033752441e+01
1.212421703338623047e+01
1.222952008247375488e+01
1.224233603477478027e+01
1.209576392173767090e+01
1.206254220008850098e+01
1.156615996360778809e+01
1.192423152923583984e+01
1.187497258186340332e+01
1.200728487968444824e+01
1.199078297615051270e+01
1.185223650932312012e+01
1.235934376716613770e+01
1.208088850975036621e+01
1.225176095962524414e+01
1.213613343238830566e+01
1.189730286598205566e+01
1.222960829734802246e+01
1.198819756507873535e+01
1.219199776649475098e+01
1.172431254386901855e+01
1.210626602172851562e+01
1.195221185684204102e+01
1.210765719413757324e+01
1.181803989410400391e+01
1.160506224632263184e+01
1.226201057434082031e+01
1.201310801506042480e+01
1.201599764823913574e+01
1.217316436767578125e+01
1.216252017021179199e+01
1.206491851806640625e+01
1.215726304054260254e+01
1.213675451278686523e+01
1.183386111259460449e+01
1.221035194396972656e+01
1.219560074806213379e+01
1.223661541938781738e+01
1.178490495681762695e+01
1.218784570693969727e+01
1.203433823585510254e+01
