1.245677542686462402e+01
1.171587920188903809e+01
1.175708675384521484e+01
1.187700057029724121e+01
1.158953547477722168e+01
1.171382880210876465e+01
1.190246248245239258e+01
1.192677998542785645e+01
1.165128612518310547e+01
1.133421421051025391e+01
1.174910807609558105e+01
1.201720094680786133e+01
1.207075166702270508e+01
1.204686641693115234e+01
1.202410840988159180e+01
1.194537639617919922e+01
1.182583093643188477e+01
1.212652993202209473e+01
1.190956306457519531e+01
1.201097273826599121e+01
1.203099513053894043e+01
1.179367685317993164e+01
1.164718866348266602e+01
1.165940713882446289e+01
1.169553613662719727e+01
1.160576009750366211e+01
1.193793368339538574e+01
1.163834047317504883e+01
1.152540612220764160e+01
1.173105072975158691e+01
1.129319524765014648e+01
1.157728433609008789e+01
1.170877003669738770e+01
1.161865305900573730e+01
1.150326704978942871e+01
1.183453273773193359e+01
1.208288121223449707e+01
1.186995506286621094e+01
1.186130619049072266e+01
1.191302680969238281e+01
1.185722231864929199e+01
1.190952348709106445e+01
1.179019093513488770e+01
1.208091926574707031e+01
1.179297566413879395e+01
1.171965026855468750e+01
1.187130951881408691e+01
1.166145348548889160e+01
1.180394148826599121e+01
1.183294868469238281e+01
1.203648686408996582e+01
1.202502822875976562e+01
1.136784338951110840e+01
1.199257397651672363e+01
1.204259157180786133e+01
1.166469883918762207e+01
1.186225271224975586e+01
1.165651798248291016e+01
1.171815037727355957e+01
1.189737010002136230e+01
1.182173514366149902e+01
1.183088803291320801e+01
1.160376477241516113e+01
1.159835982322692871e+01
1.195080304145812988e+01
1.178438973426818848e+01
1.180488371849060059e+01
1.165561747550964355e+01
1.200737166404724121e+01
1.209721446037292480e+01
1.155678868293762207e+01
1.139000797271728516e+01
1.178417658805847168e+01
1.178848171234130859e+01
1.195221781730651855e+01
1.201833653450012207e+01
1.195660901069641113e+01
1.167848682403564453e+01
1.190340971946716309e+01
1.190603733062744141e+01
1.185946822166442871e+01
1.210619759559631348e+01
1.193140792846679688e+01
1.202169084548950195e+01
1.192011141777038574e+01
1.146225619316101074e+01
1.176189279556274414e+01
1.194980239868164062e+01
1.208968853950500488e+01
1.213641452789306641e+01
1.131806182861328125e+01
1.162927293777465820e+01
1.175268435478210449e+01
1.208493947982788086e+01
1.194912958145141602e+01
1.155723667144775391e+01
1.209494209289550781e+01
1.183268594741821289e+01
1.198831772804260254e+01
1.185367345809936523e+01
1.198839998245239258e+01
1.208904218673706055e+01
1.213891029357910156e+01
1.195114421844482422e+01
1.186191439628601074e+01
1.188183689117431641e+01
1.180387258529663086e+01
1.190745878219604492e+01
1.175444531440734863e+01
1.189731717109680176e+01
1.201507663726806641e+01
1.170097541809082031e+01
1.186109328269958496e+01
1.177342820167541504e+01
1.200123691558837891e+01
1.205712676048278809e+01
1.197377443313598633e+01
1.193084859848022461e+01
1.155537796020507812e+01
1.191028881072998047e+01
1.197991704940795898e+01
1.217357230186462402e+01
1.185112500190734863e+01
1.194950938224792480e+01
1.177721953392028809e+01
1.184789395332336426e+01
1.185653352737426758e+01
1.182534933090209961e+01
1.175868749618530273e+01
1.180672550201416016e+01
1.188436555862426758e+01
1.204764246940612793e+01
1.184353351593017578e+01
1.149918508529663086e+01
1.186403751373291016e+01
1.178084778785705566e+01
1.195417785644531250e+01
1.186046123504638672e+01
1.197075867652893066e+01
1.190905642509460449e+01
1.159592342376708984e+01
1.182294082641601562e+01
1.161869549751281738e+01
1.164246964454650879e+01
1.199807643890380859e+01
1.163484668731689453e+01
1.143738603591918945e+01
1.156734013557434082e+01
1.178375649452209473e+01
1.172771692276000977e+01
1.155436277389526367e+01
1.156748676300048828e+01
1.158413696289062500e+01
1.140988850593566895e+01
1.193241190910339355e+01
1.164497470855712891e+01
1.167850828170776367e+01
1.186884617805480957e+01
1.183634233474731445e+01
1.181368422508239746e+01
1.196971344947814941e+01
1.191876482963562012e+01
1.183462119102478027e+01
1.178380775451660156e+01
1.187251424789428711e+01
1.132724189758300781e+01
1.165944147109985352e+01
1.159100031852722168e+01
1.175742650032043457e+01
1.173578429222106934e+01
1.161053013801574707e+01
1.208543753623962402e+01
1.185695862770080566e+01
1.203810000419616699e+01
1.200690197944641113e+01
1.181223416328430176e+01
1.195930457115173340e+01
1.173349094390869141e+01
1.202284336090087891e+01
1.178574943542480469e+01
1.178155350685119629e+01
1.177303600311279297e+01
1.180377149581909180e+01
1.178944683074951172e+01
1.148912906646728516e+01
1.203798437118530273e+01
1.186703610420227051e+01
1.181921148300170898e+01
1.196160221099853516e+01
1.190201830863952637e+01
1.189827108383178711e+01
1.196104526519775391e+01
1.189826393127441406e+01
1.183528161048889160e+01
1.190915441513061523e+01
1.203906559944152832e+01
1.200977015495300293e+01
1.176287126541137695e+01
1.187335419654846191e+01
1.172881770133972168e+01
