1.044799999954223679e+01
1.161599999938964878e+01
1.564799999572753819e+01
1.926400000183105377e+01
2.292800000183105524e+01
2.440000000488281273e+01
2.652800000183105311e+01
2.912000000244140452e+01
3.019199999877929841e+01
3.233599999511718437e+01
3.404799999816894740e+01
3.548799999511718539e+01
3.699200000122070264e+01
3.719999999816894842e+01
3.801599998779296641e+01
3.868799998779297056e+01
3.876800000366210952e+01
3.950399999755859426e+01
3.971200000122070151e+01
4.007999999389648593e+01
4.140800000366211009e+01
4.155199999816894518e+01
4.207999998657226826e+01
4.206399998779296823e+01
4.142399998657226234e+01
4.356799999389648548e+01
4.335999999999999943e+01
4.470399999389648116e+01
4.443199998779297033e+01
4.422399999389648428e+01
4.492799998779296544e+01
4.446400000732421631e+01
4.547199999023437300e+01
4.577600000244140688e+01
4.483199998779296891e+01
4.670400000976562183e+01
4.697599998779296726e+01
4.795199999755859466e+01
4.707200000122070094e+01
4.712000000366210628e+01
4.796800000244140705e+01
4.655999999023437397e+01
4.804799999389648235e+01
4.812799999389648775e+01
4.679999999023437596e+01
4.803199999816894206e+01
4.831999998779296845e+01
5.030400000244140557e+01
4.905599999267577971e+01
4.855999998779297044e+01
5.008000000366210713e+01
4.895999999816894643e+01
4.972800000610351390e+01
5.027199999999999847e+01
4.985600000122069986e+01
4.912000000366210628e+01
4.900799999755859204e+01
4.964799999389648377e+01
5.163200000244140853e+01
5.065600000610351827e+01
5.192000000976562291e+01
5.075200000610351481e+01
4.998400000976562296e+01
5.054399998657226689e+01
5.143999999999999773e+01
5.159999999755859079e+01
4.913599999816894837e+01
5.291199999633789020e+01
5.003199998657226644e+01
5.529599999389648701e+01
5.105599999267577971e+01
5.435199999633788792e+01
5.251199999633789162e+01
5.425599999389648787e+01
5.318400000183105192e+01
5.343999999999999773e+01
5.254400000976562524e+01
5.019199999389648781e+01
5.511999998657226740e+01
5.352000000732422080e+01
5.271999998657226882e+01
5.415999999755859307e+01
5.220799999511718426e+01
5.454400000610351640e+01
5.366399999389648201e+01
5.033599999267578085e+01
5.572799997314453435e+01
5.462400000732422001e+01
5.523199999633789048e+01
5.540799998657226411e+01
5.385600000976562285e+01
5.391999999267578403e+01
5.592000000244140523e+01
5.587199998291015390e+01
5.516799999389648690e+01
5.462399999633789349e+01
5.556800001464844030e+01
5.598400000976562296e+01
5.180799998291015385e+01
5.798400000000000176e+01
6.892799997314453719e+01
7.051200001464843581e+01
7.135999999511719238e+01
7.227199999267578789e+01
7.216000001708984257e+01
7.345600001708984905e+01
7.284799999999999898e+01
7.313599997558593202e+01
7.331199997314453753e+01
7.382399997314453799e+01
7.416000001708984257e+01
7.412799998535156476e+01
7.481599997314452821e+01
7.447999998535156863e+01
7.475200001464843069e+01
7.526400000732421347e+01
7.534399999511718704e+01
7.558400001708984917e+01
7.539199999267577823e+01
7.556799999511719079e+01
7.587199999511719284e+01
7.600000000488280705e+01
7.612799999511719307e+01
7.651200000488280750e+01
7.713600000244140631e+01
7.630399998291015606e+01
7.676799998535156533e+01
7.630400000244141268e+01
7.705600000488281864e+01
7.684799998535156362e+01
7.755200000488281376e+01
7.715199998291015504e+01
7.729599998535155692e+01
7.798399998291016288e+01
7.715199997558593736e+01
7.784000000732422109e+01
7.732799999511718170e+01
7.804800000732421950e+01
7.767999999511718556e+01
7.788799998535155567e+01
7.795199998535156283e+01
7.788800000488281228e+01
7.868800000488280944e+01
7.886400000732422200e+01
7.867200001953125366e+01
7.847999997558594032e+01
7.801599997314453105e+01
7.851199999511719341e+01
7.852799999755859517e+01
7.913599997558593202e+01
8.004799998779296288e+01
7.951999998535156067e+01
8.052799998291015982e+01
8.022400000488281080e+01
8.009599998779296470e+01
7.996799998535156817e+01
8.084799997558593532e+01
8.107199999511718147e+01
8.036800000732421267e+01
8.068800000732422006e+01
8.049599999511718806e+01
8.056000001464843763e+01
8.031999998779296845e+01
8.070400000732422541e+01
8.048000000488281103e+01
8.091199999511718488e+01
8.054399999755860051e+01
8.078399998535155646e+01
8.081599998535156715e+01
8.056000001708984826e+01
8.060800001708985008e+01
8.072000000732421654e+01
7.985599997314453447e+01
8.084799997558593532e+01
8.064000000488280762e+01
8.043200000732421984e+01
8.025599998535156487e+01
8.056000000732421995e+01
8.068799997558593873e+01
8.078399997558594237e+01
8.088000001708984144e+01
8.046400001708984462e+01
8.065600001708983768e+01
8.100799997558593191e+01
8.059199998535156340e+01
8.054399999755860051e+01
8.092799999511719022e+01
8.087999998535156010e+01
8.163199999755859437e+01
8.089600001708984678e+01
8.092800000732421495e+01
8.105600000732421506e+01
8.182400000732421574e+01
8.097599998535156374e+01
8.153600001708984735e+01
8.099199999755859380e+01
8.100800000732421324e+01
8.089600001708984678e+01
8.092799997558593361e+01
8.115200000732421870e+01
