1.241756844520568848e+01
1.166498017311096191e+01
1.166282057762145996e+01
1.181309580802917480e+01
1.159545278549194336e+01
1.177662301063537598e+01
1.182087898254394531e+01
1.189073657989501953e+01
1.175687408447265625e+01
1.148872876167297363e+01
1.184428644180297852e+01
1.196815681457519531e+01
1.203433799743652344e+01
1.200019526481628418e+01
1.195437049865722656e+01
1.204744243621826172e+01
1.168424844741821289e+01
1.200334477424621582e+01
1.192987155914306641e+01
1.194518399238586426e+01
1.205691933631896973e+01
1.193934869766235352e+01
1.174513053894042969e+01
1.171487236022949219e+01
1.187079834938049316e+01
1.173187541961669922e+01
1.202724623680114746e+01
1.180962777137756348e+01
1.170168018341064453e+01
1.182964873313903809e+01
1.127171683311462402e+01
1.171893715858459473e+01
1.174217629432678223e+01
1.194543004035949707e+01
1.143727302551269531e+01
1.209002614021301270e+01
1.199662804603576660e+01
1.162032246589660645e+01
1.166428899765014648e+01
1.202470374107360840e+01
1.186686658859252930e+01
1.179037976264953613e+01
1.183623337745666504e+01
1.205016136169433594e+01
1.192722105979919434e+01
1.176923060417175293e+01
1.205791187286376953e+01
1.188487648963928223e+01
1.187670278549194336e+01
1.195955085754394531e+01
1.191843986511230469e+01
1.197298359870910645e+01
1.140893936157226562e+01
1.190482521057128906e+01
1.193848705291748047e+01
1.181536316871643066e+01
1.181700181961059570e+01
1.181778407096862793e+01
1.190588355064392090e+01
1.197810459136962891e+01
1.186185503005981445e+01
1.188260722160339355e+01
1.167607545852661133e+01
1.170216536521911621e+01
1.183538389205932617e+01
1.182313823699951172e+01
1.193131685256958008e+01
1.189850139617919922e+01
1.183165001869201660e+01
1.202867197990417480e+01
1.156526327133178711e+01
1.140177416801452637e+01
1.199656438827514648e+01
1.194537043571472168e+01
1.193497276306152344e+01
1.191363430023193359e+01
1.184254121780395508e+01
1.192165803909301758e+01
1.200649094581604004e+01
1.183720684051513672e+01
1.193334817886352539e+01
1.214661622047424316e+01
1.193761229515075684e+01
1.200876331329345703e+01
1.198109173774719238e+01
1.155658936500549316e+01
1.184274697303771973e+01
1.188923764228820801e+01
1.202537441253662109e+01
1.210058832168579102e+01
1.129587149620056152e+01
1.166600728034973145e+01
1.186304450035095215e+01
1.202508807182312012e+01
1.202133822441101074e+01
1.153322839736938477e+01
1.201875495910644531e+01
1.186557126045227051e+01
1.197724866867065430e+01
1.184977269172668457e+01
1.204242181777954102e+01
1.208959317207336426e+01
1.209583210945129395e+01
1.193555045127868652e+01
1.189037632942199707e+01
1.180676198005676270e+01
1.194437003135681152e+01
1.205440092086791992e+01
1.179308629035949707e+01
1.187316107749938965e+01
1.197160696983337402e+01
1.194931483268737793e+01
1.185631489753723145e+01
1.196533370018005371e+01
1.190014052391052246e+01
1.198154616355895996e+01
1.195872640609741211e+01
1.185611057281494141e+01
1.154291415214538574e+01
1.201473617553710938e+01
1.192387223243713379e+01
1.196940135955810547e+01
1.172324633598327637e+01
1.178969645500183105e+01
1.155183959007263184e+01
1.187376523017883301e+01
1.195886373519897461e+01
1.182828664779663086e+01
1.176025032997131348e+01
1.176748728752136230e+01
1.190859651565551758e+01
1.207834649085998535e+01
1.184923577308654785e+01
1.175192928314208984e+01
1.176258087158203125e+01
1.159720826148986816e+01
1.178454828262329102e+01
1.174457573890686035e+01
1.195262742042541504e+01
1.203477835655212402e+01
1.155389499664306641e+01
1.200005698204040527e+01
1.170258760452270508e+01
1.175783491134643555e+01
1.191272950172424316e+01
1.167358827590942383e+01
1.125236296653747559e+01
1.155215311050415039e+01
1.181253409385681152e+01
1.191729331016540527e+01
1.174282407760620117e+01
1.155593991279602051e+01
1.156318593025207520e+01
1.167236185073852539e+01
1.202659988403320312e+01
1.176117515563964844e+01
1.184516334533691406e+01
1.203030562400817871e+01
1.197564172744750977e+01
1.196241164207458496e+01
1.190297675132751465e+01
1.199222803115844727e+01
1.202229905128479004e+01
1.186463069915771484e+01
1.183118605613708496e+01
1.133314037322998047e+01
1.171019387245178223e+01
1.167846465110778809e+01
1.178098344802856445e+01
1.175965976715087891e+01
1.163933014869689941e+01
1.208585381507873535e+01
1.188471603393554688e+01
1.202666568756103516e+01
1.194472193717956543e+01
1.169169330596923828e+01
1.198359870910644531e+01
1.176674461364746094e+01
1.191446352005004883e+01
1.154584860801696777e+01
1.186341238021850586e+01
1.172297120094299316e+01
1.187591147422790527e+01
1.160150122642517090e+01
1.138677573204040527e+01
1.202046799659729004e+01
1.180320906639099121e+01
1.180131435394287109e+01
1.196177315711975098e+01
1.195231199264526367e+01
1.185704016685485840e+01
1.191707110404968262e+01
1.190764999389648438e+01
1.163343834877014160e+01
1.197430515289306641e+01
1.197209215164184570e+01
1.200279450416564941e+01
1.160467457771301270e+01
1.194194126129150391e+01
1.180873727798461914e+01
