1.000000000000000000e+01
1.400999927520751953e+01
1.597999954223632812e+01
2.060999870300292969e+01
2.053999900817871094e+01
2.398999977111816406e+01
2.235999870300292969e+01
3.098999977111816406e+01
3.409999847412109375e+01
2.825000000000000000e+01
3.887999725341796875e+01
3.906999969482421875e+01
3.382999801635742188e+01
4.043999862670898438e+01
3.831999969482421875e+01
4.070000076293945312e+01
4.030999755859375000e+01
4.386999893188476562e+01
4.155999755859375000e+01
3.961000061035156250e+01
4.380999755859375000e+01
4.280999755859375000e+01
4.527999877929687500e+01
4.279999923706054688e+01
4.395000076293945312e+01
4.225000000000000000e+01
4.618999862670898438e+01
4.604999923706054688e+01
4.427000045776367188e+01
4.784999847412109375e+01
3.936999893188476562e+01
4.352999877929687500e+01
4.343000030517578125e+01
4.659999847412109375e+01
4.652000045776367188e+01
4.644999694824218750e+01
4.895999908447265625e+01
4.959000015258789062e+01
4.866999816894531250e+01
4.937999725341796875e+01
4.545999908447265625e+01
4.577999877929687500e+01
4.912999725341796875e+01
5.009999847412109375e+01
4.338999938964843750e+01
4.920999908447265625e+01
5.061999893188476562e+01
4.925000000000000000e+01
1.797999954223632812e+01
4.794999694824218750e+01
5.256999969482421875e+01
4.527999877929687500e+01
4.870999908447265625e+01
5.220999908447265625e+01
5.230999755859375000e+01
5.020999908447265625e+01
5.004999923706054688e+01
5.219999694824218750e+01
3.952000045776367188e+01
5.363999938964843750e+01
5.271999740600585938e+01
5.363999938964843750e+01
5.152999877929687500e+01
4.350999832153320312e+01
5.559999847412109375e+01
4.906999969482421875e+01
5.027000045776367188e+01
5.464999771118164062e+01
5.272999954223632812e+01
5.228999710083007812e+01
5.257999801635742188e+01
5.322999954223632812e+01
5.464999771118164062e+01
5.570999908447265625e+01
4.652000045776367188e+01
4.666999816894531250e+01
5.530999755859375000e+01
4.913999938964843750e+01
4.736999893188476562e+01
5.360999679565429688e+01
5.505999755859375000e+01
5.270999908447265625e+01
5.655999755859375000e+01
5.546999740600585938e+01
5.050000000000000000e+01
5.248999786376953125e+01
5.007999801635742188e+01
5.788999938964843750e+01
5.519999694824218750e+01
5.596999740600585938e+01
5.519999694824218750e+01
4.852999877929687500e+01
5.104999923706054688e+01
4.965999984741210938e+01
5.563999938964843750e+01
5.518999862670898438e+01
5.455999755859375000e+01
5.490999984741210938e+01
5.502000045776367188e+01
5.593999862670898438e+01
6.206999969482421875e+01
6.313999938964843750e+01
6.347999954223632812e+01
6.392999649047851562e+01
6.360999679565429688e+01
6.347999954223632812e+01
6.423999786376953125e+01
6.392999649047851562e+01
6.429000091552734375e+01
6.431999969482421875e+01
6.427999877929687500e+01
6.426000213623046875e+01
6.466999816894531250e+01
6.488999938964843750e+01
6.461000061035156250e+01
6.422999572753906250e+01
6.541999816894531250e+01
6.590000152587890625e+01
6.490000152587890625e+01
6.559999847412109375e+01
6.541999816894531250e+01
6.559999847412109375e+01
6.516999816894531250e+01
6.533000183105468750e+01
6.544999694824218750e+01
6.468999481201171875e+01
6.651999664306640625e+01
6.597000122070312500e+01
6.595999908447265625e+01
6.577999877929687500e+01
6.661000061035156250e+01
6.484999847412109375e+01
6.651999664306640625e+01
6.641999816894531250e+01
6.547999572753906250e+01
6.580999755859375000e+01
6.736999511718750000e+01
6.670999908447265625e+01
6.659999847412109375e+01
6.652999877929687500e+01
6.633000183105468750e+01
6.590000152587890625e+01
6.654999542236328125e+01
6.694999694824218750e+01
6.604999542236328125e+01
6.663999938964843750e+01
6.675999450683593750e+01
6.711999511718750000e+01
6.648999786376953125e+01
6.658000183105468750e+01
6.750000000000000000e+01
6.715999603271484375e+01
6.733000183105468750e+01
6.738999938964843750e+01
6.741999816894531250e+01
6.747000122070312500e+01
6.779999542236328125e+01
6.756999969482421875e+01
6.729999542236328125e+01
6.748999786376953125e+01
6.734999847412109375e+01
6.736000061035156250e+01
6.741999816894531250e+01
6.752999877929687500e+01
6.736999511718750000e+01
6.734999847412109375e+01
6.763999938964843750e+01
6.741999816894531250e+01
6.766999816894531250e+01
6.775000000000000000e+01
6.756999969482421875e+01
6.750000000000000000e+01
6.729999542236328125e+01
6.738999938964843750e+01
6.745999908447265625e+01
6.766999816894531250e+01
6.740000152587890625e+01
6.762999725341796875e+01
6.743000030517578125e+01
6.761000061035156250e+01
6.737999725341796875e+01
6.777999877929687500e+01
6.758999633789062500e+01
6.762999725341796875e+01
6.741999816894531250e+01
6.750999450683593750e+01
6.750999450683593750e+01
6.754000091552734375e+01
6.733000183105468750e+01
6.761000061035156250e+01
6.750999450683593750e+01
6.740999603271484375e+01
6.763999938964843750e+01
6.720999908447265625e+01
6.736000061035156250e+01
6.765999603271484375e+01
6.754999542236328125e+01
6.759999847412109375e+01
6.752999877929687500e+01
6.772999572753906250e+01
