2.383963778610229678e+00
2.289578895721435359e+00
2.248391545715331841e+00
2.153102239456176736e+00
2.099413874435424709e+00
2.071395567626953316e+00
2.055269670867919896e+00
2.027079920768737775e+00
1.996658215332031361e+00
1.976406280250549319e+00
1.954870372848510840e+00
1.948761279907226474e+00
1.908331147155761798e+00
1.890406155242919883e+00
1.898868137130737210e+00
1.872020805702209412e+00
1.851752028503417913e+00
1.808634637680053725e+00
1.860813741149902389e+00
1.826701537742614789e+00
1.842837870712280335e+00
1.846049136695861792e+00
1.820013775100707942e+00
1.805794413185119573e+00
1.858313195877075108e+00
1.799717801208496004e+00
1.812554999771118114e+00
1.808968968658447363e+00
1.811316830368042030e+00
1.827514842872619560e+00
1.826796186599731531e+00
1.773757812271118173e+00
1.773309635620117231e+00
1.783492983627319228e+00
1.780166489982605071e+00
1.801009074020385681e+00
1.738999111633300787e+00
1.802480658493041954e+00
1.794908774375915561e+00
1.745386709747314358e+00
1.765062032661437907e+00
1.805473769149780194e+00
1.845476359786987208e+00
1.780373326492309616e+00
1.751061176834106448e+00
1.781565418395996137e+00
1.765592761154174850e+00
1.796729157943725674e+00
1.756034883499145494e+00
1.769663347625732408e+00
1.759846936149597196e+00
1.774965148468017562e+00
1.779847398147583082e+00
1.812070658340453999e+00
1.780300130920410062e+00
1.803556459617614793e+00
1.785540342559814420e+00
1.751596766052246013e+00
1.786236787796020575e+00
1.768830988883972166e+00
1.717324709815978956e+00
1.767043969268798920e+00
1.756077384109496986e+00
1.759161785888671892e+00
1.744630438423156793e+00
1.810311505317687919e+00
1.706546827659606969e+00
1.802865625953674389e+00
1.769831666488647537e+00
1.757719786148071339e+00
1.806489568481445263e+00
1.726182823944091727e+00
1.741758320388793857e+00
1.798128034553527765e+00
1.732733727035522531e+00
1.822408869895935091e+00
1.765706424217224013e+00
1.684094668121337790e+00
1.776497413673400860e+00
1.688097405815124574e+00
1.709460829963683981e+00
1.680464152679443268e+00
1.730823582878112887e+00
1.755749066238403211e+00
1.754912729148864647e+00
1.791956689071655173e+00
1.732890232238769590e+00
1.762274869651794473e+00
1.655071985244751076e+00
1.693732121467590224e+00
1.774654951019287052e+00
1.694035659675598104e+00
1.687303463516235391e+00
1.692369849586486730e+00
1.718618739776611282e+00
1.756454352760314919e+00
1.661418294754028357e+00
1.753526202735900874e+00
1.652288119812011624e+00
1.735011529006958098e+00
1.256736094551086369e+00
1.223446702117919838e+00
1.202660574607849142e+00
1.173467790870666549e+00
1.164518917655944730e+00
1.179209232273101815e+00
1.143219712028503476e+00
1.164379780464172454e+00
1.153957367172241177e+00
1.144144745407104535e+00
1.137122889785766588e+00
1.156375690879821727e+00
1.173855884094238355e+00
1.171531759376525983e+00
1.172114843921661320e+00
1.128388217735290633e+00
1.121784633064270009e+00
1.116990570449829079e+00
1.130352633628845194e+00
1.101552047729492223e+00
1.105692793884277325e+00
1.113357993392944278e+00
1.109018882236480819e+00
1.136324586067199771e+00
1.107709271717071564e+00
1.097349855632782090e+00
1.066538146038055412e+00
1.101004042510986380e+00
1.101071410999298061e+00
1.094124001121520973e+00
1.079478561782836854e+00
1.083625686683654887e+00
1.076017505054473800e+00
1.068499711284637499e+00
1.093988346366882247e+00
1.091647380065917883e+00
1.071756631507873481e+00
1.076322225303649960e+00
1.083558739566802931e+00
1.079813933906555112e+00
1.045542512779235933e+00
1.081558647155761665e+00
1.065073336963653583e+00
1.100436257495880144e+00
1.042410250320434661e+00
1.077301813545227027e+00
1.040261771049499462e+00
1.053402083263397238e+00
1.048063763847351115e+00
1.046129552841186472e+00
9.987414495849609164e-01
9.994773493194579750e-01
9.955799113082886009e-01
9.884537038040160928e-01
9.611345191192627313e-01
9.502766224670410322e-01
9.852560287857056176e-01
9.824464900207519058e-01
9.526306882286071920e-01
9.452323900794983302e-01
9.862661367797851408e-01
9.613134034729003963e-01
9.711124498367309510e-01
9.525431344413757273e-01
9.712523535919189710e-01
9.893008566474914556e-01
9.923485330200195742e-01
1.004950090656280492e+00
9.790879929351806732e-01
9.806382246398925862e-01
9.884680570983886971e-01
9.487165329837798922e-01
9.746522629547119676e-01
9.812861294174194393e-01
9.389370131683349996e-01
9.602528190994262802e-01
9.644087577629089081e-01
9.807789479827880852e-01
9.713313632965088207e-01
9.823395228576660143e-01
9.871790015983581412e-01
9.646828336906433377e-01
9.613137701034545346e-01
9.642122674942016358e-01
9.736157423973083036e-01
9.446994493103026969e-01
9.906578070831298932e-01
9.657924909591675267e-01
9.279113191223145041e-01
9.493946703720093083e-01
9.756141167449950968e-01
9.955644043350220240e-01
9.744479353332519134e-01
9.602196696090697925e-01
9.577418069839477299e-01
9.939161864471435237e-01
9.629249505615233851e-01
9.088028203582764197e-01
9.853604938125610779e-01
9.531813014793395489e-01
