1.266035890579223633e+01
1.194370150566101074e+01
1.197769474983215332e+01
1.209565973281860352e+01
1.182032418251037598e+01
1.192650341987609863e+01
1.211038756370544434e+01
1.215872931480407715e+01
1.186443495750427246e+01
1.150456976890563965e+01
1.197561359405517578e+01
1.226803159713745117e+01
1.232532691955566406e+01
1.228763055801391602e+01
1.227659916877746582e+01
1.217712664604187012e+01
1.203868937492370605e+01
1.235843324661254883e+01
1.209978556632995605e+01
1.224078226089477539e+01
1.228371238708496094e+01
1.202018737792968750e+01
1.186075901985168457e+01
1.185908079147338867e+01
1.192266964912414551e+01
1.178532791137695312e+01
1.216346740722656250e+01
1.191013979911804199e+01
1.173264908790588379e+01
1.198049020767211914e+01
1.148934745788574219e+01
1.174684953689575195e+01
1.193549942970275879e+01
1.182268595695495605e+01
1.170303750038146973e+01
1.204208183288574219e+01
1.235543251037597656e+01
1.207061743736267090e+01
1.205224251747131348e+01
1.216481852531433105e+01
1.206080460548400879e+01
1.213391995429992676e+01
1.200521230697631836e+01
1.233049440383911133e+01
1.201691293716430664e+01
1.194926857948303223e+01
1.212295389175415039e+01
1.185623264312744141e+01
1.201214170455932617e+01
1.206151461601257324e+01
1.223790121078491211e+01
1.225240325927734375e+01
1.159273219108581543e+01
1.223962450027465820e+01
1.228196358680725098e+01
1.185482788085937500e+01
1.204939246177673340e+01
1.185470795631408691e+01
1.193892097473144531e+01
1.211864566802978516e+01
1.205835604667663574e+01
1.208194637298583984e+01
1.180335998535156250e+01
1.179061174392700195e+01
1.217153525352478027e+01
1.202242660522460938e+01
1.202438974380493164e+01
1.184979891777038574e+01
1.222887516021728516e+01
1.232660436630249023e+01
1.177321791648864746e+01
1.163315534591674805e+01
1.201421141624450684e+01
1.201426744461059570e+01
1.220868420600891113e+01
1.221750044822692871e+01
1.216406846046447754e+01
1.190677762031555176e+01
1.213613343238830566e+01
1.209097623825073242e+01
1.204647684097290039e+01
1.232258939743041992e+01
1.213081264495849609e+01
1.223046398162841797e+01
1.214530563354492188e+01
1.165647244453430176e+01
1.195821881294250488e+01
1.215762305259704590e+01
1.231568527221679688e+01
1.236753988265991211e+01
1.152143716812133789e+01
1.183123922348022461e+01
1.196063446998596191e+01
1.230926990509033203e+01
1.217141175270080566e+01
1.174142694473266602e+01
1.231875061988830566e+01
1.207989358901977539e+01
1.222327995300292969e+01
1.208517193794250488e+01
1.220567989349365234e+01
1.231316375732421875e+01
1.238830637931823730e+01
1.218620157241821289e+01
1.209578084945678711e+01
1.209314656257629395e+01
1.201038455963134766e+01
1.213841629028320312e+01
1.196344280242919922e+01
1.216693902015686035e+01
1.224712300300598145e+01
1.192816615104675293e+01
1.208983993530273438e+01
1.199637937545776367e+01
1.223337078094482422e+01
1.230526638031005859e+01
1.217760586738586426e+01
1.213843226432800293e+01
1.172465729713439941e+01
1.215462088584899902e+01
1.221011900901794434e+01
1.237678074836730957e+01
1.207028603553771973e+01
1.220080566406250000e+01
1.195344686508178711e+01
1.207615518569946289e+01
1.206617236137390137e+01
1.207574319839477539e+01
1.196697282791137695e+01
1.199487519264221191e+01
1.214306497573852539e+01
1.228111290931701660e+01
1.204096174240112305e+01
1.170106720924377441e+01
1.209578227996826172e+01
1.200701999664306641e+01
1.217778682708740234e+01
1.208002209663391113e+01
1.218287968635559082e+01
1.218604350090026855e+01
1.180558967590332031e+01
1.203657078742980957e+01
1.182806444168090820e+01
1.185530185699462891e+01
1.221981048583984375e+01
1.178384494781494141e+01
1.163873577117919922e+01
1.179931712150573730e+01
1.202632355690002441e+01
1.198816299438476562e+01
1.177606391906738281e+01
1.175735735893249512e+01
1.177225184440612793e+01
1.158293890953063965e+01
1.220952129364013672e+01
1.185227632522583008e+01
1.186745738983154297e+01
1.210001206398010254e+01
1.205178737640380859e+01
1.205481505393981934e+01
1.219093704223632812e+01
1.215604567527770996e+01
1.205525779724121094e+01
1.201480269432067871e+01
1.210388541221618652e+01
1.156026458740234375e+01
1.187346243858337402e+01
1.178752231597900391e+01
1.198373866081237793e+01
1.196689009666442871e+01
1.182342886924743652e+01
1.235893225669860840e+01
1.205311655998229980e+01
1.226315808296203613e+01
1.219834303855895996e+01
1.201783275604248047e+01
1.220529317855834961e+01
1.195493936538696289e+01
1.230035734176635742e+01
1.196410250663757324e+01
1.202440190315246582e+01
1.200228404998779297e+01
1.203553676605224609e+01
1.200595808029174805e+01
1.170738911628723145e+01
1.227947473526000977e+01
1.207690429687500000e+01
1.203387403488159180e+01
1.217300176620483398e+01
1.211221432685852051e+01
1.210608386993408203e+01
1.220133209228515625e+01
1.212735438346862793e+01
1.203619408607482910e+01
1.214523267745971680e+01
1.226255106925964355e+01
1.224358105659484863e+01
1.194309306144714355e+01
1.211926007270812988e+01
1.195440793037414551e+01
