1.241848158836364746e+01
1.176560616493225098e+01
1.175913333892822266e+01
1.180330777168273926e+01
1.165008306503295898e+01
1.175533413887023926e+01
1.186482071876525879e+01
1.180979609489440918e+01
1.177830338478088379e+01
1.140632653236389160e+01
1.186139822006225586e+01
1.191812658309936523e+01
1.197916698455810547e+01
1.200680661201477051e+01
1.194024682044982910e+01
1.199500942230224609e+01
1.184175634384155273e+01
1.209167456626892090e+01
1.186514759063720703e+01
1.197205424308776855e+01
1.198249387741088867e+01
1.179153394699096680e+01
1.178279709815979004e+01
1.175710988044738770e+01
1.186741328239440918e+01
1.177593469619750977e+01
1.197674107551574707e+01
1.171563935279846191e+01
1.164184403419494629e+01
1.181114530563354492e+01
1.149382495880126953e+01
1.161744570732116699e+01
1.191925096511840820e+01
1.174645733833312988e+01
1.133936166763305664e+01
1.195603394508361816e+01
1.206301617622375488e+01
1.180611324310302734e+01
1.185899043083190918e+01
1.199618506431579590e+01
1.202135992050170898e+01
1.190032148361206055e+01
1.184108400344848633e+01
1.203839325904846191e+01
1.190463495254516602e+01
1.184245014190673828e+01
1.194679689407348633e+01
1.178697180747985840e+01
1.184882068634033203e+01
1.191208648681640625e+01
1.200344562530517578e+01
1.199636745452880859e+01
1.138893890380859375e+01
1.201394343376159668e+01
1.203391051292419434e+01
1.186566996574401855e+01
1.180205345153808594e+01
1.166703534126281738e+01
1.175807762145996094e+01
1.198131227493286133e+01
1.196233582496643066e+01
1.182538175582885742e+01
1.171845865249633789e+01
1.165666770935058594e+01
1.180893802642822266e+01
1.184706401824951172e+01
1.187676358222961426e+01
1.184203338623046875e+01
1.197139573097229004e+01
1.207780241966247559e+01
1.166579246520996094e+01
1.160741949081420898e+01
1.197495651245117188e+01
1.192651247978210449e+01
1.199774241447448730e+01
1.199882054328918457e+01
1.200776624679565430e+01
1.174126338958740234e+01
1.199782109260559082e+01
1.195956110954284668e+01
1.187571763992309570e+01
1.203456807136535645e+01
1.177686262130737305e+01
1.193832778930664062e+01
1.200795578956604004e+01
1.165301799774169922e+01
1.187102746963500977e+01
1.187545061111450195e+01
1.206188130378723145e+01
1.207195496559143066e+01
1.128075432777404785e+01
1.174138236045837402e+01
1.181695532798767090e+01
1.193141436576843262e+01
1.206497049331665039e+01
1.159346532821655273e+01
1.207753109931945801e+01
1.198112320899963379e+01
1.199713134765625000e+01
1.189194655418395996e+01
1.206707572937011719e+01
1.206112551689147949e+01
1.203176593780517578e+01
1.205821299552917480e+01
1.203961372375488281e+01
1.190584015846252441e+01
1.198542356491088867e+01
1.197587633132934570e+01
1.182847595214843750e+01
1.196572518348693848e+01
1.196460676193237305e+01
1.183601236343383789e+01
1.193212485313415527e+01
1.186569881439208984e+01
1.189203572273254395e+01
1.193028378486633301e+01
1.195334362983703613e+01
1.189395070075988770e+01
1.144672822952270508e+01
1.190813970565795898e+01
1.191173028945922852e+01
1.196017765998840332e+01
1.178517508506774902e+01
1.192558312416076660e+01
1.174465870857238770e+01
1.195939111709594727e+01
1.197698974609375000e+01
1.188668870925903320e+01
1.191833662986755371e+01
1.187016892433166504e+01
1.186232995986938477e+01
1.195590949058532715e+01
1.178122544288635254e+01
1.168033647537231445e+01
1.186350584030151367e+01
1.172886180877685547e+01
1.190531730651855469e+01
1.188666224479675293e+01
1.190757656097412109e+01
1.200355625152587891e+01
1.172022509574890137e+01
1.189026141166687012e+01
1.169241642951965332e+01
1.174088788032531738e+01
1.197034025192260742e+01
1.158744645118713379e+01
1.150022053718566895e+01
1.167262339591979980e+01
1.189330005645751953e+01
1.191096448898315430e+01
1.170927715301513672e+01
1.169810080528259277e+01
1.174223971366882324e+01
1.156292295455932617e+01
1.200611495971679688e+01
1.188106012344360352e+01
1.173059535026550293e+01
1.192869210243225098e+01
1.201894617080688477e+01
1.183921599388122559e+01
1.195301890373229980e+01
1.186877989768981934e+01
1.197373509407043457e+01
1.198762536048889160e+01
1.195875716209411621e+01
1.151483464241027832e+01
1.176410102844238281e+01
1.166879057884216309e+01
1.178137850761413574e+01
1.195023059844970703e+01
1.177722263336181641e+01
1.209487986564636230e+01
1.173386669158935547e+01
1.198251461982727051e+01
1.187835931777954102e+01
1.175142240524291992e+01
1.183665847778320312e+01
1.189809775352478027e+01
1.201847338676452637e+01
1.167884421348571777e+01
1.182775044441223145e+01
1.182476305961608887e+01
1.194983720779418945e+01
1.175132036209106445e+01
1.145442676544189453e+01
1.202084159851074219e+01
1.181371545791625977e+01
1.174673295021057129e+01
1.192478156089782715e+01
1.194706058502197266e+01
1.185865378379821777e+01
1.191300368309020996e+01
1.197228407859802246e+01
1.178758740425109863e+01
1.199091839790344238e+01
1.191457128524780273e+01
1.201398015022277832e+01
1.169473862648010254e+01
1.189352679252624512e+01
1.181686496734619141e+01
