2.392638917388916209e+00
2.312737653732299670e+00
2.262619959793090718e+00
2.217360060920715359e+00
2.174776744041442722e+00
2.135426189079284498e+00
2.102440626678466984e+00
2.033049024543762240e+00
2.002177723312378088e+00
2.002396204948425407e+00
1.957431301078796482e+00
1.922099937782287604e+00
1.916481945114135721e+00
1.924282073020935124e+00
1.888737347869873018e+00
1.872706840934753370e+00
1.849479148864746181e+00
1.837710917358398532e+00
1.862414204025268472e+00
1.837789727172851606e+00
1.859200515365600603e+00
1.857661800689697218e+00
1.823867398796081618e+00
1.810827963562011700e+00
1.789145747909545836e+00
1.846560979919433576e+00
1.805545643997192418e+00
1.792658049011230492e+00
1.771931701889038147e+00
1.820295665321350009e+00
1.796730970268249461e+00
1.773798376159668067e+00
1.765743808746337962e+00
1.783860947799682517e+00
1.844384602355957137e+00
1.765702738342285194e+00
1.739255214767456037e+00
1.778369429702758797e+00
1.747512914695739772e+00
1.717949774131774854e+00
1.724063611602783208e+00
1.748382581329345653e+00
1.723541035308837843e+00
1.736434320640563911e+00
1.696571358757019032e+00
1.715174402160644540e+00
1.722836475296020575e+00
1.780714437637329173e+00
1.708603113975524890e+00
1.734556771278381371e+00
1.683614020118713306e+00
1.658193910827636675e+00
1.680232675132751430e+00
1.756172221603393480e+00
1.672405010986328211e+00
1.762127588729858418e+00
1.728049186782836921e+00
1.718892321281433100e+00
1.682125155601501554e+00
1.688849922828674410e+00
1.723575789756774945e+00
1.719787050628662106e+00
1.769738328552246109e+00
1.734741131744384823e+00
1.751483023147583085e+00
1.666205457839965876e+00
1.682874476013183518e+00
1.712841430435180667e+00
1.668741951675414947e+00
1.651535069808959921e+00
1.750251587524414010e+00
1.648483551368713274e+00
1.690789462089538508e+00
1.673617996559143117e+00
1.634021039161682065e+00
1.633352719345092741e+00
1.778897702865600561e+00
1.695977055778503439e+00
1.725373646621704005e+00
1.712180788345336824e+00
1.752776548728942840e+00
1.676991561546325782e+00
1.755660898056030206e+00
1.669855421524047756e+00
1.630908996925354071e+00
1.657642045974731415e+00
1.668966734809875563e+00
1.637235387954711907e+00
1.623993921051025469e+00
1.637638279342651382e+00
1.696011747932434144e+00
1.677321807632446315e+00
1.651080374412536633e+00
1.624952022438049370e+00
1.689710682716369705e+00
1.682123100204467869e+00
1.669938202514648529e+00
1.618750853042602467e+00
1.604932417411804257e+00
1.633000762863159094e+00
1.238496717796325752e+00
1.244790283317565915e+00
1.228799603462219281e+00
1.175725772476196251e+00
1.220840512275695788e+00
1.178018495464324911e+00
1.180376989135742294e+00
1.185224301223754884e+00
1.161486373367309533e+00
1.170160540504455504e+00
1.159522938575744622e+00
1.157331871643066501e+00
1.151187618236541699e+00
1.131822501068115328e+00
1.147458464069366357e+00
1.131920119743347275e+00
1.143784811096191456e+00
1.110040852432250924e+00
1.132658469429016046e+00
1.110236508750915618e+00
1.120289124307632500e+00
1.104209865798950085e+00
1.126965493717193567e+00
1.103100861587524406e+00
1.109167760009765580e+00
1.123693480186462423e+00
1.091816101608276357e+00
1.113131499767303412e+00
1.108368193130493173e+00
1.073664125995635876e+00
1.057203239402771056e+00
1.101669014167785621e+00
1.063892012290954536e+00
1.090583981513977063e+00
1.082529881134033145e+00
1.078169926090240427e+00
1.085276161174774101e+00
1.053628079051971422e+00
1.066319645948410111e+00
1.057643134498596149e+00
1.076051386280059807e+00
1.059545502815246509e+00
1.052959661140441927e+00
1.083517881774902269e+00
1.070284332695007334e+00
1.056332234878540000e+00
1.058133156127929686e+00
1.052580681667327989e+00
1.057360216140747156e+00
1.034304106941223100e+00
9.997088761329651074e-01
9.780145672225951659e-01
1.002691563873290947e+00
9.805541046905517089e-01
9.763018611526489421e-01
1.002857905845642161e+00
9.822054677200316997e-01
9.805138016891479236e-01
9.936852907562255810e-01
9.711881722259521066e-01
9.877465683364867743e-01
9.903021685218811321e-01
9.450189853668212736e-01
9.967641578292846249e-01
9.702632586288452154e-01
1.000325420303344703e+00
9.725743090820312409e-01
9.490505204010010187e-01
9.585232799148559746e-01
9.608708679199218228e-01
9.548097756958008331e-01
9.839292424201965259e-01
9.812039281082153286e-01
9.868235872077941728e-01
9.418178285408019823e-01
9.804567834281920913e-01
9.513908820533752975e-01
9.872681037139892091e-01
9.861548981094360178e-01
9.718671921539306924e-01
9.845948609733581325e-01
9.685587762069701734e-01
9.846916961288452175e-01
9.272450823211669801e-01
9.560205512237548442e-01
9.707290488338470302e-01
9.461016989135742072e-01
9.771989852905272889e-01
9.681200738906859948e-01
9.918008341979980269e-01
9.687681063842773499e-01
9.867206771278381749e-01
9.600601372528075883e-01
9.824113271713257323e-01
9.827855192947387852e-01
9.405354563140868596e-01
1.012164560718536332e+00
9.808535881423949832e-01
9.544355794525146708e-01
9.473712726974486964e-01
