2.036304473876953125e-01
2.278170585632324219e-01
2.206428050994873047e-01
2.186002731323242188e-01
2.307398319244384766e-01
2.126057147979736328e-01
2.079288959503173828e-01
2.317800521850585938e-01
2.132303714752197266e-01
1.703376770019531250e-01
2.265503406524658203e-01
2.507953643798828125e-01
2.546496391296386719e-01
2.407751083374023438e-01
2.524902820587158203e-01
2.315855026245117188e-01
2.128593921661376953e-01
2.319345474243164062e-01
1.901671886444091797e-01
2.298614978790283203e-01
2.528145313262939453e-01
2.264707088470458984e-01
2.135155200958251953e-01
1.996016502380371094e-01
2.270727157592773438e-01
1.795368194580078125e-01
2.257053852081298828e-01
2.720973491668701172e-01
2.070672512054443359e-01
2.504971027374267578e-01
1.963748931884765625e-01
1.696283817291259766e-01
2.266609668731689453e-01
2.039091587066650391e-01
1.996743679046630859e-01
2.072577476501464844e-01
2.724280357360839844e-01
2.007191181182861328e-01
1.908190250396728516e-01
2.517998218536376953e-01
2.034795284271240234e-01
2.241330146789550781e-01
2.149140834808349609e-01
2.496905326843261719e-01
2.239322662353515625e-01
2.295331954956054688e-01
2.517337799072265625e-01
1.948142051696777344e-01
2.081456184387207031e-01
2.295062541961669922e-01
2.015538215637207031e-01
2.274315357208251953e-01
2.247276306152343750e-01
2.472429275512695312e-01
2.394125461578369141e-01
1.900897026062011719e-01
1.876232624053955078e-01
1.984627246856689453e-01
2.207441329956054688e-01
2.212188243865966797e-01
2.365694046020507812e-01
2.503368854522705078e-01
1.996576786041259766e-01
1.922495365142822266e-01
2.207520008087158203e-01
2.379460334777832031e-01
2.194337844848632812e-01
1.942567825317382812e-01
2.214529514312744141e-01
2.293837070465087891e-01
2.163064479827880859e-01
2.432289123535156250e-01
2.299735546112060547e-01
2.260358333587646484e-01
2.563405036926269531e-01
1.992065906524658203e-01
2.073562145233154297e-01
2.282292842864990234e-01
2.326860427856445312e-01
1.849505901336669922e-01
1.867346763610839844e-01
2.163448333740234375e-01
1.992845535278320312e-01
2.088534832000732422e-01
2.251279354095458984e-01
1.940460205078125000e-01
1.962547302246093750e-01
2.078123092651367188e-01
2.259721755981445312e-01
2.314269542694091797e-01
2.033677101135253906e-01
2.016265392303466797e-01
2.078120708465576172e-01
2.243425846099853516e-01
2.224588394165039062e-01
1.842041015625000000e-01
2.237834930419921875e-01
2.472226619720458984e-01
2.350108623504638672e-01
2.314500808715820312e-01
2.172164916992187500e-01
2.239181995391845703e-01
2.490165233612060547e-01
2.349791526794433594e-01
2.337543964385986328e-01
2.114694118499755859e-01
2.065625190734863281e-01
2.309122085571289062e-01
2.090773582458496094e-01
2.695615291595458984e-01
2.323005199432373047e-01
2.271597385406494141e-01
2.286283969879150391e-01
2.229068279266357422e-01
2.321527004241943359e-01
2.482857704162597656e-01
2.038094997406005859e-01
2.075879573822021484e-01
1.692507266998291016e-01
2.442705631256103516e-01
2.302067279815673828e-01
2.032446861267089844e-01
2.194199562072753906e-01
2.517995834350585938e-01
1.762335300445556641e-01
2.282032966613769531e-01
2.095804214477539062e-01
2.502808570861816406e-01
2.082519531250000000e-01
1.881644725799560547e-01
2.586801052093505859e-01
2.334721088409423828e-01
1.974401473999023438e-01
2.018039226531982422e-01
2.317590713500976562e-01
2.268226146697998047e-01
2.235183715820312500e-01
2.199432849884033203e-01
2.129788398742675781e-01
2.768931388854980469e-01
2.097890377044677734e-01
2.137119770050048828e-01
2.091479301452636719e-01
2.127854824066162109e-01
2.217650413513183594e-01
1.489903926849365234e-01
2.012898921966552734e-01
2.319438457489013672e-01
2.425212860107421875e-01
2.605075836181640625e-01
2.203037738800048828e-01
1.896040439605712891e-01
1.882550716400146484e-01
1.730787754058837891e-01
2.770283222198486328e-01
2.072427272796630859e-01
1.888992786407470703e-01
2.310090065002441406e-01
2.154672145843505859e-01
2.410364151000976562e-01
2.212522029876708984e-01
2.372975349426269531e-01
2.205872535705566406e-01
2.313203811645507812e-01
2.312061786651611328e-01
2.328908443450927734e-01
2.140679359436035156e-01
1.965520381927490234e-01
2.262830734252929688e-01
2.311761379241943359e-01
2.128486633300781250e-01
2.734339237213134766e-01
1.961474418640136719e-01
2.251486778259277344e-01
1.914374828338623047e-01
2.056095600128173828e-01
2.460289001464843750e-01
2.213914394378662109e-01
2.777309417724609375e-01
1.785137653350830078e-01
2.428050041198730469e-01
2.292020320892333984e-01
2.317042350769042969e-01
2.166097164154052734e-01
2.181026935577392578e-01
2.415375709533691406e-01
2.099723815917968750e-01
2.147066593170166016e-01
2.114171981811523438e-01
2.100746631622314453e-01
2.078001499176025391e-01
2.400977611541748047e-01
2.290699481964111328e-01
2.006216049194335938e-01
2.360439300537109375e-01
2.235047817230224609e-01
2.339351177215576172e-01
1.800880432128906250e-01
2.458684444427490234e-01
2.255318164825439453e-01
