2.388922983322143700e+00
2.302568982315063462e+00
2.231359191665649444e+00
2.195143188476562646e+00
2.132167249755859473e+00
2.099443706741332960e+00
2.075102751235962106e+00
2.024289961013793882e+00
1.978881846008300860e+00
1.956840810165405342e+00
1.925477663040161103e+00
1.899806818809509190e+00
1.899416113662719674e+00
1.862572283020019537e+00
1.873220383415222123e+00
1.879754426155090252e+00
1.867575208702087375e+00
1.858453628692626980e+00
1.851853956565856940e+00
1.843549870986938455e+00
1.851215741767883394e+00
1.825219509735107382e+00
1.827833431091308691e+00
1.832933445129394601e+00
1.827182129173278824e+00
1.870622819633483980e+00
1.798404216156005875e+00
1.809569729995727627e+00
1.806988742065429587e+00
1.811128039932250910e+00
1.815774634170532309e+00
1.767278869094848659e+00
1.754312473487853907e+00
1.763541989059448145e+00
1.778084758262634235e+00
1.762696563606262146e+00
1.766252112770080540e+00
1.768818295135498042e+00
1.761071656799316321e+00
1.742266354522705063e+00
1.737816706848144488e+00
1.756332790527343812e+00
1.715999299430847058e+00
1.729882353553771956e+00
1.736681243896484483e+00
1.771362812728881853e+00
1.739730709037780709e+00
1.703121853485107362e+00
1.719750115013122471e+00
1.681476100120544492e+00
1.769771259574890232e+00
1.652068619003295824e+00
1.754553663787841833e+00
1.642088614234924249e+00
1.661068528900146557e+00
1.695570380859374948e+00
1.698870379371643091e+00
1.731145664062500034e+00
1.680803890953064039e+00
1.678443651428222605e+00
1.644052562179565413e+00
1.677444164276123084e+00
1.721411334114074654e+00
1.697031339073181044e+00
1.611752358360290627e+00
1.739979879570007215e+00
1.698679985694885319e+00
1.682271514587402317e+00
1.662231614608764563e+00
1.679529078025817856e+00
1.742086023826599162e+00
1.650010398254394550e+00
1.740767863540649385e+00
1.636785700607299887e+00
1.670766047744751015e+00
1.718499171218871968e+00
1.705292539825439491e+00
1.692589603576660107e+00
1.685518718376159741e+00
1.646519574356079207e+00
1.762406163215637145e+00
1.620653834457397524e+00
1.672365470428466727e+00
1.649977326469421302e+00
1.664777825012206947e+00
1.728441412506103614e+00
1.666872207794189542e+00
1.681648790512084934e+00
1.676743371391296478e+00
1.666963501510620116e+00
1.624915079536437990e+00
1.745360000801086331e+00
1.667135990829467840e+00
1.642380546035766553e+00
1.622019346466064382e+00
1.718953716697692924e+00
1.636619540252685523e+00
1.639912342529296962e+00
1.665080787010192909e+00
1.572827369842529244e+00
1.258544206275939992e+00
1.224689652709960885e+00
1.210682430725097625e+00
1.223399956970214753e+00
1.211757973594665527e+00
1.211765174331665085e+00
1.239573751754760700e+00
1.221285235481262221e+00
1.211074077186584441e+00
1.176104838752746629e+00
1.194682299690246641e+00
1.208882472229003913e+00
1.209671252365112304e+00
1.211117905120849603e+00
1.174908196601867738e+00
1.220754096450805681e+00
1.204186797714233315e+00
1.203112633399963327e+00
1.200079520797729504e+00
1.195722279777526875e+00
1.165301238861083943e+00
1.179143878326416095e+00
1.164264959983825731e+00
1.170178083515167167e+00
1.185072849273681728e+00
1.148233437194824180e+00
1.167847722320556558e+00
1.193981681957244856e+00
1.173456543273925679e+00
1.162564774093628017e+00
1.153942576541900689e+00
1.175160768737792960e+00
1.168509760665893626e+00
1.131140902481079014e+00
1.135382090873718219e+00
1.150822903785705620e+00
1.158646585922241234e+00
1.169483032951355028e+00
1.120659891052246060e+00
1.146451990718841518e+00
1.170770314140319845e+00
1.102800425262451256e+00
1.129594017505645809e+00
1.105477837600707947e+00
1.146238869705200170e+00
1.142923047256469760e+00
1.134077581901550280e+00
1.092371916427612222e+00
1.111946986007690485e+00
1.142508155174255302e+00
1.087421111030578702e+00
1.049584501533508352e+00
1.024562531166076651e+00
1.088601003532409628e+00
1.049054461555480877e+00
1.018722282714843663e+00
1.042344064140319881e+00
1.046793277530670085e+00
1.036864031887054338e+00
1.064631468849182028e+00
1.048989261722564681e+00
1.048892662181854174e+00
1.046062908840179384e+00
1.080960882015228330e+00
1.079807899703979501e+00
1.042079879837036094e+00
1.035195587253570526e+00
1.045508617172241195e+00
1.042945531558990391e+00
1.050337247505187976e+00
1.026705476207733225e+00
1.046158799247741689e+00
1.050280033836364701e+00
1.025391869964599634e+00
1.040864198589324996e+00
1.063463294448852459e+00
1.041165924491882278e+00
1.047311709880828889e+00
1.024343055076599063e+00
1.024621413793563862e+00
1.028729732627868598e+00
1.018523990783691380e+00
1.029329583435058648e+00
1.060265660724639902e+00
9.975764806175232424e-01
1.051765114364624054e+00
1.039670410957336477e+00
1.048937780723571800e+00
1.013562014293670543e+00
1.037108399829864469e+00
1.032028911647796532e+00
1.033969514827728364e+00
1.028537853889465392e+00
1.036429274864196781e+00
1.024663811511993483e+00
1.030298354797363203e+00
1.036651841793060358e+00
1.059590550765991290e+00
1.046798380355834945e+00
1.035519954109191954e+00
