1.000000000000000000e+01
1.307999992370605469e+01
1.681999969482421875e+01
2.126999855041503906e+01
2.247999954223632812e+01
2.752999877929687500e+01
2.944999885559082031e+01
3.336000061035156250e+01
3.502000045776367188e+01
3.655999755859375000e+01
3.627000045776367188e+01
3.943000030517578125e+01
3.730999755859375000e+01
3.943999862670898438e+01
3.659999847412109375e+01
4.055999755859375000e+01
3.568000030517578125e+01
4.268000030517578125e+01
4.202000045776367188e+01
4.123999786376953125e+01
4.412999725341796875e+01
4.165999984741210938e+01
4.361999893188476562e+01
4.075000000000000000e+01
4.578999710083007812e+01
4.318999862670898438e+01
4.346999740600585938e+01
4.456999969482421875e+01
4.380999755859375000e+01
4.477999877929687500e+01
4.463999938964843750e+01
4.236999893188476562e+01
4.280999755859375000e+01
4.725999832153320312e+01
4.586999893188476562e+01
4.459000015258789062e+01
4.868000030517578125e+01
4.769999694824218750e+01
4.718999862670898438e+01
4.461999893188476562e+01
3.047999954223632812e+01
4.981999969482421875e+01
4.587999725341796875e+01
4.300999832153320312e+01
4.734999847412109375e+01
4.727000045776367188e+01
4.518999862670898438e+01
4.828999710083007812e+01
3.313999938964843750e+01
5.240999984741210938e+01
5.059999847412109375e+01
4.759000015258789062e+01
5.184999847412109375e+01
5.119999694824218750e+01
4.836000061035156250e+01
5.343000030517578125e+01
4.415999984741210938e+01
5.059999847412109375e+01
4.839999771118164062e+01
4.995999908447265625e+01
4.984000015258789062e+01
5.182999801635742188e+01
5.256999969482421875e+01
4.611000061035156250e+01
5.172999954223632812e+01
4.354999923706054688e+01
5.327000045776367188e+01
5.335999679565429688e+01
5.514999771118164062e+01
5.444999694824218750e+01
5.521999740600585938e+01
5.363999938964843750e+01
5.579999923706054688e+01
5.397999954223632812e+01
4.056999969482421875e+01
4.747999954223632812e+01
4.950000000000000000e+01
4.021999740600585938e+01
5.318000030517578125e+01
4.750999832153320312e+01
5.489999771118164062e+01
5.512999725341796875e+01
5.456999969482421875e+01
5.402000045776367188e+01
4.981999969482421875e+01
5.375999832153320312e+01
5.543999862670898438e+01
5.388999938964843750e+01
5.784000015258789062e+01
5.537999725341796875e+01
5.425999832153320312e+01
5.657999801635742188e+01
5.336999893188476562e+01
5.700000000000000000e+01
5.086999893188476562e+01
5.819999694824218750e+01
5.822999954223632812e+01
5.693000030517578125e+01
5.641999816894531250e+01
5.569999694824218750e+01
6.455999755859375000e+01
6.508000183105468750e+01
6.591999816894531250e+01
6.591999816894531250e+01
6.563999938964843750e+01
6.570999908447265625e+01
6.675000000000000000e+01
6.629999542236328125e+01
6.641999816894531250e+01
6.665999603271484375e+01
6.598999786376953125e+01
6.652999877929687500e+01
6.616999816894531250e+01
6.695999908447265625e+01
6.676999664306640625e+01
6.683999633789062500e+01
6.694999694824218750e+01
6.722000122070312500e+01
6.716999816894531250e+01
6.744999694824218750e+01
6.744999694824218750e+01
6.702999877929687500e+01
6.777999877929687500e+01
6.738999938964843750e+01
6.791999816894531250e+01
6.797000122070312500e+01
6.815999603271484375e+01
6.798999786376953125e+01
6.831999969482421875e+01
6.825999450683593750e+01
6.829999542236328125e+01
6.762999725341796875e+01
6.815999603271484375e+01
6.804000091552734375e+01
6.797000122070312500e+01
6.822000122070312500e+01
6.816999816894531250e+01
6.827999877929687500e+01
6.790000152587890625e+01
6.873999786376953125e+01
6.838999938964843750e+01
6.872000122070312500e+01
6.851999664306640625e+01
6.906999969482421875e+01
6.831999969482421875e+01
6.833000183105468750e+01
6.887999725341796875e+01
6.925000000000000000e+01
6.855999755859375000e+01
6.872999572753906250e+01
6.934999847412109375e+01
6.952999877929687500e+01
6.943000030517578125e+01
6.940000152587890625e+01
6.943000030517578125e+01
6.933000183105468750e+01
6.937999725341796875e+01
6.943999481201171875e+01
6.929000091552734375e+01
6.930999755859375000e+01
6.941999816894531250e+01
6.947999572753906250e+01
6.955999755859375000e+01
6.983000183105468750e+01
6.965999603271484375e+01
6.954000091552734375e+01
6.940999603271484375e+01
6.933000183105468750e+01
6.926999664306640625e+01
6.961000061035156250e+01
6.965000152587890625e+01
6.947999572753906250e+01
6.952999877929687500e+01
6.933000183105468750e+01
6.955999755859375000e+01
6.955999755859375000e+01
6.958999633789062500e+01
6.947000122070312500e+01
6.965000152587890625e+01
6.986999511718750000e+01
6.954000091552734375e+01
6.947999572753906250e+01
6.950999450683593750e+01
6.980999755859375000e+01
6.969999694824218750e+01
6.944999694824218750e+01
6.973999786376953125e+01
6.963999938964843750e+01
6.963999938964843750e+01
6.948999786376953125e+01
6.965000152587890625e+01
6.954999542236328125e+01
6.950000000000000000e+01
6.984999847412109375e+01
6.952999877929687500e+01
6.947999572753906250e+01
6.958000183105468750e+01
6.929999542236328125e+01
6.936999511718750000e+01
6.929999542236328125e+01
