2.038455009460449219e-01
2.280616760253906250e-01
2.208025455474853516e-01
2.188863754272460938e-01
2.309575080871582031e-01
2.129104137420654297e-01
2.081034183502197266e-01
2.320845127105712891e-01
2.134294509887695312e-01
1.705024242401123047e-01
2.269055843353271484e-01
2.512059211730957031e-01
2.549874782562255859e-01
2.409989833831787109e-01
2.528042793273925781e-01
2.319598197937011719e-01
2.130424976348876953e-01
2.321648597717285156e-01
1.903839111328125000e-01
2.301361560821533203e-01
2.532162666320800781e-01
2.267546653747558594e-01
2.137482166290283203e-01
1.998724937438964844e-01
2.274153232574462891e-01
1.797034740447998047e-01
2.259106636047363281e-01
2.724528312683105469e-01
2.074971199035644531e-01
2.507979869842529297e-01
1.965417861938476562e-01
1.698300838470458984e-01
2.263958454132080078e-01
2.043714523315429688e-01
1.999342441558837891e-01
2.073752880096435547e-01
2.728853225708007812e-01
2.009880542755126953e-01
1.907975673675537109e-01
2.521116733551025391e-01
2.038612365722656250e-01
2.246646881103515625e-01
2.152819633483886719e-01
2.500293254852294922e-01
2.241320610046386719e-01
2.297549247741699219e-01
2.518298625946044922e-01
1.949510574340820312e-01
2.083613872528076172e-01
2.297489643096923828e-01
2.018446922302246094e-01
2.275545597076416016e-01
2.251462936401367188e-01
2.474138736724853516e-01
2.396996021270751953e-01
1.903254985809326172e-01
1.873717308044433594e-01
1.986353397369384766e-01
2.210276126861572266e-01
2.214829921722412109e-01
2.369177341461181641e-01
2.514538764953613281e-01
1.998500823974609375e-01
1.924123764038085938e-01
2.208240032196044922e-01
2.382519245147705078e-01
2.198693752288818359e-01
1.945269107818603516e-01
2.218000888824462891e-01
2.295925617218017578e-01
2.166361808776855469e-01
2.434589862823486328e-01
2.302417755126953125e-01
2.262642383575439453e-01
2.567231655120849609e-01
1.994504928588867188e-01
2.075784206390380859e-01
2.285113334655761719e-01
2.331421375274658203e-01
1.851611137390136719e-01
1.872823238372802734e-01
2.167053222656250000e-01
1.996712684631347656e-01
2.091739177703857422e-01
2.254383563995361328e-01
1.944823265075683594e-01
1.958932876586914062e-01
2.081854343414306641e-01
2.263426780700683594e-01
2.314984798431396484e-01
2.037632465362548828e-01
2.019762992858886719e-01
2.077286243438720703e-01
2.245674133300781250e-01
2.227067947387695312e-01
1.842889785766601562e-01
2.240984439849853516e-01
2.473740577697753906e-01
2.353463172912597656e-01
2.317128181457519531e-01
2.174837589263916016e-01
2.241897583007812500e-01
2.496964931488037109e-01
2.350413799285888672e-01
2.336776256561279297e-01
2.117605209350585938e-01
2.066197395324707031e-01
2.312140464782714844e-01
2.093725204467773438e-01
2.697694301605224609e-01
2.322676181793212891e-01
2.274217605590820312e-01
2.289338111877441406e-01
2.232434749603271484e-01
2.324965000152587891e-01
2.486028671264648438e-01
2.038552761077880859e-01
2.077994346618652344e-01
1.694898605346679688e-01
2.444281578063964844e-01
2.310919761657714844e-01
2.034542560577392578e-01
2.193334102630615234e-01
2.516360282897949219e-01
1.763970851898193359e-01
2.284152507781982422e-01
2.097232341766357422e-01
2.506411075592041016e-01
2.085502147674560547e-01
1.883161067962646484e-01
2.592644691467285156e-01
2.338824272155761719e-01
1.973271369934082031e-01
2.021353244781494141e-01
2.321064472198486328e-01
2.265720367431640625e-01
2.239220142364501953e-01
2.197165489196777344e-01
2.132062911987304688e-01
2.772550582885742188e-01
2.099173069000244141e-01
2.139475345611572266e-01
2.093772888183593750e-01
2.131259441375732422e-01
2.220473289489746094e-01
1.491351127624511719e-01
2.014458179473876953e-01
2.321932315826416016e-01
2.429313659667968750e-01
2.607440948486328125e-01
2.217886447906494141e-01
1.899940967559814453e-01
1.883649826049804688e-01
1.731994152069091797e-01
2.775030136108398438e-01
2.075481414794921875e-01
1.890852451324462891e-01
2.313179969787597656e-01
2.156693935394287109e-01
2.412872314453125000e-01
2.215845584869384766e-01
2.376177310943603516e-01
2.208645343780517578e-01
2.314846515655517578e-01
2.315061092376708984e-01
2.330837249755859375e-01
2.143900394439697266e-01
1.968224048614501953e-01
2.265934944152832031e-01
2.313954830169677734e-01
2.131044864654541016e-01
2.738280296325683594e-01
1.964828968048095703e-01
2.254581451416015625e-01
1.913211345672607422e-01
2.058606147766113281e-01
2.463202476501464844e-01
2.217144966125488281e-01
2.780466079711914062e-01
1.786210536956787109e-01
2.433125972747802734e-01
2.295410633087158203e-01
2.320129871368408203e-01
2.168276309967041016e-01
2.183108329772949219e-01
2.417457103729248047e-01
2.101588249206542969e-01
2.150232791900634766e-01
2.116796970367431641e-01
2.103288173675537109e-01
2.080807685852050781e-01
2.404668331146240234e-01
2.287781238555908203e-01
2.009429931640625000e-01
2.363359928131103516e-01
2.237756252288818359e-01
2.340629100799560547e-01
1.804270744323730469e-01
2.461974620819091797e-01
2.258336544036865234e-01
