2.398526230316162078e+00
2.297553695297241294e+00
2.229569059524536101e+00
2.169904981689453116e+00
2.109269359130859556e+00
2.067855771102905305e+00
2.018529112701416217e+00
2.028782182998657202e+00
1.967343503456115750e+00
1.989308189392089865e+00
1.937255796279907294e+00
1.917668122291565025e+00
1.917337854309081990e+00
1.916224792022705126e+00
1.883808138389587494e+00
1.871083847770690811e+00
1.912255597877502433e+00
1.858376277160644463e+00
1.875378634300231884e+00
1.860099462203979481e+00
1.827667756500244156e+00
1.855126556396484272e+00
1.837518563156127938e+00
1.851987593765258788e+00
1.846589418792724535e+00
1.823560523338317862e+00
1.831846283912658802e+00
1.776225884704589753e+00
1.824991230201721271e+00
1.811859024887084946e+00
1.792018213272094762e+00
1.840188716659545864e+00
1.767469141845703140e+00
1.804608408355712790e+00
1.826967029685974131e+00
1.750764697494506805e+00
1.738869794692993187e+00
1.813460057640075673e+00
1.801621632652282701e+00
1.748712715873718349e+00
1.843599770584106512e+00
1.773809040374755952e+00
1.757413862915039093e+00
1.695555040550231984e+00
1.783498348236083997e+00
1.760467117805480930e+00
1.739988824996948180e+00
1.753354276962280300e+00
1.778209578475952179e+00
1.779239640846252524e+00
1.748957536163330051e+00
1.806861146621704162e+00
1.745250930633544861e+00
1.740275702896118215e+00
1.766834654579162667e+00
1.718435751647949150e+00
1.791408301849365170e+00
1.755930956954956157e+00
1.765547876968383889e+00
1.726638786811828696e+00
1.699124755477905202e+00
1.810770971298217846e+00
1.789429964599609457e+00
1.813900776443481355e+00
1.719674648170471221e+00
1.749853012504577698e+00
1.698597880592346288e+00
1.776134245414733970e+00
1.705966912460327167e+00
1.680457810935974017e+00
1.716628542442321770e+00
1.674964604797363199e+00
1.725366693954467845e+00
1.760326301574707042e+00
1.665714457321167075e+00
1.769851116981506323e+00
1.674027940940856940e+00
1.767298509597778233e+00
1.713636132354736219e+00
1.786742654418945309e+00
1.711316995735168378e+00
1.761595027389526447e+00
1.800300171508788960e+00
1.748520161895751990e+00
1.712526936912536657e+00
1.829539876632690465e+00
1.698223906517028814e+00
1.761054274520873930e+00
1.685256631813049299e+00
1.656002173767089802e+00
1.725689913597106884e+00
1.735694857940673907e+00
1.718490635032653868e+00
1.698693428611755429e+00
1.720110963363647549e+00
1.762131806678771895e+00
1.687229627609252880e+00
1.675835703659057652e+00
1.701864074745178312e+00
1.641787325096130346e+00
1.241250833015441923e+00
1.222031003913879310e+00
1.190067014026641834e+00
1.215398167953491315e+00
1.192319939308166488e+00
1.189890913810730089e+00
1.145591364669799717e+00
1.178018126678466837e+00
1.171857861442565873e+00
1.163384278373718272e+00
1.177681912307739331e+00
1.158212374153137159e+00
1.135090656700134204e+00
1.156727414703369039e+00
1.156362882175445472e+00
1.148963607406616294e+00
1.171409689750671390e+00
1.145702995758056675e+00
1.154031757850646933e+00
1.105743374938964907e+00
1.159456912155151453e+00
1.132334822216033876e+00
1.119095020275115981e+00
1.109957079048156769e+00
1.149272792186737169e+00
1.094071945133209267e+00
1.152031351623535205e+00
1.108183162155151447e+00
1.147850357322692805e+00
1.118149588432312047e+00
1.117064065074920620e+00
1.124884628601074299e+00
1.103741066207885702e+00
1.113772350196838401e+00
1.099623508071899458e+00
1.105802178983688266e+00
1.107071666831970225e+00
1.115913139572143553e+00
1.100430626888275087e+00
1.110599320259094247e+00
1.084537763748169015e+00
1.095921670570373596e+00
1.100440479755401713e+00
1.042112258872985864e+00
1.049821006202697804e+00
1.078905642776489149e+00
1.105027786998748818e+00
1.064562167930602987e+00
1.066319697723388638e+00
1.047538372497558656e+00
9.818121407318115557e-01
9.869098357391357101e-01
9.683998688888549866e-01
1.017493311290740943e+00
1.025634102478027332e+00
1.005310860309600818e+00
1.005227168045043973e+00
1.016422169342040993e+00
9.905905531120300367e-01
1.002864365615844688e+00
1.004953492794036896e+00
1.001619031829833917e+00
1.011258819274902354e+00
9.913127918434142538e-01
9.977695662498473617e-01
1.007097571372985945e+00
9.948278458213806186e-01
9.923920593261719159e-01
1.005872955780029221e+00
9.866476601791381862e-01
9.997085424041748380e-01
1.015308320331573588e+00
1.013101079721450803e+00
9.781111218643188110e-01
1.005117224540710508e+00
1.027406686954498216e+00
9.915650175285339873e-01
9.980237831878662202e-01
1.014060229797363322e+00
9.838850091934203679e-01
9.642087309074401924e-01
9.940014015579223816e-01
9.967060816574097037e-01
1.009544334278106748e+00
9.726264604568481964e-01
9.650034047698974327e-01
9.749113085365295195e-01
9.702521221923827710e-01
9.851028833198547385e-01
1.014197821655273390e+00
9.774275000381469347e-01
9.618295505142211432e-01
1.018961983947753946e+00
9.963090004158019486e-01
9.746713922119140117e-01
1.006815889091491778e+00
9.960774925041199213e-01
1.008325066394806013e+00
9.911975413131713930e-01
9.824016365242004278e-01
