2.031264305114746094e-01
2.280724048614501953e-01
2.208211421966552734e-01
2.189080715179443359e-01
2.309787273406982422e-01
2.129318714141845703e-01
2.081308364868164062e-01
2.320990562438964844e-01
2.134337425231933594e-01
1.705081462860107422e-01
2.269179821014404297e-01
2.512135505676269531e-01
2.550044059753417969e-01
2.410273551940917969e-01
2.528197765350341797e-01
2.319853305816650391e-01
2.130460739135742188e-01
2.321848869323730469e-01
1.903858184814453125e-01
2.301411628723144531e-01
2.532145977020263672e-01
2.267537117004394531e-01
2.137596607208251953e-01
1.998631954193115234e-01
2.274343967437744141e-01
1.797106266021728516e-01
2.259042263031005859e-01
2.724771499633789062e-01
2.075226306915283203e-01
2.508218288421630859e-01
1.965527534484863281e-01
1.698484420776367188e-01
2.264218330383300781e-01
2.043697834014892578e-01
1.999394893646240234e-01
2.073812484741210938e-01
2.729136943817138672e-01
2.009887695312500000e-01
1.907999515533447266e-01
2.521338462829589844e-01
2.038700580596923828e-01
2.246761322021484375e-01
2.153007984161376953e-01
2.500441074371337891e-01
2.241437435150146484e-01
2.297656536102294922e-01
2.518918514251708984e-01
1.949691772460937500e-01
2.083926200866699219e-01
2.297596931457519531e-01
2.018556594848632812e-01
2.275590896606445312e-01
2.251508235931396484e-01
2.474105358123779297e-01
2.397074699401855469e-01
1.903333663940429688e-01
1.873679161071777344e-01
1.986401081085205078e-01
2.210416793823242188e-01
2.214958667755126953e-01
2.369308471679687500e-01
2.514584064483642578e-01
1.998608112335205078e-01
1.924216747283935547e-01
2.208189964294433594e-01
2.382388114929199219e-01
2.198293209075927734e-01
1.945235729217529297e-01
2.218010425567626953e-01
2.296173572540283203e-01
2.166426181793212891e-01
2.434706687927246094e-01
2.302591800689697266e-01
2.262778282165527344e-01
2.567181587219238281e-01
1.994621753692626953e-01
2.076017856597900391e-01
2.285225391387939453e-01
2.331385612487792969e-01
1.851592063903808594e-01
1.872918605804443359e-01
2.167232036590576172e-01
1.996877193450927734e-01
2.091212272644042969e-01
2.254524230957031250e-01
1.945066452026367188e-01
1.959114074707031250e-01
2.081992626190185547e-01
2.263474464416503906e-01
2.315108776092529297e-01
2.037625312805175781e-01
2.019793987274169922e-01
2.077453136444091797e-01
2.245907783508300781e-01
2.227306365966796875e-01
1.843099594116210938e-01
2.241022586822509766e-01
2.473864555358886719e-01
2.353634834289550781e-01
2.317273616790771484e-01
2.174999713897705078e-01
2.241868972778320312e-01
2.497010231018066406e-01
2.350718975067138672e-01
2.336826324462890625e-01
2.117922306060791016e-01
2.066276073455810547e-01
2.312166690826416016e-01
2.093803882598876953e-01
2.697913646697998047e-01
2.322783470153808594e-01
2.274236679077148438e-01
2.289652824401855469e-01
2.232582569122314453e-01
2.324976921081542969e-01
2.486069202423095703e-01
2.038736343383789062e-01
2.078137397766113281e-01
1.694931983947753906e-01
2.444238662719726562e-01
2.310814857482910156e-01
2.034664154052734375e-01
2.193419933319091797e-01
2.516496181488037109e-01
1.764230728149414062e-01
2.284214496612548828e-01
2.097375392913818359e-01
2.506525516510009766e-01
2.085623741149902344e-01
1.883234977722167969e-01
2.592799663543701172e-01
2.338860034942626953e-01
1.973152160644531250e-01
2.021467685699462891e-01
2.321040630340576172e-01
2.265701293945312500e-01
2.238631248474121094e-01
2.197313308715820312e-01
2.132065296173095703e-01
2.772800922393798828e-01
2.099142074584960938e-01
2.139694690704345703e-01
2.093915939331054688e-01
2.131378650665283203e-01
2.220482826232910156e-01
1.491291522979736328e-01
2.014596462249755859e-01
2.322251796722412109e-01
2.429311275482177734e-01
2.607538700103759766e-01
2.218015193939208984e-01
1.900072097778320312e-01
1.883711814880371094e-01
1.732077598571777344e-01
2.775266170501708984e-01
2.075648307800292969e-01
1.890907287597656250e-01
2.313358783721923828e-01
2.156722545623779297e-01
2.412893772125244141e-01
2.215776443481445312e-01
2.376313209533691406e-01
2.208683490753173828e-01
2.314634323120117188e-01
2.315363883972167969e-01
2.330968379974365234e-01
2.144045829772949219e-01
1.968357563018798828e-01
2.265715599060058594e-01
2.313930988311767578e-01
2.131142616271972656e-01
2.738597393035888672e-01
1.964910030364990234e-01
2.254548072814941406e-01
1.913349628448486328e-01
2.058618068695068359e-01
2.463235855102539062e-01
2.217266559600830078e-01
2.780435085296630859e-01
1.786348819732666016e-01
2.433137893676757812e-01
2.295513153076171875e-01
2.320375442504882812e-01
2.168312072753906250e-01
2.183263301849365234e-01
2.417449951171875000e-01
2.101583480834960938e-01
2.150173187255859375e-01
2.116837501525878906e-01
2.103412151336669922e-01
2.080726623535156250e-01
2.404704093933105469e-01
2.287862300872802734e-01
2.009623050689697266e-01
2.363553047180175781e-01
2.238018512725830078e-01
2.340800762176513672e-01
1.804413795471191406e-01
2.462029457092285156e-01
2.258479595184326172e-01
