2.206823039054870605e+01
2.161646151542663574e+01
2.197352623939514160e+01
2.157465934753417969e+01
2.149449586868286133e+01
2.150316333770751953e+01
2.186560797691345215e+01
2.216491365432739258e+01
2.201918935775756836e+01
2.173592329025268555e+01
2.165246105194091797e+01
2.187479496002197266e+01
2.202253484725952148e+01
2.202732634544372559e+01
2.195590734481811523e+01
2.182347679138183594e+01
2.171193265914916992e+01
2.194759964942932129e+01
2.190319895744323730e+01
2.184810328483581543e+01
2.198636960983276367e+01
2.199608612060546875e+01
2.167321538925170898e+01
2.160300993919372559e+01
2.177441239356994629e+01
2.145344376564025879e+01
2.179081988334655762e+01
2.204497313499450684e+01
2.167166018486022949e+01
2.181245470046997070e+01
2.138339018821716309e+01
2.147016382217407227e+01
2.172960281372070312e+01
2.158238220214843750e+01
2.192581510543823242e+01
2.174784016609191895e+01
2.240913677215576172e+01
2.172893762588500977e+01
2.186628913879394531e+01
2.203734445571899414e+01
2.169118547439575195e+01
2.171511983871459961e+01
2.163438892364501953e+01
2.204097056388854980e+01
2.175264501571655273e+01
2.178031015396118164e+01
2.188790607452392578e+01
2.163199520111083984e+01
2.163774490356445312e+01
2.192513704299926758e+01
2.205343556404113770e+01
2.171763277053833008e+01
2.196040701866149902e+01
2.233921146392822266e+01
2.207867527008056641e+01
2.152191042900085449e+01
2.196573734283447266e+01
2.202947402000427246e+01
2.220270228385925293e+01
2.173231077194213867e+01
2.185107326507568359e+01
2.169367027282714844e+01
2.166949892044067383e+01
2.194615435600280762e+01
2.203345870971679688e+01
2.186425518989562988e+01
2.169035768508911133e+01
2.191704964637756348e+01
2.206731891632080078e+01
2.183369469642639160e+01
2.178581118583679199e+01
2.228395652770996094e+01
2.186903595924377441e+01
2.178344273567199707e+01
2.222746562957763672e+01
2.172592782974243164e+01
2.169574332237243652e+01
2.171764397621154785e+01
2.180440878868103027e+01
2.182470893859863281e+01
2.161029791831970215e+01
2.176159691810607910e+01
2.207367897033691406e+01
2.183430314064025879e+01
2.208953285217285156e+01
2.168676471710205078e+01
2.165534329414367676e+01
2.169175982475280762e+01
2.177086520195007324e+01
2.187467432022094727e+01
2.180557417869567871e+01
2.166825246810913086e+01
2.172221207618713379e+01
2.190874242782592773e+01
2.261960434913635254e+01
2.160770606994628906e+01
2.186782336235046387e+01
2.259330296516418457e+01
2.182862591743469238e+01
2.169571495056152344e+01
2.213882708549499512e+01
2.220662569999694824e+01
2.191910648345947266e+01
2.185963368415832520e+01
2.180792379379272461e+01
2.199948096275329590e+01
2.167138576507568359e+01
2.177230000495910645e+01
2.172711110115051270e+01
2.206452298164367676e+01
2.238174843788146973e+01
2.174982786178588867e+01
2.173679494857788086e+01
2.176047325134277344e+01
2.213059878349304199e+01
2.205706810951232910e+01
2.169300556182861328e+01
2.179438114166259766e+01
2.151254487037658691e+01
2.187670469284057617e+01
2.191790318489074707e+01
2.192201590538024902e+01
2.202551150321960449e+01
2.205985641479492188e+01
2.144694614410400391e+01
2.184677219390869141e+01
2.177893924713134766e+01
2.217559266090393066e+01
2.168617105484008789e+01
2.171181893348693848e+01
2.189335441589355469e+01
2.183246135711669922e+01
2.205579543113708496e+01
2.166647171974182129e+01
2.164406561851501465e+01
2.172444605827331543e+01
2.182142686843872070e+01
2.199639773368835449e+01
2.190288686752319336e+01
2.197789740562438965e+01
2.173476314544677734e+01
2.170154833793640137e+01
2.162008261680603027e+01
2.167969512939453125e+01
2.173002529144287109e+01
2.174051690101623535e+01
2.195985341072082520e+01
2.190942788124084473e+01
2.181963920593261719e+01
2.208055853843688965e+01
2.165701293945312500e+01
2.154807734489440918e+01
2.158527469635009766e+01
2.149273681640625000e+01
2.197347140312194824e+01
2.182188487052917480e+01
2.167275333404541016e+01
2.177106571197509766e+01
2.249663758277893066e+01
2.226673054695129395e+01
2.178151965141296387e+01
2.174075818061828613e+01
2.173972415924072266e+01
2.202420234680175781e+01
2.173281431198120117e+01
2.223385930061340332e+01
2.154170870780944824e+01
2.157533931732177734e+01
2.187401342391967773e+01
2.175052237510681152e+01
2.177470803260803223e+01
2.215741610527038574e+01
2.193528223037719727e+01
2.208512616157531738e+01
2.154786944389343262e+01
2.170169878005981445e+01
2.187095236778259277e+01
2.172260499000549316e+01
2.209657073020935059e+01
2.187908840179443359e+01
2.169815921783447266e+01
2.189857172966003418e+01
2.175356793403625488e+01
2.207142448425292969e+01
2.189169430732727051e+01
2.211459779739379883e+01
2.168592429161071777e+01
2.210889792442321777e+01
2.199329352378845215e+01
2.168154788017272949e+01
2.204918646812438965e+01
2.209073710441589355e+01
2.175718426704406738e+01
2.161181473731994629e+01
2.248266530036926270e+01
2.189586257934570312e+01
2.176817321777343750e+01
2.197488307952880859e+01
2.186947321891784668e+01
2.178314971923828125e+01
