2.385019706115722560e+00
2.299519293518066387e+00
2.274379405059814285e+00
2.210615003433227699e+00
2.159073854904174805e+00
2.112662182350158790e+00
2.047544030952453742e+00
2.010446322784424034e+00
1.983916267280578571e+00
1.959115924835205025e+00
1.929880947227478050e+00
1.900922192687988233e+00
1.892064250717162999e+00
1.884606726379394637e+00
1.867127625732421858e+00
1.872988982009887726e+00
1.903111244926452672e+00
1.832701770019531162e+00
1.849089208297729492e+00
1.827068043594360258e+00
1.788878116226196191e+00
1.828463302955627423e+00
1.868257857894897400e+00
1.812773254165649384e+00
1.843119785423278811e+00
1.805095889778137286e+00
1.809882714691162020e+00
1.771344653358459365e+00
1.812270533485412560e+00
1.780038017730712907e+00
1.764567769622802818e+00
1.786967244110107433e+00
1.801726097106933544e+00
1.754613791847229098e+00
1.771978919982910128e+00
1.789640796127319300e+00
1.693034453353881919e+00
1.752014681777954053e+00
1.741438687858581469e+00
1.768969736251831071e+00
1.751944066047668391e+00
1.750412974586486925e+00
1.769706549034118614e+00
1.727041263732910226e+00
1.738322954559326172e+00
1.703181135749816999e+00
1.790843103027343730e+00
1.670513504714965736e+00
1.704058654785156168e+00
1.742616479568481536e+00
1.696072761306762766e+00
1.742221321792602584e+00
1.727741785011291498e+00
1.756534222221374453e+00
1.690129287147521975e+00
1.708798078575134216e+00
1.759309835548400924e+00
1.702380116043090919e+00
1.719341893653869580e+00
1.701635421562194717e+00
1.683623110733032169e+00
1.670154029655456451e+00
1.742556992721557618e+00
1.698604415397644063e+00
1.665917991485595717e+00
1.663524960403442332e+00
1.745084410667419483e+00
1.775650137405395457e+00
1.706033844108581610e+00
1.726794415092468338e+00
1.718779651489257709e+00
1.720349773330688503e+00
1.754032080001830973e+00
1.712164395027160557e+00
1.635766921501159654e+00
1.756657652244567824e+00
1.738741457481384201e+00
1.717228190879821703e+00
1.712608574485778856e+00
1.774606181907653735e+00
1.693843522987365624e+00
1.651189342346191413e+00
1.739773710746765234e+00
1.702359880599975561e+00
1.721313334045410093e+00
1.738397877426147486e+00
1.710507826118469188e+00
1.759335179367065516e+00
1.659002513008117630e+00
1.610307999496459974e+00
1.714581908874511784e+00
1.754391793212890516e+00
1.687956941757202234e+00
1.696340546607971289e+00
1.738690777587890590e+00
1.743894164085388221e+00
1.759563471946716362e+00
1.662239641380309996e+00
1.683578373947143492e+00
1.630210035552978498e+00
1.291378171234130789e+00
1.232440099906921382e+00
1.215904727668762231e+00
1.229561857032775984e+00
1.217660950698852496e+00
1.191586148643493548e+00
1.189815154190063451e+00
1.186049855346679616e+00
1.186467045593261771e+00
1.171854178638458199e+00
1.168837681045532317e+00
1.140713796463012741e+00
1.176191432189941377e+00
1.148509096069336044e+00
1.164750666885375985e+00
1.165908494834899889e+00
1.139138393936157234e+00
1.131494683914184618e+00
1.162247776260376009e+00
1.117594017257690364e+00
1.136993763389587464e+00
1.116185781459808402e+00
1.134090852489471501e+00
1.123734351081848049e+00
1.118639714241027816e+00
1.104535281295776272e+00
1.118512158546447699e+00
1.136057848701476969e+00
1.104691222953796403e+00
1.130546322402954162e+00
1.093136417293548490e+00
1.086321220741272020e+00
1.149473984947204652e+00
1.106939545974731542e+00
1.084102421417236339e+00
1.090851491279602126e+00
1.086255972595214780e+00
1.109592101249694762e+00
1.095203806076049835e+00
1.133949803924560573e+00
1.094633885307312093e+00
1.079616326236724877e+00
1.112728242683410640e+00
1.065622325534820503e+00
1.115673558654785236e+00
1.062540484027862497e+00
1.074365509014129749e+00
1.072363693237304627e+00
1.080000642623901275e+00
1.065723782653808627e+00
1.021521300125121989e+00
1.005803324832916346e+00
1.003468256683349713e+00
1.022487691574096580e+00
1.005560107917785606e+00
9.969028200912475324e-01
1.006978574447631836e+00
1.012327431964874291e+00
9.820891135215759071e-01
1.012525415630340486e+00
1.007051546077728288e+00
9.705400144958495900e-01
9.691444983673095370e-01
9.774365310668945428e-01
1.002383662500381467e+00
1.013072928051948596e+00
9.989505241012572867e-01
9.702665110206604160e-01
9.807936098289489202e-01
1.034540370025634815e+00
9.832519379806518023e-01
9.886358465480804547e-01
9.913442268371581712e-01
1.018038921089172266e+00
1.003835563392639241e+00
9.872908467483521022e-01
9.706334826278686378e-01
9.958907316398620813e-01
9.989780457878112419e-01
9.892256448554992421e-01
1.012341093177795415e+00
1.023401583642959523e+00
9.581680946922301878e-01
9.690370773315429842e-01
1.005976174335479811e+00
9.768443751525879293e-01
9.787894035148620997e-01
9.782285833358764782e-01
9.813484292984008261e-01
9.777273262023925549e-01
9.990608117294311752e-01
9.995976600646973020e-01
9.821719578933715278e-01
1.001604592728614795e+00
1.011804887123108010e+00
1.016880436897277917e+00
9.841852775192260205e-01
9.830630952644348053e-01
9.558100425720215121e-01
9.770514020538330069e-01
