1.121599999954223570e+01
1.107199999999999918e+01
1.241599999572753887e+01
1.449600000183105486e+01
1.571200000488281212e+01
1.729600000183105379e+01
1.964799999877929793e+01
2.030400000183105291e+01
2.108800000183105539e+01
2.108799999877929565e+01
2.156800000732421907e+01
2.187199999145507689e+01
2.369599999954223790e+01
2.355199999511718900e+01
2.315199999511718687e+01
2.423999999954223483e+01
2.451199999908447325e+01
2.470399999511718647e+01
2.623999999389648607e+01
2.588799999816894370e+01
2.676800000183105510e+01
2.651199999877929514e+01
2.652800000488281285e+01
2.811200000488281248e+01
2.667199999816894618e+01
2.686400000366210961e+01
2.705599999877929562e+01
2.736000000488281358e+01
2.772800000488281214e+01
2.814400000122070367e+01
2.835199999816894589e+01
2.662399999877929702e+01
2.769599999816894709e+01
2.796799999511718582e+01
2.870399998779296880e+01
2.747200000183105573e+01
2.756799998779296956e+01
2.787200000976562464e+01
2.939199999816894504e+01
2.892800000122070259e+01
2.816000000183105456e+01
2.795199999877929642e+01
2.913600000122070455e+01
2.851199999511718630e+01
2.982399999816894365e+01
2.875199998779296706e+01
2.959999998779296959e+01
2.870400000488281123e+01
2.806399999938964740e+01
2.921600000122070284e+01
2.979200000488281219e+01
2.865599999877929704e+01
2.988800000732421935e+01
2.871999999877929710e+01
2.956799999816894697e+01
3.003199999511718588e+01
2.939199999145507647e+01
2.964800000732421736e+01
3.111999999511718684e+01
2.942399999511718889e+01
3.012800000488281427e+01
3.105600000488281154e+01
3.052799999511718809e+01
2.931199999145507817e+01
3.017599999511718778e+01
3.116800000122070458e+01
2.920000000488281344e+01
3.127999999816894672e+01
3.079999999511718656e+01
3.033599999511718792e+01
3.044800000732421807e+01
3.144000000183105570e+01
3.003199999816894561e+01
3.064000000366210941e+01
3.103999999511718855e+01
3.000000000488281415e+01
3.217599999816894751e+01
3.153599998779296953e+01
3.123199999816894490e+01
3.147199999389648539e+01
3.105599999389648502e+01
3.190399999511718576e+01
3.153600000732421904e+01
3.123200000183105374e+01
3.083199999816894632e+01
3.025600000488281083e+01
3.140799999145507826e+01
3.121599999816894666e+01
3.164799999145507670e+01
3.081600000122070426e+01
3.161599999572753816e+01
3.083199999511718659e+01
3.139199999145507647e+01
3.164799999755859261e+01
3.049599999877929690e+01
3.105599998779296911e+01
3.159999999816894700e+01
3.192000000732421938e+01
3.180799999816894541e+01
3.091199998779296720e+01
3.785599998779296982e+01
3.831999999389648792e+01
3.841599999572753887e+01
3.916799999511718511e+01
3.881600000000000250e+01
3.971199998779297147e+01
4.009600000976562484e+01
3.990399999145508048e+01
4.054399999755859341e+01
4.033599999145507553e+01
4.046400000366210747e+01
4.087999999145507957e+01
4.060799999755859346e+01
4.030400000976562325e+01
4.120000000976562404e+01
4.052799998779296686e+01
4.128000000000000114e+01
4.100800000976562387e+01
4.145600000976562427e+01
4.153600000366211020e+01
4.198399999755859113e+01
4.235200000122070207e+01
4.177599999389648389e+01
4.217599999389648247e+01
4.196800000122070173e+01
4.172800000732421921e+01
4.329600000366210821e+01
4.231999999145507729e+01
4.219200000732421785e+01
4.305599999755859386e+01
4.235199999389648440e+01
4.300800000610351503e+01
4.321599999755859045e+01
4.280000000122070247e+01
4.270400000000000063e+01
4.295999999389648139e+01
4.217600000366211077e+01
4.305599999389648502e+01
4.345599999633788713e+01
4.291199999755859551e+01
4.268800000976562359e+01
4.263999999389648110e+01
4.249599998779297039e+01
4.427199998779296664e+01
4.321600000732421876e+01
4.271999999389648650e+01
4.361599999389648730e+01
4.313600000976562399e+01
4.361599999145507667e+01
4.446399999145507564e+01
4.364799998779297141e+01
4.451199999389648099e+01
4.444800000000000040e+01
4.390400000366211231e+01
4.409599998779297181e+01
4.465599998779296698e+01
4.448000000366211282e+01
4.462399999816894791e+01
4.438399999816894592e+01
4.496000000000000085e+01
4.446399999023437744e+01
4.500800000732422035e+01
4.465599999999999881e+01
4.510400000976562751e+01
4.435200000244140739e+01
4.422399999755859312e+01
4.507200000366211157e+01
4.387199999511718573e+01
4.540799999755859062e+01
4.444799999145507741e+01
4.473599999755859358e+01
4.428800000610351617e+01
4.427199998779296664e+01
4.494399998779297078e+01
4.543999998779296590e+01
4.483200000122070605e+01
4.494400000000000261e+01
4.467199999145508116e+01
4.433599999755859500e+01
4.433600000610351799e+01
4.508800000610351333e+01
4.409599999389648417e+01
4.492799998779296544e+01
4.523199999023437812e+01
4.535999998657226229e+01
4.503999999023437795e+01
4.428799999755859318e+01
4.476800000610351304e+01
4.459200000976562706e+01
4.476799999145507769e+01
4.489599999389648133e+01
4.486399999389648485e+01
4.393599999145507695e+01
4.500799998657226553e+01
4.515199999755859039e+01
4.524800000976562586e+01
4.558399999389648372e+01
4.513600000122070099e+01
4.468800000122070060e+01
4.500800000976562387e+01
