1.322616314888000488e+01
1.263315916061401367e+01
1.267464017868041992e+01
1.261431503295898438e+01
1.260752940177917480e+01
1.265977907180786133e+01
1.265501642227172852e+01
1.270733332633972168e+01
1.282876682281494141e+01
1.273360037803649902e+01
1.270811772346496582e+01
1.273323941230773926e+01
1.269148540496826172e+01
1.273818230628967285e+01
1.271757769584655762e+01
1.268371200561523438e+01
1.271103167533874512e+01
1.276154685020446777e+01
1.287197589874267578e+01
1.275880980491638184e+01
1.277846097946166992e+01
1.270689058303833008e+01
1.280225944519042969e+01
1.274039506912231445e+01
1.283200573921203613e+01
1.276609659194946289e+01
1.269875073432922363e+01
1.272964668273925781e+01
1.272407841682434082e+01
1.281683516502380371e+01
1.277053856849670410e+01
1.276714825630187988e+01
1.270697093009948730e+01
1.277637338638305664e+01
1.276791501045227051e+01
1.275011801719665527e+01
1.270097708702087402e+01
1.276939988136291504e+01
1.273394751548767090e+01
1.271280169486999512e+01
1.275742530822753906e+01
1.281813693046569824e+01
1.277527189254760742e+01
1.271809768676757812e+01
1.271326494216918945e+01
1.272931790351867676e+01
1.277224063873291016e+01
1.278212928771972656e+01
1.281612634658813477e+01
1.270021629333496094e+01
1.280649733543395996e+01
1.279736542701721191e+01
1.279626631736755371e+01
1.274216532707214355e+01
1.279087686538696289e+01
1.275027799606323242e+01
1.270933604240417480e+01
1.270175480842590332e+01
1.273411345481872559e+01
1.274863386154174805e+01
1.280587673187255859e+01
1.277449250221252441e+01
1.274445557594299316e+01
1.276794099807739258e+01
1.275814127922058105e+01
1.281379842758178711e+01
1.271922469139099121e+01
1.275048136711120605e+01
1.271669411659240723e+01
1.279459190368652344e+01
1.279168057441711426e+01
1.279108977317810059e+01
1.274879550933837891e+01
1.278039312362670898e+01
1.274341750144958496e+01
1.278620409965515137e+01
1.272350287437438965e+01
1.277184653282165527e+01
1.278587961196899414e+01
1.276250457763671875e+01
1.271795320510864258e+01
1.276054596900939941e+01
1.271366930007934570e+01
1.274441313743591309e+01
1.279641914367675781e+01
1.279411482810974121e+01
1.274257874488830566e+01
1.284771394729614258e+01
1.271330618858337402e+01
1.273774719238281250e+01
1.278946542739868164e+01
1.282285594940185547e+01
1.276961159706115723e+01
1.273496079444885254e+01
1.272653412818908691e+01
1.270622277259826660e+01
1.270363855361938477e+01
1.276849460601806641e+01
1.274524545669555664e+01
1.277477335929870605e+01
1.275645947456359863e+01
1.275595569610595703e+01
1.275683736801147461e+01
1.273147892951965332e+01
1.272808289527893066e+01
1.272910547256469727e+01
1.271318984031677246e+01
1.273991060256958008e+01
1.270528888702392578e+01
1.271293067932128906e+01
1.281946206092834473e+01
1.290717601776123047e+01
1.279960250854492188e+01
1.266761708259582520e+01
1.268277525901794434e+01
1.274894404411315918e+01
1.276324605941772461e+01
1.278276562690734863e+01
1.270667576789855957e+01
1.274821043014526367e+01
1.277428603172302246e+01
1.279371428489685059e+01
1.275341320037841797e+01
1.274145221710205078e+01
1.278426671028137207e+01
1.276688265800476074e+01
1.276704144477844238e+01
1.277238678932189941e+01
1.270261693000793457e+01
1.272198939323425293e+01
1.269384956359863281e+01
1.276560997962951660e+01
1.272401285171508789e+01
1.273251390457153320e+01
1.276604866981506348e+01
1.279461956024169922e+01
1.278473114967346191e+01
1.271103692054748535e+01
1.273140597343444824e+01
1.271202468872070312e+01
1.270337271690368652e+01
1.274977850914001465e+01
1.271624946594238281e+01
1.280710315704345703e+01
1.274375605583190918e+01
1.275335359573364258e+01
1.272118997573852539e+01
1.280955195426940918e+01
1.277183032035827637e+01
1.280212783813476562e+01
1.274182677268981934e+01
1.272373843193054199e+01
1.277868413925170898e+01
1.276750373840332031e+01
1.275931882858276367e+01
1.276792478561401367e+01
1.273431897163391113e+01
1.272709703445434570e+01
1.271248769760131836e+01
1.280769062042236328e+01
1.276011443138122559e+01
1.272980618476867676e+01
1.279403734207153320e+01
1.271499443054199219e+01
1.270982503890991211e+01
1.278925442695617676e+01
1.275929498672485352e+01
1.284373807907104492e+01
1.275765085220336914e+01
1.276747107505798340e+01
1.274661374092102051e+01
1.273684191703796387e+01
1.273266530036926270e+01
1.276532673835754395e+01
1.272435855865478516e+01
1.283200526237487793e+01
1.279140210151672363e+01
1.274018311500549316e+01
1.274031257629394531e+01
1.273684906959533691e+01
1.276445984840393066e+01
1.274296092987060547e+01
1.275140261650085449e+01
1.271249032020568848e+01
1.271546363830566406e+01
1.273113059997558594e+01
1.271750283241271973e+01
1.275588726997375488e+01
1.279165577888488770e+01
1.269045615196228027e+01
1.272417163848876953e+01
1.274334025382995605e+01
1.277957892417907715e+01
1.268450284004211426e+01
1.279013776779174805e+01
1.274575090408325195e+01
1.272670197486877441e+01
1.279084253311157227e+01
1.272355818748474121e+01
1.273142099380493164e+01
