9.888000002441406977e+00
1.134400000244140649e+01
1.511999999572753950e+01
1.684799999877929721e+01
1.804800000244140534e+01
1.907200000183105359e+01
2.076800000244140776e+01
2.225599999938964757e+01
2.323200000244140639e+01
2.406400000488281421e+01
2.561600000122070142e+01
2.652799999816894427e+01
2.662399999816894436e+01
2.796800000183105439e+01
2.911999999755859392e+01
2.892799998779296899e+01
2.950399999145507834e+01
3.041599999755859329e+01
3.030400000183105291e+01
2.950400000122070310e+01
2.977600000183105422e+01
3.008000000122070361e+01
3.185599999389648573e+01
3.086399998779296894e+01
3.065600000732422004e+01
3.211199999511718772e+01
3.187200000183105431e+01
3.217600000366211077e+01
3.248000000732422166e+01
3.187199999755859281e+01
3.292799999816894285e+01
3.375999999145507502e+01
3.227200000183105288e+01
3.311999999511719039e+01
3.297600000122070441e+01
3.304000000122070446e+01
3.225600000488281438e+01
3.310400000488281336e+01
3.251200000244140398e+01
3.249599999145507923e+01
3.222399998779297192e+01
3.376000000122070333e+01
3.232000000122070560e+01
3.257599998779296868e+01
3.284799998779296715e+01
3.344000000488281188e+01
3.262400000183105675e+01
3.372799999145507854e+01
3.315200000366210986e+01
3.337599999755859415e+01
3.356799999755859432e+01
3.345599999145508008e+01
3.366399999511718732e+01
3.487999999145507957e+01
3.307199999511718858e+01
3.319999999816894842e+01
3.360000000122069963e+01
3.358400000122070139e+01
3.462399998779297050e+01
3.339200000122070122e+01
3.444799999816894598e+01
3.401600000488281239e+01
3.473599998779296527e+01
3.292800000366210611e+01
3.452799999572754075e+01
3.340799999908447404e+01
3.403199999511718943e+01
3.409600000488281069e+01
3.454400000610351640e+01
3.443199999145507917e+01
3.475200000366211128e+01
3.451200000366210929e+01
3.392000000732421938e+01
3.491200000122070435e+01
3.449599999511718806e+01
3.393600000732421762e+01
3.521599999816894666e+01
3.487999999816894814e+01
3.587200000122070520e+01
3.553600000488281552e+01
3.465599999145507581e+01
3.444800000183105482e+01
3.412800000183105453e+01
3.513599999023437448e+01
3.515199999511718687e+01
3.377599999816894183e+01
3.548799999816894513e+01
3.385599999511718750e+01
3.601599999145507525e+01
3.345599999755859244e+01
3.481599998779297067e+01
3.460799999145508110e+01
3.791999999145507871e+01
3.558400000732422086e+01
3.571199999877929798e+01
3.694400000366211145e+01
3.540799999755859062e+01
3.574400000732421745e+01
3.638399999755859682e+01
3.588800000732421580e+01
4.390400000000000347e+01
4.411200000122070009e+01
4.512000000732422222e+01
4.454399998779297221e+01
4.572799999389648207e+01
4.598400000366211060e+01
4.540799998779296942e+01
4.620799999023437721e+01
4.607999999999999829e+01
4.601599999389648588e+01
4.694399999633789378e+01
4.636800000976562330e+01
4.654400000366211287e+01
4.654399998779297221e+01
4.742400000366210833e+01
4.769599999755859443e+01
4.724800000366210639e+01
4.726399999389648343e+01
4.748799999023437834e+01
4.646399999633788980e+01
4.798399998779296993e+01
4.787199999755859636e+01
4.928000000000000114e+01
4.841599999999999682e+01
4.835199999023437556e+01
4.860800000976562529e+01
4.726400000000000290e+01
4.857599999755859699e+01
4.910399999389648684e+01
4.849600000000000222e+01
4.886399998657226718e+01
4.843199999389648269e+01
4.905600000976562569e+01
4.935999999389648707e+01
4.852799999389648633e+01
4.886399999389648485e+01
4.895999999633789201e+01
4.982399999023437687e+01
4.929599999999999937e+01
4.982400000976562637e+01
4.862399999633789349e+01
4.961599999816894524e+01
5.001600000366210708e+01
4.936000000366210827e+01
4.926400000976562410e+01
4.935999999389648707e+01
4.926400000732422058e+01
4.982399999389648571e+01
4.892800000244140790e+01
5.019200000000000017e+01
5.134399999633789236e+01
5.073599999389648474e+01
5.108800000732421864e+01
5.039999999267578090e+01
5.107199999023437442e+01
5.110400000732421688e+01
5.068799999023437408e+01
5.092799999023437607e+01
5.183999998657226627e+01
5.110400000366210804e+01
5.031999998657226314e+01
5.134400000976562239e+01
5.081599999633789366e+01
5.063999999633789173e+01
5.065600000366210764e+01
5.059200000976562706e+01
5.139200000366211185e+01
5.068800000000000239e+01
5.076800000976562188e+01
5.124799998779296573e+01
5.124800001464844001e+01
5.148799999999999955e+01
5.124799999999999756e+01
5.092799999999999727e+01
5.083200000000000074e+01
5.084800000610351844e+01
5.104000000366210799e+01
5.100800000610351503e+01
5.115200000122070634e+01
5.148799999755859602e+01
5.123199999023437812e+01
5.043200000366211100e+01
5.092800000366210611e+01
5.119999999389648337e+01
5.169599999999999795e+01
5.172800000976562274e+01
5.086399999267577954e+01
5.100800000976562387e+01
5.163199999023437670e+01
5.161600000366210850e+01
5.148799999145507655e+01
5.068800000000000239e+01
5.097599999633789025e+01
5.179200000610351395e+01
5.155199999999999960e+01
5.124799999023437636e+01
5.126400000000000290e+01
5.096000000976562205e+01
5.224000000000000199e+01
5.123199997314453213e+01
