1.003199999908447282e+01
1.124800000244140641e+01
1.369599999511718735e+01
1.457599999877929697e+01
1.595200000244140703e+01
1.700800000732422035e+01
1.860799999572753904e+01
1.964800000732421736e+01
2.036799999969482400e+01
2.083199999816894632e+01
2.203199999511718588e+01
2.225599999572753873e+01
2.270400000244140770e+01
2.289599999816894638e+01
2.393599999816894552e+01
2.388799999572754018e+01
2.371199999816894533e+01
2.537599999908447401e+01
2.526400000244140642e+01
2.529599999145507638e+01
2.475199999816894447e+01
2.574399999145507678e+01
2.720000000488281344e+01
2.687999999877929724e+01
2.652800000488281285e+01
2.651200000183105487e+01
2.801599999755859471e+01
2.752000000183105399e+01
2.798399999908447100e+01
2.758399999511718903e+01
2.769599999145507851e+01
2.780800000732421751e+01
2.806400000488281421e+01
2.750400000183105576e+01
2.841600000183105479e+01
2.764799999816894527e+01
2.812800000183105453e+01
2.780799998779296800e+01
2.896000000488281145e+01
2.763200000488281205e+01
2.915200000488281162e+01
2.843200000488281276e+01
2.862400000122070409e+01
2.902399999145507792e+01
2.912000000488281160e+01
3.036800000732421978e+01
2.963200000488281205e+01
2.961600000122070142e+01
2.878400000732422015e+01
3.015999999755859307e+01
2.884799999145507954e+01
2.841599999572753887e+01
3.030399999816894407e+01
3.134399999511718704e+01
2.971199999755859267e+01
2.993599999145507695e+01
3.023999998779297016e+01
3.049599999145507923e+01
3.016000000183105456e+01
3.001600000488281239e+01
3.102399999816894649e+01
2.870400000488281123e+01
3.083199999511718659e+01
2.988799999938964902e+01
2.883199999755859366e+01
3.086399999572753927e+01
2.990400000488281407e+01
2.951999999145507658e+01
3.127999999908447393e+01
3.024000000183105641e+01
2.937600000183105564e+01
3.084799999816894456e+01
2.948800000122070486e+01
3.121599999816894666e+01
3.131199999145507817e+01
3.158400000366210847e+01
3.110400000122070452e+01
3.145600000122070483e+01
3.011199999816894390e+01
3.052800000366211108e+01
3.083199999145507775e+01
3.118399999816894663e+01
3.059200000488281290e+01
3.100800000732422035e+01
3.137600000122070298e+01
3.095999999511718670e+01
3.078400000122070423e+01
3.153599999816894695e+01
3.171199999633789091e+01
3.110399999816894478e+01
3.176000000732421924e+01
3.180799999755859275e+01
3.137599999145507823e+01
3.121599999145507809e+01
3.028799999145507726e+01
3.207999999572754035e+01
3.155199999755859253e+01
3.174399999511718917e+01
3.318399999816894308e+01
3.185600000183105607e+01
3.742399998779296766e+01
3.803199999145508059e+01
3.846399999755859511e+01
3.943999999389648536e+01
3.934400000000000119e+01
3.905599999755859386e+01
3.950400000122070310e+01
3.923199999755859579e+01
3.918399998779296567e+01
3.976000000122070333e+01
4.019199999389648781e+01
4.022400000732422143e+01
3.956800000732421552e+01
4.084800000366210782e+01
4.073599999389648474e+01
4.057600000488281466e+01
4.115200000732421870e+01
4.067200000732422183e+01
4.075200000976562364e+01
4.145600000732422075e+01
4.102400000976562211e+01
4.108799999511718681e+01
4.121599999023437277e+01
4.164799999755859261e+01
4.206399999145507707e+01
4.223999999816894757e+01
4.163199999389648553e+01
4.185600000000000165e+01
4.247999999145508099e+01
4.214400000366210719e+01
4.199999999755859648e+01
4.174399999145507678e+01
4.262399999389648286e+01
4.267200000122070236e+01
4.214399999389648599e+01
4.289599998779296897e+01
4.257600000732421819e+01
4.198399999816894734e+01
4.257599999755859699e+01
4.328000000366210998e+01
4.342399998779296766e+01
4.395200000610351765e+01
4.299199999389648497e+01
4.300799998779297084e+01
4.375999999145507502e+01
4.364800000610351560e+01
4.430399999023437374e+01
4.430400000976562325e+01
4.417599998779297010e+01
4.404800000732421950e+01
4.457600000976562171e+01
4.430399999023437374e+01
4.465599999389648644e+01
4.486399999023437601e+01
4.521599999389648161e+01
4.473600000366210594e+01
4.425600000976562853e+01
4.486399999633788838e+01
4.441600000366211276e+01
4.428799999999999670e+01
4.446400000976562694e+01
4.449599999023437391e+01
4.476799999023437238e+01
4.536000000732421711e+01
4.438399999389648087e+01
4.507199999389648326e+01
4.560000000976562262e+01
4.475200000366211128e+01
4.436800000976562330e+01
4.424000000732421967e+01
4.470400000610351299e+01
4.444799999389648093e+01
4.438400000366210918e+01
4.430399998779297022e+01
4.451200000732421813e+01
4.439999999999999858e+01
4.518399999023437630e+01
4.454400000366211287e+01
4.427199999023437726e+01
4.467199999389648468e+01
4.476800000000000068e+01
4.521600000122070639e+01
4.539200000610351537e+01
4.511999998779296561e+01
4.505599998779296556e+01
4.500799999755859204e+01
4.537599999389648531e+01
4.527999999389648167e+01
4.489599999755859727e+01
4.489600000732421847e+01
4.470400000366210946e+01
4.515199999023437272e+01
4.535999999755859591e+01
4.598399999023437346e+01
4.446400000366210747e+01
4.582399999877929986e+01
4.523200000366210816e+01
4.601600000976562654e+01
4.486399998779296538e+01
4.475199998779297061e+01
