1.041600000244140567e+01
1.340800000183105389e+01
1.571199999816894533e+01
1.620800000244140548e+01
1.908799999572753947e+01
1.996800000244140705e+01
2.209599999572753859e+01
2.374400000183105419e+01
2.467200000732421827e+01
2.630399998779297022e+01
2.751999999511718897e+01
2.727999999938964848e+01
2.785599999755859457e+01
2.878399999511718832e+01
2.952000000488281373e+01
2.974399999145507678e+01
2.996800000732421765e+01
3.038400000122070210e+01
3.131200000122070293e+01
3.137599999816894680e+01
3.006400000732421773e+01
3.217599999145507894e+01
3.195200000183105615e+01
3.135999998779296760e+01
3.284799999908447177e+01
3.196800000122070173e+01
3.212800000488281427e+01
3.286400000366210605e+01
3.392000000732421938e+01
3.307200000488280978e+01
3.390400000366211231e+01
3.353600000122069957e+01
3.422399999816894223e+01
3.345599998779297124e+01
3.416000000732422137e+01
3.337599999755859415e+01
3.532800000732422063e+01
3.416000000122070190e+01
3.489600000122070611e+01
3.470399999755859710e+01
3.412800000122070543e+01
3.547200000732421898e+01
3.428800000366211265e+01
3.484799999816894456e+01
3.566399999023437317e+01
3.619200000366210901e+01
3.529600000122070469e+01
3.574399999755859625e+01
3.471999999816894444e+01
3.516800000732421694e+01
3.593599999755859642e+01
3.595199999145507519e+01
3.545599999816894865e+01
3.723199999755859579e+01
3.624000000122070020e+01
3.644800000000000040e+01
3.601599999816894382e+01
3.660799999145508110e+01
3.560000000488281557e+01
3.630400000488280909e+01
3.551999998779297130e+01
3.627200000732421614e+01
3.673600000732422188e+01
3.681599999816894808e+01
3.641599999145508093e+01
3.623999999816894757e+01
3.590400000488281052e+01
3.737600000366210651e+01
3.604799999145507883e+01
3.608000000122070361e+01
3.767999999633789088e+01
3.689600000366210963e+01
3.681600000122070071e+01
3.596799999511718937e+01
3.659199999389648639e+01
3.753600000488281552e+01
3.670399998779296880e+01
3.684799999755859545e+01
3.812799999755859659e+01
3.761599998779296783e+01
3.742399999999999949e+01
3.718399999145508161e+01
3.902399998779296908e+01
3.759999999389648195e+01
3.723200000183105374e+01
3.651199999816894604e+01
3.712000000366210628e+01
3.811200000366211071e+01
3.735999999023437823e+01
3.787199998779296806e+01
3.889600000732421847e+01
3.816000000732422137e+01
3.716800000122070458e+01
3.764799999389648377e+01
3.764799999755859261e+01
3.728000000366210998e+01
3.705599999572753944e+01
3.819199999755859665e+01
3.779199999816894717e+01
3.711999999999999744e+01
4.399999999633789116e+01
4.417599999023437363e+01
4.414399999389648599e+01
4.385599999023437334e+01
4.494400000976562382e+01
4.556800000366210668e+01
4.590399999023437516e+01
4.579200000000000159e+01
4.606399999389648769e+01
4.643200000732421984e+01
4.694400000366211145e+01
4.583999999633788747e+01
4.647999999023437567e+01
4.686399999999999721e+01
4.604799999633789298e+01
4.694399999023437431e+01
4.718400000366210634e+01
4.724800000976562586e+01
4.663999999389648110e+01
4.691199999755859551e+01
4.745600000000000307e+01
4.755199999999999960e+01
4.718399999389648514e+01
4.751999999389648366e+01
4.731199999999999761e+01
4.726399998779297107e+01
4.788799999999999812e+01
4.815999998779297187e+01
4.891200000366210787e+01
4.849600000366211106e+01
4.822399999755859312e+01
4.833600000610351799e+01
4.844800000610351276e+01
4.857600000976562171e+01
4.927999999023437283e+01
4.867199998779296521e+01
4.958400000610351555e+01
4.924800000366210639e+01
4.857600000244140404e+01
4.841599998291015794e+01
4.807999998779296646e+01
4.876800000122070600e+01
4.894400000366211145e+01
4.947199999023437300e+01
4.928000000000000114e+01
4.931199999999999761e+01
4.924799999999999756e+01
4.953599999267578369e+01
4.831999999633789145e+01
4.942400000610351896e+01
5.004799998657226467e+01
4.974399999389648741e+01
4.984000000000000341e+01
4.990400000610351583e+01
4.955200000244140313e+01
4.905599999023437618e+01
4.977599999755859272e+01
4.862400000732422001e+01
5.030399999267578437e+01
4.935999999633789059e+01
5.039999998779296675e+01
5.004800000000000182e+01
4.982400000976562637e+01
4.958399998779297135e+01
4.985599999755859102e+01
4.928000000000000114e+01
5.030399999389648258e+01
4.982399999023437687e+01
4.971200000366211214e+01
4.969600000366210679e+01
5.009600000976562484e+01
5.024000000366211083e+01
4.998400000000000176e+01
5.043199999633789332e+01
5.047999999633788804e+01
4.992000000000000171e+01
5.073599999023437590e+01
5.044800000366210924e+01
5.014399999999999835e+01
5.059199999999999875e+01
5.020799999389648605e+01
4.982400000732421574e+01
5.076799999633789184e+01
5.030400000976562325e+01
5.076799999389648121e+01
5.023999999389648252e+01
5.040000000610351805e+01
5.022400000610351611e+01
5.023999998657226485e+01
5.000000000610351236e+01
5.049599999389648275e+01
5.020799999023437721e+01
5.043200000610351452e+01
5.019199999633789133e+01
5.086399999023437601e+01
5.023999999389648252e+01
5.017600000244140546e+01
5.070400000610351299e+01
5.054399999999999693e+01
5.059199999389648639e+01
