1.295929360389709473e+01
1.238255238533020020e+01
1.229500365257263184e+01
1.228138542175292969e+01
1.243441390991210938e+01
1.236193490028381348e+01
1.240573096275329590e+01
1.245600986480712891e+01
1.242289376258850098e+01
1.240765404701232910e+01
1.236560344696044922e+01
1.244283723831176758e+01
1.247388601303100586e+01
1.247487235069274902e+01
1.250870323181152344e+01
1.242832994461059570e+01
1.244980692863464355e+01
1.241121435165405273e+01
1.240891623497009277e+01
1.253110623359680176e+01
1.250477838516235352e+01
1.246381759643554688e+01
1.244403767585754395e+01
1.245988917350769043e+01
1.243359518051147461e+01
1.250039601325988770e+01
1.247252869606018066e+01
1.250274133682250977e+01
1.251727867126464844e+01
1.251480317115783691e+01
1.243824458122253418e+01
1.249409031867980957e+01
1.246906542778015137e+01
1.252633810043334961e+01
1.250753808021545410e+01
1.246232938766479492e+01
1.244885873794555664e+01
1.237664175033569336e+01
1.248956108093261719e+01
1.246313309669494629e+01
1.241721844673156738e+01
1.242614316940307617e+01
1.245617580413818359e+01
1.245858812332153320e+01
1.254767227172851562e+01
1.239828395843505859e+01
1.250588321685791016e+01
1.243660402297973633e+01
1.242580413818359375e+01
1.244704937934875488e+01
1.249622130393981934e+01
1.246663427352905273e+01
1.243111419677734375e+01
1.238470816612243652e+01
1.243169689178466797e+01
1.238618683815002441e+01
1.249037528038024902e+01
1.240517854690551758e+01
1.253216361999511719e+01
1.248506474494934082e+01
1.246243095397949219e+01
1.247319149971008301e+01
1.249413251876831055e+01
1.244366908073425293e+01
1.250042486190795898e+01
1.243252873420715332e+01
1.243681120872497559e+01
1.244352102279663086e+01
1.243850922584533691e+01
1.242679905891418457e+01
1.244452357292175293e+01
1.245691251754760742e+01
1.243067216873168945e+01
1.243930459022521973e+01
1.246648216247558594e+01
1.247879385948181152e+01
1.240962457656860352e+01
1.244803190231323242e+01
1.243602228164672852e+01
1.244764423370361328e+01
1.238646769523620605e+01
1.247612237930297852e+01
1.241155838966369629e+01
1.244946289062500000e+01
1.242658829689025879e+01
1.247545981407165527e+01
1.243443655967712402e+01
1.240651416778564453e+01
1.240138244628906250e+01
1.245387935638427734e+01
1.246893525123596191e+01
1.246886038780212402e+01
1.241808772087097168e+01
1.249784302711486816e+01
1.244866490364074707e+01
1.242554998397827148e+01
1.243719100952148438e+01
1.240912699699401855e+01
1.249727559089660645e+01
1.244468784332275391e+01
1.243770813941955566e+01
1.252004098892211914e+01
1.242326736450195312e+01
1.240950226783752441e+01
1.240040159225463867e+01
1.241584181785583496e+01
1.240028882026672363e+01
1.245900654792785645e+01
1.248217010498046875e+01
1.247091841697692871e+01
1.254392981529235840e+01
1.244342422485351562e+01
1.246776890754699707e+01
1.243846249580383301e+01
1.247648596763610840e+01
1.245512413978576660e+01
1.239390826225280762e+01
1.239287924766540527e+01
1.241653251647949219e+01
1.242885637283325195e+01
1.242908143997192383e+01
1.241396021842956543e+01
1.245810556411743164e+01
1.238503098487854004e+01
1.246341061592102051e+01
1.242134261131286621e+01
1.238710761070251465e+01
1.246704602241516113e+01
1.238875365257263184e+01
1.246150732040405273e+01
1.251205015182495117e+01
1.243162059783935547e+01
1.237942457199096680e+01
1.245934963226318359e+01
1.249027824401855469e+01
1.244800615310668945e+01
1.254872679710388184e+01
1.246641683578491211e+01
1.249892520904541016e+01
1.248144197463989258e+01
1.241624402999877930e+01
1.242432284355163574e+01
1.237566137313842773e+01
1.246727347373962402e+01
1.244048786163330078e+01
1.240760660171508789e+01
1.241345572471618652e+01
1.240308094024658203e+01
1.246628785133361816e+01
1.239206409454345703e+01
1.239007616043090820e+01
1.251011490821838379e+01
1.243776369094848633e+01
1.243430662155151367e+01
1.241726922988891602e+01
1.240189599990844727e+01
1.241370248794555664e+01
1.248298025131225586e+01
1.238936066627502441e+01
1.240687131881713867e+01
1.242062449455261230e+01
1.239639711380004883e+01
1.249055457115173340e+01
1.242621874809265137e+01
1.249129700660705566e+01
1.248487710952758789e+01
1.245515298843383789e+01
1.246637129783630371e+01
1.240001034736633301e+01
1.243406915664672852e+01
1.242022728919982910e+01
1.244898772239685059e+01
1.243276977539062500e+01
1.243289232254028320e+01
1.244095325469970703e+01
1.242012214660644531e+01
1.243228077888488770e+01
1.248545122146606445e+01
1.246581220626831055e+01
1.248974967002868652e+01
1.247723221778869629e+01
1.243266057968139648e+01
1.246235370635986328e+01
1.241905593872070312e+01
1.238701152801513672e+01
1.237713050842285156e+01
1.238823938369750977e+01
1.245508050918579102e+01
1.239843106269836426e+01
1.247583675384521484e+01
1.240553569793701172e+01
1.242702317237854004e+01
1.246508264541625977e+01
1.240356040000915527e+01
1.239114189147949219e+01
1.246781754493713379e+01
1.247421169281005859e+01
1.245060372352600098e+01
1.244223499298095703e+01
1.239122748374938965e+01
