2.536045383605956882e+00
2.381393237915038874e+00
2.301760045700073309e+00
2.270279477462768369e+00
2.240287589874267571e+00
2.202887464065551804e+00
2.170149587326049900e+00
2.140293179550170954e+00
2.101798260421753106e+00
2.088756133499145573e+00
2.049634144172668648e+00
2.035492880096435364e+00
2.025798874168395880e+00
1.993426621322631931e+00
1.977578369979858364e+00
1.952537294960021930e+00
1.940750643081665006e+00
1.936876945686340390e+00
1.953915018157958983e+00
1.963668015480041440e+00
1.962882721023559540e+00
1.916548277397155831e+00
1.899273046493530348e+00
1.928600402984619100e+00
1.923880303001403780e+00
1.919926169128417959e+00
1.898394119796752877e+00
1.872365256423950131e+00
1.872924903907775773e+00
1.883931921539306664e+00
1.866161888694763293e+00
1.881202967491149902e+00
1.892679897613525286e+00
1.852297013168334949e+00
1.887650488319396969e+00
1.857262099380493137e+00
1.896534422607421888e+00
1.907789057312011760e+00
1.915386197052001860e+00
1.903341443557739154e+00
1.925313862304687484e+00
1.885778925933837780e+00
1.938223075561523512e+00
1.918636927566528261e+00
1.921273597145080503e+00
1.903334564514160165e+00
1.922554483489990140e+00
1.914869002990722713e+00
1.926576612663269072e+00
1.937655632553100693e+00
1.914308388595580945e+00
1.917493429107665959e+00
1.951680343704223608e+00
1.925563067741393963e+00
1.954641270294189548e+00
1.931038390808105465e+00
1.959367867202758795e+00
1.933434273147583093e+00
1.941975846176147380e+00
1.963368741645812987e+00
1.926311445045471249e+00
1.968922517547607498e+00
1.901235409126281750e+00
1.959625813941955563e+00
1.939873620758056694e+00
1.954356254577636731e+00
1.951924779968261747e+00
1.936399141731262263e+00
1.946007283706665092e+00
1.923724544792175362e+00
1.934232373428344642e+00
1.943844332504272465e+00
1.954701756553649972e+00
1.909591013031005868e+00
1.943726548004150345e+00
1.941831436691284107e+00
1.922492787208557097e+00
1.910050104293823159e+00
1.911884592361450252e+00
1.915337796859741148e+00
1.936288814353942955e+00
1.937454014511108324e+00
1.921383096237182508e+00
1.910315766258239734e+00
1.917820804519653421e+00
1.926465257644653262e+00
1.897572439804077193e+00
1.956684610061645513e+00
1.889254320106506402e+00
1.940401705169677804e+00
1.929901681747436593e+00
1.949814411315917928e+00
1.881294411354064833e+00
1.919559110946655212e+00
1.939042440872192463e+00
1.899847405090332009e+00
1.922919548568725601e+00
1.921422605247497639e+00
1.907188522033691491e+00
1.916668946685790909e+00
1.679922315483093342e+00
1.700916065216064421e+00
1.704293315238952555e+00
1.691449454498290983e+00
1.692630886573791571e+00
1.678925359916687121e+00
1.689988171844482467e+00
1.707464380798339842e+00
1.689200697212219326e+00
1.702658161430358863e+00
1.685352462463378886e+00
1.676881279182434126e+00
1.692345288124084579e+00
1.706317383537292454e+00
1.692462590103149367e+00
1.672659710655212351e+00
1.700016595687866117e+00
1.669407593765258824e+00
1.701967911033630321e+00
1.695914794540405168e+00
1.686492681846618602e+00
1.677753855209350498e+00
1.639577360649108861e+00
1.667260458831787195e+00
1.669290521011352446e+00
1.657320270957946873e+00
1.681111611633300695e+00
1.664247833290100065e+00
1.663273923225402795e+00
1.675055979385375871e+00
1.684996264915466391e+00
1.678771943092346230e+00
1.669995052337646557e+00
1.665756418571472164e+00
1.667041611061096162e+00
1.679693349838256911e+00
1.681450618553161691e+00
1.661350710601806613e+00
1.685161898117065515e+00
1.659422480621337792e+00
1.694596311225891050e+00
1.670077061004638708e+00
1.657491363410949603e+00
1.671658124160766645e+00
1.675689550628662206e+00
1.662371283340454031e+00
1.680202828025817885e+00
1.687463210182190032e+00
1.676801866989135803e+00
1.664035410614013610e+00
1.621975876159667873e+00
1.640354464225769027e+00
1.636314263839721672e+00
1.643977984390258884e+00
1.627998309173583902e+00
1.629178140983581491e+00
1.627198604393005343e+00
1.657216251525878814e+00
1.623827559547424304e+00
1.630535767211914067e+00
1.640034694786071778e+00
1.636153052635192839e+00
1.637541091690063455e+00
1.646196423759460403e+00
1.648360846633911025e+00
1.626865056343078653e+00
1.641183854980468704e+00
1.657894912338256921e+00
1.630928123588561984e+00
1.648070510253906162e+00
1.650451189632415661e+00
1.640553111305236733e+00
1.628995640678405854e+00
1.643269253120422269e+00
1.641257326278686479e+00
1.648127222557067784e+00
1.635206213150024457e+00
1.638376299133300851e+00
1.652815765151977478e+00
1.628071275672912543e+00
1.639777527770996057e+00
1.646579549713134805e+00
1.656663146972656264e+00
1.625330553092956487e+00
1.641903612251281785e+00
1.633889799537658671e+00
1.655206884269714296e+00
1.642948811416625965e+00
1.632290295867919960e+00
1.644565036697387628e+00
1.637018481521606450e+00
1.641260957374572671e+00
1.646396351966857852e+00
1.624785468444824188e+00
1.645871802825927821e+00
1.636962565841674877e+00
1.629943442764282269e+00
1.647674375915527234e+00
1.617689200096130264e+00
1.664706599121093644e+00
