3.972449302673339844e-01
3.969290256500244141e-01
3.902370929718017578e-01
3.946530818939208984e-01
3.918316364288330078e-01
3.848335742950439453e-01
3.867790699005126953e-01
3.824849128723144531e-01
3.801922798156738281e-01
3.872275352478027344e-01
3.846547603607177734e-01
3.814513683319091797e-01
3.842389583587646484e-01
3.814444541931152344e-01
3.931758403778076172e-01
3.859360218048095703e-01
3.829944133758544922e-01
3.856575489044189453e-01
3.789770603179931641e-01
3.868618011474609375e-01
3.817348480224609375e-01
3.851258754730224609e-01
3.897116184234619141e-01
3.830778598785400391e-01
3.902504444122314453e-01
3.836832046508789062e-01
3.839550018310546875e-01
3.866789340972900391e-01
3.810541629791259766e-01
3.975007534027099609e-01
3.796918392181396484e-01
3.844652175903320312e-01
3.866927623748779297e-01
3.843393325805664062e-01
3.906292915344238281e-01
3.854458332061767578e-01
3.837282657623291016e-01
3.859422206878662109e-01
3.819925785064697266e-01
3.901600837707519531e-01
3.969583511352539062e-01
3.797891139984130859e-01
3.891375064849853516e-01
3.824193477630615234e-01
3.856172561645507812e-01
3.855545520782470703e-01
3.821682929992675781e-01
3.859107494354248047e-01
3.784868717193603516e-01
3.889682292938232422e-01
3.842351436614990234e-01
3.820672035217285156e-01
3.818163871765136719e-01
3.826818466186523438e-01
3.861575126647949219e-01
3.839845657348632812e-01
3.812887668609619141e-01
3.855636119842529297e-01
3.841075897216796875e-01
3.868050575256347656e-01
3.835859298706054688e-01
3.970170021057128906e-01
3.861038684844970703e-01
3.849160671234130859e-01
3.855264186859130859e-01
3.823275566101074219e-01
3.825249671936035156e-01
3.896129131317138672e-01
3.957984447479248047e-01
3.865385055541992188e-01
3.869938850402832031e-01
3.822698593139648438e-01
3.819463253021240234e-01
3.863236904144287109e-01
3.837859630584716797e-01
3.835175037384033203e-01
3.814735412597656250e-01
3.882253170013427734e-01
3.865106105804443359e-01
3.891232013702392578e-01
3.839149475097656250e-01
3.845858573913574219e-01
3.860249519348144531e-01
3.824474811553955078e-01
3.856942653656005859e-01
3.822708129882812500e-01
3.820936679840087891e-01
3.818607330322265625e-01
3.866078853607177734e-01
3.865709304809570312e-01
3.856375217437744141e-01
3.789908885955810547e-01
3.858659267425537109e-01
3.860719203948974609e-01
3.811032772064208984e-01
3.994874954223632812e-01
3.831450939178466797e-01
3.815982341766357422e-01
3.966639041900634766e-01
3.811814785003662109e-01
3.890511989593505859e-01
3.840870857238769531e-01
3.844978809356689453e-01
3.882708549499511719e-01
3.832452297210693359e-01
3.900258541107177734e-01
3.809978961944580078e-01
3.859536647796630859e-01
3.945534229278564453e-01
3.821127414703369141e-01
3.919892311096191406e-01
6.602194309234619141e-01
3.836631774902343750e-01
3.820903301239013672e-01
3.849186897277832031e-01
3.917260169982910156e-01
3.816230297088623047e-01
3.854453563690185547e-01
3.820075988769531250e-01
3.833305835723876953e-01
3.920221328735351562e-01
3.810925483703613281e-01
3.853909969329833984e-01
3.843772411346435547e-01
3.789196014404296875e-01
3.919191360473632812e-01
3.870100975036621094e-01
3.851218223571777344e-01
3.830554485321044922e-01
3.804135322570800781e-01
3.903212547302246094e-01
3.836731910705566406e-01
3.871605396270751953e-01
3.824341297149658203e-01
3.837873935699462891e-01
3.859267234802246094e-01
3.816611766815185547e-01
3.909370899200439453e-01
3.851053714752197266e-01
3.830637931823730469e-01
3.964009284973144531e-01
3.832452297210693359e-01
3.891265392303466797e-01
3.812716007232666016e-01
3.846094608306884766e-01
3.915038108825683594e-01
3.877213001251220703e-01
3.881120681762695312e-01
3.923168182373046875e-01
3.828868865966796875e-01
3.911211490631103516e-01
3.870780467987060547e-01
3.926064968109130859e-01
3.853783607482910156e-01
3.830759525299072266e-01
3.888392448425292969e-01
3.859984874725341797e-01
3.881640434265136719e-01
3.819925785064697266e-01
3.851506710052490234e-01
3.890442848205566406e-01
3.852865695953369141e-01
3.841571807861328125e-01
3.853087425231933594e-01
3.857543468475341797e-01
3.897125720977783203e-01
3.849217891693115234e-01
3.821895122528076172e-01
3.852066993713378906e-01
3.880019187927246094e-01
3.893446922302246094e-01
3.881626129150390625e-01
3.831002712249755859e-01
3.886687755584716797e-01
3.857691287994384766e-01
3.912661075592041016e-01
3.815400600433349609e-01
3.844552040100097656e-01
3.844208717346191406e-01
3.800237178802490234e-01
3.877754211425781250e-01
3.865571022033691406e-01
3.795378208160400391e-01
3.871302604675292969e-01
3.826060295104980469e-01
3.867859840393066406e-01
3.842637538909912109e-01
3.820402622222900391e-01
3.883147239685058594e-01
3.856031894683837891e-01
3.870022296905517578e-01
3.878345489501953125e-01
3.829462528228759766e-01
3.903999328613281250e-01
3.802287578582763672e-01
3.871631622314453125e-01
3.847911357879638672e-01
3.815104961395263672e-01
3.928024768829345703e-01
3.835558891296386719e-01
