2.193320107460021973e+01
2.127854371070861816e+01
2.133969068527221680e+01
2.133859515190124512e+01
2.201285266876220703e+01
2.138595342636108398e+01
2.170974564552307129e+01
2.180603027343750000e+01
2.183789038658142090e+01
2.165580916404724121e+01
2.138912868499755859e+01
2.143218111991882324e+01
2.149219059944152832e+01
2.140205335617065430e+01
2.161617875099182129e+01
2.198390984535217285e+01
2.156772875785827637e+01
2.150230526924133301e+01
2.149236130714416504e+01
2.151762008666992188e+01
2.195333242416381836e+01
2.152928733825683594e+01
2.140821909904479980e+01
2.142910909652709961e+01
2.170683217048645020e+01
2.156417894363403320e+01
2.164239645004272461e+01
2.155646824836730957e+01
2.139080023765563965e+01
2.142248153686523438e+01
2.172105264663696289e+01
2.147553086280822754e+01
2.186880350112915039e+01
2.154823660850524902e+01
2.184018111228942871e+01
2.157677006721496582e+01
2.151716780662536621e+01
2.194913911819458008e+01
2.172184371948242188e+01
2.162190103530883789e+01
2.144221353530883789e+01
2.143578910827636719e+01
2.144045734405517578e+01
2.170495939254760742e+01
2.144569301605224609e+01
2.217196536064147949e+01
2.174918699264526367e+01
2.147076845169067383e+01
2.166465115547180176e+01
2.168833112716674805e+01
2.153170752525329590e+01
2.176732969284057617e+01
2.180856275558471680e+01
2.142327499389648438e+01
2.151135396957397461e+01
2.172600769996643066e+01
2.165168809890747070e+01
2.178512001037597656e+01
2.151534605026245117e+01
2.140334725379943848e+01
2.142003536224365234e+01
2.147891139984130859e+01
2.150984978675842285e+01
2.150340485572814941e+01
2.143819093704223633e+01
2.143043899536132812e+01
2.157464241981506348e+01
2.152502560615539551e+01
2.144003319740295410e+01
2.163435316085815430e+01
2.144098114967346191e+01
2.149631118774414062e+01
2.146156501770019531e+01
2.167319321632385254e+01
2.158640694618225098e+01
2.140122652053833008e+01
2.168145084381103516e+01
2.142060756683349609e+01
2.144830536842346191e+01
2.141503143310546875e+01
2.199605655670166016e+01
2.144703340530395508e+01
2.173262000083923340e+01
2.151964020729064941e+01
2.181074309349060059e+01
2.172784972190856934e+01
2.159806346893310547e+01
2.150020742416381836e+01
2.152897715568542480e+01
2.149755620956420898e+01
2.146825003623962402e+01
2.149392724037170410e+01
2.175397133827209473e+01
2.142579364776611328e+01
2.146757268905639648e+01
2.152743530273437500e+01
2.148530173301696777e+01
2.147726726531982422e+01
2.144826388359069824e+01
2.174363231658935547e+01
2.228465628623962402e+01
2.151432681083679199e+01
2.177259016036987305e+01
2.161772680282592773e+01
2.140819907188415527e+01
2.142193889617919922e+01
2.142058634757995605e+01
2.166834950447082520e+01
2.193553233146667480e+01
2.175559711456298828e+01
2.169151735305786133e+01
2.344177126884460449e+01
2.150173735618591309e+01
2.188041281700134277e+01
2.145329761505126953e+01
2.143397140502929688e+01
2.164365077018737793e+01
2.148432707786560059e+01
2.156284999847412109e+01
2.151703524589538574e+01
2.162765169143676758e+01
2.136847472190856934e+01
2.159154462814331055e+01
2.170226097106933594e+01
2.173217296600341797e+01
2.178191280364990234e+01
2.141501474380493164e+01
2.159960389137268066e+01
2.156297302246093750e+01
2.181521654129028320e+01
2.193999862670898438e+01
2.178002500534057617e+01
2.147320699691772461e+01
2.143641376495361328e+01
2.147579479217529297e+01
2.156769847869873047e+01
2.154461717605590820e+01
2.146819901466369629e+01
2.198772931098937988e+01
2.142677617073059082e+01
2.148162865638732910e+01
2.144217824935913086e+01
2.143873858451843262e+01
2.142473387718200684e+01
2.193713665008544922e+01
2.187817406654357910e+01
2.185966873168945312e+01
2.212693667411804199e+01
2.173524832725524902e+01
2.182880616188049316e+01
2.146402955055236816e+01
2.157662677764892578e+01
2.181437325477600098e+01
2.141886997222900391e+01
2.174578309059143066e+01
2.142109346389770508e+01
2.156485080718994141e+01
2.141809582710266113e+01
2.165902853012084961e+01
2.150189137458801270e+01
2.178346657752990723e+01
2.143589234352111816e+01
2.154660367965698242e+01
2.144181513786315918e+01
2.164542913436889648e+01
2.143001866340637207e+01
2.155092453956604004e+01
2.143168473243713379e+01
2.163049316406250000e+01
2.155182075500488281e+01
2.148377394676208496e+01
2.175272417068481445e+01
2.164186024665832520e+01
2.175185322761535645e+01
2.179586839675903320e+01
2.172786211967468262e+01
2.143229055404663086e+01
2.179621982574462891e+01
2.187694406509399414e+01
2.148407983779907227e+01
2.183640336990356445e+01
2.154653525352478027e+01
2.158669948577880859e+01
2.143059611320495605e+01
2.205870723724365234e+01
2.155314302444458008e+01
2.143685531616210938e+01
2.144808340072631836e+01
2.158862233161926270e+01
2.149568724632263184e+01
2.176779389381408691e+01
2.140793657302856445e+01
2.189726018905639648e+01
2.186244797706604004e+01
2.141966509819030762e+01
2.150233340263366699e+01
2.185983514785766602e+01
2.157774448394775391e+01
2.187264943122863770e+01
2.187916469573974609e+01
