1.000000000000000000e+01
1.451999950408935547e+01
1.288000011444091797e+01
1.583999919891357422e+01
1.678999900817871094e+01
2.262999916076660156e+01
2.252999877929687500e+01
2.684000015258789062e+01
2.959000015258789062e+01
2.870999908447265625e+01
3.018999862670898438e+01
3.150999832153320312e+01
2.856999969482421875e+01
2.875999832153320312e+01
3.230999755859375000e+01
3.264999771118164062e+01
3.185999870300292969e+01
3.156999969482421875e+01
3.220999908447265625e+01
3.323999786376953125e+01
3.254999923706054688e+01
3.192000007629394531e+01
3.277999877929687500e+01
3.265999984741210938e+01
3.400999832153320312e+01
3.215999984741210938e+01
3.273999786376953125e+01
3.452000045776367188e+01
3.484000015258789062e+01
3.271999740600585938e+01
3.313000106811523438e+01
3.454000091552734375e+01
3.407999801635742188e+01
3.293999862670898438e+01
3.407999801635742188e+01
3.529000091552734375e+01
3.200999832153320312e+01
3.498999786376953125e+01
3.636999893188476562e+01
3.477999877929687500e+01
3.684000015258789062e+01
3.572999954223632812e+01
3.548999786376953125e+01
3.596999740600585938e+01
3.538999938964843750e+01
3.566999816894531250e+01
3.661000061035156250e+01
3.734999847412109375e+01
3.581999969482421875e+01
3.668999862670898438e+01
3.743000030517578125e+01
3.663999938964843750e+01
3.380999755859375000e+01
3.895999908447265625e+01
3.752000045776367188e+01
3.695000076293945312e+01
3.409000015258789062e+01
3.836000061035156250e+01
3.777999877929687500e+01
3.738999938964843750e+01
3.679999923706054688e+01
3.840999984741210938e+01
3.846999740600585938e+01
3.502000045776367188e+01
3.577999877929687500e+01
3.880999755859375000e+01
3.737999725341796875e+01
3.504999923706054688e+01
3.725999832153320312e+01
3.634000015258789062e+01
3.800999832153320312e+01
3.429000091552734375e+01
3.611000061035156250e+01
3.532999801635742188e+01
3.913999938964843750e+01
3.386000061035156250e+01
3.891999816894531250e+01
3.527999877929687500e+01
3.950000000000000000e+01
3.795999908447265625e+01
3.965999984741210938e+01
3.930999755859375000e+01
3.802000045776367188e+01
3.543999862670898438e+01
3.906999969482421875e+01
4.009999847412109375e+01
3.868999862670898438e+01
4.037999725341796875e+01
3.777000045776367188e+01
3.820999908447265625e+01
3.934999847412109375e+01
3.836000061035156250e+01
3.796999740600585938e+01
3.921999740600585938e+01
3.998999786376953125e+01
3.915999984741210938e+01
4.020000076293945312e+01
3.739999771118164062e+01
3.916999816894531250e+01
3.956999969482421875e+01
4.188999938964843750e+01
4.270999908447265625e+01
4.277000045776367188e+01
4.291999816894531250e+01
4.261000061035156250e+01
4.318999862670898438e+01
4.393000030517578125e+01
4.366999816894531250e+01
4.395000076293945312e+01
4.311999893188476562e+01
4.388999938964843750e+01
4.397999954223632812e+01
4.431999969482421875e+01
4.386000061035156250e+01
4.440999984741210938e+01
4.386999893188476562e+01
4.462999725341796875e+01
4.471999740600585938e+01
4.463999938964843750e+01
4.502000045776367188e+01
4.490999984741210938e+01
4.511000061035156250e+01
4.556999969482421875e+01
4.514999771118164062e+01
4.486999893188476562e+01
4.509999847412109375e+01
4.513999938964843750e+01
4.521999740600585938e+01
4.448999786376953125e+01
4.473999786376953125e+01
4.466999816894531250e+01
4.536000061035156250e+01
4.489999771118164062e+01
4.552000045776367188e+01
4.559999847412109375e+01
4.506999969482421875e+01
4.525999832153320312e+01
4.564999771118164062e+01
4.594999694824218750e+01
4.571999740600585938e+01
4.593999862670898438e+01
4.655999755859375000e+01
4.594999694824218750e+01
4.618999862670898438e+01
4.578999710083007812e+01
4.631999969482421875e+01
4.637999725341796875e+01
4.657999801635742188e+01
4.637999725341796875e+01
4.672999954223632812e+01
4.675000000000000000e+01
4.682999801635742188e+01
4.666999816894531250e+01
4.680999755859375000e+01
4.677999877929687500e+01
4.686999893188476562e+01
4.669999694824218750e+01
4.662999725341796875e+01
4.694999694824218750e+01
4.675000000000000000e+01
4.688999938964843750e+01
4.669999694824218750e+01
4.680999755859375000e+01
4.693000030517578125e+01
4.696999740600585938e+01
4.663999938964843750e+01
4.684000015258789062e+01
4.684999847412109375e+01
4.693000030517578125e+01
4.689999771118164062e+01
4.677000045776367188e+01
4.682999801635742188e+01
4.680999755859375000e+01
4.682999801635742188e+01
4.684999847412109375e+01
4.687999725341796875e+01
4.673999786376953125e+01
4.703999710083007812e+01
4.698999786376953125e+01
4.700000000000000000e+01
4.680999755859375000e+01
4.684999847412109375e+01
4.688999938964843750e+01
4.686999893188476562e+01
4.689999771118164062e+01
4.709999847412109375e+01
4.688999938964843750e+01
4.697999954223632812e+01
4.684999847412109375e+01
4.696999740600585938e+01
4.700000000000000000e+01
4.694999694824218750e+01
4.687999725341796875e+01
4.694999694824218750e+01
4.702999877929687500e+01
4.713999938964843750e+01
4.700999832153320312e+01
4.722999954223632812e+01
4.704999923706054688e+01
4.706999969482421875e+01
