3.972744941711425781e-01
3.969712257385253906e-01
3.902842998504638672e-01
3.946843147277832031e-01
3.918545246124267578e-01
3.849277496337890625e-01
3.867914676666259766e-01
3.824760913848876953e-01
3.802640438079833984e-01
3.872842788696289062e-01
3.847165107727050781e-01
3.814923763275146484e-01
3.842151165008544922e-01
3.814995288848876953e-01
3.932218551635742188e-01
3.859550952911376953e-01
3.830006122589111328e-01
3.857150077819824219e-01
3.790218830108642578e-01
3.869099617004394531e-01
3.817708492279052734e-01
3.851757049560546875e-01
3.897707462310791016e-01
3.831286430358886719e-01
3.902969360351562500e-01
3.837006092071533203e-01
3.839621543884277344e-01
3.867402076721191406e-01
3.810830116271972656e-01
3.840537071228027344e-01
3.797025680541992188e-01
3.856883049011230469e-01
3.867545127868652344e-01
3.843536376953125000e-01
3.905956745147705078e-01
3.854176998138427734e-01
3.836336135864257812e-01
3.860099315643310547e-01
3.820335865020751953e-01
3.901505470275878906e-01
3.969879150390625000e-01
3.798153400421142578e-01
3.891413211822509766e-01
3.824374675750732422e-01
3.856341838836669922e-01
3.856031894683837891e-01
3.821983337402343750e-01
3.859255313873291016e-01
3.785324096679687500e-01
3.890120983123779297e-01
3.843159675598144531e-01
3.821043968200683594e-01
3.819050788879394531e-01
3.824353218078613281e-01
3.862059116363525391e-01
3.840410709381103516e-01
3.813011646270751953e-01
3.855774402618408203e-01
3.841454982757568359e-01
3.868427276611328125e-01
3.835914134979248047e-01
3.970444202423095703e-01
3.872287273406982422e-01
3.849627971649169922e-01
3.855595588684082031e-01
3.824057579040527344e-01
3.825614452362060547e-01
3.896718025207519531e-01
3.958635330200195312e-01
3.865845203399658203e-01
3.870515823364257812e-01
3.823254108428955078e-01
3.820068836212158203e-01
3.863728046417236328e-01
3.838038444519042969e-01
3.833997249603271484e-01
3.815643787384033203e-01
3.883125782012939453e-01
3.865451812744140625e-01
3.892076015472412109e-01
3.839757442474365234e-01
3.846654891967773438e-01
3.862085342407226562e-01
3.824853897094726562e-01
3.857266902923583984e-01
3.823304176330566406e-01
3.821082115173339844e-01
3.819143772125244141e-01
3.866453170776367188e-01
3.866229057312011719e-01
3.856699466705322266e-01
3.797216415405273438e-01
3.859009742736816406e-01
3.861439228057861328e-01
3.811249732971191406e-01
3.995242118835449219e-01
3.831837177276611328e-01
3.816113471984863281e-01
3.966832160949707031e-01
3.812260627746582031e-01
3.891017436981201172e-01
3.841085433959960938e-01
3.845419883728027344e-01
3.883166313171386719e-01
3.833513259887695312e-01
3.900527954101562500e-01
3.810019493103027344e-01
3.859961032867431641e-01
3.945665359497070312e-01
3.821315765380859375e-01
3.920528888702392578e-01
6.602265834808349609e-01
3.837313652038574219e-01
3.821401596069335938e-01
3.849692344665527344e-01
3.918175697326660156e-01
3.816735744476318359e-01
3.854663372039794922e-01
3.820438385009765625e-01
3.833804130554199219e-01
3.920567035675048828e-01
3.811120986938476562e-01
3.854310512542724609e-01
3.844220638275146484e-01
3.789637088775634766e-01
3.919503688812255859e-01
3.870406150817871094e-01
3.851728439331054688e-01
3.830807209014892578e-01
3.804633617401123047e-01
3.903651237487792969e-01
3.837246894836425781e-01
3.872010707855224609e-01
3.824558258056640625e-01
3.838198184967041016e-01
3.859694004058837891e-01
3.817059993743896484e-01
3.909776210784912109e-01
3.850924968719482422e-01
3.830757141113281250e-01
3.964309692382812500e-01
3.832383155822753906e-01
3.891305923461914062e-01
3.813068866729736328e-01
3.846061229705810547e-01
3.915503025054931641e-01
3.877396583557128906e-01
3.881795406341552734e-01
3.923239707946777344e-01
3.829443454742431641e-01
3.911499977111816406e-01
3.871810436248779297e-01
3.926441669464111328e-01
3.854181766510009766e-01
3.831396102905273438e-01
3.889176845550537109e-01
3.860561847686767578e-01
3.881239891052246094e-01
3.820185661315917969e-01
3.851785659790039062e-01
3.890616893768310547e-01
3.852999210357666016e-01
3.841750621795654297e-01
3.852930068969726562e-01
3.858771324157714844e-01
3.897616863250732422e-01
3.849682807922363281e-01
3.822209835052490234e-01
3.852140903472900391e-01
3.880569934844970703e-01
3.893949985504150391e-01
3.881769180297851562e-01
3.831269741058349609e-01
3.886983394622802734e-01
3.858053684234619141e-01
3.913254737854003906e-01
3.815894126892089844e-01
3.844842910766601562e-01
3.844575881958007812e-01
3.800599575042724609e-01
3.877799510955810547e-01
3.866209983825683594e-01
3.795940876007080078e-01
3.871715068817138672e-01
3.826603889465332031e-01
3.868262767791748047e-01
3.843007087707519531e-01
3.820841312408447266e-01
3.883726596832275391e-01
3.856372833251953125e-01
3.870413303375244141e-01
3.878583908081054688e-01
3.829622268676757812e-01
3.903932571411132812e-01
3.802642822265625000e-01
3.872258663177490234e-01
3.848581314086914062e-01
3.815345764160156250e-01
3.928618431091308594e-01
3.834645748138427734e-01
