1.324150490760803223e+01
1.258888888359069824e+01
1.258091640472412109e+01
1.261873483657836914e+01
1.267798256874084473e+01
1.275363540649414062e+01
1.273890829086303711e+01
1.270333695411682129e+01
1.279813051223754883e+01
1.273629927635192871e+01
1.272735261917114258e+01
1.277693319320678711e+01
1.270346236228942871e+01
1.266018247604370117e+01
1.274895620346069336e+01
1.276586556434631348e+01
1.276490306854248047e+01
1.278647589683532715e+01
1.282271718978881836e+01
1.273143887519836426e+01
1.269679450988769531e+01
1.275405478477478027e+01
1.275300073623657227e+01
1.271274757385253906e+01
1.276350069046020508e+01
1.272803616523742676e+01
1.275537753105163574e+01
1.276156544685363770e+01
1.274532723426818848e+01
1.271911883354187012e+01
1.274691486358642578e+01
1.276312422752380371e+01
1.277996945381164551e+01
1.274764084815979004e+01
1.271985197067260742e+01
1.272719788551330566e+01
1.272562646865844727e+01
1.273682427406311035e+01
1.267999172210693359e+01
1.273388361930847168e+01
1.275387310981750488e+01
1.275404143333435059e+01
1.272982192039489746e+01
1.290962672233581543e+01
1.269250774383544922e+01
1.272224760055541992e+01
1.270505142211914062e+01
1.275413250923156738e+01
1.274631381034851074e+01
1.274017620086669922e+01
1.273357295989990234e+01
1.272064018249511719e+01
1.280313658714294434e+01
1.275036287307739258e+01
1.271235680580139160e+01
1.276433897018432617e+01
1.273328518867492676e+01
1.273486495018005371e+01
1.273299765586853027e+01
1.273461675643920898e+01
1.273700308799743652e+01
1.277361631393432617e+01
1.274298071861267090e+01
1.281087803840637207e+01
1.276329755783081055e+01
1.277462720870971680e+01
1.273626565933227539e+01
1.278729081153869629e+01
1.279002356529235840e+01
1.277577710151672363e+01
1.272878026962280273e+01
1.278051280975341797e+01
1.276147222518920898e+01
1.272843480110168457e+01
1.277633333206176758e+01
1.274750781059265137e+01
1.274833774566650391e+01
1.275543975830078125e+01
1.272165536880493164e+01
1.272125506401062012e+01
1.269688200950622559e+01
1.270510125160217285e+01
1.277648568153381348e+01
1.276949858665466309e+01
1.281066441535949707e+01
1.275662541389465332e+01
1.270524096488952637e+01
1.273797225952148438e+01
1.272747707366943359e+01
1.275496196746826172e+01
1.269407725334167480e+01
1.270254421234130859e+01
1.275381851196289062e+01
1.273668479919433594e+01
1.273659801483154297e+01
1.278938341140747070e+01
1.276765155792236328e+01
1.277958106994628906e+01
1.277452898025512695e+01
1.278145289421081543e+01
1.270439910888671875e+01
1.275823783874511719e+01
1.272455358505249023e+01
1.274781703948974609e+01
1.274063014984130859e+01
1.275285196304321289e+01
1.273722004890441895e+01
1.271971321105957031e+01
1.271196937561035156e+01
1.272889852523803711e+01
1.275574374198913574e+01
1.306697225570678711e+01
1.274422073364257812e+01
1.274048948287963867e+01
1.273839592933654785e+01
1.274073052406311035e+01
1.275067591667175293e+01
1.277665495872497559e+01
1.278356695175170898e+01
1.271062278747558594e+01
1.271447849273681641e+01
1.275227642059326172e+01
1.272445011138916016e+01
1.274691057205200195e+01
1.266926527023315430e+01
1.281456351280212402e+01
1.274494647979736328e+01
1.270514559745788574e+01
1.280195307731628418e+01
1.272857427597045898e+01
1.271027827262878418e+01
1.273466300964355469e+01
1.275642514228820801e+01
1.270009565353393555e+01
1.272761797904968262e+01
1.274718308448791504e+01
1.269707775115966797e+01
1.270790767669677734e+01
1.266647529602050781e+01
1.269331288337707520e+01
1.274754929542541504e+01
1.270249104499816895e+01
1.284259510040283203e+01
1.270915675163269043e+01
1.269730305671691895e+01
1.273880553245544434e+01
1.272106051445007324e+01
1.271943092346191406e+01
1.267566013336181641e+01
1.273934626579284668e+01
1.274996566772460938e+01
1.274426507949829102e+01
1.269825148582458496e+01
1.268874979019165039e+01
1.270591998100280762e+01
1.273708629608154297e+01
1.269061446189880371e+01
1.271413207054138184e+01
1.279977846145629883e+01
1.273263263702392578e+01
1.273437380790710449e+01
1.273986887931823730e+01
1.273393177986145020e+01
1.272751164436340332e+01
1.272542881965637207e+01
1.268652033805847168e+01
1.271103096008300781e+01
1.270482301712036133e+01
1.276003479957580566e+01
1.269836950302124023e+01
1.271431779861450195e+01
1.270826387405395508e+01
1.270549154281616211e+01
1.270090341567993164e+01
1.276245141029357910e+01
1.273343825340270996e+01
1.271025037765502930e+01
1.270235419273376465e+01
1.272172904014587402e+01
1.269711637496948242e+01
1.269077348709106445e+01
1.268743228912353516e+01
1.268108725547790527e+01
1.279625129699707031e+01
1.273486685752868652e+01
1.270948171615600586e+01
1.274630880355834961e+01
1.275319337844848633e+01
1.270497751235961914e+01
1.269420862197875977e+01
1.288519597053527832e+01
1.270841908454895020e+01
1.270026731491088867e+01
1.270714855194091797e+01
1.270503258705139160e+01
1.275193691253662109e+01
1.272312831878662109e+01
1.267600822448730469e+01
1.275211954116821289e+01
1.275240564346313477e+01
