3.969142436981201172e-01
3.965022563934326172e-01
3.898985385894775391e-01
3.942768573760986328e-01
3.915183544158935547e-01
3.845353126525878906e-01
3.864095211029052734e-01
3.821527957916259766e-01
3.797800540924072266e-01
3.868510723114013672e-01
3.842883110046386719e-01
3.810894489288330078e-01
3.836882114410400391e-01
3.811349868774414062e-01
3.928141593933105469e-01
3.856403827667236328e-01
3.826553821563720703e-01
3.852841854095458984e-01
3.782603740692138672e-01
3.865792751312255859e-01
3.813552856445312500e-01
3.847873210906982422e-01
3.888785839080810547e-01
3.828232288360595703e-01
3.898625373840332031e-01
3.833549022674560547e-01
3.835206031799316406e-01
3.863813877105712891e-01
3.806521892547607422e-01
3.970642089843750000e-01
3.793413639068603516e-01
3.853147029876708984e-01
3.863966464996337891e-01
3.838856220245361328e-01
3.903775215148925781e-01
3.850488662719726562e-01
3.833298683166503906e-01
3.855919837951660156e-01
3.816773891448974609e-01
3.897006511688232422e-01
3.838760852813720703e-01
3.794395923614501953e-01
3.887991905212402344e-01
3.820474147796630859e-01
3.852603435516357422e-01
3.851633071899414062e-01
3.817899227142333984e-01
3.855066299438476562e-01
3.781144618988037109e-01
3.886430263519287109e-01
3.839628696441650391e-01
3.815789222717285156e-01
3.815212249755859375e-01
3.925371170043945312e-01
3.858208656311035156e-01
3.836104869842529297e-01
3.809230327606201172e-01
3.851823806762695312e-01
3.838617801666259766e-01
3.863799571990966797e-01
3.832640647888183594e-01
3.966403007507324219e-01
3.868594169616699219e-01
3.846054077148437500e-01
3.851397037506103516e-01
3.820800781250000000e-01
3.821465969085693359e-01
3.891334533691406250e-01
3.955729007720947266e-01
3.862900733947753906e-01
3.865883350372314453e-01
3.818933963775634766e-01
3.816354274749755859e-01
3.859279155731201172e-01
3.834314346313476562e-01
3.831367492675781250e-01
3.811295032501220703e-01
3.878800868988037109e-01
3.861489295959472656e-01
3.886532783508300781e-01
3.835024833679199219e-01
3.842098712921142578e-01
3.858482837677001953e-01
3.917086124420166016e-01
3.853576183319091797e-01
3.819856643676757812e-01
3.818473815917968750e-01
3.814342021942138672e-01
3.862659931182861328e-01
3.863110542297363281e-01
3.845925331115722656e-01
3.793191909790039062e-01
3.854842185974121094e-01
3.856942653656005859e-01
3.807866573333740234e-01
3.990986347198486328e-01
3.827493190765380859e-01
3.812599182128906250e-01
3.874738216400146484e-01
3.807730674743652344e-01
3.886902332305908203e-01
3.837573528289794922e-01
3.842034339904785156e-01
3.874890804290771484e-01
3.829402923583984375e-01
3.896858692169189453e-01
3.805809020996093750e-01
3.856933116912841797e-01
3.801314830780029297e-01
3.818159103393554688e-01
4.010879993438720703e-01
7.202141284942626953e-01
3.833634853363037109e-01
3.817956447601318359e-01
3.845672607421875000e-01
3.913803100585937500e-01
3.811354637145996094e-01
3.850283622741699219e-01
3.816566467285156250e-01
3.830041885375976562e-01
3.915717601776123047e-01
3.806400299072265625e-01
3.856465816497802734e-01
3.839879035949707031e-01
3.793330192565917969e-01
3.915367126464843750e-01
3.866219520568847656e-01
3.847556114196777344e-01
3.826091289520263672e-01
3.801524639129638672e-01
3.900270462036132812e-01
3.831121921539306641e-01
3.867518901824951172e-01
3.820791244506835938e-01
3.831598758697509766e-01
3.855133056640625000e-01
3.813045024871826172e-01
3.905942440032958984e-01
3.845448493957519531e-01
3.825695514678955078e-01
3.960344791412353516e-01
3.828401565551757812e-01
3.887524604797363281e-01
3.809528350830078125e-01
3.842382431030273438e-01
3.911106586456298828e-01
3.873503208160400391e-01
3.878130912780761719e-01
3.919749259948730469e-01
3.825869560241699219e-01
3.907878398895263672e-01
3.867037296295166016e-01
3.921713829040527344e-01
3.849761486053466797e-01
3.827280998229980469e-01
3.885154724121093750e-01
3.854827880859375000e-01
3.876864910125732422e-01
3.816218376159667969e-01
3.848657608032226562e-01
3.887166976928710938e-01
3.848953247070312500e-01
3.836717605590820312e-01
3.849313259124755859e-01
3.854534626007080078e-01
3.890912532806396484e-01
3.845803737640380859e-01
3.818309307098388672e-01
3.847672939300537109e-01
3.876352310180664062e-01
3.889746665954589844e-01
3.878438472747802734e-01
3.828430175781250000e-01
3.882770538330078125e-01
3.853814601898193359e-01
3.909778594970703125e-01
3.812177181243896484e-01
3.840775489807128906e-01
3.839895725250244141e-01
3.795208930969238281e-01
3.873157501220703125e-01
3.963398933410644531e-01
3.905322551727294922e-01
3.867576122283935547e-01
3.822679519653320312e-01
3.864676952362060547e-01
3.840136528015136719e-01
3.816583156585693359e-01
3.934023380279541016e-01
3.851811885833740234e-01
3.866705894470214844e-01
3.874149322509765625e-01
3.825638294219970703e-01
3.900058269500732422e-01
3.798439502716064453e-01
3.868024349212646484e-01
3.844025135040283203e-01
3.811874389648437500e-01
3.924872875213623047e-01
3.831384181976318359e-01
