2.431584136657714890e+00
2.340818030624389756e+00
2.268899568176269366e+00
2.212298613510131684e+00
2.196140790328979353e+00
2.133272658233642538e+00
2.109804003372192316e+00
2.075860086746216027e+00
2.055227540740966585e+00
2.002825069808960023e+00
1.983926072235107529e+00
1.992465241317749047e+00
1.967987996826171981e+00
1.960722222442627061e+00
1.930611173477172926e+00
1.916770948448181189e+00
1.925401000099182136e+00
1.903859500923156700e+00
1.896692890739440918e+00
1.878556424560546834e+00
1.898231209945678621e+00
1.870143483276367258e+00
1.880144078445434630e+00
1.864348499603271536e+00
1.853159446640014751e+00
1.854151198730468852e+00
1.839959798698425297e+00
1.846649183654785142e+00
1.847885019912719695e+00
1.836184867172241164e+00
1.845323599815368754e+00
1.819182446136474507e+00
1.850761301269531200e+00
1.843310873794555604e+00
1.824409065856933632e+00
1.834982643928527724e+00
1.846838944473266686e+00
1.868879147338867286e+00
1.857644804000854410e+00
1.821560698432922454e+00
1.852456010360717720e+00
1.846851841011047268e+00
1.818141874694824134e+00
1.847902480278015069e+00
1.845457360687255965e+00
1.850768632965087868e+00
1.828970359802246204e+00
1.843447376899719270e+00
1.838756010665893559e+00
1.855780498580932525e+00
1.882868343887329043e+00
1.843793300628662202e+00
1.852161394081115686e+00
1.869034919776916492e+00
1.861393794097900400e+00
1.838348448143005465e+00
1.869293928489685008e+00
1.884931289024353029e+00
1.836184013862609765e+00
1.912898631210327105e+00
1.889155063476562590e+00
1.856431423606872633e+00
1.864149318923950194e+00
1.890187236709594654e+00
1.852529026412963908e+00
1.901718258361816405e+00
1.863116031341552681e+00
1.895572578201293990e+00
1.881386827163696207e+00
1.888745151824951174e+00
1.877665548706054732e+00
1.865151269989013594e+00
1.848299391403198211e+00
1.849767880554199273e+00
1.854850866470336923e+00
1.881012352409362709e+00
1.879076113815307592e+00
1.843554951019287014e+00
1.809729019737243760e+00
1.799820704383850112e+00
1.831811446151733414e+00
1.872545191841125556e+00
1.806595108528137317e+00
1.836545910491943268e+00
1.839266804161071800e+00
1.852087732162475575e+00
1.820237272071838275e+00
1.848895128326416115e+00
1.851481102523803601e+00
1.870763524246215725e+00
1.832400659713745217e+00
1.868921599197387762e+00
1.843574777641296292e+00
1.863664410705566432e+00
1.863473660125732456e+00
1.844023945465087966e+00
1.830823168945312496e+00
1.851095339241027871e+00
1.876185945854186965e+00
1.836635158004760848e+00
1.653432394828796337e+00
1.667159307899475085e+00
1.670086707954406835e+00
1.691439202194213953e+00
1.682616301460266195e+00
1.666630359535217210e+00
1.677272483139037984e+00
1.665955438232421981e+00
1.666529881935119528e+00
1.650481083679199212e+00
1.671669516372680686e+00
1.670396741256713780e+00
1.673038727073669518e+00
1.669129367675781239e+00
1.663431885986328185e+00
1.647745387229919478e+00
1.663898503036498999e+00
1.647042624702453661e+00
1.650259660339355561e+00
1.644127014274597176e+00
1.641793048400878918e+00
1.652737486381530729e+00
1.628074853706359848e+00
1.661550967063903705e+00
1.635261481704711972e+00
1.643256227874755782e+00
1.643733985862732006e+00
1.661481335411071791e+00
1.656601423683166541e+00
1.658755225830078173e+00
1.646315092773437572e+00
1.657178630065917924e+00
1.636676986541748091e+00
1.641345552101135308e+00
1.640086283874511608e+00
1.650240653343200581e+00
1.640050317611694286e+00
1.638856478233337466e+00
1.656701988830566297e+00
1.641146921386718693e+00
1.652558797645568900e+00
1.658240882034301755e+00
1.641002760772705127e+00
1.657276178169250436e+00
1.647847733078003030e+00
1.641920724868774384e+00
1.645406227531433174e+00
1.621288979873657166e+00
1.632395495719909606e+00
1.633589811630248967e+00
1.640441116256713849e+00
1.607474749412536541e+00
1.629484344711303656e+00
1.625382294464111421e+00
1.625532507133483850e+00
1.635769155578613354e+00
1.606271666336059667e+00
1.619439874954223590e+00
1.639636186332702694e+00
1.602765724258422786e+00
1.610018480606079105e+00
1.612025008449554431e+00
1.623114456291198771e+00
1.615958148345947309e+00
1.601180902023315422e+00
1.614810487022399821e+00
1.636755926208496081e+00
1.612055751533508330e+00
1.615161157131195013e+00
1.612627427024841298e+00
1.607763074607849063e+00
1.614143432807922274e+00
1.630483766212463381e+00
1.625190755119323649e+00
1.614944442481994535e+00
1.624746201477050844e+00
1.622628340682983339e+00
1.578490630531311112e+00
1.621630285835266028e+00
1.623084857444763163e+00
1.625559717216491729e+00
1.636825920867919892e+00
1.611212861557006937e+00
1.623656792984008890e+00
1.624100820121765043e+00
1.632456936149597082e+00
1.610320197982788137e+00
1.616608739166259801e+00
1.635959030189514163e+00
1.617173369941711458e+00
1.618128844528198274e+00
1.622916032981872592e+00
1.623116260910034248e+00
1.626091748886108412e+00
1.613878472900390548e+00
1.628159080467224129e+00
1.602374804077148385e+00
1.625934949913024896e+00
1.613523990402221608e+00
1.620435342903137288e+00
