1.284645199775695801e+01
1.229761028289794922e+01
1.233879780769348145e+01
1.229008150100708008e+01
1.230866885185241699e+01
1.230532550811767578e+01
1.227618098258972168e+01
1.233277130126953125e+01
1.230188584327697754e+01
1.234680294990539551e+01
1.234002900123596191e+01
1.237257575988769531e+01
1.234209752082824707e+01
1.238876843452453613e+01
1.237163805961608887e+01
1.232466650009155273e+01
1.232383251190185547e+01
1.241397690773010254e+01
1.228833293914794922e+01
1.237662291526794434e+01
1.233280301094055176e+01
1.235307455062866211e+01
1.237824797630310059e+01
1.241978406906127930e+01
1.230816316604614258e+01
1.246813416481018066e+01
1.231762576103210449e+01
1.237418651580810547e+01
1.238430404663085938e+01
1.241365289688110352e+01
1.239438462257385254e+01
1.235886430740356445e+01
1.234714126586914062e+01
1.251776313781738281e+01
1.238502645492553711e+01
1.232446622848510742e+01
1.238564109802246094e+01
1.244670009613037109e+01
1.237665915489196777e+01
1.233328747749328613e+01
1.238588023185729980e+01
1.242943787574768066e+01
1.237970399856567383e+01
1.238818216323852539e+01
1.233724069595336914e+01
1.238955402374267578e+01
1.241501927375793457e+01
1.237152600288391113e+01
1.236784696578979492e+01
1.236138200759887695e+01
1.238369750976562500e+01
1.238913679122924805e+01
1.236110472679138184e+01
1.236104178428649902e+01
1.231950354576110840e+01
1.235088443756103516e+01
1.230004215240478516e+01
1.230991649627685547e+01
1.234190249443054199e+01
1.240497541427612305e+01
1.242027640342712402e+01
1.234414219856262207e+01
1.243037629127502441e+01
1.242734479904174805e+01
1.237772035598754883e+01
1.231773304939270020e+01
1.232802104949951172e+01
1.237938714027404785e+01
1.233869218826293945e+01
1.230680441856384277e+01
1.231698489189147949e+01
1.242070174217224121e+01
1.232791280746459961e+01
1.242564797401428223e+01
1.229352974891662598e+01
1.246462273597717285e+01
1.236765027046203613e+01
1.239583277702331543e+01
1.230556011199951172e+01
1.237715506553649902e+01
1.238742685317993164e+01
1.240505743026733398e+01
1.234970664978027344e+01
1.237307405471801758e+01
1.243997454643249512e+01
1.228076457977294922e+01
1.230455589294433594e+01
1.240185594558715820e+01
1.234125733375549316e+01
1.234791254997253418e+01
1.234910035133361816e+01
1.233074712753295898e+01
1.234630370140075684e+01
1.234545850753784180e+01
1.237549805641174316e+01
1.236404561996459961e+01
1.237947607040405273e+01
1.231490588188171387e+01
1.240861940383911133e+01
1.236509394645690918e+01
1.240371680259704590e+01
1.242529940605163574e+01
1.241822171211242676e+01
1.240855550765991211e+01
1.235124421119689941e+01
1.238051033020019531e+01
1.230282068252563477e+01
1.229592132568359375e+01
1.232032203674316406e+01
1.231936001777648926e+01
1.244687700271606445e+01
1.220674920082092285e+01
1.241628646850585938e+01
1.233644461631774902e+01
1.242319250106811523e+01
1.236143851280212402e+01
1.237822270393371582e+01
1.237232637405395508e+01
1.236668515205383301e+01
1.239244914054870605e+01
1.234801459312438965e+01
1.240043830871582031e+01
1.239183974266052246e+01
1.238530254364013672e+01
1.232824659347534180e+01
1.241722822189331055e+01
1.239691114425659180e+01
1.233089542388916016e+01
1.235321664810180664e+01
1.235168480873107910e+01
1.233632993698120117e+01
1.237771463394165039e+01
1.231175065040588379e+01
1.231059479713439941e+01
1.239116501808166504e+01
1.233507919311523438e+01
1.239029312133789062e+01
1.238615250587463379e+01
1.235492825508117676e+01
1.229555678367614746e+01
1.233438682556152344e+01
1.234120082855224609e+01
1.231252789497375488e+01
1.231041336059570312e+01
1.228364253044128418e+01
1.242947721481323242e+01
1.237942624092102051e+01
1.228845477104187012e+01
1.242045950889587402e+01
1.231839466094970703e+01
1.231969094276428223e+01
1.230679893493652344e+01
1.233932757377624512e+01
1.229892539978027344e+01
1.237049198150634766e+01
1.241165709495544434e+01
1.237232518196105957e+01
1.235945200920104980e+01
1.233586192131042480e+01
1.239343810081481934e+01
1.232330846786499023e+01
1.233858537673950195e+01
1.234218478202819824e+01
1.233270144462585449e+01
1.235866212844848633e+01
1.227994179725646973e+01
1.230552864074707031e+01
1.230198287963867188e+01
1.232098293304443359e+01
1.234425163269042969e+01
1.244446873664855957e+01
1.237085676193237305e+01
1.232777667045593262e+01
1.237922072410583496e+01
1.233509874343872070e+01
1.228775835037231445e+01
1.232268023490905762e+01
1.235497975349426270e+01
1.235077404975891113e+01
1.234102344512939453e+01
1.228714370727539062e+01
1.239486384391784668e+01
1.240360856056213379e+01
1.232393407821655273e+01
1.231313848495483398e+01
1.234736108779907227e+01
1.227148032188415527e+01
1.237084245681762695e+01
1.231874394416809082e+01
1.232694172859191895e+01
1.230863571166992188e+01
1.239108014106750488e+01
1.236971569061279297e+01
1.231013560295104980e+01
1.237791967391967773e+01
1.235213136672973633e+01
1.235181450843811035e+01
1.232168126106262207e+01
1.236521434783935547e+01
1.238228034973144531e+01
