3.969140052795410156e-01
3.964869976043701172e-01
3.899111747741699219e-01
3.943026065826416016e-01
3.915448188781738281e-01
3.845217227935791016e-01
3.864445686340332031e-01
3.821575641632080078e-01
3.797833919525146484e-01
3.868505954742431641e-01
3.843002319335937500e-01
3.811261653900146484e-01
3.837351799011230469e-01
3.811514377593994141e-01
3.928267955780029297e-01
3.856806755065917969e-01
3.827266693115234375e-01
3.853058815002441406e-01
3.782958984375000000e-01
3.866188526153564453e-01
3.813846111297607422e-01
3.847994804382324219e-01
3.888812065124511719e-01
3.828403949737548828e-01
3.898673057556152344e-01
3.833942413330078125e-01
3.835847377777099609e-01
3.863739967346191406e-01
3.806777000427246094e-01
3.971312046051025391e-01
3.793895244598388672e-01
3.853116035461425781e-01
3.863942623138427734e-01
3.839294910430908203e-01
3.903965950012207031e-01
3.850691318511962891e-01
3.833472728729248047e-01
3.856015205383300781e-01
3.816871643066406250e-01
3.898947238922119141e-01
3.838834762573242188e-01
3.794615268707275391e-01
3.888375759124755859e-01
3.820755481719970703e-01
3.852884769439697266e-01
3.851988315582275391e-01
3.818242549896240234e-01
3.855469226837158203e-01
3.780546188354492188e-01
3.886809349060058594e-01
3.839817047119140625e-01
3.816189765930175781e-01
3.815395832061767578e-01
3.925199508666992188e-01
3.858671188354492188e-01
3.836402893066406250e-01
3.809790611267089844e-01
3.852453231811523438e-01
3.838772773742675781e-01
3.864221572875976562e-01
3.833212852478027344e-01
3.966879844665527344e-01
3.868649005889892578e-01
3.846316337585449219e-01
3.845469951629638672e-01
3.820810317993164062e-01
3.821713924407958984e-01
3.891530036926269531e-01
3.955993652343750000e-01
3.863251209259033203e-01
3.865950107574462891e-01
3.818922042846679688e-01
3.816628456115722656e-01
3.859894275665283203e-01
3.834939002990722656e-01
3.831682205200195312e-01
3.811099529266357422e-01
3.878676891326904297e-01
3.862147331237792969e-01
3.886625766754150391e-01
3.835029602050781250e-01
3.841910362243652344e-01
3.858559131622314453e-01
3.917496204376220703e-01
3.853936195373535156e-01
3.819940090179443359e-01
3.818764686584472656e-01
3.814733028411865234e-01
3.863110542297363281e-01
3.863222599029541016e-01
3.846383094787597656e-01
3.793163299560546875e-01
3.855102062225341797e-01
3.856949806213378906e-01
3.808102607727050781e-01
3.991377353668212891e-01
3.827595710754394531e-01
3.813107013702392578e-01
3.874826431274414062e-01
3.807902336120605469e-01
3.886971473693847656e-01
3.837897777557373047e-01
3.842303752899169922e-01
3.875105381011962891e-01
3.828999996185302734e-01
3.897061347961425781e-01
3.806512355804443359e-01
3.857305049896240234e-01
3.801877498626708984e-01
3.818650245666503906e-01
4.010915756225585938e-01
7.324795722961425781e-01
3.833703994750976562e-01
3.817977905273437500e-01
3.845999240875244141e-01
3.913609981536865234e-01
3.811445236206054688e-01
3.850636482238769531e-01
3.816814422607421875e-01
3.830001354217529297e-01
3.916075229644775391e-01
3.806848526000976562e-01
3.856785297393798828e-01
3.840148448944091797e-01
3.793377876281738281e-01
3.915641307830810547e-01
3.866214752197265625e-01
3.847737312316894531e-01
3.826470375061035156e-01
3.801567554473876953e-01
3.900389671325683594e-01
3.830952644348144531e-01
3.867466449737548828e-01
3.821167945861816406e-01
3.831899166107177734e-01
3.855419158935546875e-01
3.813264369964599609e-01
3.906261920928955078e-01
3.845899105072021484e-01
3.826258182525634766e-01
3.960623741149902344e-01
3.828949928283691406e-01
3.887901306152343750e-01
3.809807300567626953e-01
3.843004703521728516e-01
3.911309242248535156e-01
3.873770236968994141e-01
3.878588676452636719e-01
3.919992446899414062e-01
3.826241493225097656e-01
3.908362388610839844e-01
3.867299556732177734e-01
3.921937942504882812e-01
3.849890232086181641e-01
3.827407360076904297e-01
3.885123729705810547e-01
3.855085372924804688e-01
3.876845836639404297e-01
3.816564083099365234e-01
3.849172592163085938e-01
3.887817859649658203e-01
3.849732875823974609e-01
3.837063312530517578e-01
3.850002288818359375e-01
3.854517936706542969e-01
3.891115188598632812e-01
3.846082687377929688e-01
3.818612098693847656e-01
3.848176002502441406e-01
3.876571655273437500e-01
3.889708518981933594e-01
3.878390789031982422e-01
3.828916549682617188e-01
3.883297443389892578e-01
3.854117393493652344e-01
3.910195827484130859e-01
3.812446594238281250e-01
3.840894699096679688e-01
3.839952945709228516e-01
3.795387744903564453e-01
3.873693943023681641e-01
3.963363170623779297e-01
3.905441761016845703e-01
3.868343830108642578e-01
3.822824954986572266e-01
3.864908218383789062e-01
3.840484619140625000e-01
3.816764354705810547e-01
3.934340476989746094e-01
3.852145671844482422e-01
3.866972923278808594e-01
3.874425888061523438e-01
3.825938701629638672e-01
3.900554180145263672e-01
3.798282146453857422e-01
3.868143558502197266e-01
3.844017982482910156e-01
3.812181949615478516e-01
3.924913406372070312e-01
3.832161426544189453e-01
