1.000000000000000000e+01
1.292000007629394531e+01
1.486999988555908203e+01
1.787999916076660156e+01
1.810000038146972656e+01
2.525000000000000000e+01
2.114999961853027344e+01
2.247999954223632812e+01
2.452999877929687500e+01
2.828999900817871094e+01
2.851999855041503906e+01
2.605999946594238281e+01
3.069999885559082031e+01
3.216999816894531250e+01
3.277999877929687500e+01
2.745999908447265625e+01
3.154999923706054688e+01
2.855999946594238281e+01
2.931999969482421875e+01
2.884000015258789062e+01
3.001999855041503906e+01
3.250000000000000000e+01
3.181999969482421875e+01
2.890999984741210938e+01
3.466999816894531250e+01
3.178999900817871094e+01
3.332999801635742188e+01
3.192000007629394531e+01
3.529999923706054688e+01
3.034999847412109375e+01
3.515999984741210938e+01
3.144999885559082031e+01
3.636000061035156250e+01
3.206999969482421875e+01
3.297999954223632812e+01
3.461000061035156250e+01
3.306999969482421875e+01
3.405999755859375000e+01
3.662999725341796875e+01
3.529000091552734375e+01
3.365999984741210938e+01
3.616999816894531250e+01
3.147999954223632812e+01
3.643999862670898438e+01
3.498999786376953125e+01
3.691999816894531250e+01
3.675000000000000000e+01
3.715999984741210938e+01
3.238000106811523438e+01
3.684000015258789062e+01
3.629999923706054688e+01
3.461999893188476562e+01
3.670999908447265625e+01
3.564999771118164062e+01
3.670000076293945312e+01
3.829000091552734375e+01
3.763999938964843750e+01
3.668000030517578125e+01
3.730999755859375000e+01
3.593000030517578125e+01
3.506999969482421875e+01
3.470999908447265625e+01
3.575000000000000000e+01
3.777999877929687500e+01
3.320999908447265625e+01
3.770999908447265625e+01
3.638999938964843750e+01
3.318999862670898438e+01
3.615999984741210938e+01
3.815999984741210938e+01
3.545000076293945312e+01
3.823999786376953125e+01
3.661000061035156250e+01
3.534000015258789062e+01
3.788999938964843750e+01
3.716999816894531250e+01
3.636000061035156250e+01
3.680999755859375000e+01
3.709999847412109375e+01
3.693000030517578125e+01
3.893000030517578125e+01
3.391999816894531250e+01
3.886999893188476562e+01
2.803999900817871094e+01
3.977999877929687500e+01
3.915999984741210938e+01
3.704000091552734375e+01
3.973999786376953125e+01
3.487999725341796875e+01
3.861999893188476562e+01
3.879000091552734375e+01
3.800000000000000000e+01
3.896999740600585938e+01
3.973999786376953125e+01
3.800999832153320312e+01
3.790999984741210938e+01
3.804999923706054688e+01
3.816999816894531250e+01
3.471999740600585938e+01
3.795999908447265625e+01
4.150999832153320312e+01
4.243000030517578125e+01
4.254999923706054688e+01
4.275999832153320312e+01
4.318000030517578125e+01
4.322999954223632812e+01
4.343999862670898438e+01
4.352999877929687500e+01
4.357999801635742188e+01
4.352999877929687500e+01
4.409000015258789062e+01
4.443000030517578125e+01
4.361000061035156250e+01
4.423999786376953125e+01
4.453999710083007812e+01
4.409000015258789062e+01
4.431999969482421875e+01
4.473999786376953125e+01
4.462999725341796875e+01
4.439999771118164062e+01
4.490999984741210938e+01
4.463999938964843750e+01
4.487999725341796875e+01
4.521999740600585938e+01
4.503999710083007812e+01
4.529999923706054688e+01
4.553999710083007812e+01
4.552000045776367188e+01
4.518000030517578125e+01
4.531999969482421875e+01
4.536000061035156250e+01
4.465999984741210938e+01
4.539999771118164062e+01
4.540999984741210938e+01
4.577999877929687500e+01
4.552999877929687500e+01
4.556999969482421875e+01
4.572999954223632812e+01
4.561999893188476562e+01
4.584999847412109375e+01
4.584999847412109375e+01
4.625999832153320312e+01
4.625000000000000000e+01
4.409000015258789062e+01
4.565999984741210938e+01
4.596999740600585938e+01
4.600000000000000000e+01
4.663999938964843750e+01
4.659000015258789062e+01
4.669999694824218750e+01
4.669999694824218750e+01
4.675000000000000000e+01
4.673999786376953125e+01
4.680999755859375000e+01
4.671999740600585938e+01
4.671999740600585938e+01
4.677999877929687500e+01
4.664999771118164062e+01
4.672999954223632812e+01
4.669999694824218750e+01
4.689999771118164062e+01
4.656999969482421875e+01
4.686999893188476562e+01
4.684999847412109375e+01
4.688999938964843750e+01
4.690999984741210938e+01
4.680999755859375000e+01
4.678999710083007812e+01
4.686000061035156250e+01
4.687999725341796875e+01
4.673999786376953125e+01
4.688999938964843750e+01
4.694999694824218750e+01
4.687999725341796875e+01
4.679999923706054688e+01
4.677000045776367188e+01
4.700999832153320312e+01
4.702000045776367188e+01
4.689999771118164062e+01
4.706999969482421875e+01
4.686999893188476562e+01
4.680999755859375000e+01
4.679999923706054688e+01
4.693000030517578125e+01
4.693000030517578125e+01
4.704999923706054688e+01
4.682999801635742188e+01
4.678999710083007812e+01
4.700000000000000000e+01
4.693999862670898438e+01
4.697999954223632812e+01
4.697999954223632812e+01
4.684999847412109375e+01
4.690999984741210938e+01
4.700000000000000000e+01
4.703999710083007812e+01
4.700000000000000000e+01
4.702000045776367188e+01
4.736999893188476562e+01
4.703999710083007812e+01
