1.000000000000000000e+01
1.653999900817871094e+01
1.818999862670898438e+01
1.984000015258789062e+01
1.952000045776367188e+01
2.270999908447265625e+01
2.746999931335449219e+01
2.623999977111816406e+01
2.628999900817871094e+01
3.032999992370605469e+01
2.962999916076660156e+01
3.052999877929687500e+01
3.012999916076660156e+01
2.984999847412109375e+01
2.819999885559082031e+01
3.092999839782714844e+01
3.220000076293945312e+01
3.055999946594238281e+01
3.097999954223632812e+01
3.142999839782714844e+01
3.059999847412109375e+01
3.197999954223632812e+01
2.767999839782714844e+01
3.181999969482421875e+01
3.427999877929687500e+01
3.234999847412109375e+01
3.156999969482421875e+01
3.313000106811523438e+01
3.461999893188476562e+01
3.307999801635742188e+01
3.067000007629394531e+01
3.196999931335449219e+01
3.534999847412109375e+01
3.363999938964843750e+01
3.461999893188476562e+01
3.234999847412109375e+01
3.513999938964843750e+01
3.354999923706054688e+01
3.366999816894531250e+01
3.398999786376953125e+01
3.556999969482421875e+01
3.290999984741210938e+01
3.423999786376953125e+01
3.330999755859375000e+01
3.684000015258789062e+01
3.645000076293945312e+01
3.646999740600585938e+01
3.514999771118164062e+01
3.561000061035156250e+01
3.407999801635742188e+01
3.665999984741210938e+01
3.541999816894531250e+01
3.745999908447265625e+01
3.359999847412109375e+01
3.734000015258789062e+01
3.493000030517578125e+01
3.511999893188476562e+01
3.593000030517578125e+01
3.679999923706054688e+01
3.748999786376953125e+01
3.659000015258789062e+01
3.497999954223632812e+01
3.159000015258789062e+01
3.648999786376953125e+01
3.615999984741210938e+01
3.087999916076660156e+01
3.322999954223632812e+01
3.541999816894531250e+01
3.680999755859375000e+01
3.788999938964843750e+01
3.468000030517578125e+01
3.711000061035156250e+01
3.379999923706054688e+01
3.723999786376953125e+01
3.680999755859375000e+01
3.462999725341796875e+01
3.445999908447265625e+01
3.859999847412109375e+01
3.688999938964843750e+01
3.765999984741210938e+01
3.693000030517578125e+01
3.705999755859375000e+01
3.688999938964843750e+01
3.595999908447265625e+01
3.734000015258789062e+01
3.670000076293945312e+01
3.750000000000000000e+01
3.804999923706054688e+01
3.898999786376953125e+01
3.711000061035156250e+01
3.800000000000000000e+01
3.948999786376953125e+01
3.948999786376953125e+01
3.734000015258789062e+01
3.888999938964843750e+01
3.723999786376953125e+01
3.795000076293945312e+01
3.895000076293945312e+01
3.736999893188476562e+01
3.902999877929687500e+01
4.207999801635742188e+01
4.265999984741210938e+01
4.236999893188476562e+01
4.275000000000000000e+01
4.307999801635742188e+01
4.348999786376953125e+01
4.361000061035156250e+01
4.316999816894531250e+01
4.352000045776367188e+01
4.407999801635742188e+01
4.409999847412109375e+01
4.312999725341796875e+01
4.427999877929687500e+01
4.443999862670898438e+01
4.439999771118164062e+01
4.420999908447265625e+01
4.454999923706054688e+01
4.465999984741210938e+01
4.437999725341796875e+01
4.466999816894531250e+01
4.445999908447265625e+01
4.439999771118164062e+01
4.520000076293945312e+01
4.495999908447265625e+01
4.491999816894531250e+01
4.509999847412109375e+01
4.515999984741210938e+01
4.509999847412109375e+01
4.493000030517578125e+01
4.518000030517578125e+01
4.539999771118164062e+01
4.498999786376953125e+01
4.509000015258789062e+01
4.518000030517578125e+01
4.454999923706054688e+01
4.559000015258789062e+01
4.570999908447265625e+01
4.554999923706054688e+01
4.611999893188476562e+01
4.577999877929687500e+01
4.509999847412109375e+01
4.584999847412109375e+01
4.612999725341796875e+01
4.552000045776367188e+01
4.619999694824218750e+01
4.611999893188476562e+01
4.668999862670898438e+01
4.627000045776367188e+01
4.652999877929687500e+01
4.684000015258789062e+01
4.680999755859375000e+01
4.687999725341796875e+01
4.671999740600585938e+01
4.679999923706054688e+01
4.675999832153320312e+01
4.686999893188476562e+01
4.661999893188476562e+01
4.677999877929687500e+01
4.670999908447265625e+01
4.671999740600585938e+01
4.681999969482421875e+01
4.672999954223632812e+01
4.700000000000000000e+01
4.686000061035156250e+01
4.705999755859375000e+01
4.691999816894531250e+01
4.688999938964843750e+01
4.659000015258789062e+01
4.682999801635742188e+01
4.686999893188476562e+01
4.689999771118164062e+01
4.686000061035156250e+01
4.666999816894531250e+01
4.681999969482421875e+01
4.689999771118164062e+01
4.678999710083007812e+01
4.668000030517578125e+01
4.694999694824218750e+01
4.695999908447265625e+01
4.709000015258789062e+01
4.709000015258789062e+01
4.686999893188476562e+01
4.697999954223632812e+01
4.696999740600585938e+01
4.677000045776367188e+01
4.693999862670898438e+01
4.690999984741210938e+01
4.702999877929687500e+01
4.694999694824218750e+01
4.693999862670898438e+01
4.689999771118164062e+01
4.703999710083007812e+01
4.688999938964843750e+01
4.719999694824218750e+01
4.711000061035156250e+01
4.707999801635742188e+01
4.698999786376953125e+01
4.705999755859375000e+01
4.693999862670898438e+01
4.709000015258789062e+01
