1.326213216781616211e+01
1.259263825416564941e+01
1.265640950202941895e+01
1.278834819793701172e+01
1.274976062774658203e+01
1.267767000198364258e+01
1.276273560523986816e+01
1.268175578117370605e+01
1.275146627426147461e+01
1.272568678855895996e+01
1.277967309951782227e+01
1.278377366065979004e+01
1.285420918464660645e+01
1.272599840164184570e+01
1.277681493759155273e+01
1.280079102516174316e+01
1.280143857002258301e+01
1.272693347930908203e+01
1.274116516113281250e+01
1.274783158302307129e+01
1.271521568298339844e+01
1.279621434211730957e+01
1.275925660133361816e+01
1.273379945755004883e+01
1.276847100257873535e+01
1.273513007164001465e+01
1.290090322494506836e+01
1.279866528511047363e+01
1.279321050643920898e+01
1.275374722480773926e+01
1.275991535186767578e+01
1.269777941703796387e+01
1.274469780921936035e+01
1.274720454216003418e+01
1.275792574882507324e+01
1.276772522926330566e+01
1.279989957809448242e+01
1.272634553909301758e+01
1.273413968086242676e+01
1.293696284294128418e+01
1.273869681358337402e+01
1.277790808677673340e+01
1.280481529235839844e+01
1.279957723617553711e+01
1.277261400222778320e+01
1.276315546035766602e+01
1.276162219047546387e+01
1.284660911560058594e+01
1.272823572158813477e+01
1.279550266265869141e+01
1.278852677345275879e+01
1.274171447753906250e+01
1.275324296951293945e+01
1.270349645614624023e+01
1.277966547012329102e+01
1.276053762435913086e+01
1.281323432922363281e+01
1.281492805480957031e+01
1.274501442909240723e+01
1.272321724891662598e+01
1.277288317680358887e+01
1.284858894348144531e+01
1.277057218551635742e+01
1.272332668304443359e+01
1.278626298904418945e+01
1.275099635124206543e+01
1.277382063865661621e+01
1.275318241119384766e+01
1.281887078285217285e+01
1.273602938652038574e+01
1.276137733459472656e+01
1.273537468910217285e+01
1.275257635116577148e+01
1.273050546646118164e+01
1.279642891883850098e+01
1.272484850883483887e+01
1.273839664459228516e+01
1.270497250556945801e+01
1.289232969284057617e+01
1.271242046356201172e+01
1.271027255058288574e+01
1.275641298294067383e+01
1.278339266777038574e+01
1.275411105155944824e+01
1.273512172698974609e+01
1.277878642082214355e+01
1.280885791778564453e+01
1.271646118164062500e+01
1.281264519691467285e+01
1.284849619865417480e+01
1.273621964454650879e+01
1.279616475105285645e+01
1.280651879310607910e+01
1.272081494331359863e+01
1.285073113441467285e+01
1.283325123786926270e+01
1.275365686416625977e+01
1.284717464447021484e+01
1.282275748252868652e+01
1.272543406486511230e+01
1.271926808357238770e+01
1.276100158691406250e+01
1.273700618743896484e+01
1.276999568939208984e+01
1.273882865905761719e+01
1.281383299827575684e+01
1.281102371215820312e+01
1.282937693595886230e+01
1.280275535583496094e+01
1.281746029853820801e+01
1.275805234909057617e+01
1.285062193870544434e+01
1.277167558670043945e+01
1.277828025817871094e+01
1.278495669364929199e+01
1.272019290924072266e+01
1.272442173957824707e+01
1.274236178398132324e+01
1.281531906127929688e+01
1.282124161720275879e+01
1.273133707046508789e+01
1.277021551132202148e+01
1.275332641601562500e+01
1.274663710594177246e+01
1.272483134269714355e+01
1.272443175315856934e+01
1.279097819328308105e+01
1.274633407592773438e+01
1.286868262290954590e+01
1.275739383697509766e+01
1.279370164871215820e+01
1.270542573928833008e+01
1.277073526382446289e+01
1.283519649505615234e+01
1.274311661720275879e+01
1.274042820930480957e+01
1.274182510375976562e+01
1.282541108131408691e+01
1.278587436676025391e+01
1.283130264282226562e+01
1.280080986022949219e+01
1.285584926605224609e+01
1.285872840881347656e+01
1.273608136177062988e+01
1.282561922073364258e+01
1.271501135826110840e+01
1.277009510993957520e+01
1.276194834709167480e+01
1.274826359748840332e+01
1.274408841133117676e+01
1.291882348060607910e+01
1.276518058776855469e+01
1.278666138648986816e+01
1.279288315773010254e+01
1.280161046981811523e+01
1.268999791145324707e+01
1.273026895523071289e+01
1.272921562194824219e+01
1.271543359756469727e+01
1.274004435539245605e+01
1.285861468315124512e+01
1.284099650382995605e+01
1.276185178756713867e+01
1.289766907691955566e+01
1.271982717514038086e+01
1.274703502655029297e+01
1.272940421104431152e+01
1.271896433830261230e+01
1.283155846595764160e+01
1.278067636489868164e+01
1.271782398223876953e+01
1.272126102447509766e+01
1.279602193832397461e+01
1.278981947898864746e+01
1.280306744575500488e+01
1.277151489257812500e+01
1.274805974960327148e+01
1.271800041198730469e+01
1.272861957550048828e+01
1.269610524177551270e+01
1.278666520118713379e+01
1.273267698287963867e+01
1.272352409362792969e+01
1.284456205368041992e+01
1.274395346641540527e+01
1.273713350296020508e+01
1.281412410736083984e+01
1.276267480850219727e+01
1.272780203819274902e+01
1.286377072334289551e+01
1.282082033157348633e+01
1.284999871253967285e+01
1.273650240898132324e+01
1.284750270843505859e+01
1.273365306854248047e+01
1.277690815925598145e+01
1.273076915740966797e+01
1.272089123725891113e+01
1.276158905029296875e+01
1.278669476509094238e+01
