1.000000000000000000e+01
1.323999977111816406e+01
1.378999996185302734e+01
1.794999885559082031e+01
1.863999938964843750e+01
1.968999862670898438e+01
1.979999923706054688e+01
2.138999938964843750e+01
1.915999984741210938e+01
2.109000015258789062e+01
2.143999862670898438e+01
2.135999870300292969e+01
2.478999900817871094e+01
2.765999984741210938e+01
2.642999839782714844e+01
2.314999961853027344e+01
2.684000015258789062e+01
2.626999855041503906e+01
2.627999877929687500e+01
2.397999954223632812e+01
2.892999839782714844e+01
2.972999954223632812e+01
2.550000000000000000e+01
2.725000000000000000e+01
3.118999862670898438e+01
3.030999946594238281e+01
2.838999938964843750e+01
3.089999961853027344e+01
2.861999893188476562e+01
2.853999900817871094e+01
2.718999862670898438e+01
2.737999916076660156e+01
3.071999931335449219e+01
2.837999916076660156e+01
3.009999847412109375e+01
2.981999969482421875e+01
3.080999946594238281e+01
2.850000000000000000e+01
2.944999885559082031e+01
3.109999847412109375e+01
3.218999862670898438e+01
2.912999916076660156e+01
2.934999847412109375e+01
2.964999961853027344e+01
3.379000091552734375e+01
3.230999755859375000e+01
2.946999931335449219e+01
3.000999832153320312e+01
3.072999954223632812e+01
2.992999839782714844e+01
3.017000007629394531e+01
3.270000076293945312e+01
3.241999816894531250e+01
3.371999740600585938e+01
2.976999855041503906e+01
3.173999977111816406e+01
3.311999893188476562e+01
2.951999855041503906e+01
3.211999893188476562e+01
3.293999862670898438e+01
3.377999877929687500e+01
3.110999870300292969e+01
3.265999984741210938e+01
3.162999916076660156e+01
3.372999954223632812e+01
3.243000030517578125e+01
3.377999877929687500e+01
3.096999931335449219e+01
3.127999877929687500e+01
3.106999969482421875e+01
3.291999816894531250e+01
2.997999954223632812e+01
2.977999877929687500e+01
3.176999855041503906e+01
3.309000015258789062e+01
3.054999923706054688e+01
3.452999877929687500e+01
3.391999816894531250e+01
3.100000000000000000e+01
3.434999847412109375e+01
3.313999938964843750e+01
3.359999847412109375e+01
3.380999755859375000e+01
3.430999755859375000e+01
3.568000030517578125e+01
3.522999954223632812e+01
3.348999786376953125e+01
2.823999977111816406e+01
3.320999908447265625e+01
3.050999832153320312e+01
3.318000030517578125e+01
3.540999984741210938e+01
3.391999816894531250e+01
3.182999992370605469e+01
3.527999877929687500e+01
3.359999847412109375e+01
3.355999755859375000e+01
3.504999923706054688e+01
3.182999992370605469e+01
3.209000015258789062e+01
3.681999969482421875e+01
3.745999908447265625e+01
3.787999725341796875e+01
3.777999877929687500e+01
3.786000061035156250e+01
3.845000076293945312e+01
3.837999725341796875e+01
3.857999801635742188e+01
3.845999908447265625e+01
3.937999725341796875e+01
3.893999862670898438e+01
3.843999862670898438e+01
3.898999786376953125e+01
3.890999984741210938e+01
3.923999786376953125e+01
3.898999786376953125e+01
3.873999786376953125e+01
3.911000061035156250e+01
3.915999984741210938e+01
3.905999755859375000e+01
3.909999847412109375e+01
3.877999877929687500e+01
3.962999725341796875e+01
3.918000030517578125e+01
3.911999893188476562e+01
3.891999816894531250e+01
3.965999984741210938e+01
3.968000030517578125e+01
3.897999954223632812e+01
3.928999710083007812e+01
3.882999801635742188e+01
3.946999740600585938e+01
3.923999786376953125e+01
3.934000015258789062e+01
3.907999801635742188e+01
3.931999969482421875e+01
3.890999984741210938e+01
3.959999847412109375e+01
3.871999740600585938e+01
3.900000000000000000e+01
3.950999832153320312e+01
3.915999984741210938e+01
3.854999923706054688e+01
3.959000015258789062e+01
3.938999938964843750e+01
3.922999954223632812e+01
3.929999923706054688e+01
3.998999786376953125e+01
3.914999771118164062e+01
3.902999877929687500e+01
3.984000015258789062e+01
3.979999923706054688e+01
3.977999877929687500e+01
3.977999877929687500e+01
3.973999786376953125e+01
3.973999786376953125e+01
3.966999816894531250e+01
3.980999755859375000e+01
3.963999938964843750e+01
3.959999847412109375e+01
3.975000000000000000e+01
3.965999984741210938e+01
3.989999771118164062e+01
3.971999740600585938e+01
3.970999908447265625e+01
3.950999832153320312e+01
3.984999847412109375e+01
3.959000015258789062e+01
3.975000000000000000e+01
3.962999725341796875e+01
3.977999877929687500e+01
3.971999740600585938e+01
3.959000015258789062e+01
3.963999938964843750e+01
3.979999923706054688e+01
3.995000076293945312e+01
3.982999801635742188e+01
3.977000045776367188e+01
3.982999801635742188e+01
3.975999832153320312e+01
3.998999786376953125e+01
3.973999786376953125e+01
3.952999877929687500e+01
3.961000061035156250e+01
3.961999893188476562e+01
3.957999801635742188e+01
4.013999938964843750e+01
3.995999908447265625e+01
3.965999984741210938e+01
3.952999877929687500e+01
4.000000000000000000e+01
3.984999847412109375e+01
3.993000030517578125e+01
3.997999954223632812e+01
3.991999816894531250e+01
3.990999984741210938e+01
4.007999801635742188e+01
3.978999710083007812e+01
3.978999710083007812e+01
3.993000030517578125e+01
