1.286521816253662109e+01
1.219615125656127930e+01
1.226649832725524902e+01
1.239404559135437012e+01
1.235821580886840820e+01
1.229314827919006348e+01
1.237629103660583496e+01
1.229959821701049805e+01
1.237168288230895996e+01
1.233883619308471680e+01
1.239537286758422852e+01
1.240264749526977539e+01
1.247047400474548340e+01
1.234484696388244629e+01
1.238398814201354980e+01
1.241511034965515137e+01
1.241871190071105957e+01
1.234162759780883789e+01
1.236286926269531250e+01
1.236121273040771484e+01
1.233383107185363770e+01
1.241141486167907715e+01
1.237037539482116699e+01
1.235095906257629395e+01
1.237860369682312012e+01
1.235173583030700684e+01
1.251731848716735840e+01
1.241229128837585449e+01
1.241253280639648438e+01
1.235661602020263672e+01
1.238052582740783691e+01
1.231246781349182129e+01
1.235830354690551758e+01
1.236327505111694336e+01
1.236752915382385254e+01
1.238265609741210938e+01
1.241655230522155762e+01
1.234074401855468750e+01
1.235245251655578613e+01
1.254706811904907227e+01
1.235481333732604980e+01
1.239844655990600586e+01
1.241597771644592285e+01
1.241750168800354004e+01
1.238732552528381348e+01
1.237795662879943848e+01
1.237979793548583984e+01
1.246106219291687012e+01
1.235018110275268555e+01
1.240682172775268555e+01
1.240454506874084473e+01
1.236009550094604492e+01
1.237170338630676270e+01
1.231097650527954102e+01
1.239379835128784180e+01
1.237689733505249023e+01
1.243225526809692383e+01
1.242968273162841797e+01
1.236113715171813965e+01
1.233679509162902832e+01
1.238956189155578613e+01
1.245190095901489258e+01
1.238370728492736816e+01
1.233869504928588867e+01
1.240171599388122559e+01
1.236891531944274902e+01
1.239164924621582031e+01
1.236402940750122070e+01
1.242327141761779785e+01
1.234970426559448242e+01
1.237478232383728027e+01
1.235348248481750488e+01
1.237091350555419922e+01
1.234451603889465332e+01
1.241293501853942871e+01
1.234168028831481934e+01
1.235728669166564941e+01
1.231710481643676758e+01
1.250611495971679688e+01
1.232375788688659668e+01
1.232676959037780762e+01
1.237222194671630859e+01
1.239753675460815430e+01
1.236236143112182617e+01
1.234972810745239258e+01
1.239679241180419922e+01
1.242698144912719727e+01
1.233498787879943848e+01
1.242633414268493652e+01
1.246217393875122070e+01
1.235158133506774902e+01
1.241684842109680176e+01
1.242100858688354492e+01
1.233511996269226074e+01
1.246992087364196777e+01
1.243411350250244141e+01
1.237089729309082031e+01
1.246586394309997559e+01
1.243527483940124512e+01
1.234464383125305176e+01
1.233057093620300293e+01
1.237721180915832520e+01
1.235277581214904785e+01
1.238248515129089355e+01
1.235592865943908691e+01
1.242412686347961426e+01
1.243037247657775879e+01
1.244364643096923828e+01
1.242256760597229004e+01
1.243559527397155762e+01
1.235696077346801758e+01
1.211814236640930176e+01
1.238830518722534180e+01
1.239648246765136719e+01
1.240035676956176758e+01
1.232883191108703613e+01
1.234327721595764160e+01
1.235729813575744629e+01
1.243363761901855469e+01
1.243824148178100586e+01
1.233972954750061035e+01
1.238953065872192383e+01
1.236764788627624512e+01
1.236262226104736328e+01
1.234549355506896973e+01
1.233286762237548828e+01
1.240435671806335449e+01
1.236156034469604492e+01
1.248603558540344238e+01
1.237723708152770996e+01
1.240366268157958984e+01
1.232233047485351562e+01
1.238398861885070801e+01
1.245307970046997070e+01
1.235992670059204102e+01
1.235488629341125488e+01
1.236049866676330566e+01
1.243478488922119141e+01
1.240128445625305176e+01
1.244867682456970215e+01
1.240474748611450195e+01
1.247295427322387695e+01
1.246993827819824219e+01
1.235510063171386719e+01
1.244131875038146973e+01
1.232388043403625488e+01
1.238271808624267578e+01
1.237408947944641113e+01
1.235626435279846191e+01
1.236146426200866699e+01
1.252798724174499512e+01
1.237845063209533691e+01
1.239446759223937988e+01
1.240789413452148438e+01
1.241886973381042480e+01
1.230148553848266602e+01
1.234476041793823242e+01
1.234153103828430176e+01
1.233377718925476074e+01
1.235512709617614746e+01
1.246983289718627930e+01
1.245602321624755859e+01
1.237814545631408691e+01
1.251266884803771973e+01
1.233437538146972656e+01
1.235792350769042969e+01
1.234479594230651855e+01
1.233710312843322754e+01
1.244674086570739746e+01
1.239301919937133789e+01
1.232885313034057617e+01
1.233342194557189941e+01
1.241313028335571289e+01
1.240148973464965820e+01
1.241765570640563965e+01
1.238049530982971191e+01
1.236681509017944336e+01
1.233391094207763672e+01
1.234462428092956543e+01
1.231656646728515625e+01
1.239929580688476562e+01
1.233634066581726074e+01
1.233297991752624512e+01
1.245772767066955566e+01
1.236167097091674805e+01
1.235064268112182617e+01
1.243007564544677734e+01
1.238099837303161621e+01
1.233436799049377441e+01
1.247855615615844727e+01
1.243412303924560547e+01
1.246255612373352051e+01
1.235390853881835938e+01
1.245744729042053223e+01
1.235382485389709473e+01
1.239009380340576172e+01
1.234636735916137695e+01
1.233967304229736328e+01
1.236909770965576172e+01
1.240347862243652344e+01
