1.009599999572753859e+01
1.222399999954223659e+01
1.465600000183105500e+01
1.704000000244140622e+01
1.905599999908447373e+01
2.022400000183105462e+01
2.257600000183105493e+01
2.363200000244140497e+01
2.479999999145507772e+01
2.643199999511718801e+01
2.710399999145507977e+01
2.732800000488281356e+01
2.827200000488281262e+01
2.955199999145507661e+01
2.966399999755859440e+01
2.907200000183105359e+01
3.028799999389648434e+01
3.102400000122070267e+01
3.046399999816894422e+01
3.142399999145507650e+01
3.147199999908447410e+01
3.118400000488281165e+01
3.204800000732421950e+01
3.107199999999999918e+01
3.151999999145507658e+01
3.236799999145507911e+01
3.214400000366210719e+01
3.291199999755859551e+01
3.273599999572753916e+01
3.339200000366211185e+01
3.252799999755859517e+01
3.452799999999999869e+01
3.407999998779296646e+01
3.399999999755859648e+01
3.369600000366210679e+01
3.473599999816894268e+01
3.438400000122070566e+01
3.401599999755859471e+01
3.328000000183105556e+01
3.422400000122070196e+01
3.456000000183105669e+01
3.353599999145507837e+01
3.460799999145508110e+01
3.529599999755859585e+01
3.468800000732422006e+01
3.441599998779297209e+01
3.475200000000000244e+01
3.481599999389648303e+01
3.561600000122070497e+01
3.504000000732421682e+01
3.505600000122070270e+01
3.468799999145507940e+01
3.489600000366210963e+01
3.515200000122070634e+01
3.564799999633788730e+01
3.515200000732421870e+01
3.527999999816894672e+01
3.595199999755859466e+01
3.507199998779297090e+01
3.531199999755859409e+01
3.620799999145507542e+01
3.585599999023437334e+01
3.374399999755859625e+01
3.599999999816894558e+01
3.676799998779296885e+01
3.560000000732421910e+01
3.587200000366210872e+01
3.622399999145508076e+01
3.614400000732421603e+01
3.603199999511718943e+01
3.591999999145507871e+01
3.507199999816894831e+01
3.616000000366211253e+01
3.585599999511718750e+01
3.545599999145508008e+01
3.643199999816894774e+01
3.719999999145507985e+01
3.687999999145507957e+01
3.726399999023437459e+01
3.768000000366210855e+01
3.622399999816894223e+01
3.665600000122070412e+01
3.628800000122070202e+01
3.662400000366211117e+01
3.684799999145507599e+01
3.809599999755859301e+01
3.635199999755859324e+01
3.699200000732422211e+01
3.710400000366210804e+01
3.659200000488281290e+01
3.724800000366210639e+01
3.675199999816894803e+01
3.702400000000000091e+01
3.694399999389648315e+01
3.876799999755859716e+01
3.785599999145507866e+01
3.831999998779296845e+01
3.716800000366210810e+01
3.601600000122070355e+01
3.780799999755859631e+01
4.316800000732421694e+01
4.390400000000000347e+01
4.433599999389648616e+01
4.398400000610351412e+01
4.502399999023437260e+01
4.558400000976562438e+01
4.600000000000000000e+01
4.595200000366210702e+01
4.563199999389648553e+01
4.614399999633788951e+01
4.588799999999999812e+01
4.615999998779297187e+01
4.720000000000000284e+01
4.657599999267578283e+01
4.662400000976562353e+01
4.670400000366210946e+01
4.684799998657226894e+01
4.670399998779296880e+01
4.652800000732421637e+01
4.692799999633788843e+01
4.657600000610351287e+01
4.672000000732421654e+01
4.715199999633789218e+01
4.799999998657226286e+01
4.782399999023437687e+01
4.755200000732421728e+01
4.780799999389648747e+01
4.780799999389648747e+01
4.772799999267578386e+01
4.851200000000000045e+01
4.847999999999999687e+01
4.777599999023437505e+01
4.769600000366210679e+01
4.776000000610351748e+01
4.888000000000000256e+01
4.830399999389648258e+01
4.799999998657226286e+01
4.860800000976562529e+01
4.908799999816894655e+01
4.769599998657226791e+01
4.904000000366210799e+01
4.839999999023437738e+01
4.864000000610351293e+01
4.900799999633789383e+01
4.881599998657226536e+01
4.921600000610351344e+01
4.867199999023437584e+01
4.902400000244140443e+01
4.905600000366210622e+01
4.985599999389648218e+01
4.940799999267578357e+01
4.942399998291015351e+01
4.969600000366210679e+01
4.936000000976562774e+01
4.961599999755859614e+01
4.956800000976562615e+01
4.942399998657226234e+01
4.961599999023437846e+01
4.966399999389648201e+01
5.063999999023437226e+01
4.993600000366210878e+01
5.041600000976562512e+01
4.996800000366211236e+01
5.028800000976562501e+01
5.027200000366210730e+01
4.945600000366211191e+01
5.006399999023437175e+01
5.068800000000000239e+01
5.017600000000000193e+01
5.006400000976562836e+01
4.983999999633788747e+01
5.043200000610351452e+01
4.972800000610351390e+01
4.972799999023437323e+01
5.011200000366211071e+01
5.030399998291015606e+01
5.028799999999999670e+01
5.065599998657226877e+01
5.047999999023437567e+01
5.076800000000000068e+01
4.990399999633788752e+01
5.108800000610351333e+01
4.996799999023437522e+01
5.009599999023437533e+01
5.051200000976562166e+01
5.033600000976562683e+01
5.009599999389648417e+01
5.028799999389648434e+01
5.046399999633788980e+01
5.089599999633789196e+01
4.956799999389648548e+01
5.012799998657226297e+01
5.036800000610351447e+01
5.060800000732422177e+01
5.067199998657226701e+01
5.036799999389648264e+01
5.032000000976562148e+01
5.017600000610351429e+01
5.059199999633788991e+01
5.019199999633789133e+01
