1.014399999984741285e+01
1.230400000244140557e+01
1.515199999572753953e+01
1.683200000183105516e+01
1.881599999572753745e+01
2.148799999877929778e+01
2.225599999572753873e+01
2.393599999877929818e+01
2.444800000488281100e+01
2.542399999816894507e+01
2.656000000488281287e+01
2.779199999145507860e+01
2.860800000122070230e+01
2.945599999816894510e+01
2.983999999511718926e+01
2.934400000122070296e+01
2.992000000732421938e+01
3.134400000488281179e+01
3.131199999511718701e+01
3.148800000122070486e+01
3.137599999816894680e+01
3.062399999511718818e+01
3.243199999389648269e+01
3.198399998779296993e+01
3.310400000732421688e+01
3.296000000183105527e+01
3.211200000366211071e+01
3.355200000122070492e+01
3.375999999816894359e+01
3.400000000122070531e+01
3.519999999755859221e+01
3.470400000732421830e+01
3.423999999145507900e+01
3.524799999145508167e+01
3.452799998779296686e+01
3.478399999755859540e+01
3.499200000122070264e+01
3.396799999755859290e+01
3.438399999816894592e+01
3.497599999816894467e+01
3.577600000732422103e+01
3.484800000366210782e+01
3.558399999389648372e+01
3.540799999389648178e+01
3.572799999755859091e+01
3.638400000183105476e+01
3.616000000732422137e+01
3.579200000732421927e+01
3.559999999755859079e+01
3.580800000244140335e+01
3.556800000366210668e+01
3.710399999511718505e+01
3.622399999816894223e+01
3.691200000366210787e+01
3.632000000122070560e+01
3.551999999145508013e+01
3.572799999511718738e+01
3.628800000732422149e+01
3.575999999145507502e+01
3.543999999511719068e+01
3.593600000732421762e+01
3.689600000366210963e+01
3.563199999755859437e+01
3.599999999511718585e+01
3.704000000976562745e+01
3.572800000732421921e+01
3.678400000732421660e+01
3.643200000732421984e+01
3.662399999389648286e+01
3.699199999755859380e+01
3.596799999023437522e+01
3.689599999816894638e+01
3.678399999145507593e+01
3.543999999816894331e+01
3.644799999816894598e+01
3.606399999755859653e+01
3.639999999145507559e+01
3.609599999389648417e+01
3.827200000976562677e+01
3.811199999145507888e+01
3.702400000366210975e+01
3.719999999755859221e+01
3.808000000732421597e+01
3.590399999145508048e+01
3.692800000732422205e+01
3.782399998779296624e+01
3.679999999816894274e+01
3.800000000122070531e+01
3.742400000732421717e+01
3.726399999145507991e+01
3.769599999816894353e+01
3.769600000122070327e+01
3.764800000122070145e+01
3.700799999816894825e+01
3.777599999755859272e+01
3.918400000732422228e+01
3.702399999145507792e+01
3.848000000122070219e+01
3.723199999145507633e+01
3.804799999816894740e+01
4.423999999389648252e+01
4.457599998657226337e+01
4.407999999023437709e+01
4.412800000732421779e+01
4.534399998779296936e+01
4.547200000610351367e+01
4.580799999999999983e+01
4.622399999023437545e+01
4.580800000366210867e+01
4.631999998779296845e+01
4.676799999023437238e+01
4.654399998779297221e+01
4.624000000610351435e+01
4.695999997314453367e+01
4.641599999389648445e+01
4.649599999755859159e+01
4.723200000732421699e+01
4.611199998657226473e+01
4.841599999023437562e+01
4.735999999389648707e+01
4.761599999389648730e+01
4.812800000976562842e+01
4.804800000976562302e+01
4.780800000732421751e+01
4.767999999023437852e+01
4.875200000976562364e+01
4.780799999389648747e+01
4.831999999389648792e+01
4.804799999389648235e+01
4.886400000366210605e+01
4.828800000122070202e+01
4.865600000366210764e+01
4.864000000610351293e+01
4.948799999023437834e+01
4.883200000976562194e+01
4.899200000366210617e+01
4.897599999755859557e+01
4.905599999023437618e+01
4.974399999999999977e+01
4.891199998779296720e+01
4.913600000366211162e+01
4.929599999999999937e+01
4.879999999999999716e+01
4.953600000244140489e+01
5.017600000000000193e+01
4.936000000976562774e+01
4.996799998657226638e+01
4.996799999023437522e+01
4.942400000976562779e+01
4.918399999633788866e+01
5.004799999023437351e+01
4.985599999023437334e+01
5.095999998657226371e+01
5.044800000976562160e+01
5.092799999633788843e+01
5.057600000976562171e+01
5.017599999633789309e+01
5.075200000976562364e+01
5.054400000244140756e+01
4.983999999267577863e+01
5.067199999999999704e+01
5.083199999633789190e+01
5.111999999023437624e+01
5.019199999633789133e+01
5.009600000610351600e+01
5.120000000610351520e+01
5.116799998291015328e+01
5.068799999633789355e+01
5.127999999389648167e+01
5.051199999389648099e+01
5.052799997314453151e+01
5.108800000366210980e+01
5.036799999389648264e+01
5.078399999023437772e+01
5.046400000610351810e+01
5.062400000000000233e+01
5.062400000244140585e+01
5.068800000000000239e+01
5.139199998779297118e+01
5.059199999145507576e+01
5.193600000244140347e+01
5.132799999023437465e+01
5.163200000610351736e+01
5.011200000366211071e+01
5.097599999023437789e+01
5.075200000610351481e+01
5.128000000244140466e+01
5.075200000000000244e+01
4.988800000122070344e+01
5.049600000976562342e+01
5.035200000976562507e+01
5.097599998657226905e+01
5.100800000366211151e+01
5.030399999755859142e+01
5.195199999389648582e+01
5.075200000976562364e+01
5.150400000976562609e+01
5.078399999999999892e+01
5.095999999389648139e+01
5.124799999633788872e+01
