1.293892860412597656e+01
1.235491657257080078e+01
1.227407288551330566e+01
1.231573414802551270e+01
1.234064507484436035e+01
1.235734701156616211e+01
1.240932822227478027e+01
1.240853357315063477e+01
1.235738897323608398e+01
1.235760784149169922e+01
1.244638872146606445e+01
1.245531153678894043e+01
1.239994692802429199e+01
1.239816904067993164e+01
1.244824981689453125e+01
1.237337183952331543e+01
1.239904451370239258e+01
1.237592744827270508e+01
1.238689422607421875e+01
1.240628767013549805e+01
1.242657232284545898e+01
1.242041468620300293e+01
1.245327758789062500e+01
1.240320301055908203e+01
1.238165831565856934e+01
1.242271423339843750e+01
1.236621212959289551e+01
1.237641429901123047e+01
1.241963624954223633e+01
1.237070631980895996e+01
1.242077398300170898e+01
1.240636324882507324e+01
1.243786835670471191e+01
1.242875313758850098e+01
1.241247558593750000e+01
1.239955258369445801e+01
1.244688558578491211e+01
1.238710212707519531e+01
1.244533514976501465e+01
1.238468527793884277e+01
1.238774418830871582e+01
1.238822245597839355e+01
1.241343784332275391e+01
1.238398027420043945e+01
1.241389346122741699e+01
1.239473056793212891e+01
1.239351367950439453e+01
1.236329722404479980e+01
1.244679975509643555e+01
1.241221404075622559e+01
1.241191601753234863e+01
1.244370150566101074e+01
1.238754129409790039e+01
1.241965627670288086e+01
1.246135687828063965e+01
1.236620140075683594e+01
1.240448451042175293e+01
1.234051799774169922e+01
1.240855312347412109e+01
1.238175725936889648e+01
1.250931453704833984e+01
1.238598299026489258e+01
1.238997578620910645e+01
1.243779349327087402e+01
1.241248536109924316e+01
1.235931015014648438e+01
1.238836264610290527e+01
1.234736919403076172e+01
1.236071348190307617e+01
1.238716626167297363e+01
1.241124773025512695e+01
1.243028426170349121e+01
1.237344574928283691e+01
1.242391276359558105e+01
1.237457394599914551e+01
1.240926003456115723e+01
1.237676286697387695e+01
1.235918426513671875e+01
1.240301275253295898e+01
1.241738939285278320e+01
1.241520857810974121e+01
1.242636203765869141e+01
1.238529014587402344e+01
1.237516069412231445e+01
1.241887068748474121e+01
1.237926006317138672e+01
1.237386155128479004e+01
1.243949484825134277e+01
1.239908409118652344e+01
1.238889169692993164e+01
1.240134572982788086e+01
1.242442989349365234e+01
1.236194753646850586e+01
1.237974834442138672e+01
1.240279173851013184e+01
1.238615489006042480e+01
1.239862656593322754e+01
1.240772604942321777e+01
1.239985299110412598e+01
1.239182782173156738e+01
1.239633035659790039e+01
1.240910387039184570e+01
1.239635324478149414e+01
1.240665602684020996e+01
1.242346191406250000e+01
1.234789466857910156e+01
1.235424757003784180e+01
1.240057063102722168e+01
1.240828156471252441e+01
1.241481542587280273e+01
1.240818047523498535e+01
1.235498285293579102e+01
1.238906574249267578e+01
1.237438106536865234e+01
1.236319732666015625e+01
1.240563225746154785e+01
1.239569139480590820e+01
1.238475036621093750e+01
1.235888433456420898e+01
1.239551138877868652e+01
1.235396599769592285e+01
1.243726420402526855e+01
1.237438893318176270e+01
1.239586138725280762e+01
1.240700984001159668e+01
1.236846685409545898e+01
1.235104918479919434e+01
1.236833930015563965e+01
1.237800884246826172e+01
1.238333606719970703e+01
1.238627171516418457e+01
1.245495843887329102e+01
1.241984319686889648e+01
1.243226814270019531e+01
1.240084695816040039e+01
1.237008094787597656e+01
1.241508483886718750e+01
1.241584634780883789e+01
1.240009760856628418e+01
1.238765120506286621e+01
1.234574699401855469e+01
1.245399212837219238e+01
1.242561602592468262e+01
1.242540740966796875e+01
1.237134408950805664e+01
1.240350818634033203e+01
1.236919546127319336e+01
1.240464425086975098e+01
1.244269680976867676e+01
1.236564159393310547e+01
1.238155817985534668e+01
1.241438722610473633e+01
1.247956728935241699e+01
1.242456531524658203e+01
1.238753676414489746e+01
1.239774298667907715e+01
1.242074823379516602e+01
1.240879750251770020e+01
1.237178039550781250e+01
1.240999484062194824e+01
1.240907621383666992e+01
1.235440254211425781e+01
1.246499919891357422e+01
1.240741753578186035e+01
1.241409182548522949e+01
1.240088510513305664e+01
1.240441632270812988e+01
1.238843154907226562e+01
1.236751747131347656e+01
1.244000744819641113e+01
1.239450216293334961e+01
1.249780035018920898e+01
1.239438056945800781e+01
1.241420292854309082e+01
1.242697334289550781e+01
1.240585279464721680e+01
1.235705065727233887e+01
1.238494038581848145e+01
1.242254495620727539e+01
1.240567874908447266e+01
1.238905286788940430e+01
1.239106130599975586e+01
1.240789771080017090e+01
1.234370946884155273e+01
1.240400552749633789e+01
1.244094300270080566e+01
1.239013481140136719e+01
1.238108730316162109e+01
1.241209077835083008e+01
1.236354517936706543e+01
1.237209439277648926e+01
1.238989663124084473e+01
1.238783764839172363e+01
1.240768456459045410e+01
1.242023134231567383e+01
1.237736129760742188e+01
1.238201570510864258e+01
1.246327733993530273e+01
1.242906188964843750e+01
1.238764500617980957e+01
