1.335653853416442871e+01
1.277948141098022461e+01
1.268524074554443359e+01
1.267603850364685059e+01
1.282624554634094238e+01
1.274676847457885742e+01
1.279251003265380859e+01
1.283849477767944336e+01
1.280308604240417480e+01
1.279488158226013184e+01
1.275025820732116699e+01
1.282428860664367676e+01
1.285812497138977051e+01
1.285631680488586426e+01
1.290187907218933105e+01
1.281426596641540527e+01
1.283280134201049805e+01
1.279687190055847168e+01
1.278789329528808594e+01
1.291796803474426270e+01
1.288651323318481445e+01
1.284894347190856934e+01
1.283374929428100586e+01
1.284296703338623047e+01
1.282384562492370605e+01
1.288407921791076660e+01
1.285648369789123535e+01
1.288942027091979980e+01
1.289833283424377441e+01
1.291230392456054688e+01
1.281793642044067383e+01
1.287855553627014160e+01
1.285575819015502930e+01
1.291067743301391602e+01
1.289816737174987793e+01
1.284777522087097168e+01
1.283258700370788574e+01
1.276258397102355957e+01
1.287155365943908691e+01
1.285329318046569824e+01
1.281417679786682129e+01
1.280593228340148926e+01
1.284531331062316895e+01
1.284100747108459473e+01
1.293328952789306641e+01
1.278383851051330566e+01
1.288805150985717773e+01
1.282251477241516113e+01
1.280429100990295410e+01
1.283601760864257812e+01
1.288045644760131836e+01
1.284870147705078125e+01
1.281293058395385742e+01
1.276739001274108887e+01
1.281785440444946289e+01
1.277017140388488770e+01
1.287166404724121094e+01
1.279074215888977051e+01
1.291627120971679688e+01
1.287186980247497559e+01
1.284601688385009766e+01
1.287020850181579590e+01
1.288023638725280762e+01
1.282858514785766602e+01
1.288595128059387207e+01
1.281485629081726074e+01
1.281933617591857910e+01
1.283313393592834473e+01
1.283430767059326172e+01
1.281333756446838379e+01
1.283151745796203613e+01
1.283918237686157227e+01
1.281261849403381348e+01
1.282562828063964844e+01
1.285026812553405762e+01
1.286231136322021484e+01
1.279109811782836914e+01
1.283625721931457520e+01
1.282253289222717285e+01
1.283676743507385254e+01
1.277038264274597168e+01
1.286070823669433594e+01
1.279758334159851074e+01
1.283191037178039551e+01
1.281228256225585938e+01
1.285773062705993652e+01
1.281653022766113281e+01
1.278837490081787109e+01
1.278799033164978027e+01
1.284045028686523438e+01
1.285457277297973633e+01
1.284785127639770508e+01
1.280395364761352539e+01
1.288391494750976562e+01
1.282976818084716797e+01
1.282503747940063477e+01
1.282033610343933105e+01
1.279072523117065430e+01
1.289393949508666992e+01
1.282586932182312012e+01
1.282675933837890625e+01
1.290412807464599609e+01
1.280776524543762207e+01
1.279777312278747559e+01
1.278364682197570801e+01
1.280586767196655273e+01
1.278128671646118164e+01
1.284496021270751953e+01
1.287672352790832520e+01
1.285303115844726562e+01
1.293591904640197754e+01
1.310364365577697754e+01
1.285143208503723145e+01
1.282055282592773438e+01
1.286140465736389160e+01
1.284685015678405762e+01
1.277553129196166992e+01
1.277832460403442383e+01
1.279854011535644531e+01
1.281218695640563965e+01
1.282110357284545898e+01
1.279505276679992676e+01
1.284349656105041504e+01
1.276940822601318359e+01
1.284233021736145020e+01
1.281326174736022949e+01
1.277411770820617676e+01
1.285216784477233887e+01
1.277180910110473633e+01
1.284192085266113281e+01
1.290237140655517578e+01
1.281529378890991211e+01
1.276658511161804199e+01
1.284178376197814941e+01
1.287406563758850098e+01
1.283393287658691406e+01
1.293038797378540039e+01
1.285735392570495605e+01
1.288403058052062988e+01
1.286450576782226562e+01
1.281264495849609375e+01
1.280756807327270508e+01
1.276478791236877441e+01
1.284854507446289062e+01
1.282509732246398926e+01
1.279911041259765625e+01
1.280117702484130859e+01
1.279119300842285156e+01
1.285860466957092285e+01
1.277495098114013672e+01
1.278119730949401855e+01
1.289719295501708984e+01
1.283037018775939941e+01
1.281968498229980469e+01
1.280034518241882324e+01
1.279073524475097656e+01
1.279970097541809082e+01
1.287114429473876953e+01
1.277135324478149414e+01
1.279202198982238770e+01
1.280966877937316895e+01
1.278168368339538574e+01
1.287471175193786621e+01
1.281152749061584473e+01
1.287705135345458984e+01
1.287458968162536621e+01
1.284007477760314941e+01
1.284856081008911133e+01
1.278521704673767090e+01
1.282207107543945312e+01
1.280957198143005371e+01
1.283715033531188965e+01
1.281587004661560059e+01
1.282156109809875488e+01
1.282672238349914551e+01
1.281138825416564941e+01
1.281382083892822266e+01
1.286990642547607422e+01
1.285023307800292969e+01
1.286977338790893555e+01
1.286500763893127441e+01
1.281921768188476562e+01
1.284189152717590332e+01
1.280618619918823242e+01
1.276961755752563477e+01
1.276391649246215820e+01
1.277250313758850098e+01
1.283712077140808105e+01
1.278674578666687012e+01
1.286143994331359863e+01
1.279253792762756348e+01
1.281485772132873535e+01
1.284802889823913574e+01
1.279396033287048340e+01
1.277137064933776855e+01
1.285498070716857910e+01
1.285900282859802246e+01
1.283211421966552734e+01
1.283503746986389160e+01
1.277478337287902832e+01
