1.282924890518188477e+01
1.223665690422058105e+01
1.228474164009094238e+01
1.222003817558288574e+01
1.221601104736328125e+01
1.227524375915527344e+01
1.226860690116882324e+01
1.232518053054809570e+01
1.244898676872253418e+01
1.234674930572509766e+01
1.232382941246032715e+01
1.235214996337890625e+01
1.230779719352722168e+01
1.235704731941223145e+01
1.232476353645324707e+01
1.229807162284851074e+01
1.232837629318237305e+01
1.237626266479492188e+01
1.249371552467346191e+01
1.237223052978515625e+01
1.239710569381713867e+01
1.232210326194763184e+01
1.241338086128234863e+01
1.235757184028625488e+01
1.244214320182800293e+01
1.238274168968200684e+01
1.231523013114929199e+01
1.234326529502868652e+01
1.234342622756958008e+01
1.241977095603942871e+01
1.239119720458984375e+01
1.238183355331420898e+01
1.232057428359985352e+01
1.239248776435852051e+01
1.237753748893737793e+01
1.236506915092468262e+01
1.231764721870422363e+01
1.238380789756774902e+01
1.235227012634277344e+01
1.232310104370117188e+01
1.237354922294616699e+01
1.243869733810424805e+01
1.238647270202636719e+01
1.233605027198791504e+01
1.232800459861755371e+01
1.234415459632873535e+01
1.239045071601867676e+01
1.239662265777587891e+01
1.243801188468933105e+01
1.231157326698303223e+01
1.242253446578979492e+01
1.241578650474548340e+01
1.241474509239196777e+01
1.234962821006774902e+01
1.240505599975585938e+01
1.236666750907897949e+01
1.232841300964355469e+01
1.231657242774963379e+01
1.235025167465209961e+01
1.236225390434265137e+01
1.242261266708374023e+01
1.237785220146179199e+01
1.235759615898132324e+01
1.238333559036254883e+01
1.237300157546997070e+01
1.243171834945678711e+01
1.233707809448242188e+01
1.236134791374206543e+01
1.232112121582031250e+01
1.240830183029174805e+01
1.240509223937988281e+01
1.240919637680053711e+01
1.236716008186340332e+01
1.239446520805358887e+01
1.235998606681823730e+01
1.240306735038757324e+01
1.234237337112426758e+01
1.238396644592285156e+01
1.239973068237304688e+01
1.237385129928588867e+01
1.233445072174072266e+01
1.237633609771728516e+01
1.232782101631164551e+01
1.235270452499389648e+01
1.241106152534484863e+01
1.241212916374206543e+01
1.236073136329650879e+01
1.246627974510192871e+01
1.232704019546508789e+01
1.235143613815307617e+01
1.240487289428710938e+01
1.244353675842285156e+01
1.238412737846374512e+01
1.234926652908325195e+01
1.234574747085571289e+01
1.230712413787841797e+01
1.232088923454284668e+01
1.238723468780517578e+01
1.235777163505554199e+01
1.239400029182434082e+01
1.236776924133300781e+01
1.237219834327697754e+01
1.237263393402099609e+01
1.234398984909057617e+01
1.234514260292053223e+01
1.233941960334777832e+01
1.233260893821716309e+01
1.235421729087829590e+01
1.232515740394592285e+01
1.233111476898193359e+01
1.241837406158447266e+01
1.218696188926696777e+01
1.241623902320861816e+01
1.228582143783569336e+01
1.229820799827575684e+01
1.235756373405456543e+01
1.238211059570312500e+01
1.239773726463317871e+01
1.232501912117004395e+01
1.236520624160766602e+01
1.238271427154541016e+01
1.241307425498962402e+01
1.236776661872863770e+01
1.235746431350708008e+01
1.240493369102478027e+01
1.237534594535827637e+01
1.238041949272155762e+01
1.238763117790222168e+01
1.232000780105590820e+01
1.234183692932128906e+01
1.230382251739501953e+01
1.238249778747558594e+01
1.233726096153259277e+01
1.235043478012084961e+01
1.238288879394531250e+01
1.240910625457763672e+01
1.240342664718627930e+01
1.232044267654418945e+01
1.234686112403869629e+01
1.232945513725280762e+01
1.230733823776245117e+01
1.236693835258483887e+01
1.232749700546264648e+01
1.242615032196044922e+01
1.235951781272888184e+01
1.236224293708801270e+01
1.233383965492248535e+01
1.242173886299133301e+01
1.237985539436340332e+01
1.241954088211059570e+01
1.235103893280029297e+01
1.233703470230102539e+01
1.238651275634765625e+01
1.238252758979797363e+01
1.237659072875976562e+01
1.237940931320190430e+01
1.234883618354797363e+01
1.233941054344177246e+01
1.233086585998535156e+01
1.242282485961914062e+01
1.237139773368835449e+01
1.234491086006164551e+01
1.241036558151245117e+01
1.233006310462951660e+01
1.232437157630920410e+01
1.240016317367553711e+01
1.237471461296081543e+01
1.246190714836120605e+01
1.237288355827331543e+01
1.237983584403991699e+01
1.235763907432556152e+01
1.234899806976318359e+01
1.234982228279113770e+01
1.237704968452453613e+01
1.233897709846496582e+01
1.244102740287780762e+01
1.241018438339233398e+01
1.235610556602478027e+01
1.235632300376892090e+01
1.235732817649841309e+01
1.237714409828186035e+01
1.234662103652954102e+01
1.236087036132812500e+01
1.232573270797729492e+01
1.233319568634033203e+01
1.234466290473937988e+01
1.233348917961120605e+01
1.237422895431518555e+01
1.239825344085693359e+01
1.230527496337890625e+01
1.233750104904174805e+01
1.235592532157897949e+01
1.239701509475708008e+01
1.229449701309204102e+01
1.241029381752014160e+01
1.235894846916198730e+01
1.234229946136474609e+01
1.240965509414672852e+01
1.233107089996337891e+01
1.234828257560729980e+01
