1.093999958038330078e+01
1.532999992370605469e+01
1.163999938964843750e+01
1.662999916076660156e+01
1.889999961853027344e+01
2.261999893188476562e+01
2.153999900817871094e+01
2.721999931335449219e+01
2.920999908447265625e+01
2.900999832153320312e+01
2.907999992370605469e+01
2.835999870300292969e+01
3.000000000000000000e+01
3.089999961853027344e+01
3.162999916076660156e+01
3.168999862670898438e+01
3.295000076293945312e+01
3.188999938964843750e+01
3.270999908447265625e+01
3.318000030517578125e+01
3.189999961853027344e+01
3.119999885559082031e+01
3.263999938964843750e+01
3.232999801635742188e+01
3.227000045776367188e+01
3.152999877929687500e+01
3.302999877929687500e+01
3.281999969482421875e+01
3.554999923706054688e+01
3.361999893188476562e+01
3.387999725341796875e+01
3.345999908447265625e+01
3.559999847412109375e+01
3.302999877929687500e+01
3.495999908447265625e+01
3.520000076293945312e+01
3.365999984741210938e+01
3.361000061035156250e+01
3.436000061035156250e+01
3.602000045776367188e+01
3.659999847412109375e+01
3.490999984741210938e+01
3.584999847412109375e+01
3.468999862670898438e+01
3.379000091552734375e+01
3.618999862670898438e+01
3.566999816894531250e+01
3.888999938964843750e+01
3.741999816894531250e+01
3.511999893188476562e+01
3.732999801635742188e+01
3.771999740600585938e+01
3.436999893188476562e+01
3.688999938964843750e+01
3.612999725341796875e+01
3.638999938964843750e+01
3.643000030517578125e+01
3.727999877929687500e+01
3.556999969482421875e+01
3.795000076293945312e+01
3.779999923706054688e+01
3.556999969482421875e+01
3.895000076293945312e+01
3.529000091552734375e+01
3.520999908447265625e+01
3.811999893188476562e+01
3.754999923706054688e+01
3.720000076293945312e+01
3.825000000000000000e+01
3.868000030517578125e+01
3.702000045776367188e+01
3.468000030517578125e+01
3.837999725341796875e+01
3.764999771118164062e+01
3.806999969482421875e+01
3.895000076293945312e+01
3.690999984741210938e+01
3.581999969482421875e+01
3.804999923706054688e+01
3.850000000000000000e+01
3.856999969482421875e+01
3.832999801635742188e+01
3.837999725341796875e+01
3.652000045776367188e+01
3.938999938964843750e+01
3.918000030517578125e+01
4.009000015258789062e+01
4.025000000000000000e+01
3.816999816894531250e+01
3.661999893188476562e+01
3.909999847412109375e+01
3.772999954223632812e+01
3.709999847412109375e+01
3.879000091552734375e+01
3.925999832153320312e+01
3.811000061035156250e+01
3.854999923706054688e+01
3.759999847412109375e+01
3.852000045776367188e+01
3.850000000000000000e+01
4.200000000000000000e+01
4.265999984741210938e+01
4.245999908447265625e+01
4.293999862670898438e+01
4.293000030517578125e+01
4.327000045776367188e+01
4.391999816894531250e+01
4.361999893188476562e+01
4.387999725341796875e+01
4.352999877929687500e+01
4.400999832153320312e+01
4.404999923706054688e+01
4.431999969482421875e+01
4.421999740600585938e+01
4.432999801635742188e+01
4.380999755859375000e+01
4.475000000000000000e+01
4.477000045776367188e+01
4.480999755859375000e+01
4.511000061035156250e+01
4.475999832153320312e+01
4.502999877929687500e+01
4.513999938964843750e+01
4.511999893188476562e+01
4.495999908447265625e+01
4.484999847412109375e+01
4.462999725341796875e+01
4.468000030517578125e+01
4.477000045776367188e+01
4.479999923706054688e+01
4.511000061035156250e+01
4.520000076293945312e+01
4.477999877929687500e+01
4.509000015258789062e+01
4.584999847412109375e+01
4.459999847412109375e+01
4.509999847412109375e+01
4.521999740600585938e+01
4.607999801635742188e+01
4.609999847412109375e+01
4.582999801635742188e+01
4.616999816894531250e+01
4.611000061035156250e+01
4.637999725341796875e+01
4.590999984741210938e+01
4.612999725341796875e+01
4.587999725341796875e+01
4.682999801635742188e+01
4.671999740600585938e+01
4.645999908447265625e+01
4.681999969482421875e+01
4.688999938964843750e+01
4.666999816894531250e+01
4.669999694824218750e+01
4.680999755859375000e+01
4.686999893188476562e+01
4.675000000000000000e+01
4.661000061035156250e+01
4.689999771118164062e+01
4.673999786376953125e+01
4.684999847412109375e+01
4.668999862670898438e+01
4.690999984741210938e+01
4.684000015258789062e+01
4.691999816894531250e+01
4.670999908447265625e+01
4.686000061035156250e+01
4.680999755859375000e+01
4.694999694824218750e+01
4.693000030517578125e+01
4.686000061035156250e+01
4.675999832153320312e+01
4.677999877929687500e+01
4.694999694824218750e+01
4.688999938964843750e+01
4.684000015258789062e+01
4.684000015258789062e+01
4.705999755859375000e+01
4.695999908447265625e+01
4.694999694824218750e+01
4.695999908447265625e+01
4.687999725341796875e+01
4.684999847412109375e+01
4.680999755859375000e+01
4.687999725341796875e+01
4.691999816894531250e+01
4.695999908447265625e+01
4.694999694824218750e+01
4.684999847412109375e+01
4.693000030517578125e+01
4.711000061035156250e+01
4.706999969482421875e+01
4.686000061035156250e+01
4.696999740600585938e+01
4.704999923706054688e+01
4.715999984741210938e+01
4.700000000000000000e+01
4.719999694824218750e+01
4.698999786376953125e+01
4.706999969482421875e+01
