1.335218811035156250e+01
1.268899393081665039e+01
1.265476179122924805e+01
1.272161626815795898e+01
1.274223494529724121e+01
1.274704957008361816e+01
1.270687246322631836e+01
1.279103326797485352e+01
1.270636558532714844e+01
1.283825254440307617e+01
1.277182745933532715e+01
1.269694399833679199e+01
1.277442526817321777e+01
1.270839118957519531e+01
1.271797251701354980e+01
1.280638957023620605e+01
1.275027465820312500e+01
1.271009469032287598e+01
1.273518514633178711e+01
1.270125150680541992e+01
1.275805521011352539e+01
1.273888301849365234e+01
1.270497679710388184e+01
1.270323848724365234e+01
1.271458768844604492e+01
1.271516108512878418e+01
1.282869100570678711e+01
1.275961232185363770e+01
1.269487714767456055e+01
1.271389961242675781e+01
1.272663688659667969e+01
1.278139519691467285e+01
1.284068775177001953e+01
1.268722629547119141e+01
1.272218346595764160e+01
1.280102205276489258e+01
1.278524136543273926e+01
1.274983859062194824e+01
1.271702313423156738e+01
1.275859284400939941e+01
1.271592426300048828e+01
1.273842239379882812e+01
1.279246354103088379e+01
1.272235608100891113e+01
1.276132392883300781e+01
1.271022176742553711e+01
1.269035577774047852e+01
1.276987814903259277e+01
1.272342419624328613e+01
1.277986502647399902e+01
1.275314927101135254e+01
1.274133872985839844e+01
1.274124217033386230e+01
1.280083370208740234e+01
1.277725267410278320e+01
1.279612565040588379e+01
1.289947581291198730e+01
1.274082422256469727e+01
1.277204561233520508e+01
1.268781495094299316e+01
1.269127964973449707e+01
1.277620792388916016e+01
1.271952581405639648e+01
1.271270251274108887e+01
1.270356369018554688e+01
1.268105340003967285e+01
1.274570608139038086e+01
1.270787739753723145e+01
1.279790568351745605e+01
1.288209438323974609e+01
1.271487116813659668e+01
1.284329795837402344e+01
1.278264570236206055e+01
1.270208382606506348e+01
1.272609138488769531e+01
1.269604778289794922e+01
1.281830835342407227e+01
1.277592444419860840e+01
1.273149299621582031e+01
1.277168345451354980e+01
1.277463698387145996e+01
1.281681895256042480e+01
1.291155862808227539e+01
1.279075884819030762e+01
1.271357488632202148e+01
1.275408482551574707e+01
1.272674846649169922e+01
1.271101164817810059e+01
1.279173922538757324e+01
1.280631136894226074e+01
1.272141408920288086e+01
1.275167322158813477e+01
1.271885824203491211e+01
1.277163577079772949e+01
1.273610591888427734e+01
1.276955652236938477e+01
1.277372288703918457e+01
1.271647477149963379e+01
1.275782823562622070e+01
1.269565725326538086e+01
1.273919796943664551e+01
1.274677658081054688e+01
1.273931241035461426e+01
1.271067047119140625e+01
1.279318928718566895e+01
1.274600243568420410e+01
1.273997664451599121e+01
1.275771999359130859e+01
1.275628590583801270e+01
1.273536300659179688e+01
1.272343492507934570e+01
1.264900374412536621e+01
1.277499222755432129e+01
1.279709219932556152e+01
1.278232097625732422e+01
1.279450321197509766e+01
1.277986478805541992e+01
1.268964672088623047e+01
1.273610210418701172e+01
1.272214746475219727e+01
1.280599975585937500e+01
1.269094181060791016e+01
1.272484588623046875e+01
1.276213765144348145e+01
1.274062204360961914e+01
1.273843932151794434e+01
1.270000720024108887e+01
1.271774029731750488e+01
1.272352409362792969e+01
1.278453469276428223e+01
1.281340718269348145e+01
1.281686902046203613e+01
1.278747057914733887e+01
1.272178244590759277e+01
1.271004319190979004e+01
1.273652839660644531e+01
1.270557928085327148e+01
1.278542971611022949e+01
1.276115918159484863e+01
1.275775194168090820e+01
1.278381896018981934e+01
1.276311302185058594e+01
1.275337147712707520e+01
1.273172378540039062e+01
1.277312612533569336e+01
1.279345631599426270e+01
1.272928118705749512e+01
1.276823115348815918e+01
1.271971535682678223e+01
1.272872352600097656e+01
1.276869916915893555e+01
1.281775212287902832e+01
1.274939584732055664e+01
1.272292470932006836e+01
1.279649519920349121e+01
1.281395220756530762e+01
1.282049369812011719e+01
1.276821613311767578e+01
1.278316783905029297e+01
1.268448853492736816e+01
1.282685017585754395e+01
1.275296139717102051e+01
1.271357393264770508e+01
1.275250816345214844e+01
1.280389523506164551e+01
1.272258877754211426e+01
1.275650691986083984e+01
1.275089478492736816e+01
1.277931666374206543e+01
1.274103355407714844e+01
1.276865315437316895e+01
1.280702972412109375e+01
1.277453184127807617e+01
1.273255348205566406e+01
1.272021269798278809e+01
1.275829982757568359e+01
1.269848561286926270e+01
1.280543971061706543e+01
1.284062170982360840e+01
1.280091309547424316e+01
1.276729369163513184e+01
1.280601072311401367e+01
1.273491573333740234e+01
1.272893786430358887e+01
1.278426599502563477e+01
1.278439188003540039e+01
1.272315597534179688e+01
1.271353745460510254e+01
1.275370502471923828e+01
1.274707770347595215e+01
1.273365402221679688e+01
1.273622369766235352e+01
1.269961786270141602e+01
1.274600243568420410e+01
1.269439673423767090e+01
1.277235054969787598e+01
1.281141686439514160e+01
1.275717282295227051e+01
1.280548620223999023e+01
1.277814435958862305e+01
