2.190955257415771484e+01
2.149597454071044922e+01
2.141082024574279785e+01
2.170553374290466309e+01
2.212601256370544434e+01
2.184975194931030273e+01
2.195290136337280273e+01
2.210597324371337891e+01
2.195309185981750488e+01
2.185219740867614746e+01
2.181177258491516113e+01
2.167591643333435059e+01
2.173083496093750000e+01
2.159802818298339844e+01
2.173791193962097168e+01
2.210029244422912598e+01
2.180478692054748535e+01
2.162966871261596680e+01
2.188388133049011230e+01
2.147833681106567383e+01
2.170672082901000977e+01
2.158436870574951172e+01
2.167100143432617188e+01
2.159498047828674316e+01
2.191954088211059570e+01
2.161669969558715820e+01
2.160902047157287598e+01
2.172911524772644043e+01
2.187917757034301758e+01
2.172662496566772461e+01
2.158081150054931641e+01
2.169869709014892578e+01
2.182819175720214844e+01
2.185297560691833496e+01
2.190839672088623047e+01
2.174459481239318848e+01
2.156952476501464844e+01
2.179534816741943359e+01
2.142457222938537598e+01
2.170612835884094238e+01
2.176540255546569824e+01
2.182714843750000000e+01
2.163403367996215820e+01
2.208069419860839844e+01
2.205101919174194336e+01
2.180742144584655762e+01
2.199319314956665039e+01
2.194555544853210449e+01
2.146932983398437500e+01
2.184127616882324219e+01
2.173295831680297852e+01
2.179356932640075684e+01
2.175873398780822754e+01
2.165567302703857422e+01
2.164095306396484375e+01
2.183930206298828125e+01
2.153556323051452637e+01
2.183718991279602051e+01
2.217637491226196289e+01
2.179337835311889648e+01
2.219660139083862305e+01
2.168395853042602539e+01
2.171132755279541016e+01
2.194577574729919434e+01
2.172372150421142578e+01
2.174241018295288086e+01
2.180449891090393066e+01
2.161247682571411133e+01
2.169482851028442383e+01
2.187398552894592285e+01
2.162314367294311523e+01
2.179041910171508789e+01
2.161464929580688477e+01
2.197829508781433105e+01
2.177551460266113281e+01
2.168893575668334961e+01
2.158642244338989258e+01
2.195039510726928711e+01
2.153299498558044434e+01
2.166904854774475098e+01
2.190911293029785156e+01
2.177078342437744141e+01
2.170522689819335938e+01
2.184831404685974121e+01
2.189817380905151367e+01
2.180503344535827637e+01
2.189512443542480469e+01
2.177952480316162109e+01
2.172757172584533691e+01
2.158508706092834473e+01
2.159126114845275879e+01
2.171936464309692383e+01
2.195185017585754395e+01
2.168104648590087891e+01
2.156260728836059570e+01
2.172952985763549805e+01
2.195002126693725586e+01
2.169435071945190430e+01
2.184740781784057617e+01
2.181083917617797852e+01
2.202937030792236328e+01
2.156072425842285156e+01
2.186724877357482910e+01
2.179876542091369629e+01
2.208526015281677246e+01
2.206797623634338379e+01
2.205251121520996094e+01
2.168396401405334473e+01
2.176169776916503906e+01
2.173860359191894531e+01
2.204077076911926270e+01
2.371881246566772461e+01
2.164864516258239746e+01
2.176637792587280273e+01
2.167735600471496582e+01
2.173115062713623047e+01
2.178284335136413574e+01
2.208695411682128906e+01
2.194431042671203613e+01
2.170490241050720215e+01
2.176453065872192383e+01
2.197087574005126953e+01
2.189650559425354004e+01
2.191169404983520508e+01
2.182848882675170898e+01
2.179055476188659668e+01
2.174623155593872070e+01
2.153184318542480469e+01
2.181529331207275391e+01
2.173658633232116699e+01
2.212931632995605469e+01
2.185236477851867676e+01
2.203028655052185059e+01
2.178878760337829590e+01
2.190959000587463379e+01
2.177855825424194336e+01
2.171944999694824219e+01
2.165850639343261719e+01
2.205300593376159668e+01
2.177680134773254395e+01
2.159650731086730957e+01
2.147448968887329102e+01
2.187507557868957520e+01
2.182703447341918945e+01
2.189381837844848633e+01
2.168323540687561035e+01
2.194195890426635742e+01
2.172677278518676758e+01
2.185172581672668457e+01
2.166104221343994141e+01
2.199058151245117188e+01
2.183234047889709473e+01
2.194773960113525391e+01
2.161047887802124023e+01
2.183851242065429688e+01
2.180254840850830078e+01
2.156880617141723633e+01
2.169759798049926758e+01
2.190913820266723633e+01
2.205599379539489746e+01
2.188632750511169434e+01
2.175493240356445312e+01
2.184058451652526855e+01
2.162004160881042480e+01
2.205651664733886719e+01
2.173182559013366699e+01
2.177222037315368652e+01
2.188258624076843262e+01
2.176424527168273926e+01
2.176061964035034180e+01
2.174341464042663574e+01
2.178854799270629883e+01
2.141652035713195801e+01
2.201496434211730957e+01
2.178395032882690430e+01
2.178096938133239746e+01
2.162503123283386230e+01
2.184511303901672363e+01
2.221763181686401367e+01
2.224560117721557617e+01
2.175970292091369629e+01
2.198820924758911133e+01
2.193939566612243652e+01
2.217088437080383301e+01
2.188720750808715820e+01
2.171572351455688477e+01
2.167434310913085938e+01
2.186633872985839844e+01
2.220463037490844727e+01
2.180158710479736328e+01
2.195075869560241699e+01
2.190434074401855469e+01
2.157191991806030273e+01
2.199310421943664551e+01
2.191760706901550293e+01
2.173250031471252441e+01
2.180703949928283691e+01
2.182546377182006836e+01
2.158054161071777344e+01
2.196509575843811035e+01
