1.295516109466552734e+01
1.229236555099487305e+01
1.226470875740051270e+01
1.232727384567260742e+01
1.235065245628356934e+01
1.236240172386169434e+01
1.232044315338134766e+01
1.240877199172973633e+01
1.232649755477905273e+01
1.245131397247314453e+01
1.238744711875915527e+01
1.231573247909545898e+01
1.239071464538574219e+01
1.232704544067382812e+01
1.232503080368041992e+01
1.242067646980285645e+01
1.236757898330688477e+01
1.232464647293090820e+01
1.235686755180358887e+01
1.231453990936279297e+01
1.237663435935974121e+01
1.235393047332763672e+01
1.231600880622863770e+01
1.232024121284484863e+01
1.232468652725219727e+01
1.233173871040344238e+01
1.244515204429626465e+01
1.237306022644042969e+01
1.231411838531494141e+01
1.231672239303588867e+01
1.234720706939697266e+01
1.239590525627136230e+01
1.245423507690429688e+01
1.230316686630249023e+01
1.233167290687561035e+01
1.241589236259460449e+01
1.240184760093688965e+01
1.236407732963562012e+01
1.233521556854248047e+01
1.236873054504394531e+01
1.233186578750610352e+01
1.235882544517517090e+01
1.240362167358398438e+01
1.234020543098449707e+01
1.237594676017761230e+01
1.232486295700073242e+01
1.230849814414978027e+01
1.238422155380249023e+01
1.234522223472595215e+01
1.239117050170898438e+01
1.236913990974426270e+01
1.235970258712768555e+01
1.235966038703918457e+01
1.240816354751586914e+01
1.239138484001159668e+01
1.241239261627197266e+01
1.251850247383117676e+01
1.235563659667968750e+01
1.238806676864624023e+01
1.230118465423583984e+01
1.230788850784301758e+01
1.237957930564880371e+01
1.233254528045654297e+01
1.232789874076843262e+01
1.231826543807983398e+01
1.229887628555297852e+01
1.236351203918457031e+01
1.231858777999877930e+01
1.240224194526672363e+01
1.249571490287780762e+01
1.232823896408081055e+01
1.246125435829162598e+01
1.240086793899536133e+01
1.231599283218383789e+01
1.234266614913940430e+01
1.231273984909057617e+01
1.243698835372924805e+01
1.238786649703979492e+01
1.234602618217468262e+01
1.238284540176391602e+01
1.239098286628723145e+01
1.243252015113830566e+01
1.252559351921081543e+01
1.239892315864562988e+01
1.232800245285034180e+01
1.237208414077758789e+01
1.234498047828674316e+01
1.232946395874023438e+01
1.240538811683654785e+01
1.241989874839782715e+01
1.233678603172302246e+01
1.237230443954467773e+01
1.233328366279602051e+01
1.238577747344970703e+01
1.235526204109191895e+01
1.237039399147033691e+01
1.239083147048950195e+01
1.233520841598510742e+01
1.237023234367370605e+01
1.231481075286865234e+01
1.235032844543457031e+01
1.236283874511718750e+01
1.235493922233581543e+01
1.232251834869384766e+01
1.241008853912353516e+01
1.235614037513732910e+01
1.235935282707214355e+01
1.237201380729675293e+01
1.237619018554687500e+01
1.235357999801635742e+01
1.233421301841735840e+01
1.191871213912963867e+01
1.239160513877868652e+01
1.241519999504089355e+01
1.239766597747802734e+01
1.240297007560729980e+01
1.239850711822509766e+01
1.230450630187988281e+01
1.235436725616455078e+01
1.233898186683654785e+01
1.241432857513427734e+01
1.231069993972778320e+01
1.233907651901245117e+01
1.237800478935241699e+01
1.236119651794433594e+01
1.234671401977539062e+01
1.231321334838867188e+01
1.233288002014160156e+01
1.234083318710327148e+01
1.240426850318908691e+01
1.242329311370849609e+01
1.243355131149291992e+01
1.240063309669494629e+01
1.233971261978149414e+01
1.232640480995178223e+01
1.235093998908996582e+01
1.232406711578369141e+01
1.239476633071899414e+01
1.237661027908325195e+01
1.237514543533325195e+01
1.238772463798522949e+01
1.238024568557739258e+01
1.236460089683532715e+01
1.235071325302124023e+01
1.238961696624755859e+01
1.240216660499572754e+01
1.234178876876831055e+01
1.238033413887023926e+01
1.232754969596862793e+01
1.234605026245117188e+01
1.237790203094482422e+01
1.243093180656433105e+01
1.235711741447448730e+01
1.233792495727539062e+01
1.241358685493469238e+01
1.242528939247131348e+01
1.243489170074462891e+01
1.238036441802978516e+01
1.240147733688354492e+01
1.229947137832641602e+01
1.243814420700073242e+01
1.236807632446289062e+01
1.232984304428100586e+01
1.236757302284240723e+01
1.241832518577575684e+01
1.233344388008117676e+01
1.237185192108154297e+01
1.236903595924377441e+01
1.239454126358032227e+01
1.235324740409851074e+01
1.237951564788818359e+01
1.241901135444641113e+01
1.239167237281799316e+01
1.234408640861511230e+01
1.233476710319519043e+01
1.236726403236389160e+01
1.231719851493835449e+01
1.242126226425170898e+01
1.245650267601013184e+01
1.242126464843750000e+01
1.237997126579284668e+01
1.240950131416320801e+01
1.234420466423034668e+01
1.234211850166320801e+01
1.240191388130187988e+01
1.239781975746154785e+01
1.233952212333679199e+01
1.233178520202636719e+01
1.236021494865417480e+01
1.236181926727294922e+01
1.234697723388671875e+01
1.234869551658630371e+01
1.231690859794616699e+01
1.235599470138549805e+01
1.231438159942626953e+01
1.238544225692749023e+01
1.242689633369445801e+01
1.237589240074157715e+01
1.241294431686401367e+01
1.239501047134399414e+01
