1.333613061904907227e+01
1.275183272361755371e+01
1.266431760787963867e+01
1.271029806137084961e+01
1.273240518569946289e+01
1.274214148521423340e+01
1.279603648185729980e+01
1.279100084304809570e+01
1.273755002021789551e+01
1.274477672576904297e+01
1.283096981048583984e+01
1.283671903610229492e+01
1.278394317626953125e+01
1.277960181236267090e+01
1.284137463569641113e+01
1.275920534133911133e+01
1.278191590309143066e+01
1.276157760620117188e+01
1.276580190658569336e+01
1.279316091537475586e+01
1.280824613571166992e+01
1.280553293228149414e+01
1.284300017356872559e+01
1.278626704216003418e+01
1.277183461189270020e+01
1.280646276473999023e+01
1.274924802780151367e+01
1.276307129859924316e+01
1.280066394805908203e+01
1.276819396018981934e+01
1.280047559738159180e+01
1.279197549819946289e+01
1.282451605796813965e+01
1.281306862831115723e+01
1.280305600166320801e+01
1.278483605384826660e+01
1.283047938346862793e+01
1.277306008338928223e+01
1.282728672027587891e+01
1.277481603622436523e+01
1.278468537330627441e+01
1.276800274848937988e+01
1.280241131782531738e+01
1.276633143424987793e+01
1.279943561553955078e+01
1.278027677536010742e+01
1.277566742897033691e+01
1.274912929534912109e+01
1.282527947425842285e+01
1.280109333992004395e+01
1.279616284370422363e+01
1.282574033737182617e+01
1.276932978630065918e+01
1.281252622604370117e+01
1.284744071960449219e+01
1.275015997886657715e+01
1.278563499450683594e+01
1.272596955299377441e+01
1.279260659217834473e+01
1.276853752136230469e+01
1.289291548728942871e+01
1.278291678428649902e+01
1.277713108062744141e+01
1.282270789146423340e+01
1.279796767234802246e+01
1.274158620834350586e+01
1.277078914642333984e+01
1.273689150810241699e+01
1.275644063949584961e+01
1.277364778518676758e+01
1.279815721511840820e+01
1.281252479553222656e+01
1.275535988807678223e+01
1.281026768684387207e+01
1.275824069976806641e+01
1.279281377792358398e+01
1.275812339782714844e+01
1.274740672111511230e+01
1.278945064544677734e+01
1.280649971961975098e+01
1.279909181594848633e+01
1.281094741821289062e+01
1.277139019966125488e+01
1.275757741928100586e+01
1.280453419685363770e+01
1.276147246360778809e+01
1.275578999519348145e+01
1.282132863998413086e+01
1.278561496734619141e+01
1.277538371086120605e+01
1.278626441955566406e+01
1.280402135848999023e+01
1.274772095680236816e+01
1.276581931114196777e+01
1.278383088111877441e+01
1.278554248809814453e+01
1.278168821334838867e+01
1.278924512863159180e+01
1.278765010833740234e+01
1.277301669120788574e+01
1.278536820411682129e+01
1.279315757751464844e+01
1.278083181381225586e+01
1.279488754272460938e+01
1.280670332908630371e+01
1.273784065246582031e+01
1.273509287834167480e+01
1.278646636009216309e+01
1.278863525390625000e+01
1.279684948921203613e+01
1.280013132095336914e+01
1.301512598991394043e+01
1.277266097068786621e+01
1.275639533996582031e+01
1.274802422523498535e+01
1.279734587669372559e+01
1.277725505828857422e+01
1.277014327049255371e+01
1.274081420898437500e+01
1.277882671356201172e+01
1.274595332145690918e+01
1.281836462020874023e+01
1.275979804992675781e+01
1.278022265434265137e+01
1.278666520118713379e+01
1.276039862632751465e+01
1.273801398277282715e+01
1.275344491004943848e+01
1.276098489761352539e+01
1.276368546485900879e+01
1.277652287483215332e+01
1.283862996101379395e+01
1.280693054199218750e+01
1.281460928916931152e+01
1.278464102745056152e+01
1.275592327117919922e+01
1.279675555229187012e+01
1.280668377876281738e+01
1.278509235382080078e+01
1.277061247825622559e+01
1.274198818206787109e+01
1.283711719512939453e+01
1.281461882591247559e+01
1.280660724639892578e+01
1.275581789016723633e+01
1.279497885704040527e+01
1.275461053848266602e+01
1.279268264770507812e+01
1.283502221107482910e+01
1.274842929840087891e+01
1.277258348464965820e+01
1.280135846138000488e+01
1.287208294868469238e+01
1.280984997749328613e+01
1.277056932449340820e+01
1.278658080101013184e+01
1.280658125877380371e+01
1.279683065414428711e+01
1.275375485420227051e+01
1.279513835906982422e+01
1.279801988601684570e+01
1.273958325386047363e+01
1.284911251068115234e+01
1.279263472557067871e+01
1.279979252815246582e+01
1.279023599624633789e+01
1.278928256034851074e+01
1.277059268951416016e+01
1.275264620780944824e+01
1.282797455787658691e+01
1.278383374214172363e+01
1.288594508171081543e+01
1.277739214897155762e+01
1.280284690856933594e+01
1.281091785430908203e+01
1.279707145690917969e+01
1.273853015899658203e+01
1.276937341690063477e+01
1.280695724487304688e+01
1.278566908836364746e+01
1.277672481536865234e+01
1.277759909629821777e+01
1.279886937141418457e+01
1.273075151443481445e+01
1.278653192520141602e+01
1.282770442962646484e+01
1.277428412437438965e+01
1.276310372352600098e+01
1.280030965805053711e+01
1.274905037879943848e+01
1.275900006294250488e+01
1.277765297889709473e+01
1.277076554298400879e+01
1.279795002937316895e+01
1.280045413970947266e+01
1.276451349258422852e+01
1.276679682731628418e+01
1.284474039077758789e+01
1.282184123992919922e+01
1.277100324630737305e+01
