2.582845456695556763e+00
2.479140437622070259e+00
2.369670967254638771e+00
2.327378669967651525e+00
2.280353107147216729e+00
2.247862897987365827e+00
2.219678018188476543e+00
2.180011394500732447e+00
2.168016557617187701e+00
2.151639755172729540e+00
2.136657521209716748e+00
2.093818956069946502e+00
2.106122091827392406e+00
2.090292698898315482e+00
2.104882416992187366e+00
2.089371474342346158e+00
2.081463045883178875e+00
2.036029730682372918e+00
2.035545371093749889e+00
2.012433851928710826e+00
2.026132941818237221e+00
1.997202862815856905e+00
1.999027323379516607e+00
2.016748330688476365e+00
1.992075380554199304e+00
1.984977675857543922e+00
1.966813000869751082e+00
1.975652329483032155e+00
1.968867944946289139e+00
1.979942807922363324e+00
1.970490282211303734e+00
1.949841727066039976e+00
1.953474602584838848e+00
1.984405044136047458e+00
1.963879026107788084e+00
1.955476189346313509e+00
1.966990268173217871e+00
1.978709578666687063e+00
1.952954523658752439e+00
1.981367972412109379e+00
1.952422710914611725e+00
1.944480798187255832e+00
1.991050952835083043e+00
1.944257388305663969e+00
1.942563719024658297e+00
1.919655174407959075e+00
1.942839496383667042e+00
1.949131620788574271e+00
1.936446519508361774e+00
1.935693361740112195e+00
1.937880105133056530e+00
1.940153013458251863e+00
1.923777347450256414e+00
1.908328706245422390e+00
1.939890814361572291e+00
1.934223813133239656e+00
1.938505439338684022e+00
1.933061115951538067e+00
1.913874446678161645e+00
1.933341608734130856e+00
1.905292550201415969e+00
1.974955841979980420e+00
1.920919308242797774e+00
1.923528368453979454e+00
1.945834281845092884e+00
1.923111926345825173e+00
1.952737315063476586e+00
1.948708699722289994e+00
1.899427261276245060e+00
1.950662364501953183e+00
1.944822472991943441e+00
1.940669421539306549e+00
1.943709354095459085e+00
1.929416341552734337e+00
1.917435020370483301e+00
1.912297888183593697e+00
1.919401912765502871e+00
1.914996332244873090e+00
1.938265287628173850e+00
1.939825500221252552e+00
1.936797935523986824e+00
1.920579399337768445e+00
1.929422895622253442e+00
1.957806184997558541e+00
1.908526056022644024e+00
1.924961683349609265e+00
1.936481658248901283e+00
1.930652621002197256e+00
1.914108801879882860e+00
1.920563367767333940e+00
1.907792300262451279e+00
1.916584966812133750e+00
1.903413084678649891e+00
1.918128043518066317e+00
1.945454190330505373e+00
1.911255549774169893e+00
1.907595757141113291e+00
1.910791510696411066e+00
1.897231339111328019e+00
1.915601348342895527e+00
1.713319856109619232e+00
1.723703355636596601e+00
1.712899168739318911e+00
1.719428155746459908e+00
1.720019566459655813e+00
1.738725684280395534e+00
1.726725962753295818e+00
1.733001833572387795e+00
1.743902811622619620e+00
1.745415182647705121e+00
1.739026780128479110e+00
1.740990405540466357e+00
1.758096602745056192e+00
1.735453817024230849e+00
1.741582083816528348e+00
1.738109383468627867e+00
1.731687587890625046e+00
1.754126559715271094e+00
1.749244570655822839e+00
1.737839241638183596e+00
1.741063148384094150e+00
1.751351751632690412e+00
1.737372985610961873e+00
1.744183033828735407e+00
1.717194177513122533e+00
1.727144042434692439e+00
1.752193802642822318e+00
1.734151056976318328e+00
1.749006632347106960e+00
1.743573836631775009e+00
1.735060754470825195e+00
1.761605346336364786e+00
1.748939199180602921e+00
1.732810472946167080e+00
1.749022581977844215e+00
1.733068273048400831e+00
1.740591143798828178e+00
1.747081877288818363e+00
1.743702149314880323e+00
1.750613909835815329e+00
1.727991165504455529e+00
1.738039771118164101e+00
1.745249696273803774e+00
1.736970764122009347e+00
1.740735423202514731e+00
1.734113558845520098e+00
1.743117558403015188e+00
1.733931123085022064e+00
1.764718665428161692e+00
1.760220596466064436e+00
1.706278703384399353e+00
1.737588936843872167e+00
1.741410060844421404e+00
1.720081434059143044e+00
1.718679593353271473e+00
1.724836922874450673e+00
1.724657595558166445e+00
1.735025263061523493e+00
1.719057411766052201e+00
1.725043245506286516e+00
1.726158147850036517e+00
1.720238070297241295e+00
1.726981276855468650e+00
1.714306685409545894e+00
1.719058016700744540e+00
1.724382363510131855e+00
1.716360263519287166e+00
1.735779940261840792e+00
1.741372103385925296e+00
1.726335924530029375e+00
1.720619554328918444e+00
1.732534166564941414e+00
1.738703716850280800e+00
1.730440383300781315e+00
1.741477374801635669e+00
1.735284172706603956e+00
1.733338790473937907e+00
1.741245384140014618e+00
1.740563921775817979e+00
1.738352053260803221e+00
1.727404971580505322e+00
1.728076444931030187e+00
1.718592178039550777e+00
1.731823598899841388e+00
1.724850993347168071e+00
1.734570868873596128e+00
1.721023681716918885e+00
1.740151838722229005e+00
1.728726412963867087e+00
1.720356203155517516e+00
1.743722736206054780e+00
1.744268904647827245e+00
1.724132344894409252e+00
1.738460782203674393e+00
1.737242184066772444e+00
1.720526314163208115e+00
1.735178331413268937e+00
1.727747912254333551e+00
1.735854665336608926e+00
1.731146957626342742e+00
