2.469848068084716797e+00
2.328248866882324020e+00
2.281321060409545964e+00
2.218287836151123127e+00
2.178030231094360225e+00
2.113978100585937714e+00
2.093823987045288160e+00
2.050301732940673638e+00
2.051000391807556333e+00
2.030350028266906914e+00
2.010045309829711968e+00
1.984357191505432105e+00
1.949880656394958445e+00
1.936156673431396413e+00
1.944795634689331143e+00
1.931964617080688562e+00
1.927343742790222247e+00
1.876733275032043347e+00
1.884337397384643564e+00
1.902552058486938424e+00
1.901645221939086916e+00
1.909454688911437881e+00
1.867284990577697812e+00
1.863179752426147529e+00
1.868624513244628860e+00
1.861688143234252912e+00
1.887956131973266505e+00
1.850581876068115195e+00
1.866546332015991183e+00
1.831922847061157267e+00
1.841730648002624537e+00
1.836131769790649404e+00
1.846018508987426809e+00
1.814745376243591224e+00
1.841444812278747456e+00
1.859620785140991162e+00
1.833526634254455612e+00
1.860553507232665993e+00
1.863516729583740261e+00
1.828985119895935041e+00
1.822338792724609302e+00
1.860589144706725984e+00
1.864111075477600021e+00
1.847865582466125423e+00
1.842746495590209976e+00
1.839149701004028303e+00
1.832857249298095681e+00
1.877010838317871189e+00
1.851168158569336031e+00
1.846082624053955179e+00
1.866180240478515717e+00
1.836644265518188490e+00
1.871231810073852531e+00
1.866049879264831457e+00
1.846437239913940376e+00
1.884065767860412688e+00
1.892817526168823150e+00
1.880853035621643077e+00
1.858860323638916068e+00
1.898801156463623130e+00
1.875831744995117178e+00
1.882916326713562016e+00
1.888248907318115233e+00
1.868847603683471581e+00
1.861774848556518647e+00
1.887398369369506890e+00
1.875245730895995999e+00
1.865120689735412673e+00
1.885917713813781704e+00
1.855983397560119652e+00
1.890582496376037591e+00
1.866694431304931623e+00
1.860117009201049720e+00
1.858883623428344789e+00
1.875084756393432528e+00
1.870438556137084873e+00
1.860745401992797809e+00
1.847872151069641200e+00
1.824537743072509821e+00
1.854697708740234319e+00
1.848440716781616144e+00
1.863209516372680730e+00
1.835771489448547289e+00
1.880586158294677679e+00
1.853833544845581160e+00
1.820338794136047378e+00
1.854294708328247054e+00
1.846073828124999983e+00
1.873639655570983997e+00
1.859393336334228541e+00
1.854387552947998064e+00
1.868841872634887658e+00
1.859689773902893029e+00
1.885617090606689361e+00
1.874195651817321728e+00
1.842820444145202741e+00
1.880695887374878028e+00
1.838869873428344626e+00
1.864816057968139651e+00
1.845906502227783186e+00
1.683751756629943808e+00
1.694451993331909101e+00
1.694406695899963289e+00
1.700103561706542976e+00
1.678809079933166526e+00
1.701872940444946192e+00
1.698624714660644575e+00
1.687393865966796858e+00
1.690085587081909146e+00
1.693706263809204193e+00
1.682398293304443460e+00
1.679054029655456581e+00
1.701824454345703064e+00
1.694226383171081540e+00
1.687917200813293439e+00
1.690021337699890047e+00
1.684100973739623974e+00
1.681117762184143105e+00
1.653634249496459985e+00
1.673233485412597643e+00
1.657266281967163080e+00
1.654486111106872492e+00
1.674020639648437392e+00
1.675257470321655173e+00
1.674375433235168353e+00
1.669847429428100494e+00
1.669620075950622562e+00
1.665196701316833394e+00
1.674413459625244238e+00
1.668194378433227598e+00
1.663985908203124975e+00
1.679704383316040106e+00
1.676265736656189054e+00
1.664504021110534637e+00
1.654228503646850479e+00
1.665451169204711812e+00
1.650283354721069351e+00
1.649895227050781177e+00
1.662686358375549345e+00
1.659827856597900331e+00
1.668447903747558581e+00
1.666360505065918041e+00
1.693815556297302294e+00
1.661734071311950611e+00
1.664490045433044463e+00
1.673270841369628892e+00
1.688285772399902296e+00
1.659558958396911699e+00
1.680071988182067821e+00
1.665447946281433111e+00
1.650622245788574194e+00
1.620159511489868143e+00
1.636166534309387188e+00
1.639068182487487757e+00
1.627119414138793907e+00
1.626516491699218747e+00
1.646125027770996008e+00
1.630903502883911171e+00
1.640001972160339383e+00
1.646497187461853029e+00
1.631906191253662097e+00
1.628532357482910253e+00
1.624486341400146472e+00
1.638976326560974028e+00
1.654336916580200212e+00
1.611127262535095195e+00
1.631978498573303238e+00
1.617164601936340373e+00
1.632681940727233938e+00
1.634874749374389591e+00
1.634247738838195740e+00
1.624856328468322841e+00
1.656522764854431173e+00
1.638169200744628906e+00
1.654009106674194429e+00
1.648696992111206017e+00
1.629931624183654781e+00
1.624303432350158616e+00
1.626584762992858924e+00
1.647880236053466785e+00
1.613811679496765183e+00
1.640095283126830950e+00
1.640022259597778254e+00
1.654773962669372489e+00
1.650012931747436573e+00
1.625485083236694273e+00
1.645931525192260825e+00
1.639355754318237324e+00
1.648127920379638622e+00
1.642607033309936515e+00
1.652257183609008750e+00
1.647959047698974500e+00
1.633747957878112889e+00
1.653570010833740334e+00
1.625664666862487895e+00
1.646997928390502963e+00
1.635087745361328171e+00
1.625370422935485948e+00
1.631267124633789090e+00
1.648470930175781168e+00
