2.535995399780273551e+00
2.473960253601074299e+00
2.386674573822021639e+00
2.322935977096557636e+00
2.266610188217163202e+00
2.252576896972656062e+00
2.193884706344604307e+00
2.178840951614379851e+00
2.147873318023681755e+00
2.141544762229919296e+00
2.106516490173339751e+00
2.110623855247497627e+00
2.093998993301391387e+00
2.083018143005371137e+00
2.077243275070190354e+00
2.052106823806762570e+00
2.055923892211914072e+00
2.027431475219726664e+00
2.017449337158203182e+00
2.012628842926025285e+00
1.996911232910156153e+00
1.993020182266235452e+00
2.011271701431274206e+00
1.969859114761352448e+00
1.981268165016174310e+00
1.963602826881408747e+00
1.982783962860107385e+00
1.973268092117309580e+00
1.956224268836975089e+00
1.951400231018066478e+00
1.950439174652099705e+00
1.978606578674316330e+00
1.949659648590087890e+00
1.963842226600647001e+00
1.949046657676696714e+00
1.959565767822265547e+00
1.948957525634765542e+00
1.962328731651306057e+00
1.931479215393066440e+00
1.941119065246581954e+00
1.963854254150390721e+00
1.944838951797485338e+00
1.953017864151000982e+00
1.937938973541259768e+00
1.930326207122802673e+00
1.930196881446838431e+00
1.908427492370605494e+00
1.940026733322143482e+00
1.938855752944946387e+00
1.924333555526733353e+00
1.924343953170776444e+00
1.958166429214477589e+00
1.913422938003540130e+00
1.936222561645507767e+00
1.937623730430602986e+00
1.932508657379150341e+00
1.960486585617065458e+00
1.929222004089355513e+00
1.921612025337219309e+00
1.922273577995300187e+00
1.940589118309020922e+00
1.894306160354614299e+00
1.943503295898437511e+00
1.924993042297363344e+00
1.917074082946777391e+00
1.908716883277893128e+00
1.940666282882690385e+00
1.891435567855834998e+00
1.889798649787902907e+00
1.934180216598510693e+00
1.919760606613159171e+00
1.919573122558593692e+00
1.929497143249511826e+00
1.919763461837768581e+00
1.905505251541137701e+00
1.954635445823669437e+00
1.902944262847900303e+00
1.925896655235290522e+00
1.928971424179077188e+00
1.899621457328796392e+00
1.916374407653808509e+00
1.890791440887451103e+00
1.926661744995117109e+00
1.905667125167846754e+00
1.914200473937988312e+00
1.926411048507690404e+00
1.898247591629028230e+00
1.919956298294067443e+00
1.895290655746459940e+00
1.941143279151916534e+00
1.911733224639892592e+00
1.926713945541381756e+00
1.899089642868041938e+00
1.903171329650878985e+00
1.942552155303955086e+00
1.924413397369384660e+00
1.919607111778259378e+00
1.910393857727050726e+00
1.913946486663818281e+00
1.944906694717407181e+00
1.714699460830688471e+00
1.705873884010314923e+00
1.719247013282775960e+00
1.716680140914917052e+00
1.730412047157287692e+00
1.731155229606628376e+00
1.726574321136474577e+00
1.729379766693115217e+00
1.719098097305297834e+00
1.744382178916931148e+00
1.726906838989257897e+00
1.741346277046203594e+00
1.741240717887878375e+00
1.741431377792358459e+00
1.743933502120971646e+00
1.742719233398437595e+00
1.742842238769531260e+00
1.755139856834411649e+00
1.734491476821899525e+00
1.736597023735046319e+00
1.737493544883728092e+00
1.732145610656738333e+00
1.729029090766906807e+00
1.737349958610534761e+00
1.730022746429443314e+00
1.752313133659362698e+00
1.725102619743347221e+00
1.732429062576293921e+00
1.741234881324768002e+00
1.737062554016113314e+00
1.736355963058471730e+00
1.714271168518066490e+00
1.731815422019958417e+00
1.746832205810546768e+00
1.741538231544494719e+00
1.740228010101318334e+00
1.746396689376831013e+00
1.744255922241210843e+00
1.737388759613037070e+00
1.742078887634277429e+00
1.747320533370971596e+00
1.764335230865478499e+00
1.763502771682739168e+00
1.744097214355468717e+00
1.767148374290466339e+00
1.767015810394287012e+00
1.771079123840332059e+00
1.766350679931640633e+00
1.761044603424072319e+00
1.760560962142944330e+00
1.747453589057922363e+00
1.733121005020141547e+00
1.736202024879455630e+00
1.746920146560668963e+00
1.739472268981933523e+00
1.734512447433471660e+00
1.742834468040466378e+00
1.729172482910156239e+00
1.734207987976074117e+00
1.734126703491210897e+00
1.754151008186340288e+00
1.740443032836914039e+00
1.757000123062133712e+00
1.742438155784606924e+00
1.746590732192993212e+00
1.729878783149719323e+00
1.727310274887084995e+00
1.746265471649169898e+00
1.724356387710571203e+00
1.728017822723388663e+00
1.745615127296447744e+00
1.745369199333191013e+00
1.752781039047241141e+00
1.737690584030151308e+00
1.728927283935546955e+00
1.750418726463317975e+00
1.746519440269470147e+00
1.744396745834350559e+00
1.743504851684570367e+00
1.737763390884399461e+00
1.735615857696533260e+00
1.752281869163513139e+00
1.731451246452331505e+00
1.732254509391784714e+00
1.730735069389343295e+00
1.746639574584960997e+00
1.745919995040893458e+00
1.745040300445556580e+00
1.748962935791015694e+00
1.734062508850097606e+00
1.752205388526916430e+00
1.738017144393920965e+00
1.758712898788452161e+00
1.757053924751281748e+00
1.745782875900268483e+00
1.730930918731689472e+00
1.743877086257934472e+00
1.725937732009887648e+00
1.741599875869751068e+00
1.738391095314025803e+00
