2.192006611824035645e+01
2.149248480796813965e+01
2.173403453826904297e+01
2.180875611305236816e+01
2.175970721244812012e+01
2.184844684600830078e+01
2.165380477905273438e+01
2.191802525520324707e+01
2.198657512664794922e+01
2.168330073356628418e+01
2.186593389511108398e+01
2.167790818214416504e+01
2.187860107421875000e+01
2.158316564559936523e+01
2.164006781578063965e+01
2.190158867835998535e+01
2.176195597648620605e+01
2.157199358940124512e+01
2.147959184646606445e+01
2.148000478744506836e+01
2.174574446678161621e+01
2.152617835998535156e+01
2.166026306152343750e+01
2.178381538391113281e+01
2.175709199905395508e+01
2.185834813117980957e+01
2.168855118751525879e+01
2.139788436889648438e+01
2.192596387863159180e+01
2.176814389228820801e+01
2.174889135360717773e+01
2.171158766746520996e+01
2.198670935630798340e+01
2.150199127197265625e+01
2.180759859085083008e+01
2.188207817077636719e+01
2.158296227455139160e+01
2.201338124275207520e+01
2.176727700233459473e+01
2.183238768577575684e+01
2.191512084007263184e+01
2.179050898551940918e+01
2.153715682029724121e+01
2.179263377189636230e+01
2.171863508224487305e+01
2.190775728225708008e+01
2.169740033149719238e+01
2.154420638084411621e+01
2.151840567588806152e+01
2.175187015533447266e+01
2.180160927772521973e+01
2.179869174957275391e+01
2.166531872749328613e+01
2.174789071083068848e+01
2.165665459632873535e+01
2.173753499984741211e+01
2.155783581733703613e+01
2.185990929603576660e+01
2.157212090492248535e+01
2.139786624908447266e+01
2.171307802200317383e+01
2.191454815864562988e+01
2.166082382202148438e+01
2.160955739021301270e+01
2.177443909645080566e+01
2.184066867828369141e+01
2.172220611572265625e+01
2.194361376762390137e+01
2.200930094718933105e+01
2.180698442459106445e+01
2.174140787124633789e+01
2.178242921829223633e+01
2.186829233169555664e+01
2.186567568778991699e+01
2.174725341796875000e+01
2.167386412620544434e+01
2.184888267517089844e+01
2.206334805488586426e+01
2.180085873603820801e+01
2.177836680412292480e+01
2.200529170036315918e+01
2.175089669227600098e+01
2.176432108879089355e+01
2.181089496612548828e+01
2.176285600662231445e+01
2.186151623725891113e+01
2.209020471572875977e+01
2.188972187042236328e+01
2.170476412773132324e+01
2.149180483818054199e+01
2.164260077476501465e+01
2.205810928344726562e+01
2.184017133712768555e+01
2.164764857292175293e+01
2.168099951744079590e+01
2.193294763565063477e+01
2.184004998207092285e+01
2.167426443099975586e+01
2.171621394157409668e+01
2.217804074287414551e+01
2.215226054191589355e+01
2.158602476119995117e+01
2.189022040367126465e+01
2.193053650856018066e+01
2.192936635017395020e+01
2.179786133766174316e+01
2.220581889152526855e+01
2.200688171386718750e+01
2.182738947868347168e+01
2.193306279182434082e+01
2.191427350044250488e+01
2.372750902175903320e+01
2.167146849632263184e+01
2.168833208084106445e+01
2.158622670173645020e+01
2.166987633705139160e+01
2.193079352378845215e+01
2.185579514503479004e+01
2.146033501625061035e+01
2.187624263763427734e+01
2.201299023628234863e+01
2.168567204475402832e+01
2.200654816627502441e+01
2.192870926856994629e+01
2.189804124832153320e+01
2.190573549270629883e+01
2.221182537078857422e+01
2.190268349647521973e+01
2.176367926597595215e+01
2.192640066146850586e+01
2.202194523811340332e+01
2.188533782958984375e+01
2.159319734573364258e+01
2.169681930541992188e+01
2.165790104866027832e+01
2.166998314857482910e+01
2.168063211441040039e+01
2.166377305984497070e+01
2.215322732925415039e+01
2.197186017036437988e+01
2.209176683425903320e+01
2.148467350006103516e+01
2.161711478233337402e+01
2.185153555870056152e+01
2.169714689254760742e+01
2.209327936172485352e+01
2.191962051391601562e+01
2.202519655227661133e+01
2.197162294387817383e+01
2.221472191810607910e+01
2.208935284614562988e+01
2.183701515197753906e+01
2.195680785179138184e+01
2.178843069076538086e+01
2.171645808219909668e+01
2.166731023788452148e+01
2.198583912849426270e+01
2.197419404983520508e+01
2.159189128875732422e+01
2.188083100318908691e+01
2.166598916053771973e+01
2.182005834579467773e+01
2.165605735778808594e+01
2.175087165832519531e+01
2.169582271575927734e+01
2.180587577819824219e+01
2.202877426147460938e+01
2.155531644821166992e+01
2.177813148498535156e+01
2.180638790130615234e+01
2.161357855796813965e+01
2.177918195724487305e+01
2.177464652061462402e+01
2.214720845222473145e+01
2.166057634353637695e+01
2.207969832420349121e+01
2.198117709159851074e+01
2.169781613349914551e+01
2.187713885307312012e+01
2.178300404548645020e+01
2.171185660362243652e+01
2.197741675376892090e+01
2.185170578956604004e+01
2.151599359512329102e+01
2.198731899261474609e+01
2.193318676948547363e+01
2.154520773887634277e+01
2.168973445892333984e+01
2.146711397171020508e+01
2.176071143150329590e+01
2.175790476799011230e+01
2.181448698043823242e+01
2.170616960525512695e+01
2.204561424255371094e+01
2.175220751762390137e+01
2.167877101898193359e+01
2.194271016120910645e+01
2.208478021621704102e+01
2.179996609687805176e+01
2.179480981826782227e+01
