2.446976477813720852e+00
2.321001895904541090e+00
2.260937532653808812e+00
2.245363072891235490e+00
2.176061463088989179e+00
2.127191303558349400e+00
2.108914442749023621e+00
2.063184961013794005e+00
2.045605230827331589e+00
2.012836328125000129e+00
1.996171125640869182e+00
1.978386533966064453e+00
1.974995815353393525e+00
1.943551011276245077e+00
1.952086382713317914e+00
1.914304345436096177e+00
1.912179772644043041e+00
1.908996552772521893e+00
1.878571434020996023e+00
1.885391418685913090e+00
1.902593281173706075e+00
1.873292656936645484e+00
1.868379983749389739e+00
1.870075230560302781e+00
1.843175382156372111e+00
1.853246467018127452e+00
1.859329756965637293e+00
1.854778823013305766e+00
1.837850747947692875e+00
1.839715380249023369e+00
1.846163832168579155e+00
1.843150171775817858e+00
1.827221121444702057e+00
1.857868465766906674e+00
1.842313962326049825e+00
1.846527723197937121e+00
1.821607512969970699e+00
1.864337635498046986e+00
1.834103081054687445e+00
1.814928417816162209e+00
1.856951226463317894e+00
1.843088503036498960e+00
1.856918472023010303e+00
1.860357289428711036e+00
1.830068047714233481e+00
1.829744499511718692e+00
1.868983570175170916e+00
1.843526228027343672e+00
1.870012571411132862e+00
1.848343198242187402e+00
1.846609198303222676e+00
1.855314066352844238e+00
1.874362356414794872e+00
1.847583457946777363e+00
1.872547361373901431e+00
1.845540882186889720e+00
1.871425055961608797e+00
1.870006503219604488e+00
1.876600006103515517e+00
1.871641506805419963e+00
1.876402027664184624e+00
1.870981298484802213e+00
1.849678444938659627e+00
1.870179342117309629e+00
1.853860004196167033e+00
1.864131682319641214e+00
1.898346442489623920e+00
1.851815080871582087e+00
1.894012695579528893e+00
1.876532982025146401e+00
1.842104199867248493e+00
1.856315158805847076e+00
1.850656341667175298e+00
1.881410903396606438e+00
1.860228066558837989e+00
1.829668864135742146e+00
1.845362982330322366e+00
1.822530616302490136e+00
1.836573086929321308e+00
1.840687936058044372e+00
1.862586399765014722e+00
1.840886533241272049e+00
1.836977123184204030e+00
1.828086149063110399e+00
1.849780822372436573e+00
1.866328581542968656e+00
1.852491232986450242e+00
1.844120955696106012e+00
1.854195915298461950e+00
1.840359477310180569e+00
1.831206630172729444e+00
1.840972491836547764e+00
1.857056733093261691e+00
1.851685295028686618e+00
1.877712639122009364e+00
1.862117035942077559e+00
1.862852691574096609e+00
1.833564654998779186e+00
1.857307291641235425e+00
1.861009203262329104e+00
1.671849472999572761e+00
1.690229089469909685e+00
1.702928292541503907e+00
1.712616324691772496e+00
1.710179602241516106e+00
1.705867863388061512e+00
1.691298553581237707e+00
1.705893221321105990e+00
1.692681228256225578e+00
1.691080075912475555e+00
1.684545201072692899e+00
1.700837694587707505e+00
1.686335764579772967e+00
1.700218612251281680e+00
1.709543450202941850e+00
1.684565524520873936e+00
1.678132927551269526e+00
1.678313100547790482e+00
1.688528172874450783e+00
1.683619101181030198e+00
1.671193139953613294e+00
1.666414626770019503e+00
1.692367274093627971e+00
1.680155484733581561e+00
1.678097873382568439e+00
1.677397834320068393e+00
1.645479316062927300e+00
1.659431891021728500e+00
1.671005654983520605e+00
1.675949281234741184e+00
1.684755900573730480e+00
1.674720578269958571e+00
1.667855997009277447e+00
1.661915591049194285e+00
1.664618086318969681e+00
1.658330348892211870e+00
1.650802761917114170e+00
1.669777092285156250e+00
1.694494817390441943e+00
1.667481840400695692e+00
1.690630760879516581e+00
1.672261267318725597e+00
1.675909571533203080e+00
1.654671412925720286e+00
1.648034037857055711e+00
1.675688382568359280e+00
1.667450684967040964e+00
1.667256864013671791e+00
1.687101854515075772e+00
1.679500780258178727e+00
1.653630789451599137e+00
1.642300014648437445e+00
1.654895131835937505e+00
1.654416887092590382e+00
1.658288717689514247e+00
1.666908904037475603e+00
1.655257978820800835e+00
1.684311399078369131e+00
1.646347943992614749e+00
1.655474722137451282e+00
1.657757634124755963e+00
1.654593511848449605e+00
1.672590134010314866e+00
1.661489071426391684e+00
1.662302455825805714e+00
1.652612791786193913e+00
1.648691868705749464e+00
1.653490311393737811e+00
1.662859941596984914e+00
1.667107584381103624e+00
1.645157942848205490e+00
1.660716257781982508e+00
1.654103608283996607e+00
1.637051896781921423e+00
1.629015820312500029e+00
1.651906331825256258e+00
1.650446507873535085e+00
1.641925638160705470e+00
1.642356861648559541e+00
1.659354015197753940e+00
1.664713656234741102e+00
1.689890346145629829e+00
1.639516350212097073e+00
1.664352822532653819e+00
1.655263122367858886e+00
1.655608773193359307e+00
1.656447055702209514e+00
1.665447135963439962e+00
1.670058902168273907e+00
1.654424542198181136e+00
1.659123784561157278e+00
1.673078676757812522e+00
1.661276637878418061e+00
1.655239908103942836e+00
1.649895721359252887e+00
1.658932249641418499e+00
1.652871282615661519e+00
1.653729440994262667e+00
1.661512916297912534e+00
1.646382192268371680e+00
