3.970270156860351562e-01
3.966283798217773438e-01
3.900530338287353516e-01
3.943424224853515625e-01
3.915824890136718750e-01
3.846478462219238281e-01
3.864293098449707031e-01
3.822612762451171875e-01
3.798680305480957031e-01
3.869385719299316406e-01
3.843803405761718750e-01
3.812115192413330078e-01
3.837106227874755859e-01
3.813457489013671875e-01
3.929417133331298828e-01
3.857131004333496094e-01
3.826956748962402344e-01
3.854482173919677734e-01
3.783175945281982422e-01
3.867115974426269531e-01
3.814208507537841797e-01
3.849525451660156250e-01
3.889679908752441406e-01
3.829972743988037109e-01
3.899011611938476562e-01
3.834223747253417969e-01
3.835389614105224609e-01
3.865520954132080078e-01
3.807587623596191406e-01
3.971772193908691406e-01
3.794298171997070312e-01
3.854899406433105469e-01
3.864526748657226562e-01
3.840594291687011719e-01
3.905105590820312500e-01
3.851296901702880859e-01
3.833937644958496094e-01
3.857612609863281250e-01
3.818075656890869141e-01
3.898622989654541016e-01
3.840584754943847656e-01
3.795969486236572266e-01
3.888418674468994141e-01
3.821506500244140625e-01
3.853771686553955078e-01
3.853588104248046875e-01
3.818576335906982422e-01
3.856565952301025391e-01
3.782019615173339844e-01
3.886945247650146484e-01
3.840093612670898438e-01
3.816361427307128906e-01
3.815817832946777344e-01
3.926701545715332031e-01
3.858678340911865234e-01
3.837330341339111328e-01
3.809733390808105469e-01
3.851876258850097656e-01
3.839788436889648438e-01
3.866302967071533203e-01
3.833911418914794922e-01
3.966286182403564453e-01
3.869805335998535156e-01
3.848037719726562500e-01
3.852982521057128906e-01
3.821771144866943359e-01
3.821940422058105469e-01
3.892896175384521484e-01
3.956637382507324219e-01
3.863794803619384766e-01
3.866322040557861328e-01
3.820436000823974609e-01
3.817777633666992188e-01
3.860909938812255859e-01
3.834252357482910156e-01
3.833079338073730469e-01
3.813199996948242188e-01
3.880579471588134766e-01
3.854668140411376953e-01
3.888380527496337891e-01
3.836541175842285156e-01
3.842988014221191406e-01
3.859651088714599609e-01
3.918356895446777344e-01
3.855724334716796875e-01
3.820006847381591797e-01
3.817679882049560547e-01
3.815476894378662109e-01
3.863511085510253906e-01
3.864126205444335938e-01
3.846280574798583984e-01
3.793687820434570312e-01
3.855745792388916016e-01
3.858582973480224609e-01
3.808438777923583984e-01
3.991625308990478516e-01
3.828914165496826172e-01
3.812663555145263672e-01
3.875958919525146484e-01
3.808465003967285156e-01
3.888695240020751953e-01
3.839378356933593750e-01
3.843731880187988281e-01
3.881521224975585938e-01
3.831007480621337891e-01
3.898620605468750000e-01
3.806238174438476562e-01
3.857061862945556641e-01
3.800957202911376953e-01
3.817830085754394531e-01
3.892219066619873047e-01
7.302916049957275391e-01
3.833870887756347656e-01
3.818922042846679688e-01
3.846549987792968750e-01
3.915331363677978516e-01
3.813576698303222656e-01
3.851404190063476562e-01
3.817348480224609375e-01
3.831655979156494141e-01
3.916711807250976562e-01
3.802418708801269531e-01
3.857693672180175781e-01
3.841328620910644531e-01
3.794255256652832031e-01
3.917253017425537109e-01
3.867938518524169922e-01
3.848602771759033203e-01
3.826909065246582031e-01
3.802661895751953125e-01
3.901140689849853516e-01
3.833177089691162109e-01
3.868374824523925781e-01
3.820698261260986328e-01
3.836383819580078125e-01
3.855884075164794922e-01
3.815121650695800781e-01
3.906633853912353516e-01
3.845489025115966797e-01
3.826065063476562500e-01
3.960943222045898438e-01
3.828673362731933594e-01
3.887705802917480469e-01
3.810105323791503906e-01
3.835091590881347656e-01
3.912897109985351562e-01
3.874924182891845703e-01
3.878970146179199219e-01
3.921656608581542969e-01
3.826732635498046875e-01
3.907971382141113281e-01
3.868203163146972656e-01
3.922784328460693359e-01
3.849997520446777344e-01
3.829083442687988281e-01
3.886628150939941406e-01
3.856019973754882812e-01
3.878517150878906250e-01
3.816905021667480469e-01
3.850171566009521484e-01
3.887059688568115234e-01
3.848850727081298828e-01
3.837308883666992188e-01
3.849351406097412109e-01
3.855700492858886719e-01
3.891448974609375000e-01
3.846549987792968750e-01
3.818588256835937500e-01
3.847754001617431641e-01
3.877861499786376953e-01
3.891375064849853516e-01
3.880183696746826172e-01
3.828594684600830078e-01
3.884670734405517578e-01
3.854455947875976562e-01
3.910357952117919922e-01
3.812870979309082031e-01
3.841774463653564453e-01
3.841190338134765625e-01
3.796484470367431641e-01
3.873224258422851562e-01
3.965094089508056641e-01
3.907110691070556641e-01
3.868193626403808594e-01
3.823521137237548828e-01
3.865721225738525391e-01
3.836338520050048828e-01
3.817522525787353516e-01
3.934900760650634766e-01
3.852584362030029297e-01
3.866767883300781250e-01
3.875281810760498047e-01
3.827092647552490234e-01
3.900077342987060547e-01
3.800151348114013672e-01
3.869082927703857422e-01
3.845205307006835938e-01
3.812804222106933594e-01
3.925418853759765625e-01
3.831338882446289062e-01
