3.972480297088623047e-01
3.969686031341552734e-01
3.902974128723144531e-01
3.945817947387695312e-01
3.917784690856933594e-01
3.848373889923095703e-01
3.866908550262451172e-01
3.825135231018066406e-01
3.802154064178466797e-01
3.872396945953369141e-01
3.846404552459716797e-01
3.814380168914794922e-01
3.840093612670898438e-01
3.815009593963623047e-01
3.931820392608642578e-01
3.858790397644042969e-01
3.829002380371093750e-01
3.857123851776123047e-01
3.789615631103515625e-01
3.869218826293945312e-01
3.817393779754638672e-01
3.852028846740722656e-01
3.897781372070312500e-01
3.831257820129394531e-01
3.902521133422851562e-01
3.837919235229492188e-01
3.829600811004638672e-01
3.867549896240234375e-01
3.810768127441406250e-01
3.975467681884765625e-01
3.797521591186523438e-01
3.856890201568603516e-01
3.867142200469970703e-01
3.843867778778076172e-01
3.906388282775878906e-01
3.853311538696289062e-01
3.836140632629394531e-01
3.860316276550292969e-01
3.820219039916992188e-01
3.901419639587402344e-01
3.970143795013427734e-01
3.798382282257080078e-01
3.890094757080078125e-01
3.823871612548828125e-01
3.856039047241210938e-01
3.856041431427001953e-01
3.822097778320312500e-01
3.858878612518310547e-01
3.785498142242431641e-01
3.889341354370117188e-01
3.842840194702148438e-01
3.820936679840087891e-01
3.818821907043457031e-01
3.929693698883056641e-01
3.861351013183593750e-01
3.840301036834716797e-01
3.811712265014648438e-01
3.853735923767089844e-01
3.841514587402343750e-01
3.868536949157714844e-01
3.836348056793212891e-01
3.969633579254150391e-01
3.872148990631103516e-01
3.849661350250244141e-01
3.855466842651367188e-01
3.823759555816650391e-01
3.824059963226318359e-01
3.895046710968017578e-01
3.957748413085937500e-01
3.865492343902587891e-01
3.869915008544921875e-01
3.823535442352294922e-01
3.819894790649414062e-01
3.864207267761230469e-01
3.836963176727294922e-01
3.836023807525634766e-01
3.815720081329345703e-01
3.883936405181884766e-01
3.864805698394775391e-01
3.892035484313964844e-01
3.839883804321289062e-01
3.846583366394042969e-01
3.861556053161621094e-01
3.824734687805175781e-01
3.857495784759521484e-01
3.822679519653320312e-01
3.819658756256103516e-01
3.818938732147216797e-01
3.865864276885986328e-01
3.865885734558105469e-01
3.850157260894775391e-01
3.796448707580566406e-01
3.858106136322021484e-01
3.861596584320068359e-01
3.810613155364990234e-01
3.994395732879638672e-01
3.831624984741210938e-01
3.815507888793945312e-01
3.878376483917236328e-01
3.813643455505371094e-01
3.891131877899169922e-01
3.841161727905273438e-01
3.845272064208984375e-01
3.882901668548583984e-01
3.833363056182861328e-01
3.899984359741210938e-01
3.808982372283935547e-01
3.859300613403320312e-01
3.803563117980957031e-01
3.820381164550781250e-01
3.920195102691650391e-01
6.601536273956298828e-01
3.836369514465332031e-01
3.820803165435791016e-01
3.848612308502197266e-01
3.918161392211914062e-01
3.816328048706054688e-01
3.854491710662841797e-01
3.819763660430908203e-01
3.833749294281005859e-01
3.920712471008300781e-01
3.811597824096679688e-01
3.854823112487792969e-01
3.844261169433593750e-01
3.797028064727783203e-01
3.919854164123535156e-01
3.870282173156738281e-01
3.852021694183349609e-01
3.829855918884277344e-01
3.804070949554443359e-01
3.903098106384277344e-01
3.837497234344482422e-01
3.871691226959228516e-01
3.823645114898681641e-01
3.838391304016113281e-01
3.858976364135742188e-01
3.817186355590820312e-01
3.908894062042236328e-01
3.850100040435791016e-01
3.829989433288574219e-01
3.962771892547607422e-01
3.831293582916259766e-01
3.890507221221923828e-01
3.812603950500488281e-01
3.845119476318359375e-01
3.915593624114990234e-01
3.854606151580810547e-01
3.881154060363769531e-01
3.923780918121337891e-01
3.828814029693603516e-01
3.910591602325439453e-01
3.870253562927246094e-01
3.925685882568359375e-01
3.853292465209960938e-01
3.830945491790771484e-01
3.889350891113281250e-01
3.859121799468994141e-01
3.881080150604248047e-01
3.820135593414306641e-01
3.851943016052246094e-01
3.889470100402832031e-01
3.852152824401855469e-01
3.841555118560791016e-01
3.852112293243408203e-01
3.857789039611816406e-01
3.894393444061279297e-01
3.849279880523681641e-01
3.822343349456787109e-01
3.851542472839355469e-01
3.880305290222167969e-01
3.894066810607910156e-01
3.882224559783935547e-01
3.830518722534179688e-01
3.886945247650146484e-01
3.840100765228271484e-01
3.912570476531982422e-01
3.815507888793945312e-01
3.844907283782958984e-01
3.844666481018066406e-01
3.800525665283203125e-01
3.877091407775878906e-01
3.866069316864013672e-01
3.910496234893798828e-01
3.870761394500732422e-01
3.825922012329101562e-01
3.867988586425781250e-01
3.842113018035888672e-01
3.820865154266357422e-01
3.883252143859863281e-01
3.861107826232910156e-01
3.869442939758300781e-01
3.878042697906494141e-01
3.829813003540039062e-01
3.902764320373535156e-01
3.802847862243652344e-01
3.872199058532714844e-01
3.848555088043212891e-01
3.815023899078369141e-01
3.928575515747070312e-01
3.833882808685302734e-01
