1.000000000000000000e+01
1.486999988555908203e+01
1.606999969482421875e+01
1.752999877929687500e+01
1.711999893188476562e+01
2.548999977111816406e+01
2.359999847412109375e+01
2.235000038146972656e+01
2.806999969482421875e+01
2.889999961853027344e+01
3.026999855041503906e+01
2.784000015258789062e+01
2.726999855041503906e+01
3.120999908447265625e+01
3.169999885559082031e+01
3.025999832153320312e+01
3.188999938964843750e+01
3.119999885559082031e+01
3.043999862670898438e+01
3.213999938964843750e+01
3.209999847412109375e+01
3.223999786376953125e+01
3.178999900817871094e+01
2.876999855041503906e+01
3.386000061035156250e+01
3.282999801635742188e+01
3.350000000000000000e+01
3.352000045776367188e+01
3.536999893188476562e+01
3.345999908447265625e+01
3.409999847412109375e+01
3.352000045776367188e+01
3.529000091552734375e+01
3.377000045776367188e+01
3.193999862670898438e+01
3.636999893188476562e+01
3.475000000000000000e+01
3.409000015258789062e+01
3.661999893188476562e+01
3.645999908447265625e+01
3.470999908447265625e+01
3.661000061035156250e+01
3.264999771118164062e+01
3.762999725341796875e+01
3.707999801635742188e+01
3.784999847412109375e+01
3.566999816894531250e+01
3.713999938964843750e+01
3.390999984741210938e+01
3.725999832153320312e+01
3.727000045776367188e+01
3.652999877929687500e+01
3.482999801635742188e+01
3.830999755859375000e+01
3.782999801635742188e+01
3.880999755859375000e+01
3.777000045776367188e+01
3.682999801635742188e+01
3.784999847412109375e+01
3.720999908447265625e+01
3.718000030517578125e+01
3.597999954223632812e+01
3.754999923706054688e+01
3.552999877929687500e+01
3.387999725341796875e+01
3.697999954223632812e+01
3.634999847412109375e+01
3.643000030517578125e+01
3.659000015258789062e+01
3.790999984741210938e+01
3.668999862670898438e+01
3.950000000000000000e+01
3.887999725341796875e+01
3.861000061035156250e+01
3.829000091552734375e+01
3.806999969482421875e+01
3.732999801635742188e+01
3.904000091552734375e+01
3.788999938964843750e+01
3.662999725341796875e+01
3.888999938964843750e+01
3.618999862670898438e+01
4.007999801635742188e+01
3.415999984741210938e+01
3.886000061035156250e+01
4.038999938964843750e+01
3.895999908447265625e+01
4.003999710083007812e+01
3.795999908447265625e+01
3.816999816894531250e+01
3.775999832153320312e+01
3.995000076293945312e+01
3.936999893188476562e+01
4.004999923706054688e+01
3.861000061035156250e+01
3.886000061035156250e+01
3.720000076293945312e+01
3.837999725341796875e+01
3.475999832153320312e+01
3.884000015258789062e+01
4.200000000000000000e+01
4.250000000000000000e+01
4.225999832153320312e+01
4.288999938964843750e+01
4.315999984741210938e+01
4.330999755859375000e+01
4.366999816894531250e+01
4.357999801635742188e+01
4.390999984741210938e+01
4.395999908447265625e+01
4.400000000000000000e+01
4.413999938964843750e+01
4.445999908447265625e+01
4.455999755859375000e+01
4.459999847412109375e+01
4.396999740600585938e+01
4.429999923706054688e+01
4.493000030517578125e+01
4.484000015258789062e+01
4.436999893188476562e+01
4.464999771118164062e+01
4.503999710083007812e+01
4.528999710083007812e+01
4.543000030517578125e+01
4.488999938964843750e+01
4.566999816894531250e+01
4.559000015258789062e+01
4.557999801635742188e+01
4.490999984741210938e+01
4.527999877929687500e+01
4.518999862670898438e+01
4.472999954223632812e+01
4.575000000000000000e+01
4.527999877929687500e+01
4.548999786376953125e+01
4.552000045776367188e+01
4.569999694824218750e+01
4.545999908447265625e+01
4.609000015258789062e+01
4.553999710083007812e+01
4.618000030517578125e+01
4.559999847412109375e+01
4.611999893188476562e+01
4.497999954223632812e+01
4.598999786376953125e+01
4.600999832153320312e+01
4.609000015258789062e+01
4.647999954223632812e+01
4.661999893188476562e+01
4.697999954223632812e+01
4.677000045776367188e+01
4.671999740600585938e+01
4.672999954223632812e+01
4.679999923706054688e+01
4.668000030517578125e+01
4.671999740600585938e+01
4.668999862670898438e+01
4.665999984741210938e+01
4.684000015258789062e+01
4.680999755859375000e+01
4.677000045776367188e+01
4.666999816894531250e+01
4.682999801635742188e+01
4.691999816894531250e+01
4.688999938964843750e+01
4.668000030517578125e+01
4.687999725341796875e+01
4.684000015258789062e+01
4.684000015258789062e+01
4.693999862670898438e+01
4.689999771118164062e+01
4.687999725341796875e+01
4.694999694824218750e+01
4.711999893188476562e+01
4.684000015258789062e+01
4.684999847412109375e+01
4.700000000000000000e+01
4.705999755859375000e+01
4.693999862670898438e+01
4.691999816894531250e+01
4.682999801635742188e+01
4.675999832153320312e+01
4.669999694824218750e+01
4.693999862670898438e+01
4.677999877929687500e+01
4.706999969482421875e+01
4.684000015258789062e+01
4.684000015258789062e+01
4.696999740600585938e+01
4.689999771118164062e+01
4.704999923706054688e+01
4.696999740600585938e+01
4.687999725341796875e+01
4.694999694824218750e+01
4.711000061035156250e+01
4.707999801635742188e+01
4.711000061035156250e+01
4.704999923706054688e+01
4.734999847412109375e+01
4.695999908447265625e+01
