1.326475071907043457e+01
1.266981673240661621e+01
1.265631580352783203e+01
1.280984759330749512e+01
1.269164037704467773e+01
1.272156906127929688e+01
1.274037289619445801e+01
1.272327566146850586e+01
1.270986270904541016e+01
1.277033925056457520e+01
1.279514265060424805e+01
1.276695060729980469e+01
1.270611691474914551e+01
1.272943782806396484e+01
1.275539064407348633e+01
1.271386027336120605e+01
1.281817388534545898e+01
1.276402306556701660e+01
1.278186917304992676e+01
1.275457501411437988e+01
1.277380657196044922e+01
1.280937623977661133e+01
1.281696939468383789e+01
1.273541092872619629e+01
1.277924537658691406e+01
1.275081682205200195e+01
1.282025766372680664e+01
1.278350520133972168e+01
1.275782394409179688e+01
1.276911854743957520e+01
1.276663160324096680e+01
1.274033808708190918e+01
1.274741077423095703e+01
1.273578429222106934e+01
1.273326420783996582e+01
1.281946253776550293e+01
1.274054932594299316e+01
1.275791335105895996e+01
1.275988197326660156e+01
1.276969242095947266e+01
1.284729409217834473e+01
1.280525279045104980e+01
1.277867197990417480e+01
1.273260307312011719e+01
1.274343538284301758e+01
1.280103135108947754e+01
1.270093536376953125e+01
1.274066114425659180e+01
1.274253606796264648e+01
1.277632927894592285e+01
1.274531936645507812e+01
1.277701926231384277e+01
1.276068139076232910e+01
1.280085062980651855e+01
1.274733829498291016e+01
1.279093790054321289e+01
1.273569107055664062e+01
1.275753331184387207e+01
1.272824263572692871e+01
1.275419044494628906e+01
1.275684928894042969e+01
1.272988224029541016e+01
1.272873353958129883e+01
1.272404003143310547e+01
1.273224329948425293e+01
1.272495651245117188e+01
1.269071388244628906e+01
1.273471689224243164e+01
1.287415266036987305e+01
1.276829457283020020e+01
1.276149582862854004e+01
1.280134439468383789e+01
1.275416564941406250e+01
1.276793599128723145e+01
1.284596133232116699e+01
1.278183698654174805e+01
1.279906606674194336e+01
1.279889678955078125e+01
1.278454589843750000e+01
1.277990770339965820e+01
1.276458430290222168e+01
1.274610662460327148e+01
1.276209521293640137e+01
1.276964306831359863e+01
1.276975488662719727e+01
1.276152753829956055e+01
1.282738256454467773e+01
1.282462978363037109e+01
1.277495813369750977e+01
1.272752904891967773e+01
1.276895856857299805e+01
1.274777054786682129e+01
1.271349215507507324e+01
1.277348208427429199e+01
1.279201531410217285e+01
1.277716994285583496e+01
1.273260688781738281e+01
1.280979537963867188e+01
1.273599100112915039e+01
1.275319051742553711e+01
1.271820998191833496e+01
1.275637245178222656e+01
1.278356146812438965e+01
1.278155946731567383e+01
1.281128597259521484e+01
1.278264331817626953e+01
1.276036739349365234e+01
1.277312469482421875e+01
1.274120998382568359e+01
1.271549749374389648e+01
1.272541880607604980e+01
1.298589539527893066e+01
1.275369548797607422e+01
1.271274495124816895e+01
1.268503046035766602e+01
1.272871494293212891e+01
1.276070094108581543e+01
1.274780821800231934e+01
1.276521301269531250e+01
1.274864077568054199e+01
1.276739740371704102e+01
1.276124787330627441e+01
1.275770330429077148e+01
1.277520537376403809e+01
1.270678162574768066e+01
1.272352313995361328e+01
1.277793002128601074e+01
1.277465224266052246e+01
1.279183793067932129e+01
1.272484731674194336e+01
1.276647305488586426e+01
1.273868966102600098e+01
1.274558401107788086e+01
1.271546506881713867e+01
1.275730109214782715e+01
1.269435095787048340e+01
1.274199962615966797e+01
1.272036814689636230e+01
1.272096753120422363e+01
1.272671198844909668e+01
1.282655405998229980e+01
1.273599982261657715e+01
1.279767274856567383e+01
1.275429415702819824e+01
1.275425982475280762e+01
1.282954812049865723e+01
1.278007388114929199e+01
1.277839040756225586e+01
1.272346973419189453e+01
1.277686452865600586e+01
1.277388739585876465e+01
1.277480340003967285e+01
1.279100680351257324e+01
1.282645320892333984e+01
1.277104473114013672e+01
1.275049495697021484e+01
1.273889374732971191e+01
1.278239941596984863e+01
1.278734278678894043e+01
1.276946425437927246e+01
1.272413635253906250e+01
1.281695508956909180e+01
1.271686792373657227e+01
1.276943182945251465e+01
1.274455499649047852e+01
1.271792125701904297e+01
1.278062891960144043e+01
1.272506284713745117e+01
1.279881072044372559e+01
1.274323725700378418e+01
1.273920488357543945e+01
1.274385833740234375e+01
1.278338241577148438e+01
1.278119325637817383e+01
1.275961422920227051e+01
1.272608947753906250e+01
1.275200986862182617e+01
1.276806879043579102e+01
1.272750067710876465e+01
1.272901105880737305e+01
1.274493765830993652e+01
1.271770691871643066e+01
1.274084949493408203e+01
1.270844960212707520e+01
1.278361916542053223e+01
1.276728606224060059e+01
1.277051138877868652e+01
1.269373393058776855e+01
1.272984814643859863e+01
1.273517894744873047e+01
1.270884346961975098e+01
1.274158573150634766e+01
1.270758843421936035e+01
1.276825594902038574e+01
1.272961640357971191e+01
1.273483681678771973e+01
1.278463482856750488e+01
1.275431561470031738e+01
1.274551248550415039e+01
1.277808237075805664e+01
