2.191883635520935059e+01
2.147812533378601074e+01
2.179714870452880859e+01
2.159742903709411621e+01
2.156753182411193848e+01
2.181474113464355469e+01
2.156437325477600098e+01
2.148582315444946289e+01
2.187691545486450195e+01
2.163973855972290039e+01
2.196082663536071777e+01
2.168243980407714844e+01
2.172958493232727051e+01
2.176016092300415039e+01
2.183041310310363770e+01
2.195588302612304688e+01
2.175235319137573242e+01
2.176430606842041016e+01
2.197572040557861328e+01
2.149004769325256348e+01
2.170411372184753418e+01
2.155263519287109375e+01
2.164169120788574219e+01
2.173462080955505371e+01
2.170711755752563477e+01
2.153325867652893066e+01
2.160138273239135742e+01
2.171731758117675781e+01
2.148246836662292480e+01
2.143156766891479492e+01
2.157871818542480469e+01
2.173211812973022461e+01
2.169053173065185547e+01
2.172339510917663574e+01
2.179677915573120117e+01
2.169628262519836426e+01
2.192943263053894043e+01
2.190250611305236816e+01
2.175053572654724121e+01
2.169319272041320801e+01
2.181340599060058594e+01
2.182905435562133789e+01
2.175645899772644043e+01
2.190902018547058105e+01
2.191953301429748535e+01
2.185773658752441406e+01
2.173523187637329102e+01
2.182181668281555176e+01
2.204988574981689453e+01
2.168021488189697266e+01
2.170193743705749512e+01
2.182181859016418457e+01
2.178280830383300781e+01
2.156096267700195312e+01
2.197576403617858887e+01
2.169352340698242188e+01
2.198245406150817871e+01
2.190012788772583008e+01
2.171564912796020508e+01
2.187093210220336914e+01
2.182006454467773438e+01
2.166966414451599121e+01
2.171619129180908203e+01
2.205448412895202637e+01
2.183801198005676270e+01
2.155744194984436035e+01
2.172614574432373047e+01
2.177035164833068848e+01
2.147842907905578613e+01
2.150914812088012695e+01
2.189627075195312500e+01
2.179398131370544434e+01
2.156694984436035156e+01
2.172386240959167480e+01
2.157043504714965820e+01
2.150723338127136230e+01
2.154827833175659180e+01
2.184005403518676758e+01
2.167984890937805176e+01
2.172991943359375000e+01
2.180700445175170898e+01
2.172551250457763672e+01
2.159306454658508301e+01
2.143648529052734375e+01
2.189128041267395020e+01
2.176824831962585449e+01
2.197148227691650391e+01
2.177786111831665039e+01
2.164795565605163574e+01
2.180015277862548828e+01
2.176248335838317871e+01
2.171035218238830566e+01
2.188665604591369629e+01
2.163468337059020996e+01
2.160789036750793457e+01
2.180359339714050293e+01
2.231044840812683105e+01
2.171141672134399414e+01
2.171024870872497559e+01
2.184214472770690918e+01
2.201574206352233887e+01
2.156001114845275879e+01
2.160903739929199219e+01
2.182176733016967773e+01
2.149297046661376953e+01
2.193179154396057129e+01
2.179253268241882324e+01
2.174312472343444824e+01
2.218905782699584961e+01
2.161115908622741699e+01
2.205920243263244629e+01
2.372860908508300781e+01
2.154271793365478516e+01
2.180155491828918457e+01
2.172427177429199219e+01
2.181865859031677246e+01
2.184711790084838867e+01
2.169113945960998535e+01
2.184101366996765137e+01
2.139556050300598145e+01
2.184319949150085449e+01
2.198063111305236816e+01
2.162415480613708496e+01
2.160938024520874023e+01
2.199110245704650879e+01
2.167726731300354004e+01
2.166748070716857910e+01
2.166009521484375000e+01
2.167877411842346191e+01
2.177509498596191406e+01
2.175180149078369141e+01
2.169116950035095215e+01
2.156507158279418945e+01
2.197939586639404297e+01
2.173428988456726074e+01
2.181444597244262695e+01
2.167365455627441406e+01
2.209176659584045410e+01
2.176365756988525391e+01
2.188818264007568359e+01
2.158880186080932617e+01
2.183175230026245117e+01
2.188258767127990723e+01
2.174036026000976562e+01
2.165451145172119141e+01
2.214413261413574219e+01
2.185004901885986328e+01
2.190268063545227051e+01
2.196365404129028320e+01
2.162569260597229004e+01
2.192322349548339844e+01
2.184311294555664062e+01
2.227468419075012207e+01
2.167618870735168457e+01
2.171394658088684082e+01
2.170887970924377441e+01
2.209415793418884277e+01
2.173224568367004395e+01
2.179433035850524902e+01
2.182870459556579590e+01
2.168143320083618164e+01
2.186276817321777344e+01
2.183005023002624512e+01
2.158201026916503906e+01
2.165211510658264160e+01
2.172756695747375488e+01
2.176083612442016602e+01
2.182376718521118164e+01
2.193602752685546875e+01
2.183961224555969238e+01
2.154427576065063477e+01
2.205013489723205566e+01
2.178283667564392090e+01
2.189144015312194824e+01
2.196527719497680664e+01
2.199487495422363281e+01
2.176024699211120605e+01
2.148550415039062500e+01
2.196709489822387695e+01
2.188395857810974121e+01
2.160326433181762695e+01
2.167420864105224609e+01
2.142907762527465820e+01
2.184449315071105957e+01
2.191651749610900879e+01
2.153442573547363281e+01
2.200920605659484863e+01
2.174589681625366211e+01
2.230458664894104004e+01
2.142400503158569336e+01
2.189189028739929199e+01
2.178635454177856445e+01
2.170614314079284668e+01
2.172481942176818848e+01
2.160095620155334473e+01
2.175280857086181641e+01
2.154232001304626465e+01
2.194254302978515625e+01
2.206253433227539062e+01
2.183555173873901367e+01
