2.192340564727783203e+01
2.128019118309020996e+01
2.135546064376831055e+01
2.154552054405212402e+01
2.143780088424682617e+01
2.160194802284240723e+01
2.135245370864868164e+01
2.140637874603271484e+01
2.169313716888427734e+01
2.144417858123779297e+01
2.192111945152282715e+01
2.140827870368957520e+01
2.180780458450317383e+01
2.171250057220458984e+01
2.145057964324951172e+01
2.139681315422058105e+01
2.140817093849182129e+01
2.149156904220581055e+01
2.156756234169006348e+01
2.141311478614807129e+01
2.141713547706604004e+01
2.171465158462524414e+01
2.151878619194030762e+01
2.149100184440612793e+01
2.145050907135009766e+01
2.141448140144348145e+01
2.157354593276977539e+01
2.157069158554077148e+01
2.186052727699279785e+01
2.141417360305786133e+01
2.156447219848632812e+01
2.148993134498596191e+01
2.170664167404174805e+01
2.139595770835876465e+01
2.142975974082946777e+01
2.141287565231323242e+01
2.163040471076965332e+01
2.163972735404968262e+01
2.161276364326477051e+01
2.171091318130493164e+01
2.160462474822998047e+01
2.143070483207702637e+01
2.143689131736755371e+01
2.141721200942993164e+01
2.151802134513854980e+01
2.164449572563171387e+01
2.178961658477783203e+01
2.153273391723632812e+01
2.139919161796569824e+01
2.146350336074829102e+01
2.149695539474487305e+01
2.140349698066711426e+01
2.142538714408874512e+01
2.149953627586364746e+01
2.153326225280761719e+01
2.155540347099304199e+01
2.142231631278991699e+01
2.172739768028259277e+01
2.184970188140869141e+01
2.146356058120727539e+01
2.163257837295532227e+01
2.149364566802978516e+01
2.189556908607482910e+01
2.140583539009094238e+01
2.158657503128051758e+01
2.150648617744445801e+01
2.144996094703674316e+01
2.157782602310180664e+01
2.152770113945007324e+01
2.143124914169311523e+01
2.177237057685852051e+01
2.148957872390747070e+01
2.163136601448059082e+01
2.141006422042846680e+01
2.144287824630737305e+01
2.151244115829467773e+01
2.156974482536315918e+01
2.192052531242370605e+01
2.175312733650207520e+01
2.140719342231750488e+01
2.141924190521240234e+01
2.146029424667358398e+01
2.157167887687683105e+01
2.158393621444702148e+01
2.198606967926025391e+01
2.148281621932983398e+01
2.189720511436462402e+01
2.140324234962463379e+01
2.144780635833740234e+01
2.163001799583435059e+01
2.150451612472534180e+01
2.148489856719970703e+01
2.186104512214660645e+01
2.149450254440307617e+01
2.153078913688659668e+01
2.142272305488586426e+01
2.179915070533752441e+01
2.155496478080749512e+01
2.179624152183532715e+01
2.179246783256530762e+01
2.179143786430358887e+01
2.139890146255493164e+01
2.140562844276428223e+01
2.140997028350830078e+01
2.150260996818542480e+01
2.183304834365844727e+01
2.184800052642822266e+01
2.156122136116027832e+01
2.142717266082763672e+01
2.189690136909484863e+01
2.180399107933044434e+01
2.344268822669982910e+01
2.154912495613098145e+01
2.156171965599060059e+01
2.141198062896728516e+01
2.145568084716796875e+01
2.187989330291748047e+01
2.138822364807128906e+01
2.141189861297607422e+01
2.169374585151672363e+01
2.151808571815490723e+01
2.171545577049255371e+01
2.148546838760375977e+01
2.140802311897277832e+01
2.151880836486816406e+01
2.169671559333801270e+01
2.183618688583374023e+01
2.150347661972045898e+01
2.155942654609680176e+01
2.173520374298095703e+01
2.185301184654235840e+01
2.140459060668945312e+01
2.177105379104614258e+01
2.189703941345214844e+01
2.142476606369018555e+01
2.144244813919067383e+01
2.181461453437805176e+01
2.177805018424987793e+01
2.187296700477600098e+01
2.186322212219238281e+01
2.141903638839721680e+01
2.177614402770996094e+01
2.159385514259338379e+01
2.159578466415405273e+01
2.149314188957214355e+01
2.143536996841430664e+01
2.141385626792907715e+01
2.145371937751770020e+01
2.180108523368835449e+01
2.143480420112609863e+01
2.192305016517639160e+01
2.157135128974914551e+01
2.176615405082702637e+01
2.152944207191467285e+01
2.160221672058105469e+01
2.174502182006835938e+01
2.144375419616699219e+01
2.160065102577209473e+01
2.143861985206604004e+01
2.150199317932128906e+01
2.156006622314453125e+01
2.174422311782836914e+01
2.148133468627929688e+01
2.169599747657775879e+01
2.141291546821594238e+01
2.143087530136108398e+01
2.156813097000122070e+01
2.141703319549560547e+01
2.167962932586669922e+01
2.176698017120361328e+01
2.142943692207336426e+01
2.166527652740478516e+01
2.143567228317260742e+01
2.175162792205810547e+01
2.186853003501892090e+01
2.147332549095153809e+01
2.148656511306762695e+01
2.170068550109863281e+01
2.186374950408935547e+01
2.141921997070312500e+01
2.144240283966064453e+01
2.141951513290405273e+01
2.149078941345214844e+01
2.159682035446166992e+01
2.166046428680419922e+01
2.164541602134704590e+01
2.195431041717529297e+01
2.175123929977416992e+01
2.163400292396545410e+01
2.153899025917053223e+01
2.153564929962158203e+01
2.169838309288024902e+01
2.139438176155090332e+01
2.179430842399597168e+01
2.174165534973144531e+01
2.189749693870544434e+01
2.151371669769287109e+01
2.149990224838256836e+01
2.149977660179138184e+01
2.142334175109863281e+01
