9.679999999999999716e+00
1.278400000244140600e+01
1.419199999511718779e+01
1.614399999877929659e+01
1.753599999938964871e+01
1.923199999908447211e+01
2.054399999954223688e+01
2.116799999511718866e+01
2.273600000244140773e+01
2.361600000488281381e+01
2.617600000488281253e+01
2.672000000183105328e+01
2.699199999877929557e+01
2.736000000488281358e+01
2.833599999816894410e+01
2.822400000183105462e+01
2.846400000732421987e+01
3.012799999145507712e+01
2.935999999511718883e+01
3.031999999511718613e+01
2.892799999816894641e+01
3.007999999816894388e+01
3.055999999877929696e+01
3.091200000976562379e+01
3.068800000183105325e+01
3.126399999511718875e+01
3.182399999145507863e+01
3.145599999938964686e+01
3.153599999511718721e+01
3.247999999511718983e+01
3.201599999755859471e+01
3.223999999816894757e+01
3.255999998779297044e+01
3.286399999572753927e+01
3.168000000122070148e+01
3.329599999511718522e+01
3.295999999755859022e+01
3.307200000976562393e+01
3.339200000488281006e+01
3.356800000976562615e+01
3.275200000488280949e+01
3.340799999816894683e+01
3.297600000122070441e+01
3.296000000122070617e+01
3.438399999145507735e+01
3.328000000183105556e+01
3.382400000732421574e+01
3.459199999999999875e+01
3.263999999816894615e+01
3.390400000183105789e+01
3.324799999145508167e+01
3.406400000732421773e+01
3.500799999816894825e+01
3.352000000732422080e+01
3.468799998779297056e+01
3.374399999816894535e+01
3.478400000122070423e+01
3.395199999145507519e+01
3.311999999816894302e+01
3.363200000122070321e+01
3.409599999755859301e+01
3.406399999816894564e+01
3.329600000122070469e+01
3.382399999755859454e+01
3.326400000488280995e+01
3.383999999511718926e+01
3.423999999145507900e+01
3.390399999877929815e+01
3.323200000183105374e+01
3.489599999755859727e+01
3.443200000122070037e+01
3.388800000976562643e+01
3.398400000122069997e+01
3.459200000366210759e+01
3.499199999511719028e+01
3.438399999816894592e+01
3.424000000122070020e+01
3.519999999145507985e+01
3.521600000610351344e+01
3.516800000732421694e+01
3.480000000488281131e+01
3.391999999816894729e+01
3.345599999816894865e+01
3.393599999511718579e+01
3.371200000732422097e+01
3.422399998779297192e+01
3.404799999511718767e+01
3.492799999999999727e+01
3.452800000122070401e+01
3.430399998779297022e+01
3.465600000122070412e+01
3.516800000976562757e+01
3.494399999755859199e+01
3.551999999755859250e+01
3.600000000732421768e+01
3.580799999999999983e+01
3.451199999755859693e+01
3.516799999755859574e+01
3.505599999511719034e+01
3.539199998779297118e+01
4.345599998779297124e+01
4.414400000244140898e+01
4.454399999023437573e+01
4.468800000000000239e+01
4.502399999145507792e+01
4.560000000610351378e+01
4.591999999755859108e+01
4.539200000610351537e+01
4.571200000366211214e+01
4.571200000366211214e+01
4.624000000366211083e+01
4.611200000366211071e+01
4.656000000976562347e+01
4.729600000366210821e+01
4.660799999999999699e+01
4.763199999023437670e+01
4.732799999023437465e+01
4.728000000610351350e+01
4.689600000000000080e+01
4.694399999389648315e+01
4.689600000976562200e+01
4.710399999633789037e+01
4.852799998657226865e+01
4.771199998657226615e+01
4.867199999999999704e+01
4.772800000366211037e+01
4.724800000732421523e+01
4.782400000366210691e+01
4.879999999633788832e+01
4.791999998779296988e+01
4.857600000000000051e+01
4.865599998779296698e+01
4.851199999755859693e+01
4.894400000000000261e+01
4.803199999999999648e+01
4.828799999023437550e+01
4.835199999023437556e+01
4.888000000610351492e+01
4.916799999633789042e+01
4.792000000488281586e+01
4.880000000976562546e+01
4.918399999999999750e+01
4.921599998779296925e+01
4.966399999267578380e+01
4.875200000366211128e+01
4.860799999999999699e+01
4.916799999633789042e+01
4.947199999023437300e+01
4.913599999145507979e+01
4.907200000366211157e+01
5.049599999389648275e+01
4.942399999633789065e+01
5.073599999023437590e+01
5.008000000366210713e+01
5.081600000732422018e+01
5.001599999999999824e+01
4.964799999023437493e+01
4.991999999389648224e+01
5.071999999023437766e+01
4.977599998779297152e+01
5.040000000976562688e+01
5.028799998291015783e+01
5.089599999389648133e+01
5.041599999633788798e+01
5.086399999633788838e+01
5.054399999999999693e+01
5.024000000000000199e+01
5.068800000610351475e+01
5.041600000976562512e+01
5.086399999145508133e+01
5.070400000732421830e+01
5.016000000976562490e+01
5.148799998657226240e+01
5.043199998779297033e+01
5.059199999023437755e+01
5.022399999023437545e+01
5.139200000610351537e+01
5.004799999755859119e+01
5.102399999633789207e+01
5.011200000244140540e+01
5.094400000610351498e+01
5.073599998657226706e+01
5.095999999633789201e+01
5.135999999633789059e+01
5.137599997314453049e+01
5.118399999389648514e+01
5.099200000976562563e+01
5.175999998657226797e+01
5.071999999633789002e+01
5.078399999755859540e+01
5.089600000976562200e+01
5.094399999755859199e+01
5.059199998657226871e+01
5.044799999389648093e+01
5.076799998779296885e+01
5.121600000366210992e+01
5.116799999633789042e+01
5.070400000610351299e+01
5.071999999023437766e+01
5.092799999267577959e+01
