1.251471400260925293e+01
1.225618529319763184e+01
1.220845890045166016e+01
1.232093811035156250e+01
1.211617517471313477e+01
1.209286236763000488e+01
1.233040070533752441e+01
1.231545925140380859e+01
1.229510688781738281e+01
1.217455124855041504e+01
1.221248579025268555e+01
1.237268519401550293e+01
1.227266573905944824e+01
1.228544807434082031e+01
1.227140140533447266e+01
1.244670963287353516e+01
1.227237057685852051e+01
1.251763629913330078e+01
1.217449522018432617e+01
1.229249048233032227e+01
1.234757900238037109e+01
1.234891653060913086e+01
1.229538059234619141e+01
1.229607057571411133e+01
1.228575372695922852e+01
1.224074125289916992e+01
1.229640221595764160e+01
1.236319804191589355e+01
1.231045699119567871e+01
1.231789159774780273e+01
1.221444177627563477e+01
1.217003607749938965e+01
1.238785719871520996e+01
1.241908526420593262e+01
1.201571655273437500e+01
1.239779543876647949e+01
1.228908801078796387e+01
1.242642951011657715e+01
1.225134181976318359e+01
1.233517432212829590e+01
1.232870554924011230e+01
1.226168847084045410e+01
1.229179596900939941e+01
1.240649843215942383e+01
1.228145503997802734e+01
1.239002108573913574e+01
1.240560078620910645e+01
1.224924087524414062e+01
1.226303482055664062e+01
1.238034844398498535e+01
1.236579513549804688e+01
1.233670353889465332e+01
1.235071730613708496e+01
1.224684071540832520e+01
1.232282805442810059e+01
1.218500900268554688e+01
1.232822608947753906e+01
1.228867816925048828e+01
1.234096860885620117e+01
1.240920448303222656e+01
1.236600780487060547e+01
1.231092786788940430e+01
1.221178078651428223e+01
1.227104616165161133e+01
1.235199236869812012e+01
1.234810757637023926e+01
1.230744385719299316e+01
1.236636543273925781e+01
1.230738496780395508e+01
1.234977054595947266e+01
1.224793815612792969e+01
1.238589501380920410e+01
1.229696679115295410e+01
1.239480805397033691e+01
1.234854030609130859e+01
1.238201045989990234e+01
1.223674893379211426e+01
1.236181402206420898e+01
1.238159036636352539e+01
1.222079229354858398e+01
1.220704936981201172e+01
1.235611319541931152e+01
1.224222064018249512e+01
1.220297765731811523e+01
1.239741206169128418e+01
1.234599208831787109e+01
1.220756745338439941e+01
1.232945299148559570e+01
1.230480933189392090e+01
1.242789077758789062e+01
1.236152863502502441e+01
1.229299092292785645e+01
1.218006753921508789e+01
1.226539015769958496e+01
1.240364599227905273e+01
1.233715581893920898e+01
1.242241406440734863e+01
1.243174934387207031e+01
1.232597184181213379e+01
1.232357668876647949e+01
1.239842963218688965e+01
1.245785307884216309e+01
1.238580083847045898e+01
1.236396098136901855e+01
1.224924683570861816e+01
1.224641060829162598e+01
1.234052562713623047e+01
1.238120865821838379e+01
1.231742382049560547e+01
1.232505178451538086e+01
1.245342803001403809e+01
1.242938661575317383e+01
1.234931325912475586e+01
1.226984953880310059e+01
1.239544105529785156e+01
1.233261799812316895e+01
1.235043215751647949e+01
1.240187525749206543e+01
1.199329829216003418e+01
1.246675372123718262e+01
1.237179303169250488e+01
1.232867455482482910e+01
1.235709404945373535e+01
1.223675465583801270e+01
1.226342082023620605e+01
1.241636824607849121e+01
1.237604784965515137e+01
1.237729072570800781e+01
1.238340210914611816e+01
1.221355581283569336e+01
1.218167638778686523e+01
1.243250679969787598e+01
1.233657240867614746e+01
1.220793342590332031e+01
1.220964789390563965e+01
1.209129858016967773e+01
1.222458815574645996e+01
1.241163682937622070e+01
1.229225111007690430e+01
1.240290522575378418e+01
1.230227899551391602e+01
1.232002019882202148e+01
1.230149459838867188e+01
1.235314249992370605e+01
1.237269473075866699e+01
1.224480080604553223e+01
1.230175685882568359e+01
1.212436318397521973e+01
1.242106151580810547e+01
1.237937808036804199e+01
1.228776812553405762e+01
1.227982091903686523e+01
1.229232382774353027e+01
1.225984072685241699e+01
1.236032557487487793e+01
1.214362335205078125e+01
1.238194465637207031e+01
1.244093346595764160e+01
1.237297940254211426e+01
1.235788846015930176e+01
1.227371954917907715e+01
1.226270627975463867e+01
1.229553127288818359e+01
1.234079742431640625e+01
1.224331760406494141e+01
1.229883289337158203e+01
1.222337675094604492e+01
1.226796412467956543e+01
1.235352993011474609e+01
1.213361454010009766e+01
1.230516123771667480e+01
1.238126707077026367e+01
1.229692625999450684e+01
1.231387472152709961e+01
1.221609067916870117e+01
1.223357844352722168e+01
1.231608247756958008e+01
1.238984179496765137e+01
1.238643670082092285e+01
1.237666463851928711e+01
1.228512763977050781e+01
1.234242391586303711e+01
1.235462427139282227e+01
1.222911262512207031e+01
1.232958078384399414e+01
1.242895245552062988e+01
1.221698951721191406e+01
1.217390513420104980e+01
1.226682138442993164e+01
1.237206411361694336e+01
1.239463496208190918e+01
1.242286443710327148e+01
1.234373259544372559e+01
1.231855702400207520e+01
1.250601291656494141e+01
1.230178546905517578e+01
1.239585494995117188e+01
1.231268954277038574e+01
1.230136060714721680e+01
1.235507035255432129e+01
