1.325999927520751953e+01
1.533999919891357422e+01
1.836999893188476562e+01
2.019999885559082031e+01
1.906999969482421875e+01
2.353999900817871094e+01
2.438999938964843750e+01
2.771999931335449219e+01
2.890999984741210938e+01
2.688999938964843750e+01
3.348999786376953125e+01
3.028999900817871094e+01
2.807999992370605469e+01
3.543000030517578125e+01
3.327999877929687500e+01
3.475000000000000000e+01
2.802999877929687500e+01
3.440999984741210938e+01
3.695999908447265625e+01
3.570999908447265625e+01
3.852999877929687500e+01
3.221999740600585938e+01
3.718000030517578125e+01
3.600999832153320312e+01
3.888999938964843750e+01
3.614999771118164062e+01
3.446999740600585938e+01
3.809999847412109375e+01
3.911000061035156250e+01
3.962999725341796875e+01
3.915999984741210938e+01
3.896999740600585938e+01
4.014999771118164062e+01
3.971999740600585938e+01
4.075000000000000000e+01
3.925999832153320312e+01
4.163999938964843750e+01
4.180999755859375000e+01
4.253999710083007812e+01
4.291999816894531250e+01
3.843999862670898438e+01
4.306999969482421875e+01
3.984999847412109375e+01
3.932999801635742188e+01
4.059999847412109375e+01
4.013999938964843750e+01
4.225999832153320312e+01
4.121999740600585938e+01
4.059999847412109375e+01
4.202000045776367188e+01
4.062999725341796875e+01
4.238999938964843750e+01
4.348999786376953125e+01
4.045999908447265625e+01
3.939999771118164062e+01
4.271999740600585938e+01
3.595000076293945312e+01
3.988999938964843750e+01
3.082999992370605469e+01
3.928999710083007812e+01
3.968999862670898438e+01
3.784999847412109375e+01
3.620000076293945312e+01
4.056999969482421875e+01
4.100000000000000000e+01
4.016999816894531250e+01
4.053999710083007812e+01
4.037999725341796875e+01
3.940999984741210938e+01
4.164999771118164062e+01
3.978999710083007812e+01
4.207999801635742188e+01
3.973999786376953125e+01
3.911999893188476562e+01
3.750000000000000000e+01
3.988999938964843750e+01
4.213999938964843750e+01
3.497999954223632812e+01
4.127000045776367188e+01
4.093000030517578125e+01
4.328999710083007812e+01
3.832999801635742188e+01
3.834000015258789062e+01
4.254999923706054688e+01
3.943000030517578125e+01
3.923999786376953125e+01
2.170999908447265625e+01
4.146999740600585938e+01
4.343999862670898438e+01
3.950999832153320312e+01
3.797999954223632812e+01
3.657999801635742188e+01
4.207999801635742188e+01
4.270999908447265625e+01
4.045000076293945312e+01
4.252999877929687500e+01
4.107999801635742188e+01
4.146999740600585938e+01
3.931999969482421875e+01
4.189999771118164062e+01
4.461000061035156250e+01
4.507999801635742188e+01
4.582999801635742188e+01
4.655999755859375000e+01
4.659000015258789062e+01
4.729999923706054688e+01
4.672999954223632812e+01
4.695999908447265625e+01
4.682999801635742188e+01
4.682999801635742188e+01
4.650000000000000000e+01
4.753999710083007812e+01
4.790999984741210938e+01
4.743999862670898438e+01
4.745999908447265625e+01
4.795999908447265625e+01
4.770999908447265625e+01
4.828999710083007812e+01
4.805999755859375000e+01
4.784000015258789062e+01
4.811000061035156250e+01
4.791999816894531250e+01
4.856999969482421875e+01
4.814999771118164062e+01
4.829999923706054688e+01
4.922999954223632812e+01
4.897999954223632812e+01
4.906999969482421875e+01
4.866999816894531250e+01
4.891999816894531250e+01
4.836999893188476562e+01
4.884000015258789062e+01
4.943000030517578125e+01
4.911000061035156250e+01
4.905999755859375000e+01
4.957999801635742188e+01
4.927999877929687500e+01
4.934999847412109375e+01
4.972999954223632812e+01
4.925000000000000000e+01
4.877000045776367188e+01
4.906999969482421875e+01
4.989999771118164062e+01
4.928999710083007812e+01
4.887999725341796875e+01
4.900000000000000000e+01
4.934000015258789062e+01
4.940999984741210938e+01
4.972999954223632812e+01
4.945999908447265625e+01
5.009999847412109375e+01
5.015999984741210938e+01
5.023999786376953125e+01
5.038999938964843750e+01
5.027000045776367188e+01
5.034000015258789062e+01
5.025999832153320312e+01
5.027000045776367188e+01
5.028999710083007812e+01
5.027999877929687500e+01
5.037999725341796875e+01
5.021999740600585938e+01
5.031999969482421875e+01
5.045999908447265625e+01
5.048999786376953125e+01
5.034000015258789062e+01
5.056999969482421875e+01
5.034000015258789062e+01
5.057999801635742188e+01
5.027999877929687500e+01
5.025999832153320312e+01
5.041999816894531250e+01
5.073999786376953125e+01
5.052000045776367188e+01
5.044999694824218750e+01
5.057999801635742188e+01
5.052000045776367188e+01
5.066999816894531250e+01
5.054999923706054688e+01
5.039999771118164062e+01
5.027000045776367188e+01
5.045999908447265625e+01
5.039999771118164062e+01
5.052999877929687500e+01
5.052999877929687500e+01
5.063999938964843750e+01
5.038999938964843750e+01
5.052000045776367188e+01
5.057999801635742188e+01
5.061000061035156250e+01
5.091999816894531250e+01
5.089999771118164062e+01
5.084999847412109375e+01
5.073999786376953125e+01
5.080999755859375000e+01
5.068999862670898438e+01
5.070999908447265625e+01
5.063999938964843750e+01
5.078999710083007812e+01
5.086000061035156250e+01
