1.075200000244140597e+01
1.494400000183105526e+01
1.670399999908447342e+01
1.780799999816894541e+01
2.204799999511718767e+01
2.228799999954223665e+01
2.368000000488281387e+01
2.560000000183105584e+01
2.649599998779297039e+01
2.676799999755859361e+01
2.859199999572754081e+01
2.740800000488281185e+01
2.844799999816894598e+01
2.849599999511718806e+01
2.955199998779296777e+01
3.164800000732421736e+01
3.177599999511718920e+01
3.278399999145507593e+01
3.273599999145508122e+01
3.279999999816894274e+01
3.255999999816894785e+01
3.377600000488281040e+01
3.435200000122070207e+01
3.478399999389648656e+01
3.540799999511718710e+01
3.508800000122070628e+01
3.558399999755859255e+01
3.491200000976562734e+01
3.537599999145507468e+01
3.630400000122070026e+01
3.572800000366211037e+01
3.563199999999999790e+01
3.556799999145507485e+01
3.544000000366210656e+01
3.595199998779296635e+01
3.721600000366210992e+01
3.627199999389648610e+01
3.615999999816894217e+01
3.689599999755859727e+01
3.740800000122070657e+01
3.652799999755859517e+01
3.632000000488281444e+01
3.659199999755859523e+01
3.646400000183105305e+01
3.708799999755859034e+01
3.728000000732421881e+01
3.638399998779296851e+01
3.745600000732422075e+01
3.542399999572754155e+01
3.747200000366211015e+01
3.628799999511718966e+01
3.625600000732421790e+01
3.742399998779296766e+01
3.727999998779296931e+01
3.697600000732421677e+01
3.632000000976562148e+01
3.462399999145507934e+01
3.681599999755859187e+01
3.675199999816894803e+01
3.609599999389648417e+01
3.692799998779296544e+01
3.716800000122070458e+01
3.502399999755859028e+01
3.499200000183105175e+01
3.552000000732422080e+01
3.526399998779297107e+01
3.587199999511718573e+01
3.457599999389648104e+01
3.511999999145508156e+01
3.545599999145508008e+01
3.583999999389648394e+01
3.595199998779296635e+01
3.599999999816894558e+01
3.515200000732421870e+01
3.566399998779296965e+01
3.651199999145507746e+01
3.528000000366210998e+01
3.599999999145507701e+01
3.631999999511718613e+01
3.566400000000000148e+01
3.500799999877929736e+01
3.507200000732422041e+01
3.612799999145507712e+01
3.646399999572754069e+01
3.532800000488281000e+01
3.487999999816894814e+01
3.481599999755859187e+01
3.718400000976562580e+01
3.588799999755859460e+01
3.588799998779296629e+01
3.585599999755859102e+01
3.625600000732421790e+01
3.691199998779296720e+01
3.697600000732421677e+01
3.537600000366210651e+01
3.523199999755859579e+01
3.523199999816894490e+01
3.679999999145508127e+01
3.667200000732422183e+01
3.587200000122070520e+01
4.427200000366210730e+01
4.614399999023437715e+01
4.750399999755859426e+01
4.686399999389648485e+01
4.780799999023437152e+01
4.763200000366210674e+01
4.880000000610351663e+01
4.918400000976562580e+01
4.860800000366210583e+01
4.857599999755859699e+01
4.932800000976562416e+01
4.907199999023437442e+01
4.862399998657226519e+01
4.881599998657226536e+01
4.955199999633789076e+01
4.924799999999999756e+01
4.988799998779296629e+01
5.027200000610351793e+01
4.984000000610351577e+01
5.071999999999999886e+01
5.025599998779296840e+01
5.056000000610351464e+01
5.024000000000000199e+01
5.076799998657226354e+01
5.166400000000000148e+01
5.099199998779296550e+01
5.094400000610351498e+01
5.152000000976562433e+01
5.095999999389648139e+01
5.155199999633789076e+01
5.196799998779297169e+01
5.198399999023437346e+01
5.215999999389648423e+01
5.110399999389648684e+01
5.270400000000000063e+01
5.166399997314453429e+01
5.238399998657226320e+01
5.248000000610351634e+01
5.305600000244140801e+01
5.225600000244140375e+01
5.276799999389648121e+01
5.271999999389648650e+01
5.289599999267578312e+01
5.187199999999999989e+01
5.337599999389648531e+01
5.235200000610351623e+01
5.310399999023437800e+01
5.255999998291015629e+01
5.308800000610351333e+01
5.318399998657226746e+01
5.318400000610351697e+01
5.384000000732422109e+01
5.447999999633788804e+01
5.356800000610351731e+01
5.377600000244140688e+01
5.375999999633788917e+01
5.471999999389648650e+01
5.369599999755859443e+01
5.475199998657226530e+01
5.403199998657226644e+01
5.446399999023437744e+01
5.376000000610351748e+01
5.411200000000000188e+01
5.447999999023437567e+01
5.448000000610351634e+01
5.481600000000000250e+01
5.385599998657226450e+01
5.443199999267578448e+01
5.417599999633789309e+01
5.465599999999999881e+01
5.470399998657226348e+01
5.425599999023437192e+01
5.388799998657226809e+01
5.444799999023437209e+01
5.438399999023437204e+01
5.527999999633789230e+01
5.470399999267578295e+01
5.499199999389648497e+01
5.432000000610351265e+01
5.414399999267578067e+01
5.467199999389648468e+01
5.430400000000000205e+01
5.519999999267577806e+01
5.459199999023437755e+01
5.539199998779297118e+01
5.471999999389648650e+01
5.438399999633789150e+01
5.475199998657226530e+01
5.417599999267578426e+01
5.420799999023437721e+01
5.489599998657226365e+01
5.471999999755859534e+01
5.436800000000000210e+01
5.518400000976562580e+01
5.427199998657226843e+01
5.515200000000000102e+01
5.535999998657226229e+01
5.484799999633789014e+01
5.462399999023437402e+01
5.550399999023437658e+01
