9.939999580383300781e+00
1.625000000000000000e+01
2.106999969482421875e+01
2.131999969482421875e+01
2.604999923706054688e+01
2.351000022888183594e+01
2.652999877929687500e+01
3.213999938964843750e+01
2.997999954223632812e+01
3.086999893188476562e+01
3.427000045776367188e+01
3.447999954223632812e+01
3.570000076293945312e+01
3.509000015258789062e+01
3.354999923706054688e+01
3.716999816894531250e+01
3.534999847412109375e+01
3.809000015258789062e+01
3.854999923706054688e+01
3.127999877929687500e+01
3.777999877929687500e+01
3.907999801635742188e+01
3.595999908447265625e+01
3.655999755859375000e+01
3.997999954223632812e+01
3.672999954223632812e+01
3.457999801635742188e+01
3.786000061035156250e+01
3.978999710083007812e+01
3.920000076293945312e+01
3.580999755859375000e+01
3.577000045776367188e+01
3.661999893188476562e+01
4.089999771118164062e+01
4.104999923706054688e+01
3.825999832153320312e+01
4.029999923706054688e+01
3.906999969482421875e+01
3.804999923706054688e+01
4.100000000000000000e+01
4.036999893188476562e+01
3.887999725341796875e+01
3.988999938964843750e+01
3.911999893188476562e+01
4.036999893188476562e+01
3.993000030517578125e+01
3.898999786376953125e+01
3.900999832153320312e+01
3.984999847412109375e+01
4.220000076293945312e+01
3.977999877929687500e+01
3.559000015258789062e+01
3.902000045776367188e+01
3.564999771118164062e+01
4.000000000000000000e+01
4.052000045776367188e+01
3.450999832153320312e+01
4.064999771118164062e+01
3.663999938964843750e+01
4.086000061035156250e+01
4.075000000000000000e+01
3.688999938964843750e+01
3.204000091552734375e+01
3.359000015258789062e+01
3.850999832153320312e+01
3.001999855041503906e+01
3.500999832153320312e+01
3.968999862670898438e+01
3.821999740600585938e+01
4.011000061035156250e+01
4.036999893188476562e+01
3.745000076293945312e+01
3.998999786376953125e+01
3.978999710083007812e+01
3.920999908447265625e+01
3.918000030517578125e+01
3.713999938964843750e+01
3.868000030517578125e+01
3.387999725341796875e+01
3.588999938964843750e+01
4.132999801635742188e+01
3.122999954223632812e+01
3.940999984741210938e+01
3.943000030517578125e+01
3.702999877929687500e+01
3.834999847412109375e+01
3.512999725341796875e+01
4.022999954223632812e+01
4.036999893188476562e+01
3.588999938964843750e+01
3.888999938964843750e+01
3.827000045776367188e+01
3.702000045776367188e+01
3.880999755859375000e+01
3.823999786376953125e+01
4.031999969482421875e+01
4.206999969482421875e+01
3.845999908447265625e+01
3.927999877929687500e+01
3.629999923706054688e+01
4.387999725341796875e+01
4.434000015258789062e+01
4.478999710083007812e+01
4.490999984741210938e+01
4.498999786376953125e+01
4.514999771118164062e+01
4.511000061035156250e+01
4.553999710083007812e+01
4.546999740600585938e+01
4.553999710083007812e+01
4.577000045776367188e+01
4.618999862670898438e+01
4.655999755859375000e+01
4.615999984741210938e+01
4.616999816894531250e+01
4.522999954223632812e+01
4.700000000000000000e+01
4.634000015258789062e+01
4.728999710083007812e+01
4.698999786376953125e+01
4.650000000000000000e+01
4.684000015258789062e+01
4.744999694824218750e+01
4.711999893188476562e+01
4.788999938964843750e+01
4.768999862670898438e+01
4.753999710083007812e+01
4.746999740600585938e+01
4.784999847412109375e+01
4.714999771118164062e+01
4.769999694824218750e+01
4.662999725341796875e+01
4.779999923706054688e+01
4.768000030517578125e+01
4.869999694824218750e+01
4.827000045776367188e+01
4.811999893188476562e+01
4.804999923706054688e+01
4.878999710083007812e+01
4.988999938964843750e+01
4.852999877929687500e+01
4.856999969482421875e+01
4.859000015258789062e+01
4.838999938964843750e+01
4.886000061035156250e+01
4.939999771118164062e+01
4.900000000000000000e+01
4.946999740600585938e+01
4.807999801635742188e+01
4.796999740600585938e+01
5.041999816894531250e+01
5.019999694824218750e+01
4.946999740600585938e+01
4.995999908447265625e+01
4.993000030517578125e+01
5.030999755859375000e+01
5.038999938964843750e+01
5.011999893188476562e+01
5.011000061035156250e+01
5.003999710083007812e+01
5.002000045776367188e+01
5.022999954223632812e+01
5.046999740600585938e+01
5.000999832153320312e+01
5.032999801635742188e+01
5.015999984741210938e+01
5.068999862670898438e+01
5.036000061035156250e+01
5.039999771118164062e+01
5.019999694824218750e+01
5.032999801635742188e+01
5.027000045776367188e+01
5.025000000000000000e+01
5.044999694824218750e+01
5.006999969482421875e+01
5.023999786376953125e+01
5.065999984741210938e+01
5.061999893188476562e+01
5.068999862670898438e+01
5.036000061035156250e+01
5.037999725341796875e+01
5.018999862670898438e+01
5.050999832153320312e+01
5.029999923706054688e+01
5.011999893188476562e+01
5.046999740600585938e+01
5.048999786376953125e+01
5.041999816894531250e+01
5.052000045776367188e+01
5.012999725341796875e+01
5.021999740600585938e+01
5.064999771118164062e+01
5.040999984741210938e+01
5.052000045776367188e+01
5.034000015258789062e+01
5.041999816894531250e+01
5.052000045776367188e+01
5.044999694824218750e+01
5.053999710083007812e+01
5.020999908447265625e+01
