2.389419248428344744e+00
2.290406815872192414e+00
2.219663498725890971e+00
2.160497115440368709e+00
2.129856854057312177e+00
2.095652249526977595e+00
2.038695018692016525e+00
2.044050550079345552e+00
1.990738004760742141e+00
1.964930518913269086e+00
1.928323046798706031e+00
1.917904527130126935e+00
1.901505653457641554e+00
1.890047986106872635e+00
1.880818473091125487e+00
1.865138686408996493e+00
1.879338259048461968e+00
1.875725310401916479e+00
1.871015880813598597e+00
1.862475842514038193e+00
1.857816854591369582e+00
1.838059846572875911e+00
1.871168358268737730e+00
1.829831793060302747e+00
1.860252812728881766e+00
1.855641467590332105e+00
1.802709621391296313e+00
1.832845012054443279e+00
1.817594650573730375e+00
1.832953985748291048e+00
1.820339253005981428e+00
1.846369211349487394e+00
1.826962068023681551e+00
1.818299585990905687e+00
1.828252212448120195e+00
1.821030615501403771e+00
1.827050703163146883e+00
1.869103103179931669e+00
1.828536721191406311e+00
1.826823485107421874e+00
1.893911625747680683e+00
1.889565172653198344e+00
1.873563589630127035e+00
1.847964358596801748e+00
1.902434806823730451e+00
1.884639713745117184e+00
1.876412454681396502e+00
1.855910294036865249e+00
1.869624390106201073e+00
1.904758693695068450e+00
1.890652512588500977e+00
1.891635880203247133e+00
1.901707043380737261e+00
1.898518610000610396e+00
1.927795189743042092e+00
1.952602905197143635e+00
1.920809095916748088e+00
1.962295239105224631e+00
1.889324160232543903e+00
1.903995503311157300e+00
1.944443132667541541e+00
1.917453042907714789e+00
1.986369304580688500e+00
1.955419786033630425e+00
1.971052046661377011e+00
1.942295122184753309e+00
1.970835199813842697e+00
1.984226186904907152e+00
1.966754992370605359e+00
1.972735456199645965e+00
2.003603166275024439e+00
1.925791745300293067e+00
1.976449775276184040e+00
1.936046585311889556e+00
1.946036784591674840e+00
1.992910094985961944e+00
1.973686827430725099e+00
1.988462212142944274e+00
1.976470041122436516e+00
1.967053108901977598e+00
1.987094411849975595e+00
2.036113080291748201e+00
1.965332248344421329e+00
1.989892484207153256e+00
2.018165893325805538e+00
1.965820376815795800e+00
1.974742697410583503e+00
1.972196387405395601e+00
1.993789981613159235e+00
2.004202825317382697e+00
1.993996198539733866e+00
1.997582727737426733e+00
1.997363673400878836e+00
2.032959887351989625e+00
2.022917889480591036e+00
1.953750536880493271e+00
1.977976582031250041e+00
1.990608706207275480e+00
2.006577093582153193e+00
2.015674784812927278e+00
1.751089118804931566e+00
1.779931953048706106e+00
1.785019573364257761e+00
1.754961502227783132e+00
1.764080394477844260e+00
1.748135821342468255e+00
1.745441801223754918e+00
1.734639520034789939e+00
1.751762786598205501e+00
1.760935435523986792e+00
1.737180897293090887e+00
1.759607902603149476e+00
1.762497812156677224e+00
1.733703918800354016e+00
1.798043114318847557e+00
1.759096084365844748e+00
1.768024646530151456e+00
1.759409038391113178e+00
1.799439225463867142e+00
1.771392035102844265e+00
1.754632664756774929e+00
1.763896870727539090e+00
1.751056284561157250e+00
1.770159110145568926e+00
1.771933286018371634e+00
1.763772486763000469e+00
1.775531231765747009e+00
1.777403265571594337e+00
1.739233389511108507e+00
1.806711308822631867e+00
1.758047485198974691e+00
1.741522006378173781e+00
1.785596449737548719e+00
1.753662558670043836e+00
1.778606634597778235e+00
1.765089606819152834e+00
1.760335914535522406e+00
1.763741105079650984e+00
1.786152239036560063e+00
1.762866471710205163e+00
1.751577946472167913e+00
1.742099211463928210e+00
1.765367200736999598e+00
1.782192889060974172e+00
1.762690667686462431e+00
1.746465440521240309e+00
1.779863667182922438e+00
1.769314369506835849e+00
1.780255731239318795e+00
1.736360650177001919e+00
1.726824884490966827e+00
1.763383938064575274e+00
1.687212012176513731e+00
1.723867507209777772e+00
1.717456531944274944e+00
1.686180865287780772e+00
1.705542352142334073e+00
1.718234691162109362e+00
1.713320829467773532e+00
1.711600913162231397e+00
1.692738588752746631e+00
1.732216695785522509e+00
1.728439101066589378e+00
1.755739437103271516e+00
1.723734491195678675e+00
1.727681646499633850e+00
1.720128204231262226e+00
1.743008360481262287e+00
1.713572713432311989e+00
1.739669812049865705e+00
1.727567180862426666e+00
1.719666019401550283e+00
1.733408913650512639e+00
1.716806118431091210e+00
1.723962062110900861e+00
1.706077051963806213e+00
1.737980981826782179e+00
1.725627764778137285e+00
1.723709449806213323e+00
1.738713180923461943e+00
1.727733332748413009e+00
1.739372933578491320e+00
1.714196174583435095e+00
1.730079341545105009e+00
1.738953258323669537e+00
1.719771363639831518e+00
1.732892887840270957e+00
1.737080664329528901e+00
1.690952242774963477e+00
1.721168213157653781e+00
1.705524889106750486e+00
1.724320242042541418e+00
1.740650930442810163e+00
1.704399902877807627e+00
1.731198008003234756e+00
1.745497688941955561e+00
1.720598491821289100e+00
1.732353326683044425e+00
1.711350661811828600e+00
1.742596294059753470e+00
