1.000000000000000000e+01
1.430999946594238281e+01
1.796999931335449219e+01
1.809000015258789062e+01
1.928999900817871094e+01
2.417000007629394531e+01
1.834000015258789062e+01
2.834000015258789062e+01
3.014999961853027344e+01
2.769999885559082031e+01
3.192000007629394531e+01
2.801999855041503906e+01
2.992999839782714844e+01
3.125999832153320312e+01
3.125000000000000000e+01
3.218999862670898438e+01
3.044999885559082031e+01
3.438999938964843750e+01
3.477999877929687500e+01
3.434000015258789062e+01
3.418999862670898438e+01
3.266999816894531250e+01
3.546999740600585938e+01
3.379000091552734375e+01
3.738999938964843750e+01
3.543000030517578125e+01
3.659999847412109375e+01
3.622999954223632812e+01
3.652999877929687500e+01
3.812999725341796875e+01
3.587999725341796875e+01
3.609000015258789062e+01
3.420000076293945312e+01
3.738999938964843750e+01
3.784999847412109375e+01
3.680999755859375000e+01
3.945999908447265625e+01
3.945999908447265625e+01
3.768999862670898438e+01
3.996999740600585938e+01
4.016999816894531250e+01
3.827999877929687500e+01
3.797999954223632812e+01
3.255999755859375000e+01
3.534000015258789062e+01
3.793000030517578125e+01
3.743000030517578125e+01
3.472999954223632812e+01
2.551000022888183594e+01
3.670000076293945312e+01
3.948999786376953125e+01
3.852000045776367188e+01
4.159000015258789062e+01
4.007999801635742188e+01
4.002000045776367188e+01
3.784999847412109375e+01
3.564999771118164062e+01
3.855999755859375000e+01
3.420999908447265625e+01
3.984000015258789062e+01
3.898999786376953125e+01
3.691999816894531250e+01
3.593999862670898438e+01
3.722999954223632812e+01
3.881999969482421875e+01
3.655999755859375000e+01
3.132999992370605469e+01
4.059000015258789062e+01
3.702000045776367188e+01
3.620000076293945312e+01
3.361999893188476562e+01
3.094999885559082031e+01
3.515999984741210938e+01
3.725000000000000000e+01
3.966999816894531250e+01
3.829999923706054688e+01
3.864999771118164062e+01
3.275000000000000000e+01
3.165999984741210938e+01
3.816999816894531250e+01
3.518000030517578125e+01
3.504999923706054688e+01
3.295000076293945312e+01
3.459000015258789062e+01
3.334000015258789062e+01
3.655999755859375000e+01
4.014999771118164062e+01
3.556999969482421875e+01
3.895000076293945312e+01
3.895000076293945312e+01
3.695999908447265625e+01
3.812999725341796875e+01
3.820000076293945312e+01
3.757999801635742188e+01
3.625000000000000000e+01
3.695999908447265625e+01
4.046999740600585938e+01
3.487999725341796875e+01
3.795000076293945312e+01
3.772999954223632812e+01
4.373999786376953125e+01
4.370000076293945312e+01
4.377000045776367188e+01
4.427000045776367188e+01
4.346999740600585938e+01
4.472999954223632812e+01
4.466999816894531250e+01
4.495000076293945312e+01
4.465999984741210938e+01
4.445999908447265625e+01
4.537999725341796875e+01
4.515999984741210938e+01
4.577000045776367188e+01
4.427999877929687500e+01
4.472999954223632812e+01
4.509000015258789062e+01
4.634999847412109375e+01
4.611000061035156250e+01
4.486999893188476562e+01
4.462999725341796875e+01
4.573999786376953125e+01
4.571999740600585938e+01
4.631999969482421875e+01
4.541999816894531250e+01
4.511000061035156250e+01
4.550999832153320312e+01
4.615999984741210938e+01
4.650999832153320312e+01
4.584999847412109375e+01
4.611000061035156250e+01
4.620999908447265625e+01
4.550000000000000000e+01
4.659000015258789062e+01
4.719999694824218750e+01
4.706999969482421875e+01
4.504999923706054688e+01
4.478999710083007812e+01
4.671999740600585938e+01
4.709000015258789062e+01
4.637999725341796875e+01
4.603999710083007812e+01
4.679999923706054688e+01
4.636000061035156250e+01
4.662999725341796875e+01
4.593000030517578125e+01
4.778999710083007812e+01
4.690999984741210938e+01
4.793999862670898438e+01
4.757999801635742188e+01
4.743000030517578125e+01
4.777000045776367188e+01
4.773999786376953125e+01
4.753999710083007812e+01
4.768000030517578125e+01
4.784999847412109375e+01
4.743999862670898438e+01
4.770999908447265625e+01
4.768000030517578125e+01
4.769999694824218750e+01
4.762999725341796875e+01
4.787999725341796875e+01
4.775999832153320312e+01
4.778999710083007812e+01
4.786000061035156250e+01
4.811999893188476562e+01
4.734999847412109375e+01
4.782999801635742188e+01
4.755999755859375000e+01
4.778999710083007812e+01
4.764999771118164062e+01
4.793000030517578125e+01
4.796999740600585938e+01
4.809999847412109375e+01
4.765999984741210938e+01
4.797999954223632812e+01
4.791999816894531250e+01
4.765999984741210938e+01
4.790999984741210938e+01
4.802000045776367188e+01
4.769999694824218750e+01
4.778999710083007812e+01
4.787999725341796875e+01
4.775000000000000000e+01
4.757999801635742188e+01
4.811000061035156250e+01
4.781999969482421875e+01
4.850000000000000000e+01
4.815999984741210938e+01
4.813999938964843750e+01
4.763999938964843750e+01
4.832999801635742188e+01
4.814999771118164062e+01
4.811000061035156250e+01
4.768000030517578125e+01
4.775999832153320312e+01
4.807999801635742188e+01
4.752999877929687500e+01
4.798999786376953125e+01
4.772999954223632812e+01
4.756999969482421875e+01
