2.383142287597656228e+00
2.263652696075439508e+00
2.221118124847412112e+00
2.197121386795044096e+00
2.106736709365844895e+00
2.095733133926391822e+00
2.071537097930908011e+00
1.998874866485595758e+00
1.991183079872131279e+00
1.992055566711425696e+00
1.967304135513305630e+00
1.961199665603637676e+00
1.958756623268127495e+00
1.961864426651001025e+00
1.969910638236999523e+00
1.909615430908203182e+00
1.892803029899597256e+00
1.875412724571227985e+00
1.914457713432311969e+00
1.907644582977295000e+00
1.904220320892334062e+00
1.871051334686279377e+00
1.881414874000549409e+00
1.861928270111083972e+00
1.860689828109741262e+00
1.904020082015991155e+00
1.881712872390747027e+00
1.887057314338684177e+00
1.892176854171752964e+00
1.871185667495727456e+00
1.875513892745971578e+00
1.891045607986450161e+00
1.895087552719116220e+00
1.874720776672363254e+00
1.866423602027893036e+00
1.864093415603637727e+00
1.874380154876708948e+00
1.888690708198547341e+00
1.851417398147582993e+00
1.871054737472534146e+00
1.898914828758239803e+00
1.860137460327148329e+00
1.906903974533081136e+00
1.892080132293701089e+00
1.865523570632934502e+00
1.880022212944030713e+00
1.916063920593261694e+00
1.867560427093505782e+00
1.912502816848754783e+00
1.887021025199890234e+00
1.923429853439331039e+00
1.918104268684387215e+00
1.908555654678344649e+00
1.887670020866394127e+00
1.896357474670410159e+00
1.946121150131225663e+00
1.946656363830566505e+00
1.913981554107665906e+00
1.907421786651611217e+00
1.926305971679687534e+00
1.924184442520141536e+00
1.908876262512207100e+00
1.944138070449829003e+00
1.946274454345703120e+00
1.950091383819580138e+00
1.959850945816040024e+00
1.962023234634399316e+00
1.940077457084655732e+00
1.944045536231994609e+00
1.947666252174377499e+00
1.930409145317077746e+00
1.952810201377868760e+00
1.951835363998413175e+00
1.942768824386596593e+00
1.944041005325317428e+00
1.953004170989990129e+00
1.972758304824829168e+00
1.966487556533813574e+00
1.946853250274658276e+00
1.950905561866760340e+00
1.993740316772460996e+00
1.950461732444763285e+00
1.924144147262573323e+00
1.945458565979003795e+00
1.963238009948730545e+00
1.959123939743041998e+00
1.990186063766479441e+00
1.943997372817993119e+00
1.948899403381347595e+00
1.952551108589172468e+00
1.954192869720458914e+00
1.970124120941162182e+00
1.927392387428283671e+00
1.941072087097168053e+00
1.986923181037902886e+00
1.966702678070068266e+00
1.967300028762817288e+00
1.959558231315612797e+00
1.977504767913818462e+00
1.970458854293823281e+00
1.737392186431884866e+00
1.698131661872863685e+00
1.702998867034912100e+00
1.708946189575195396e+00
1.713783849105835033e+00
1.716847887802124051e+00
1.729014846115112247e+00
1.741133819198608323e+00
1.743737187652587783e+00
1.778138133811950627e+00
1.756551717491149800e+00
1.785507858734130870e+00
1.792812407226562543e+00
1.761569714927673447e+00
1.784507764854431189e+00
1.779921775741577061e+00
1.784106587104797415e+00
1.779983387565612807e+00
1.792268381423950174e+00
1.794541973800659163e+00
1.809306823196411118e+00
1.801259236526489227e+00
1.808727103080749465e+00
1.804973105201721273e+00
1.795325643386840753e+00
1.828065869827270484e+00
1.815866545143127508e+00
1.804934819564819382e+00
1.840597358398437411e+00
1.832025975036621013e+00
1.812681501388549776e+00
1.808051274032592692e+00
1.839414769058227650e+00
1.821757273025512713e+00
1.809159123840331951e+00
1.831738288307189988e+00
1.835298216209411581e+00
1.851758286399841413e+00
1.830376378822326622e+00
1.852163239135742101e+00
1.838341453628540068e+00
1.854725697631836034e+00
1.855806706924438387e+00
1.900912938079833969e+00
1.844171376495361336e+00
1.862651595001220795e+00
1.861941486663818424e+00
1.876244275245666504e+00
1.853608262062072853e+00
1.871200843429565497e+00
1.841366497764587384e+00
1.814536236267089819e+00
1.809114184913635182e+00
1.845942247238159251e+00
1.836784391899108915e+00
1.826423524208068860e+00
1.808790352325439388e+00
1.825154893569946202e+00
1.797481257591247550e+00
1.838955105590820205e+00
1.824650551528930631e+00
1.863412484359741272e+00
1.835088746376037694e+00
1.813341059494018470e+00
1.829640863914489657e+00
1.816525278854370207e+00
1.850337139625549243e+00
1.841177310295105007e+00
1.837392125511169372e+00
1.816734836273193432e+00
1.804811970405578503e+00
1.835955827560424858e+00
1.831300800819396946e+00
1.814236185111999466e+00
1.836163140754699663e+00
1.805917171287536593e+00
1.815764184608459564e+00
1.816237911834716723e+00
1.837412594032287627e+00
1.821242287216186417e+00
1.827444553833007745e+00
1.816216664505004852e+00
1.796711799583434965e+00
1.831251873931884822e+00
1.802956270446777420e+00
1.818783323211669911e+00
1.837657977333068793e+00
1.840546971740722570e+00
1.844018748550415143e+00
1.820393026733398534e+00
1.832073936996460040e+00
1.849276360626220805e+00
1.865703253097534153e+00
1.821714632415771584e+00
1.835540163345336984e+00
1.810582684402465725e+00
1.813741453742981014e+00
1.821372675666809160e+00
1.833641169700622520e+00
1.812233752059936531e+00
