1.221000003814697266e+01
1.581999969482421875e+01
1.671999931335449219e+01
2.142000007629394531e+01
2.029999923706054688e+01
2.331999969482421875e+01
2.501999855041503906e+01
2.880999946594238281e+01
2.760999870300292969e+01
2.823999977111816406e+01
3.368999862670898438e+01
3.018999862670898438e+01
3.168999862670898438e+01
3.545999908447265625e+01
3.304999923706054688e+01
3.434999847412109375e+01
3.243999862670898438e+01
3.455999755859375000e+01
3.688999938964843750e+01
3.559999847412109375e+01
3.791999816894531250e+01
3.529000091552734375e+01
3.723999786376953125e+01
3.573999786376953125e+01
3.823999786376953125e+01
3.909000015258789062e+01
3.890999984741210938e+01
3.779000091552734375e+01
3.961000061035156250e+01
3.940999984741210938e+01
3.895999908447265625e+01
3.695000076293945312e+01
4.068999862670898438e+01
4.032999801635742188e+01
4.125999832153320312e+01
4.245000076293945312e+01
4.157999801635742188e+01
4.173999786376953125e+01
3.929999923706054688e+01
4.282999801635742188e+01
3.977000045776367188e+01
4.346999740600585938e+01
3.998999786376953125e+01
4.179999923706054688e+01
4.161999893188476562e+01
3.025999832153320312e+01
4.175999832153320312e+01
4.018999862670898438e+01
4.064999771118164062e+01
4.153999710083007812e+01
4.055999755859375000e+01
3.997999954223632812e+01
4.395999908447265625e+01
4.100999832153320312e+01
3.923999786376953125e+01
4.323999786376953125e+01
3.400999832153320312e+01
3.970999908447265625e+01
3.909999847412109375e+01
3.854000091552734375e+01
3.829000091552734375e+01
3.995999908447265625e+01
3.821999740600585938e+01
4.056999969482421875e+01
4.120000076293945312e+01
3.695000076293945312e+01
3.305999755859375000e+01
4.002999877929687500e+01
3.959999847412109375e+01
4.107999801635742188e+01
3.937999725341796875e+01
4.145000076293945312e+01
3.940999984741210938e+01
3.616999816894531250e+01
3.629999923706054688e+01
3.531999969482421875e+01
4.203999710083007812e+01
3.841999816894531250e+01
4.247999954223632812e+01
3.550999832153320312e+01
4.290999984741210938e+01
3.752999877929687500e+01
3.837999725341796875e+01
4.184000015258789062e+01
3.472999954223632812e+01
3.966999816894531250e+01
3.646999740600585938e+01
4.127000045776367188e+01
4.325999832153320312e+01
4.025000000000000000e+01
3.715999984741210938e+01
3.670999908447265625e+01
4.050999832153320312e+01
4.230999755859375000e+01
3.715999984741210938e+01
4.293000030517578125e+01
4.136000061035156250e+01
4.181999969482421875e+01
4.106999969482421875e+01
4.181999969482421875e+01
4.465999984741210938e+01
4.518000030517578125e+01
4.580999755859375000e+01
4.639999771118164062e+01
4.690999984741210938e+01
4.688999938964843750e+01
4.682999801635742188e+01
4.744999694824218750e+01
4.680999755859375000e+01
4.675000000000000000e+01
4.702999877929687500e+01
4.748999786376953125e+01
4.753999710083007812e+01
4.745999908447265625e+01
4.714999771118164062e+01
4.811999893188476562e+01
4.768999862670898438e+01
4.830999755859375000e+01
4.811000061035156250e+01
4.788999938964843750e+01
4.822999954223632812e+01
4.827000045776367188e+01
4.859000015258789062e+01
4.831999969482421875e+01
4.859000015258789062e+01
4.893000030517578125e+01
4.889999771118164062e+01
4.904999923706054688e+01
4.864999771118164062e+01
4.871999740600585938e+01
4.827999877929687500e+01
4.902999877929687500e+01
4.938999938964843750e+01
4.905999755859375000e+01
4.847999954223632812e+01
4.931999969482421875e+01
4.895999908447265625e+01
4.936000061035156250e+01
4.977999877929687500e+01
4.915999984741210938e+01
4.943000030517578125e+01
4.943999862670898438e+01
4.903999710083007812e+01
4.965999984741210938e+01
5.013999938964843750e+01
4.939999771118164062e+01
4.940999984741210938e+01
4.911999893188476562e+01
4.978999710083007812e+01
5.044999694824218750e+01
5.009000015258789062e+01
5.007999801635742188e+01
5.014999771118164062e+01
5.039999771118164062e+01
5.025000000000000000e+01
5.029999923706054688e+01
5.028999710083007812e+01
5.031999969482421875e+01
5.029999923706054688e+01
5.027000045776367188e+01
5.034000015258789062e+01
5.020999908447265625e+01
5.028999710083007812e+01
5.048999786376953125e+01
5.047999954223632812e+01
5.032999801635742188e+01
5.057999801635742188e+01
5.030999755859375000e+01
5.047999954223632812e+01
5.025000000000000000e+01
5.027000045776367188e+01
5.038999938964843750e+01
5.062999725341796875e+01
5.054999923706054688e+01
5.032999801635742188e+01
5.059000015258789062e+01
5.050000000000000000e+01
5.055999755859375000e+01
5.053999710083007812e+01
5.054999923706054688e+01
5.030999755859375000e+01
5.043000030517578125e+01
5.036999893188476562e+01
5.050000000000000000e+01
5.054999923706054688e+01
5.061999893188476562e+01
5.044999694824218750e+01
5.053999710083007812e+01
5.056999969482421875e+01
5.056999969482421875e+01
5.087999725341796875e+01
5.075999832153320312e+01
5.081999969482421875e+01
5.073999786376953125e+01
5.068999862670898438e+01
5.065999984741210938e+01
5.069999694824218750e+01
5.070999908447265625e+01
5.075999832153320312e+01
5.086999893188476562e+01
