9.695999995727538234e+00
1.260799999572753904e+01
1.678400000183105334e+01
1.904000000183105357e+01
2.150400000244140486e+01
2.257600000122070227e+01
2.372800000488281214e+01
2.656000000488281287e+01
2.799999999816894558e+01
2.758399999145507664e+01
2.990399999145507692e+01
3.067199999816894618e+01
3.163200000732421913e+01
3.196799999816894555e+01
3.211199999145507888e+01
3.342399999145507650e+01
3.323200000976562762e+01
3.375999999145507502e+01
3.414399999145507536e+01
3.465600000366210764e+01
3.440000000732421626e+01
3.523199999511718516e+01
3.555200000976562791e+01
3.630399999389648258e+01
3.523200000732421699e+01
3.622400000732422143e+01
3.745599999755859244e+01
3.689600000366210963e+01
3.607999999816894388e+01
3.816000000732422137e+01
3.745599998779297124e+01
3.876799999145507769e+01
3.838400000000000034e+01
3.851199998779296862e+01
3.787199998779296806e+01
3.908800000000000097e+01
3.840000000732421626e+01
3.790400000000000347e+01
3.835199999145508087e+01
3.862400000732422001e+01
3.904000000183105357e+01
3.867199999999999704e+01
3.891199999145507604e+01
3.942399999633789065e+01
3.852800000366210753e+01
3.971199999023437499e+01
3.688000000732422023e+01
3.740800000732421893e+01
3.833599999511718437e+01
3.923200000122070463e+01
3.715199999511718687e+01
3.835199999145508087e+01
3.723200000366210816e+01
3.718399999145508161e+01
3.895999999023437255e+01
3.782399999389648571e+01
3.816000000732422137e+01
3.766399999389648201e+01
3.673600000366210594e+01
3.726399999145507991e+01
3.804799999145507883e+01
3.820799999999999841e+01
3.716800000122070458e+01
3.724799999816894314e+01
3.764799999145508025e+01
3.710399999511718505e+01
3.780800000976562814e+01
3.835199999145508087e+01
3.687999999755859193e+01
3.710400000366210804e+01
3.644800000732421807e+01
3.673599999389648474e+01
3.579199999816894717e+01
3.654400000976562524e+01
3.809599998779297181e+01
3.696000000366210969e+01
3.580800000732421751e+01
3.702399999908447370e+01
3.665599999023437761e+01
3.534399999145507820e+01
3.628800000122070202e+01
3.832000000122070560e+01
3.532799999145507996e+01
3.787199999755859636e+01
3.641600000732422160e+01
3.603200000366211242e+01
3.662400000732422001e+01
3.641600000366211276e+01
3.670400000732421830e+01
3.561599999145507667e+01
3.697599999999999909e+01
3.646399999755859511e+01
3.657599999389648104e+01
3.577599999389648389e+01
3.719999999755859221e+01
3.496000000488281501e+01
3.617599999023437363e+01
3.614399999511718420e+01
3.684800000366210782e+01
3.734400000488281535e+01
4.553600000366211020e+01
4.768000000366210855e+01
4.720000000366211168e+01
4.763199999267578022e+01
4.769600000610351742e+01
4.811200000366211071e+01
4.932800000000000296e+01
4.878399999023437772e+01
4.940799998657226411e+01
4.934399998657226405e+01
4.886400000610351668e+01
4.984000000366211225e+01
4.979199999389648212e+01
5.073599999999999710e+01
5.107199999633789389e+01
5.052800000976562700e+01
5.068799999633789355e+01
5.070400000000000063e+01
5.083200000122070605e+01
5.099200001464843979e+01
5.118399998291015862e+01
5.099199999389648497e+01
5.142399999999999949e+01
5.220799999267578073e+01
5.203200000244140710e+01
5.177599999755859272e+01
5.187199999389648752e+01
5.230400000000000205e+01
5.262400001464843768e+01
5.286399998657226718e+01
5.249599998657226507e+01
5.155200000366210844e+01
5.232000000000000028e+01
5.233600000976562683e+01
5.358400000610351555e+01
5.331200000610351708e+01
5.291200000610351850e+01
5.289600000366210963e+01
5.304000000122070446e+01
5.318399999633788866e+01
5.363199999023437670e+01
5.331199999389648525e+01
5.369599999267578028e+01
5.388799999633788929e+01
5.390399999267577869e+01
5.320000000976562404e+01
5.352000000000000313e+01
5.366399999633789264e+01
5.396800000000000352e+01
5.481600000000000250e+01
5.575999998291015913e+01
5.534399997314453401e+01
5.580800000610351219e+01
5.539200000366211185e+01
5.547200000976562251e+01
5.567999999023437852e+01
5.548800000244140307e+01
5.563199999999999790e+01
5.641599999999999682e+01
5.580800000610351219e+01
5.614399998779296652e+01
5.575999998657226797e+01
5.572799999023437323e+01
5.608000000976562660e+01
5.595199999633788934e+01
5.603199999633788764e+01
5.596799999267577874e+01
5.595199999633788934e+01
5.583999998657226627e+01
5.631999998779296845e+01
5.614399999633788951e+01
5.620799999633788957e+01
5.601599999999999824e+01
5.644799999633789156e+01
5.651200000244140398e+01
5.641599999633788798e+01
5.574400000366210861e+01
5.591999998657226456e+01
5.679999999389648480e+01
5.595199999023437698e+01
5.601599999999999824e+01
5.703999999267578147e+01
5.609600000610351600e+01
5.705599999023437618e+01
5.665599998657226877e+01
5.603199999389648411e+01
5.673600000244140773e+01
5.625599999023437192e+01
5.654400000488281108e+01
5.662399999023437402e+01
5.614399999633788951e+01
5.633599998657226848e+01
5.646400000244140926e+01
5.622400000610351611e+01
5.684800000244140961e+01
5.631999998657226314e+01
5.723199998657226217e+01
5.627199998291015959e+01
5.715199999023437272e+01
5.689599999023437249e+01
