1.282741951942443848e+01
1.245820260047912598e+01
1.248526239395141602e+01
1.263509774208068848e+01
1.242087602615356445e+01
1.236872982978820801e+01
1.252779388427734375e+01
1.253150105476379395e+01
1.252733182907104492e+01
1.242420029640197754e+01
1.242338371276855469e+01
1.263534331321716309e+01
1.260202312469482422e+01
1.261054396629333496e+01
1.256470584869384766e+01
1.254280185699462891e+01
1.253141069412231445e+01
1.261764025688171387e+01
1.230166172981262207e+01
1.254620623588562012e+01
1.263036155700683594e+01
1.256783366203308105e+01
1.251995682716369629e+01
1.252303457260131836e+01
1.261094832420349121e+01
1.251434278488159180e+01
1.255424523353576660e+01
1.267300605773925781e+01
1.258824753761291504e+01
1.265442061424255371e+01
1.244675588607788086e+01
1.245072031021118164e+01
1.267105150222778320e+01
1.260296583175659180e+01
1.220013165473937988e+01
1.263095045089721680e+01
1.257467961311340332e+01
1.256136250495910645e+01
1.249371027946472168e+01
1.260312604904174805e+01
1.247940397262573242e+01
1.263140869140625000e+01
1.260385918617248535e+01
1.273732137680053711e+01
1.255948066711425781e+01
1.258993172645568848e+01
1.262727212905883789e+01
1.247662615776062012e+01
1.245908021926879883e+01
1.261144351959228516e+01
1.257886338233947754e+01
1.255074906349182129e+01
1.259696769714355469e+01
1.255050992965698242e+01
1.259250187873840332e+01
1.246820831298828125e+01
1.240885114669799805e+01
1.249749803543090820e+01
1.257707524299621582e+01
1.252594041824340820e+01
1.262297272682189941e+01
1.250709128379821777e+01
1.249404358863830566e+01
1.255072975158691406e+01
1.260881996154785156e+01
1.263826155662536621e+01
1.263972401618957520e+01
1.256566190719604492e+01
1.257798314094543457e+01
1.265932250022888184e+01
1.245596408843994141e+01
1.265349769592285156e+01
1.258146023750305176e+01
1.262042689323425293e+01
1.268501377105712891e+01
1.258822917938232422e+01
1.237411451339721680e+01
1.258005166053771973e+01
1.260578227043151855e+01
1.243554830551147461e+01
1.236194539070129395e+01
1.260569715499877930e+01
1.256162738800048828e+01
1.247050929069519043e+01
1.258738803863525391e+01
1.256475472450256348e+01
1.244178986549377441e+01
1.255345034599304199e+01
1.254382586479187012e+01
1.261366415023803711e+01
1.255908060073852539e+01
1.247406101226806641e+01
1.247053432464599609e+01
1.272090768814086914e+01
1.259446787834167480e+01
1.251293563842773438e+01
1.266869831085205078e+01
1.269516611099243164e+01
1.251155638694763184e+01
1.249845790863037109e+01
1.263513755798339844e+01
1.270681357383728027e+01
1.270946764945983887e+01
1.263383245468139648e+01
1.255278229713439941e+01
1.241780328750610352e+01
1.260043406486511230e+01
1.265349912643432617e+01
1.252164626121520996e+01
1.279527425765991211e+01
1.260512971878051758e+01
1.269524812698364258e+01
1.258493995666503906e+01
1.250101733207702637e+01
1.267020654678344727e+01
1.260580277442932129e+01
1.254787921905517578e+01
1.262046670913696289e+01
1.207512402534484863e+01
1.268501043319702148e+01
1.249050331115722656e+01
1.254533910751342773e+01
1.256789517402648926e+01
1.254971361160278320e+01
1.243090319633483887e+01
1.267411208152770996e+01
1.261872029304504395e+01
1.259019136428833008e+01
1.258200836181640625e+01
1.240501117706298828e+01
1.246328783035278320e+01
1.263153338432312012e+01
1.255836176872253418e+01
1.245374989509582520e+01
1.245242023468017578e+01
1.234073567390441895e+01
1.236842322349548340e+01
1.250687265396118164e+01
1.247155857086181641e+01
1.274957823753356934e+01
1.251282668113708496e+01
1.255017042160034180e+01
1.259586191177368164e+01
1.258149099349975586e+01
1.262558770179748535e+01
1.238916325569152832e+01
1.245169854164123535e+01
1.244876146316528320e+01
1.266515803337097168e+01
1.265484237670898438e+01
1.242929005622863770e+01
1.242273950576782227e+01
1.249850225448608398e+01
1.247577762603759766e+01
1.268113923072814941e+01
1.241586565971374512e+01
1.250973248481750488e+01
1.260540223121643066e+01
1.261147809028625488e+01
1.259125161170959473e+01
1.256451821327209473e+01
1.259137701988220215e+01
1.252880382537841797e+01
1.254240894317626953e+01
1.247243762016296387e+01
1.253816652297973633e+01
1.248004078865051270e+01
1.242139387130737305e+01
1.257883930206298828e+01
1.242507219314575195e+01
1.256594777107238770e+01
1.270495009422302246e+01
1.255345702171325684e+01
1.267074680328369141e+01
1.247966098785400391e+01
1.250934696197509766e+01
1.259027767181396484e+01
1.267766022682189941e+01
1.268529343605041504e+01
1.259242272377014160e+01
1.269815731048583984e+01
1.259194064140319824e+01
1.262579369544982910e+01
1.257017064094543457e+01
1.258149909973144531e+01
1.260383629798889160e+01
1.241790103912353516e+01
1.250430703163146973e+01
1.251812696456909180e+01
1.255786395072937012e+01
1.263700485229492188e+01
1.268509268760681152e+01
1.258110070228576660e+01
1.251228904724121094e+01
1.269980192184448242e+01
1.259958028793334961e+01
1.258737277984619141e+01
1.251443457603454590e+01
1.256503367424011230e+01
1.263361477851867676e+01
