2.215977430343627930e+01
2.191404581069946289e+01
2.300416207313537598e+01
2.226024866104125977e+01
2.274807572364807129e+01
2.260060858726501465e+01
2.274430894851684570e+01
2.283603262901306152e+01
2.295152258872985840e+01
2.280987334251403809e+01
2.228690290451049805e+01
2.257107973098754883e+01
2.266049337387084961e+01
2.293621993064880371e+01
2.291699290275573730e+01
2.249182534217834473e+01
2.270354700088500977e+01
2.293047761917114258e+01
2.252462267875671387e+01
2.242770266532897949e+01
2.255836176872253418e+01
2.272274255752563477e+01
2.250927829742431641e+01
2.291168713569641113e+01
2.443442797660827637e+01
2.248148107528686523e+01
2.339167809486389160e+01
2.302502131462097168e+01
2.251863694190979004e+01
2.351982474327087402e+01
2.355137157440185547e+01
2.229341149330139160e+01
2.322932744026184082e+01
2.277655673027038574e+01
2.279098892211914062e+01
2.299048852920532227e+01
2.295777058601379395e+01
2.311961221694946289e+01
2.290038228034973145e+01
2.297807693481445312e+01
2.245170640945434570e+01
2.316808319091796875e+01
2.227266478538513184e+01
2.332279300689697266e+01
2.312762570381164551e+01
2.288496017456054688e+01
2.330352187156677246e+01
2.283437442779541016e+01
2.341740655899047852e+01
2.264315724372863770e+01
2.273470258712768555e+01
2.303948545455932617e+01
2.288656854629516602e+01
2.326270985603332520e+01
2.305917716026306152e+01
2.302733516693115234e+01
2.252168297767639160e+01
2.273275470733642578e+01
2.295537471771240234e+01
2.254949474334716797e+01
2.295114803314208984e+01
2.315468382835388184e+01
2.316683292388916016e+01
2.223849058151245117e+01
2.279855990409851074e+01
2.318064498901367188e+01
2.325521159172058105e+01
2.294548058509826660e+01
2.311604404449462891e+01
2.304817461967468262e+01
2.278947663307189941e+01
2.280789470672607422e+01
2.319107007980346680e+01
2.308848404884338379e+01
2.323860692977905273e+01
2.265487146377563477e+01
2.295920252799987793e+01
2.272620797157287598e+01
2.299189519882202148e+01
2.281929397583007812e+01
2.247058153152465820e+01
2.269012904167175293e+01
2.272356557846069336e+01
2.231307411193847656e+01
2.270460534095764160e+01
2.287640333175659180e+01
2.268036890029907227e+01
2.278482675552368164e+01
2.333411931991577148e+01
2.257182550430297852e+01
2.305973839759826660e+01
2.288293886184692383e+01
2.295456194877624512e+01
2.237844777107238770e+01
2.337640762329101562e+01
2.281276583671569824e+01
2.309090924263000488e+01
2.261813330650329590e+01
2.345380067825317383e+01
2.312678718566894531e+01
2.309302091598510742e+01
2.303331732749938965e+01
2.295116591453552246e+01
2.316252565383911133e+01
2.244865536689758301e+01
2.267026805877685547e+01
2.254588270187377930e+01
2.311282444000244141e+01
2.226061558723449707e+01
2.265817308425903320e+01
2.305745196342468262e+01
2.317679119110107422e+01
2.271574783325195312e+01
2.262506556510925293e+01
2.333398270606994629e+01
2.308148884773254395e+01
2.264617443084716797e+01
2.254328155517578125e+01
2.232753682136535645e+01
2.334170317649841309e+01
2.339648747444152832e+01
2.321691489219665527e+01
2.260592555999755859e+01
2.281639361381530762e+01
2.306776452064514160e+01
2.276533985137939453e+01
2.285396647453308105e+01
2.318538117408752441e+01
2.288597297668457031e+01
2.231364941596984863e+01
2.340647625923156738e+01
2.302525067329406738e+01
2.307143807411193848e+01
2.230181479454040527e+01
2.279070782661437988e+01
2.287170839309692383e+01
2.287969923019409180e+01
2.269284176826477051e+01
2.277656483650207520e+01
2.271112108230590820e+01
2.310770750045776367e+01
2.324539327621459961e+01
2.227600097656250000e+01
2.246135115623474121e+01
2.272310304641723633e+01
2.297664785385131836e+01
2.271704483032226562e+01
2.286892580986022949e+01
2.287998414039611816e+01
2.299092149734497070e+01
2.309376263618469238e+01
2.238254094123840332e+01
2.262506985664367676e+01
2.274112200736999512e+01
2.331502985954284668e+01
2.288486218452453613e+01
2.271703553199768066e+01
2.380022931098937988e+01
2.329062533378601074e+01
2.345329666137695312e+01
2.256132340431213379e+01
2.259014511108398438e+01
2.232879424095153809e+01
2.258865404129028320e+01
2.321177339553833008e+01
2.259558534622192383e+01
2.280689382553100586e+01
2.244534158706665039e+01
2.303753066062927246e+01
2.290246772766113281e+01
2.332548403739929199e+01
2.303359580039978027e+01
2.307910776138305664e+01
2.238619852066040039e+01
2.323186755180358887e+01
2.283321166038513184e+01
2.307433390617370605e+01
2.309627342224121094e+01
2.379480433464050293e+01
2.297594881057739258e+01
2.318925213813781738e+01
2.318945837020874023e+01
2.280842781066894531e+01
2.296243834495544434e+01
2.287601494789123535e+01
2.347041392326354980e+01
2.286632061004638672e+01
2.255129551887512207e+01
2.320211100578308105e+01
2.288924145698547363e+01
2.249401545524597168e+01
2.291624689102172852e+01
2.308530330657958984e+01
2.257000160217285156e+01
2.268248081207275391e+01
2.305998778343200684e+01
2.329737734794616699e+01
2.265220999717712402e+01
2.317030858993530273e+01
2.312720751762390137e+01
