2.385881555862426673e+00
2.288014129638671790e+00
2.230936918334960772e+00
2.188379952507018888e+00
2.147517527542114113e+00
2.099130670471191618e+00
2.112337097854614321e+00
2.062323622016906555e+00
2.045774239959716745e+00
2.019477094841003240e+00
1.967474704360961946e+00
1.957056750488281205e+00
1.939399672241211015e+00
1.952994038543701238e+00
1.937775794754028391e+00
1.946856618537902817e+00
1.940861552200317419e+00
1.921380388488769464e+00
1.948832681274414114e+00
1.887720971717834484e+00
1.917627310485839898e+00
1.928922540969848720e+00
1.904471936149597200e+00
1.918606024703979562e+00
1.860382896347045900e+00
1.915987390174865634e+00
1.849943370552062927e+00
1.841478680496215770e+00
1.843620458450317301e+00
1.820471862411499053e+00
1.866974753723144476e+00
1.850871631202697820e+00
1.845957206726074329e+00
1.872149926376342810e+00
1.894986914749145601e+00
1.821115764350891064e+00
1.848726761703491261e+00
1.887932132225036641e+00
1.825318045997619709e+00
1.846677447814941475e+00
1.870803408279418933e+00
1.883850156135559173e+00
1.869493392295837442e+00
1.866491255264282279e+00
1.904027549171447786e+00
1.912866418075561459e+00
1.871243569259643635e+00
1.940248893165588351e+00
1.945561645202636747e+00
1.947369511909484929e+00
1.922973438034057514e+00
1.956302048263549809e+00
1.940575276870727617e+00
1.909913871726989676e+00
1.919327313575744709e+00
1.962226574821472225e+00
1.929384808006286534e+00
1.956140302886962834e+00
1.940900457382202182e+00
1.937589954605102527e+00
1.945182496528625515e+00
1.987221642150878820e+00
1.956752183151245106e+00
1.980379666671753025e+00
2.005464843521118201e+00
1.933008669624328713e+00
1.974910519180297808e+00
1.982427423858642568e+00
1.923309020843505968e+00
1.972607811126708910e+00
1.970146792869567953e+00
1.977903739242553804e+00
1.995140857620239183e+00
1.970292145996093813e+00
1.978191423301696839e+00
1.950932498741149823e+00
1.982336568832397505e+00
1.933925138931274379e+00
1.979575066146850526e+00
1.967970269546508888e+00
1.974419993782043470e+00
1.990283130073547291e+00
1.977426775741577103e+00
1.966203320503234764e+00
1.942847890167236358e+00
1.995262327041625872e+00
2.003223853225708062e+00
1.939803160743713395e+00
1.936710523109436144e+00
1.963426708946228061e+00
1.970438888168335012e+00
1.983358219604492101e+00
1.973953742408752543e+00
1.965344072952270427e+00
1.958326117706298719e+00
1.959027343673706012e+00
1.939238466758728130e+00
1.976387130508422851e+00
1.952662799377441472e+00
1.980039702033996596e+00
1.689221904182434120e+00
1.685145968055725030e+00
1.719280719032287630e+00
1.715341626815795939e+00
1.729417695617675887e+00
1.759987816848754827e+00
1.731752296409607039e+00
1.766945630340576168e+00
1.767280700378417890e+00
1.748092516860962009e+00
1.761187545394897525e+00
1.785893999023437484e+00
1.774182882308960041e+00
1.773429448928832919e+00
1.743208609771728534e+00
1.761022478103637656e+00
1.758121288986206121e+00
1.780231574325561450e+00
1.807995004806518535e+00
1.762785013809204049e+00
1.751462867317199690e+00
1.751059703826904235e+00
1.757999790153503383e+00
1.768976747093200741e+00
1.792225056533813587e+00
1.769128092651367279e+00
1.781802326431274341e+00
1.754179548416137768e+00
1.768770356063842808e+00
1.760009673156738286e+00
1.788987267723083585e+00
1.774798066406249930e+00
1.785368020248413012e+00
1.788711177368164096e+00
1.767892614440917942e+00
1.805260898361205957e+00
1.770041642837524520e+00
1.798739433441162161e+00
1.769087978668212990e+00
1.760031959075927688e+00
1.799748443603515602e+00
1.758199237251281799e+00
1.778601078109741218e+00
1.762300172882080185e+00
1.780968111953735278e+00
1.777133122901916495e+00
1.793706892433166500e+00
1.797265652198791530e+00
1.788603170089721583e+00
1.770844548034667953e+00
1.718303176231384288e+00
1.765635484237670916e+00
1.767009892768859780e+00
1.771146439666748007e+00
1.738012679710388086e+00
1.738018280754089373e+00
1.736563033523559563e+00
1.754300163917541511e+00
1.739937606201171771e+00
1.749199433784484947e+00
1.718186634979248062e+00
1.738110701675415148e+00
1.749065339431762789e+00
1.723482814598083390e+00
1.722767076721191337e+00
1.740392786941528325e+00
1.747802049942016600e+00
1.723167569961547851e+00
1.714044323654174695e+00
1.748181256484985457e+00
1.732364593849182066e+00
1.742533790512085012e+00
1.763302243385314938e+00
1.731356738586425692e+00
1.755284690933227587e+00
1.769950122108459478e+00
1.773080113182067930e+00
1.707073520278930667e+00
1.763720356140136669e+00
1.709481855659484850e+00
1.744633893432617100e+00
1.706184011993408189e+00
1.734501014709472599e+00
1.704029429092407177e+00
1.739716110839843788e+00
1.742525115966796934e+00
1.731380369911193817e+00
1.721672586746215927e+00
1.730577810401916494e+00
1.738517728881835867e+00
1.735749947967529350e+00
1.711634034538269011e+00
1.733867281341552768e+00
1.714123360595703138e+00
1.719183967323303142e+00
1.754293724899292028e+00
1.713812753715515225e+00
1.705516375961303677e+00
1.753965692062377846e+00
1.698923209037780824e+00
