1.283270835876464844e+01
1.247125267982482910e+01
1.243149638175964355e+01
1.251713967323303223e+01
1.236682438850402832e+01
1.237294435501098633e+01
1.253334450721740723e+01
1.256917786598205566e+01
1.261621165275573730e+01
1.237915110588073730e+01
1.249147486686706543e+01
1.264676117897033691e+01
1.251897215843200684e+01
1.256373476982116699e+01
1.260601520538330078e+01
1.254596567153930664e+01
1.252182865142822266e+01
1.255061793327331543e+01
1.247346520423889160e+01
1.253127360343933105e+01
1.266046810150146484e+01
1.262120985984802246e+01
1.248807191848754883e+01
1.248135423660278320e+01
1.261346650123596191e+01
1.237610197067260742e+01
1.253489136695861816e+01
1.264644622802734375e+01
1.257423853874206543e+01
1.264434814453125000e+01
1.256103324890136719e+01
1.227893090248107910e+01
1.263660883903503418e+01
1.259957170486450195e+01
1.220420241355895996e+01
1.261511731147766113e+01
1.251467919349670410e+01
1.259386897087097168e+01
1.251415610313415527e+01
1.260182285308837891e+01
1.254073643684387207e+01
1.257345151901245117e+01
1.249686408042907715e+01
1.269048094749450684e+01
1.258213615417480469e+01
1.268960237503051758e+01
1.265549826622009277e+01
1.252053976058959961e+01
1.245541548728942871e+01
1.253452968597412109e+01
1.257156610488891602e+01
1.255462527275085449e+01
1.267262768745422363e+01
1.267854571342468262e+01
1.256095480918884277e+01
1.249906158447265625e+01
1.249259114265441895e+01
1.247689390182495117e+01
1.250297451019287109e+01
1.252330946922302246e+01
1.263249444961547852e+01
1.252844643592834473e+01
1.247715711593627930e+01
1.251195597648620605e+01
1.253731417655944824e+01
1.255813312530517578e+01
1.251927137374877930e+01
1.252235603332519531e+01
1.267826533317565918e+01
1.263131713867187500e+01
1.250752162933349609e+01
1.264708185195922852e+01
1.267472481727600098e+01
1.264009904861450195e+01
1.260163903236389160e+01
1.258254528045654297e+01
1.247543501853942871e+01
1.262232351303100586e+01
1.255587863922119141e+01
1.240070891380310059e+01
1.246127986907958984e+01
1.266635870933532715e+01
1.244038844108581543e+01
1.246613550186157227e+01
1.261517858505249023e+01
1.250950837135314941e+01
1.246150565147399902e+01
1.255163383483886719e+01
1.256227898597717285e+01
1.263278317451477051e+01
1.252950286865234375e+01
1.245821285247802734e+01
1.240736460685729980e+01
1.246736812591552734e+01
1.257688307762145996e+01
1.244575214385986328e+01
1.266713500022888184e+01
1.264791154861450195e+01
1.256358885765075684e+01
1.248350334167480469e+01
1.259894037246704102e+01
1.266204190254211426e+01
1.264274501800537109e+01
1.266737723350524902e+01
1.260674071311950684e+01
1.240361690521240234e+01
1.260001921653747559e+01
1.270449066162109375e+01
1.259111332893371582e+01
1.264178609848022461e+01
1.260205960273742676e+01
1.262130713462829590e+01
1.261983537673950195e+01
1.248878669738769531e+01
1.263665199279785156e+01
1.259173488616943359e+01
1.257030487060546875e+01
1.261619520187377930e+01
1.220500612258911133e+01
1.263243865966796875e+01
1.256488537788391113e+01
1.260778903961181641e+01
1.259215784072875977e+01
1.252015304565429688e+01
1.240306329727172852e+01
1.266806602478027344e+01
1.254465651512145996e+01
1.258944559097290039e+01
1.259424662590026855e+01
1.235701060295104980e+01
1.240363264083862305e+01
1.264631795883178711e+01
1.244284987449645996e+01
1.244659709930419922e+01
1.245975446701049805e+01
1.228370499610900879e+01
1.254656720161437988e+01
1.252482533454895020e+01
1.255097293853759766e+01
1.268984532356262207e+01
1.243680071830749512e+01
1.253769445419311523e+01
1.247800159454345703e+01
1.260463786125183105e+01
1.255140018463134766e+01
1.233706974983215332e+01
1.248000121116638184e+01
1.245115041732788086e+01
1.255856251716613770e+01
1.262701058387756348e+01
1.252218198776245117e+01
1.252799344062805176e+01
1.242014384269714355e+01
1.235345101356506348e+01
1.264278554916381836e+01
1.240056371688842773e+01
1.254320216178894043e+01
1.263701748847961426e+01
1.254010415077209473e+01
1.259091091156005859e+01
1.261053895950317383e+01
1.248938584327697754e+01
1.248853206634521484e+01
1.255803251266479492e+01
1.260968232154846191e+01
1.244329953193664551e+01
1.246066236495971680e+01
1.235752511024475098e+01
1.257097887992858887e+01
1.239230394363403320e+01
1.252111077308654785e+01
1.269379758834838867e+01
1.251890039443969727e+01
1.255066823959350586e+01
1.244390749931335449e+01
1.249648308753967285e+01
1.255460262298583984e+01
1.262709307670593262e+01
1.267149949073791504e+01
1.258210372924804688e+01
1.262565755844116211e+01
1.248641419410705566e+01
1.260695028305053711e+01
1.249264860153198242e+01
1.262218880653381348e+01
1.261615848541259766e+01
1.246017241477966309e+01
1.247958087921142578e+01
1.254218173027038574e+01
1.255810022354125977e+01
1.263782763481140137e+01
1.260806488990783691e+01
1.257166552543640137e+01
1.252406811714172363e+01
1.260770058631896973e+01
1.256865549087524414e+01
1.260768914222717285e+01
1.253386521339416504e+01
1.258404493331909180e+01
1.257952737808227539e+01
