2.372000120162963910e+00
2.269967657089233537e+00
2.217229179000854700e+00
2.181616908569335767e+00
2.128570331420898576e+00
2.102527214393615562e+00
2.063600701866149745e+00
2.052391904296874792e+00
2.011043648834228481e+00
1.982152957153320294e+00
1.964312086410522351e+00
1.912527348709106345e+00
1.957519081840515041e+00
1.923897492675781251e+00
1.898801139755249112e+00
1.894390874404907166e+00
1.923717540130615244e+00
1.895921572189330995e+00
1.889281757888793933e+00
1.894085898551940872e+00
1.873241806716918978e+00
1.867759241104125945e+00
1.881628940086364832e+00
1.863087080307006760e+00
1.861262279739379855e+00
1.869059517745971677e+00
1.809993354797363230e+00
1.861892334060669008e+00
1.870181873512268167e+00
1.829228423118591351e+00
1.838463410835266210e+00
1.814714603500366286e+00
1.832056416015624967e+00
1.822643900070190393e+00
1.851637307434081947e+00
1.880532030944824129e+00
1.822181470832824779e+00
1.869116481666564855e+00
1.875943829536437901e+00
1.873779707565307540e+00
1.853081203765869045e+00
1.886332649192810074e+00
1.902015831375122090e+00
1.899634355354309134e+00
1.859724505844116305e+00
1.874215016555786040e+00
1.879066761474609271e+00
1.869418112411499022e+00
1.908136220016479534e+00
1.872000894584655795e+00
1.877351038970947350e+00
1.933937803802490141e+00
1.923325559310913091e+00
1.959668872528076200e+00
1.923828692779540939e+00
1.921246478347778286e+00
1.948287733993530280e+00
1.963744173889160116e+00
1.944410635299682610e+00
1.946770143356323146e+00
1.893571624488830540e+00
1.938704257469177294e+00
1.986032196006774830e+00
1.928857535018920988e+00
1.924455801811218336e+00
1.929157146873474060e+00
1.938803268356323217e+00
1.966249255104064897e+00
1.965462386322021526e+00
1.976322213439941411e+00
1.958242443008422873e+00
1.957129381484985275e+00
1.958780806655883833e+00
1.965012238883972140e+00
1.966845766906738291e+00
1.961955251350402829e+00
1.940461081390380871e+00
1.998837677307128802e+00
1.930547219848632867e+00
2.012800741958618023e+00
1.993217553520202578e+00
1.918729535980224554e+00
1.994329884872436454e+00
1.959103894348144470e+00
1.973186072082519615e+00
1.969221412887573353e+00
1.988197325973510843e+00
1.982049802169799868e+00
1.979289946479797280e+00
1.946631160888671941e+00
2.001203667869567937e+00
1.969349216384887802e+00
1.958231633911132752e+00
1.982843297500610280e+00
1.989781797943115160e+00
1.983006579895019605e+00
2.020346609077453781e+00
1.976130207405090378e+00
1.991010947113037055e+00
2.006547225379943900e+00
1.701709937362670955e+00
1.707381988143920948e+00
1.713562975921630871e+00
1.706138134002685547e+00
1.723992580032348565e+00
1.715536935195922874e+00
1.715635791149139333e+00
1.714909051284789987e+00
1.748143673095703177e+00
1.767340367774963283e+00
1.754035741157531803e+00
1.743503148002624403e+00
1.765611164169311520e+00
1.752941413650512592e+00
1.769199312973022353e+00
1.744223293228149396e+00
1.759720918807983425e+00
1.757087586860656803e+00
1.714392961769104051e+00
1.753115031623840414e+00
1.763776896705627539e+00
1.749472663230895897e+00
1.758655738792419543e+00
1.768708973045349131e+00
1.744901869163513197e+00
1.762557160415649360e+00
1.774873593597412036e+00
1.791250279922485422e+00
1.759469614601135268e+00
1.749465528793334945e+00
1.757372303352356058e+00
1.757933251876831138e+00
1.764740026283264207e+00
1.760025687408447226e+00
1.760165681190490661e+00
1.759922692909240638e+00
1.777734848518371491e+00
1.772705746307372987e+00
1.755074791107177790e+00
1.763761449508667090e+00
1.790149598007202192e+00
1.779921785507202259e+00
1.784136140480041544e+00
1.781440366630554273e+00
1.792238689651489247e+00
1.782813022613525478e+00
1.782975329933166542e+00
1.768242419319152825e+00
1.797167385063171308e+00
1.765855636253356842e+00
1.696783630294799838e+00
1.739580564994811951e+00
1.740664394187927178e+00
1.758316186218261690e+00
1.750579742431640717e+00
1.764242691917419448e+00
1.738057773742675671e+00
1.740633791046142687e+00
1.725216643371582093e+00
1.780627629203796358e+00
1.722365782432556225e+00
1.740983581314086814e+00
1.723254043960571247e+00
1.733217920913696197e+00
1.730287159423828047e+00
1.734623092231750485e+00
1.747119417800903296e+00
1.748337906799316332e+00
1.746515914611816322e+00
1.751726585998535146e+00
1.737195712623596178e+00
1.747793927803039660e+00
1.708433632469177343e+00
1.749831078033447174e+00
1.730376586151123108e+00
1.729956496810913125e+00
1.747007681503295995e+00
1.729733410873413035e+00
1.756440432815551844e+00
1.767582565612793033e+00
1.748086495628356829e+00
1.727985811958312912e+00
1.732298876724243097e+00
1.732269694709777763e+00
1.777598241844177140e+00
1.731243411560058565e+00
1.728791330757141198e+00
1.757422375564575256e+00
1.727683117790222100e+00
1.688205465698242147e+00
1.755018450164794963e+00
1.762482974815368753e+00
1.722272854118347185e+00
1.759848555641174261e+00
1.752719530792236302e+00
1.738224654808044445e+00
1.746405924034118762e+00
1.730004819183349696e+00
1.737528237228393557e+00
1.744152120018005458e+00
