2.072048187255859375e-01
2.374463081359863281e-01
2.414062023162841797e-01
2.346985340118408203e-01
2.533252239227294922e-01
2.293741703033447266e-01
2.279224395751953125e-01
2.681188583374023438e-01
2.384715080261230469e-01
1.933815479278564453e-01
2.481629848480224609e-01
2.789442539215087891e-01
2.848896980285644531e-01
2.509224414825439453e-01
2.676961421966552734e-01
2.482888698577880859e-01
2.290191650390625000e-01
2.441728115081787109e-01
1.992642879486083984e-01
2.400045394897460938e-01
2.807087898254394531e-01
2.369511127471923828e-01
2.236263751983642578e-01
2.043373584747314453e-01
2.690892219543457031e-01
1.938576698303222656e-01
2.407584190368652344e-01
2.782418727874755859e-01
2.268779277801513672e-01
2.664577960968017578e-01
2.117915153503417969e-01
1.822783946990966797e-01
2.474672794342041016e-01
2.294771671295166016e-01
2.039179801940917969e-01
2.141795158386230469e-01
2.709054946899414062e-01
2.080342769622802734e-01
1.942057609558105469e-01
2.555215358734130859e-01
2.093911170959472656e-01
2.258183956146240234e-01
2.043626308441162109e-01
2.669577598571777344e-01
2.427625656127929688e-01
2.447741031646728516e-01
2.551660537719726562e-01
2.028331756591796875e-01
2.142658233642578125e-01
2.246484756469726562e-01
2.107381820678710938e-01
2.260177135467529297e-01
2.243287563323974609e-01
2.527081966400146484e-01
2.422106266021728516e-01
2.136690616607666016e-01
1.811032295227050781e-01
2.089028358459472656e-01
2.226760387420654297e-01
2.171502113342285156e-01
2.547445297241210938e-01
2.417488098144531250e-01
2.008249759674072266e-01
1.855728626251220703e-01
2.233455181121826172e-01
2.322289943695068359e-01
2.196393013000488281e-01
1.924800872802734375e-01
2.254269123077392578e-01
2.333700656890869141e-01
2.202327251434326172e-01
2.401409149169921875e-01
2.359561920166015625e-01
2.242169380187988281e-01
2.747752666473388672e-01
2.131741046905517578e-01
2.172236442565917969e-01
2.330803871154785156e-01
2.377567291259765625e-01
1.918039321899414062e-01
1.866824626922607422e-01
2.232198715209960938e-01
2.000684738159179688e-01
2.060964107513427734e-01
2.294526100158691406e-01
1.907103061676025391e-01
1.978313922882080078e-01
2.055346965789794922e-01
2.200548648834228516e-01
2.348725795745849609e-01
1.927819252014160156e-01
2.066931724548339844e-01
2.153153419494628906e-01
2.278132438659667969e-01
2.207779884338378906e-01
1.730341911315917969e-01
2.306842803955078125e-01
2.462968826293945312e-01
2.466013431549072266e-01
2.413082122802734375e-01
2.142202854156494141e-01
2.436575889587402344e-01
2.510800361633300781e-01
2.399652004241943359e-01
2.396297454833984375e-01
2.132542133331298828e-01
2.251713275909423828e-01
2.389566898345947266e-01
2.221007347106933594e-01
2.671623229980468750e-01
2.312874794006347656e-01
2.267019748687744141e-01
2.198264598846435547e-01
2.276754379272460938e-01
2.416112422943115234e-01
2.410509586334228516e-01
2.015185356140136719e-01
2.080109119415283203e-01
1.737601757049560547e-01
2.405021190643310547e-01
2.351877689361572266e-01
2.145264148712158203e-01
2.129333019256591797e-01
2.606136798858642578e-01
1.699380874633789062e-01
2.401673793792724609e-01
2.128400802612304688e-01
2.413167953491210938e-01
2.144548892974853516e-01
1.769337654113769531e-01
2.598989009857177734e-01
2.334625720977783203e-01
2.023465633392333984e-01
2.045252323150634766e-01
2.310969829559326172e-01
2.255311012268066406e-01
2.362408638000488281e-01
2.177317142486572266e-01
2.138814926147460938e-01
2.770395278930664062e-01
2.090239524841308594e-01
2.165608406066894531e-01
2.109127044677734375e-01
2.305250167846679688e-01
2.223327159881591797e-01
1.492459774017333984e-01
2.009181976318359375e-01
2.358131408691406250e-01
2.469019889831542969e-01
2.625641822814941406e-01
2.249958515167236328e-01
1.901600360870361328e-01
1.845037937164306641e-01
1.853554248809814453e-01
2.674908638000488281e-01
2.246878147125244141e-01
1.934542655944824219e-01
2.415237426757812500e-01
2.127974033355712891e-01
2.425091266632080078e-01
2.226636409759521484e-01
2.394776344299316406e-01
2.269294261932373047e-01
2.248051166534423828e-01
2.350649833679199219e-01
2.212495803833007812e-01
2.129199504852294922e-01
2.045183181762695312e-01
2.302229404449462891e-01
2.400705814361572266e-01
2.155938148498535156e-01
2.842586040496826172e-01
1.933689117431640625e-01
2.252798080444335938e-01
1.993672847747802734e-01
2.181196212768554688e-01
2.524330615997314453e-01
2.403450012207031250e-01
2.846307754516601562e-01
1.943743228912353516e-01
2.553138732910156250e-01
2.389154434204101562e-01
2.450118064880371094e-01
2.357358932495117188e-01
2.114980220794677734e-01
2.390232086181640625e-01
2.153770923614501953e-01
2.145214080810546875e-01
2.135407924652099609e-01
2.085759639739990234e-01
2.150006294250488281e-01
2.403197288513183594e-01
2.388491630554199219e-01
2.116363048553466797e-01
2.581489086151123047e-01
2.440848350524902344e-01
2.493498325347900391e-01
1.798458099365234375e-01
2.516994476318359375e-01
2.337000370025634766e-01
