1.000000000000000000e+01
1.539999961853027344e+01
1.620999908447265625e+01
2.188999938964843750e+01
2.509000015258789062e+01
2.659999847412109375e+01
2.635999870300292969e+01
3.252999877929687500e+01
3.044999885559082031e+01
3.222999954223632812e+01
3.454000091552734375e+01
3.493999862670898438e+01
3.213999938964843750e+01
3.577000045776367188e+01
3.362999725341796875e+01
3.691999816894531250e+01
2.881999969482421875e+01
3.818000030517578125e+01
3.827999877929687500e+01
3.100000000000000000e+01
3.739999771118164062e+01
3.604000091552734375e+01
3.590999984741210938e+01
3.263000106811523438e+01
3.975000000000000000e+01
3.668000030517578125e+01
3.481999969482421875e+01
3.452000045776367188e+01
3.977000045776367188e+01
3.847999954223632812e+01
3.723999786376953125e+01
3.796999740600585938e+01
3.902000045776367188e+01
4.090999984741210938e+01
4.103999710083007812e+01
3.743000030517578125e+01
4.052000045776367188e+01
3.846999740600585938e+01
3.681999969482421875e+01
4.111000061035156250e+01
3.659999847412109375e+01
3.879000091552734375e+01
4.031999969482421875e+01
3.743999862670898438e+01
4.120000076293945312e+01
3.961000061035156250e+01
3.911999893188476562e+01
3.922999954223632812e+01
3.788999938964843750e+01
4.211000061035156250e+01
3.945999908447265625e+01
3.593999862670898438e+01
3.861999893188476562e+01
3.518000030517578125e+01
3.934000015258789062e+01
4.062999725341796875e+01
3.727999877929687500e+01
4.043000030517578125e+01
3.625999832153320312e+01
4.016999816894531250e+01
3.706999969482421875e+01
3.827000045776367188e+01
4.005999755859375000e+01
4.002000045776367188e+01
3.904999923706054688e+01
3.447999954223632812e+01
3.609000015258789062e+01
3.986999893188476562e+01
4.004999923706054688e+01
4.037999725341796875e+01
4.012999725341796875e+01
4.140999984741210938e+01
3.929999923706054688e+01
3.661999893188476562e+01
3.436999893188476562e+01
3.500999832153320312e+01
3.512999725341796875e+01
3.439999771118164062e+01
3.459000015258789062e+01
3.818000030517578125e+01
4.145999908447265625e+01
3.802999877929687500e+01
3.895000076293945312e+01
3.929999923706054688e+01
3.795999908447265625e+01
3.884000015258789062e+01
3.937999725341796875e+01
4.002000045776367188e+01
4.014999771118164062e+01
3.531999969482421875e+01
3.705999755859375000e+01
3.800999832153320312e+01
3.893999862670898438e+01
3.829999923706054688e+01
3.388999938964843750e+01
4.025999832153320312e+01
4.220999908447265625e+01
3.784000015258789062e+01
3.932999801635742188e+01
3.661000061035156250e+01
4.387999725341796875e+01
4.455999755859375000e+01
4.477999877929687500e+01
4.484000015258789062e+01
4.527000045776367188e+01
4.570999908447265625e+01
4.507999801635742188e+01
4.520999908447265625e+01
4.548999786376953125e+01
4.577999877929687500e+01
4.565999984741210938e+01
4.618000030517578125e+01
4.619999694824218750e+01
4.603999710083007812e+01
4.636000061035156250e+01
4.591999816894531250e+01
4.712999725341796875e+01
4.620999908447265625e+01
4.730999755859375000e+01
4.698999786376953125e+01
4.663999938964843750e+01
4.721999740600585938e+01
4.745999908447265625e+01
4.718999862670898438e+01
4.765999984741210938e+01
4.696999740600585938e+01
4.777999877929687500e+01
4.746999740600585938e+01
4.790999984741210938e+01
4.709999847412109375e+01
4.780999755859375000e+01
4.805999755859375000e+01
4.779999923706054688e+01
4.768999862670898438e+01
4.847999954223632812e+01
4.862999725341796875e+01
4.812999725341796875e+01
4.797999954223632812e+01
4.893999862670898438e+01
4.984000015258789062e+01
4.829999923706054688e+01
4.940999984741210938e+01
4.897999954223632812e+01
4.862999725341796875e+01
4.800999832153320312e+01
4.850000000000000000e+01
4.913999938964843750e+01
4.971999740600585938e+01
4.818000030517578125e+01
4.925000000000000000e+01
5.041999816894531250e+01
5.028999710083007812e+01
4.938999938964843750e+01
4.986999893188476562e+01
4.989999771118164062e+01
5.028999710083007812e+01
5.014999771118164062e+01
5.012999725341796875e+01
4.996999740600585938e+01
4.988999938964843750e+01
5.004999923706054688e+01
5.018999862670898438e+01
5.052000045776367188e+01
5.000999832153320312e+01
5.030999755859375000e+01
5.029999923706054688e+01
5.063999938964843750e+01
5.028999710083007812e+01
5.023999786376953125e+01
5.025000000000000000e+01
5.022999954223632812e+01
5.068999862670898438e+01
5.027000045776367188e+01
5.041999816894531250e+01
5.052999877929687500e+01
5.029999923706054688e+01
5.057999801635742188e+01
5.050999832153320312e+01
5.069999694824218750e+01
5.039999771118164062e+01
5.043999862670898438e+01
5.021999740600585938e+01
5.055999755859375000e+01
5.034999847412109375e+01
5.009000015258789062e+01
5.052999877929687500e+01
5.046999740600585938e+01
5.043000030517578125e+01
5.004999923706054688e+01
5.011000061035156250e+01
5.022999954223632812e+01
5.077000045776367188e+01
5.045999908447265625e+01
5.050999832153320312e+01
5.050999832153320312e+01
5.077999877929687500e+01
5.050000000000000000e+01
5.045999908447265625e+01
5.055999755859375000e+01
5.025000000000000000e+01
