1.237334990501403809e+01
1.185469532012939453e+01
1.203675794601440430e+01
1.201145458221435547e+01
1.247644209861755371e+01
1.228306674957275391e+01
1.201617002487182617e+01
1.200380325317382812e+01
1.197510099411010742e+01
1.177949714660644531e+01
1.201908683776855469e+01
1.260852646827697754e+01
1.261988496780395508e+01
1.212740397453308105e+01
1.215117835998535156e+01
1.271834969520568848e+01
1.212361598014831543e+01
1.217372679710388184e+01
1.236247873306274414e+01
1.199003243446350098e+01
1.232814335823059082e+01
1.260590600967407227e+01
1.253130531311035156e+01
1.243586683273315430e+01
1.165539598464965820e+01
1.200686168670654297e+01
1.249628901481628418e+01
1.229802727699279785e+01
1.199825429916381836e+01
1.256041264533996582e+01
1.195246410369873047e+01
1.203293180465698242e+01
1.234633541107177734e+01
1.209139156341552734e+01
1.173173165321350098e+01
1.212577986717224121e+01
1.207486796379089355e+01
1.207319211959838867e+01
1.236874175071716309e+01
1.265482950210571289e+01
1.248754096031188965e+01
1.253848910331726074e+01
1.258545398712158203e+01
1.224029541015625000e+01
1.203158164024353027e+01
1.240199542045593262e+01
1.207066488265991211e+01
1.220686912536621094e+01
1.199052023887634277e+01
1.216651487350463867e+01
1.218576717376708984e+01
1.209397363662719727e+01
1.216214227676391602e+01
1.205425810813903809e+01
1.269743180274963379e+01
1.176319313049316406e+01
1.194243979454040527e+01
1.206999754905700684e+01
1.185586476325988770e+01
1.230934405326843262e+01
1.217230725288391113e+01
1.266350626945495605e+01
1.173673915863037109e+01
1.188099122047424316e+01
1.192854571342468262e+01
1.197889423370361328e+01
1.195658111572265625e+01
1.170963072776794434e+01
1.199379897117614746e+01
1.215966677665710449e+01
1.243156266212463379e+01
1.199002766609191895e+01
1.194893288612365723e+01
1.219243001937866211e+01
1.237810754776000977e+01
1.218558931350708008e+01
1.194048309326171875e+01
1.204341888427734375e+01
1.216790676116943359e+01
1.179815983772277832e+01
1.171375632286071777e+01
1.272712898254394531e+01
1.196690201759338379e+01
1.218753314018249512e+01
1.219185543060302734e+01
1.165544247627258301e+01
1.180365824699401855e+01
1.200907778739929199e+01
1.225110387802124023e+01
1.228903579711914062e+01
1.221204710006713867e+01
1.194015526771545410e+01
1.213985323905944824e+01
1.183140420913696289e+01
1.269969820976257324e+01
1.233138108253479004e+01
1.266283726692199707e+01
1.226260042190551758e+01
1.192135667800903320e+01
1.198451662063598633e+01
1.228421854972839355e+01
1.198110103607177734e+01
1.262095212936401367e+01
1.207697820663452148e+01
1.210904836654663086e+01
1.199245333671569824e+01
1.193502354621887207e+01
1.198210072517395020e+01
1.200430345535278320e+01
1.267229294776916504e+01
1.217309975624084473e+01
1.201994466781616211e+01
1.223059940338134766e+01
1.192720031738281250e+01
1.260263752937316895e+01
1.209984254837036133e+01
1.212663102149963379e+01
1.209961271286010742e+01
1.166624999046325684e+01
1.215806221961975098e+01
1.245916485786437988e+01
1.195357942581176758e+01
1.195306444168090820e+01
1.262134170532226562e+01
1.195859599113464355e+01
1.228840589523315430e+01
1.219154167175292969e+01
1.219692611694335938e+01
1.256972384452819824e+01
1.232530212402343750e+01
1.203204059600830078e+01
1.252124714851379395e+01
1.204686236381530762e+01
1.205998659133911133e+01
1.192026066780090332e+01
1.207068133354187012e+01
1.172992205619812012e+01
1.196392226219177246e+01
1.244211292266845703e+01
1.230871486663818359e+01
1.251862978935241699e+01
1.213719868659973145e+01
1.222065234184265137e+01
1.281118559837341309e+01
1.260932922363281250e+01
1.202292251586914062e+01
1.196921920776367188e+01
1.248452043533325195e+01
1.254968452453613281e+01
1.278916168212890625e+01
1.245964241027832031e+01
1.248920702934265137e+01
1.206700825691223145e+01
1.178887438774108887e+01
1.279387235641479492e+01
1.184216928482055664e+01
1.246972250938415527e+01
1.202976775169372559e+01
1.198408675193786621e+01
1.222861886024475098e+01
1.262965822219848633e+01
1.213607168197631836e+01
1.220194673538208008e+01
1.219170856475830078e+01
1.203529095649719238e+01
1.215267658233642578e+01
1.202314615249633789e+01
1.177598810195922852e+01
1.201007223129272461e+01
1.218815779685974121e+01
1.188294100761413574e+01
1.286673521995544434e+01
1.191131186485290527e+01
1.219945979118347168e+01
1.153210687637329102e+01
1.167566013336181641e+01
1.191715931892395020e+01
1.255288362503051758e+01
1.222194099426269531e+01
1.173694729804992676e+01
1.212818121910095215e+01
1.181700944900512695e+01
1.219016313552856445e+01
1.257187628746032715e+01
1.221420502662658691e+01
1.229257798194885254e+01
1.259509253501892090e+01
1.169161295890808105e+01
1.214660048484802246e+01
1.213021278381347656e+01
1.213349413871765137e+01
1.264034175872802734e+01
1.191133475303649902e+01
1.197930955886840820e+01
1.219266796112060547e+01
1.228957486152648926e+01
1.189068365097045898e+01
1.175888156890869141e+01
1.227091264724731445e+01
1.212624621391296387e+01
