2.206465673446655273e+01
2.185589289665222168e+01
2.261243319511413574e+01
2.272696447372436523e+01
2.256218934059143066e+01
2.263338327407836914e+01
2.235553741455078125e+01
2.265605521202087402e+01
2.233517765998840332e+01
2.256749701499938965e+01
2.260297036170959473e+01
2.282509708404541016e+01
2.276191329956054688e+01
2.262047457695007324e+01
2.270473027229309082e+01
2.252390122413635254e+01
2.252623772621154785e+01
2.276434588432312012e+01
2.197011208534240723e+01
2.238340282440185547e+01
2.255210447311401367e+01
2.264872050285339355e+01
2.254234576225280762e+01
2.255579853057861328e+01
2.401092267036437988e+01
2.217522192001342773e+01
2.278307509422302246e+01
2.264059543609619141e+01
2.251694798469543457e+01
2.300415205955505371e+01
2.253654265403747559e+01
2.239554238319396973e+01
2.280606150627136230e+01
2.269468617439270020e+01
2.203602504730224609e+01
2.260229897499084473e+01
2.247695064544677734e+01
2.262715268135070801e+01
2.265988993644714355e+01
2.265110874176025391e+01
2.228689146041870117e+01
2.248316764831542969e+01
2.270457959175109863e+01
2.265258359909057617e+01
2.272269654273986816e+01
2.246151447296142578e+01
2.257054901123046875e+01
2.231690239906311035e+01
2.251584625244140625e+01
2.233422994613647461e+01
2.251692819595336914e+01
2.257574939727783203e+01
2.252506232261657715e+01
2.236209130287170410e+01
2.274949264526367188e+01
2.249705624580383301e+01
2.233502602577209473e+01
2.233931231498718262e+01
2.281905245780944824e+01
2.229756736755371094e+01
2.254127907752990723e+01
2.239000463485717773e+01
2.245797872543334961e+01
2.245442795753479004e+01
2.239896368980407715e+01
2.270967149734497070e+01
2.300150036811828613e+01
2.230542111396789551e+01
2.248204398155212402e+01
2.267714071273803711e+01
2.225000095367431641e+01
2.252156925201416016e+01
2.256005454063415527e+01
2.283209633827209473e+01
2.315705561637878418e+01
2.238082408905029297e+01
2.209653282165527344e+01
2.239436531066894531e+01
2.267507719993591309e+01
2.208671426773071289e+01
2.201556944847106934e+01
2.233854484558105469e+01
2.274656391143798828e+01
2.239061975479125977e+01
2.238030362129211426e+01
2.237281084060668945e+01
2.261728358268737793e+01
2.237504506111145020e+01
2.229813885688781738e+01
2.248551487922668457e+01
2.222902989387512207e+01
2.225386548042297363e+01
2.227586317062377930e+01
2.253485727310180664e+01
2.306812334060668945e+01
2.209830737113952637e+01
2.291787433624267578e+01
2.305553460121154785e+01
2.301324033737182617e+01
2.251949191093444824e+01
2.280986976623535156e+01
2.250691580772399902e+01
2.263882780075073242e+01
2.305784559249877930e+01
2.265739917755126953e+01
2.216550922393798828e+01
2.262355995178222656e+01
2.261747479438781738e+01
2.251721334457397461e+01
2.283819127082824707e+01
2.270055460929870605e+01
2.256407785415649414e+01
2.233495473861694336e+01
2.233309316635131836e+01
2.254633140563964844e+01
2.265405559539794922e+01
2.260925340652465820e+01
2.239242696762084961e+01
2.195299577713012695e+01
2.259376764297485352e+01
2.233251285552978516e+01
2.224243807792663574e+01
2.241840481758117676e+01
2.271175837516784668e+01
2.240481686592102051e+01
2.269436621665954590e+01
2.254061961174011230e+01
2.236593317985534668e+01
2.245744466781616211e+01
2.199004673957824707e+01
2.263136482238769531e+01
2.248576545715332031e+01
2.229473733901977539e+01
2.220207667350769043e+01
2.232782149314880371e+01
2.206248974800109863e+01
2.224263548851013184e+01
2.243161463737487793e+01
2.226925110816955566e+01
2.285593962669372559e+01
2.235661554336547852e+01
2.251284861564636230e+01
2.267830586433410645e+01
2.243138384819030762e+01
2.274768304824829102e+01
2.222408103942871094e+01
2.241452765464782715e+01
2.231636857986450195e+01
2.287054109573364258e+01
2.255325770378112793e+01
2.228627538681030273e+01
2.210877251625061035e+01
2.216160774230957031e+01
2.227992963790893555e+01
2.317946958541870117e+01
2.245688247680664062e+01
2.226733160018920898e+01
2.288222289085388184e+01
2.240689086914062500e+01
2.252748417854309082e+01
2.242085528373718262e+01
2.271786403656005859e+01
2.224025964736938477e+01
2.245250344276428223e+01
2.226856732368469238e+01
2.291314864158630371e+01
2.224435830116271973e+01
2.211500954627990723e+01
2.245554828643798828e+01
2.225681257247924805e+01
2.253354406356811523e+01
2.275701737403869629e+01
2.252491283416748047e+01
2.256293869018554688e+01
2.251815962791442871e+01
2.244262361526489258e+01
2.264932656288146973e+01
2.281207895278930664e+01
2.280104589462280273e+01
2.222634840011596680e+01
2.322131943702697754e+01
2.249870038032531738e+01
2.264590597152709961e+01
2.243772196769714355e+01
2.236541223526000977e+01
2.244191694259643555e+01
2.218703103065490723e+01
2.254100680351257324e+01
2.275940132141113281e+01
2.228630876541137695e+01
2.232283616065979004e+01
2.288983988761901855e+01
2.267740154266357422e+01
2.256384134292602539e+01
2.262405800819396973e+01
2.243680906295776367e+01
2.256839275360107422e+01
2.212226867675781250e+01
2.298739933967590332e+01
2.244501614570617676e+01
