2.072274684906005859e-01
2.374072074890136719e-01
2.413837909698486328e-01
2.347352504730224609e-01
2.532811164855957031e-01
2.293653488159179688e-01
2.279427051544189453e-01
2.681505680084228516e-01
2.384862899780273438e-01
1.934082508087158203e-01
2.481901645660400391e-01
2.789328098297119141e-01
2.848794460296630859e-01
2.509646415710449219e-01
2.677340507507324219e-01
2.482850551605224609e-01
2.290532588958740234e-01
2.441916465759277344e-01
1.992468833923339844e-01
2.400355339050292969e-01
2.807221412658691406e-01
2.369322776794433594e-01
2.236337661743164062e-01
2.042927742004394531e-01
2.691366672515869141e-01
1.938843727111816406e-01
2.407498359680175781e-01
2.782814502716064453e-01
2.269182205200195312e-01
2.664625644683837891e-01
2.117912769317626953e-01
1.822907924652099609e-01
2.474415302276611328e-01
2.294695377349853516e-01
2.039661407470703125e-01
2.141761779785156250e-01
2.709348201751708984e-01
2.080459594726562500e-01
1.942005157470703125e-01
2.554836273193359375e-01
2.093839645385742188e-01
2.258377075195312500e-01
2.043828964233398438e-01
2.669188976287841797e-01
2.427587509155273438e-01
2.447698116302490234e-01
2.552087306976318359e-01
2.028634548187255859e-01
2.142872810363769531e-01
2.246954441070556641e-01
2.107515335083007812e-01
2.260079383850097656e-01
2.243564128875732422e-01
2.527365684509277344e-01
2.422149181365966797e-01
2.136886119842529297e-01
1.811289787292480469e-01
2.088823318481445312e-01
2.227072715759277344e-01
2.171757221221923828e-01
2.547478675842285156e-01
2.417371273040771484e-01
2.010719776153564453e-01
1.855802536010742188e-01
2.233657836914062500e-01
2.322242259979248047e-01
2.196805477142333984e-01
1.924984455108642578e-01
2.254312038421630859e-01
2.334330081939697266e-01
2.202463150024414062e-01
2.401497364044189453e-01
2.359914779663085938e-01
2.242603302001953125e-01
2.747900485992431641e-01
2.132198810577392578e-01
2.172369956970214844e-01
2.331359386444091797e-01
2.377963066101074219e-01
1.918411254882812500e-01
1.867103576660156250e-01
2.232182025909423828e-01
2.000811100006103516e-01
2.061161994934082031e-01
2.294645309448242188e-01
1.907503604888916016e-01
1.978425979614257812e-01
2.055659294128417969e-01
2.200942039489746094e-01
2.348461151123046875e-01
1.927831172943115234e-01
2.066993713378906250e-01
2.153320312500000000e-01
2.278509140014648438e-01
2.207758426666259766e-01
1.730227470397949219e-01
2.306900024414062500e-01
2.463486194610595703e-01
2.466704845428466797e-01
2.413306236267089844e-01
2.142503261566162109e-01
2.436971664428710938e-01
2.510809898376464844e-01
2.399616241455078125e-01
2.396707534790039062e-01
2.132968902587890625e-01
2.252058982849121094e-01
2.389857769012451172e-01
2.221353054046630859e-01
2.671670913696289062e-01
2.312986850738525391e-01
2.267143726348876953e-01
2.198266983032226562e-01
2.277276515960693359e-01
2.416036128997802734e-01
2.411096096038818359e-01
2.015774250030517578e-01
2.080392837524414062e-01
1.737830638885498047e-01
2.404971122741699219e-01
2.351808547973632812e-01
2.145462036132812500e-01
2.129559516906738281e-01
2.606089115142822266e-01
1.699192523956298828e-01
2.401700019836425781e-01
2.128336429595947266e-01
2.413346767425537109e-01
2.144582271575927734e-01
1.769189834594726562e-01
2.599072456359863281e-01
2.334368228912353516e-01
2.023656368255615234e-01
2.045392990112304688e-01
2.311260700225830078e-01
2.255420684814453125e-01
2.362632751464843750e-01
2.177600860595703125e-01
2.138783931732177734e-01
2.771012783050537109e-01
2.090306282043457031e-01
2.166018486022949219e-01
2.109463214874267578e-01
2.302589416503906250e-01
2.223346233367919922e-01
1.492364406585693359e-01
2.009451389312744141e-01
2.357821464538574219e-01
2.468881607055664062e-01
2.625610828399658203e-01
2.249550819396972656e-01
1.901850700378417969e-01
1.845378875732421875e-01
1.853604316711425781e-01
2.674949169158935547e-01
2.246754169464111328e-01
1.934201717376708984e-01
2.415742874145507812e-01
2.128539085388183594e-01
2.425508499145507812e-01
2.226576805114746094e-01
2.395150661468505859e-01
2.269692420959472656e-01
2.248313426971435547e-01
2.350816726684570312e-01
2.212922573089599609e-01
2.128856182098388672e-01
2.045207023620605469e-01
2.302756309509277344e-01
2.401335239410400391e-01
2.156496047973632812e-01
2.842414379119873047e-01
1.933920383453369141e-01
2.253160476684570312e-01
1.994121074676513672e-01
2.181458473205566406e-01
2.524919509887695312e-01
2.403228282928466797e-01
2.846271991729736328e-01
1.944336891174316406e-01
2.553439140319824219e-01
2.389311790466308594e-01
2.450654506683349609e-01
2.357561588287353516e-01
2.115392684936523438e-01
2.390620708465576172e-01
2.153706550598144531e-01
2.145166397094726562e-01
2.135665416717529297e-01
2.086029052734375000e-01
2.150375843048095703e-01
2.403304576873779297e-01
2.388660907745361328e-01
2.116377353668212891e-01
2.581186294555664062e-01
2.440667152404785156e-01
2.493417263031005859e-01
1.798555850982666016e-01
2.516882419586181641e-01
2.337207794189453125e-01
