1.108799999954223559e+01
1.459199999938964787e+01
1.569600000183105415e+01
1.819199999969482562e+01
1.975999999572754007e+01
2.184000000122070162e+01
2.291199999511718843e+01
2.420800000488281256e+01
2.647999999511718627e+01
2.683199999877929542e+01
2.831999999755859321e+01
3.068799999511718823e+01
2.952000000122070489e+01
3.196800000732421765e+01
3.220799999145507542e+01
3.284799999511718482e+01
3.332800000122070117e+01
3.347200000000000131e+01
3.439999999755859506e+01
3.452799998779296686e+01
3.652799999755859517e+01
3.603200000122070179e+01
3.571199999755859267e+01
3.647999999816894245e+01
3.612800000488281427e+01
3.603199999755859295e+01
3.862399999755859170e+01
3.756800000732421552e+01
3.793599999755859642e+01
3.905599998779296556e+01
3.827199999389648610e+01
3.897600000122070441e+01
3.966400000732421915e+01
4.039999999389648622e+01
3.892799999389648491e+01
3.896000000488281501e+01
4.028799999267577903e+01
3.852799998779296686e+01
3.984000000000000341e+01
4.011199999816894746e+01
4.024000000366211083e+01
4.057600000000000051e+01
3.985600000366211049e+01
4.052800000732421637e+01
4.081599999511718835e+01
4.030400000488280909e+01
4.049600000488280926e+01
3.902400000122070622e+01
3.955199999908447239e+01
4.097599999145507610e+01
4.131199999999999761e+01
3.902399999816894649e+01
3.955200000732421728e+01
3.940800000183105567e+01
3.929599999999999937e+01
3.942400000122070480e+01
3.863999999145507758e+01
3.833599999389648616e+01
3.870400000122070594e+01
3.905599999145508150e+01
4.011200000366211071e+01
3.905600000610351685e+01
3.753600000122069957e+01
3.851199998779296862e+01
3.927999999755859051e+01
3.899199999511719028e+01
3.838400000122070566e+01
3.857600000366210935e+01
3.838400000366210918e+01
3.755199999816894518e+01
3.897599999145507610e+01
3.870399999816894621e+01
3.745600000122070128e+01
3.864000000000000057e+01
3.886400000976562552e+01
3.780799998779296800e+01
3.787199999145507689e+01
3.758399999755859255e+01
3.878399999145507593e+01
3.691200000976562734e+01
3.624000000732421967e+01
3.871999999816894444e+01
3.819199999816894575e+01
3.807999999816894388e+01
3.766400000122069969e+01
3.758399998779297135e+01
3.710400000122070452e+01
3.742399999145507650e+01
3.801599999145507525e+01
3.939199999755859238e+01
3.737599999816894325e+01
3.953599999511718721e+01
3.859199999755859523e+01
3.897600000366210793e+01
3.696000000488281501e+01
3.740799999389648178e+01
3.784000000000000341e+01
3.822399999389648428e+01
3.767999998779296789e+01
3.847999999816894245e+01
4.716799999389648690e+01
4.896000000610351321e+01
4.953600000976562256e+01
5.039999999816894416e+01
5.041599999633788798e+01
5.089600000976562200e+01
5.134399999267578352e+01
5.209600000976562484e+01
5.121600000000000108e+01
5.179199999023437329e+01
5.195199998657226814e+01
5.310400000244140273e+01
5.225600000000000023e+01
5.217600000000000193e+01
5.167999999389648735e+01
5.355199999999999960e+01
5.227199998657226843e+01
5.272000000976562717e+01
5.360000000610351378e+01
5.260800000610351645e+01
5.303999998657226911e+01
5.331199999023437641e+01
5.356799999633788900e+01
5.366400000244140500e+01
5.375999999999999801e+01
5.420800000244140904e+01
5.350399999633788894e+01
5.380799999999999983e+01
5.393599999999999994e+01
5.443200000976562336e+01
5.420799999633788957e+01
5.452800000976562700e+01
5.422400000244140728e+01
5.443199999389648269e+01
5.507200000000000273e+01
5.446399998657226860e+01
5.444799998779296857e+01
5.478400000366210776e+01
5.494399999389648315e+01
5.531200000976562592e+01
5.438399999267578266e+01
5.499200000244140796e+01
5.430399999023437374e+01
5.572800000244140506e+01
5.443199999389648269e+01
5.508799999633789213e+01
5.598400000244140529e+01
5.572800000244140506e+01
5.539199999023437471e+01
5.579199999633789275e+01
5.628799999023437550e+01
5.683200000244140426e+01
5.699200001464843979e+01
5.652799998291015271e+01
5.684799998291015299e+01
5.604800000976562302e+01
5.729599999023437817e+01
5.692799999389648491e+01
5.707199999633789389e+01
5.579199999267578391e+01
5.691200000488281319e+01
5.617599998779297010e+01
5.724799999267577988e+01
5.691199998291015305e+01
5.686399999633788838e+01
5.696000000244140438e+01
5.659199999999999875e+01
5.641599999023437562e+01
5.691199998291015305e+01
5.688000000244140608e+01
5.679999998291015828e+01
5.708800000244140449e+01
5.655999997314452798e+01
5.672000000244140949e+01
5.687999998779297073e+01
5.734400000366211003e+01
5.684800000244140961e+01
5.731199999633788877e+01
5.700800000610351503e+01
5.603199999267577880e+01
5.667200000610351651e+01
5.726400000244140642e+01
5.676800000244140421e+01
5.708799997314453378e+01
5.649599999023437391e+01
5.734399998291015521e+01
5.711999998657226740e+01
5.696000000976562205e+01
5.753599999267578369e+01
5.827200000244140909e+01
5.723200000610351879e+01
5.660799999633788815e+01
5.744000000244140836e+01
5.745599998291015709e+01
5.654400000610351640e+01
5.743999999633788889e+01
5.667199998657226701e+01
5.747200000366211015e+01
5.769600000610351742e+01
5.691200000244140966e+01
