2.071821689605712891e-01
2.373845577239990234e-01
2.413597106933593750e-01
2.347581386566162109e-01
2.532868385314941406e-01
2.292764186859130859e-01
2.279317378997802734e-01
2.680547237396240234e-01
2.384638786315917969e-01
1.933584213256835938e-01
2.482662200927734375e-01
2.789371013641357422e-01
2.848300933837890625e-01
2.508823871612548828e-01
2.675666809082031250e-01
2.482967376708984375e-01
2.289097309112548828e-01
2.441194057464599609e-01
1.991457939147949219e-01
2.400195598602294922e-01
2.806713581085205078e-01
2.368714809417724609e-01
2.236084938049316406e-01
2.041914463043212891e-01
2.689356803894042969e-01
1.938223838806152344e-01
2.407734394073486328e-01
2.784073352813720703e-01
2.270083427429199219e-01
2.664697170257568359e-01
2.119135856628417969e-01
1.823308467864990234e-01
2.475244998931884766e-01
2.296602725982666016e-01
2.039606571197509766e-01
2.142672538757324219e-01
2.709853649139404297e-01
2.081151008605957031e-01
1.943151950836181641e-01
2.554326057434082031e-01
2.094027996063232422e-01
2.258791923522949219e-01
2.044041156768798828e-01
2.671320438385009766e-01
2.431421279907226562e-01
2.449438571929931641e-01
2.551920413970947266e-01
2.029404640197753906e-01
2.143545150756835938e-01
2.246642112731933594e-01
2.109224796295166016e-01
2.261099815368652344e-01
2.242367267608642578e-01
2.526729106903076172e-01
2.421977519989013672e-01
2.136535644531250000e-01
1.811373233795166016e-01
2.089951038360595703e-01
2.226724624633789062e-01
2.172296047210693359e-01
2.548260688781738281e-01
2.416338920593261719e-01
2.008993625640869141e-01
1.857070922851562500e-01
2.233371734619140625e-01
2.323868274688720703e-01
2.195439338684082031e-01
1.924748420715332031e-01
2.241985797882080078e-01
2.332885265350341797e-01
2.202773094177246094e-01
2.402899265289306641e-01
2.361238002777099609e-01
2.242720127105712891e-01
2.748765945434570312e-01
2.133126258850097656e-01
2.173295021057128906e-01
2.330873012542724609e-01
2.392222881317138672e-01
1.918356418609619141e-01
1.868252754211425781e-01
2.232134342193603516e-01
2.001209259033203125e-01
2.061333656311035156e-01
2.295074462890625000e-01
1.908118724822998047e-01
1.978530883789062500e-01
2.056198120117187500e-01
2.199332714080810547e-01
2.349557876586914062e-01
1.928806304931640625e-01
2.067320346832275391e-01
2.154185771942138672e-01
2.278609275817871094e-01
2.208766937255859375e-01
1.729824542999267578e-01
2.306110858917236328e-01
2.465116977691650391e-01
2.467210292816162109e-01
2.412989139556884766e-01
2.142643928527832031e-01
2.428591251373291016e-01
2.510972023010253906e-01
2.400119304656982422e-01
2.396886348724365234e-01
2.132978439331054688e-01
2.248458862304687500e-01
2.389855384826660156e-01
2.221558094024658203e-01
2.671182155609130859e-01
2.313437461853027344e-01
2.268745899200439453e-01
2.198915481567382812e-01
2.276332378387451172e-01
2.415835857391357422e-01
2.411129474639892578e-01
2.016155719757080078e-01
2.080657482147216797e-01
1.737339496612548828e-01
2.406184673309326172e-01
2.351841926574707031e-01
2.146170139312744141e-01
2.129833698272705078e-01
2.606492042541503906e-01
1.699886322021484375e-01
2.402651309967041016e-01
2.128946781158447266e-01
2.414240837097167969e-01
2.144794464111328125e-01
1.769425868988037109e-01
2.598695755004882812e-01
2.334370613098144531e-01
2.023682594299316406e-01
2.046077251434326172e-01
2.309823036193847656e-01
2.255973815917968750e-01
2.361826896667480469e-01
2.178153991699218750e-01
2.138633728027343750e-01
2.771506309509277344e-01
2.090413570404052734e-01
2.166190147399902344e-01
2.109656333923339844e-01
2.377862930297851562e-01
2.223165035247802734e-01
1.492981910705566406e-01
2.009353637695312500e-01
2.357301712036132812e-01
2.468652725219726562e-01
2.624642848968505859e-01
2.250630855560302734e-01
1.901907920837402344e-01
1.846034526824951172e-01
1.853716373443603516e-01
2.674045562744140625e-01
2.248134613037109375e-01
1.934952735900878906e-01
2.415006160736083984e-01
2.128262519836425781e-01
2.426493167877197266e-01
2.226896286010742188e-01
2.396500110626220703e-01
2.271869182586669922e-01
2.248418331146240234e-01
2.352311611175537109e-01
2.210643291473388672e-01
2.143795490264892578e-01
2.045159339904785156e-01
2.303385734558105469e-01
2.400617599487304688e-01
2.156007289886474609e-01
2.841999530792236328e-01
1.935019493103027344e-01
2.252979278564453125e-01
1.993892192840576172e-01
2.181215286254882812e-01
2.523884773254394531e-01
2.403404712677001953e-01
2.844760417938232422e-01
1.944358348846435547e-01
2.552092075347900391e-01
2.390511035919189453e-01
2.451310157775878906e-01
2.358167171478271484e-01
2.115828990936279297e-01
2.391023635864257812e-01
2.153072357177734375e-01
2.146253585815429688e-01
2.134902477264404297e-01
2.086255550384521484e-01
2.150788307189941406e-01
2.402307987213134766e-01
2.389400005340576172e-01
2.117531299591064453e-01
2.582941055297851562e-01
2.441041469573974609e-01
2.494249343872070312e-01
1.799719333648681641e-01
2.517163753509521484e-01
2.336974143981933594e-01
