2.206027555465698242e+01
2.201150918006896973e+01
2.293150877952575684e+01
2.242742705345153809e+01
2.261618351936340332e+01
2.202159047126770020e+01
2.226664781570434570e+01
2.275913810729980469e+01
2.254350113868713379e+01
2.254308247566223145e+01
2.286264038085937500e+01
2.308662748336791992e+01
2.294961714744567871e+01
2.249695897102355957e+01
2.336194658279418945e+01
2.277286601066589355e+01
2.305882358551025391e+01
2.245987081527709961e+01
2.206619071960449219e+01
2.287608599662780762e+01
2.316440796852111816e+01
2.291550183296203613e+01
2.278186202049255371e+01
2.283388710021972656e+01
2.387809491157531738e+01
2.212123870849609375e+01
2.301155328750610352e+01
2.335543346405029297e+01
2.313946962356567383e+01
2.299977540969848633e+01
2.277743864059448242e+01
2.279887914657592773e+01
2.341639518737792969e+01
2.320408916473388672e+01
2.227677679061889648e+01
2.252225899696350098e+01
2.288771390914916992e+01
2.265097856521606445e+01
2.290476918220520020e+01
2.314724445343017578e+01
2.304567384719848633e+01
2.298881816864013672e+01
2.332866764068603516e+01
2.350608062744140625e+01
2.284185099601745605e+01
2.337274074554443359e+01
2.307198691368103027e+01
2.253096175193786621e+01
2.288693714141845703e+01
2.315880942344665527e+01
2.298119163513183594e+01
2.249196958541870117e+01
2.270710706710815430e+01
2.249033856391906738e+01
2.367075014114379883e+01
2.276754283905029297e+01
2.279716944694519043e+01
2.277587914466857910e+01
2.258108854293823242e+01
2.305888390541076660e+01
2.314090752601623535e+01
2.314870476722717285e+01
2.295073914527893066e+01
2.278169059753417969e+01
2.304624366760253906e+01
2.308612251281738281e+01
2.234179353713989258e+01
2.237784266471862793e+01
2.316905069351196289e+01
2.250055980682373047e+01
2.274037265777587891e+01
2.277377438545227051e+01
2.285095047950744629e+01
2.340302324295043945e+01
2.369461655616760254e+01
2.293889069557189941e+01
2.349837374687194824e+01
2.240423607826232910e+01
2.311581110954284668e+01
2.226111602783203125e+01
2.284012985229492188e+01
2.315022778511047363e+01
2.314266490936279297e+01
2.285909843444824219e+01
2.267003679275512695e+01
2.249971508979797363e+01
2.274641466140747070e+01
2.272381496429443359e+01
2.280831360816955566e+01
2.282109642028808594e+01
2.239362454414367676e+01
2.287046265602111816e+01
2.306906580924987793e+01
2.316356706619262695e+01
2.319099688529968262e+01
2.230177807807922363e+01
2.297763228416442871e+01
2.324485874176025391e+01
2.264126324653625488e+01
2.304589295387268066e+01
2.334086418151855469e+01
2.254832553863525391e+01
2.326392626762390137e+01
2.306094408035278320e+01
2.322797942161560059e+01
2.256735634803771973e+01
2.302050089836120605e+01
2.293513154983520508e+01
2.304609012603759766e+01
2.324557113647460938e+01
2.257399535179138184e+01
2.281017851829528809e+01
2.300546550750732422e+01
2.251837134361267090e+01
2.308924341201782227e+01
2.258323955535888672e+01
2.327566099166870117e+01
2.309206318855285645e+01
2.225303936004638672e+01
2.317342376708984375e+01
2.317385077476501465e+01
2.360780215263366699e+01
2.270506787300109863e+01
2.317314052581787109e+01
2.274532961845397949e+01
2.315945959091186523e+01
2.278134274482727051e+01
2.311970686912536621e+01
2.234691357612609863e+01
2.237465429306030273e+01
2.313375353813171387e+01
2.304965186119079590e+01
2.234752678871154785e+01
2.260286331176757812e+01
2.275572228431701660e+01
2.283957219123840332e+01
2.227561855316162109e+01
2.277428650856018066e+01
2.282836723327636719e+01
2.316109585762023926e+01
2.300167131423950195e+01
2.289284038543701172e+01
2.287888240814208984e+01
2.295457863807678223e+01
2.324838185310363770e+01
2.271356344223022461e+01
2.322022986412048340e+01
2.283388400077819824e+01
2.355875563621520996e+01
2.316517901420593262e+01
2.296257686614990234e+01
2.232964086532592773e+01
2.307432246208190918e+01
2.204941987991333008e+01
2.351590752601623535e+01
2.288930630683898926e+01
2.276627039909362793e+01
2.254285764694213867e+01
2.327204370498657227e+01
2.246187663078308105e+01
2.301164960861206055e+01
2.314738631248474121e+01
2.322062921524047852e+01
2.302100920677185059e+01
2.338429188728332520e+01
2.343760848045349121e+01
2.261272263526916504e+01
2.283042359352111816e+01
2.290678000450134277e+01
2.235162591934204102e+01
2.245474767684936523e+01
2.350559258460998535e+01
2.277607727050781250e+01
2.277261400222778320e+01
2.217516875267028809e+01
2.244777965545654297e+01
2.324701189994812012e+01
2.301575589179992676e+01
2.322343730926513672e+01
2.256904125213623047e+01
2.265127539634704590e+01
2.314843487739562988e+01
2.328182435035705566e+01
2.291444873809814453e+01
2.303474450111389160e+01
2.331960129737854004e+01
2.276509499549865723e+01
2.251200437545776367e+01
2.229393196105957031e+01
2.309511852264404297e+01
2.302691388130187988e+01
2.322723007202148438e+01
2.314596486091613770e+01
2.299334001541137695e+01
2.293211340904235840e+01
2.285170125961303711e+01
2.309457588195800781e+01
2.270611071586608887e+01
2.315984010696411133e+01
2.281131124496459961e+01
