2.071762084960937500e-01
2.373986244201660156e-01
2.405753135681152344e-01
2.347252368927001953e-01
2.534182071685791016e-01
2.293515205383300781e-01
2.279117107391357422e-01
2.680552005767822266e-01
2.385404109954833984e-01
1.934170722961425781e-01
2.482311725616455078e-01
2.790234088897705078e-01
2.849502563476562500e-01
2.509644031524658203e-01
2.676010131835937500e-01
2.483913898468017578e-01
2.289938926696777344e-01
2.441289424896240234e-01
1.992375850677490234e-01
2.400295734405517578e-01
2.806761264801025391e-01
2.369503974914550781e-01
2.236690521240234375e-01
2.042896747589111328e-01
2.689259052276611328e-01
1.938920021057128906e-01
2.408640384674072266e-01
2.784333229064941406e-01
2.270224094390869141e-01
2.665374279022216797e-01
2.119100093841552734e-01
1.823618412017822266e-01
2.475178241729736328e-01
2.296710014343261719e-01
2.040190696716308594e-01
2.142543792724609375e-01
2.709817886352539062e-01
2.081384658813476562e-01
1.943836212158203125e-01
2.555534839630126953e-01
2.094550132751464844e-01
2.259714603424072266e-01
2.044601440429687500e-01
2.671616077423095703e-01
2.432425022125244141e-01
2.449264526367187500e-01
2.552366256713867188e-01
2.029559612274169922e-01
2.143507003784179688e-01
2.246689796447753906e-01
2.109305858612060547e-01
2.260928153991699219e-01
2.243251800537109375e-01
2.527337074279785156e-01
2.422854900360107422e-01
2.136998176574707031e-01
1.811633110046386719e-01
2.089886665344238281e-01
2.227373123168945312e-01
2.172312736511230469e-01
2.548277378082275391e-01
2.417502403259277344e-01
2.009010314941406250e-01
1.856999397277832031e-01
2.233450412750244141e-01
2.323591709136962891e-01
2.196054458618164062e-01
1.925151348114013672e-01
2.255852222442626953e-01
2.344553470611572266e-01
2.203476428985595703e-01
2.402975559234619141e-01
2.361347675323486328e-01
2.243149280548095703e-01
2.742390632629394531e-01
2.133595943450927734e-01
2.173247337341308594e-01
2.331626415252685547e-01
2.392249107360839844e-01
1.918535232543945312e-01
1.868207454681396484e-01
2.232639789581298828e-01
2.001776695251464844e-01
2.061574459075927734e-01
2.294929027557373047e-01
1.908848285675048828e-01
1.978824138641357422e-01
2.056236267089843750e-01
2.199885845184326172e-01
2.349512577056884766e-01
1.928925514221191406e-01
2.067301273345947266e-01
2.154150009155273438e-01
2.278833389282226562e-01
2.209408283233642578e-01
1.730265617370605469e-01
2.307159900665283203e-01
2.465093135833740234e-01
2.467799186706542969e-01
2.413511276245117188e-01
2.142560482025146484e-01
2.437913417816162109e-01
2.511940002441406250e-01
2.399554252624511719e-01
2.397303581237792969e-01
2.133090496063232422e-01
2.252752780914306641e-01
2.390329837799072266e-01
2.221190929412841797e-01
2.672233581542968750e-01
2.313289642333984375e-01
2.268319129943847656e-01
2.198858261108398438e-01
2.277333736419677734e-01
2.416825294494628906e-01
2.411332130432128906e-01
2.016334533691406250e-01
2.080721855163574219e-01
1.737816333770751953e-01
2.406301498413085938e-01
2.352533340454101562e-01
2.146561145782470703e-01
2.129964828491210938e-01
2.607510089874267578e-01
1.699833869934082031e-01
2.402825355529785156e-01
2.128875255584716797e-01
2.414042949676513672e-01
2.145652770996093750e-01
1.770138740539550781e-01
2.598648071289062500e-01
2.335364818572998047e-01
2.024304866790771484e-01
2.046439647674560547e-01
2.310407161712646484e-01
2.256166934967041016e-01
2.362575531005859375e-01
2.178144454956054688e-01
2.139165401458740234e-01
2.771518230438232422e-01
2.091109752655029297e-01
2.166152000427246094e-01
2.109498977661132812e-01
2.165479660034179688e-01
2.224009037017822266e-01
1.493346691131591797e-01
2.009606361389160156e-01
2.358462810516357422e-01
2.469441890716552734e-01
2.625651359558105469e-01
2.251486778259277344e-01
1.902480125427246094e-01
1.846385002136230469e-01
1.854336261749267578e-01
2.674982547760009766e-01
2.248167991638183594e-01
1.935820579528808594e-01
2.415752410888671875e-01
2.128815650939941406e-01
2.426643371582031250e-01
2.227668762207031250e-01
2.396485805511474609e-01
2.271726131439208984e-01
2.248437404632568359e-01
2.352399826049804688e-01
2.210848331451416016e-01
2.143611907958984375e-01
2.045171260833740234e-01
2.303776741027832031e-01
2.401373386383056641e-01
2.156701087951660156e-01
2.842943668365478516e-01
1.934869289398193359e-01
2.253119945526123047e-01
1.994459629058837891e-01
2.181739807128906250e-01
2.524521350860595703e-01
2.404165267944335938e-01
2.845637798309326172e-01
1.944491863250732422e-01
2.553088665008544922e-01
2.390456199645996094e-01
2.451207637786865234e-01
2.358908653259277344e-01
2.115995883941650391e-01
2.391250133514404297e-01
2.153825759887695312e-01
2.145919799804687500e-01
2.135512828826904297e-01
2.086367607116699219e-01
2.150669097900390625e-01
2.403883934020996094e-01
2.389416694641113281e-01
2.117316722869873047e-01
2.582488059997558594e-01
2.440853118896484375e-01
2.494029998779296875e-01
1.799554824829101562e-01
2.516992092132568359e-01
2.337100505828857422e-01
