1.033599999954223669e+01
1.310399999938964832e+01
1.655999999908447151e+01
1.987200000488281404e+01
2.087999999145507957e+01
2.294400000183105348e+01
2.430399999511718789e+01
2.676799999938964802e+01
2.795199999877929642e+01
2.852800000183105311e+01
3.062399999145507934e+01
3.083199999511718659e+01
3.201599999816894382e+01
3.318399999816894308e+01
3.321599999511718693e+01
3.401599998779296641e+01
3.336000000366210827e+01
3.407999999145507530e+01
3.483200000183105516e+01
3.487999999755859193e+01
3.566400000488281563e+01
3.585600000000000165e+01
3.591999999023437340e+01
3.651200000732421813e+01
3.571199998779297147e+01
3.582399999755859454e+01
3.768000000732421739e+01
3.635199999389648440e+01
3.817600000732421961e+01
3.767999999389648735e+01
3.809599999755859301e+01
3.793599999572754200e+01
3.731199998779296578e+01
3.859200000366210759e+01
3.830400000122070026e+01
3.937599999755859415e+01
3.939200000732422069e+01
3.888000000366211140e+01
3.985599999572753660e+01
3.918400000366210634e+01
3.831999999755859676e+01
3.753600000488281552e+01
3.811200000183105630e+01
3.926399998779297107e+01
3.825599999633789139e+01
3.864000000122070588e+01
3.847999998779297215e+01
3.923199998779296749e+01
3.912000000732422222e+01
3.804799999145507883e+01
3.832000000732421796e+01
3.891200000366210787e+01
3.825599998779296840e+01
3.835200000732422154e+01
3.857599999877929520e+01
3.715200000488281518e+01
3.827200000732421614e+01
3.675199999755859182e+01
3.716799999755859574e+01
3.791999999816894729e+01
3.734399999145507820e+01
3.691199999816894461e+01
3.596800000122070173e+01
3.771199999389648383e+01
3.815999999145508070e+01
3.755200000976562791e+01
3.707199999816894831e+01
3.623999998779297016e+01
3.732800000976562416e+01
3.804800000244140534e+01
3.598399999755859113e+01
3.798400000976562296e+01
3.683200000366210958e+01
3.744000000732421540e+01
3.809600000122070185e+01
3.625600000976562853e+01
3.652800000732421637e+01
3.588799999511718397e+01
3.660799999511718994e+01
3.556799999816894342e+01
3.604799999755859119e+01
3.521599999511718693e+01
3.631999999816894587e+01
3.644800000366210924e+01
3.572800000976562274e+01
3.511999998779296561e+01
3.632000000732421796e+01
3.611199999145507888e+01
3.638399999755859682e+01
3.673599999816894268e+01
3.604800000366211066e+01
3.643199999145507917e+01
3.788799999755859460e+01
3.635199999145508087e+01
3.684799999511718482e+01
3.726399999511718875e+01
3.675199999389648298e+01
3.787199998779296806e+01
3.745599999389648360e+01
3.719999999755859221e+01
4.542399999023437829e+01
4.686399999511719017e+01
4.652799999389648633e+01
4.841600000610351628e+01
4.811200000000000188e+01
4.840000000244140921e+01
4.857599999755859699e+01
4.897599997314453191e+01
4.958399999389648372e+01
4.990399999023437516e+01
5.008000000610351776e+01
4.995200000976562649e+01
5.086400000976562552e+01
5.089600000000000080e+01
5.080000000610351663e+01
5.150399999755859426e+01
5.103999999023437795e+01
5.185600000610351401e+01
5.059199999755859523e+01
5.103999999023437795e+01
5.215999999023437539e+01
5.143999999389648536e+01
5.198400000976562296e+01
5.228800000610351617e+01
5.153600000000000136e+01
5.259199999023437755e+01
5.243200000610351452e+01
5.289600000976562200e+01
5.291199998779296720e+01
5.275199999389648298e+01
5.324800000610351702e+01
5.324799998779296573e+01
5.259200000976562706e+01
5.358400000000000318e+01
5.351999998657226598e+01
5.375999999633788917e+01
5.383999999023437510e+01
5.460799999023437579e+01
5.300799999267577789e+01
5.414399999633788951e+01
5.382399999999999807e+01
5.484799999023437778e+01
5.430399999023437374e+01
5.462400000610351469e+01
5.459200000244140938e+01
5.516800000610351873e+01
5.435199998657226672e+01
5.489600000366210963e+01
5.379200001464843695e+01
5.534400000976562239e+01
5.585600000244140517e+01
5.624000000000000199e+01
5.708800000976562217e+01
5.620799998657226837e+01
5.652799999267578102e+01
5.683199999633789190e+01
5.683200000610351310e+01
5.625600000000000023e+01
5.686399999999999721e+01
5.615999999999999659e+01
5.721600000244140460e+01
5.656000000366211111e+01
5.699200000244140796e+01
5.620799999267578073e+01
5.684799999023437778e+01
5.667199998657226701e+01
5.697599999633789025e+01
5.671999998657226882e+01
5.649599999633789338e+01
5.670399999633789179e+01
5.689600000488281495e+01
5.660799999633788815e+01
5.678399999389648656e+01
5.649599998657226507e+01
5.686399999023437601e+01
5.697599999267578141e+01
5.680000000610351663e+01
5.768000000244140324e+01
5.694400000000000261e+01
5.644800000000000040e+01
5.695999999389648139e+01
5.665600000610351827e+01
5.744000000610351719e+01
5.694399999633789378e+01
5.687999998657226541e+01
5.780799999023437152e+01
5.678399999633789008e+01
5.606399998291015407e+01
5.767999999633789088e+01
5.700799999023437437e+01
5.702400000000000091e+01
5.724799998291015868e+01
5.707199999267577795e+01
5.743999997314453054e+01
5.688000000244140608e+01
5.686399998657226718e+01
5.775999997314453083e+01
5.710399999633789037e+01
5.742400000610351896e+01
5.668800000610351475e+01
