1.054399999969482415e+01
1.315199999877929748e+01
1.657600000122070227e+01
2.159999999511718727e+01
2.363200000488281205e+01
2.395199999511718758e+01
2.604800000183105624e+01
2.744000000122070304e+01
2.753600000488281196e+01
2.947200000488281191e+01
3.030400000122070381e+01
3.171199999145507675e+01
3.355199999755859608e+01
3.273599999145508122e+01
3.387199999145507689e+01
3.483199999145507775e+01
3.561599998779296783e+01
3.692799999145508139e+01
3.646399999755859511e+01
3.718400000732422228e+01
3.748800000732421722e+01
3.776000000732421569e+01
3.756800000366210668e+01
3.915200000976562222e+01
3.900800000366211151e+01
3.873600000732422188e+01
3.888000000976562376e+01
4.056000000366211111e+01
3.977599999755859272e+01
3.942399998779296766e+01
4.020800000732421609e+01
4.000000000366210884e+01
4.028800000732422149e+01
4.086399999816894280e+01
3.972799999511718738e+01
4.006399999145507707e+01
4.118399999145508161e+01
4.039999999145507559e+01
4.126399998779297107e+01
4.054400000732422171e+01
3.996800000732422120e+01
4.041599999389648445e+01
4.048000000366211282e+01
4.123200000366210816e+01
4.059200000122070406e+01
4.180799999145507684e+01
4.081600000732422018e+01
4.014399999999999835e+01
4.097599999999999909e+01
4.116799999999999926e+01
4.046400000732421631e+01
4.070399998779296880e+01
4.036799999816894768e+01
4.038400000122070566e+01
3.975999998779296618e+01
4.073599999145508122e+01
3.900799999816894825e+01
4.017599999755859130e+01
3.969599999755859443e+01
3.931200000488281177e+01
3.916800000732421694e+01
3.931199999755859409e+01
3.865599999145507581e+01
3.948800000488281370e+01
4.088000000244140608e+01
3.980799998779296800e+01
3.849599999755859159e+01
4.052799999755859517e+01
3.889599998779296897e+01
3.935999999511718528e+01
3.836800000366211094e+01
3.956799999755859432e+01
3.955199999755859608e+01
3.793599999389648758e+01
3.883199999145507775e+01
3.897599999755859557e+01
3.785599999145507866e+01
3.990400000366211231e+01
3.875200000122070065e+01
3.825599999145507724e+01
3.812800000000000011e+01
3.846400000732421631e+01
3.955199999999999960e+01
3.684800000732421665e+01
3.849600000976562342e+01
3.790399999145508048e+01
3.788799999145507513e+01
3.779200000122069980e+01
3.911999999755859392e+01
3.841600000732422160e+01
3.729599999816894496e+01
3.782399999633788923e+01
3.817600000732421961e+01
3.836799999755859147e+01
3.889600000732421847e+01
3.761600000610351913e+01
3.819200000488281432e+01
3.793599999389648758e+01
3.907200000000000273e+01
3.868800000122070060e+01
4.790399999023437516e+01
4.833599999999999852e+01
5.011199999389648241e+01
4.966399999755859085e+01
5.062399998657226519e+01
5.099199998657226729e+01
5.020799999389648605e+01
5.121600000976562228e+01
5.075199999023437414e+01
5.094399999389648315e+01
5.166400000976562268e+01
5.176000000366210685e+01
5.222400000244140728e+01
5.244799998657226325e+01
5.195199998779296635e+01
5.203199999633788764e+01
5.252800000366210753e+01
5.263999999267578289e+01
5.249599999633789338e+01
5.241599999999999682e+01
5.377599999633788741e+01
5.305599999633788855e+01
5.300799999633789383e+01
5.369599999145507496e+01
5.307199997314452844e+01
5.353599998779296953e+01
5.387199999389648752e+01
5.327999999633789230e+01
5.316799999023437806e+01
5.411200000000000188e+01
5.393599999999999994e+01
5.420800000610351788e+01
5.324799998291015868e+01
5.422399999999999665e+01
5.467199999999999704e+01
5.457600000610351287e+01
5.492800000366210611e+01
5.451199999389648099e+01
5.467199999267577937e+01
5.416000000244140722e+01
5.449600000610351458e+01
5.406399998291015407e+01
5.452800000976562700e+01
5.515200000244140455e+01
5.483200000610351310e+01
5.441599999633788798e+01
5.465600000610351827e+01
5.516800000610351873e+01
5.479999999633788832e+01
5.543999999267578005e+01
5.603199998657226644e+01
5.580799999023437152e+01
5.667200000366210588e+01
5.651199999633789162e+01
5.641600000488281097e+01
5.662399999023437402e+01
5.644799999023437209e+01
5.708800000976562217e+01
5.667200000244140767e+01
5.596799999633788758e+01
5.604800000000000182e+01
5.663999999633789173e+01
5.615999999267577891e+01
5.628799999267577903e+01
5.611200000000000188e+01
5.625599998657226308e+01
5.657599998291015453e+01
5.604800000244140534e+01
5.675200000976562364e+01
5.705599999999999739e+01
5.656000000244140580e+01
5.673599999633788826e+01
5.619200000610351253e+01
5.603199999023437528e+01
5.619200000976562848e+01
5.620799999267578073e+01
5.655999998657226513e+01
5.659200000610351822e+01
5.638399998291015436e+01
5.620799998657226837e+01
5.638399997314453316e+01
5.644799998657226325e+01
5.715199999633789218e+01
5.708800000976562217e+01
5.617599999633789309e+01
5.649599999023437391e+01
5.631999999633789145e+01
5.651199999023437215e+01
5.742399999755859596e+01
5.644799999267578272e+01
5.638400000610351270e+01
5.686400000244140784e+01
5.737600000610351714e+01
5.681599999023437420e+01
5.673599999267577942e+01
5.635200000610351623e+01
5.705599999633788855e+01
5.638400000244140386e+01
5.656000000244140580e+01
5.668799999633789355e+01
