2.207058811187744141e+01
2.186334896087646484e+01
2.251228260993957520e+01
2.242125296592712402e+01
2.259696769714355469e+01
2.245398235321044922e+01
2.251355457305908203e+01
2.264600586891174316e+01
2.229284358024597168e+01
2.198601698875427246e+01
2.250943303108215332e+01
2.247751092910766602e+01
2.253534054756164551e+01
2.271516394615173340e+01
2.279804968833923340e+01
2.250885939598083496e+01
2.260495495796203613e+01
2.263656687736511230e+01
2.216659808158874512e+01
2.241310763359069824e+01
2.263472151756286621e+01
2.238398694992065430e+01
2.235298347473144531e+01
2.268842673301696777e+01
2.417656064033508301e+01
2.229481816291809082e+01
2.296188759803771973e+01
2.259888839721679688e+01
2.245285987854003906e+01
2.257019615173339844e+01
2.293388891220092773e+01
2.206059408187866211e+01
2.318088507652282715e+01
2.235142064094543457e+01
2.197512745857238770e+01
2.243079686164855957e+01
2.277301764488220215e+01
2.219227910041809082e+01
2.209644174575805664e+01
2.264780902862548828e+01
2.236523389816284180e+01
2.243542098999023438e+01
2.285922288894653320e+01
2.254907941818237305e+01
2.283849811553955078e+01
2.273007392883300781e+01
2.267872262001037598e+01
2.240272951126098633e+01
2.264874100685119629e+01
2.256502985954284668e+01
2.263414454460144043e+01
2.230651998519897461e+01
2.258310961723327637e+01
2.272149062156677246e+01
2.246873044967651367e+01
2.231729793548583984e+01
2.219563865661621094e+01
2.217461085319519043e+01
2.266124868392944336e+01
2.269163990020751953e+01
2.256268620491027832e+01
2.283834552764892578e+01
2.259822440147399902e+01
2.217190599441528320e+01
2.230785965919494629e+01
2.247212076187133789e+01
2.257159686088562012e+01
2.244751644134521484e+01
2.274640083312988281e+01
2.263641166687011719e+01
2.253785943984985352e+01
2.251391839981079102e+01
2.245315265655517578e+01
2.240385437011718750e+01
2.325916647911071777e+01
2.228981876373291016e+01
2.293328404426574707e+01
2.249179673194885254e+01
2.261469244956970215e+01
2.287361598014831543e+01
2.209649682044982910e+01
2.280072212219238281e+01
2.261234593391418457e+01
2.258426904678344727e+01
2.240091466903686523e+01
2.218686485290527344e+01
2.224356460571289062e+01
2.231005430221557617e+01
2.289579010009765625e+01
2.252270650863647461e+01
2.249338006973266602e+01
2.225111365318298340e+01
2.239392805099487305e+01
2.228336215019226074e+01
2.288709688186645508e+01
2.210023736953735352e+01
2.245195746421813965e+01
2.241620326042175293e+01
2.229840707778930664e+01
2.231783556938171387e+01
2.259571719169616699e+01
2.248113369941711426e+01
2.269219589233398438e+01
2.253938555717468262e+01
2.267343187332153320e+01
2.218676328659057617e+01
2.241780042648315430e+01
2.280440402030944824e+01
2.231000065803527832e+01
2.270714950561523438e+01
2.288393044471740723e+01
2.256652355194091797e+01
2.279787564277648926e+01
2.261539959907531738e+01
2.271977233886718750e+01
2.248508214950561523e+01
2.237812018394470215e+01
2.249955582618713379e+01
2.190650296211242676e+01
2.249214911460876465e+01
2.293935632705688477e+01
2.264345288276672363e+01
2.230268597602844238e+01
2.243768525123596191e+01
2.225771379470825195e+01
2.243593645095825195e+01
2.234096193313598633e+01
2.279744005203247070e+01
2.232052373886108398e+01
2.215757489204406738e+01
2.235224175453186035e+01
2.247109889984130859e+01
2.225638246536254883e+01
2.214481163024902344e+01
2.271497893333435059e+01
2.230989694595336914e+01
2.235567831993103027e+01
2.219244027137756348e+01
2.277693605422973633e+01
2.251459908485412598e+01
2.217199897766113281e+01
2.249861598014831543e+01
2.271861815452575684e+01
2.247072625160217285e+01
2.289094972610473633e+01
2.236578297615051270e+01
2.218740034103393555e+01
2.237614011764526367e+01
2.277856063842773438e+01
2.255295181274414062e+01
2.243051242828369141e+01
2.212750959396362305e+01
2.230745291709899902e+01
2.208902406692504883e+01
2.265591263771057129e+01
2.230113387107849121e+01
2.276527595520019531e+01
2.251169943809509277e+01
2.242563724517822266e+01
2.242837142944335938e+01
2.239869141578674316e+01
2.252171897888183594e+01
2.234949183464050293e+01
2.262603569030761719e+01
2.256062269210815430e+01
2.301778793334960938e+01
2.223627543449401855e+01
2.247516822814941406e+01
2.245291996002197266e+01
2.249529743194580078e+01
2.238251805305480957e+01
2.285367584228515625e+01
2.211659002304077148e+01
2.244370484352111816e+01
2.225299024581909180e+01
2.253964948654174805e+01
2.278827214241027832e+01
2.267043161392211914e+01
2.268028163909912109e+01
2.244332098960876465e+01
2.244737815856933594e+01
2.249854350090026855e+01
2.249478459358215332e+01
2.232886242866516113e+01
2.252852773666381836e+01
2.276691412925720215e+01
2.226788640022277832e+01
2.249629902839660645e+01
2.261454796791076660e+01
2.268678402900695801e+01
2.237961411476135254e+01
2.243129539489746094e+01
2.242350172996520996e+01
2.227629661560058594e+01
2.248667430877685547e+01
2.251337146759033203e+01
2.250930714607238770e+01
2.235202860832214355e+01
2.253846883773803711e+01
2.250564408302307129e+01
