1.262786889076232910e+01
1.260108470916748047e+01
1.269434380531311035e+01
1.233873653411865234e+01
1.231192612648010254e+01
1.216782069206237793e+01
1.201941156387329102e+01
1.233311462402343750e+01
1.241019558906555176e+01
1.224438452720642090e+01
1.236036849021911621e+01
1.247880625724792480e+01
1.249804639816284180e+01
1.244319486618041992e+01
1.238853621482849121e+01
1.247603535652160645e+01
1.246508216857910156e+01
1.234288668632507324e+01
1.231283879280090332e+01
1.207317900657653809e+01
1.258203649520874023e+01
1.224946498870849609e+01
1.233526158332824707e+01
1.221803069114685059e+01
1.186853981018066406e+01
1.225596022605895996e+01
1.224874973297119141e+01
1.257047510147094727e+01
1.199827861785888672e+01
1.241129398345947266e+01
1.268795204162597656e+01
1.241561579704284668e+01
1.295952367782592773e+01
1.269861602783203125e+01
1.206111431121826172e+01
1.275648951530456543e+01
1.241781210899353027e+01
1.216129565238952637e+01
1.215903329849243164e+01
1.256808972358703613e+01
1.223906397819519043e+01
1.250367164611816406e+01
1.245999979972839355e+01
1.257420396804809570e+01
1.246784949302673340e+01
1.296840190887451172e+01
1.256878900527954102e+01
1.238783264160156250e+01
1.222735977172851562e+01
1.238955426216125488e+01
1.233638525009155273e+01
1.281429862976074219e+01
1.235278725624084473e+01
1.244094443321228027e+01
1.242316365242004395e+01
1.225868964195251465e+01
1.223087477684020996e+01
1.228553986549377441e+01
1.228967237472534180e+01
1.241114354133605957e+01
1.246595978736877441e+01
1.245977711677551270e+01
1.255336737632751465e+01
1.219359731674194336e+01
1.224566006660461426e+01
1.273111963272094727e+01
1.238611030578613281e+01
1.223332905769348145e+01
1.272640228271484375e+01
1.259042143821716309e+01
1.203498458862304688e+01
1.276734852790832520e+01
1.282532501220703125e+01
1.252867197990417480e+01
1.250023746490478516e+01
1.212808012962341309e+01
1.218958473205566406e+01
1.230107831954956055e+01
1.238507699966430664e+01
1.227353501319885254e+01
1.242701458930969238e+01
1.256459355354309082e+01
1.227916383743286133e+01
1.283120989799499512e+01
1.287016844749450684e+01
1.211722493171691895e+01
1.263745141029357910e+01
1.236777639389038086e+01
1.242718410491943359e+01
1.292811942100524902e+01
1.272560214996337891e+01
1.263942122459411621e+01
1.273830652236938477e+01
1.232544183731079102e+01
1.245846939086914062e+01
1.211969757080078125e+01
1.252671694755554199e+01
1.259330129623413086e+01
1.229685997962951660e+01
1.244025063514709473e+01
1.253275012969970703e+01
1.247655940055847168e+01
1.255211138725280762e+01
1.282134819030761719e+01
1.214769744873046875e+01
1.202872252464294434e+01
1.227484560012817383e+01
1.250119948387145996e+01
1.231187534332275391e+01
1.247528481483459473e+01
1.282905387878417969e+01
1.278080272674560547e+01
1.247713184356689453e+01
1.240341806411743164e+01
1.243811058998107910e+01
1.244809365272521973e+01
1.222243928909301758e+01
1.243599033355712891e+01
1.201214218139648438e+01
1.289759683609008789e+01
1.217889809608459473e+01
1.241272234916687012e+01
1.230523872375488281e+01
1.243853664398193359e+01
1.249639558792114258e+01
1.250955462455749512e+01
1.281184792518615723e+01
1.291887903213500977e+01
1.237420248985290527e+01
1.196268963813781738e+01
1.296551108360290527e+01
1.238108229637145996e+01
1.230559396743774414e+01
1.213480806350708008e+01
1.232317256927490234e+01
1.232839488983154297e+01
1.220094156265258789e+01
1.214020776748657227e+01
1.231398439407348633e+01
1.263444352149963379e+01
1.237574791908264160e+01
1.250764656066894531e+01
1.237398409843444824e+01
1.239118313789367676e+01
1.258424520492553711e+01
1.188220620155334473e+01
1.232124519348144531e+01
1.219076061248779297e+01
1.237299013137817383e+01
1.264213895797729492e+01
1.226466250419616699e+01
1.227647233009338379e+01
1.218914771080017090e+01
1.192580318450927734e+01
1.263689446449279785e+01
1.258747029304504395e+01
1.232427310943603516e+01
1.245518803596496582e+01
1.241168785095214844e+01
1.248057532310485840e+01
1.242243075370788574e+01
1.245162701606750488e+01
1.243024778366088867e+01
1.241570448875427246e+01
1.222973632812500000e+01
1.227960538864135742e+01
1.272757577896118164e+01
1.255189108848571777e+01
1.229309678077697754e+01
1.242250394821166992e+01
1.230407595634460449e+01
1.256511306762695312e+01
1.268857526779174805e+01
1.231988954544067383e+01
1.204067349433898926e+01
1.213860654830932617e+01
1.241059231758117676e+01
1.237102556228637695e+01
1.271253371238708496e+01
1.217610168457031250e+01
1.253266406059265137e+01
1.270956373214721680e+01
1.223792457580566406e+01
1.237400889396667480e+01
1.229627346992492676e+01
1.236387228965759277e+01
1.241710615158081055e+01
1.269214940071105957e+01
1.246661925315856934e+01
1.242651987075805664e+01
1.212730407714843750e+01
1.228528094291687012e+01
1.267957901954650879e+01
1.200141215324401855e+01
1.294075083732604980e+01
1.298405361175537109e+01
1.283785605430603027e+01
1.239898633956909180e+01
1.297841334342956543e+01
1.257327818870544434e+01
