2.384674585571289196e+00
2.293212993087768492e+00
2.199830947036743201e+00
2.127206319847106730e+00
2.062552290039062708e+00
2.006263457565307551e+00
1.975343640022277913e+00
2.012114356956482109e+00
1.963504483413696322e+00
1.960765036087036117e+00
1.910695535049438565e+00
1.893955880165100192e+00
1.871830656509399393e+00
1.900124662322998148e+00
1.876721751594543353e+00
1.857907114562988182e+00
1.895108945198059169e+00
1.882014687347412174e+00
1.884033855438232319e+00
1.873641918411254936e+00
1.849857175064086867e+00
1.847435025329589919e+00
1.855161333847045846e+00
1.845672059249877872e+00
1.846955452041626033e+00
1.851793344497680627e+00
1.868699818191528417e+00
1.847143603172302306e+00
1.867010009689330952e+00
1.875625521774292093e+00
1.842790078048706093e+00
1.859059144134521446e+00
1.859879970817565953e+00
1.867165314025878819e+00
1.885269324951171832e+00
1.866398768844604428e+00
1.882292756385803179e+00
1.892913403396606409e+00
1.896927378997802727e+00
1.876720559310913083e+00
1.876876755065918001e+00
1.895948619079589781e+00
1.873349359092712385e+00
1.899439034194946307e+00
1.890429995155334497e+00
1.922574517288208051e+00
1.916614488182067921e+00
1.911170437049865667e+00
1.957149923171997097e+00
1.928060978622436528e+00
1.920325619888305635e+00
1.971410664672851532e+00
1.946432389183044398e+00
1.944509093856811477e+00
1.950589163665771508e+00
1.975579266128540068e+00
1.972103105392456035e+00
1.982597318496704064e+00
1.995426026153564347e+00
1.979559302902221596e+00
1.990362253608703558e+00
1.974771288871765229e+00
1.984038125610351644e+00
1.985208005752563398e+00
1.966047203559875500e+00
2.052631085662841581e+00
1.961589456329345671e+00
1.964620970001220712e+00
1.989389885330200114e+00
2.013708693656921511e+00
2.008368409729003989e+00
2.007966835021972596e+00
2.006603717155456490e+00
2.005125671348571892e+00
2.005058378295898613e+00
2.019397992172241363e+00
1.970947308425903266e+00
1.998567306785583586e+00
2.017912876815795897e+00
2.035618515777587678e+00
2.036711474571228031e+00
2.042081640167236145e+00
2.035318920135498200e+00
2.018485074386596523e+00
1.991444214248657252e+00
2.031929233398437340e+00
2.044250837745666516e+00
2.027258448333740137e+00
2.062516197509765448e+00
2.011298437461852995e+00
2.048859031791686824e+00
2.056614759254455471e+00
2.045189595565795937e+00
2.015919259376525829e+00
2.039052692489624174e+00
2.027501938743591303e+00
2.019697145462036048e+00
2.021816165924072095e+00
2.011293204650878685e+00
2.033913366546630908e+00
1.801344355087280302e+00
1.754637690162658581e+00
1.770483639297485423e+00
1.752729788818359280e+00
1.763743900833129929e+00
1.756605959129333483e+00
1.764894784774780234e+00
1.749693611145019423e+00
1.743947296447753814e+00
1.734193283157348553e+00
1.749143630561828644e+00
1.763100652236938570e+00
1.737023687553405749e+00
1.764872261505126882e+00
1.714939010696411081e+00
1.721752437591552720e+00
1.711527890319824108e+00
1.726922626571655295e+00
1.738714964714050293e+00
1.726785712013244600e+00
1.749732485580444363e+00
1.747887983741760243e+00
1.707140040340423548e+00
1.708678096237182586e+00
1.678920107078552215e+00
1.683158747901916552e+00
1.724114863891601512e+00
1.694237174339294327e+00
1.704692933120727449e+00
1.692346555862426660e+00
1.700886924781799259e+00
1.704920890121459864e+00
1.707903205108642686e+00
1.703029429092407288e+00
1.687470915184021036e+00
1.725795743675232030e+00
1.723706508712768537e+00
1.713226141052246021e+00
1.710925825500488218e+00
1.711419043655395544e+00
1.709418773002624459e+00
1.715304533691406341e+00
1.709571539955139219e+00
1.707754770851135362e+00
1.690000727310180695e+00
1.709611426086425690e+00
1.699648652076721111e+00
1.681791164131164473e+00
1.716579694900512765e+00
1.722646344375610372e+00
1.680682289962768472e+00
1.698681615867614791e+00
1.672443939247131306e+00
1.713233554649353119e+00
1.686210318069458092e+00
1.684890451736450245e+00
1.694400185928344627e+00
1.689881943206787085e+00
1.701199491271972564e+00
1.692748065948486369e+00
1.715991419525146444e+00
1.717684051361084041e+00
1.716349516983032286e+00
1.688918315773010326e+00
1.698649041366577128e+00
1.682924283714294367e+00
1.682843947105407745e+00
1.686152978630065968e+00
1.707004295921325632e+00
1.653323892669677830e+00
1.711113217391967867e+00
1.736653864746093845e+00
1.677055499610900835e+00
1.698799676895141664e+00
1.688661177215576181e+00
1.689349952850341730e+00
1.673813731880188005e+00
1.660300341835021953e+00
1.670346159973144617e+00
1.697179227638244692e+00
1.668546065673828016e+00
1.711709047584533794e+00
1.680681012420654374e+00
1.707053551292419424e+00
1.695039338912963878e+00
1.686934734191894547e+00
1.704274932403564424e+00
1.669399233627319346e+00
1.697843614730834894e+00
1.697819607543945342e+00
1.703371475753784114e+00
1.680303925704956125e+00
1.702524449081420865e+00
1.707355015678405863e+00
1.672419313812255837e+00
1.699574267807006933e+00
1.682451659164428737e+00
1.698649195175170989e+00
1.709992375259399511e+00
1.673257192497253465e+00
