2.391068213500976647e+00
2.289217707290649439e+00
2.216934180068969695e+00
2.172575485382080007e+00
2.089687031860351762e+00
2.080105580978393487e+00
2.043227758407592631e+00
2.017092121276855554e+00
1.980254238662719768e+00
2.003811697044372675e+00
1.952585705795288007e+00
1.932471240005493085e+00
1.921538686485290581e+00
1.900760954627990662e+00
1.901587469520568785e+00
1.893477278747558668e+00
1.916229929313659763e+00
1.892106714820861901e+00
1.868701431617736830e+00
1.878216483039856000e+00
1.875473530197143468e+00
1.877397593536376919e+00
1.861654018745422468e+00
1.859022264442443895e+00
1.875270047378539973e+00
1.860894575119018457e+00
1.829414787826538102e+00
1.854643506774902306e+00
1.883312830276489214e+00
1.851290996475219774e+00
1.855323121719360424e+00
1.829357298545837507e+00
1.841415799636840767e+00
1.835489398422241125e+00
1.851446135406494164e+00
1.809159674491882308e+00
1.856560936546325591e+00
1.865725124549865832e+00
1.873568739089965796e+00
1.877716024093627922e+00
1.857248947830200114e+00
1.862354255180358908e+00
1.845764500389099227e+00
1.850733234519958526e+00
1.875000600967407172e+00
1.869567475242614796e+00
1.921608456115722730e+00
1.912076054763794053e+00
1.893583179855346632e+00
1.869851127548217695e+00
1.926049129333496035e+00
1.939581705245971621e+00
1.930945156288147002e+00
1.945448926734924422e+00
1.911885244293212827e+00
1.936828081016540581e+00
1.927642845916748060e+00
1.932219980316162156e+00
1.907818196754455631e+00
1.938695980529785201e+00
1.933927476959228509e+00
1.912956901397705023e+00
1.965838680801391680e+00
1.962596215782165476e+00
1.945259200630188090e+00
1.988236920700073185e+00
1.955449768218994189e+00
1.993226499633789173e+00
1.984676450424194272e+00
1.985336481895446870e+00
1.982671766662597701e+00
1.966564795875549221e+00
1.998911801910400410e+00
1.981411654014587409e+00
1.962619614295959547e+00
2.007563721694946235e+00
2.007455348167419551e+00
1.954756319541931076e+00
1.952693183250427289e+00
1.993022063941955579e+00
1.981398979148864647e+00
1.962470482101440483e+00
2.023737371749878111e+00
1.982878536605835018e+00
1.976947142372131427e+00
1.983666375846862895e+00
1.969998617019653286e+00
1.991041176681518587e+00
2.014895974044799587e+00
2.046935479545593406e+00
1.975603706245422364e+00
1.991678349266052139e+00
2.013871263809204226e+00
2.022964539833068898e+00
1.998997395172119163e+00
2.047063799743652268e+00
2.006427608909607141e+00
2.005601347656249978e+00
1.990605985336303618e+00
2.018217325668334894e+00
1.774125853118896590e+00
1.764496339111328194e+00
1.762085592308044513e+00
1.781956496200561624e+00
1.771093997611999482e+00
1.774211573753357030e+00
1.757791284561157186e+00
1.776867320556640539e+00
1.763656647071838446e+00
1.777461579055786167e+00
1.788749338378906151e+00
1.796499774169921793e+00
1.779068846549987759e+00
1.763078197250366186e+00
1.796279365501403769e+00
1.811079840927124041e+00
1.798098637962341373e+00
1.808246385726928640e+00
1.801780608901977443e+00
1.820860651855468859e+00
1.817964065589904754e+00
1.814071329154968160e+00
1.806702867393493728e+00
1.804326894569396877e+00
1.812636008071899507e+00
1.831613285140991199e+00
1.801596345062255855e+00
1.806733516387939442e+00
1.810268617858886708e+00
1.814765744895935118e+00
1.824771352195739826e+00
1.813867449951171773e+00
1.787645649528503355e+00
1.839688356819152881e+00
1.798043739356994575e+00
1.827186838378906275e+00
1.843539559020996199e+00
1.847609189796447726e+00
1.822266447448730453e+00
1.823290457725524893e+00
1.796183476257324330e+00
1.814389173507690467e+00
1.803968369674682659e+00
1.821651734466552819e+00
1.848509006576538161e+00
1.864964286804199123e+00
1.824047547607421826e+00
1.824231617622375401e+00
1.798819078254699777e+00
1.785229837188720747e+00
1.768058700332641564e+00
1.775800667572021485e+00
1.760111790885925398e+00
1.766908925476074144e+00
1.774871636962890520e+00
1.773685012893676749e+00
1.776787861747741726e+00
1.769740539474487395e+00
1.754984094924926685e+00
1.762331954612731844e+00
1.763036329498290922e+00
1.756407102241516194e+00
1.766820318984985372e+00
1.759192148551940837e+00
1.771496846923828139e+00
1.750001805038452041e+00
1.776324575500488390e+00
1.768147363014221263e+00
1.779614861907959034e+00
1.776315421600341837e+00
1.756641341247558552e+00
1.740442888565063573e+00
1.789375566024780317e+00
1.741405362358093178e+00
1.782071412391662557e+00
1.755381757965087886e+00
1.784449952239990145e+00
1.780068317298889147e+00
1.754554898910522409e+00
1.774789803390502962e+00
1.772456860466003370e+00
1.762675619087219259e+00
1.761977727928161652e+00
1.748072165756225482e+00
1.747717560195922948e+00
1.779888379211425731e+00
1.764031918907165597e+00
1.742126303253173747e+00
1.766040270233154352e+00
1.747491526870727618e+00
1.767921011123657182e+00
1.782847968902587787e+00
1.749598191261291458e+00
1.758128670501708957e+00
1.774341741600036659e+00
1.780585373420715323e+00
1.742592846641540572e+00
1.793076562309265043e+00
1.754823606872558672e+00
1.765049693832397404e+00
