2.382493034133911003e+00
2.291931503829955918e+00
2.222793984832763581e+00
2.121000232315063627e+00
2.055382906150817757e+00
2.032581902770996152e+00
2.004287694702148404e+00
2.013234833793640099e+00
1.961564226989746196e+00
1.958022551422119228e+00
1.927348887062072746e+00
1.911311035118103074e+00
1.886297564659118686e+00
1.902752462997436611e+00
1.892099819030761632e+00
1.866971594161987325e+00
1.868166204986572376e+00
1.831095897750854462e+00
1.891370705642700267e+00
1.842856544876098734e+00
1.858611151199340839e+00
1.860762697410583533e+00
1.861328150253295899e+00
1.854550613937377967e+00
1.843835318832397485e+00
1.871398871307373035e+00
1.836941726455688428e+00
1.835946203155517598e+00
1.849579760284423724e+00
1.889892038955688580e+00
1.899746333999633885e+00
1.868935158767700111e+00
1.876811368598938046e+00
1.863961806411743138e+00
1.871392571334838939e+00
1.889779578475952126e+00
1.868408542633056557e+00
1.893209864501953055e+00
1.887007969284057562e+00
1.899198413085937398e+00
1.903107848892211962e+00
1.916973932609558062e+00
1.914536830558776881e+00
1.881745605239868224e+00
1.932268350296020509e+00
1.905378468093872124e+00
1.890214528961181584e+00
1.952555103721618668e+00
1.928567374267578183e+00
1.924010101432800379e+00
1.952501256866455037e+00
1.927062955932617117e+00
1.956420897979736395e+00
1.935155411987304674e+00
1.944495689086914059e+00
1.956904926872253370e+00
2.009047742309570506e+00
1.978106024131774943e+00
1.983397606735229468e+00
2.006203365020752027e+00
2.008605885848999240e+00
1.987562803497314512e+00
2.015653447494506700e+00
1.989053485412597633e+00
1.952586253700256291e+00
2.016636984481811723e+00
2.004963345108032424e+00
1.953143891830444234e+00
2.032390488967895426e+00
2.031604666290283134e+00
1.997049252891540450e+00
2.003705407028198326e+00
1.994175803604125941e+00
2.045537469825744470e+00
2.012678312988281260e+00
1.970174736709594754e+00
2.041602521438598661e+00
2.015140870475768953e+00
2.025129960021972764e+00
2.051387675857543780e+00
2.033090638084411594e+00
2.014624600601196303e+00
1.989243135986328070e+00
2.074964603385925255e+00
2.052767115135192721e+00
2.062474477081298829e+00
2.041086118850707898e+00
2.033696658248901556e+00
1.983395318260192886e+00
2.071716736907958989e+00
2.047045342941284041e+00
2.031028580207824508e+00
2.012983818893432808e+00
2.002483951072692836e+00
2.026713515777587737e+00
2.076871748008727980e+00
2.061694599761962898e+00
2.054011778907776087e+00
2.004354168777465972e+00
2.030718759155273556e+00
1.779125209274291963e+00
1.756106040420532199e+00
1.734243684005737363e+00
1.725360772171020463e+00
1.717015720710754367e+00
1.713778715591430579e+00
1.747146756134033252e+00
1.727769045143127347e+00
1.748044589614868194e+00
1.760822406692504893e+00
1.744526974067688085e+00
1.738535197677612221e+00
1.732020512390136657e+00
1.744187068214416492e+00
1.731106691818237397e+00
1.729083703155517515e+00
1.736000365371703991e+00
1.738654133644103927e+00
1.743043103141784567e+00
1.715867143936157246e+00
1.701790670738220212e+00
1.723136671409607024e+00
1.723044604911804223e+00
1.742242916870117231e+00
1.732595739364624077e+00
1.695387615509033274e+00
1.697066927452087315e+00
1.737315446739196689e+00
1.731231336517333963e+00
1.706745949440002352e+00
1.711663672943115166e+00
1.723236697921752825e+00
1.704266872673034561e+00
1.696504354858398456e+00
1.693752847862243671e+00
1.702869276046752978e+00
1.680539047775268635e+00
1.694902169418335047e+00
1.708404929161071673e+00
1.717852817306518620e+00
1.717239713020324743e+00
1.724514184761047453e+00
1.732207282257079983e+00
1.711833796081543069e+00
1.713196247367858804e+00
1.733433687782287569e+00
1.725284615211486905e+00
1.715819260635375931e+00
1.698004166526794423e+00
1.709064363136291398e+00
1.694800300445556740e+00
1.689130959815978938e+00
1.670931924591064544e+00
1.673341929702758746e+00
1.685549375419616691e+00
1.696943908309936466e+00
1.696796118392944308e+00
1.695742386932373114e+00
1.713732912101745498e+00
1.701848814735412496e+00
1.699972760543823291e+00
1.676320024337768499e+00
1.701994477462768662e+00
1.690615926551818804e+00
1.707863507461547803e+00
1.707458106040954604e+00
1.697613782615661648e+00
1.714029015235900788e+00
1.681523554611205951e+00
1.652462427444457926e+00
1.681113893051147556e+00
1.684917045593261609e+00
1.703612413482666010e+00
1.717017725296020592e+00
1.692096591987609866e+00
1.704576865005493103e+00
1.729068597335815527e+00
1.709306130714416394e+00
1.691965304336547904e+00
1.713199326362609964e+00
1.706863776550292977e+00
1.685053690223693890e+00
1.697212849159240644e+00
1.689616180801391643e+00
1.685890246925354052e+00
1.697212206687927161e+00
1.704537008438110401e+00
1.690879238586425748e+00
1.682943214187622161e+00
1.710566214408874464e+00
1.696687367858886741e+00
1.701054198188781674e+00
1.676776688117980862e+00
1.700718241653442320e+00
1.703080654144287109e+00
1.708814209022522013e+00
1.703633035507202242e+00
1.722002784805297892e+00
1.714648521347045929e+00
1.687811419296264548e+00
