1.272191882133483887e+01
1.249363160133361816e+01
1.244986510276794434e+01
1.255563664436340332e+01
1.236950039863586426e+01
1.232223653793334961e+01
1.255832314491271973e+01
1.258357810974121094e+01
1.253357839584350586e+01
1.236793279647827148e+01
1.246064877510070801e+01
1.265162944793701172e+01
1.255755543708801270e+01
1.253637051582336426e+01
1.253909754753112793e+01
1.269499850273132324e+01
1.250138974189758301e+01
1.276180911064147949e+01
1.237375950813293457e+01
1.253249502182006836e+01
1.262828779220581055e+01
1.258586764335632324e+01
1.251900696754455566e+01
1.250040793418884277e+01
1.255484294891357422e+01
1.243459892272949219e+01
1.253716063499450684e+01
1.264143991470336914e+01
1.253733491897583008e+01
1.258434939384460449e+01
1.242623329162597656e+01
1.235231447219848633e+01
1.263532447814941406e+01
1.264856243133544922e+01
1.221963453292846680e+01
1.261197495460510254e+01
1.255999350547790527e+01
1.263446378707885742e+01
1.244554758071899414e+01
1.259069585800170898e+01
1.253809666633605957e+01
1.248750686645507812e+01
1.249615859985351562e+01
1.267345619201660156e+01
1.252421760559082031e+01
1.263479518890380859e+01
1.266076683998107910e+01
1.245207405090332031e+01
1.247730064392089844e+01
1.260499691963195801e+01
1.257653331756591797e+01
1.256272125244140625e+01
1.257504606246948242e+01
1.249954891204833984e+01
1.256503868103027344e+01
1.239867806434631348e+01
1.250932931900024414e+01
1.249758100509643555e+01
1.256364464759826660e+01
1.262635469436645508e+01
1.262075233459472656e+01
1.255267667770385742e+01
1.241260576248168945e+01
1.245661902427673340e+01
1.257533788681030273e+01
1.258033657073974609e+01
1.252708315849304199e+01
1.255884552001953125e+01
1.253281188011169434e+01
1.258314061164855957e+01
1.246817088127136230e+01
1.262603592872619629e+01
1.253292298316955566e+01
1.261902499198913574e+01
1.262331557273864746e+01
1.259518456459045410e+01
1.245397257804870605e+01
1.259489440917968750e+01
1.261934709548950195e+01
1.241259622573852539e+01
1.239373183250427246e+01
1.257933306694030762e+01
1.244228911399841309e+01
1.240907406806945801e+01
1.262686467170715332e+01
1.253670239448547363e+01
1.240539884567260742e+01
1.253498768806457520e+01
1.252486419677734375e+01
1.266276335716247559e+01
1.255431056022644043e+01
1.249968409538269043e+01
1.239538288116455078e+01
1.249320340156555176e+01
1.262442398071289062e+01
1.251019001007080078e+01
1.265309834480285645e+01
1.267804622650146484e+01
1.257257318496704102e+01
1.256488490104675293e+01
1.261264991760253906e+01
1.270151066780090332e+01
1.263688087463378906e+01
1.260392618179321289e+01
1.248887658119201660e+01
1.245966482162475586e+01
1.256569695472717285e+01
1.262016534805297852e+01
1.253952455520629883e+01
1.259221410751342773e+01
1.268471550941467285e+01
1.265608859062194824e+01
1.256913971900939941e+01
1.249752497673034668e+01
1.263705229759216309e+01
1.257366895675659180e+01
1.255195069313049316e+01
1.260988616943359375e+01
1.216705846786499023e+01
1.270725584030151367e+01
1.260698080062866211e+01
1.254320096969604492e+01
1.257002735137939453e+01
1.249736833572387695e+01
1.243335890769958496e+01
1.265653562545776367e+01
1.258888792991638184e+01
1.261860752105712891e+01
1.259785699844360352e+01
1.239048957824707031e+01
1.244157528877258301e+01
1.266596937179565430e+01
1.253891897201538086e+01
1.241245865821838379e+01
1.244074487686157227e+01
1.231682968139648438e+01
1.246082901954650879e+01
1.262936854362487793e+01
1.250613260269165039e+01
1.267994475364685059e+01
1.251130294799804688e+01
1.253658103942871094e+01
1.251240730285644531e+01
1.258366751670837402e+01
1.259502744674682617e+01
1.239404678344726562e+01
1.250267505645751953e+01
1.236017632484436035e+01
1.266796350479125977e+01
1.264194226264953613e+01
1.251276397705078125e+01
1.246998095512390137e+01
1.247682762145996094e+01
1.244519615173339844e+01
1.262781643867492676e+01
1.236831116676330566e+01
1.257539892196655273e+01
1.268245720863342285e+01
1.258577680587768555e+01
1.260039758682250977e+01
1.249638319015502930e+01
1.250218391418457031e+01
1.252246069908142090e+01
1.256560254096984863e+01
1.247838258743286133e+01
1.252008247375488281e+01
1.243629670143127441e+01
1.247248244285583496e+01
1.258375287055969238e+01
1.237368512153625488e+01
1.252075505256652832e+01
1.266552567481994629e+01
1.249029517173767090e+01
1.253915452957153320e+01
1.241545796394348145e+01
1.245169806480407715e+01
1.256851553916931152e+01
1.263018679618835449e+01
1.267106747627258301e+01
1.257103896141052246e+01
1.254044151306152344e+01
1.258133935928344727e+01
1.259963607788085938e+01
1.246484851837158203e+01
1.254107880592346191e+01
1.266797566413879395e+01
1.243236660957336426e+01
1.238842654228210449e+01
1.248036217689514160e+01
1.258064007759094238e+01
1.260963559150695801e+01
1.266318416595458984e+01
1.258258175849914551e+01
1.253019332885742188e+01
1.276416182518005371e+01
1.254587030410766602e+01
1.264520478248596191e+01
1.249253535270690918e+01
1.255306005477905273e+01
1.258877038955688477e+01
