1.485999965667724609e+01
1.656999969482421875e+01
1.860999870300292969e+01
1.867000007629394531e+01
2.344999885559082031e+01
2.320999908447265625e+01
2.126999855041503906e+01
2.840999984741210938e+01
3.022999954223632812e+01
2.843999862670898438e+01
3.171999931335449219e+01
2.785999870300292969e+01
3.100999832153320312e+01
3.184999847412109375e+01
3.081999969482421875e+01
3.204999923706054688e+01
3.159999847412109375e+01
3.427000045776367188e+01
3.545000076293945312e+01
3.411000061035156250e+01
3.404999923706054688e+01
3.448999786376953125e+01
3.565999984741210938e+01
3.381999969482421875e+01
3.666999816894531250e+01
3.609999847412109375e+01
3.402999877929687500e+01
3.538999938964843750e+01
3.654999923706054688e+01
3.789999771118164062e+01
3.511000061035156250e+01
3.570999908447265625e+01
3.640999984741210938e+01
3.765999984741210938e+01
3.768999862670898438e+01
3.700000000000000000e+01
3.962999725341796875e+01
3.946999740600585938e+01
3.559000015258789062e+01
3.977000045776367188e+01
3.968000030517578125e+01
3.837999725341796875e+01
3.800000000000000000e+01
4.145999908447265625e+01
3.382999801635742188e+01
4.043000030517578125e+01
3.727999877929687500e+01
3.496999740600585938e+01
3.409000015258789062e+01
3.625000000000000000e+01
3.897999954223632812e+01
3.493999862670898438e+01
4.212999725341796875e+01
3.977999877929687500e+01
3.945000076293945312e+01
3.739999771118164062e+01
3.562999725341796875e+01
3.814999771118164062e+01
3.405999755859375000e+01
3.895999908447265625e+01
3.457999801635742188e+01
3.511999893188476562e+01
3.802999877929687500e+01
3.922999954223632812e+01
3.825999832153320312e+01
2.856999969482421875e+01
3.773999786376953125e+01
4.087999725341796875e+01
4.039999771118164062e+01
3.550000000000000000e+01
3.305999755859375000e+01
2.440999984741210938e+01
3.547999954223632812e+01
3.471999740600585938e+01
3.243000030517578125e+01
3.952999877929687500e+01
3.636000061035156250e+01
3.570000076293945312e+01
3.595000076293945312e+01
3.825000000000000000e+01
3.495000076293945312e+01
3.698999786376953125e+01
3.356999969482421875e+01
3.459999847412109375e+01
3.570999908447265625e+01
3.638999938964843750e+01
3.434999847412109375e+01
3.605999755859375000e+01
3.877999877929687500e+01
3.852999877929687500e+01
3.663999938964843750e+01
3.818000030517578125e+01
3.552999877929687500e+01
3.754000091552734375e+01
3.934999847412109375e+01
3.804000091552734375e+01
4.105999755859375000e+01
3.595000076293945312e+01
3.636000061035156250e+01
3.880999755859375000e+01
4.375999832153320312e+01
4.414999771118164062e+01
4.381999969482421875e+01
4.386000061035156250e+01
4.448999786376953125e+01
4.370999908447265625e+01
4.468000030517578125e+01
4.557999801635742188e+01
4.457999801635742188e+01
4.427999877929687500e+01
4.443000030517578125e+01
4.512999725341796875e+01
4.563999938964843750e+01
4.479999923706054688e+01
4.405999755859375000e+01
4.461000061035156250e+01
4.644999694824218750e+01
4.603999710083007812e+01
4.487999725341796875e+01
4.480999755859375000e+01
4.570999908447265625e+01
4.497999954223632812e+01
4.620999908447265625e+01
4.527999877929687500e+01
4.586999893188476562e+01
4.437999725341796875e+01
4.607999801635742188e+01
4.643999862670898438e+01
4.586000061035156250e+01
4.627000045776367188e+01
4.619999694824218750e+01
4.677999877929687500e+01
4.661000061035156250e+01
4.695999908447265625e+01
4.707999801635742188e+01
4.425999832153320312e+01
4.630999755859375000e+01
4.679999923706054688e+01
4.709000015258789062e+01
4.638999938964843750e+01
4.741999816894531250e+01
4.514999771118164062e+01
4.627000045776367188e+01
4.706999969482421875e+01
4.486999893188476562e+01
4.684999847412109375e+01
4.679999923706054688e+01
4.725000000000000000e+01
4.768999862670898438e+01
4.703999710083007812e+01
4.775000000000000000e+01
4.762999725341796875e+01
4.753999710083007812e+01
4.773999786376953125e+01
4.784000015258789062e+01
4.743000030517578125e+01
4.761000061035156250e+01
4.763999938964843750e+01
4.802000045776367188e+01
4.761000061035156250e+01
4.789999771118164062e+01
4.770999908447265625e+01
4.780999755859375000e+01
4.786999893188476562e+01
4.806999969482421875e+01
4.734000015258789062e+01
4.784000015258789062e+01
4.769999694824218750e+01
4.802999877929687500e+01
4.761999893188476562e+01
4.795999908447265625e+01
4.756999969482421875e+01
4.762999725341796875e+01
4.753999710083007812e+01
4.797999954223632812e+01
4.793999862670898438e+01
4.757999801635742188e+01
4.765999984741210938e+01
4.806999969482421875e+01
4.752000045776367188e+01
4.782999801635742188e+01
4.789999771118164062e+01
4.775000000000000000e+01
4.757999801635742188e+01
4.811000061035156250e+01
4.793999862670898438e+01
4.816999816894531250e+01
4.815999984741210938e+01
4.818000030517578125e+01
4.766999816894531250e+01
4.831999969482421875e+01
4.818000030517578125e+01
4.809000015258789062e+01
4.763999938964843750e+01
4.741999816894531250e+01
4.804999923706054688e+01
4.750000000000000000e+01
4.812999725341796875e+01
4.768999862670898438e+01
4.756999969482421875e+01
