1.057600000000000051e+01
1.262400000183105497e+01
1.667199999816894618e+01
2.140799999816894683e+01
2.320000000488281344e+01
2.456000000183105314e+01
2.627199999908447126e+01
2.697600000122070441e+01
2.817600000122070369e+01
2.840000000122070389e+01
3.014399999511718775e+01
3.134400000488281179e+01
3.252800000488281285e+01
3.294400000122070082e+01
3.398399999145507877e+01
3.430399999145507905e+01
3.444800000000000040e+01
3.566399999145507849e+01
3.532800000122070117e+01
3.598399999816894734e+01
3.723199999145507633e+01
3.772800000000000153e+01
3.670400000732421830e+01
3.868800000732422006e+01
3.835199998779297204e+01
3.937599999755859415e+01
3.809600000976562484e+01
3.936000000732421711e+01
3.870399999145507763e+01
3.927999999511718698e+01
3.950399998779296595e+01
4.019200000366210901e+01
3.875199999389648298e+01
4.006399999816894564e+01
4.000000000732421768e+01
3.950399998779296595e+01
4.033599999389648616e+01
4.020799998779296658e+01
3.974400000122070509e+01
4.062400000976562353e+01
4.051199998779296862e+01
4.057599998779296868e+01
4.059199999999999875e+01
3.990399999389648400e+01
4.111999998779296561e+01
4.046400000488281279e+01
4.073599999389648474e+01
4.057600000366210935e+01
4.052800000488281285e+01
4.044800000732421807e+01
4.017600000732421961e+01
3.972799999755859091e+01
4.000000000122070531e+01
4.014399998779296652e+01
3.974399999023437147e+01
3.927999999389648167e+01
3.870400000732421830e+01
3.982399998779296624e+01
4.014400000122070367e+01
3.900800000610351503e+01
3.902399999023437260e+01
3.982400000610351753e+01
3.881599999511718835e+01
3.891200000122070435e+01
3.998399998779296993e+01
3.868800000122070060e+01
3.993599999145507695e+01
3.900800000366211151e+01
3.828799999511718966e+01
3.892799998779296544e+01
3.772799999816894712e+01
3.878400000976562723e+01
3.923200000366210816e+01
3.895999999389648139e+01
3.886399999145508133e+01
3.774399999755859625e+01
3.921599999755859045e+01
3.911999999389648508e+01
3.729599999023437817e+01
3.888000000488280961e+01
3.795199998779296635e+01
3.654399999816894251e+01
3.752000000488281017e+01
3.798400000366211060e+01
3.919999999389648337e+01
3.767999999755859619e+01
3.710399999755859568e+01
3.812799999633789128e+01
3.686400000732422200e+01
3.808000000366210713e+01
3.641599998779297209e+01
3.700800000366211151e+01
3.723199999389648696e+01
3.723200000732421699e+01
3.756799999145507485e+01
3.695999998779296902e+01
3.889600000732421847e+01
3.764799999389648377e+01
3.868800000732422006e+01
3.881599999816894808e+01
4.608000000122070361e+01
4.889600000366210963e+01
4.910399999633789037e+01
4.963200000976562620e+01
4.971199999389648383e+01
5.003199998657226644e+01
5.060800000366210583e+01
5.055999998779297044e+01
5.102400000000000091e+01
5.187199999023437158e+01
5.190400000610351583e+01
5.120000000000000284e+01
5.214399999267578067e+01
5.127999998779296931e+01
5.286399998291015834e+01
5.239999998779296675e+01
5.236800000610351447e+01
5.297599998657226905e+01
5.262400000976562353e+01
5.267199999023437584e+01
5.289600000000000080e+01
5.251200000610351282e+01
5.323199997314453213e+01
5.377599999267577857e+01
5.395199998657226814e+01
5.283199998657226359e+01
5.435200000366211270e+01
5.355199999633789076e+01
5.385599999633789281e+01
5.371199999633788735e+01
5.425599998657226308e+01
5.411200000976562308e+01
5.358400000976562438e+01
5.371200000244140682e+01
5.449599999389648275e+01
5.361599997314453248e+01
5.451199999023437215e+01
5.415999999267577891e+01
5.449600000610351458e+01
5.438400000000000034e+01
5.465599999633788997e+01
5.537600000976562598e+01
5.475200000244140597e+01
5.497599999633789025e+01
5.454399998657226689e+01
5.473599999999999710e+01
5.491199999633789020e+01
5.487999997314452827e+01
5.483200000366210958e+01
5.507200000610351509e+01
5.596799999633788758e+01
5.548799998657226240e+01
5.599999998291015402e+01
5.564799998779297141e+01
5.615999999755859307e+01
5.588800000610351759e+01
5.624000000610351435e+01
5.633600000976562683e+01
5.559999999023437312e+01
5.576000000976562632e+01
5.553600000366211020e+01
5.566400000244140500e+01
5.639999999633788974e+01
5.638399998291015436e+01
5.614400000976562666e+01
5.583999999267577863e+01
5.614399999267578067e+01
5.563199998291015902e+01
5.607999998291015942e+01
5.667199999633788821e+01
5.601599998657226820e+01
5.633600000122070384e+01
5.663999999267578289e+01
5.652799999023437749e+01
5.627199998291015959e+01
5.590399998657226632e+01
5.646400001464843399e+01
5.680000000976562546e+01
5.683199999267578306e+01
5.545599999633788713e+01
5.635200000610351623e+01
5.598399998657226462e+01
5.663999998657226342e+01
5.584000000244140693e+01
5.638399999267578266e+01
5.688000000000000256e+01
5.585600000610351401e+01
5.678400001464843427e+01
5.636800000976562330e+01
5.665599998779296698e+01
5.619199999389648781e+01
5.660799998779297226e+01
5.718400000610351697e+01
5.606399999023437175e+01
5.691199998779296720e+01
5.646399999023437744e+01
5.583999999023437510e+01
5.671999999023437766e+01
5.651199999023437215e+01
5.679999999267577948e+01
