1.242068672180175781e+01
1.236370015144348145e+01
1.245298409461975098e+01
1.210397839546203613e+01
1.205863928794860840e+01
1.193854427337646484e+01
1.179147982597351074e+01
1.206505990028381348e+01
1.217173171043395996e+01
1.205102610588073730e+01
1.211210227012634277e+01
1.219986915588378906e+01
1.221321630477905273e+01
1.219231247901916504e+01
1.212096953392028809e+01
1.222773861885070801e+01
1.223617243766784668e+01
1.209876728057861328e+01
1.211369299888610840e+01
1.183315944671630859e+01
1.230136513710021973e+01
1.201259350776672363e+01
1.211165308952331543e+01
1.201383924484252930e+01
1.159960412979125977e+01
1.206213784217834473e+01
1.200797629356384277e+01
1.229206776618957520e+01
1.177127027511596680e+01
1.214482426643371582e+01
1.247603845596313477e+01
1.223328495025634766e+01
1.271199917793273926e+01
1.246895575523376465e+01
1.185715365409851074e+01
1.254222226142883301e+01
1.214682674407958984e+01
1.195318055152893066e+01
1.196471810340881348e+01
1.231265711784362793e+01
1.202966117858886719e+01
1.227779245376586914e+01
1.225559568405151367e+01
1.230707192420959473e+01
1.222470736503601074e+01
1.272345805168151855e+01
1.231359696388244629e+01
1.218489217758178711e+01
1.201300525665283203e+01
1.216489005088806152e+01
1.212546277046203613e+01
1.258818864822387695e+01
1.212855052947998047e+01
1.218827152252197266e+01
1.218096590042114258e+01
1.204503607749938965e+01
1.204973745346069336e+01
1.207654476165771484e+01
1.206699991226196289e+01
1.219391393661499023e+01
1.221113371849060059e+01
1.221814322471618652e+01
1.235246801376342773e+01
1.200789022445678711e+01
1.202232289314270020e+01
1.249873280525207520e+01
1.216656637191772461e+01
1.204085421562194824e+01
1.250220370292663574e+01
1.235713291168212891e+01
1.181470727920532227e+01
1.252705860137939453e+01
1.258920121192932129e+01
1.230439996719360352e+01
1.222536087036132812e+01
1.191476750373840332e+01
1.197225522994995117e+01
1.206799101829528809e+01
1.214585471153259277e+01
1.208169937133789062e+01
1.224018931388854980e+01
1.234138011932373047e+01
1.207904291152954102e+01
1.262507653236389160e+01
1.264066100120544434e+01
1.192641305923461914e+01
1.243959832191467285e+01
1.216215658187866211e+01
1.220725083351135254e+01
1.269316363334655762e+01
1.253272151947021484e+01
1.243268918991088867e+01
1.252288794517517090e+01
1.209758090972900391e+01
1.223759269714355469e+01
1.194671511650085449e+01
1.229610586166381836e+01
1.234678959846496582e+01
1.205013895034790039e+01
1.219895172119140625e+01
1.231848573684692383e+01
1.223370027542114258e+01
1.230101418495178223e+01
1.258133625984191895e+01
1.190800881385803223e+01
1.181542468070983887e+01
1.204999971389770508e+01
1.226221394538879395e+01
1.208971953392028809e+01
1.220816659927368164e+01
1.259771013259887695e+01
1.255392813682556152e+01
1.225724029541015625e+01
1.217578482627868652e+01
1.219652700424194336e+01
1.220698070526123047e+01
1.202082371711730957e+01
1.222792458534240723e+01
1.183840823173522949e+01
1.265697836875915527e+01
1.194371390342712402e+01
1.219810533523559570e+01
1.209225535392761230e+01
1.217788743972778320e+01
1.232640695571899414e+01
1.226928949356079102e+01
1.259895324707031250e+01
1.267745494842529297e+01
1.215972304344177246e+01
1.178574705123901367e+01
1.270564150810241699e+01
1.214764523506164551e+01
1.210322570800781250e+01
1.193020033836364746e+01
1.209219026565551758e+01
1.210279750823974609e+01
1.196475887298583984e+01
1.192239236831665039e+01
1.210012102127075195e+01
1.235729289054870605e+01
1.216670656204223633e+01
1.229102754592895508e+01
1.216301846504211426e+01
1.215339684486389160e+01
1.236192870140075684e+01
1.173290801048278809e+01
1.212030982971191406e+01
1.195503044128417969e+01
1.212612485885620117e+01
1.237967467308044434e+01
1.203959941864013672e+01
1.208628153800964355e+01
1.200454425811767578e+01
1.174043154716491699e+01
1.236948990821838379e+01
1.236265683174133301e+01
1.213077783584594727e+01
1.221368741989135742e+01
1.219886159896850586e+01
1.223792600631713867e+01
1.219974112510681152e+01
1.221197700500488281e+01
1.220306086540222168e+01
1.219086265563964844e+01
1.199450516700744629e+01
1.205854105949401855e+01
1.251319622993469238e+01
1.234737515449523926e+01
1.206275820732116699e+01
1.218244218826293945e+01
1.208847522735595703e+01
1.228091311454772949e+01
1.249507331848144531e+01
1.209459161758422852e+01
1.184128427505493164e+01
1.192048501968383789e+01
1.215820384025573730e+01
1.213068509101867676e+01
1.242805767059326172e+01
1.198166584968566895e+01
1.227745485305786133e+01
1.247051262855529785e+01
1.199279356002807617e+01
1.213819217681884766e+01
1.208469057083129883e+01
1.212476992607116699e+01
1.220179891586303711e+01
1.247752404212951660e+01
1.225312900543212891e+01
1.221789431571960449e+01
1.191222524642944336e+01
1.204505014419555664e+01
1.244063901901245117e+01
1.178965902328491211e+01
1.268245673179626465e+01
1.273994946479797363e+01
1.258843111991882324e+01
1.221901440620422363e+01
1.272669696807861328e+01
1.233958077430725098e+01
