2.072443962097167969e-01
2.374196052551269531e-01
2.413983345031738281e-01
2.347774505615234375e-01
2.532882690429687500e-01
2.293560504913330078e-01
2.280161380767822266e-01
2.681725025177001953e-01
2.384703159332275391e-01
1.933941841125488281e-01
2.482197284698486328e-01
2.789916992187500000e-01
2.848465442657470703e-01
2.509489059448242188e-01
2.677042484283447266e-01
2.482616901397705078e-01
2.290148735046386719e-01
2.442040443420410156e-01
1.991975307464599609e-01
2.400341033935546875e-01
2.807481288909912109e-01
2.369017601013183594e-01
2.235743999481201172e-01
2.042472362518310547e-01
2.691283226013183594e-01
1.938762664794921875e-01
2.407002449035644531e-01
2.782824039459228516e-01
2.269484996795654297e-01
2.664136886596679688e-01
2.118093967437744141e-01
1.822521686553955078e-01
2.474589347839355469e-01
2.294909954071044922e-01
2.039279937744140625e-01
2.141458988189697266e-01
2.709424495697021484e-01
2.080664634704589844e-01
1.941773891448974609e-01
2.554023265838623047e-01
2.093341350555419922e-01
2.257864475250244141e-01
2.043349742889404297e-01
2.669415473937988281e-01
2.427103519439697266e-01
2.447936534881591797e-01
2.551410198211669922e-01
2.028753757476806641e-01
2.143039703369140625e-01
2.247688770294189453e-01
2.107539176940917969e-01
2.260305881500244141e-01
2.242975234985351562e-01
2.527158260345458984e-01
2.421844005584716797e-01
2.136242389678955078e-01
1.811032295227050781e-01
2.089102268218994141e-01
2.226803302764892578e-01
2.171914577484130859e-01
2.547478675842285156e-01
2.416732311248779297e-01
2.008414268493652344e-01
1.855716705322265625e-01
2.233767509460449219e-01
2.322304248809814453e-01
2.196266651153564453e-01
1.924660205841064453e-01
2.254598140716552734e-01
2.333457469940185547e-01
2.201564311981201172e-01
2.401490211486816406e-01
2.359845638275146484e-01
2.242114543914794922e-01
2.747838497161865234e-01
2.132353782653808594e-01
2.172219753265380859e-01
2.330675125122070312e-01
2.377822399139404297e-01
1.917693614959716797e-01
1.866903305053710938e-01
2.231857776641845703e-01
2.000870704650878906e-01
2.060580253601074219e-01
2.294559478759765625e-01
1.906945705413818359e-01
1.978204250335693359e-01
2.055680751800537109e-01
2.200469970703125000e-01
2.348744869232177734e-01
1.927909851074218750e-01
2.067136764526367188e-01
2.143440246582031250e-01
2.278275489807128906e-01
2.207074165344238281e-01
1.729547977447509766e-01
2.306098937988281250e-01
2.463598251342773438e-01
2.466371059417724609e-01
2.412972450256347656e-01
2.142412662506103516e-01
2.436394691467285156e-01
2.510411739349365234e-01
2.399699687957763672e-01
2.396695613861083984e-01
2.133219242095947266e-01
2.252383232116699219e-01
2.389209270477294922e-01
2.221195697784423828e-01
2.670991420745849609e-01
2.313392162322998047e-01
2.267434597015380859e-01
2.198507785797119141e-01
2.276389598846435547e-01
2.415225505828857422e-01
2.410993576049804688e-01
2.015445232391357422e-01
2.080450057983398438e-01
1.737730503082275391e-01
2.405033111572265625e-01
2.351310253143310547e-01
2.145221233367919922e-01
2.129373550415039062e-01
2.605531215667724609e-01
1.699361801147460938e-01
2.401723861694335938e-01
2.128486633300781250e-01
2.425608634948730469e-01
2.143926620483398438e-01
1.768829822540283203e-01
2.598764896392822266e-01
2.334008216857910156e-01
2.023296356201171875e-01
2.045183181762695312e-01
2.310688495635986328e-01
2.255737781524658203e-01
2.361831665039062500e-01
2.177555561065673828e-01
2.138631343841552734e-01
2.770524024963378906e-01
2.089941501617431641e-01
2.166011333465576172e-01
2.109558582305908203e-01
2.304589748382568359e-01
2.222909927368164062e-01
1.492128372192382812e-01
2.009024620056152344e-01
2.357182502746582031e-01
2.468566894531250000e-01
2.625143527984619141e-01
2.249026298522949219e-01
1.901230812072753906e-01
1.845080852508544922e-01
1.853289604187011719e-01
2.674198150634765625e-01
2.246820926666259766e-01
1.933889389038085938e-01
2.415032386779785156e-01
2.128007411956787109e-01
2.425620555877685547e-01
2.226085662841796875e-01
2.395062446594238281e-01
2.269866466522216797e-01
2.248058319091796875e-01
2.350678443908691406e-01
2.213137149810791016e-01
2.143335342407226562e-01
2.045137882232666016e-01
2.302353382110595703e-01
2.400343418121337891e-01
2.155754566192626953e-01
2.841806411743164062e-01
1.934006214141845703e-01
2.253129482269287109e-01
1.993746757507324219e-01
2.180936336517333984e-01
2.524328231811523438e-01
2.402503490447998047e-01
2.845637798309326172e-01
1.944279670715332031e-01
2.552750110626220703e-01
2.389564514160156250e-01
2.451090812683105469e-01
2.357373237609863281e-01
2.115590572357177734e-01
2.390651702880859375e-01
2.153246402740478516e-01
2.145147323608398438e-01
2.135107517242431641e-01
2.086083889007568359e-01
2.150511741638183594e-01
2.402846813201904297e-01
2.388758659362792969e-01
2.116832733154296875e-01
2.581760883331298828e-01
2.441167831420898438e-01
2.493934631347656250e-01
1.798667907714843750e-01
2.516424655914306641e-01
2.337138652801513672e-01
