1.238738179206848145e+01
1.177183294296264648e+01
1.202336382865905762e+01
1.210787606239318848e+01
1.203543567657470703e+01
1.191158127784729004e+01
1.191771578788757324e+01
1.195605182647705078e+01
1.262801957130432129e+01
1.237357640266418457e+01
1.205299496650695801e+01
1.224162030220031738e+01
1.240141510963439941e+01
1.263389921188354492e+01
1.262687325477600098e+01
1.231210613250732422e+01
1.271776986122131348e+01
1.229982399940490723e+01
1.206574392318725586e+01
1.202577829360961914e+01
1.241022109985351562e+01
1.217167329788208008e+01
1.214454984664916992e+01
1.212486028671264648e+01
1.166419696807861328e+01
1.244476938247680664e+01
1.220810365676879883e+01
1.236986112594604492e+01
1.198561716079711914e+01
1.225457119941711426e+01
1.204737520217895508e+01
1.239979147911071777e+01
1.235825347900390625e+01
1.183298897743225098e+01
1.238210558891296387e+01
1.213273191452026367e+01
1.214025902748107910e+01
1.190189313888549805e+01
1.208400225639343262e+01
1.238461947441101074e+01
1.222342872619628906e+01
1.221615695953369141e+01
1.228578567504882812e+01
1.226274180412292480e+01
1.264854645729064941e+01
1.233916449546813965e+01
1.267758345603942871e+01
1.208576488494873047e+01
1.194394040107727051e+01
1.231066703796386719e+01
1.225909090042114258e+01
1.220093655586242676e+01
1.262170767784118652e+01
1.268541169166564941e+01
1.229058527946472168e+01
1.248432421684265137e+01
1.211597347259521484e+01
1.211918425559997559e+01
1.253141164779663086e+01
1.229992771148681641e+01
1.216796636581420898e+01
1.222743225097656250e+01
1.191526865959167480e+01
1.192726182937622070e+01
1.190807700157165527e+01
1.211766552925109863e+01
1.258350062370300293e+01
1.232029056549072266e+01
1.214010119438171387e+01
1.266503095626831055e+01
1.199405574798583984e+01
1.217863821983337402e+01
1.216880440711975098e+01
1.274055624008178711e+01
1.239286160469055176e+01
1.217847728729248047e+01
1.197983288764953613e+01
1.250323319435119629e+01
1.228146719932556152e+01
1.242547464370727539e+01
1.165627264976501465e+01
1.233037471771240234e+01
1.202486538887023926e+01
1.213346576690673828e+01
1.218044114112854004e+01
1.242055845260620117e+01
1.202171993255615234e+01
1.218175840377807617e+01
1.266036605834960938e+01
1.216968798637390137e+01
1.209373497962951660e+01
1.181740760803222656e+01
1.211818361282348633e+01
1.269328308105468750e+01
1.234012913703918457e+01
1.204443001747131348e+01
1.232983994483947754e+01
1.218001699447631836e+01
1.250397109985351562e+01
1.269381570816040039e+01
1.224494552612304688e+01
1.259166979789733887e+01
1.235883903503417969e+01
1.213721346855163574e+01
1.212618064880371094e+01
1.189772224426269531e+01
1.200011014938354492e+01
1.256297063827514648e+01
1.203384470939636230e+01
1.234319686889648438e+01
1.225290417671203613e+01
1.221769499778747559e+01
1.226899409294128418e+01
1.258487915992736816e+01
1.228753352165222168e+01
1.229440927505493164e+01
1.220472836494445801e+01
1.225748825073242188e+01
1.221794891357421875e+01
1.217966032028198242e+01
1.218373560905456543e+01
1.267370152473449707e+01
1.256623148918151855e+01
1.222417664527893066e+01
1.175249385833740234e+01
1.227015852928161621e+01
1.216385960578918457e+01
1.215102767944335938e+01
1.230964875221252441e+01
1.197427153587341309e+01
1.209138250350952148e+01
1.226034760475158691e+01
1.253889322280883789e+01
1.242903423309326172e+01
1.251769351959228516e+01
1.221092224121093750e+01
1.251948213577270508e+01
1.200963139533996582e+01
1.218000054359436035e+01
1.235181593894958496e+01
1.208734798431396484e+01
1.209035301208496094e+01
1.215837311744689941e+01
1.211037588119506836e+01
1.229218244552612305e+01
1.181794047355651855e+01
1.258072304725646973e+01
1.207594799995422363e+01
1.227287316322326660e+01
1.245256519317626953e+01
1.212842845916748047e+01
1.205105853080749512e+01
1.260923314094543457e+01
1.216294693946838379e+01
1.237072610855102539e+01
1.189092063903808594e+01
1.211647915840148926e+01
1.261711311340332031e+01
1.255681014060974121e+01
1.219618654251098633e+01
1.229108691215515137e+01
1.222389173507690430e+01
1.233336281776428223e+01
1.232268452644348145e+01
1.220671439170837402e+01
1.217016673088073730e+01
1.205967593193054199e+01
1.190186333656311035e+01
1.201417636871337891e+01
1.261153888702392578e+01
1.243289923667907715e+01
1.243525838851928711e+01
1.187919354438781738e+01
1.228937268257141113e+01
1.230409574508666992e+01
1.232471370697021484e+01
1.266380667686462402e+01
1.227549910545349121e+01
1.282777619361877441e+01
1.237106060981750488e+01
1.267994809150695801e+01
1.206800365447998047e+01
1.221163725852966309e+01
1.215781211853027344e+01
1.220658063888549805e+01
1.230424785614013672e+01
1.213652467727661133e+01
1.194858646392822266e+01
1.269619750976562500e+01
1.217269396781921387e+01
1.213803505897521973e+01
1.226409959793090820e+01
1.201032257080078125e+01
1.194987082481384277e+01
1.211488866806030273e+01
1.212625336647033691e+01
1.213585782051086426e+01
1.163939285278320312e+01
1.224821233749389648e+01
1.261497306823730469e+01
