1.261107802391052246e+01
1.217075824737548828e+01
1.221518254280090332e+01
1.233615183830261230e+01
1.214578127861022949e+01
1.212808656692504883e+01
1.236336708068847656e+01
1.227256035804748535e+01
1.231926941871643066e+01
1.218960213661193848e+01
1.221390533447265625e+01
1.233979535102844238e+01
1.228145885467529297e+01
1.233840012550354004e+01
1.233512902259826660e+01
1.232069826126098633e+01
1.233906197547912598e+01
1.230371332168579102e+01
1.211984324455261230e+01
1.232656335830688477e+01
1.231413292884826660e+01
1.230170822143554688e+01
1.225860667228698730e+01
1.232522225379943848e+01
1.230934572219848633e+01
1.229324173927307129e+01
1.240231990814208984e+01
1.243948817253112793e+01
1.231723809242248535e+01
1.235127162933349609e+01
1.227815341949462891e+01
1.221126127243041992e+01
1.242011022567749023e+01
1.238130545616149902e+01
1.201626229286193848e+01
1.243002676963806152e+01
1.235699272155761719e+01
1.229654169082641602e+01
1.226995873451232910e+01
1.235070133209228516e+01
1.239025783538818359e+01
1.236065435409545898e+01
1.229114484786987305e+01
1.240956997871398926e+01
1.239445805549621582e+01
1.246592259407043457e+01
1.245526051521301270e+01
1.244783711433410645e+01
1.226345920562744141e+01
1.237782287597656250e+01
1.247035837173461914e+01
1.234212136268615723e+01
1.237083816528320312e+01
1.226572060585021973e+01
1.233314657211303711e+01
1.224925255775451660e+01
1.232575035095214844e+01
1.224928569793701172e+01
1.230706286430358887e+01
1.230369806289672852e+01
1.236635327339172363e+01
1.226748561859130859e+01
1.233968091011047363e+01
1.229137492179870605e+01
1.229490804672241211e+01
1.237896299362182617e+01
1.233543848991394043e+01
1.239062929153442383e+01
1.236883282661437988e+01
1.242753791809082031e+01
1.225133275985717773e+01
1.241999816894531250e+01
1.232934165000915527e+01
1.238886880874633789e+01
1.245402574539184570e+01
1.235902023315429688e+01
1.236146163940429688e+01
1.237884330749511719e+01
1.242143607139587402e+01
1.229352211952209473e+01
1.220356678962707520e+01
1.241426181793212891e+01
1.228710007667541504e+01
1.228845906257629395e+01
1.239337635040283203e+01
1.235526537895202637e+01
1.222081947326660156e+01
1.231232428550720215e+01
1.238682007789611816e+01
1.239431881904602051e+01
1.235077214241027832e+01
1.234168767929077148e+01
1.227662706375122070e+01
1.230256128311157227e+01
1.238056898117065430e+01
1.224959278106689453e+01
1.241365480422973633e+01
1.240385270118713379e+01
1.230424356460571289e+01
1.226434183120727539e+01
1.240850615501403809e+01
1.244150662422180176e+01
1.248447751998901367e+01
1.236177706718444824e+01
1.235677075386047363e+01
1.224632143974304199e+01
1.231048202514648438e+01
1.245527315139770508e+01
1.231861400604248047e+01
1.236259317398071289e+01
1.244791817665100098e+01
1.245841431617736816e+01
1.254161763191223145e+01
1.233575820922851562e+01
1.243355751037597656e+01
1.240391588211059570e+01
1.238103723526000977e+01
1.241562056541442871e+01
1.195268654823303223e+01
1.238755869865417480e+01
1.231987977027893066e+01
1.233852839469909668e+01
1.233778524398803711e+01
1.227778553962707520e+01
1.224751591682434082e+01
1.242813706398010254e+01
1.237680006027221680e+01
1.235509943962097168e+01
1.233218407630920410e+01
1.222358345985412598e+01
1.225043654441833496e+01
1.240192770957946777e+01
1.228957700729370117e+01
1.216290426254272461e+01
1.229700231552124023e+01
1.209636211395263672e+01
1.233083033561706543e+01
1.220670962333679199e+01
1.231366801261901855e+01
1.239291596412658691e+01
1.229783034324645996e+01
1.234225463867187500e+01
1.235776734352111816e+01
1.232866501808166504e+01
1.230255556106567383e+01
1.227296471595764160e+01
1.227109456062316895e+01
1.220740556716918945e+01
1.241875267028808594e+01
1.233052635192871094e+01
1.227323985099792480e+01
1.232310605049133301e+01
1.231455230712890625e+01
1.219336438179016113e+01
1.239750671386718750e+01
1.212199735641479492e+01
1.238598370552062988e+01
1.241179919242858887e+01
1.240264320373535156e+01
1.234767961502075195e+01
1.237219381332397461e+01
1.226479148864746094e+01
1.232420539855957031e+01
1.233823132514953613e+01
1.231921720504760742e+01
1.235301208496093750e+01
1.229970169067382812e+01
1.225721883773803711e+01
1.238883566856384277e+01
1.217337679862976074e+01
1.228583049774169922e+01
1.243748235702514648e+01
1.229735422134399414e+01
1.227315878868103027e+01
1.227426719665527344e+01
1.229798674583435059e+01
1.236863946914672852e+01
1.239800262451171875e+01
1.244046306610107422e+01
1.232041454315185547e+01
1.229077053070068359e+01
1.238834333419799805e+01
1.240796470642089844e+01
1.228744935989379883e+01
1.235132265090942383e+01
1.237740612030029297e+01
1.225056958198547363e+01
1.214671564102172852e+01
1.223727965354919434e+01
1.253629326820373535e+01
1.241354393959045410e+01
1.237715101242065430e+01
1.234137892723083496e+01
1.230264043807983398e+01
1.242484164237976074e+01
1.236980748176574707e+01
1.238115262985229492e+01
1.229002094268798828e+01
1.231256866455078125e+01
1.240776872634887695e+01
