1.280824375152587891e+01
1.181646752357482910e+01
1.204949045181274414e+01
1.243679594993591309e+01
1.182423567771911621e+01
1.170376014709472656e+01
1.239861941337585449e+01
1.244290781021118164e+01
1.223840856552124023e+01
1.206244373321533203e+01
1.251669287681579590e+01
1.196487379074096680e+01
1.208143806457519531e+01
1.207149910926818848e+01
1.207845950126647949e+01
1.221027636528015137e+01
1.203247666358947754e+01
1.267394661903381348e+01
1.187640190124511719e+01
1.244131875038146973e+01
1.279181265830993652e+01
1.197274494171142578e+01
1.186231851577758789e+01
1.182020282745361328e+01
1.303030920028686523e+01
1.188095021247863770e+01
1.195190882682800293e+01
1.282224678993225098e+01
1.237775778770446777e+01
1.199251127243041992e+01
1.215774083137512207e+01
1.214441418647766113e+01
1.229006195068359375e+01
1.203183889389038086e+01
1.176623153686523438e+01
1.220388865470886230e+01
1.267018532752990723e+01
1.236862826347351074e+01
1.202302765846252441e+01
1.213972377777099609e+01
1.197839379310607910e+01
1.199399995803833008e+01
1.215661120414733887e+01
1.269638133049011230e+01
1.220308780670166016e+01
1.225917911529541016e+01
1.225173878669738770e+01
1.251436305046081543e+01
1.279955410957336426e+01
1.264653158187866211e+01
1.262276077270507812e+01
1.228233098983764648e+01
1.214893555641174316e+01
1.221131944656372070e+01
1.218860840797424316e+01
1.194254589080810547e+01
1.237298035621643066e+01
1.235669541358947754e+01
1.207504153251647949e+01
1.268158149719238281e+01
1.255306625366210938e+01
1.207478666305541992e+01
1.186781477928161621e+01
1.240459513664245605e+01
1.235090422630310059e+01
1.223840022087097168e+01
1.210534071922302246e+01
1.193506860733032227e+01
1.210440421104431152e+01
1.222964715957641602e+01
1.185599446296691895e+01
1.222637224197387695e+01
1.219684171676635742e+01
1.230724096298217773e+01
1.276128888130187988e+01
1.248110175132751465e+01
1.235415935516357422e+01
1.191747736930847168e+01
1.265682291984558105e+01
1.190041995048522949e+01
1.184959912300109863e+01
1.207287216186523438e+01
1.241791057586669922e+01
1.216901969909667969e+01
1.222445774078369141e+01
1.191450214385986328e+01
1.212496852874755859e+01
1.253762102127075195e+01
1.221040558815002441e+01
1.218696427345275879e+01
1.219702315330505371e+01
1.196676230430603027e+01
1.216594624519348145e+01
1.205382585525512695e+01
1.226721239089965820e+01
1.206998181343078613e+01
1.227677655220031738e+01
1.264746809005737305e+01
1.206702733039855957e+01
1.226552057266235352e+01
1.259198188781738281e+01
1.215118432044982910e+01
1.213932657241821289e+01
1.214023351669311523e+01
1.252805519104003906e+01
1.238573241233825684e+01
1.242166113853454590e+01
1.225959396362304688e+01
1.245886278152465820e+01
1.205220484733581543e+01
1.225607275962829590e+01
1.222423744201660156e+01
1.263392686843872070e+01
1.218502545356750488e+01
1.198556685447692871e+01
1.266103768348693848e+01
1.248120069503784180e+01
1.253362131118774414e+01
1.170526480674743652e+01
1.217859578132629395e+01
1.193575882911682129e+01
1.220113396644592285e+01
1.211511254310607910e+01
1.210592913627624512e+01
1.189753317832946777e+01
1.268530130386352539e+01
1.210965180397033691e+01
1.225804734230041504e+01
1.223333692550659180e+01
1.183637428283691406e+01
1.211564350128173828e+01
1.195552253723144531e+01
1.207236146926879883e+01
1.183246994018554688e+01
1.196745610237121582e+01
1.264741182327270508e+01
1.199528098106384277e+01
1.239861941337585449e+01
1.185746788978576660e+01
1.276213026046752930e+01
1.200116467475891113e+01
1.252703189849853516e+01
1.252979230880737305e+01
1.208195853233337402e+01
1.203122258186340332e+01
1.139683675765991211e+01
1.211736893653869629e+01
1.192293500900268555e+01
1.191602420806884766e+01
1.222392106056213379e+01
1.201406955718994141e+01
1.179825568199157715e+01
1.192687749862670898e+01
1.159331536293029785e+01
1.217742443084716797e+01
1.193164539337158203e+01
1.187563395500183105e+01
1.213536310195922852e+01
1.209080862998962402e+01
1.262094211578369141e+01
1.198928093910217285e+01
1.257009458541870117e+01
1.263115954399108887e+01
1.268297648429870605e+01
1.255856871604919434e+01
1.260947537422180176e+01
1.204707431793212891e+01
1.191887331008911133e+01
1.254123115539550781e+01
1.218749856948852539e+01
1.187917900085449219e+01
1.221186017990112305e+01
1.198289513587951660e+01
1.262194108963012695e+01
1.178724884986877441e+01
1.189901828765869141e+01
1.203271484375000000e+01
1.213955092430114746e+01
1.231091856956481934e+01
1.200824236869812012e+01
1.216337203979492188e+01
1.205169010162353516e+01
1.255954027175903320e+01
1.213246011734008789e+01
1.253901600837707520e+01
1.269075584411621094e+01
1.201369524002075195e+01
1.196986222267150879e+01
1.226153969764709473e+01
1.263801455497741699e+01
1.241771292686462402e+01
1.213839745521545410e+01
1.214766407012939453e+01
1.230122709274291992e+01
1.224725508689880371e+01
1.226897478103637695e+01
1.221044588088989258e+01
1.180225110054016113e+01
1.227183198928833008e+01
1.219516324996948242e+01
