1.262548089027404785e+01
1.223384547233581543e+01
1.219011259078979492e+01
1.228240442276000977e+01
1.211354327201843262e+01
1.214357900619506836e+01
1.230540180206298828e+01
1.230102729797363281e+01
1.237772536277770996e+01
1.218574285507202148e+01
1.224328470230102539e+01
1.236782836914062500e+01
1.223409271240234375e+01
1.231277012825012207e+01
1.233828115463256836e+01
1.229768061637878418e+01
1.229277539253234863e+01
1.230642628669738770e+01
1.227421832084655762e+01
1.229123806953430176e+01
1.237974596023559570e+01
1.238427758216857910e+01
1.226443815231323242e+01
1.227706146240234375e+01
1.234432983398437500e+01
1.218221759796142578e+01
1.229414153099060059e+01
1.236816477775573730e+01
1.234732031822204590e+01
1.237788558006286621e+01
1.234924197196960449e+01
1.209664011001586914e+01
1.238916730880737305e+01
1.237010216712951660e+01
1.200023627281188965e+01
1.240094113349914551e+01
1.224374437332153320e+01
1.238582301139831543e+01
1.231995558738708496e+01
1.234633922576904297e+01
1.233135247230529785e+01
1.234761381149291992e+01
1.229248118400573730e+01
1.242356204986572266e+01
1.233937740325927734e+01
1.244483256340026855e+01
1.240028953552246094e+01
1.231767630577087402e+01
1.224112820625305176e+01
1.230983424186706543e+01
1.236081457138061523e+01
1.232861733436584473e+01
1.244827127456665039e+01
1.242580914497375488e+01
1.231873989105224609e+01
1.228537297248840332e+01
1.231146216392517090e+01
1.226801156997680664e+01
1.228026723861694336e+01
1.230613374710083008e+01
1.237774658203125000e+01
1.228670930862426758e+01
1.227608513832092285e+01
1.232637572288513184e+01
1.231394839286804199e+01
1.232590889930725098e+01
1.229959082603454590e+01
1.232985758781433105e+01
1.245283412933349609e+01
1.239788413047790527e+01
1.228727531433105469e+01
1.240693211555480957e+01
1.243873333930969238e+01
1.241583871841430664e+01
1.232684898376464844e+01
1.236932539939880371e+01
1.225819802284240723e+01
1.238918757438659668e+01
1.231808233261108398e+01
1.220886778831481934e+01
1.227456951141357422e+01
1.244314050674438477e+01
1.224030733108520508e+01
1.226001930236816406e+01
1.238571405410766602e+01
1.231875801086425781e+01
1.226366305351257324e+01
1.234606790542602539e+01
1.234218478202819824e+01
1.239793705940246582e+01
1.233671975135803223e+01
1.225151348114013672e+01
1.219203257560729980e+01
1.223951721191406250e+01
1.235610723495483398e+01
1.227272939682006836e+01
1.243644499778747559e+01
1.240156292915344238e+01
1.231691837310791016e+01
1.224217271804809570e+01
1.238469004631042480e+01
1.241834473609924316e+01
1.239166402816772461e+01
1.242741560935974121e+01
1.236706995964050293e+01
1.219032001495361328e+01
1.237481331825256348e+01
1.246550488471984863e+01
1.236897802352905273e+01
1.237461900711059570e+01
1.237076091766357422e+01
1.239459276199340820e+01
1.240000867843627930e+01
1.226105904579162598e+01
1.239504837989807129e+01
1.235062527656555176e+01
1.236872744560241699e+01
1.240815591812133789e+01
1.203122305870056152e+01
1.239194154739379883e+01
1.232970452308654785e+01
1.239324283599853516e+01
1.237920188903808594e+01
1.225954413414001465e+01
1.223314404487609863e+01
1.242789602279663086e+01
1.233182287216186523e+01
1.234811091423034668e+01
1.237978839874267578e+01
1.218009161949157715e+01
1.214372539520263672e+01
1.241288113594055176e+01
1.224048423767089844e+01
1.224205780029296875e+01
1.222862839698791504e+01
1.205816292762756348e+01
1.231030392646789551e+01
1.230706524848937988e+01
1.233709454536437988e+01
1.241274404525756836e+01
1.222777009010314941e+01
1.232109260559082031e+01
1.226705527305603027e+01
1.237437891960144043e+01
1.232906556129455566e+01
1.218783330917358398e+01
1.227905607223510742e+01
1.221536827087402344e+01
1.231167435646057129e+01
1.236444950103759766e+01
1.229722690582275391e+01
1.233780837059020996e+01
1.223560595512390137e+01
1.216809058189392090e+01
1.237529063224792480e+01
1.217588829994201660e+01
1.234978199005126953e+01
1.239544320106506348e+01
1.232725024223327637e+01
1.234836006164550781e+01
1.238788127899169922e+01
1.224987077713012695e+01
1.226156282424926758e+01
1.233320116996765137e+01
1.237460064888000488e+01
1.222200727462768555e+01
1.224777674674987793e+01
1.215300440788269043e+01
1.234070324897766113e+01
1.215217041969299316e+01
1.230546116828918457e+01
1.240955615043640137e+01
1.232550835609436035e+01
1.232535219192504883e+01
1.224449539184570312e+01
1.227833724021911621e+01
1.230211067199707031e+01
1.238677024841308594e+01
1.238687229156494141e+01
1.238767004013061523e+01
1.237031364440917969e+01
1.224748301506042480e+01
1.236188483238220215e+01
1.225689244270324707e+01
1.241064953804016113e+01
1.237709641456604004e+01
1.224480175971984863e+01
1.226506423950195312e+01
1.232861518859863281e+01
1.234949731826782227e+01
1.242279005050659180e+01
1.236773443222045898e+01
1.233279943466186523e+01
1.231243038177490234e+01
1.234958195686340332e+01
1.232458877563476562e+01
1.235834741592407227e+01
1.235400962829589844e+01
1.233235669136047363e+01
1.234580659866333008e+01
