2.071881294250488281e-01
2.373456954956054688e-01
2.405316829681396484e-01
2.347323894500732422e-01
2.533297538757324219e-01
2.293102741241455078e-01
2.279336452484130859e-01
2.680480480194091797e-01
2.385656833648681641e-01
1.934509277343750000e-01
2.482340335845947266e-01
2.789616584777832031e-01
2.848854064941406250e-01
2.510013580322265625e-01
2.676384449005126953e-01
2.483406066894531250e-01
2.290391921997070312e-01
2.441389560699462891e-01
1.991882324218750000e-01
2.400326728820800781e-01
2.806782722473144531e-01
2.369098663330078125e-01
2.236318588256835938e-01
2.042446136474609375e-01
2.689602375030517578e-01
1.939306259155273438e-01
2.408468723297119141e-01
2.784554958343505859e-01
2.270355224609375000e-01
2.665131092071533203e-01
2.119071483612060547e-01
1.823928356170654297e-01
2.472853660583496094e-01
2.296519279479980469e-01
2.040481567382812500e-01
2.142527103424072266e-01
2.709808349609375000e-01
2.081336975097656250e-01
1.943533420562744141e-01
2.555019855499267578e-01
2.094233036041259766e-01
2.259194850921630859e-01
2.044320106506347656e-01
2.671396732330322266e-01
2.432572841644287109e-01
2.448937892913818359e-01
2.552649974822998047e-01
2.029652595520019531e-01
2.143583297729492188e-01
2.246785163879394531e-01
2.109310626983642578e-01
2.261104583740234375e-01
2.243471145629882812e-01
2.527561187744140625e-01
2.422459125518798828e-01
2.137191295623779297e-01
1.811778545379638672e-01
2.089836597442626953e-01
2.227649688720703125e-01
2.172470092773437500e-01
2.548425197601318359e-01
2.417118549346923828e-01
2.008736133575439453e-01
1.857039928436279297e-01
2.233383655548095703e-01
2.323601245880126953e-01
2.196183204650878906e-01
1.925537586212158203e-01
2.255899906158447266e-01
2.334339618682861328e-01
2.203366756439208984e-01
2.402968406677246094e-01
2.361314296722412109e-01
2.243618965148925781e-01
2.742319107055664062e-01
2.133641242980957031e-01
2.173192501068115234e-01
2.331953048706054688e-01
2.392334938049316406e-01
1.918826103210449219e-01
1.868140697479248047e-01
2.232210636138916016e-01
2.001814842224121094e-01
2.061562538146972656e-01
2.294895648956298828e-01
1.908836364746093750e-01
1.978821754455566406e-01
2.056388854980468750e-01
2.200241088867187500e-01
2.349116802215576172e-01
1.928758621215820312e-01
2.067048549652099609e-01
2.154102325439453125e-01
2.279081344604492188e-01
2.208976745605468750e-01
1.730053424835205078e-01
2.306749820709228516e-01
2.465136051177978516e-01
2.467775344848632812e-01
2.413592338562011719e-01
2.142608165740966797e-01
2.438170909881591797e-01
2.511768341064453125e-01
2.399852275848388672e-01
2.397484779357910156e-01
2.133088111877441406e-01
2.253139019012451172e-01
2.390580177307128906e-01
2.221639156341552734e-01
2.672002315521240234e-01
2.313454151153564453e-01
2.268483638763427734e-01
2.199141979217529297e-01
2.277760505676269531e-01
2.416350841522216797e-01
2.411763668060302734e-01
2.013783454895019531e-01
2.081336975097656250e-01
1.738312244415283203e-01
2.406303882598876953e-01
2.351963520050048828e-01
2.146689891815185547e-01
2.130131721496582031e-01
2.607038021087646484e-01
1.699762344360351562e-01
2.402837276458740234e-01
2.128596305847167969e-01
2.413949966430664062e-01
2.145457267761230469e-01
1.769599914550781250e-01
2.598371505737304688e-01
2.335004806518554688e-01
2.024834156036376953e-01
2.046630382537841797e-01
2.310619354248046875e-01
2.255899906158447266e-01
2.362861633300781250e-01
2.178211212158203125e-01
2.138905525207519531e-01
2.771830558776855469e-01
2.090747356414794922e-01
2.166492938995361328e-01
2.109606266021728516e-01
2.294995784759521484e-01
2.223637104034423828e-01
1.493215560913085938e-01
2.009809017181396484e-01
2.357804775238037109e-01
2.469000816345214844e-01
2.625031471252441406e-01
2.250897884368896484e-01
1.902198791503906250e-01
1.846508979797363281e-01
1.854531764984130859e-01
2.674624919891357422e-01
2.247877120971679688e-01
1.935541629791259766e-01
2.416212558746337891e-01
2.129135131835937500e-01
2.426598072052001953e-01
2.227289676666259766e-01
2.396466732025146484e-01
2.272019386291503906e-01
2.248580455780029297e-01
2.352499961853027344e-01
2.211060523986816406e-01
2.143554687500000000e-01
2.044298648834228516e-01
2.303955554962158203e-01
2.401673793792724609e-01
2.157156467437744141e-01
2.842516899108886719e-01
1.934759616851806641e-01
2.253248691558837891e-01
1.994748115539550781e-01
2.181999683380126953e-01
2.524659633636474609e-01
2.403740882873535156e-01
2.845778465270996094e-01
1.944546699523925781e-01
2.553205490112304688e-01
2.390372753143310547e-01
2.451531887054443359e-01
2.358767986297607422e-01
2.115905284881591797e-01
2.391209602355957031e-01
2.153534889221191406e-01
2.145841121673583984e-01
2.136001586914062500e-01
2.086324691772460938e-01
2.150769233703613281e-01
2.403502464294433594e-01
2.389395236968994141e-01
2.117412090301513672e-01
2.582404613494873047e-01
2.440555095672607422e-01
2.493686676025390625e-01
1.799597740173339844e-01
2.516815662384033203e-01
2.337834835052490234e-01
