1.000000000000000000e+01
1.001999950408935547e+01
1.006999969482421875e+01
9.769999504089355469e+00
1.175999927520751953e+01
1.017000007629394531e+01
1.009000015258789062e+01
9.519999504089355469e+00
1.157999992370605469e+01
1.009000015258789062e+01
1.077999973297119141e+01
1.011999988555908203e+01
9.619999885559082031e+00
1.003999996185302734e+01
9.819999694824218750e+00
1.017000007629394531e+01
9.920000076293945312e+00
1.025999927520751953e+01
1.026999950408935547e+01
9.519999504089355469e+00
1.017000007629394531e+01
1.000000000000000000e+01
1.047999954223632812e+01
1.030000019073486328e+01
1.113000011444091797e+01
9.789999961853027344e+00
1.010999965667724609e+01
9.929999351501464844e+00
9.869999885559082031e+00
1.014999961853027344e+01
9.989999771118164062e+00
9.739999771118164062e+00
1.072999954223632812e+01
9.229999542236328125e+00
1.092000007629394531e+01
9.920000076293945312e+00
1.154999923706054688e+01
9.939999580383300781e+00
1.002999973297119141e+01
1.075000000000000000e+01
1.000999927520751953e+01
1.167000007629394531e+01
9.609999656677246094e+00
9.939999580383300781e+00
1.005999946594238281e+01
1.000000000000000000e+01
1.000000000000000000e+01
1.117000007629394531e+01
1.002999973297119141e+01
1.122999954223632812e+01
1.026999950408935547e+01
1.009999942779541016e+01
1.000000000000000000e+01
1.001999950408935547e+01
1.034000015258789062e+01
1.031999969482421875e+01
1.063000011444091797e+01
1.081999969482421875e+01
1.000000000000000000e+01
9.989999771118164062e+00
1.000000000000000000e+01
1.030000019073486328e+01
8.859999656677246094e+00
1.279999923706054688e+01
1.100999927520751953e+01
9.960000038146972656e+00
1.050999927520751953e+01
1.001999950408935547e+01
1.096999931335449219e+01
1.232999992370605469e+01
1.021000003814697266e+01
1.022999954223632812e+01
1.003999996185302734e+01
1.013999938964843750e+01
1.051999950408935547e+01
1.011999988555908203e+01
1.003999996185302734e+01
1.006999969482421875e+01
1.038999938964843750e+01
9.979999542236328125e+00
1.009999942779541016e+01
1.000000000000000000e+01
1.052999973297119141e+01
9.269999504089355469e+00
1.057999992370605469e+01
1.043999958038330078e+01
1.102999973297119141e+01
1.031999969482421875e+01
9.840000152587890625e+00
1.125000000000000000e+01
1.088999938964843750e+01
1.111999988555908203e+01
9.510000228881835938e+00
1.150000000000000000e+01
9.920000076293945312e+00
1.006999969482421875e+01
1.150000000000000000e+01
9.510000228881835938e+00
1.050000000000000000e+01
1.002999973297119141e+01
1.018999958038330078e+01
1.109999942779541016e+01
1.093999958038330078e+01
1.161999988555908203e+01
1.179999923706054688e+01
1.171000003814697266e+01
1.167000007629394531e+01
1.289999961853027344e+01
1.333999919891357422e+01
1.296999931335449219e+01
1.303999996185302734e+01
1.271999931335449219e+01
1.334999942779541016e+01
1.201999950408935547e+01
1.325000000000000000e+01
1.443999958038330078e+01
1.514999961853027344e+01
1.414999961853027344e+01
1.448999977111816406e+01
1.553999996185302734e+01
1.594999980926513672e+01
1.477999973297119141e+01
1.557999992370605469e+01
1.621999931335449219e+01
1.656999969482421875e+01
1.594999980926513672e+01
1.755999946594238281e+01
1.802999877929687500e+01
1.589999961853027344e+01
1.578999996185302734e+01
1.813999938964843750e+01
1.813999938964843750e+01
1.862999916076660156e+01
1.777000045776367188e+01
1.927000045776367188e+01
1.607999992370605469e+01
2.054999923706054688e+01
1.986999893188476562e+01
1.973999977111816406e+01
2.021999931335449219e+01
2.000000000000000000e+01
2.106999969482421875e+01
2.078999900817871094e+01
1.989999961853027344e+01
2.069999885559082031e+01
1.876000022888183594e+01
2.035999870300292969e+01
2.109000015258789062e+01
2.047999954223632812e+01
2.061999893188476562e+01
2.260999870300292969e+01
2.267000007629394531e+01
2.276000022888183594e+01
2.275000000000000000e+01
2.275000000000000000e+01
2.276000022888183594e+01
2.231999969482421875e+01
2.254999923706054688e+01
2.277999877929687500e+01
2.198999977111816406e+01
2.243999862670898438e+01
2.222999954223632812e+01
2.247999954223632812e+01
2.286999893188476562e+01
2.282999992370605469e+01
2.243999862670898438e+01
2.260999870300292969e+01
2.225000000000000000e+01
2.268999862670898438e+01
2.282999992370605469e+01
2.330999946594238281e+01
2.328999900817871094e+01
2.275000000000000000e+01
2.304999923706054688e+01
2.327999877929687500e+01
2.322999954223632812e+01
2.323999977111816406e+01
2.351999855041503906e+01
2.353999900817871094e+01
2.305999946594238281e+01
2.332999992370605469e+01
2.342000007629394531e+01
2.313999938964843750e+01
2.384000015258789062e+01
2.356999969482421875e+01
2.329999923706054688e+01
2.337999916076660156e+01
2.326000022888183594e+01
2.318000030517578125e+01
2.370999908447265625e+01
2.409000015258789062e+01
2.382999992370605469e+01
2.394999885559082031e+01
2.372999954223632812e+01
2.365999984741210938e+01
2.364999961853027344e+01
2.394999885559082031e+01
2.393999862670898438e+01
2.387999916076660156e+01
2.368999862670898438e+01
