1.274260282516479492e+01
1.205581331253051758e+01
1.219678258895874023e+01
1.214131379127502441e+01
1.205186104774475098e+01
1.214927721023559570e+01
1.215484333038330078e+01
1.225447320938110352e+01
1.228984069824218750e+01
1.201695847511291504e+01
1.221275496482849121e+01
1.227683258056640625e+01
1.214359974861145020e+01
1.231700992584228516e+01
1.221664381027221680e+01
1.229127764701843262e+01
1.227854609489440918e+01
1.237924957275390625e+01
1.209546422958374023e+01
1.223442125320434570e+01
1.236142039299011230e+01
1.231170797348022461e+01
1.209131050109863281e+01
1.213023853302001953e+01
1.221508979797363281e+01
1.208591413497924805e+01
1.218790054321289062e+01
1.242296648025512695e+01
1.228744411468505859e+01
1.229954504966735840e+01
1.229059147834777832e+01
1.211404943466186523e+01
1.236262011528015137e+01
1.224284625053405762e+01
1.210403537750244141e+01
1.226596498489379883e+01
1.208410120010375977e+01
1.223013973236083984e+01
1.217423510551452637e+01
1.231345748901367188e+01
1.235685348510742188e+01
1.227413129806518555e+01
1.236984562873840332e+01
1.229983329772949219e+01
1.227612781524658203e+01
1.232697677612304688e+01
1.231497240066528320e+01
1.228071403503417969e+01
1.231487774848937988e+01
1.232581138610839844e+01
1.219147372245788574e+01
1.236053776741027832e+01
1.227365374565124512e+01
1.233598256111145020e+01
1.208748006820678711e+01
1.219588422775268555e+01
1.227142477035522461e+01
1.228087282180786133e+01
1.216512537002563477e+01
1.231289625167846680e+01
1.233441352844238281e+01
1.200164794921875000e+01
1.226440739631652832e+01
1.211374020576477051e+01
1.215456151962280273e+01
1.225781726837158203e+01
1.218368625640869141e+01
1.221022081375122070e+01
1.224346494674682617e+01
1.236624097824096680e+01
1.210772514343261719e+01
1.228385448455810547e+01
1.236686801910400391e+01
1.230146884918212891e+01
1.236428952217102051e+01
1.224743485450744629e+01
1.188244581222534180e+01
1.225722813606262207e+01
1.234653759002685547e+01
1.209367275238037109e+01
1.213979768753051758e+01
1.223509740829467773e+01
1.202397203445434570e+01
1.220218276977539062e+01
1.224437713623046875e+01
1.217022085189819336e+01
1.215730953216552734e+01
1.227077388763427734e+01
1.235195708274841309e+01
1.234664058685302734e+01
1.222973203659057617e+01
1.225809097290039062e+01
1.226629638671875000e+01
1.227787351608276367e+01
1.214888095855712891e+01
1.209500932693481445e+01
1.228423786163330078e+01
1.233916187286376953e+01
1.221326971054077148e+01
1.223620128631591797e+01
1.232454776763916016e+01
1.237683510780334473e+01
1.228858113288879395e+01
1.235996246337890625e+01
1.214804005622863770e+01
1.213534665107727051e+01
1.228544974327087402e+01
1.236703991889953613e+01
1.211554121971130371e+01
1.227425050735473633e+01
1.230606150627136230e+01
1.230716919898986816e+01
1.223442029953002930e+01
1.226869630813598633e+01
1.235863471031188965e+01
1.241188788414001465e+01
1.217780780792236328e+01
1.225156116485595703e+01
1.217296671867370605e+01
1.238449048995971680e+01
1.226798176765441895e+01
1.221889257431030273e+01
1.227006745338439941e+01
1.217163038253784180e+01
1.218513536453247070e+01
1.233392143249511719e+01
1.227551150321960449e+01
1.218822360038757324e+01
1.223723244667053223e+01
1.213690829277038574e+01
1.207797694206237793e+01
1.234214830398559570e+01
1.221922278404235840e+01
1.217023754119873047e+01
1.214840555191040039e+01
1.198774814605712891e+01
1.234589791297912598e+01
1.213422632217407227e+01
1.231720542907714844e+01
1.229423117637634277e+01
1.226713705062866211e+01
1.234358096122741699e+01
1.224228930473327637e+01
1.230430078506469727e+01
1.238773632049560547e+01
1.194043827056884766e+01
1.225664067268371582e+01
1.220407795906066895e+01
1.223516201972961426e+01
1.222615671157836914e+01
1.232194042205810547e+01
1.203414964675903320e+01
1.220824575424194336e+01
1.245657920837402344e+01
1.231187200546264648e+01
1.206835508346557617e+01
1.219933819770812988e+01
1.230944252014160156e+01
1.221132922172546387e+01
1.242387080192565918e+01
1.221784138679504395e+01
1.218428206443786621e+01
1.226380991935729980e+01
1.232420110702514648e+01
1.211198282241821289e+01
1.221413493156433105e+01
1.195886754989624023e+01
1.231204819679260254e+01
1.193464517593383789e+01
1.204928207397460938e+01
1.219594192504882812e+01
1.236539030075073242e+01
1.218680739402770996e+01
1.233655858039855957e+01
1.182372450828552246e+01
1.233789634704589844e+01
1.213438582420349121e+01
1.228032374382019043e+01
1.225944423675537109e+01
1.226601505279541016e+01
1.228919386863708496e+01
1.227213835716247559e+01
1.234022688865661621e+01
1.205926132202148438e+01
1.231367397308349609e+01
1.228652453422546387e+01
1.214786887168884277e+01
1.226807689666748047e+01
1.216634082794189453e+01
1.218314313888549805e+01
1.217834067344665527e+01
1.226479792594909668e+01
1.226051235198974609e+01
1.198514199256896973e+01
1.234606552124023438e+01
1.229212522506713867e+01
1.219396352767944336e+01
1.223617124557495117e+01
1.218303418159484863e+01
1.199788427352905273e+01
