1.276889061927795410e+01
1.218484592437744141e+01
1.226052117347717285e+01
1.224819707870483398e+01
1.213410067558288574e+01
1.211569547653198242e+01
1.218284320831298828e+01
1.221913933753967285e+01
1.213643693923950195e+01
1.203534531593322754e+01
1.231531000137329102e+01
1.230789017677307129e+01
1.217287588119506836e+01
1.221294522285461426e+01
1.228616523742675781e+01
1.240136146545410156e+01
1.217144298553466797e+01
1.223783969879150391e+01
1.236506175994873047e+01
1.204172182083129883e+01
1.238632488250732422e+01
1.218473768234252930e+01
1.213874578475952148e+01
1.219573354721069336e+01
1.211608052253723145e+01
1.193660688400268555e+01
1.225412321090698242e+01
1.220302557945251465e+01
1.205290746688842773e+01
1.226703810691833496e+01
1.215300130844116211e+01
1.202666664123535156e+01
1.238030433654785156e+01
1.223539614677429199e+01
1.212263584136962891e+01
1.223907017707824707e+01
1.221583247184753418e+01
1.219652485847473145e+01
1.223404645919799805e+01
1.239275169372558594e+01
1.221198153495788574e+01
1.224644231796264648e+01
1.219001102447509766e+01
1.227479052543640137e+01
1.225771141052246094e+01
1.227172827720642090e+01
1.232654476165771484e+01
1.240720558166503906e+01
1.204117178916931152e+01
1.223803567886352539e+01
1.224264001846313477e+01
1.231072998046875000e+01
1.225654959678649902e+01
1.219509768486022949e+01
1.228665232658386230e+01
1.207332515716552734e+01
1.213599634170532227e+01
1.211088538169860840e+01
1.212003517150878906e+01
1.233778500556945801e+01
1.226361179351806641e+01
1.219733881950378418e+01
1.203450679779052734e+01
1.207733678817749023e+01
1.229083156585693359e+01
1.231513524055480957e+01
1.212785029411315918e+01
1.220969796180725098e+01
1.206649589538574219e+01
1.237149071693420410e+01
1.196512031555175781e+01
1.216932654380798340e+01
1.223167967796325684e+01
1.228523612022399902e+01
1.229250574111938477e+01
1.220703244209289551e+01
1.212019515037536621e+01
1.205092787742614746e+01
1.226558971405029297e+01
1.206647706031799316e+01
1.206246805191040039e+01
1.226710414886474609e+01
1.224397826194763184e+01
1.221345353126525879e+01
1.223201823234558105e+01
1.200389242172241211e+01
1.213788914680480957e+01
1.214445924758911133e+01
1.228059625625610352e+01
1.234149551391601562e+01
1.222803187370300293e+01
1.215156292915344238e+01
1.211963605880737305e+01
1.218300127983093262e+01
1.231175255775451660e+01
1.202914047241210938e+01
1.234741234779357910e+01
1.241374778747558594e+01
1.223339080810546875e+01
1.225091481208801270e+01
1.231866121292114258e+01
1.226619076728820801e+01
1.228153777122497559e+01
1.229163360595703125e+01
1.222384858131408691e+01
1.208612728118896484e+01
1.233776164054870605e+01
1.223306822776794434e+01
1.231206679344177246e+01
1.222473120689392090e+01
1.223041892051696777e+01
1.222908663749694824e+01
1.225783467292785645e+01
1.226471185684204102e+01
1.221256613731384277e+01
1.226661276817321777e+01
1.206141448020935059e+01
1.222128415107727051e+01
1.185937190055847168e+01
1.222901320457458496e+01
1.216232419013977051e+01
1.215577578544616699e+01
1.233266568183898926e+01
1.220194053649902344e+01
1.214927625656127930e+01
1.224474644660949707e+01
1.216105556488037109e+01
1.228231644630432129e+01
1.222171092033386230e+01
1.226774978637695312e+01
1.222413825988769531e+01
1.223707985877990723e+01
1.224975395202636719e+01
1.189895105361938477e+01
1.215809774398803711e+01
1.215187525749206543e+01
1.215788555145263672e+01
1.210507702827453613e+01
1.227469944953918457e+01
1.228752231597900391e+01
1.217467141151428223e+01
1.225165081024169922e+01
1.222297906875610352e+01
1.207481718063354492e+01
1.216449475288391113e+01
1.219724941253662109e+01
1.220159387588500977e+01
1.216231036186218262e+01
1.219839549064636230e+01
1.226114630699157715e+01
1.224167513847351074e+01
1.229380083084106445e+01
1.227282595634460449e+01
1.214643692970275879e+01
1.228161859512329102e+01
1.184758400917053223e+01
1.217557668685913086e+01
1.220525097846984863e+01
1.229925918579101562e+01
1.225876164436340332e+01
1.224500131607055664e+01
1.219638991355895996e+01
1.232739424705505371e+01
1.231142854690551758e+01
1.204611515998840332e+01
1.232032775878906250e+01
1.203465104103088379e+01
1.205903601646423340e+01
1.216721487045288086e+01
1.203438067436218262e+01
1.227065396308898926e+01
1.229517602920532227e+01
1.216946077346801758e+01
1.229305768013000488e+01
1.198460769653320312e+01
1.211524748802185059e+01
1.225223827362060547e+01
1.221466279029846191e+01
1.230309796333312988e+01
1.222724580764770508e+01
1.213459062576293945e+01
1.219280695915222168e+01
1.225003933906555176e+01
1.218927860260009766e+01
1.227891874313354492e+01
1.228232264518737793e+01
1.218049788475036621e+01
1.232995772361755371e+01
1.228177094459533691e+01
1.220949459075927734e+01
1.213141822814941406e+01
1.223995828628540039e+01
1.226023364067077637e+01
1.215775537490844727e+01
1.224101805686950684e+01
1.230898261070251465e+01
1.210688686370849609e+01
1.200526928901672363e+01
1.215562033653259277e+01
1.194650125503540039e+01
