1.296307253837585449e+01
1.235515046119689941e+01
1.249610471725463867e+01
1.228169512748718262e+01
1.229892110824584961e+01
1.241724205017089844e+01
1.245769834518432617e+01
1.255103492736816406e+01
1.250320672988891602e+01
1.213612341880798340e+01
1.245953440666198730e+01
1.250647354125976562e+01
1.257098078727722168e+01
1.271277403831481934e+01
1.255700802803039551e+01
1.264665794372558594e+01
1.251688623428344727e+01
1.259029054641723633e+01
1.226856875419616699e+01
1.251492524147033691e+01
1.264132452011108398e+01
1.251866841316223145e+01
1.230885195732116699e+01
1.231391739845275879e+01
1.249941921234130859e+01
1.226453828811645508e+01
1.241474413871765137e+01
1.259174871444702148e+01
1.240033745765686035e+01
1.259827542304992676e+01
1.233041214942932129e+01
1.233295869827270508e+01
1.253147530555725098e+01
1.258763003349304199e+01
1.233540916442871094e+01
1.249680829048156738e+01
1.246247577667236328e+01
1.244938802719116211e+01
1.243508887290954590e+01
1.251191568374633789e+01
1.247101497650146484e+01
1.252241563796997070e+01
1.239138174057006836e+01
1.262778806686401367e+01
1.248806452751159668e+01
1.258149600028991699e+01
1.260564136505126953e+01
1.251738071441650391e+01
1.261638426780700684e+01
1.249351119995117188e+01
1.251984953880310059e+01
1.257838487625122070e+01
1.261689662933349609e+01
1.250490355491638184e+01
1.257436871528625488e+01
1.243475842475891113e+01
1.241567158699035645e+01
1.246700811386108398e+01
1.245695877075195312e+01
1.248617720603942871e+01
1.258454799652099609e+01
1.237197804450988770e+01
1.256916856765747070e+01
1.219438457489013672e+01
1.221622061729431152e+01
1.238913750648498535e+01
1.244827151298522949e+01
1.252367734909057617e+01
1.246053600311279297e+01
1.255564570426940918e+01
1.222744989395141602e+01
1.250038552284240723e+01
1.254392719268798828e+01
1.267357349395751953e+01
1.252290773391723633e+01
1.245796442031860352e+01
1.216964077949523926e+01
1.246105337142944336e+01
1.256079578399658203e+01
1.223591756820678711e+01
1.235186195373535156e+01
1.239108943939208984e+01
1.226164698600769043e+01
1.249641418457031250e+01
1.260358166694641113e+01
1.223726868629455566e+01
1.250511622428894043e+01
1.249674391746520996e+01
1.251863121986389160e+01
1.253145027160644531e+01
1.251022386550903320e+01
1.241329240798950195e+01
1.245918321609497070e+01
1.260524106025695801e+01
1.258769512176513672e+01
1.224381113052368164e+01
1.260960769653320312e+01
1.264857125282287598e+01
1.251787924766540527e+01
1.246458935737609863e+01
1.252852511405944824e+01
1.252478313446044922e+01
1.253439140319824219e+01
1.255833220481872559e+01
1.247688341140747070e+01
1.230203676223754883e+01
1.255243897438049316e+01
1.266695928573608398e+01
1.241701364517211914e+01
1.265314865112304688e+01
1.265433216094970703e+01
1.263115453720092773e+01
1.263721442222595215e+01
1.242875719070434570e+01
1.256401896476745605e+01
1.257586026191711426e+01
1.250710034370422363e+01
1.241833925247192383e+01
1.223942279815673828e+01
1.265144872665405273e+01
1.251342511177062988e+01
1.255946159362792969e+01
1.244112801551818848e+01
1.245929813385009766e+01
1.239746880531311035e+01
1.257009458541870117e+01
1.254454898834228516e+01
1.246197772026062012e+01
1.255282950401306152e+01
1.231807756423950195e+01
1.239926552772521973e+01
1.255277800559997559e+01
1.244965505599975586e+01
1.247753930091857910e+01
1.239982295036315918e+01
1.232154893875122070e+01
1.253730130195617676e+01
1.241577148437500000e+01
1.266274094581604004e+01
1.256548500061035156e+01
1.249019360542297363e+01
1.260309863090515137e+01
1.250150728225708008e+01
1.237535786628723145e+01
1.243544697761535645e+01
1.220235514640808105e+01
1.256606364250183105e+01
1.248111462593078613e+01
1.257587957382202148e+01
1.260629057884216309e+01
1.250508332252502441e+01
1.228449654579162598e+01
1.242848205566406250e+01
1.252952647209167480e+01
1.266655683517456055e+01
1.246698784828186035e+01
1.241276025772094727e+01
1.254722619056701660e+01
1.252874660491943359e+01
1.253988003730773926e+01
1.243898653984069824e+01
1.244914698600769043e+01
1.252900266647338867e+01
1.249263548851013184e+01
1.243419504165649414e+01
1.246861767768859863e+01
1.242850637435913086e+01
1.247778201103210449e+01
1.238140964508056641e+01
1.238612413406372070e+01
1.247380208969116211e+01
1.261564874649047852e+01
1.238246083259582520e+01
1.260201120376586914e+01
1.211592578887939453e+01
1.254528450965881348e+01
1.249669718742370605e+01
1.248810768127441406e+01
1.269203901290893555e+01
1.254454374313354492e+01
1.239355587959289551e+01
1.253842973709106445e+01
1.266330146789550781e+01
1.235307312011718750e+01
1.257131481170654297e+01
1.258421659469604492e+01
1.236343216896057129e+01
1.258150005340576172e+01
1.254584932327270508e+01
1.246307849884033203e+01
1.237633895874023438e+01
1.263137674331665039e+01
1.250231289863586426e+01
1.237855195999145508e+01
1.249971079826354980e+01
1.257747554779052734e+01
1.241679906845092773e+01
1.237008571624755859e+01
1.247956705093383789e+01
1.252863001823425293e+01
