2.267218947410583496e+01
2.227587318420410156e+01
2.216913700103759766e+01
2.252502489089965820e+01
2.270980072021484375e+01
2.231123661994934082e+01
2.214459466934204102e+01
2.230551052093505859e+01
2.256004643440246582e+01
2.236614155769348145e+01
2.237844848632812500e+01
2.235325884819030762e+01
2.241411185264587402e+01
2.282209444046020508e+01
2.261461305618286133e+01
2.248377871513366699e+01
2.215846347808837891e+01
2.245792388916015625e+01
2.262061333656311035e+01
2.264842724800109863e+01
2.294428229331970215e+01
2.231339478492736816e+01
2.265103006362915039e+01
2.224780035018920898e+01
2.242221522331237793e+01
2.238458085060119629e+01
2.226972532272338867e+01
2.266410470008850098e+01
2.241883492469787598e+01
2.285332322120666504e+01
2.264942574501037598e+01
2.186592578887939453e+01
2.244701051712036133e+01
2.221899247169494629e+01
2.270889806747436523e+01
2.241962432861328125e+01
2.261534595489501953e+01
2.243529534339904785e+01
2.267433953285217285e+01
2.279057574272155762e+01
2.257485032081604004e+01
2.278124809265136719e+01
2.218145203590393066e+01
2.298619389533996582e+01
2.244962215423583984e+01
2.251465916633605957e+01
2.246285057067871094e+01
2.247934579849243164e+01
2.219885706901550293e+01
2.257444453239440918e+01
2.232978105545043945e+01
2.263160896301269531e+01
2.232054495811462402e+01
2.232944941520690918e+01
2.231347918510437012e+01
2.262652635574340820e+01
2.227713012695312500e+01
2.240540504455566406e+01
2.215221714973449707e+01
2.256163311004638672e+01
2.251413464546203613e+01
2.238239502906799316e+01
2.244023036956787109e+01
2.232573246955871582e+01
2.241562294960021973e+01
2.271623492240905762e+01
2.275685763359069824e+01
2.273179006576538086e+01
2.235471415519714355e+01
2.243330192565917969e+01
2.205859780311584473e+01
2.252523016929626465e+01
2.276872301101684570e+01
2.242404055595397949e+01
2.259734034538269043e+01
2.230154180526733398e+01
2.193860483169555664e+01
2.226174378395080566e+01
2.237130928039550781e+01
2.198604297637939453e+01
2.269586586952209473e+01
2.221713566780090332e+01
2.268044257164001465e+01
2.237647938728332520e+01
2.284583854675292969e+01
2.264268755912780762e+01
2.228619575500488281e+01
2.268179631233215332e+01
2.285625696182250977e+01
2.282504701614379883e+01
2.281540489196777344e+01
2.239313602447509766e+01
2.242345643043518066e+01
2.227546906471252441e+01
2.244605112075805664e+01
2.227580094337463379e+01
2.282394790649414062e+01
2.239882183074951172e+01
2.245589661598205566e+01
2.253225064277648926e+01
2.269822072982788086e+01
2.233707451820373535e+01
2.246602654457092285e+01
2.235753035545349121e+01
2.259288907051086426e+01
2.228980875015258789e+01
2.288560986518859863e+01
2.243623161315917969e+01
2.243439078330993652e+01
2.261160802841186523e+01
2.259689474105834961e+01
2.252657365798950195e+01
2.243297147750854492e+01
2.223933148384094238e+01
2.255452966690063477e+01
2.262984037399291992e+01
2.247056841850280762e+01
2.232991433143615723e+01
2.215235567092895508e+01
2.237697553634643555e+01
2.222191452980041504e+01
2.224256992340087891e+01
2.245339226722717285e+01
2.289540243148803711e+01
2.240662360191345215e+01
2.258278131484985352e+01
2.221995615959167480e+01
2.264394211769104004e+01
2.227857494354248047e+01
2.229119729995727539e+01
2.231359267234802246e+01
2.249594020843505859e+01
2.249783635139465332e+01
2.240422773361206055e+01
2.227265810966491699e+01
2.272229623794555664e+01
2.230101561546325684e+01
2.215440821647644043e+01
2.230831193923950195e+01
2.251225328445434570e+01
2.230820727348327637e+01
2.248884677886962891e+01
2.220992994308471680e+01
2.246386218070983887e+01
2.303641128540039062e+01
2.202789354324340820e+01
2.274092650413513184e+01
2.218443298339843750e+01
2.259132790565490723e+01
2.246156764030456543e+01
2.259138965606689453e+01
2.226977920532226562e+01
2.240577793121337891e+01
2.257815718650817871e+01
2.267012691497802734e+01
2.226664328575134277e+01
2.224441623687744141e+01
2.251619744300842285e+01
2.268753790855407715e+01
2.278379130363464355e+01
2.243799090385437012e+01
2.225502109527587891e+01
2.229586768150329590e+01
2.260052371025085449e+01
2.254696226119995117e+01
2.269471120834350586e+01
2.200228953361511230e+01
2.262199711799621582e+01
2.252264285087585449e+01
2.264484214782714844e+01
2.245962667465209961e+01
2.259189367294311523e+01
2.200194978713989258e+01
2.285029530525207520e+01
2.192811608314514160e+01
2.249085736274719238e+01
2.265020632743835449e+01
2.232006072998046875e+01
2.274888849258422852e+01
2.219724059104919434e+01
2.270587444305419922e+01
2.239941215515136719e+01
2.297855734825134277e+01
2.210007357597351074e+01
2.233537292480468750e+01
2.284976220130920410e+01
2.241873717308044434e+01
2.250909328460693359e+01
2.226705145835876465e+01
2.238484168052673340e+01
2.258452463150024414e+01
2.251247310638427734e+01
2.260448884963989258e+01
2.252400016784667969e+01
2.253582286834716797e+01
2.229411602020263672e+01
2.258442425727844238e+01
2.203985238075256348e+01
2.244713354110717773e+01
2.419814872741699219e+01
