2.265950083732604980e+01
2.263579916954040527e+01
2.240539622306823730e+01
2.274976301193237305e+01
2.238045001029968262e+01
2.226211071014404297e+01
2.258029103279113770e+01
2.230882143974304199e+01
2.225161767005920410e+01
2.255229997634887695e+01
2.267517304420471191e+01
2.244039916992187500e+01
2.240836501121520996e+01
2.274312114715576172e+01
2.242269682884216309e+01
2.261687040328979492e+01
2.226072335243225098e+01
2.271026849746704102e+01
2.247597336769104004e+01
2.277230262756347656e+01
2.265442705154418945e+01
2.275462102890014648e+01
2.254997515678405762e+01
2.211123538017272949e+01
2.274231839179992676e+01
2.216400718688964844e+01
2.246241688728332520e+01
2.283705759048461914e+01
2.240673899650573730e+01
2.262906074523925781e+01
2.232273483276367188e+01
2.199235963821411133e+01
2.241006851196289062e+01
2.239057826995849609e+01
2.216947627067565918e+01
2.223062777519226074e+01
2.239498996734619141e+01
2.238444614410400391e+01
2.261317729949951172e+01
2.247884774208068848e+01
2.249762105941772461e+01
2.234653449058532715e+01
2.217810130119323730e+01
2.278746533393859863e+01
2.275086617469787598e+01
2.277075433731079102e+01
2.245801544189453125e+01
2.256402444839477539e+01
2.273916840553283691e+01
2.236932516098022461e+01
2.239367604255676270e+01
2.235432291030883789e+01
2.257328343391418457e+01
2.249280643463134766e+01
2.245915913581848145e+01
2.215008115768432617e+01
2.236442661285400391e+01
2.224147176742553711e+01
2.224974036216735840e+01
2.215848088264465332e+01
2.293511080741882324e+01
2.217447471618652344e+01
2.222164082527160645e+01
2.252964544296264648e+01
2.246442508697509766e+01
2.231212162971496582e+01
2.248563861846923828e+01
2.213276672363281250e+01
2.303029656410217285e+01
2.269886302947998047e+01
2.240127277374267578e+01
2.243277978897094727e+01
2.280500650405883789e+01
2.269855570793151855e+01
2.242034697532653809e+01
2.232027935981750488e+01
2.214925527572631836e+01
2.231822896003723145e+01
2.245493793487548828e+01
2.256431913375854492e+01
2.235579085350036621e+01
2.214557123184204102e+01
2.236679744720458984e+01
2.300432157516479492e+01
2.263747382164001465e+01
2.272120904922485352e+01
2.231173086166381836e+01
2.240967273712158203e+01
2.229388546943664551e+01
2.245377087593078613e+01
2.261035990715026855e+01
2.237956285476684570e+01
2.226501131057739258e+01
2.226418542861938477e+01
2.285993075370788574e+01
2.206157159805297852e+01
2.236081814765930176e+01
2.252509379386901855e+01
2.241190004348754883e+01
2.253693842887878418e+01
2.281008219718933105e+01
2.237972140312194824e+01
2.317328739166259766e+01
2.327983570098876953e+01
2.269484591484069824e+01
2.231392860412597656e+01
2.240393877029418945e+01
2.243749785423278809e+01
2.235543346405029297e+01
2.240848851203918457e+01
2.268941831588745117e+01
2.257762765884399414e+01
2.281937003135681152e+01
2.217766928672790527e+01
2.233784675598144531e+01
2.276035428047180176e+01
2.227331233024597168e+01
2.223934864997863770e+01
2.190683174133300781e+01
2.237749338150024414e+01
2.223242259025573730e+01
2.224177956581115723e+01
2.249536156654357910e+01
2.279202508926391602e+01
2.250477075576782227e+01
2.251802062988281250e+01
2.239556336402893066e+01
2.293543481826782227e+01
2.230837249755859375e+01
2.192468142509460449e+01
2.245829820632934570e+01
2.229031658172607422e+01
2.208427834510803223e+01
2.231031203269958496e+01
2.277226591110229492e+01
2.234464001655578613e+01
2.228230667114257812e+01
2.234018731117248535e+01
2.238879108428955078e+01
2.271725797653198242e+01
2.251745247840881348e+01
2.261927151679992676e+01
2.221740651130676270e+01
2.228609514236450195e+01
2.264605689048767090e+01
2.227645707130432129e+01
2.222981572151184082e+01
2.273774957656860352e+01
2.243551373481750488e+01
2.247782397270202637e+01
2.252749228477478027e+01
2.225343537330627441e+01
2.247011423110961914e+01
2.221216344833374023e+01
2.261890530586242676e+01
2.240417838096618652e+01
2.201987957954406738e+01
2.240269589424133301e+01
2.291211700439453125e+01
2.238061571121215820e+01
2.267894864082336426e+01
2.226195025444030762e+01
2.221740007400512695e+01
2.242335677146911621e+01
2.246043109893798828e+01
2.280246329307556152e+01
2.237074851989746094e+01
2.212174963951110840e+01
2.253078818321228027e+01
2.251059174537658691e+01
2.311169433593750000e+01
2.281074070930480957e+01
2.220500326156616211e+01
2.325950098037719727e+01
2.262248730659484863e+01
2.238899683952331543e+01
2.229886031150817871e+01
2.293225502967834473e+01
2.281546950340270996e+01
2.225351595878601074e+01
2.274744176864624023e+01
2.240131545066833496e+01
2.272168731689453125e+01
2.272459864616394043e+01
2.225347495079040527e+01
2.256057238578796387e+01
2.243753647804260254e+01
2.299691510200500488e+01
2.245563602447509766e+01
2.242598462104797363e+01
2.265233540534973145e+01
2.251445388793945312e+01
2.261493659019470215e+01
2.236469817161560059e+01
2.256618332862854004e+01
2.257377958297729492e+01
2.224686932563781738e+01
2.218808341026306152e+01
2.275410366058349609e+01
2.441089344024658203e+01
