2.568320215454101607e+00
2.609816265106201350e+00
2.675415584259033253e+00
2.707317027587890834e+00
2.767611153259277312e+00
2.796394312973022434e+00
2.889006032562255744e+00
3.017036491699218725e+00
3.078206805953979330e+00
3.346339852905273471e+00
3.347359876861572214e+00
3.170054824447631869e+00
3.036087166213989441e+00
2.983091329650878976e+00
3.203668595962524623e+00
2.911229661712646521e+00
3.154303407745361110e+00
3.172259214477539224e+00
3.188827054977417141e+00
3.056579641876220776e+00
2.933959032592773575e+00
3.181448261566162117e+00
3.180038787841796832e+00
3.077942221221923624e+00
3.042950947113037152e+00
2.875989358901977599e+00
2.872770612945556579e+00
2.928290700912475675e+00
2.911162734680175834e+00
2.765977814559936743e+00
2.699143214263916235e+00
2.777823185501098635e+00
2.748659634399413854e+00
2.744952885818481292e+00
2.800162887268066392e+00
2.832674036178588928e+00
2.651277475051879939e+00
2.726337854461669874e+00
2.867683181610107379e+00
2.705124046096801571e+00
2.744074974899291863e+00
2.659189912033081082e+00
2.690840683975219694e+00
2.696046379013061323e+00
2.639065384826660310e+00
2.633757799530029420e+00
2.612160693206786899e+00
2.772948301467895504e+00
2.779680134582519724e+00
2.668361707839965735e+00
2.703511985626220859e+00
2.764570501556396387e+00
2.745225808486938313e+00
2.657912631301879713e+00
2.625124306182861300e+00
2.625170563507079891e+00
2.670212425994872962e+00
2.776085161972045690e+00
2.762351668090820223e+00
2.710236213607787992e+00
2.628519592361450385e+00
2.528579554824829323e+00
2.597848535537719883e+00
2.562556282043456868e+00
2.577379889678955038e+00
2.523445461883544905e+00
2.553331074066162110e+00
2.637205626907348499e+00
2.561369350738525341e+00
2.521840711059570417e+00
2.522803207321167029e+00
2.558450265731811335e+00
2.587621376190185618e+00
2.627462814178466832e+00
2.560043220367431704e+00
2.594069337692260557e+00
2.540999004898071068e+00
2.534688949050903251e+00
2.529853346481323317e+00
2.575209558868408077e+00
2.531161566619873238e+00
2.532738771743774375e+00
2.598034372634887568e+00
2.632365890731811486e+00
2.542698925018310518e+00
2.616553547744751018e+00
2.589559302368164229e+00
2.660345271911621179e+00
2.561002503204345526e+00
2.528267524414062439e+00
2.624368673629760895e+00
2.562522229003906471e+00
2.547385077819824151e+00
2.500441485137939512e+00
2.504294505920410252e+00
2.527615485153198449e+00
2.492837061462402470e+00
2.481477205810546760e+00
2.502590859222411979e+00
2.516474306488037271e+00
2.320922783813476720e+00
2.312175842208862520e+00
2.311562833862304878e+00
2.311429074172973497e+00
2.307218120269775241e+00
2.302482755661010572e+00
2.300886951370239242e+00
2.301495711135864042e+00
2.302768624191284363e+00
2.295366101455688312e+00
2.295663732910156352e+00
2.292950268325805840e+00
2.288108143997192201e+00
2.284917899703979405e+00
2.283636487503051704e+00
2.284517168807983278e+00
2.281322412261963084e+00
2.274839110641479589e+00
2.273881395950317241e+00
2.270425123825073221e+00
2.265167549438476424e+00
2.263496630096435425e+00
2.262401724853515539e+00
2.258727657012939538e+00
2.251270204467773262e+00
2.248142082672119013e+00
2.242472231292724771e+00
2.240918015670776420e+00
2.238629440460205178e+00
2.233695029830932821e+00
2.233172478179931808e+00
2.231407437667846771e+00
2.231032384490966969e+00
2.224013298416137818e+00
2.223268538360595681e+00
2.217654592132568325e+00
2.214675558624267460e+00
2.212625932312011656e+00
2.211259636383056559e+00
2.205224739227294783e+00
2.202981927261352446e+00
2.202440238037109310e+00
2.198620899047851740e+00
2.194873946838379108e+00
2.195579658203124840e+00
2.194678111190795811e+00
2.186278534393310657e+00
2.180099735870361322e+00
2.178574089889526277e+00
2.178306257858276584e+00
2.172365172042846737e+00
2.169916879425048961e+00
2.166602671279907355e+00
2.168321110229492366e+00
2.166085182876587023e+00
2.164733135147094867e+00
2.168672425689697203e+00
2.165523302078247170e+00
2.165503535919189648e+00
2.162519623641967925e+00
2.165921524047851765e+00
2.163683504638671984e+00
2.163317027664184433e+00
2.161794564743042102e+00
2.161800472259521655e+00
2.157076397018432790e+00
2.158271997604370274e+00
2.157972601776123156e+00
2.158945772247314654e+00
2.158892542037963658e+00
2.153983162231445370e+00
2.154333829116821253e+00
2.155217354202270563e+00
2.157394955444336127e+00
2.157030773315429695e+00
2.153059112701416034e+00
2.153010289382934594e+00
2.151226273956298840e+00
2.155481844863891716e+00
2.149481685028076239e+00
2.151771711883545102e+00
2.149853573684692432e+00
2.150193682174682763e+00
2.147988757095336876e+00
2.150155917663574279e+00
2.143069532241821396e+00
2.150235210952758713e+00
2.144066546020507946e+00
2.145494069595336839e+00
2.144311278457641468e+00
2.149389906005859441e+00
2.146992761840820219e+00
2.147684516448974623e+00
2.141616964187622152e+00
2.139429576034546088e+00
2.139811934204101540e+00
2.146764969635009734e+00
2.143397094650268730e+00
2.141534386596679607e+00
2.140687770385742095e+00
