2.553049778518676760e+00
2.589805174942016563e+00
2.640865781784057731e+00
2.688291515121460140e+00
2.837280885314941603e+00
2.934949002227783321e+00
3.040343738327026202e+00
3.004803612670898350e+00
3.065159718856811377e+00
3.217330773925781262e+00
3.103155166320800795e+00
3.342707682418823101e+00
3.089597642211914241e+00
3.124150980606079209e+00
3.072150920715332134e+00
3.092063751602172950e+00
3.093949509963989097e+00
3.110615861129760962e+00
3.171129785690307568e+00
2.994765416717529494e+00
3.029723207473754787e+00
2.857500818252563413e+00
3.053221487045288285e+00
3.003494899673461838e+00
3.146414272766113296e+00
3.191708280487060456e+00
3.141982111129760558e+00
2.859814790802001738e+00
2.902795098953247166e+00
2.931537007827758945e+00
2.888447191925048951e+00
2.805402437057495035e+00
2.728182645187378075e+00
2.781294273834228559e+00
2.876436887130737308e+00
2.779482049026489321e+00
2.760196652297973507e+00
2.813167568511962813e+00
2.819386750335693304e+00
2.718397382049560385e+00
2.728513214187622271e+00
2.673261673965454222e+00
2.709217361450195316e+00
2.673167167282104462e+00
2.633335336685180827e+00
2.594585436630249209e+00
2.563141818618774437e+00
2.581418603515624799e+00
2.601818897552490295e+00
2.607810159454345911e+00
2.640188087768554848e+00
2.567670986557006874e+00
2.663674715881347854e+00
2.580292394790649535e+00
2.618341535263061459e+00
2.566252462692260927e+00
2.630760706634521551e+00
2.576640067214965857e+00
2.597551738204955996e+00
2.599882703781128068e+00
2.593394038543701097e+00
2.697338237915039016e+00
2.649736387176513830e+00
2.694475126647949192e+00
2.542475405807495203e+00
2.514864837112426699e+00
2.587220979919433450e+00
2.610665578384399499e+00
2.557545958633423044e+00
2.506512881546020477e+00
2.579700922393799001e+00
2.572011217422485174e+00
2.542292965316772513e+00
2.577338464431762510e+00
2.554930232009887892e+00
2.611911077194213782e+00
2.643436610717773583e+00
2.690128116989135787e+00
2.647086366500854382e+00
2.626893866577148628e+00
2.610021831741332843e+00
2.531720471267700390e+00
2.583311218414306776e+00
2.647961308822631921e+00
2.628921328201293761e+00
2.624723418045043832e+00
2.602072720413207918e+00
2.638213149108886935e+00
2.604508931732177679e+00
2.634252560424804823e+00
2.592072733917236249e+00
2.593764459533691280e+00
2.550602741317749000e+00
2.545875501861572410e+00
2.607165849914550915e+00
2.625712629394531206e+00
2.498457507934570110e+00
2.552642308349609479e+00
2.574759493255615261e+00
2.547620363998412962e+00
2.318835576248169161e+00
2.311824120635986191e+00
2.308085078887939456e+00
2.310300009078979588e+00
2.308578284606933373e+00
2.307980178909301738e+00
2.307484941940307621e+00
2.303244334945678595e+00
2.301829737701416079e+00
2.301686526260375842e+00
2.298304688262939433e+00
2.298185946044921657e+00
2.296287918243408388e+00
2.292974291305541978e+00
2.297287356491088950e+00
2.296416399383545137e+00
2.294808099212646280e+00
2.288457330322265726e+00
2.292376493530273507e+00
2.288512610397338776e+00
2.287079681777953954e+00
2.290810951385497951e+00
2.289410702972412004e+00
2.287088110809326391e+00
2.287024943313598513e+00
2.281155795364379735e+00
2.283900279464721628e+00
2.281728290710449247e+00
2.281394685440063519e+00
2.276527201461791883e+00
2.276599831771850546e+00
2.275840509185790950e+00
2.270468427276611134e+00
2.269805151062011639e+00
2.267625400695800764e+00
2.266225949325561650e+00
2.264809038772582994e+00
2.265507404251098755e+00
2.263200544662475444e+00
2.258950625610351537e+00
2.257344052581787164e+00
2.256178902130126840e+00
2.256203556671142696e+00
2.254427454605102632e+00
2.252971346740722858e+00
2.256184459686279453e+00
2.252509748153686431e+00
2.247693289031982289e+00
2.241981582641601634e+00
2.239020304794311578e+00
2.239165609359741183e+00
2.236303279342651162e+00
2.234194883499145412e+00
2.230436352539062472e+00
2.231588541946411208e+00
2.230956535339355451e+00
2.227532777862548663e+00
2.227081967544555674e+00
2.228110238647460939e+00
2.224429054718017440e+00
2.228844917678832971e+00
2.226554610748291196e+00
2.224973255081176937e+00
2.221770413055419890e+00
2.222093549346924046e+00
2.223799654006958004e+00
2.222641548385620336e+00
2.224530293197631625e+00
2.219947632369994928e+00
2.222319108200073057e+00
2.218205396041870170e+00
2.219045740051269533e+00
2.220483997421264455e+00
2.217936832199096653e+00
2.217737128524780221e+00
2.217505552444457795e+00
2.218173435516357372e+00
2.215997611007690438e+00
2.216838779067993315e+00
2.218175872192382769e+00
2.214260744323730545e+00
2.215618592987060431e+00
2.216434983367919997e+00
2.213230926895141781e+00
2.211947820053100422e+00
2.211748618545532175e+00
2.213952083816528305e+00
2.212024844131469603e+00
2.215797500610351634e+00
2.208171434936523347e+00
2.208371697540283396e+00
2.208512969512939517e+00
2.205388483886718820e+00
2.206120736541747895e+00
2.208831403198242338e+00
2.206058075637817417e+00
2.206785077133178508e+00
2.202588457031250169e+00
2.202712213058471757e+00
2.203969550476074346e+00
