2.129373550415039062e-01
2.500715255737304688e-01
2.326292991638183594e-01
2.342426776885986328e-01
2.462654113769531250e-01
2.312982082366943359e-01
2.213208675384521484e-01
2.456746101379394531e-01
2.280588150024414062e-01
1.878471374511718750e-01
2.528681755065917969e-01
2.705202102661132812e-01
2.714238166809082031e-01
2.584617137908935547e-01
2.729055881500244141e-01
2.577624320983886719e-01
2.271044254302978516e-01
2.575318813323974609e-01
2.053730487823486328e-01
2.469539642333984375e-01
2.834792137145996094e-01
2.534809112548828125e-01
2.309582233428955078e-01
2.139470577239990234e-01
2.483410835266113281e-01
1.949853897094726562e-01
2.483327388763427734e-01
2.922048568725585938e-01
2.293567657470703125e-01
2.699530124664306641e-01
2.138283252716064453e-01
1.895174980163574219e-01
2.466557025909423828e-01
2.286851406097412109e-01
2.111270427703857422e-01
2.250406742095947266e-01
2.913060188293457031e-01
2.213971614837646484e-01
2.125751972198486328e-01
2.638094425201416016e-01
2.243707180023193359e-01
2.474188804626464844e-01
2.236399650573730469e-01
2.834053039550781250e-01
2.379209995269775391e-01
2.604231834411621094e-01
2.655558586120605469e-01
2.169969081878662109e-01
2.299208641052246094e-01
2.416174411773681641e-01
2.236440181732177734e-01
2.405898571014404297e-01
2.365081310272216797e-01
2.756526470184326172e-01
2.566022872924804688e-01
2.195036411285400391e-01
1.960365772247314453e-01
2.169013023376464844e-01
2.392585277557373047e-01
2.365717887878417969e-01
2.677233219146728516e-01
2.589340209960937500e-01
2.246348857879638672e-01
2.019443511962890625e-01
2.379548549652099609e-01
2.607953548431396484e-01
2.319660186767578125e-01
2.122042179107666016e-01
2.399106025695800781e-01
2.443501949310302734e-01
2.369503974914550781e-01
2.525997161865234375e-01
2.592945098876953125e-01
2.385177612304687500e-01
2.855744361877441406e-01
2.196912765502929688e-01
2.189702987670898438e-01
2.507967948913574219e-01
2.475686073303222656e-01
2.101368904113769531e-01
2.034180164337158203e-01
2.297172546386718750e-01
2.996735572814941406e-01
2.358551025390625000e-01
2.517955303192138672e-01
2.071847915649414062e-01
2.160341739654541016e-01
2.266237735748291016e-01
2.384970188140869141e-01
2.611603736877441406e-01
2.104065418243408203e-01
2.208516597747802734e-01
2.230486869812011719e-01
2.453403472900390625e-01
2.463581562042236328e-01
1.908164024353027344e-01
2.547302246093750000e-01
2.621858119964599609e-01
2.525906562805175781e-01
2.590653896331787109e-01
2.288758754730224609e-01
2.585721015930175781e-01
2.602660655975341797e-01
2.601337432861328125e-01
2.543561458587646484e-01
2.219116687774658203e-01
2.352130413055419922e-01
2.439312934875488281e-01
2.326087951660156250e-01
2.916905879974365234e-01
2.603228092193603516e-01
2.513096332550048828e-01
2.395722866058349609e-01
2.533373832702636719e-01
2.484664916992187500e-01
2.627060413360595703e-01
2.243812084197998047e-01
2.202630043029785156e-01
1.927134990692138672e-01
2.639293670654296875e-01
2.469301223754882812e-01
2.286975383758544922e-01
2.248368263244628906e-01
2.859542369842529297e-01
1.830267906188964844e-01
2.557973861694335938e-01
2.255921363830566406e-01
2.610588073730468750e-01
2.387728691101074219e-01
1.964313983917236328e-01
2.884099483489990234e-01
2.497174739837646484e-01
2.096345424652099609e-01
2.283439636230468750e-01
2.467741966247558594e-01
2.541153430938720703e-01
2.425706386566162109e-01
2.337703704833984375e-01
2.415854930877685547e-01
2.946074008941650391e-01
2.311952114105224609e-01
2.277882099151611328e-01
2.281303405761718750e-01
2.317309379577636719e-01
2.339131832122802734e-01
1.606218814849853516e-01
2.161064147949218750e-01
2.518146038055419922e-01
2.626602649688720703e-01
2.822952270507812500e-01
2.410457134246826172e-01
2.022087574005126953e-01
1.995792388916015625e-01
1.861994266510009766e-01
3.011245727539062500e-01
2.271966934204101562e-01
2.037205696105957031e-01
2.571752071380615234e-01
2.273862361907958984e-01
2.708685398101806641e-01
2.398169040679931641e-01
2.508187294006347656e-01
2.462480068206787109e-01
2.463784217834472656e-01
2.603037357330322266e-01
2.464096546173095703e-01
2.357010841369628906e-01
2.085340023040771484e-01
2.450804710388183594e-01
2.607579231262207031e-01
2.302527427673339844e-01
2.936644554138183594e-01
2.052297592163085938e-01
2.409088611602783203e-01
2.114539146423339844e-01
2.175242900848388672e-01
2.605183124542236328e-01
2.463221549987792969e-01
2.998383045196533203e-01
1.994826793670654297e-01
2.608880996704101562e-01
2.509348392486572266e-01
2.566921710968017578e-01
2.425475120544433594e-01
2.311294078826904297e-01
2.521681785583496094e-01
2.256209850311279297e-01
2.338702678680419922e-01
2.319529056549072266e-01
2.287807464599609375e-01
2.220687866210937500e-01
2.600321769714355469e-01
2.581901550292968750e-01
2.176942825317382812e-01
2.554674148559570312e-01
2.387061119079589844e-01
2.584881782531738281e-01
1.923580169677734375e-01
2.662310600280761719e-01
4.939115047454833984e-01
