2.129478454589843750e-01
2.500703334808349609e-01
2.326984405517578125e-01
2.343211174011230469e-01
2.464115619659423828e-01
2.312939167022705078e-01
2.214357852935791016e-01
2.456614971160888672e-01
2.281205654144287109e-01
1.880722045898437500e-01
2.529673576354980469e-01
2.706768512725830078e-01
2.715706825256347656e-01
2.584860324859619141e-01
2.728123664855957031e-01
2.575705051422119141e-01
2.270479202270507812e-01
2.573921680450439453e-01
2.054135799407958984e-01
2.469642162322998047e-01
2.834651470184326172e-01
2.534322738647460938e-01
2.311336994171142578e-01
2.139463424682617188e-01
2.482514381408691406e-01
1.949322223663330078e-01
2.483377456665039062e-01
2.923440933227539062e-01
2.294464111328125000e-01
2.699224948883056641e-01
2.138743400573730469e-01
1.894168853759765625e-01
2.466692924499511719e-01
2.286219596862792969e-01
2.111799716949462891e-01
2.250397205352783203e-01
2.913305759429931641e-01
2.213940620422363281e-01
2.125482559204101562e-01
2.638721466064453125e-01
2.242648601531982422e-01
2.472658157348632812e-01
2.236881256103515625e-01
2.832214832305908203e-01
2.377324104309082031e-01
2.603440284729003906e-01
2.654533386230468750e-01
2.168643474578857422e-01
2.297663688659667969e-01
2.416062355041503906e-01
2.237226963043212891e-01
2.404437065124511719e-01
2.364416122436523438e-01
2.755804061889648438e-01
2.565541267395019531e-01
2.194137573242187500e-01
1.966180801391601562e-01
2.168707847595214844e-01
2.391467094421386719e-01
2.365210056304931641e-01
2.675728797912597656e-01
2.589418888092041016e-01
2.245516777038574219e-01
2.019972801208496094e-01
2.380325794219970703e-01
2.608404159545898438e-01
2.319836616516113281e-01
2.121105194091796875e-01
2.399239540100097656e-01
2.443735599517822266e-01
2.370178699493408203e-01
2.525036334991455078e-01
2.592673301696777344e-01
2.385914325714111328e-01
2.856562137603759766e-01
2.197194099426269531e-01
2.190461158752441406e-01
2.506229877471923828e-01
2.475295066833496094e-01
2.101533412933349609e-01
2.034304141998291016e-01
2.296810150146484375e-01
3.004443645477294922e-01
2.359392642974853516e-01
2.517592906951904297e-01
2.071905136108398438e-01
2.161028385162353516e-01
2.266509532928466797e-01
2.385373115539550781e-01
2.611758708953857422e-01
2.104144096374511719e-01
2.207419872283935547e-01
2.229995727539062500e-01
2.454738616943359375e-01
2.466473579406738281e-01
1.908342838287353516e-01
2.548029422760009766e-01
2.621707916259765625e-01
2.525656223297119141e-01
2.591204643249511719e-01
2.290222644805908203e-01
2.584989070892333984e-01
2.602505683898925781e-01
2.600152492523193359e-01
2.542521953582763672e-01
2.218503952026367188e-01
2.352941036224365234e-01
2.440061569213867188e-01
2.324745655059814453e-01
2.916738986968994141e-01
2.602968215942382812e-01
2.512822151184082031e-01
2.383041381835937500e-01
2.533018589019775391e-01
2.485065460205078125e-01
2.627534866333007812e-01
2.241988182067871094e-01
2.201964855194091797e-01
1.926362514495849609e-01
2.639412879943847656e-01
2.468328475952148438e-01
2.287516593933105469e-01
2.248737812042236328e-01
2.858972549438476562e-01
1.822907924652099609e-01
2.558202743530273438e-01
2.256722450256347656e-01
2.612168788909912109e-01
2.387628555297851562e-01
1.964137554168701172e-01
2.884163856506347656e-01
2.497892379760742188e-01
2.096116542816162109e-01
2.282981872558593750e-01
2.468516826629638672e-01
2.541136741638183594e-01
2.426388263702392578e-01
2.337994575500488281e-01
2.415883541107177734e-01
2.944204807281494141e-01
2.312238216400146484e-01
2.279090881347656250e-01
2.282311916351318359e-01
2.316644191741943359e-01
2.340023517608642578e-01
1.606171131134033203e-01
2.160942554473876953e-01
2.516915798187255859e-01
2.626564502716064453e-01
2.824144363403320312e-01
2.410538196563720703e-01
2.022004127502441406e-01
1.995844841003417969e-01
1.862461566925048828e-01
3.010237216949462891e-01
2.271535396575927734e-01
2.036848068237304688e-01
2.570748329162597656e-01
2.274632453918457031e-01
2.709269523620605469e-01
2.397007942199707031e-01
2.508184909820556641e-01
2.461876869201660156e-01
2.462639808654785156e-01
2.603967189788818359e-01
2.465238571166992188e-01
2.357063293457031250e-01
2.085635662078857422e-01
2.451252937316894531e-01
2.607676982879638672e-01
2.302587032318115234e-01
2.935178279876708984e-01
2.052042484283447266e-01
2.417981624603271484e-01
2.113876342773437500e-01
2.175042629241943359e-01
2.604942321777343750e-01
2.462472915649414062e-01
2.999439239501953125e-01
1.994504928588867188e-01
2.608165740966796875e-01
2.507605552673339844e-01
2.566857337951660156e-01
2.418773174285888672e-01
2.309753894805908203e-01
2.521371841430664062e-01
2.254815101623535156e-01
2.338113784790039062e-01
2.319173812866210938e-01
2.288000583648681641e-01
2.221124172210693359e-01
2.600071430206298828e-01
2.583024501800537109e-01
2.177455425262451172e-01
2.556152343750000000e-01
2.387428283691406250e-01
2.584519386291503906e-01
1.924321651458740234e-01
2.662894725799560547e-01
4.724040031433105469e-01
