1.265741825103759766e+01
1.209573197364807129e+01
1.231382608413696289e+01
1.215545630455017090e+01
1.217043662071228027e+01
1.209118247032165527e+01
1.223644924163818359e+01
1.233645391464233398e+01
1.224178981781005859e+01
1.190581750869750977e+01
1.215658378601074219e+01
1.228820300102233887e+01
1.227533555030822754e+01
1.237286400794982910e+01
1.227093935012817383e+01
1.226800942420959473e+01
1.219284462928771973e+01
1.241891074180603027e+01
1.200382995605468750e+01
1.230133342742919922e+01
1.237705540657043457e+01
1.229401564598083496e+01
1.211131668090820312e+01
1.217289352416992188e+01
1.220314574241638184e+01
1.214130330085754395e+01
1.209943628311157227e+01
1.229922199249267578e+01
1.226185035705566406e+01
1.229753232002258301e+01
1.202027082443237305e+01
1.219830536842346191e+01
1.230511283874511719e+01
1.228017091751098633e+01
1.218640565872192383e+01
1.227659893035888672e+01
1.221539902687072754e+01
1.222761750221252441e+01
1.193101310729980469e+01
1.226197862625122070e+01
1.232668399810791016e+01
1.231911921501159668e+01
1.225565075874328613e+01
1.237909078598022461e+01
1.227506780624389648e+01
1.233688640594482422e+01
1.225477004051208496e+01
1.234911632537841797e+01
1.232197713851928711e+01
1.220183539390563965e+01
1.223636078834533691e+01
1.222432613372802734e+01
1.224511456489562988e+01
1.225018405914306641e+01
1.215805172920227051e+01
1.217682957649230957e+01
1.213613009452819824e+01
1.225632429122924805e+01
1.213200759887695312e+01
1.230284357070922852e+01
1.226284790039062500e+01
1.213639664649963379e+01
1.223844575881958008e+01
1.208226823806762695e+01
1.217835211753845215e+01
1.223472046852111816e+01
1.219200015068054199e+01
1.225533843040466309e+01
1.220088315010070801e+01
1.239333367347717285e+01
1.198931384086608887e+01
1.223658490180969238e+01
1.221729993820190430e+01
1.232486987113952637e+01
1.236118364334106445e+01
1.229467058181762695e+01
1.203733444213867188e+01
1.227148151397705078e+01
1.240283393859863281e+01
1.223995256423950195e+01
1.217913675308227539e+01
1.228370928764343262e+01
1.196835446357727051e+01
1.215371394157409668e+01
1.227723693847656250e+01
1.219045662879943848e+01
1.225995707511901855e+01
1.228520894050598145e+01
1.221254634857177734e+01
1.229484820365905762e+01
1.225193786621093750e+01
1.213986492156982422e+01
1.225689077377319336e+01
1.229550886154174805e+01
1.229533886909484863e+01
1.209043741226196289e+01
1.235305142402648926e+01
1.232553768157958984e+01
1.227789998054504395e+01
1.220673346519470215e+01
1.240092825889587402e+01
1.219290804862976074e+01
1.231564593315124512e+01
1.231326150894165039e+01
1.219329071044921875e+01
1.223155808448791504e+01
1.233472251892089844e+01
1.229477310180664062e+01
1.213220071792602539e+01
1.226091361045837402e+01
1.230802917480468750e+01
1.231506466865539551e+01
1.224970293045043945e+01
1.215180659294128418e+01
1.223199963569641113e+01
1.229315185546875000e+01
1.233730578422546387e+01
1.230645489692687988e+01
1.199887609481811523e+01
1.228606796264648438e+01
1.216869163513183594e+01
1.226282167434692383e+01
1.229018115997314453e+01
1.229545545578002930e+01
1.225452613830566406e+01
1.231466984748840332e+01
1.230273914337158203e+01
1.225403618812561035e+01
1.222524237632751465e+01
1.217650508880615234e+01
1.207018280029296875e+01
1.221104836463928223e+01
1.215467238426208496e+01
1.215262079238891602e+01
1.218482184410095215e+01
1.203360176086425781e+01
1.226968765258789062e+01
1.227442622184753418e+01
1.224390482902526855e+01
1.234204387664794922e+01
1.229371523857116699e+01
1.237577605247497559e+01
1.221683359146118164e+01
1.215797281265258789e+01
1.236601352691650391e+01
1.204776883125305176e+01
1.233885788917541504e+01
1.223337197303771973e+01
1.235655188560485840e+01
1.233672428131103516e+01
1.232324242591857910e+01
1.211540770530700684e+01
1.225559520721435547e+01
1.233777260780334473e+01
1.235766482353210449e+01
1.207824206352233887e+01
1.230032110214233398e+01
1.234334754943847656e+01
1.229085445404052734e+01
1.224659061431884766e+01
1.233100318908691406e+01
1.223860001564025879e+01
1.227889609336853027e+01
1.236471247673034668e+01
1.216292977333068848e+01
1.219079446792602539e+01
1.207176899909973145e+01
1.225970268249511719e+01
1.203686928749084473e+01
1.210272955894470215e+01
1.225537419319152832e+01
1.224888634681701660e+01
1.216956377029418945e+01
1.235901045799255371e+01
1.179401659965515137e+01
1.231265234947204590e+01
1.223037838935852051e+01
1.234950351715087891e+01
1.234643363952636719e+01
1.232418203353881836e+01
1.214413380622863770e+01
1.228806948661804199e+01
1.230005383491516113e+01
1.213614296913146973e+01
1.221683645248413086e+01
1.227242565155029297e+01
1.222323107719421387e+01
1.232999372482299805e+01
1.233882236480712891e+01
1.206999707221984863e+01
1.221199107170104980e+01
1.229194140434265137e+01
1.220392870903015137e+01
1.205735826492309570e+01
1.239492630958557129e+01
1.228584742546081543e+01
1.231105566024780273e+01
1.217423152923583984e+01
1.231300449371337891e+01
1.201058363914489746e+01
