2.604201434173583962e+00
2.629541655807495104e+00
2.682137586975097854e+00
2.927435739135742399e+00
3.048351822967529490e+00
2.808971153030395573e+00
2.962097241744995113e+00
2.829137393341064399e+00
2.954541376876830938e+00
3.069927055206298938e+00
2.981966392440795754e+00
2.847509910202026262e+00
2.816000635299682475e+00
2.948329093475341889e+00
3.024873068237304619e+00
3.192958888473510726e+00
3.188526272888183577e+00
3.111378498764038270e+00
3.429640416717529394e+00
3.516644119110107436e+00
3.291411711349487401e+00
3.599394382553100513e+00
3.135939087677002135e+00
3.312101762619018341e+00
3.037149262390136606e+00
2.919252675857543888e+00
2.878368535232544101e+00
2.833166716842651311e+00
2.873602747268676705e+00
2.889667307128906071e+00
2.704526617889404516e+00
2.774472248687744003e+00
2.735316232986450213e+00
2.782903805541992348e+00
2.939275677947998044e+00
2.886748242034911982e+00
2.848538908004760728e+00
2.746643687515258669e+00
2.860098066329956001e+00
2.708430022125244196e+00
2.725631501312256066e+00
2.644005659484863102e+00
2.670033886642456000e+00
2.594066849899292038e+00
2.585931811676025482e+00
2.646692401809692452e+00
2.607724831161498891e+00
2.671588787307739299e+00
2.677853423080444273e+00
2.646466586074829319e+00
2.647006515045165820e+00
2.529269026870727632e+00
2.566121034164428494e+00
2.536600896682739137e+00
2.533391222915649443e+00
2.588966847686767547e+00
2.595552590103149537e+00
2.638134439163208000e+00
2.684016599884033294e+00
2.658432164154052924e+00
2.608716135482787912e+00
2.524144914245605609e+00
2.566981086044311411e+00
2.585956334762573139e+00
2.578814897079467983e+00
2.578085328369140505e+00
2.573999024047851414e+00
2.599051480178832918e+00
2.616503410186767464e+00
2.559726472778320439e+00
2.643317147293090752e+00
2.627215424041748015e+00
2.587107699966430641e+00
2.627058790893554541e+00
2.537068019409179698e+00
2.575746980438232470e+00
2.510009680786132957e+00
2.499508008346557730e+00
2.485012965011596631e+00
2.513387962112426877e+00
2.480600292358398296e+00
2.487146552810668876e+00
2.520853479766845595e+00
2.505345173339843967e+00
2.482428502120971547e+00
2.540908219299316428e+00
2.527270845718383896e+00
2.566437376251220481e+00
2.542067603378296070e+00
2.558803585968017380e+00
2.539761444320678851e+00
2.530381537094116062e+00
2.508883816833495928e+00
2.513709521026611160e+00
2.514624485626220540e+00
2.519783148651122850e+00
2.565707903060912898e+00
2.549222207107543881e+00
2.495366746520995882e+00
2.600475078277587837e+00
2.317239570846557406e+00
2.312143496627807604e+00
2.314200344467163273e+00
2.307985692596435712e+00
2.307450295944213803e+00
2.305704807662964040e+00
2.305736374435424896e+00
2.301118495941162134e+00
2.299482572708130057e+00
2.298999691772460885e+00
2.296320084457397659e+00
2.291231334838867095e+00
2.292649179534912207e+00
2.292665760345458992e+00
2.287161986541748071e+00
2.290902191390991050e+00
2.289751963500976650e+00
2.289133207550048787e+00
2.284897199249267707e+00
2.285096639938354546e+00
2.281262794723510900e+00
2.277247445068359522e+00
2.274635794906616049e+00
2.270190714874267712e+00
2.267815644912719808e+00
2.262427441177368159e+00
2.263891238174438492e+00
2.263331690216064285e+00
2.262307741394042893e+00
2.262793647994995272e+00
2.260364985046386721e+00
2.257431955490112330e+00
2.252940488967895671e+00
2.250986392822265536e+00
2.243058801879882935e+00
2.244848217926025402e+00
2.241322340850830042e+00
2.239790861282348722e+00
2.232218619232177570e+00
2.232367413558959957e+00
2.226587469253539897e+00
2.223031365661621184e+00
2.221554338531494199e+00
2.215075239868164125e+00
2.215260428924560543e+00
2.208102223892212113e+00
2.200085927276611120e+00
2.196599697952270613e+00
2.189655758972167909e+00
2.181307329559326380e+00
2.173040214614867960e+00
2.170352458572387899e+00
2.170723906555175997e+00
2.169928992538451951e+00
2.168870642242431757e+00
2.171298119049072106e+00
2.170064163131713908e+00
2.167029042434692521e+00
2.166786018676758019e+00
2.167263289184570230e+00
2.162736542358398406e+00
2.160733048019409352e+00
2.158202662811279371e+00
2.158356655883788999e+00
2.156837406005859492e+00
2.158265393600463877e+00
2.157438036651611490e+00
2.156477428741454982e+00
2.151872157516479422e+00
2.153977537155151278e+00
2.153930215682983373e+00
2.151270711212158293e+00
2.149461919097900520e+00
2.152074280624389768e+00
2.149484667587280295e+00
2.148007737274169937e+00
2.148244792938232450e+00
2.146498254852295062e+00
2.147074747161865194e+00
2.145927972412109419e+00
2.145938979415893400e+00
2.143612058258056674e+00
2.142966662139892620e+00
2.142671896743774340e+00
2.141035261688232438e+00
2.139713278808593966e+00
2.136868812255859229e+00
2.140839761276245312e+00
2.136209359512329264e+00
2.136201946105956928e+00
2.135000470504760717e+00
2.134787566070556419e+00
2.131119106903076155e+00
2.129531389617919768e+00
2.131102620773315248e+00
2.130124572296142382e+00
2.126702589645385721e+00
2.126620303955077951e+00
2.124782115173339925e+00
2.125549619750976671e+00
