2.265840220451354980e+01
2.259430813789367676e+01
2.241386556625366211e+01
2.262353658676147461e+01
2.238336014747619629e+01
2.254787278175354004e+01
2.224930620193481445e+01
2.279338002204895020e+01
2.249274230003356934e+01
2.272665524482727051e+01
2.224079346656799316e+01
2.265708231925964355e+01
2.308149361610412598e+01
2.272910523414611816e+01
2.286889743804931641e+01
2.229328012466430664e+01
2.229121661186218262e+01
2.287453913688659668e+01
2.219070243835449219e+01
2.230943751335144043e+01
2.267787480354309082e+01
2.231988668441772461e+01
2.215379977226257324e+01
2.236738061904907227e+01
2.248363161087036133e+01
2.217234730720520020e+01
2.237798595428466797e+01
2.250338435173034668e+01
2.261266207695007324e+01
2.279298758506774902e+01
2.200041341781616211e+01
2.201055288314819336e+01
2.235620474815368652e+01
2.257543087005615234e+01
2.258684372901916504e+01
2.221707797050476074e+01
2.238723015785217285e+01
2.208891868591308594e+01
2.226060366630554199e+01
2.234886002540588379e+01
2.306721639633178711e+01
2.247393441200256348e+01
2.219131898880004883e+01
2.295335197448730469e+01
2.276032757759094238e+01
2.244409966468811035e+01
2.241006803512573242e+01
2.246418428421020508e+01
2.274633574485778809e+01
2.235504508018493652e+01
2.219898509979248047e+01
2.222996854782104492e+01
2.295713424682617188e+01
2.237758922576904297e+01
2.231202363967895508e+01
2.253190016746520996e+01
2.271143007278442383e+01
2.212038183212280273e+01
2.211817955970764160e+01
2.259359431266784668e+01
2.251763153076171875e+01
2.235099005699157715e+01
2.218055343627929688e+01
2.196947574615478516e+01
2.234044814109802246e+01
2.265327978134155273e+01
2.266425371170043945e+01
2.278545832633972168e+01
2.249668002128601074e+01
2.288715195655822754e+01
2.235730195045471191e+01
2.232453298568725586e+01
2.292454719543457031e+01
2.255585837364196777e+01
2.260612201690673828e+01
2.289230537414550781e+01
2.216819214820861816e+01
2.256783246994018555e+01
2.302471303939819336e+01
2.251417660713195801e+01
2.236852693557739258e+01
2.230073976516723633e+01
2.290263700485229492e+01
2.225660395622253418e+01
2.248325991630554199e+01
2.205455446243286133e+01
2.232413935661315918e+01
2.231697034835815430e+01
2.217098498344421387e+01
2.278421306610107422e+01
2.217714428901672363e+01
2.209749245643615723e+01
2.227202439308166504e+01
2.325574803352355957e+01
2.250948119163513184e+01
2.261643958091735840e+01
2.267781090736389160e+01
2.249791693687438965e+01
2.258663511276245117e+01
2.247936606407165527e+01
2.280081915855407715e+01
2.234825086593627930e+01
2.253786039352416992e+01
2.274085187911987305e+01
2.255794477462768555e+01
2.230426073074340820e+01
2.278604006767272949e+01
2.244514870643615723e+01
2.251913976669311523e+01
2.277210283279418945e+01
2.253978872299194336e+01
2.253883910179138184e+01
2.233612918853759766e+01
2.217446827888488770e+01
2.232078838348388672e+01
2.269643616676330566e+01
2.225942063331604004e+01
2.231809449195861816e+01
2.213442254066467285e+01
2.243915820121765137e+01
2.243227434158325195e+01
2.224285745620727539e+01
2.235986971855163574e+01
2.302663278579711914e+01
2.219290256500244141e+01
2.245731544494628906e+01
2.241429042816162109e+01
2.261639499664306641e+01
2.234163999557495117e+01
2.212008476257324219e+01
2.274530124664306641e+01
2.227054286003112793e+01
2.214910411834716797e+01
2.222556447982788086e+01
2.240958571434020996e+01
2.228532743453979492e+01
2.235165262222290039e+01
2.234801387786865234e+01
2.244210100173950195e+01
2.268474650382995605e+01
2.262323856353759766e+01
2.242392444610595703e+01
2.272595477104187012e+01
2.243947911262512207e+01
2.282961225509643555e+01
2.206743907928466797e+01
2.250622034072875977e+01
2.232748293876647949e+01
2.240932822227478027e+01
2.266831445693969727e+01
2.300980067253112793e+01
2.228675460815429688e+01
2.241352081298828125e+01
2.228233480453491211e+01
2.274537348747253418e+01
2.201084232330322266e+01
2.242365264892578125e+01
2.298258185386657715e+01
2.302404475212097168e+01
2.247403669357299805e+01
2.241705656051635742e+01
2.264079809188842773e+01
2.234704518318176270e+01
2.254263782501220703e+01
2.232916069030761719e+01
2.260262107849121094e+01
2.234876346588134766e+01
2.250204777717590332e+01
2.246345496177673340e+01
2.220169925689697266e+01
2.286646175384521484e+01
2.240179753303527832e+01
2.257531452178955078e+01
2.238574004173278809e+01
2.196230363845825195e+01
2.211949825286865234e+01
2.248597145080566406e+01
2.258060932159423828e+01
2.273439240455627441e+01
2.233801007270812988e+01
2.218771839141845703e+01
2.252590990066528320e+01
2.282024216651916504e+01
2.224907493591308594e+01
2.229411292076110840e+01
2.243637657165527344e+01
2.224723625183105469e+01
2.227027845382690430e+01
2.260799312591552734e+01
2.228875231742858887e+01
2.252886462211608887e+01
2.236632370948791504e+01
2.229428672790527344e+01
2.246974110603332520e+01
2.302897500991821289e+01
2.233319592475891113e+01
2.278829669952392578e+01
2.226661348342895508e+01
2.262672734260559082e+01
2.400838637351989746e+01
