2.263746833801269531e+01
2.226424574851989746e+01
2.222228693962097168e+01
2.254074645042419434e+01
2.207906198501586914e+01
2.212691330909729004e+01
2.223640823364257812e+01
2.254953408241271973e+01
2.225338530540466309e+01
2.234756612777709961e+01
2.238427662849426270e+01
2.271310234069824219e+01
2.243438649177551270e+01
2.289958405494689941e+01
2.269734644889831543e+01
2.266168808937072754e+01
2.244631934165954590e+01
2.238895750045776367e+01
2.216210103034973145e+01
2.271806001663208008e+01
2.246245718002319336e+01
2.234940838813781738e+01
2.217928481101989746e+01
2.225283646583557129e+01
2.245212912559509277e+01
2.220315599441528320e+01
2.226359558105468750e+01
2.268842959403991699e+01
2.257983326911926270e+01
2.279362916946411133e+01
2.236185860633850098e+01
2.199213910102844238e+01
2.249733853340148926e+01
2.239103412628173828e+01
2.244114828109741211e+01
2.220444416999816895e+01
2.228742170333862305e+01
2.237238121032714844e+01
2.237685751914978027e+01
2.260042309761047363e+01
2.263136053085327148e+01
2.249741029739379883e+01
2.246873283386230469e+01
2.282115983963012695e+01
2.244398784637451172e+01
2.236876416206359863e+01
2.240925979614257812e+01
2.220156025886535645e+01
2.269678997993469238e+01
2.249211025238037109e+01
2.231130647659301758e+01
2.244577336311340332e+01
2.251520109176635742e+01
2.295567393302917480e+01
2.227451086044311523e+01
2.240926098823547363e+01
2.270259094238281250e+01
2.224290823936462402e+01
2.214676022529602051e+01
2.257179856300354004e+01
2.241338515281677246e+01
2.236145639419555664e+01
2.217499136924743652e+01
2.212353825569152832e+01
2.232682394981384277e+01
2.278074598312377930e+01
2.250006914138793945e+01
2.243170404434204102e+01
2.253008460998535156e+01
2.286022830009460449e+01
2.206868481636047363e+01
2.234526228904724121e+01
2.274302577972412109e+01
2.232048273086547852e+01
2.256887197494506836e+01
2.224119710922241211e+01
2.196242308616638184e+01
2.236597561836242676e+01
2.238639116287231445e+01
2.198641777038574219e+01
2.257524204254150391e+01
2.242455196380615234e+01
2.283016490936279297e+01
2.232837939262390137e+01
2.256107091903686523e+01
2.226989269256591797e+01
2.229042363166809082e+01
2.230108952522277832e+01
2.254519414901733398e+01
2.258396983146667480e+01
2.244984173774719238e+01
2.245983147621154785e+01
2.253648614883422852e+01
2.263617706298828125e+01
2.234221720695495605e+01
2.204916954040527344e+01
2.236514663696289062e+01
2.249247860908508301e+01
2.228577280044555664e+01
2.290922546386718750e+01
2.257363867759704590e+01
2.250147795677185059e+01
2.248039245605468750e+01
2.288473176956176758e+01
2.252108359336853027e+01
2.215667414665222168e+01
2.236441183090209961e+01
2.251921772956848145e+01
2.222268533706665039e+01
2.280461144447326660e+01
2.234180426597595215e+01
2.231572175025939941e+01
2.274608492851257324e+01
2.257770061492919922e+01
2.233397817611694336e+01
2.294961023330688477e+01
2.225824403762817383e+01
2.228923416137695312e+01
2.263979578018188477e+01
2.249537539482116699e+01
2.239490246772766113e+01
2.222404003143310547e+01
2.222481417655944824e+01
2.250689983367919922e+01
2.202831029891967773e+01
2.233338117599487305e+01
2.233670663833618164e+01
2.279430294036865234e+01
2.268224406242370605e+01
2.224379420280456543e+01
2.250665235519409180e+01
2.237590289115905762e+01
2.209349584579467773e+01
2.215359187126159668e+01
2.224621224403381348e+01
2.227336716651916504e+01
2.248918104171752930e+01
2.220531415939331055e+01
2.252735638618469238e+01
2.268482279777526855e+01
2.232016181945800781e+01
2.242787599563598633e+01
2.254875087738037109e+01
2.238058233261108398e+01
2.270273351669311523e+01
2.193566608428955078e+01
2.257477569580078125e+01
2.269854927062988281e+01
2.237392258644104004e+01
2.255550885200500488e+01
2.266834568977355957e+01
2.226150059700012207e+01
2.243710017204284668e+01
2.241927886009216309e+01
2.269589304924011230e+01
2.227881836891174316e+01
2.226985716819763184e+01
2.276627302169799805e+01
2.287490034103393555e+01
2.295184564590454102e+01
2.243354535102844238e+01
2.225601148605346680e+01
2.236632394790649414e+01
2.272426462173461914e+01
2.217870640754699707e+01
2.271231794357299805e+01
2.207683467864990234e+01
2.265894055366516113e+01
2.250139713287353516e+01
2.214515852928161621e+01
2.303553485870361328e+01
2.283918619155883789e+01
2.222103953361511230e+01
2.263408660888671875e+01
2.184637570381164551e+01
2.247867226600646973e+01
2.235679221153259277e+01
2.256523346900939941e+01
2.280694866180419922e+01
2.217569422721862793e+01
2.291972398757934570e+01
2.257047629356384277e+01
2.251074171066284180e+01
2.208344411849975586e+01
2.238786506652832031e+01
2.264593315124511719e+01
2.243601179122924805e+01
2.277677106857299805e+01
2.227479195594787598e+01
2.224605870246887207e+01
2.214556431770324707e+01
2.254258155822753906e+01
2.264031934738159180e+01
2.218914818763732910e+01
2.253300714492797852e+01
2.276158666610717773e+01
2.243270111083984375e+01
2.213148474693298340e+01
2.237909436225891113e+01
2.394714069366455078e+01
