1.295555043220520020e+01
1.230592608451843262e+01
1.242950320243835449e+01
1.237563848495483398e+01
1.229826545715332031e+01
1.238058829307556152e+01
1.237630200386047363e+01
1.250014781951904297e+01
1.251803970336914062e+01
1.220504331588745117e+01
1.246573448181152344e+01
1.254750800132751465e+01
1.241516518592834473e+01
1.257555055618286133e+01
1.248949122428894043e+01
1.254887199401855469e+01
1.250561523437500000e+01
1.263681936264038086e+01
1.230092716217041016e+01
1.248137617111206055e+01
1.264491748809814453e+01
1.256517314910888672e+01
1.232244920730590820e+01
1.234419703483581543e+01
1.246335506439208984e+01
1.228086042404174805e+01
1.243628072738647461e+01
1.271535253524780273e+01
1.251691174507141113e+01
1.256948184967041016e+01
1.250448465347290039e+01
1.230348896980285645e+01
1.260933136940002441e+01
1.247147417068481445e+01
1.231522822380065918e+01
1.249102163314819336e+01
1.237542152404785156e+01
1.245154523849487305e+01
1.238685274124145508e+01
1.257736134529113770e+01
1.258111977577209473e+01
1.252142572402954102e+01
1.259350180625915527e+01
1.258262133598327637e+01
1.251389527320861816e+01
1.258736801147460938e+01
1.258046054840087891e+01
1.249761319160461426e+01
1.254464602470397949e+01
1.256753921508789062e+01
1.241521668434143066e+01
1.260115528106689453e+01
1.251017761230468750e+01
1.261158132553100586e+01
1.234407162666320801e+01
1.241532707214355469e+01
1.246806335449218750e+01
1.249776840209960938e+01
1.240434050559997559e+01
1.254947328567504883e+01
1.260204267501831055e+01
1.226060843467712402e+01
1.248898839950561523e+01
1.231576299667358398e+01
1.239254617691040039e+01
1.251870560646057129e+01
1.241568851470947266e+01
1.242234921455383301e+01
1.248337316513061523e+01
1.261061382293701172e+01
1.234477233886718750e+01
1.253641080856323242e+01
1.262611579895019531e+01
1.254008698463439941e+01
1.264997625350952148e+01
1.246716475486755371e+01
1.210149502754211426e+01
1.250787830352783203e+01
1.259411644935607910e+01
1.230381321907043457e+01
1.234323763847351074e+01
1.246490120887756348e+01
1.231869459152221680e+01
1.243815135955810547e+01
1.249612927436828613e+01
1.237738800048828125e+01
1.237344574928283691e+01
1.249754810333251953e+01
1.259053778648376465e+01
1.260783457756042480e+01
1.244013619422912598e+01
1.247886610031127930e+01
1.248932838439941406e+01
1.252342510223388672e+01
1.239554667472839355e+01
1.228587245941162109e+01
1.253905653953552246e+01
1.260135483741760254e+01
1.246586441993713379e+01
1.249536705017089844e+01
1.255359601974487305e+01
1.263525533676147461e+01
1.254885578155517578e+01
1.261998677253723145e+01
1.240230941772460938e+01
1.235721302032470703e+01
1.252074909210205078e+01
1.261108446121215820e+01
1.234813523292541504e+01
1.256589865684509277e+01
1.256638932228088379e+01
1.255847716331481934e+01
1.247271943092346191e+01
1.252200412750244141e+01
1.260717630386352539e+01
1.267466592788696289e+01
1.240203094482421875e+01
1.247177386283874512e+01
1.236563515663146973e+01
1.264849424362182617e+01
1.251499557495117188e+01
1.244766926765441895e+01
1.249499225616455078e+01
1.245754599571228027e+01
1.236742782592773438e+01
1.258973860740661621e+01
1.250121331214904785e+01
1.244942402839660645e+01
1.247604751586914062e+01
1.233333373069763184e+01
1.236646819114685059e+01
1.259196853637695312e+01
1.242885088920593262e+01
1.239855933189392090e+01
1.239528918266296387e+01
1.224194455146789551e+01
1.258856105804443359e+01
1.236804413795471191e+01
1.255882763862609863e+01
1.258868098258972168e+01
1.249838304519653320e+01
1.257153201103210449e+01
1.247055339813232422e+01
1.253598785400390625e+01
1.262174844741821289e+01
1.210107779502868652e+01
1.247271633148193359e+01
1.245586705207824707e+01
1.249781107902526855e+01
1.250858902931213379e+01
1.256162333488464355e+01
1.223638987541198730e+01
1.240783810615539551e+01
1.264285445213317871e+01
1.261293339729309082e+01
1.229552817344665527e+01
1.240303611755371094e+01
1.256653213500976562e+01
1.243883752822875977e+01
1.269480490684509277e+01
1.245769095420837402e+01
1.243510866165161133e+01
1.250998950004577637e+01
1.257046961784362793e+01
1.237241148948669434e+01
1.246061730384826660e+01
1.219458460807800293e+01
1.252051353454589844e+01
1.217979097366333008e+01
1.231008028984069824e+01
1.242621254920959473e+01
1.265892410278320312e+01
1.239198112487792969e+01
1.257836151123046875e+01
1.203513455390930176e+01
1.255540633201599121e+01
1.239495611190795898e+01
1.252662825584411621e+01
1.255941224098205566e+01
1.246545791625976562e+01
1.255005288124084473e+01
1.252289891242980957e+01
1.259696674346923828e+01
1.230115795135498047e+01
1.254467201232910156e+01
1.253867983818054199e+01
1.237338113784790039e+01
1.250192594528198242e+01
1.239825487136840820e+01
1.241197419166564941e+01
1.240049600601196289e+01
1.252480792999267578e+01
1.251882767677307129e+01
1.220291495323181152e+01
1.260174298286437988e+01
1.253088879585266113e+01
1.245243954658508301e+01
1.242861056327819824e+01
1.244933867454528809e+01
1.247035813331604004e+01
