1.064999961853027344e+01
1.036999988555908203e+01
9.789999961853027344e+00
1.084000015258789062e+01
1.046000003814697266e+01
9.719999313354492188e+00
1.010999965667724609e+01
9.939999580383300781e+00
1.032999992370605469e+01
1.009000015258789062e+01
1.075000000000000000e+01
1.000999927520751953e+01
1.023999977111816406e+01
9.880000114440917969e+00
1.148999977111816406e+01
1.022999954223632812e+01
1.001999950408935547e+01
1.157999992370605469e+01
1.098999977111816406e+01
1.063999938964843750e+01
1.102999973297119141e+01
9.880000114440917969e+00
8.899999618530273438e+00
1.000000000000000000e+01
1.044999980926513672e+01
9.460000038146972656e+00
1.000000000000000000e+01
1.000000000000000000e+01
1.005999946594238281e+01
9.969999313354492188e+00
1.043999958038330078e+01
1.015999984741210938e+01
1.061999988555908203e+01
9.789999961853027344e+00
9.939999580383300781e+00
9.920000076293945312e+00
1.025999927520751953e+01
1.000000000000000000e+01
1.035999965667724609e+01
1.069999980926513672e+01
1.113999938964843750e+01
1.076999950408935547e+01
1.203999996185302734e+01
1.000000000000000000e+01
1.034999942779541016e+01
9.170000076293945312e+00
1.009999942779541016e+01
1.021999931335449219e+01
1.040999984741210938e+01
9.939999580383300781e+00
1.005999946594238281e+01
9.920000076293945312e+00
9.960000038146972656e+00
1.000999927520751953e+01
1.000000000000000000e+01
1.000000000000000000e+01
1.073999977111816406e+01
1.110999965667724609e+01
9.750000000000000000e+00
1.042000007629394531e+01
1.000000000000000000e+01
1.000000000000000000e+01
1.009000015258789062e+01
1.057999992370605469e+01
1.023999977111816406e+01
1.013000011444091797e+01
1.084999942779541016e+01
1.017999935150146484e+01
1.000000000000000000e+01
1.068999958038330078e+01
1.003999996185302734e+01
9.880000114440917969e+00
1.000000000000000000e+01
9.920000076293945312e+00
9.889999389648437500e+00
1.117000007629394531e+01
1.030000019073486328e+01
1.042000007629394531e+01
1.050999927520751953e+01
1.259000015258789062e+01
1.096000003814697266e+01
9.039999961853027344e+00
1.019999980926513672e+01
1.003999996185302734e+01
1.006999969482421875e+01
1.089999961853027344e+01
9.859999656677246094e+00
9.429999351501464844e+00
1.056999969482421875e+01
1.050000000000000000e+01
9.849999427795410156e+00
1.001999950408935547e+01
1.005000019073486328e+01
9.909999847412109375e+00
1.002999973297119141e+01
1.000000000000000000e+01
1.005000019073486328e+01
9.460000038146972656e+00
1.005999946594238281e+01
1.005000019073486328e+01
1.052999973297119141e+01
1.130999946594238281e+01
1.125000000000000000e+01
1.101999950408935547e+01
1.117000007629394531e+01
1.163999938964843750e+01
1.219999980926513672e+01
1.126999950408935547e+01
1.114999961853027344e+01
1.284999942779541016e+01
1.076999950408935547e+01
1.065999984741210938e+01
1.267000007629394531e+01
1.375999927520751953e+01
1.281999969482421875e+01
1.278999996185302734e+01
1.409999942779541016e+01
1.163999938964843750e+01
1.396000003814697266e+01
1.456999969482421875e+01
1.396999931335449219e+01
1.488999938964843750e+01
1.601000022888183594e+01
1.503999996185302734e+01
1.433999919891357422e+01
1.497999954223632812e+01
1.493999958038330078e+01
1.536999988555908203e+01
1.728999900817871094e+01
1.784000015258789062e+01
1.725000000000000000e+01
1.707999992370605469e+01
2.085000038146972656e+01
2.022999954223632812e+01
2.046999931335449219e+01
1.920999908447265625e+01
1.985000038146972656e+01
2.053999900817871094e+01
2.117000007629394531e+01
2.229999923706054688e+01
2.293999862670898438e+01
1.953999900817871094e+01
2.272999954223632812e+01
2.303999900817871094e+01
2.261999893188476562e+01
2.471999931335449219e+01
2.409999847412109375e+01
2.237999916076660156e+01
2.392000007629394531e+01
2.509000015258789062e+01
2.602999877929687500e+01
2.596999931335449219e+01
2.604999923706054688e+01
2.617999839782714844e+01
2.602999877929687500e+01
2.609999847412109375e+01
2.576000022888183594e+01
2.586999893188476562e+01
2.582999992370605469e+01
2.593999862670898438e+01
2.601000022888183594e+01
2.617000007629394531e+01
2.612999916076660156e+01
2.636999893188476562e+01
2.618999862670898438e+01
2.640999984741210938e+01
2.639999961853027344e+01
2.617999839782714844e+01
2.647999954223632812e+01
2.637999916076660156e+01
2.612999916076660156e+01
2.650000000000000000e+01
2.628999900817871094e+01
2.638999938964843750e+01
2.663999938964843750e+01
2.619999885559082031e+01
2.620999908447265625e+01
2.657999992370605469e+01
2.667999839782714844e+01
2.669999885559082031e+01
2.677999877929687500e+01
2.689999961853027344e+01
2.673999977111816406e+01
2.675000000000000000e+01
2.676999855041503906e+01
2.697999954223632812e+01
2.676999855041503906e+01
2.667000007629394531e+01
2.703999900817871094e+01
2.692999839782714844e+01
2.701000022888183594e+01
2.688999938964843750e+01
2.695999908447265625e+01
2.695999908447265625e+01
2.711999893188476562e+01
2.717000007629394531e+01
2.684000015258789062e+01
2.717000007629394531e+01
2.704999923706054688e+01
2.701000022888183594e+01
