2.129492759704589844e-01
2.501127719879150391e-01
2.327048778533935547e-01
2.343297004699707031e-01
2.464110851287841797e-01
2.312769889831542969e-01
2.214450836181640625e-01
2.456800937652587891e-01
2.281579971313476562e-01
1.880748271942138672e-01
2.529804706573486328e-01
2.706692218780517578e-01
2.715797424316406250e-01
2.585213184356689453e-01
2.728326320648193359e-01
2.575871944427490234e-01
2.270724773406982422e-01
2.574100494384765625e-01
2.054383754730224609e-01
2.469577789306640625e-01
2.834885120391845703e-01
2.534506320953369141e-01
2.311434745788574219e-01
2.139818668365478516e-01
2.482600212097167969e-01
1.949665546417236328e-01
2.483279705047607422e-01
2.923765182495117188e-01
2.294635772705078125e-01
2.699589729309082031e-01
2.138984203338623047e-01
1.894211769104003906e-01
2.466979026794433594e-01
2.286312580108642578e-01
2.111864089965820312e-01
2.250549793243408203e-01
2.913372516632080078e-01
2.214143276214599609e-01
2.125616073608398438e-01
2.638912200927734375e-01
2.242918014526367188e-01
2.472989559173583984e-01
2.236757278442382812e-01
2.833037376403808594e-01
2.377400398254394531e-01
2.603762149810791016e-01
2.654838562011718750e-01
2.168970108032226562e-01
2.297756671905517578e-01
2.416324615478515625e-01
2.237310409545898438e-01
2.404885292053222656e-01
2.364640235900878906e-01
2.756049633026123047e-01
2.565886974334716797e-01
2.194507122039794922e-01
1.966385841369628906e-01
2.168912887573242188e-01
2.391748428344726562e-01
2.365453243255615234e-01
2.675664424896240234e-01
2.590522766113281250e-01
2.245712280273437500e-01
2.020270824432373047e-01
2.380480766296386719e-01
2.608478069305419922e-01
2.319972515106201172e-01
2.121510505676269531e-01
2.399401664733886719e-01
2.443926334381103516e-01
2.370569705963134766e-01
2.525346279144287109e-01
2.593073844909667969e-01
2.386150360107421875e-01
2.856957912445068359e-01
2.197439670562744141e-01
2.190766334533691406e-01
2.506475448608398438e-01
2.475690841674804688e-01
2.101690769195556641e-01
2.034299373626708984e-01
2.297239303588867188e-01
3.004572391510009766e-01
2.359440326690673828e-01
2.517735958099365234e-01
2.071735858917236328e-01
2.161033153533935547e-01
2.266678810119628906e-01
2.385416030883789062e-01
2.611896991729736328e-01
2.104067802429199219e-01
2.207124233245849609e-01
2.230195999145507812e-01
2.455160617828369141e-01
2.467291355133056641e-01
1.908500194549560547e-01
2.548308372497558594e-01
2.621803283691406250e-01
2.525854110717773438e-01
2.591421604156494141e-01
2.290475368499755859e-01
2.585196495056152344e-01
2.602732181549072266e-01
2.600436210632324219e-01
2.542755603790283203e-01
2.218699455261230469e-01
2.352862358093261719e-01
2.440438270568847656e-01
2.324895858764648438e-01
2.916717529296875000e-01
2.603173255920410156e-01
2.512924671173095703e-01
2.383050918579101562e-01
2.533385753631591797e-01
2.485253810882568359e-01
2.627716064453125000e-01
2.242388725280761719e-01
2.202289104461669922e-01
1.926510334014892578e-01
2.639727592468261719e-01
2.468879222869873047e-01
2.287528514862060547e-01
2.248821258544921875e-01
2.859280109405517578e-01
1.823029518127441406e-01
2.558517456054687500e-01
2.256896495819091797e-01
2.612199783325195312e-01
2.387955188751220703e-01
1.964457035064697266e-01
2.884743213653564453e-01
2.498061656951904297e-01
2.096199989318847656e-01
2.283029556274414062e-01
2.468841075897216797e-01
2.541596889495849609e-01
2.426528930664062500e-01
2.337818145751953125e-01
2.416138648986816406e-01
2.944450378417968750e-01
2.312467098236083984e-01
2.279357910156250000e-01
2.282466888427734375e-01
2.317156791687011719e-01
2.340240478515625000e-01
1.606278419494628906e-01
2.161006927490234375e-01
2.516958713531494141e-01
2.626662254333496094e-01
2.824470996856689453e-01
2.410762310028076172e-01
2.022376060485839844e-01
1.996026039123535156e-01
1.862666606903076172e-01
3.010478019714355469e-01
2.271730899810791016e-01
2.037124633789062500e-01
2.570958137512207031e-01
2.275164127349853516e-01
2.709758281707763672e-01
2.397270202636718750e-01
2.508208751678466797e-01
2.461869716644287109e-01
2.462763786315917969e-01
2.604105472564697266e-01
2.465643882751464844e-01
2.357196807861328125e-01
2.085754871368408203e-01
2.451283931732177734e-01
2.607769966125488281e-01
2.302792072296142578e-01
2.935304641723632812e-01
2.052359580993652344e-01
2.417812347412109375e-01
2.114191055297851562e-01
2.175140380859375000e-01
2.605071067810058594e-01
2.462882995605468750e-01
2.999470233917236328e-01
1.994433403015136719e-01
2.608523368835449219e-01
2.507662773132324219e-01
2.567255496978759766e-01
2.418870925903320312e-01
2.310082912445068359e-01
2.521674633026123047e-01
2.255213260650634766e-01
2.338247299194335938e-01
2.319190502166748047e-01
2.288210391998291016e-01
2.221400737762451172e-01
2.599935531616210938e-01
2.583158016204833984e-01
2.177569866180419922e-01
2.556486129760742188e-01
2.387592792510986328e-01
2.584235668182373047e-01
1.924808025360107422e-01
2.663168907165527344e-01
4.724366664886474609e-01
