1.262913560867309570e+01
1.228761219978332520e+01
1.216048836708068848e+01
1.218320465087890625e+01
1.208848834037780762e+01
1.202113747596740723e+01
1.216468310356140137e+01
1.225018262863159180e+01
1.225459027290344238e+01
1.190514659881591797e+01
1.218237113952636719e+01
1.222258138656616211e+01
1.225921058654785156e+01
1.230124568939208984e+01
1.231943464279174805e+01
1.229051399230957031e+01
1.213537478446960449e+01
1.220458507537841797e+01
1.235322737693786621e+01
1.190504312515258789e+01
1.217384409904479980e+01
1.218900251388549805e+01
1.221085739135742188e+01
1.220497298240661621e+01
1.201124191284179688e+01
1.200505900382995605e+01
1.214894485473632812e+01
1.222156143188476562e+01
1.209146428108215332e+01
1.230759620666503906e+01
1.221355748176574707e+01
1.201259422302246094e+01
1.231800937652587891e+01
1.218334317207336426e+01
1.200783586502075195e+01
1.216027951240539551e+01
1.201164007186889648e+01
1.225416016578674316e+01
1.223931527137756348e+01
1.219331026077270508e+01
1.223765778541564941e+01
1.225272560119628906e+01
1.217046666145324707e+01
1.223724317550659180e+01
1.219130730628967285e+01
1.235315084457397461e+01
1.233534526824951172e+01
1.234528517723083496e+01
1.208100152015686035e+01
1.228027796745300293e+01
1.221706652641296387e+01
1.230093312263488770e+01
1.216002845764160156e+01
1.214860415458679199e+01
1.218469381332397461e+01
1.212195944786071777e+01
1.208435130119323730e+01
1.214447355270385742e+01
1.208270955085754395e+01
1.222903299331665039e+01
1.217166185379028320e+01
1.220267939567565918e+01
1.216726207733154297e+01
1.225061511993408203e+01
1.219198226928710938e+01
1.223536014556884766e+01
1.217920970916748047e+01
1.223733091354370117e+01
1.214682650566101074e+01
1.231136178970336914e+01
1.191395926475524902e+01
1.228934526443481445e+01
1.227452683448791504e+01
1.226692724227905273e+01
1.231631326675415039e+01
1.225478053092956543e+01
1.193314838409423828e+01
1.205723524093627930e+01
1.207437157630920410e+01
1.192977714538574219e+01
1.198187828063964844e+01
1.222435998916625977e+01
1.214130425453186035e+01
1.222393679618835449e+01
1.223578524589538574e+01
1.209960985183715820e+01
1.216019201278686523e+01
1.221728277206420898e+01
1.229795503616333008e+01
1.228621602058410645e+01
1.225631213188171387e+01
1.200858306884765625e+01
1.223119592666625977e+01
1.219068479537963867e+01
1.229429936408996582e+01
1.198957133293151855e+01
1.230300831794738770e+01
1.224712562561035156e+01
1.216021347045898438e+01
1.213128519058227539e+01
1.228876614570617676e+01
1.221714353561401367e+01
1.228034234046936035e+01
1.214468502998352051e+01
1.217459940910339355e+01
1.205031895637512207e+01
1.224815511703491211e+01
1.231241178512573242e+01
1.230964636802673340e+01
1.224178051948547363e+01
1.222978758811950684e+01
1.223715925216674805e+01
1.223248863220214844e+01
1.222858548164367676e+01
1.221668243408203125e+01
1.223768854141235352e+01
1.205971074104309082e+01
1.225318264961242676e+01
1.197852683067321777e+01
1.228018188476562500e+01
1.220026731491088867e+01
1.217255210876464844e+01
1.233250927925109863e+01
1.231213307380676270e+01
1.208158159255981445e+01
1.222200512886047363e+01
1.208774375915527344e+01
1.221982884407043457e+01
1.222732043266296387e+01
1.219788718223571777e+01
1.221065068244934082e+01
1.225952267646789551e+01
1.232561373710632324e+01
1.187938284873962402e+01
1.214578199386596680e+01
1.217534685134887695e+01
1.216813540458679199e+01
1.206178021430969238e+01
1.227607631683349609e+01
1.221072006225585938e+01
1.213585424423217773e+01
1.232022500038146973e+01
1.218052268028259277e+01
1.213213753700256348e+01
1.228851056098937988e+01
1.207747983932495117e+01
1.220630002021789551e+01
1.211003851890563965e+01
1.225830936431884766e+01
1.225051736831665039e+01
1.209285473823547363e+01
1.228145122528076172e+01
1.227710866928100586e+01
1.223596906661987305e+01
1.226739931106567383e+01
1.198798298835754395e+01
1.205119180679321289e+01
1.224279165267944336e+01
1.225870704650878906e+01
1.218083143234252930e+01
1.220485615730285645e+01
1.212077021598815918e+01
1.215796780586242676e+01
1.232208681106567383e+01
1.214165520668029785e+01
1.231467795372009277e+01
1.201794338226318359e+01
1.214299082756042480e+01
1.224090242385864258e+01
1.211306428909301758e+01
1.232984399795532227e+01
1.229491138458251953e+01
1.210104322433471680e+01
1.237336754798889160e+01
1.197041368484497070e+01
1.210022497177124023e+01
1.225885820388793945e+01
1.226374697685241699e+01
1.227944016456604004e+01
1.220425271987915039e+01
1.221870779991149902e+01
1.209386968612670898e+01
1.231551575660705566e+01
1.211715650558471680e+01
1.225460386276245117e+01
1.233231425285339355e+01
1.216812658309936523e+01
1.231991052627563477e+01
1.225637221336364746e+01
1.224322175979614258e+01
1.219053435325622559e+01
1.217990064620971680e+01
1.229489731788635254e+01
1.218431186676025391e+01
1.228020572662353516e+01
1.232871794700622559e+01
1.225565719604492188e+01
1.195804619789123535e+01
1.226177430152893066e+01
1.196582937240600586e+01
