2.614182986450195312e+00
2.623958456420898422e+00
2.668562239990234453e+00
2.742719938735961982e+00
2.782018362503051900e+00
3.002463125534057475e+00
2.895050778121948110e+00
2.960408623809814621e+00
2.932832260513305478e+00
3.191262059402465656e+00
3.180337092285156153e+00
2.996455358734130936e+00
3.051450397796630742e+00
3.053641987228393528e+00
3.282746591186523233e+00
3.391531913299560497e+00
3.134517508163451982e+00
3.181516363983154516e+00
3.079752253341674795e+00
2.925166547088623226e+00
2.864791691436767707e+00
2.919051025543212941e+00
2.820439711761474566e+00
2.970436995544433412e+00
2.934070864639282128e+00
2.922591800003051965e+00
3.108204377593994039e+00
2.826661722946167021e+00
2.851051021957397680e+00
2.803955370254516577e+00
2.817221803665161062e+00
2.872690208282470792e+00
2.833474153594970790e+00
2.772771214675903373e+00
2.779643664703369321e+00
2.809524847412109505e+00
2.682911866912841781e+00
2.768759192352294729e+00
2.778266327972412242e+00
2.839823001708984496e+00
2.656207746200561548e+00
2.696067015151977664e+00
2.713577938766479569e+00
2.597903920288085811e+00
2.654937627487182539e+00
2.763443933792114393e+00
2.694791876449584844e+00
2.740381777191162271e+00
2.715708797302246236e+00
2.670456170959472519e+00
2.679857541885375838e+00
2.654360409469604498e+00
2.636696512756347754e+00
2.539796184844970828e+00
2.590613179168701041e+00
2.597242295379638577e+00
2.629850021514892777e+00
2.613565382766723566e+00
2.597750334625243962e+00
2.611100543594360168e+00
2.611760550384521373e+00
2.558318720092773280e+00
2.592300221405029248e+00
2.618964786529541122e+00
2.622238863677978316e+00
2.610522518997192343e+00
2.571055277709961118e+00
2.599671551055908303e+00
2.645406432342529257e+00
2.675787979354858237e+00
2.555371075897217015e+00
2.552728210296630884e+00
2.588235123977661090e+00
2.543878946914672756e+00
2.590201820068359417e+00
2.644095843505859467e+00
2.670858644332885667e+00
2.773078148040771573e+00
2.672027699813842805e+00
2.729923930587768499e+00
2.681002964248657250e+00
2.645045666809081819e+00
2.688890856246948236e+00
2.639265711059570307e+00
2.672831222381591765e+00
2.718480066452026556e+00
2.567549285202026521e+00
2.585350206909179605e+00
2.533913316192626830e+00
2.518620061721801751e+00
2.569092752304077187e+00
2.621688091888427774e+00
2.611646981201171780e+00
2.517154425659179573e+00
2.521225568008422790e+00
2.541074255065917775e+00
2.587945911407470767e+00
2.569909386520385919e+00
2.578790457382202028e+00
2.529653321685791045e+00
2.308514179000854316e+00
2.304295334472656442e+00
2.303522580718994295e+00
2.303376033248901500e+00
2.302102246627807602e+00
2.297428369598388809e+00
2.297699501342773232e+00
2.296345762100219901e+00
2.297240985870361296e+00
2.292818647994995018e+00
2.291031206741333204e+00
2.287906061859130702e+00
2.288813587188720522e+00
2.289839582672119178e+00
2.286944444122314568e+00
2.282229798049926650e+00
2.281098869247436323e+00
2.281894367446899441e+00
2.278046807861328293e+00
2.273815643234252892e+00
2.275919125976562540e+00
2.272057317047118996e+00
2.265421830139159987e+00
2.266081294174194127e+00
2.264546024856567197e+00
2.257297878646850720e+00
2.252513300781250116e+00
2.250223687744140832e+00
2.250046254653930600e+00
2.241376819381713847e+00
2.234976696243286209e+00
2.229861238403320289e+00
2.225255955352783310e+00
2.219887353515625161e+00
2.211311294250488224e+00
2.211524833145141589e+00
2.205196101226806427e+00
2.195764993209838867e+00
2.187011158218383766e+00
2.175217860183715768e+00
2.164368572463989171e+00
2.160841602249145676e+00
2.151567349166870091e+00
2.143708419799804865e+00
2.134997675323486277e+00
2.130304166259765708e+00
2.122198806228637658e+00
2.110038516159057576e+00
2.102029227981567328e+00
2.088955017852783147e+00
2.087730679550170887e+00
2.086306760864257814e+00
2.078991473159789827e+00
2.079239278030395432e+00
2.079167393760680937e+00
2.078059916458129930e+00
2.080424865531921519e+00
2.076755597000122133e+00
2.074602752304077313e+00
2.072444738159179511e+00
2.074727761459350450e+00
2.075343533325195278e+00
2.070706911010742335e+00
2.066118759002685490e+00
2.067134802322387888e+00
2.064244198913574024e+00
2.063406777496338051e+00
2.065457498779296852e+00
2.063180028419494771e+00
2.061277958450317360e+00
2.057663320274353058e+00
2.059538660888671657e+00
2.058212189407348625e+00
2.059113351440429618e+00
2.057243940582275332e+00
2.055069843826293763e+00
2.052433572235107473e+00
2.053418081512451199e+00
2.053788991241455086e+00
2.049709710998535162e+00
2.051332857513427754e+00
2.049544735641479321e+00
2.047983389778137209e+00
2.048668821411132601e+00
2.049846572113037002e+00
2.045421127929687444e+00
2.042153893508911189e+00
2.047366801681518744e+00
2.045341110610961799e+00
2.041602513198852442e+00
2.045390539321899404e+00
2.041761172409057412e+00
2.044788575439453027e+00
2.041649109497070125e+00
2.038072212524414173e+00
2.041669634628295871e+00
2.034288217658996700e+00
2.035284702606201090e+00
2.033534022598266766e+00
2.032365409278869439e+00
