2.563511550750732226e+00
2.590926085433959969e+00
2.610289886093139611e+00
2.762768422470092577e+00
2.814045627288818352e+00
2.889771174774169893e+00
3.085304840393066517e+00
2.985728121643066224e+00
3.053996109008789261e+00
3.174293765106201093e+00
3.074072359161376777e+00
3.308714309768676642e+00
3.109929321823120318e+00
3.125047383270263879e+00
3.057137849578857480e+00
3.078875754241943152e+00
3.126911014938354327e+00
3.124631948699950978e+00
3.118979502487182476e+00
2.963227568359374953e+00
3.010037778778076323e+00
2.912249217300415083e+00
3.073649685363769368e+00
3.037014843521117946e+00
3.219470573272705138e+00
3.090591863403320261e+00
3.018429911422729539e+00
2.821064776992797896e+00
2.968755854263305682e+00
2.980382383956909020e+00
2.857444882354736482e+00
2.864894440155029365e+00
2.714163272247314573e+00
2.806598101882934682e+00
2.845078373641967584e+00
2.781057770156860176e+00
2.744113407745361499e+00
2.798636253051757894e+00
2.847735690383911056e+00
2.750782553482055803e+00
2.690965498657226451e+00
2.665838210144042986e+00
2.712794895706176934e+00
2.702629722900390608e+00
2.655087381362915000e+00
2.627266851501464995e+00
2.611003715133667136e+00
2.582376905975341863e+00
2.607773476409912305e+00
2.589098340148925814e+00
2.593471277694701982e+00
2.630981767425537132e+00
2.605445475006103351e+00
2.553661459655761856e+00
2.635829472885131697e+00
2.573235569000244194e+00
2.627821786575317287e+00
2.651787393264770643e+00
2.596833809127807591e+00
2.561793210830688672e+00
2.609466632919311468e+00
2.671423575668335104e+00
2.698799339981079015e+00
2.678162041702270457e+00
2.536084678421020477e+00
2.540460309753417967e+00
2.572578100128173784e+00
2.570162594985962112e+00
2.568871428833007897e+00
2.514948751678466987e+00
2.562133607864379936e+00
2.579205593948364239e+00
2.547540365295410059e+00
2.558100121994018483e+00
2.571485701980591010e+00
2.617558463897704968e+00
2.683381776733398283e+00
2.658549080047607482e+00
2.680477705154419077e+00
2.623155622100830087e+00
2.619943823318481524e+00
2.541415533981323360e+00
2.574481787567138635e+00
2.613853225708007599e+00
2.622442023239135889e+00
2.610520481643676671e+00
2.575060837860107643e+00
2.649815487365722699e+00
2.604658099441528485e+00
2.558316528625488306e+00
2.536282595901489412e+00
2.614692177124023242e+00
2.550148009796142645e+00
2.555079133377075262e+00
2.614722981109619315e+00
2.609557226181030476e+00
2.544806277999878130e+00
2.541499038619995154e+00
2.564299871215820481e+00
2.570634482574462698e+00
2.319715396957397591e+00
2.312263243026733583e+00
2.311290747756958197e+00
2.310427066574096688e+00
2.310668946304321292e+00
2.306978877487182444e+00
2.306950206222534216e+00
2.304322800674438287e+00
2.300222415695190481e+00
2.300675738830566530e+00
2.302881958160400533e+00
2.301654629516601602e+00
2.295192102890014851e+00
2.296160000534057666e+00
2.295194843444824162e+00
2.296544706497192223e+00
2.290670147171020687e+00
2.294109835205078163e+00
2.292640115203857576e+00
2.289202756958007789e+00
2.290397157440185349e+00
2.288182493743896373e+00
2.288391389846801793e+00
2.284950604019165166e+00
2.284649541015625118e+00
2.283003423080444350e+00
2.282255796508788848e+00
2.281381659088134839e+00
2.279975338897704873e+00
2.274201521682739369e+00
2.275623024826049612e+00
2.272144347839355483e+00
2.269111381149291784e+00
2.266634039916992194e+00
2.266343040542602605e+00
2.264351230010986260e+00
2.265330062713623249e+00
2.264001005172729286e+00
2.264764237060546748e+00
2.256168516159057447e+00
2.259940782012939575e+00
2.259072827453613375e+00
2.256342469100951931e+00
2.256158784790039284e+00
2.254374488525390685e+00
2.253710066223144626e+00
2.252000939941406266e+00
2.250961513290405058e+00
2.246258786544799602e+00
2.240422320480346841e+00
2.234887301559448147e+00
2.233280758819580214e+00
2.233063500747680674e+00
2.233299746627807725e+00
2.234149224014282176e+00
2.232574731140136937e+00
2.231368047027587842e+00
2.228212664108276453e+00
2.227596419677734474e+00
2.228049662933349495e+00
2.230523191223144686e+00
2.227819965515136502e+00
2.228026962585449411e+00
2.225997001495361172e+00
2.225562411956786946e+00
2.225901272735595793e+00
2.224736819381714081e+00
2.222417582473755093e+00
2.222166682891845824e+00
2.222103765640258910e+00
2.225307300491333073e+00
2.218324490127563386e+00
2.219915410003661993e+00
2.218528402252197385e+00
2.220056981201171897e+00
2.219522190017700236e+00
2.221565086975097802e+00
2.218499870376586802e+00
2.215740298004150510e+00
2.218277086944580034e+00
2.217047078781127833e+00
2.217235805130004955e+00
2.214566655120849603e+00
2.215710544967651519e+00
2.212855447540283294e+00
2.215566475906372013e+00
2.213440603179931632e+00
2.212422967071533186e+00
2.210686905288696380e+00
2.212497105865478542e+00
2.212689137420654095e+00
2.210370302276611465e+00
2.210700539245605611e+00
2.209221954269409149e+00
2.208432961654663185e+00
2.210198893508910967e+00
2.207323333053588854e+00
2.208300464401244945e+00
2.210090672683715951e+00
2.204559775161742952e+00
