1.272925972938537598e+01
1.210309505462646484e+01
1.222000384330749512e+01
1.222150683403015137e+01
1.206750583648681641e+01
1.198049402236938477e+01
1.222946166992187500e+01
1.230021524429321289e+01
1.221100783348083496e+01
1.219927000999450684e+01
1.228032112121582031e+01
1.228733944892883301e+01
1.230229783058166504e+01
1.223776721954345703e+01
1.220995926856994629e+01
1.224473404884338379e+01
1.229481101036071777e+01
1.225975966453552246e+01
1.226744174957275391e+01
1.206604290008544922e+01
1.232751798629760742e+01
1.225582742691040039e+01
1.218902277946472168e+01
1.227434182167053223e+01
1.214271473884582520e+01
1.199891042709350586e+01
1.223619365692138672e+01
1.241480255126953125e+01
1.219055438041687012e+01
1.231562924385070801e+01
1.223492288589477539e+01
1.185474967956542969e+01
1.235589766502380371e+01
1.224579930305480957e+01
1.214706897735595703e+01
1.222054338455200195e+01
1.213548254966735840e+01
1.211616492271423340e+01
1.213952016830444336e+01
1.237871646881103516e+01
1.233417296409606934e+01
1.227609348297119141e+01
1.229923772811889648e+01
1.230115962028503418e+01
1.224767255783081055e+01
1.231701612472534180e+01
1.237642097473144531e+01
1.231714463233947754e+01
1.214102649688720703e+01
1.226089906692504883e+01
1.227923583984375000e+01
1.238131594657897949e+01
1.226566767692565918e+01
1.223552680015563965e+01
1.222100996971130371e+01
1.215801906585693359e+01
1.209959387779235840e+01
1.197967410087585449e+01
1.225373721122741699e+01
1.219674491882324219e+01
1.227330279350280762e+01
1.216368603706359863e+01
1.208387637138366699e+01
1.212066721916198730e+01
1.225770568847656250e+01
1.221178650856018066e+01
1.218726897239685059e+01
1.221531319618225098e+01
1.222040462493896484e+01
1.234503436088562012e+01
1.197044229507446289e+01
1.222788906097412109e+01
1.222862076759338379e+01
1.230062723159790039e+01
1.227031946182250977e+01
1.242206668853759766e+01
1.213409137725830078e+01
1.200953054428100586e+01
1.222641730308532715e+01
1.212883710861206055e+01
1.206482148170471191e+01
1.226747035980224609e+01
1.210812020301818848e+01
1.220137596130371094e+01
1.218201065063476562e+01
1.204573607444763184e+01
1.207035470008850098e+01
1.217332959175109863e+01
1.222169971466064453e+01
1.229719758033752441e+01
1.226467013359069824e+01
1.199035811424255371e+01
1.207200789451599121e+01
1.223844385147094727e+01
1.233182001113891602e+01
1.207128453254699707e+01
1.234025979042053223e+01
1.228410816192626953e+01
1.223516297340393066e+01
1.212967824935913086e+01
1.239185142517089844e+01
1.225682902336120605e+01
1.238709831237792969e+01
1.227919054031372070e+01
1.239149880409240723e+01
1.205634784698486328e+01
1.229597663879394531e+01
1.226759624481201172e+01
1.226433968544006348e+01
1.225211524963378906e+01
1.231856369972229004e+01
1.219109463691711426e+01
1.226021385192871094e+01
1.218796753883361816e+01
1.218645715713500977e+01
1.227193665504455566e+01
1.198032426834106445e+01
1.223573112487792969e+01
1.201756310462951660e+01
1.232779908180236816e+01
1.213259148597717285e+01
1.222895002365112305e+01
1.237604713439941406e+01
1.222557520866394043e+01
1.210582852363586426e+01
1.234973835945129395e+01
1.216931080818176270e+01
1.221916651725769043e+01
1.227971220016479492e+01
1.216612505912780762e+01
1.217712950706481934e+01
1.216713404655456543e+01
1.230760765075683594e+01
1.187756419181823730e+01
1.219773626327514648e+01
1.216119813919067383e+01
1.225567150115966797e+01
1.216551280021667480e+01
1.234651827812194824e+01
1.234009170532226562e+01
1.211033034324645996e+01
1.225138449668884277e+01
1.226756358146667480e+01
1.221356868743896484e+01
1.223189711570739746e+01
1.220653057098388672e+01
1.227629208564758301e+01
1.206723165512084961e+01
1.217096924781799316e+01
1.234304118156433105e+01
1.221581602096557617e+01
1.226598763465881348e+01
1.225448226928710938e+01
1.221268081665039062e+01
1.239214205741882324e+01
1.202971267700195312e+01
1.226062941551208496e+01
1.232894039154052734e+01
1.232180356979370117e+01
1.231000614166259766e+01
1.229859018325805664e+01
1.221189808845520020e+01
1.226711559295654297e+01
1.237457585334777832e+01
1.204612541198730469e+01
1.237117385864257812e+01
1.203633761405944824e+01
1.202644848823547363e+01
1.220227932929992676e+01
1.206426334381103516e+01
1.233967232704162598e+01
1.226400494575500488e+01
1.218534874916076660e+01
1.229327368736267090e+01
1.190204620361328125e+01
1.217910504341125488e+01
1.240992259979248047e+01
1.237406373023986816e+01
1.233670902252197266e+01
1.218380522727966309e+01
1.213272714614868164e+01
1.222739267349243164e+01
1.232635784149169922e+01
1.217961645126342773e+01
1.229197049140930176e+01
1.224354195594787598e+01
1.211933779716491699e+01
1.226095747947692871e+01
1.232272362709045410e+01
1.225829625129699707e+01
1.211401057243347168e+01
1.222868895530700684e+01
1.233294582366943359e+01
1.213003754615783691e+01
1.231844711303710938e+01
1.241721844673156738e+01
1.237271738052368164e+01
1.204759955406188965e+01
1.224917507171630859e+01
1.208274841308593750e+01
