1.011200000244140540e+01
1.006400000000000006e+01
9.727999999389648877e+00
9.391999999389648579e+00
1.030399999572753877e+01
1.001599999969482369e+01
1.014400000244140543e+01
9.935999999542236338e+00
1.059199999938964787e+01
1.044799999984741135e+01
1.038399999938964768e+01
9.807999998779296291e+00
9.759999999999999787e+00
1.060799999938964788e+01
1.052799999938964781e+01
1.004799999908447283e+01
1.030400000244140557e+01
1.007999999938964919e+01
1.051199999938964780e+01
1.057599999877929697e+01
1.043200000244140568e+01
9.775999999542236196e+00
1.007999999938964919e+01
9.743999999694823444e+00
1.022400000244140550e+01
1.056000000244140580e+01
1.041599999938964771e+01
1.047999999954223682e+01
9.983999999847412710e+00
1.025599999908447302e+01
1.070399999969482430e+01
1.032000000244140558e+01
1.025600000244140553e+01
1.009599999908447288e+01
1.041600000183105479e+01
1.017600000244140546e+01
1.068799999984741156e+01
1.024000000244140551e+01
9.936000002441407020e+00
1.006399999938964918e+01
1.043199999908447317e+01
9.967999999694823643e+00
1.020800000244140548e+01
1.027199999954223664e+01
1.054400000244140578e+01
1.070399999938964797e+01
1.052799999954223686e+01
9.599999999694825092e+00
1.017599999938964928e+01
1.035199999877929677e+01
9.871999999542236282e+00
1.103999999969482460e+01
1.057599999969482418e+01
1.006399999954223645e+01
1.008000000244140537e+01
1.047999999908447322e+01
1.092799999969482450e+01
9.663999995727538206e+00
1.051199999938964780e+01
1.083199999954223713e+01
1.103999999954223554e+01
1.100799999954223551e+01
8.943999999389648181e+00
1.078399999572753920e+01
1.036800000244140563e+01
1.097600000244140617e+01
1.115199999938964837e+01
1.044799999984741135e+01
9.999999999084472790e+00
1.100799999877929736e+01
1.103999999938964827e+01
1.022399999938964932e+01
1.027199999954223664e+01
9.647999999847412411e+00
1.006399999954223645e+01
9.487999995727539826e+00
9.791999999389648934e+00
9.679999999389648835e+00
1.022399999572753870e+01
1.038400000244140564e+01
9.647999999389648806e+00
1.027199999938964758e+01
9.599999999542236040e+00
9.327999999694824851e+00
1.057599999954223691e+01
9.487999999389648664e+00
1.060800000244140584e+01
1.011199999572753860e+01
1.038399999572753885e+01
1.086399999938964811e+01
1.003199999969482370e+01
1.091199999969482448e+01
1.022399999938964932e+01
9.967999999542236367e+00
1.071999999938964798e+01
9.727999999542236154e+00
9.695999999999999730e+00
9.903999999389649034e+00
9.568000002441406693e+00
1.055999999938964784e+01
1.035199999969482398e+01
9.775999999389648920e+00
1.055999999969482417e+01
1.011199999969482377e+01
1.079999999954223711e+01
1.223999999572753872e+01
1.192000000183105435e+01
1.166399999908447249e+01
1.115199999938964837e+01
1.190399999938964903e+01
1.212799999938964923e+01
1.252800000244140577e+01
1.195200000183105438e+01
1.352000000183105399e+01
1.335999999877929767e+01
1.308799999908447198e+01
1.345599999908447231e+01
1.436799999572753883e+01
1.436799999511718795e+01
1.508799999877929743e+01
1.527999999572753964e+01
1.534399999908447221e+01
1.550399999908447235e+01
1.603199999908447282e+01
1.676799999572753919e+01
1.574400000488281215e+01
1.705600000244140801e+01
1.596799999572753848e+01
1.652799999816894427e+01
1.686400000244140784e+01
1.657600000488281111e+01
1.726400000183105377e+01
1.703999999877929739e+01
1.747200000244140483e+01
1.772800000488281214e+01
1.766399999908447427e+01
1.828799999511718610e+01
1.918400000183105547e+01
1.857599999572753902e+01
1.886399999908447356e+01
1.857600000183105493e+01
1.817599999877929662e+01
1.916799999908447205e+01
1.959999999938964876e+01
1.911999999511718684e+01
1.881600000244140602e+01
1.959999999816894700e+01
1.971199999572753825e+01
2.004799999511718767e+01
1.942399999877929773e+01
2.078400000244140600e+01
2.030399999511718789e+01
2.143999999816894686e+01
2.062399999511718818e+01
2.049600000183105308e+01
2.161599999908447245e+01
2.062400000122070409e+01
2.057600000183105493e+01
2.095999999908447364e+01
2.047999999877929511e+01
2.023999999877929667e+01
2.087999999938964990e+01
2.055999999877929696e+01
2.055999999816894430e+01
2.083199999877929542e+01
2.182400000488281222e+01
2.148800000183105396e+01
2.142399999572753799e+01
2.105599999816894652e+01
2.131199999572753967e+01
2.164800000122070145e+01
2.134399999511718704e+01
2.123199999572753782e+01
2.111999999877929568e+01
2.175999999816894359e+01
2.179199999572754010e+01
2.118400000488281165e+01
2.153599999511718721e+01
2.200000000488281415e+01
2.124800000183105553e+01
2.179200000183105601e+01
2.124800000488281171e+01
2.126399999511718875e+01
2.191999999511718755e+01
2.191999999572754021e+01
2.215999999511718599e+01
2.191999999938964905e+01
2.211199999908447111e+01
2.223999999572754049e+01
2.193600000183105436e+01
2.163200000183105587e+01
2.201600000183105621e+01
2.198400000183105618e+01
2.276800000244140776e+01
2.211199999877929656e+01
2.235200000488281091e+01
2.134399999877929588e+01
2.233599999877929676e+01
2.249600000122070398e+01
2.204800000488281242e+01
