1.273152494430541992e+01
1.220340561866760254e+01
1.218946266174316406e+01
1.229429292678833008e+01
1.215775775909423828e+01
1.216293406486511230e+01
1.225481104850769043e+01
1.228264045715332031e+01
1.222653269767761230e+01
1.209111046791076660e+01
1.219989991188049316e+01
1.222709774971008301e+01
1.218253946304321289e+01
1.225026845932006836e+01
1.227288532257080078e+01
1.230529356002807617e+01
1.223886251449584961e+01
1.220243024826049805e+01
1.231715774536132812e+01
1.210852885246276855e+01
1.227774262428283691e+01
1.222742819786071777e+01
1.220309305191040039e+01
1.243848347663879395e+01
1.208259749412536621e+01
1.202490043640136719e+01
1.222714781761169434e+01
1.236249232292175293e+01
1.215440607070922852e+01
1.231411528587341309e+01
1.220347428321838379e+01
1.196063089370727539e+01
1.229603385925292969e+01
1.235415506362915039e+01
1.209233760833740234e+01
1.234679031372070312e+01
1.228555822372436523e+01
1.215657472610473633e+01
1.213028931617736816e+01
1.234133982658386230e+01
1.228568410873413086e+01
1.223902273178100586e+01
1.212954497337341309e+01
1.225248861312866211e+01
1.235215902328491211e+01
1.231920289993286133e+01
1.239693737030029297e+01
1.233064675331115723e+01
1.205025911331176758e+01
1.228081798553466797e+01
1.220413875579833984e+01
1.230060720443725586e+01
1.226794743537902832e+01
1.218871521949768066e+01
1.220416331291198730e+01
1.211147046089172363e+01
1.209067893028259277e+01
1.206671214103698730e+01
1.216617751121520996e+01
1.223855304718017578e+01
1.230122923851013184e+01
1.223175168037414551e+01
1.214384603500366211e+01
1.211354160308837891e+01
1.232731938362121582e+01
1.208103919029235840e+01
1.213852429389953613e+01
1.225528478622436523e+01
1.211590981483459473e+01
1.226471066474914551e+01
1.189998745918273926e+01
1.221504306793212891e+01
1.225228762626647949e+01
1.234250044822692871e+01
1.227448010444641113e+01
1.226724195480346680e+01
1.207622289657592773e+01
1.205963349342346191e+01
1.223652172088623047e+01
1.209381890296936035e+01
1.206035280227661133e+01
1.225704979896545410e+01
1.233767080307006836e+01
1.222212982177734375e+01
1.225384902954101562e+01
1.203716039657592773e+01
1.210726785659790039e+01
1.217815256118774414e+01
1.218903517723083496e+01
1.235000205039978027e+01
1.226109695434570312e+01
1.204536080360412598e+01
1.223102760314941406e+01
1.219607925415039062e+01
1.230923056602478027e+01
1.200746321678161621e+01
1.237304806709289551e+01
1.225825881958007812e+01
1.208136820793151855e+01
1.209664678573608398e+01
1.229102659225463867e+01
1.232154417037963867e+01
1.222685432434082031e+01
1.225943303108215332e+01
1.226711535453796387e+01
1.207632541656494141e+01
1.219857978820800781e+01
1.225091242790222168e+01
1.223550605773925781e+01
1.223847079277038574e+01
1.230041718482971191e+01
1.215285348892211914e+01
1.216215896606445312e+01
1.223101425170898438e+01
1.224188375473022461e+01
1.239516544342041016e+01
1.207819533348083496e+01
1.221857404708862305e+01
1.190752482414245605e+01
1.222792625427246094e+01
1.215668821334838867e+01
1.221823430061340332e+01
1.233431959152221680e+01
1.224163985252380371e+01
1.208974981307983398e+01
1.229378509521484375e+01
1.210539579391479492e+01
1.232387804985046387e+01
1.227170443534851074e+01
1.222227454185485840e+01
1.216266798973083496e+01
1.214084506034851074e+01
1.229090261459350586e+01
1.193278717994689941e+01
1.220031189918518066e+01
1.204020833969116211e+01
1.229566836357116699e+01
1.207119512557983398e+01
1.230148768424987793e+01
1.240238785743713379e+01
1.211386513710021973e+01
1.226046919822692871e+01
1.225015997886657715e+01
1.213009119033813477e+01
1.216988611221313477e+01
1.221622776985168457e+01
1.224959468841552734e+01
1.208718109130859375e+01
1.222145485877990723e+01
1.224238204956054688e+01
1.223100113868713379e+01
1.228779196739196777e+01
1.224205756187438965e+01
1.212180352210998535e+01
1.227215790748596191e+01
1.193776917457580566e+01
1.223645472526550293e+01
1.233490538597106934e+01
1.228782677650451660e+01
1.237574505805969238e+01
1.227682280540466309e+01
1.221894812583923340e+01
1.228249573707580566e+01
1.221600890159606934e+01
1.211023020744323730e+01
1.226762819290161133e+01
1.200728750228881836e+01
1.204907536506652832e+01
1.216514563560485840e+01
1.207814860343933105e+01
1.230750799179077148e+01
1.229492449760437012e+01
1.223323154449462891e+01
1.225680160522460938e+01
1.190036940574645996e+01
1.216933345794677734e+01
1.215814447402954102e+01
1.228539419174194336e+01
1.228968620300292969e+01
1.222133040428161621e+01
1.227443027496337891e+01
1.222121810913085938e+01
1.228516697883605957e+01
1.216289114952087402e+01
1.226381754875183105e+01
1.231291460990905762e+01
1.198425078392028809e+01
1.232746315002441406e+01
1.230666995048522949e+01
1.225920391082763672e+01
1.219080448150634766e+01
1.230106163024902344e+01
1.227305912971496582e+01
1.218097448348999023e+01
1.227111816406250000e+01
1.226943850517272949e+01
1.226511597633361816e+01
1.186314988136291504e+01
1.221154975891113281e+01
1.216451644897460938e+01
