2.613311293106078903e+00
2.644985033645629979e+00
2.642927204742431702e+00
2.692045857467651349e+00
2.778428748626708966e+00
2.885491108474731448e+00
2.962945904006958120e+00
3.010186195526122876e+00
3.062527191925048964e+00
3.442578527221679785e+00
3.396700479278564444e+00
3.139901760711669709e+00
3.025153603134155489e+00
2.961634618988036927e+00
3.148003733596801634e+00
2.976104605331420849e+00
3.212945166015625187e+00
3.182205258255004665e+00
3.114604111785888474e+00
3.099959245452880818e+00
2.982804719924926573e+00
3.177846445922851704e+00
3.107351199264526187e+00
3.050963388061523229e+00
3.103378101196288874e+00
2.938159436645507938e+00
2.850149042587280412e+00
2.902031033782959124e+00
2.923237307815551578e+00
2.782740773620605346e+00
2.747251893386840838e+00
2.783576149368286234e+00
2.725336976623535357e+00
2.743081696014404436e+00
2.797141727905273267e+00
2.866417787017822238e+00
2.669927412719726778e+00
2.748211519241333001e+00
2.807934376373291130e+00
2.716488639755249235e+00
2.641336777725219687e+00
2.680290455856323195e+00
2.696790851135253853e+00
2.723225451049804846e+00
2.625684617462158421e+00
2.673240362548828131e+00
2.657790224456787254e+00
2.810215444183349565e+00
2.803062973098755073e+00
2.664614706802368005e+00
2.745460282669067276e+00
2.824956731796264719e+00
2.742723731536865106e+00
2.611002928848266791e+00
2.625526231994629089e+00
2.632008792800903496e+00
2.743502005157470780e+00
2.753992854995727324e+00
2.673280064163208181e+00
2.705839878616333127e+00
2.645637803878784222e+00
2.570149629516601752e+00
2.565579995498657340e+00
2.630574624938964767e+00
2.635983642349243095e+00
2.512469857635498016e+00
2.588116484756469937e+00
2.624972548904418890e+00
2.541062637100219845e+00
2.530843760833740408e+00
2.538170080337524226e+00
2.522300873336792204e+00
2.600647872924804815e+00
2.613004385375976568e+00
2.566672314834594903e+00
2.561669849243163988e+00
2.587932961273193389e+00
2.497482788314819402e+00
2.571992346649170091e+00
2.547264571533203181e+00
2.500870959091186396e+00
2.530079418411254721e+00
2.577404788284301862e+00
2.632274340820312641e+00
2.580722008819579916e+00
2.606972777557373000e+00
2.576305740127563304e+00
2.607991785430908038e+00
2.546849061126708946e+00
2.552233005981445313e+00
2.547968150711059643e+00
2.540479231872558419e+00
2.593557677764892766e+00
2.492810120620727599e+00
2.484862005462646461e+00
2.526056731414795031e+00
2.469377109451293961e+00
2.454211809082031071e+00
2.514021413116454884e+00
2.515364886093139685e+00
2.321728821945190369e+00
2.305243625488281101e+00
2.308686204071044745e+00
2.309601763381957884e+00
2.307907727432251033e+00
2.307228599166870175e+00
2.299024526596069151e+00
2.300051789474487407e+00
2.298078081665039019e+00
2.296837138977050774e+00
2.292389909057617192e+00
2.289250967254638613e+00
2.288699943923950375e+00
2.287546871337890586e+00
2.283186330490112326e+00
2.276732426834106260e+00
2.275668335418701282e+00
2.273610798721313664e+00
2.267339580307006663e+00
2.270843408584594769e+00
2.265783707656860546e+00
2.262449181289672762e+00
2.259565908508300858e+00
2.256425149154662968e+00
2.252607150268554737e+00
2.245859463577270621e+00
2.243582191619873267e+00
2.241615519943237267e+00
2.237301157379150585e+00
2.235492306442260713e+00
2.230691196365356621e+00
2.225856102218628063e+00
2.224759142913818266e+00
2.222670327682495284e+00
2.221420854263305600e+00
2.212449507522582959e+00
2.218079382781982467e+00
2.211645631408691415e+00
2.208806929473877023e+00
2.204078723754882674e+00
2.198831978225708195e+00
2.198167626953125176e+00
2.195809832305908316e+00
2.193718275680542007e+00
2.192385654525756955e+00
2.189339238128662046e+00
2.186134085617065459e+00
2.178074976425171005e+00
2.172367393569946348e+00
2.174227137298584189e+00
2.164264141159057520e+00
2.164270032272338717e+00
2.162306640319824336e+00
2.166639628448486121e+00
2.161344078903198351e+00
2.161879701385498009e+00
2.166173006820678815e+00
2.159363980026244967e+00
2.161456042175292858e+00
2.159628809204101607e+00
2.159854963226318425e+00
2.156580045013427593e+00
2.156992700653076245e+00
2.158599313125610486e+00
2.158385162506103683e+00
2.151180526351928801e+00
2.153949324417114397e+00
2.153298659057617304e+00
2.155444002914428836e+00
2.152392710571289225e+00
2.150073419723510959e+00
2.147770702819824074e+00
2.155351215667724585e+00
2.152409366607666019e+00
2.148576529464721663e+00
2.152019184417724773e+00
2.148156410140991124e+00
2.149886929702758742e+00
2.146609293975830113e+00
2.149267795410156445e+00
2.143072289505004946e+00
2.147823572158813477e+00
2.141868579101562364e+00
2.146015352020263833e+00
2.144465480728149576e+00
2.145626680297851419e+00
2.144798799896240116e+00
2.144887042388916143e+00
2.144671648330688463e+00
2.140858815994262532e+00
2.141978138427734546e+00
2.139971378555297843e+00
2.137676914749145674e+00
2.140185451354980284e+00
2.141781715927124186e+00
2.138002754745483180e+00
2.138539476699829134e+00
2.136733495559692386e+00
2.135246260375976757e+00
2.135121075897216780e+00
