9.590000152587890625e+00
1.009999942779541016e+01
9.840000152587890625e+00
9.569999694824218750e+00
1.098999977111816406e+01
1.072999954223632812e+01
9.699999809265136719e+00
9.609999656677246094e+00
1.148999977111816406e+01
1.061999988555908203e+01
1.050000000000000000e+01
1.011999988555908203e+01
1.009999942779541016e+01
1.001999950408935547e+01
9.989999771118164062e+00
1.009000015258789062e+01
1.005999946594238281e+01
1.021000003814697266e+01
1.001999950408935547e+01
9.829999923706054688e+00
1.044999980926513672e+01
1.039999961853027344e+01
1.065999984741210938e+01
1.053999996185302734e+01
1.092000007629394531e+01
9.979999542236328125e+00
1.001999950408935547e+01
1.097999954223632812e+01
1.001999950408935547e+01
1.011999988555908203e+01
1.046999931335449219e+01
1.000000000000000000e+01
1.036999988555908203e+01
9.340000152587890625e+00
9.579999923706054688e+00
1.042000007629394531e+01
1.097999954223632812e+01
9.969999313354492188e+00
1.000000000000000000e+01
1.080999946594238281e+01
1.000999927520751953e+01
1.110999965667724609e+01
9.969999313354492188e+00
9.909999847412109375e+00
9.989999771118164062e+00
1.009000015258789062e+01
9.989999771118164062e+00
1.122999954223632812e+01
1.113000011444091797e+01
1.075000000000000000e+01
9.960000038146972656e+00
1.181999969482421875e+01
9.969999313354492188e+00
9.920000076293945312e+00
1.050000000000000000e+01
1.050999927520751953e+01
9.960000038146972656e+00
1.017000007629394531e+01
1.000000000000000000e+01
9.960000038146972656e+00
1.010999965667724609e+01
1.000000000000000000e+01
9.949999809265136719e+00
9.979999542236328125e+00
1.100000000000000000e+01
1.000000000000000000e+01
1.059999942779541016e+01
1.001999950408935547e+01
1.393999958038330078e+01
1.206999969482421875e+01
9.989999771118164062e+00
9.989999771118164062e+00
1.000000000000000000e+01
1.000000000000000000e+01
1.002999973297119141e+01
1.015999984741210938e+01
1.038000011444091797e+01
1.023999977111816406e+01
1.113000011444091797e+01
1.084999942779541016e+01
1.063000011444091797e+01
1.000000000000000000e+01
1.050000000000000000e+01
9.029999732971191406e+00
9.489999771118164062e+00
1.046999931335449219e+01
1.000000000000000000e+01
1.026999950408935547e+01
9.510000228881835938e+00
1.085999965667724609e+01
1.046999931335449219e+01
1.071999931335449219e+01
1.039999961853027344e+01
1.134999942779541016e+01
1.000000000000000000e+01
1.053999996185302734e+01
1.177999973297119141e+01
9.769999504089355469e+00
1.075999927520751953e+01
1.002999973297119141e+01
1.013999938964843750e+01
1.071999931335449219e+01
1.094999980926513672e+01
1.179999923706054688e+01
1.134000015258789062e+01
1.184000015258789062e+01
1.152999973297119141e+01
1.263000011444091797e+01
1.346999931335449219e+01
1.309999942779541016e+01
1.285999965667724609e+01
1.280999946594238281e+01
1.400999927520751953e+01
1.390999984741210938e+01
1.364999961853027344e+01
1.500000000000000000e+01
1.521000003814697266e+01
1.409999942779541016e+01
1.442999935150146484e+01
1.579999923706054688e+01
1.601000022888183594e+01
1.597999954223632812e+01
1.564999961853027344e+01
1.622999954223632812e+01
1.644000053405761719e+01
1.652000045776367188e+01
1.737999916076660156e+01
1.806999969482421875e+01
1.578999996185302734e+01
1.575000000000000000e+01
1.826000022888183594e+01
1.810000038146972656e+01
1.854999923706054688e+01
1.827000045776367188e+01
1.952999877929687500e+01
1.786999893188476562e+01
2.040999984741210938e+01
1.982999992370605469e+01
2.003999900817871094e+01
2.010000038146972656e+01
1.979999923706054688e+01
2.088999938964843750e+01
2.120999908447265625e+01
2.080999946594238281e+01
1.912999916076660156e+01
1.998999977111816406e+01
2.018000030517578125e+01
2.180999946594238281e+01
2.006999969482421875e+01
2.128999900817871094e+01
2.262999916076660156e+01
2.250000000000000000e+01
2.257999992370605469e+01
2.277999877929687500e+01
2.270999908447265625e+01
2.277999877929687500e+01
2.264999961853027344e+01
2.257999992370605469e+01
2.230999946594238281e+01
2.232999992370605469e+01
2.242000007629394531e+01
2.221999931335449219e+01
2.254999923706054688e+01
2.286999893188476562e+01
2.277999877929687500e+01
2.247999954223632812e+01
2.264999961853027344e+01
2.231999969482421875e+01
2.270999908447265625e+01
2.282999992370605469e+01
2.294999885559082031e+01
2.259000015258789062e+01
2.310999870300292969e+01
2.302999877929687500e+01
2.331999969482421875e+01
2.326999855041503906e+01
2.322999954223632812e+01
2.331999969482421875e+01
2.359999847412109375e+01
2.300000000000000000e+01
2.340999984741210938e+01
2.345999908447265625e+01
2.319999885559082031e+01
2.394999885559082031e+01
2.356999969482421875e+01
2.309000015258789062e+01
2.343000030517578125e+01
2.326000022888183594e+01
2.336999893188476562e+01
2.379999923706054688e+01
2.403999900817871094e+01
2.387999916076660156e+01
2.392000007629394531e+01
2.377999877929687500e+01
2.388999938964843750e+01
2.395999908447265625e+01
2.395999908447265625e+01
2.401999855041503906e+01
2.381999969482421875e+01
2.365999984741210938e+01
