1.269198608398437500e+01
1.215414428710937500e+01
1.226817584037780762e+01
1.224087405204772949e+01
1.208823156356811523e+01
1.208289432525634766e+01
1.222488594055175781e+01
1.229065108299255371e+01
1.223007392883300781e+01
1.198411917686462402e+01
1.206191849708557129e+01
1.212636303901672363e+01
1.222500157356262207e+01
1.228035378456115723e+01
1.228723740577697754e+01
1.233793926239013672e+01
1.229023289680480957e+01
1.233957481384277344e+01
1.200117087364196777e+01
1.224224400520324707e+01
1.234164476394653320e+01
1.237071394920349121e+01
1.215167474746704102e+01
1.215587472915649414e+01
1.221869730949401855e+01
1.208934259414672852e+01
1.210796046257019043e+01
1.225387620925903320e+01
1.217302083969116211e+01
1.230805230140686035e+01
1.213985419273376465e+01
1.202999186515808105e+01
1.235762715339660645e+01
1.232997345924377441e+01
1.211482930183410645e+01
1.231046795845031738e+01
1.221190834045410156e+01
1.226848506927490234e+01
1.217384886741638184e+01
1.231604671478271484e+01
1.234523820877075195e+01
1.231001234054565430e+01
1.214917230606079102e+01
1.234893131256103516e+01
1.224176287651062012e+01
1.233855676651000977e+01
1.225189137458801270e+01
1.241284084320068359e+01
1.227413749694824219e+01
1.222189998626708984e+01
1.225185108184814453e+01
1.227505040168762207e+01
1.221759414672851562e+01
1.230357789993286133e+01
1.224976038932800293e+01
1.216763234138488770e+01
1.220982384681701660e+01
1.218832445144653320e+01
1.209665584564208984e+01
1.215653514862060547e+01
1.228880405426025391e+01
1.209779453277587891e+01
1.223748874664306641e+01
1.224287676811218262e+01
1.214515686035156250e+01
1.220047926902770996e+01
1.225074815750122070e+01
1.229167056083679199e+01
1.232706189155578613e+01
1.224988055229187012e+01
1.214449048042297363e+01
1.220924162864685059e+01
1.230102682113647461e+01
1.232852125167846680e+01
1.234740471839904785e+01
1.232682609558105469e+01
1.195659351348876953e+01
1.224718952178955078e+01
1.226997780799865723e+01
1.232889008522033691e+01
1.208728885650634766e+01
1.227312469482421875e+01
1.179529666900634766e+01
1.235541605949401855e+01
1.227671670913696289e+01
1.211090707778930664e+01
1.213178324699401855e+01
1.226677942276000977e+01
1.217657184600830078e+01
1.226936149597167969e+01
1.221916127204895020e+01
1.221198129653930664e+01
1.223389172554016113e+01
1.228171443939208984e+01
1.229293942451477051e+01
1.209207510948181152e+01
1.230556464195251465e+01
1.231200885772705078e+01
1.225078058242797852e+01
1.222916531562805176e+01
1.230278229713439941e+01
1.221242833137512207e+01
1.235822248458862305e+01
1.236254572868347168e+01
1.227511835098266602e+01
1.221749186515808105e+01
1.222367691993713379e+01
1.225177860260009766e+01
1.218010807037353516e+01
1.224750232696533203e+01
1.236879658699035645e+01
1.232857561111450195e+01
1.230909705162048340e+01
1.219976353645324707e+01
1.225990366935729980e+01
1.234199309349060059e+01
1.234399700164794922e+01
1.231722164154052734e+01
1.202715945243835449e+01
1.233015060424804688e+01
1.216978740692138672e+01
1.223464012145996094e+01
1.219220471382141113e+01
1.210045862197875977e+01
1.220397257804870605e+01
1.238730597496032715e+01
1.230083179473876953e+01
1.230133676528930664e+01
1.211810636520385742e+01
1.213530731201171875e+01
1.207716321945190430e+01
1.228381371498107910e+01
1.217160558700561523e+01
1.219109821319580078e+01
1.222643184661865234e+01
1.208052468299865723e+01
1.220129728317260742e+01
1.213236188888549805e+01
1.231728959083557129e+01
1.238545393943786621e+01
1.223208427429199219e+01
1.232863903045654297e+01
1.217055034637451172e+01
1.214493775367736816e+01
1.231692552566528320e+01
1.209942436218261719e+01
1.227053880691528320e+01
1.221406960487365723e+01
1.218289685249328613e+01
1.231060838699340820e+01
1.230865406990051270e+01
1.211487531661987305e+01
1.222205519676208496e+01
1.230697417259216309e+01
1.236222934722900391e+01
1.216516828536987305e+01
1.223881888389587402e+01
1.234153056144714355e+01
1.233782792091369629e+01
1.227357506752014160e+01
1.232431387901306152e+01
1.207061076164245605e+01
1.218778514862060547e+01
1.220987129211425781e+01
1.219231081008911133e+01
1.220625376701354980e+01
1.207228422164916992e+01
1.219112396240234375e+01
1.203752565383911133e+01
1.216697764396667480e+01
1.236745262145996094e+01
1.222690057754516602e+01
1.214380431175231934e+01
1.233120489120483398e+01
1.201095128059387207e+01
1.222331094741821289e+01
1.218235635757446289e+01
1.237203598022460938e+01
1.231577563285827637e+01
1.233058094978332520e+01
1.228518271446228027e+01
1.229846477508544922e+01
1.228271102905273438e+01
1.215717267990112305e+01
1.226299262046813965e+01
1.233013701438903809e+01
1.219821310043334961e+01
1.231641888618469238e+01
1.226356840133666992e+01
1.220956277847290039e+01
1.228203654289245605e+01
1.228970813751220703e+01
1.230129766464233398e+01
1.206523466110229492e+01
1.231325769424438477e+01
1.229484987258911133e+01
1.221280908584594727e+01
1.213362312316894531e+01
1.237369799613952637e+01
1.196849417686462402e+01
