2.129476070404052734e-01
2.501127719879150391e-01
2.327206134796142578e-01
2.343246936798095703e-01
2.464044094085693359e-01
2.313110828399658203e-01
2.214586734771728516e-01
2.456746101379394531e-01
2.281990051269531250e-01
1.880848407745361328e-01
2.529795169830322266e-01
2.706754207611083984e-01
2.715654373168945312e-01
2.585406303405761719e-01
2.728474140167236328e-01
2.575943470001220703e-01
2.270691394805908203e-01
2.575697898864746094e-01
2.054629325866699219e-01
2.469549179077148438e-01
2.834970951080322266e-01
2.534651756286621094e-01
2.311387062072753906e-01
2.139585018157958984e-01
2.482652664184570312e-01
1.949462890625000000e-01
2.483801841735839844e-01
2.923860549926757812e-01
2.294676303863525391e-01
2.699368000030517578e-01
2.138931751251220703e-01
1.894395351409912109e-01
2.467112541198730469e-01
2.286279201507568359e-01
2.111928462982177734e-01
2.250566482543945312e-01
2.913203239440917969e-01
2.214055061340332031e-01
2.126176357269287109e-01
2.639038562774658203e-01
2.242662906646728516e-01
2.472944259643554688e-01
2.236561775207519531e-01
2.827880382537841797e-01
2.377674579620361328e-01
2.603912353515625000e-01
2.654881477355957031e-01
2.168991565704345703e-01
2.297682762145996094e-01
2.417278289794921875e-01
2.237429618835449219e-01
2.406175136566162109e-01
2.365238666534423828e-01
2.755987644195556641e-01
2.565915584564208984e-01
2.194428443908691406e-01
1.966385841369628906e-01
2.168955802917480469e-01
2.392151355743408203e-01
2.365770339965820312e-01
2.676291465759277344e-01
2.589604854583740234e-01
2.245810031890869141e-01
2.020227909088134766e-01
2.379846572875976562e-01
2.608883380889892578e-01
2.320022583007812500e-01
2.121284008026123047e-01
2.399082183837890625e-01
2.443728446960449219e-01
2.370471954345703125e-01
2.525563240051269531e-01
2.592477798461914062e-01
2.386181354522705078e-01
2.856867313385009766e-01
2.197299003601074219e-01
2.190492153167724609e-01
2.506501674652099609e-01
2.475788593292236328e-01
2.101404666900634766e-01
2.034399509429931641e-01
2.298038005828857422e-01
2.947225570678710938e-01
2.359685897827148438e-01
2.517521381378173828e-01
2.071671485900878906e-01
2.161362171173095703e-01
2.267742156982421875e-01
2.385807037353515625e-01
2.611939907073974609e-01
2.104041576385498047e-01
2.207751274108886719e-01
2.230319976806640625e-01
2.455515861511230469e-01
2.466657161712646484e-01
1.908631324768066406e-01
2.548186779022216797e-01
2.621929645538330078e-01
2.525947093963623047e-01
2.591657638549804688e-01
2.290482521057128906e-01
2.584202289581298828e-01
2.602746486663818359e-01
2.600243091583251953e-01
2.542693614959716797e-01
2.218663692474365234e-01
2.352993488311767578e-01
2.440445423126220703e-01
2.325940132141113281e-01
2.916481494903564453e-01
2.603278160095214844e-01
2.513079643249511719e-01
2.382991313934326172e-01
2.533078193664550781e-01
2.485415935516357422e-01
2.627780437469482422e-01
2.242231369018554688e-01
2.202126979827880859e-01
1.926684379577636719e-01
2.640037536621093750e-01
2.470138072967529297e-01
2.287766933441162109e-01
2.249248027801513672e-01
2.859156131744384766e-01
1.822924613952636719e-01
2.558171749114990234e-01
2.257018089294433594e-01
2.612004280090332031e-01
2.388150691986083984e-01
1.964254379272460938e-01
2.884912490844726562e-01
2.498202323913574219e-01
2.096281051635742188e-01
2.283217906951904297e-01
2.468836307525634766e-01
2.541964054107666016e-01
2.426631450653076172e-01
2.338178157806396484e-01
2.416222095489501953e-01
2.944498062133789062e-01
2.312459945678710938e-01
2.279510498046875000e-01
2.282640933990478516e-01
2.316870689392089844e-01
2.340121269226074219e-01
1.606395244598388672e-01
2.160756587982177734e-01
2.517890930175781250e-01
2.626490592956542969e-01
2.824323177337646484e-01
2.396829128265380859e-01
2.022402286529541016e-01
1.995923519134521484e-01
1.862752437591552734e-01
3.010613918304443359e-01
2.271730899810791016e-01
2.036979198455810547e-01
2.570896148681640625e-01
2.275083065032958984e-01
2.709341049194335938e-01
2.398495674133300781e-01
2.508265972137451172e-01
2.461795806884765625e-01
2.462685108184814453e-01
2.604286670684814453e-01
2.464823722839355469e-01
2.357170581817626953e-01
2.084653377532958984e-01
2.451457977294921875e-01
2.607982158660888672e-01
2.302706241607666016e-01
2.935338020324707031e-01
2.051737308502197266e-01
2.418029308319091797e-01
2.114100456237792969e-01
2.175099849700927734e-01
2.605702877044677734e-01
2.463045120239257812e-01
2.999680042266845703e-01
1.994428634643554688e-01
2.608590126037597656e-01
2.507605552673339844e-01
2.567398548126220703e-01
2.418966293334960938e-01
2.309980392456054688e-01
2.521553039550781250e-01
2.255122661590576172e-01
2.338490486145019531e-01
2.319140434265136719e-01
2.288310527801513672e-01
2.221553325653076172e-01
2.600100040435791016e-01
2.583153247833251953e-01
2.177729606628417969e-01
2.556774616241455078e-01
2.387635707855224609e-01
2.584760189056396484e-01
1.924393177032470703e-01
2.663044929504394531e-01
4.724738597869873047e-01
