9.649999618530273438e+00
9.809999465942382812e+00
1.001999950408935547e+01
1.067000007629394531e+01
9.909999847412109375e+00
1.014999961853027344e+01
9.929999351501464844e+00
9.539999961853027344e+00
1.027999973297119141e+01
1.019999980926513672e+01
1.117999935150146484e+01
1.090999984741210938e+01
9.909999847412109375e+00
1.093999958038330078e+01
1.128999996185302734e+01
1.028999996185302734e+01
1.007999992370605469e+01
9.880000114440917969e+00
1.030999946594238281e+01
1.026999950408935547e+01
1.000000000000000000e+01
1.046000003814697266e+01
1.009000015258789062e+01
1.021000003814697266e+01
9.969999313354492188e+00
9.329999923706054688e+00
1.160999965667724609e+01
8.460000038146972656e+00
1.013999938964843750e+01
1.150000000000000000e+01
1.000000000000000000e+01
1.027999973297119141e+01
1.000000000000000000e+01
1.135999965667724609e+01
1.015999984741210938e+01
1.005999946594238281e+01
1.000999927520751953e+01
1.038000011444091797e+01
1.171000003814697266e+01
1.001999950408935547e+01
1.046999931335449219e+01
1.000000000000000000e+01
9.429999351501464844e+00
9.909999847412109375e+00
1.000000000000000000e+01
9.369999885559082031e+00
9.969999313354492188e+00
1.000999927520751953e+01
9.729999542236328125e+00
9.989999771118164062e+00
9.699999809265136719e+00
1.053999996185302734e+01
1.025000000000000000e+01
1.013000011444091797e+01
1.098999977111816406e+01
9.399999618530273438e+00
1.000000000000000000e+01
1.000000000000000000e+01
9.869999885559082031e+00
9.719999313354492188e+00
1.021999931335449219e+01
1.000999927520751953e+01
9.989999771118164062e+00
1.017999935150146484e+01
9.849999427795410156e+00
9.859999656677246094e+00
1.046000003814697266e+01
1.000000000000000000e+01
9.920000076293945312e+00
1.035999965667724609e+01
1.000000000000000000e+01
1.092999935150146484e+01
1.000000000000000000e+01
1.039999961853027344e+01
1.000000000000000000e+01
1.057999992370605469e+01
1.042000007629394531e+01
9.429999351501464844e+00
1.034000015258789062e+01
1.068999958038330078e+01
1.001999950408935547e+01
1.002999973297119141e+01
9.819999694824218750e+00
1.018999958038330078e+01
1.005000019073486328e+01
1.013000011444091797e+01
1.043999958038330078e+01
1.240999984741210938e+01
1.017999935150146484e+01
1.048999977111816406e+01
1.093999958038330078e+01
1.000000000000000000e+01
1.007999992370605469e+01
9.889999389648437500e+00
1.000000000000000000e+01
9.969999313354492188e+00
1.075000000000000000e+01
1.076999950408935547e+01
1.044999980926513672e+01
9.929999351501464844e+00
1.096000003814697266e+01
9.800000190734863281e+00
1.068999958038330078e+01
1.047999954223632812e+01
1.082999992370605469e+01
1.067000007629394531e+01
1.103999996185302734e+01
1.082999992370605469e+01
1.015999984741210938e+01
1.154999923706054688e+01
1.036999988555908203e+01
1.155999946594238281e+01
1.088000011444091797e+01
1.072999954223632812e+01
1.221999931335449219e+01
1.184999942779541016e+01
1.180999946594238281e+01
1.188999938964843750e+01
1.175000000000000000e+01
1.192000007629394531e+01
1.230999946594238281e+01
1.130000019073486328e+01
1.171000003814697266e+01
1.164999961853027344e+01
1.257999992370605469e+01
1.263999938964843750e+01
1.280999946594238281e+01
1.357999992370605469e+01
1.283999919891357422e+01
1.294999980926513672e+01
1.322999954223632812e+01
1.521000003814697266e+01
1.435999965667724609e+01
1.655999946594238281e+01
1.406999969482421875e+01
1.390999984741210938e+01
1.503999996185302734e+01
1.703999900817871094e+01
1.736999893188476562e+01
1.334999942779541016e+01
1.506999969482421875e+01
1.756999969482421875e+01
1.785000038146972656e+01
1.628999900817871094e+01
1.642000007629394531e+01
1.738999938964843750e+01
1.862999916076660156e+01
1.437999916076660156e+01
1.673999977111816406e+01
1.750000000000000000e+01
1.823999977111816406e+01
1.800000000000000000e+01
1.850000000000000000e+01
1.782999992370605469e+01
1.768000030517578125e+01
1.794999885559082031e+01
1.809000015258789062e+01
1.852999877929687500e+01
1.839999961853027344e+01
1.819999885559082031e+01
1.810000038146972656e+01
1.865999984741210938e+01
1.879999923706054688e+01
1.829999923706054688e+01
1.812999916076660156e+01
1.900000000000000000e+01
1.862999916076660156e+01
1.867000007629394531e+01
1.884000015258789062e+01
1.919999885559082031e+01
1.914999961853027344e+01
1.922999954223632812e+01
1.902000045776367188e+01
1.930999946594238281e+01
1.877999877929687500e+01
1.930999946594238281e+01
1.961999893188476562e+01
1.968999862670898438e+01
1.969999885559082031e+01
1.907999992370605469e+01
1.964999961853027344e+01
1.943999862670898438e+01
1.985999870300292969e+01
1.951000022888183594e+01
1.952999877929687500e+01
1.988999938964843750e+01
1.975000000000000000e+01
1.937999916076660156e+01
1.910000038146972656e+01
2.001999855041503906e+01
2.018000030517578125e+01
2.027999877929687500e+01
2.025000000000000000e+01
2.036999893188476562e+01
2.019999885559082031e+01
2.018999862670898438e+01
1.993000030517578125e+01
1.985000038146972656e+01
2.051999855041503906e+01
1.987999916076660156e+01
