2.265898299217224121e+01
2.228026771545410156e+01
2.239822101593017578e+01
2.271407985687255859e+01
2.253838872909545898e+01
2.234743356704711914e+01
2.262073588371276855e+01
2.297619056701660156e+01
2.262367820739746094e+01
2.247473931312561035e+01
2.218450164794921875e+01
2.231818556785583496e+01
2.230621957778930664e+01
2.250450396537780762e+01
2.255739045143127441e+01
2.237001633644104004e+01
2.226594567298889160e+01
2.264920711517333984e+01
2.229656958580017090e+01
2.264771413803100586e+01
2.246671557426452637e+01
2.235217332839965820e+01
2.225344824790954590e+01
2.276972103118896484e+01
2.246046209335327148e+01
2.220628738403320312e+01
2.262472677230834961e+01
2.301921272277832031e+01
2.259199357032775879e+01
2.250606179237365723e+01
2.218105053901672363e+01
2.216840291023254395e+01
2.245099449157714844e+01
2.268862533569335938e+01
2.294139838218688965e+01
2.247732925415039062e+01
2.289978122711181641e+01
2.251086831092834473e+01
2.260094118118286133e+01
2.255877041816711426e+01
2.264113378524780273e+01
2.249573469161987305e+01
2.224892115592956543e+01
2.275913286209106445e+01
2.264957952499389648e+01
2.252249050140380859e+01
2.262850856781005859e+01
2.220272207260131836e+01
2.244667339324951172e+01
2.261642456054687500e+01
2.262908315658569336e+01
2.263448572158813477e+01
2.220108461380004883e+01
2.239028692245483398e+01
2.225961399078369141e+01
2.255923748016357422e+01
2.201532483100891113e+01
2.234201121330261230e+01
2.264700746536254883e+01
2.261099505424499512e+01
2.237648463249206543e+01
2.235401439666748047e+01
2.252310442924499512e+01
2.210516929626464844e+01
2.232767987251281738e+01
2.227736186981201172e+01
2.212261486053466797e+01
2.273293375968933105e+01
2.218901252746582031e+01
2.277429103851318359e+01
2.241631174087524414e+01
2.229240822792053223e+01
2.275361585617065430e+01
2.235522866249084473e+01
2.252706217765808105e+01
2.224493455886840820e+01
2.193861985206604004e+01
2.257303857803344727e+01
2.230204486846923828e+01
2.215693426132202148e+01
2.203860139846801758e+01
2.232191443443298340e+01
2.282923507690429688e+01
2.236976313591003418e+01
2.245662403106689453e+01
2.198692083358764648e+01
2.204113936424255371e+01
2.239896345138549805e+01
2.247345352172851562e+01
2.241024136543273926e+01
2.247857737541198730e+01
2.225857353210449219e+01
2.256477737426757812e+01
2.262407064437866211e+01
2.250285887718200684e+01
2.197091746330261230e+01
2.254449987411499023e+01
2.263396954536437988e+01
2.238687109947204590e+01
2.234037518501281738e+01
2.278280496597290039e+01
2.269376015663146973e+01
2.255848455429077148e+01
2.260818552970886230e+01
2.251156044006347656e+01
2.227023673057556152e+01
2.223363876342773438e+01
2.228992247581481934e+01
2.235474562644958496e+01
2.282599997520446777e+01
2.246277236938476562e+01
2.228711104393005371e+01
2.232204961776733398e+01
2.253085970878601074e+01
2.284193348884582520e+01
2.279662537574768066e+01
2.242461609840393066e+01
2.223325037956237793e+01
2.239394330978393555e+01
2.260288977622985840e+01
2.240106916427612305e+01
2.225990843772888184e+01
2.241357851028442383e+01
2.249215388298034668e+01
2.252642035484313965e+01
2.236406731605529785e+01
2.260757112503051758e+01
2.282564663887023926e+01
2.274422693252563477e+01
2.209423470497131348e+01
2.245824170112609863e+01
2.236217617988586426e+01
2.226068449020385742e+01
2.224357509613037109e+01
2.216513371467590332e+01
2.211016941070556641e+01
2.274293732643127441e+01
2.218000197410583496e+01
2.233786153793334961e+01
2.305124473571777344e+01
2.241527318954467773e+01
2.222708249092102051e+01
2.241505193710327148e+01
2.211530518531799316e+01
2.254729485511779785e+01
2.197517657279968262e+01
2.218347573280334473e+01
2.228227186203002930e+01
2.240284013748168945e+01
2.260072445869445801e+01
2.228604173660278320e+01
2.210155153274536133e+01
2.227414464950561523e+01
2.210497307777404785e+01
2.249504971504211426e+01
2.212587428092956543e+01
2.226768350601196289e+01
2.298822665214538574e+01
2.253315854072570801e+01
2.278094983100891113e+01
2.238740348815917969e+01
2.225595903396606445e+01
2.223827910423278809e+01
2.226001024246215820e+01
2.234195256233215332e+01
2.235096502304077148e+01
2.232428359985351562e+01
2.270639777183532715e+01
2.221005725860595703e+01
2.253582501411437988e+01
2.258496069908142090e+01
2.319224691390991211e+01
2.262913537025451660e+01
2.229670619964599609e+01
2.193259453773498535e+01
2.261564731597900391e+01
2.236872959136962891e+01
2.276789784431457520e+01
2.250802302360534668e+01
2.230516958236694336e+01
2.267936706542968750e+01
2.238889050483703613e+01
2.290222334861755371e+01
2.221242952346801758e+01
2.229930877685546875e+01
2.269108605384826660e+01
2.247314977645874023e+01
2.289260721206665039e+01
2.262412118911743164e+01
2.253215551376342773e+01
2.272444891929626465e+01
2.251113033294677734e+01
2.240265703201293945e+01
2.240544176101684570e+01
2.284611582756042480e+01
2.254690051078796387e+01
2.257985115051269531e+01
2.235136651992797852e+01
2.278639435768127441e+01
2.388307714462280273e+01
