2.602776819763183536e+00
2.616748065795898359e+00
2.669814606246948330e+00
2.721050482025146433e+00
2.787309320144653491e+00
2.925302026367187391e+00
2.851724133148193285e+00
2.910225534744262710e+00
3.074475095748901321e+00
3.213089494094848675e+00
3.184158531036377138e+00
3.109323072280883782e+00
3.111475022811889701e+00
3.148444796905517595e+00
3.305626733245849547e+00
3.468064015655517363e+00
3.192286705780029266e+00
3.228488880615234535e+00
3.092552218704223588e+00
3.003631455383300786e+00
2.787442405548095525e+00
2.861503685760498072e+00
2.785667130737304653e+00
2.956397478637695198e+00
2.996289696731567531e+00
2.939609043579101577e+00
2.993331488647461125e+00
2.800799903106689470e+00
2.834982245635986331e+00
2.812451933593750120e+00
2.817496620330810497e+00
2.830524282684326209e+00
2.868420434036254907e+00
2.829432436599731648e+00
2.824371653442382613e+00
2.739735438461303740e+00
2.702608124389648481e+00
2.798902873687743931e+00
2.834051899795532403e+00
2.796847852172851479e+00
2.699662094192504913e+00
2.708029824829101706e+00
2.718573521270752025e+00
2.608902325973510905e+00
2.660339392318725515e+00
2.701892732696533184e+00
2.696302988815307611e+00
2.740267912445068177e+00
2.754606997528076029e+00
2.703973768463134864e+00
2.649039893188476658e+00
2.643921698760986150e+00
2.619815053253173875e+00
2.566736967773437517e+00
2.610074870147705006e+00
2.557281808776855403e+00
2.597133091430663843e+00
2.618833454971313479e+00
2.622331340942382738e+00
2.597045821228027407e+00
2.568006447296142358e+00
2.558096521530151435e+00
2.559207321243285982e+00
2.623940842208862367e+00
2.632126994934082198e+00
2.585513620758056685e+00
2.575246671829223732e+00
2.572758022689819235e+00
2.596470979080200081e+00
2.603319849395751895e+00
2.568128477706909329e+00
2.521787736816406333e+00
2.609041015319824020e+00
2.576002853164673034e+00
2.613682478027343770e+00
2.643269597854614350e+00
2.690636150665283388e+00
2.728141791915893677e+00
2.671189376602173038e+00
2.639475327758789014e+00
2.701267338333130041e+00
2.676912483978271418e+00
2.647023037872314521e+00
2.667240619430542026e+00
2.675525213317871298e+00
2.814710143356323080e+00
2.588410508499145557e+00
2.583605050811767612e+00
2.566403490753173866e+00
2.522909937820434489e+00
2.556747988967895679e+00
2.601805784225463825e+00
2.552951354904174686e+00
2.564012032928466578e+00
2.533100253372192245e+00
2.522674966506957883e+00
2.603784153900146503e+00
2.556163251037597561e+00
2.577517409591674635e+00
2.503173901367187426e+00
2.308353027954101577e+00
2.305111345291137592e+00
2.305189396057128803e+00
2.303028934783935444e+00
2.304601815795898290e+00
2.296122241668701047e+00
2.299180283126831092e+00
2.297343462600708097e+00
2.295463442611694216e+00
2.292139401168823198e+00
2.288282420196533273e+00
2.289921752471923977e+00
2.289652135772704877e+00
2.287332928009033317e+00
2.286986503295898476e+00
2.284625701522827068e+00
2.282172547149658115e+00
2.281503763961791886e+00
2.280592487182617312e+00
2.275108934860229581e+00
2.276871482620239195e+00
2.269657213363647674e+00
2.270041734542846523e+00
2.263862630615234295e+00
2.266699281539917177e+00
2.260622088088989123e+00
2.257345012817382646e+00
2.253945172424316468e+00
2.252111480941772381e+00
2.242643117065429514e+00
2.238354526824950952e+00
2.234908020248413063e+00
2.227864540252685543e+00
2.215430037155151410e+00
2.213351064300537185e+00
2.210239668045043793e+00
2.206971004791259627e+00
2.190146091461181665e+00
2.182725187988281412e+00
2.176105109024047746e+00
2.164948273391723799e+00
2.161126899871826268e+00
2.152240489578247207e+00
2.148386368637084765e+00
2.135356487503051959e+00
2.126399617004394393e+00
2.122339761886596676e+00
2.109534160156250060e+00
2.106238386154174691e+00
2.093478613662719923e+00
2.086151292648315447e+00
2.086971310577392380e+00
2.075737760314941394e+00
2.074717856750488476e+00
2.078189171905517441e+00
2.078177083129882696e+00
2.072519257888794098e+00
2.073995195236205902e+00
2.077906403198242380e+00
2.075843045120239427e+00
2.072662324905395703e+00
2.071752652664184513e+00
2.069315962295532163e+00
2.071645837631225451e+00
2.064566575317382746e+00
2.069961743621826056e+00
2.069333696975708126e+00
2.063480858688354402e+00
2.067620071334838716e+00
2.060316395263671829e+00
2.063035769920348983e+00
2.059998213195800787e+00
2.058018630714416375e+00
2.056171898651123264e+00
2.056605596389770696e+00
2.056756822052002054e+00
2.054988867187499846e+00
2.053555729675292874e+00
2.053811285629272287e+00
2.054516501541137519e+00
2.048629523391723772e+00
2.049946419563293265e+00
2.047008575592041080e+00
2.046004239044189266e+00
2.049748768653869568e+00
2.050157927551269577e+00
2.042441101760864353e+00
2.047389945068359474e+00
2.047554921112060722e+00
2.041879620971679632e+00
2.043828370971679576e+00
2.044120717620849792e+00
2.038353749961852923e+00
2.036591560211181484e+00
2.037081486511230555e+00
2.036430366439819117e+00
2.038701647491455216e+00
2.038068118820190566e+00
2.034729447402954250e+00
2.037937209129333294e+00
