9.824000002441406920e+00
1.001599999938964913e+01
1.055999999954223689e+01
9.951999999542236353e+00
1.017599999938964928e+01
9.871999999389649005e+00
1.063999999969482424e+01
1.057599999969482418e+01
9.855999999542236267e+00
1.052799999908447326e+01
1.030399999969482394e+01
9.775999999542236196e+00
1.007999999938964919e+01
9.775999995727538305e+00
1.012800000244140541e+01
1.031999999908447307e+01
1.059199999938964787e+01
9.999999999389649119e+00
1.014399999938964925e+01
1.083199999969482441e+01
1.031999999938964763e+01
1.084799999969482442e+01
1.041600000244140567e+01
9.871999999084472677e+00
9.455999999389648636e+00
1.065600000244140588e+01
9.727999999847412482e+00
1.071999999954223703e+01
1.070399999908447342e+01
9.839999999389648977e+00
9.968000002441407048e+00
1.084799999938964810e+01
1.055999999954223689e+01
9.871999999389649005e+00
9.775999999084472591e+00
1.103999999954223554e+01
1.068800000244140591e+01
9.935999999084472734e+00
1.009599999969482376e+01
1.024000000244140551e+01
9.967999999542236367e+00
9.856000002441406949e+00
9.855999999389648991e+00
9.872000002441406963e+00
1.004799999938964916e+01
1.004800000244140712e+01
1.057599999908447330e+01
1.001599999984741274e+01
1.020799999969482386e+01
1.003199999877929649e+01
9.919999999389649048e+00
1.003199999954223642e+01
1.063999999954223696e+01
1.051199999877929692e+01
9.983999999847412710e+00
1.025599999908447302e+01
9.551999999694825050e+00
9.679999999694823387e+00
1.007999999572753858e+01
1.062399999938964790e+01
1.070400000244140593e+01
9.888000002441406977e+00
1.014399999938964925e+01
1.027199999954223664e+01
9.471999999847412255e+00
9.423999995727539769e+00
1.025599999908447302e+01
1.009600000244140539e+01
1.030399999969482394e+01
1.033599999908447309e+01
1.038400000244140564e+01
1.025599999938964757e+01
9.599999999694825092e+00
9.999999999542236395e+00
9.999999999389649119e+00
1.011199999954223649e+01
1.015999999938964926e+01
9.679999999389648835e+00
1.035200000244140561e+01
1.073599999954223705e+01
1.022399999954223659e+01
9.983999999694823657e+00
9.887999999389649020e+00
9.631999999542236068e+00
9.295999999389648494e+00
9.359999999542235827e+00
1.004799999572753855e+01
1.019199999954223657e+01
9.872000004882812263e+00
1.027199999572753875e+01
1.027199999938964758e+01
9.695999999389648849e+00
1.059199999938964787e+01
9.871999999694823558e+00
1.004799999511718767e+01
9.999999999542236395e+00
9.855999995727538376e+00
1.035199999938964766e+01
1.028799999908447305e+01
1.064000000183105499e+01
1.094399999938964818e+01
1.065599999954223698e+01
1.132799999938964852e+01
1.137599999572753973e+01
1.094399999954223546e+01
1.190399999908447271e+01
1.158399999908447242e+01
1.211199999938964922e+01
1.251199999954223685e+01
1.209599999938964920e+01
1.264000000183105499e+01
1.244799999572753890e+01
1.191999999954223632e+01
1.243199999572753889e+01
1.267199999877929706e+01
1.420799999969482386e+01
1.313599999954223563e+01
1.425600000244140553e+01
1.335999999877929767e+01
1.435199999511718794e+01
1.463999999938964791e+01
1.478399999938964804e+01
1.526399999877929758e+01
1.529599999908447217e+01
1.471999999938964798e+01
1.569600000488281211e+01
1.583999999954223625e+01
1.598400000244140706e+01
1.592000000183105435e+01
1.665599999572753731e+01
1.745599999511718892e+01
1.817599999938964928e+01
1.739200000183105388e+01
1.911999999877929568e+01
1.923200000122070463e+01
1.942399999572753799e+01
1.947200000488281191e+01
2.036799999572754061e+01
2.153600000183105578e+01
2.095999999572753936e+01
2.145599999145507653e+01
2.136000000488281358e+01
2.161599999572753816e+01
2.076800000183105510e+01
2.124800000488281171e+01
2.164799999877929793e+01
2.180799999877929807e+01
2.296000000488281145e+01
2.257600000183105493e+01
2.328000000183105556e+01
2.491200000183105345e+01
2.476799999572753919e+01
2.575999999511718741e+01
2.572800000488281214e+01
2.382399999938964896e+01
2.500800000244140620e+01
2.646400000183105305e+01
2.521599999877929577e+01
2.489599999816894638e+01
2.455999999969482417e+01
2.492799999938964817e+01
2.487999999908447180e+01
2.467200000183105502e+01
2.439999999511718798e+01
2.585600000488281225e+01
2.495999999511718670e+01
2.553600000183105578e+01
2.550399999877929602e+01
2.513600000488281339e+01
2.513600000488281339e+01
2.495999999755859378e+01
2.523199999908447211e+01
2.566399999816894706e+01
2.555200000488281376e+01
2.572799999511718738e+01
2.588800000488281228e+01
2.553600000183105578e+01
2.536000000183105385e+01
2.609599999908447288e+01
2.571199999572753825e+01
2.539199999572753796e+01
2.511999999145507800e+01
2.646399999572754069e+01
2.631999999145507729e+01
2.542400000732421717e+01
2.596799999511718582e+01
2.580799999511718923e+01
2.553600000122070313e+01
2.607999999877929653e+01
2.617599999969482383e+01
2.641600000183105479e+01
2.617600000122070369e+01
2.648000000122070219e+01
2.692799999816894641e+01
2.638400000183105476e+01
2.660799999511718639e+01
2.675200000183105331e+01
2.619200000732421785e+01
2.647999999511718627e+01
2.582399999145507863e+01
