1.007999999938964919e+01
1.078400000183105512e+01
9.839999999542236253e+00
9.311999999542235784e+00
1.033599999954223669e+01
9.791999999847412539e+00
1.001599999954223641e+01
1.047999999938964777e+01
1.012799999954223651e+01
1.047999999954223682e+01
1.016000000244140544e+01
9.407999999542235869e+00
1.006400000488281243e+01
1.009599999969482376e+01
1.067199999984741154e+01
9.615999999542236054e+00
1.049600000183105486e+01
1.030399999938964761e+01
1.038399999969482401e+01
1.073599999908447344e+01
9.967999999389649091e+00
1.012799999938964923e+01
9.423999999542235884e+00
9.599999999542236040e+00
1.017599999954223655e+01
9.823999999542236239e+00
1.038399999954223674e+01
1.059199999938964787e+01
1.020799999954223658e+01
9.791999999084472606e+00
1.011199999938964922e+01
1.009600000244140539e+01
1.083200000244140604e+01
9.615999999542236054e+00
1.009599999938964920e+01
1.028799999938964760e+01
1.091199999954223721e+01
9.727999995727538263e+00
1.070400000244140593e+01
1.003200000244140710e+01
1.017599999908447295e+01
9.999999999542236395e+00
1.089600000244140610e+01
9.823999999542236239e+00
1.060800000244140584e+01
1.035199999954223671e+01
1.039999999572753886e+01
1.044799999954223679e+01
9.791999999694823487e+00
1.065599999954223698e+01
1.030400000244140557e+01
1.047999999969482410e+01
1.062399999954223695e+01
1.078399999969482437e+01
9.839999999542236253e+00
1.003200000183105445e+01
1.022399999938964932e+01
1.015999999938964926e+01
1.057599999938964785e+01
1.036799999938964767e+01
1.051200000244140575e+01
1.036799999938964767e+01
1.004799999969482371e+01
1.001599999572753852e+01
1.027199999984741297e+01
1.041599999969482404e+01
1.023999999938964756e+01
9.711999999847412468e+00
1.073599999969482433e+01
1.054400000244140578e+01
1.086399999938964811e+01
1.092799999938964817e+01
1.014400000244140543e+01
1.003199999969482370e+01
9.999999999694823671e+00
1.036799999938964767e+01
9.983999999542236381e+00
1.051199999572753896e+01
9.167999999389648380e+00
1.027200000488281262e+01
9.775999999389648920e+00
1.046399999954223681e+01
1.028799999938964760e+01
1.075199999954223706e+01
1.020799999938964930e+01
1.076799999572753919e+01
1.105599999908447195e+01
1.054400000244140578e+01
1.038400000244140564e+01
1.035199999954223671e+01
1.049599999938964778e+01
9.775999998779296263e+00
1.116799999938964838e+01
1.043199999954223678e+01
1.033599999908447309e+01
9.759999999542236182e+00
1.004800000244140712e+01
9.839999999389648977e+00
1.006399999938964918e+01
1.000000000244140708e+01
1.095999999572753936e+01
1.079999999938964805e+01
1.076799999954223708e+01
1.129600000244140645e+01
1.116799999938964838e+01
1.097600000244140617e+01
1.174399999877929623e+01
1.177599999938964892e+01
1.171199999969482342e+01
1.212799999969482379e+01
1.209599999572753859e+01
1.164800000183105411e+01
1.217599999938964928e+01
1.190400000244140699e+01
1.214400000183105455e+01
1.228799999954223665e+01
1.268799999877929707e+01
1.209600000244140539e+01
1.236799999877929679e+01
1.270399999572753913e+01
1.305599999954223556e+01
1.337599999908447224e+01
1.302399999908447192e+01
1.367999999908447251e+01
1.332800000244140648e+01
1.316800000183105546e+01
1.367999999969482339e+01
1.419200000244140547e+01
1.372799999572753826e+01
1.467199999908447339e+01
1.391999999954223632e+01
1.468799999908447340e+01
1.559999999938964876e+01
1.483199999908447353e+01
1.502400000183105533e+01
1.599999999572753850e+01
1.526400000732421880e+01
1.483199999877929720e+01
1.583999999572753836e+01
1.558399999877929609e+01
1.614400000244140543e+01
1.582399999908447263e+01
1.620800000244140548e+01
1.628800000244140733e+01
1.627199999969482391e+01
1.633599999954223492e+01
1.708799999572753947e+01
1.648000000488281103e+01
1.707200000244140625e+01
1.799999999572753850e+01
1.903999999877929739e+01
1.964800000183105411e+01
1.931199999511718701e+01
1.888000000183105342e+01
1.868799999145507940e+01
1.910399999938965010e+01
1.947200000122070307e+01
1.987199999572753839e+01
1.923200000183105374e+01
1.920000000183105371e+01
2.043200000183105303e+01
2.022400000488281080e+01
1.879999999954223711e+01
1.979200000183105601e+01
2.076799999572753919e+01
1.936000000183105385e+01
2.017600000122070369e+01
1.990400000488281407e+01
2.015999999877929838e+01
1.982399999877929631e+01
1.975999999572754007e+01
2.020799999908447120e+01
2.103999999877929739e+01
2.065600000488281296e+01
2.011200000122070364e+01
2.017600000183105635e+01
1.948799999908447234e+01
2.027199999908447126e+01
2.091199999908447182e+01
2.003200000183105445e+01
2.103999999908447194e+01
2.033599999877929676e+01
2.105600000732421861e+01
2.062399999572754083e+01
2.111999999145507800e+01
2.096000000244140793e+01
2.049599999816894424e+01
2.119999999572753779e+01
2.153599999938964871e+01
2.039999999816894416e+01
2.020799999877929665e+01
2.103999999511718855e+01
2.108800000183105539e+01
2.089599999877929548e+01
2.078399999816894450e+01
2.038399999877929858e+01
2.107199999511718858e+01
1.992000000488281231e+01
2.059199999572754081e+01
2.081599999938964984e+01
