1.033599999938964764e+01
9.200000002441406366e+00
1.035199999938964766e+01
1.007999999572753858e+01
9.999999999542236395e+00
1.009600000244140539e+01
9.871999995727538391e+00
1.108799999938964831e+01
9.727999999389648877e+00
9.935999998779296405e+00
9.535999999084472378e+00
1.014400000244140543e+01
9.647999999542236083e+00
1.038400000244140564e+01
1.036800000244140563e+01
9.807999995117187453e+00
9.647999998779296149e+00
1.017599999969482383e+01
1.025599999938964757e+01
9.488000002441406622e+00
1.062399999954223695e+01
1.014399999984741285e+01
1.070399999572753913e+01
1.057599999938964785e+01
9.743999999694823444e+00
9.519999999694825021e+00
1.041600000244140567e+01
1.006399999954223645e+01
1.017599999969482383e+01
1.017600000244140546e+01
1.003200000244140710e+01
9.615999999389648778e+00
9.871999999389649005e+00
1.064000000183105499e+01
9.791999999389648934e+00
1.020799999572753869e+01
1.095999999984741180e+01
9.951999999389649076e+00
1.041600000244140567e+01
9.967999999694823643e+00
1.027199999969482391e+01
9.951999999389649076e+00
1.036799999877929679e+01
9.887999999694823572e+00
1.043199999969482406e+01
1.043199999877929685e+01
1.057599999954223691e+01
9.983999999389649105e+00
9.791999999542236210e+00
1.083199999954223713e+01
1.047999999969482410e+01
1.095999999908447187e+01
1.038399999572753885e+01
1.102399999984741186e+01
1.017600000244140546e+01
9.711999999389648863e+00
9.743999995727538277e+00
9.823999999389648963e+00
1.062399999969482423e+01
1.001600000244140709e+01
1.012799999938964923e+01
1.059199999938964787e+01
1.081599999954223712e+01
1.028799999954223665e+01
1.028799999908447305e+01
1.030399999908447306e+01
1.019199999954223657e+01
9.471999999389648650e+00
1.076799999938964802e+01
1.091199999938964815e+01
1.035200000183105473e+01
1.131200000244140647e+01
1.007999999938964919e+01
1.052799999572753897e+01
1.008000000244140537e+01
1.084799999969482442e+01
1.014399999984741285e+01
9.968000002441407048e+00
9.984000002441407062e+00
1.033599999969482397e+01
9.855999995727538376e+00
1.052799999969482414e+01
1.064000000244140587e+01
1.009599999954223648e+01
9.903999995727538419e+00
1.033599999984741125e+01
1.025599999572753873e+01
9.775999999389648920e+00
1.036799999572753883e+01
1.065600000000000058e+01
1.163200000244140675e+01
1.075199999984741162e+01
1.003200000244140710e+01
1.097599999877929733e+01
1.036799999969482400e+01
1.036799999938964767e+01
1.091199999938964815e+01
1.003199999908447282e+01
1.028799999572753876e+01
9.791999999542236210e+00
9.855999999694823543e+00
1.142399999908447228e+01
1.158399999938964875e+01
1.102399999908447192e+01
1.055999999908447329e+01
1.135999999999999943e+01
1.276799999938964802e+01
1.185599999969482354e+01
1.239999999572753886e+01
1.182399999954223624e+01
1.265600000000000058e+01
1.295999999877929731e+01
1.334400000183105384e+01
1.283199999938964808e+01
1.305599999572753944e+01
1.419199999908447296e+01
1.452799999511718809e+01
1.404799999969482371e+01
1.470400000183105504e+01
1.465599999969482425e+01
1.508800000183105539e+01
1.563199999969482334e+01
1.550399999908447235e+01
1.590399999908447271e+01
1.636800000183105297e+01
1.671999999908447165e+01
1.615999999938964748e+01
1.612799999877929835e+01
1.676799999572753919e+01
1.718399999908447384e+01
1.683199999877929542e+01
1.687999999877929724e+01
1.702399999572753941e+01
1.756800000488281199e+01
1.799999999908447279e+01
1.819199999938964751e+01
1.803199999908447282e+01
1.841599999908447316e+01
1.839999999816894416e+01
1.931200000183105558e+01
1.862400000244140585e+01
1.857599999816894609e+01
1.916800000183105368e+01
1.976000000488281216e+01
1.923199999969482477e+01
1.907200000488281333e+01
1.913599999908447202e+01
1.950399999877929602e+01
2.025599999969482568e+01
2.006399999572753856e+01
2.073599999908447344e+01
2.081599999908447174e+01
2.126400000122070466e+01
2.164800000183105411e+01
2.136000000183105385e+01
2.108799999938964831e+01
2.073600000183105507e+01
2.116800000244140634e+01
2.139200000488281361e+01
2.132800000488281356e+01
2.076799999877929537e+01
2.183999999511718926e+01
2.137599999511718707e+01
2.057599999984741146e+01
2.136000000183105385e+01
2.103999999816894473e+01
2.163199999877929613e+01
2.204799999572754032e+01
2.131200000183105558e+01
2.209600000488281424e+01
2.192000000183105612e+01
2.227199999145507903e+01
2.115200000183105544e+01
2.147199999572753981e+01
2.156799999572753990e+01
2.161599999511718906e+01
2.155200000488281376e+01
2.200000000488281415e+01
2.200000000244140708e+01
2.143999999908447407e+01
2.180799999877929807e+01
2.175999999572754007e+01
2.223999999572754049e+01
2.185599999816894368e+01
2.187200000183105431e+01
2.268799999145507940e+01
2.167999999938964706e+01
2.241600000183105479e+01
2.214399999908447114e+01
2.182399999877929631e+01
2.223999999877929667e+01
2.231999999145507729e+01
2.264000000488281117e+01
2.201600000732421947e+01
2.228800000488281086e+01
2.252799999572754075e+01
2.297600000183105351e+01
2.227200000122070378e+01
2.225599999908447302e+01
2.259199999145507931e+01
