2.129411697387695312e-01
2.500052452087402344e-01
2.326054573059082031e-01
2.342419624328613281e-01
2.463178634643554688e-01
2.312557697296142578e-01
2.213015556335449219e-01
2.456719875335693359e-01
2.279832363128662109e-01
1.878564357757568359e-01
2.528598308563232422e-01
2.705307006835937500e-01
2.714164257049560547e-01
2.584114074707031250e-01
2.728738784790039062e-01
2.577505111694335938e-01
2.270960807800292969e-01
2.575085163116455078e-01
2.053422927856445312e-01
2.469935417175292969e-01
2.834677696228027344e-01
2.534644603729248047e-01
2.309648990631103516e-01
2.139353752136230469e-01
2.483325004577636719e-01
1.949572563171386719e-01
2.483119964599609375e-01
2.921655178070068359e-01
2.293622493743896484e-01
2.699565887451171875e-01
2.138142585754394531e-01
1.894900798797607422e-01
2.466111183166503906e-01
2.285976409912109375e-01
2.110841274261474609e-01
2.250373363494873047e-01
2.912929058074951172e-01
2.213668823242187500e-01
2.125432491302490234e-01
2.637867927551269531e-01
2.243597507476806641e-01
2.473845481872558594e-01
2.236461639404296875e-01
2.833752632141113281e-01
2.379119396209716797e-01
2.603881359100341797e-01
2.655320167541503906e-01
2.169854640960693359e-01
2.297580242156982422e-01
2.415714263916015625e-01
2.236111164093017578e-01
2.405505180358886719e-01
2.364823818206787109e-01
2.756423950195312500e-01
2.565546035766601562e-01
2.194843292236328125e-01
1.960144042968750000e-01
2.168529033660888672e-01
2.392380237579345703e-01
2.365140914916992188e-01
2.675912380218505859e-01
2.588572502136230469e-01
2.245988845825195312e-01
2.019259929656982422e-01
2.379446029663085938e-01
2.607846260070800781e-01
2.319326400756835938e-01
2.121860980987548828e-01
2.399377822875976562e-01
2.443091869354248047e-01
2.369072437286376953e-01
2.525346279144287109e-01
2.592298984527587891e-01
2.385106086730957031e-01
2.855393886566162109e-01
2.196860313415527344e-01
2.189874649047851562e-01
2.507612705230712891e-01
2.475416660308837891e-01
2.101497650146484375e-01
2.034170627593994141e-01
2.296917438507080078e-01
2.996571063995361328e-01
2.244915962219238281e-01
2.518029212951660156e-01
2.072327136993408203e-01
2.160005569458007812e-01
2.265889644622802734e-01
2.384412288665771484e-01
2.611434459686279297e-01
2.104017734527587891e-01
2.208635807037353516e-01
2.239813804626464844e-01
2.452626228332519531e-01
2.463390827178955078e-01
1.905968189239501953e-01
2.547202110290527344e-01
2.621319293975830078e-01
2.525696754455566406e-01
2.590134143829345703e-01
2.288458347320556641e-01
2.585425376892089844e-01
2.602357864379882812e-01
2.601251602172851562e-01
2.544050216674804688e-01
2.218863964080810547e-01
2.352337837219238281e-01
2.438881397247314453e-01
2.325527667999267578e-01
2.916767597198486328e-01
2.603087425231933594e-01
2.511649131774902344e-01
2.381975650787353516e-01
2.532966136932373047e-01
2.484517097473144531e-01
2.626998424530029297e-01
2.243661880493164062e-01
2.202274799346923828e-01
1.926665306091308594e-01
2.638800144195556641e-01
2.468690872192382812e-01
2.286655902862548828e-01
2.248165607452392578e-01
2.859048843383789062e-01
1.830229759216308594e-01
2.558093070983886719e-01
2.255511283874511719e-01
2.610647678375244141e-01
2.386999130249023438e-01
1.964037418365478516e-01
2.883551120758056641e-01
2.495846748352050781e-01
2.096066474914550781e-01
2.283129692077636719e-01
2.467622756958007812e-01
2.540953159332275391e-01
2.425360679626464844e-01
2.337546348571777344e-01
2.415919303894042969e-01
2.945730686187744141e-01
2.312002182006835938e-01
2.277274131774902344e-01
2.280943393707275391e-01
2.316958904266357422e-01
2.338988780975341797e-01
1.605834960937500000e-01
2.161161899566650391e-01
2.517724037170410156e-01
2.626855373382568359e-01
2.822616100311279297e-01
2.410449981689453125e-01
2.021756172180175781e-01
1.995882987976074219e-01
1.861763000488281250e-01
3.010878562927246094e-01
2.271640300750732422e-01
2.037057876586914062e-01
2.571609020233154297e-01
2.273631095886230469e-01
2.709023952484130859e-01
2.397859096527099609e-01
2.508246898651123047e-01
2.462592124938964844e-01
2.463905811309814453e-01
2.602629661560058594e-01
2.463889122009277344e-01
2.356743812561035156e-01
2.085008621215820312e-01
2.450585365295410156e-01
2.607221603393554688e-01
2.301323413848876953e-01
2.936549186706542969e-01
2.051866054534912109e-01
2.417442798614501953e-01
2.114300727844238281e-01
2.175152301788330078e-01
2.602701187133789062e-01
2.462756633758544922e-01
2.998135089874267578e-01
1.994590759277343750e-01
2.608468532562255859e-01
2.509441375732421875e-01
2.565002441406250000e-01
2.417852878570556641e-01
2.311244010925292969e-01
2.521615028381347656e-01
2.255980968475341797e-01
2.338187694549560547e-01
2.319374084472656250e-01
2.287235260009765625e-01
2.220389842987060547e-01
2.600152492523193359e-01
2.581646442413330078e-01
2.176702022552490234e-01
2.554366588592529297e-01
2.386748790740966797e-01
2.584567070007324219e-01
1.923561096191406250e-01
2.662165164947509766e-01
4.717340469360351562e-01
