9.679999351501464844e+00
1.071999931335449219e+01
9.949999809265136719e+00
1.031999969482421875e+01
9.449999809265136719e+00
1.005999946594238281e+01
1.028999996185302734e+01
9.819999694824218750e+00
1.009999942779541016e+01
9.210000038146972656e+00
1.082999992370605469e+01
1.114999961853027344e+01
1.002999973297119141e+01
1.042999935150146484e+01
1.064999961853027344e+01
1.075999927520751953e+01
1.071999931335449219e+01
9.729999542236328125e+00
1.036999988555908203e+01
1.035999965667724609e+01
1.000999927520751953e+01
1.022999954223632812e+01
1.010999965667724609e+01
1.042999935150146484e+01
1.000000000000000000e+01
1.038000011444091797e+01
1.121000003814697266e+01
1.000999927520751953e+01
1.003999996185302734e+01
1.055000019073486328e+01
1.000000000000000000e+01
1.005000019073486328e+01
9.789999961853027344e+00
1.144999980926513672e+01
1.021000003814697266e+01
9.829999923706054688e+00
1.000000000000000000e+01
1.013999938964843750e+01
9.969999313354492188e+00
1.003999996185302734e+01
9.849999427795410156e+00
1.002999973297119141e+01
9.389999389648437500e+00
1.006999969482421875e+01
1.000000000000000000e+01
1.006999969482421875e+01
9.979999542236328125e+00
1.000999927520751953e+01
1.005000019073486328e+01
9.929999351501464844e+00
9.439999580383300781e+00
9.729999542236328125e+00
9.609999656677246094e+00
1.005000019073486328e+01
1.064999961853027344e+01
9.590000152587890625e+00
1.007999992370605469e+01
1.000000000000000000e+01
1.000000000000000000e+01
9.840000152587890625e+00
1.081999969482421875e+01
1.142999935150146484e+01
1.071000003814697266e+01
9.429999351501464844e+00
9.920000076293945312e+00
9.929999351501464844e+00
1.003999996185302734e+01
1.000000000000000000e+01
9.010000228881835938e+00
9.590000152587890625e+00
1.000000000000000000e+01
1.026999950408935547e+01
9.939999580383300781e+00
9.889999389648437500e+00
1.014999961853027344e+01
1.003999996185302734e+01
1.003999996185302734e+01
1.019999980926513672e+01
1.113000011444091797e+01
1.047999954223632812e+01
1.000000000000000000e+01
1.038000011444091797e+01
9.769999504089355469e+00
1.022999954223632812e+01
1.009000015258789062e+01
1.002999973297119141e+01
1.000000000000000000e+01
1.203999996185302734e+01
1.021999931335449219e+01
1.084999942779541016e+01
1.028999996185302734e+01
1.000000000000000000e+01
1.000000000000000000e+01
1.018999958038330078e+01
9.989999771118164062e+00
9.920000076293945312e+00
1.084999942779541016e+01
1.085999965667724609e+01
1.000000000000000000e+01
1.038000011444091797e+01
1.086999988555908203e+01
9.840000152587890625e+00
1.059999942779541016e+01
1.081999969482421875e+01
1.093999958038330078e+01
1.065999984741210938e+01
1.092000007629394531e+01
1.098999977111816406e+01
1.009000015258789062e+01
1.173999977111816406e+01
1.077999973297119141e+01
1.135999965667724609e+01
1.197999954223632812e+01
1.196999931335449219e+01
1.157999992370605469e+01
1.148999977111816406e+01
1.190999984741210938e+01
1.202999973297119141e+01
1.165999984741210938e+01
1.196000003814697266e+01
1.232999992370605469e+01
1.310999965667724609e+01
1.178999996185302734e+01
1.148999977111816406e+01
1.272999954223632812e+01
1.271000003814697266e+01
1.285999965667724609e+01
1.343999958038330078e+01
1.304999923706054688e+01
1.303999996185302734e+01
1.298999977111816406e+01
1.403999996185302734e+01
1.388999938964843750e+01
1.655999946594238281e+01
1.544999980926513672e+01
1.268999958038330078e+01
1.371000003814697266e+01
1.684000015258789062e+01
1.727999877929687500e+01
1.309999942779541016e+01
1.526999950408935547e+01
1.589999961853027344e+01
1.554999923706054688e+01
1.401999950408935547e+01
1.373999977111816406e+01
1.794999885559082031e+01
1.829999923706054688e+01
1.631999969482421875e+01
1.695999908447265625e+01
1.677999877929687500e+01
1.827000045776367188e+01
1.810999870300292969e+01
1.823999977111816406e+01
1.787999916076660156e+01
1.772999954223632812e+01
1.793999862670898438e+01
1.807999992370605469e+01
1.850000000000000000e+01
1.818000030517578125e+01
1.845999908447265625e+01
1.813999938964843750e+01
1.871999931335449219e+01
1.877999877929687500e+01
1.831999969482421875e+01
1.806999969482421875e+01
1.900000000000000000e+01
1.868999862670898438e+01
1.886999893188476562e+01
1.939999961853027344e+01
1.918999862670898438e+01
1.935000038146972656e+01
1.934000015258789062e+01
1.942000007629394531e+01
1.945999908447265625e+01
1.895999908447265625e+01
1.937999916076660156e+01
1.960000038146972656e+01
1.993000030517578125e+01
1.978999900817871094e+01
1.898999977111816406e+01
1.970999908447265625e+01
1.952000045776367188e+01
1.990999984741210938e+01
1.945999908447265625e+01
1.954999923706054688e+01
1.992000007629394531e+01
1.946999931335449219e+01
1.939999961853027344e+01
1.913999938964843750e+01
2.007999992370605469e+01
2.017000007629394531e+01
2.031999969482421875e+01
2.025000000000000000e+01
2.032999992370605469e+01
2.032999992370605469e+01
1.975000000000000000e+01
2.000000000000000000e+01
1.990999984741210938e+01
2.043000030517578125e+01
1.993999862670898438e+01
