1.011199999938964922e+01
9.791999999542236210e+00
1.003199999908447282e+01
1.063999999954223696e+01
9.503999999542235955e+00
9.919999995727538433e+00
9.855999998779296334e+00
1.057599999954223691e+01
1.060799999969482421e+01
1.009599999969482376e+01
1.014399999954223652e+01
1.001599999572753852e+01
1.048000000000000043e+01
9.599999999694825092e+00
9.967999999694823643e+00
1.001600000244140709e+01
1.070399999908447342e+01
1.007999999938964919e+01
1.006400000244140713e+01
1.027199999938964758e+01
9.583999999389648750e+00
1.009599999969482376e+01
1.003199999954223642e+01
1.051199999954223685e+01
1.004799999954223644e+01
9.503999999999999559e+00
1.003199999908447282e+01
1.020799999908447298e+01
1.057599999954223691e+01
9.952000002441407034e+00
1.003199999954223642e+01
1.070399999877929709e+01
1.067199999938964794e+01
1.017599999969482383e+01
9.983999999542236381e+00
1.038399999984741129e+01
1.022400000244140550e+01
9.888000002441406977e+00
1.065599999938964793e+01
1.038400000244140564e+01
1.001599999954223641e+01
1.001600000244140709e+01
1.030400000244140557e+01
9.471999999999999531e+00
1.091199999954223721e+01
1.006399999938964918e+01
1.070399999908447342e+01
1.063999999877929703e+01
9.280000001831055556e+00
1.003199999984741275e+01
9.360000002441406508e+00
1.036800000244140563e+01
9.631999999542236068e+00
1.025600000244140553e+01
1.083199999908447353e+01
1.003199999954223642e+01
1.012799999572753862e+01
1.038399999984741129e+01
1.009599999938964920e+01
9.648000002441406764e+00
1.054399999908447327e+01
1.014399999938964925e+01
1.020799999969482386e+01
9.583999999847412354e+00
1.054399999954223688e+01
1.041599999908447316e+01
1.036800000244140563e+01
1.027200000488281262e+01
1.052800000183105489e+01
1.036799999969482400e+01
9.791999999084472606e+00
1.102399999938964825e+01
1.063999999954223696e+01
1.057599999938964785e+01
1.046399999954223681e+01
1.076799999572753919e+01
1.092799999938964817e+01
9.360000002441406508e+00
1.028800000244140556e+01
1.008000000244140537e+01
9.199999999694824737e+00
1.035199999969482398e+01
1.035200000244140561e+01
1.003199999572753853e+01
9.392000002441406536e+00
1.024000000244140551e+01
1.033599999938964764e+01
1.051199999877929692e+01
1.054400000183105490e+01
9.711999999694823416e+00
1.016000000244140544e+01
9.999999999694823671e+00
9.967999999542236367e+00
1.015999999969482381e+01
1.003199999908447282e+01
1.020800000244140548e+01
1.070400000244140593e+01
1.009600000244140539e+01
1.065599999908447337e+01
1.020800000244140548e+01
1.044799999938964774e+01
1.054400000244140578e+01
1.179199999877929628e+01
1.057599999908447330e+01
1.092799999938964817e+01
1.059199999938964787e+01
1.071999999572753914e+01
1.110399999877929744e+01
1.129600000183105557e+01
1.219199999984741289e+01
1.144000000244140658e+01
1.225599999969482390e+01
1.222399999877929666e+01
1.246399999938964775e+01
1.188799999908447269e+01
1.238399999938964768e+01
1.235199999877929677e+01
1.275199999572753917e+01
1.267199999877929706e+01
1.350399999969482501e+01
1.299199999938964822e+01
1.291200000488281319e+01
1.236799999938964767e+01
1.319999999877929753e+01
1.422399999954223659e+01
1.377599999908447259e+01
1.340799999954223587e+01
1.388799999908447269e+01
1.391999999938964905e+01
1.385600000244140695e+01
1.419199999511718779e+01
1.393599999954223634e+01
1.484799999816894456e+01
1.582399999877929631e+01
1.515199999877929748e+01
1.587199999908447268e+01
1.536000000488281181e+01
1.547199999938964865e+01
1.499200000183105530e+01
1.577600000244140688e+01
1.641599999877929861e+01
1.652799999877929693e+01
1.686400000488281137e+01
1.647999999938964777e+01
1.715199999908447381e+01
1.643199999572754066e+01
1.707199999511718858e+01
1.689599999572753930e+01
1.832000000488281088e+01
1.777600000183105422e+01
1.828799999511718610e+01
1.857599999938964785e+01
1.985600000488281225e+01
1.993600000183105436e+01
1.974399999877929801e+01
1.948799999572753805e+01
1.999999999572753850e+01
2.036799999877929679e+01
1.979200000488281219e+01
2.030399999954223489e+01
1.985599999877929633e+01
1.956799999755859432e+01
2.046399999511718804e+01
2.043200000183105303e+01
2.016000000183105456e+01
1.966400000122070324e+01
2.072000000122070418e+01
1.931200000183105558e+01
2.035199999816894589e+01
2.091199999877929727e+01
2.073599999877929534e+01
2.083199999938964808e+01
2.065599999511718821e+01
2.102399999816894649e+01
2.135999999908447222e+01
2.071999999908447165e+01
2.065600000183105323e+01
2.048000000488281103e+01
2.065600000244140588e+01
2.105600000488281154e+01
2.071999999572753737e+01
2.057599999877929520e+01
2.035200000244140739e+01
2.105599999877929562e+01
2.126400000488281350e+01
2.115199999877929571e+01
2.087999999145507957e+01
2.070400000488281123e+01
2.027200000183105644e+01
2.095999999511718670e+01
2.094400000488281322e+01
2.147199999572753981e+01
2.259200000183105317e+01
2.147199999511718715e+01
2.142399999816894507e+01
2.139200000183105388e+01
2.175999999908447435e+01
2.153600000244140489e+01
2.228799999755859318e+01
2.168000000122070148e+01
