1.009599999969482376e+01
9.535999999084472378e+00
1.038400000244140564e+01
1.000000000244140708e+01
1.009599999908447288e+01
1.057600000244140581e+01
9.935999999542236338e+00
1.035200000244140561e+01
9.311999999542235784e+00
1.048000000244140573e+01
1.003199999938964915e+01
1.033599999938964764e+01
1.030399999877929673e+01
1.041599999954223676e+01
1.043199999984741133e+01
1.052799999572753897e+01
1.014399999908447292e+01
9.904000002441406991e+00
1.075200000244140597e+01
1.057599999938964785e+01
1.049599999938964778e+01
1.027199999908447303e+01
9.999999999694823671e+00
9.839999999542236253e+00
1.033600000244140560e+01
1.060799999908447333e+01
1.023999999908447300e+01
9.648000002441406764e+00
1.043199999969482406e+01
1.028800000244140556e+01
1.022399999938964932e+01
1.030399999877929673e+01
1.059199999954223692e+01
1.071999999969482431e+01
9.487999995727539826e+00
1.041600000244140567e+01
9.855999999389648991e+00
1.071999999938964798e+01
1.059199999908447332e+01
1.051199999572753896e+01
1.028799999969482393e+01
9.712000002441406821e+00
1.006400000000000006e+01
1.020800000000000018e+01
9.631999999389648792e+00
1.100799999572753940e+01
9.263999999694824794e+00
9.776000002441406878e+00
9.983999999542236381e+00
9.904000002441406991e+00
1.003199999938964915e+01
9.759999999542236182e+00
9.615999999847412383e+00
9.967999998779296433e+00
1.052800000244140577e+01
1.038399999908447313e+01
9.791999999542236210e+00
9.503999999389648679e+00
1.009599999938964920e+01
1.108799999954223559e+01
1.078399999954223709e+01
1.014400000244140543e+01
1.027199999969482391e+01
1.004799999877929650e+01
1.079999999969482438e+01
1.043199999908447317e+01
1.041599999969482404e+01
1.030399999938964761e+01
9.711999999694823416e+00
1.075199999908447346e+01
1.035199999954223671e+01
1.028799999877929672e+01
1.011199999984741282e+01
9.935999999084472734e+00
9.887999999694823572e+00
1.031999999938964763e+01
9.551999999389648721e+00
1.038399999938964768e+01
9.904000002441406991e+00
1.046400000244140571e+01
1.083199999908447353e+01
1.006400000244140713e+01
9.968000002441407048e+00
1.001599999572753852e+01
9.759999999542236182e+00
1.096000000244140615e+01
1.004799999969482371e+01
9.935999999694823615e+00
1.043199999938964773e+01
1.047999999938964777e+01
9.743999999389648892e+00
1.052799999938964781e+01
1.044799999908447319e+01
9.551999999389648721e+00
1.071999999572753914e+01
1.089599999969482447e+01
9.808000002441406906e+00
1.001599999572753852e+01
1.028800000244140556e+01
1.056000000244140580e+01
1.035199999969482398e+01
1.004799999954223644e+01
1.087999999908447180e+01
1.116799999954223566e+01
1.155199999908447239e+01
1.206400000244140713e+01
1.124799999954223573e+01
1.198399999572753849e+01
1.212799999969482379e+01
1.182399999908447263e+01
1.251199999877929692e+01
1.236799999969482400e+01
1.286400000244140607e+01
1.294399999908447185e+01
1.296000000000000085e+01
1.399999999572753850e+01
1.369599999908447252e+01
1.377599999954223620e+01
1.344000000244140658e+01
1.407999999572753858e+01
1.449599999908447323e+01
1.422399999877929666e+01
1.511999999908447201e+01
1.459200000244140583e+01
1.519999999572753957e+01
1.607999999908447109e+01
1.596799999572753848e+01
1.659200000488281290e+01
1.595200000244140703e+01
1.628799999877929849e+01
1.659200000244140583e+01
1.644800000183105482e+01
1.646399999908447143e+01
1.681600000488281310e+01
1.673599999572753916e+01
1.838400000244140742e+01
1.814400000488281250e+01
1.827200000183105644e+01
1.841599999877929861e+01
1.811199999938964922e+01
1.832000000244140736e+01
1.955200000488281376e+01
1.876800000244140776e+01
1.940800000488281185e+01
1.939199999877929770e+01
1.996800000183105439e+01
1.951999999511718897e+01
2.062400000488281293e+01
2.023999999511718784e+01
2.030400000183105291e+01
2.190400000183105433e+01
2.305599999877929562e+01
2.291199999877929727e+01
2.252800000122070401e+01
2.241600000183105479e+01
2.364799999816894527e+01
2.289600000122070256e+01
2.254400000183105490e+01
2.319999999816894487e+01
2.289600000488281140e+01
2.199999999877929824e+01
2.356800000122070315e+01
2.273600000488281125e+01
2.279999999908447350e+01
2.276799999572753919e+01
2.203199999511718588e+01
2.289599999511718664e+01
2.308800000183105539e+01
2.353599999816894695e+01
2.257599999877929520e+01
2.353599999877929605e+01
2.295999999908447364e+01
2.380799999816894541e+01
2.300799999816894470e+01
2.390399999511718576e+01
2.318400000183105547e+01
2.307199999145507974e+01
2.323199999572753782e+01
2.412800000488281427e+01
2.331199999908447396e+01
2.359999999816894700e+01
2.344000000183105570e+01
2.404799999816894385e+01
2.297600000488281324e+01
2.395199999877929642e+01
2.364799999816894527e+01
2.286399999755859369e+01
2.356799999511718724e+01
2.371199999877929798e+01
2.331200000122070293e+01
2.420800000244140548e+01
2.444800000488281100e+01
2.329600000488281353e+01
2.324800000244140463e+01
2.369600000183105593e+01
2.286400000488281137e+01
2.345600000732421719e+01
2.315199999877929571e+01
2.383999999816894544e+01
2.478399999511718832e+01
