1.284207296371459961e+01
1.253768372535705566e+01
1.239311766624450684e+01
1.241744732856750488e+01
1.233475375175476074e+01
1.225243568420410156e+01
1.238600397109985352e+01
1.249585723876953125e+01
1.248264908790588379e+01
1.209299373626708984e+01
1.243523931503295898e+01
1.249310159683227539e+01
1.253063440322875977e+01
1.255970740318298340e+01
1.259234023094177246e+01
1.254827642440795898e+01
1.236247920989990234e+01
1.246211695671081543e+01
1.255860042572021484e+01
1.215199708938598633e+01
1.245732331275939941e+01
1.244248342514038086e+01
1.244181561470031738e+01
1.241892004013061523e+01
1.225958299636840820e+01
1.220004439353942871e+01
1.239727759361267090e+01
1.251376628875732422e+01
1.232082104682922363e+01
1.257754921913146973e+01
1.242738580703735352e+01
1.220211172103881836e+01
1.256466507911682129e+01
1.241202831268310547e+01
1.221896290779113770e+01
1.238532018661499023e+01
1.230294609069824219e+01
1.247555732727050781e+01
1.245189046859741211e+01
1.245711970329284668e+01
1.246202850341796875e+01
1.250014448165893555e+01
1.239410662651062012e+01
1.252064847946166992e+01
1.242922830581665039e+01
1.261357402801513672e+01
1.260090112686157227e+01
1.256228208541870117e+01
1.231092238426208496e+01
1.252189540863037109e+01
1.244071054458618164e+01
1.254152297973632812e+01
1.239653658866882324e+01
1.242425680160522461e+01
1.244129610061645508e+01
1.234146308898925781e+01
1.228038787841796875e+01
1.236137485504150391e+01
1.232196807861328125e+01
1.246560478210449219e+01
1.243938517570495605e+01
1.246161341667175293e+01
1.239189696311950684e+01
1.245255947113037109e+01
1.242993712425231934e+01
1.249615550041198730e+01
1.241117572784423828e+01
1.244953513145446777e+01
1.238673710823059082e+01
1.255571198463439941e+01
1.215090966224670410e+01
1.254194498062133789e+01
1.253382134437561035e+01
1.250544500350952148e+01
1.260188770294189453e+01
1.247447180747985840e+01
1.215211868286132812e+01
1.230803203582763672e+01
1.232194018363952637e+01
1.213991403579711914e+01
1.218529629707336426e+01
1.245407724380493164e+01
1.244097781181335449e+01
1.245979189872741699e+01
1.248758077621459961e+01
1.230679464340209961e+01
1.237622618675231934e+01
1.244390654563903809e+01
1.253645205497741699e+01
1.254737639427185059e+01
1.246671867370605469e+01
1.222943472862243652e+01
1.245424461364746094e+01
1.243602514266967773e+01
1.254065752029418945e+01
1.218038773536682129e+01
1.255773854255676270e+01
1.250931143760681152e+01
1.241280412673950195e+01
1.239035058021545410e+01
1.251764202117919922e+01
1.247571563720703125e+01
1.254060840606689453e+01
1.240481877326965332e+01
1.242895555496215820e+01
1.227223062515258789e+01
1.248336815834045410e+01
1.255634307861328125e+01
1.254225516319274902e+01
1.253347110748291016e+01
1.249011039733886719e+01
1.248846888542175293e+01
1.247206091880798340e+01
1.248192286491394043e+01
1.246514892578125000e+01
1.250039458274841309e+01
1.228409194946289062e+01
1.247344565391540527e+01
1.217124032974243164e+01
1.254411125183105469e+01
1.244719743728637695e+01
1.240124964714050293e+01
1.255734610557556152e+01
1.259808731079101562e+01
1.226460838317871094e+01
1.247780251502990723e+01
1.231333589553833008e+01
1.248088765144348145e+01
1.246609330177307129e+01
1.239431858062744141e+01
1.249906063079833984e+01
1.250924015045166016e+01
1.253524827957153320e+01
1.210772681236267090e+01
1.239255619049072266e+01
1.242946219444274902e+01
1.241070604324340820e+01
1.229555058479309082e+01
1.251766180992126465e+01
1.250532746315002441e+01
1.236704945564270020e+01
1.254801321029663086e+01
1.240865302085876465e+01
1.236386847496032715e+01
1.252242374420166016e+01
1.223810172080993652e+01
1.242240643501281738e+01
1.236185312271118164e+01
1.252096962928771973e+01
1.253281259536743164e+01
1.233390045166015625e+01
1.248365998268127441e+01
1.247668790817260742e+01
1.242216849327087402e+01
1.256852388381958008e+01
1.221517968177795410e+01
1.225491237640380859e+01
1.249996685981750488e+01
1.248609328269958496e+01
1.245169997215270996e+01
1.244467306137084961e+01
1.237158894538879395e+01
1.240421581268310547e+01
1.256846523284912109e+01
1.240195894241333008e+01
1.256108760833740234e+01
1.225364446640014648e+01
1.235152482986450195e+01
1.248598289489746094e+01
1.237382221221923828e+01
1.256009674072265625e+01
1.258857583999633789e+01
1.230627298355102539e+01
1.261427640914916992e+01
1.218186759948730469e+01
1.231774926185607910e+01
1.251937651634216309e+01
1.251006913185119629e+01
1.257927846908569336e+01
1.240373539924621582e+01
1.247959589958190918e+01
1.234480452537536621e+01
1.257220792770385742e+01
1.235970401763916016e+01
1.248573327064514160e+01
1.258448243141174316e+01
1.239374756813049316e+01
1.255378079414367676e+01
1.248832511901855469e+01
1.247200250625610352e+01
1.241260313987731934e+01
1.243993282318115234e+01
1.255308747291564941e+01
1.240200614929199219e+01
1.253567314147949219e+01
1.256742405891418457e+01
1.251414537429809570e+01
1.215040421485900879e+01
1.252800536155700684e+01
1.245974087715148926e+01
