1.290493535995483398e+01
1.240425705909729004e+01
1.250088071823120117e+01
1.247520375251770020e+01
1.233464264869689941e+01
1.231417131423950195e+01
1.244633102416992188e+01
1.253633117675781250e+01
1.245823192596435547e+01
1.217219400405883789e+01
1.231489896774291992e+01
1.239703226089477539e+01
1.249658131599426270e+01
1.253887510299682617e+01
1.256007003784179688e+01
1.259552645683288574e+01
1.251730537414550781e+01
1.259698486328125000e+01
1.220660924911499023e+01
1.248920178413391113e+01
1.262513327598571777e+01
1.262416458129882812e+01
1.238281822204589844e+01
1.236985659599304199e+01
1.246695733070373535e+01
1.228430914878845215e+01
1.235628843307495117e+01
1.254625272750854492e+01
1.240248441696166992e+01
1.257801127433776855e+01
1.235375261306762695e+01
1.221941304206848145e+01
1.260432505607604980e+01
1.255860471725463867e+01
1.232601571083068848e+01
1.253552293777465820e+01
1.250324559211730957e+01
1.248989939689636230e+01
1.238641047477722168e+01
1.257993793487548828e+01
1.256953001022338867e+01
1.255731129646301270e+01
1.237284803390502930e+01
1.263223505020141602e+01
1.247950291633605957e+01
1.259893298149108887e+01
1.251737523078918457e+01
1.262973785400390625e+01
1.250391316413879395e+01
1.246353244781494141e+01
1.247558212280273438e+01
1.251553893089294434e+01
1.245405817031860352e+01
1.257918286323547363e+01
1.250634908676147461e+01
1.238708305358886719e+01
1.240646243095397949e+01
1.240521574020385742e+01
1.233583068847656250e+01
1.239308047294616699e+01
1.255637049674987793e+01
1.235684680938720703e+01
1.246205997467041016e+01
1.244490385055541992e+01
1.238320493698120117e+01
1.246132707595825195e+01
1.248274540901184082e+01
1.250382161140441895e+01
1.256700205802917480e+01
1.249427318572998047e+01
1.238154745101928711e+01
1.246177625656127930e+01
1.256033420562744141e+01
1.256713628768920898e+01
1.263310050964355469e+01
1.254657006263732910e+01
1.217567014694213867e+01
1.249783706665039062e+01
1.251754689216613770e+01
1.253905916213989258e+01
1.229071879386901855e+01
1.250284862518310547e+01
1.209575390815734863e+01
1.259136009216308594e+01
1.252849030494689941e+01
1.231808066368103027e+01
1.234788656234741211e+01
1.249344730377197266e+01
1.241511344909667969e+01
1.253055119514465332e+01
1.242956805229187012e+01
1.243269371986389160e+01
1.245691132545471191e+01
1.252723050117492676e+01
1.253966856002807617e+01
1.228292512893676758e+01
1.256039547920227051e+01
1.257418918609619141e+01
1.250336599349975586e+01
1.248830747604370117e+01
1.253182983398437500e+01
1.247094798088073730e+01
1.261849570274353027e+01
1.262258934974670410e+01
1.252939391136169434e+01
1.243936181068420410e+01
1.245896315574645996e+01
1.249582242965698242e+01
1.241259765625000000e+01
1.253917407989501953e+01
1.262911391258239746e+01
1.257986807823181152e+01
1.254740214347839355e+01
1.245310211181640625e+01
1.250842905044555664e+01
1.260476469993591309e+01
1.256823587417602539e+01
1.253745055198669434e+01
1.221981048583984375e+01
1.259412336349487305e+01
1.241667532920837402e+01
1.246339297294616699e+01
1.241708683967590332e+01
1.238638663291931152e+01
1.238627552986145020e+01
1.264315772056579590e+01
1.252652144432067871e+01
1.256255674362182617e+01
1.235690188407897949e+01
1.233175301551818848e+01
1.236563754081726074e+01
1.253361988067626953e+01
1.238122558593750000e+01
1.241940116882324219e+01
1.247331595420837402e+01
1.233468437194824219e+01
1.244395017623901367e+01
1.236614370346069336e+01
1.255890345573425293e+01
1.267989897727966309e+01
1.246333098411560059e+01
1.255657482147216797e+01
1.239879703521728516e+01
1.237665343284606934e+01
1.255094957351684570e+01
1.226005220413208008e+01
1.248663949966430664e+01
1.246576547622680664e+01
1.244556307792663574e+01
1.259305548667907715e+01
1.254973030090332031e+01
1.231711292266845703e+01
1.242165780067443848e+01
1.249324083328247070e+01
1.266327714920043945e+01
1.239234137535095215e+01
1.244253134727478027e+01
1.259862637519836426e+01
1.256534433364868164e+01
1.254455089569091797e+01
1.256404089927673340e+01
1.232143163681030273e+01
1.243397212028503418e+01
1.245614767074584961e+01
1.245272135734558105e+01
1.245281815528869629e+01
1.230800390243530273e+01
1.239969944953918457e+01
1.228265404701232910e+01
1.242775464057922363e+01
1.259773182868957520e+01
1.252043104171752930e+01
1.234904026985168457e+01
1.257298612594604492e+01
1.222237038612365723e+01
1.244082498550415039e+01
1.244286346435546875e+01
1.261832427978515625e+01
1.261572265625000000e+01
1.253002429008483887e+01
1.254603505134582520e+01
1.254923105239868164e+01
1.253943657875061035e+01
1.239905977249145508e+01
1.249400091171264648e+01
1.258230447769165039e+01
1.242373442649841309e+01
1.255024361610412598e+01
1.249548745155334473e+01
1.243838381767272949e+01
1.250417661666870117e+01
1.254970169067382812e+01
1.255961346626281738e+01
1.228299164772033691e+01
1.256890630722045898e+01
1.253360915184020996e+01
1.247123265266418457e+01
1.232610392570495605e+01
1.264001488685607910e+01
1.244093084335327148e+01
