1.084799999938964810e+01
9.583999999389648750e+00
1.057599999954223691e+01
1.099199999954223550e+01
1.073600000244140595e+01
1.031999999954223668e+01
1.049599999969482411e+01
1.027199999954223664e+01
1.030399999938964761e+01
1.036800000244140563e+01
1.041599999969482404e+01
9.711999999694823416e+00
9.791999999694823487e+00
9.631999995727538177e+00
1.039999999969482403e+01
9.631999999084472464e+00
1.019199999572753867e+01
1.038399999969482401e+01
1.073599999969482433e+01
1.006399999969482373e+01
1.001599999954223641e+01
1.055999999954223689e+01
1.087999999908447180e+01
1.028799999954223665e+01
1.011200000183105452e+01
1.057599999572753902e+01
1.067199999984741154e+01
1.059199999908447332e+01
1.086399999908447178e+01
1.022399999969482387e+01
1.059199999954223692e+01
1.116799999969482471e+01
9.887999999694823572e+00
1.011199999969482377e+01
1.020799999908447298e+01
1.017599999572753866e+01
1.041599999954223676e+01
1.067199999572753910e+01
9.503999999694825007e+00
1.020800000244140548e+01
9.824000002441406920e+00
1.014399999969482380e+01
1.033600000244140560e+01
1.019199999954223657e+01
9.903999998779296376e+00
1.038399999954223674e+01
1.046399999969482408e+01
1.054399999938964783e+01
1.039999999969482403e+01
1.006399999877929652e+01
1.145599999938964864e+01
1.084800000244140605e+01
1.174400000244140685e+01
1.182399999954223624e+01
1.190399999984741264e+01
1.380799999908447262e+01
1.281599999969482440e+01
1.327999999938964848e+01
1.556799999908447241e+01
1.587199999877929635e+01
1.750399999938964868e+01
1.707199999572753768e+01
1.855999999938964962e+01
1.825599999877929847e+01
1.788799999908447091e+01
1.846399999572754069e+01
2.001599999511718764e+01
1.937599999877929591e+01
2.076800000244140776e+01
1.910399999877929744e+01
2.040000000488281273e+01
2.091199999877929727e+01
1.964800000183105411e+01
2.022399999572753870e+01
2.006400000183105448e+01
2.017599999572754044e+01
1.926400000488281350e+01
2.038399999877929858e+01
2.049600000183105308e+01
2.094399999572753757e+01
1.982399999908447441e+01
1.991999999572754021e+01
1.987199999908447268e+01
2.028799999572753876e+01
2.051200000244140753e+01
1.940799999908447404e+01
2.057600000244140759e+01
2.022400000488281080e+01
1.990400000183105433e+01
1.984000000488281401e+01
2.054399999954223688e+01
2.067199999572753910e+01
2.150400000183105576e+01
2.027199999572754052e+01
1.971199999877929798e+01
2.104000000488281330e+01
1.964800000183105411e+01
2.088000000122070432e+01
2.015999999877929838e+01
2.134399999816894677e+01
2.635199999145507732e+01
2.750399999908447413e+01
2.729599999511718877e+01
2.760000000488281202e+01
2.860800000488281114e+01
2.934400000122070296e+01
2.876800000183105510e+01
2.966399999145507849e+01
2.937599999816894680e+01
2.971200000488281390e+01
2.963200000488281205e+01
2.984000000732421753e+01
3.072000000122070418e+01
3.055999999145507928e+01
3.057599999145507752e+01
3.070400000488281123e+01
3.180800000732421751e+01
3.100800000366210796e+01
3.001600000732421947e+01
3.128000000366210998e+01
3.126399999755859227e+01
3.224000000183105641e+01
3.166399999145507849e+01
3.263999999572753552e+01
3.227199999816894405e+01
3.321599999755859045e+01
3.182399999816894365e+01
3.280000000488281131e+01
3.174400000122070153e+01
3.272000000366210770e+01
3.307199999145507974e+01
3.231999999145507729e+01
3.307200000000000273e+01
3.299200000732422211e+01
3.297600000732421677e+01
3.259199999755859523e+01
3.318399998779296567e+01
3.387200000732421756e+01
3.348799999145507655e+01
3.313599999755859216e+01
3.393600000976562825e+01
3.403199999755859295e+01
3.323200000732421699e+01
3.375999999999999801e+01
3.318399998779296567e+01
3.377599998779297152e+01
3.307199999755859210e+01
3.393599999816894552e+01
3.444800000000000040e+01
3.436800000122070031e+01
3.387199999145507689e+01
3.379199999511718744e+01
3.441600000122070213e+01
3.492799999755859375e+01
3.417599998779297010e+01
3.497599999755859557e+01
3.425599998779296840e+01
3.518399998779296567e+01
3.507200000366211157e+01
3.422400000122070196e+01
3.464000000366210941e+01
3.433599999816894410e+01
3.505599999755859386e+01
3.478400000732421660e+01
3.400000000732421768e+01
3.523200000183105374e+01
3.372799999511718738e+01
3.484799998779296715e+01
3.422399999511718960e+01
3.486399999511719017e+01
3.396800000366211236e+01
3.447999999511718983e+01
3.475200000732422012e+01
3.436799999755859147e+01
3.422400000732422143e+01
3.436800000488280915e+01
3.479999999511719011e+01
3.436800000366211094e+01
3.542399999755859596e+01
3.446400000488281279e+01
3.494399998779297078e+01
3.534399999145507820e+01
3.528000000122070645e+01
3.419199999755859665e+01
3.439999999145507559e+01
3.483199998779296891e+01
3.457600000122070583e+01
3.492799999877929906e+01
3.507199999816894831e+01
3.475199999816894803e+01
3.515199999511718687e+01
3.483200000976562194e+01
3.500799999755859204e+01
3.456000000122070048e+01
3.491200000122070435e+01
3.479999999816894274e+01
3.419200000122070549e+01
3.430399999511718789e+01
3.494399999755859199e+01
3.475200000366211128e+01
