1.042999935150146484e+01
9.899999618530273438e+00
1.110999965667724609e+01
1.025000000000000000e+01
1.007999992370605469e+01
1.034999942779541016e+01
1.263000011444091797e+01
1.096999931335449219e+01
1.000999927520751953e+01
1.007999992370605469e+01
1.123999977111816406e+01
1.090999984741210938e+01
1.001999950408935547e+01
9.849999427795410156e+00
9.779999732971191406e+00
1.026999950408935547e+01
1.001999950408935547e+01
1.063000011444091797e+01
1.003999996185302734e+01
1.042000007629394531e+01
1.034000015258789062e+01
1.090999984741210938e+01
1.014999961853027344e+01
1.002999973297119141e+01
1.106999969482421875e+01
9.809999465942382812e+00
1.000000000000000000e+01
1.198999977111816406e+01
1.056999969482421875e+01
1.152999973297119141e+01
1.130999946594238281e+01
1.065999984741210938e+01
1.007999992370605469e+01
9.849999427795410156e+00
1.018999958038330078e+01
1.051999950408935547e+01
1.146999931335449219e+01
1.001999950408935547e+01
1.032999992370605469e+01
1.172999954223632812e+01
1.085999965667724609e+01
1.034999942779541016e+01
1.060999965667724609e+01
1.000000000000000000e+01
1.032999992370605469e+01
1.225999927520751953e+01
1.040999984741210938e+01
1.001999950408935547e+01
1.003999996185302734e+01
1.001999950408935547e+01
1.009999942779541016e+01
9.909999847412109375e+00
1.210999965667724609e+01
1.000000000000000000e+01
1.000000000000000000e+01
1.046999931335449219e+01
1.593999958038330078e+01
1.660999870300292969e+01
1.601000022888183594e+01
1.792000007629394531e+01
1.727999877929687500e+01
1.705999946594238281e+01
1.546999931335449219e+01
1.935000038146972656e+01
1.540999984741210938e+01
1.809000015258789062e+01
2.393999862670898438e+01
2.367000007629394531e+01
1.826000022888183594e+01
2.170999908447265625e+01
2.089999961853027344e+01
2.315999984741210938e+01
1.926000022888183594e+01
2.481999969482421875e+01
2.259000015258789062e+01
1.915999984741210938e+01
2.136999893188476562e+01
2.264999961853027344e+01
2.344999885559082031e+01
1.943000030517578125e+01
2.134000015258789062e+01
2.155999946594238281e+01
1.742000007629394531e+01
2.185999870300292969e+01
2.260000038146972656e+01
1.989999961853027344e+01
2.426000022888183594e+01
2.213999938964843750e+01
2.347999954223632812e+01
2.423999977111816406e+01
2.647999954223632812e+01
2.223999977111816406e+01
2.417000007629394531e+01
2.293000030517578125e+01
2.188999938964843750e+01
2.060000038146972656e+01
2.217000007629394531e+01
2.378999900817871094e+01
2.447999954223632812e+01
2.447999954223632812e+01
2.803999900817871094e+01
2.787999916076660156e+01
2.834000015258789062e+01
2.923999977111816406e+01
2.900000000000000000e+01
2.925000000000000000e+01
2.982999992370605469e+01
3.073999977111816406e+01
2.912999916076660156e+01
3.030999946594238281e+01
3.002999877929687500e+01
2.819999885559082031e+01
3.129999923706054688e+01
3.114999961853027344e+01
3.118999862670898438e+01
3.052999877929687500e+01
3.115999984741210938e+01
3.134000015258789062e+01
3.213999938964843750e+01
3.185999870300292969e+01
3.227999877929687500e+01
3.204999923706054688e+01
3.196999931335449219e+01
3.161999893188476562e+01
3.225000000000000000e+01
3.213000106811523438e+01
3.275999832153320312e+01
3.234000015258789062e+01
3.239999771118164062e+01
3.273999786376953125e+01
3.205999755859375000e+01
3.185999870300292969e+01
3.227999877929687500e+01
3.236000061035156250e+01
3.246999740600585938e+01
3.275999832153320312e+01
3.293999862670898438e+01
3.305999755859375000e+01
3.296999740600585938e+01
3.354999923706054688e+01
3.368999862670898438e+01
3.279999923706054688e+01
3.327999877929687500e+01
3.297999954223632812e+01
3.357999801635742188e+01
3.315999984741210938e+01
3.318000030517578125e+01
3.377999877929687500e+01
3.298999786376953125e+01
3.252999877929687500e+01
3.325000000000000000e+01
3.334000015258789062e+01
3.356999969482421875e+01
3.339999771118164062e+01
3.346999740600585938e+01
3.350999832153320312e+01
3.354999923706054688e+01
3.366999816894531250e+01
3.370000076293945312e+01
3.350000000000000000e+01
3.356999969482421875e+01
3.350000000000000000e+01
3.368000030517578125e+01
3.363999938964843750e+01
3.364999771118164062e+01
3.372999954223632812e+01
3.379999923706054688e+01
3.368000030517578125e+01
3.384999847412109375e+01
3.364999771118164062e+01
3.387999725341796875e+01
3.384000015258789062e+01
3.366999816894531250e+01
3.388999938964843750e+01
3.368000030517578125e+01
3.365999984741210938e+01
3.384999847412109375e+01
3.359000015258789062e+01
3.370000076293945312e+01
3.368999862670898438e+01
3.368000030517578125e+01
3.370000076293945312e+01
3.379000091552734375e+01
3.375000000000000000e+01
3.377999877929687500e+01
3.375999832153320312e+01
3.371999740600585938e+01
3.404000091552734375e+01
3.377999877929687500e+01
3.391999816894531250e+01
3.379000091552734375e+01
3.379000091552734375e+01
3.368999862670898438e+01
3.368999862670898438e+01
3.377999877929687500e+01
3.355999755859375000e+01
3.361999893188476562e+01
3.368000030517578125e+01
3.357999801635742188e+01
3.377000045776367188e+01
