2.346484494209289551e+01
2.466413521766662598e+01
2.293398404121398926e+01
2.282839345932006836e+01
2.303157567977905273e+01
2.299349546432495117e+01
2.289244294166564941e+01
2.326693725585937500e+01
2.284388327598571777e+01
2.304109692573547363e+01
2.288126969337463379e+01
2.293945574760437012e+01
2.303700399398803711e+01
2.296709156036376953e+01
2.309495973587036133e+01
2.310765886306762695e+01
2.306015682220458984e+01
2.286561894416809082e+01
2.289382052421569824e+01
2.291929793357849121e+01
2.312890243530273438e+01
2.320404148101806641e+01
2.327119636535644531e+01
2.345756411552429199e+01
2.312904810905456543e+01
2.290914916992187500e+01
2.340341711044311523e+01
2.286438035964965820e+01
2.293429255485534668e+01
2.319552397727966309e+01
2.300502848625183105e+01
2.304419255256652832e+01
2.293362998962402344e+01
2.317924904823303223e+01
2.292684721946716309e+01
2.367485952377319336e+01
2.291225957870483398e+01
2.297772049903869629e+01
2.294184660911560059e+01
2.296821331977844238e+01
2.348662257194519043e+01
2.294605946540832520e+01
2.298894071578979492e+01
2.291805267333984375e+01
2.299163866043090820e+01
2.287299680709838867e+01
2.328772497177124023e+01
2.344506335258483887e+01
2.289429378509521484e+01
2.312130880355834961e+01
2.305718016624450684e+01
2.331160116195678711e+01
2.288288879394531250e+01
2.343886399269104004e+01
2.299131536483764648e+01
2.298068976402282715e+01
2.313434481620788574e+01
2.297395038604736328e+01
2.295544910430908203e+01
2.303818893432617188e+01
2.294178485870361328e+01
2.319283175468444824e+01
2.304784417152404785e+01
2.337083864212036133e+01
2.308744549751281738e+01
2.329765129089355469e+01
2.302833867073059082e+01
2.343209004402160645e+01
2.289083480834960938e+01
2.313691186904907227e+01
2.293209528923034668e+01
2.290932202339172363e+01
2.290169119834899902e+01
2.330717420578002930e+01
2.305457377433776855e+01
2.292667937278747559e+01
2.346484589576721191e+01
2.296756768226623535e+01
2.322024106979370117e+01
2.297766184806823730e+01
2.288952708244323730e+01
2.291908717155456543e+01
2.318449735641479492e+01
2.289189362525939941e+01
2.298129534721374512e+01
2.291669869422912598e+01
2.336248636245727539e+01
2.312542510032653809e+01
2.351675915718078613e+01
2.306685662269592285e+01
2.286814093589782715e+01
2.323605799674987793e+01
2.303254008293151855e+01
2.300366973876953125e+01
2.365305972099304199e+01
2.292110586166381836e+01
2.291204786300659180e+01
2.312272882461547852e+01
2.296624207496643066e+01
2.303335881233215332e+01
2.319818210601806641e+01
2.297398734092712402e+01
2.328398060798645020e+01
2.289486622810363770e+01
2.288859319686889648e+01
2.288288617134094238e+01
2.291580033302307129e+01
2.336177587509155273e+01
2.338991761207580566e+01
2.298580193519592285e+01
2.318057656288146973e+01
2.312068653106689453e+01
2.321340608596801758e+01
2.288758587837219238e+01
2.297500729560852051e+01
2.313187432289123535e+01
2.286701464653015137e+01
2.306926918029785156e+01
2.299621415138244629e+01
2.304631471633911133e+01
2.290361738204956055e+01
2.291260099411010742e+01
2.292429351806640625e+01
2.292819690704345703e+01
2.293910360336303711e+01
2.299940562248229980e+01
2.333773827552795410e+01
2.320765066146850586e+01
2.297263574600219727e+01
2.298498702049255371e+01
2.300243949890136719e+01
2.297292947769165039e+01
2.299511027336120605e+01
2.343335914611816406e+01
2.294090723991394043e+01
2.318722105026245117e+01
2.355189180374145508e+01
2.305714750289916992e+01
2.322123456001281738e+01
2.296815800666809082e+01
2.289520359039306641e+01
2.292708492279052734e+01
2.315998196601867676e+01
2.296047353744506836e+01
2.336201167106628418e+01
2.293544030189514160e+01
2.328323078155517578e+01
2.343375372886657715e+01
2.343502163887023926e+01
2.298774886131286621e+01
2.315991258621215820e+01
2.320053815841674805e+01
2.294672250747680664e+01
2.297001504898071289e+01
2.290211248397827148e+01
2.289040780067443848e+01
2.326579022407531738e+01
2.318364548683166504e+01
2.298290443420410156e+01
2.290181684494018555e+01
2.299551320075988770e+01
2.296342897415161133e+01
2.298523998260498047e+01
2.286294221878051758e+01
2.313043093681335449e+01
2.332452702522277832e+01
2.294468092918395996e+01
2.287723112106323242e+01
2.320174026489257812e+01
2.287248110771179199e+01
2.339215016365051270e+01
2.293204545974731445e+01
2.287209630012512207e+01
2.330930066108703613e+01
2.329725766181945801e+01
2.334849786758422852e+01
2.294349551200866699e+01
2.290994358062744141e+01
2.299308919906616211e+01
2.288449692726135254e+01
2.289495277404785156e+01
2.288609862327575684e+01
2.295772290229797363e+01
2.296082711219787598e+01
2.298343443870544434e+01
2.312498712539672852e+01
2.308336472511291504e+01
2.297069025039672852e+01
2.317326760292053223e+01
2.320626974105834961e+01
2.320837521553039551e+01
2.292711663246154785e+01
2.329067873954772949e+01
2.317247462272644043e+01
2.291915822029113770e+01
2.290773653984069824e+01
2.288366746902465820e+01
2.300214815139770508e+01
2.291329813003540039e+01
2.309463930130004883e+01
