1.023999999954223661e+01
9.695999999694823401e+00
9.616000002441406735e+00
1.023999999572753872e+01
1.033600000183105472e+01
9.872000002441406963e+00
1.028800000244140556e+01
1.039999999969482403e+01
1.049600000244140574e+01
1.100799999969482457e+01
1.075199999877929713e+01
1.014399999954223652e+01
1.046400000000000041e+01
1.017600000244140546e+01
9.775999999542236196e+00
1.057599999938964785e+01
1.027200000244140554e+01
1.047999999572753893e+01
1.054399999938964783e+01
1.036800000244140563e+01
1.049600000244140574e+01
9.791999999694823487e+00
1.016000000183105456e+01
1.092799999969482450e+01
1.031999999969482396e+01
1.046400000244140571e+01
1.038399999938964768e+01
1.052799999969482414e+01
1.003199999984741275e+01
1.038399999908447313e+01
1.097599999969482454e+01
1.035200000244140561e+01
1.008000000244140537e+01
1.046399999969482408e+01
1.025600000183105465e+01
1.030400000244140557e+01
1.062399999572753906e+01
1.079999999908447350e+01
1.068799999938964795e+01
1.094399999908447185e+01
1.071999999908447343e+01
1.071999999969482431e+01
1.070399999908447342e+01
1.022399999969482387e+01
1.176000000244140686e+01
1.179199999954223621e+01
1.260799999908447333e+01
1.073599999877929712e+01
1.172800000244140683e+01
1.190399999877929638e+01
1.265599999877929704e+01
1.390400000183105433e+01
1.420799999938964930e+01
1.470399999954223702e+01
1.646400000244140571e+01
1.742400000183105391e+01
1.665599999572753731e+01
1.728000000122070290e+01
1.785599999938964899e+01
1.943999999511718713e+01
1.816000000183105456e+01
2.083199999511718659e+01
1.884800000244140605e+01
1.950399999816894692e+01
1.915199999908447381e+01
1.982399999877929631e+01
1.889599999877929548e+01
2.011199999816894390e+01
1.894399999954223546e+01
1.972799999938964888e+01
1.992000000183105612e+01
1.887999999572753751e+01
1.969599999954223790e+01
2.020800000183105638e+01
2.040000000488281273e+01
1.987200000488281404e+01
1.937599999908447401e+01
1.932799999877929764e+01
1.865600000488281296e+01
2.006399999511718590e+01
1.972800000122070330e+01
1.972800000183105595e+01
1.915200000183105544e+01
1.955200000244140668e+01
1.945599999572753802e+01
1.899199999572753939e+01
1.969600000488281211e+01
1.923200000122070463e+01
1.934400000183105561e+01
1.940800000183105567e+01
1.977599999938964714e+01
2.027199999938964936e+01
1.999999999938964734e+01
1.990400000244140699e+01
1.902400000183105533e+01
1.959999999877929611e+01
1.979199999877929628e+01
1.910399999572753771e+01
2.105600000183105536e+01
2.009599999511718593e+01
2.630400000488281265e+01
2.745599998779296769e+01
2.811199999908447111e+01
2.830400000122070381e+01
2.900799999816894470e+01
2.955199999145507661e+01
2.910400000122070452e+01
2.972799999511718738e+01
2.993599999816894552e+01
2.966399999511718732e+01
2.971199999816894533e+01
2.982399999511718747e+01
2.975999998779296973e+01
3.054400000122070225e+01
2.998399999145507877e+01
3.031999999572753879e+01
3.051199999145507746e+01
3.099199999145507789e+01
3.143999999877929596e+01
3.046399999755859511e+01
3.059200000122070406e+01
3.201600000366210708e+01
3.052800000122070401e+01
3.092799999572753933e+01
3.041599999755859329e+01
3.137599999145507823e+01
3.204799999511718767e+01
3.198400000976562652e+01
3.158399999511718903e+01
3.201600000122070355e+01
3.152000000122070489e+01
3.166399999755859440e+01
3.211199999755859125e+01
3.156800000488281199e+01
3.119999999511718869e+01
3.217600000122070014e+01
3.156800000488281199e+01
3.212799999145507712e+01
3.319999999389648337e+01
3.167999999511718912e+01
3.246400000122070395e+01
3.220799998779296658e+01
3.265600000732421648e+01
3.200000000488281415e+01
3.208000000488281245e+01
3.275199999877929713e+01
3.184000000732421753e+01
3.328000000122070645e+01
3.235200000122070207e+01
3.215999999511718954e+01
3.340800000488281540e+01
3.361600000732421734e+01
3.311999999145508156e+01
3.291199999755859551e+01
3.268799999511718823e+01
3.254399999511718988e+01
3.308799999389648150e+01
3.251200000732421813e+01
3.337599999877929946e+01
3.343999999755859420e+01
3.347199999755859068e+01
3.347199999908447410e+01
3.319999999755859221e+01
3.352000000366211196e+01
3.377599999145508036e+01
3.320000000366211168e+01
3.347200000488281546e+01
3.323200000488281347e+01
3.367999998779296789e+01
3.388799999145507513e+01
3.294399999816894820e+01
3.375999999389648565e+01
3.350400000122070310e+01
3.313599999816894837e+01
3.403199998779297175e+01
3.392000000122069991e+01
3.387200000732421756e+01
3.347199999816894689e+01
3.369600000122070327e+01
3.371199999389648383e+01
3.417600000122070014e+01
3.369599999145507496e+01
3.278399999145507593e+01
3.399999999145507701e+01
3.348799999877929423e+01
3.353600000976562256e+01
3.366400000732421915e+01
3.380799999755859631e+01
3.414399999511718420e+01
3.371200000732422097e+01
3.308799999755859034e+01
3.334399999511718704e+01
3.326399999145507991e+01
3.329599999755859585e+01
3.408000000122070361e+01
3.388800000976562643e+01
3.430399999816894763e+01
3.368000000732421739e+01
3.374400000122070509e+01
3.359999999145507843e+01
