2.346500492095947266e+01
2.466747474670410156e+01
2.287398982048034668e+01
2.327677178382873535e+01
2.287237763404846191e+01
2.286862659454345703e+01
2.283580112457275391e+01
2.291875386238098145e+01
2.311215853691101074e+01
2.296671462059020996e+01
2.309747743606567383e+01
2.292671561241149902e+01
2.287812066078186035e+01
2.310850358009338379e+01
2.299721193313598633e+01
2.317273664474487305e+01
2.300177145004272461e+01
2.294695854187011719e+01
2.339986610412597656e+01
2.291681313514709473e+01
2.325422382354736328e+01
2.292768907546997070e+01
2.312397313117980957e+01
2.297760939598083496e+01
2.313267612457275391e+01
2.296856355667114258e+01
2.291754055023193359e+01
2.302708125114440918e+01
2.309769105911254883e+01
2.289141225814819336e+01
2.332432866096496582e+01
2.329520273208618164e+01
2.323315691947937012e+01
2.296655869483947754e+01
2.299960470199584961e+01
2.299177718162536621e+01
2.308942723274230957e+01
2.294868588447570801e+01
2.312378025054931641e+01
2.298812007904052734e+01
2.291856431961059570e+01
2.293068838119506836e+01
2.312690258026123047e+01
2.289957404136657715e+01
2.295896553993225098e+01
2.347828888893127441e+01
2.294709658622741699e+01
2.289510059356689453e+01
2.315146470069885254e+01
2.332790303230285645e+01
2.324207448959350586e+01
2.293855714797973633e+01
2.317728614807128906e+01
2.359292864799499512e+01
2.295768427848815918e+01
2.289299392700195312e+01
2.293553066253662109e+01
2.290531492233276367e+01
2.309408545494079590e+01
2.312576246261596680e+01
2.316088986396789551e+01
2.320705509185791016e+01
2.292849397659301758e+01
2.374226236343383789e+01
2.290950798988342285e+01
2.293593525886535645e+01
2.306910228729248047e+01
2.356715869903564453e+01
2.335188341140747070e+01
2.287007761001586914e+01
2.302696347236633301e+01
2.291071605682373047e+01
2.292418909072875977e+01
2.331979942321777344e+01
2.289309644699096680e+01
2.294169092178344727e+01
2.329201102256774902e+01
2.302878236770629883e+01
2.331356000900268555e+01
2.291543436050415039e+01
2.297869849205017090e+01
2.292414307594299316e+01
2.291095495223999023e+01
2.298647904396057129e+01
2.291384220123291016e+01
2.302939176559448242e+01
2.307313442230224609e+01
2.291711997985839844e+01
2.287673902511596680e+01
2.291469693183898926e+01
2.313108611106872559e+01
2.324388194084167480e+01
2.312753534317016602e+01
2.332348322868347168e+01
2.356113553047180176e+01
2.285317921638488770e+01
2.330852580070495605e+01
2.286483168601989746e+01
2.290807414054870605e+01
2.291168761253356934e+01
2.333866024017333984e+01
2.296855854988098145e+01
2.327716398239135742e+01
2.306194305419921875e+01
2.311750864982604980e+01
2.292403054237365723e+01
2.303913640975952148e+01
2.297827935218811035e+01
2.291306257247924805e+01
2.287207603454589844e+01
2.335469961166381836e+01
2.285205745697021484e+01
2.294512534141540527e+01
2.303886270523071289e+01
2.349988174438476562e+01
2.297474956512451172e+01
2.337650084495544434e+01
2.292983770370483398e+01
2.287078619003295898e+01
2.295248317718505859e+01
2.291311860084533691e+01
2.292283749580383301e+01
2.302864646911621094e+01
2.285828351974487305e+01
2.308894658088684082e+01
2.301600098609924316e+01
2.317782306671142578e+01
2.288787364959716797e+01
2.286699771881103516e+01
2.332682085037231445e+01
2.291795539855957031e+01
2.294469237327575684e+01
2.305213356018066406e+01
2.290181899070739746e+01
2.343838906288146973e+01
2.292419195175170898e+01
2.293162441253662109e+01
2.284630966186523438e+01
2.290668702125549316e+01
2.299056196212768555e+01
2.288292884826660156e+01
2.294690513610839844e+01
2.289033770561218262e+01
2.300786828994750977e+01
2.326432609558105469e+01
2.294228100776672363e+01
2.287384772300720215e+01
2.326205015182495117e+01
2.299081707000732422e+01
2.287833547592163086e+01
2.300176763534545898e+01
2.310114479064941406e+01
2.315937590599060059e+01
2.292823958396911621e+01
2.329314970970153809e+01
2.297623562812805176e+01
2.316703605651855469e+01
2.321572875976562500e+01
2.287837338447570801e+01
2.326743984222412109e+01
2.291212224960327148e+01
2.297766256332397461e+01
2.300933170318603516e+01
2.306032729148864746e+01
2.292345952987670898e+01
2.335232448577880859e+01
2.312937331199645996e+01
2.292125916481018066e+01
2.289047241210937500e+01
2.316553449630737305e+01
2.349037194252014160e+01
2.310918569564819336e+01
2.316504144668579102e+01
2.329706335067749023e+01
2.320058512687683105e+01
2.355070757865905762e+01
2.295863223075866699e+01
2.315627312660217285e+01
2.332316088676452637e+01
2.301768922805786133e+01
2.304687309265136719e+01
2.293123459815979004e+01
2.296854853630065918e+01
2.324731588363647461e+01
2.356114816665649414e+01
2.291700339317321777e+01
2.297226929664611816e+01
2.303815484046936035e+01
2.300528597831726074e+01
2.323014378547668457e+01
2.292810297012329102e+01
2.287497830390930176e+01
2.318080544471740723e+01
2.287933444976806641e+01
2.332447719573974609e+01
2.311029243469238281e+01
2.300765848159790039e+01
2.289580392837524414e+01
2.289153718948364258e+01
2.295971655845642090e+01
