9.856000002441406949e+00
1.033599999572753880e+01
1.079999999938964805e+01
9.680000002441406792e+00
1.073599999954223705e+01
1.015999999984741287e+01
1.020799999969482386e+01
1.043199999954223678e+01
1.001599999954223641e+01
1.027200000244140554e+01
1.004799999877929650e+01
9.679999999389648835e+00
1.024000000183105463e+01
1.009599999938964920e+01
1.015999999969482381e+01
1.022399999954223659e+01
1.025600000244140553e+01
1.012799999938964923e+01
9.999999999694823671e+00
1.041599999908447316e+01
9.951999999542236353e+00
9.999999999542236395e+00
1.033599999954223669e+01
1.036799999954223672e+01
1.014399999938964925e+01
1.027199999908447303e+01
1.119999999969482474e+01
1.089599999938964814e+01
1.099199999954223550e+01
1.108799999938964831e+01
1.156800000183105404e+01
1.123199999908447211e+01
1.225600000244140553e+01
1.174399999954223617e+01
1.251199999908447325e+01
1.265599999877929704e+01
1.371199999572753825e+01
1.329599999572753966e+01
1.488000000244140608e+01
1.512000000488281337e+01
1.473600000183105507e+01
1.556800000488281199e+01
1.503999999877929739e+01
1.494399999877929730e+01
1.601599999954223463e+01
1.614399999908447114e+01
1.598399999938964910e+01
1.635199999908447310e+01
1.564800000488281206e+01
1.555199999969482505e+01
1.612799999877929835e+01
1.651199999938964780e+01
1.648000000244140750e+01
1.744000000244140480e+01
1.657599999877929520e+01
1.665600000183105323e+01
1.684799999511718838e+01
1.718400000183105547e+01
1.643199999877929685e+01
1.657599999908447330e+01
1.678399999511718832e+01
1.699199999938964822e+01
1.659199999572754081e+01
1.696000000244140793e+01
1.742399999969482494e+01
1.739199999938964680e+01
1.751999999877929781e+01
1.697599999572753759e+01
1.769600000244140503e+01
1.700799999938965001e+01
1.740799999938964859e+01
1.811200000244140540e+01
1.721600000244140460e+01
1.655999999511718812e+01
1.683200000244140782e+01
1.782399999877929631e+01
1.825599999572753873e+01
1.721599999908447387e+01
1.740800000183105567e+01
1.753599999908447415e+01
1.766399999511718732e+01
1.727999999511718698e+01
1.667199999938964794e+01
1.798399999877929645e+01
1.782399999938964896e+01
1.697599999877929733e+01
1.857600000244140759e+01
1.849599999511718806e+01
1.811200000183105630e+01
1.820799999908447120e+01
1.817599999877929662e+01
1.694400000488281322e+01
1.870399999908447342e+01
1.811199999908447111e+01
1.617599999572754044e+01
1.732799999572753791e+01
1.743999999908447407e+01
1.825599999908447302e+01
1.721600000244140460e+01
1.700799999877929736e+01
2.047999999877929511e+01
2.110399999572753771e+01
2.177599999145507681e+01
2.150399999877929602e+01
2.145599999877929775e+01
2.195199999572754024e+01
2.206399999816894564e+01
2.192000000122070347e+01
2.281599999816894453e+01
2.249600000244140574e+01
2.292800000183105524e+01
2.319999999877929753e+01
2.289600000183105522e+01
2.358399999816894521e+01
2.412799999816894569e+01
2.360000000732421910e+01
2.435199999572753882e+01
2.363199999511718730e+01
2.383999999511718926e+01
2.379199999511718744e+01
2.398400000183105618e+01
2.431999999877929852e+01
2.443199999816894419e+01
2.419199999877929841e+01
2.488000000732422023e+01
2.531199999572753967e+01
2.433600000488281268e+01
2.516799999816894484e+01
2.548799999145507655e+01
2.467200000244140767e+01
2.393600000244140702e+01
2.539199999877929770e+01
2.510399999572753771e+01
2.588799999145507869e+01
2.537600000488281182e+01
2.516799999877929750e+01
2.583999999877929810e+01
2.582399999877929631e+01
2.577599999816894538e+01
2.683199999816894632e+01
2.580799999511718923e+01
2.614399999816894393e+01
2.582399999511718747e+01
2.771199999877929798e+01
2.620799999572754047e+01
2.657600000183105493e+01
2.657599999877929520e+01
2.694399999511718846e+01
2.732799999511718880e+01
2.779200000122070335e+01
2.740800000732421893e+01
2.823999999572754049e+01
2.779199999816894362e+01
2.734399999755859412e+01
2.886399999816894635e+01
2.862400000183105320e+01
2.790399999877929815e+01
2.838399999877929858e+01
2.934400000732421887e+01
2.833600000122070384e+01
2.894399999755859199e+01
2.836800000488281270e+01
2.911999999816894658e+01
2.852799999877929693e+01
2.958399999511718903e+01
2.803200000122070179e+01
2.924799999755859403e+01
2.831999999511718613e+01
2.899199999511718673e+01
2.875199999145507945e+01
2.895999999511718670e+01
2.895999999145507786e+01
2.924800000732421879e+01
2.894399999816894464e+01
2.868800000488281299e+01
2.887999999145507957e+01
2.820800000732421964e+01
2.899200000122070264e+01
2.913600000732422046e+01
2.945600000122070483e+01
2.872000000732422009e+01
2.875199999816894447e+01
2.871999999145507942e+01
2.811199999755859480e+01
2.875199999145507945e+01
2.916799999511718866e+01
2.920000000732422052e+01
2.953599999145507837e+01
2.927999999755859406e+01
2.934399999145507820e+01
2.929600000732421705e+01
3.017599999511718778e+01
2.936000000122070475e+01
2.910399999816894478e+01
3.032000000122070205e+01
2.966400000488281208e+01
3.060799999755859346e+01
3.011200000732421955e+01
2.916800000183105368e+01
2.993600000122070171e+01
