9.909999847412109375e+00
9.969999313354492188e+00
1.109999942779541016e+01
1.056999969482421875e+01
9.979999542236328125e+00
1.088000011444091797e+01
1.013999938964843750e+01
1.097999954223632812e+01
1.151999950408935547e+01
1.142000007629394531e+01
9.929999351501464844e+00
9.420000076293945312e+00
1.159000015258789062e+01
1.148999977111816406e+01
1.013999938964843750e+01
1.064999961853027344e+01
1.134999942779541016e+01
1.111999988555908203e+01
1.138999938964843750e+01
1.011999988555908203e+01
1.001999950408935547e+01
1.000000000000000000e+01
1.002999973297119141e+01
1.073999977111816406e+01
1.101999950408935547e+01
1.042000007629394531e+01
9.979999542236328125e+00
1.039999961853027344e+01
1.000000000000000000e+01
1.010999965667724609e+01
1.036999988555908203e+01
1.202999973297119141e+01
1.055000019073486328e+01
1.080999946594238281e+01
1.084000015258789062e+01
1.000000000000000000e+01
1.055999946594238281e+01
1.034000015258789062e+01
1.075000000000000000e+01
1.002999973297119141e+01
1.000000000000000000e+01
1.403999996185302734e+01
1.105000019073486328e+01
1.531999969482421875e+01
1.425999927520751953e+01
1.513999938964843750e+01
1.922999954223632812e+01
1.822999954223632812e+01
1.646999931335449219e+01
1.854999923706054688e+01
1.862999916076660156e+01
1.986999893188476562e+01
2.018999862670898438e+01
2.044999885559082031e+01
2.098999977111816406e+01
2.122999954223632812e+01
1.865999984741210938e+01
2.012999916076660156e+01
1.947999954223632812e+01
1.986999893188476562e+01
1.752999877929687500e+01
2.145999908447265625e+01
1.786999893188476562e+01
1.852999877929687500e+01
2.139999961853027344e+01
2.337999916076660156e+01
1.952999877929687500e+01
2.240999984741210938e+01
1.678999900817871094e+01
2.079999923706054688e+01
1.868000030517578125e+01
1.622999954223632812e+01
1.747999954223632812e+01
1.805999946594238281e+01
1.896999931335449219e+01
1.815999984741210938e+01
1.655999946594238281e+01
2.017000007629394531e+01
1.920999908447265625e+01
1.686999893188476562e+01
2.102999877929687500e+01
1.581999969482421875e+01
1.798999977111816406e+01
2.057999992370605469e+01
1.863999938964843750e+01
1.902999877929687500e+01
2.126000022888183594e+01
2.023999977111816406e+01
1.827000045776367188e+01
1.864999961853027344e+01
1.757999992370605469e+01
1.882999992370605469e+01
1.879999923706054688e+01
1.935999870300292969e+01
1.763999938964843750e+01
1.807999992370605469e+01
1.910999870300292969e+01
2.034000015258789062e+01
1.979999923706054688e+01
1.687999916076660156e+01
2.309000015258789062e+01
2.253999900817871094e+01
2.376000022888183594e+01
2.364999961853027344e+01
2.301000022888183594e+01
2.334999847412109375e+01
2.326000022888183594e+01
2.490999984741210938e+01
2.276999855041503906e+01
2.378999900817871094e+01
2.659000015258789062e+01
2.572999954223632812e+01
2.388999938964843750e+01
2.660999870300292969e+01
2.545999908447265625e+01
2.628999900817871094e+01
2.586999893188476562e+01
2.693999862670898438e+01
2.702999877929687500e+01
2.771999931335449219e+01
2.693999862670898438e+01
2.768999862670898438e+01
2.792999839782714844e+01
2.672999954223632812e+01
2.718999862670898438e+01
2.826999855041503906e+01
2.804999923706054688e+01
2.877999877929687500e+01
2.677999877929687500e+01
2.862999916076660156e+01
2.812999916076660156e+01
2.871999931335449219e+01
2.875000000000000000e+01
2.784000015258789062e+01
2.819999885559082031e+01
2.704999923706054688e+01
2.815999984741210938e+01
2.838999938964843750e+01
2.867000007629394531e+01
2.684000015258789062e+01
2.896999931335449219e+01
2.760999870300292969e+01
2.863999938964843750e+01
2.920999908447265625e+01
2.784999847412109375e+01
2.715999984741210938e+01
2.887999916076660156e+01
2.894999885559082031e+01
2.919999885559082031e+01
2.835999870300292969e+01
2.832999992370605469e+01
2.836999893188476562e+01
2.909999847412109375e+01
2.885999870300292969e+01
2.915999984741210938e+01
2.935999870300292969e+01
2.885999870300292969e+01
2.948999977111816406e+01
2.884000015258789062e+01
2.865999984741210938e+01
2.886999893188476562e+01
2.897999954223632812e+01
2.950999832153320312e+01
2.915999984741210938e+01
2.892000007629394531e+01
2.914999961853027344e+01
2.906999969482421875e+01
2.900999832153320312e+01
2.904999923706054688e+01
2.894999885559082031e+01
2.896999931335449219e+01
2.920999908447265625e+01
2.929999923706054688e+01
2.903999900817871094e+01
2.929999923706054688e+01
2.946999931335449219e+01
2.940999984741210938e+01
2.919999885559082031e+01
2.918999862670898438e+01
2.927999877929687500e+01
2.948999977111816406e+01
2.950999832153320312e+01
2.950000000000000000e+01
2.930999946594238281e+01
2.911999893188476562e+01
2.920999908447265625e+01
2.953999900817871094e+01
2.945999908447265625e+01
2.944999885559082031e+01
2.959999847412109375e+01
2.926999855041503906e+01
2.936999893188476562e+01
2.954999923706054688e+01
2.938999938964843750e+01
2.946999931335449219e+01
2.981999969482421875e+01
2.970999908447265625e+01
2.920999908447265625e+01
2.960999870300292969e+01
2.935999870300292969e+01
