9.929999351501464844e+00
9.840000152587890625e+00
1.011999988555908203e+01
1.030000019073486328e+01
1.015999984741210938e+01
1.072999954223632812e+01
1.190999984741210938e+01
9.670000076293945312e+00
1.067000007629394531e+01
9.779999732971191406e+00
1.006999969482421875e+01
1.000999927520751953e+01
1.057999992370605469e+01
1.005000019073486328e+01
1.093999958038330078e+01
1.013000011444091797e+01
1.000000000000000000e+01
1.100999927520751953e+01
1.026999950408935547e+01
1.000999927520751953e+01
1.014999961853027344e+01
1.071999931335449219e+01
1.022999954223632812e+01
1.000000000000000000e+01
1.023999977111816406e+01
1.005000019073486328e+01
9.679999351501464844e+00
1.067999935150146484e+01
1.009999942779541016e+01
1.146000003814697266e+01
1.161999988555908203e+01
1.000000000000000000e+01
1.000000000000000000e+01
9.840000152587890625e+00
1.027999973297119141e+01
9.869999885559082031e+00
1.075000000000000000e+01
1.005999946594238281e+01
1.109000015258789062e+01
1.042999935150146484e+01
9.960000038146972656e+00
1.138000011444091797e+01
1.061999988555908203e+01
1.080000019073486328e+01
1.000000000000000000e+01
1.009000015258789062e+01
1.134000015258789062e+01
1.013000011444091797e+01
1.000000000000000000e+01
1.022999954223632812e+01
1.525999927520751953e+01
1.015999984741210938e+01
9.969999313354492188e+00
1.000000000000000000e+01
1.000999927520751953e+01
1.588999938964843750e+01
1.567999935150146484e+01
1.720999908447265625e+01
1.739999961853027344e+01
1.648999977111816406e+01
2.063999938964843750e+01
1.775000000000000000e+01
1.689999961853027344e+01
1.845999908447265625e+01
1.721999931335449219e+01
1.809000015258789062e+01
2.121999931335449219e+01
2.473999977111816406e+01
1.762999916076660156e+01
2.281999969482421875e+01
2.243000030517578125e+01
2.119999885559082031e+01
1.937999916076660156e+01
2.160999870300292969e+01
1.865999984741210938e+01
1.856999969482421875e+01
2.093999862670898438e+01
2.001000022888183594e+01
2.065999984741210938e+01
2.182999992370605469e+01
2.235999870300292969e+01
2.484000015258789062e+01
2.248999977111816406e+01
2.218000030517578125e+01
2.640999984741210938e+01
2.143000030517578125e+01
2.343999862670898438e+01
2.036999893188476562e+01
2.351000022888183594e+01
2.314999961853027344e+01
2.390999984741210938e+01
2.369999885559082031e+01
1.985999870300292969e+01
2.418999862670898438e+01
1.995999908447265625e+01
2.000000000000000000e+01
2.427999877929687500e+01
2.188999938964843750e+01
2.064999961853027344e+01
2.215999984741210938e+01
2.784000015258789062e+01
2.801000022888183594e+01
2.828999900817871094e+01
2.912999916076660156e+01
2.904999923706054688e+01
2.954999923706054688e+01
2.959999847412109375e+01
3.104999923706054688e+01
2.901999855041503906e+01
3.046999931335449219e+01
3.014999961853027344e+01
2.823999977111816406e+01
3.135999870300292969e+01
3.140999984741210938e+01
3.159999847412109375e+01
3.034999847412109375e+01
3.139999961853027344e+01
3.132999992370605469e+01
3.215999984741210938e+01
3.155999946594238281e+01
3.229999923706054688e+01
3.185999870300292969e+01
3.236000061035156250e+01
3.170999908447265625e+01
3.211999893188476562e+01
3.186999893188476562e+01
3.256999969482421875e+01
3.220999908447265625e+01
3.227999877929687500e+01
3.279999923706054688e+01
3.213000106811523438e+01
3.206999969482421875e+01
3.223999786376953125e+01
3.238000106811523438e+01
3.220000076293945312e+01
3.263999938964843750e+01
3.275999832153320312e+01
3.257999801635742188e+01
3.275999832153320312e+01
3.370000076293945312e+01
3.334000015258789062e+01
3.255999755859375000e+01
3.327999877929687500e+01
3.280999755859375000e+01
3.327999877929687500e+01
3.340999984741210938e+01
3.327000045776367188e+01
3.373999786376953125e+01
3.290999984741210938e+01
3.271999740600585938e+01
3.315999984741210938e+01
3.334000015258789062e+01
3.361000061035156250e+01
3.338999938964843750e+01
3.345000076293945312e+01
3.350000000000000000e+01
3.352999877929687500e+01
3.366999816894531250e+01
3.370999908447265625e+01
3.355999755859375000e+01
3.355999755859375000e+01
3.352999877929687500e+01
3.370999908447265625e+01
3.368999862670898438e+01
3.373999786376953125e+01
3.370999908447265625e+01
3.375000000000000000e+01
3.379000091552734375e+01
3.375999832153320312e+01
3.368999862670898438e+01
3.388999938964843750e+01
3.386999893188476562e+01
3.371999740600585938e+01
3.389999771118164062e+01
3.361999893188476562e+01
3.363999938964843750e+01
3.388999938964843750e+01
3.359000015258789062e+01
3.371999740600585938e+01
3.368999862670898438e+01
3.372999954223632812e+01
3.379000091552734375e+01
3.377000045776367188e+01
3.373999786376953125e+01
3.379999923706054688e+01
3.382999801635742188e+01
3.371999740600585938e+01
3.398999786376953125e+01
3.375000000000000000e+01
3.387999725341796875e+01
3.382999801635742188e+01
3.379000091552734375e+01
3.371999740600585938e+01
3.375999832153320312e+01
3.382999801635742188e+01
3.356999969482421875e+01
3.364999771118164062e+01
3.359000015258789062e+01
3.355999755859375000e+01
3.370000076293945312e+01
