1.285658144950866699e+01
1.250520491600036621e+01
1.236143636703491211e+01
1.239070439338684082e+01
1.244804000854492188e+01
1.240395593643188477e+01
1.238470315933227539e+01
1.240996336936950684e+01
1.239478039741516113e+01
1.246533966064453125e+01
1.242858719825744629e+01
1.242075085639953613e+01
1.243041992187500000e+01
1.240095376968383789e+01
1.247282886505126953e+01
1.239780354499816895e+01
1.244846463203430176e+01
1.243992424011230469e+01
1.240102243423461914e+01
1.240269613265991211e+01
1.240751028060913086e+01
1.244010663032531738e+01
1.241394400596618652e+01
1.242711806297302246e+01
1.244653415679931641e+01
1.245802259445190430e+01
1.239247083663940430e+01
1.241868996620178223e+01
1.243223834037780762e+01
1.242491292953491211e+01
1.243517088890075684e+01
1.241058182716369629e+01
1.244193792343139648e+01
1.243847298622131348e+01
1.245184063911437988e+01
1.245717358589172363e+01
1.255954694747924805e+01
1.242245149612426758e+01
1.245341467857360840e+01
1.248024988174438477e+01
1.239496946334838867e+01
1.243590116500854492e+01
1.247354626655578613e+01
1.249976134300231934e+01
1.251106119155883789e+01
1.242082881927490234e+01
1.251084136962890625e+01
1.242567443847656250e+01
1.243686938285827637e+01
1.243934249877929688e+01
1.245146036148071289e+01
1.255886101722717285e+01
1.242535853385925293e+01
1.240046620368957520e+01
1.241600942611694336e+01
1.241729140281677246e+01
1.243831205368041992e+01
1.241141223907470703e+01
1.240727019309997559e+01
1.247008752822875977e+01
1.242492461204528809e+01
1.241140556335449219e+01
1.249602866172790527e+01
1.240115046501159668e+01
1.243549275398254395e+01
1.247159910202026367e+01
1.243560004234313965e+01
1.239091515541076660e+01
1.242800188064575195e+01
1.238996100425720215e+01
1.248151040077209473e+01
1.240740585327148438e+01
1.239228701591491699e+01
1.243498516082763672e+01
1.246074295043945312e+01
1.247360277175903320e+01
1.238584256172180176e+01
1.242706489562988281e+01
1.244076490402221680e+01
1.242023324966430664e+01
1.240995383262634277e+01
1.242049884796142578e+01
1.240937685966491699e+01
1.245303940773010254e+01
1.243849039077758789e+01
1.243373155593872070e+01
1.241240763664245605e+01
1.242208719253540039e+01
1.242310547828674316e+01
1.244865417480468750e+01
1.242345452308654785e+01
1.243515038490295410e+01
1.239243388175964355e+01
1.242570281028747559e+01
1.244061136245727539e+01
1.238834071159362793e+01
1.239118695259094238e+01
1.241956329345703125e+01
1.240866470336914062e+01
1.243115758895874023e+01
1.241446447372436523e+01
1.242463064193725586e+01
1.243517279624938965e+01
1.241202068328857422e+01
1.241994929313659668e+01
1.244076395034790039e+01
1.240869712829589844e+01
1.242646956443786621e+01
1.240645766258239746e+01
1.240785193443298340e+01
1.244272422790527344e+01
1.239753293991088867e+01
1.251019358634948730e+01
1.244269442558288574e+01
1.243902230262756348e+01
1.243887090682983398e+01
1.246551561355590820e+01
1.241726040840148926e+01
1.256524991989135742e+01
1.241195154190063477e+01
1.243896675109863281e+01
1.243094110488891602e+01
1.246306014060974121e+01
1.243397760391235352e+01
1.244222664833068848e+01
1.244301462173461914e+01
1.243686294555664062e+01
1.242017626762390137e+01
1.249807643890380859e+01
1.247300744056701660e+01
1.241872072219848633e+01
1.246930241584777832e+01
1.239055514335632324e+01
1.242344474792480469e+01
1.247566652297973633e+01
1.244274020195007324e+01
1.246236872673034668e+01
1.242421054840087891e+01
1.242910552024841309e+01
1.242765021324157715e+01
1.242481493949890137e+01
1.243950772285461426e+01
1.238259863853454590e+01
1.243319201469421387e+01
1.246615958213806152e+01
1.240826845169067383e+01
1.242123985290527344e+01
1.245565080642700195e+01
1.249146747589111328e+01
1.245902705192565918e+01
1.247869777679443359e+01
1.241297984123229980e+01
1.243069386482238770e+01
1.244587969779968262e+01
1.243997716903686523e+01
1.244465160369873047e+01
1.244917440414428711e+01
1.242453145980834961e+01
1.239248156547546387e+01
1.248032999038696289e+01
1.247524976730346680e+01
1.244660353660583496e+01
1.246996378898620605e+01
1.245538401603698730e+01
1.242775416374206543e+01
1.243888139724731445e+01
1.244846701622009277e+01
1.243167686462402344e+01
1.243386459350585938e+01
1.244846582412719727e+01
1.243177628517150879e+01
1.241047716140747070e+01
1.246912550926208496e+01
1.241671085357666016e+01
1.244090008735656738e+01
1.241711211204528809e+01
1.243599247932434082e+01
1.246492815017700195e+01
1.246292996406555176e+01
1.241885638236999512e+01
1.244069361686706543e+01
1.242755532264709473e+01
1.241949582099914551e+01
1.239409399032592773e+01
1.240394163131713867e+01
1.240751361846923828e+01
1.241571211814880371e+01
1.242447662353515625e+01
1.246602058410644531e+01
1.239460968971252441e+01
1.241903281211853027e+01
1.243112802505493164e+01
1.244348740577697754e+01
1.242394399642944336e+01
1.248265981674194336e+01
1.240662121772766113e+01
1.239907884597778320e+01
1.240265440940856934e+01
1.238888597488403320e+01
1.238770055770874023e+01
