2.468174798126220537e+00
2.457871401977539172e+00
2.457836701278686586e+00
2.482432688598632975e+00
2.457250011596679773e+00
2.472028160552978360e+00
2.464624708786010920e+00
2.463558233718872170e+00
2.483067797241210961e+00
2.519583983383178794e+00
2.511318400268554907e+00
2.493501376953124904e+00
2.508980447998046870e+00
2.553368775177002004e+00
2.598295608291625758e+00
2.617564782028198422e+00
2.590057558670043836e+00
2.611768397064209157e+00
2.508273697052001872e+00
2.476070307540893634e+00
2.489699455413818541e+00
2.458177456970215058e+00
2.458430935440063525e+00
2.506096615676880024e+00
2.468686279144287177e+00
2.486174362792968662e+00
2.495338797912597606e+00
2.483188578643798827e+00
2.442429917373657222e+00
2.424212360610961792e+00
2.407742003784179907e+00
2.416486565551757781e+00
2.448435235977172830e+00
2.403099240951537929e+00
2.411668227310180601e+00
2.428153560409545886e+00
2.403136072158813530e+00
2.408139402999877721e+00
2.418553526611328053e+00
2.422252340011596505e+00
2.380771363143920905e+00
2.402321543731689601e+00
2.396204661407470571e+00
2.402437225265503074e+00
2.395595017547607508e+00
2.401752688064575203e+00
2.385953699645996018e+00
2.396348466033935587e+00
2.415736517639160308e+00
2.395225182266235375e+00
2.370469237518310734e+00
2.379255393600463897e+00
2.385286452713012650e+00
2.340323827362060349e+00
2.341730042572021553e+00
2.322820257034301950e+00
2.321762400360107392e+00
2.292283414993286250e+00
2.241391550979614067e+00
2.218292128143310560e+00
2.207997436599731245e+00
2.178445775833129705e+00
2.171111302032470824e+00
2.177261654891967879e+00
2.184165611038208166e+00
2.168897780685424603e+00
2.155017509841918866e+00
2.145257791213989407e+00
2.151151831893920896e+00
2.164470087890625116e+00
2.126430375747680568e+00
2.123004269256591581e+00
2.157243400268554545e+00
2.113209998321533334e+00
2.136007378692626801e+00
2.135172101593017402e+00
2.138760124969482312e+00
2.151079276657104522e+00
2.149544527931213533e+00
2.118004540176391615e+00
2.141690307998657339e+00
2.145128978958129817e+00
2.146854142532348853e+00
2.128147793426513612e+00
2.131708288345337099e+00
2.131040669631957929e+00
2.127790788345337081e+00
2.129186962051391685e+00
2.138270815238952682e+00
2.157822441406250125e+00
2.116086250076294029e+00
2.109524319610595722e+00
2.120601541748047048e+00
2.115075428543090830e+00
2.141066858291626129e+00
2.119099076461791853e+00
2.132606906967163152e+00
2.147297455177306968e+00
2.123446977005004843e+00
2.110427769432067890e+00
1.975349742240905870e+00
1.954955458908081090e+00
1.940559857711791958e+00
1.935726138877868596e+00
1.935678870849609323e+00
1.927703728332519573e+00
1.920133042030334414e+00
1.919117898788452070e+00
1.913230298957824704e+00
1.911021316757202104e+00
1.909003637809753462e+00
1.898442211532592738e+00
1.898755406799316425e+00
1.900365279846191413e+00
1.887488317413330119e+00
1.884502473411560075e+00
1.888499338455200238e+00
1.883378334617614724e+00
1.871511182899475045e+00
1.872030833625793367e+00
1.878135901260375995e+00
1.877954575881958021e+00
1.869561665878295864e+00
1.870775181999206449e+00
1.861918291206359877e+00
1.865284694824218770e+00
1.862885921249389565e+00
1.861987622146606514e+00
1.863230376167297253e+00
1.849213722267150972e+00
1.854372650222778418e+00
1.849467158966064506e+00
1.856543111267089818e+00
1.854677295227050715e+00
1.851987945442199690e+00
1.861897890319824223e+00
1.845901799011230526e+00
1.846355789451599172e+00
1.847681844291686915e+00
1.845932484092712489e+00
1.835587932319641125e+00
1.840345489044189486e+00
1.843320077781677169e+00
1.842317686386108377e+00
1.848800483131408656e+00
1.833821969108581529e+00
1.840457926216125584e+00
1.828376220817566011e+00
1.828386064529418986e+00
1.829643837852477972e+00
1.824942718238830475e+00
1.832172653617858860e+00
1.826822841835022082e+00
1.831202102966308587e+00
1.823813289833068785e+00
1.833386638145446668e+00
1.825167787017822230e+00
1.824678671493530357e+00
1.817154746131896870e+00
1.825091456184387173e+00
1.820595883178711016e+00
1.828647390365600645e+00
1.832579511909484760e+00
1.825615915908813447e+00
1.830978476295471280e+00
1.819530257835388243e+00
1.822955108680725189e+00
1.810584999885558988e+00
1.828970302696228067e+00
1.820617540016174374e+00
1.819951867980956983e+00
1.833513333930969269e+00
1.822280524520873968e+00
1.818316109695434557e+00
1.824226717720031754e+00
1.817958127250671296e+00
1.819540392799377404e+00
1.825165129623413041e+00
1.819636266212463438e+00
1.817250812377929625e+00
1.815231246299743750e+00
1.823664372673034606e+00
1.824061675033569419e+00
1.823468989601135348e+00
1.824265066146850689e+00
1.826533261375427264e+00
1.814459097747802785e+00
1.820841155090332064e+00
1.810429733886718795e+00
1.820061189880371133e+00
1.824700423202514576e+00
1.825066700706482026e+00
1.819839784202575750e+00
1.817480794296264746e+00
1.814606431655883867e+00
1.814207129745483371e+00
1.823908709640502890e+00
1.819557103500366146e+00
1.825956868515014708e+00
1.813578813095092723e+00
