1.294462060928344727e+01
1.190765357017517090e+01
1.237925815582275391e+01
1.237587881088256836e+01
1.233756446838378906e+01
1.247400879859924316e+01
1.239301133155822754e+01
1.244651794433593750e+01
1.242604708671569824e+01
1.240063571929931641e+01
1.247888088226318359e+01
1.245018982887268066e+01
1.243276548385620117e+01
1.242956447601318359e+01
1.243505525588989258e+01
1.250725269317626953e+01
1.241279268264770508e+01
1.241667747497558594e+01
1.242858576774597168e+01
1.243940377235412598e+01
1.246062517166137695e+01
1.240800356864929199e+01
1.245194292068481445e+01
1.242704296112060547e+01
1.241223049163818359e+01
1.242820644378662109e+01
1.251870894432067871e+01
1.245244002342224121e+01
1.242344307899475098e+01
1.252907800674438477e+01
1.245351529121398926e+01
1.247296905517578125e+01
1.244524645805358887e+01
1.244175386428833008e+01
1.239447474479675293e+01
1.249378323554992676e+01
1.243011069297790527e+01
1.243523216247558594e+01
1.251576066017150879e+01
1.246242904663085938e+01
1.241582918167114258e+01
1.250310826301574707e+01
1.248060703277587891e+01
1.244787836074829102e+01
1.246830487251281738e+01
1.244977426528930664e+01
1.248300600051879883e+01
1.243438768386840820e+01
1.242340493202209473e+01
1.245295643806457520e+01
1.247209072113037109e+01
1.242840313911437988e+01
1.244715762138366699e+01
1.246294260025024414e+01
1.247747039794921875e+01
1.243162035942077637e+01
1.250402712821960449e+01
1.240557765960693359e+01
1.246179270744323730e+01
1.244374132156372070e+01
1.247849202156066895e+01
1.249695801734924316e+01
1.244270944595336914e+01
1.244741582870483398e+01
1.244813632965087891e+01
1.249105191230773926e+01
1.249454665184020996e+01
1.244288468360900879e+01
1.248197889328002930e+01
1.243219256401062012e+01
1.244972920417785645e+01
1.246331667900085449e+01
1.240655303001403809e+01
1.247558569908142090e+01
1.246063661575317383e+01
1.251605367660522461e+01
1.243867588043212891e+01
1.241607975959777832e+01
1.241702747344970703e+01
1.245094418525695801e+01
1.241945195198059082e+01
1.244630670547485352e+01
1.241800618171691895e+01
1.243741273880004883e+01
1.242181682586669922e+01
1.244345927238464355e+01
1.244626069068908691e+01
1.246111011505126953e+01
1.243473267555236816e+01
1.242573714256286621e+01
1.245032691955566406e+01
1.247761058807373047e+01
1.240923905372619629e+01
1.247305893898010254e+01
1.243234038352966309e+01
1.241333127021789551e+01
1.241120266914367676e+01
1.244597792625427246e+01
1.245485925674438477e+01
1.244434618949890137e+01
1.244586801528930664e+01
1.245490336418151855e+01
1.245496511459350586e+01
1.243868541717529297e+01
1.245534682273864746e+01
1.243424582481384277e+01
1.245010018348693848e+01
1.245763969421386719e+01
1.245085477828979492e+01
1.242044973373413086e+01
1.245919299125671387e+01
1.244600796699523926e+01
1.245998334884643555e+01
1.246193742752075195e+01
1.245601224899291992e+01
1.254815816879272461e+01
1.245233392715454102e+01
1.243467712402343750e+01
1.241636538505554199e+01
1.244723391532897949e+01
1.246695923805236816e+01
1.246760416030883789e+01
1.250829768180847168e+01
1.244936108589172363e+01
1.243610620498657227e+01
1.241546297073364258e+01
1.248501205444335938e+01
1.243431019783020020e+01
1.239086985588073730e+01
1.245623779296875000e+01
1.241717219352722168e+01
1.251274871826171875e+01
1.242401170730590820e+01
1.247810649871826172e+01
1.248589277267456055e+01
1.244356846809387207e+01
1.244699859619140625e+01
1.243747043609619141e+01
1.242480874061584473e+01
1.247592306137084961e+01
1.248090934753417969e+01
1.247637581825256348e+01
1.240922760963439941e+01
1.250632953643798828e+01
1.244083809852600098e+01
1.242980313301086426e+01
1.242244029045104980e+01
1.242463445663452148e+01
1.242130398750305176e+01
1.243751859664916992e+01
1.243476104736328125e+01
1.248727703094482422e+01
1.244135832786560059e+01
1.249529290199279785e+01
1.246939778327941895e+01
1.248426961898803711e+01
1.243707418441772461e+01
1.250020766258239746e+01
1.243927741050720215e+01
1.242008519172668457e+01
1.248723220825195312e+01
1.249674677848815918e+01
1.242049431800842285e+01
1.247005319595336914e+01
1.248079180717468262e+01
1.243617200851440430e+01
1.241837048530578613e+01
1.250240325927734375e+01
1.242324566841125488e+01
1.247979307174682617e+01
1.240749478340148926e+01
1.249392986297607422e+01
1.248597025871276855e+01
1.243299460411071777e+01
1.260546135902404785e+01
1.245706534385681152e+01
1.249230766296386719e+01
1.248351120948791504e+01
1.241496419906616211e+01
1.244828462600708008e+01
1.242243075370788574e+01
1.244639849662780762e+01
1.246688914299011230e+01
1.243906235694885254e+01
1.244094824790954590e+01
1.241688752174377441e+01
1.244906926155090332e+01
1.244122385978698730e+01
1.243846464157104492e+01
1.245073962211608887e+01
1.243025541305541992e+01
1.243337106704711914e+01
1.238945102691650391e+01
1.249023962020874023e+01
1.250236725807189941e+01
1.241638445854187012e+01
1.240065622329711914e+01
1.247993183135986328e+01
1.241931939125061035e+01
1.243545818328857422e+01
