2.452901233367919875e+00
2.479824638900756995e+00
2.448053290481567501e+00
2.442817731704711726e+00
2.470123194046020654e+00
2.459503542938232368e+00
2.499718106002807527e+00
2.540866354522705262e+00
2.585141996536254982e+00
2.524334086837768609e+00
2.527287650375366290e+00
2.494184118652343685e+00
2.499474536437988448e+00
2.488307882690429906e+00
2.580180612030029241e+00
2.508487681121826185e+00
2.504186368103027416e+00
2.523066027374267772e+00
2.510022817764282266e+00
2.493674881057739157e+00
2.486791429214477489e+00
2.528830184707641759e+00
2.533442603759765710e+00
2.532647517623901390e+00
2.504644672470092814e+00
2.487072129440307755e+00
2.467023586578369176e+00
2.468973901367187640e+00
2.474117827301025585e+00
2.452979536590575993e+00
2.424247918014526437e+00
2.423721633911132933e+00
2.427955881652831938e+00
2.406312431488037085e+00
2.419962151489257973e+00
2.453411980590820107e+00
2.413837500228881883e+00
2.407780868377685568e+00
2.401512288208007995e+00
2.421213790740966765e+00
2.384809938888549752e+00
2.396104850540161202e+00
2.379413156509399219e+00
2.393964342880249063e+00
2.384765713119506803e+00
2.361250530319213947e+00
2.371221854095459047e+00
2.389221812973022274e+00
2.374000529785156299e+00
2.360109489440918029e+00
2.337699894943237489e+00
2.321139673461913855e+00
2.314124628448486209e+00
2.272335359420776246e+00
2.224939110336303649e+00
2.228929605712890449e+00
2.237091632690429766e+00
2.227397053680419958e+00
2.208808509979248047e+00
2.195744106063842960e+00
2.177091963424682586e+00
2.174557675247192456e+00
2.182131338043213020e+00
2.166934785461425594e+00
2.169411049461364538e+00
2.170940702285766744e+00
2.201301221160888666e+00
2.187644707717895542e+00
2.161709058303832975e+00
2.187046395263672061e+00
2.194603516693115264e+00
2.160599289703369230e+00
2.174571702270507778e+00
2.167982716827392409e+00
2.156537411041259844e+00
2.116468394241333151e+00
2.184348723449707208e+00
2.125850516967773274e+00
2.182026920166015405e+00
2.176991463775634905e+00
2.160236083946228014e+00
2.144984891052246212e+00
2.141358515853881705e+00
2.184171487579345872e+00
2.133399886322021377e+00
2.155044542312622102e+00
2.190731369018554808e+00
2.173230412902832143e+00
2.181800034370422470e+00
2.166615232849121053e+00
2.157105605926513459e+00
2.130239505386352761e+00
2.164144508438110570e+00
2.158666577682494925e+00
2.148199417800903177e+00
2.135609920425415087e+00
2.149708386154174811e+00
2.151119682083129980e+00
2.147221679153442420e+00
2.155255510787963846e+00
2.000439934310913159e+00
1.992489692459106454e+00
1.985592094573974675e+00
1.982481794738769620e+00
1.978930134544372610e+00
1.973326596565246671e+00
1.977106543960571283e+00
1.982182220382690430e+00
1.963297877044677842e+00
1.966800152664184509e+00
1.965712289428710902e+00
1.957174239120483383e+00
1.958985151443481509e+00
1.960120778732299840e+00
1.951313176269531269e+00
1.957354509735107495e+00
1.960760793418884207e+00
1.946488960494995091e+00
1.955355677833557237e+00
1.947481537971496479e+00
1.930796031570434668e+00
1.952523479843139675e+00
1.948330904541015540e+00
1.941002537498474068e+00
1.942165229263305593e+00
1.942615553894043057e+00
1.938816484146118180e+00
1.937750083274841328e+00
1.935078107299804673e+00
1.940250514831542983e+00
1.934933476028442456e+00
1.938859406433105503e+00
1.921100539436340293e+00
1.936006051483154300e+00
1.930129222450256421e+00
1.940452845993041908e+00
1.930894007377624622e+00
1.939342416610717823e+00
1.935649697151184068e+00
1.932063056488037001e+00
1.933303631057739169e+00
1.926109641227722102e+00
1.931825329475402864e+00
1.929416343536376921e+00
1.927258503341674700e+00
1.925625972595214952e+00
1.926991629409789963e+00
1.926769702339172330e+00
1.927520579528808620e+00
1.915525556945800734e+00
1.912980009880066001e+00
1.923146918411254847e+00
1.905905017967224113e+00
1.919676823463440041e+00
1.913152493705749579e+00
1.909565224266052352e+00
1.916207049369812010e+00
1.907740301437377939e+00
1.911379781761169516e+00
1.910698591194152751e+00
1.910858319244384873e+00
1.906560616149902243e+00
1.912219480323791521e+00
1.906048218460083099e+00
1.913744116592407174e+00
1.903534142684936592e+00
1.901103374938964752e+00
1.905527027473449708e+00
1.907090500755310059e+00
1.905039380874633759e+00
1.899349476432800277e+00
1.904879731140136645e+00
1.905794340286254940e+00
1.907109259185790995e+00
1.915792632293701114e+00
1.912730428123474047e+00
1.904952121963501055e+00
1.901816488380432046e+00
1.903570462455749457e+00
1.905940927581787125e+00
1.898387127342224145e+00
1.905112511901855488e+00
1.895882768859863177e+00
1.896951385307312110e+00
1.908837174224853550e+00
1.904158705177307231e+00
1.895971376419067322e+00
1.900290744781494068e+00
1.906401563568115298e+00
1.910124777908325244e+00
1.898422482986450222e+00
1.900230578842163176e+00
1.902548402404785177e+00
1.902942135200500484e+00
1.904154256935119527e+00
1.917154189071655246e+00
1.905734090576171935e+00
1.899357845230102537e+00
1.907672984237670954e+00
1.903360542335510219e+00
