1.009000015258789062e+01
9.869999885559082031e+00
9.880000114440917969e+00
1.017999935150146484e+01
1.031999969482421875e+01
1.103999996185302734e+01
9.989999771118164062e+00
1.092000007629394531e+01
1.050999927520751953e+01
1.021000003814697266e+01
8.319999694824218750e+00
9.920000076293945312e+00
1.069999980926513672e+01
1.157999992370605469e+01
1.013999938964843750e+01
1.019999980926513672e+01
1.055000019073486328e+01
1.000000000000000000e+01
1.028999996185302734e+01
1.221000003814697266e+01
1.018999958038330078e+01
1.000000000000000000e+01
9.969999313354492188e+00
1.000999927520751953e+01
1.084999942779541016e+01
1.143999958038330078e+01
1.048999977111816406e+01
1.000000000000000000e+01
1.048999977111816406e+01
1.000000000000000000e+01
1.011999988555908203e+01
1.065999984741210938e+01
1.034000015258789062e+01
1.025999927520751953e+01
1.021000003814697266e+01
1.000000000000000000e+01
1.076999950408935547e+01
1.155999946594238281e+01
1.059000015258789062e+01
1.248999977111816406e+01
1.002999973297119141e+01
1.075999927520751953e+01
1.038000011444091797e+01
1.536999988555908203e+01
1.367999935150146484e+01
1.651000022888183594e+01
1.721999931335449219e+01
1.912999916076660156e+01
1.660999870300292969e+01
1.996999931335449219e+01
1.914999961853027344e+01
2.019999885559082031e+01
2.065999984741210938e+01
1.793000030517578125e+01
2.009000015258789062e+01
2.226000022888183594e+01
1.755999946594238281e+01
1.984000015258789062e+01
1.787999916076660156e+01
2.239999961853027344e+01
1.838999938964843750e+01
2.000000000000000000e+01
2.021999931335449219e+01
1.885999870300292969e+01
2.102999877929687500e+01
2.344999885559082031e+01
2.228999900817871094e+01
1.763999938964843750e+01
1.937999916076660156e+01
2.288999938964843750e+01
1.492000007629394531e+01
1.637999916076660156e+01
1.951000022888183594e+01
1.671999931335449219e+01
1.879999923706054688e+01
1.765999984741210938e+01
1.784000015258789062e+01
1.795999908447265625e+01
1.793000030517578125e+01
2.022999954223632812e+01
1.773999977111816406e+01
1.529999923706054688e+01
1.807999992370605469e+01
1.685999870300292969e+01
1.737999916076660156e+01
1.994999885559082031e+01
2.052999877929687500e+01
2.037999916076660156e+01
1.606999969482421875e+01
1.720999908447265625e+01
1.728999900817871094e+01
1.843000030517578125e+01
1.798999977111816406e+01
2.053999900817871094e+01
1.710000038146972656e+01
1.917000007629394531e+01
1.862999916076660156e+01
1.735999870300292969e+01
1.563999938964843750e+01
1.679999923706054688e+01
2.284000015258789062e+01
2.226999855041503906e+01
2.364999961853027344e+01
2.320999908447265625e+01
2.343000030517578125e+01
2.356999969482421875e+01
2.348999977111816406e+01
2.462999916076660156e+01
2.297999954223632812e+01
2.454999923706054688e+01
2.613999938964843750e+01
2.501999855041503906e+01
2.429999923706054688e+01
2.682999992370605469e+01
2.570999908447265625e+01
2.617999839782714844e+01
2.644999885559082031e+01
2.661999893188476562e+01
2.686999893188476562e+01
2.742999839782714844e+01
2.676999855041503906e+01
2.840999984741210938e+01
2.769999885559082031e+01
2.672999954223632812e+01
2.759000015258789062e+01
2.809000015258789062e+01
2.843999862670898438e+01
2.861999893188476562e+01
2.668999862670898438e+01
2.822999954223632812e+01
2.829999923706054688e+01
2.851999855041503906e+01
2.909999847412109375e+01
2.819999885559082031e+01
2.793999862670898438e+01
2.717000007629394531e+01
2.847999954223632812e+01
2.876999855041503906e+01
2.904999923706054688e+01
2.744999885559082031e+01
2.909000015258789062e+01
2.798999977111816406e+01
2.838999938964843750e+01
2.885999870300292969e+01
2.764999961853027344e+01
2.713999938964843750e+01
2.852999877929687500e+01
2.848999977111816406e+01
2.918999862670898438e+01
2.796999931335449219e+01
2.834000015258789062e+01
2.832999992370605469e+01
2.900000000000000000e+01
2.897999954223632812e+01
2.918999862670898438e+01
2.932999992370605469e+01
2.886999893188476562e+01
2.971999931335449219e+01
2.886999893188476562e+01
2.864999961853027344e+01
2.886999893188476562e+01
2.909000015258789062e+01
2.951999855041503906e+01
2.902999877929687500e+01
2.925000000000000000e+01
2.913999938964843750e+01
2.905999946594238281e+01
2.910999870300292969e+01
2.893999862670898438e+01
2.909000015258789062e+01
2.896999931335449219e+01
2.920999908447265625e+01
2.919999885559082031e+01
2.909000015258789062e+01
2.932999992370605469e+01
2.955999946594238281e+01
2.938999938964843750e+01
2.926999855041503906e+01
2.909000015258789062e+01
2.934000015258789062e+01
2.946999931335449219e+01
2.960999870300292969e+01
2.957999992370605469e+01
2.931999969482421875e+01
2.906999969482421875e+01
2.928999900817871094e+01
2.952999877929687500e+01
2.944999885559082031e+01
2.948999977111816406e+01
2.950999832153320312e+01
2.931999969482421875e+01
2.937999916076660156e+01
2.962999916076660156e+01
2.938999938964843750e+01
2.947999954223632812e+01
2.964999961853027344e+01
2.959999847412109375e+01
2.922999954223632812e+01
2.967999839782714844e+01
2.935999870300292969e+01
