1.304914259910583496e+01
1.214508891105651855e+01
1.240579962730407715e+01
1.236225581169128418e+01
1.255480885505676270e+01
1.244094276428222656e+01
1.243969297409057617e+01
1.244116759300231934e+01
1.252014470100402832e+01
1.249664616584777832e+01
1.244210934638977051e+01
1.251506066322326660e+01
1.254209184646606445e+01
1.252624773979187012e+01
1.246071720123291016e+01
1.245379161834716797e+01
1.252811288833618164e+01
1.246489858627319336e+01
1.251069164276123047e+01
1.249646115303039551e+01
1.261773920059204102e+01
1.255273199081420898e+01
1.244801521301269531e+01
1.249112439155578613e+01
1.250629901885986328e+01
1.246327567100524902e+01
1.252690601348876953e+01
1.245099973678588867e+01
1.249300909042358398e+01
1.249804234504699707e+01
1.251141643524169922e+01
1.246893525123596191e+01
1.252821278572082520e+01
1.258841919898986816e+01
1.249831414222717285e+01
1.254320120811462402e+01
1.248762488365173340e+01
1.249521493911743164e+01
1.253750681877136230e+01
1.252164340019226074e+01
1.254359841346740723e+01
1.248298025131225586e+01
1.243764805793762207e+01
1.246475768089294434e+01
1.247769355773925781e+01
1.250298094749450684e+01
1.255366396903991699e+01
1.254358959197998047e+01
1.251312923431396484e+01
1.253915166854858398e+01
1.247722697257995605e+01
1.246935081481933594e+01
1.245370483398437500e+01
1.252314329147338867e+01
1.245958542823791504e+01
1.249765920639038086e+01
1.249966526031494141e+01
1.250351786613464355e+01
1.250243544578552246e+01
1.247354340553283691e+01
1.247011566162109375e+01
1.257416796684265137e+01
1.255571436882019043e+01
1.251943659782409668e+01
1.254392313957214355e+01
1.250761747360229492e+01
1.245715594291687012e+01
1.250774621963500977e+01
1.250174307823181152e+01
1.251130509376525879e+01
1.245585083961486816e+01
1.255398273468017578e+01
1.248577713966369629e+01
1.242141819000244141e+01
1.251033091545104980e+01
1.245280289649963379e+01
1.261444568634033203e+01
1.247179198265075684e+01
1.246729707717895508e+01
1.249088191986083984e+01
1.247113180160522461e+01
1.253562331199645996e+01
1.249659991264343262e+01
1.249324011802673340e+01
1.250882196426391602e+01
1.252011132240295410e+01
1.255076146125793457e+01
1.267912101745605469e+01
1.256754064559936523e+01
1.245774197578430176e+01
1.248517537117004395e+01
1.245148229598999023e+01
1.258743095397949219e+01
1.248146700859069824e+01
1.251115751266479492e+01
1.248383593559265137e+01
1.245107102394104004e+01
1.251674914360046387e+01
1.249921774864196777e+01
1.252091002464294434e+01
1.252180767059326172e+01
1.253737878799438477e+01
1.253917503356933594e+01
1.249996948242187500e+01
1.252616357803344727e+01
1.249609637260437012e+01
1.245065045356750488e+01
1.246178197860717773e+01
1.252538156509399414e+01
1.247464251518249512e+01
1.244620442390441895e+01
1.255654335021972656e+01
1.250746464729309082e+01
1.244276046752929688e+01
1.246454405784606934e+01
1.246445512771606445e+01
1.244503974914550781e+01
1.246075057983398438e+01
1.245358753204345703e+01
1.250178122520446777e+01
1.247171282768249512e+01
1.251530742645263672e+01
1.253335595130920410e+01
1.252636480331420898e+01
1.247154927253723145e+01
1.246192693710327148e+01
1.246586775779724121e+01
1.249041843414306641e+01
1.247809576988220215e+01
1.244015216827392578e+01
1.246336936950683594e+01
1.247633385658264160e+01
1.252093911170959473e+01
1.251704359054565430e+01
1.255761384963989258e+01
1.250709724426269531e+01
1.248049521446228027e+01
1.245977044105529785e+01
1.252793812751770020e+01
1.244319295883178711e+01
1.244886827468872070e+01
1.249771118164062500e+01
1.247864580154418945e+01
1.250831484794616699e+01
1.246333146095275879e+01
1.246272182464599609e+01
1.254071569442749023e+01
1.246813893318176270e+01
1.249696850776672363e+01
1.249842023849487305e+01
1.250769472122192383e+01
1.254058098793029785e+01
1.250964117050170898e+01
1.248420929908752441e+01
1.246750998497009277e+01
1.245364689826965332e+01
1.245256924629211426e+01
1.245879054069519043e+01
1.248536419868469238e+01
1.243674087524414062e+01
1.249172592163085938e+01
1.258315181732177734e+01
1.249369144439697266e+01
1.244045948982238770e+01
1.257869625091552734e+01
1.246702766418457031e+01
1.246100807189941406e+01
1.244509530067443848e+01
1.250013136863708496e+01
1.243803930282592773e+01
1.247077059745788574e+01
1.251365137100219727e+01
1.248603034019470215e+01
1.252890205383300781e+01
1.246356225013732910e+01
1.245816063880920410e+01
1.245478653907775879e+01
1.245724964141845703e+01
1.246747064590454102e+01
1.249462103843688965e+01
1.250531983375549316e+01
1.248408913612365723e+01
1.244992852210998535e+01
1.249078774452209473e+01
1.252648544311523438e+01
1.249435639381408691e+01
1.257470202445983887e+01
1.249694108963012695e+01
1.248438358306884766e+01
1.247033500671386719e+01
1.247233986854553223e+01
1.249121689796447754e+01
1.246201992034912109e+01
1.244245576858520508e+01
1.246115350723266602e+01
1.248053145408630371e+01
1.245488882064819336e+01
1.248668766021728516e+01
1.248934173583984375e+01
1.251821947097778320e+01
