4.325938224792480469e-01
6.814711093902587891e-01
4.012582302093505859e-01
4.060571193695068359e-01
3.964700698852539062e-01
4.009623527526855469e-01
3.950316905975341797e-01
4.034254550933837891e-01
3.917407989501953125e-01
4.017324447631835938e-01
3.939216136932373047e-01
3.957774639129638672e-01
4.013788700103759766e-01
3.939926624298095703e-01
4.007275104522705078e-01
3.948268890380859375e-01
4.041442871093750000e-01
3.912820816040039062e-01
3.965868949890136719e-01
3.992447853088378906e-01
3.976936340332031250e-01
4.054460525512695312e-01
3.929114341735839844e-01
4.053065776824951172e-01
3.901357650756835938e-01
4.012048244476318359e-01
3.946197032928466797e-01
3.906810283660888672e-01
4.032146930694580078e-01
3.928563594818115234e-01
4.055607318878173828e-01
3.894250392913818359e-01
4.015486240386962891e-01
3.914501667022705078e-01
3.948779106140136719e-01
4.019062519073486328e-01
3.937551975250244141e-01
4.063689708709716797e-01
3.904142379760742188e-01
4.034154415130615234e-01
3.910083770751953125e-01
3.966414928436279297e-01
4.029748439788818359e-01
3.907387256622314453e-01
4.025168418884277344e-01
3.899543285369873047e-01
4.012112617492675781e-01
3.910443782806396484e-01
4.025814533233642578e-01
3.949224948883056641e-01
3.918168544769287109e-01
4.058382511138916016e-01
3.880779743194580078e-01
4.055814743041992188e-01
3.950490951538085938e-01
4.020683765411376953e-01
3.937318325042724609e-01
3.933937549591064453e-01
4.074027538299560547e-01
3.942766189575195312e-01
4.118747711181640625e-01
3.974626064300537109e-01
3.988313674926757812e-01
3.965744972229003906e-01
3.974719047546386719e-01
4.020066261291503906e-01
3.876090049743652344e-01
4.040186405181884766e-01
3.951132297515869141e-01
4.041943550109863281e-01
3.988552093505859375e-01
4.034359455108642578e-01
3.994934558868408203e-01
3.940324783325195312e-01
4.045438766479492188e-01
3.952012062072753906e-01
4.048364162445068359e-01
3.992452621459960938e-01
4.005260467529296875e-01
3.984892368316650391e-01
4.007465839385986328e-01
3.998463153839111328e-01
3.955888748168945312e-01
4.041509628295898438e-01
3.995509147644042969e-01
4.048516750335693359e-01
4.000051021575927734e-01
3.993749618530273438e-01
3.917024135589599609e-01
4.023797512054443359e-01
4.031062126159667969e-01
3.994424343109130859e-01
3.996896743774414062e-01
4.022719860076904297e-01
4.021658897399902344e-01
3.952493667602539062e-01
4.000332355499267578e-01
3.969445228576660156e-01
3.998093605041503906e-01
4.013130664825439453e-01
4.029114246368408203e-01
4.055521488189697266e-01
3.941760063171386719e-01
4.043643474578857422e-01
3.958377838134765625e-01
3.980367183685302734e-01
4.015586376190185547e-01
3.977315425872802734e-01
4.045529365539550781e-01
3.958215713500976562e-01
4.060900211334228516e-01
3.920261859893798828e-01
4.043896198272705078e-01
3.980081081390380859e-01
4.221410751342773438e-01
4.043724536895751953e-01
3.934438228607177734e-01
4.040384292602539062e-01
3.928432464599609375e-01
4.059092998504638672e-01
3.995280265808105469e-01
3.955314159393310547e-01
4.036376476287841797e-01
3.940024375915527344e-01
4.080536365509033203e-01
3.938219547271728516e-01
3.996291160583496094e-01
3.940751552581787109e-01
3.984196186065673828e-01
4.012551307678222656e-01
3.950700759887695312e-01
4.072349071502685547e-01
3.944497108459472656e-01
4.062778949737548828e-01
3.990783691406250000e-01
3.996934890747070312e-01
3.995113372802734375e-01
3.924067020416259766e-01
4.060070514678955078e-01
3.923833370208740234e-01
4.050610065460205078e-01
3.948614597320556641e-01
4.049360752105712891e-01
4.035642147064208984e-01
3.938367366790771484e-01
4.073355197906494141e-01
3.920187950134277344e-01
4.044177532196044922e-01
3.927774429321289062e-01
4.007031917572021484e-01
4.008460044860839844e-01
3.969302177429199219e-01
4.049890041351318359e-01
3.936872482299804688e-01
4.083328247070312500e-01
3.939843177795410156e-01
4.031074047088623047e-01
3.972177505493164062e-01
3.961894512176513672e-01
4.024643898010253906e-01
3.943176269531250000e-01
4.044988155364990234e-01
3.945765495300292969e-01
4.016001224517822266e-01
4.018313884735107422e-01
4.010219573974609375e-01
4.042863845825195312e-01
3.954331874847412109e-01
4.060468673706054688e-01
3.931283950805664062e-01
4.048693180084228516e-01
3.990187644958496094e-01
3.982148170471191406e-01
4.027030467987060547e-01
3.941776752471923828e-01
4.001817703247070312e-01
3.913114070892333984e-01
4.029901027679443359e-01
3.936421871185302734e-01
4.028038978576660156e-01
3.954448699951171875e-01
3.946785926818847656e-01
3.990290164947509766e-01
3.993091583251953125e-01
3.995592594146728516e-01
3.961911201477050781e-01
4.020442962646484375e-01
3.956685066223144531e-01
3.977081775665283203e-01
4.003806114196777344e-01
4.004478454589843750e-01
4.035089015960693359e-01
3.976142406463623047e-01
3.994779586791992188e-01
3.951668739318847656e-01
4.049882888793945312e-01
3.993315696716308594e-01
3.974859714508056641e-01
3.964054584503173828e-01
4.011952877044677734e-01
