2.346176004409790039e+01
2.510244870185852051e+01
2.366369152069091797e+01
2.332396459579467773e+01
2.336651468276977539e+01
2.353981113433837891e+01
2.347648525238037109e+01
2.379572558403015137e+01
2.360288143157958984e+01
2.323152208328247070e+01
2.347049236297607422e+01
2.339202260971069336e+01
2.342802762985229492e+01
2.330568456649780273e+01
2.360048842430114746e+01
2.377213501930236816e+01
2.317352986335754395e+01
2.342267155647277832e+01
2.350247263908386230e+01
2.356695675849914551e+01
2.375468182563781738e+01
2.336709117889404297e+01
2.341866755485534668e+01
2.370504069328308105e+01
2.385320878028869629e+01
2.339325308799743652e+01
2.341647529602050781e+01
2.337941646575927734e+01
2.398903346061706543e+01
2.345281767845153809e+01
2.342146825790405273e+01
2.350494289398193359e+01
2.338250923156738281e+01
2.357645225524902344e+01
2.354168987274169922e+01
2.363811326026916504e+01
2.360261678695678711e+01
2.349779820442199707e+01
2.347806620597839355e+01
2.377669477462768555e+01
2.357150983810424805e+01
2.346355962753295898e+01
2.348009610176086426e+01
2.322802042961120605e+01
2.352078199386596680e+01
2.403654718399047852e+01
2.372421550750732422e+01
2.338532590866088867e+01
2.360593175888061523e+01
2.347488856315612793e+01
2.345296549797058105e+01
2.379661202430725098e+01
2.380037760734558105e+01
2.413418364524841309e+01
2.352137112617492676e+01
2.333927631378173828e+01
2.362515044212341309e+01
2.335284948348999023e+01
2.348211765289306641e+01
2.399253106117248535e+01
2.360082817077636719e+01
2.377324247360229492e+01
2.343000102043151855e+01
2.404147315025329590e+01
2.373142933845520020e+01
2.373010134696960449e+01
2.359310150146484375e+01
2.341731595993041992e+01
2.347471141815185547e+01
2.362345123291015625e+01
2.340148305892944336e+01
2.333270239830017090e+01
2.360903978347778320e+01
2.337540841102600098e+01
2.355187511444091797e+01
2.346159100532531738e+01
2.385321092605590820e+01
2.351708722114562988e+01
2.314728927612304688e+01
2.359618902206420898e+01
2.338146328926086426e+01
2.347200632095336914e+01
2.390007996559143066e+01
2.333981823921203613e+01
2.343384742736816406e+01
2.356120276451110840e+01
2.365062737464904785e+01
2.363092350959777832e+01
2.326640105247497559e+01
2.371779227256774902e+01
2.351765704154968262e+01
2.352157926559448242e+01
2.352759790420532227e+01
2.356052732467651367e+01
2.371009254455566406e+01
2.333745336532592773e+01
2.351349735260009766e+01
2.358495497703552246e+01
2.363955163955688477e+01
2.330824422836303711e+01
2.388116073608398438e+01
2.338774991035461426e+01
2.334832692146301270e+01
2.369055581092834473e+01
2.337024617195129395e+01
2.347977161407470703e+01
2.328186154365539551e+01
2.361679410934448242e+01
2.357060790061950684e+01
2.344953298568725586e+01
2.378059458732604980e+01
2.312955403327941895e+01
2.357919287681579590e+01
2.339826631546020508e+01
2.361609363555908203e+01
2.348421216011047363e+01
2.386388707160949707e+01
2.332147526741027832e+01
2.379436016082763672e+01
2.383207464218139648e+01
2.340188574790954590e+01
2.363551592826843262e+01
2.327621626853942871e+01
2.335092067718505859e+01
2.343487143516540527e+01
2.354112911224365234e+01
2.364144062995910645e+01
2.384857058525085449e+01
2.362367820739746094e+01
2.345899987220764160e+01
2.345083045959472656e+01
2.341196513175964355e+01
2.332622909545898438e+01
2.383487772941589355e+01
2.346187925338745117e+01
2.350409555435180664e+01
2.370295119285583496e+01
2.352081322669982910e+01
2.374722623825073242e+01
2.332127881050109863e+01
2.342306232452392578e+01
2.333402347564697266e+01
2.370263648033142090e+01
2.323404145240783691e+01
2.390127944946289062e+01
2.347886800765991211e+01
2.334421277046203613e+01
2.368408489227294922e+01
2.375822782516479492e+01
2.339225196838378906e+01
2.336020302772521973e+01
2.359059286117553711e+01
2.343520474433898926e+01
2.323475933074951172e+01
2.365133500099182129e+01
2.399321746826171875e+01
2.343070507049560547e+01
2.346915793418884277e+01
2.346825122833251953e+01
2.388054656982421875e+01
2.347119712829589844e+01
2.367248010635375977e+01
2.337114953994750977e+01
2.358271980285644531e+01
2.339260625839233398e+01
2.354820394515991211e+01
2.340216732025146484e+01
2.351921701431274414e+01
2.345484757423400879e+01
2.349769425392150879e+01
2.364621663093566895e+01
2.322021484375000000e+01
2.367009425163269043e+01
2.346507167816162109e+01
2.374611449241638184e+01
2.368507838249206543e+01
2.395364046096801758e+01
2.381069564819335938e+01
2.359593605995178223e+01
2.355399322509765625e+01
2.342076110839843750e+01
2.329706549644470215e+01
2.342067885398864746e+01
2.348739981651306152e+01
2.379333567619323730e+01
2.348895549774169922e+01
2.356604313850402832e+01
2.394706296920776367e+01
2.331759405136108398e+01
2.355443835258483887e+01
2.361979746818542480e+01
2.335904121398925781e+01
2.361014795303344727e+01
2.370079588890075684e+01
2.371901059150695801e+01
2.350796365737915039e+01
2.366509723663330078e+01
2.341343903541564941e+01
2.352452826499938965e+01
2.338115310668945312e+01
