2.431381916732787918e+00
2.422060567779540818e+00
2.411415795669555884e+00
2.468157772369384606e+00
2.465009838333129810e+00
2.499852761764526310e+00
2.530714275512695455e+00
2.467417449188232581e+00
2.488446597366333002e+00
2.480004188385009911e+00
2.471048115997314554e+00
2.533305181274414064e+00
2.491001360015869359e+00
2.496452375793456913e+00
2.489159429931640410e+00
2.477585429534912009e+00
2.501455134658813417e+00
2.515430728302002095e+00
2.513070276489257626e+00
2.485554405593871863e+00
2.549097658920288278e+00
2.477273278198242057e+00
2.534646344451904287e+00
2.518070316238403272e+00
2.573286091995239389e+00
2.554018445663452042e+00
2.504321495971679745e+00
2.475697844161987238e+00
2.452798979568481474e+00
2.457170864562988388e+00
2.449333646469116221e+00
2.439540620651245106e+00
2.403897131729126002e+00
2.419116821365356440e+00
2.400334437866210813e+00
2.375226504898071411e+00
2.349327817611694513e+00
2.352514505920410226e+00
2.301190457000732437e+00
2.301495821762085114e+00
2.268301280059814573e+00
2.249201661376952988e+00
2.270224606170654358e+00
2.270814044570923063e+00
2.249203379440307682e+00
2.227593871994018482e+00
2.238345635070800643e+00
2.210949047241210774e+00
2.224002544555664151e+00
2.238242375946045026e+00
2.231798850173950299e+00
2.234732935256957820e+00
2.235896040267944418e+00
2.195829432754516475e+00
2.222899925079345529e+00
2.217899441757201995e+00
2.220923631134033016e+00
2.218899014282226467e+00
2.225249203720092606e+00
2.218843068923950224e+00
2.228531837463378906e+00
2.231451833038330168e+00
2.244873921966552555e+00
2.281997069854736271e+00
2.208321089553832994e+00
2.197271084823608334e+00
2.205037864227294975e+00
2.211171030426025474e+00
2.205969248504638713e+00
2.213502218780517783e+00
2.191121354141235322e+00
2.186917893447875905e+00
2.236814621734619202e+00
2.213853344726562700e+00
2.210889884109497050e+00
2.181553545837402464e+00
2.178961118698119925e+00
2.180791494293212729e+00
2.197099044570922644e+00
2.186325846710205134e+00
2.182165779762267999e+00
2.169594394454956277e+00
2.186268785552978322e+00
2.179163821716308735e+00
2.182618186798095827e+00
2.173026862869262832e+00
2.152125610961914237e+00
2.158131278038025069e+00
2.162869635925293021e+00
2.159259191894531416e+00
2.155162742309570501e+00
2.180452169952392438e+00
2.170333705444336125e+00
2.183025920944213993e+00
2.212137726516723468e+00
2.162715863494872881e+00
2.173276190643310457e+00
2.168608332061767729e+00
2.167467172698974487e+00
2.178232746353149452e+00
2.050438308029174816e+00
2.040813262863159228e+00
2.029973744163513061e+00
2.027913164443969851e+00
2.020695970611572356e+00
2.017737097396850476e+00
2.018612948532104490e+00
2.011625176887512190e+00
2.003087768020630044e+00
2.006164069137573058e+00
2.005886137504577782e+00
1.999192817420959445e+00
1.983055988769531153e+00
1.992638905220031731e+00
1.982355660209655701e+00
1.986147454681396418e+00
1.991878842620849577e+00
1.991014291152954030e+00
1.986874978218078569e+00
1.978980489463806114e+00
1.979981493759155331e+00
1.971493174514770574e+00
1.976992288970947254e+00
1.968044102935790907e+00
1.963638989562988213e+00
1.961932114715576159e+00
1.964075621223449808e+00
1.954153534812927306e+00
1.960309930114746191e+00
1.961033326072692873e+00
1.953246315002441502e+00
1.956110167083740192e+00
1.956018546180725126e+00
1.937527614555358824e+00
1.941180527420043989e+00
1.945282278289794942e+00
1.948063185806274467e+00
1.933919868125915542e+00
1.944549413032531815e+00
1.935782834587097101e+00
1.936740958137512125e+00
1.947057628097534243e+00
1.935010544128417997e+00
1.927183957710266071e+00
1.933382974090576134e+00
1.928333605651855409e+00
1.920282727661132727e+00
1.913889390640258759e+00
1.921302566184997618e+00
1.917283232650756730e+00
1.909641562194824171e+00
1.916048995285034140e+00
1.912582761764526351e+00
1.917379770584106469e+00
1.906684601097107024e+00
1.911040659065246672e+00
1.909327681694030776e+00
1.912966790237426773e+00
1.904082629623413014e+00
1.922061003112792932e+00
1.913587328414916966e+00
1.906448752479553255e+00
1.895805275573730464e+00
1.901630089721679795e+00
1.905523852310180732e+00
1.903048514785766532e+00
1.897598875770568849e+00
1.903602696075439527e+00
1.899210301437378012e+00
1.895599451522827161e+00
1.907879143371582042e+00
1.901780707817077642e+00
1.905486128768920873e+00
1.900196962966918868e+00
1.897237887153625513e+00
1.906581563949584890e+00
1.905995562782287545e+00
1.897046842575073278e+00
1.895753005447387673e+00
1.894177654190063453e+00
1.903122737808227605e+00
1.896358317031860308e+00
1.889575952110290613e+00
1.898283541526794460e+00
1.889600689468383887e+00
1.897871202697754001e+00
1.898003337249755784e+00
1.897760309181213412e+00
1.901248462753295954e+00
1.898536779785156225e+00
1.900291865348815890e+00
1.897202044334411530e+00
1.893206316299438585e+00
1.891351551666259789e+00
1.883917364692687890e+00
1.890951152534484869e+00
1.895756461334228593e+00
1.893322836570739742e+00
1.892736047592163073e+00
1.889337278175353907e+00
