1.290213036537170410e+01
1.242426872253417969e+01
1.231756877899169922e+01
1.237208151817321777e+01
1.238662075996398926e+01
1.239036917686462402e+01
1.242333912849426270e+01
1.243856167793273926e+01
1.239645266532897949e+01
1.241624879837036133e+01
1.242952585220336914e+01
1.249800419807434082e+01
1.243238520622253418e+01
1.251582074165344238e+01
1.245738482475280762e+01
1.246039962768554688e+01
1.243493676185607910e+01
1.244350171089172363e+01
1.246954536437988281e+01
1.246484518051147461e+01
1.250252079963684082e+01
1.244965004920959473e+01
1.245175790786743164e+01
1.244774866104125977e+01
1.244348573684692383e+01
1.244817209243774414e+01
1.248890399932861328e+01
1.242949175834655762e+01
1.246521902084350586e+01
1.244524312019348145e+01
1.245843958854675293e+01
1.248850274085998535e+01
1.243890476226806641e+01
1.246827077865600586e+01
1.246195411682128906e+01
1.247335362434387207e+01
1.255553388595581055e+01
1.249389171600341797e+01
1.242699933052062988e+01
1.245184206962585449e+01
1.247417998313903809e+01
1.248978638648986816e+01
1.246239972114562988e+01
1.245540857315063477e+01
1.245558285713195801e+01
1.248288488388061523e+01
1.246023774147033691e+01
1.242925715446472168e+01
1.246017670631408691e+01
1.246011257171630859e+01
1.261331415176391602e+01
1.246374130249023438e+01
1.243714427947998047e+01
1.245296669006347656e+01
1.246416282653808594e+01
1.243151307106018066e+01
1.243637728691101074e+01
1.244732666015625000e+01
1.242758655548095703e+01
1.248545551300048828e+01
1.256336140632629395e+01
1.251065111160278320e+01
1.249247527122497559e+01
1.252148294448852539e+01
1.246399521827697754e+01
1.242784690856933594e+01
1.246354508399963379e+01
1.255519509315490723e+01
1.249523925781250000e+01
1.240061712265014648e+01
1.245193052291870117e+01
1.241926145553588867e+01
1.247086596488952637e+01
1.244666123390197754e+01
1.244065999984741211e+01
1.245403742790222168e+01
1.242131614685058594e+01
1.248440909385681152e+01
1.248147439956665039e+01
1.246209263801574707e+01
1.244729256629943848e+01
1.248488259315490723e+01
1.244420409202575684e+01
1.244957756996154785e+01
1.242368650436401367e+01
1.243777012825012207e+01
1.240506529808044434e+01
1.241494822502136230e+01
1.243533277511596680e+01
1.243743395805358887e+01
1.247545456886291504e+01
1.243107080459594727e+01
1.249640440940856934e+01
1.242987751960754395e+01
1.247038602828979492e+01
1.241888761520385742e+01
1.246628952026367188e+01
1.247249245643615723e+01
1.241977477073669434e+01
1.241643500328063965e+01
1.241395831108093262e+01
1.244970989227294922e+01
1.242326879501342773e+01
1.239629197120666504e+01
1.241004991531372070e+01
1.242292475700378418e+01
1.242438006401062012e+01
1.241148567199707031e+01
1.243621444702148438e+01
1.244183468818664551e+01
1.248351597785949707e+01
1.241963434219360352e+01
1.242945027351379395e+01
1.246780467033386230e+01
1.245646739006042480e+01
1.242791390419006348e+01
1.245382952690124512e+01
1.242511677742004395e+01
1.243968152999877930e+01
1.245971322059631348e+01
1.246035599708557129e+01
1.246468830108642578e+01
1.240192341804504395e+01
1.240209197998046875e+01
1.241303324699401855e+01
1.243937230110168457e+01
1.246364068984985352e+01
1.248086047172546387e+01
1.244302415847778320e+01
1.247688531875610352e+01
1.242384719848632812e+01
1.246595716476440430e+01
1.242923235893249512e+01
1.240823745727539062e+01
1.245768165588378906e+01
1.244574546813964844e+01
1.243366432189941406e+01
1.242907142639160156e+01
1.240646672248840332e+01
1.246501398086547852e+01
1.244069600105285645e+01
1.250461220741271973e+01
1.243208074569702148e+01
1.251228666305541992e+01
1.243812537193298340e+01
1.247689580917358398e+01
1.240950655937194824e+01
1.244933056831359863e+01
1.247312188148498535e+01
1.243986463546752930e+01
1.245345520973205566e+01
1.249831628799438477e+01
1.242212986946105957e+01
1.243662071228027344e+01
1.241591668128967285e+01
1.243797230720520020e+01
1.245208287239074707e+01
1.243668150901794434e+01
1.244959235191345215e+01
1.244854879379272461e+01
1.246180963516235352e+01
1.246081924438476562e+01
1.247899007797241211e+01
1.243324851989746094e+01
1.246285581588745117e+01
1.246219682693481445e+01
1.243878865242004395e+01
1.246154022216796875e+01
1.243037319183349609e+01
1.244873404502868652e+01
1.253368353843688965e+01
1.245918059349060059e+01
1.241661143302917480e+01
1.244176316261291504e+01
1.246908855438232422e+01
1.246210837364196777e+01
1.245478653907775879e+01
1.243701314926147461e+01
1.245164942741394043e+01
1.249404358863830566e+01
1.241183662414550781e+01
1.246072316169738770e+01
1.241296005249023438e+01
1.254524350166320801e+01
1.241530108451843262e+01
1.247533202171325684e+01
1.246258354187011719e+01
1.246094894409179688e+01
1.242177772521972656e+01
1.247627377510070801e+01
1.247084021568298340e+01
1.242423009872436523e+01
1.245339488983154297e+01
1.244595503807067871e+01
1.245574331283569336e+01
1.247420930862426758e+01
1.246586394309997559e+01
1.248027801513671875e+01
1.247896909713745117e+01
1.241277480125427246e+01
