2.420482157058715611e+00
2.427641376647949212e+00
2.409632462997436608e+00
2.431649740829467721e+00
2.467581307907104282e+00
2.506564708480834902e+00
2.520914225234985206e+00
2.474670771026611149e+00
2.483937542190551628e+00
2.481953712463378814e+00
2.479354277725219546e+00
2.537360678253173685e+00
2.478017485656738295e+00
2.482001543960571155e+00
2.485331150512695153e+00
2.462507439422607636e+00
2.501520425109863499e+00
2.535973545455932676e+00
2.535888218688964635e+00
2.501504950714111164e+00
2.566725739974975440e+00
2.471570260162353705e+00
2.532581669235229427e+00
2.505405029983520659e+00
2.543651347656250117e+00
2.587800947265625151e+00
2.528392236785888869e+00
2.470714496612548938e+00
2.458550767898559641e+00
2.439301922760009678e+00
2.450531338882446342e+00
2.432418348159790078e+00
2.405929754333496096e+00
2.423313859939575377e+00
2.404766520538330177e+00
2.369131208877563566e+00
2.349066944732665974e+00
2.356485079879760747e+00
2.321030093536376793e+00
2.299842488937378082e+00
2.282722360076904433e+00
2.254347727737426865e+00
2.258782305908203281e+00
2.262822617263793745e+00
2.243100361633300732e+00
2.248799359512329232e+00
2.229574521026611134e+00
2.215423266143798919e+00
2.219263250427246259e+00
2.242189940948486448e+00
2.239159618453979483e+00
2.213900244598388856e+00
2.246002267303466748e+00
2.197944345932006716e+00
2.220733476638793835e+00
2.209582962188720856e+00
2.227310866012573332e+00
2.205527370758056716e+00
2.228522824478149200e+00
2.230199437255859340e+00
2.242700362319946183e+00
2.239437347946167112e+00
2.240636830291748094e+00
2.264652832870483579e+00
2.202744204406738238e+00
2.203630340347289884e+00
2.228281188125610157e+00
2.199967686080932516e+00
2.211290610351562602e+00
2.204419481887817334e+00
2.211046480560302729e+00
2.213254988250732413e+00
2.245844132843017427e+00
2.224176000976562317e+00
2.210596345214843605e+00
2.193702824401855267e+00
2.198500635223388677e+00
2.198211200714111246e+00
2.198831141433715608e+00
2.191727142486572077e+00
2.179881968307495033e+00
2.163791728057861352e+00
2.186970546264648263e+00
2.186405695343017541e+00
2.181959664840698032e+00
2.178055388336181508e+00
2.170034398727417102e+00
2.171572397918701380e+00
2.166476839637756502e+00
2.196949964447021397e+00
2.177730164642333932e+00
2.197476419219970722e+00
2.175261195755004984e+00
2.184235644073486249e+00
2.206352561569213666e+00
2.178670223846435494e+00
2.162929502487182631e+00
2.213409192733764463e+00
2.175255236129760572e+00
2.163281232910156060e+00
2.051780989723205550e+00
2.041401616744995096e+00
2.027513001747131227e+00
2.019546163368225233e+00
2.024038617019653152e+00
2.016199303359985429e+00
2.013330983200073199e+00
2.003656108207702680e+00
2.006892022323608415e+00
2.002683765029907192e+00
2.000415709457397551e+00
1.993807994575500508e+00
1.988830092658996573e+00
1.989570528907775859e+00
1.990529926757812484e+00
1.992117250938415518e+00
1.982771445426940948e+00
1.988823862419128341e+00
1.982848480758667042e+00
1.983021774940490811e+00
1.984841365509033118e+00
1.977286240310669019e+00
1.981780998420715312e+00
1.966712018890380831e+00
1.965707615966796773e+00
1.966310889968872155e+00
1.972193770523071210e+00
1.959644385375976627e+00
1.953646913604736302e+00
1.948357733764648492e+00
1.972293009414672893e+00
1.946757500534057606e+00
1.946807234497070382e+00
1.950703577117919973e+00
1.941265867614746066e+00
1.947902585563659583e+00
1.940989270210266016e+00
1.937492679824829089e+00
1.950083053665161215e+00
1.936498208923339792e+00
1.946820947875976593e+00
1.928246082992553623e+00
1.936171289329528866e+00
1.937758241043090912e+00
1.929970064926147533e+00
1.934953645019531265e+00
1.926293995323181241e+00
1.932362533493042100e+00
1.925122873649597111e+00
1.922381623268127449e+00
1.924689579162597752e+00
1.915674531517028711e+00
1.911054793930053730e+00
1.912515383605956965e+00
1.914071597290039062e+00
1.909933494682312105e+00
1.909261653671264547e+00
1.904016423187255835e+00
1.914009703636169402e+00
1.909451195373535137e+00
1.911308224639892472e+00
1.894623216552734357e+00
1.906960733604431191e+00
1.902810985870361238e+00
1.899145227966308580e+00
1.900427242431640629e+00
1.910270949363708448e+00
1.908509529113769476e+00
1.897810566635131924e+00
1.904485459365844680e+00
1.900106491241455142e+00
1.897720533561706446e+00
1.905064032135009855e+00
1.896314534988403411e+00
1.901419730682373022e+00
1.901199727745056078e+00
1.904476957015991179e+00
1.900669985694885211e+00
1.897574499549865790e+00
1.894120828170776427e+00
1.898800417098998938e+00
1.899184608306884847e+00
1.892196033782959086e+00
1.896111579818725579e+00
1.894824549751281673e+00
1.893724166030883893e+00
1.892013494491577186e+00
1.893525620460510206e+00
1.897820220794677715e+00
1.895788660812377957e+00
1.897711423416137633e+00
1.892487737655639712e+00
1.900170902175903231e+00
1.892886631927490182e+00
1.892292756538391130e+00
1.893164641380310043e+00
1.891538910293579123e+00
1.901000492973327738e+00
1.891234444961547911e+00
1.891426439361572287e+00
