1.333439111709594727e+01
1.308965706825256348e+01
1.271824979782104492e+01
1.277763628959655762e+01
1.278250360488891602e+01
1.279067540168762207e+01
1.281794142723083496e+01
1.284137868881225586e+01
1.278771853446960449e+01
1.281745791435241699e+01
1.282316780090332031e+01
1.289327692985534668e+01
1.283322072029113770e+01
1.290927076339721680e+01
1.285754370689392090e+01
1.285475277900695801e+01
1.283866190910339355e+01
1.283419084548950195e+01
1.286558294296264648e+01
1.286352610588073730e+01
1.289977097511291504e+01
1.285464334487915039e+01
1.284407782554626465e+01
1.285250258445739746e+01
1.283313465118408203e+01
1.284889554977416992e+01
1.288316655158996582e+01
1.281981825828552246e+01
1.286801958084106445e+01
1.283764290809631348e+01
1.286363816261291504e+01
1.287843656539916992e+01
1.284049558639526367e+01
1.285930085182189941e+01
1.285635495185852051e+01
1.287465095520019531e+01
1.294887185096740723e+01
1.289992094039916992e+01
1.281806778907775879e+01
1.285496926307678223e+01
1.286465525627136230e+01
1.288646888732910156e+01
1.286484265327453613e+01
1.284558987617492676e+01
1.285761833190917969e+01
1.287240457534790039e+01
1.286110186576843262e+01
1.281991291046142578e+01
1.286217355728149414e+01
1.285457062721252441e+01
1.300556731224060059e+01
1.286904144287109375e+01
1.282459068298339844e+01
1.285805177688598633e+01
1.285856485366821289e+01
1.283310341835021973e+01
1.282962059974670410e+01
1.284012269973754883e+01
1.283444857597351074e+01
1.287908983230590820e+01
1.297471022605895996e+01
1.290761327743530273e+01
1.289077091217041016e+01
1.291768169403076172e+01
1.286110377311706543e+01
1.282939767837524414e+01
1.285068416595458984e+01
1.295877051353454590e+01
1.288899350166320801e+01
1.280442976951599121e+01
1.285042262077331543e+01
1.282226228713989258e+01
1.286992692947387695e+01
1.284032511711120605e+01
1.284476065635681152e+01
1.284882950782775879e+01
1.282576823234558105e+01
1.288331007957458496e+01
1.288158702850341797e+01
1.286024713516235352e+01
1.284768629074096680e+01
1.288423609733581543e+01
1.283947086334228516e+01
1.285329389572143555e+01
1.282274723052978516e+01
1.284219408035278320e+01
1.280477213859558105e+01
1.281375074386596680e+01
1.282657980918884277e+01
1.283936071395874023e+01
1.287817597389221191e+01
1.283004570007324219e+01
1.289586973190307617e+01
1.283173370361328125e+01
1.287210822105407715e+01
1.281378197669982910e+01
1.286581754684448242e+01
1.286910939216613770e+01
1.281934690475463867e+01
1.281738305091857910e+01
1.281642699241638184e+01
1.285476708412170410e+01
1.281695723533630371e+01
1.280012154579162598e+01
1.280557942390441895e+01
1.282038116455078125e+01
1.282555317878723145e+01
1.280869650840759277e+01
1.284013962745666504e+01
1.283723878860473633e+01
1.288925123214721680e+01
1.281115221977233887e+01
1.283335709571838379e+01
1.286672472953796387e+01
1.287810921669006348e+01
1.283196377754211426e+01
1.284680032730102539e+01
1.282871770858764648e+01
1.283195114135742188e+01
1.286529564857482910e+01
1.285962533950805664e+01
1.285994863510131836e+01
1.280512762069702148e+01
1.279571413993835449e+01
1.282066535949707031e+01
1.283275079727172852e+01
1.286300468444824219e+01
1.287450313568115234e+01
1.284115004539489746e+01
1.287763524055480957e+01
1.281752109527587891e+01
1.287279176712036133e+01
1.282335519790649414e+01
1.281485033035278320e+01
1.285639023780822754e+01
1.284502744674682617e+01
1.283397722244262695e+01
1.282115054130554199e+01
1.281212425231933594e+01
1.285695052146911621e+01
1.284534478187561035e+01
1.289910292625427246e+01
1.283660721778869629e+01
1.291550540924072266e+01
1.283147048950195312e+01
1.288371109962463379e+01
1.280211281776428223e+01
1.285324192047119141e+01
1.286539578437805176e+01
1.284004950523376465e+01
1.285371041297912598e+01
1.289480543136596680e+01
1.282709407806396484e+01
1.282866168022155762e+01
1.282364773750305176e+01
1.283151125907897949e+01
1.285471630096435547e+01
1.283402800559997559e+01
1.284538650512695312e+01
1.285067582130432129e+01
1.285644745826721191e+01
1.286502170562744141e+01
1.287323403358459473e+01
1.283468818664550781e+01
1.286426687240600586e+01
1.286281323432922363e+01
1.284269785881042480e+01
1.285643672943115234e+01
1.283597302436828613e+01
1.284135866165161133e+01
1.293837404251098633e+01
1.285775232315063477e+01
1.281443572044372559e+01
1.284411334991455078e+01
1.286273503303527832e+01
1.286187219619750977e+01
1.284567785263061523e+01
1.283955216407775879e+01
1.284481310844421387e+01
1.289656496047973633e+01
1.280688309669494629e+01
1.285516452789306641e+01
1.281158566474914551e+01
1.294427919387817383e+01
1.281457829475402832e+01
1.287123394012451172e+01
1.286428332328796387e+01
1.285628843307495117e+01
1.281906032562255859e+01
1.287626814842224121e+01
1.287093901634216309e+01
1.282735538482666016e+01
1.285050010681152344e+01
1.284496974945068359e+01
1.285056734085083008e+01
1.287877035140991211e+01
1.286471414566040039e+01
1.287736153602600098e+01
1.287492942810058594e+01
1.281361174583435059e+01
