9.839999999084472648e+00
9.216000002441406380e+00
1.108800000244140627e+01
1.043199999908447317e+01
1.025600000244140553e+01
1.006400000183105448e+01
9.807999995727538334e+00
9.743999999389648892e+00
1.025599999969482390e+01
1.044799999877929686e+01
1.075200000244140597e+01
1.019200000244140547e+01
1.092799999938964817e+01
1.047999999908447322e+01
9.887999999389649020e+00
1.020799999938964930e+01
1.017599999938964928e+01
1.023999999954223661e+01
1.001599999938964913e+01
9.007999995727539400e+00
1.022399999938964932e+01
1.030399999954223667e+01
1.081599999572753923e+01
1.033599999954223669e+01
9.855999999084472663e+00
1.015999999954223654e+01
1.014399999938964925e+01
1.027199999954223664e+01
1.071999999908447343e+01
1.011199999908447289e+01
1.003199999938964915e+01
1.027200000244140554e+01
9.791999999389648934e+00
1.073600000183105507e+01
1.060799999938964788e+01
1.051199999572753896e+01
1.086400000244140607e+01
1.044799999984741135e+01
1.166399999908447249e+01
1.086399999969482444e+01
1.103999999969482460e+01
1.067200000244140590e+01
1.155199999877929606e+01
1.071999999954223703e+01
1.076799999969482435e+01
1.174399999877929623e+01
1.171199999938964886e+01
1.153599999938964871e+01
1.206400000244140713e+01
1.199999999969482367e+01
1.316799999572753954e+01
1.380799999877929629e+01
1.460799999572753904e+01
1.582399999938964896e+01
1.675199999572753740e+01
1.684800000244140605e+01
1.670400000122070239e+01
1.615999999877929838e+01
1.676799999572753919e+01
1.835199999877929855e+01
1.761599999908447245e+01
1.902399999816894649e+01
1.908799999877929565e+01
1.884799999908447177e+01
1.904000000488281330e+01
1.937600000488281182e+01
1.828799999908447305e+01
1.942399999908447228e+01
1.878399999969482437e+01
1.956800000732421907e+01
1.948799999938964689e+01
2.020799999877929665e+01
1.945599999816894510e+01
1.969599999816894709e+01
2.001600000183105621e+01
2.161599999511718906e+01
1.852800000488281285e+01
2.043200000488281276e+01
1.932800000183105382e+01
1.900800000183105354e+01
1.928000000488281174e+01
2.019200000488281077e+01
2.070399999572753913e+01
1.928000000488281174e+01
1.956799999908447418e+01
1.959999999984741237e+01
1.958399999145507664e+01
1.948800000488281370e+01
1.996800000122070173e+01
1.884799999938964987e+01
2.039999999511718798e+01
1.964800000183105411e+01
1.905599999816894652e+01
1.952000000183105399e+01
1.908799999511718681e+01
2.023999999572754049e+01
1.948799999938964689e+01
1.969599999908447430e+01
2.030399999816894407e+01
1.907199999572753768e+01
2.675200000122070421e+01
2.697599999816894467e+01
2.727999999572753964e+01
2.748799999877929778e+01
2.801600000488281239e+01
2.846399999755859511e+01
2.820799999908447120e+01
2.809599999877929832e+01
2.894399999145507962e+01
2.849600000183105308e+01
2.905599999816894652e+01
2.960000000732421910e+01
2.913599999908447202e+01
2.881599999816894453e+01
2.972800000488281214e+01
2.932799999511718880e+01
2.939199999511718886e+01
3.012799999877929835e+01
3.038399999145507735e+01
2.998400000488281236e+01
3.073599999145507766e+01
3.054400000183105490e+01
3.041599999145507738e+01
2.995199998779296990e+01
3.092799998779296899e+01
3.116799999877929750e+01
3.067200000732421827e+01
3.091199999389648312e+01
3.022399999877929844e+01
3.076800000183105510e+01
3.081599999877929719e+01
3.145599999755859244e+01
3.118399999145507806e+01
3.086400000122070253e+01
3.097599999511718849e+01
3.099199999511718673e+01
3.049599999511718806e+01
3.148800000488281370e+01
3.137600000366211006e+01
3.155200000732421728e+01
3.129600000122070469e+01
3.139199999145507647e+01
3.129599999755859230e+01
3.177599999755859272e+01
3.166399999755859440e+01
3.108800000366210980e+01
3.108799999511718681e+01
3.183999998779296803e+01
3.179200000183105601e+01
3.166400000122070324e+01
3.206399999511718590e+01
3.206399999511718590e+01
3.243200000976562336e+01
3.161599999755859258e+01
3.260799999511718994e+01
3.215999999816894217e+01
3.179199999145507860e+01
3.263999999755859704e+01
3.279999998779296533e+01
3.198400000732421944e+01
3.270399999145507763e+01
3.312000000366210628e+01
3.251200000122070577e+01
3.174399999816894535e+01
3.201599999145507525e+01
3.257599999755859699e+01
3.276800000488281484e+01
3.278399999145507593e+01
3.283199998779296891e+01
3.265599999877929349e+01
3.307199999389648326e+01
3.288000000122070077e+01
3.185600000244140517e+01
3.193600000122070171e+01
3.246400000122070395e+01
3.235199999755859324e+01
3.233599998779296669e+01
3.268800000183105681e+01
3.240000000122070389e+01
3.262400000122070054e+01
3.223999999755859136e+01
3.235199999511718971e+01
3.273599998779296527e+01
3.332799999816894854e+01
3.191999999877929639e+01
3.305599999145508150e+01
3.233599999511718437e+01
3.244799998779296857e+01
3.206399999145507707e+01
3.224000000488280904e+01
3.227200000488281262e+01
3.335999999755859591e+01
3.276799999145507769e+01
3.327999999145507815e+01
3.307199999023437442e+01
3.263999999145507758e+01
3.212800000122070543e+01
3.235199999755859324e+01
3.182399999755859454e+01
3.270400000183105504e+01
