2.346412897109985352e+01
2.467317366600036621e+01
2.288535165786743164e+01
2.303679513931274414e+01
2.295692396163940430e+01
2.302601313591003418e+01
2.284079742431640625e+01
2.343721580505371094e+01
2.370896625518798828e+01
2.300129008293151855e+01
2.292702770233154297e+01
2.294247508049011230e+01
2.300794744491577148e+01
2.286404919624328613e+01
2.293227910995483398e+01
2.285204529762268066e+01
2.310391283035278320e+01
2.304251575469970703e+01
2.290120339393615723e+01
2.314643526077270508e+01
2.289039516448974609e+01
2.317331123352050781e+01
2.289378380775451660e+01
2.291963291168212891e+01
2.286383199691772461e+01
2.311982965469360352e+01
2.290469312667846680e+01
2.286523246765136719e+01
2.336927056312561035e+01
2.306165003776550293e+01
2.298278450965881348e+01
2.288452053070068359e+01
2.336179590225219727e+01
2.320161485671997070e+01
2.304971671104431152e+01
2.337958240509033203e+01
2.319026803970336914e+01
2.303739738464355469e+01
2.336337876319885254e+01
2.316983151435852051e+01
2.299276280403137207e+01
2.293567490577697754e+01
2.311900782585144043e+01
2.301455545425415039e+01
2.320525813102722168e+01
2.333641314506530762e+01
2.308827924728393555e+01
2.335908436775207520e+01
2.294356441497802734e+01
2.299907135963439941e+01
2.300532150268554688e+01
2.323944807052612305e+01
2.327257680892944336e+01
2.288099670410156250e+01
2.297895860671997070e+01
2.292125248908996582e+01
2.308671164512634277e+01
2.290718817710876465e+01
2.299438810348510742e+01
2.304816794395446777e+01
2.303714466094970703e+01
2.293761110305786133e+01
2.323269367218017578e+01
2.358847570419311523e+01
2.309009790420532227e+01
2.309449577331542969e+01
2.331318426132202148e+01
2.289252734184265137e+01
2.322000122070312500e+01
2.324031805992126465e+01
2.303068089485168457e+01
2.297320914268493652e+01
2.306757950782775879e+01
2.321194505691528320e+01
2.365870547294616699e+01
2.290573620796203613e+01
2.320066428184509277e+01
2.292867016792297363e+01
2.287698054313659668e+01
2.303272128105163574e+01
2.294389057159423828e+01
2.293547344207763672e+01
2.316768765449523926e+01
2.299221277236938477e+01
2.332303571701049805e+01
2.300288701057434082e+01
2.289439153671264648e+01
2.303388857841491699e+01
2.313384342193603516e+01
2.311904859542846680e+01
2.300827074050903320e+01
2.344386076927185059e+01
2.285319232940673828e+01
2.289919877052307129e+01
2.342267894744873047e+01
2.310978412628173828e+01
2.307591795921325684e+01
2.313280224800109863e+01
2.307264518737792969e+01
2.334704446792602539e+01
2.292094278335571289e+01
2.293638920783996582e+01
2.289697504043579102e+01
2.340032076835632324e+01
2.294970273971557617e+01
2.341042065620422363e+01
2.293634080886840820e+01
2.288801145553588867e+01
2.297444415092468262e+01
2.286665630340576172e+01
2.344300007820129395e+01
2.285822224617004395e+01
2.322689771652221680e+01
2.346604204177856445e+01
2.359801220893859863e+01
2.291902160644531250e+01
2.292520332336425781e+01
2.288478994369506836e+01
2.307433629035949707e+01
2.291107416152954102e+01
2.293351578712463379e+01
2.293746304512023926e+01
2.307304215431213379e+01
2.295124006271362305e+01
2.335280036926269531e+01
2.286548614501953125e+01
2.291293358802795410e+01
2.357673788070678711e+01
2.302319145202636719e+01
2.299781799316406250e+01
2.306430387496948242e+01
2.297773456573486328e+01
2.285558295249938965e+01
2.301253771781921387e+01
2.323038768768310547e+01
2.292191338539123535e+01
2.320331430435180664e+01
2.289483261108398438e+01
2.336453628540039062e+01
2.288996672630310059e+01
2.290259385108947754e+01
2.294600129127502441e+01
2.297215580940246582e+01
2.295561480522155762e+01
2.287193751335144043e+01
2.309647345542907715e+01
2.297858929634094238e+01
2.321482682228088379e+01
2.300817322731018066e+01
2.294526505470275879e+01
2.305223274230957031e+01
2.290244674682617188e+01
2.322865271568298340e+01
2.290477633476257324e+01
2.337494087219238281e+01
2.296499347686767578e+01
2.307636523246765137e+01
2.287920951843261719e+01
2.287810277938842773e+01
2.348459386825561523e+01
2.317966103553771973e+01
2.298873400688171387e+01
2.290436124801635742e+01
2.302000999450683594e+01
2.324229860305786133e+01
2.339826011657714844e+01
2.325031924247741699e+01
2.304074096679687500e+01
2.360649776458740234e+01
2.303236436843872070e+01
2.288315582275390625e+01
2.309104108810424805e+01
2.317706274986267090e+01
2.353555679321289062e+01
2.291585063934326172e+01
2.293739533424377441e+01
2.290062975883483887e+01
2.362609910964965820e+01
2.291056919097900391e+01
2.315932297706604004e+01
2.304334187507629395e+01
2.293174147605895996e+01
2.317197990417480469e+01
2.291841006278991699e+01
2.290352439880371094e+01
2.295799946784973145e+01
2.287298822402954102e+01
2.290693616867065430e+01
2.310429883003234863e+01
2.288468956947326660e+01
2.342663455009460449e+01
2.292918348312377930e+01
2.290807962417602539e+01
2.343235778808593750e+01
2.305406117439270020e+01
2.306316161155700684e+01
2.295794081687927246e+01
2.300765848159790039e+01
2.307159924507141113e+01
2.301424360275268555e+01
