2.346146154403686523e+01
2.510573267936706543e+01
2.348036217689514160e+01
2.330668258666992188e+01
2.344408655166625977e+01
2.316797924041748047e+01
2.325527215003967285e+01
2.362979793548583984e+01
2.346201729774475098e+01
2.350422763824462891e+01
2.370675778388977051e+01
2.381348109245300293e+01
2.350033879280090332e+01
2.370910263061523438e+01
2.366291904449462891e+01
2.362815332412719727e+01
2.360221862792968750e+01
2.357379269599914551e+01
2.369584608078002930e+01
2.360259127616882324e+01
2.349889421463012695e+01
2.335130667686462402e+01
2.351626825332641602e+01
2.379375147819519043e+01
2.351322388648986816e+01
2.344120526313781738e+01
2.358507275581359863e+01
2.332275867462158203e+01
2.333729910850524902e+01
2.378152751922607422e+01
2.403545689582824707e+01
2.350353336334228516e+01
2.350408768653869629e+01
2.346836495399475098e+01
2.350069975852966309e+01
2.379707646369934082e+01
2.333566761016845703e+01
2.367175316810607910e+01
2.356224417686462402e+01
2.357771301269531250e+01
2.329946899414062500e+01
2.364927935600280762e+01
2.384613084793090820e+01
2.324333071708679199e+01
2.394191622734069824e+01
2.362177586555480957e+01
2.337073802947998047e+01
2.409112930297851562e+01
2.359190750122070312e+01
2.359647178649902344e+01
2.356061267852783203e+01
2.355861520767211914e+01
2.398093175888061523e+01
2.367188382148742676e+01
2.361663746833801270e+01
2.326934170722961426e+01
2.382375860214233398e+01
2.358262705802917480e+01
2.348207497596740723e+01
2.359276604652404785e+01
2.347450590133666992e+01
2.370485830307006836e+01
2.339963936805725098e+01
2.370246076583862305e+01
2.322767186164855957e+01
2.388687324523925781e+01
2.362967538833618164e+01
2.361781525611877441e+01
2.365695643424987793e+01
2.356296467781066895e+01
2.364718842506408691e+01
2.335199213027954102e+01
2.317236351966857910e+01
2.375033950805664062e+01
2.356167221069335938e+01
2.342428827285766602e+01
2.363516163825988770e+01
2.356503653526306152e+01
2.347444820404052734e+01
2.349739837646484375e+01
2.344726753234863281e+01
2.348420548439025879e+01
2.335303282737731934e+01
2.342532706260681152e+01
2.360574269294738770e+01
2.377941846847534180e+01
2.350846076011657715e+01
2.374711942672729492e+01
2.372589588165283203e+01
2.357846856117248535e+01
2.359460592269897461e+01
2.355548572540283203e+01
2.360393238067626953e+01
2.334862327575683594e+01
2.390441298484802246e+01
2.326355457305908203e+01
2.356934452056884766e+01
2.347176122665405273e+01
2.348736238479614258e+01
2.364462852478027344e+01
2.349130034446716309e+01
2.338919806480407715e+01
2.352187848091125488e+01
2.383765244483947754e+01
2.361885476112365723e+01
2.323328948020935059e+01
2.339921784400939941e+01
2.369352960586547852e+01
2.389817166328430176e+01
2.323530626296997070e+01
2.382443356513977051e+01
2.349438381195068359e+01
2.346854090690612793e+01
2.377110505104064941e+01
2.369939780235290527e+01
2.331282448768615723e+01
2.328734564781188965e+01
2.342471551895141602e+01
2.386684560775756836e+01
2.338959598541259766e+01
2.335733985900878906e+01
2.365956735610961914e+01
2.353370690345764160e+01
2.341967034339904785e+01
2.327894258499145508e+01
2.352767944335937500e+01
2.348808550834655762e+01
2.395283007621765137e+01
2.335478496551513672e+01
2.336944174766540527e+01
2.372894430160522461e+01
2.344650316238403320e+01
2.355549621582031250e+01
2.364524149894714355e+01
2.356429338455200195e+01
2.383086585998535156e+01
2.370524120330810547e+01
2.360574483871459961e+01
2.361908912658691406e+01
2.344142413139343262e+01
2.333202028274536133e+01
2.334696388244628906e+01
2.383536148071289062e+01
2.333818531036376953e+01
2.346378993988037109e+01
2.345756649971008301e+01
2.352547121047973633e+01
2.401533651351928711e+01
2.351862525939941406e+01
2.357125711441040039e+01
2.342215108871459961e+01
2.360414385795593262e+01
2.334582304954528809e+01
2.357707762718200684e+01
2.380808019638061523e+01
2.351644873619079590e+01
2.357683420181274414e+01
2.346726107597351074e+01
2.336803245544433594e+01
2.364008736610412598e+01
2.333281755447387695e+01
2.335478067398071289e+01
2.351551127433776855e+01
2.350812697410583496e+01
2.336487889289855957e+01
2.366179561614990234e+01
2.362787461280822754e+01
2.352370357513427734e+01
2.351840591430664062e+01
2.344381809234619141e+01
2.379936838150024414e+01
2.351197600364685059e+01
2.368758535385131836e+01
2.380256414413452148e+01
2.330498695373535156e+01
2.363278460502624512e+01
2.364537882804870605e+01
2.377711534500122070e+01
2.328323769569396973e+01
2.351741313934326172e+01
2.342325472831726074e+01
2.331387042999267578e+01
2.367493772506713867e+01
2.348088765144348145e+01
2.373986935615539551e+01
2.371760582923889160e+01
2.332460689544677734e+01
2.368358278274536133e+01
2.386107254028320312e+01
2.379471468925476074e+01
2.344417238235473633e+01
2.337111854553222656e+01
2.354107761383056641e+01
2.407061886787414551e+01
2.386843776702880859e+01
2.363506221771240234e+01
2.364824271202087402e+01
2.337699460983276367e+01
2.373183941841125488e+01
2.327927374839782715e+01
