4.325575828552246094e-01
6.814765930175781250e-01
4.013102054595947266e-01
4.060587882995605469e-01
3.964364528656005859e-01
4.009327888488769531e-01
3.949961662292480469e-01
4.034392833709716797e-01
3.916699886322021484e-01
4.017450809478759766e-01
3.939170837402343750e-01
3.957669734954833984e-01
4.013891220092773438e-01
3.940005302429199219e-01
4.007487297058105469e-01
3.947899341583251953e-01
4.041802883148193359e-01
3.912870883941650391e-01
3.965647220611572266e-01
3.991601467132568359e-01
3.977050781250000000e-01
4.054033756256103516e-01
3.929173946380615234e-01
4.053099155426025391e-01
3.901507854461669922e-01
4.012448787689208984e-01
3.945899009704589844e-01
3.907124996185302734e-01
4.031484127044677734e-01
3.928332328796386719e-01
4.055457115173339844e-01
3.903143405914306641e-01
4.015495777130126953e-01
3.914606571197509766e-01
3.948473930358886719e-01
4.019408226013183594e-01
3.937218189239501953e-01
4.063413143157958984e-01
3.904240131378173828e-01
4.034299850463867188e-01
3.909347057342529297e-01
3.965699672698974609e-01
4.029886722564697266e-01
3.907437324523925781e-01
4.025506973266601562e-01
3.899161815643310547e-01
4.012339115142822266e-01
3.910706043243408203e-01
4.025936126708984375e-01
3.949229717254638672e-01
3.926670551300048828e-01
4.058296680450439453e-01
3.881077766418457031e-01
4.055638313293457031e-01
3.950634002685546875e-01
4.020576477050781250e-01
3.937933444976806641e-01
3.933439254760742188e-01
4.073891639709472656e-01
3.942551612854003906e-01
4.118149280548095703e-01
3.973917961120605469e-01
3.987996578216552734e-01
3.965387344360351562e-01
3.974223136901855469e-01
4.020068645477294922e-01
3.876662254333496094e-01
4.039776325225830078e-01
3.950872421264648438e-01
4.051773548126220703e-01
3.988928794860839844e-01
4.034073352813720703e-01
3.994398117065429688e-01
3.940520286560058594e-01
4.045662879943847656e-01
3.951823711395263672e-01
4.048416614532470703e-01
3.993511199951171875e-01
4.005389213562011719e-01
3.984415531158447266e-01
4.007041454315185547e-01
3.997683525085449219e-01
3.955352306365966797e-01
4.041500091552734375e-01
3.995079994201660156e-01
4.047825336456298828e-01
4.000105857849121094e-01
3.992128372192382812e-01
3.916404247283935547e-01
4.023742675781250000e-01
4.029896259307861328e-01
3.995180130004882812e-01
3.996701240539550781e-01
4.022998809814453125e-01
4.021060466766357422e-01
3.951802253723144531e-01
3.999707698822021484e-01
3.968806266784667969e-01
3.997931480407714844e-01
4.013087749481201172e-01
4.028735160827636719e-01
4.055323600769042969e-01
3.941414356231689453e-01
4.037380218505859375e-01
3.950245380401611328e-01
3.980190753936767578e-01
4.015605449676513672e-01
3.977293968200683594e-01
4.045205116271972656e-01
3.957755565643310547e-01
4.061601161956787109e-01
3.919560909271240234e-01
4.043824672698974609e-01
3.993537425994873047e-01
4.221665859222412109e-01
4.044671058654785156e-01
3.934955596923828125e-01
4.040822982788085938e-01
3.928337097167968750e-01
4.059000015258789062e-01
3.995282649993896484e-01
3.954801559448242188e-01
4.035325050354003906e-01
3.940012454986572266e-01
4.080560207366943359e-01
3.938112258911132812e-01
3.996438980102539062e-01
3.940124511718750000e-01
3.984274864196777344e-01
4.012637138366699219e-01
3.950784206390380859e-01
4.072508811950683594e-01
3.934984207153320312e-01
4.062695503234863281e-01
3.990473747253417969e-01
3.996744155883789062e-01
3.995134830474853516e-01
3.924207687377929688e-01
4.060013294219970703e-01
3.924167156219482422e-01
4.051027297973632812e-01
3.948044776916503906e-01
4.049205780029296875e-01
4.035117626190185547e-01
3.938307762145996094e-01
4.072732925415039062e-01
3.930947780609130859e-01
4.044213294982910156e-01
3.927769660949707031e-01
4.006857872009277344e-01
4.008219242095947266e-01
3.968896865844726562e-01
4.050045013427734375e-01
3.924980163574218750e-01
4.083132743835449219e-01
3.940396308898925781e-01
4.031214714050292969e-01
3.972189426422119141e-01
3.961517810821533203e-01
4.024868011474609375e-01
3.949143886566162109e-01
4.044692516326904297e-01
3.945395946502685547e-01
4.017961025238037109e-01
4.018449783325195312e-01
4.010968208312988281e-01
4.043197631835937500e-01
3.954513072967529297e-01
4.059844017028808594e-01
3.931641578674316406e-01
4.048502445220947266e-01
3.989956378936767578e-01
3.982126712799072266e-01
4.026770591735839844e-01
3.941776752471923828e-01
4.002110958099365234e-01
3.913440704345703125e-01
4.030041694641113281e-01
3.936705589294433594e-01
4.028117656707763672e-01
3.954226970672607422e-01
3.946471214294433594e-01
3.990552425384521484e-01
3.992233276367187500e-01
3.995239734649658203e-01
3.961420059204101562e-01
4.020454883575439453e-01
3.956556320190429688e-01
3.976664543151855469e-01
4.003255367279052734e-01
4.004051685333251953e-01
4.035153388977050781e-01
3.975930213928222656e-01
3.994932174682617188e-01
3.951890468597412109e-01
4.049537181854248047e-01
3.992583751678466797e-01
3.974504470825195312e-01
3.963277339935302734e-01
4.011912345886230469e-01
