9.999999999389649119e+00
9.599999999542236040e+00
1.068800000244140591e+01
1.001599999908447280e+01
1.030400000244140557e+01
1.097599999938964821e+01
1.102399999908447192e+01
1.052799999938964781e+01
1.016000000244140544e+01
1.142399999969482494e+01
1.012799999938964923e+01
1.097599999954223549e+01
1.065599999877929704e+01
1.129599999908447217e+01
1.036800000244140563e+01
1.043200000244140568e+01
1.007999999572753858e+01
1.043199999908447317e+01
1.022399999908447299e+01
1.064000000244140587e+01
1.030399999969482394e+01
9.983999999084472776e+00
1.054399999969482415e+01
1.006399999984741278e+01
1.115199999938964837e+01
1.107199999938964829e+01
1.036800000244140563e+01
1.044799999877929686e+01
1.078399999969482437e+01
1.006399999954223645e+01
1.108800000244140627e+01
1.028799999938964760e+01
1.052799999969482414e+01
1.097599999969482454e+01
1.020799999938964930e+01
1.052800000244140577e+01
1.055999999938964784e+01
1.118399999954223567e+01
1.129599999954223577e+01
1.095999999572753936e+01
1.203199999954223642e+01
1.064000000183105499e+01
1.198399999954223638e+01
1.223999999908447300e+01
1.305599999908447195e+01
1.455999999908447329e+01
1.547200000488281191e+01
1.614400000488281250e+01
1.716799999954223566e+01
1.740800000488281185e+01
1.641600000183105479e+01
1.731199999572753967e+01
1.841599999908447316e+01
1.710399999572753771e+01
1.799999999877929824e+01
1.689599999908447359e+01
1.739200000183105388e+01
1.769599999969482340e+01
1.708799999877929565e+01
1.840000000244140566e+01
1.907200000244140625e+01
1.801599999908447103e+01
1.934399999877929588e+01
1.929599999572753788e+01
1.915199999572753953e+01
1.881600000488281310e+01
1.798399999908447100e+01
1.787199999938964723e+01
1.790399999908447271e+01
1.849600000122070398e+01
1.841599999877929861e+01
1.758400000488281378e+01
1.838399999908447313e+01
1.926399999572753785e+01
1.806399999877929829e+01
1.812799999572753862e+01
1.697600000244140617e+01
1.735999999572753794e+01
1.742399999877929773e+01
1.750399999954223773e+01
1.863999999572753907e+01
1.700799999877929736e+01
1.772799999511718738e+01
1.833599999954223492e+01
1.799999999908447279e+01
1.775999999572754007e+01
1.887999999938964990e+01
1.841600000183105479e+01
1.847999999572753893e+01
1.820799999572754047e+01
1.761599999938964700e+01
1.798399999572754027e+01
1.771199999511718914e+01
1.824000000183105641e+01
1.806399999877929829e+01
1.860799999877929523e+01
1.761599999938964700e+01
1.828800000488281086e+01
1.848000000244140750e+01
1.769600000244140503e+01
2.127999999954223753e+01
2.209600000183105450e+01
2.227199999816894405e+01
2.300799999755859204e+01
2.279999999572753921e+01
2.296000000122070261e+01
2.379199999877929628e+01
2.355199999572753811e+01
2.377599999572753831e+01
2.363199999572753995e+01
2.424000000183105641e+01
2.502400000488281151e+01
2.504000000122070446e+01
2.551999999816894515e+01
2.555199999877929784e+01
2.584000000122070162e+01
2.582399999816894365e+01
2.552000000183105399e+01
2.582399999755859454e+01
2.638400000488281094e+01
2.563199999755859437e+01
2.628800000183105467e+01
2.664000000488281117e+01
2.769600000732421918e+01
2.681599999511718835e+01
2.670400000122070239e+01
2.779200000183105601e+01
2.745599999877929775e+01
2.686400000488281137e+01
2.739199999511718886e+01
2.767999998779296789e+01
2.771199999145507675e+01
2.769600000488281211e+01
2.752000000732421725e+01
2.833599999816894410e+01
2.799999999572753850e+01
2.843199999572754066e+01
2.787200000488281404e+01
2.822399999145507721e+01
2.806399999145507707e+01
2.899200000732421856e+01
2.795199999572754024e+01
2.785600000732421933e+01
2.902399999145507792e+01
2.883199999572753924e+01
2.891200000122070435e+01
2.841600000122070213e+01
2.865600000122070412e+01
2.939200000366210830e+01
2.899199999816894646e+01
3.020799998779297013e+01
2.995200000122070350e+01
2.969600000122070327e+01
3.054399999145507749e+01
2.966399999145507849e+01
2.990399999755859284e+01
2.990400000183105433e+01
2.937599999816894680e+01
2.983999999877929810e+01
2.999999998779296817e+01
2.987200000488281404e+01
3.025599999389648431e+01
2.972799999511718738e+01
3.049599999816894424e+01
2.979199999511718744e+01
3.039999999511718798e+01
2.987200000732421756e+01
3.035199999145507732e+01
3.044800000732421807e+01
3.062400000183105320e+01
3.132800000488281356e+01
2.980800000122070159e+01
3.075199999511718829e+01
3.070399999816894621e+01
3.025600000732421790e+01
3.076800000488281128e+01
2.964800000366210853e+01
3.046400000122070395e+01
3.081600000183105337e+01
3.040000000488281273e+01
3.113599999816894481e+01
3.039999999145507914e+01
3.035200000732421799e+01
3.068800000122070415e+01
3.063999999755859349e+01
3.059200000122070406e+01
3.032000000732421796e+01
2.974400000122070153e+01
2.993600000488281410e+01
2.993599999572753845e+01
3.083199999511718659e+01
3.039999999145507914e+01
3.070399999511718647e+01
3.044799999816894598e+01
3.041600000122070213e+01
3.017599999816894396e+01
3.032000000183105470e+01
3.067199999816894618e+01
3.041599999511718622e+01
3.075200000488281304e+01
