2.346207094192504883e+01
2.510322380065917969e+01
2.354856610298156738e+01
2.370091462135314941e+01
2.366868877410888672e+01
2.350361323356628418e+01
2.359440565109252930e+01
2.376549577713012695e+01
2.408649921417236328e+01
2.377622222900390625e+01
2.346710681915283203e+01
2.381354022026062012e+01
2.354891109466552734e+01
2.333011364936828613e+01
2.359858465194702148e+01
2.368584060668945312e+01
2.338182854652404785e+01
2.340572762489318848e+01
2.333817291259765625e+01
2.325877237319946289e+01
2.359370064735412598e+01
2.326286220550537109e+01
2.329213547706604004e+01
2.336224579811096191e+01
2.366066479682922363e+01
2.357533931732177734e+01
2.348103427886962891e+01
2.346598649024963379e+01
2.361094307899475098e+01
2.341236090660095215e+01
2.377159237861633301e+01
2.349418091773986816e+01
2.347906470298767090e+01
2.339690971374511719e+01
2.360964083671569824e+01
2.364536547660827637e+01
2.372567963600158691e+01
2.378474593162536621e+01
2.378051614761352539e+01
2.360947465896606445e+01
2.348853063583374023e+01
2.374171590805053711e+01
2.337445688247680664e+01
2.352425265312194824e+01
2.361946010589599609e+01
2.392401528358459473e+01
2.359587526321411133e+01
2.343112492561340332e+01
2.382620930671691895e+01
2.355731058120727539e+01
2.357155084609985352e+01
2.383322000503540039e+01
2.327647829055786133e+01
2.374377465248107910e+01
2.338987994194030762e+01
2.332025337219238281e+01
2.352474546432495117e+01
2.326901078224182129e+01
2.399441075325012207e+01
2.384502887725830078e+01
2.350141072273254395e+01
2.366421985626220703e+01
2.363180184364318848e+01
2.382815909385681152e+01
2.352592563629150391e+01
2.357619857788085938e+01
2.341498851776123047e+01
2.344337463378906250e+01
2.349937391281127930e+01
2.406542420387268066e+01
2.360063004493713379e+01
2.333729410171508789e+01
2.354944849014282227e+01
2.340178322792053223e+01
2.375655150413513184e+01
2.344531226158142090e+01
2.372291707992553711e+01
2.356471085548400879e+01
2.389793848991394043e+01
2.346406674385070801e+01
2.348309946060180664e+01
2.347760629653930664e+01
2.383665108680725098e+01
2.364251446723937988e+01
2.358472418785095215e+01
2.354373002052307129e+01
2.346025586128234863e+01
2.330522942543029785e+01
2.332827758789062500e+01
2.346391868591308594e+01
2.338902783393859863e+01
2.353640556335449219e+01
2.379450106620788574e+01
2.384718418121337891e+01
2.428078126907348633e+01
2.325162291526794434e+01
2.344120073318481445e+01
2.382222104072570801e+01
2.334550261497497559e+01
2.346965861320495605e+01
2.377901625633239746e+01
2.336915230751037598e+01
2.387094640731811523e+01
2.322093152999877930e+01
2.361307001113891602e+01
2.364648365974426270e+01
2.362006902694702148e+01
2.345985627174377441e+01
2.367703366279602051e+01
2.364560031890869141e+01
2.394143009185791016e+01
2.352750730514526367e+01
2.369082331657409668e+01
2.395697879791259766e+01
2.382916259765625000e+01
2.333379673957824707e+01
2.345352101325988770e+01
2.380233669281005859e+01
2.343298912048339844e+01
2.328760385513305664e+01
2.344348382949829102e+01
2.364728236198425293e+01
2.360367321968078613e+01
2.369706654548645020e+01
2.349649381637573242e+01
2.336432909965515137e+01
2.388339877128601074e+01
2.368350124359130859e+01
2.353883862495422363e+01
2.329554986953735352e+01
2.324846267700195312e+01
2.345387077331542969e+01
2.345646095275878906e+01
2.363684988021850586e+01
2.349273848533630371e+01
2.368215966224670410e+01
2.394081687927246094e+01
2.328896951675415039e+01
2.382846903800964355e+01
2.355201315879821777e+01
2.360089826583862305e+01
2.333927845954895020e+01
2.359660434722900391e+01
2.344664835929870605e+01
2.364683771133422852e+01
2.356622505187988281e+01
2.340177154541015625e+01
2.351406645774841309e+01
2.353101539611816406e+01
2.338025712966918945e+01
2.383533048629760742e+01
2.361352491378784180e+01
2.345755577087402344e+01
2.358049941062927246e+01
2.370515966415405273e+01
2.342616081237792969e+01
2.346184110641479492e+01
2.366875600814819336e+01
2.347216391563415527e+01
2.372466921806335449e+01
2.368874001502990723e+01
2.336119556427001953e+01
2.339862275123596191e+01
2.339890122413635254e+01
2.350127530097961426e+01
2.396495532989501953e+01
2.355611729621887207e+01
2.361715459823608398e+01
2.362339425086975098e+01
2.355485248565673828e+01
2.349653887748718262e+01
2.351038241386413574e+01
2.353630137443542480e+01
2.395983386039733887e+01
2.366025638580322266e+01
2.348840165138244629e+01
2.329144525527954102e+01
2.399831962585449219e+01
2.347288084030151367e+01
2.361054253578186035e+01
2.362339591979980469e+01
2.330747222900390625e+01
2.339545130729675293e+01
2.358038163185119629e+01
2.336115026473999023e+01
2.353147792816162109e+01
2.347066664695739746e+01
2.385056090354919434e+01
2.377316451072692871e+01
2.362448501586914062e+01
2.354344749450683594e+01
2.336933064460754395e+01
2.353586983680725098e+01
2.393800902366638184e+01
2.355129408836364746e+01
2.349455189704895020e+01
2.344037151336669922e+01
2.327889013290405273e+01
2.382294392585754395e+01
2.320562815666198730e+01
