2.346458864212036133e+01
2.465743732452392578e+01
2.275607824325561523e+01
2.301813912391662598e+01
2.282145547866821289e+01
2.315323114395141602e+01
2.291199827194213867e+01
2.343442606925964355e+01
2.346787548065185547e+01
2.290618419647216797e+01
2.299000501632690430e+01
2.294220900535583496e+01
2.300356125831604004e+01
2.316109490394592285e+01
2.346109318733215332e+01
2.338500261306762695e+01
2.292569708824157715e+01
2.303464746475219727e+01
2.296769785881042480e+01
2.297711157798767090e+01
2.297200274467468262e+01
2.292982864379882812e+01
2.286354565620422363e+01
2.325842142105102539e+01
2.292596697807312012e+01
2.307350182533264160e+01
2.310081982612609863e+01
2.307197666168212891e+01
2.316555118560791016e+01
2.334524297714233398e+01
2.316246128082275391e+01
2.330753850936889648e+01
2.298120713233947754e+01
2.292255759239196777e+01
2.317667603492736816e+01
2.335904908180236816e+01
2.295461916923522949e+01
2.320789074897766113e+01
2.346664595603942871e+01
2.335948801040649414e+01
2.298511362075805664e+01
2.342904472351074219e+01
2.294907164573669434e+01
2.315127158164978027e+01
2.331764149665832520e+01
2.356971955299377441e+01
2.324004817008972168e+01
2.329459547996520996e+01
2.302558350563049316e+01
2.290359735488891602e+01
2.291932225227355957e+01
2.326832962036132812e+01
2.307435679435729980e+01
2.340578842163085938e+01
2.291097211837768555e+01
2.307077169418334961e+01
2.356518030166625977e+01
2.314618253707885742e+01
2.301871466636657715e+01
2.291183161735534668e+01
2.309507513046264648e+01
2.321594738960266113e+01
2.311083698272705078e+01
2.296985459327697754e+01
2.305360841751098633e+01
2.344627761840820312e+01
2.290290641784667969e+01
2.293288660049438477e+01
2.304066109657287598e+01
2.341186475753784180e+01
2.298400878906250000e+01
2.292183375358581543e+01
2.297231721878051758e+01
2.286364817619323730e+01
2.303609466552734375e+01
2.314780712127685547e+01
2.287558698654174805e+01
2.293391418457031250e+01
2.295795583724975586e+01
2.303319382667541504e+01
2.290669441223144531e+01
2.292461800575256348e+01
2.303100442886352539e+01
2.286576104164123535e+01
2.309277558326721191e+01
2.290130925178527832e+01
2.298330163955688477e+01
2.291722011566162109e+01
2.287848043441772461e+01
2.346865034103393555e+01
2.315858459472656250e+01
2.290009498596191406e+01
2.295370483398437500e+01
2.309689927101135254e+01
2.292363643646240234e+01
2.285033321380615234e+01
2.304828834533691406e+01
2.315757203102111816e+01
2.322569203376770020e+01
2.288640737533569336e+01
2.352053666114807129e+01
2.294268631935119629e+01
2.306032156944274902e+01
2.318469905853271484e+01
2.298818516731262207e+01
2.290671229362487793e+01
2.287295246124267578e+01
2.326489353179931641e+01
2.344484233856201172e+01
2.315094399452209473e+01
2.292434453964233398e+01
2.309416985511779785e+01
2.306510663032531738e+01
2.293655204772949219e+01
2.327229905128479004e+01
2.342552328109741211e+01
2.308849120140075684e+01
2.294793367385864258e+01
2.302883052825927734e+01
2.341783142089843750e+01
2.354651379585266113e+01
2.291778492927551270e+01
2.308780312538146973e+01
2.302376818656921387e+01
2.292745852470397949e+01
2.293900895118713379e+01
2.334533119201660156e+01
2.323225927352905273e+01
2.328791856765747070e+01
2.290051960945129395e+01
2.286717319488525391e+01
2.296854734420776367e+01
2.293939900398254395e+01
2.347635793685913086e+01
2.296808218955993652e+01
2.292341375350952148e+01
2.334092807769775391e+01
2.313284087181091309e+01
2.335722780227661133e+01
2.297526240348815918e+01
2.295370221138000488e+01
2.293380618095397949e+01
2.290847778320312500e+01
2.334748101234436035e+01
2.340026330947875977e+01
2.334066557884216309e+01
2.289733266830444336e+01
2.290439963340759277e+01
2.291842389106750488e+01
2.339314222335815430e+01
2.294938969612121582e+01
2.306949758529663086e+01
2.291796398162841797e+01
2.318917655944824219e+01
2.351999044418334961e+01
2.293106293678283691e+01
2.290068817138671875e+01
2.332910561561584473e+01
2.295338368415832520e+01
2.321439886093139648e+01
2.310451269149780273e+01
2.297210502624511719e+01
2.290584850311279297e+01
2.357313442230224609e+01
2.292899775505065918e+01
2.288099813461303711e+01
2.291176772117614746e+01
2.303406763076782227e+01
2.290683841705322266e+01
2.303164911270141602e+01
2.328573203086853027e+01
2.311614990234375000e+01
2.302092695236206055e+01
2.291942238807678223e+01
2.344147109985351562e+01
2.291413855552673340e+01
2.292356896400451660e+01
2.374898195266723633e+01
2.323056793212890625e+01
2.294865489006042480e+01
2.327172255516052246e+01
2.291434836387634277e+01
2.291135144233703613e+01
2.317239618301391602e+01
2.343973517417907715e+01
2.304258036613464355e+01
2.295271158218383789e+01
2.354200625419616699e+01
2.290520501136779785e+01
2.336791586875915527e+01
2.299685049057006836e+01
2.300425505638122559e+01
2.318232178688049316e+01
2.357016444206237793e+01
2.303730535507202148e+01
2.290431499481201172e+01
2.306074070930480957e+01
2.300251317024230957e+01
2.304842710494995117e+01
2.291262602806091309e+01
