1.328884124755859375e+01
1.327246809005737305e+01
1.276209664344787598e+01
1.279630088806152344e+01
1.284397482872009277e+01
1.280431604385375977e+01
1.277935409545898438e+01
1.281281661987304688e+01
1.278604245185852051e+01
1.286662459373474121e+01
1.282226300239562988e+01
1.281601572036743164e+01
1.283130693435668945e+01
1.279442811012268066e+01
1.287307333946228027e+01
1.279219460487365723e+01
1.285224747657775879e+01
1.283065938949584961e+01
1.279709172248840332e+01
1.280134892463684082e+01
1.280475592613220215e+01
1.284515333175659180e+01
1.280629444122314453e+01
1.283192873001098633e+01
1.283626222610473633e+01
1.285881137847900391e+01
1.278676247596740723e+01
1.281014823913574219e+01
1.283503770828247070e+01
1.281732988357543945e+01
1.284040713310241699e+01
1.280056142807006836e+01
1.284354019165039062e+01
1.282954573631286621e+01
1.284629464149475098e+01
1.285850524902343750e+01
1.295289468765258789e+01
1.282850027084350586e+01
1.284451794624328613e+01
1.288338661193847656e+01
1.278545379638671875e+01
1.283260726928710938e+01
1.287600994110107422e+01
1.288999652862548828e+01
1.291317701339721680e+01
1.281033635139465332e+01
1.291175651550292969e+01
1.281636118888854980e+01
1.283890271186828613e+01
1.283387160301208496e+01
1.284373974800109863e+01
1.296422028541564941e+01
1.281288814544677734e+01
1.280557870864868164e+01
1.281045269966125488e+01
1.281888651847839355e+01
1.283159422874450684e+01
1.280420589447021484e+01
1.281414055824279785e+01
1.286372542381286621e+01
1.283629775047302246e+01
1.280833816528320312e+01
1.289433383941650391e+01
1.279727888107299805e+01
1.283260035514831543e+01
1.287315726280212402e+01
1.282279491424560547e+01
1.279448413848876953e+01
1.282176494598388672e+01
1.279376769065856934e+01
1.288005137443542480e+01
1.281038975715637207e+01
1.279135942459106445e+01
1.282870221138000488e+01
1.286490678787231445e+01
1.286845445632934570e+01
1.279027962684631348e+01
1.282603359222412109e+01
1.284091997146606445e+01
1.281841659545898438e+01
1.281036496162414551e+01
1.281983160972595215e+01
1.280466341972351074e+01
1.285674428939819336e+01
1.283753824234008789e+01
1.283814096450805664e+01
1.281212210655212402e+01
1.282084298133850098e+01
1.281433057785034180e+01
1.285064029693603516e+01
1.282618165016174316e+01
1.283418059349060059e+01
1.279185080528259277e+01
1.282761240005493164e+01
1.284232807159423828e+01
1.278321695327758789e+01
1.279070401191711426e+01
1.281619715690612793e+01
1.280824398994445801e+01
1.283205032348632812e+01
1.281681942939758301e+01
1.282970166206359863e+01
1.282886934280395508e+01
1.281587195396423340e+01
1.281548833847045898e+01
1.283823323249816895e+01
1.280990266799926758e+01
1.282375693321228027e+01
1.281037831306457520e+01
1.280327773094177246e+01
1.284848093986511230e+01
1.278906154632568359e+01
1.291410732269287109e+01
1.284163212776184082e+01
1.286070013046264648e+01
1.284296965599060059e+01
1.285857295989990234e+01
1.282095336914062500e+01
1.295761466026306152e+01
1.281759285926818848e+01
1.283827209472656250e+01
1.282621574401855469e+01
1.286625409126281738e+01
1.282758355140686035e+01
1.284989261627197266e+01
1.283567357063293457e+01
1.283626151084899902e+01
1.281381583213806152e+01
1.289625120162963867e+01
1.287381100654602051e+01
1.281328964233398438e+01
1.287618732452392578e+01
1.278466725349426270e+01
1.283007454872131348e+01
1.287437534332275391e+01
1.284203553199768066e+01
1.286274552345275879e+01
1.281630277633666992e+01
1.283478164672851562e+01
1.281964182853698730e+01
1.282955002784729004e+01
1.283400678634643555e+01
1.278712868690490723e+01
1.283640670776367188e+01
1.285958480834960938e+01
1.281510567665100098e+01
1.281387948989868164e+01
1.285964846611022949e+01
1.288379788398742676e+01
1.285925292968750000e+01
1.287899231910705566e+01
1.280947756767272949e+01
1.283569121360778809e+01
1.283796954154968262e+01
1.284776091575622559e+01
1.283827257156372070e+01
1.285187983512878418e+01
1.282257580757141113e+01
1.278824806213378906e+01
1.288252186775207520e+01
1.286989498138427734e+01
1.285081028938293457e+01
1.286422133445739746e+01
1.285686826705932617e+01
1.282922863960266113e+01
1.283954882621765137e+01
1.285248517990112305e+01
1.282660150527954102e+01
1.283946061134338379e+01
1.284116196632385254e+01
1.283655023574829102e+01
1.280905127525329590e+01
1.286696839332580566e+01
1.281906390190124512e+01
1.283463215827941895e+01
1.281690335273742676e+01
1.282694888114929199e+01
1.286753726005554199e+01
1.285618448257446289e+01
1.282137680053710938e+01
1.283573484420776367e+01
1.282200431823730469e+01
1.281816101074218750e+01
1.279316449165344238e+01
1.280322575569152832e+01
1.280343580245971680e+01
1.281746578216552734e+01
1.281987690925598145e+01
1.286331415176391602e+01
1.279462242126464844e+01
1.281912803649902344e+01
1.283427596092224121e+01
1.284065079689025879e+01
1.282298350334167480e+01
1.287752723693847656e+01
1.281120252609252930e+01
1.279796171188354492e+01
1.279974961280822754e+01
1.278484797477722168e+01
1.278855037689208984e+01
