2.457689240570068545e+00
2.452565041275024615e+00
2.461466339874267550e+00
2.463088403091430845e+00
2.469027705535888462e+00
2.476029964752197277e+00
2.456137506790160963e+00
2.467848836746215913e+00
2.501160429153442166e+00
2.530013389892578068e+00
2.498672107849121193e+00
2.512069288558960167e+00
2.521655471801757642e+00
2.567705317993163927e+00
2.598491147766113230e+00
2.628320735626220817e+00
2.563928689727783095e+00
2.635518529891967887e+00
2.522678088912964078e+00
2.487116178436279412e+00
2.470677102584839080e+00
2.457364149932861341e+00
2.438248071746826007e+00
2.489568090515136500e+00
2.482705446395874205e+00
2.466618204345703003e+00
2.496441372756958099e+00
2.469586256713867112e+00
2.444763444137573405e+00
2.433779773483276454e+00
2.414541001663208064e+00
2.411697086181640692e+00
2.436797693481445481e+00
2.421650342483520291e+00
2.425134762802124033e+00
2.425609516983032066e+00
2.396446115112304653e+00
2.412669068069457801e+00
2.435927081069946265e+00
2.416913814239502134e+00
2.395429367599487325e+00
2.403832237167358610e+00
2.408168581008911069e+00
2.413960151977538882e+00
2.390102478485107262e+00
2.398273078384399515e+00
2.393269898071288981e+00
2.387802394790649263e+00
2.403289611968994155e+00
2.405441004104614144e+00
2.365637107467651212e+00
2.373719692001342807e+00
2.363205468215942240e+00
2.354493742065429718e+00
2.351844494323730661e+00
2.318777200851440234e+00
2.314292448043823391e+00
2.293711948242187493e+00
2.250618984451294047e+00
2.217797869415283341e+00
2.179987895355224747e+00
2.176361374969482565e+00
2.162670260009765588e+00
2.164856354293823060e+00
2.172312970809936683e+00
2.145043008499145643e+00
2.153543111724853354e+00
2.131024309387206994e+00
2.133860575180053676e+00
2.137935337829589777e+00
2.119152644424438403e+00
2.108269712142944119e+00
2.154074018554687608e+00
2.113771960678100470e+00
2.150733138885497997e+00
2.134042107543945299e+00
2.140873500366211157e+00
2.130095840835571241e+00
2.132397686920166180e+00
2.103280366744995078e+00
2.136285071640014799e+00
2.158576345520019313e+00
2.141475155487060356e+00
2.145942562408447163e+00
2.133763136444091657e+00
2.151296631393432524e+00
2.116207198257446187e+00
2.137589975585937552e+00
2.124473640594482404e+00
2.123372825622558580e+00
2.123622898712158147e+00
2.120725680541992286e+00
2.106734760208129664e+00
2.124734821166992305e+00
2.172045149383544871e+00
2.102079974060058642e+00
2.114402167892456053e+00
2.108961270675659083e+00
2.134930293998718476e+00
2.083834261131286780e+00
1.965806316680908106e+00
1.945211502761840849e+00
1.936206314353942970e+00
1.932206455535888656e+00
1.922656765441894455e+00
1.923143646507263105e+00
1.913309489593505885e+00
1.912922901992797797e+00
1.911836550369262699e+00
1.903576072654724172e+00
1.894247479171752957e+00
1.889273205261230437e+00
1.890309209136962876e+00
1.890441130027771033e+00
1.879247643928527722e+00
1.879187747764587302e+00
1.875195951614379908e+00
1.870310689773559520e+00
1.875215711364746074e+00
1.862458528976440375e+00
1.859161371917724681e+00
1.856699034805297854e+00
1.855449878845214950e+00
1.847007429313659577e+00
1.845724743957519509e+00
1.850898518257141134e+00
1.854419944152831956e+00
1.839069393501281846e+00
1.842903592224121034e+00
1.848348843955993637e+00
1.839489743537902733e+00
1.848407425651550362e+00
1.839861395072937000e+00
1.833055789642334066e+00
1.845137681999206469e+00
1.832521771125793508e+00
1.832886408653259247e+00
1.819886841430664148e+00
1.828919441261291468e+00
1.823250312194824252e+00
1.819212581596374445e+00
1.820342595291137622e+00
1.827321711158752526e+00
1.813425682640075642e+00
1.817600916595458971e+00
1.818922372856140113e+00
1.816944417343139717e+00
1.816602788085937448e+00
1.822351566314697191e+00
1.812978657264709526e+00
1.812110681304931692e+00
1.811515414428710891e+00
1.793264838829040420e+00
1.807225008811950584e+00
1.798828139686584393e+00
1.798442298431396580e+00
1.793250061340331936e+00
1.796627511825561463e+00
1.798315582084655695e+00
1.806071137771606550e+00
1.800595934715270907e+00
1.801563376922607373e+00
1.790082487678527734e+00
1.799391507263183643e+00
1.807045553054809517e+00
1.795818459167480396e+00
1.801478088722229032e+00
1.799754986381530752e+00
1.809975809593200591e+00
1.802303885498046876e+00
1.801408553733825579e+00
1.800107283706664951e+00
1.802969344406127883e+00
1.803658943138122472e+00
1.800613550758361825e+00
1.793305780029296859e+00
1.794751637115478582e+00
1.794521500053405827e+00
1.796987554855346669e+00
1.796141079101562399e+00
1.795443715629577719e+00
1.787615740013122512e+00
1.793472419281005870e+00
1.793229697074890217e+00
1.801815305023193314e+00
1.795554181785583570e+00
1.794434755249023405e+00
1.793331732521057154e+00
1.798724719009399342e+00
1.790246431655883708e+00
1.792908249168396084e+00
1.794865841064453127e+00
1.794947012977600176e+00
1.785666861839294350e+00
1.788665966682434050e+00
1.795244087028503355e+00
1.798781784706115827e+00
1.791169788551330466e+00
1.784701440620422463e+00
1.796882285346984798e+00
