4.325673580169677734e-01
6.814393997192382812e-01
4.012973308563232422e-01
4.060382843017578125e-01
3.964383602142333984e-01
4.009253978729248047e-01
3.949806690216064453e-01
4.034378528594970703e-01
3.917500972747802734e-01
4.016990661621093750e-01
3.931322097778320312e-01
3.957433700561523438e-01
4.013473987579345703e-01
3.939976692199707031e-01
4.007093906402587891e-01
3.947949409484863281e-01
4.041442871093750000e-01
3.912472724914550781e-01
3.965594768524169922e-01
3.992004394531250000e-01
3.977060317993164062e-01
4.053721427917480469e-01
3.929014205932617188e-01
4.052834510803222656e-01
3.900911808013916016e-01
4.011893272399902344e-01
3.945767879486083984e-01
3.907105922698974609e-01
4.031562805175781250e-01
3.928389549255371094e-01
4.055523872375488281e-01
3.902995586395263672e-01
4.015533924102783203e-01
3.914232254028320312e-01
3.948235511779785156e-01
4.019243717193603516e-01
3.937091827392578125e-01
4.063220024108886719e-01
3.904004096984863281e-01
4.034342765808105469e-01
3.909587860107421875e-01
3.965444564819335938e-01
4.029788970947265625e-01
3.907029628753662109e-01
4.025051593780517578e-01
3.899223804473876953e-01
4.012055397033691406e-01
3.910431861877441406e-01
4.025585651397705078e-01
3.949186801910400391e-01
3.926723003387451172e-01
4.058313369750976562e-01
3.881092071533203125e-01
4.055600166320800781e-01
3.950462341308593750e-01
4.020640850067138672e-01
3.935389518737792969e-01
3.933644294738769531e-01
4.073626995086669922e-01
3.942465782165527344e-01
4.118337631225585938e-01
3.975670337677001953e-01
3.988142013549804688e-01
3.965463638305664062e-01
3.974502086639404297e-01
4.020395278930664062e-01
3.876311779022216797e-01
4.040055274963378906e-01
3.951039314270019531e-01
4.041986465454101562e-01
3.988502025604248047e-01
4.034361839294433594e-01
3.994560241699218750e-01
3.940274715423583984e-01
4.045116901397705078e-01
3.951842784881591797e-01
4.048552513122558594e-01
3.993532657623291016e-01
4.005448818206787109e-01
3.984487056732177734e-01
4.007096290588378906e-01
3.997755050659179688e-01
3.955469131469726562e-01
4.041662216186523438e-01
3.995456695556640625e-01
4.048070907592773438e-01
4.000225067138671875e-01
3.992519378662109375e-01
3.916850090026855469e-01
4.023532867431640625e-01
4.030404090881347656e-01
3.995029926300048828e-01
3.996942043304443359e-01
4.023027420043945312e-01
4.021511077880859375e-01
3.952414989471435547e-01
3.999841213226318359e-01
3.968827724456787109e-01
3.998091220855712891e-01
4.013447761535644531e-01
4.029083251953125000e-01
4.055471420288085938e-01
3.941702842712402344e-01
4.043507575988769531e-01
3.958137035369873047e-01
3.980081081390380859e-01
4.015588760375976562e-01
3.977210521697998047e-01
4.045324325561523438e-01
3.957667350769042969e-01
4.061386585235595703e-01
3.919596672058105469e-01
4.044144153594970703e-01
3.993372917175292969e-01
4.221634864807128906e-01
4.044554233551025391e-01
3.934400081634521484e-01
4.040136337280273438e-01
3.927674293518066406e-01
4.058842658996582031e-01
3.995246887207031250e-01
3.954563140869140625e-01
4.036085605621337891e-01
3.940026760101318359e-01
4.080402851104736328e-01
3.937947750091552734e-01
3.996245861053466797e-01
3.940365314483642578e-01
3.983571529388427734e-01
4.012806415557861328e-01
3.950541019439697266e-01
4.072403907775878906e-01
3.944349288940429688e-01
4.062724113464355469e-01
3.990697860717773438e-01
3.996815681457519531e-01
3.994781970977783203e-01
3.924133777618408203e-01
4.060130119323730469e-01
3.923990726470947266e-01
4.050767421722412109e-01
3.948071002960205078e-01
4.049141407012939453e-01
4.035301208496093750e-01
3.937861919403076172e-01
4.072544574737548828e-01
3.930993080139160156e-01
4.043719768524169922e-01
3.927412033081054688e-01
4.006724357604980469e-01
4.008095264434814453e-01
3.969209194183349609e-01
4.050021171569824219e-01
3.924834728240966797e-01
4.083273410797119141e-01
3.940291404724121094e-01
4.031276702880859375e-01
3.972301483154296875e-01
3.961837291717529297e-01
4.024591445922851562e-01
3.949110507965087891e-01
4.044661521911621094e-01
3.933954238891601562e-01
4.017968177795410156e-01
4.018244743347167969e-01
4.010405540466308594e-01
4.042756557464599609e-01
3.954355716705322266e-01
4.059939384460449219e-01
3.931345939636230469e-01
4.048006534576416016e-01
3.989808559417724609e-01
3.981842994689941406e-01
4.027020931243896484e-01
3.941698074340820312e-01
4.001798629760742188e-01
3.913385868072509766e-01
4.029593467712402344e-01
3.936364650726318359e-01
4.028389453887939453e-01
3.954493999481201172e-01
3.946583271026611328e-01
3.990507125854492188e-01
3.992617130279541016e-01
3.995447158813476562e-01
3.961179256439208984e-01
4.020044803619384766e-01
3.956472873687744141e-01
3.976960182189941406e-01
4.002988338470458984e-01
4.003853797912597656e-01
4.034872055053710938e-01
3.975477218627929688e-01
3.994734287261962891e-01
3.952593803405761719e-01
4.049382209777832031e-01
3.992726802825927734e-01
3.974361419677734375e-01
3.963286876678466797e-01
4.011845588684082031e-01
