2.461699416961669939e+00
2.469273376388549934e+00
2.462365933074951219e+00
2.516874895095825071e+00
2.555351182403564625e+00
2.483588587265014525e+00
2.547989210968017559e+00
2.512806851272582964e+00
2.510498204345703144e+00
2.519844309158325135e+00
2.558848703079223519e+00
2.444331055374145301e+00
2.480281047821045082e+00
2.476260822753906243e+00
2.456448079452514754e+00
2.504894149475097809e+00
2.517965414047241168e+00
2.487717458724975739e+00
2.585480364990234481e+00
2.569293004913330236e+00
2.508306935958862116e+00
2.598369630203246849e+00
2.528680271606445373e+00
2.558039217376709029e+00
2.519681921920776446e+00
2.450909113464355471e+00
2.490850055923461870e+00
2.416045687789917018e+00
2.461125951538086110e+00
2.466861475982665919e+00
2.427080962600708158e+00
2.423248569412231657e+00
2.427974763870239361e+00
2.402348486022949370e+00
2.445484977111816338e+00
2.459060872573852752e+00
2.467946097717285348e+00
2.429170026473999044e+00
2.397750013046264783e+00
2.387686419067382992e+00
2.396934832305908092e+00
2.408950115737915176e+00
2.369134463424682480e+00
2.347518550415038874e+00
2.312942930145263531e+00
2.271204335021972831e+00
2.242742355728149395e+00
2.241550633926391534e+00
2.242014579315185330e+00
2.226899492416381854e+00
2.240238429412841903e+00
2.207040754547119121e+00
2.176731386184692418e+00
2.230508032073974523e+00
2.192109352340698258e+00
2.225523737716674777e+00
2.205901992492675934e+00
2.174516320419311644e+00
2.222847239074706938e+00
2.191334770050048952e+00
2.192690065460205062e+00
2.209067700805664280e+00
2.160310374069213779e+00
2.176575303192138655e+00
2.184903977127075070e+00
2.157202814178466710e+00
2.201648589401245193e+00
2.196037978286743186e+00
2.182237426681518766e+00
2.181476210784912162e+00
2.175184763793945208e+00
2.182702425003051783e+00
2.163118841476440402e+00
2.169106982498168801e+00
2.182062051239013645e+00
2.164902819442748871e+00
2.162873123092651451e+00
2.163561151199340671e+00
2.155657023963928332e+00
2.178612413711547902e+00
2.107147214736938334e+00
2.167948896255493363e+00
2.157796757926941034e+00
2.141602875442504939e+00
2.130010444564819139e+00
2.154522922210693192e+00
2.151382333297729321e+00
2.137951436996460064e+00
2.164173237991333210e+00
2.155134365768432758e+00
2.161385641403198221e+00
2.147515528640747018e+00
2.163327959594726568e+00
2.133916638183593673e+00
2.160475217056274211e+00
2.125111910705566487e+00
2.164949807662964076e+00
2.143409586029052516e+00
2.160997303924560686e+00
2.185775578994750834e+00
2.027807672576904086e+00
2.013324894561767664e+00
2.009090202865600805e+00
1.994964194412231384e+00
1.987408312759399331e+00
1.980049908065795838e+00
1.983509510955810518e+00
1.983372911643981995e+00
1.974028070755004860e+00
1.961605064964294431e+00
1.966060937423706134e+00
1.960480490722656288e+00
1.957255219268798863e+00
1.964088278961181544e+00
1.959996156311035076e+00
1.954528178558349705e+00
1.957502321166992187e+00
1.956781220741272032e+00
1.950885244102477989e+00
1.948121570510864320e+00
1.951053537521362236e+00
1.949452218704223583e+00
1.948080133438110373e+00
1.949536408348083505e+00
1.950630643463134861e+00
1.951427462615966890e+00
1.951598464202880967e+00
1.942895903015136705e+00
1.951470258750915621e+00
1.942909890136718776e+00
1.950074680213928158e+00
1.946312478332519635e+00
1.953535833396911725e+00
1.954197886657714767e+00
1.944867359809875573e+00
1.955546949539184620e+00
1.948294494781494191e+00
1.943536683387756314e+00
1.940420669326782255e+00
1.944812075462341250e+00
1.954901443634033287e+00
1.947452840728759682e+00
1.948485791854858373e+00
1.945314980850219699e+00
1.941154788208007798e+00
1.933078008651733404e+00
1.938557822074890247e+00
1.936049792747497555e+00
1.934191650505065807e+00
1.920483147087097109e+00
1.924350558013915968e+00
1.917842082481384214e+00
1.927239204177856546e+00
1.919187340126037533e+00
1.923735149154663038e+00
1.927402526969909768e+00
1.921884777297973690e+00
1.928166806869506811e+00
1.933863010368347179e+00
1.926197658424377401e+00
1.925778854980468857e+00
1.917508924903869705e+00
1.921720079421997074e+00
1.921114426651000961e+00
1.920687627258300889e+00
1.919731729354858363e+00
1.910144033393859964e+00
1.918233952598571879e+00
1.913804171829223577e+00
1.930613213729858391e+00
1.926545527648925837e+00
1.924100263290405177e+00
1.916609471282958888e+00
1.923270204696655217e+00
1.917846012802123967e+00
1.927786754531860325e+00
1.923703496475219765e+00
1.932547039871215899e+00
1.911482254028320282e+00
1.921625800857543975e+00
1.918873982086181540e+00
1.928701756896972652e+00
1.923983486061096260e+00
1.918816414108276414e+00
1.917514640083312960e+00
1.923851307067871108e+00
1.929437546463012687e+00
1.943309870262146077e+00
1.923007632675170830e+00
1.925750506401062045e+00
1.932308009071350030e+00
1.911687735671997013e+00
1.920124720802307117e+00
1.927336876068115323e+00
1.919848890914916950e+00
1.916383763313293409e+00
1.922365252609252950e+00
1.932139965744018584e+00
1.918052388916015705e+00
1.920752737922668540e+00
