1.316530799865722656e+01
1.290553998947143555e+01
1.264531493186950684e+01
1.258670926094055176e+01
1.260260701179504395e+01
1.267052936553955078e+01
1.257730031013488770e+01
1.264980578422546387e+01
1.261819982528686523e+01
1.258806943893432617e+01
1.258809971809387207e+01
1.264244723320007324e+01
1.261640477180480957e+01
1.260806870460510254e+01
1.260243916511535645e+01
1.258899259567260742e+01
1.266159582138061523e+01
1.262030887603759766e+01
1.264925909042358398e+01
1.260178637504577637e+01
1.267270302772521973e+01
1.264018893241882324e+01
1.262882471084594727e+01
1.268906283378601074e+01
1.259114909172058105e+01
1.263426589965820312e+01
1.260028195381164551e+01
1.265562725067138672e+01
1.267809796333312988e+01
1.258546018600463867e+01
1.260925769805908203e+01
1.265592575073242188e+01
1.266502785682678223e+01
1.262315368652343750e+01
1.258159184455871582e+01
1.265575838088989258e+01
1.264907264709472656e+01
1.265320158004760742e+01
1.261590409278869629e+01
1.271866655349731445e+01
1.267744851112365723e+01
1.260146880149841309e+01
1.265703463554382324e+01
1.256056141853332520e+01
1.269234132766723633e+01
1.260049247741699219e+01
1.265750217437744141e+01
1.260194611549377441e+01
1.269756650924682617e+01
1.257980203628540039e+01
1.257999300956726074e+01
1.260271716117858887e+01
1.264740276336669922e+01
1.264976787567138672e+01
1.263135433197021484e+01
1.261023139953613281e+01
1.260067486763000488e+01
1.262013411521911621e+01
1.264656662940979004e+01
1.266280794143676758e+01
1.263701796531677246e+01
1.260735702514648438e+01
1.261480689048767090e+01
1.259119296073913574e+01
1.263551592826843262e+01
1.262065482139587402e+01
1.259717750549316406e+01
1.259037256240844727e+01
1.260236167907714844e+01
1.267998313903808594e+01
1.259396839141845703e+01
1.262872672080993652e+01
1.261757349967956543e+01
1.260212707519531250e+01
1.265176868438720703e+01
1.264320087432861328e+01
1.260728502273559570e+01
1.269275045394897461e+01
1.258247709274291992e+01
1.274209880828857422e+01
1.262444782257080078e+01
1.263178777694702148e+01
1.260186433792114258e+01
1.265605640411376953e+01
1.263639974594116211e+01
1.261729240417480469e+01
1.259697365760803223e+01
1.258131504058837891e+01
1.259030032157897949e+01
1.266973114013671875e+01
1.265637564659118652e+01
1.269679903984069824e+01
1.261144423484802246e+01
1.261012291908264160e+01
1.264563035964965820e+01
1.259562397003173828e+01
1.260549163818359375e+01
1.258984279632568359e+01
1.265982007980346680e+01
1.259074759483337402e+01
1.262247705459594727e+01
1.263176918029785156e+01
1.262510776519775391e+01
1.262281823158264160e+01
1.260762524604797363e+01
1.262750053405761719e+01
1.259839367866516113e+01
1.259534645080566406e+01
1.262279772758483887e+01
1.257190585136413574e+01
1.261483573913574219e+01
1.262892389297485352e+01
1.258630299568176270e+01
1.263680744171142578e+01
1.266782426834106445e+01
1.264730072021484375e+01
1.259876132011413574e+01
1.264137339591979980e+01
1.271269893646240234e+01
1.267111229896545410e+01
1.259215545654296875e+01
1.261966013908386230e+01
1.260426473617553711e+01
1.263371968269348145e+01
1.262510251998901367e+01
1.263420510292053223e+01
1.265634036064147949e+01
1.263629174232482910e+01
1.266103100776672363e+01
1.259186077117919922e+01
1.258708739280700684e+01
1.268734955787658691e+01
1.261897277832031250e+01
1.281076741218566895e+01
1.265440154075622559e+01
1.257913923263549805e+01
1.260795569419860840e+01
1.257599186897277832e+01
1.268762350082397461e+01
1.264730119705200195e+01
1.264684677124023438e+01
1.266624021530151367e+01
1.261292910575866699e+01
1.261053895950317383e+01
1.265071177482604980e+01
1.258129787445068359e+01
1.261284661293029785e+01
1.259770941734313965e+01
1.259606719017028809e+01
1.266621899604797363e+01
1.265133190155029297e+01
1.265558743476867676e+01
1.260483694076538086e+01
1.263114190101623535e+01
1.258586931228637695e+01
1.266291689872741699e+01
1.262205028533935547e+01
1.258056282997131348e+01
1.259530115127563477e+01
1.260584807395935059e+01
1.262932467460632324e+01
1.265082836151123047e+01
1.262541580200195312e+01
1.272319936752319336e+01
1.263405227661132812e+01
1.264239597320556641e+01
1.263471531867980957e+01
1.258122110366821289e+01
1.261243271827697754e+01
1.260039734840393066e+01
1.269784426689147949e+01
1.264159178733825684e+01
1.264706516265869141e+01
1.260828447341918945e+01
1.268831586837768555e+01
1.274117088317871094e+01
1.268395233154296875e+01
1.262223005294799805e+01
1.265295910835266113e+01
1.262824726104736328e+01
1.261909675598144531e+01
1.264048528671264648e+01
1.264421677589416504e+01
1.261522293090820312e+01
1.263139104843139648e+01
1.256151604652404785e+01
1.276473069190979004e+01
1.275751113891601562e+01
1.262505221366882324e+01
1.258701896667480469e+01
1.265953111648559570e+01
1.269710183143615723e+01
1.267052507400512695e+01
1.268776082992553711e+01
1.269490170478820801e+01
1.265889906883239746e+01
1.263941097259521484e+01
1.263885307312011719e+01
1.259827947616577148e+01
1.266780924797058105e+01
