1.325339961051940918e+01
1.295210671424865723e+01
1.260510253906250000e+01
1.271166658401489258e+01
1.261678481101989746e+01
1.261924481391906738e+01
1.262930917739868164e+01
1.264707422256469727e+01
1.267884659767150879e+01
1.270158600807189941e+01
1.265054059028625488e+01
1.262873506546020508e+01
1.264929747581481934e+01
1.263709759712219238e+01
1.267552852630615234e+01
1.266012310981750488e+01
1.266194534301757812e+01
1.264565730094909668e+01
1.263213253021240234e+01
1.268226623535156250e+01
1.264343380928039551e+01
1.261426377296447754e+01
1.262137413024902344e+01
1.263132286071777344e+01
1.264463138580322266e+01
1.266553044319152832e+01
1.262542533874511719e+01
1.263575029373168945e+01
1.267566919326782227e+01
1.263822746276855469e+01
1.266642165184020996e+01
1.266222596168518066e+01
1.261673021316528320e+01
1.262596678733825684e+01
1.265086984634399414e+01
1.261543774604797363e+01
1.264157104492187500e+01
1.261281323432922363e+01
1.261359429359436035e+01
1.264417219161987305e+01
1.261738514900207520e+01
1.264531350135803223e+01
1.273080921173095703e+01
1.267690157890319824e+01
1.260137319564819336e+01
1.268759584426879883e+01
1.264333415031433105e+01
1.266058945655822754e+01
1.267344689369201660e+01
1.264710569381713867e+01
1.266161656379699707e+01
1.269782114028930664e+01
1.264615583419799805e+01
1.264139771461486816e+01
1.263339066505432129e+01
1.268124175071716309e+01
1.265677690505981445e+01
1.260842466354370117e+01
1.265257978439331055e+01
1.262829899787902832e+01
1.265483927726745605e+01
1.265813136100769043e+01
1.265779137611389160e+01
1.266915583610534668e+01
1.266049575805664062e+01
1.262354326248168945e+01
1.265763950347900391e+01
1.270674252510070801e+01
1.266391587257385254e+01
1.262557911872863770e+01
1.270272636413574219e+01
1.273560476303100586e+01
1.268386983871459961e+01
1.262386894226074219e+01
1.264900183677673340e+01
1.259821534156799316e+01
1.267650508880615234e+01
1.262771940231323242e+01
1.268185544013977051e+01
1.269226694107055664e+01
1.265208792686462402e+01
1.266100144386291504e+01
1.269659900665283203e+01
1.263278341293334961e+01
1.263443040847778320e+01
1.264615488052368164e+01
1.265912032127380371e+01
1.266982769966125488e+01
1.264829945564270020e+01
1.261755061149597168e+01
1.266201806068420410e+01
1.267296314239501953e+01
1.263000488281250000e+01
1.268773412704467773e+01
1.260445284843444824e+01
1.263464045524597168e+01
1.261064600944519043e+01
1.275561046600341797e+01
1.261294102668762207e+01
1.265168499946594238e+01
1.274223256111145020e+01
1.267541956901550293e+01
1.261729788780212402e+01
1.267129945755004883e+01
1.265009784698486328e+01
1.262864303588867188e+01
1.271947288513183594e+01
1.267516040802001953e+01
1.265673565864562988e+01
1.270080852508544922e+01
1.266443276405334473e+01
1.266164684295654297e+01
1.266304206848144531e+01
1.265979385375976562e+01
1.267810821533203125e+01
1.263979935646057129e+01
1.264085507392883301e+01
1.261560463905334473e+01
1.264668869972229004e+01
1.266530060768127441e+01
1.270376992225646973e+01
1.263345170021057129e+01
1.267069983482360840e+01
1.262342357635498047e+01
1.267580199241638184e+01
1.265561199188232422e+01
1.263705396652221680e+01
1.262187957763671875e+01
1.267001676559448242e+01
1.265874361991882324e+01
1.266170907020568848e+01
1.266700839996337891e+01
1.262872433662414551e+01
1.265206050872802734e+01
1.264082050323486328e+01
1.266043663024902344e+01
1.267950987815856934e+01
1.270585107803344727e+01
1.263672947883605957e+01
1.261163902282714844e+01
1.264662909507751465e+01
1.262635970115661621e+01
1.265294170379638672e+01
1.268058800697326660e+01
1.263900089263916016e+01
1.266008019447326660e+01
1.263240337371826172e+01
1.262761545181274414e+01
1.263130736351013184e+01
1.266044378280639648e+01
1.263992881774902344e+01
1.261414813995361328e+01
1.266528391838073730e+01
1.262940764427185059e+01
1.266347575187683105e+01
1.265198850631713867e+01
1.264600515365600586e+01
1.264648461341857910e+01
1.264906120300292969e+01
1.267122435569763184e+01
1.263315844535827637e+01
1.277657604217529297e+01
1.263205575942993164e+01
1.263567328453063965e+01
1.266057968139648438e+01
1.260551714897155762e+01
1.265379357337951660e+01
1.270299172401428223e+01
1.263780546188354492e+01
1.261475110054016113e+01
1.264898276329040527e+01
1.266351723670959473e+01
1.267879033088684082e+01
1.262617564201354980e+01
1.262592959403991699e+01
1.264917874336242676e+01
1.262700581550598145e+01
1.264589524269104004e+01
1.261861848831176758e+01
1.264341688156127930e+01
1.265561604499816895e+01
1.271206760406494141e+01
1.269051861763000488e+01
1.264207124710083008e+01
1.266095423698425293e+01
1.266606593132019043e+01
1.264185833930969238e+01
1.264394831657409668e+01
1.262398099899291992e+01
1.267036151885986328e+01
1.263215517997741699e+01
1.265986680984497070e+01
1.259292316436767578e+01
1.261536264419555664e+01
1.263374567031860352e+01
1.266058278083801270e+01
1.267022895812988281e+01
1.262793016433715820e+01
1.264096951484680176e+01
1.261047267913818359e+01
