1.282083225250244141e+01
1.227066731452941895e+01
1.220380520820617676e+01
1.230562829971313477e+01
1.222034645080566406e+01
1.221831941604614258e+01
1.223432850837707520e+01
1.224363636970520020e+01
1.228709650039672852e+01
1.229988694190979004e+01
1.225740838050842285e+01
1.223299169540405273e+01
1.224795007705688477e+01
1.224309992790222168e+01
1.227481913566589355e+01
1.226532816886901855e+01
1.225780105590820312e+01
1.225441002845764160e+01
1.223557305335998535e+01
1.228306579589843750e+01
1.224572777748107910e+01
1.220889163017272949e+01
1.222847270965576172e+01
1.222603940963745117e+01
1.225454020500183105e+01
1.226434111595153809e+01
1.223084855079650879e+01
1.224503970146179199e+01
1.227251291275024414e+01
1.224538850784301758e+01
1.226086926460266113e+01
1.227192640304565430e+01
1.221517682075500488e+01
1.223454356193542480e+01
1.225604629516601562e+01
1.221351337432861328e+01
1.224786186218261719e+01
1.220649123191833496e+01
1.222319388389587402e+01
1.224073791503906250e+01
1.222642636299133301e+01
1.224876904487609863e+01
1.232783031463623047e+01
1.228619861602783203e+01
1.219886803627014160e+01
1.229767346382141113e+01
1.224212861061096191e+01
1.226954627037048340e+01
1.227088832855224609e+01
1.225218701362609863e+01
1.226894426345825195e+01
1.229198980331420898e+01
1.225804662704467773e+01
1.223583769798278809e+01
1.223834443092346191e+01
1.227917766571044922e+01
1.226323795318603516e+01
1.221506023406982422e+01
1.224521708488464355e+01
1.223405241966247559e+01
1.224300551414489746e+01
1.226056432723999023e+01
1.225897717475891113e+01
1.227260947227478027e+01
1.226304554939270020e+01
1.222150373458862305e+01
1.227000832557678223e+01
1.230273699760437012e+01
1.226881194114685059e+01
1.222138047218322754e+01
1.230387616157531738e+01
1.233216857910156250e+01
1.228441381454467773e+01
1.222984147071838379e+01
1.224449014663696289e+01
1.220303106307983398e+01
1.227164983749389648e+01
1.222836613655090332e+01
1.228131055831909180e+01
1.229381823539733887e+01
1.225137829780578613e+01
1.226122593879699707e+01
1.230105209350585938e+01
1.222861719131469727e+01
1.223488473892211914e+01
1.224134778976440430e+01
1.225909781455993652e+01
1.227057576179504395e+01
1.225661444664001465e+01
1.221519732475280762e+01
1.225897765159606934e+01
1.227346014976501465e+01
1.223031067848205566e+01
1.228543138504028320e+01
1.220230174064636230e+01
1.223939895629882812e+01
1.221066188812255859e+01
1.235872769355773926e+01
1.221313190460205078e+01
1.225034022331237793e+01
1.233932423591613770e+01
1.226987242698669434e+01
1.222312760353088379e+01
1.226694869995117188e+01
1.225428414344787598e+01
1.223063492774963379e+01
1.231791400909423828e+01
1.227743935585021973e+01
1.225220322608947754e+01
1.230504179000854492e+01
1.225829410552978516e+01
1.226968717575073242e+01
1.225862765312194824e+01
1.226045656204223633e+01
1.225594472885131836e+01
1.223534393310546875e+01
1.224741506576538086e+01
1.221159100532531738e+01
1.225392127037048340e+01
1.225941634178161621e+01
1.230424523353576660e+01
1.223799538612365723e+01
1.226709127426147461e+01
1.222942090034484863e+01
1.226776170730590820e+01
1.226181721687316895e+01
1.223742938041687012e+01
1.222784304618835449e+01
1.227165961265563965e+01
1.225746297836303711e+01
1.226665496826171875e+01
1.225976800918579102e+01
1.223428940773010254e+01
1.224578809738159180e+01
1.224175071716308594e+01
1.226075506210327148e+01
1.228003168106079102e+01
1.231343770027160645e+01
1.223071646690368652e+01
1.221923995018005371e+01
1.224155235290527344e+01
1.223155260086059570e+01
1.224802756309509277e+01
1.227705788612365723e+01
1.224521470069885254e+01
1.225282573699951172e+01
1.223930406570434570e+01
1.222324347496032715e+01
1.223856616020202637e+01
1.225977134704589844e+01
1.223911929130554199e+01
1.221722722053527832e+01
1.226028180122375488e+01
1.223692417144775391e+01
1.225514841079711914e+01
1.225795936584472656e+01
1.224287748336791992e+01
1.224925446510314941e+01
1.225287747383117676e+01
1.226876521110534668e+01
1.223824739456176758e+01
1.237210988998413086e+01
1.223866033554077148e+01
1.223387646675109863e+01
1.225875520706176758e+01
1.220447659492492676e+01
1.224951791763305664e+01
1.230755615234375000e+01
1.223181152343750000e+01
1.222161650657653809e+01
1.224418210983276367e+01
1.226453638076782227e+01
1.228060603141784668e+01
1.222347354888916016e+01
1.223175978660583496e+01
1.224899888038635254e+01
1.223566722869873047e+01
1.224293589591979980e+01
1.222498202323913574e+01
1.224057793617248535e+01
1.226016664505004883e+01
1.231740927696228027e+01
1.229146790504455566e+01
1.224280953407287598e+01
1.226140952110290527e+01
1.226994800567626953e+01
1.223985385894775391e+01
1.224830102920532227e+01
1.222628498077392578e+01
1.227006268501281738e+01
1.223176980018615723e+01
1.225637960433959961e+01
1.219537544250488281e+01
1.221588921546936035e+01
1.223848628997802734e+01
1.225564455986022949e+01
1.227095627784729004e+01
1.223049402236938477e+01
1.224464082717895508e+01
1.220928812026977539e+01
