1.054400000244140578e+01
9.743999999389648892e+00
9.392000002441406536e+00
1.068799999954223701e+01
9.727999999389648877e+00
9.568000002441406693e+00
1.028799999954223665e+01
1.047999999954223682e+01
1.009599999969482376e+01
1.020799999969482386e+01
9.519999999542235969e+00
9.935999999084472734e+00
1.078400000183105512e+01
9.263999999542235742e+00
9.535999999847412312e+00
1.036799999908447312e+01
1.041599999908447316e+01
1.035199999938964766e+01
1.004800000244140712e+01
1.019199999938964929e+01
1.031999999969482396e+01
1.070399999572753913e+01
1.025600000244140553e+01
1.060799999954223694e+01
9.887999995727538405e+00
1.027199999954223664e+01
1.006399999954223645e+01
1.075199999572753917e+01
1.129599999938964849e+01
1.075199999938964801e+01
1.051199999938964780e+01
1.150399999877929602e+01
1.203200000244140710e+01
1.167999999908447251e+01
1.182399999877929631e+01
1.321600000244140638e+01
1.412799999908447290e+01
1.360000000244140672e+01
1.462399999572753906e+01
1.481599999877929719e+01
1.435199999908447310e+01
1.497599999954223549e+01
1.524799999908447212e+01
1.542399999999999949e+01
1.659199999938964964e+01
1.536000000183105385e+01
1.614399999908447114e+01
1.619199999816894575e+01
1.603199999511718588e+01
1.587199999908447268e+01
1.592000000183105435e+01
1.620800000183105638e+01
1.596799999572753848e+01
1.708800000183105539e+01
1.684800000183105340e+01
1.649599999938964956e+01
1.687999999511718840e+01
1.723200000488281347e+01
1.679999999877929540e+01
1.606399999877929829e+01
1.622400000183105462e+01
1.664000000183105499e+01
1.611199999572754038e+01
1.639999999999999858e+01
1.700800000244140620e+01
1.723200000183105374e+01
1.755199999511718900e+01
1.670399999511718647e+01
1.703999999877929739e+01
1.675199999572753740e+01
1.651199999816894604e+01
1.688000000244140608e+01
1.755199999511718900e+01
1.643199999938964950e+01
1.670399999908447342e+01
1.753599999511718721e+01
1.803199999877929827e+01
1.703999999572753765e+01
1.795199999877929642e+01
1.750399999511718718e+01
1.748799999908447234e+01
1.759999999877929611e+01
1.759999999908447421e+01
1.761599999938964700e+01
1.846400000183105305e+01
1.731199999877929585e+01
1.779200000183105601e+01
1.784000000488281401e+01
1.823999998779297016e+01
1.655999999938964962e+01
1.793599999877929818e+01
1.779199999938964893e+01
1.721599999908447387e+01
1.662399999954223517e+01
1.724800000488281171e+01
1.758400000488281378e+01
1.808000000183105627e+01
1.665599999908447160e+01
1.811200000488281248e+01
1.843199999954223500e+01
2.060799999511718639e+01
2.094399999877929730e+01
2.105599999877929562e+01
2.166399999511718732e+01
2.175999999511718741e+01
2.265599999511718821e+01
2.211200000183105630e+01
2.312000000488281160e+01
2.255999999908447151e+01
2.334399999938964854e+01
2.295999999877929554e+01
2.387199999511718573e+01
2.409600000122070185e+01
2.355199999511718900e+01
2.407999999572754035e+01
2.334400000488281179e+01
2.423999999816894402e+01
2.436800000488281270e+01
2.419199999877929841e+01
2.491199999877929727e+01
2.521599999877929577e+01
2.462399999816894436e+01
2.452800000183105311e+01
2.475200000122070421e+01
2.428799999816894584e+01
2.528000000244140466e+01
2.503999999511718855e+01
2.496000000183105527e+01
2.612799999816894569e+01
2.491199999572753754e+01
2.526400000488281350e+01
2.545599999511718892e+01
2.600000000488281415e+01
2.580800000183105425e+01
2.696000000732421853e+01
2.558399999877929787e+01
2.671999999816894444e+01
2.684799999816894456e+01
2.681600000122070426e+01
2.747199999816894689e+01
2.702400000183105533e+01
2.809600000183105450e+01
2.694399999908447185e+01
2.753599999511718721e+01
2.695999999511718670e+01
2.760000000183105584e+01
2.790399998779296808e+01
2.771199999511718914e+01
2.750399999877929602e+01
2.820799999938964930e+01
2.992000000488281231e+01
2.827200000183105644e+01
2.897599999511718849e+01
2.838399999145507735e+01
2.934400000122070296e+01
3.030399998779297022e+01
2.943999999145507829e+01
2.892800000488281142e+01
2.951999999816894515e+01
2.976000000732421924e+01
2.932799999511718880e+01
3.035200000976562507e+01
2.924799999816894669e+01
2.998400000488281236e+01
2.971200000122070151e+01
2.891199999511718843e+01
2.972800000976562629e+01
2.950400000488281194e+01
2.945599998779296769e+01
2.899199999389648497e+01
2.993599999145507695e+01
3.023999999816894402e+01
3.017600000366211077e+01
3.022399999145507721e+01
2.934399999572753970e+01
2.924799999816894669e+01
2.972799999816894356e+01
2.915200000122070279e+01
2.980800000732421751e+01
3.016000000122070190e+01
3.020799999511718781e+01
2.897599999145507965e+01
3.023999999755859491e+01
2.985599998779296982e+01
2.945599999816894510e+01
2.972799999816894356e+01
2.991999999511718755e+01
3.011199999511718772e+01
3.062400000122070409e+01
3.003200000732421771e+01
3.001599999145507880e+01
3.049599998779297039e+01
3.062399998779297050e+01
3.027200000122070378e+01
3.067200000122070236e+01
3.076799999816894626e+01
3.011200000183105630e+01
2.980799999816894541e+01
3.115200000732421870e+01
3.063999999816894615e+01
