2.462386757278442584e+00
2.441368914108276389e+00
2.460766769790649455e+00
2.523526819534301691e+00
2.567567163772582983e+00
2.487082735824584834e+00
2.579448973999023398e+00
2.520372477035522252e+00
2.496732258224487300e+00
2.500322123260497964e+00
2.550504294662475413e+00
2.463940132827758589e+00
2.472018041534423727e+00
2.480940044555663970e+00
2.473315238647460834e+00
2.517105308990478463e+00
2.533127857131958205e+00
2.480172568664550603e+00
2.579632272872924847e+00
2.598280700073241967e+00
2.524289024887084842e+00
2.566606550140380971e+00
2.555903185729980542e+00
2.554511887054443431e+00
2.522395496292114458e+00
2.459634522247314603e+00
2.469242956161498803e+00
2.433184497222900422e+00
2.458020944595336932e+00
2.444144157638549864e+00
2.427567281417846612e+00
2.429699842681884547e+00
2.443817027664184405e+00
2.419693170700073281e+00
2.450012569122314243e+00
2.461635787734985481e+00
2.469688115081787316e+00
2.428911694259643372e+00
2.421061912307739039e+00
2.393046864624023495e+00
2.402344856262207173e+00
2.387092631072997850e+00
2.358671209259033397e+00
2.343834350433349645e+00
2.296441714782714971e+00
2.279336355972290118e+00
2.226918990936279208e+00
2.265009777603149477e+00
2.222221001510620297e+00
2.215319123764038167e+00
2.239917122421264839e+00
2.178730232849121151e+00
2.187471212844848800e+00
2.232361788024902260e+00
2.194703038635253733e+00
2.224199899368286104e+00
2.212959314727783067e+00
2.159047397537231294e+00
2.213370855903625589e+00
2.175233574905395706e+00
2.212110807571411097e+00
2.184689483985900793e+00
2.177157386016845830e+00
2.186100659942626923e+00
2.185012189483642508e+00
2.158285088729858359e+00
2.198271190567016475e+00
2.163302627410888856e+00
2.164839802856445505e+00
2.164384332275390843e+00
2.169421962852478014e+00
2.163484363136291666e+00
2.147860242309570289e+00
2.156651839408874505e+00
2.173325268630981633e+00
2.151559989776611115e+00
2.143879105987549050e+00
2.136980675125121909e+00
2.123186361923217635e+00
2.155429111175537038e+00
2.126541864852905306e+00
2.139522623825073300e+00
2.152131699829101574e+00
2.168414883270263882e+00
2.136499748229980344e+00
2.153581724777221762e+00
2.153419130096435374e+00
2.138668868103027254e+00
2.163782844390869098e+00
2.145219275016784888e+00
2.183471963195800836e+00
2.133746923446655064e+00
2.157753562316894413e+00
2.119937859115600620e+00
2.166829914398193502e+00
2.136829359893798852e+00
2.175754607772827143e+00
2.148101853561401153e+00
2.141237025909423775e+00
2.165342222442626863e+00
2.020072585105896046e+00
1.999695247993469316e+00
1.986656559944152800e+00
1.983457654724121166e+00
1.972808756866455182e+00
1.969979469108581460e+00
1.957844913482666094e+00
1.959258243408203093e+00
1.954158020935058637e+00
1.948017252578735370e+00
1.939765195693969657e+00
1.942212639846801814e+00
1.939564362869262704e+00
1.939141110534667867e+00
1.938476763763427702e+00
1.929911137390136755e+00
1.929964585304260183e+00
1.927336308250427344e+00
1.918252934379577557e+00
1.922128848953247093e+00
1.915407996788024869e+00
1.918625623435974203e+00
1.916073980865478532e+00
1.911665817527770983e+00
1.914899712982177649e+00
1.913342281608581441e+00
1.916976639175415054e+00
1.917686585845947311e+00
1.912566273956298746e+00
1.908374285202026455e+00
1.913674839897155699e+00
1.909530823287963974e+00
1.920459661827087494e+00
1.912906628341674908e+00
1.907154982299804624e+00
1.916581381607055601e+00
1.909406624565124444e+00
1.912772897720336873e+00
1.908076294136047402e+00
1.902023215332031336e+00
1.909237941780090431e+00
1.903718596115112405e+00
1.905468219032287580e+00
1.903426647567749042e+00
1.904522414932251051e+00
1.899025298385620175e+00
1.898675733985900838e+00
1.886817629203796365e+00
1.882517351226806746e+00
1.895657452850341818e+00
1.876237847671508696e+00
1.892028941268920850e+00
1.886069979400634811e+00
1.891058357276916402e+00
1.880079661483764708e+00
1.891706736831665125e+00
1.892221420555114664e+00
1.891494449424743651e+00
1.896004879379272534e+00
1.886255219802856375e+00
1.884462193069458058e+00
1.900093509483337328e+00
1.895668484420776290e+00
1.893425261344909627e+00
1.885687880706787167e+00
1.880810637435913035e+00
1.888797046737670904e+00
1.874825999755859396e+00
1.881381148872375508e+00
1.883483431205749570e+00
1.882497225799560470e+00
1.886334429702758886e+00
1.886245717544555722e+00
1.888289182586669890e+00
1.890101524429321334e+00
1.889044762840270897e+00
1.886753475952148484e+00
1.877571617355346723e+00
1.886451048355102467e+00
1.869012915115356499e+00
1.893575524520874076e+00
1.901774065551757875e+00
1.893346796836852919e+00
1.887076082496643048e+00
1.882518503150939937e+00
1.873045142936706542e+00
1.884199164962768513e+00
1.892262771110534647e+00
1.890515152206420968e+00
1.885402689971923840e+00
1.884363049201965401e+00
1.879741186866760172e+00
1.883452397575378523e+00
1.893953631515503000e+00
1.869250000534057543e+00
1.887472663345336921e+00
1.884753115577697757e+00
1.882013302459716764e+00
1.881541114578247020e+00
1.879766231918335029e+00
