1.325616884231567383e+01
1.291269302368164062e+01
1.256511282920837402e+01
1.266109657287597656e+01
1.258548021316528320e+01
1.259835577011108398e+01
1.264274287223815918e+01
1.259741497039794922e+01
1.271885633468627930e+01
1.264429473876953125e+01
1.259740781784057617e+01
1.268326926231384277e+01
1.259561967849731445e+01
1.260747480392456055e+01
1.260846710205078125e+01
1.262373352050781250e+01
1.263026905059814453e+01
1.260360455513000488e+01
1.262414717674255371e+01
1.261503744125366211e+01
1.265172052383422852e+01
1.266114211082458496e+01
1.262827682495117188e+01
1.259871482849121094e+01
1.262553787231445312e+01
1.261131310462951660e+01
1.262814998626708984e+01
1.262567520141601562e+01
1.260469532012939453e+01
1.259219241142272949e+01
1.262035703659057617e+01
1.267569994926452637e+01
1.267610144615173340e+01
1.261618471145629883e+01
1.261504602432250977e+01
1.262996745109558105e+01
1.269614768028259277e+01
1.267741608619689941e+01
1.261840796470642090e+01
1.262461566925048828e+01
1.261687660217285156e+01
1.266653132438659668e+01
1.259805464744567871e+01
1.262621974945068359e+01
1.259039878845214844e+01
1.263296222686767578e+01
1.261468553543090820e+01
1.257997369766235352e+01
1.264884924888610840e+01
1.261781859397888184e+01
1.260878157615661621e+01
1.261930680274963379e+01
1.259374237060546875e+01
1.260482072830200195e+01
1.258176565170288086e+01
1.261581254005432129e+01
1.258817052841186523e+01
1.260790443420410156e+01
1.263916134834289551e+01
1.259499669075012207e+01
1.260884881019592285e+01
1.263595485687255859e+01
1.262286758422851562e+01
1.262477660179138184e+01
1.259589099884033203e+01
1.261972260475158691e+01
1.260650610923767090e+01
1.260362648963928223e+01
1.259910821914672852e+01
1.262374567985534668e+01
1.262413978576660156e+01
1.266861844062805176e+01
1.262844705581665039e+01
1.262557816505432129e+01
1.263501191139221191e+01
1.263155555725097656e+01
1.265900468826293945e+01
1.262299489974975586e+01
1.266955924034118652e+01
1.258907079696655273e+01
1.260472679138183594e+01
1.266909646987915039e+01
1.265052533149719238e+01
1.265834808349609375e+01
1.260019350051879883e+01
1.260863447189331055e+01
1.259779667854309082e+01
1.263749384880065918e+01
1.259505033493041992e+01
1.257662820816040039e+01
1.262580561637878418e+01
1.263614010810852051e+01
1.264639735221862793e+01
1.263862705230712891e+01
1.267521333694458008e+01
1.259482026100158691e+01
1.262156295776367188e+01
1.262566709518432617e+01
1.261654019355773926e+01
1.261060690879821777e+01
1.266248440742492676e+01
1.264305710792541504e+01
1.265781927108764648e+01
1.262378311157226562e+01
1.260479187965393066e+01
1.259424829483032227e+01
1.263781189918518066e+01
1.262483620643615723e+01
1.260554742813110352e+01
1.261342620849609375e+01
1.264405417442321777e+01
1.262935137748718262e+01
1.262839150428771973e+01
1.262238144874572754e+01
1.266186237335205078e+01
1.262261748313903809e+01
1.259713006019592285e+01
1.262831068038940430e+01
1.261130666732788086e+01
1.260994982719421387e+01
1.266544461250305176e+01
1.264812660217285156e+01
1.261733627319335938e+01
1.260610985755920410e+01
1.263908004760742188e+01
1.260315370559692383e+01
1.270695185661315918e+01
1.258462524414062500e+01
1.260503411293029785e+01
1.260347986221313477e+01
1.259796309471130371e+01
1.261169981956481934e+01
1.259263849258422852e+01
1.260842084884643555e+01
1.259973049163818359e+01
1.261782813072204590e+01
1.275033473968505859e+01
1.260521769523620605e+01
1.261741662025451660e+01
1.264096975326538086e+01
1.261490106582641602e+01
1.265034866333007812e+01
1.263403606414794922e+01
1.261497449874877930e+01
1.258809161186218262e+01
1.260639667510986328e+01
1.259120464324951172e+01
1.263351154327392578e+01
1.263879418373107910e+01
1.262873840332031250e+01
1.262599015235900879e+01
1.264799642562866211e+01
1.261834454536437988e+01
1.263462996482849121e+01
1.262552380561828613e+01
1.259624433517456055e+01
1.260885357856750488e+01
1.260717010498046875e+01
1.259146046638488770e+01
1.264139366149902344e+01
1.261978721618652344e+01
1.263683366775512695e+01
1.260735321044921875e+01
1.258780407905578613e+01
1.260416054725646973e+01
1.267390060424804688e+01
1.261913561820983887e+01
1.259300780296325684e+01
1.260649514198303223e+01
1.270614099502563477e+01
1.257770276069641113e+01
1.263366293907165527e+01
1.264357423782348633e+01
1.270740699768066406e+01
1.256941127777099609e+01
1.259605765342712402e+01
1.260534238815307617e+01
1.264131855964660645e+01
1.266564202308654785e+01
1.262085604667663574e+01
1.260370206832885742e+01
1.269190716743469238e+01
1.261493015289306641e+01
1.264425921440124512e+01
1.261502933502197266e+01
1.263063597679138184e+01
1.259315919876098633e+01
1.268519973754882812e+01
1.266465187072753906e+01
1.260937428474426270e+01
1.264093136787414551e+01
1.262597537040710449e+01
1.264520978927612305e+01
1.262332224845886230e+01
1.257293748855590820e+01
1.261144185066223145e+01
1.262157678604125977e+01
1.264959621429443359e+01
1.269972872734069824e+01
1.260795283317565918e+01
