1.348140931129455566e+01
1.280613446235656738e+01
1.280651998519897461e+01
1.276778292655944824e+01
1.295074129104614258e+01
1.284131288528442383e+01
1.283425402641296387e+01
1.284403252601623535e+01
1.291145682334899902e+01
1.289785885810852051e+01
1.283579206466674805e+01
1.291027140617370605e+01
1.294294571876525879e+01
1.291975498199462891e+01
1.286089515686035156e+01
1.284813594818115234e+01
1.293182492256164551e+01
1.285558152198791504e+01
1.290676236152648926e+01
1.289512157440185547e+01
1.301497554779052734e+01
1.295774912834167480e+01
1.284036374092102051e+01
1.289590144157409668e+01
1.289595913887023926e+01
1.286403226852416992e+01
1.292114114761352539e+01
1.284135198593139648e+01
1.289577651023864746e+01
1.289043188095092773e+01
1.291660046577453613e+01
1.285888671875000000e+01
1.292986416816711426e+01
1.298018121719360352e+01
1.289269447326660156e+01
1.294451975822448730e+01
1.288095784187316895e+01
1.290119123458862305e+01
1.292860937118530273e+01
1.292483878135681152e+01
1.293401861190795898e+01
1.287965655326843262e+01
1.284011650085449219e+01
1.285497546195983887e+01
1.287972044944763184e+01
1.289253735542297363e+01
1.295450997352600098e+01
1.293424320220947266e+01
1.291516613960266113e+01
1.293362617492675781e+01
1.286951637268066406e+01
1.287464475631713867e+01
1.284119987487792969e+01
1.292824077606201172e+01
1.285399055480957031e+01
1.289927005767822266e+01
1.289288210868835449e+01
1.289634561538696289e+01
1.290934729576110840e+01
1.286716270446777344e+01
1.288146543502807617e+01
1.297115468978881836e+01
1.295399808883666992e+01
1.291553139686584473e+01
1.294102215766906738e+01
1.290918207168579102e+01
1.284435796737670898e+01
1.291135454177856445e+01
1.289638090133666992e+01
1.291512179374694824e+01
1.285437440872192383e+01
1.295703244209289551e+01
1.288483214378356934e+01
1.281511831283569336e+01
1.291444849967956543e+01
1.284759569168090820e+01
1.301892471313476562e+01
1.287070345878601074e+01
1.286739182472229004e+01
1.288901710510253906e+01
1.287151074409484863e+01
1.293494939804077148e+01
1.289184617996215820e+01
1.289704918861389160e+01
1.290790414810180664e+01
1.292454576492309570e+01
1.295051455497741699e+01
1.307797098159790039e+01
1.295880079269409180e+01
1.285966181755065918e+01
1.288786768913269043e+01
1.285053753852844238e+01
1.298687362670898438e+01
1.288336205482482910e+01
1.291291093826293945e+01
1.287877011299133301e+01
1.285058307647705078e+01
1.291331720352172852e+01
1.289880037307739258e+01
1.292184591293334961e+01
1.292430925369262695e+01
1.294251036643981934e+01
1.293288230895996094e+01
1.290383052825927734e+01
1.292172694206237793e+01
1.289359855651855469e+01
1.285185170173645020e+01
1.285902428627014160e+01
1.292926001548767090e+01
1.287003254890441895e+01
1.285197901725769043e+01
1.294805383682250977e+01
1.291140294075012207e+01
1.284172368049621582e+01
1.288625764846801758e+01
1.286858773231506348e+01
1.283805704116821289e+01
1.286439895629882812e+01
1.284588074684143066e+01
1.290739560127258301e+01
1.287100076675415039e+01
1.291058254241943359e+01
1.293658208847045898e+01
1.292001318931579590e+01
1.287924146652221680e+01
1.285530233383178711e+01
1.286524224281311035e+01
1.288401460647583008e+01
1.287614464759826660e+01
1.284092879295349121e+01
1.285791134834289551e+01
1.288323426246643066e+01
1.291507911682128906e+01
1.292369198799133301e+01
1.295637464523315430e+01
1.290637755393981934e+01
1.288082098960876465e+01
1.285182571411132812e+01
1.293363404273986816e+01
1.283518838882446289e+01
1.285360693931579590e+01
1.289216947555541992e+01
1.288315463066101074e+01
1.291150736808776855e+01
1.285669684410095215e+01
1.286950278282165527e+01
1.293338680267333984e+01
1.287207436561584473e+01
1.288924598693847656e+01
1.289862728118896484e+01
1.290792989730834961e+01
1.293710803985595703e+01
1.291426706314086914e+01
1.287631273269653320e+01
1.287529945373535156e+01
1.284728145599365234e+01
1.285528349876403809e+01
1.285684418678283691e+01
1.288113784790039062e+01
1.283887386322021484e+01
1.288635110855102539e+01
1.298740339279174805e+01
1.288788676261901855e+01
1.284194183349609375e+01
1.298016715049743652e+01
1.286766505241394043e+01
1.286492514610290527e+01
1.284002542495727539e+01
1.290570878982543945e+01
1.282976365089416504e+01
1.287546658515930176e+01
1.291226410865783691e+01
1.288389921188354492e+01
1.293125128746032715e+01
1.285729289054870605e+01
1.285800027847290039e+01
1.284572529792785645e+01
1.285980558395385742e+01
1.286066269874572754e+01
1.289715933799743652e+01
1.290040683746337891e+01
1.287851309776306152e+01
1.284861660003662109e+01
1.288979244232177734e+01
1.292577838897705078e+01
1.289022684097290039e+01
1.297639632225036621e+01
1.289228558540344238e+01
1.288167881965637207e+01
1.287030458450317383e+01
1.287239241600036621e+01
1.289434957504272461e+01
1.285908508300781250e+01
1.284148931503295898e+01
1.285603356361389160e+01
1.288506460189819336e+01
1.285374522209167480e+01
1.288375997543334961e+01
1.288527941703796387e+01
1.291909003257751465e+01
