1.335561323165893555e+01
1.254928684234619141e+01
1.277996063232421875e+01
1.278140783309936523e+01
1.273348522186279297e+01
1.287437057495117188e+01
1.278757596015930176e+01
1.284935355186462402e+01
1.281729745864868164e+01
1.280187678337097168e+01
1.287257385253906250e+01
1.284537363052368164e+01
1.283362627029418945e+01
1.282300090789794922e+01
1.283522367477416992e+01
1.290155220031738281e+01
1.281655001640319824e+01
1.280736160278320312e+01
1.282463192939758301e+01
1.283801817893981934e+01
1.285784626007080078e+01
1.281303572654724121e+01
1.284425973892211914e+01
1.283179545402526855e+01
1.280189800262451172e+01
1.282897281646728516e+01
1.291290807723999023e+01
1.284282159805297852e+01
1.282616043090820312e+01
1.292142415046691895e+01
1.285868334770202637e+01
1.286291384696960449e+01
1.284685158729553223e+01
1.283275389671325684e+01
1.278882861137390137e+01
1.289508533477783203e+01
1.282341170310974121e+01
1.284117007255554199e+01
1.290681910514831543e+01
1.286555457115173340e+01
1.280623531341552734e+01
1.289970707893371582e+01
1.288307809829711914e+01
1.283811831474304199e+01
1.287034821510314941e+01
1.283926677703857422e+01
1.288383984565734863e+01
1.282503008842468262e+01
1.282542204856872559e+01
1.284746217727661133e+01
1.286436176300048828e+01
1.283368158340454102e+01
1.283466482162475586e+01
1.286800956726074219e+01
1.287172770500183105e+01
1.283317112922668457e+01
1.289730834960937500e+01
1.279832434654235840e+01
1.286865758895874023e+01
1.283733057975769043e+01
1.288982295989990234e+01
1.289389109611511230e+01
1.284095358848571777e+01
1.284348130226135254e+01
1.284517669677734375e+01
1.289256024360656738e+01
1.288175630569458008e+01
1.284642195701599121e+01
1.287657904624938965e+01
1.283596205711364746e+01
1.284826779365539551e+01
1.286629462242126465e+01
1.280555582046508789e+01
1.286930370330810547e+01
1.286475992202758789e+01
1.291083121299743652e+01
1.284309315681457520e+01
1.281497263908386230e+01
1.281711959838867188e+01
1.284904336929321289e+01
1.281980514526367188e+01
1.284558510780334473e+01
1.281321001052856445e+01
1.284112453460693359e+01
1.282083153724670410e+01
1.284783816337585449e+01
1.284595775604248047e+01
1.285988926887512207e+01
1.282593154907226562e+01
1.282763433456420898e+01
1.285297775268554688e+01
1.287664794921875000e+01
1.280863237380981445e+01
1.287494802474975586e+01
1.283401012420654297e+01
1.280817413330078125e+01
1.281063270568847656e+01
1.284250330924987793e+01
1.285436701774597168e+01
1.284522151947021484e+01
1.284830713272094727e+01
1.285995292663574219e+01
1.284862685203552246e+01
1.284248781204223633e+01
1.285084366798400879e+01
1.283170747756958008e+01
1.285127782821655273e+01
1.285490441322326660e+01
1.285469269752502441e+01
1.281578540802001953e+01
1.286497807502746582e+01
1.283748292922973633e+01
1.286387991905212402e+01
1.286085224151611328e+01
1.287769770622253418e+01
1.295223569869995117e+01
1.284536051750183105e+01
1.283831834793090820e+01
1.280865812301635742e+01
1.285281395912170410e+01
1.286622381210327148e+01
1.286283850669860840e+01
1.291144418716430664e+01
1.284295415878295898e+01
1.284375023841857910e+01
1.280883145332336426e+01
1.288436150550842285e+01
1.282786846160888672e+01
1.278890228271484375e+01
1.285700774192810059e+01
1.281170392036437988e+01
1.291962456703186035e+01
1.281802678108215332e+01
1.288471579551696777e+01
1.288457059860229492e+01
1.284282708168029785e+01
1.284730243682861328e+01
1.282950973510742188e+01
1.283045911788940430e+01
1.286789751052856445e+01
1.288564157485961914e+01
1.287080383300781250e+01
1.281369900703430176e+01
1.290945768356323242e+01
1.283419990539550781e+01
1.283649849891662598e+01
1.281504702568054199e+01
1.282855749130249023e+01
1.281356811523437500e+01
1.283769607543945312e+01
1.283501315116882324e+01
1.288373613357543945e+01
1.284588336944580078e+01
1.288737130165100098e+01
1.287717676162719727e+01
1.287789893150329590e+01
1.283979344367980957e+01
1.289825272560119629e+01
1.283494830131530762e+01
1.282222080230712891e+01
1.288180637359619141e+01
1.290092968940734863e+01
1.281467032432556152e+01
1.287151002883911133e+01
1.288224673271179199e+01
1.283680486679077148e+01
1.282139587402343750e+01
1.289731955528259277e+01
1.282876539230346680e+01
1.287246608734130859e+01
1.281221008300781250e+01
1.289245915412902832e+01
1.288381290435791016e+01
1.283531117439270020e+01
1.299914503097534180e+01
1.285687351226806641e+01
1.288324141502380371e+01
1.288607192039489746e+01
1.280816125869750977e+01
1.285077667236328125e+01
1.281745052337646484e+01
1.284077835083007812e+01
1.286556506156921387e+01
1.283803129196166992e+01
1.284016656875610352e+01
1.281273078918457031e+01
1.285074234008789062e+01
1.283655643463134766e+01
1.283572769165039062e+01
1.285068750381469727e+01
1.283030843734741211e+01
1.283648085594177246e+01
1.278599452972412109e+01
1.288925576210021973e+01
1.289723014831542969e+01
1.282089400291442871e+01
1.279948425292968750e+01
1.287696957588195801e+01
1.281518459320068359e+01
1.283628106117248535e+01
