2.439424061813354694e+00
2.469366417922973511e+00
2.455575054702758830e+00
2.462737301101684650e+00
2.458572996520996146e+00
2.466230924148559378e+00
2.478747647247314667e+00
2.562557456817626811e+00
2.567481879882812290e+00
2.501139836502075386e+00
2.523768647918701369e+00
2.524132412109374890e+00
2.508712053680419718e+00
2.488764051361084029e+00
2.570314672927856314e+00
2.472757369918823223e+00
2.514238258056640696e+00
2.514771149902343961e+00
2.500033050994872941e+00
2.474476438064575401e+00
2.462831349411010784e+00
2.533438380737304652e+00
2.569000923538208081e+00
2.523992291946411282e+00
2.490631548614501867e+00
2.489400961456298855e+00
2.474110418395996103e+00
2.459797909622192247e+00
2.482783161239623837e+00
2.436498599700927858e+00
2.405497556304931450e+00
2.439415374145507798e+00
2.429194827880859275e+00
2.394379916152954202e+00
2.423686773147582851e+00
2.444659986114501748e+00
2.423692270965576157e+00
2.408579765243530346e+00
2.411651501235962058e+00
2.403483751907348420e+00
2.421069419860840011e+00
2.383798433990478305e+00
2.379417467727661162e+00
2.409233314056396402e+00
2.371282208786010592e+00
2.362855165557861348e+00
2.352281105880737133e+00
2.388398603820800936e+00
2.368988573684692511e+00
2.345629334335327165e+00
2.319850495300292970e+00
2.330076221084594668e+00
2.305690562210083172e+00
2.296174530639648381e+00
2.230854291381835885e+00
2.205392813873291225e+00
2.220341198043823461e+00
2.218144458084106319e+00
2.206891748809814313e+00
2.174257825164795044e+00
2.171742646255493181e+00
2.136996151885986350e+00
2.185557794342041227e+00
2.154407375602722219e+00
2.155447470245361430e+00
2.148471722412109486e+00
2.170229193038940352e+00
2.164225495147705125e+00
2.155950474243164106e+00
2.182023773880005013e+00
2.169950411605834795e+00
2.166147769241332899e+00
2.153011237106323250e+00
2.162595378799438528e+00
2.144899648056030284e+00
2.140702638969421479e+00
2.160346314620971597e+00
2.150613277969360304e+00
2.182671062469482504e+00
2.146126440505981225e+00
2.169187783203124997e+00
2.148984915237426740e+00
2.172053914489746163e+00
2.177187051239013460e+00
2.158386619415283203e+00
2.179249279174804599e+00
2.188422951660156102e+00
2.181007150993347299e+00
2.178468640899658304e+00
2.157406852035522515e+00
2.168650880584716667e+00
2.133334690475463979e+00
2.139832604293823159e+00
2.145942694320678523e+00
2.151047551727295115e+00
2.169903283653259241e+00
2.164562900543212987e+00
2.154980902709961121e+00
2.129433759651183866e+00
2.152906934432983199e+00
1.996679728775024421e+00
1.983737607688903726e+00
1.975534455642700138e+00
1.969185073585510315e+00
1.969861552543640038e+00
1.968864335403442301e+00
1.966616994819641029e+00
1.953299154281616268e+00
1.950021082687377838e+00
1.952473862495422319e+00
1.950298527603149479e+00
1.949005402488708460e+00
1.946213049392700123e+00
1.944198978462219340e+00
1.945983417663574189e+00
1.935609673919677753e+00
1.948862747268676809e+00
1.935444537391662667e+00
1.925293371696472189e+00
1.935128746337890560e+00
1.935083942985534655e+00
1.920109741134643500e+00
1.930055941276550335e+00
1.920856045837402437e+00
1.932307494773864764e+00
1.927140816268920975e+00
1.912276232147216870e+00
1.919572558975219723e+00
1.919367262229919380e+00
1.914727906646728428e+00
1.915775593147277744e+00
1.908373619422912615e+00
1.906974166030883877e+00
1.911988998565673725e+00
1.915180467414856036e+00
1.916756154479980490e+00
1.919511066970825297e+00
1.917842003021240194e+00
1.911823234024047746e+00
1.911374857215881296e+00
1.908647822418212847e+00
1.906280362586975086e+00
1.905379262237548721e+00
1.914158071289062457e+00
1.914907829208374102e+00
1.906355715179443466e+00
1.907863066940307606e+00
1.898690345802307222e+00
1.894615826187133756e+00
1.895307052383422786e+00
1.892652890396118170e+00
1.879718050804138230e+00
1.887174217872619630e+00
1.892843655624389720e+00
1.894719685592651359e+00
1.893693987274169821e+00
1.898630266304016212e+00
1.890010135650634693e+00
1.884374516296386748e+00
1.884770827789306713e+00
1.888144363403320369e+00
1.887021934127807610e+00
1.883342665634155200e+00
1.889370250358581638e+00
1.885407266807556104e+00
1.878956325531005778e+00
1.887415585670471296e+00
1.888639053421020453e+00
1.875930941390991258e+00
1.881441692810058575e+00
1.882489616851806602e+00
1.886521004600524964e+00
1.880791862411498983e+00
1.889588427047729446e+00
1.877663288345337023e+00
1.882759304122924915e+00
1.887735009384155171e+00
1.879123825950622662e+00
1.876478767166137596e+00
1.877468438949585039e+00
1.883629942855834960e+00
1.883364975624084448e+00
1.874970406188964933e+00
1.872670095558166548e+00
1.875638619194030854e+00
1.883093673057556261e+00
1.880265424690246601e+00
1.879001565895080494e+00
1.878019243278503447e+00
1.874002710990905651e+00
1.886858934402465771e+00
1.884702185020446841e+00
1.885768784790039065e+00
1.878383730773925731e+00
1.878158175811767583e+00
1.875653239402770955e+00
1.879473917541503836e+00
1.881809805374145439e+00
1.872918333511352618e+00
1.879546567344665631e+00
