4.325892925262451172e-01
6.814880371093750000e-01
4.013054370880126953e-01
4.060921669006347656e-01
3.964972496032714844e-01
4.008631706237792969e-01
3.950240612030029297e-01
4.034481048583984375e-01
3.917047977447509766e-01
4.017875194549560547e-01
3.939514160156250000e-01
3.958153724670410156e-01
4.014003276824951172e-01
3.939850330352783203e-01
4.007520675659179688e-01
3.948276042938232422e-01
4.041988849639892578e-01
3.913321495056152344e-01
3.965702056884765625e-01
3.992071151733398438e-01
3.977127075195312500e-01
4.054412841796875000e-01
3.929138183593750000e-01
4.053351879119873047e-01
3.901841640472412109e-01
4.012529850006103516e-01
3.945937156677246094e-01
3.907191753387451172e-01
4.031994342803955078e-01
3.928587436676025391e-01
4.055960178375244141e-01
3.894529342651367188e-01
4.015381336212158203e-01
3.914601802825927734e-01
3.948912620544433594e-01
4.019191265106201172e-01
3.937649726867675781e-01
4.063806533813476562e-01
3.904166221618652344e-01
4.034290313720703125e-01
3.910052776336669922e-01
3.966183662414550781e-01
4.029934406280517578e-01
3.907685279846191406e-01
4.025714397430419922e-01
3.899273872375488281e-01
4.012665748596191406e-01
3.910720348358154297e-01
4.025878906250000000e-01
3.949468135833740234e-01
3.926820755004882812e-01
4.058914184570312500e-01
3.881211280822753906e-01
4.055838584899902344e-01
3.950839042663574219e-01
4.020512104034423828e-01
3.937606811523437500e-01
3.933980464935302734e-01
4.073650836944580078e-01
3.942770957946777344e-01
4.117720127105712891e-01
3.974299430847167969e-01
3.988494873046875000e-01
3.965888023376464844e-01
3.974604606628417969e-01
4.020192623138427734e-01
3.876409530639648438e-01
4.039537906646728516e-01
3.950877189636230469e-01
4.041707515716552734e-01
3.989238739013671875e-01
4.034051895141601562e-01
3.994791507720947266e-01
3.940401077270507812e-01
4.045882225036621094e-01
3.952333927154541016e-01
4.048154354095458984e-01
3.994078636169433594e-01
4.005789756774902344e-01
3.985211849212646484e-01
4.007475376129150391e-01
3.997869491577148438e-01
3.955719470977783203e-01
4.041123390197753906e-01
3.995018005371093750e-01
4.048216342926025391e-01
4.000012874603271484e-01
3.984444141387939453e-01
3.916623592376708984e-01
4.024202823638916016e-01
4.030735492706298828e-01
3.994746208190917969e-01
3.996546268463134766e-01
4.022872447967529297e-01
4.021260738372802734e-01
3.952193260192871094e-01
4.000327587127685547e-01
3.968904018402099609e-01
3.998034000396728516e-01
4.012989997863769531e-01
4.028820991516113281e-01
4.055194854736328125e-01
3.941202163696289062e-01
4.043595790863037109e-01
3.958172798156738281e-01
3.980045318603515625e-01
4.015729427337646484e-01
3.977448940277099609e-01
4.045300483703613281e-01
3.958332538604736328e-01
4.061183929443359375e-01
3.919670581817626953e-01
4.043526649475097656e-01
3.979635238647460938e-01
4.221630096435546875e-01
4.044239521026611328e-01
3.935084342956542969e-01
4.040842056274414062e-01
3.928606510162353516e-01
4.059469699859619141e-01
3.995342254638671875e-01
3.954999446868896484e-01
4.035980701446533203e-01
3.939695358276367188e-01
4.080464839935302734e-01
3.938431739807128906e-01
3.996460437774658203e-01
3.940801620483398438e-01
3.984286785125732422e-01
4.012947082519531250e-01
3.951022624969482422e-01
4.072353839874267578e-01
3.944227695465087891e-01
4.062657356262207031e-01
3.990480899810791016e-01
3.996965885162353516e-01
3.995320796966552734e-01
3.924298286437988281e-01
4.059979915618896484e-01
3.924202919006347656e-01
4.050996303558349609e-01
3.948590755462646484e-01
4.049563407897949219e-01
4.035348892211914062e-01
3.938603401184082031e-01
4.073424339294433594e-01
3.930983543395996094e-01
4.044413566589355469e-01
3.927991390228271484e-01
4.006884098052978516e-01
3.996846675872802734e-01
3.969078063964843750e-01
4.049839973449707031e-01
3.937029838562011719e-01
4.083344936370849609e-01
3.939998149871826172e-01
4.031243324279785156e-01
3.972234725952148438e-01
3.961811065673828125e-01
4.025728702545166016e-01
3.943166732788085938e-01
4.044756889343261719e-01
3.945932388305664062e-01
4.017872810363769531e-01
4.018187522888183594e-01
4.010436534881591797e-01
4.043173789978027344e-01
3.954455852508544922e-01
4.059929847717285156e-01
3.931376934051513672e-01
4.048357009887695312e-01
3.989770412445068359e-01
3.982317447662353516e-01
4.027128219604492188e-01
3.941915035247802734e-01
4.002015590667724609e-01
3.913455009460449219e-01
4.030230045318603516e-01
3.936951160430908203e-01
4.027874469757080078e-01
3.954195976257324219e-01
3.947036266326904297e-01
3.990120887756347656e-01
3.992910385131835938e-01
3.995115756988525391e-01
3.962030410766601562e-01
4.020717144012451172e-01
3.956949710845947266e-01
3.991415500640869141e-01
4.003772735595703125e-01
4.004275798797607422e-01
4.035170078277587891e-01
3.976347446441650391e-01
3.994693756103515625e-01
3.951733112335205078e-01
4.050126075744628906e-01
3.993494510650634766e-01
3.975007534027099609e-01
3.963434696197509766e-01
4.011726379394531250e-01
