9.840000152587890625e+00
1.096000003814697266e+01
1.042999935150146484e+01
1.026999950408935547e+01
9.960000038146972656e+00
9.969999313354492188e+00
9.359999656677246094e+00
1.034000015258789062e+01
1.011999988555908203e+01
1.014999961853027344e+01
1.031999969482421875e+01
1.090999984741210938e+01
1.005999946594238281e+01
1.009000015258789062e+01
1.003999996185302734e+01
1.067000007629394531e+01
1.117999935150146484e+01
1.006999969482421875e+01
9.750000000000000000e+00
1.069999980926513672e+01
1.036999988555908203e+01
1.028999996185302734e+01
1.009999942779541016e+01
9.869999885559082031e+00
1.013000011444091797e+01
1.000999927520751953e+01
1.127999973297119141e+01
1.052999973297119141e+01
1.117999935150146484e+01
1.355999946594238281e+01
1.000000000000000000e+01
1.231999969482421875e+01
1.303999996185302734e+01
1.272999954223632812e+01
1.296999931335449219e+01
1.483999919891357422e+01
1.100999927520751953e+01
1.242999935150146484e+01
1.553999996185302734e+01
1.602999877929687500e+01
1.750000000000000000e+01
1.540999984741210938e+01
1.794999885559082031e+01
1.993000030517578125e+01
1.812999916076660156e+01
1.798999977111816406e+01
1.519999980926513672e+01
1.700000000000000000e+01
1.871999931335449219e+01
1.511999988555908203e+01
1.644999885559082031e+01
2.075000000000000000e+01
1.675000000000000000e+01
1.802999877929687500e+01
1.555999946594238281e+01
1.677999877929687500e+01
1.575000000000000000e+01
1.663999938964843750e+01
1.923999977111816406e+01
1.644000053405761719e+01
1.985000038146972656e+01
1.598999977111816406e+01
1.784000015258789062e+01
1.578999996185302734e+01
1.591999912261962891e+01
1.722999954223632812e+01
2.372999954223632812e+01
1.217000007629394531e+01
1.812999916076660156e+01
1.575000000000000000e+01
1.550999927520751953e+01
1.563999938964843750e+01
1.882999992370605469e+01
1.830999946594238281e+01
1.945999908447265625e+01
1.818000030517578125e+01
1.985000038146972656e+01
1.968000030517578125e+01
1.859000015258789062e+01
1.860999870300292969e+01
1.615999984741210938e+01
2.059000015258789062e+01
1.981999969482421875e+01
1.698999977111816406e+01
2.035999870300292969e+01
1.823999977111816406e+01
2.001999855041503906e+01
1.687999916076660156e+01
1.551999950408935547e+01
1.743000030517578125e+01
1.835000038146972656e+01
1.637999916076660156e+01
1.910999870300292969e+01
1.765999984741210938e+01
1.659000015258789062e+01
1.802999877929687500e+01
2.037999916076660156e+01
1.932999992370605469e+01
1.648999977111816406e+01
1.781999969482421875e+01
2.063999938964843750e+01
2.206999969482421875e+01
2.272999954223632812e+01
2.173999977111816406e+01
2.225000000000000000e+01
2.226999855041503906e+01
2.326999855041503906e+01
2.420999908447265625e+01
2.250000000000000000e+01
2.361999893188476562e+01
2.117000007629394531e+01
2.372999954223632812e+01
2.300000000000000000e+01
2.364999961853027344e+01
2.376999855041503906e+01
2.556999969482421875e+01
2.260999870300292969e+01
2.267000007629394531e+01
2.368999862670898438e+01
2.245999908447265625e+01
2.623999977111816406e+01
2.422999954223632812e+01
2.331999969482421875e+01
2.509999847412109375e+01
2.395999908447265625e+01
2.384000015258789062e+01
2.601999855041503906e+01
2.625000000000000000e+01
2.328999900817871094e+01
2.721999931335449219e+01
2.503999900817871094e+01
2.629999923706054688e+01
2.576999855041503906e+01
2.426999855041503906e+01
2.467000007629394531e+01
2.518000030517578125e+01
2.586999893188476562e+01
2.682999992370605469e+01
2.660999870300292969e+01
2.514999961853027344e+01
2.776999855041503906e+01
2.804999923706054688e+01
2.869999885559082031e+01
2.752999877929687500e+01
2.740999984741210938e+01
2.646999931335449219e+01
2.912999916076660156e+01
2.580999946594238281e+01
2.813999938964843750e+01
2.835999870300292969e+01
2.773999977111816406e+01
2.765999984741210938e+01
2.769999885559082031e+01
2.782999992370605469e+01
2.851000022888183594e+01
2.826999855041503906e+01
2.797999954223632812e+01
2.875999832153320312e+01
2.869999885559082031e+01
2.843999862670898438e+01
2.845999908447265625e+01
2.831999969482421875e+01
2.830999946594238281e+01
2.856999969482421875e+01
2.847999954223632812e+01
2.826000022888183594e+01
2.825000000000000000e+01
2.852999877929687500e+01
2.845999908447265625e+01
2.887999916076660156e+01
2.948999977111816406e+01
2.895999908447265625e+01
2.875999832153320312e+01
2.876999855041503906e+01
2.820999908447265625e+01
2.839999961853027344e+01
2.878999900817871094e+01
2.867999839782714844e+01
2.907999992370605469e+01
2.844999885559082031e+01
2.825000000000000000e+01
2.821999931335449219e+01
2.852999877929687500e+01
2.861999893188476562e+01
2.834000015258789062e+01
2.859999847412109375e+01
2.877999877929687500e+01
2.890999984741210938e+01
2.871999931335449219e+01
2.940999984741210938e+01
3.000000000000000000e+01
3.009999847412109375e+01
2.988999938964843750e+01
2.982999992370605469e+01
3.020999908447265625e+01
3.039999961853027344e+01
3.004999923706054688e+01
2.984999847412109375e+01
3.050999832153320312e+01
3.000999832153320312e+01
