1.019199999984741289e+01
1.063999999969482424e+01
1.009599999969482376e+01
1.051199999969482413e+01
1.017599999938964928e+01
9.631999999389648792e+00
1.025599999969482390e+01
1.062400000244140585e+01
1.067200000244140590e+01
1.095999999938964820e+01
1.089599999969482447e+01
9.743999999542236168e+00
1.059199999572753903e+01
1.068800000244140591e+01
9.807999999389648949e+00
1.097599999908447188e+01
1.001600000244140709e+01
1.036799999572753883e+01
9.471999995727539812e+00
1.014399999938964925e+01
1.003199999877929649e+01
9.920000002441407005e+00
1.009599999969482376e+01
9.807999999847412553e+00
1.033599999938964764e+01
1.043199999938964773e+01
1.062399999938964790e+01
1.025599999938964757e+01
1.044800000244140570e+01
1.043199999572753889e+01
1.022399999954223659e+01
1.019199999954223657e+01
9.935999999694823615e+00
1.041599999984741132e+01
9.903999999084472705e+00
1.094400000244140614e+01
1.003199999938964915e+01
1.014399999954223652e+01
1.014399999938964925e+01
1.139199999969482491e+01
1.172799999877929622e+01
1.135999999908447222e+01
1.233600000488281268e+01
1.196799999572753848e+01
1.388799999572753840e+01
1.545599999908447231e+01
1.630399999954223489e+01
1.612799999511718596e+01
1.707200000244140625e+01
1.697600000488281324e+01
1.707199999877929741e+01
1.880000000488281131e+01
1.799999999908447279e+01
1.803200000122070179e+01
1.766399999511718732e+01
1.737600000488281182e+01
1.814400000183105632e+01
1.769600000183105593e+01
1.761599999908447245e+01
1.830400000183105291e+01
1.774399999938964712e+01
1.774399999511718917e+01
1.848000000244140750e+01
1.846400000244140571e+01
1.825599999572753873e+01
1.886399999877929545e+01
1.721599999908447387e+01
1.940799999908447404e+01
1.921599999908447387e+01
1.843200000488281276e+01
1.785600000488281225e+01
1.763199999511718730e+01
1.828799999877929849e+01
1.739199999511718886e+01
1.812800000183105453e+01
1.787199999908447268e+01
1.740800000183105567e+01
1.799999999954223640e+01
1.849599999877929690e+01
1.803199999908447282e+01
1.841599999908447316e+01
1.804799999954223466e+01
1.779199999938964893e+01
1.799999999908447279e+01
1.833600000183105294e+01
1.742400000183105391e+01
1.732799999877929764e+01
1.833600000244140560e+01
1.819199999816894575e+01
1.742400000244140656e+01
1.715199999938964837e+01
1.783999999145507687e+01
1.799999999572753850e+01
1.828799999908447305e+01
1.779199999877929628e+01
1.780799999908447262e+01
1.788799999908447091e+01
1.740800000244140477e+01
1.923199999908447211e+01
1.785599999572754015e+01
2.159999999511718727e+01
2.243199999816894419e+01
2.262400000488281293e+01
2.276799999572753919e+01
2.366399999572753998e+01
2.323200000488281347e+01
2.417600000183105635e+01
2.355199999755859253e+01
2.451199999877929514e+01
2.407999999511718769e+01
2.414399999572754041e+01
2.543999999877929596e+01
2.513599999816894481e+01
2.577600000488281395e+01
2.681599999816894453e+01
2.630400000488281265e+01
2.654400000488281108e+01
2.745600000183105394e+01
2.723200000183105374e+01
2.694400000122070438e+01
2.766400000183105590e+01
2.724799999511718696e+01
2.766399999816894706e+01
2.812800000122070188e+01
2.742400000183105391e+01
2.814399999816894393e+01
2.763199999877929613e+01
2.809599999511718593e+01
2.799999999511718585e+01
2.772799999908447433e+01
2.811199999511718772e+01
2.782399999969482352e+01
2.860799999145507755e+01
2.891200000122070435e+01
2.841599999816894595e+01
2.891199998779296720e+01
2.950400000122070310e+01
2.947199998779296948e+01
2.868800000122070415e+01
2.878400000122070423e+01
2.873599999145507766e+01
2.852800000732421992e+01
2.918399999389648514e+01
2.912000000732421867e+01
2.860799999145507755e+01
2.956800000122070315e+01
2.883199999511718659e+01
2.950399999816894692e+01
2.956799999816894697e+01
2.975999999816894359e+01
2.980799999572753833e+01
3.016000000122070190e+01
3.017600000488281253e+01
2.937600000488281182e+01
3.094399999816894464e+01
3.055999998779297044e+01
2.995199999908447097e+01
2.985599999816894368e+01
2.992000000366211054e+01
3.022399999816894578e+01
3.019200000122070193e+01
2.998400000732421944e+01
3.019200000122070193e+01
3.063999998779296874e+01
3.039999999511718798e+01
3.041599999755859329e+01
3.047999999816894601e+01
3.092799999755859375e+01
3.087999999816894459e+01
3.100799999145507968e+01
3.065599999145507937e+01
3.043200000122070392e+01
3.063999999145507758e+01
3.019199999816894575e+01
2.988799999389648576e+01
3.036799999145507911e+01
2.996799999511718582e+01
3.067199999877929528e+01
3.104000000488281330e+01
3.105600000122070270e+01
3.059199999755859523e+01
3.054400000244140756e+01
3.024000000732421967e+01
3.035199999816894589e+01
3.142400000183105391e+01
3.091199999755859551e+01
3.078399999389648301e+01
3.075199999999999889e+01
3.039999999816894416e+01
3.035199999572753882e+01
3.062399999389648286e+01
3.047999999511718627e+01
3.094400000488281322e+01
3.030400000244140557e+01
3.087999999816894459e+01
3.099200000122070264e+01
3.023999999755859491e+01
3.081600000732422018e+01
3.009599999145507709e+01
3.062400000732422001e+01
