1.335643815994262695e+01
1.272284150123596191e+01
1.274328589439392090e+01
1.282659626007080078e+01
1.282175207138061523e+01
1.276882433891296387e+01
1.278603768348693848e+01
1.273997473716735840e+01
1.276597929000854492e+01
1.274886608123779297e+01
1.270737981796264648e+01
1.274957013130187988e+01
1.274746823310852051e+01
1.282424807548522949e+01
1.278845763206481934e+01
1.277804470062255859e+01
1.276557159423828125e+01
1.285400438308715820e+01
1.278839516639709473e+01
1.279083037376403809e+01
1.278846907615661621e+01
1.280310821533203125e+01
1.276641988754272461e+01
1.278283619880676270e+01
1.274573945999145508e+01
1.277346992492675781e+01
1.272636556625366211e+01
1.276681661605834961e+01
1.273475074768066406e+01
1.271502470970153809e+01
1.271877837181091309e+01
1.272311806678771973e+01
1.268987751007080078e+01
1.272969365119934082e+01
1.275651288032531738e+01
1.275723981857299805e+01
1.278555846214294434e+01
1.279824519157409668e+01
1.281953620910644531e+01
1.269560217857360840e+01
1.275007915496826172e+01
1.271676087379455566e+01
1.277218031883239746e+01
1.273702669143676758e+01
1.270488190650939941e+01
1.273141789436340332e+01
1.275786209106445312e+01
1.272799420356750488e+01
1.271501350402832031e+01
1.271746158599853516e+01
1.270265936851501465e+01
1.272312808036804199e+01
1.270707988739013672e+01
1.271282935142517090e+01
1.273928952217102051e+01
1.271382689476013184e+01
1.276567697525024414e+01
1.270007705688476562e+01
1.270334720611572266e+01
1.272763967514038086e+01
1.275433897972106934e+01
1.274223351478576660e+01
1.271625232696533203e+01
1.270636725425720215e+01
1.272929859161376953e+01
1.271053576469421387e+01
1.273416852951049805e+01
1.269270753860473633e+01
1.271501874923706055e+01
1.272305536270141602e+01
1.272650098800659180e+01
1.272451186180114746e+01
1.272874283790588379e+01
1.271241307258605957e+01
1.276836347579956055e+01
1.277683281898498535e+01
1.272683167457580566e+01
1.270373773574829102e+01
1.273788857460021973e+01
1.272449541091918945e+01
1.273940014839172363e+01
1.271737122535705566e+01
1.273808383941650391e+01
1.268513488769531250e+01
1.270116090774536133e+01
1.269027090072631836e+01
1.270310664176940918e+01
1.271611618995666504e+01
1.271040940284729004e+01
1.274269127845764160e+01
1.270531296730041504e+01
1.275177192687988281e+01
1.275918269157409668e+01
1.273597550392150879e+01
1.270805573463439941e+01
1.271204924583435059e+01
1.280690383911132812e+01
1.271025276184082031e+01
1.272757458686828613e+01
1.270576119422912598e+01
1.272617030143737793e+01
1.276972055435180664e+01
1.270735335350036621e+01
1.270132160186767578e+01
1.270241475105285645e+01
1.270397996902465820e+01
1.273623275756835938e+01
1.274478340148925781e+01
1.275336956977844238e+01
1.269126915931701660e+01
1.268245053291320801e+01
1.270439767837524414e+01
1.273006415367126465e+01
1.276255702972412109e+01
1.267476463317871094e+01
1.271374130249023438e+01
1.273663759231567383e+01
1.273728203773498535e+01
1.273050427436828613e+01
1.271014475822448730e+01
1.270291352272033691e+01
1.272778844833374023e+01
1.269231438636779785e+01
1.272999930381774902e+01
1.274301385879516602e+01
1.273122143745422363e+01
1.272070813179016113e+01
1.270614242553710938e+01
1.269879937171936035e+01
1.275546956062316895e+01
1.272378683090209961e+01
1.274311137199401855e+01
1.273243188858032227e+01
1.273361825942993164e+01
1.272485876083374023e+01
1.274411416053771973e+01
1.271759796142578125e+01
1.277166175842285156e+01
1.271278047561645508e+01
1.271689844131469727e+01
1.278692173957824707e+01
1.274669241905212402e+01
1.276527738571166992e+01
1.273842072486877441e+01
1.275815200805664062e+01
1.273182082176208496e+01
1.276158833503723145e+01
1.270358610153198242e+01
1.271390557289123535e+01
1.275235080718994141e+01
1.273032903671264648e+01
1.289934635162353516e+01
1.279676342010498047e+01
1.284406971931457520e+01
1.282127380371093750e+01
1.278020405769348145e+01
1.272560286521911621e+01
1.272492980957031250e+01
1.272435116767883301e+01
1.279305696487426758e+01
1.279894995689392090e+01
1.280600690841674805e+01
1.278742074966430664e+01
1.279019618034362793e+01
1.283948063850402832e+01
1.276288008689880371e+01
1.261458158493041992e+01
1.267470741271972656e+01
1.259667348861694336e+01
1.258676671981811523e+01
1.274189019203186035e+01
1.270449042320251465e+01
1.265961480140686035e+01
1.276521801948547363e+01
1.276515197753906250e+01
1.263099646568298340e+01
1.277483320236206055e+01
1.274705004692077637e+01
1.268824124336242676e+01
1.265354537963867188e+01
1.262807679176330566e+01
1.270805239677429199e+01
1.275950217247009277e+01
1.259810781478881836e+01
1.262564802169799805e+01
1.277545046806335449e+01
1.273304557800292969e+01
1.259542536735534668e+01
1.261694359779357910e+01
1.261834907531738281e+01
1.277225971221923828e+01
1.282216978073120117e+01
1.268028116226196289e+01
1.269784259796142578e+01
1.277194547653198242e+01
1.274415087699890137e+01
1.260782122611999512e+01
1.264670133590698242e+01
1.275511169433593750e+01
1.271331739425659180e+01
