1.000000000000000000e+01
1.682999992370605469e+01
2.409000015258789062e+01
2.448999977111816406e+01
2.946999931335449219e+01
2.823999977111816406e+01
3.107999992370605469e+01
3.266999816894531250e+01
3.420000076293945312e+01
3.461000061035156250e+01
3.746999740600585938e+01
3.818999862670898438e+01
3.634999847412109375e+01
3.900999832153320312e+01
3.884999847412109375e+01
3.682999801635742188e+01
4.139999771118164062e+01
4.097999954223632812e+01
4.068999862670898438e+01
3.893999862670898438e+01
4.068999862670898438e+01
3.661999893188476562e+01
4.078999710083007812e+01
4.216999816894531250e+01
4.278999710083007812e+01
4.386000061035156250e+01
4.205999755859375000e+01
4.007999801635742188e+01
4.252999877929687500e+01
3.945999908447265625e+01
4.278999710083007812e+01
4.093000030517578125e+01
4.332999801635742188e+01
3.877000045776367188e+01
4.207999801635742188e+01
4.064999771118164062e+01
4.268999862670898438e+01
4.270000076293945312e+01
4.491999816894531250e+01
4.361999893188476562e+01
4.363999938964843750e+01
4.566999816894531250e+01
4.463999938964843750e+01
4.328999710083007812e+01
4.136000061035156250e+01
4.311000061035156250e+01
4.429999923706054688e+01
4.578999710083007812e+01
4.570999908447265625e+01
4.004999923706054688e+01
4.761000061035156250e+01
4.468000030517578125e+01
4.525000000000000000e+01
4.345999908447265625e+01
4.093999862670898438e+01
4.070000076293945312e+01
4.150000000000000000e+01
4.627000045776367188e+01
2.623999977111816406e+01
4.859000015258789062e+01
4.856999969482421875e+01
4.752000045776367188e+01
4.536000061035156250e+01
4.638999938964843750e+01
4.546999740600585938e+01
4.671999740600585938e+01
4.411999893188476562e+01
4.627999877929687500e+01
4.602000045776367188e+01
4.484000015258789062e+01
4.489999771118164062e+01
4.595999908447265625e+01
4.143000030517578125e+01
4.220999908447265625e+01
4.428999710083007812e+01
4.062999725341796875e+01
4.695999908447265625e+01
4.618000030517578125e+01
4.761000061035156250e+01
4.359000015258789062e+01
4.588999938964843750e+01
4.600999832153320312e+01
3.745000076293945312e+01
4.168999862670898438e+01
4.238999938964843750e+01
4.609999847412109375e+01
4.406999969482421875e+01
4.715999984741210938e+01
4.756999969482421875e+01
4.746999740600585938e+01
4.325999832153320312e+01
4.661999893188476562e+01
4.271999740600585938e+01
4.729999923706054688e+01
4.145999908447265625e+01
4.350000000000000000e+01
4.343999862670898438e+01
4.678999710083007812e+01
4.584000015258789062e+01
4.813999938964843750e+01
5.234999847412109375e+01
5.350000000000000000e+01
5.341999816894531250e+01
5.431999969482421875e+01
5.377000045776367188e+01
5.480999755859375000e+01
5.465999984741210938e+01
5.432999801635742188e+01
5.461999893188476562e+01
5.486999893188476562e+01
5.488999938964843750e+01
5.556999969482421875e+01
5.550000000000000000e+01
5.439999771118164062e+01
5.563999938964843750e+01
5.514999771118164062e+01
5.579999923706054688e+01
5.628999710083007812e+01
5.593999862670898438e+01
5.669999694824218750e+01
5.572999954223632812e+01
5.500999832153320312e+01
5.615999984741210938e+01
5.584999847412109375e+01
5.587999725341796875e+01
5.629999923706054688e+01
5.600000000000000000e+01
5.682999801635742188e+01
5.495999908447265625e+01
5.666999816894531250e+01
5.630999755859375000e+01
5.623999786376953125e+01
5.702999877929687500e+01
5.705999755859375000e+01
5.665999984741210938e+01
5.719999694824218750e+01
5.731999969482421875e+01
5.695999908447265625e+01
5.721999740600585938e+01
5.653999710083007812e+01
5.655999755859375000e+01
5.707999801635742188e+01
5.694999694824218750e+01
5.743999862670898438e+01
5.656999969482421875e+01
5.647999954223632812e+01
5.740999984741210938e+01
5.719999694824218750e+01
5.770999908447265625e+01
5.618000030517578125e+01
5.787999725341796875e+01
5.785999679565429688e+01
5.775999832153320312e+01
5.793000030517578125e+01
5.782999801635742188e+01
5.805999755859375000e+01
5.784999847412109375e+01
5.818999862670898438e+01
5.790999984741210938e+01
5.840999984741210938e+01
5.798999786376953125e+01
5.818999862670898438e+01
5.827999877929687500e+01
5.777999877929687500e+01
5.811999893188476562e+01
5.809000015258789062e+01
5.826999664306640625e+01
5.821999740600585938e+01
5.810999679565429688e+01
5.811999893188476562e+01
5.853999710083007812e+01
5.814999771118164062e+01
5.802999877929687500e+01
5.809999847412109375e+01
5.838999938964843750e+01
5.831999969482421875e+01
5.822999954223632812e+01
5.868000030517578125e+01
5.832999801635742188e+01
5.800000000000000000e+01
5.847999954223632812e+01
5.812999725341796875e+01
5.814999771118164062e+01
5.804999923706054688e+01
5.820999908447265625e+01
5.841999816894531250e+01
5.834999847412109375e+01
5.820999908447265625e+01
5.829999923706054688e+01
5.825999832153320312e+01
5.821999740600585938e+01
5.843000030517578125e+01
5.846999740600585938e+01
5.861999893188476562e+01
5.814999771118164062e+01
5.811999893188476562e+01
5.818000030517578125e+01
5.853999710083007812e+01
5.834000015258789062e+01
5.876999664306640625e+01
