1.034999942779541016e+01
1.609000015258789062e+01
1.937999916076660156e+01
2.082999992370605469e+01
2.669999885559082031e+01
2.772999954223632812e+01
2.446999931335449219e+01
3.072999954223632812e+01
3.005999946594238281e+01
3.259000015258789062e+01
3.659000015258789062e+01
3.400999832153320312e+01
3.612999725341796875e+01
3.704000091552734375e+01
4.040999984741210938e+01
3.909000015258789062e+01
3.723999786376953125e+01
3.866999816894531250e+01
4.046999740600585938e+01
4.025999832153320312e+01
3.839999771118164062e+01
4.114999771118164062e+01
3.854999923706054688e+01
3.998999786376953125e+01
4.077999877929687500e+01
4.178999710083007812e+01
4.004999923706054688e+01
4.177000045776367188e+01
4.350999832153320312e+01
3.829000091552734375e+01
4.128999710083007812e+01
4.278999710083007812e+01
4.311999893188476562e+01
3.752999877929687500e+01
4.029999923706054688e+01
4.491999816894531250e+01
4.118999862670898438e+01
4.084999847412109375e+01
4.368999862670898438e+01
4.334000015258789062e+01
3.987999725341796875e+01
4.452000045776367188e+01
4.295000076293945312e+01
4.315999984741210938e+01
4.427999877929687500e+01
4.480999755859375000e+01
4.466999816894531250e+01
4.547999954223632812e+01
4.102999877929687500e+01
4.340999984741210938e+01
4.455999755859375000e+01
4.411999893188476562e+01
4.545999908447265625e+01
4.278999710083007812e+01
4.711000061035156250e+01
4.548999786376953125e+01
4.338999938964843750e+01
4.606999969482421875e+01
4.800999832153320312e+01
4.606999969482421875e+01
4.011000061035156250e+01
4.546999740600585938e+01
4.481999969482421875e+01
4.227999877929687500e+01
4.586000061035156250e+01
4.265999984741210938e+01
4.261999893188476562e+01
4.397999954223632812e+01
4.607999801635742188e+01
4.737999725341796875e+01
4.302000045776367188e+01
4.638999938964843750e+01
4.606999969482421875e+01
4.380999755859375000e+01
4.153999710083007812e+01
4.814999771118164062e+01
4.779999923706054688e+01
4.384999847412109375e+01
3.807999801635742188e+01
4.669999694824218750e+01
4.262999725341796875e+01
4.315999984741210938e+01
4.577000045776367188e+01
4.661999893188476562e+01
2.446999931335449219e+01
4.703999710083007812e+01
4.877000045776367188e+01
4.314999771118164062e+01
4.481999969482421875e+01
4.413999938964843750e+01
4.471999740600585938e+01
4.375999832153320312e+01
4.463999938964843750e+01
4.739999771118164062e+01
4.759999847412109375e+01
3.825000000000000000e+01
4.800000000000000000e+01
4.844999694824218750e+01
4.065999984741210938e+01
4.161000061035156250e+01
5.281999969482421875e+01
5.410999679565429688e+01
5.407999801635742188e+01
5.425000000000000000e+01
5.440999984741210938e+01
5.453999710083007812e+01
5.513999938964843750e+01
5.346999740600585938e+01
5.525999832153320312e+01
5.509999847412109375e+01
5.548999786376953125e+01
5.600000000000000000e+01
5.463999938964843750e+01
5.587999725341796875e+01
5.553999710083007812e+01
5.591999816894531250e+01
5.486999893188476562e+01
5.679999923706054688e+01
5.710999679565429688e+01
5.611999893188476562e+01
5.704999923706054688e+01
5.705999755859375000e+01
5.705999755859375000e+01
5.663999938964843750e+01
5.696999740600585938e+01
5.684000015258789062e+01
5.734000015258789062e+01
5.721999740600585938e+01
5.740999984741210938e+01
5.623999786376953125e+01
5.757999801635742188e+01
5.668000030517578125e+01
5.743999862670898438e+01
5.768999862670898438e+01
5.797999954223632812e+01
5.727000045776367188e+01
5.768000030517578125e+01
5.711999893188476562e+01
5.752999877929687500e+01
5.672999954223632812e+01
5.727000045776367188e+01
5.769999694824218750e+01
5.684999847412109375e+01
5.664999771118164062e+01
5.794999694824218750e+01
5.789999771118164062e+01
5.806999969482421875e+01
5.809000015258789062e+01
5.735999679565429688e+01
5.869999694824218750e+01
5.907999801635742188e+01
5.918999862670898438e+01
5.906999969482421875e+01
5.909999847412109375e+01
5.885999679565429688e+01
5.914999771118164062e+01
5.907999801635742188e+01
5.902999877929687500e+01
5.881999969482421875e+01
5.888999938964843750e+01
5.934999847412109375e+01
5.909999847412109375e+01
5.916999816894531250e+01
5.910999679565429688e+01
5.914999771118164062e+01
5.919999694824218750e+01
5.897999954223632812e+01
5.914999771118164062e+01
5.889999771118164062e+01
5.913999938964843750e+01
5.904999923706054688e+01
5.905999755859375000e+01
5.927999877929687500e+01
5.911999893188476562e+01
5.915999984741210938e+01
5.916999816894531250e+01
5.907999801635742188e+01
5.900000000000000000e+01
5.927999877929687500e+01
5.880999755859375000e+01
5.905999755859375000e+01
5.921999740600585938e+01
5.916999816894531250e+01
5.902999877929687500e+01
5.934999847412109375e+01
5.929999923706054688e+01
5.941999816894531250e+01
5.930999755859375000e+01
5.925999832153320312e+01
5.926999664306640625e+01
5.939999771118164062e+01
5.945999908447265625e+01
5.963999938964843750e+01
5.946999740600585938e+01
5.914999771118164062e+01
5.930999755859375000e+01
5.904999923706054688e+01
5.930999755859375000e+01
5.926999664306640625e+01
5.927999877929687500e+01
