1.000000000000000000e+01
1.296000003814697266e+01
2.147999954223632812e+01
2.522999954223632812e+01
2.813999938964843750e+01
3.059000015258789062e+01
2.900999832153320312e+01
3.586000061035156250e+01
3.634000015258789062e+01
3.689999771118164062e+01
3.900999832153320312e+01
3.845000076293945312e+01
4.065999984741210938e+01
3.970000076293945312e+01
3.882999801635742188e+01
3.818000030517578125e+01
4.140999984741210938e+01
4.286999893188476562e+01
4.268000030517578125e+01
4.066999816894531250e+01
4.195999908447265625e+01
4.248999786376953125e+01
4.362999725341796875e+01
4.289999771118164062e+01
4.447999954223632812e+01
4.071999740600585938e+01
4.286999893188476562e+01
4.604999923706054688e+01
4.564999771118164062e+01
4.448999786376953125e+01
3.988999938964843750e+01
4.409999847412109375e+01
4.338999938964843750e+01
4.377999877929687500e+01
4.407999801635742188e+01
4.212999725341796875e+01
4.359999847412109375e+01
4.490999984741210938e+01
3.909000015258789062e+01
4.093999862670898438e+01
4.597999954223632812e+01
4.100999832153320312e+01
4.257999801635742188e+01
3.972999954223632812e+01
4.195000076293945312e+01
4.461999893188476562e+01
4.547999954223632812e+01
4.325000000000000000e+01
4.536000061035156250e+01
4.120999908447265625e+01
4.534999847412109375e+01
4.781999969482421875e+01
3.852999877929687500e+01
4.537999725341796875e+01
4.300999832153320312e+01
4.340999984741210938e+01
4.802999877929687500e+01
4.315999984741210938e+01
4.003999710083007812e+01
4.686000061035156250e+01
4.137999725341796875e+01
4.936000061035156250e+01
4.637999725341796875e+01
3.622999954223632812e+01
4.437999725341796875e+01
4.468000030517578125e+01
4.932999801635742188e+01
4.409000015258789062e+01
4.555999755859375000e+01
4.481999969482421875e+01
4.132999801635742188e+01
3.757999801635742188e+01
4.597999954223632812e+01
5.013999938964843750e+01
4.227999877929687500e+01
4.602999877929687500e+01
4.986999893188476562e+01
4.459000015258789062e+01
4.211000061035156250e+01
4.502000045776367188e+01
4.334000015258789062e+01
4.627000045776367188e+01
4.475999832153320312e+01
4.096999740600585938e+01
4.002999877929687500e+01
3.068999862670898438e+01
4.456999969482421875e+01
4.827999877929687500e+01
4.584999847412109375e+01
4.216999816894531250e+01
4.643000030517578125e+01
4.609000015258789062e+01
4.562999725341796875e+01
4.629999923706054688e+01
4.337999725341796875e+01
4.881999969482421875e+01
4.359000015258789062e+01
4.389999771118164062e+01
4.794999694824218750e+01
4.975999832153320312e+01
5.247999954223632812e+01
5.366999816894531250e+01
5.318999862670898438e+01
5.411999893188476562e+01
5.435999679565429688e+01
5.352000045776367188e+01
5.421999740600585938e+01
5.461999893188476562e+01
5.515999984741210938e+01
5.556999969482421875e+01
5.462999725341796875e+01
5.443999862670898438e+01
5.468000030517578125e+01
5.595999908447265625e+01
5.532999801635742188e+01
5.495999908447265625e+01
5.627000045776367188e+01
5.620999908447265625e+01
5.593000030517578125e+01
5.610999679565429688e+01
5.534999847412109375e+01
5.541999816894531250e+01
5.552000045776367188e+01
5.593000030517578125e+01
5.477000045776367188e+01
5.534999847412109375e+01
5.664999771118164062e+01
5.605999755859375000e+01
5.539999771118164062e+01
5.662999725341796875e+01
5.587999725341796875e+01
5.580999755859375000e+01
5.691999816894531250e+01
5.584999847412109375e+01
5.689999771118164062e+01
5.675999832153320312e+01
5.655999755859375000e+01
5.687999725341796875e+01
5.675000000000000000e+01
5.640999984741210938e+01
5.664999771118164062e+01
5.577999877929687500e+01
5.652000045776367188e+01
5.666999816894531250e+01
5.718000030517578125e+01
5.762999725341796875e+01
5.696999740600585938e+01
5.660999679565429688e+01
5.666999816894531250e+01
5.715999984741210938e+01
5.781999969482421875e+01
5.775000000000000000e+01
5.762999725341796875e+01
5.779999923706054688e+01
5.768000030517578125e+01
5.777999877929687500e+01
5.787999725341796875e+01
5.795999908447265625e+01
5.796999740600585938e+01
5.809000015258789062e+01
5.775999832153320312e+01
5.784999847412109375e+01
5.764999771118164062e+01
5.784999847412109375e+01
5.790999984741210938e+01
5.807999801635742188e+01
5.814999771118164062e+01
5.780999755859375000e+01
5.781999969482421875e+01
5.822999954223632812e+01
5.818000030517578125e+01
5.819999694824218750e+01
5.809000015258789062e+01
5.794999694824218750e+01
5.756999969482421875e+01
5.798999786376953125e+01
5.798999786376953125e+01
5.800000000000000000e+01
5.805999755859375000e+01
5.800000000000000000e+01
5.798999786376953125e+01
5.818000030517578125e+01
5.810999679565429688e+01
5.797999954223632812e+01
5.804999923706054688e+01
5.802999877929687500e+01
5.809999847412109375e+01
5.820999908447265625e+01
5.806999969482421875e+01
5.797999954223632812e+01
5.825999832153320312e+01
5.810999679565429688e+01
5.804999923706054688e+01
5.790999984741210938e+01
5.811999893188476562e+01
5.809999847412109375e+01
5.782999801635742188e+01
5.778999710083007812e+01
5.800999832153320312e+01
5.812999725341796875e+01
