4.018588066101074219e-01
3.931131362915039062e-01
3.916826248168945312e-01
3.974580764770507812e-01
3.899657726287841797e-01
3.960130214691162109e-01
3.799624443054199219e-01
3.977332115173339844e-01
3.850693702697753906e-01
3.927917480468750000e-01
3.827996253967285156e-01
3.863346576690673828e-01
3.906495571136474609e-01
3.830432891845703125e-01
3.960762023925781250e-01
3.850214481353759766e-01
3.955421447753906250e-01
3.857097625732421875e-01
3.881871700286865234e-01
3.893427848815917969e-01
3.830225467681884766e-01
3.940737247467041016e-01
3.850970268249511719e-01
3.938970565795898438e-01
3.901097774505615234e-01
3.876013755798339844e-01
3.917481899261474609e-01
3.789596557617187500e-01
3.944950103759765625e-01
3.850438594818115234e-01
3.911912441253662109e-01
3.935389518737792969e-01
3.854596614837646484e-01
3.908681869506835938e-01
3.799400329589843750e-01
3.954298496246337891e-01
4.813349246978759766e-01
3.935568332672119141e-01
3.918185234069824219e-01
3.827655315399169922e-01
3.944382667541503906e-01
3.831779956817626953e-01
3.955469131469726562e-01
3.811950683593750000e-01
3.869397640228271484e-01
3.926281929016113281e-01
3.822622299194335938e-01
3.929843902587890625e-01
3.825311660766601562e-01
3.939831256866455078e-01
3.830647468566894531e-01
3.878421783447265625e-01
3.907651901245117188e-01
3.817093372344970703e-01
3.966400623321533203e-01
3.839142322540283203e-01
3.917918205261230469e-01
3.859941959381103516e-01
3.853714466094970703e-01
3.944516181945800781e-01
3.818097114562988281e-01
3.935215473175048828e-01
3.843317031860351562e-01
3.930175304412841797e-01
3.871181011199951172e-01
3.846380710601806641e-01
3.903002738952636719e-01
3.843250274658203125e-01
3.917262554168701172e-01
3.855845928192138672e-01
3.873355388641357422e-01
3.938851356506347656e-01
3.845448493957519531e-01
3.950774669647216797e-01
3.815784454345703125e-01
3.889727592468261719e-01
3.892886638641357422e-01
3.872768878936767578e-01
3.926184177398681641e-01
3.880743980407714844e-01
3.941247463226318359e-01
3.783514499664306641e-01
3.884472846984863281e-01
3.876247406005859375e-01
3.879086971282958984e-01
3.922593593597412109e-01
3.825778961181640625e-01
3.904066085815429688e-01
3.854968547821044922e-01
3.874936103820800781e-01
3.909237384796142578e-01
3.896098136901855469e-01
3.898291587829589844e-01
3.841919898986816406e-01
3.930840492248535156e-01
3.839681148529052734e-01
3.872153759002685547e-01
3.924624919891357422e-01
3.866178989410400391e-01
3.908853530883789062e-01
3.835842609405517578e-01
3.928811550140380859e-01
3.902688026428222656e-01
3.906552791595458984e-01
3.940687179565429688e-01
3.878009319305419922e-01
3.914601802825927734e-01
3.857295513153076172e-01
3.891813755035400391e-01
3.883850574493408203e-01
3.867413997650146484e-01
3.936545848846435547e-01
3.874695301055908203e-01
3.915939331054687500e-01
3.834486007690429688e-01
3.875327110290527344e-01
3.916516304016113281e-01
3.885314464569091797e-01
3.896574974060058594e-01
3.845899105072021484e-01
3.938534259796142578e-01
3.814237117767333984e-01
3.896462917327880859e-01
3.927292823791503906e-01
3.896594047546386719e-01
3.924067020416259766e-01
3.796043395996093750e-01
3.918066024780273438e-01
3.870580196380615234e-01
3.871386051177978516e-01
3.921747207641601562e-01
3.896198272705078125e-01
3.934941291809082031e-01
3.832724094390869141e-01
3.881304264068603516e-01
3.910288810729980469e-01
3.869764804840087891e-01
3.920867443084716797e-01
3.910729885101318359e-01
3.872132301330566406e-01
3.888432979583740234e-01
3.887593746185302734e-01
3.919906616210937500e-01
3.898816108703613281e-01
3.935136795043945312e-01
3.876724243164062500e-01
3.900868892669677734e-01
3.851079940795898438e-01
3.843765258789062500e-01
3.909912109375000000e-01
3.876352310180664062e-01
6.331443786621093750e-01
3.893032073974609375e-01
3.919503688812255859e-01
3.861477375030517578e-01
3.925135135650634766e-01
3.893849849700927734e-01
3.869895935058593750e-01
3.953816890716552734e-01
3.876478672027587891e-01
3.875176906585693359e-01
3.895478248596191406e-01
3.904497623443603516e-01
3.906397819519042969e-01
3.897993564605712891e-01
3.961701393127441406e-01
3.855867385864257812e-01
3.862154483795166016e-01
3.850762844085693359e-01
3.868017196655273438e-01
3.927145004272460938e-01
3.860888481140136719e-01
3.897361755371093750e-01
3.794810771942138672e-01
3.858041763305664062e-01
3.876254558563232422e-01
3.872654438018798828e-01
3.900349140167236328e-01
3.869290351867675781e-01
3.866446018218994141e-01
3.822705745697021484e-01
3.848769664764404297e-01
3.894186019897460938e-01
3.851530551910400391e-01
3.907186985015869141e-01
3.863823413848876953e-01
3.906352519989013672e-01
3.849110603332519531e-01
3.871469497680664062e-01
3.894443511962890625e-01
3.916342258453369141e-01
3.921027183532714844e-01
3.787877559661865234e-01
3.847105503082275391e-01
3.882544040679931641e-01
3.854153156280517578e-01
3.884415626525878906e-01
3.877365589141845703e-01
3.869228363037109375e-01
3.785891532897949219e-01
