1.287551951408386230e+01
1.226238775253295898e+01
1.226529097557067871e+01
1.228860282897949219e+01
1.235975551605224609e+01
1.238761782646179199e+01
1.235630488395690918e+01
1.235830807685852051e+01
1.238819742202758789e+01
1.240849018096923828e+01
1.252340054512023926e+01
1.254171204566955566e+01
1.251092624664306641e+01
1.252529001235961914e+01
1.256461119651794434e+01
1.251058220863342285e+01
1.258296036720275879e+01
1.249762201309204102e+01
1.254034042358398438e+01
1.252955484390258789e+01
1.250672864913940430e+01
1.258074426651000977e+01
1.258533191680908203e+01
1.251842594146728516e+01
1.263472723960876465e+01
1.257046437263488770e+01
1.251423549652099609e+01
1.255077242851257324e+01
1.258821344375610352e+01
1.257535028457641602e+01
1.253553700447082520e+01
1.253225016593933105e+01
1.255317735671997070e+01
1.254213643074035645e+01
1.249870920181274414e+01
1.250909376144409180e+01
1.249215745925903320e+01
1.253980159759521484e+01
1.251742458343505859e+01
1.256381583213806152e+01
1.252613878250122070e+01
1.260242986679077148e+01
1.250292563438415527e+01
1.250871872901916504e+01
1.257522225379943848e+01
1.250357127189636230e+01
1.251566457748413086e+01
1.261915040016174316e+01
1.253552579879760742e+01
1.253284287452697754e+01
1.255024743080139160e+01
1.252274584770202637e+01
1.253241944313049316e+01
1.263599848747253418e+01
1.260182356834411621e+01
1.258998870849609375e+01
1.253744077682495117e+01
1.255571436882019043e+01
1.261525106430053711e+01
1.256525659561157227e+01
1.257232451438903809e+01
1.258659005165100098e+01
1.257223963737487793e+01
1.254787206649780273e+01
1.248713994026184082e+01
1.253423929214477539e+01
1.253721928596496582e+01
1.263082194328308105e+01
1.250649094581604004e+01
1.252951025962829590e+01
1.256548595428466797e+01
1.247458744049072266e+01
1.254450035095214844e+01
1.252588081359863281e+01
1.255742955207824707e+01
1.255970621109008789e+01
1.250820708274841309e+01
1.256406879425048828e+01
1.259389877319335938e+01
1.260939526557922363e+01
1.256377482414245605e+01
1.257268285751342773e+01
1.256445193290710449e+01
1.258584165573120117e+01
1.257594585418701172e+01
1.254965949058532715e+01
1.252925848960876465e+01
1.258944678306579590e+01
1.255330133438110352e+01
1.254110407829284668e+01
1.250328397750854492e+01
1.265680503845214844e+01
1.258553695678710938e+01
1.255267834663391113e+01
1.255539703369140625e+01
1.252860856056213379e+01
1.252016520500183105e+01
1.255137610435485840e+01
1.254572939872741699e+01
1.255702447891235352e+01
1.256172847747802734e+01
1.257644081115722656e+01
1.261264371871948242e+01
1.254430341720581055e+01
1.258143615722656250e+01
1.256187963485717773e+01
1.248828053474426270e+01
1.246843457221984863e+01
1.251710510253906250e+01
1.262344241142272949e+01
1.251771974563598633e+01
1.252403092384338379e+01
1.250229334831237793e+01
1.252317285537719727e+01
1.249592471122741699e+01
1.254031991958618164e+01
1.251687479019165039e+01
1.262012696266174316e+01
1.254906487464904785e+01
1.256270575523376465e+01
1.252876091003417969e+01
1.251182341575622559e+01
1.258324885368347168e+01
1.256100893020629883e+01
1.254210543632507324e+01
1.252917861938476562e+01
1.243651652336120605e+01
1.256105351448059082e+01
1.250595211982727051e+01
1.256518435478210449e+01
1.252234220504760742e+01
1.256970500946044922e+01
1.247293329238891602e+01
1.243173861503601074e+01
1.251802706718444824e+01
1.248368287086486816e+01
1.253420090675354004e+01
1.248528003692626953e+01
1.247353577613830566e+01
1.255316948890686035e+01
1.250548291206359863e+01
1.253829789161682129e+01
1.249959182739257812e+01
1.255641365051269531e+01
1.248579049110412598e+01
1.250418972969055176e+01
1.245944070816040039e+01
1.244990110397338867e+01
1.252653551101684570e+01
1.253832650184631348e+01
1.246263551712036133e+01
1.230411124229431152e+01
1.237947797775268555e+01
1.251906466484069824e+01
1.257396888732910156e+01
1.250271081924438477e+01
1.248702168464660645e+01
1.250862956047058105e+01
1.244918298721313477e+01
1.251423215866088867e+01
1.248022723197937012e+01
1.254253506660461426e+01
1.250536704063415527e+01
1.249662518501281738e+01
1.245867323875427246e+01
1.244923043251037598e+01
1.247372794151306152e+01
1.242898035049438477e+01
1.251190161705017090e+01
1.252886414527893066e+01
1.242492294311523438e+01
1.241993880271911621e+01
1.243236088752746582e+01
1.250324797630310059e+01
1.242444157600402832e+01
1.238935828208923340e+01
1.251319622993469238e+01
1.249922013282775879e+01
1.248121285438537598e+01
1.248957061767578125e+01
1.239921665191650391e+01
1.243470025062561035e+01
1.242858839035034180e+01
1.243085241317749023e+01
1.246628928184509277e+01
1.247309589385986328e+01
1.244400238990783691e+01
1.246952652931213379e+01
1.241057968139648438e+01
1.241937160491943359e+01
1.253221678733825684e+01
1.240589332580566406e+01
1.245056605339050293e+01
1.245916104316711426e+01
1.242812252044677734e+01
1.251711273193359375e+01
1.242026281356811523e+01
1.243827390670776367e+01
1.246665740013122559e+01
1.240908408164978027e+01
