1.313619661331176758e+01
1.245484852790832520e+01
1.246554923057556152e+01
1.243621301651000977e+01
1.245589876174926758e+01
1.251116776466369629e+01
1.247397160530090332e+01
1.248751950263977051e+01
1.246641397476196289e+01
1.244349741935729980e+01
1.247884297370910645e+01
1.241361594200134277e+01
1.243647241592407227e+01
1.249282383918762207e+01
1.249539637565612793e+01
1.247879886627197266e+01
1.248266482353210449e+01
1.248335814476013184e+01
1.245439672470092773e+01
1.248567581176757812e+01
1.249665832519531250e+01
1.244900918006896973e+01
1.242616629600524902e+01
1.248456478118896484e+01
1.248636317253112793e+01
1.241435933113098145e+01
1.241577339172363281e+01
1.242889547348022461e+01
1.243352222442626953e+01
1.244743585586547852e+01
1.239864063262939453e+01
1.245275878906250000e+01
1.242258334159851074e+01
1.247944426536560059e+01
1.242188620567321777e+01
1.243397998809814453e+01
1.241795945167541504e+01
1.258522319793701172e+01
1.247547173500061035e+01
1.246551275253295898e+01
1.242540359497070312e+01
1.244520163536071777e+01
1.243987584114074707e+01
1.240731120109558105e+01
1.245925879478454590e+01
1.240207076072692871e+01
1.242019033432006836e+01
1.242071700096130371e+01
1.242922258377075195e+01
1.244481921195983887e+01
1.240955615043640137e+01
1.240834188461303711e+01
1.238211464881896973e+01
1.239864921569824219e+01
1.254495096206665039e+01
1.246142148971557617e+01
1.241908264160156250e+01
1.244417142868041992e+01
1.244902515411376953e+01
1.240518283843994141e+01
1.241455817222595215e+01
1.242854666709899902e+01
1.240810179710388184e+01
1.245216894149780273e+01
1.244722104072570801e+01
1.244111919403076172e+01
1.241264891624450684e+01
1.243159151077270508e+01
1.247023057937622070e+01
1.246324372291564941e+01
1.243701457977294922e+01
1.246747779846191406e+01
1.239822387695312500e+01
1.250563597679138184e+01
1.241684627532958984e+01
1.244420719146728516e+01
1.244269132614135742e+01
1.249325752258300781e+01
1.241076159477233887e+01
1.242957472801208496e+01
1.242855525016784668e+01
1.242862391471862793e+01
1.242138957977294922e+01
1.244605469703674316e+01
1.243795776367187500e+01
1.242968678474426270e+01
1.244702005386352539e+01
1.246974515914916992e+01
1.242904162406921387e+01
1.239466214179992676e+01
1.245054888725280762e+01
1.245724201202392578e+01
1.242752051353454590e+01
1.242989945411682129e+01
1.241431856155395508e+01
1.245326375961303711e+01
1.240300226211547852e+01
1.244366073608398438e+01
1.248338484764099121e+01
1.239820528030395508e+01
1.242057609558105469e+01
1.250577998161315918e+01
1.245659875869750977e+01
1.244046783447265625e+01
1.241979694366455078e+01
1.248850059509277344e+01
1.240683960914611816e+01
1.242064642906188965e+01
1.241563892364501953e+01
1.242718839645385742e+01
1.252112436294555664e+01
1.243180918693542480e+01
1.239737486839294434e+01
1.241505646705627441e+01
1.245264124870300293e+01
1.244299602508544922e+01
1.242958498001098633e+01
1.243876242637634277e+01
1.242219400405883789e+01
1.244803881645202637e+01
1.241135478019714355e+01
1.243280315399169922e+01
1.245289874076843262e+01
1.241307425498962402e+01
1.241373109817504883e+01
1.242087888717651367e+01
1.245771622657775879e+01
1.245574903488159180e+01
1.244203424453735352e+01
1.240784001350402832e+01
1.249380636215209961e+01
1.246393775939941406e+01
1.240617012977600098e+01
1.242029023170471191e+01
1.245617961883544922e+01
1.240557646751403809e+01
1.245019412040710449e+01
1.243837714195251465e+01
1.244480466842651367e+01
1.240637731552124023e+01
1.238947534561157227e+01
1.239827775955200195e+01
1.241891145706176758e+01
1.242621350288391113e+01
1.241404294967651367e+01
1.242257261276245117e+01
1.242810344696044922e+01
1.245248579978942871e+01
1.246816420555114746e+01
1.244255805015563965e+01
1.242137980461120605e+01
1.237277603149414062e+01
1.253241443634033203e+01
1.251289391517639160e+01
1.247959089279174805e+01
1.252280092239379883e+01
1.250343251228332520e+01
1.243294239044189453e+01
1.243711233139038086e+01
1.248004055023193359e+01
1.249975323677062988e+01
1.250303053855895996e+01
1.246755194664001465e+01
1.250350356101989746e+01
1.247247219085693359e+01
1.250138068199157715e+01
1.234740209579467773e+01
1.227601671218872070e+01
1.233871889114379883e+01
1.234908246994018555e+01
1.227884650230407715e+01
1.234849071502685547e+01
1.231132411956787109e+01
1.232040596008300781e+01
1.229169774055480957e+01
1.232406449317932129e+01
1.228365015983581543e+01
1.231693363189697266e+01
1.223682308197021484e+01
1.235123610496520996e+01
1.240947794914245605e+01
1.224083304405212402e+01
1.229170680046081543e+01
1.235185122489929199e+01
1.231730914115905762e+01
1.230143046379089355e+01
1.231198477745056152e+01
1.235961318016052246e+01
1.234690690040588379e+01
1.232322812080383301e+01
1.229040503501892090e+01
1.231084060668945312e+01
1.224962544441223145e+01
1.223343372344970703e+01
1.229196810722351074e+01
1.229794478416442871e+01
1.234318113327026367e+01
1.232887530326843262e+01
1.228214716911315918e+01
1.224009108543395996e+01
