2.361596484069824253e+00
2.264562974395751827e+00
2.178147292251586986e+00
2.114170869216918991e+00
2.085477467117309747e+00
2.024263732147216999e+00
2.020133319549560547e+00
1.986268102111816480e+00
1.945654094772338860e+00
1.914610286750793477e+00
1.921345826683044544e+00
1.901098284950256456e+00
1.902118691215515245e+00
1.913103450927734483e+00
1.925368904914855905e+00
1.906412516174316396e+00
1.907574247055053629e+00
1.872523020401001048e+00
1.929365324401855375e+00
1.899557790870666452e+00
1.887015283546447764e+00
1.913721447067260772e+00
1.919157904586791918e+00
1.905442965316772375e+00
1.904435927925109961e+00
1.899470894927978604e+00
1.893820203895568932e+00
1.900434395294189560e+00
1.879713736228942889e+00
1.918483599166870057e+00
1.863406650505065931e+00
1.869283671607971264e+00
1.913492571907043471e+00
1.884903452911376842e+00
1.930424062232971139e+00
1.898489814834594780e+00
1.862905411643981823e+00
1.872339047889709507e+00
1.931008331489562968e+00
1.839656539535522439e+00
1.875967876129150280e+00
1.900630406532287653e+00
1.887351348838806064e+00
1.884619322052002000e+00
1.918923672714233364e+00
1.894897194137573182e+00
1.891721300430297958e+00
1.868669940261840745e+00
1.915987024383544846e+00
1.888333263626098546e+00
1.918714011268615627e+00
1.918022936630249031e+00
1.915067510833740272e+00
1.887568041076660208e+00
1.932623213729858458e+00
1.942552562255859483e+00
1.925690073623657295e+00
1.943342725715637265e+00
1.920350976905822682e+00
1.952370148773193259e+00
1.939701230926513587e+00
1.936776390724182173e+00
1.900631125335693339e+00
1.930754577789306703e+00
1.972934625587463353e+00
1.970349100074768156e+00
1.960511453742980859e+00
1.919529709739685064e+00
2.014544512634277140e+00
1.943463833084106529e+00
1.997968462028503422e+00
1.952168324661254895e+00
1.955890368499755949e+00
1.952505860939025784e+00
1.943238895416259826e+00
2.025242121276855656e+00
1.960154746246337787e+00
1.940025309906005857e+00
1.999892724838256752e+00
1.925391975479125994e+00
1.989628794097900499e+00
1.947077727279663106e+00
1.970984284706115641e+00
2.008913352203369307e+00
1.968055056304931716e+00
1.961050180206298732e+00
1.997051450195312494e+00
1.959387679519653425e+00
1.957439787826538158e+00
1.971065879821777278e+00
1.969304479827880927e+00
1.928616033668518082e+00
1.951433423767089836e+00
1.969764574928283718e+00
1.937370437889099017e+00
1.975388918647766223e+00
1.962344365234375054e+00
1.977771664886474712e+00
1.930613340759277374e+00
1.977486960754394563e+00
1.606022485504150499e+00
1.557760649757385263e+00
1.534131812515258764e+00
1.556445616493224993e+00
1.541658860893249550e+00
1.553974797420501819e+00
1.550670500335693314e+00
1.570596772384643458e+00
1.552256545944213917e+00
1.544496576232910146e+00
1.558003147850036685e+00
1.567403902854919373e+00
1.546385275650024482e+00
1.561425051956176757e+00
1.546414157028198177e+00
1.542969277992248589e+00
1.568587496948242288e+00
1.569239588088989334e+00
1.566091998672485275e+00
1.549499806861877493e+00
1.520293597145080611e+00
1.574529169425964437e+00
1.558292632827758872e+00
1.565088367614746012e+00
1.564013318710327116e+00
1.543462669334411563e+00
1.544861414031982516e+00
1.580439594955444393e+00
1.559853143959045507e+00
1.574309291877746597e+00
1.566343423919677624e+00
1.581282053985595626e+00
1.579497685699462917e+00
1.591480919113159143e+00
1.563150955276489285e+00
1.559166716308593825e+00
1.575000005378723200e+00
1.579068560256958076e+00
1.563826691627502541e+00
1.565840215301513627e+00
1.550662511749267614e+00
1.537412517127990652e+00
1.585946332931518654e+00
1.574425496597290142e+00
1.556827632751464741e+00
1.535389656028747662e+00
1.555464267196655204e+00
1.549396811866760260e+00
1.569734599380493201e+00
1.596676430549621495e+00
1.513330113677978428e+00
1.479274861335754476e+00
1.504872176132202144e+00
1.493552655296325637e+00
1.508030032367706275e+00
1.512357334899902428e+00
1.487964281234741115e+00
1.516728240051269605e+00
1.527592700157165417e+00
1.494820678672790448e+00
1.519775521621704151e+00
1.515250929336547925e+00
1.545681552505493217e+00
1.503478528785705537e+00
1.511271817150116048e+00
1.516134842262268023e+00
1.526442960891723599e+00
1.532097122421264723e+00
1.511232657775879007e+00
1.512519733009338285e+00
1.486120183944702244e+00
1.491691836814880379e+00
1.519159294357299794e+00
1.529564776954650984e+00
1.513459726066589406e+00
1.515297376289367781e+00
1.531818608436584572e+00
1.502398388366699145e+00
1.498170958595275826e+00
1.532444831733703605e+00
1.496850706882476789e+00
1.523470959053039531e+00
1.536266487388610935e+00
1.508926396789550761e+00
1.484968030166625930e+00
1.550303832740783649e+00
1.508847716407775819e+00
1.508453008155822728e+00
1.511148274536132874e+00
1.522992580871582069e+00
1.517472604598999020e+00
1.516329955329895007e+00
1.460408159370422343e+00
1.522647939300537212e+00
1.501577797126770086e+00
1.518827091217040959e+00
1.480487506332397452e+00
1.486431448669433664e+00
1.509492294578552274e+00
1.508420118598938098e+00
