2.367569363327026277e+00
2.281389865264892514e+00
2.158617217826843238e+00
2.111637126235962114e+00
2.028053828506469536e+00
2.021276657371521068e+00
1.972639736595153792e+00
1.962102050323486280e+00
1.950899872589111350e+00
1.953603819656372087e+00
1.951988843994140632e+00
1.939750284461975172e+00
1.916887600288391003e+00
1.895331267852783164e+00
1.941065418968200618e+00
1.897615068511962821e+00
1.922860171203613300e+00
1.907045808181762725e+00
1.919817541847228970e+00
1.911140292663574325e+00
1.887492377891540452e+00
1.908094278488159157e+00
1.879548955230712970e+00
1.893455212860107428e+00
1.912164809722900483e+00
1.896385410423278906e+00
1.874628561668395976e+00
1.868256317138671907e+00
1.902539570770263699e+00
1.872654887084960862e+00
1.873811579055786103e+00
1.852262053527832020e+00
1.862046518821716345e+00
1.903436773681640659e+00
1.861321825103759764e+00
1.886254650802612343e+00
1.893373626518249475e+00
1.885784196624755937e+00
1.919247259140014705e+00
1.898745476760864248e+00
1.888231838836669896e+00
1.892883482627868652e+00
1.876017337112426686e+00
1.873948429298400775e+00
1.895775456352233990e+00
1.904596363334655651e+00
1.902151672401428240e+00
1.939733195877075156e+00
1.898299136505126938e+00
1.894344853172302168e+00
1.911272915191650323e+00
1.888311977348327675e+00
1.952710363731384291e+00
1.903936571044921866e+00
1.968112360801696825e+00
1.943810282287597557e+00
1.990055344924926750e+00
1.960118772850036661e+00
1.968990214958190821e+00
1.960021684646606532e+00
1.970576527252197341e+00
1.951716046524047954e+00
1.925610383911132706e+00
1.955541529884338381e+00
1.933580002708435108e+00
1.933505154113769553e+00
1.961255663223266499e+00
2.002672866744995339e+00
1.922018023834228595e+00
1.995398055725097652e+00
1.995131669578552147e+00
1.984653282165527388e+00
2.002555110969543417e+00
2.000837644119262571e+00
1.974228671874999952e+00
2.016225243453979576e+00
2.003938928909301698e+00
1.980280839462280174e+00
1.956442823600768932e+00
1.984817937545776401e+00
1.997223782081603893e+00
2.019638446121216013e+00
2.004467625961303678e+00
2.008184935646057045e+00
1.959256163330078016e+00
2.006515345802307060e+00
1.989455272750854542e+00
1.977286627883911185e+00
1.992339814682006827e+00
2.012819648132324168e+00
1.977539014854431176e+00
2.063264923400879081e+00
1.957944465408325119e+00
2.003763638610839948e+00
2.008026351432800283e+00
1.988491179580688550e+00
1.967787500343322726e+00
1.941869650497436428e+00
2.024646097946166901e+00
1.996975094528198325e+00
1.671452400016784745e+00
1.635721058082580504e+00
1.649996359481811448e+00
1.619690064659118578e+00
1.629033840789794851e+00
1.612260891494750936e+00
1.640269819107055715e+00
1.656848000717163094e+00
1.648574919662475491e+00
1.660069047164917100e+00
1.643510439414977986e+00
1.642788674163818463e+00
1.615831828880309962e+00
1.644372733268737896e+00
1.644238572731018033e+00
1.616328154296875041e+00
1.617588241500854451e+00
1.613593569526672322e+00
1.634121350555419960e+00
1.660281468772888180e+00
1.656000835685730088e+00
1.660696674728393551e+00
1.638626274223327739e+00
1.695320667419433658e+00
1.677779957351684503e+00
1.665594868850708066e+00
1.648986877021789477e+00
1.682403509216308546e+00
1.627848724708557127e+00
1.654416663551330657e+00
1.634146888046264623e+00
1.648169914054870677e+00
1.656153556137085037e+00
1.644753103466033872e+00
1.656238595809936598e+00
1.656893624038696222e+00
1.637477489166259792e+00
1.633385706443786667e+00
1.605923908538818390e+00
1.628626445617675778e+00
1.629202279052734292e+00
1.648047256469726607e+00
1.656720601539611870e+00
1.657352929306030287e+00
1.665796700019836374e+00
1.639485173110961869e+00
1.647275835342407291e+00
1.638321346702575676e+00
1.677504326629638776e+00
1.631400709381103598e+00
1.618873383903503438e+00
1.609912354106903143e+00
1.614734068489074748e+00
1.637205212173461932e+00
1.620325454635620055e+00
1.626642736930847155e+00
1.587594104003906326e+00
1.606754751739501996e+00
1.584529228744506746e+00
1.592795396995544399e+00
1.615186753616332904e+00
1.633823256988525374e+00
1.589883212318420336e+00
1.586200927047729525e+00
1.618951554298400985e+00
1.628561904315948494e+00
1.603509812889099218e+00
1.598443367538452176e+00
1.618313611297607313e+00
1.585499172859191841e+00
1.589822816276550199e+00
1.634702998962402454e+00
1.609154429435730060e+00
1.633731390991211008e+00
1.623168435363769424e+00
1.627280374603271573e+00
1.619475913391113187e+00
1.599717468452453550e+00
1.576889255065917927e+00
1.583477127952575669e+00
1.624248002052307127e+00
1.589179871559142976e+00
1.601720585975646927e+00
1.613657353515624893e+00
1.636623797569275007e+00
1.647033906517028745e+00
1.606412405891418427e+00
1.621390210266113296e+00
1.609985599212646390e+00
1.603728983726501411e+00
1.592830865364074810e+00
1.623977172813415581e+00
1.599767950515747161e+00
1.582415960464477633e+00
1.639783671569824186e+00
1.604916401901245182e+00
1.602968507061004688e+00
1.641362775039672872e+00
1.561924484214782805e+00
1.617772112007141105e+00
