1.251999950408935547e+01
1.832999992370605469e+01
2.365999984741210938e+01
2.512999916076660156e+01
2.656999969482421875e+01
2.695999908447265625e+01
3.092000007629394531e+01
3.300000000000000000e+01
3.123999977111816406e+01
3.473999786376953125e+01
3.611999893188476562e+01
3.670999908447265625e+01
3.641999816894531250e+01
3.779000091552734375e+01
3.868000030517578125e+01
3.800000000000000000e+01
3.811999893188476562e+01
4.136000061035156250e+01
4.090999984741210938e+01
3.984999847412109375e+01
4.257999801635742188e+01
4.227000045776367188e+01
4.156999969482421875e+01
4.180999755859375000e+01
4.243000030517578125e+01
4.112999725341796875e+01
4.086000061035156250e+01
4.170999908447265625e+01
4.386999893188476562e+01
4.137999725341796875e+01
4.234999847412109375e+01
4.227999877929687500e+01
4.287999725341796875e+01
4.225000000000000000e+01
4.346999740600585938e+01
4.155999755859375000e+01
4.359000015258789062e+01
4.268000030517578125e+01
3.954999923706054688e+01
4.530999755859375000e+01
4.640999984741210938e+01
4.247999954223632812e+01
4.291999816894531250e+01
4.253999710083007812e+01
4.425000000000000000e+01
4.468999862670898438e+01
3.907999801635742188e+01
4.538999938964843750e+01
4.415999984741210938e+01
4.422999954223632812e+01
4.378999710083007812e+01
4.095999908447265625e+01
4.502000045776367188e+01
4.038999938964843750e+01
4.479999923706054688e+01
4.328999710083007812e+01
4.565999984741210938e+01
4.552999877929687500e+01
4.307999801635742188e+01
4.490999984741210938e+01
4.623999786376953125e+01
4.212999725341796875e+01
4.050999832153320312e+01
4.452999877929687500e+01
4.193000030517578125e+01
3.815999984741210938e+01
4.497999954223632812e+01
4.414999771118164062e+01
3.896999740600585938e+01
4.468999862670898438e+01
4.550000000000000000e+01
3.975000000000000000e+01
4.353999710083007812e+01
4.257999801635742188e+01
3.887999725341796875e+01
4.518000030517578125e+01
3.773999786376953125e+01
3.695999908447265625e+01
4.138999938964843750e+01
3.962999725341796875e+01
4.477999877929687500e+01
3.912999725341796875e+01
4.388999938964843750e+01
4.554999923706054688e+01
4.078999710083007812e+01
4.078999710083007812e+01
4.337999725341796875e+01
4.432999801635742188e+01
4.579999923706054688e+01
4.606999969482421875e+01
4.600000000000000000e+01
4.634999847412109375e+01
4.438999938964843750e+01
4.511999893188476562e+01
4.059999847412109375e+01
3.687999725341796875e+01
4.361000061035156250e+01
4.127000045776367188e+01
3.948999786376953125e+01
4.188999938964843750e+01
5.000000000000000000e+01
5.084999847412109375e+01
5.095999908447265625e+01
5.113999938964843750e+01
5.115999984741210938e+01
5.182999801635742188e+01
5.215999984741210938e+01
5.259999847412109375e+01
5.265999984741210938e+01
5.293000030517578125e+01
5.316999816894531250e+01
5.337999725341796875e+01
5.318000030517578125e+01
5.271999740600585938e+01
5.282999801635742188e+01
5.309999847412109375e+01
5.377999877929687500e+01
5.289999771118164062e+01
5.344999694824218750e+01
5.388999938964843750e+01
5.368999862670898438e+01
5.427999877929687500e+01
5.405999755859375000e+01
5.368000030517578125e+01
5.431999969482421875e+01
5.454999923706054688e+01
5.452999877929687500e+01
5.384999847412109375e+01
5.384999847412109375e+01
5.490999984741210938e+01
5.496999740600585938e+01
5.534999847412109375e+01
5.589999771118164062e+01
5.422999954223632812e+01
5.485999679565429688e+01
5.514999771118164062e+01
5.584999847412109375e+01
5.431999969482421875e+01
5.465999984741210938e+01
5.481999969482421875e+01
5.593999862670898438e+01
5.568999862670898438e+01
5.514999771118164062e+01
5.607999801635742188e+01
5.590999984741210938e+01
5.587999725341796875e+01
5.482999801635742188e+01
5.502000045776367188e+01
5.479999923706054688e+01
5.491999816894531250e+01
5.595999908447265625e+01
5.625999832153320312e+01
5.628999710083007812e+01
5.618000030517578125e+01
5.637999725341796875e+01
5.648999786376953125e+01
5.641999816894531250e+01
5.622999954223632812e+01
5.646999740600585938e+01
5.641999816894531250e+01
5.621999740600585938e+01
5.673999786376953125e+01
5.662999725341796875e+01
5.652000045776367188e+01
5.654999923706054688e+01
5.654999923706054688e+01
5.646999740600585938e+01
5.631999969482421875e+01
5.668000030517578125e+01
5.650999832153320312e+01
5.657999801635742188e+01
5.647999954223632812e+01
5.646999740600585938e+01
5.643999862670898438e+01
5.670999908447265625e+01
5.666999816894531250e+01
5.678999710083007812e+01
5.659000015258789062e+01
5.691999816894531250e+01
5.690999984741210938e+01
5.684000015258789062e+01
5.650999832153320312e+01
5.672999954223632812e+01
5.668000030517578125e+01
5.656999969482421875e+01
5.698999786376953125e+01
5.669999694824218750e+01
5.648999786376953125e+01
5.663999938964843750e+01
5.685999679565429688e+01
5.682999801635742188e+01
5.668000030517578125e+01
5.704999923706054688e+01
5.678999710083007812e+01
5.686999893188476562e+01
5.704999923706054688e+01
5.679999923706054688e+01
5.689999771118164062e+01
5.662999725341796875e+01
5.643999862670898438e+01
