1.067199999984741154e+01
1.457599999877929697e+01
1.864000000183105499e+01
2.159999999511718727e+01
2.353599999877929605e+01
2.472000000488281302e+01
2.697599999877929733e+01
2.705599999145507795e+01
2.931199999816894675e+01
3.155199998779296777e+01
3.287999999755859193e+01
3.408000000366210713e+01
3.649599998779297039e+01
3.588800000732421580e+01
3.695999998779296902e+01
3.745599999145508008e+01
3.760000000366211026e+01
3.920000000732422052e+01
3.803199999755859295e+01
3.911999999755859392e+01
3.977599999755859272e+01
4.076799999389648121e+01
4.008000000488281245e+01
4.030399998779297022e+01
4.076800000366210952e+01
4.150400000366210662e+01
4.067199999023437584e+01
4.147200000122070662e+01
4.169600000732421563e+01
4.022399999145508076e+01
4.227199999145507547e+01
4.279999999755859363e+01
4.318399998779296567e+01
4.388800000732421580e+01
4.315199999023437272e+01
4.316799999755859574e+01
4.359999999023437312e+01
4.345599999145508008e+01
4.392000000000000171e+01
4.369599999999999795e+01
4.411200000366211071e+01
4.358399999145508019e+01
4.444799999633789156e+01
4.494399999023437431e+01
4.400000000366210884e+01
4.478399998779296709e+01
4.491200000366210787e+01
4.452799998291015271e+01
4.503999999023437795e+01
4.455999999755859164e+01
4.543999998657226769e+01
4.335999999389648707e+01
4.559999999816894700e+01
4.580800000976562814e+01
4.456000000000000227e+01
4.396800000000000352e+01
4.505600000366210622e+01
4.415999999023437539e+01
4.372799999755859091e+01
4.247999999145508099e+01
4.355200000488281376e+01
4.380800000366210867e+01
4.414400000732421603e+01
4.465599999145507581e+01
4.399999999389648764e+01
4.347199999023437300e+01
4.337600000366210651e+01
4.569599999755859443e+01
4.353599999145507837e+01
4.249600000366211106e+01
4.438399999389648087e+01
4.478400000732421660e+01
4.520000000244140637e+01
4.120000000976562404e+01
4.500800000732422035e+01
4.297599999999999909e+01
4.481600000610351486e+01
4.388800000366210696e+01
4.260800000366210583e+01
4.436799998779297027e+01
4.455999999389648281e+01
4.334399999511718704e+01
4.377599999755859272e+01
4.308800000610351333e+01
4.278399999877929361e+01
4.350400000366210662e+01
4.312000000976562575e+01
4.296000000000000085e+01
4.380799998779296800e+01
4.334399998779296936e+01
4.313600000000000279e+01
4.335999999755859591e+01
4.294399999023437431e+01
4.148799999999999955e+01
4.566400000610351384e+01
4.403199999999999648e+01
4.486400000610351668e+01
4.302399999023437260e+01
4.518400000732422228e+01
4.222399999816894223e+01
5.481599998779297067e+01
5.668800000610351475e+01
5.788800000610351759e+01
5.785599999633789281e+01
5.900800000000000267e+01
5.905600000244140801e+01
5.950399998657226774e+01
5.985600000610351401e+01
5.987199997314453270e+01
6.055999998657226513e+01
6.055999999267578460e+01
6.091200000244140966e+01
6.121600000244140460e+01
6.035199999389648440e+01
6.150399998291015891e+01
6.132800000976562416e+01
6.065599998291015282e+01
6.185599997314453447e+01
6.160000000244140494e+01
6.120000000000000284e+01
6.104000000244140978e+01
6.182399997314453088e+01
6.200000000488281415e+01
6.286399997314453003e+01
6.273600001464843956e+01
6.212799998291015413e+01
6.257600000000000051e+01
6.305599999633788855e+01
6.310399998291015322e+01
6.284800000610351844e+01
6.286399999633788838e+01
6.377599999023437505e+01
6.318399999267577982e+01
6.396799998291015754e+01
6.284799997314453179e+01
6.318399998291015862e+01
6.372799999267578386e+01
6.430399998291015606e+01
6.353600001464843672e+01
6.372799997314453435e+01
6.367999997314453253e+01
6.435200000244140028e+01
6.411199999267577709e+01
6.422400000244140017e+01
6.455999998291015629e+01
6.385599999267578397e+01
6.457599998291016163e+01
6.414399999267578778e+01
6.401600000000000534e+01
6.470399998657227059e+01
6.515199998291015504e+01
6.591999998535156635e+01
6.603200001464843183e+01
6.556799999023436953e+01
6.595200000976562649e+01
6.593599998291016107e+01
6.564799999633788730e+01
6.646399998291015265e+01
6.529599998657226934e+01
6.617600000610352140e+01
6.683200000732422552e+01
6.643199997314452787e+01
6.627199999267578789e+01
6.668800001464843774e+01
6.651199998291015447e+01
6.619199998657227013e+01
6.647999997558594032e+01
6.623999998535155953e+01
6.612799997314452582e+01
6.681599997314452821e+01
6.716800000244140278e+01
6.665599999633789707e+01
6.699199999511718318e+01
6.651199998657226331e+01
6.662400001464843058e+01
6.635199998291015788e+01
6.652800000488281285e+01
6.659200000244140938e+01
6.627200001464844092e+01
6.622399999267578607e+01
6.607999999267578062e+01
6.647999997314452969e+01
6.673599997314452992e+01
6.625599999023437192e+01
6.630400001464843740e+01
6.657599999633788457e+01
6.590400001464843172e+01
6.646399998291015265e+01
6.609600000244140006e+01
6.659200000610351822e+01
6.699199999267578676e+01
6.655999999023437397e+01
6.636800001464844456e+01
6.644800000610351276e+01
6.646400000244140926e+01
6.708800000488281512e+01
6.654399998291015095e+01
6.700799998291014958e+01
6.721599998291016220e+01
6.696000000488281501e+01
