1.111999999954223561e+01
1.351999999908447236e+01
1.779199999572754010e+01
2.049599999572754072e+01
2.444799999755859332e+01
2.855999999816894430e+01
2.966400000122070324e+01
3.179199999145507860e+01
3.439999999755859506e+01
3.585599998779296982e+01
3.548799999145507655e+01
3.699199999389648497e+01
3.823999999145507900e+01
3.867199998779296521e+01
3.942400000976562779e+01
4.073599999389648474e+01
4.121599999389648161e+01
4.094399999816894820e+01
4.032000000366210912e+01
4.124799998779296573e+01
4.222399999755859312e+01
4.278399999755859540e+01
4.231999998779296845e+01
4.283200000366210958e+01
4.281600000976562370e+01
4.235199998779297204e+01
4.417599998779297010e+01
4.379200000610351395e+01
4.438399999755859682e+01
4.379200000366211043e+01
4.422400000366211259e+01
4.371200000000000330e+01
4.360000000366211026e+01
4.439999999755859506e+01
4.486399999633788838e+01
4.447999999511718983e+01
4.460799999389648463e+01
4.503999999755859562e+01
4.491200000976562734e+01
4.508799999755859034e+01
4.462400000732422001e+01
4.561599999999999966e+01
4.465599998657226877e+01
4.527999999755859051e+01
4.571199999389648383e+01
4.459200000366210759e+01
4.465600000122070412e+01
4.608000000366210713e+01
4.619199997314453299e+01
4.595200000732421586e+01
4.438400000122070566e+01
4.588799999755859460e+01
4.537599999755859415e+01
4.572800000976562274e+01
4.444800000000000040e+01
4.503999999816894473e+01
4.516799999389648690e+01
4.580799999633789099e+01
4.478400000976562723e+01
4.289599999389648133e+01
4.515200000976562222e+01
4.537599999389648531e+01
4.345600000366211191e+01
4.491200000732421671e+01
4.383999999755859278e+01
4.335999999145507644e+01
4.486400000366210605e+01
4.340800000976562245e+01
4.404799999511718767e+01
4.220799999389648605e+01
4.513599999389648332e+01
4.342399999023437829e+01
4.484800000976562728e+01
4.467200000732422183e+01
4.388800000366210696e+01
4.555200000976562791e+01
4.263999999145507758e+01
4.412799998779296828e+01
4.486400000976562552e+01
4.382400000732421574e+01
4.238399999145507735e+01
4.345599999755859244e+01
4.227199999389648610e+01
4.463999998779296874e+01
4.371200000366211214e+01
4.351999999816894871e+01
4.375999999999999801e+01
4.459200000366210759e+01
4.430399999633789321e+01
4.371200000000000330e+01
4.176000000610351748e+01
4.385600000976562285e+01
4.347199999633789247e+01
4.396800000000000352e+01
4.328000000732421881e+01
4.321600000610351344e+01
4.364799999389648377e+01
4.456000000976562347e+01
4.409600000366211248e+01
4.463999999755859704e+01
5.551999998291015714e+01
5.660800000610351645e+01
5.753599999633789253e+01
5.831999998657226314e+01
5.780800000244140335e+01
5.887999998291015658e+01
5.897599998291015311e+01
5.891199999633789020e+01
5.963199998657226786e+01
5.931200000244140824e+01
5.979199999267578391e+01
6.102400000610351327e+01
6.041599997314452963e+01
6.036800001464843746e+01
6.039999999633788974e+01
6.067200000488281120e+01
6.161600000244140318e+01
6.107199998291015675e+01
6.190400000244140699e+01
6.180799998291015385e+01
6.156800000244140847e+01
6.228799999633788786e+01
6.180799999389648747e+01
6.145599999267577829e+01
6.268799998657226524e+01
6.251199999267578278e+01
6.310399997314453202e+01
6.236800000244140563e+01
6.254399999633788809e+01
6.267199999267577937e+01
6.199999998291015402e+01
6.265600000244140944e+01
6.286399998657226718e+01
6.292799997314453009e+01
6.312000001464843990e+01
6.308799999267578329e+01
6.287999997314452827e+01
6.351999999267577834e+01
6.281599998657226536e+01
6.336000001464843479e+01
6.320000000610351520e+01
6.393599999633789110e+01
6.409599998291015766e+01
6.369599998291015908e+01
6.372800000244140506e+01
6.366400000244140500e+01
6.332799998291015697e+01
6.331199998657226757e+01
6.343999998657226769e+01
6.475199998291014936e+01
6.508800000244140449e+01
6.561600000488280671e+01
6.486399997314453003e+01
6.580799999267577505e+01
6.451199999633789162e+01
6.491200001464844149e+01
6.558400000488281023e+01
6.512000000976561864e+01
6.487999998657227252e+01
6.574400000244141040e+01
6.529599997558594282e+01
6.505600000488281864e+01
6.569600000732421563e+01
6.558399999633789434e+01
6.590399999633788752e+01
6.531199997314453753e+01
6.563199998535155544e+01
6.579199998291015561e+01
6.644799997314453321e+01
6.553600000244141199e+01
6.627199999267578789e+01
6.590399998291015038e+01
6.534399997558593043e+01
6.622400000488281080e+01
6.560000000488281557e+01
6.582399998657226092e+01
6.588800001464844058e+01
6.551999997314453594e+01
6.580800001464844229e+01
6.590399998291015038e+01
6.583999999267578573e+01
6.513599998291014970e+01
6.497599998291015311e+01
6.526399999267577812e+01
6.611199998291016300e+01
6.550399999267578721e+01
6.598399997314453458e+01
6.643200001464843751e+01
6.553599999511719432e+01
6.552000000488281728e+01
6.590399999267577869e+01
6.582400001464843342e+01
6.564799998291015015e+01
6.604800001464843717e+01
6.686400000488281137e+01
6.561599999267578198e+01
6.620800000488280546e+01
6.510399999267578153e+01
6.615999999511718954e+01
6.547199998291016243e+01
