1.193999958038330078e+01
1.660000038146972656e+01
1.788999938964843750e+01
2.347999954223632812e+01
2.792000007629394531e+01
3.238999938964843750e+01
2.751999855041503906e+01
3.348999786376953125e+01
3.725000000000000000e+01
3.764999771118164062e+01
3.961999893188476562e+01
3.682999801635742188e+01
3.871999740600585938e+01
4.011000061035156250e+01
3.912999725341796875e+01
3.504000091552734375e+01
4.230999755859375000e+01
4.430999755859375000e+01
4.312999725341796875e+01
3.838999938964843750e+01
4.246999740600585938e+01
4.289999771118164062e+01
4.425999832153320312e+01
4.127000045776367188e+01
4.272999954223632812e+01
3.743999862670898438e+01
4.139999771118164062e+01
4.553999710083007812e+01
4.509999847412109375e+01
4.309000015258789062e+01
4.121999740600585938e+01
4.159000015258789062e+01
4.411999893188476562e+01
4.396999740600585938e+01
4.518000030517578125e+01
4.375999832153320312e+01
4.297999954223632812e+01
4.436000061035156250e+01
4.038999938964843750e+01
3.945999908447265625e+01
4.579999923706054688e+01
4.311000061035156250e+01
4.490999984741210938e+01
4.165999984741210938e+01
4.261999893188476562e+01
4.609000015258789062e+01
4.461000061035156250e+01
4.487999725341796875e+01
4.580999755859375000e+01
4.136000061035156250e+01
4.669999694824218750e+01
4.669999694824218750e+01
4.300999832153320312e+01
4.461999893188476562e+01
4.543999862670898438e+01
4.439999771118164062e+01
4.600999832153320312e+01
4.614999771118164062e+01
4.288999938964843750e+01
4.840999984741210938e+01
4.348999786376953125e+01
4.815999984741210938e+01
4.632999801635742188e+01
3.907999801635742188e+01
4.680999755859375000e+01
4.386999893188476562e+01
4.740999984741210938e+01
4.703999710083007812e+01
4.271999740600585938e+01
4.544999694824218750e+01
3.861000061035156250e+01
3.609999847412109375e+01
4.487999725341796875e+01
4.868000030517578125e+01
4.286999893188476562e+01
4.652000045776367188e+01
4.715999984741210938e+01
4.139999771118164062e+01
3.918999862670898438e+01
4.452999877929687500e+01
4.534000015258789062e+01
4.527999877929687500e+01
4.362999725341796875e+01
4.213999938964843750e+01
4.032999801635742188e+01
2.947999954223632812e+01
4.714999771118164062e+01
4.650000000000000000e+01
4.481999969482421875e+01
4.096999740600585938e+01
4.625000000000000000e+01
4.411999893188476562e+01
4.698999786376953125e+01
4.566999816894531250e+01
4.709000015258789062e+01
4.857999801635742188e+01
4.314999771118164062e+01
4.643999862670898438e+01
4.903999710083007812e+01
4.811999893188476562e+01
5.268999862670898438e+01
5.352999877929687500e+01
5.336999893188476562e+01
5.412999725341796875e+01
5.431999969482421875e+01
5.338999938964843750e+01
5.434000015258789062e+01
5.440999984741210938e+01
5.490999984741210938e+01
5.593999862670898438e+01
5.509999847412109375e+01
5.523999786376953125e+01
5.491999816894531250e+01
5.586999893188476562e+01
5.514999771118164062e+01
5.502000045776367188e+01
5.609999847412109375e+01
5.616999816894531250e+01
5.593000030517578125e+01
5.636999893188476562e+01
5.602000045776367188e+01
5.579999923706054688e+01
5.543000030517578125e+01
5.572999954223632812e+01
5.527999877929687500e+01
5.565999984741210938e+01
5.625999832153320312e+01
5.541999816894531250e+01
5.532999801635742188e+01
5.704999923706054688e+01
5.561999893188476562e+01
5.534000015258789062e+01
5.695999908447265625e+01
5.532999801635742188e+01
5.718999862670898438e+01
5.638999938964843750e+01
5.652000045776367188e+01
5.659000015258789062e+01
5.666999816894531250e+01
5.643000030517578125e+01
5.682999801635742188e+01
5.625000000000000000e+01
5.653999710083007812e+01
5.650999832153320312e+01
5.653999710083007812e+01
5.789999771118164062e+01
5.527000045776367188e+01
5.715999984741210938e+01
5.663999938964843750e+01
5.741999816894531250e+01
5.782999801635742188e+01
5.768000030517578125e+01
5.759999847412109375e+01
5.785999679565429688e+01
5.764999771118164062e+01
5.773999786376953125e+01
5.781999969482421875e+01
5.793000030517578125e+01
5.802999877929687500e+01
5.797999954223632812e+01
5.777999877929687500e+01
5.789999771118164062e+01
5.768000030517578125e+01
5.798999786376953125e+01
5.793000030517578125e+01
5.807999801635742188e+01
5.823999786376953125e+01
5.780999755859375000e+01
5.793999862670898438e+01
5.816999816894531250e+01
5.818000030517578125e+01
5.818999862670898438e+01
5.809000015258789062e+01
5.789999771118164062e+01
5.771999740600585938e+01
5.793000030517578125e+01
5.809999847412109375e+01
5.787999725341796875e+01
5.796999740600585938e+01
5.793999862670898438e+01
5.803999710083007812e+01
5.816999816894531250e+01
5.816999816894531250e+01
5.809999847412109375e+01
5.805999755859375000e+01
5.800999832153320312e+01
5.784999847412109375e+01
5.825999832153320312e+01
5.804999923706054688e+01
5.789999771118164062e+01
5.825000000000000000e+01
5.805999755859375000e+01
5.821999740600585938e+01
5.788999938964843750e+01
5.812999725341796875e+01
5.809000015258789062e+01
5.784999847412109375e+01
5.790999984741210938e+01
5.802999877929687500e+01
5.816999816894531250e+01
