2.324458956718444824e+01
2.274930191040039062e+01
2.275777792930603027e+01
2.319447708129882812e+01
2.347709345817565918e+01
2.321841883659362793e+01
2.313075590133666992e+01
2.327537560462951660e+01
2.298029923439025879e+01
2.320436763763427734e+01
2.326645207405090332e+01
2.306361174583435059e+01
2.282896590232849121e+01
2.303497314453125000e+01
2.323870444297790527e+01
2.333681893348693848e+01
2.323420715332031250e+01
2.326542305946350098e+01
2.320298814773559570e+01
2.320531821250915527e+01
2.317002582550048828e+01
2.321232748031616211e+01
2.281360316276550293e+01
2.337701916694641113e+01
2.300840067863464355e+01
2.305198049545288086e+01
2.301026511192321777e+01
2.307865858078002930e+01
2.296156167984008789e+01
2.287155032157897949e+01
2.304860877990722656e+01
2.294602704048156738e+01
2.287747216224670410e+01
2.282650446891784668e+01
2.309450912475585938e+01
2.308491301536560059e+01
2.344833254814147949e+01
2.341759991645812988e+01
2.314081335067749023e+01
2.284871125221252441e+01
2.292174196243286133e+01
2.292716383934020996e+01
2.304344534873962402e+01
2.284739232063293457e+01
2.318406105041503906e+01
2.304384326934814453e+01
2.325571775436401367e+01
2.287233829498291016e+01
2.284380841255187988e+01
2.309139823913574219e+01
2.309837627410888672e+01
2.284840679168701172e+01
2.310161256790161133e+01
2.286016511917114258e+01
2.333026218414306641e+01
2.319406080245971680e+01
2.360954427719116211e+01
2.275183010101318359e+01
2.307076621055603027e+01
2.314499044418334961e+01
2.317676234245300293e+01
2.295026159286499023e+01
2.351887536048889160e+01
2.294541716575622559e+01
2.276305603981018066e+01
2.296207785606384277e+01
2.322730851173400879e+01
2.310978507995605469e+01
2.316340661048889160e+01
2.275340390205383301e+01
2.297406601905822754e+01
2.299006843566894531e+01
2.308010411262512207e+01
2.289974522590637207e+01
2.279160356521606445e+01
2.328607678413391113e+01
2.301417398452758789e+01
2.297637772560119629e+01
2.285315752029418945e+01
2.288250184059143066e+01
2.347005152702331543e+01
2.308481740951538086e+01
2.281378006935119629e+01
2.289500665664672852e+01
2.274979615211486816e+01
2.325442719459533691e+01
2.298181700706481934e+01
2.321714401245117188e+01
2.288347983360290527e+01
2.278635859489440918e+01
2.290798044204711914e+01
2.283913278579711914e+01
2.313163828849792480e+01
2.303688693046569824e+01
2.323730969429016113e+01
2.272998428344726562e+01
2.330071067810058594e+01
2.320268678665161133e+01
2.285465693473815918e+01
2.285459756851196289e+01
2.281392812728881836e+01
2.283102154731750488e+01
2.310896587371826172e+01
2.285459470748901367e+01
2.323679852485656738e+01
2.306423449516296387e+01
2.326012802124023438e+01
2.329227256774902344e+01
2.306929278373718262e+01
2.288998651504516602e+01
2.296999192237854004e+01
2.302311730384826660e+01
2.292407202720642090e+01
2.313687014579772949e+01
2.273803639411926270e+01
2.284916305541992188e+01
2.287278294563293457e+01
2.309832286834716797e+01
2.324519228935241699e+01
2.282919406890869141e+01
2.286369752883911133e+01
2.289351701736450195e+01
2.282431101799011230e+01
2.343948197364807129e+01
2.293678784370422363e+01
2.281936883926391602e+01
2.287529301643371582e+01
2.302573490142822266e+01
2.286752390861511230e+01
2.284082889556884766e+01
2.286307096481323242e+01
2.285526967048645020e+01
2.277123117446899414e+01
2.292075204849243164e+01
2.307864832878112793e+01
2.297191452980041504e+01
2.288075470924377441e+01
2.274019742012023926e+01
2.273764252662658691e+01
2.316180562973022461e+01
2.294585561752319336e+01
2.271260905265808105e+01
2.294463849067687988e+01
2.273930788040161133e+01
2.286016774177551270e+01
2.318017792701721191e+01
2.315152215957641602e+01
2.306798934936523438e+01
2.307341456413269043e+01
2.298667740821838379e+01
2.275023436546325684e+01
2.478525376319885254e+01
2.340639567375183105e+01
2.337772679328918457e+01
2.303092050552368164e+01
2.293952488899230957e+01
2.299335312843322754e+01
2.278800988197326660e+01
2.278243327140808105e+01
2.299079966545104980e+01
2.290029215812683105e+01
2.290960574150085449e+01
2.331801271438598633e+01
2.286032533645629883e+01
2.295357060432434082e+01
2.294206523895263672e+01
2.267325210571289062e+01
2.284437870979309082e+01
2.291339063644409180e+01
2.315008091926574707e+01
2.325015187263488770e+01
2.302107334136962891e+01
2.265395903587341309e+01
2.277036595344543457e+01
2.285859560966491699e+01
2.283295035362243652e+01
2.272847318649291992e+01
2.297840404510498047e+01
2.283647894859313965e+01
2.277706289291381836e+01
2.268587779998779297e+01
2.265535402297973633e+01
2.306956195831298828e+01
2.283670496940612793e+01
2.320335149765014648e+01
2.275217247009277344e+01
2.286465811729431152e+01
2.274065828323364258e+01
2.271588587760925293e+01
2.305893015861511230e+01
2.279630184173583984e+01
2.270708847045898438e+01
2.286875915527343750e+01
2.264280652999877930e+01
2.272004365921020508e+01
2.296496367454528809e+01
2.272518968582153320e+01
2.262545108795166016e+01
2.285716152191162109e+01
2.270720839500427246e+01
