1.295457935333251953e+01
1.232972836494445801e+01
1.235160326957702637e+01
1.242913818359375000e+01
1.243178629875183105e+01
1.237281131744384766e+01
1.240607523918151855e+01
1.234224152565002441e+01
1.238090991973876953e+01
1.235607433319091797e+01
1.232458019256591797e+01
1.236323547363281250e+01
1.235681867599487305e+01
1.244120478630065918e+01
1.239238142967224121e+01
1.239302325248718262e+01
1.237002944946289062e+01
1.246829462051391602e+01
1.240020799636840820e+01
1.240148758888244629e+01
1.240544652938842773e+01
1.240903449058532715e+01
1.238132286071777344e+01
1.238893914222717285e+01
1.235562968254089355e+01
1.238586854934692383e+01
1.233461737632751465e+01
1.238785696029663086e+01
1.234025573730468750e+01
1.232998085021972656e+01
1.232758712768554688e+01
1.232957911491394043e+01
1.230441784858703613e+01
1.233882546424865723e+01
1.237657284736633301e+01
1.236180996894836426e+01
1.230422353744506836e+01
1.240468835830688477e+01
1.242771768569946289e+01
1.231283664703369141e+01
1.235564088821411133e+01
1.233358287811279297e+01
1.237663340568542480e+01
1.235583162307739258e+01
1.231794214248657227e+01
1.233878970146179199e+01
1.237559986114501953e+01
1.233500981330871582e+01
1.233248233795166016e+01
1.232347846031188965e+01
1.231959462165832520e+01
1.233528590202331543e+01
1.231631469726562500e+01
1.233112001419067383e+01
1.234264945983886719e+01
1.232991266250610352e+01
1.237388515472412109e+01
1.231408286094665527e+01
1.231797575950622559e+01
1.233318805694580078e+01
1.237252926826477051e+01
1.234871196746826172e+01
1.233192062377929688e+01
1.231334972381591797e+01
1.234218049049377441e+01
1.232589769363403320e+01
1.234386825561523438e+01
1.230838251113891602e+01
1.232329249382019043e+01
1.233747076988220215e+01
1.233916544914245605e+01
1.233062672615051270e+01
1.234419798851013184e+01
1.231733560562133789e+01
1.238678503036499023e+01
1.238786005973815918e+01
1.233754301071166992e+01
1.231646084785461426e+01
1.234527015686035156e+01
1.233642101287841797e+01
1.234527540206909180e+01
1.233901977539062500e+01
1.234963655471801758e+01
1.229751014709472656e+01
1.231325221061706543e+01
1.229801154136657715e+01
1.232052874565124512e+01
1.232570958137512207e+01
1.232491254806518555e+01
1.235519766807556152e+01
1.231438922882080078e+01
1.236216211318969727e+01
1.236935353279113770e+01
1.235178351402282715e+01
1.231497168540954590e+01
1.232808113098144531e+01
1.241968846321105957e+01
1.231779026985168457e+01
1.234095668792724609e+01
1.231487584114074707e+01
1.234258604049682617e+01
1.237683939933776855e+01
1.231708455085754395e+01
1.231066632270812988e+01
1.230834603309631348e+01
1.231617903709411621e+01
1.234477257728576660e+01
1.235905385017395020e+01
1.236418819427490234e+01
1.230288410186767578e+01
1.229570913314819336e+01
1.231074309349060059e+01
1.234259462356567383e+01
1.237096309661865234e+01
1.229131603240966797e+01
1.232620859146118164e+01
1.234498596191406250e+01
1.234875059127807617e+01
1.234084677696228027e+01
1.232555484771728516e+01
1.230906009674072266e+01
1.234636473655700684e+01
1.230266809463500977e+01
1.233727002143859863e+01
1.235335445404052734e+01
1.233881473541259766e+01
1.234110379219055176e+01
1.231433582305908203e+01
1.231174135208129883e+01
1.236833095550537109e+01
1.233161211013793945e+01
1.235349154472351074e+01
1.233893775939941406e+01
1.235034584999084473e+01
1.233672833442687988e+01
1.235308527946472168e+01
1.233062148094177246e+01
1.237957501411437988e+01
1.232170748710632324e+01
1.232968521118164062e+01
1.239807844161987305e+01
1.235793304443359375e+01
1.237328672409057617e+01
1.234853911399841309e+01
1.236463832855224609e+01
1.234414839744567871e+01
1.237150144577026367e+01
1.231847810745239258e+01
1.232952904701232910e+01
1.236135959625244141e+01
1.234269380569458008e+01
1.226620197296142578e+01
1.240746021270751953e+01
1.245211935043334961e+01
1.243512606620788574e+01
1.238769054412841797e+01
1.233621788024902344e+01
1.233794021606445312e+01
1.232896947860717773e+01
1.240540909767150879e+01
1.241143226623535156e+01
1.241645908355712891e+01
1.239697098731994629e+01
1.239955639839172363e+01
1.244968128204345703e+01
1.236670994758605957e+01
1.222899484634399414e+01
1.228849196434020996e+01
1.221159720420837402e+01
1.219996500015258789e+01
1.234917569160461426e+01
1.231840157508850098e+01
1.226987862586975098e+01
1.238573694229125977e+01
1.237934780120849609e+01
1.224337100982666016e+01
1.238756775856018066e+01
1.235701513290405273e+01
1.230131220817565918e+01
1.226690077781677246e+01
1.224580621719360352e+01
1.232317543029785156e+01
1.237008357048034668e+01
1.221295475959777832e+01
1.223492932319641113e+01
1.238906812667846680e+01
1.234241032600402832e+01
1.221051430702209473e+01
1.222979664802551270e+01
1.222890472412109375e+01
1.238062548637390137e+01
1.243006706237792969e+01
1.230149340629577637e+01
1.231313204765319824e+01
1.238369107246398926e+01
1.235873556137084961e+01
1.221937966346740723e+01
1.225896477699279785e+01
1.236818885803222656e+01
1.233472824096679688e+01
