2.360359642868041785e+00
2.280337613601684410e+00
2.191744885559081979e+00
2.130383386688232239e+00
2.036055975723266798e+00
1.966742087135314954e+00
1.975478696365356335e+00
1.922539714012146073e+00
1.886113889923095810e+00
1.944328901252746489e+00
1.902240502700805580e+00
1.899053216857910176e+00
1.876757333106994663e+00
1.868594028434753529e+00
1.896709496002197293e+00
1.884779229736328166e+00
1.915981350364684976e+00
1.869116778831481973e+00
1.889684758148193255e+00
1.878274308471679754e+00
1.881829475059509260e+00
1.860071895523071284e+00
1.889507534217834461e+00
1.871096743545532126e+00
1.887631347122192382e+00
1.873910792007446258e+00
1.848725028457641528e+00
1.908121204681396454e+00
1.891842377929687569e+00
1.870414973373413003e+00
1.845618440132141158e+00
1.881878316726684597e+00
1.877289881896972545e+00
1.873363246574401897e+00
1.858079119529724155e+00
1.872939160156249949e+00
1.870828571548461827e+00
1.907681089973449762e+00
1.851628195457458492e+00
1.842613220443725552e+00
1.901675019264221111e+00
1.886226473159789974e+00
1.902213520126342816e+00
1.872769583587646558e+00
1.850566631050109878e+00
1.880005298995971685e+00
1.882496231575012224e+00
1.870626482315063566e+00
1.886539924354553310e+00
1.874580387039184615e+00
1.898852231063842710e+00
1.887935549850463968e+00
1.882241928825378441e+00
1.911985384140014732e+00
1.893032758522033676e+00
1.912848702354431163e+00
1.951024212760925192e+00
1.873314731750488349e+00
1.930701747665405366e+00
1.934001947555541889e+00
1.915921520156860458e+00
1.908644826660156335e+00
1.933439449806213295e+00
1.935244246215820363e+00
1.936091448974609275e+00
1.921347851257324324e+00
1.921477340621948304e+00
1.989242826004028242e+00
1.911922465362548840e+00
1.981952443771362260e+00
1.970082485160827623e+00
1.950096282081603905e+00
1.952032659301757844e+00
1.936286712417602640e+00
1.952879415588378853e+00
1.920245044708251969e+00
2.013643994369506807e+00
1.962602323226928736e+00
1.966350305938720622e+00
1.962900800476074181e+00
2.024069923095703327e+00
1.936067360763549905e+00
1.998770739707946831e+00
1.920598637695312583e+00
1.943123176612854053e+00
1.985659298171997156e+00
1.960662212677001914e+00
1.947078409271240318e+00
1.953696709899902295e+00
1.971105856475830143e+00
1.966469564971923933e+00
1.977240775299072162e+00
1.952539983062744122e+00
1.989089181289672936e+00
1.970444119338989220e+00
2.020526893501281673e+00
1.994719601745605475e+00
1.969080207328796295e+00
2.004743240432739437e+00
1.992753738708496147e+00
1.614926721839904822e+00
1.590335114517211990e+00
1.640806971092224176e+00
1.596925999526977558e+00
1.600797683372497504e+00
1.580695655021667534e+00
1.605913903694152767e+00
1.582013714866638221e+00
1.608831257324218722e+00
1.615100578002929721e+00
1.608304288330078213e+00
1.627016514015197757e+00
1.640273862571716368e+00
1.619537421607971206e+00
1.648467630271911677e+00
1.622764051513671868e+00
1.621950681915283132e+00
1.598590724830627474e+00
1.636636232681274450e+00
1.630863319396972599e+00
1.641177331504821701e+00
1.614767308006286539e+00
1.648494302482605089e+00
1.637564363937378031e+00
1.651847733802795481e+00
1.634367193450927624e+00
1.650253441047668357e+00
1.637631627693176162e+00
1.643751739349365248e+00
1.638601410827636773e+00
1.621455887451171973e+00
1.606995562477111728e+00
1.635991356430053667e+00
1.614030196685791063e+00
1.611433099327087337e+00
1.617965058822631752e+00
1.623801653213500895e+00
1.650586183776855398e+00
1.624392920188903799e+00
1.651522229232788019e+00
1.644626964492797772e+00
1.655765295333862408e+00
1.645772223777770993e+00
1.636515332984924243e+00
1.626594011650085436e+00
1.628382192993164113e+00
1.630465866317748924e+00
1.631689495162963910e+00
1.629915403022766052e+00
1.652495964698791564e+00
1.624703988609313976e+00
1.592126616821289087e+00
1.594050165061950741e+00
1.609185079956054754e+00
1.592663100814819321e+00
1.582791511001586882e+00
1.627340777511596670e+00
1.615017472152709965e+00
1.606518656539916989e+00
1.594138002624511774e+00
1.594539982032775915e+00
1.604219063415527335e+00
1.600329277915954584e+00
1.594416503601074231e+00
1.573835723381042495e+00
1.567860358428954992e+00
1.593777577438354465e+00
1.595509736938476530e+00
1.603921715812683058e+00
1.608534623870849556e+00
1.602439927787780771e+00
1.568732587394714439e+00
1.601875222053527725e+00
1.603900521545410074e+00
1.588130052223205579e+00
1.561082998313903847e+00
1.605834582290649459e+00
1.594078357429504322e+00
1.580529089126586850e+00
1.587241730232238801e+00
1.594545778732299857e+00
1.620771440315246670e+00
1.595448065795898485e+00
1.594033648681640658e+00
1.578035839805603135e+00
1.583091020278930561e+00
1.589359157257079991e+00
1.600159299545288016e+00
1.621557418098449777e+00
1.566241475028991692e+00
1.578834020843505881e+00
1.592611721076965248e+00
1.579435884170532267e+00
1.568489787826538029e+00
1.577454555397033609e+00
1.586804093322753850e+00
1.584691270713806110e+00
1.611739249649047911e+00
1.555066626930236895e+00
1.615422607040405190e+00
