1.124799999938964845e+01
1.451199999145507746e+01
1.859200000488281290e+01
2.308799999908447376e+01
2.503999999511718855e+01
2.696000000732421853e+01
2.894399999145507962e+01
3.132799999755859233e+01
3.347199998779296948e+01
3.457599999877929520e+01
3.585600000000000165e+01
3.763199999145507491e+01
3.699199998779296550e+01
3.870400000366210946e+01
3.841600000366211276e+01
3.987199999755859636e+01
3.942400000122070480e+01
4.007999999023437709e+01
3.953599999145507837e+01
4.134399998779296936e+01
4.099200000610351680e+01
4.088000000732422023e+01
4.126399999755859227e+01
4.185599998779296982e+01
4.134400000976562239e+01
4.179199999389648212e+01
4.209599999389648417e+01
4.316799998779296743e+01
4.369599998779296612e+01
4.291200000366210787e+01
4.353600000366211020e+01
4.265600000366210764e+01
4.363200000976562620e+01
4.379199999389648212e+01
4.380799999999999983e+01
4.255999999755859164e+01
4.337600000244140830e+01
4.399999999633789116e+01
4.510399999389648684e+01
4.459199999755859523e+01
4.275200000976562364e+01
4.471999999023437766e+01
4.411199998779297005e+01
4.452799999023437749e+01
4.531199998779296578e+01
4.318399999145508161e+01
4.441599999755859329e+01
4.531199999023437641e+01
4.536000000183105385e+01
4.448000000732422166e+01
4.479999998779296533e+01
4.451199999389648099e+01
4.511999998779296561e+01
4.513600000366211162e+01
4.488000000976562376e+01
4.582399998657226803e+01
4.407999999999999829e+01
4.337600000610351714e+01
4.420800000122070372e+01
4.510399999023437800e+01
4.497599999023437789e+01
4.532800000000000296e+01
4.424000000976562319e+01
4.483199999389648127e+01
4.507199998779297090e+01
4.518399999023437630e+01
4.383999998779297158e+01
4.571199999023437499e+01
4.283200000610351310e+01
4.428799999145508082e+01
4.542400000976562779e+01
4.347199998779296948e+01
4.353599999755859074e+01
4.151999999389648366e+01
4.348800000366210838e+01
4.417600000366211077e+01
4.403199999389648411e+01
4.329600000610351884e+01
4.500800000976562387e+01
4.328000000366210998e+01
4.385600000366211049e+01
4.420800000732421609e+01
4.393599999816894552e+01
4.355199999755859608e+01
4.500799999023437437e+01
4.415999999755859307e+01
4.427200000488281262e+01
4.264000000610351293e+01
4.456000000976562347e+01
4.399999999023437169e+01
4.574400000122070509e+01
4.382399998779296624e+01
4.480000000488281131e+01
4.412800000976562842e+01
4.452800000976562700e+01
4.454400000732422171e+01
4.422399999389648428e+01
4.492799999023437607e+01
4.488000000366211140e+01
4.553600000732421904e+01
5.617600000610351429e+01
5.785599999511718750e+01
5.793599999023437164e+01
5.880000000976562546e+01
5.838400000244140386e+01
5.940800000244140477e+01
5.995200000244140881e+01
6.006400000976562836e+01
6.046400000244140926e+01
6.121599998291015510e+01
6.030399999023437374e+01
6.070400000610351299e+01
6.089599997314453361e+01
6.105600001464843984e+01
6.142399998657226234e+01
6.145599998291015709e+01
6.161599999633789082e+01
6.155199999267578193e+01
6.241599999633788798e+01
6.175999999023437681e+01
6.188799999023437692e+01
6.222399998291015777e+01
6.203199998657226644e+01
6.225599999267578255e+01
6.292800000244140790e+01
6.316800001464843461e+01
6.281599999267577772e+01
6.303999998657226911e+01
6.283199998291015476e+01
6.329599999633789054e+01
6.275199998291015646e+01
6.380799999633789099e+01
6.377599998291015737e+01
6.470400000488281478e+01
6.355199998535156425e+01
6.382399999267578039e+01
6.409599997314452935e+01
6.403199999633788764e+01
6.371199998657226615e+01
6.387199999633789105e+01
6.400000000488280705e+01
6.439999999267578801e+01
6.358400000610351555e+01
6.489599999511719375e+01
6.415999999267577891e+01
6.465600000488281296e+01
6.531199998291015163e+01
6.499199999633789560e+01
6.516799999267577448e+01
6.548799999633789071e+01
6.566399998291015550e+01
6.679999997314453708e+01
6.615999997558593293e+01
6.579199997314452730e+01
6.596800001464843888e+01
6.633599997314452423e+01
6.649600000244140574e+01
6.654400000610351640e+01
6.622400000488281080e+01
6.676800000488280773e+01
6.614399998291015947e+01
6.716799999267577448e+01
6.675199998657227241e+01
6.689599998291015481e+01
6.668800001464843774e+01
6.648000001464843933e+01
6.667199997314453697e+01
6.644799998535155794e+01
6.651200001464843581e+01
6.635199999511718261e+01
6.631999999267577550e+01
6.638399998535156499e+01
6.694399998535156726e+01
6.705599998291015140e+01
6.673600000244140062e+01
6.700799999023438147e+01
6.681599998291015652e+01
6.651199999633789162e+01
6.676800000244141131e+01
6.675199998291014936e+01
6.707199997558593907e+01
6.683199999511718659e+01
6.689599999267578312e+01
6.681599999511718124e+01
6.641599999267577914e+01
6.656000001464843763e+01
6.652800001464844115e+01
6.710399999267578153e+01
6.700800001464843092e+01
6.728000001464843649e+01
6.673600000244140062e+01
6.704000000488281330e+01
6.723200001464843467e+01
6.654399998291015095e+01
6.667199999633788821e+01
6.700799998291014958e+01
6.697599997314452480e+01
6.620799999999999841e+01
6.668799998291015640e+01
6.688000001464843081e+01
