4.017829895019531250e-01
3.939487934112548828e-01
3.921947479248046875e-01
3.979766368865966797e-01
3.907051086425781250e-01
3.964531421661376953e-01
3.804464340209960938e-01
3.979084491729736328e-01
3.857567310333251953e-01
3.931820392608642578e-01
3.828122615814208984e-01
3.862750530242919922e-01
3.907580375671386719e-01
3.833703994750976562e-01
3.960044384002685547e-01
3.853955268859863281e-01
3.955931663513183594e-01
3.861746788024902344e-01
3.883516788482666016e-01
3.895745277404785156e-01
3.829777240753173828e-01
3.943359851837158203e-01
3.851103782653808594e-01
3.939940929412841797e-01
3.900737762451171875e-01
3.876075744628906250e-01
3.916938304901123047e-01
3.792188167572021484e-01
3.944072723388671875e-01
3.848626613616943359e-01
3.911123275756835938e-01
3.934080600738525391e-01
3.858642578125000000e-01
3.907458782196044922e-01
3.801319599151611328e-01
3.956038951873779297e-01
4.760107994079589844e-01
3.939263820648193359e-01
3.919889926910400391e-01
3.827447891235351562e-01
3.955111503601074219e-01
3.832862377166748047e-01
3.956668376922607422e-01
3.813154697418212891e-01
3.870518207550048828e-01
3.926763534545898438e-01
3.826303482055664062e-01
3.931295871734619141e-01
3.825488090515136719e-01
3.937349319458007812e-01
3.833022117614746094e-01
3.878836631774902344e-01
3.909521102905273438e-01
3.817448616027832031e-01
3.966150283813476562e-01
3.841557502746582031e-01
3.917782306671142578e-01
3.857126235961914062e-01
3.852951526641845703e-01
3.944945335388183594e-01
3.818390369415283203e-01
3.934092521667480469e-01
3.844242095947265625e-01
3.929915428161621094e-01
3.870706558227539062e-01
3.843333721160888672e-01
3.903636932373046875e-01
3.836843967437744141e-01
3.915028572082519531e-01
3.856234550476074219e-01
3.875310420989990234e-01
3.939623832702636719e-01
3.845989704132080078e-01
3.950004577636718750e-01
3.818018436431884766e-01
3.891255855560302734e-01
3.893835544586181641e-01
3.872632980346679688e-01
3.927960395812988281e-01
3.888931274414062500e-01
3.942856788635253906e-01
3.783371448516845703e-01
3.885974884033203125e-01
3.878805637359619141e-01
3.878536224365234375e-01
3.925240039825439453e-01
3.827064037322998047e-01
3.904051780700683594e-01
3.853266239166259766e-01
3.874974250793457031e-01
3.907968997955322266e-01
3.898451328277587891e-01
3.899390697479248047e-01
3.844470977783203125e-01
3.930399417877197266e-01
3.841450214385986328e-01
3.872694969177246094e-01
3.924076557159423828e-01
3.867843151092529297e-01
3.909304141998291016e-01
3.837337493896484375e-01
3.928594589233398438e-01
3.902018070220947266e-01
3.905858993530273438e-01
3.942584991455078125e-01
3.878498077392578125e-01
3.915426731109619141e-01
3.858256340026855469e-01
3.891396522521972656e-01
3.883521556854248047e-01
3.867070674896240234e-01
3.936469554901123047e-01
3.872647285461425781e-01
3.917608261108398438e-01
3.836033344268798828e-01
3.875281810760498047e-01
3.917117118835449219e-01
3.884928226470947266e-01
3.897817134857177734e-01
3.846054077148437500e-01
3.938574790954589844e-01
3.813467025756835938e-01
3.896241188049316406e-01
3.919863700866699219e-01
3.896615505218505859e-01
3.923544883728027344e-01
3.795087337493896484e-01
3.917167186737060547e-01
3.870549201965332031e-01
3.872292041778564453e-01
3.928153514862060547e-01
3.896667957305908203e-01
3.936660289764404297e-01
3.833386898040771484e-01
3.882453441619873047e-01
3.912491798400878906e-01
3.870742321014404297e-01
3.920629024505615234e-01
3.909921646118164062e-01
3.871870040893554688e-01
3.891088962554931641e-01
3.889386653900146484e-01
3.921358585357666016e-01
3.900055885314941406e-01
3.935408592224121094e-01
3.877167701721191406e-01
3.903229236602783203e-01
3.852307796478271484e-01
3.843574523925781250e-01
3.914368152618408203e-01
3.876671791076660156e-01
5.907783508300781250e-01
3.896198272705078125e-01
3.921103477478027344e-01
3.866579532623291016e-01
3.926317691802978516e-01
3.895044326782226562e-01
3.872449398040771484e-01
3.954524993896484375e-01
3.882005214691162109e-01
3.877568244934082031e-01
3.898737430572509766e-01
3.907423019409179688e-01
3.908352851867675781e-01
3.901193141937255859e-01
3.962755203247070312e-01
3.844845294952392578e-01
3.860309123992919922e-01
3.848245143890380859e-01
3.864712715148925781e-01
3.924982547760009766e-01
3.857831954956054688e-01
3.896434307098388672e-01
3.793644905090332031e-01
3.856379985809326172e-01
3.873138427734375000e-01
3.870315551757812500e-01
3.897902965545654297e-01
3.868596553802490234e-01
3.864166736602783203e-01
3.821144104003906250e-01
3.847315311431884766e-01
3.889522552490234375e-01
3.849787712097167969e-01
3.903291225433349609e-01
3.862063884735107422e-01
3.902792930603027344e-01
3.847985267639160156e-01
3.868994712829589844e-01
3.893804550170898438e-01
3.913547992706298828e-01
3.918447494506835938e-01
3.785789012908935547e-01
3.844730854034423828e-01
3.881466388702392578e-01
3.851025104522705078e-01
3.881099224090576172e-01
3.869459629058837891e-01
3.872017860412597656e-01
3.784749507904052734e-01
