2.353958266220092632e+00
2.294791345443725650e+00
2.195729519119262729e+00
2.108917785186767535e+00
2.072550060882568435e+00
1.968060909652709967e+00
1.990026455192565935e+00
1.952852415237426698e+00
1.918352254600524942e+00
1.899681088676452578e+00
1.890356988296508778e+00
1.898548625869751039e+00
1.875450158843994242e+00
1.876291427040100102e+00
1.896014319152832028e+00
1.881430313529968368e+00
1.842354185562133706e+00
1.889650004425048824e+00
1.880113380355834973e+00
1.870108693809509282e+00
1.850074960670471169e+00
1.854329648094177330e+00
1.876423600997924712e+00
1.869793408508300780e+00
1.879396245384216346e+00
1.934102781715393071e+00
1.832605997772216888e+00
1.886945230140685936e+00
1.887349048919677807e+00
1.885256096954345706e+00
1.886256036071777276e+00
1.890476639251708946e+00
1.898546872406005948e+00
1.852343566207885761e+00
1.866712210006713946e+00
1.892344616622924747e+00
1.868813340911865239e+00
1.848812093620300301e+00
1.874088641967773361e+00
1.898152933197021497e+00
1.891063038253784079e+00
1.839800439453125103e+00
1.874532980690002404e+00
1.870695701599121019e+00
1.876627626495361412e+00
1.890837647018432710e+00
1.899567777252197276e+00
1.879007557830810526e+00
1.872924841232299853e+00
1.881805494842529347e+00
1.940918637924194279e+00
1.839564640197753898e+00
1.875788768119811989e+00
1.904348865089416476e+00
1.900281086807251052e+00
1.914023375778198144e+00
1.911598344650268455e+00
1.892244686241149942e+00
1.899253852920532282e+00
1.964698390083313040e+00
1.923380680313110380e+00
1.922547413673400873e+00
1.928777529220581100e+00
1.907570392913818358e+00
1.924493595428466763e+00
1.951611531066894445e+00
1.934067764282226598e+00
1.968287848205566348e+00
1.917374237594604569e+00
1.972360097274780344e+00
1.896732097473144529e+00
1.943995881614684951e+00
1.933961578750610366e+00
1.935501351318359431e+00
1.957477503967285148e+00
1.895360846328735249e+00
2.006390117950439311e+00
1.950358212776184041e+00
1.931943074645996017e+00
1.942939185104370026e+00
1.980177077636718685e+00
1.922799716453552188e+00
1.975512859878540084e+00
1.943486514739990234e+00
1.946044994888305624e+00
1.952170244102477970e+00
1.977207044868469321e+00
1.922185493278503410e+00
1.966398089294433493e+00
1.944743058776855493e+00
2.014132169418334950e+00
1.996062244987487855e+00
1.978287011375427173e+00
1.999584066467285259e+00
1.961122762985229473e+00
1.940551414794921881e+00
1.953109432487487807e+00
1.914817115859985375e+00
1.975618803901672438e+00
1.915336792221069340e+00
1.621825699234008766e+00
1.601276858825683602e+00
1.591669789848327632e+00
1.571128861122131237e+00
1.598359104881286630e+00
1.555694623756408657e+00
1.582491415901184029e+00
1.563280600318908586e+00
1.576002556457519521e+00
1.611831392745971758e+00
1.603293214569091907e+00
1.577715478172302177e+00
1.584087587089538562e+00
1.573243104209899990e+00
1.589903968887329100e+00
1.585385895690917923e+00
1.569886873741149991e+00
1.605678888206481858e+00
1.568345288505554214e+00
1.620964200172424263e+00
1.601929310417175234e+00
1.562865393333435104e+00
1.568450416107177725e+00
1.569506164932251036e+00
1.580867698936462507e+00
1.554874720344543437e+00
1.565258163223266497e+00
1.583630730476379478e+00
1.574729081115722629e+00
1.594631258964538612e+00
1.594887204208373932e+00
1.563577454338073824e+00
1.599397337303161581e+00
1.587296707458496048e+00
1.574916346473693940e+00
1.577873038978576670e+00
1.570128357162475563e+00
1.566820246696472241e+00
1.592022800407409733e+00
1.603288530502319231e+00
1.609575374908447376e+00
1.565948242797851497e+00
1.542528519859313940e+00
1.579340657615661669e+00
1.562062481002807646e+00
1.577034079933166577e+00
1.627724192047119045e+00
1.599559501190185529e+00
1.600829594955444302e+00
1.584976958122253476e+00
1.530698276062011809e+00
1.525971953563690198e+00
1.545022380714416554e+00
1.513188392715454134e+00
1.597740568199157662e+00
1.536954941520690898e+00
1.530201753501892137e+00
1.531348051223754947e+00
1.553940488014221133e+00
1.522185125579833986e+00
1.526616905937194790e+00
1.529432304134368925e+00
1.527205533771514911e+00
1.533820579109191895e+00
1.512029234275817924e+00
1.539959972496032670e+00
1.547336441574096666e+00
1.551902658843994143e+00
1.535620297317504823e+00
1.536164165916442892e+00
1.548223000259399518e+00
1.514302171745300241e+00
1.549300607185363665e+00
1.488597319068908797e+00
1.544143603935241638e+00
1.531224681701660151e+00
1.521822930030822807e+00
1.510621490173339909e+00
1.529905627212524433e+00
1.528243572959899987e+00
1.556320874252319353e+00
1.551774015846252519e+00
1.558291624641418460e+00
1.507724285011291521e+00
1.528254402046203664e+00
1.536873643951416124e+00
1.509191868705749506e+00
1.512475997161865315e+00
1.545268674354553173e+00
1.542325952835083003e+00
1.548757998199462804e+00
1.512828201026916508e+00
1.537297677383422823e+00
1.513339022026062075e+00
1.500556635055541932e+00
1.527300354309081953e+00
1.520762611885070781e+00
1.569966927413940505e+00
1.508361911697387647e+00
1.534584106063842768e+00
