4.019615650177001953e-01
3.931415081024169922e-01
3.916685581207275391e-01
3.974142074584960938e-01
3.899300098419189453e-01
3.960001468658447266e-01
3.800685405731201172e-01
3.976168632507324219e-01
3.850839138031005859e-01
3.927967548370361328e-01
3.828339576721191406e-01
3.862640857696533203e-01
3.906283378601074219e-01
3.830213546752929688e-01
3.960707187652587891e-01
3.850140571594238281e-01
3.955295085906982422e-01
3.857057094573974609e-01
3.881800174713134766e-01
3.893806934356689453e-01
3.830342292785644531e-01
3.940544128417968750e-01
3.850786685943603516e-01
3.938982486724853516e-01
3.901183605194091797e-01
3.875851631164550781e-01
3.919072151184082031e-01
3.790011405944824219e-01
3.944890499114990234e-01
3.850820064544677734e-01
3.912220001220703125e-01
3.936042785644531250e-01
3.854918479919433594e-01
3.908624649047851562e-01
3.800585269927978516e-01
3.955075740814208984e-01
4.813723564147949219e-01
3.935689926147460938e-01
3.917791843414306641e-01
3.827764987945556641e-01
3.944153785705566406e-01
3.832168579101562500e-01
3.955297470092773438e-01
3.810908794403076172e-01
3.869667053222656250e-01
3.926272392272949219e-01
3.823826313018798828e-01
3.930172920227050781e-01
3.825693130493164062e-01
3.940227031707763672e-01
3.830773830413818359e-01
3.878235816955566406e-01
3.907899856567382812e-01
3.817901611328125000e-01
3.967168331146240234e-01
3.841440677642822266e-01
3.916578292846679688e-01
3.860185146331787109e-01
3.854823112487792969e-01
3.944811820983886719e-01
3.817813396453857422e-01
3.935720920562744141e-01
3.844480514526367188e-01
3.930356502532958984e-01
3.871243000030517578e-01
3.846528530120849609e-01
3.903152942657470703e-01
3.840992450714111328e-01
3.917868137359619141e-01
3.855385780334472656e-01
3.872983455657958984e-01
3.938915729522705078e-01
3.845965862274169922e-01
3.951277732849121094e-01
3.815128803253173828e-01
3.888964653015136719e-01
3.892948627471923828e-01
3.873393535614013672e-01
3.926150798797607422e-01
3.881084918975830078e-01
3.941352367401123047e-01
3.783023357391357422e-01
3.884532451629638672e-01
3.876922130584716797e-01
3.878273963928222656e-01
3.922967910766601562e-01
3.827424049377441406e-01
3.904421329498291016e-01
3.855895996093750000e-01
3.875055313110351562e-01
3.909606933593750000e-01
3.896205425262451172e-01
3.898212909698486328e-01
3.842046260833740234e-01
3.930966854095458984e-01
3.840198516845703125e-01
3.872432708740234375e-01
3.924038410186767578e-01
3.865227699279785156e-01
3.909122943878173828e-01
3.836026191711425781e-01
3.929121494293212891e-01
3.903079032897949219e-01
3.906910419464111328e-01
3.941206932067871094e-01
3.878736495971679688e-01
3.914868831634521484e-01
3.856205940246582031e-01
3.891248703002929688e-01
3.884091377258300781e-01
3.867509365081787109e-01
3.935635089874267578e-01
3.873345851898193359e-01
3.915660381317138672e-01
3.834884166717529297e-01
3.875725269317626953e-01
3.917953968048095703e-01
3.885524272918701172e-01
3.896815776824951172e-01
3.846476078033447266e-01
3.938574790954589844e-01
3.812999725341796875e-01
3.897774219512939453e-01
3.926525115966796875e-01
3.896532058715820312e-01
3.924496173858642578e-01
3.795747756958007812e-01
3.918609619140625000e-01
3.870708942413330078e-01
3.871164321899414062e-01
3.921918869018554688e-01
3.896615505218505859e-01
3.934955596923828125e-01
3.832876682281494141e-01
3.879976272583007812e-01
3.910675048828125000e-01
3.869814872741699219e-01
3.920705318450927734e-01
3.910846710205078125e-01
3.874630928039550781e-01
3.888211250305175781e-01
3.887677192687988281e-01
3.919861316680908203e-01
3.900194168090820312e-01
3.935008049011230469e-01
3.876607418060302734e-01
3.900170326232910156e-01
3.851003646850585938e-01
3.843727111816406250e-01
3.911454677581787109e-01
3.876447677612304688e-01
6.331520080566406250e-01
3.893215656280517578e-01
3.919644355773925781e-01
3.861386775970458984e-01
3.924419879913330078e-01
3.894200325012207031e-01
3.870050907135009766e-01
3.953831195831298828e-01
3.876626491546630859e-01
3.875093460083007812e-01
3.902583122253417969e-01
3.904631137847900391e-01
3.906531333923339844e-01
3.897759914398193359e-01
3.961992263793945312e-01
3.856070041656494141e-01
3.862957954406738281e-01
3.851089477539062500e-01
3.868269920349121094e-01
3.927083015441894531e-01
3.860785961151123047e-01
3.897504806518554688e-01
3.794798851013183594e-01
3.858644962310791016e-01
3.876190185546875000e-01
3.872637748718261719e-01
3.900649547576904297e-01
3.869554996490478516e-01
3.866589069366455078e-01
3.822746276855468750e-01
3.849184513092041016e-01
3.893098831176757812e-01
3.851494789123535156e-01
3.907215595245361328e-01
3.863997459411621094e-01
3.906478881835937500e-01
3.849618434906005859e-01
3.871662616729736328e-01
3.894627094268798828e-01
3.916082382202148438e-01
3.921656608581542969e-01
3.788330554962158203e-01
3.847653865814208984e-01
3.882510662078857422e-01
3.854482173919677734e-01
3.885598182678222656e-01
3.877372741699218750e-01
3.869180679321289062e-01
3.787336349487304688e-01
