1.326112198829650879e+01
1.268624353408813477e+01
1.267975234985351562e+01
1.275465965270996094e+01
1.270483970642089844e+01
1.278939080238342285e+01
1.272923493385314941e+01
1.279807305335998535e+01
1.281666183471679688e+01
1.286964488029479980e+01
1.284436750411987305e+01
1.293982195854187012e+01
1.291481494903564453e+01
1.292483425140380859e+01
1.292303919792175293e+01
1.290352439880371094e+01
1.290066742897033691e+01
1.288688826560974121e+01
1.288990259170532227e+01
1.292227125167846680e+01
1.288081264495849609e+01
1.294553160667419434e+01
1.294108724594116211e+01
1.291434359550476074e+01
1.289555025100708008e+01
1.294683074951171875e+01
1.293008947372436523e+01
1.288134407997131348e+01
1.290962910652160645e+01
1.295836329460144043e+01
1.294660806655883789e+01
1.296426105499267578e+01
1.293434262275695801e+01
1.299738478660583496e+01
1.293185400962829590e+01
1.294658875465393066e+01
1.290881538391113281e+01
1.289478182792663574e+01
1.294232130050659180e+01
1.291827893257141113e+01
1.298050165176391602e+01
1.294532251358032227e+01
1.294614720344543457e+01
1.293090844154357910e+01
1.292629408836364746e+01
1.295838260650634766e+01
1.290078520774841309e+01
1.297842097282409668e+01
1.292150330543518066e+01
1.295028138160705566e+01
1.290764117240905762e+01
1.294167971611022949e+01
1.293570399284362793e+01
1.294898915290832520e+01
1.298907756805419922e+01
1.288096475601196289e+01
1.295146822929382324e+01
1.294435405731201172e+01
1.290356397628784180e+01
1.298388051986694336e+01
1.296703124046325684e+01
1.298381042480468750e+01
1.294675469398498535e+01
1.292625856399536133e+01
1.291932630538940430e+01
1.291964173316955566e+01
1.295544028282165527e+01
1.297983002662658691e+01
1.292469644546508789e+01
1.290048599243164062e+01
1.292065691947937012e+01
1.290615248680114746e+01
1.291229057312011719e+01
1.290075016021728516e+01
1.297471189498901367e+01
1.293223357200622559e+01
1.289114260673522949e+01
1.290322899818420410e+01
1.295804738998413086e+01
1.293523502349853516e+01
1.294276905059814453e+01
1.293726801872253418e+01
1.291831684112548828e+01
1.292933511734008789e+01
1.293370318412780762e+01
1.294838953018188477e+01
1.293061804771423340e+01
1.290005111694335938e+01
1.294304704666137695e+01
1.290872406959533691e+01
1.297580838203430176e+01
1.302818584442138672e+01
1.295621609687805176e+01
1.291677522659301758e+01
1.294551372528076172e+01
1.293662834167480469e+01
1.291049790382385254e+01
1.288968038558959961e+01
1.288130044937133789e+01
1.293767094612121582e+01
1.292281985282897949e+01
1.294227910041809082e+01
1.289046549797058105e+01
1.291819906234741211e+01
1.301042866706848145e+01
1.293255591392517090e+01
1.296750593185424805e+01
1.290121936798095703e+01
1.290285062789916992e+01
1.290691995620727539e+01
1.290860033035278320e+01
1.295520234107971191e+01
1.293105173110961914e+01
1.297307372093200684e+01
1.290121459960937500e+01
1.294284605979919434e+01
1.290640568733215332e+01
1.285603666305541992e+01
1.299698972702026367e+01
1.289756464958190918e+01
1.285534095764160156e+01
1.289747834205627441e+01
1.288336491584777832e+01
1.290127086639404297e+01
1.283336210250854492e+01
1.289058518409729004e+01
1.291378521919250488e+01
1.289891242980957031e+01
1.288474464416503906e+01
1.293944120407104492e+01
1.290277266502380371e+01
1.291435194015502930e+01
1.287553286552429199e+01
1.286461210250854492e+01
1.290444827079772949e+01
1.290992975234985352e+01
1.289648675918579102e+01
1.287927484512329102e+01
1.287305259704589844e+01
1.283618950843811035e+01
1.288413834571838379e+01
1.290851449966430664e+01
1.287656307220458984e+01
1.295731711387634277e+01
1.292705631256103516e+01
1.288129878044128418e+01
1.286430358886718750e+01
1.290991139411926270e+01
1.285681247711181641e+01
1.289972138404846191e+01
1.289346742630004883e+01
1.275993061065673828e+01
1.279298043251037598e+01
1.286963105201721191e+01
1.288266992568969727e+01
1.283336210250854492e+01
1.293991398811340332e+01
1.292491412162780762e+01
1.287590527534484863e+01
1.285691785812377930e+01
1.287885093688964844e+01
1.292997193336486816e+01
1.288399839401245117e+01
1.286371421813964844e+01
1.292769646644592285e+01
1.289598655700683594e+01
1.288253569602966309e+01
1.286607336997985840e+01
1.283004045486450195e+01
1.284744977951049805e+01
1.288328194618225098e+01
1.289903521537780762e+01
1.286074256896972656e+01
1.282470822334289551e+01
1.283404088020324707e+01
1.291666555404663086e+01
1.284749031066894531e+01
1.287600159645080566e+01
1.282360959053039551e+01
1.288339996337890625e+01
1.282981348037719727e+01
1.285789680480957031e+01
1.286905550956726074e+01
1.284633445739746094e+01
1.280486226081848145e+01
1.284693408012390137e+01
1.281298613548278809e+01
1.278092932701110840e+01
1.282438397407531738e+01
1.282377266883850098e+01
1.282554864883422852e+01
1.286398291587829590e+01
1.283197593688964844e+01
1.284653830528259277e+01
1.288569998741149902e+01
1.278715038299560547e+01
1.286068773269653320e+01
1.286568355560302734e+01
1.284813737869262695e+01
1.282411074638366699e+01
