1.317996382713317871e+01
1.252391648292541504e+01
1.257901239395141602e+01
1.263351178169250488e+01
1.258129477500915527e+01
1.260308218002319336e+01
1.257922053337097168e+01
1.263451218605041504e+01
1.262417626380920410e+01
1.263536643981933594e+01
1.263246488571166992e+01
1.263969254493713379e+01
1.268386936187744141e+01
1.260000610351562500e+01
1.262827825546264648e+01
1.260833644866943359e+01
1.266303706169128418e+01
1.257575821876525879e+01
1.263524961471557617e+01
1.262901139259338379e+01
1.268738865852355957e+01
1.262996029853820801e+01
1.261182379722595215e+01
1.263295292854309082e+01
1.262906169891357422e+01
1.261192870140075684e+01
1.265065312385559082e+01
1.276843142509460449e+01
1.263486003875732422e+01
1.265658187866210938e+01
1.266065382957458496e+01
1.271731972694396973e+01
1.265269804000854492e+01
1.265641665458679199e+01
1.260781550407409668e+01
1.263186216354370117e+01
1.270846700668334961e+01
1.259642338752746582e+01
1.265396523475646973e+01
1.263518834114074707e+01
1.266931533813476562e+01
1.265577054023742676e+01
1.264688968658447266e+01
1.263106989860534668e+01
1.272184944152832031e+01
1.263848710060119629e+01
1.261759805679321289e+01
1.263079190254211426e+01
1.263457512855529785e+01
1.264532423019409180e+01
1.266654539108276367e+01
1.264648294448852539e+01
1.266814899444580078e+01
1.264560675621032715e+01
1.264761471748352051e+01
1.265653419494628906e+01
1.263770818710327148e+01
1.267800736427307129e+01
1.263684964179992676e+01
1.264058923721313477e+01
1.261649155616760254e+01
1.262004995346069336e+01
1.268686938285827637e+01
1.266043591499328613e+01
1.262197947502136230e+01
1.266650199890136719e+01
1.261379122734069824e+01
1.268216872215270996e+01
1.267920088768005371e+01
1.262405323982238770e+01
1.265034294128417969e+01
1.266340994834899902e+01
1.266394472122192383e+01
1.264359164237976074e+01
1.264736056327819824e+01
1.262614107131958008e+01
1.262496852874755859e+01
1.267800283432006836e+01
1.268852019309997559e+01
1.272352766990661621e+01
1.263949918746948242e+01
1.262793755531311035e+01
1.268490314483642578e+01
1.268465900421142578e+01
1.266096687316894531e+01
1.265791845321655273e+01
1.267548108100891113e+01
1.263258552551269531e+01
1.265266060829162598e+01
1.262240099906921387e+01
1.264849376678466797e+01
1.261864447593688965e+01
1.265962576866149902e+01
1.264333152770996094e+01
1.262368249893188477e+01
1.262906050682067871e+01
1.261332511901855469e+01
1.264969992637634277e+01
1.264539742469787598e+01
1.264068412780761719e+01
1.264650130271911621e+01
1.266832113265991211e+01
1.263153719902038574e+01
1.266834354400634766e+01
1.268026065826416016e+01
1.264922451972961426e+01
1.263985824584960938e+01
1.268199419975280762e+01
1.268275380134582520e+01
1.265543746948242188e+01
1.266698861122131348e+01
1.268299937248229980e+01
1.265605425834655762e+01
1.262644577026367188e+01
1.268832778930664062e+01
1.262722754478454590e+01
1.264653897285461426e+01
1.263072967529296875e+01
1.261312484741210938e+01
1.267245054244995117e+01
1.267494964599609375e+01
1.269255161285400391e+01
1.269724392890930176e+01
1.266030550003051758e+01
1.265303707122802734e+01
1.267124176025390625e+01
1.267065715789794922e+01
1.267358446121215820e+01
1.266408658027648926e+01
1.268013548851013184e+01
1.269286823272705078e+01
1.262282085418701172e+01
1.264189124107360840e+01
1.279002070426940918e+01
1.265125966072082520e+01
1.264449048042297363e+01
1.263181614875793457e+01
1.263754892349243164e+01
1.263274908065795898e+01
1.262378621101379395e+01
1.269039225578308105e+01
1.264766311645507812e+01
1.263923835754394531e+01
1.264158344268798828e+01
1.265472269058227539e+01
1.265375542640686035e+01
1.259414958953857422e+01
1.264689183235168457e+01
1.263503217697143555e+01
1.264724540710449219e+01
1.261354446411132812e+01
1.284723949432373047e+01
1.261958932876586914e+01
1.272998046875000000e+01
1.265191602706909180e+01
1.266486811637878418e+01
1.262373256683349609e+01
1.263094019889831543e+01
1.263544893264770508e+01
1.260841107368469238e+01
1.261036062240600586e+01
1.258379912376403809e+01
1.258956027030944824e+01
1.266153979301452637e+01
1.263729238510131836e+01
1.265347075462341309e+01
1.277903628349304199e+01
1.270757699012756348e+01
1.279657387733459473e+01
1.278399991989135742e+01
1.272347736358642578e+01
1.275233078002929688e+01
1.274586987495422363e+01
1.276027750968933105e+01
1.273620891571044922e+01
1.273630094528198242e+01
1.272466397285461426e+01
1.275673508644104004e+01
1.270244932174682617e+01
1.278705382347106934e+01
1.277301073074340820e+01
1.269820952415466309e+01
1.271933102607727051e+01
1.284031057357788086e+01
1.276169037818908691e+01
1.276388597488403320e+01
1.272552609443664551e+01
1.279968571662902832e+01
1.277901554107666016e+01
1.279314732551574707e+01
1.274760222434997559e+01
1.272655916213989258e+01
1.274934911727905273e+01
1.269382476806640625e+01
1.276830291748046875e+01
1.272243452072143555e+01
1.278338265419006348e+01
1.277855324745178223e+01
1.270917868614196777e+01
1.271798014640808105e+01
