2.324467945098876953e+01
2.274734759330749512e+01
2.280628681182861328e+01
2.355670833587646484e+01
2.324705076217651367e+01
2.300977826118469238e+01
2.312657666206359863e+01
2.314571642875671387e+01
2.311202430725097656e+01
2.350536036491394043e+01
2.294699382781982422e+01
2.305451130867004395e+01
2.320932173728942871e+01
2.335630321502685547e+01
2.306188392639160156e+01
2.305616426467895508e+01
2.333991479873657227e+01
2.325407099723815918e+01
2.309182691574096680e+01
2.326011157035827637e+01
2.341583371162414551e+01
2.321766495704650879e+01
2.370327949523925781e+01
2.304481315612792969e+01
2.302761507034301758e+01
2.305102705955505371e+01
2.302313089370727539e+01
2.299165916442871094e+01
2.288044691085815430e+01
2.335692811012268066e+01
2.282426571846008301e+01
2.298025131225585938e+01
2.305073118209838867e+01
2.339604568481445312e+01
2.346693873405456543e+01
2.285474967956542969e+01
2.362479710578918457e+01
2.329654622077941895e+01
2.335547232627868652e+01
2.283534193038940430e+01
2.303675627708435059e+01
2.294719219207763672e+01
2.303084373474121094e+01
2.305059766769409180e+01
2.273982453346252441e+01
2.312272882461547852e+01
2.301990008354187012e+01
2.296124863624572754e+01
2.285347509384155273e+01
2.287549710273742676e+01
2.321958708763122559e+01
2.295841264724731445e+01
2.310342693328857422e+01
2.282483267784118652e+01
2.368265485763549805e+01
2.281301951408386230e+01
2.337374711036682129e+01
2.318644165992736816e+01
2.312582278251647949e+01
2.307234621047973633e+01
2.308860349655151367e+01
2.293491721153259277e+01
2.312122154235839844e+01
2.302601981163024902e+01
2.324634385108947754e+01
2.285853362083435059e+01
2.312202978134155273e+01
2.278856825828552246e+01
2.278473138809204102e+01
2.293525505065917969e+01
2.307027935981750488e+01
2.294049119949340820e+01
2.285746359825134277e+01
2.280862450599670410e+01
2.291467714309692383e+01
2.321576213836669922e+01
2.308391690254211426e+01
2.300542926788330078e+01
2.314122390747070312e+01
2.281470203399658203e+01
2.324060702323913574e+01
2.307583546638488770e+01
2.292136549949645996e+01
2.316526675224304199e+01
2.287963557243347168e+01
2.333595561981201172e+01
2.306510519981384277e+01
2.312317180633544922e+01
2.284774184226989746e+01
2.318111324310302734e+01
2.293164825439453125e+01
2.329029059410095215e+01
2.296242976188659668e+01
2.290692424774169922e+01
2.278703951835632324e+01
2.272683000564575195e+01
2.284117269515991211e+01
2.303507447242736816e+01
2.292471528053283691e+01
2.296043705940246582e+01
2.274174904823303223e+01
2.292924976348876953e+01
2.275198483467102051e+01
2.296054840087890625e+01
2.345648264884948730e+01
2.306882476806640625e+01
2.324517035484313965e+01
2.289363718032836914e+01
2.292814660072326660e+01
2.281275320053100586e+01
2.289252281188964844e+01
2.299947810173034668e+01
2.297031998634338379e+01
2.303102111816406250e+01
2.272730994224548340e+01
2.275755453109741211e+01
2.283186650276184082e+01
2.288943886756896973e+01
2.311305618286132812e+01
2.274827456474304199e+01
2.293250989913940430e+01
2.291276550292968750e+01
2.274940824508666992e+01
2.312233376502990723e+01
2.271652698516845703e+01
2.273155164718627930e+01
2.297799706459045410e+01
2.289764595031738281e+01
2.282728767395019531e+01
2.293008828163146973e+01
2.275200724601745605e+01
2.330563354492187500e+01
2.278080868721008301e+01
2.290692329406738281e+01
2.342277503013610840e+01
2.318693685531616211e+01
2.280466151237487793e+01
2.283356928825378418e+01
2.272992920875549316e+01
2.312373185157775879e+01
2.283482837677001953e+01
2.304526448249816895e+01
2.302013969421386719e+01
2.298804998397827148e+01
2.283314847946166992e+01
2.292397093772888184e+01
2.284246516227722168e+01
2.340374970436096191e+01
2.302729678153991699e+01
2.289875125885009766e+01
2.279786586761474609e+01
2.501642632484436035e+01
2.322508478164672852e+01
2.323973345756530762e+01
2.292584896087646484e+01
2.314720177650451660e+01
2.342394137382507324e+01
2.297293448448181152e+01
2.296240282058715820e+01
2.300611495971679688e+01
2.273662924766540527e+01
2.328502535820007324e+01
2.332351517677307129e+01
2.289012169837951660e+01
2.305108523368835449e+01
2.301780748367309570e+01
2.272732448577880859e+01
2.276850748062133789e+01
2.263022589683532715e+01
2.306225419044494629e+01
2.282614183425903320e+01
2.280810189247131348e+01
2.300445795059204102e+01
2.325106072425842285e+01
2.268966174125671387e+01
2.309482312202453613e+01
2.264264154434204102e+01
2.291935586929321289e+01
2.258885478973388672e+01
2.293343353271484375e+01
2.260755205154418945e+01
2.265299940109252930e+01
2.293849873542785645e+01
2.268217802047729492e+01
2.285783672332763672e+01
2.269371771812438965e+01
2.291212439537048340e+01
2.274963212013244629e+01
2.294244194030761719e+01
2.317897796630859375e+01
2.292953181266784668e+01
2.269724464416503906e+01
2.263678932189941406e+01
2.270802044868469238e+01
2.265771532058715820e+01
2.263443970680236816e+01
2.279857444763183594e+01
2.271556472778320312e+01
2.311183738708496094e+01
2.295712566375732422e+01
