1.295883512496948242e+01
1.230640840530395508e+01
1.229937696456909180e+01
1.238231849670410156e+01
1.240919876098632812e+01
1.244381046295166016e+01
1.256165456771850586e+01
1.246046662330627441e+01
1.242612886428833008e+01
1.244043636322021484e+01
1.250880599021911621e+01
1.254692435264587402e+01
1.249872708320617676e+01
1.251916551589965820e+01
1.266897773742675781e+01
1.258187675476074219e+01
1.257367563247680664e+01
1.255170369148254395e+01
1.257925462722778320e+01
1.252357578277587891e+01
1.253902673721313477e+01
1.254632973670959473e+01
1.256889867782592773e+01
1.264103889465332031e+01
1.253860688209533691e+01
1.254593372344970703e+01
1.254239749908447266e+01
1.257588243484497070e+01
1.256112408638000488e+01
1.259596180915832520e+01
1.267836880683898926e+01
1.265207719802856445e+01
1.256742000579833984e+01
1.257676386833190918e+01
1.251819825172424316e+01
1.260168910026550293e+01
1.243773365020751953e+01
1.254279327392578125e+01
1.257345032691955566e+01
1.256458735466003418e+01
1.254995131492614746e+01
1.259068465232849121e+01
1.260102462768554688e+01
1.256622958183288574e+01
1.250005841255187988e+01
1.262052965164184570e+01
1.255391407012939453e+01
1.258612895011901855e+01
1.255930662155151367e+01
1.259523940086364746e+01
1.255902409553527832e+01
1.260810708999633789e+01
1.263021945953369141e+01
1.258889675140380859e+01
1.261971068382263184e+01
1.257211041450500488e+01
1.255210304260253906e+01
1.254310679435729980e+01
1.256057882308959961e+01
1.257554197311401367e+01
1.256242299079895020e+01
1.256555390357971191e+01
1.261066198348999023e+01
1.255680727958679199e+01
1.259535884857177734e+01
1.256790065765380859e+01
1.257025170326232910e+01
1.261581921577453613e+01
1.258896541595458984e+01
1.259244847297668457e+01
1.260388493537902832e+01
1.262867951393127441e+01
1.256621932983398438e+01
1.260572242736816406e+01
1.256442618370056152e+01
1.258933711051940918e+01
1.255928635597229004e+01
1.252741217613220215e+01
1.256768727302551270e+01
1.254404759407043457e+01
1.264873075485229492e+01
1.256368136405944824e+01
1.252578306198120117e+01
1.256348538398742676e+01
1.261959338188171387e+01
1.258354163169860840e+01
1.267115688323974609e+01
1.260857725143432617e+01
1.259317517280578613e+01
1.259501647949218750e+01
1.261429500579833984e+01
1.256623864173889160e+01
1.259782600402832031e+01
1.268551945686340332e+01
1.257375693321228027e+01
1.251269054412841797e+01
1.254573583602905273e+01
1.259224987030029297e+01
1.258197355270385742e+01
1.257408213615417480e+01
1.251914548873901367e+01
1.255258536338806152e+01
1.253481745719909668e+01
1.254426169395446777e+01
1.257222652435302734e+01
1.255945348739624023e+01
1.260665917396545410e+01
1.254939794540405273e+01
1.252302598953247070e+01
1.256263232231140137e+01
1.256229352951049805e+01
1.263732552528381348e+01
1.252289724349975586e+01
1.255695414543151855e+01
1.257362604141235352e+01
1.257186150550842285e+01
1.258694934844970703e+01
1.255301022529602051e+01
1.259807896614074707e+01
1.254438900947570801e+01
1.252228522300720215e+01
1.254035401344299316e+01
1.250999402999877930e+01
1.254966330528259277e+01
1.250603151321411133e+01
1.253506684303283691e+01
1.251455235481262207e+01
1.257813715934753418e+01
1.258292341232299805e+01
1.252254319190979004e+01
1.259736871719360352e+01
1.253869462013244629e+01
1.249192810058593750e+01
1.254617500305175781e+01
1.253115582466125488e+01
1.254657316207885742e+01
1.250072526931762695e+01
1.249830007553100586e+01
1.252036857604980469e+01
1.253167843818664551e+01
1.262188553810119629e+01
1.249023318290710449e+01
1.249578118324279785e+01
1.252580165863037109e+01
1.257321381568908691e+01
1.268329548835754395e+01
1.258122539520263672e+01
1.263297677040100098e+01
1.248812127113342285e+01
1.253659796714782715e+01
1.254750800132751465e+01
1.259138274192810059e+01
1.242242908477783203e+01
1.249713206291198730e+01
1.252868819236755371e+01
1.251929807662963867e+01
1.250008916854858398e+01
1.249720954895019531e+01
1.249155473709106445e+01
1.249522852897644043e+01
1.253159451484680176e+01
1.252599143981933594e+01
1.257386994361877441e+01
1.251379513740539551e+01
1.247410178184509277e+01
1.249428367614746094e+01
1.254191327095031738e+01
1.257251691818237305e+01
1.247201275825500488e+01
1.250952005386352539e+01
1.261216187477111816e+01
1.254560971260070801e+01
1.250526213645935059e+01
1.249871873855590820e+01
1.248887920379638672e+01
1.252812504768371582e+01
1.245468854904174805e+01
1.250743746757507324e+01
1.249185752868652344e+01
1.247651195526123047e+01
1.249304199218750000e+01
1.255081987380981445e+01
1.252291989326477051e+01
1.252653837203979492e+01
1.248439741134643555e+01
1.247767615318298340e+01
1.244183921813964844e+01
1.248092770576477051e+01
1.254932284355163574e+01
1.251088213920593262e+01
1.252070832252502441e+01
1.255260801315307617e+01
1.247502684593200684e+01
1.242411184310913086e+01
1.247205281257629395e+01
1.245666718482971191e+01
1.250057411193847656e+01
1.243809151649475098e+01
1.248695158958435059e+01
1.245665597915649414e+01
