4.018106460571289062e-01
3.939487934112548828e-01
3.922245502471923828e-01
3.979890346527099609e-01
3.906979560852050781e-01
3.964688777923583984e-01
3.804240226745605469e-01
3.979029655456542969e-01
3.857541084289550781e-01
3.931765556335449219e-01
3.827815055847167969e-01
3.862717151641845703e-01
3.907408714294433594e-01
3.833470344543457031e-01
3.959970474243164062e-01
3.854134082794189453e-01
3.956072330474853516e-01
3.861775398254394531e-01
3.883290290832519531e-01
3.895637989044189453e-01
3.829882144927978516e-01
3.943252563476562500e-01
3.851006031036376953e-01
3.939793109893798828e-01
3.903541564941406250e-01
3.876197338104248047e-01
3.916835784912109375e-01
3.791954517364501953e-01
3.943874835968017578e-01
3.848493099212646484e-01
3.911149501800537109e-01
3.934004306793212891e-01
3.858556747436523438e-01
3.907613754272460938e-01
3.801119327545166016e-01
3.956038951873779297e-01
4.759778976440429688e-01
3.938925266265869141e-01
3.920066356658935547e-01
3.827555179595947266e-01
3.954899311065673828e-01
3.832604885101318359e-01
3.956725597381591797e-01
3.813154697418212891e-01
3.870356082916259766e-01
3.926410675048828125e-01
3.826153278350830078e-01
3.931102752685546875e-01
3.825411796569824219e-01
3.937420845031738281e-01
3.833034038543701172e-01
3.878715038299560547e-01
3.909256458282470703e-01
3.817265033721923828e-01
3.965694904327392578e-01
3.841156959533691406e-01
3.917629718780517578e-01
3.856995105743408203e-01
3.852918148040771484e-01
3.944363594055175781e-01
3.817942142486572266e-01
3.933722972869873047e-01
3.844146728515625000e-01
3.929686546325683594e-01
3.870704174041748047e-01
3.843412399291992188e-01
3.903558254241943359e-01
3.836858272552490234e-01
3.915185928344726562e-01
3.856544494628906250e-01
3.875391483306884766e-01
3.939664363861083984e-01
3.845641613006591797e-01
3.950114250183105469e-01
3.817892074584960938e-01
3.891270160675048828e-01
3.893783092498779297e-01
3.872373104095458984e-01
3.927729129791259766e-01
3.888850212097167969e-01
3.942437171936035156e-01
3.783349990844726562e-01
3.885903358459472656e-01
3.878576755523681641e-01
3.878860473632812500e-01
3.925142288208007812e-01
3.827099800109863281e-01
3.903884887695312500e-01
3.853211402893066406e-01
3.874626159667968750e-01
3.908107280731201172e-01
3.898105621337890625e-01
3.899345397949218750e-01
3.844237327575683594e-01
3.930456638336181641e-01
3.841314315795898438e-01
3.873112201690673828e-01
3.923654556274414062e-01
3.867805004119873047e-01
3.908948898315429688e-01
3.837196826934814453e-01
3.928472995758056641e-01
3.901863098144531250e-01
3.905701637268066406e-01
3.942294120788574219e-01
3.878710269927978516e-01
3.915364742279052734e-01
3.858172893524169922e-01
3.891401290893554688e-01
3.883395195007324219e-01
3.867132663726806641e-01
3.936502933502197266e-01
3.872528076171875000e-01
3.917491436004638672e-01
3.835854530334472656e-01
3.875341415405273438e-01
3.916995525360107422e-01
3.884611129760742188e-01
3.896667957305908203e-01
3.845953941345214844e-01
3.938443660736083984e-01
3.813838958740234375e-01
3.896024227142333984e-01
3.919701576232910156e-01
3.896503448486328125e-01
3.923182487487792969e-01
3.795080184936523438e-01
3.917043209075927734e-01
3.870596885681152344e-01
3.872423171997070312e-01
3.928050994873046875e-01
3.896057605743408203e-01
3.936657905578613281e-01
3.833220005035400391e-01
3.882002830505371094e-01
3.912367820739746094e-01
3.870615959167480469e-01
3.920681476593017578e-01
3.909752368927001953e-01
3.871567249298095703e-01
3.891048431396484375e-01
3.888947963714599609e-01
3.921196460723876953e-01
3.899834156036376953e-01
3.935413360595703125e-01
3.877346515655517578e-01
3.903212547302246094e-01
3.852362632751464844e-01
3.843464851379394531e-01
3.914062976837158203e-01
3.876979351043701172e-01
6.004953384399414062e-01
3.896315097808837891e-01
3.921191692352294922e-01
3.866558074951171875e-01
3.926227092742919922e-01
3.896746635437011719e-01
3.872158527374267578e-01
3.954041004180908203e-01
3.881835937500000000e-01
3.877966403961181641e-01
3.898668289184570312e-01
3.907105922698974609e-01
3.908548355102539062e-01
3.901062011718750000e-01
3.962883949279785156e-01
3.844723701477050781e-01
3.860371112823486328e-01
3.848276138305664062e-01
3.864305019378662109e-01
3.924875259399414062e-01
3.857924938201904297e-01
3.896348476409912109e-01
3.793671131134033203e-01
3.856046199798583984e-01
3.873727321624755859e-01
3.870136737823486328e-01
3.897614479064941406e-01
3.868329524993896484e-01
3.863868713378906250e-01
3.821091651916503906e-01
3.847289085388183594e-01
3.889577388763427734e-01
3.849546909332275391e-01
3.903055191040039062e-01
3.861756324768066406e-01
3.902571201324462891e-01
3.847465515136718750e-01
3.868811130523681641e-01
3.893687725067138672e-01
3.913407325744628906e-01
3.918468952178955078e-01
3.785660266876220703e-01
3.844449520111083984e-01
3.881454467773437500e-01
3.850371837615966797e-01
3.880980014801025391e-01
3.874337673187255859e-01
3.872389793395996094e-01
3.784582614898681641e-01
