1.028799999908447305e+01
1.372799999969482343e+01
1.964799999511718909e+01
2.289600000122070256e+01
2.539200000183105388e+01
2.697599999816894467e+01
2.974400000366210861e+01
3.129600000488281353e+01
3.297599999908447188e+01
3.467200000366210588e+01
3.684799999999999898e+01
3.752000000488281017e+01
3.857599999816894609e+01
3.852799999389648633e+01
3.940800000732421893e+01
4.003199999755859295e+01
4.027199999633788963e+01
4.025599999389648787e+01
4.019199999572754223e+01
4.153600000732421904e+01
4.164800000976562444e+01
4.023999998779297016e+01
4.118400000122070281e+01
4.231999999145507729e+01
4.137599999816894325e+01
4.265600000366210764e+01
4.190400000366211231e+01
4.305599999755859386e+01
4.329599999389648701e+01
4.310400000610351867e+01
4.372800000976562274e+01
4.351999999389648366e+01
4.391999999511718755e+01
4.385599998779296982e+01
4.339200000122070122e+01
4.353600000732421904e+01
4.361600000976562796e+01
4.457599999023437221e+01
4.463999999389648110e+01
4.536000000610351890e+01
4.375999999816894359e+01
4.457600000000000051e+01
4.479999999023437596e+01
4.364800000610351560e+01
4.491200000366210787e+01
4.291200000610351850e+01
4.460800000732422177e+01
4.484800000976562728e+01
4.438399999633789150e+01
4.345600000976562427e+01
4.409599998657226649e+01
4.572799999023437323e+01
4.481599999023437420e+01
4.499199998657226729e+01
4.391999999755859108e+01
4.492799999389648491e+01
4.396800000000000352e+01
4.444799999145507741e+01
4.396800000366211236e+01
4.528000000732421881e+01
4.399999998779296817e+01
4.311999999023437624e+01
4.407999999023437709e+01
4.345599999633788713e+01
4.505599998657226735e+01
4.535999998657226229e+01
4.342399999389648713e+01
4.526400000366211174e+01
4.415999998779297187e+01
4.516799999389648690e+01
4.356799999389648548e+01
4.464000000610351293e+01
4.251199999389648099e+01
4.155199999389648724e+01
4.395200000732421586e+01
4.425599999633789139e+01
4.491199999023437783e+01
4.374399999999999977e+01
4.449600000000000222e+01
4.281600000610351486e+01
4.448000000366211282e+01
4.486400000976562552e+01
4.507200000732422041e+01
4.331200000122070293e+01
4.483200000976562194e+01
4.404800000732421950e+01
4.417600000000000193e+01
4.375999998657226797e+01
4.531200000610351708e+01
4.203199999023437528e+01
4.521600000366210992e+01
4.369599998779296612e+01
4.499199999389648497e+01
4.518399999023437630e+01
4.408000000610351776e+01
4.617599999755859130e+01
4.625599999755859670e+01
4.617599999145507894e+01
4.521599999755859045e+01
4.467200000732422183e+01
5.585599999633789281e+01
5.708800000000000097e+01
5.801600000244140887e+01
5.876800000976562188e+01
5.875200000610351481e+01
5.841599998657226678e+01
5.956800000610351731e+01
5.976000000366210685e+01
5.945600000976562427e+01
5.992000000366211054e+01
6.068799999267578471e+01
6.049599998535155976e+01
6.054399999633788809e+01
6.102400000610351327e+01
6.139200000244140654e+01
6.140800001464843660e+01
6.159999999633789258e+01
6.175999998657226797e+01
6.244799998291015442e+01
6.224000000000000199e+01
6.209599998291015766e+01
6.232000000976562148e+01
6.195200001464844064e+01
6.257599998291015453e+01
6.249600000244140574e+01
6.310400000244140273e+01
6.235199997314452958e+01
6.276799998657226354e+01
6.243199998657226502e+01
6.289599999511718664e+01
6.335999999267578175e+01
6.296000000488281501e+01
6.271999999267578119e+01
6.412799998291015413e+01
6.345599999267577829e+01
6.412799998657226297e+01
6.407999999633788946e+01
6.430400000244141268e+01
6.436799999511718795e+01
6.352000000244140665e+01
6.403199997314453640e+01
6.414399998657226831e+01
6.406400000244140358e+01
6.393599999267578227e+01
6.452800000000000580e+01
6.359999997314453424e+01
6.419199998657227013e+01
6.529600000244140290e+01
6.465600000244140233e+01
6.500800000610351503e+01
6.622399999511718249e+01
6.668800001464843774e+01
6.574399999267578210e+01
6.607999998657226115e+01
6.625600000244141086e+01
6.611199997314453469e+01
6.617599999267578426e+01
6.681600000488280955e+01
6.604799998291015584e+01
6.668799998291015640e+01
6.771200000610350855e+01
6.606399999511718590e+01
6.611200000488281603e+01
6.683199997314453356e+01
6.681600001464843785e+01
6.640000000244140210e+01
6.620800000244140904e+01
6.654400001464843228e+01
6.587199997314452560e+01
6.699200000244140085e+01
6.675199997314453526e+01
6.627199998657226843e+01
6.748800001464843490e+01
6.665600001464844127e+01
6.617600000244141256e+01
6.683199997314453356e+01
6.684800000244140961e+01
6.646400000488280568e+01
6.702399999633789207e+01
6.732799999267578528e+01
6.644800000244140392e+01
6.702399999023437260e+01
6.638399998291015436e+01
6.737600000488281182e+01
6.668799999267578471e+01
6.687999998291014947e+01
6.680000001464843251e+01
6.711999997314453026e+01
6.628799997314453663e+01
6.687999999267577778e+01
6.679999999023436885e+01
6.723199999511719227e+01
6.695999999633788491e+01
6.667199999267577937e+01
6.638400001464843569e+01
6.657599999999999341e+01
6.702400001464843626e+01
6.732800001464843831e+01
6.702399998291015493e+01
6.673599999633789537e+01
