1.294371318817138672e+01
1.231237316131591797e+01
1.229908728599548340e+01
1.231775927543640137e+01
1.233946990966796875e+01
1.235852575302124023e+01
1.238302993774414062e+01
1.236665558815002441e+01
1.236080265045166016e+01
1.244626379013061523e+01
1.242109966278076172e+01
1.245302772521972656e+01
1.242496490478515625e+01
1.248773503303527832e+01
1.249882769584655762e+01
1.256473040580749512e+01
1.250779390335083008e+01
1.251933264732360840e+01
1.252534341812133789e+01
1.253626823425292969e+01
1.252116107940673828e+01
1.252916455268859863e+01
1.252666783332824707e+01
1.254919719696044922e+01
1.252151703834533691e+01
1.251266765594482422e+01
1.254209518432617188e+01
1.255698490142822266e+01
1.253160405158996582e+01
1.256030511856079102e+01
1.257384014129638672e+01
1.257136344909667969e+01
1.253086662292480469e+01
1.258844304084777832e+01
1.254558944702148438e+01
1.255160164833068848e+01
1.248646473884582520e+01
1.258717966079711914e+01
1.254401850700378418e+01
1.254190659523010254e+01
1.251809239387512207e+01
1.255639362335205078e+01
1.253871941566467285e+01
1.256677913665771484e+01
1.253685379028320312e+01
1.251716399192810059e+01
1.250345373153686523e+01
1.258200430870056152e+01
1.252471756935119629e+01
1.254399776458740234e+01
1.253719186782836914e+01
1.256326746940612793e+01
1.263642764091491699e+01
1.254348564147949219e+01
1.255538272857666016e+01
1.251079845428466797e+01
1.258386826515197754e+01
1.251073932647705078e+01
1.254150581359863281e+01
1.258233070373535156e+01
1.255006265640258789e+01
1.253969931602478027e+01
1.256742429733276367e+01
1.262782526016235352e+01
1.258084797859191895e+01
1.259818911552429199e+01
1.254747176170349121e+01
1.264450073242187500e+01
1.255914926528930664e+01
1.259559011459350586e+01
1.264468502998352051e+01
1.252541542053222656e+01
1.256068205833435059e+01
1.250986313819885254e+01
1.255458712577819824e+01
1.256300330162048340e+01
1.256357455253601074e+01
1.254412102699279785e+01
1.259270286560058594e+01
1.252438354492187500e+01
1.253541207313537598e+01
1.256858921051025391e+01
1.251942276954650879e+01
1.247377038002014160e+01
1.252916955947875977e+01
1.254634714126586914e+01
1.255556774139404297e+01
1.260667395591735840e+01
1.261727929115295410e+01
1.259987926483154297e+01
1.260928869247436523e+01
1.251638388633728027e+01
1.258525657653808594e+01
1.255352163314819336e+01
1.249016499519348145e+01
1.251992821693420410e+01
1.255793094635009766e+01
1.251283049583435059e+01
1.253088092803955078e+01
1.254916143417358398e+01
1.247401022911071777e+01
1.249682593345642090e+01
1.254718589782714844e+01
1.247262239456176758e+01
1.249345970153808594e+01
1.256366062164306641e+01
1.258608150482177734e+01
1.258563709259033203e+01
1.254097414016723633e+01
1.254523587226867676e+01
1.252141165733337402e+01
1.256499576568603516e+01
1.251754951477050781e+01
1.251525783538818359e+01
1.250681138038635254e+01
1.264365386962890625e+01
1.253898262977600098e+01
1.255094504356384277e+01
1.259988665580749512e+01
1.253503417968750000e+01
1.246410846710205078e+01
1.246538162231445312e+01
1.248986101150512695e+01
1.247606492042541504e+01
1.247225475311279297e+01
1.248535680770874023e+01
1.255296969413757324e+01
1.251275420188903809e+01
1.255072832107543945e+01
1.257009172439575195e+01
1.252936649322509766e+01
1.248145961761474609e+01
1.250066661834716797e+01
1.251328778266906738e+01
1.252910757064819336e+01
1.258950757980346680e+01
1.251525807380676270e+01
1.249156546592712402e+01
1.253478598594665527e+01
1.254147386550903320e+01
1.252409768104553223e+01
1.253598737716674805e+01
1.255223226547241211e+01
1.252764034271240234e+01
1.256965947151184082e+01
1.248405408859252930e+01
1.250378608703613281e+01
1.249316096305847168e+01
1.247605061531066895e+01
1.247257900238037109e+01
1.253514146804809570e+01
1.209307765960693359e+01
1.243524432182312012e+01
1.246011233329772949e+01
1.250525546073913574e+01
1.247153043746948242e+01
1.248502588272094727e+01
1.245566368103027344e+01
1.243414115905761719e+01
1.251303935050964355e+01
1.247760438919067383e+01
1.248676943778991699e+01
1.247950720787048340e+01
1.248490262031555176e+01
1.250246572494506836e+01
1.253505921363830566e+01
1.247571969032287598e+01
1.249770402908325195e+01
1.243865728378295898e+01
1.243330383300781250e+01
1.251558446884155273e+01
1.250113034248352051e+01
1.247209548950195312e+01
1.246237945556640625e+01
1.243123054504394531e+01
1.244245409965515137e+01
1.245760440826416016e+01
1.250229215621948242e+01
1.244503235816955566e+01
1.244154453277587891e+01
1.244116854667663574e+01
1.248609495162963867e+01
1.243004035949707031e+01
1.246795225143432617e+01
1.243226909637451172e+01
1.248525953292846680e+01
1.245041441917419434e+01
1.243924260139465332e+01
1.244957828521728516e+01
1.245332264900207520e+01
1.243573808670043945e+01
1.249479746818542480e+01
1.248804712295532227e+01
1.248602914810180664e+01
1.244242978096008301e+01
1.241788172721862793e+01
1.248204350471496582e+01
1.253632020950317383e+01
1.248962974548339844e+01
1.246162199974060059e+01
