2.325105118751525879e+01
2.279863762855529785e+01
2.261788916587829590e+01
2.308853602409362793e+01
2.281639957427978516e+01
2.281133222579956055e+01
2.262553763389587402e+01
2.282709383964538574e+01
2.267763280868530273e+01
2.313492870330810547e+01
2.287600135803222656e+01
2.266682410240173340e+01
2.309767484664916992e+01
2.275114107131958008e+01
2.318340253829956055e+01
2.295479941368103027e+01
2.327980327606201172e+01
2.275742387771606445e+01
2.277765703201293945e+01
2.281771969795227051e+01
2.296059894561767578e+01
2.317227530479431152e+01
2.274973082542419434e+01
2.304566669464111328e+01
2.277370405197143555e+01
2.275813007354736328e+01
2.329917931556701660e+01
2.274125790596008301e+01
2.308610391616821289e+01
2.289493560791015625e+01
2.297483992576599121e+01
2.281480813026428223e+01
2.272654318809509277e+01
2.331058430671691895e+01
2.334534883499145508e+01
2.277895164489746094e+01
2.340964555740356445e+01
2.305588865280151367e+01
2.320663619041442871e+01
2.289384078979492188e+01
2.291107630729675293e+01
2.274472975730895996e+01
2.294276523590087891e+01
2.331745886802673340e+01
2.318899059295654297e+01
2.303747844696044922e+01
2.324152135848999023e+01
2.299406409263610840e+01
2.275302362442016602e+01
2.313776254653930664e+01
2.316772270202636719e+01
2.285852837562561035e+01
2.315032386779785156e+01
2.275908446311950684e+01
2.296858549118041992e+01
2.271776366233825684e+01
2.325168538093566895e+01
2.278231954574584961e+01
2.334141540527343750e+01
2.297398138046264648e+01
2.285466003417968750e+01
2.286401653289794922e+01
2.322947335243225098e+01
2.285488700866699219e+01
2.285550236701965332e+01
2.292361879348754883e+01
2.324485850334167480e+01
2.284888887405395508e+01
2.289687609672546387e+01
2.283154916763305664e+01
2.285341191291809082e+01
2.278856015205383301e+01
2.281152486801147461e+01
2.284557795524597168e+01
2.290652084350585938e+01
2.297075581550598145e+01
2.304552602767944336e+01
2.275602722167968750e+01
2.306304001808166504e+01
2.272917747497558594e+01
2.324118804931640625e+01
2.292672038078308105e+01
2.295720243453979492e+01
2.291795015335083008e+01
2.297145128250122070e+01
2.301068353652954102e+01
2.278209805488586426e+01
2.299122929573059082e+01
2.280875539779663086e+01
2.292241764068603516e+01
2.284684443473815918e+01
2.281775856018066406e+01
2.283461761474609375e+01
2.298232221603393555e+01
2.298691940307617188e+01
2.296241068840026855e+01
2.324781370162963867e+01
2.327981662750244141e+01
2.279874920845031738e+01
2.299905252456665039e+01
2.288574433326721191e+01
2.279493021965026855e+01
2.317116641998291016e+01
2.290105986595153809e+01
2.307844901084899902e+01
2.272879838943481445e+01
2.289610004425048828e+01
2.336547493934631348e+01
2.315789079666137695e+01
2.297243237495422363e+01
2.292306303977966309e+01
2.279342627525329590e+01
2.291485524177551270e+01
2.287399816513061523e+01
2.282653427124023438e+01
2.296125769615173340e+01
2.284722232818603516e+01
2.271991634368896484e+01
2.318754673004150391e+01
2.278136253356933594e+01
2.273120665550231934e+01
2.276180243492126465e+01
2.296579933166503906e+01
2.349312281608581543e+01
2.312801718711853027e+01
2.276972365379333496e+01
2.299866747856140137e+01
2.275354671478271484e+01
2.297737097740173340e+01
2.287694358825683594e+01
2.276676011085510254e+01
2.301655101776123047e+01
2.309189677238464355e+01
2.270318865776062012e+01
2.271234226226806641e+01
2.272710919380187988e+01
2.299904751777648926e+01
2.302534413337707520e+01
2.277671170234680176e+01
2.344241189956665039e+01
2.275455141067504883e+01
2.282902479171752930e+01
2.273756599426269531e+01
2.280433726310729980e+01
2.293212914466857910e+01
2.303909611701965332e+01
2.303624749183654785e+01
2.296321964263916016e+01
2.334279227256774902e+01
2.279213094711303711e+01
2.306955862045288086e+01
2.494903945922851562e+01
2.284529399871826172e+01
2.284032797813415527e+01
2.314770698547363281e+01
2.281663012504577637e+01
2.276147079467773438e+01
2.289306449890136719e+01
2.294885563850402832e+01
2.277443242073059082e+01
2.297163510322570801e+01
2.282455134391784668e+01
2.283142662048339844e+01
2.275890493392944336e+01
2.290000820159912109e+01
2.320895195007324219e+01
2.263440442085266113e+01
2.291317653656005859e+01
2.286268448829650879e+01
2.299578046798706055e+01
2.293858313560485840e+01
2.301860475540161133e+01
2.263856267929077148e+01
2.260409760475158691e+01
2.321759486198425293e+01
2.311968588829040527e+01
2.314132714271545410e+01
2.343143200874328613e+01
2.302510285377502441e+01
2.280837535858154297e+01
2.293095183372497559e+01
2.266812467575073242e+01
2.309310579299926758e+01
2.323121786117553711e+01
2.299481701850891113e+01
2.297824764251708984e+01
2.286795663833618164e+01
2.259650349617004395e+01
2.286608743667602539e+01
2.311735105514526367e+01
2.308136200904846191e+01
2.270990014076232910e+01
2.315258145332336426e+01
2.275722098350524902e+01
2.288700985908508301e+01
2.302345585823059082e+01
2.269937419891357422e+01
2.278067374229431152e+01
2.311814284324645996e+01
2.284238553047180176e+01
