1.148999977111816406e+01
1.567000007629394531e+01
2.327999877929687500e+01
2.553999900817871094e+01
2.880999946594238281e+01
2.911999893188476562e+01
3.001999855041503906e+01
3.384000015258789062e+01
3.254999923706054688e+01
3.554999923706054688e+01
3.607999801635742188e+01
3.718000030517578125e+01
3.800000000000000000e+01
3.975000000000000000e+01
3.965999984741210938e+01
3.432999801635742188e+01
4.121999740600585938e+01
3.938999938964843750e+01
4.043000030517578125e+01
3.980999755859375000e+01
4.087999725341796875e+01
3.950000000000000000e+01
4.121999740600585938e+01
4.180999755859375000e+01
4.252000045776367188e+01
4.377000045776367188e+01
4.275000000000000000e+01
3.970999908447265625e+01
4.234000015258789062e+01
4.020999908447265625e+01
4.288999938964843750e+01
4.320999908447265625e+01
4.436000061035156250e+01
4.177000045776367188e+01
4.529999923706054688e+01
4.311000061035156250e+01
4.293999862670898438e+01
4.232999801635742188e+01
4.613999938964843750e+01
4.611000061035156250e+01
4.355999755859375000e+01
4.575000000000000000e+01
4.543999862670898438e+01
4.323999786376953125e+01
4.336999893188476562e+01
4.497999954223632812e+01
4.415999984741210938e+01
4.295000076293945312e+01
4.684000015258789062e+01
4.325999832153320312e+01
4.721999740600585938e+01
4.379999923706054688e+01
4.716999816894531250e+01
4.612999725341796875e+01
3.912999725341796875e+01
3.918000030517578125e+01
4.400000000000000000e+01
4.587999725341796875e+01
3.552000045776367188e+01
4.878999710083007812e+01
4.778999710083007812e+01
4.747999954223632812e+01
4.687999725341796875e+01
4.545999908447265625e+01
4.628999710083007812e+01
4.791999816894531250e+01
4.368999862670898438e+01
4.596999740600585938e+01
4.702000045776367188e+01
4.493000030517578125e+01
4.443999862670898438e+01
4.488999938964843750e+01
4.118999862670898438e+01
4.056999969482421875e+01
4.450000000000000000e+01
4.427000045776367188e+01
4.662999725341796875e+01
4.659999847412109375e+01
4.861000061035156250e+01
4.362999725341796875e+01
4.875000000000000000e+01
4.457999801635742188e+01
3.012999916076660156e+01
4.461000061035156250e+01
4.366999816894531250e+01
4.429999923706054688e+01
4.220999908447265625e+01
4.713999938964843750e+01
4.479999923706054688e+01
4.861000061035156250e+01
4.437999725341796875e+01
4.944999694824218750e+01
4.497999954223632812e+01
4.627999877929687500e+01
4.221999740600585938e+01
4.257999801635742188e+01
4.623999786376953125e+01
4.627000045776367188e+01
4.427999877929687500e+01
4.609000015258789062e+01
5.252000045776367188e+01
5.329999923706054688e+01
5.337999725341796875e+01
5.416999816894531250e+01
5.378999710083007812e+01
5.453999710083007812e+01
5.465999984741210938e+01
5.439999771118164062e+01
5.482999801635742188e+01
5.505999755859375000e+01
5.560999679565429688e+01
5.582999801635742188e+01
5.535999679565429688e+01
5.469999694824218750e+01
5.600000000000000000e+01
5.477999877929687500e+01
5.566999816894531250e+01
5.630999755859375000e+01
5.523999786376953125e+01
5.697999954223632812e+01
5.631999969482421875e+01
5.537999725341796875e+01
5.616999816894531250e+01
5.641999816894531250e+01
5.611999893188476562e+01
5.635999679565429688e+01
5.575000000000000000e+01
5.707999801635742188e+01
5.469999694824218750e+01
5.648999786376953125e+01
5.587999725341796875e+01
5.660999679565429688e+01
5.677999877929687500e+01
5.720999908447265625e+01
5.672999954223632812e+01
5.772999954223632812e+01
5.722999954223632812e+01
5.679999923706054688e+01
5.698999786376953125e+01
5.640999984741210938e+01
5.704999923706054688e+01
5.656999969482421875e+01
5.684000015258789062e+01
5.714999771118164062e+01
5.789999771118164062e+01
5.621999740600585938e+01
5.739999771118164062e+01
5.710999679565429688e+01
5.775999832153320312e+01
5.669999694824218750e+01
5.793000030517578125e+01
5.781999969482421875e+01
5.784999847412109375e+01
5.784999847412109375e+01
5.786999893188476562e+01
5.800000000000000000e+01
5.780999755859375000e+01
5.810999679565429688e+01
5.794999694824218750e+01
5.816999816894531250e+01
5.807999801635742188e+01
5.812999725341796875e+01
5.827999877929687500e+01
5.775999832153320312e+01
5.800999832153320312e+01
5.803999710083007812e+01
5.826999664306640625e+01
5.812999725341796875e+01
5.809000015258789062e+01
5.825999832153320312e+01
5.850999832153320312e+01
5.801999664306640625e+01
5.796999740600585938e+01
5.812999725341796875e+01
5.832999801635742188e+01
5.834999847412109375e+01
5.825000000000000000e+01
5.866999816894531250e+01
5.843000030517578125e+01
5.809999847412109375e+01
5.850000000000000000e+01
5.822999954223632812e+01
5.813999938964843750e+01
5.796999740600585938e+01
5.793000030517578125e+01
5.841999816894531250e+01
5.847999954223632812e+01
5.836999893188476562e+01
5.821999740600585938e+01
5.809999847412109375e+01
5.815999984741210938e+01
5.834000015258789062e+01
5.845999908447265625e+01
5.859999847412109375e+01
5.819999694824218750e+01
5.809999847412109375e+01
5.822999954223632812e+01
5.861999893188476562e+01
5.829999923706054688e+01
5.862999725341796875e+01
