2.324420905113220215e+01
2.292683744430541992e+01
2.282182979583740234e+01
2.350862860679626465e+01
2.301618623733520508e+01
2.308609199523925781e+01
2.284297180175781250e+01
2.291624116897583008e+01
2.317809534072875977e+01
2.326072931289672852e+01
2.270811867713928223e+01
2.279161834716796875e+01
2.327044653892517090e+01
2.275234580039978027e+01
2.301037621498107910e+01
2.316276741027832031e+01
2.357496380805969238e+01
2.275951457023620605e+01
2.312363433837890625e+01
2.335215830802917480e+01
2.310084915161132812e+01
2.319628286361694336e+01
2.298152375221252441e+01
2.297686719894409180e+01
2.337268257141113281e+01
2.304666757583618164e+01
2.316193699836730957e+01
2.335393428802490234e+01
2.300180721282958984e+01
2.280495476722717285e+01
2.313606500625610352e+01
2.295856714248657227e+01
2.301880288124084473e+01
2.311117076873779297e+01
2.289615082740783691e+01
2.298212265968322754e+01
2.350008058547973633e+01
2.336463713645935059e+01
2.319854640960693359e+01
2.306121087074279785e+01
2.316666221618652344e+01
2.294062852859497070e+01
2.322804856300354004e+01
2.275569963455200195e+01
2.338000941276550293e+01
2.313615298271179199e+01
2.318134617805480957e+01
2.284648942947387695e+01
2.302505397796630859e+01
2.319414496421813965e+01
2.310111618041992188e+01
2.322887969017028809e+01
2.318412303924560547e+01
2.286383414268493652e+01
2.293114662170410156e+01
2.277843213081359863e+01
2.343454670906066895e+01
2.308795785903930664e+01
2.274135494232177734e+01
2.317612433433532715e+01
2.273170614242553711e+01
2.279618573188781738e+01
2.325414776802062988e+01
2.293087577819824219e+01
2.313952946662902832e+01
2.295012116432189941e+01
2.313062286376953125e+01
2.341512393951416016e+01
2.326537036895751953e+01
2.280670380592346191e+01
2.280467867851257324e+01
2.298333954811096191e+01
2.301764941215515137e+01
2.277237296104431152e+01
2.322493720054626465e+01
2.307716345787048340e+01
2.314223861694335938e+01
2.329971528053283691e+01
2.305685281753540039e+01
2.299853348731994629e+01
2.330997252464294434e+01
2.270884656906127930e+01
2.304680562019348145e+01
2.293549013137817383e+01
2.315557765960693359e+01
2.276039791107177734e+01
2.298689889907836914e+01
2.274208545684814453e+01
2.351700091361999512e+01
2.315773987770080566e+01
2.347580480575561523e+01
2.306663775444030762e+01
2.287857723236083984e+01
2.296768212318420410e+01
2.338071751594543457e+01
2.279720187187194824e+01
2.287908148765563965e+01
2.294924569129943848e+01
2.272481226921081543e+01
2.298531794548034668e+01
2.319218564033508301e+01
2.280632185935974121e+01
2.304528999328613281e+01
2.281961655616760254e+01
2.346283888816833496e+01
2.303206849098205566e+01
2.319570922851562500e+01
2.342117142677307129e+01
2.307422590255737305e+01
2.336763405799865723e+01
2.285201406478881836e+01
2.301889586448669434e+01
2.325703668594360352e+01
2.280242204666137695e+01
2.282227540016174316e+01
2.308771300315856934e+01
2.300758528709411621e+01
2.270854067802429199e+01
2.290785908699035645e+01
2.291590976715087891e+01
2.282504940032958984e+01
2.276225733757019043e+01
2.331235909461975098e+01
2.296447587013244629e+01
2.335663199424743652e+01
2.295745205879211426e+01
2.305079174041748047e+01
2.312498188018798828e+01
2.291253566741943359e+01
2.297382307052612305e+01
2.297522735595703125e+01
2.330959677696228027e+01
2.289503526687622070e+01
2.321525526046752930e+01
2.290746259689331055e+01
2.320018577575683594e+01
2.284613227844238281e+01
2.319932985305786133e+01
2.271489977836608887e+01
2.287103748321533203e+01
2.319422960281372070e+01
2.305236935615539551e+01
2.316847181320190430e+01
2.309052324295043945e+01
2.345066475868225098e+01
2.309679436683654785e+01
2.279500675201416016e+01
2.299793410301208496e+01
2.329010272026062012e+01
2.300075364112854004e+01
2.283808207511901855e+01
2.497073626518249512e+01
2.329443383216857910e+01
2.350485396385192871e+01
2.326116895675659180e+01
2.321229600906372070e+01
2.295938873291015625e+01
2.307817673683166504e+01
2.291384649276733398e+01
2.314966344833374023e+01
2.284116435050964355e+01
2.306091547012329102e+01
2.287367963790893555e+01
2.330434179306030273e+01
2.302829217910766602e+01
2.336801218986511230e+01
2.275258970260620117e+01
2.292191195487976074e+01
2.322383069992065430e+01
2.301018118858337402e+01
2.275887680053710938e+01
2.298381161689758301e+01
2.304113721847534180e+01
2.282663846015930176e+01
2.267529106140136719e+01
2.269290447235107422e+01
2.294669890403747559e+01
2.301497745513916016e+01
2.281923866271972656e+01
2.261842036247253418e+01
2.290302586555480957e+01
2.268084740638732910e+01
2.279869651794433594e+01
2.293197107315063477e+01
2.307606244087219238e+01
2.272044420242309570e+01
2.260037255287170410e+01
2.274574685096740723e+01
2.317837357521057129e+01
2.301196837425231934e+01
2.275068235397338867e+01
2.268803477287292480e+01
2.277688074111938477e+01
2.266560316085815430e+01
2.284642362594604492e+01
2.296303510665893555e+01
2.264631605148315430e+01
2.265857720375061035e+01
2.264452457427978516e+01
2.260784125328063965e+01
