1.301843667030334473e+01
1.240781283378601074e+01
1.240134572982788086e+01
1.238941669464111328e+01
1.241469049453735352e+01
1.244166254997253418e+01
1.240828061103820801e+01
1.247842407226562500e+01
1.241367793083190918e+01
1.240327501296997070e+01
1.251271104812622070e+01
1.236920619010925293e+01
1.237353301048278809e+01
1.240291285514831543e+01
1.243956661224365234e+01
1.242370343208312988e+01
1.242132306098937988e+01
1.242082500457763672e+01
1.244667220115661621e+01
1.243938040733337402e+01
1.244818615913391113e+01
1.242949891090393066e+01
1.235410189628601074e+01
1.244257450103759766e+01
1.240549588203430176e+01
1.236746382713317871e+01
1.237040114402770996e+01
1.239365053176879883e+01
1.236228227615356445e+01
1.237597155570983887e+01
1.237785959243774414e+01
1.239927530288696289e+01
1.237178659439086914e+01
1.240746593475341797e+01
1.239707279205322266e+01
1.238511037826538086e+01
1.234018158912658691e+01
1.245680713653564453e+01
1.243987345695495605e+01
1.242603230476379395e+01
1.238041543960571289e+01
1.238294410705566406e+01
1.246313881874084473e+01
1.242690443992614746e+01
1.239780306816101074e+01
1.249572229385375977e+01
1.243086147308349609e+01
1.239359831809997559e+01
1.237520956993103027e+01
1.238160896301269531e+01
1.238973665237426758e+01
1.238892149925231934e+01
1.237720751762390137e+01
1.234487938880920410e+01
1.236118531227111816e+01
1.236675262451171875e+01
1.234562540054321289e+01
1.234999990463256836e+01
1.240390729904174805e+01
1.239633607864379883e+01
1.236529850959777832e+01
1.238135528564453125e+01
1.237454771995544434e+01
1.236086368560791016e+01
1.239135909080505371e+01
1.240706229209899902e+01
1.239988422393798828e+01
1.234653973579406738e+01
1.238245153427124023e+01
1.237811326980590820e+01
1.237941765785217285e+01
1.238645648956298828e+01
1.237272524833679199e+01
1.239722919464111328e+01
1.236614227294921875e+01
1.238117218017578125e+01
1.238659048080444336e+01
1.237926459312438965e+01
1.239485812187194824e+01
1.235561060905456543e+01
1.246003770828247070e+01
1.238878178596496582e+01
1.239143824577331543e+01
1.239205551147460938e+01
1.237293148040771484e+01
1.237938475608825684e+01
1.237304329872131348e+01
1.237439632415771484e+01
1.237211632728576660e+01
1.236398625373840332e+01
1.236987161636352539e+01
1.238224601745605469e+01
1.236528229713439941e+01
1.239236807823181152e+01
1.238036870956420898e+01
1.238544559478759766e+01
1.241008400917053223e+01
1.241903424263000488e+01
1.236423420906066895e+01
1.236757564544677734e+01
1.237665438652038574e+01
1.243608641624450684e+01
1.241964030265808105e+01
1.237587165832519531e+01
1.236585330963134766e+01
1.237003350257873535e+01
1.236188602447509766e+01
1.239907717704772949e+01
1.238907694816589355e+01
1.238144040107727051e+01
1.237087845802307129e+01
1.237141942977905273e+01
1.237955880165100098e+01
1.235502362251281738e+01
1.237621450424194336e+01
1.238904380798339844e+01
1.236687541007995605e+01
1.236788511276245117e+01
1.238459897041320801e+01
1.239197206497192383e+01
1.234625220298767090e+01
1.239261579513549805e+01
1.238172101974487305e+01
1.237691664695739746e+01
1.242706155776977539e+01
1.236849021911621094e+01
1.242784619331359863e+01
1.238575410842895508e+01
1.236474514007568359e+01
1.239409542083740234e+01
1.237093353271484375e+01
1.238005542755126953e+01
1.246321487426757812e+01
1.239240026473999023e+01
1.239386463165283203e+01
1.235695624351501465e+01
1.240228557586669922e+01
1.238806128501892090e+01
1.237859821319580078e+01
1.240363907814025879e+01
1.234640240669250488e+01
1.233441615104675293e+01
1.234973812103271484e+01
1.236841177940368652e+01
1.235121703147888184e+01
1.235682868957519531e+01
1.239983320236206055e+01
1.240142464637756348e+01
1.239669871330261230e+01
1.240412187576293945e+01
1.240465164184570312e+01
1.234259295463562012e+01
1.245969843864440918e+01
1.244664168357849121e+01
1.245278072357177734e+01
1.249794006347656250e+01
1.238917922973632812e+01
1.238932561874389648e+01
1.236512279510498047e+01
1.244224119186401367e+01
1.244448685646057129e+01
1.243721723556518555e+01
1.243477392196655273e+01
1.244754457473754883e+01
1.240898871421813965e+01
1.241313576698303223e+01
1.228908872604370117e+01
1.245924687385559082e+01
1.228722786903381348e+01
1.229529404640197754e+01
1.224163317680358887e+01
1.229466938972473145e+01
1.228085732460021973e+01
1.222903800010681152e+01
1.224844694137573242e+01
1.231060957908630371e+01
1.229300761222839355e+01
1.226317214965820312e+01
1.243964672088623047e+01
1.228204965591430664e+01
1.229638028144836426e+01
1.238163733482360840e+01
1.223577737808227539e+01
1.234614562988281250e+01
1.229047465324401855e+01
1.222695422172546387e+01
1.223893022537231445e+01
1.227174758911132812e+01
1.227490782737731934e+01
1.230486369132995605e+01
1.222455239295959473e+01
1.224940061569213867e+01
1.237672233581542969e+01
1.238004326820373535e+01
1.222301912307739258e+01
1.223746562004089355e+01
1.227856850624084473e+01
1.227078080177307129e+01
1.231621122360229492e+01
1.234115958213806152e+01
