4.018094539642333984e-01
3.939008712768554688e-01
3.922266960144042969e-01
3.971636295318603516e-01
3.906140327453613281e-01
3.964602947235107422e-01
3.804261684417724609e-01
3.979294300079345703e-01
3.857650756835937500e-01
3.931775093078613281e-01
3.827795982360839844e-01
3.862922191619873047e-01
3.907284736633300781e-01
3.833303451538085938e-01
3.960044384002685547e-01
3.853697776794433594e-01
3.956098556518554688e-01
3.861317634582519531e-01
3.882987499237060547e-01
3.895304203033447266e-01
3.830084800720214844e-01
3.942677974700927734e-01
3.850681781768798828e-01
3.939828872680664062e-01
3.900358676910400391e-01
3.875601291656494141e-01
3.916823863983154297e-01
3.792068958282470703e-01
3.943877220153808594e-01
3.848330974578857422e-01
3.910615444183349609e-01
3.934075832366943359e-01
3.858263492584228516e-01
3.907310962677001953e-01
3.801195621490478516e-01
3.955802917480468750e-01
5.038499832153320312e-01
3.939757347106933594e-01
3.909683227539062500e-01
3.827581405639648438e-01
3.954682350158691406e-01
3.832554817199707031e-01
3.956727981567382812e-01
3.812999725341796875e-01
3.870241641998291016e-01
3.926217555999755859e-01
3.825759887695312500e-01
3.930997848510742188e-01
3.825447559356689453e-01
3.937053680419921875e-01
3.833024501800537109e-01
3.878817558288574219e-01
3.909478187561035156e-01
3.817024230957031250e-01
3.965687751770019531e-01
3.841521739959716797e-01
3.917574882507324219e-01
3.857226371765136719e-01
3.853094577789306641e-01
3.945384025573730469e-01
3.818359375000000000e-01
3.933727741241455078e-01
3.844234943389892578e-01
3.929841518402099609e-01
3.871121406555175781e-01
3.843677043914794922e-01
3.903346061706542969e-01
3.836333751678466797e-01
3.914465904235839844e-01
3.856539726257324219e-01
3.873949050903320312e-01
3.939802646636962891e-01
3.845963478088378906e-01
3.950016498565673828e-01
3.817508220672607422e-01
3.891382217407226562e-01
3.893501758575439453e-01
3.872642517089843750e-01
3.927919864654541016e-01
3.888745307922363281e-01
3.942532539367675781e-01
3.783230781555175781e-01
3.885886669158935547e-01
3.878674507141113281e-01
3.878433704376220703e-01
3.925445079803466797e-01
3.827424049377441406e-01
3.903834819793701172e-01
3.853039741516113281e-01
3.874766826629638672e-01
3.908386230468750000e-01
3.897879123687744141e-01
3.899147510528564453e-01
3.844590187072753906e-01
3.929927349090576172e-01
3.841092586517333984e-01
3.872413635253906250e-01
3.923940658569335938e-01
3.867802619934082031e-01
3.909058570861816406e-01
3.836932182312011719e-01
3.928270339965820312e-01
3.901758193969726562e-01
3.905649185180664062e-01
3.943223953247070312e-01
3.878731727600097656e-01
3.915147781372070312e-01
3.858263492584228516e-01
3.891334533691406250e-01
3.883318901062011719e-01
3.867025375366210938e-01
3.936555385589599609e-01
3.872256278991699219e-01
3.913774490356445312e-01
3.835880756378173828e-01
3.875265121459960938e-01
3.916766643524169922e-01
3.884866237640380859e-01
3.897678852081298828e-01
3.845922946929931641e-01
3.938891887664794922e-01
3.813650608062744141e-01
3.896276950836181641e-01
3.929631710052490234e-01
3.896238803863525391e-01
3.923485279083251953e-01
3.794982433319091797e-01
3.917217254638671875e-01
3.870511054992675781e-01
3.872268199920654297e-01
3.928184509277343750e-01
3.896207809448242188e-01
3.936176300048828125e-01
3.833024501800537109e-01
3.882396221160888672e-01
3.912298679351806641e-01
3.870613574981689453e-01
3.920671939849853516e-01
3.910050392150878906e-01
3.871934413909912109e-01
3.890862464904785156e-01
3.888854980468750000e-01
3.920848369598388672e-01
3.899531364440917969e-01
3.935306072235107422e-01
3.876719474792480469e-01
3.899688720703125000e-01
3.852398395538330078e-01
3.843276500701904297e-01
3.914051055908203125e-01
3.876626491546630859e-01
6.965515613555908203e-01
3.896267414093017578e-01
3.921458721160888672e-01
3.865828514099121094e-01
3.926484584808349609e-01
3.896651268005371094e-01
3.871750831604003906e-01
3.954296112060546875e-01
3.878183364868164062e-01
3.877999782562255859e-01
3.898725509643554688e-01
3.907263278961181641e-01
3.908011913299560547e-01
3.900756835937500000e-01
3.962726593017578125e-01
3.846070766448974609e-01
3.860490322113037109e-01
3.847136497497558594e-01
3.864250183105468750e-01
3.924984931945800781e-01
3.857750892639160156e-01
3.896288871765136719e-01
3.794100284576416016e-01
3.855979442596435547e-01
3.874001502990722656e-01
3.869822025299072266e-01
3.897976875305175781e-01
3.868191242218017578e-01
3.863875865936279297e-01
3.820836544036865234e-01
3.847298622131347656e-01
3.889703750610351562e-01
3.849689960479736328e-01
3.903186321258544922e-01
3.862149715423583984e-01
3.902637958526611328e-01
3.847861289978027344e-01
3.869121074676513672e-01
3.893496990203857422e-01
3.913285732269287109e-01
3.918797969818115234e-01
3.785469532012939453e-01
3.844449520111083984e-01
3.880870342254638672e-01
3.851034641265869141e-01
3.880803585052490234e-01
3.874123096466064453e-01
3.860278129577636719e-01
3.784785270690917969e-01
