4.020736217498779297e-01
3.930847644805908203e-01
3.917112350463867188e-01
3.974378108978271484e-01
3.898999691009521484e-01
3.959462642669677734e-01
3.798410892486572266e-01
3.976488113403320312e-01
3.850598335266113281e-01
3.927206993103027344e-01
3.828051090240478516e-01
3.863286972045898438e-01
3.906176090240478516e-01
3.829648494720458984e-01
3.960840702056884766e-01
3.848907947540283203e-01
3.955152034759521484e-01
3.857059478759765625e-01
3.881206512451171875e-01
3.892638683319091797e-01
3.830695152282714844e-01
3.939948081970214844e-01
3.850755691528320312e-01
3.939144611358642578e-01
3.900127410888671875e-01
3.874669075012207031e-01
3.917465209960937500e-01
3.789355754852294922e-01
3.944668769836425781e-01
3.850204944610595703e-01
3.911616802215576172e-01
3.935413360595703125e-01
3.854160308837890625e-01
3.908998966217041016e-01
3.799467086791992188e-01
3.954081535339355469e-01
4.781637191772460938e-01
3.935050964355468750e-01
3.917024135589599609e-01
3.827884197235107422e-01
3.952012062072753906e-01
3.832263946533203125e-01
3.955690860748291016e-01
3.811678886413574219e-01
3.869316577911376953e-01
3.926084041595458984e-01
3.822011947631835938e-01
3.929409980773925781e-01
3.824644088745117188e-01
3.938372135162353516e-01
3.831171989440917969e-01
3.877995014190673828e-01
3.907513618469238281e-01
3.816978931427001953e-01
3.959536552429199219e-01
3.840830326080322266e-01
3.917086124420166016e-01
3.860979080200195312e-01
3.854882717132568359e-01
3.944115638732910156e-01
3.818178176879882812e-01
3.934488296508789062e-01
3.844168186187744141e-01
3.930335044860839844e-01
3.871178627014160156e-01
3.847465515136718750e-01
3.900773525238037109e-01
3.840203285217285156e-01
3.916265964508056641e-01
3.854749202728271484e-01
3.873341083526611328e-01
3.940570354461669922e-01
3.846511840820312500e-01
3.950040340423583984e-01
3.814973831176757812e-01
3.889329433441162109e-01
3.892736434936523438e-01
3.873021602630615234e-01
3.926334381103515625e-01
3.880772590637207031e-01
3.940579891204833984e-01
3.782007694244384766e-01
3.883478641510009766e-01
3.876471519470214844e-01
3.878648281097412109e-01
3.923528194427490234e-01
3.827164173126220703e-01
3.904702663421630859e-01
3.855705261230468750e-01
3.872747421264648438e-01
3.909261226654052734e-01
3.895666599273681641e-01
3.897931575775146484e-01
3.842949867248535156e-01
3.929843902587890625e-01
3.839402198791503906e-01
3.870675563812255859e-01
3.924636840820312500e-01
3.865978717803955078e-01
3.908803462982177734e-01
3.835988044738769531e-01
3.928894996643066406e-01
3.901991844177246094e-01
3.906579017639160156e-01
3.940997123718261719e-01
3.878660202026367188e-01
3.914508819580078125e-01
3.857202529907226562e-01
3.891685009002685547e-01
3.884379863739013672e-01
3.867552280426025391e-01
3.935451507568359375e-01
3.872773647308349609e-01
3.915054798126220703e-01
3.834877014160156250e-01
3.875434398651123047e-01
3.917214870452880859e-01
3.885488510131835938e-01
3.896427154541015625e-01
3.846321105957031250e-01
3.938748836517333984e-01
3.813049793243408203e-01
3.896479606628417969e-01
3.928561210632324219e-01
3.895428180694580078e-01
3.923239707946777344e-01
3.794825077056884766e-01
3.918390274047851562e-01
3.870832920074462891e-01
3.871049880981445312e-01
3.921785354614257812e-01
3.893704414367675781e-01
3.936409950256347656e-01
3.832118511199951172e-01
3.881714344024658203e-01
3.909895420074462891e-01
3.869552612304687500e-01
3.920738697052001953e-01
3.904042243957519531e-01
3.871395587921142578e-01
3.888144493103027344e-01
3.887963294982910156e-01
3.919632434844970703e-01
3.898227214813232422e-01
3.934814929962158203e-01
3.875544071197509766e-01
3.900365829467773438e-01
3.851563930511474609e-01
3.843560218811035156e-01
3.909497261047363281e-01
3.875577449798583984e-01
6.331202983856201172e-01
3.892848491668701172e-01
3.917977809906005859e-01
3.857829570770263672e-01
3.924257755279541016e-01
3.893263339996337891e-01
3.869371414184570312e-01
3.953557014465332031e-01
3.876435756683349609e-01
3.875312805175781250e-01
3.895063400268554688e-01
3.903646469116210938e-01
3.906052112579345703e-01
3.896670341491699219e-01
3.961818218231201172e-01
3.846349716186523438e-01
3.861839771270751953e-01
3.850717544555664062e-01
3.866472244262695312e-01
3.926942348480224609e-01
3.860547542572021484e-01
3.897964954376220703e-01
3.794941902160644531e-01
3.858201503753662109e-01
3.876290321350097656e-01
3.879606723785400391e-01
3.900179862976074219e-01
3.868863582611083984e-01
3.866961002349853516e-01
3.822546005249023438e-01
3.848748207092285156e-01
3.893005847930908203e-01
3.851788043975830078e-01
3.907151222229003906e-01
3.863699436187744141e-01
3.905277252197265625e-01
3.848605155944824219e-01
3.871684074401855469e-01
3.894433975219726562e-01
3.916139602661132812e-01
3.921627998352050781e-01
3.786268234252929688e-01
3.846426010131835938e-01
3.881533145904541016e-01
3.853721618652343750e-01
3.884110450744628906e-01
3.875579833984375000e-01
3.868875503540039062e-01
3.786494731903076172e-01
