1.353827023506164551e+01
1.284793329238891602e+01
1.285726046562194824e+01
1.283365082740783691e+01
1.284579873085021973e+01
1.290711402893066406e+01
1.285381269454956055e+01
1.288516831398010254e+01
1.285147380828857422e+01
1.283621811866760254e+01
1.286164808273315430e+01
1.279994463920593262e+01
1.282709002494812012e+01
1.287578868865966797e+01
1.289148044586181641e+01
1.286368966102600098e+01
1.287818002700805664e+01
1.286906409263610840e+01
1.284251737594604492e+01
1.287493968009948730e+01
1.287972784042358398e+01
1.284300398826599121e+01
1.281124186515808105e+01
1.287847924232482910e+01
1.287637591361999512e+01
1.280182623863220215e+01
1.280751991271972656e+01
1.280783104896545410e+01
1.282798910140991211e+01
1.283245635032653809e+01
1.278980231285095215e+01
1.284630012512207031e+01
1.280799937248229980e+01
1.287034416198730469e+01
1.280183291435241699e+01
1.282938814163208008e+01
1.289612317085266113e+01
1.297872829437255859e+01
1.286717414855957031e+01
1.284830117225646973e+01
1.282060480117797852e+01
1.282842803001403809e+01
1.283544492721557617e+01
1.278847908973693848e+01
1.284619045257568359e+01
1.279467916488647461e+01
1.280239152908325195e+01
1.281365799903869629e+01
1.281168699264526367e+01
1.283865642547607422e+01
1.279267334938049316e+01
1.279614138603210449e+01
1.277286601066589355e+01
1.278034710884094238e+01
1.294090461730957031e+01
1.284550452232360840e+01
1.281079125404357910e+01
1.283026933670043945e+01
1.283451342582702637e+01
1.279959440231323242e+01
1.279637598991394043e+01
1.282199549674987793e+01
1.279251861572265625e+01
1.284520244598388672e+01
1.283433890342712402e+01
1.282586574554443359e+01
1.280272626876831055e+01
1.281561183929443359e+01
1.286185717582702637e+01
1.284871864318847656e+01
1.282434868812561035e+01
1.286153483390808105e+01
1.278287506103515625e+01
1.290064001083374023e+01
1.279834365844726562e+01
1.283314013481140137e+01
1.283196496963500977e+01
1.288055968284606934e+01
1.280339503288269043e+01
1.281765198707580566e+01
1.282261323928833008e+01
1.280682468414306641e+01
1.280973744392395020e+01
1.283370184898376465e+01
1.282582259178161621e+01
1.282203960418701172e+01
1.282973647117614746e+01
1.286021542549133301e+01
1.281461215019226074e+01
1.278193688392639160e+01
1.284147500991821289e+01
1.284680867195129395e+01
1.281731367111206055e+01
1.281419444084167480e+01
1.280730295181274414e+01
1.283720397949218750e+01
1.279006981849670410e+01
1.283612442016601562e+01
1.286998271942138672e+01
1.278908562660217285e+01
1.280417490005493164e+01
1.289866948127746582e+01
1.284679794311523438e+01
1.283112573623657227e+01
1.281389665603637695e+01
1.287636661529541016e+01
1.279829049110412598e+01
1.280636668205261230e+01
1.280480742454528809e+01
1.281562638282775879e+01
1.290787959098815918e+01
1.282535433769226074e+01
1.278465223312377930e+01
1.280656194686889648e+01
1.283612895011901855e+01
1.283053946495056152e+01
1.282130646705627441e+01
1.282731127738952637e+01
1.281183671951293945e+01
1.283267092704772949e+01
1.280522966384887695e+01
1.281410813331604004e+01
1.284254670143127441e+01
1.280593037605285645e+01
1.280327391624450684e+01
1.281320285797119141e+01
1.283719873428344727e+01
1.284758806228637695e+01
1.282911753654479980e+01
1.279494500160217285e+01
1.288598489761352539e+01
1.285330820083618164e+01
1.279981112480163574e+01
1.280350208282470703e+01
1.284435105323791504e+01
1.279656600952148438e+01
1.283714938163757324e+01
1.283045101165771484e+01
1.283520889282226562e+01
1.279351687431335449e+01
1.277828979492187500e+01
1.278707408905029297e+01
1.281087470054626465e+01
1.281603622436523438e+01
1.280752444267272949e+01
1.281012701988220215e+01
1.281814002990722656e+01
1.283764219284057617e+01
1.285252022743225098e+01
1.283350777626037598e+01
1.280893754959106445e+01
1.300589632987976074e+01
1.292169928550720215e+01
1.290469169616699219e+01
1.286537384986877441e+01
1.291522669792175293e+01
1.289275884628295898e+01
1.281987953186035156e+01
1.283246803283691406e+01
1.286768412590026855e+01
1.288728451728820801e+01
1.289253687858581543e+01
1.285791659355163574e+01
1.289410877227783203e+01
1.286213922500610352e+01
1.289756250381469727e+01
1.273203706741333008e+01
1.266220068931579590e+01
1.272379064559936523e+01
1.273572969436645508e+01
1.267154073715209961e+01
1.273454546928405762e+01
1.270112061500549316e+01
1.269990015029907227e+01
1.267751789093017578e+01
1.271169352531433105e+01
1.267161083221435547e+01
1.270695161819458008e+01
1.262370944023132324e+01
1.273793220520019531e+01
1.279173254966735840e+01
1.262570786476135254e+01
1.268100738525390625e+01
1.273703002929687500e+01
1.270802426338195801e+01
1.268780040740966797e+01
1.270251250267028809e+01
1.274447369575500488e+01
1.273407530784606934e+01
1.271267151832580566e+01
1.268201899528503418e+01
1.270300340652465820e+01
1.262825226783752441e+01
1.261807632446289062e+01
1.268012142181396484e+01
1.268331694602966309e+01
1.273159217834472656e+01
1.271643328666687012e+01
1.266903471946716309e+01
1.261874055862426758e+01
