1.076800000244140598e+01
1.355199999877929606e+01
1.683200000183105516e+01
2.041599999511718622e+01
2.456000000244140580e+01
2.775999999877929625e+01
2.955200000366210844e+01
3.206399999145507707e+01
3.375999999389648565e+01
3.459200000732421643e+01
3.595199998779296635e+01
3.655999999755859164e+01
3.824000000732421967e+01
3.860799999755859346e+01
3.847999999755859335e+01
4.089600000610351316e+01
3.987200000976562819e+01
3.995199999755859466e+01
4.027199999999999847e+01
4.131200000732421529e+01
4.160000000366211026e+01
4.247999999145508099e+01
4.182400000976562637e+01
4.235199999145508087e+01
4.151999999511718897e+01
4.423999998779297016e+01
4.368000000976562802e+01
4.262399999633789349e+01
4.395199999145507519e+01
4.512000000732422222e+01
4.574399999145507678e+01
4.369600000366210679e+01
4.401599998779296641e+01
4.361599999023437846e+01
4.451200000366210929e+01
4.393599999145507695e+01
4.441599998779297209e+01
4.345600000366211191e+01
4.547199999023437300e+01
4.548800000122070486e+01
4.393599999389648758e+01
4.468799998779297056e+01
4.345599999023437476e+01
4.521600000366210992e+01
4.500800000000000267e+01
4.454399999389648457e+01
4.500800000000000267e+01
4.492799999999999727e+01
4.483199999023437243e+01
4.516800000610351873e+01
4.486399998779296538e+01
4.444800000610351276e+01
4.422400000732422143e+01
4.438400000366210918e+01
4.417600000000000193e+01
4.452800000976562700e+01
4.366400000976562268e+01
4.545599999389648360e+01
4.427200000732421614e+01
4.328000000366210998e+01
4.483199999145507775e+01
4.544000000976562603e+01
4.339200000976562421e+01
4.428799999877929849e+01
4.372799998779296970e+01
4.463999998779296874e+01
4.417600000732421961e+01
4.198400000610351412e+01
4.367999999145507672e+01
4.132799998779297113e+01
4.251199999023437215e+01
4.318400000610351697e+01
4.377600000000000335e+01
4.388799999389648576e+01
4.355200000976562791e+01
4.542400000366210833e+01
4.262399999389648286e+01
4.395200000366210702e+01
4.270400000366210946e+01
4.308800000732421864e+01
4.121600000976562228e+01
4.334400000000000119e+01
4.115199999389648156e+01
4.513599998779297096e+01
4.343999999145507473e+01
4.193599999816894552e+01
4.348799998779296772e+01
4.263999999389648110e+01
4.342399999633789065e+01
4.355200000366210844e+01
4.287999999755859193e+01
4.350400000732421546e+01
4.249600000366211106e+01
4.393600000976562825e+01
4.326400000976562410e+01
4.031999999389648792e+01
4.254399999816894251e+01
4.412800000366210895e+01
4.294399999755859199e+01
4.268799999023437408e+01
5.494399998291015663e+01
5.593600000244140347e+01
5.617599998657226479e+01
5.664000000244140409e+01
5.723199998657226217e+01
5.775999999633788917e+01
5.798399999633789292e+01
5.806400000244140358e+01
5.814400000244140898e+01
5.883200000976562194e+01
5.891200000610351850e+01
5.902400000610351327e+01
5.870399998657226348e+01
5.939199997314452872e+01
5.947199998657226416e+01
5.932799997314452867e+01
6.011199998657226473e+01
6.014399998657226831e+01
6.044800001464843575e+01
6.099200000610351680e+01
6.020799999633788957e+01
6.060799999267577931e+01
6.014400000610351782e+01
6.072000000610351833e+01
6.100800000244140620e+01
6.035199999999999676e+01
6.091200000244140966e+01
6.132799998657226581e+01
6.104000000610351861e+01
6.131200001464844007e+01
6.110400000976562751e+01
6.159999998291015544e+01
6.132799998657226581e+01
6.169600000610351742e+01
6.166399998657226433e+01
6.110399998657226917e+01
6.215999998657226655e+01
6.116799999023437806e+01
6.145600000244140659e+01
6.148800000610351901e+01
6.150399999389648542e+01
6.179200000610351395e+01
6.281599997314452821e+01
6.219200001464843552e+01
6.212799999633789128e+01
6.257600001464843587e+01
6.252799999267578102e+01
6.191999998657226456e+01
6.225600001464843558e+01
6.239999999267578090e+01
6.286399997314453003e+01
6.353599998657226422e+01
6.379199997314453441e+01
6.352000000244140665e+01
6.415999997314453651e+01
6.417599998291015595e+01
6.347200000610351367e+01
6.363199999023437670e+01
6.350399999633788894e+01
6.399999998291015402e+01
6.363199999999999790e+01
6.353599998291015538e+01
6.398399998657226462e+01
6.379200000000000159e+01
6.476800000244141131e+01
6.408000000244140892e+01
6.407999999633788946e+01
6.417599997314452764e+01
6.411199999633788593e+01
6.390399997314452918e+01
6.400000001464843535e+01
6.468800001464843774e+01
6.329599998291015339e+01
6.401600001464844070e+01
6.433600000244140915e+01
6.446399998291015265e+01
6.411200000244140540e+01
6.427199999267578789e+01
6.446400001464843399e+01
6.507199998535156737e+01
6.478400000244140244e+01
6.398400000610351412e+01
6.436799998291016323e+01
6.403200000488281773e+01
6.444799998657227036e+01
6.431999999023437908e+01
6.447999998291015800e+01
6.471999997314452457e+01
6.398400001464843712e+01
6.403199999267577880e+01
6.464000000610352004e+01
6.460800000244140051e+01
6.455999999633789344e+01
6.476800000244141131e+01
6.465600000488281296e+01
6.449599998291016334e+01
6.438400000244141097e+01
6.395199997314453100e+01
6.529599997314453219e+01
6.399999999023437169e+01
