1.285931134223937988e+01
1.229229474067687988e+01
1.228752779960632324e+01
1.235667061805725098e+01
1.231414175033569336e+01
1.239292192459106445e+01
1.234881091117858887e+01
1.240017008781433105e+01
1.243090772628784180e+01
1.247646832466125488e+01
1.246158599853515625e+01
1.255355024337768555e+01
1.252407407760620117e+01
1.254148721694946289e+01
1.252704215049743652e+01
1.251811099052429199e+01
1.250506019592285156e+01
1.250071072578430176e+01
1.250157356262207031e+01
1.253270745277404785e+01
1.249782443046569824e+01
1.255120635032653809e+01
1.255598664283752441e+01
1.252036428451538086e+01
1.250519609451293945e+01
1.255921101570129395e+01
1.253840589523315430e+01
1.250214862823486328e+01
1.251524162292480469e+01
1.257351398468017578e+01
1.255549311637878418e+01
1.257086062431335449e+01
1.254848694801330566e+01
1.260662341117858887e+01
1.255174207687377930e+01
1.255098485946655273e+01
1.243283748626708984e+01
1.250088930130004883e+01
1.255031466484069824e+01
1.253552341461181641e+01
1.258501172065734863e+01
1.256206202507019043e+01
1.255047464370727539e+01
1.254959297180175781e+01
1.253925848007202148e+01
1.256574153900146484e+01
1.251816987991333008e+01
1.258531069755554199e+01
1.253896212577819824e+01
1.255653929710388184e+01
1.252433776855468750e+01
1.255380821228027344e+01
1.254477834701538086e+01
1.256726264953613281e+01
1.259250807762145996e+01
1.249684906005859375e+01
1.255970525741577148e+01
1.255865454673767090e+01
1.251827216148376465e+01
1.258944416046142578e+01
1.258523702621459961e+01
1.259043812751770020e+01
1.256234002113342285e+01
1.253328990936279297e+01
1.253225588798522949e+01
1.253530049324035645e+01
1.256508445739746094e+01
1.259614419937133789e+01
1.253317785263061523e+01
1.251483154296875000e+01
1.253311777114868164e+01
1.251218605041503906e+01
1.252772641181945801e+01
1.250573873519897461e+01
1.259292268753051758e+01
1.254310655593872070e+01
1.250176429748535156e+01
1.251599168777465820e+01
1.256527447700500488e+01
1.254635000228881836e+01
1.254852533340454102e+01
1.255893301963806152e+01
1.252972650527954102e+01
1.254147744178771973e+01
1.254581713676452637e+01
1.255587530136108398e+01
1.254790806770324707e+01
1.250966262817382812e+01
1.255772590637207031e+01
1.252126145362854004e+01
1.258499765396118164e+01
1.263837528228759766e+01
1.256628155708312988e+01
1.253235149383544922e+01
1.255246806144714355e+01
1.255249691009521484e+01
1.252318668365478516e+01
1.249731492996215820e+01
1.249451994895935059e+01
1.254677605628967285e+01
1.253910017013549805e+01
1.254943180084228516e+01
1.250027918815612793e+01
1.252762889862060547e+01
1.261619925498962402e+01
1.254468488693237305e+01
1.257596945762634277e+01
1.251540207862854004e+01
1.251371049880981445e+01
1.251858043670654297e+01
1.252188706398010254e+01
1.256155204772949219e+01
1.254379892349243164e+01
1.258132457733154297e+01
1.251762914657592773e+01
1.255531191825866699e+01
1.251470613479614258e+01
1.246757555007934570e+01
1.260732293128967285e+01
1.251296925544738770e+01
1.246149659156799316e+01
1.251609444618225098e+01
1.249376249313354492e+01
1.250930070877075195e+01
1.244371175765991211e+01
1.249826693534851074e+01
1.253427720069885254e+01
1.250720810890197754e+01
1.249768495559692383e+01
1.255219888687133789e+01
1.250996756553649902e+01
1.252474617958068848e+01
1.248186707496643066e+01
1.248129010200500488e+01
1.251624798774719238e+01
1.251869297027587891e+01
1.250942516326904297e+01
1.248720669746398926e+01
1.248207736015319824e+01
1.244903278350830078e+01
1.249503350257873535e+01
1.251961970329284668e+01
1.248444342613220215e+01
1.256733369827270508e+01
1.253351497650146484e+01
1.249356412887573242e+01
1.247398233413696289e+01
1.252467513084411621e+01
1.247246599197387695e+01
1.250831508636474609e+01
1.250576949119567871e+01
1.215943527221679688e+01
1.240334892272949219e+01
1.247751188278198242e+01
1.249601411819458008e+01
1.244073939323425293e+01
1.255023932456970215e+01
1.253769826889038086e+01
1.248050117492675781e+01
1.246873426437377930e+01
1.249105429649353027e+01
1.254010510444641113e+01
1.249328780174255371e+01
1.247285938262939453e+01
1.253759026527404785e+01
1.249969816207885742e+01
1.249806332588195801e+01
1.248003625869750977e+01
1.244521284103393555e+01
1.246101927757263184e+01
1.249079442024230957e+01
1.251324272155761719e+01
1.247110772132873535e+01
1.244534111022949219e+01
1.244843626022338867e+01
1.252929282188415527e+01
1.246047663688659668e+01
1.248624014854431152e+01
1.243677663803100586e+01
1.249701309204101562e+01
1.244770431518554688e+01
1.247316789627075195e+01
1.248009777069091797e+01
1.246137976646423340e+01
1.241455674171447754e+01
1.246075844764709473e+01
1.242272901535034180e+01
1.239618277549743652e+01
1.243750286102294922e+01
1.243440389633178711e+01
1.243420791625976562e+01
1.247213602066040039e+01
1.245340991020202637e+01
1.246209335327148438e+01
1.249755454063415527e+01
1.240211319923400879e+01
1.247258973121643066e+01
1.247824978828430176e+01
1.246089839935302734e+01
1.244565248489379883e+01
