2.324485349655151367e+01
2.262794494628906250e+01
2.272503042221069336e+01
2.347055006027221680e+01
2.275679564476013184e+01
2.266951990127563477e+01
2.291394686698913574e+01
2.265751099586486816e+01
2.291762638092041016e+01
2.306455683708190918e+01
2.270589423179626465e+01
2.303932452201843262e+01
2.281534242630004883e+01
2.296621298789978027e+01
2.281009602546691895e+01
2.274290251731872559e+01
2.278666138648986816e+01
2.288940787315368652e+01
2.277818989753723145e+01
2.291982507705688477e+01
2.296087718009948730e+01
2.283386683464050293e+01
2.282891154289245605e+01
2.277912235260009766e+01
2.282338571548461914e+01
2.287762022018432617e+01
2.276774430274963379e+01
2.301017928123474121e+01
2.287564873695373535e+01
2.279499292373657227e+01
2.278252220153808594e+01
2.283313775062561035e+01
2.320488500595092773e+01
2.279482436180114746e+01
2.321973967552185059e+01
2.279060673713684082e+01
2.347624826431274414e+01
2.285504674911499023e+01
2.289345407485961914e+01
2.271719694137573242e+01
2.280133032798767090e+01
2.275287342071533203e+01
2.292518281936645508e+01
2.288505458831787109e+01
2.285578060150146484e+01
2.286217951774597168e+01
2.279225778579711914e+01
2.281867623329162598e+01
2.284904766082763672e+01
2.308594465255737305e+01
2.301019573211669922e+01
2.285962414741516113e+01
2.291450476646423340e+01
2.292040109634399414e+01
2.288719248771667480e+01
2.283421921730041504e+01
2.341411805152893066e+01
2.320997452735900879e+01
2.304570937156677246e+01
2.297586941719055176e+01
2.332249593734741211e+01
2.284987735748291016e+01
2.330359911918640137e+01
2.276674795150756836e+01
2.296259355545043945e+01
2.274897933006286621e+01
2.281515312194824219e+01
2.284954166412353516e+01
2.279364037513732910e+01
2.276149106025695801e+01
2.278439950942993164e+01
2.277810549736022949e+01
2.306676650047302246e+01
2.277503275871276855e+01
2.278215074539184570e+01
2.296669268608093262e+01
2.273326706886291504e+01
2.307783412933349609e+01
2.279630470275878906e+01
2.286183929443359375e+01
2.282209920883178711e+01
2.290626621246337891e+01
2.294301009178161621e+01
2.274005413055419922e+01
2.312134504318237305e+01
2.298150539398193359e+01
2.278494262695312500e+01
2.287265467643737793e+01
2.279533004760742188e+01
2.297264599800109863e+01
2.292533826828002930e+01
2.280411672592163086e+01
2.285695004463195801e+01
2.314813709259033203e+01
2.319882798194885254e+01
2.300093054771423340e+01
2.294430422782897949e+01
2.276791429519653320e+01
2.279830884933471680e+01
2.287145709991455078e+01
2.282161283493041992e+01
2.279812598228454590e+01
2.296961164474487305e+01
2.285857033729553223e+01
2.329464030265808105e+01
2.297709035873413086e+01
2.287047648429870605e+01
2.272439575195312500e+01
2.298825287818908691e+01
2.276561188697814941e+01
2.288662099838256836e+01
2.282774972915649414e+01
2.274810552597045898e+01
2.305731248855590820e+01
2.298673677444458008e+01
2.291644716262817383e+01
2.300433254241943359e+01
2.280210351943969727e+01
2.276272320747375488e+01
2.310439419746398926e+01
2.290794920921325684e+01
2.277032470703125000e+01
2.282667279243469238e+01
2.321343421936035156e+01
2.286052751541137695e+01
2.298410296440124512e+01
2.309916496276855469e+01
2.297710752487182617e+01
2.311590981483459473e+01
2.275506329536437988e+01
2.284638333320617676e+01
2.275052690505981445e+01
2.295198178291320801e+01
2.286852407455444336e+01
2.289930582046508789e+01
2.300020241737365723e+01
2.292279839515686035e+01
2.276176857948303223e+01
2.271769785881042480e+01
2.281183218955993652e+01
2.294139933586120605e+01
2.310591411590576172e+01
2.306013965606689453e+01
2.286600589752197266e+01
2.276843357086181641e+01
2.271438288688659668e+01
2.274940991401672363e+01
2.269893622398376465e+01
2.313137745857238770e+01
2.290999698638916016e+01
2.282471108436584473e+01
2.452243924140930176e+01
2.319729757308959961e+01
2.293797039985656738e+01
2.281567597389221191e+01
2.272594571113586426e+01
2.315979814529418945e+01
2.277000546455383301e+01
2.272509312629699707e+01
2.286785268783569336e+01
2.274734044075012207e+01
2.281336045265197754e+01
2.276951837539672852e+01
2.282221889495849609e+01
2.281200742721557617e+01
2.273648667335510254e+01
2.273353266716003418e+01
2.270403814315795898e+01
2.294401335716247559e+01
2.290338659286499023e+01
2.298336338996887207e+01
2.319161891937255859e+01
2.329889726638793945e+01
2.290284657478332520e+01
2.274863529205322266e+01
2.282206177711486816e+01
2.314289426803588867e+01
2.306215691566467285e+01
2.325953078269958496e+01
2.300892305374145508e+01
2.305383825302124023e+01
2.306346964836120605e+01
2.326205945014953613e+01
2.302979946136474609e+01
2.304560160636901855e+01
2.281210660934448242e+01
2.281255578994750977e+01
2.286062669754028320e+01
2.265746879577636719e+01
2.321338009834289551e+01
2.261733102798461914e+01
2.291818642616271973e+01
2.290892267227172852e+01
2.266315603256225586e+01
2.276012825965881348e+01
2.293328595161437988e+01
2.291499328613281250e+01
2.294379115104675293e+01
2.298714137077331543e+01
2.290980291366577148e+01
