1.000000000000000000e+01
1.622999954223632812e+01
1.357999992370605469e+01
1.803999900817871094e+01
2.203999900817871094e+01
2.385999870300292969e+01
2.026000022888183594e+01
2.554999923706054688e+01
2.879999923706054688e+01
2.713999938964843750e+01
2.809999847412109375e+01
2.986999893188476562e+01
3.277000045776367188e+01
3.211000061035156250e+01
2.939999961853027344e+01
3.261999893188476562e+01
3.386000061035156250e+01
3.380999755859375000e+01
2.694999885559082031e+01
3.718999862670898438e+01
3.650000000000000000e+01
3.650999832153320312e+01
3.372999954223632812e+01
3.593999862670898438e+01
3.893999862670898438e+01
3.796999740600585938e+01
3.818000030517578125e+01
3.393999862670898438e+01
3.596999740600585938e+01
4.032999801635742188e+01
3.630999755859375000e+01
3.807999801635742188e+01
3.902999877929687500e+01
3.775999832153320312e+01
4.048999786376953125e+01
4.087999725341796875e+01
4.036999893188476562e+01
4.125999832153320312e+01
4.100000000000000000e+01
4.004999923706054688e+01
4.256999969482421875e+01
3.430999755859375000e+01
3.523999786376953125e+01
4.213999938964843750e+01
4.072999954223632812e+01
4.006999969482421875e+01
4.057999801635742188e+01
3.732999801635742188e+01
3.682999801635742188e+01
4.102999877929687500e+01
3.920000076293945312e+01
4.003999710083007812e+01
3.668000030517578125e+01
4.043000030517578125e+01
4.221999740600585938e+01
4.128999710083007812e+01
3.734000015258789062e+01
4.365999984741210938e+01
4.222999954223632812e+01
4.177999877929687500e+01
4.355999755859375000e+01
4.361000061035156250e+01
3.923999786376953125e+01
3.934999847412109375e+01
3.754000091552734375e+01
4.031999969482421875e+01
3.752000045776367188e+01
3.934000015258789062e+01
4.280999755859375000e+01
4.075000000000000000e+01
4.154999923706054688e+01
3.661999893188476562e+01
3.836999893188476562e+01
4.489999771118164062e+01
4.105999755859375000e+01
3.989999771118164062e+01
4.064999771118164062e+01
4.268000030517578125e+01
4.318000030517578125e+01
4.537999725341796875e+01
3.721999740600585938e+01
4.402999877929687500e+01
4.264999771118164062e+01
4.361999893188476562e+01
3.477999877929687500e+01
4.036999893188476562e+01
4.372999954223632812e+01
4.152999877929687500e+01
4.072999954223632812e+01
3.559000015258789062e+01
4.329999923706054688e+01
4.225999832153320312e+01
4.061999893188476562e+01
3.997999954223632812e+01
4.329999923706054688e+01
3.837999725341796875e+01
4.087999725341796875e+01
4.061999893188476562e+01
3.970000076293945312e+01
4.286000061035156250e+01
4.682999801635742188e+01
4.789999771118164062e+01
4.790999984741210938e+01
4.837999725341796875e+01
4.886000061035156250e+01
4.863999938964843750e+01
4.889999771118164062e+01
4.881999969482421875e+01
4.915999984741210938e+01
4.911000061035156250e+01
4.919999694824218750e+01
4.980999755859375000e+01
4.927000045776367188e+01
4.969999694824218750e+01
4.895999908447265625e+01
4.995999908447265625e+01
4.977000045776367188e+01
5.065999984741210938e+01
4.971999740600585938e+01
4.941999816894531250e+01
4.954999923706054688e+01
5.034999847412109375e+01
5.007999801635742188e+01
5.011000061035156250e+01
5.039999771118164062e+01
4.971999740600585938e+01
5.134999847412109375e+01
5.043999862670898438e+01
5.069999694824218750e+01
5.059999847412109375e+01
5.197999954223632812e+01
5.075999832153320312e+01
5.163999938964843750e+01
5.202999877929687500e+01
5.146999740600585938e+01
5.144999694824218750e+01
5.172999954223632812e+01
5.227000045776367188e+01
5.180999755859375000e+01
5.023999786376953125e+01
5.044999694824218750e+01
5.198999786376953125e+01
5.262999725341796875e+01
5.061999893188476562e+01
5.088999938964843750e+01
5.189999771118164062e+01
5.122999954223632812e+01
5.293000030517578125e+01
5.254999923706054688e+01
5.243999862670898438e+01
5.328999710083007812e+01
5.311999893188476562e+01
5.304999923706054688e+01
5.302999877929687500e+01
5.302000045776367188e+01
5.307999801635742188e+01
5.313999938964843750e+01
5.312999725341796875e+01
5.304999923706054688e+01
5.300999832153320312e+01
5.300000000000000000e+01
5.320999908447265625e+01
5.309999847412109375e+01
5.313999938964843750e+01
5.309999847412109375e+01
5.319999694824218750e+01
5.291999816894531250e+01
5.309000015258789062e+01
5.295999908447265625e+01
5.302000045776367188e+01
5.300000000000000000e+01
5.329999923706054688e+01
5.325999832153320312e+01
5.293999862670898438e+01
5.315999984741210938e+01
5.310999679565429688e+01
5.337999725341796875e+01
5.319999694824218750e+01
5.360999679565429688e+01
5.304999923706054688e+01
5.310999679565429688e+01
5.309999847412109375e+01
5.323999786376953125e+01
5.323999786376953125e+01
5.327999877929687500e+01
5.328999710083007812e+01
5.336999893188476562e+01
5.356999969482421875e+01
5.325999832153320312e+01
5.303999710083007812e+01
5.300999832153320312e+01
5.305999755859375000e+01
5.325000000000000000e+01
5.336999893188476562e+01
5.338999938964843750e+01
5.336999893188476562e+01
5.325999832153320312e+01
5.319999694824218750e+01
5.302000045776367188e+01
5.284999847412109375e+01
