1.061679077148437500e+01
9.179442167282104492e+00
1.059695458412170410e+01
9.570056200027465820e+00
1.005137395858764648e+01
9.365112304687500000e+00
9.867952108383178711e+00
9.325087547302246094e+00
9.399636745452880859e+00
9.822318792343139648e+00
9.409210681915283203e+00
9.833630323410034180e+00
9.774462938308715820e+00
9.901825666427612305e+00
9.030273437500000000e+00
9.735416889190673828e+00
1.064407920837402344e+01
9.598746538162231445e+00
9.168468236923217773e+00
9.688850402832031250e+00
1.069053626060485840e+01
1.072245454788208008e+01
1.187824177742004395e+01
1.044153857231140137e+01
9.615452289581298828e+00
9.492430686950683594e+00
9.415929555892944336e+00
9.512295007705688477e+00
1.109151458740234375e+01
9.673677444458007812e+00
1.016499209403991699e+01
1.155006265640258789e+01
1.067074155807495117e+01
9.228335142135620117e+00
1.116405296325683594e+01
1.003284883499145508e+01
9.466001272201538086e+00
1.002987122535705566e+01
9.370007753372192383e+00
9.565481185913085938e+00
1.106105041503906250e+01
9.374650716781616211e+00
1.008493876457214355e+01
8.922678470611572266e+00
1.056841516494750977e+01
9.926133155822753906e+00
9.771826982498168945e+00
9.152063608169555664e+00
1.078107547760009766e+01
1.037657427787780762e+01
1.030551457405090332e+01
9.776709794998168945e+00
9.893934488296508789e+00
9.930194377899169922e+00
9.244929552078247070e+00
9.732799530029296875e+00
1.169961524009704590e+01
1.093300724029541016e+01
1.112808704376220703e+01
1.052362585067749023e+01
1.068948245048522949e+01
1.070651912689208984e+01
1.101029658317565918e+01
1.032453584671020508e+01
1.110553932189941406e+01
9.713824748992919922e+00
9.016083240509033203e+00
9.957581520080566406e+00
1.032593202590942383e+01
9.045674085617065430e+00
9.628640651702880859e+00
1.015216231346130371e+01
1.075955629348754883e+01
1.039232206344604492e+01
9.372161388397216797e+00
1.024357628822326660e+01
1.047090983390808105e+01
9.487798452377319336e+00
9.719843387603759766e+00
1.002601003646850586e+01
1.043748569488525391e+01
1.094494819641113281e+01
9.892742395401000977e+00
1.135674977302551270e+01
9.245040416717529297e+00
9.512607574462890625e+00
1.031692600250244141e+01
8.936393976211547852e+00
9.780317544937133789e+00
1.010707116127014160e+01
1.069895315170288086e+01
1.029237413406372070e+01
1.045492935180664062e+01
9.141104459762573242e+00
9.379010915756225586e+00
1.080527544021606445e+01
1.043061685562133789e+01
1.016362977027893066e+01
1.087610411643981934e+01
9.903396844863891602e+00
1.057665705680847168e+01
1.062035107612609863e+01
1.025896906852722168e+01
1.066451334953308105e+01
9.943681955337524414e+00
9.601336479187011719e+00
9.855680942535400391e+00
9.211916923522949219e+00
1.056132483482360840e+01
9.437006711959838867e+00
1.002214622497558594e+01
9.692370891571044922e+00
8.923309087753295898e+00
9.136896848678588867e+00
9.799467086791992188e+00
1.123690462112426758e+01
1.011384916305541992e+01
9.629000902175903320e+00
1.041873049736022949e+01
8.830424785614013672e+00
9.810006618499755859e+00
9.249253988265991211e+00
1.013694000244140625e+01
9.509083271026611328e+00
1.110529232025146484e+01
1.066921353340148926e+01
9.611748456954956055e+00
1.026090693473815918e+01
1.121171760559082031e+01
1.036471247673034668e+01
9.856734991073608398e+00
8.920856952667236328e+00
9.278455972671508789e+00
9.471323728561401367e+00
9.891982078552246094e+00
8.318728923797607422e+00
9.172114133834838867e+00
1.006601691246032715e+01
8.830526113510131836e+00
1.099563455581665039e+01
1.153270196914672852e+01
9.444994688034057617e+00
9.704533815383911133e+00
9.983903884887695312e+00
1.032428956031799316e+01
1.121764659881591797e+01
8.971838235855102539e+00
1.111482691764831543e+01
1.078517079353332520e+01
9.760966300964355469e+00
1.081494045257568359e+01
1.162506365776062012e+01
9.643198728561401367e+00
9.844843149185180664e+00
8.686916589736938477e+00
1.105869340896606445e+01
1.158915543556213379e+01
8.639831304550170898e+00
1.015848374366760254e+01
1.157585263252258301e+01
1.028654789924621582e+01
9.119738817214965820e+00
1.044892930984497070e+01
9.400876760482788086e+00
1.011225843429565430e+01
9.476961851119995117e+00
9.857893466949462891e+00
1.101139760017395020e+01
9.168684482574462891e+00
9.522833824157714844e+00
1.074518346786499023e+01
9.359969854354858398e+00
1.006409573554992676e+01
1.018425583839416504e+01
9.703169107437133789e+00
9.903641462326049805e+00
9.268063545227050781e+00
9.775122642517089844e+00
1.092094993591308594e+01
9.777024269104003906e+00
8.883673667907714844e+00
1.047626686096191406e+01
1.049605321884155273e+01
1.052902269363403320e+01
1.085688281059265137e+01
1.051722693443298340e+01
9.170521736145019531e+00
9.699563741683959961e+00
8.615267515182495117e+00
1.026903843879699707e+01
1.014531660079956055e+01
9.072862625122070312e+00
1.052550911903381348e+01
1.026547694206237793e+01
9.832566261291503906e+00
9.742979526519775391e+00
1.012118411064147949e+01
1.113792014122009277e+01
1.030733537673950195e+01
8.758350610733032227e+00
