1.000000000000000000e+01
1.328999996185302734e+01
1.795999908447265625e+01
2.018999862670898438e+01
2.036999893188476562e+01
2.060999870300292969e+01
2.629999923706054688e+01
2.439999961853027344e+01
2.644999885559082031e+01
2.680999946594238281e+01
3.037999916076660156e+01
3.196999931335449219e+01
3.404999923706054688e+01
3.471999740600585938e+01
3.545000076293945312e+01
3.412999725341796875e+01
3.627999877929687500e+01
3.752999877929687500e+01
3.834999847412109375e+01
3.836000061035156250e+01
3.521999740600585938e+01
2.752999877929687500e+01
3.489999771118164062e+01
3.705999755859375000e+01
4.168000030517578125e+01
4.061999893188476562e+01
3.948999786376953125e+01
3.795999908447265625e+01
3.893999862670898438e+01
3.704999923706054688e+01
4.002999877929687500e+01
3.832999801635742188e+01
3.979999923706054688e+01
3.550000000000000000e+01
3.952999877929687500e+01
4.077999877929687500e+01
4.181999969482421875e+01
4.071999740600585938e+01
3.850000000000000000e+01
3.978999710083007812e+01
4.137999725341796875e+01
3.831999969482421875e+01
4.193999862670898438e+01
4.266999816894531250e+01
3.697999954223632812e+01
4.161999893188476562e+01
3.859000015258789062e+01
4.059999847412109375e+01
3.552000045776367188e+01
3.947999954223632812e+01
3.953999710083007812e+01
4.134999847412109375e+01
3.937999725341796875e+01
3.995000076293945312e+01
4.078999710083007812e+01
4.013999938964843750e+01
4.136000061035156250e+01
4.111000061035156250e+01
3.677000045776367188e+01
4.307999801635742188e+01
3.912999725341796875e+01
3.550000000000000000e+01
3.879000091552734375e+01
3.997999954223632812e+01
4.012999725341796875e+01
4.234999847412109375e+01
3.731999969482421875e+01
3.737999725341796875e+01
3.593999862670898438e+01
4.405999755859375000e+01
3.318000030517578125e+01
3.915999984741210938e+01
3.832999801635742188e+01
4.070999908447265625e+01
4.164999771118164062e+01
4.136000061035156250e+01
4.147999954223632812e+01
4.434999847412109375e+01
4.329999923706054688e+01
4.438999938964843750e+01
4.266999816894531250e+01
4.116999816894531250e+01
4.202000045776367188e+01
4.093999862670898438e+01
3.314999771118164062e+01
3.968000030517578125e+01
3.677999877929687500e+01
4.229999923706054688e+01
4.184999847412109375e+01
4.018999862670898438e+01
4.279999923706054688e+01
3.988999938964843750e+01
3.700000000000000000e+01
3.495999908447265625e+01
4.137999725341796875e+01
3.963999938964843750e+01
3.775000000000000000e+01
3.895999908447265625e+01
4.138999938964843750e+01
3.740999984741210938e+01
4.759000015258789062e+01
4.868000030517578125e+01
4.861000061035156250e+01
4.930999755859375000e+01
4.952000045776367188e+01
5.011999893188476562e+01
5.050999832153320312e+01
5.040999984741210938e+01
4.991999816894531250e+01
5.045999908447265625e+01
4.902999877929687500e+01
5.041999816894531250e+01
5.107999801635742188e+01
4.995999908447265625e+01
5.118000030517578125e+01
5.115999984741210938e+01
5.100000000000000000e+01
5.106999969482421875e+01
5.114999771118164062e+01
5.144999694824218750e+01
5.163999938964843750e+01
5.243999862670898438e+01
5.184999847412109375e+01
5.022999954223632812e+01
5.169999694824218750e+01
5.219999694824218750e+01
5.198999786376953125e+01
5.227000045776367188e+01
5.361999893188476562e+01
5.225000000000000000e+01
5.209000015258789062e+01
5.036999893188476562e+01
5.277999877929687500e+01
5.293999862670898438e+01
5.282999801635742188e+01
5.288999938964843750e+01
5.228999710083007812e+01
5.331999969482421875e+01
5.385999679565429688e+01
5.370999908447265625e+01
5.215999984741210938e+01
5.315999984741210938e+01
5.288999938964843750e+01
5.353999710083007812e+01
5.343000030517578125e+01
5.245999908447265625e+01
5.140999984741210938e+01
5.352000045776367188e+01
5.269999694824218750e+01
5.329999923706054688e+01
5.381999969482421875e+01
5.410999679565429688e+01
5.395999908447265625e+01
5.430999755859375000e+01
5.396999740600585938e+01
5.427999877929687500e+01
5.422999954223632812e+01
5.409999847412109375e+01
5.410999679565429688e+01
5.421999740600585938e+01
5.425999832153320312e+01
5.418000030517578125e+01
5.423999786376953125e+01
5.402000045776367188e+01
5.418000030517578125e+01
5.428999710083007812e+01
5.432999801635742188e+01
5.404999923706054688e+01
5.375000000000000000e+01
5.437999725341796875e+01
5.443999862670898438e+01
5.420999908447265625e+01
5.389999771118164062e+01
5.421999740600585938e+01
5.445999908447265625e+01
5.464999771118164062e+01
5.431999969482421875e+01
5.459000015258789062e+01
5.432999801635742188e+01
5.402999877929687500e+01
5.434999847412109375e+01
5.430999755859375000e+01
5.431999969482421875e+01
5.425999832153320312e+01
5.439999771118164062e+01
5.428999710083007812e+01
5.443000030517578125e+01
5.413999938964843750e+01
5.453999710083007812e+01
5.412999725341796875e+01
5.419999694824218750e+01
5.452000045776367188e+01
5.429999923706054688e+01
5.419999694824218750e+01
5.421999740600585938e+01
5.418999862670898438e+01
5.419999694824218750e+01
5.470999908447265625e+01
5.452000045776367188e+01
5.452999877929687500e+01
