1.932817292213439941e+01
1.880582237243652344e+01
2.007152080535888672e+01
1.973623514175415039e+01
1.989618349075317383e+01
2.003726911544799805e+01
1.914663290977478027e+01
1.971266269683837891e+01
1.947534346580505371e+01
1.995471167564392090e+01
1.886628293991088867e+01
1.915942478179931641e+01
1.932502579689025879e+01
1.959295654296875000e+01
1.891398429870605469e+01
1.880620408058166504e+01
2.141047763824462891e+01
1.959960699081420898e+01
1.920719766616821289e+01
1.952242422103881836e+01
2.003945350646972656e+01
1.988541579246520996e+01
2.155890369415283203e+01
2.014240169525146484e+01
1.964015531539916992e+01
1.904312634468078613e+01
1.947159719467163086e+01
1.840363883972167969e+01
2.134885525703430176e+01
1.927451252937316895e+01
1.936309933662414551e+01
2.065652489662170410e+01
1.966268706321716309e+01
1.988284707069396973e+01
2.060530781745910645e+01
1.949761247634887695e+01
1.965787529945373535e+01
1.961239099502563477e+01
1.867905211448669434e+01
2.115010333061218262e+01
2.036840510368347168e+01
1.876067399978637695e+01
2.100970292091369629e+01
1.988790178298950195e+01
1.948058652877807617e+01
1.980189919471740723e+01
1.949142050743103027e+01
1.913530158996582031e+01
1.986102199554443359e+01
1.930898904800415039e+01
2.028288054466247559e+01
1.884446310997009277e+01
2.004213690757751465e+01
1.962438201904296875e+01
1.994395256042480469e+01
1.944525313377380371e+01
2.138815450668334961e+01
1.975566625595092773e+01
2.143739461898803711e+01
1.994655227661132812e+01
2.016373014450073242e+01
1.992458915710449219e+01
2.005659842491149902e+01
2.051149177551269531e+01
2.151935434341430664e+01
1.905861711502075195e+01
1.920103263854980469e+01
1.979283881187438965e+01
2.039823818206787109e+01
1.858210539817810059e+01
1.992041993141174316e+01
1.954284143447875977e+01
2.000115394592285156e+01
2.051671695709228516e+01
1.917949962615966797e+01
1.939106917381286621e+01
2.025450921058654785e+01
1.993627166748046875e+01
2.062438225746154785e+01
1.978384733200073242e+01
2.070145320892333984e+01
2.039712953567504883e+01
2.046447634696960449e+01
2.091537904739379883e+01
1.849992752075195312e+01
2.106641674041748047e+01
2.046291470527648926e+01
1.939530372619628906e+01
1.983433461189270020e+01
2.129459667205810547e+01
1.974158120155334473e+01
1.954938530921936035e+01
2.015131521224975586e+01
1.939072442054748535e+01
2.064860105514526367e+01
2.086910295486450195e+01
1.932142639160156250e+01
2.054690504074096680e+01
1.997720408439636230e+01
1.981996202468872070e+01
2.010787105560302734e+01
1.930711936950683594e+01
2.003654217720031738e+01
2.045192432403564453e+01
1.945388102531433105e+01
2.108217120170593262e+01
2.030945754051208496e+01
1.975227928161621094e+01
1.969027423858642578e+01
1.913070130348205566e+01
1.948230051994323730e+01
1.921459579467773438e+01
1.875965499877929688e+01
1.890901088714599609e+01
2.026188540458679199e+01
2.077213668823242188e+01
1.961040353775024414e+01
1.869686460494995117e+01
2.082531738281250000e+01
1.868685936927795410e+01
2.031474637985229492e+01
1.916063833236694336e+01
2.004389190673828125e+01
1.924900770187377930e+01
2.122593784332275391e+01
1.955670285224914551e+01
2.019332432746887207e+01
1.959305810928344727e+01
2.043624663352966309e+01
1.946253156661987305e+01
2.039371514320373535e+01
1.751381731033325195e+01
2.031478118896484375e+01
1.964886641502380371e+01
1.948672914505004883e+01
1.892649674415588379e+01
1.898014688491821289e+01
1.996121406555175781e+01
1.874641489982604980e+01
2.049580168724060059e+01
2.082026934623718262e+01
1.896836566925048828e+01
1.906531333923339844e+01
2.065339255332946777e+01
2.003527951240539551e+01
2.048683142662048340e+01
1.836299824714660645e+01
2.101200866699218750e+01
1.992428493499755859e+01
1.949419331550598145e+01
1.997048282623291016e+01
2.122047996520996094e+01
2.046176719665527344e+01
1.935733366012573242e+01
1.913100147247314453e+01
2.024792575836181641e+01
2.103041386604309082e+01
1.812441563606262207e+01
1.983882665634155273e+01
2.090805029869079590e+01
1.956766486167907715e+01
1.843250608444213867e+01
2.009446549415588379e+01
2.002034020423889160e+01
1.993387198448181152e+01
1.935344767570495605e+01
1.947795677185058594e+01
2.026942062377929688e+01
1.925647497177124023e+01
1.949330234527587891e+01
2.042799520492553711e+01
1.922836017608642578e+01
2.110421133041381836e+01
2.018264722824096680e+01
2.016098093986511230e+01
2.077185463905334473e+01
1.907278609275817871e+01
2.168207144737243652e+01
2.075046658515930176e+01
2.036243510246276855e+01
1.940552473068237305e+01
2.040461254119873047e+01
2.014092755317687988e+01
2.026295614242553711e+01
2.043167042732238770e+01
2.025151062011718750e+01
2.070641589164733887e+01
2.023215198516845703e+01
1.950345015525817871e+01
2.105979585647583008e+01
2.009284400939941406e+01
1.956960916519165039e+01
2.060599637031555176e+01
2.052966356277465820e+01
1.903629517555236816e+01
2.103536653518676758e+01
1.961249804496765137e+01
2.107873177528381348e+01
2.024721193313598633e+01
1.859870696067810059e+01
