1.959665489196777344e+01
1.823915505409240723e+01
2.005487632751464844e+01
1.989729690551757812e+01
2.014633727073669434e+01
1.975295758247375488e+01
1.926209855079650879e+01
1.998592233657836914e+01
1.923811864852905273e+01
2.006492090225219727e+01
2.026083302497863770e+01
1.898760104179382324e+01
1.950744986534118652e+01
1.974987077713012695e+01
1.870696115493774414e+01
2.010301542282104492e+01
1.957346367835998535e+01
2.098852515220642090e+01
1.876252961158752441e+01
1.875713300704956055e+01
1.973320674896240234e+01
2.172335004806518555e+01
2.125785827636718750e+01
1.981127643585205078e+01
1.994176793098449707e+01
1.942244315147399902e+01
1.926300215721130371e+01
2.010911083221435547e+01
1.976703214645385742e+01
1.910152554512023926e+01
1.970222711563110352e+01
2.098992562294006348e+01
2.040241861343383789e+01
1.956189060211181641e+01
1.992956423759460449e+01
1.938332366943359375e+01
1.962398529052734375e+01
1.894657874107360840e+01
1.814406013488769531e+01
2.085449743270874023e+01
2.027026605606079102e+01
1.810971188545227051e+01
2.053550839424133301e+01
2.001366972923278809e+01
1.977899527549743652e+01
1.977088093757629395e+01
1.949512529373168945e+01
1.890404438972473145e+01
1.987949633598327637e+01
1.973995232582092285e+01
2.023201990127563477e+01
1.974674320220947266e+01
2.033838152885437012e+01
2.058010506629943848e+01
1.910913038253784180e+01
1.946470117568969727e+01
2.000279664993286133e+01
2.061794877052307129e+01
2.019630098342895508e+01
1.984765219688415527e+01
2.031561565399169922e+01
1.974380350112915039e+01
2.011849498748779297e+01
1.980594491958618164e+01
2.118206810951232910e+01
1.937074899673461914e+01
1.883824324607849121e+01
1.965750503540039062e+01
2.045831418037414551e+01
1.839564728736877441e+01
1.969117045402526855e+01
1.890144753456115723e+01
1.885860133171081543e+01
2.058004903793334961e+01
1.900528669357299805e+01
1.875808191299438477e+01
2.063866424560546875e+01
2.020292282104492188e+01
2.054727816581726074e+01
2.011018633842468262e+01
2.039646983146667480e+01
2.037757849693298340e+01
1.987916231155395508e+01
2.099967360496520996e+01
1.763801622390747070e+01
2.114954495429992676e+01
2.022914958000183105e+01
1.972444796562194824e+01
1.945688366889953613e+01
2.126919293403625488e+01
1.999042820930480957e+01
1.960304832458496094e+01
2.004135894775390625e+01
1.952205085754394531e+01
2.082844114303588867e+01
2.070745491981506348e+01
1.932374548912048340e+01
2.015677022933959961e+01
2.200135922431945801e+01
2.182682037353515625e+01
1.854114890098571777e+01
2.043820428848266602e+01
2.003840112686157227e+01
2.142287731170654297e+01
2.104975914955139160e+01
2.006584763526916504e+01
2.089509892463684082e+01
1.949366569519042969e+01
1.995351123809814453e+01
1.887787532806396484e+01
2.201842546463012695e+01
1.881919908523559570e+01
1.843208932876586914e+01
1.826520681381225586e+01
2.023315095901489258e+01
2.113701200485229492e+01
1.986727905273437500e+01
1.928351378440856934e+01
1.984592294692993164e+01
1.855418205261230469e+01
1.959955525398254395e+01
1.868044853210449219e+01
1.891544890403747559e+01
2.019551992416381836e+01
2.087974333763122559e+01
1.998096752166748047e+01
1.935961699485778809e+01
1.982056617736816406e+01
2.061937355995178223e+01
1.957982730865478516e+01
1.844301700592041016e+01
1.846910953521728516e+01
1.911892199516296387e+01
1.891495013236999512e+01
1.994303822517395020e+01
1.864763903617858887e+01
1.885281181335449219e+01
1.955649995803833008e+01
1.889237356185913086e+01
2.031881451606750488e+01
2.072572183609008789e+01
1.828945899009704590e+01
2.060397434234619141e+01
1.946448874473571777e+01
1.961395478248596191e+01
2.063241672515869141e+01
1.823533678054809570e+01
2.126799607276916504e+01
1.953143811225891113e+01
1.980065894126892090e+01
1.979726314544677734e+01
2.108419561386108398e+01
2.009034276008605957e+01
2.017378354072570801e+01
2.027105331420898438e+01
1.968487167358398438e+01
2.114516496658325195e+01
1.853504920005798340e+01
2.179727554321289062e+01
1.968975901603698730e+01
2.034144663810729980e+01
1.788641762733459473e+01
2.054263877868652344e+01
2.056547832489013672e+01
2.128572750091552734e+01
1.877402472496032715e+01
2.176289129257202148e+01
1.940528559684753418e+01
1.895966982841491699e+01
1.916024637222290039e+01
2.018588876724243164e+01
2.214477252960205078e+01
1.911695957183837891e+01
2.020056891441345215e+01
2.182782745361328125e+01
1.939135336875915527e+01
1.891191625595092773e+01
2.130243754386901855e+01
2.048400568962097168e+01
2.005478119850158691e+01
1.927519822120666504e+01
2.019356751441955566e+01
2.142079734802246094e+01
1.937828135490417480e+01
1.986366939544677734e+01
2.016838955879211426e+01
2.003527665138244629e+01
1.980897331237792969e+01
2.191465330123901367e+01
2.060128617286682129e+01
1.941822648048400879e+01
2.245539903640747070e+01
1.896329832077026367e+01
2.005358147621154785e+01
2.216466283798217773e+01
1.991930818557739258e+01
1.915600681304931641e+01
2.053102660179138184e+01
2.090369224548339844e+01
1.851561570167541504e+01
