2.388537374725341778e+00
2.302037094573974763e+00
2.260679896621704099e+00
2.204113200149536045e+00
2.140663728408813693e+00
2.104573656196594200e+00
2.083745279998779232e+00
2.039375970230102642e+00
1.999131824874877950e+00
1.987520078239440879e+00
1.969716029014587422e+00
1.969371771354675227e+00
1.934601983489990129e+00
1.926239957389831448e+00
1.924142478561401415e+00
1.923500569000244242e+00
1.919646495971679689e+00
1.884517742576599098e+00
1.904176308631897019e+00
1.880271124305725072e+00
1.885907979736328066e+00
1.889372296218872149e+00
1.879917290115356465e+00
1.900042124214172290e+00
1.913571698455810655e+00
1.903177104225158622e+00
1.892595077133178760e+00
1.882825562667846730e+00
1.866411722297668385e+00
1.884623515357971124e+00
1.858657319679260178e+00
1.866277154159545981e+00
1.917505827980041433e+00
1.903134810104370134e+00
1.910933581199645959e+00
1.849700687637329199e+00
1.869827375450134221e+00
1.864409677429199164e+00
1.877089955711364722e+00
1.861226844635009758e+00
1.887278275527954019e+00
1.888680385627746539e+00
1.905816768531799266e+00
1.918876703186035204e+00
1.906439787826538002e+00
1.873192310676574657e+00
1.904946753463745202e+00
1.911496907691955460e+00
1.883194383163452112e+00
1.896824955711364780e+00
1.919795127334594786e+00
1.917968212661743221e+00
1.915860694389343255e+00
1.933157569694519129e+00
1.912817478065490739e+00
1.889079926910400387e+00
1.927057297096252508e+00
1.932240858993530264e+00
1.920463114776611357e+00
1.916283993453979484e+00
1.913972126235961912e+00
1.893425661697387685e+00
1.961323835601806564e+00
1.943967374382018942e+00
1.885983648605346730e+00
1.904973477821350070e+00
1.950544240341186564e+00
1.941247691268920939e+00
1.950032476463317899e+00
1.939377993316650395e+00
1.959039555130004828e+00
1.963947529983520512e+00
1.950047099609375056e+00
1.941224529685974032e+00
1.929286502532959080e+00
1.961459975852966275e+00
1.971303659210205117e+00
1.949094443130493071e+00
1.934627958908081036e+00
1.951466574516296459e+00
1.939453547134399436e+00
1.967640662231445292e+00
1.984146363258361800e+00
1.945202687911987249e+00
1.969750360183715854e+00
1.970668050689697193e+00
1.969414204559326143e+00
1.968649449234008753e+00
1.948754617614746110e+00
1.961455412635803253e+00
1.972855528602600161e+00
1.978428909683227488e+00
1.957420414581298784e+00
1.956839356956481923e+00
1.971376459693908734e+00
1.959083308143615643e+00
1.994906896629333515e+00
1.971271713714599638e+00
1.938119542541503870e+00
1.964173868255615130e+00
1.718058218994140685e+00
1.689000153427123951e+00
1.683389465217590253e+00
1.654979028701782262e+00
1.660019091529846280e+00
1.672117674789428632e+00
1.667150276451110802e+00
1.676390706481933668e+00
1.666622654609680065e+00
1.680030724639892670e+00
1.672874874382018984e+00
1.684728893051147480e+00
1.672134214820861775e+00
1.670900329704284593e+00
1.691111073074340831e+00
1.687641496963500964e+00
1.685031732940673876e+00
1.676977276344299383e+00
1.678611493873596094e+00
1.688775464553833094e+00
1.675899163475036646e+00
1.687016884422302354e+00
1.691988429679870620e+00
1.704664269905090235e+00
1.701371132583618273e+00
1.685036403083801204e+00
1.706758695945739701e+00
1.722131715736389124e+00
1.716885764770507805e+00
1.700454953689575222e+00
1.692445297508239799e+00
1.682361351623535173e+00
1.716358054351806661e+00
1.707137256698608496e+00
1.709680526275634715e+00
1.680759519691467307e+00
1.720829139099121052e+00
1.669624868202209456e+00
1.686696033210754342e+00
1.698347568969726495e+00
1.720244620437622052e+00
1.688617354354858380e+00
1.692577834548950166e+00
1.722884221343994104e+00
1.692783818283080999e+00
1.681754723167419474e+00
1.703379064636230567e+00
1.714666067924499604e+00
1.681331411590576197e+00
1.696336656112670926e+00
1.636646919021606417e+00
1.636023858909606998e+00
1.638128941459655818e+00
1.612570820846557673e+00
1.605607546234130822e+00
1.616628482437133751e+00
1.638020812416076666e+00
1.624318092422485371e+00
1.617372146644592279e+00
1.617839515037536646e+00
1.639047876396179104e+00
1.619489946594238283e+00
1.665847911643981938e+00
1.649642768592834541e+00
1.608291012535095321e+00
1.644333070602417068e+00
1.666584959869384708e+00
1.634312115936279231e+00
1.614597550926208491e+00
1.637039540519714453e+00
1.610985672264099167e+00
1.617114105300903271e+00
1.630683396110534700e+00
1.647042837867736864e+00
1.660776591339111263e+00
1.629920985183715754e+00
1.643962215270996063e+00
1.608506374320983978e+00
1.616612293205261341e+00
1.640510282630920358e+00
1.624551410942077556e+00
1.620403109436035161e+00
1.627204592895507895e+00
1.640238186416625998e+00
1.626003153839111315e+00
1.634303986320495561e+00
1.613650639076232851e+00
1.633639052429199268e+00
1.610152133941650465e+00
1.623895978240966764e+00
1.661396911392212017e+00
1.630485410804748625e+00
1.628129278297424376e+00
1.641660475234985261e+00
1.657599838180541907e+00
1.626067639350891048e+00
1.635624010391235394e+00
1.634990297393798864e+00
1.659551477584838786e+00
1.631382893142700130e+00
