1.059700059890747070e+01
9.464183330535888672e+00
1.055078935623168945e+01
9.753878355026245117e+00
1.037094736099243164e+01
9.409183502197265625e+00
9.767273664474487305e+00
9.448565959930419922e+00
9.599133014678955078e+00
9.710924386978149414e+00
9.365582466125488281e+00
9.620415687561035156e+00
9.757710218429565430e+00
9.994928121566772461e+00
9.199888944625854492e+00
9.769939422607421875e+00
1.064936232566833496e+01
9.670437812805175781e+00
9.002341270446777344e+00
9.442641258239746094e+00
1.075550627708435059e+01
1.083012676239013672e+01
1.169937038421630859e+01
1.053667163848876953e+01
9.705512523651123047e+00
9.466390132904052734e+00
9.340294837951660156e+00
9.441356420516967773e+00
1.119025230407714844e+01
1.007298946380615234e+01
1.030899310111999512e+01
1.146100926399230957e+01
1.087947201728820801e+01
9.266994476318359375e+00
1.107264018058776855e+01
9.974990606307983398e+00
9.541266202926635742e+00
1.005451679229736328e+01
9.418024778366088867e+00
9.842737197875976562e+00
1.090418362617492676e+01
9.177629709243774414e+00
1.025336074829101562e+01
8.690756797790527344e+00
1.022056651115417480e+01
9.915774106979370117e+00
9.684550523757934570e+00
9.097344636917114258e+00
1.067706561088562012e+01
1.022833919525146484e+01
1.043410396575927734e+01
9.614071846008300781e+00
9.633239984512329102e+00
9.893261909484863281e+00
9.222600936889648438e+00
9.748068332672119141e+00
1.183167648315429688e+01
1.089642429351806641e+01
1.130078363418579102e+01
1.047028207778930664e+01
1.049097847938537598e+01
1.076777362823486328e+01
1.091027784347534180e+01
1.072648954391479492e+01
1.157404351234436035e+01
9.427534103393554688e+00
8.976613283157348633e+00
9.845935106277465820e+00
1.017677569389343262e+01
9.175813198089599609e+00
9.755900382995605469e+00
1.016830825805664062e+01
1.087650871276855469e+01
1.047951722145080566e+01
9.276285886764526367e+00
1.028641247749328613e+01
1.022764229774475098e+01
9.585641860961914062e+00
9.460554599761962891e+00
9.806195497512817383e+00
1.070338678359985352e+01
1.095431327819824219e+01
9.942941904067993164e+00
1.122104382514953613e+01
8.964157104492187500e+00
9.767014741897583008e+00
1.069957733154296875e+01
8.952710151672363281e+00
1.003933167457580566e+01
1.039878177642822266e+01
1.054373145103454590e+01
1.040741157531738281e+01
1.037373280525207520e+01
9.271181821823120117e+00
9.558253765106201172e+00
1.041800045967102051e+01
1.053428792953491211e+01
1.059977340698242188e+01
1.046393179893493652e+01
1.000952887535095215e+01
1.073407959938049316e+01
1.011386299133300781e+01
1.012027859687805176e+01
1.062325572967529297e+01
1.000572085380554199e+01
1.005206990242004395e+01
1.023910260200500488e+01
9.358978986740112305e+00
1.038977026939392090e+01
9.384193181991577148e+00
9.949357748031616211e+00
9.609353303909301758e+00
8.798355817794799805e+00
9.083465576171875000e+00
9.941920280456542969e+00
1.116630125045776367e+01
1.010663080215454102e+01
9.507654666900634766e+00
1.035997390747070312e+01
8.917232751846313477e+00
9.691836118698120117e+00
9.265555620193481445e+00
1.017783355712890625e+01
9.301943302154541016e+00
1.103737187385559082e+01
1.060263609886169434e+01
9.872309923171997070e+00
1.033438086509704590e+01
1.097620606422424316e+01
1.035581660270690918e+01
1.038196277618408203e+01
8.848961353302001953e+00
9.209030151367187500e+00
9.488398313522338867e+00
9.999113082885742188e+00
8.365528583526611328e+00
9.245845317840576172e+00
1.026102423667907715e+01
8.749833822250366211e+00
1.101210761070251465e+01
1.161884045600891113e+01
9.478977680206298828e+00
9.461948394775390625e+00
1.021487092971801758e+01
1.061342811584472656e+01
1.124781608581542969e+01
8.683158874511718750e+00
1.112174272537231445e+01
1.078833317756652832e+01
9.666750192642211914e+00
1.047587990760803223e+01
1.178235340118408203e+01
9.638298988342285156e+00
9.936753749847412109e+00
8.668877124786376953e+00
1.110074043273925781e+01
1.156094193458557129e+01
8.589253425598144531e+00
1.010255360603332520e+01
1.149228239059448242e+01
1.014051771163940430e+01
8.864141225814819336e+00
1.036735963821411133e+01
9.337225198745727539e+00
1.005446648597717285e+01
9.557363033294677734e+00
9.859210252761840820e+00
1.094501757621765137e+01
9.116899013519287109e+00
9.448527574539184570e+00
1.085381102561950684e+01
9.349164962768554688e+00
1.019873428344726562e+01
1.015839290618896484e+01
9.990846872329711914e+00
9.638378381729125977e+00
9.249518871307373047e+00
9.786572694778442383e+00
1.098461675643920898e+01
1.013311290740966797e+01
9.026633501052856445e+00
1.044042396545410156e+01
1.036135482788085938e+01
1.041024327278137207e+01
1.079879856109619141e+01
1.053934454917907715e+01
9.348609685897827148e+00
9.813179016113281250e+00
8.768576145172119141e+00
1.046526050567626953e+01
1.025975155830383301e+01
9.144232749938964844e+00
1.047547936439514160e+01
1.010403037071228027e+01
9.596772670745849609e+00
1.015442585945129395e+01
1.020661306381225586e+01
1.124402332305908203e+01
1.063253808021545410e+01
8.607609987258911133e+00
