1.179999923706054688e+01
1.430999946594238281e+01
1.793000030517578125e+01
1.742000007629394531e+01
2.303999900817871094e+01
2.156999969482421875e+01
2.487999916076660156e+01
2.501999855041503906e+01
2.597999954223632812e+01
2.911999893188476562e+01
2.851000022888183594e+01
3.007999992370605469e+01
3.239999771118164062e+01
3.182999992370605469e+01
3.265999984741210938e+01
2.651999855041503906e+01
3.479999923706054688e+01
3.538999938964843750e+01
3.587999725341796875e+01
3.329000091552734375e+01
3.386999893188476562e+01
3.813999938964843750e+01
3.520999908447265625e+01
3.600000000000000000e+01
3.486000061035156250e+01
3.793999862670898438e+01
3.861000061035156250e+01
3.471999740600585938e+01
4.041999816894531250e+01
3.827999877929687500e+01
3.754999923706054688e+01
3.684000015258789062e+01
3.971999740600585938e+01
4.018000030517578125e+01
4.084000015258789062e+01
4.079999923706054688e+01
4.050999832153320312e+01
3.900999832153320312e+01
3.612999725341796875e+01
4.070000076293945312e+01
4.207999801635742188e+01
3.825000000000000000e+01
4.306999969482421875e+01
4.212999725341796875e+01
3.800999832153320312e+01
4.252999877929687500e+01
3.863999938964843750e+01
4.165999984741210938e+01
3.921999740600585938e+01
3.209000015258789062e+01
4.079999923706054688e+01
4.057999801635742188e+01
4.107999801635742188e+01
4.052000045776367188e+01
3.906999969482421875e+01
4.146999740600585938e+01
3.998999786376953125e+01
3.702999877929687500e+01
3.959999847412109375e+01
4.236999893188476562e+01
4.041999816894531250e+01
4.179999923706054688e+01
4.214999771118164062e+01
3.984999847412109375e+01
3.759000015258789062e+01
3.998999786376953125e+01
4.227999877929687500e+01
3.882999801635742188e+01
3.431999969482421875e+01
4.021999740600585938e+01
3.759999847412109375e+01
3.627999877929687500e+01
4.218999862670898438e+01
3.791999816894531250e+01
3.720999908447265625e+01
4.318000030517578125e+01
4.043999862670898438e+01
4.268999862670898438e+01
4.352000045776367188e+01
4.548999786376953125e+01
4.115999984741210938e+01
3.959000015258789062e+01
4.327000045776367188e+01
4.005999755859375000e+01
4.252999877929687500e+01
3.711999893188476562e+01
4.159999847412109375e+01
4.054999923706054688e+01
3.925999832153320312e+01
3.987999725341796875e+01
4.057999801635742188e+01
4.063999938964843750e+01
4.416999816894531250e+01
4.130999755859375000e+01
4.006999969482421875e+01
4.462999725341796875e+01
4.159000015258789062e+01
4.105999755859375000e+01
4.179999923706054688e+01
3.887999725341796875e+01
4.672999954223632812e+01
4.775000000000000000e+01
4.759999847412109375e+01
4.797999954223632812e+01
4.868000030517578125e+01
4.815999984741210938e+01
4.896999740600585938e+01
4.878999710083007812e+01
4.907999801635742188e+01
4.757999801635742188e+01
4.921999740600585938e+01
4.936000061035156250e+01
4.959999847412109375e+01
4.965999984741210938e+01
4.946999740600585938e+01
5.002999877929687500e+01
5.022999954223632812e+01
5.019999694824218750e+01
4.957999801635742188e+01
4.913999938964843750e+01
5.052999877929687500e+01
5.009000015258789062e+01
4.834999847412109375e+01
5.059999847412109375e+01
5.097999954223632812e+01
4.950000000000000000e+01
5.109999847412109375e+01
4.997999954223632812e+01
5.027000045776367188e+01
5.079999923706054688e+01
4.982999801635742188e+01
5.179999923706054688e+01
5.061000061035156250e+01
5.009999847412109375e+01
5.230999755859375000e+01
5.136999893188476562e+01
5.163999938964843750e+01
5.140999984741210938e+01
5.218000030517578125e+01
5.118000030517578125e+01
5.204999923706054688e+01
5.093000030517578125e+01
5.013999938964843750e+01
5.156999969482421875e+01
5.159000015258789062e+01
5.178999710083007812e+01
5.209000015258789062e+01
5.300999832153320312e+01
5.206999969482421875e+01
5.262999725341796875e+01
5.284000015258789062e+01
5.290999984741210938e+01
5.300000000000000000e+01
5.300000000000000000e+01
5.320999908447265625e+01
5.313999938964843750e+01
5.313999938964843750e+01
5.294999694824218750e+01
5.306999969482421875e+01
5.269999694824218750e+01
5.322999954223632812e+01
5.268000030517578125e+01
5.314999771118164062e+01
5.293999862670898438e+01
5.312999725341796875e+01
5.325999832153320312e+01
5.284999847412109375e+01
5.291999816894531250e+01
5.314999771118164062e+01
5.314999771118164062e+01
5.325000000000000000e+01
5.330999755859375000e+01
5.304999923706054688e+01
5.290999984741210938e+01
5.322999954223632812e+01
5.302000045776367188e+01
5.277999877929687500e+01
5.319999694824218750e+01
5.314999771118164062e+01
5.303999710083007812e+01
5.315999984741210938e+01
5.318999862670898438e+01
5.310999679565429688e+01
5.327000045776367188e+01
5.311999893188476562e+01
5.284000015258789062e+01
5.315999984741210938e+01
5.328999710083007812e+01
5.310999679565429688e+01
5.328999710083007812e+01
5.302999877929687500e+01
5.325999832153320312e+01
5.325999832153320312e+01
5.321999740600585938e+01
5.321999740600585938e+01
5.323999786376953125e+01
5.294999694824218750e+01
5.309999847412109375e+01
5.314999771118164062e+01
5.330999755859375000e+01
