2.552771568298339844e-02
1.989603042602539062e-02
3.947854042053222656e-02
3.898215293884277344e-02
2.860760688781738281e-02
1.977992057800292969e-02
1.855897903442382812e-02
2.429747581481933594e-02
2.248382568359375000e-02
2.637100219726562500e-02
1.816964149475097656e-02
1.704454421997070312e-02
2.834057807922363281e-02
3.332257270812988281e-02
1.624321937561035156e-02
2.443766593933105469e-02
3.688693046569824219e-02
2.393674850463867188e-02
1.309657096862792969e-02
2.279043197631835938e-02
3.129386901855468750e-02
3.399682044982910156e-02
5.137538909912109375e-02
3.252673149108886719e-02
1.797294616699218750e-02
2.300167083740234375e-02
2.424860000610351562e-02
1.629877090454101562e-02
3.634786605834960938e-02
1.476478576660156250e-02
3.907132148742675781e-02
3.772568702697753906e-02
3.266692161560058594e-02
2.611279487609863281e-02
2.221107482910156250e-02
2.969431877136230469e-02
1.697182655334472656e-02
2.586174011230468750e-02
1.900672912597656250e-02
2.707147598266601562e-02
3.290104866027832031e-02
1.264619827270507812e-02
2.507996559143066406e-02
1.995182037353515625e-02
2.953410148620605469e-02
2.904033660888671875e-02
3.525042533874511719e-02
1.673316955566406250e-02
3.616499900817871094e-02
2.294850349426269531e-02
2.702689170837402344e-02
1.674032211303710938e-02
3.186202049255371094e-02
2.937722206115722656e-02
1.311159133911132812e-02
2.539324760437011719e-02
1.977634429931640625e-02
4.577803611755371094e-02
3.140354156494140625e-02
3.516101837158203125e-02
2.967882156372070312e-02
4.134678840637207031e-02
2.599740028381347656e-02
5.077219009399414062e-02
3.718233108520507812e-02
3.538966178894042969e-02
1.379728317260742188e-02
3.099870681762695312e-02
3.676748275756835938e-02
2.219510078430175781e-02
1.964831352233886719e-02
1.763296127319335938e-02
2.002096176147460938e-02
3.406596183776855469e-02
1.815152168273925781e-02
2.959322929382324219e-02
3.271913528442382812e-02
2.491331100463867188e-02
3.867173194885253906e-02
3.908395767211914062e-02
3.261065483093261719e-02
5.142521858215332031e-02
2.381062507629394531e-02
5.361437797546386719e-02
6.196737289428710938e-03
2.488970756530761719e-02
3.843998908996582031e-02
1.465821266174316406e-02
3.307008743286132812e-02
2.523422241210937500e-02
3.630590438842773438e-02
3.151369094848632812e-02
3.714513778686523438e-02
1.393127441406250000e-02
2.943134307861328125e-02
3.185868263244628906e-02
2.288460731506347656e-02
2.218556404113769531e-02
4.292678833007812500e-02
1.869940757751464844e-02
1.685929298400878906e-02
2.847552299499511719e-02
4.072666168212890625e-02
3.603100776672363281e-02
3.298377990722656250e-02
2.960705757141113281e-02
3.076577186584472656e-02
2.603745460510253906e-02
3.937244415283203125e-02
1.702904701232910156e-02
4.472684860229492188e-02
2.241230010986328125e-02
1.385593414306640625e-02
1.757264137268066406e-02
3.569102287292480469e-02
4.226136207580566406e-02
2.641940116882324219e-02
2.825617790222167969e-02
3.315091133117675781e-02
1.373577117919921875e-02
1.713943481445312500e-02
2.426886558532714844e-02
1.891231536865234375e-02
2.762389183044433594e-02
3.439736366271972656e-02
2.964639663696289062e-02
2.804398536682128906e-02
2.717447280883789062e-02
2.963685989379882812e-02
2.875399589538574219e-02
2.592086791992187500e-02
1.292634010314941406e-02
2.881860733032226562e-02
2.316331863403320312e-02
2.606582641601562500e-02
7.653951644897460938e-03
2.333784103393554688e-02
3.549766540527343750e-02
1.927304267883300781e-02
4.465436935424804688e-02
3.830528259277343750e-02
1.219248771667480469e-02
3.369760513305664062e-02
3.283166885375976562e-02
2.176380157470703125e-02
3.268337249755859375e-02
7.305622100830078125e-03
3.796648979187011719e-02
2.517604827880859375e-02
2.092099189758300781e-02
3.479814529418945312e-02
6.381130218505859375e-02
2.399516105651855469e-02
3.067374229431152344e-02
1.470780372619628906e-02
4.622912406921386719e-02
2.207398414611816406e-02
7.790565490722656250e-03
3.334403038024902344e-02
2.903676033020019531e-02
4.583859443664550781e-02
1.284122467041015625e-02
3.186106681823730469e-02
1.814270019531250000e-02
7.069826126098632812e-03
2.431607246398925781e-02
3.505969047546386719e-02
3.135156631469726562e-02
1.856470108032226562e-02
2.977395057678222656e-02
3.586792945861816406e-02
1.845026016235351562e-02
2.376580238342285156e-02
3.696250915527343750e-02
2.925682067871093750e-02
2.935004234313964844e-02
2.081060409545898438e-02
3.840970993041992188e-02
2.526307106018066406e-02
3.402709960937500000e-02
1.322364807128906250e-02
3.994202613830566406e-02
3.761649131774902344e-02
3.732967376708984375e-02
2.279758453369140625e-02
3.306841850280761719e-02
2.396202087402343750e-02
2.428364753723144531e-02
6.768226623535156250e-03
2.290081977844238281e-02
4.085040092468261719e-02
7.498741149902343750e-03
3.478217124938964844e-02
2.702522277832031250e-02
1.881074905395507812e-02
4.468822479248046875e-02
2.240943908691406250e-02
4.145312309265136719e-02
3.412413597106933594e-02
7.442951202392578125e-03
