1.000000000000000000e+01
1.610999870300292969e+01
1.797999954223632812e+01
1.710000038146972656e+01
2.112999916076660156e+01
2.495999908447265625e+01
2.468000030517578125e+01
2.662999916076660156e+01
2.552999877929687500e+01
2.959000015258789062e+01
2.773999977111816406e+01
2.904999923706054688e+01
3.388999938964843750e+01
3.481999969482421875e+01
3.539999771118164062e+01
3.468000030517578125e+01
3.518000030517578125e+01
3.770000076293945312e+01
3.670999908447265625e+01
3.384000015258789062e+01
3.741999816894531250e+01
3.450000000000000000e+01
3.650999832153320312e+01
4.029999923706054688e+01
4.043999862670898438e+01
4.059999847412109375e+01
3.986999893188476562e+01
3.854000091552734375e+01
3.871999740600585938e+01
3.630999755859375000e+01
4.086000061035156250e+01
4.134000015258789062e+01
3.593999862670898438e+01
4.106999969482421875e+01
4.109999847412109375e+01
4.066999816894531250e+01
4.068000030517578125e+01
4.186999893188476562e+01
4.123999786376953125e+01
4.011000061035156250e+01
4.000999832153320312e+01
3.850999832153320312e+01
4.086000061035156250e+01
4.277999877929687500e+01
4.225000000000000000e+01
4.290999984741210938e+01
4.002999877929687500e+01
3.975000000000000000e+01
4.273999786376953125e+01
3.804000091552734375e+01
4.014999771118164062e+01
4.075000000000000000e+01
4.277999877929687500e+01
3.911999893188476562e+01
3.613999938964843750e+01
3.484999847412109375e+01
3.829000091552734375e+01
3.915999984741210938e+01
3.880999755859375000e+01
4.200999832153320312e+01
4.207999801635742188e+01
3.946999740600585938e+01
4.114999771118164062e+01
3.461000061035156250e+01
4.237999725341796875e+01
3.964999771118164062e+01
4.339999771118164062e+01
4.377999877929687500e+01
4.088999938964843750e+01
4.081999969482421875e+01
4.248999786376953125e+01
3.993000030517578125e+01
3.695000076293945312e+01
3.696999740600585938e+01
3.752000045776367188e+01
3.755999755859375000e+01
4.197999954223632812e+01
4.430999755859375000e+01
4.293999862670898438e+01
4.432999801635742188e+01
4.027000045776367188e+01
3.779999923706054688e+01
4.111999893188476562e+01
4.073999786376953125e+01
3.557999801635742188e+01
4.172999954223632812e+01
3.913999938964843750e+01
3.809999847412109375e+01
3.562999725341796875e+01
4.000000000000000000e+01
3.690999984741210938e+01
4.347999954223632812e+01
4.252000045776367188e+01
3.911000061035156250e+01
4.139999771118164062e+01
4.095000076293945312e+01
3.329000091552734375e+01
4.130999755859375000e+01
3.834999847412109375e+01
4.025000000000000000e+01
4.809000015258789062e+01
4.836999893188476562e+01
4.939999771118164062e+01
4.955999755859375000e+01
4.964999771118164062e+01
5.002999877929687500e+01
4.977999877929687500e+01
5.038999938964843750e+01
4.938999938964843750e+01
4.986999893188476562e+01
5.095999908447265625e+01
5.025000000000000000e+01
5.052000045776367188e+01
5.065999984741210938e+01
5.091999816894531250e+01
5.113999938964843750e+01
5.078999710083007812e+01
5.153999710083007812e+01
5.115999984741210938e+01
5.084000015258789062e+01
5.168000030517578125e+01
5.235999679565429688e+01
5.121999740600585938e+01
5.262999725341796875e+01
5.185999679565429688e+01
5.197999954223632812e+01
5.125000000000000000e+01
5.231999969482421875e+01
5.220999908447265625e+01
5.204999923706054688e+01
5.273999786376953125e+01
5.215999984741210938e+01
5.304999923706054688e+01
5.322999954223632812e+01
5.280999755859375000e+01
5.298999786376953125e+01
5.227000045776367188e+01
5.281999969482421875e+01
5.334999847412109375e+01
5.296999740600585938e+01
5.318000030517578125e+01
5.266999816894531250e+01
5.353999710083007812e+01
5.384999847412109375e+01
5.379999923706054688e+01
5.427000045776367188e+01
5.375999832153320312e+01
5.359999847412109375e+01
5.246999740600585938e+01
5.344999694824218750e+01
5.359999847412109375e+01
5.375999832153320312e+01
5.390999984741210938e+01
5.420999908447265625e+01
5.418000030517578125e+01
5.418000030517578125e+01
5.422999954223632812e+01
5.380999755859375000e+01
5.405999755859375000e+01
5.418000030517578125e+01
5.427999877929687500e+01
5.413999938964843750e+01
5.415999984741210938e+01
5.434999847412109375e+01
5.378999710083007812e+01
5.400000000000000000e+01
5.411999893188476562e+01
5.387999725341796875e+01
5.402999877929687500e+01
5.423999786376953125e+01
5.437999725341796875e+01
5.407999801635742188e+01
5.402999877929687500e+01
5.402999877929687500e+01
5.444999694824218750e+01
5.447999954223632812e+01
5.459000015258789062e+01
5.461999893188476562e+01
5.429999923706054688e+01
5.402999877929687500e+01
5.436999893188476562e+01
5.440999984741210938e+01
5.377999877929687500e+01
5.435999679565429688e+01
5.411999893188476562e+01
5.395999908447265625e+01
5.444999694824218750e+01
5.464999771118164062e+01
5.463999938964843750e+01
5.427999877929687500e+01
5.418000030517578125e+01
5.425999832153320312e+01
5.421999740600585938e+01
5.443999862670898438e+01
5.443000030517578125e+01
5.456999969482421875e+01
5.414999771118164062e+01
5.468999862670898438e+01
5.462999725341796875e+01
5.428999710083007812e+01
