1.083965992927551270e+01
9.526038169860839844e+00
1.067719578742980957e+01
9.987195253372192383e+00
1.076677536964416504e+01
9.726696014404296875e+00
9.946142911911010742e+00
9.567043542861938477e+00
9.762154817581176758e+00
9.928803920745849609e+00
9.497761011123657227e+00
9.844415187835693359e+00
9.793237686157226562e+00
1.013353919982910156e+01
9.298893928527832031e+00
9.969705104827880859e+00
1.044167733192443848e+01
9.602967739105224609e+00
9.280031919479370117e+00
9.743029832839965820e+00
1.079357695579528809e+01
1.083299303054809570e+01
1.167244052886962891e+01
1.070745134353637695e+01
9.797249555587768555e+00
9.710641384124755859e+00
9.546203851699829102e+00
9.543976545333862305e+00
1.136323165893554688e+01
1.020042490959167480e+01
1.044859385490417480e+01
1.165434837341308594e+01
1.091770958900451660e+01
9.369643688201904297e+00
1.098466753959655762e+01
1.001654720306396484e+01
9.496811151504516602e+00
1.020410299301147461e+01
9.669073820114135742e+00
1.003818321228027344e+01
1.117798876762390137e+01
9.249000549316406250e+00
1.034113264083862305e+01
8.996410369873046875e+00
1.060135459899902344e+01
9.769239187240600586e+00
9.954620838165283203e+00
9.301910638809204102e+00
1.075839471817016602e+01
1.056617999076843262e+01
1.056514978408813477e+01
9.707035541534423828e+00
9.838753461837768555e+00
1.010967659950256348e+01
9.306432962417602539e+00
9.832499742507934570e+00
1.192970275878906250e+01
1.099367594718933105e+01
1.119587731361389160e+01
1.031309223175048828e+01
1.073410391807556152e+01
1.072709870338439941e+01
1.105039906501770020e+01
1.083890652656555176e+01
1.108751893043518066e+01
9.872659444808959961e+00
8.996065139770507812e+00
9.999291896820068359e+00
1.012790441513061523e+01
9.100697517395019531e+00
9.898096323013305664e+00
1.047457432746887207e+01
1.063515782356262207e+01
1.053805232048034668e+01
9.501108646392822266e+00
1.041189503669738770e+01
1.058968257904052734e+01
9.607147216796875000e+00
9.734086990356445312e+00
1.008635187149047852e+01
1.052680253982543945e+01
1.070403337478637695e+01
1.006959223747253418e+01
1.122780776023864746e+01
9.595348358154296875e+00
9.853253602981567383e+00
1.067030405998229980e+01
9.129410982131958008e+00
1.049858522415161133e+01
1.050750946998596191e+01
1.054928517341613770e+01
1.054581975936889648e+01
1.047977089881896973e+01
9.498813390731811523e+00
9.707472085952758789e+00
1.091195201873779297e+01
1.060880565643310547e+01
1.021424365043640137e+01
1.091246771812438965e+01
1.024243521690368652e+01
1.049134373664855957e+01
1.018482279777526855e+01
1.043162465095520020e+01
1.069112849235534668e+01
9.994143486022949219e+00
9.980628490447998047e+00
1.060700774192810059e+01
9.458444595336914062e+00
1.059089589118957520e+01
9.736317873001098633e+00
1.004380226135253906e+01
9.920174837112426758e+00
9.262703657150268555e+00
9.245351314544677734e+00
1.024434185028076172e+01
1.122006344795227051e+01
1.018096733093261719e+01
9.757426261901855469e+00
1.025712776184082031e+01
9.460281848907470703e+00
9.779868125915527344e+00
9.293682098388671875e+00
1.010843420028686523e+01
9.579287528991699219e+00
1.103629755973815918e+01
1.102459049224853516e+01
9.793834686279296875e+00
1.032954287528991699e+01
1.112828516960144043e+01
1.036252498626708984e+01
1.021780133247375488e+01
9.044119358062744141e+00
9.364121198654174805e+00
9.625774383544921875e+00
1.003329491615295410e+01
8.513511896133422852e+00
9.308379173278808594e+00
1.032637023925781250e+01
8.959285736083984375e+00
1.109361433982849121e+01
1.160139131546020508e+01
9.581974744796752930e+00
9.459479093551635742e+00
1.029374313354492188e+01
1.008472204208374023e+01
1.133542180061340332e+01
8.864498615264892578e+00
1.123779916763305664e+01
1.077767300605773926e+01
9.634567260742187500e+00
1.062473535537719727e+01
1.178833866119384766e+01
9.248276233673095703e+00
1.001689267158508301e+01
8.949461460113525391e+00
1.110574650764465332e+01
1.158818316459655762e+01
8.738840341567993164e+00
1.071541929244995117e+01
1.144503879547119141e+01
1.036659169197082520e+01
9.134762525558471680e+00
1.047524309158325195e+01
9.315730094909667969e+00
1.026771521568298340e+01
9.579257726669311523e+00
9.812221288681030273e+00
1.083825302124023438e+01
9.284319400787353516e+00
9.454654216766357422e+00
1.099396014213562012e+01
9.837413549423217773e+00
1.045963835716247559e+01
1.016997551918029785e+01
1.003343391418457031e+01
9.871351718902587891e+00
9.379863739013671875e+00
9.929884672164916992e+00
1.109991812705993652e+01
1.013996195793151855e+01
9.165315151214599609e+00
1.033028936386108398e+01
1.045003080368041992e+01
1.034741377830505371e+01
1.091070437431335449e+01
1.073156213760375977e+01
9.379826068878173828e+00
9.893474578857421875e+00
8.875523328781127930e+00
1.065653443336486816e+01
1.032593154907226562e+01
9.038112878799438477e+00
1.063967370986938477e+01
1.021140241622924805e+01
9.940731525421142578e+00
1.008606672286987305e+01
1.048389887809753418e+01
1.117648148536682129e+01
1.087335920333862305e+01
9.040130615234375000e+00
