2.554869651794433594e-02
1.992988586425781250e-02
3.944444656372070312e-02
3.897643089294433594e-02
2.863597869873046875e-02
1.975774765014648438e-02
1.854395866394042969e-02
2.429580688476562500e-02
2.246165275573730469e-02
2.632975578308105469e-02
1.814770698547363281e-02
1.701140403747558594e-02
2.830743789672851562e-02
3.330135345458984375e-02
1.622223854064941406e-02
2.440953254699707031e-02
3.687000274658203125e-02
2.394747734069824219e-02
1.307964324951171875e-02
2.273654937744140625e-02
3.130030632019042969e-02
3.401207923889160156e-02
5.139040946960449219e-02
3.254938125610351562e-02
1.794910430908203125e-02
2.297902107238769531e-02
2.422046661376953125e-02
1.627731323242187500e-02
3.632330894470214844e-02
1.471114158630371094e-02
3.907704353332519531e-02
3.772902488708496094e-02
3.268432617187500000e-02
2.608990669250488281e-02
2.220010757446289062e-02
2.970409393310546875e-02
1.696777343750000000e-02
2.582383155822753906e-02
1.898717880249023438e-02
2.703928947448730469e-02
3.288149833679199219e-02
1.262950897216796875e-02
2.504444122314453125e-02
1.986622810363769531e-02
2.948951721191406250e-02
2.900528907775878906e-02
3.521442413330078125e-02
1.671814918518066406e-02
3.616952896118164062e-02
2.293443679809570312e-02
2.704215049743652344e-02
1.671695709228515625e-02
3.186154365539550781e-02
2.935957908630371094e-02
1.308631896972656250e-02
2.537751197814941406e-02
1.977062225341796875e-02
4.580950736999511719e-02
3.141689300537109375e-02
3.513336181640625000e-02
2.967357635498046875e-02
4.137253761291503906e-02
2.602338790893554688e-02
5.079388618469238281e-02
3.716468811035156250e-02
3.537297248840332031e-02
1.378393173217773438e-02
3.099513053894042969e-02
3.678536415100097656e-02
2.216506004333496094e-02
1.964020729064941406e-02
1.763606071472167969e-02
2.000904083251953125e-02
3.404331207275390625e-02
1.811528205871582031e-02
2.976608276367187500e-02
3.269910812377929688e-02
2.491736412048339844e-02
3.862667083740234375e-02
3.933119773864746094e-02
3.263497352600097656e-02
5.143356323242187500e-02
2.384757995605468750e-02
5.364298820495605469e-02
6.181240081787109375e-03
2.484250068664550781e-02
3.838372230529785156e-02
1.466536521911621094e-02
3.305840492248535156e-02
2.522945404052734375e-02
3.631591796875000000e-02
3.155159950256347656e-02
3.713989257812500000e-02
1.390647888183593750e-02
2.975344657897949219e-02
3.182888031005859375e-02
2.291750907897949219e-02
2.217912673950195312e-02
4.295277595520019531e-02
1.870417594909667969e-02
1.685428619384765625e-02
2.847695350646972656e-02
4.070138931274414062e-02
3.604292869567871094e-02
3.300690650939941406e-02
2.957987785339355469e-02
2.984070777893066406e-02
2.605700492858886719e-02
3.932619094848632812e-02
1.700043678283691406e-02
4.472231864929199219e-02
2.237892150878906250e-02
1.383376121520996094e-02
1.754498481750488281e-02
3.565502166748046875e-02
4.225540161132812500e-02
2.638959884643554688e-02
2.828335762023925781e-02
3.315997123718261719e-02
1.375412940979003906e-02
1.714420318603515625e-02
2.426624298095703125e-02
1.890301704406738281e-02
2.757740020751953125e-02
3.443455696105957031e-02
2.963519096374511719e-02
2.802443504333496094e-02
2.714610099792480469e-02
2.965545654296875000e-02
2.876329421997070312e-02
2.589416503906250000e-02
1.290965080261230469e-02
2.877426147460937500e-02
2.314233779907226562e-02
2.605676651000976562e-02
7.627487182617187500e-03
2.332496643066406250e-02
3.547620773315429688e-02
1.927185058593750000e-02
4.464507102966308594e-02
3.831338882446289062e-02
1.217842102050781250e-02
3.367066383361816406e-02
3.281331062316894531e-02
2.174806594848632812e-02
3.265929222106933594e-02
7.295608520507812500e-03
3.795766830444335938e-02
2.516984939575195312e-02
2.092385292053222656e-02
3.476643562316894531e-02
6.376695632934570312e-02
2.397799491882324219e-02
3.064966201782226562e-02
1.469755172729492188e-02
4.619455337524414062e-02
2.206254005432128906e-02
7.768154144287109375e-03
3.335332870483398438e-02
2.906799316406250000e-02
4.583239555358886719e-02
1.284098625183105469e-02
3.183221817016601562e-02
1.813030242919921875e-02
7.055044174194335938e-03
2.432274818420410156e-02
3.498792648315429688e-02
3.134155273437500000e-02
1.852035522460937500e-02
2.977991104125976562e-02
3.587698936462402344e-02
1.842617988586425781e-02
2.371096611022949219e-02
3.688383102416992188e-02
2.923893928527832031e-02
2.934741973876953125e-02
2.075195312500000000e-02
3.848361968994140625e-02
2.523040771484375000e-02
3.399038314819335938e-02
1.318073272705078125e-02
3.989243507385253906e-02
3.765463829040527344e-02
3.735160827636718750e-02
2.282047271728515625e-02
3.305220603942871094e-02
2.394843101501464844e-02
2.429533004760742188e-02
6.776332855224609375e-03
2.291131019592285156e-02
4.084110260009765625e-02
7.497549057006835938e-03
3.477263450622558594e-02
2.709674835205078125e-02
1.881694793701171875e-02
4.469513893127441406e-02
2.238631248474121094e-02
4.143571853637695312e-02
3.408384323120117188e-02
7.426500320434570312e-03
