1.000000000000000000e+01
1.271999931335449219e+01
1.645999908447265625e+01
1.951000022888183594e+01
2.315999984741210938e+01
2.362999916076660156e+01
2.535999870300292969e+01
2.992999839782714844e+01
3.067000007629394531e+01
3.178999900817871094e+01
3.323999786376953125e+01
3.572999954223632812e+01
3.421999740600585938e+01
3.512999725341796875e+01
3.487999725341796875e+01
3.625999832153320312e+01
3.334999847412109375e+01
3.756999969482421875e+01
3.713999938964843750e+01
3.562999725341796875e+01
3.877999877929687500e+01
3.904000091552734375e+01
3.902000045776367188e+01
3.461999893188476562e+01
3.652999877929687500e+01
4.036000061035156250e+01
3.902999877929687500e+01
3.895999908447265625e+01
4.004999923706054688e+01
3.700000000000000000e+01
3.981999969482421875e+01
4.113999938964843750e+01
3.861999893188476562e+01
4.146999740600585938e+01
4.036000061035156250e+01
4.091999816894531250e+01
4.084999847412109375e+01
3.806999969482421875e+01
3.840999984741210938e+01
3.756999969482421875e+01
4.002999877929687500e+01
3.884999847412109375e+01
3.940999984741210938e+01
4.377999877929687500e+01
4.102000045776367188e+01
4.132999801635742188e+01
4.006999969482421875e+01
3.786000061035156250e+01
4.011999893188476562e+01
4.190999984741210938e+01
3.940999984741210938e+01
3.546999740600585938e+01
3.881999969482421875e+01
3.765999984741210938e+01
4.070000076293945312e+01
4.084999847412109375e+01
3.987999725341796875e+01
4.043000030517578125e+01
3.918999862670898438e+01
4.023999786376953125e+01
3.782999801635742188e+01
4.140999984741210938e+01
4.161999893188476562e+01
4.070999908447265625e+01
3.370000076293945312e+01
3.934000015258789062e+01
4.088999938964843750e+01
3.962999725341796875e+01
4.211000061035156250e+01
3.816999816894531250e+01
3.829000091552734375e+01
4.034000015258789062e+01
3.796999740600585938e+01
3.780999755859375000e+01
3.793999862670898438e+01
3.838999938964843750e+01
4.306999969482421875e+01
4.252000045776367188e+01
4.150000000000000000e+01
4.050999832153320312e+01
3.837999725341796875e+01
3.991999816894531250e+01
3.927000045776367188e+01
4.039999771118164062e+01
3.927999877929687500e+01
4.025000000000000000e+01
4.170999908447265625e+01
4.284999847412109375e+01
4.052000045776367188e+01
3.595000076293945312e+01
3.297999954223632812e+01
4.002999877929687500e+01
3.677000045776367188e+01
3.765999984741210938e+01
4.115999984741210938e+01
4.041999816894531250e+01
3.993999862670898438e+01
4.107999801635742188e+01
3.252000045776367188e+01
4.115999984741210938e+01
4.632999801635742188e+01
4.589999771118164062e+01
4.669999694824218750e+01
4.693000030517578125e+01
4.768000030517578125e+01
4.759999847412109375e+01
4.813999938964843750e+01
4.773999786376953125e+01
4.736000061035156250e+01
4.737999725341796875e+01
4.753999710083007812e+01
4.769999694824218750e+01
4.809999847412109375e+01
4.800999832153320312e+01
4.832999801635742188e+01
4.838999938964843750e+01
4.886999893188476562e+01
4.861000061035156250e+01
4.903999710083007812e+01
4.893000030517578125e+01
4.961000061035156250e+01
4.861000061035156250e+01
4.918999862670898438e+01
4.902999877929687500e+01
4.828999710083007812e+01
4.940999984741210938e+01
4.887999725341796875e+01
4.872999954223632812e+01
4.916999816894531250e+01
4.986999893188476562e+01
4.932999801635742188e+01
4.970999908447265625e+01
5.041999816894531250e+01
4.903999710083007812e+01
5.047999954223632812e+01
4.953999710083007812e+01
5.059000015258789062e+01
4.856999969482421875e+01
4.973999786376953125e+01
4.963999938964843750e+01
4.918000030517578125e+01
4.929999923706054688e+01
5.044999694824218750e+01
5.022999954223632812e+01
5.056999969482421875e+01
4.914999771118164062e+01
5.109000015258789062e+01
4.998999786376953125e+01
5.034999847412109375e+01
5.004999923706054688e+01
5.169999694824218750e+01
5.156999969482421875e+01
5.136999893188476562e+01
5.132999801635742188e+01
5.102000045776367188e+01
5.145999908447265625e+01
5.118000030517578125e+01
5.140999984741210938e+01
5.111999893188476562e+01
5.097999954223632812e+01
5.156999969482421875e+01
5.118999862670898438e+01
5.141999816894531250e+01
5.130999755859375000e+01
5.156999969482421875e+01
5.152000045776367188e+01
5.144999694824218750e+01
5.140999984741210938e+01
5.148999786376953125e+01
5.102999877929687500e+01
5.143000030517578125e+01
5.153999710083007812e+01
5.152000045776367188e+01
5.139999771118164062e+01
5.146999740600585938e+01
5.141999816894531250e+01
5.150000000000000000e+01
5.156999969482421875e+01
5.177000045776367188e+01
5.193999862670898438e+01
5.144999694824218750e+01
5.131999969482421875e+01
5.168000030517578125e+01
5.127999877929687500e+01
5.148999786376953125e+01
5.141999816894531250e+01
5.165999984741210938e+01
5.147999954223632812e+01
5.144999694824218750e+01
5.147999954223632812e+01
5.125000000000000000e+01
5.177999877929687500e+01
5.150999832153320312e+01
5.170999908447265625e+01
5.150000000000000000e+01
5.131999969482421875e+01
5.159000015258789062e+01
5.135999679565429688e+01
5.127000045776367188e+01
5.173999786376953125e+01
