1.014541292190551758e+01
9.486933231353759766e+00
9.617809295654296875e+00
9.444280624389648438e+00
9.703143358230590820e+00
9.628853797912597656e+00
9.447169542312622070e+00
9.355509519577026367e+00
9.572706937789916992e+00
9.765138626098632812e+00
1.137789654731750488e+01
9.276107788085937500e+00
9.610306501388549805e+00
9.775927305221557617e+00
9.056817293167114258e+00
1.134498667716979980e+01
9.914979219436645508e+00
1.104654812812805176e+01
1.055654025077819824e+01
9.661397457122802734e+00
9.703064441680908203e+00
1.194474196434020996e+01
1.067653918266296387e+01
1.101150631904602051e+01
9.401920557022094727e+00
9.093804597854614258e+00
9.749708414077758789e+00
1.053577733039855957e+01
1.001786446571350098e+01
9.331924915313720703e+00
1.089605140686035156e+01
1.158288097381591797e+01
1.021286964416503906e+01
9.729549646377563477e+00
1.073365283012390137e+01
1.071162486076354980e+01
9.065852165222167969e+00
9.850028514862060547e+00
9.423247337341308594e+00
9.772608995437622070e+00
9.518230676651000977e+00
9.177591323852539062e+00
9.674082040786743164e+00
9.496926307678222656e+00
9.409583330154418945e+00
1.059872579574584961e+01
9.724659204483032227e+00
9.026555776596069336e+00
1.085347414016723633e+01
9.462460517883300781e+00
9.375383853912353516e+00
1.106833767890930176e+01
1.190406703948974609e+01
1.139985370635986328e+01
9.394658565521240234e+00
1.095498490333557129e+01
9.968497276306152344e+00
1.015828943252563477e+01
9.569168567657470703e+00
9.566518068313598633e+00
9.474420070648193359e+00
1.007879972457885742e+01
9.383613109588623047e+00
9.962851762771606445e+00
1.041809320449829102e+01
1.005896830558776855e+01
9.665957212448120117e+00
1.093593597412109375e+01
1.144862961769104004e+01
9.143280982971191406e+00
9.809901952743530273e+00
9.207263469696044922e+00
9.818662643432617188e+00
9.951781272888183594e+00
9.537111282348632812e+00
9.710548162460327148e+00
1.021593284606933594e+01
1.103609228134155273e+01
9.419377565383911133e+00
1.002096390724182129e+01
1.008798909187316895e+01
1.136150741577148438e+01
1.108384776115417480e+01
1.024030208587646484e+01
9.282096862792968750e+00
9.654949665069580078e+00
9.853456735610961914e+00
9.560638904571533203e+00
9.842713117599487305e+00
9.816792488098144531e+00
9.869546413421630859e+00
9.806176900863647461e+00
9.932229757308959961e+00
9.211830615997314453e+00
9.683135509490966797e+00
9.805854797363281250e+00
9.383585691452026367e+00
9.872619152069091797e+00
1.172727370262145996e+01
1.197305202484130859e+01
9.598600864410400391e+00
9.917243957519531250e+00
1.008724856376647949e+01
1.129431009292602539e+01
1.204179286956787109e+01
9.664294719696044922e+00
1.201838183403015137e+01
1.095718479156494141e+01
9.808965682983398438e+00
9.387692213058471680e+00
1.231203866004943848e+01
9.566912651062011719e+00
9.523033142089843750e+00
9.288289070129394531e+00
9.896832227706909180e+00
1.018982934951782227e+01
9.489614725112915039e+00
1.010494327545166016e+01
9.775919437408447266e+00
9.049238681793212891e+00
1.057315492630004883e+01
9.175891399383544922e+00
9.161829233169555664e+00
9.671527385711669922e+00
9.841564178466796875e+00
1.008556222915649414e+01
9.659628868103027344e+00
9.877792358398437500e+00
9.588078737258911133e+00
1.026089000701904297e+01
9.907458305358886719e+00
9.350688219070434570e+00
9.324080467224121094e+00
9.541064739227294922e+00
9.306892156600952148e+00
9.769232511520385742e+00
8.966959953308105469e+00
9.622218132019042969e+00
9.228973627090454102e+00
1.021353006362915039e+01
1.032283926010131836e+01
9.386741876602172852e+00
1.044150757789611816e+01
9.909446001052856445e+00
1.024010348320007324e+01
1.012946367263793945e+01
9.433867454528808594e+00
1.010017204284667969e+01
9.309028387069702148e+00
1.117095518112182617e+01
9.764807939529418945e+00
1.045776295661926270e+01
9.197467088699340820e+00
1.007350254058837891e+01
1.120555782318115234e+01
1.014722490310668945e+01
1.018157815933227539e+01
8.934846401214599609e+00
1.229604053497314453e+01
1.001604819297790527e+01
1.125740814208984375e+01
9.005691528320312500e+00
1.123442864418029785e+01
1.148927140235900879e+01
1.156927490234375000e+01
9.032520055770874023e+00
1.186766123771667480e+01
9.371541023254394531e+00
1.063526940345764160e+01
9.482961893081665039e+00
9.942419767379760742e+00
1.216496634483337402e+01
9.834106445312500000e+00
9.591268777847290039e+00
1.176707816123962402e+01
1.093373942375183105e+01
9.694663763046264648e+00
9.507359981536865234e+00
9.657438039779663086e+00
1.015430474281311035e+01
9.038052320480346680e+00
9.775602817535400391e+00
1.176955080032348633e+01
9.805616378784179688e+00
9.444477081298828125e+00
9.910014629364013672e+00
9.853472471237182617e+00
1.085457134246826172e+01
1.242368626594543457e+01
1.129017782211303711e+01
9.606149673461914062e+00
1.275320649147033691e+01
9.483968257904052734e+00
9.727361917495727539e+00
1.224827241897583008e+01
1.113754224777221680e+01
9.431374788284301758e+00
1.002759385108947754e+01
9.497540712356567383e+00
9.347593069076538086e+00
