1.990814113616943359e+01
1.826917600631713867e+01
2.024949550628662109e+01
1.999098229408264160e+01
1.927419543266296387e+01
2.075029110908508301e+01
1.941954016685485840e+01
1.911625885963439941e+01
2.075111365318298340e+01
1.915657210350036621e+01
1.975537252426147461e+01
1.906862688064575195e+01
1.942000293731689453e+01
1.905247831344604492e+01
1.907406258583068848e+01
2.012551450729370117e+01
2.019017171859741211e+01
1.904695105552673340e+01
1.916716337203979492e+01
2.091364121437072754e+01
2.028826379776000977e+01
1.886244773864746094e+01
2.155481743812561035e+01
1.977275204658508301e+01
1.939167428016662598e+01
1.934352445602416992e+01
1.933846473693847656e+01
1.912977933883666992e+01
1.987301802635192871e+01
1.958235430717468262e+01
1.964858508110046387e+01
1.997546052932739258e+01
2.043247270584106445e+01
1.963248872756958008e+01
2.014001250267028809e+01
1.941517138481140137e+01
1.930242300033569336e+01
1.938076090812683105e+01
1.830175995826721191e+01
2.096664595603942871e+01
2.057584762573242188e+01
1.838631963729858398e+01
2.048057031631469727e+01
2.054628515243530273e+01
1.951598691940307617e+01
1.941151618957519531e+01
2.022703790664672852e+01
1.947642064094543457e+01
1.996681332588195801e+01
1.908949255943298340e+01
2.040918588638305664e+01
1.887543892860412598e+01
2.003744554519653320e+01
2.002745580673217773e+01
1.936691808700561523e+01
1.921889257431030273e+01
2.064854073524475098e+01
2.010680747032165527e+01
2.057388806343078613e+01
1.994885754585266113e+01
1.968592667579650879e+01
1.973798179626464844e+01
1.999667525291442871e+01
1.971795701980590820e+01
2.269651341438293457e+01
1.890060496330261230e+01
2.075498151779174805e+01
1.899478435516357422e+01
1.997515964508056641e+01
1.791876530647277832e+01
1.985901784896850586e+01
1.856681203842163086e+01
1.904262185096740723e+01
2.152875566482543945e+01
1.880293059349060059e+01
2.226644110679626465e+01
1.992585563659667969e+01
1.946589660644531250e+01
2.088586473464965820e+01
1.956439852714538574e+01
2.229067945480346680e+01
1.988585352897644043e+01
2.016993975639343262e+01
2.120785117149353027e+01
1.798020815849304199e+01
2.095775723457336426e+01
2.046669101715087891e+01
1.915675354003906250e+01
2.236686897277832031e+01
2.120352983474731445e+01
2.178136849403381348e+01
1.945301413536071777e+01
1.976606774330139160e+01
1.874658417701721191e+01
2.096902298927307129e+01
2.225782465934753418e+01
1.891228151321411133e+01
2.271011638641357422e+01
2.011971211433410645e+01
1.931654000282287598e+01
2.227085590362548828e+01
2.126622414588928223e+01
1.978900480270385742e+01
2.105321359634399414e+01
1.970528006553649902e+01
2.143696141242980957e+01
1.920417523384094238e+01
1.984510803222656250e+01
2.008127856254577637e+01
1.944877839088439941e+01
1.943963766098022461e+01
1.828176188468933105e+01
1.859614062309265137e+01
1.729274749755859375e+01
2.338528180122375488e+01
2.005325889587402344e+01
1.994525170326232910e+01
1.922369790077209473e+01
2.106852197647094727e+01
2.139852142333984375e+01
1.859536862373352051e+01
1.910088014602661133e+01
1.887092471122741699e+01
2.041896414756774902e+01
2.110294198989868164e+01
1.968923139572143555e+01
1.949550533294677734e+01
1.972192621231079102e+01
2.075689005851745605e+01
2.179576539993286133e+01
1.861422443389892578e+01
1.844711852073669434e+01
1.971446943283081055e+01
2.001350402832031250e+01
1.959931898117065430e+01
1.874690032005310059e+01
1.894632887840270996e+01
2.054208159446716309e+01
1.888720798492431641e+01
2.047295117378234863e+01
2.081178188323974609e+01
2.154254603385925293e+01
2.071420097351074219e+01
1.921942543983459473e+01
2.009959721565246582e+01
2.042861843109130859e+01
1.847654795646667480e+01
2.139724636077880859e+01
2.034207558631896973e+01
1.938879203796386719e+01
2.254496788978576660e+01
2.106151890754699707e+01
2.054879093170166016e+01
2.021998262405395508e+01
1.867109560966491699e+01
1.990031647682189941e+01
2.104391717910766602e+01
1.835235500335693359e+01
2.015635323524475098e+01
2.311856174468994141e+01
1.946376848220825195e+01
1.880420112609863281e+01
2.042402172088623047e+01
1.836928606033325195e+01
1.838787388801574707e+01
1.990511226654052734e+01
1.917995905876159668e+01
2.038870763778686523e+01
1.921147155761718750e+01
1.913667297363281250e+01
2.012378120422363281e+01
1.949706125259399414e+01
2.014834928512573242e+01
2.004072523117065430e+01
1.914523673057556152e+01
2.094445967674255371e+01
1.900366544723510742e+01
2.148339629173278809e+01
2.103640508651733398e+01
1.996892809867858887e+01
1.944305062294006348e+01
2.017343497276306152e+01
2.020989584922790527e+01
1.985634303092956543e+01
2.017954063415527344e+01
2.002383685111999512e+01
2.022714829444885254e+01
1.969518899917602539e+01
1.949179315567016602e+01
1.976132369041442871e+01
2.029623746871948242e+01
1.834983944892883301e+01
2.236503601074218750e+01
1.961124420166015625e+01
1.914967989921569824e+01
1.985577821731567383e+01
1.964010047912597656e+01
2.085791754722595215e+01
1.987915182113647461e+01
1.889582157135009766e+01
