1.038061571121215820e+01
9.489341497421264648e+00
9.918831825256347656e+00
9.527950048446655273e+00
9.661520719528198242e+00
1.021122717857360840e+01
1.073348832130432129e+01
1.074527001380920410e+01
1.174116873741149902e+01
9.697706222534179688e+00
1.039315176010131836e+01
9.415144920349121094e+00
1.077999281883239746e+01
1.074316811561584473e+01
1.059773659706115723e+01
1.067322564125061035e+01
9.972820520401000977e+00
9.558665990829467773e+00
8.977588176727294922e+00
1.191741251945495605e+01
1.077854776382446289e+01
9.568412303924560547e+00
1.059591746330261230e+01
1.003431034088134766e+01
9.325614452362060547e+00
9.141727209091186523e+00
9.921834945678710938e+00
9.863728046417236328e+00
9.751078367233276367e+00
9.316275596618652344e+00
9.678482532501220703e+00
1.040481781959533691e+01
1.005783247947692871e+01
1.074646949768066406e+01
9.473476648330688477e+00
9.314181566238403320e+00
9.144060850143432617e+00
1.015469503402709961e+01
9.617326259613037109e+00
1.013355398178100586e+01
9.799037933349609375e+00
9.368452548980712891e+00
9.632565975189208984e+00
9.743604898452758789e+00
9.391512632369995117e+00
1.035506892204284668e+01
1.107699942588806152e+01
1.074737715721130371e+01
9.885083675384521484e+00
9.354186773300170898e+00
9.445677995681762695e+00
9.125046253204345703e+00
9.628700494766235352e+00
1.003241157531738281e+01
9.484810829162597656e+00
9.906537532806396484e+00
1.004731845855712891e+01
1.020275568962097168e+01
9.878904581069946289e+00
9.857083797454833984e+00
9.516674995422363281e+00
1.026672887802124023e+01
9.553678274154663086e+00
1.036121654510498047e+01
1.233435034751892090e+01
9.964101314544677734e+00
1.141615629196166992e+01
9.768063306808471680e+00
1.003562402725219727e+01
8.973887920379638672e+00
9.784692525863647461e+00
9.018304824829101562e+00
9.825068235397338867e+00
1.120210170745849609e+01
9.412631511688232422e+00
1.273734807968139648e+01
1.100891661643981934e+01
9.567540645599365234e+00
9.599522590637207031e+00
9.519577741622924805e+00
1.212313199043273926e+01
9.784513711929321289e+00
9.451622009277343750e+00
1.007925462722778320e+01
9.157622814178466797e+00
9.558707237243652344e+00
1.006023979187011719e+01
1.076663327217102051e+01
1.272333240509033203e+01
1.190690040588378906e+01
1.197476220130920410e+01
9.590163946151733398e+00
9.855672121047973633e+00
9.219766616821289062e+00
9.671243667602539062e+00
1.175781083106994629e+01
9.444901466369628906e+00
1.212256169319152832e+01
1.005769729614257812e+01
9.623726606369018555e+00
1.231616759300231934e+01
1.169653892517089844e+01
9.854375362396240234e+00
9.912994623184204102e+00
9.768987655639648438e+00
1.173397779464721680e+01
9.861562967300415039e+00
9.591086626052856445e+00
9.918919563293457031e+00
9.721736907958984375e+00
1.014900946617126465e+01
9.368271350860595703e+00
9.641265869140625000e+00
9.117709875106811523e+00
1.228709626197814941e+01
1.092848801612854004e+01
9.613283872604370117e+00
1.013783121109008789e+01
1.175949525833129883e+01
1.187832474708557129e+01
8.822222232818603516e+00
1.060131335258483887e+01
9.137722730636596680e+00
9.591048002243041992e+00
1.160112428665161133e+01
9.775381565093994141e+00
1.004195332527160645e+01
9.976877689361572266e+00
9.558619976043701172e+00
1.226558017730712891e+01
9.848994731903076172e+00
9.373858690261840820e+00
9.317064523696899414e+00
9.910882711410522461e+00
9.749544620513916016e+00
9.989872455596923828e+00
8.966992616653442383e+00
1.157057881355285645e+01
1.059980702400207520e+01
1.111193108558654785e+01
1.041549062728881836e+01
1.185190439224243164e+01
1.188267850875854492e+01
9.698035478591918945e+00
1.134199166297912598e+01
1.000438594818115234e+01
9.317606687545776367e+00
1.013240098953247070e+01
9.333317756652832031e+00
9.825868368148803711e+00
1.209201955795288086e+01
1.097779178619384766e+01
1.167001461982727051e+01
1.119782900810241699e+01
9.329740285873413086e+00
1.040419125556945801e+01
1.015498256683349609e+01
8.786214113235473633e+00
9.860615730285644531e+00
1.208739352226257324e+01
1.013050580024719238e+01
9.256222724914550781e+00
1.075951933860778809e+01
9.389025926589965820e+00
9.112037420272827148e+00
9.313228130340576172e+00
9.943386793136596680e+00
9.618477344512939453e+00
9.176320552825927734e+00
9.546557903289794922e+00
9.993564605712890625e+00
1.023830842971801758e+01
9.917156934738159180e+00
9.540511131286621094e+00
9.470904827117919922e+00
1.007320308685302734e+01
9.937030315399169922e+00
1.131527733802795410e+01
1.152742552757263184e+01
1.015682697296142578e+01
9.054050445556640625e+00
9.858448266983032227e+00
9.906551599502563477e+00
9.821456670761108398e+00
9.418918132781982422e+00
9.865381956100463867e+00
9.684007883071899414e+00
9.227433204650878906e+00
1.027386426925659180e+01
9.783915519714355469e+00
1.002724409103393555e+01
9.180090427398681641e+00
1.179550170898437500e+01
9.840075969696044922e+00
9.486094713211059570e+00
9.630821704864501953e+00
9.831081867218017578e+00
1.018399500846862793e+01
9.437656402587890625e+00
9.176101446151733398e+00
