1.049599999954223684e+01
1.148800000244140662e+01
1.470400000183105504e+01
1.660799999877929523e+01
1.836799999572754061e+01
2.060800000488281114e+01
2.158399999908447242e+01
2.305600000244140801e+01
2.423999999572754049e+01
2.644799999511718624e+01
2.601600000488281239e+01
2.710399999145507977e+01
2.923199999816894490e+01
3.006399999145507707e+01
3.164799999816894527e+01
3.235199999816894234e+01
3.343999999816894331e+01
3.286399999511719017e+01
3.359999999755859079e+01
3.441599999755859329e+01
3.435200000732422154e+01
3.625600000122070554e+01
3.616000000366211253e+01
3.555199999145507661e+01
3.572800000732421921e+01
3.515200000122070634e+01
3.753600000732421904e+01
3.692800000976562558e+01
3.750399998779296595e+01
3.852799999145507570e+01
3.848000000366211282e+01
3.910399999389648684e+01
3.899200000732422211e+01
3.803200000122070179e+01
3.928000000000000114e+01
3.902399999755859028e+01
3.944000000976562603e+01
3.855999999511718812e+01
4.019200000000000017e+01
4.056000000732421995e+01
3.878399999755859540e+01
3.987200000976562819e+01
4.041600000610351628e+01
3.880000000122070247e+01
4.083199998779296891e+01
3.881600000732422018e+01
4.153600000366211020e+01
3.873600000976562541e+01
4.028799999633788786e+01
4.009599999816894211e+01
3.838399999816894592e+01
4.072000000488281302e+01
4.063999999389648110e+01
4.012800000610351248e+01
3.982400000244140870e+01
4.171199999755859267e+01
3.944000000366210656e+01
4.102399999389648144e+01
4.070399998779296880e+01
4.014400000976562666e+01
3.951999998657226598e+01
4.132799999389648349e+01
4.040000000976562688e+01
4.025599999816894581e+01
4.155200000122070492e+01
3.948800000732421722e+01
3.924799999999999756e+01
4.057600000366210935e+01
4.004800000183105624e+01
3.811199999145507888e+01
4.062399999816894791e+01
3.988800000732421580e+01
3.795199998779296635e+01
4.044800000732421807e+01
4.025599998779296840e+01
3.998399999389648229e+01
4.147199999816894689e+01
3.964799998779297141e+01
4.028799999816894228e+01
4.084799998779296715e+01
3.974399999389648741e+01
4.247999999511718983e+01
4.009599999145508065e+01
4.017599999023437363e+01
3.953600000732421904e+01
4.025600000122070554e+01
4.035199999389648440e+01
3.923200000610351879e+01
4.167999999999999972e+01
4.004800000366211066e+01
4.238400000000000034e+01
4.068800000976562359e+01
4.191999999633789287e+01
3.918399999755859398e+01
3.998399998779296993e+01
4.230400000000000205e+01
3.990399998657226632e+01
4.107200000976562393e+01
4.240000000366210742e+01
4.001599999755859471e+01
5.071999999267578119e+01
5.254400000976562524e+01
5.271999999633789002e+01
5.367999998657226257e+01
5.356799999023437664e+01
5.348800000610351901e+01
5.339200000244140654e+01
5.454399998657226689e+01
5.508800000610351333e+01
5.491199998657226899e+01
5.587200000244140341e+01
5.521599999633789224e+01
5.604799999633789298e+01
5.609599997314452935e+01
5.584000000244140693e+01
5.607999998291015942e+01
5.582400000366210691e+01
5.671999998291015288e+01
5.694400000610351498e+01
5.622400000244140728e+01
5.670399999633789179e+01
5.764799999023437493e+01
5.735999999023437823e+01
5.744000000244140836e+01
5.747200000610351367e+01
5.750399999267578011e+01
5.823999998291015601e+01
5.760000000244140494e+01
5.737599999389648531e+01
5.814399998291015947e+01
5.840000000244140921e+01
5.828799998291015783e+01
5.812799999023437181e+01
5.820799998657226837e+01
5.827200000610351793e+01
5.835199999633788792e+01
5.924799999999999756e+01
5.932799999267577817e+01
5.851199999633789162e+01
5.990400001464843882e+01
5.934400000244140472e+01
6.032000000976562148e+01
5.916799997314453208e+01
5.927999999267578346e+01
5.959999999389648195e+01
6.027200000610351793e+01
5.988800000244140875e+01
5.951999997314452884e+01
5.961599998291015368e+01
6.017600000610351429e+01
6.171199998657226615e+01
6.180800001464843518e+01
6.105599999633788855e+01
6.129600000244140290e+01
6.084800000610351844e+01
6.158399999633788724e+01
6.121600001464843643e+01
6.113599999389648332e+01
6.211200000610351424e+01
6.187200000610351225e+01
6.192000000244140523e+01
6.201599998535156288e+01
6.187200000488281404e+01
6.129600000610351884e+01
6.188799999023437692e+01
6.161599999267578198e+01
6.244800000488281455e+01
6.185599998657226450e+01
6.140799999511718710e+01
6.131199999023437641e+01
6.217599998657226479e+01
6.219200000244140369e+01
6.217599998535155947e+01
6.216000001464843905e+01
6.188799998657226809e+01
6.166400000244140500e+01
6.156799999633788900e+01
6.260800000244140762e+01
6.108799998657226382e+01
6.257599999267578283e+01
6.208000000244140892e+01
6.206400000244140358e+01
6.220799999511718426e+01
6.235199997314452958e+01
6.249600000244140574e+01
6.175999999267578033e+01
6.220800001464844087e+01
6.211199999633789304e+01
6.188800001464844058e+01
6.198399998291015578e+01
6.212799998291015413e+01
6.252800000610351816e+01
6.200000000244140352e+01
6.279999999267577948e+01
6.217599999267578426e+01
6.273599999633788826e+01
6.209600000488281069e+01
6.204799998657226467e+01
6.228799999023437550e+01
6.223999998291015601e+01
