9.903999999084472705e+00
1.193600000244140702e+01
1.492800000244140612e+01
1.844800000183105482e+01
1.963199999908447424e+01
2.089600000183105522e+01
2.257600000488281111e+01
2.283199999145507775e+01
2.487999999572753751e+01
2.681599999389648303e+01
2.803199999145507704e+01
3.065600000732422004e+01
3.137599999511718707e+01
3.246400000366210747e+01
3.286400000122070253e+01
3.449599999816894780e+01
3.603199999389648411e+01
3.625599999816894581e+01
3.575999999511719096e+01
3.808000000122070361e+01
3.739200000366211185e+01
3.745599999145508008e+01
3.830400000488280909e+01
3.968000000122070503e+01
3.833599999511718437e+01
3.953599999755859074e+01
3.968000000732421739e+01
3.995199999755859466e+01
3.977599998779297152e+01
3.923199999023437812e+01
4.028800000366211265e+01
4.169599999755859443e+01
4.094400000732422029e+01
4.054399999999999693e+01
3.966400000732421915e+01
4.041600000976562512e+01
3.990399999023437516e+01
4.035200000732422154e+01
4.123199998779296749e+01
4.175999999755859449e+01
4.107199998779297090e+01
4.057600000976562171e+01
4.131200000366210645e+01
4.116799999023437806e+01
4.064000000183105499e+01
4.143999999755859420e+01
4.195199998779296635e+01
4.057599999389648104e+01
4.134400000976562239e+01
4.009599998779297181e+01
4.105599999511719034e+01
3.934399999511718704e+01
4.135999999389648707e+01
4.176000000366210685e+01
3.963199999755859437e+01
4.212799998779296828e+01
3.974399999999999977e+01
4.176000000732421569e+01
4.067199998779296521e+01
4.062399999755859170e+01
4.128000000732421881e+01
3.995200000732421586e+01
3.822399999023437545e+01
4.103999998779296732e+01
3.979199999023437329e+01
3.990399999389648400e+01
3.862399999145507934e+01
4.107199999145507974e+01
4.071999999389648650e+01
3.952000000976562433e+01
4.019200000000000017e+01
3.988799999755859460e+01
3.990399999389648400e+01
4.006400000732421773e+01
3.976000000366210685e+01
4.118399999633788866e+01
4.057600000732421819e+01
4.099199998779296550e+01
4.020799999999999841e+01
4.086399999145508133e+01
4.067199998779296521e+01
4.187199999389648752e+01
4.086399999145508133e+01
4.123200000366210816e+01
3.902399999755859028e+01
4.049599999816894780e+01
4.137599999145507468e+01
3.811200000976562308e+01
4.113599999145507979e+01
3.991999999755859108e+01
4.043199998779297033e+01
4.241600000122070213e+01
4.064000000366210941e+01
3.969600000732421563e+01
3.977599999023437505e+01
4.201600000732421591e+01
4.017599999145507894e+01
4.079999998779296533e+01
4.054399999755859341e+01
4.065600000122070412e+01
5.007999999999999829e+01
5.201599998657226820e+01
5.345599999389648360e+01
5.334400000976562239e+01
5.417599998657226479e+01
5.438400000610351270e+01
5.481600000366211134e+01
5.558400000366211202e+01
5.563199999267578022e+01
5.575999999389648565e+01
5.619200000244140369e+01
5.550400000244140841e+01
5.681599999267577772e+01
5.657599998657226337e+01
5.723200000610351879e+01
5.755199999633789076e+01
5.660799999999999699e+01
5.721599998657226394e+01
5.702400000244140443e+01
5.766399999267578380e+01
5.740799998291015527e+01
5.771199998779297147e+01
5.798399999633789292e+01
5.820799998657226837e+01
5.862399998291015635e+01
5.886399998657226718e+01
5.872000000244140949e+01
5.862399998291015635e+01
5.868800000610351475e+01
5.928000000244140466e+01
5.900799998657226553e+01
5.905599998657226735e+01
5.911999998657226740e+01
5.920000000610351520e+01
5.982400000244140870e+01
6.030399999633789321e+01
5.967999999023437852e+01
5.948799998657226240e+01
5.966400000488281563e+01
6.007999998657226826e+01
5.947199998291015532e+01
5.993599998291015396e+01
6.057600000244140404e+01
6.000000000610351236e+01
6.004799999023437351e+01
6.052799998291015271e+01
5.999999999633789116e+01
6.054399998657226689e+01
6.086399998291015834e+01
6.115199999023437272e+01
6.235200001464843922e+01
6.225600000244140375e+01
6.260799997314452980e+01
6.278399998657226888e+01
6.225600000610351259e+01
6.214399999511718420e+01
6.257599999267578283e+01
6.225600000610351259e+01
6.241600000244140745e+01
6.241600000244140745e+01
6.225600000244140375e+01
6.310399998657226917e+01
6.227199998291015959e+01
6.215999999023437539e+01
6.283200001464843609e+01
6.259199999023437755e+01
6.225599997314453304e+01
6.227199999267578079e+01
6.188800000244140875e+01
6.231999999389648792e+01
6.230399997314452776e+01
6.275199999633789361e+01
6.193599999633789110e+01
6.273599998657226706e+01
6.207999998657226826e+01
6.241599997314452963e+01
6.247999997314452969e+01
6.364799997314452895e+01
6.271999999267578119e+01
6.255999997314452798e+01
6.276800000244140421e+01
6.310399998291015322e+01
6.243200000244140568e+01
6.297599997314453191e+01
6.268800000000000239e+01
6.262399999633789349e+01
6.310399998657226917e+01
6.323200000244140284e+01
6.254399998657226689e+01
6.262400000366211117e+01
6.300799998657226553e+01
6.267199998291015817e+01
6.291199999267578136e+01
6.262399999633789349e+01
6.302399998291015493e+01
6.316799998657226212e+01
6.292799999267577959e+01
6.251200000244140398e+01
6.235199999267577908e+01
6.276800000244140421e+01
