1.137503743171691895e+01
9.394277811050415039e+00
1.057247853279113770e+01
1.002499675750732422e+01
1.050848150253295898e+01
9.968868494033813477e+00
9.936504602432250977e+00
9.591908216476440430e+00
9.674402952194213867e+00
9.719966411590576172e+00
9.378907680511474609e+00
9.762001752853393555e+00
9.634031772613525391e+00
9.965687036514282227e+00
9.190351247787475586e+00
9.922897577285766602e+00
1.069977998733520508e+01
9.548280954360961914e+00
9.104519128799438477e+00
9.612806081771850586e+00
1.073813199996948242e+01
1.086812186241149902e+01
1.179546380043029785e+01
1.045804786682128906e+01
9.690000534057617188e+00
9.412765741348266602e+00
9.532028198242187500e+00
9.479752302169799805e+00
1.132017159461975098e+01
1.012329173088073730e+01
1.037756490707397461e+01
1.156529116630554199e+01
1.076213145256042480e+01
9.277459859848022461e+00
1.127650451660156250e+01
9.857536792755126953e+00
9.522017717361450195e+00
9.979379653930664062e+00
1.013996863365173340e+01
9.763674259185791016e+00
1.103684592247009277e+01
8.887581586837768555e+00
1.013824200630187988e+01
8.984059095382690430e+00
1.082066535949707031e+01
9.887248516082763672e+00
9.829336404800415039e+00
9.023426532745361328e+00
1.054493904113769531e+01
1.026634907722473145e+01
1.042001342773437500e+01
9.711213111877441406e+00
1.012997364997863770e+01
9.941404342651367188e+00
9.242026090621948242e+00
9.626719951629638672e+00
1.170020198822021484e+01
1.097163510322570801e+01
1.120044779777526855e+01
1.057978415489196777e+01
1.075120568275451660e+01
1.083001613616943359e+01
1.098146057128906250e+01
1.075974321365356445e+01
1.113868594169616699e+01
9.757655858993530273e+00
8.980806112289428711e+00
9.957152605056762695e+00
9.966769456863403320e+00
9.123239994049072266e+00
9.820399761199951172e+00
1.006346130371093750e+01
1.068499231338500977e+01
1.034099125862121582e+01
9.489712476730346680e+00
1.020539498329162598e+01
1.057782363891601562e+01
9.513939619064331055e+00
9.719832420349121094e+00
1.000836157798767090e+01
1.071245908737182617e+01
1.101697945594787598e+01
9.881511211395263672e+00
1.134534811973571777e+01
8.932829856872558594e+00
9.664081335067749023e+00
1.059020066261291504e+01
9.050428867340087891e+00
1.009036874771118164e+01
1.034381580352783203e+01
1.084786772727966309e+01
1.042428374290466309e+01
1.048624706268310547e+01
9.217206478118896484e+00
9.617040872573852539e+00
1.064809179306030273e+01
1.059011530876159668e+01
1.044006466865539551e+01
1.084091806411743164e+01
9.972831726074218750e+00
1.090106129646301270e+01
1.040972590446472168e+01
1.017253565788269043e+01
1.056787729263305664e+01
9.855025291442871094e+00
9.866045236587524414e+00
1.017859292030334473e+01
9.378895044326782227e+00
1.046378183364868164e+01
9.512171506881713867e+00
1.011471915245056152e+01
9.723366498947143555e+00
8.838294029235839844e+00
9.170237302780151367e+00
9.954929828643798828e+00
1.111274337768554688e+01
1.006172537803649902e+01
9.570110082626342773e+00
1.047209382057189941e+01
9.027271270751953125e+00
9.655179738998413086e+00
9.343926906585693359e+00
1.030398368835449219e+01
9.537289619445800781e+00
1.105694270133972168e+01
1.053258752822875977e+01
9.788715124130249023e+00
1.029834890365600586e+01
1.121297192573547363e+01
1.034085750579833984e+01
1.002558803558349609e+01
8.960898399353027344e+00
9.211995601654052734e+00
9.444011211395263672e+00
1.003436756134033203e+01
8.445566654205322266e+00
9.339522600173950195e+00
1.004867291450500488e+01
8.896448135375976562e+00
1.083729386329650879e+01
1.153034162521362305e+01
9.513163805007934570e+00
9.491238355636596680e+00
1.028267979621887207e+01
1.034924054145812988e+01
1.120121741294860840e+01
8.722268819808959961e+00
1.108433222770690918e+01
1.063319158554077148e+01
9.398374557495117188e+00
1.042800664901733398e+01
1.171736860275268555e+01
9.682669401168823242e+00
1.009571409225463867e+01
8.781045436859130859e+00
1.096038985252380371e+01
1.171857571601867676e+01
8.708134889602661133e+00
1.025780630111694336e+01
1.154111027717590332e+01
1.037676692008972168e+01
8.886820554733276367e+00
1.033085346221923828e+01
9.466888427734375000e+00
1.018967628479003906e+01
9.428410768508911133e+00
1.003020501136779785e+01
1.101347255706787109e+01
9.110700607299804688e+00
9.619323492050170898e+00
1.094516587257385254e+01
9.301258087158203125e+00
1.041848635673522949e+01
1.010021209716796875e+01
1.028308510780334473e+01
9.826133489608764648e+00
9.229487657546997070e+00
9.830909013748168945e+00
1.102284407615661621e+01
9.944594860076904297e+00
9.111681461334228516e+00
1.056207084655761719e+01
1.054677462577819824e+01
1.044018745422363281e+01
1.089189696311950684e+01
1.068329596519470215e+01
9.332850217819213867e+00
9.738448858261108398e+00
9.041929721832275391e+00
1.040280294418334961e+01
1.028695178031921387e+01
9.055398225784301758e+00
1.063909626007080078e+01
1.001170086860656738e+01
9.802636384963989258e+00
1.009108328819274902e+01
1.027760028839111328e+01
1.119970393180847168e+01
1.069589757919311523e+01
8.667135715484619141e+00
