1.956248426437377930e+01
2.017019605636596680e+01
1.963223195075988770e+01
1.985043740272521973e+01
2.032193374633789062e+01
1.955144619941711426e+01
1.916105818748474121e+01
1.961637878417968750e+01
1.966656184196472168e+01
2.005512094497680664e+01
1.901225924491882324e+01
2.096083950996398926e+01
1.868382000923156738e+01
1.944023084640502930e+01
1.906270909309387207e+01
1.986096143722534180e+01
2.084456753730773926e+01
1.947226214408874512e+01
1.924328565597534180e+01
1.919311928749084473e+01
2.057426881790161133e+01
1.998195791244506836e+01
2.222430109977722168e+01
1.965393400192260742e+01
1.934655809402465820e+01
1.924116349220275879e+01
1.882892346382141113e+01
2.148534822463989258e+01
1.999786257743835449e+01
2.122844696044921875e+01
1.905308413505554199e+01
1.937665438652038574e+01
2.263500165939331055e+01
1.895456075668334961e+01
2.031693673133850098e+01
1.899447202682495117e+01
1.939841175079345703e+01
1.937940287590026855e+01
2.227694869041442871e+01
1.982315230369567871e+01
2.002061390876770020e+01
2.200811791419982910e+01
2.211693644523620605e+01
1.897525405883789062e+01
2.068409919738769531e+01
1.966210651397705078e+01
1.957968115806579590e+01
1.843938183784484863e+01
2.006326675415039062e+01
2.233889460563659668e+01
2.050888824462890625e+01
1.850774931907653809e+01
1.958153986930847168e+01
2.012775158882141113e+01
1.898678588867187500e+01
1.922234773635864258e+01
2.243552017211914062e+01
2.052935528755187988e+01
2.141811370849609375e+01
2.242440843582153320e+01
2.008315849304199219e+01
1.983016133308410645e+01
2.034050250053405762e+01
1.982031726837158203e+01
2.034829449653625488e+01
1.936362481117248535e+01
1.855400323867797852e+01
1.961023831367492676e+01
1.970504283905029297e+01
1.837005734443664551e+01
1.968682360649108887e+01
2.096783494949340820e+01
1.903667259216308594e+01
2.058805036544799805e+01
2.014067912101745605e+01
2.077812623977661133e+01
1.982342910766601562e+01
2.024806833267211914e+01
1.993740749359130859e+01
1.984978222846984863e+01
1.950509119033813477e+01
2.027623724937438965e+01
2.031792497634887695e+01
2.055669474601745605e+01
1.846655988693237305e+01
2.091164374351501465e+01
2.230390262603759766e+01
1.902358460426330566e+01
1.983524394035339355e+01
2.080960369110107422e+01
1.986455035209655762e+01
1.969542908668518066e+01
1.990696573257446289e+01
1.896001386642456055e+01
2.043181133270263672e+01
2.092026472091674805e+01
2.318613409996032715e+01
1.858274459838867188e+01
2.012392520904541016e+01
1.996266961097717285e+01
1.901799464225769043e+01
1.990861177444458008e+01
1.999955582618713379e+01
2.061247181892395020e+01
1.959095931053161621e+01
1.991607379913330078e+01
2.053005576133728027e+01
1.930668091773986816e+01
2.052979254722595215e+01
2.213520979881286621e+01
1.929772424697875977e+01
1.918523192405700684e+01
1.878898453712463379e+01
1.825558590888977051e+01
2.010490727424621582e+01
2.051324748992919922e+01
2.010337138175964355e+01
1.925463938713073730e+01
1.978257322311401367e+01
1.843987989425659180e+01
2.005363702774047852e+01
1.907302641868591309e+01
1.941508722305297852e+01
2.019371318817138672e+01
2.083396530151367188e+01
2.186827707290649414e+01
1.923582005500793457e+01
1.980610084533691406e+01
2.017611670494079590e+01
1.911879467964172363e+01
2.181032609939575195e+01
1.770193266868591309e+01
2.029655265808105469e+01
2.161759972572326660e+01
1.890173339843750000e+01
1.824031782150268555e+01
1.908794426918029785e+01
1.956109833717346191e+01
1.918036985397338867e+01
2.006991934776306152e+01
2.075196766853332520e+01
1.792341065406799316e+01
2.100159406661987305e+01
1.953715014457702637e+01
2.042044067382812500e+01
2.011506199836730957e+01
1.846145486831665039e+01
2.069074440002441406e+01
1.998043537139892578e+01
1.932772493362426758e+01
1.955169534683227539e+01
2.374405860900878906e+01
1.895718050003051758e+01
1.945321226119995117e+01
1.883814859390258789e+01
2.002736663818359375e+01
2.088591241836547852e+01
1.927053189277648926e+01
1.927056384086608887e+01
2.099673748016357422e+01
1.971923971176147461e+01
1.840815567970275879e+01
2.062676739692687988e+01
1.882641434669494629e+01
1.863407707214355469e+01
2.069092321395874023e+01
1.980855798721313477e+01
2.052319216728210449e+01
1.876728200912475586e+01
1.942249393463134766e+01
1.996156501770019531e+01
1.914228296279907227e+01
2.104086589813232422e+01
1.937119221687316895e+01
1.986758112907409668e+01
2.054598236083984375e+01
1.858629322052001953e+01
2.141168856620788574e+01
1.927621674537658691e+01
1.981579780578613281e+01
2.057683610916137695e+01
1.984967422485351562e+01
1.973843550682067871e+01
1.989408373832702637e+01
2.120262289047241211e+01
2.109897875785827637e+01
1.997835659980773926e+01
1.970377993583679199e+01
1.893160843849182129e+01
2.015190505981445312e+01
2.028768873214721680e+01
1.838517451286315918e+01
2.063918924331665039e+01
2.270126843452453613e+01
1.828214097023010254e+01
2.075716733932495117e+01
2.266661596298217773e+01
2.027188062667846680e+01
1.990674352645874023e+01
2.200735020637512207e+01
