2.007411861419677734e+01
1.827698755264282227e+01
2.016096091270446777e+01
1.942490100860595703e+01
2.057649874687194824e+01
1.978715157508850098e+01
1.949334025382995605e+01
1.994170999526977539e+01
1.949685597419738770e+01
2.014277768135070801e+01
1.910763573646545410e+01
1.920237040519714355e+01
1.927100968360900879e+01
1.962945938110351562e+01
1.898080277442932129e+01
1.980284810066223145e+01
2.057065892219543457e+01
1.996227192878723145e+01
1.970895266532897949e+01
1.909591460227966309e+01
2.009229731559753418e+01
1.991641330718994141e+01
2.103640604019165039e+01
2.028003525733947754e+01
2.005508780479431152e+01
1.981853985786437988e+01
1.947065162658691406e+01
1.855342841148376465e+01
2.144456124305725098e+01
1.925009775161743164e+01
1.929082775115966797e+01
2.065944457054138184e+01
2.008878064155578613e+01
1.983179593086242676e+01
2.077782297134399414e+01
1.947872114181518555e+01
1.940148782730102539e+01
2.033148503303527832e+01
1.852272796630859375e+01
2.083465290069580078e+01
2.044148898124694824e+01
1.860079264640808105e+01
2.085633683204650879e+01
1.992731356620788574e+01
2.012730193138122559e+01
1.955076074600219727e+01
1.971367049217224121e+01
1.919729089736938477e+01
2.009218120574951172e+01
2.002955389022827148e+01
2.062128043174743652e+01
1.886338639259338379e+01
1.954406666755676270e+01
2.041546535491943359e+01
1.994347476959228516e+01
1.945672845840454102e+01
2.118428754806518555e+01
1.997803306579589844e+01
2.089373874664306641e+01
1.928019523620605469e+01
2.059850335121154785e+01
1.994248366355895996e+01
2.040496039390563965e+01
2.055425858497619629e+01
2.039742827415466309e+01
1.962598824501037598e+01
1.839604091644287109e+01
1.996355104446411133e+01
2.007790946960449219e+01
1.885836982727050781e+01
2.029721999168395996e+01
1.943723988533020020e+01
1.901769995689392090e+01
2.065637326240539551e+01
1.914681220054626465e+01
2.007397985458374023e+01
2.032256269454956055e+01
1.993977332115173340e+01
2.051607704162597656e+01
1.989634609222412109e+01
2.041877746582031250e+01
2.040796875953674316e+01
2.034496569633483887e+01
2.070093011856079102e+01
2.007776093482971191e+01
2.035061550140380859e+01
2.069302964210510254e+01
1.960103487968444824e+01
2.105454802513122559e+01
2.188638687133789062e+01
2.015988588333129883e+01
1.954497146606445312e+01
2.003099393844604492e+01
1.942166781425476074e+01
2.058710193634033203e+01
2.173310017585754395e+01
1.985011410713195801e+01
1.918318104743957520e+01
2.053637027740478516e+01
2.024467396736145020e+01
1.980776476860046387e+01
1.999686360359191895e+01
2.000737977027893066e+01
2.075299715995788574e+01
1.961942267417907715e+01
2.048973870277404785e+01
2.063026595115661621e+01
1.944677257537841797e+01
2.044461226463317871e+01
1.959656333923339844e+01
1.887789511680603027e+01
1.982520723342895508e+01
1.962917542457580566e+01
1.901396036148071289e+01
2.089822721481323242e+01
2.063730072975158691e+01
1.987243795394897461e+01
1.941646790504455566e+01
2.038050127029418945e+01
1.980547308921813965e+01
1.973001980781555176e+01
1.920567822456359863e+01
1.988922333717346191e+01
1.940771913528442383e+01
2.067488360404968262e+01
2.132075357437133789e+01
2.010009527206420898e+01
1.966183924674987793e+01
2.084249305725097656e+01
1.986660099029541016e+01
1.995797228813171387e+01
1.845681118965148926e+01
2.021509981155395508e+01
1.992390871047973633e+01
1.952362704277038574e+01
1.886738657951354980e+01
1.915700507164001465e+01
2.026395082473754883e+01
1.907652425765991211e+01
2.031723928451538086e+01
2.077058553695678711e+01
1.965115189552307129e+01
1.881961226463317871e+01
2.069252181053161621e+01
1.929662990570068359e+01
2.118030095100402832e+01
1.837831354141235352e+01
2.091490292549133301e+01
1.994044685363769531e+01
1.964518594741821289e+01
1.991076898574829102e+01
2.119863224029541016e+01
1.975437927246093750e+01
2.020305848121643066e+01
1.919589042663574219e+01
2.003635835647583008e+01
2.111943721771240234e+01
1.912063527107238770e+01
2.026016306877136230e+01
2.034078931808471680e+01
1.975106143951416016e+01
1.879832434654235840e+01
2.018060731887817383e+01
1.935977077484130859e+01
1.995049381256103516e+01
1.925521421432495117e+01
1.930074429512023926e+01
2.059789824485778809e+01
1.947168970108032227e+01
1.941177392005920410e+01
2.064833831787109375e+01
1.998215174674987793e+01
2.065764427185058594e+01
2.061163520812988281e+01
1.990418577194213867e+01
2.084226155281066895e+01
1.916324448585510254e+01
2.209869670867919922e+01
2.059667062759399414e+01
2.007499289512634277e+01
1.980640935897827148e+01
2.035964798927307129e+01
2.052039241790771484e+01
2.017814540863037109e+01
2.047020530700683594e+01
2.053384637832641602e+01
2.011480832099914551e+01
2.014097070693969727e+01
1.907486748695373535e+01
2.119643592834472656e+01
2.018739056587219238e+01
1.898978757858276367e+01
2.029742407798767090e+01
2.077179336547851562e+01
1.987739109992980957e+01
2.057823801040649414e+01
2.063151049613952637e+01
2.101043415069580078e+01
2.062378954887390137e+01
1.864322304725646973e+01
