2.555036544799804688e-02
1.992774009704589844e-02
3.944611549377441406e-02
3.899121284484863281e-02
2.863335609436035156e-02
1.976466178894042969e-02
1.854133605957031250e-02
2.429318428039550781e-02
2.245616912841796875e-02
2.635002136230468750e-02
1.813864707946777344e-02
1.700901985168457031e-02
2.831220626831054688e-02
3.329515457153320312e-02
1.619243621826171875e-02
2.440714836120605469e-02
3.687214851379394531e-02
2.394056320190429688e-02
1.306414604187011719e-02
2.273106575012207031e-02
3.127861022949218750e-02
3.400611877441406250e-02
5.138874053955078125e-02
3.252029418945312500e-02
1.795053482055664062e-02
2.299904823303222656e-02
2.423381805419921875e-02
1.628446578979492188e-02
3.632688522338867188e-02
1.473164558410644531e-02
3.907012939453125000e-02
3.771662712097167969e-02
3.267812728881835938e-02
2.608084678649902344e-02
2.218723297119140625e-02
2.969121932983398438e-02
1.698303222656250000e-02
2.582478523254394531e-02
1.899361610412597656e-02
2.704739570617675781e-02
3.289628028869628906e-02
1.263093948364257812e-02
2.504396438598632812e-02
1.990556716918945312e-02
2.948999404907226562e-02
2.902364730834960938e-02
3.521156311035156250e-02
1.671552658081054688e-02
3.614878654479980469e-02
2.295184135437011719e-02
2.704787254333496094e-02
1.671981811523437500e-02
3.183293342590332031e-02
2.934479713439941406e-02
1.308465003967285156e-02
2.535700798034667969e-02
1.977133750915527344e-02
4.581546783447265625e-02
3.140282630920410156e-02
3.512644767761230469e-02
2.967786788940429688e-02
4.138970375061035156e-02
2.603101730346679688e-02
5.079817771911621094e-02
3.716874122619628906e-02
3.538036346435546875e-02
1.377749443054199219e-02
3.097558021545410156e-02
3.678131103515625000e-02
2.218794822692871094e-02
1.965093612670898438e-02
1.764440536499023438e-02
2.000737190246582031e-02
3.404784202575683594e-02
1.812100410461425781e-02
2.976250648498535156e-02
3.268122673034667969e-02
2.489852905273437500e-02
3.862810134887695312e-02
3.907775878906250000e-02
3.263044357299804688e-02
5.139350891113281250e-02
2.382040023803710938e-02
5.364203453063964844e-02
6.191968917846679688e-03
2.487587928771972656e-02
3.838992118835449219e-02
1.462101936340332031e-02
3.305935859680175781e-02
2.522540092468261719e-02
3.630113601684570312e-02
3.157472610473632812e-02
3.715562820434570312e-02
1.391792297363281250e-02
2.981376647949218750e-02
3.181934356689453125e-02
2.290487289428710938e-02
2.218961715698242188e-02
4.292774200439453125e-02
1.869297027587890625e-02
1.685023307800292969e-02
2.847194671630859375e-02
4.072117805480957031e-02
3.603148460388183594e-02
3.299117088317871094e-02
2.955865859985351562e-02
2.981948852539062500e-02
2.603578567504882812e-02
3.937315940856933594e-02
1.700925827026367188e-02
4.469895362854003906e-02
2.239894866943359375e-02
1.384019851684570312e-02
1.755213737487792969e-02
3.567361831665039062e-02
4.225444793701171875e-02
2.639126777648925781e-02
2.829146385192871094e-02
3.315901756286621094e-02
1.375317573547363281e-02
1.713013648986816406e-02
2.425622940063476562e-02
1.891088485717773438e-02
2.760767936706542969e-02
3.442263603210449219e-02
2.963471412658691406e-02
2.803325653076171875e-02
2.714657783508300781e-02
2.964735031127929688e-02
2.876281738281250000e-02
2.589225769042968750e-02
1.290941238403320312e-02
2.877593040466308594e-02
2.313756942749023438e-02
2.606415748596191406e-02
7.633924484252929688e-03
2.333974838256835938e-02
3.547692298889160156e-02
1.926827430725097656e-02
4.464888572692871094e-02
3.831458091735839844e-02
1.217889785766601562e-02
3.367185592651367188e-02
3.281950950622558594e-02
2.174210548400878906e-02
3.265571594238281250e-02
7.302522659301757812e-03
3.797006607055664062e-02
2.516889572143554688e-02
2.091121673583984375e-02
3.476905822753906250e-02
6.376504898071289062e-02
2.396893501281738281e-02
3.063488006591796875e-02
1.468682289123535156e-02
4.619765281677246094e-02
2.207207679748535156e-02
7.776498794555664062e-03
3.333902359008789062e-02
2.906417846679687500e-02
4.581785202026367188e-02
1.285028457641601562e-02
3.182625770568847656e-02
1.811838150024414062e-02
7.048845291137695312e-03
2.432966232299804688e-02
3.496623039245605469e-02
3.132343292236328125e-02
1.851248741149902344e-02
2.978157997131347656e-02
3.589105606079101562e-02
1.842260360717773438e-02
2.370214462280273438e-02
3.689193725585937500e-02
2.922606468200683594e-02
2.933287620544433594e-02
2.076125144958496094e-02
3.847551345825195312e-02
2.522468566894531250e-02
3.398942947387695312e-02
1.317858695983886719e-02
3.991842269897460938e-02
3.763222694396972656e-02
3.733444213867187500e-02
2.279424667358398438e-02
3.308391571044921875e-02
2.394175529479980469e-02
2.427363395690917969e-02
6.764411926269531250e-03
2.288389205932617188e-02
4.085707664489746094e-02
7.491350173950195312e-03
3.477001190185546875e-02
2.708435058593750000e-02
1.880836486816406250e-02
4.465031623840332031e-02
2.238488197326660156e-02
4.144978523254394531e-02
3.409552574157714844e-02
7.428407669067382812e-03
