1.134951853752136230e+01
9.374380350112915039e+00
1.053301382064819336e+01
9.986017227172851562e+00
1.047986245155334473e+01
9.949085474014282227e+00
9.917946338653564453e+00
9.567603111267089844e+00
9.651905059814453125e+00
9.693598508834838867e+00
9.360735416412353516e+00
9.744957923889160156e+00
9.605692863464355469e+00
9.932367801666259766e+00
9.174100637435913086e+00
9.898459196090698242e+00
1.066288614273071289e+01
9.524339675903320312e+00
9.091420173645019531e+00
9.590022087097167969e+00
1.070683598518371582e+01
1.083412265777587891e+01
1.174408602714538574e+01
1.042551326751708984e+01
9.672032356262207031e+00
9.389763832092285156e+00
9.507774591445922852e+00
9.463454484939575195e+00
1.128382563591003418e+01
1.010853433609008789e+01
1.033848834037780762e+01
1.152755808830261230e+01
1.072946476936340332e+01
9.251349449157714844e+00
1.125428938865661621e+01
9.827839136123657227e+00
9.505040645599365234e+00
9.953515052795410156e+00
1.012096261978149414e+01
9.736602544784545898e+00
1.100394535064697266e+01
8.874937772750854492e+00
1.011316537857055664e+01
8.964135169982910156e+00
1.079113006591796875e+01
9.858202695846557617e+00
9.794075012207031250e+00
9.006691455841064453e+00
1.050877332687377930e+01
1.024340462684631348e+01
1.039297962188720703e+01
9.694467067718505859e+00
1.009810304641723633e+01
9.912027359008789062e+00
9.228913068771362305e+00
9.601322889328002930e+00
1.168042469024658203e+01
1.092586112022399902e+01
1.116904330253601074e+01
1.054462361335754395e+01
1.072152352333068848e+01
1.078866696357727051e+01
1.095545649528503418e+01
1.070896840095520020e+01
1.110149693489074707e+01
9.722289800643920898e+00
8.967005252838134766e+00
9.926141977310180664e+00
9.930001020431518555e+00
9.101040601730346680e+00
9.800754547119140625e+00
1.004582643508911133e+01
1.066496467590332031e+01
1.030692410469055176e+01
9.471587181091308594e+00
1.017579936981201172e+01
1.054508972167968750e+01
9.489027500152587891e+00
9.681162595748901367e+00
9.969268560409545898e+00
1.067984151840209961e+01
1.096554565429687500e+01
9.857687473297119141e+00
1.129172229766845703e+01
8.926635980606079102e+00
9.639190673828125000e+00
1.055176138877868652e+01
9.035793304443359375e+00
1.005729246139526367e+01
1.031857752799987793e+01
1.081155061721801758e+01
1.039277315139770508e+01
1.044910216331481934e+01
9.203273296356201172e+00
9.587592363357543945e+00
1.061622810363769531e+01
1.056722450256347656e+01
1.041788053512573242e+01
1.079797577857971191e+01
9.954118967056274414e+00
1.088420581817626953e+01
1.038123774528503418e+01
1.013180470466613770e+01
1.053184413909912109e+01
9.822036266326904297e+00
9.836433649063110352e+00
1.014782595634460449e+01
9.352858781814575195e+00
1.042441558837890625e+01
9.495148658752441406e+00
1.006998610496520996e+01
9.700949430465698242e+00
8.824434995651245117e+00
9.152668476104736328e+00
9.919239044189453125e+00
1.107046818733215332e+01
1.003530836105346680e+01
9.541848421096801758e+00
1.043893599510192871e+01
9.013498544692993164e+00
9.638040781021118164e+00
9.319655179977416992e+00
1.028506660461425781e+01
9.509664058685302734e+00
1.102256059646606445e+01
1.050294113159179688e+01
9.760669469833374023e+00
1.027116942405700684e+01
1.118333315849304199e+01
1.031209444999694824e+01
9.999670505523681641e+00
8.947974920272827148e+00
9.183174371719360352e+00
9.420846223831176758e+00
1.000829935073852539e+01
8.437914609909057617e+00
9.316192388534545898e+00
1.001317334175109863e+01
8.877171039581298828e+00
1.079264163970947266e+01
1.149203014373779297e+01
9.500972270965576172e+00
9.457537651062011719e+00
1.024984979629516602e+01
1.032747268676757812e+01
1.116853404045104980e+01
8.714960813522338867e+00
1.104636788368225098e+01
1.060801315307617188e+01
9.377448797225952148e+00
1.039320969581604004e+01
1.165355086326599121e+01
9.658674001693725586e+00
1.006503748893737793e+01
8.766354799270629883e+00
1.091416549682617188e+01
1.169650578498840332e+01
8.700342893600463867e+00
1.022446680068969727e+01
1.151207041740417480e+01
1.033091568946838379e+01
8.873976707458496094e+00
1.029899168014526367e+01
9.448735952377319336e+00
1.018260669708251953e+01
9.404099941253662109e+00
9.995135307312011719e+00
1.098211216926574707e+01
9.092132568359375000e+00
9.589527130126953125e+00
1.090930056571960449e+01
9.282805919647216797e+00
1.039472150802612305e+01
1.006325578689575195e+01
1.025382542610168457e+01
9.796774148941040039e+00
9.208680391311645508e+00
9.792443037033081055e+00
1.099757957458496094e+01
9.910575151443481445e+00
9.098460674285888672e+00
1.052213144302368164e+01
1.050916242599487305e+01
1.040283393859863281e+01
1.086909151077270508e+01
1.065023350715637207e+01
9.308883190155029297e+00
9.714160203933715820e+00
9.035128116607666016e+00
1.037989926338195801e+01
1.024609112739562988e+01
9.047893524169921875e+00
1.060431075096130371e+01
9.984663963317871094e+00
9.783821582794189453e+00
1.004639291763305664e+01
1.025518608093261719e+01
1.115825200080871582e+01
1.066177606582641602e+01
8.659693956375122070e+00
