2.392463655776977394e+00
2.305119656524658112e+00
2.201799299926757936e+00
2.169765082244873078e+00
2.114580118484497007e+00
2.054264580764770365e+00
2.019956622314452943e+00
2.038102890968322534e+00
2.013178833045959681e+00
1.991165921287536555e+00
1.940586437072753911e+00
1.944582695465087996e+00
1.923463122749328624e+00
1.950493597221374609e+00
1.931474994087219343e+00
1.916970006408691418e+00
1.905783110542297321e+00
1.917234478759765715e+00
1.895343120384216373e+00
1.900039182281494154e+00
1.887715743637085053e+00
1.852396500091552767e+00
1.866474544486999454e+00
1.855724895401001051e+00
1.842106495704650904e+00
1.859204986267089854e+00
1.874126647872924822e+00
1.868229949607849161e+00
1.866035456924438396e+00
1.885934943161010846e+00
1.864270368270874112e+00
1.876934169731140134e+00
1.876994559249878014e+00
1.888091738052368074e+00
1.880626786041259768e+00
1.885871230621337880e+00
1.890767445831298854e+00
1.889314223442077667e+00
1.866560263938903841e+00
1.882373055496215919e+00
1.899489050140380941e+00
1.887844310760498079e+00
1.875548797950744584e+00
1.906853840141296441e+00
1.899284528503417890e+00
1.896551607284545859e+00
1.888900246429443319e+00
1.896585490036010846e+00
1.906322676620483492e+00
1.913412099227905339e+00
1.907669765548706042e+00
1.948060682983398406e+00
1.928143118972778236e+00
1.907855538291931108e+00
1.945185744552612395e+00
1.940104620819091741e+00
1.914387120208740134e+00
1.932248909759521460e+00
1.924721953430175825e+00
1.894326776237487797e+00
1.937262891731262204e+00
1.919447452621459993e+00
1.932519101409912121e+00
1.915375586547851672e+00
1.950564769058227510e+00
1.919237268600463953e+00
1.922496640472412199e+00
1.935987498855590738e+00
1.965667368850708030e+00
1.989562701568603487e+00
1.957330521430969306e+00
1.955012157897949132e+00
1.921029980125427139e+00
1.976629911918640126e+00
1.930734192886352618e+00
1.944549789123535266e+00
1.943290028915405365e+00
1.981966850433349636e+00
2.003325205230712669e+00
1.995539462966918975e+00
1.966001393966674726e+00
1.992915427932739236e+00
2.050206283264160323e+00
1.975322511329650865e+00
1.993506375198364156e+00
1.986598327331543068e+00
2.006438195610046549e+00
1.954814721603393535e+00
1.958695353317260635e+00
1.988935586166381775e+00
1.943396686935424889e+00
2.012555371627807510e+00
1.974424912261962817e+00
1.969920403976440415e+00
1.990955399703979500e+00
2.020293879089355649e+00
1.969650020942687929e+00
1.963691164665222200e+00
1.989262834930419999e+00
1.955500016937255836e+00
1.686652360076904333e+00
1.617932105560302647e+00
1.622269216079711862e+00
1.622797044296264701e+00
1.635847828674316329e+00
1.626762114448547347e+00
1.626048629989623961e+00
1.634278337478637599e+00
1.610012640571594211e+00
1.617394419746398970e+00
1.616917357368469199e+00
1.625489811706543053e+00
1.650609486007690530e+00
1.619003745880126965e+00
1.611087394027709951e+00
1.624356619949340885e+00
1.660522764511108473e+00
1.622572267608642482e+00
1.661036874122619578e+00
1.630695862693786635e+00
1.662629414634704483e+00
1.662151745796203617e+00
1.659434000511169405e+00
1.625333900451660263e+00
1.637810261154174718e+00
1.636648067932128914e+00
1.642742199745178322e+00
1.655977933616638254e+00
1.652646693153381419e+00
1.668072805442810003e+00
1.663957632942199671e+00
1.658932091217041105e+00
1.667783303070068390e+00
1.647454504356384186e+00
1.670725411109924341e+00
1.677680756378173932e+00
1.656435590896606413e+00
1.641312331809997582e+00
1.671092324485778713e+00
1.658199715957641596e+00
1.610305595855712868e+00
1.657842246704101630e+00
1.640971795387268006e+00
1.636460600128173848e+00
1.627148991851806725e+00
1.661989898338317895e+00
1.629257849464416541e+00
1.611272592620849542e+00
1.642791277923584037e+00
1.621385982208251919e+00
1.638001259498596207e+00
1.651946093215942435e+00
1.601077816047668412e+00
1.627183672409057591e+00
1.602192992477416977e+00
1.610595672950744683e+00
1.594511655960082930e+00
1.619565153884887643e+00
1.609750943794250544e+00
1.578479391708373925e+00
1.614000394401550187e+00
1.614558320083618215e+00
1.608251029319763159e+00
1.603519560623168916e+00
1.596230200576782332e+00
1.586154945983886622e+00
1.590950028305053721e+00
1.598288915748596217e+00
1.593276884765624901e+00
1.574725709457397427e+00
1.587879690361023055e+00
1.576830416030883697e+00
1.573185444984436021e+00
1.597076990203857516e+00
1.589506444892883286e+00
1.602848954772949197e+00
1.598696623458862209e+00
1.611580033988952554e+00
1.575592839508056731e+00
1.559829093933105426e+00
1.582271066703796469e+00
1.579141571388244625e+00
1.590475327987670884e+00
1.596999043731689438e+00
1.591870898475646889e+00
1.594815211410522515e+00
1.593390911560058631e+00
1.594443936882019131e+00
1.588899276390075777e+00
1.587691413040161148e+00
1.611984776954650922e+00
1.575681935272216894e+00
1.602671791648864641e+00
1.588291985473632817e+00
1.584306667594909568e+00
1.614123004112243631e+00
1.614503791160583512e+00
1.594420902023315323e+00
1.604931549720764128e+00
1.593334667243957448e+00
