1.057147288322448730e+01
9.444287300109863281e+00
1.051131081581115723e+01
9.714896202087402344e+00
1.034233975410461426e+01
9.389403581619262695e+00
9.748714685440063477e+00
9.424268484115600586e+00
9.576649188995361328e+00
9.684553384780883789e+00
9.347412824630737305e+00
9.603371143341064453e+00
9.729369640350341797e+00
9.961605548858642578e+00
9.183645725250244141e+00
9.745501756668090820e+00
1.061247539520263672e+01
9.646501064300537109e+00
8.989244699478149414e+00
9.419850826263427734e+00
1.072421240806579590e+01
1.079612994194030762e+01
1.164799499511718750e+01
1.050414490699768066e+01
9.687539577484130859e+00
9.443388462066650391e+00
9.316046237945556641e+00
9.425057649612426758e+00
1.115390443801879883e+01
1.005822467803955078e+01
1.026992177963256836e+01
1.142328357696533203e+01
1.084680509567260742e+01
9.240881681442260742e+00
1.105042910575866699e+01
9.945296287536621094e+00
9.524294376373291016e+00
1.002865505218505859e+01
9.399018049240112305e+00
9.815665721893310547e+00
1.087128257751464844e+01
9.164983510971069336e+00
1.022828078269958496e+01
8.670804977416992188e+00
1.019103240966796875e+01
9.886733770370483398e+00
9.649300098419189453e+00
9.080611467361450195e+00
1.064090061187744141e+01
1.020539069175720215e+01
1.040707707405090332e+01
9.597331523895263672e+00
9.601377964019775391e+00
9.863884687423706055e+00
9.209489345550537109e+00
9.722675085067749023e+00
1.181190013885498047e+01
1.085064625740051270e+01
1.126938009262084961e+01
1.043512105941772461e+01
1.046129965782165527e+01
1.072642683982849121e+01
1.088428044319152832e+01
1.067571735382080078e+01
1.153686118125915527e+01
9.392144441604614258e+00
8.962815999984741211e+00
9.814936399459838867e+00
1.014000821113586426e+01
9.153618097305297852e+00
9.736252069473266602e+00
1.015067529678344727e+01
1.085648775100708008e+01
1.044545125961303711e+01
9.258134365081787109e+00
1.025681924819946289e+01
1.019492316246032715e+01
9.560728549957275391e+00
9.421882867813110352e+00
9.767111539840698242e+00
1.067077612876892090e+01
1.090288805961608887e+01
9.919131278991699219e+00
1.116742944717407227e+01
8.957960367202758789e+00
9.742125034332275391e+00
1.066113734245300293e+01
8.938051939010620117e+00
1.000626158714294434e+01
1.037354755401611328e+01
1.050742554664611816e+01
1.037589788436889648e+01
1.033658766746520996e+01
9.257250547409057617e+00
9.528822422027587891e+00
1.038614177703857422e+01
1.051140332221984863e+01
1.057758784294128418e+01
1.042100501060485840e+01
9.990829467773437500e+00
1.071722030639648438e+01
1.008538746833801270e+01
1.007955193519592285e+01
1.058722472190856934e+01
9.972737073898315430e+00
1.002246284484863281e+01
1.020833683013916016e+01
9.332941532135009766e+00
1.035039782524108887e+01
9.367164134979248047e+00
9.904630899429321289e+00
9.586941003799438477e+00
8.784499883651733398e+00
9.065892934799194336e+00
9.906229257583618164e+00
1.112403988838195801e+01
1.008021140098571777e+01
9.479398488998413086e+00
1.032682299613952637e+01
8.903496980667114258e+00
9.674696683883666992e+00
9.241286754608154297e+00
1.015892124176025391e+01
9.274319410324096680e+00
1.100297451019287109e+01
1.057298970222473145e+01
9.844265937805175781e+00
1.030720639228820801e+01
1.094656920433044434e+01
1.032706260681152344e+01
1.035604190826416016e+01
8.836035013198852539e+00
9.180211544036865234e+00
9.465234994888305664e+00
9.973047256469726562e+00
8.357874631881713867e+00
9.222507476806640625e+00
1.022552657127380371e+01
8.730560779571533203e+00
1.096745324134826660e+01
1.158053517341613770e+01
9.466785192489624023e+00
9.428250789642333984e+00
1.018203926086425781e+01
1.059166431427001953e+01
1.121513271331787109e+01
8.675853252410888672e+00
1.108377623558044434e+01
1.076315712928771973e+01
9.645829200744628906e+00
1.044108176231384277e+01
1.171854209899902344e+01
9.614303827285766602e+00
9.906080007553100586e+00
8.654169321060180664e+00
1.105451130867004395e+01
1.153886795043945312e+01
8.581462860107421875e+00
1.006920957565307617e+01
1.146324563026428223e+01
1.009467911720275879e+01
8.851300001144409180e+00
1.033549857139587402e+01
9.319082498550415039e+00
1.004739665985107422e+01
9.533046960830688477e+00
9.824150562286376953e+00
1.091366600990295410e+01
9.098334312438964844e+00
9.418753623962402344e+00
1.081794309616088867e+01
9.330714702606201172e+00
1.017496848106384277e+01
1.012143039703369141e+01
9.961590051651000977e+00
9.609028339385986328e+00
9.228708267211914062e+00
9.748162984848022461e+00
1.095935368537902832e+01
1.009908580780029297e+01
9.013409852981567383e+00
1.040048193931579590e+01
1.032373833656311035e+01
1.037291359901428223e+01
1.077600097656250000e+01
1.050627613067626953e+01
9.324647665023803711e+00
9.788895368576049805e+00
8.761807918548583984e+00
1.044235968589782715e+01
1.021890115737915039e+01
9.136734008789062500e+00
1.044069719314575195e+01
1.007700514793395996e+01
9.577961921691894531e+00
1.010973763465881348e+01
1.018420362472534180e+01
1.120257019996643066e+01
1.059841394424438477e+01
8.600167036056518555e+00
