2.394373537445068312e+00
2.309280028839111321e+00
2.242803094100952244e+00
2.188831043319702019e+00
2.160967069396972473e+00
2.132049148178100761e+00
2.085765547790527474e+00
2.058071892013549675e+00
2.015199574890136791e+00
1.996929872817993168e+00
1.984705629692077533e+00
1.946846350326538078e+00
1.919841845169067307e+00
1.956109197731018101e+00
1.933622662048339880e+00
1.934307294082641571e+00
1.900392953948974561e+00
1.923324802474975614e+00
1.906507308578491156e+00
1.868889294242858989e+00
1.894059738845825125e+00
1.891938520202636642e+00
1.885610630340576188e+00
1.871417347030639666e+00
1.887896388168335049e+00
1.882646808052063081e+00
1.881751773872375466e+00
1.880976018257141114e+00
1.866983011665344305e+00
1.889123174018859874e+00
1.884902818527221635e+00
1.871215834617614648e+00
1.875952860870361283e+00
1.887564783630371057e+00
1.920450662956237897e+00
1.897340676612853994e+00
1.887844174957275412e+00
1.891777425193786666e+00
1.881590576400756776e+00
1.855432131652831940e+00
1.919839209213256792e+00
1.881250932464599623e+00
1.894557588043212837e+00
1.879641209602356033e+00
1.894533007659912061e+00
1.877192363052368140e+00
1.885138598022460865e+00
1.897152758445739718e+00
1.896640854759216399e+00
1.901301188888549820e+00
1.879767322845458999e+00
1.896934894943237415e+00
1.882212405853271431e+00
1.903379091796874922e+00
1.923572526588440024e+00
1.907916207046508772e+00
1.913465393295288086e+00
1.887523112182617258e+00
1.945143700065612880e+00
1.897160769500732425e+00
1.904640331878662218e+00
1.904977989234924340e+00
1.954671186141967665e+00
1.928202355117797806e+00
1.957848056449890128e+00
1.953665567588806162e+00
1.989258147964477530e+00
1.947552722625732313e+00
1.921436004524230912e+00
1.933168632621765193e+00
1.953375429382324224e+00
1.933324605789184636e+00
1.938092917709350660e+00
1.954515517730712970e+00
1.965922401046752865e+00
1.938923783531188993e+00
1.913557587738037080e+00
1.931612148361206094e+00
1.955277482604980577e+00
1.964793892059326197e+00
1.946539850845336872e+00
1.944186230239868252e+00
1.947381868820190487e+00
1.951939233703613219e+00
1.970753861923217665e+00
1.966429758377075121e+00
1.970253997497558585e+00
1.963842937355041451e+00
1.931432594261169422e+00
1.965587091445922807e+00
1.956470957183837900e+00
1.932542573318481338e+00
1.955690237083435035e+00
1.972665399208068937e+00
1.950212766113281315e+00
1.946981031646728422e+00
1.988691718978881751e+00
1.986366801910400381e+00
1.946012595977783199e+00
1.956589208297729421e+00
1.721688640060424769e+00
1.693784300689697320e+00
1.670674705200195342e+00
1.666501877441406210e+00
1.649696682167053119e+00
1.672414667053222725e+00
1.671852270965576093e+00
1.640087326126098644e+00
1.669486343955993712e+00
1.663425204772949195e+00
1.640919599037170329e+00
1.668094670028686499e+00
1.662048432273864673e+00
1.652047190742492733e+00
1.672907011451721271e+00
1.649260768089294338e+00
1.699944025344848564e+00
1.691944298248291068e+00
1.677808771057129000e+00
1.679487457046508814e+00
1.676576046257018948e+00
1.689382822952270491e+00
1.650036800727844311e+00
1.672725578269958602e+00
1.667477686996460040e+00
1.681739037780761725e+00
1.685558871231079170e+00
1.669383311157226490e+00
1.688839079818725608e+00
1.678467028999328647e+00
1.692332066116333023e+00
1.688414172782897849e+00
1.679334520225524985e+00
1.663904607124328638e+00
1.684646844329833915e+00
1.681309639511108456e+00
1.689417484436035233e+00
1.672455667114257860e+00
1.663697203674316505e+00
1.660227641067504978e+00
1.682949864120483419e+00
1.676791223831176847e+00
1.697004298057556149e+00
1.666456806945800784e+00
1.668523327560424763e+00
1.676309611511230369e+00
1.660235117263793914e+00
1.662429442367553634e+00
1.667271993408203201e+00
1.689331684875488238e+00
1.609903937492370707e+00
1.621950795974731463e+00
1.614477267189025955e+00
1.605749280929565481e+00
1.619503450622558516e+00
1.625646058311462472e+00
1.613223433494567871e+00
1.619368542175293024e+00
1.605313202896118119e+00
1.616195108795166036e+00
1.624100545272827212e+00
1.590849670829773022e+00
1.605565182800293034e+00
1.618217279891967841e+00
1.599943198013305645e+00
1.613135459327697863e+00
1.603756051597595267e+00
1.642532926864624043e+00
1.624404996185302652e+00
1.637173197174072170e+00
1.608708702545166069e+00
1.605588122177123989e+00
1.662204249610900852e+00
1.607203330612182679e+00
1.643934865722656236e+00
1.619421467781066992e+00
1.603355184402465827e+00
1.579826762390136752e+00
1.623549944267272949e+00
1.620983833236694371e+00
1.604371190147399817e+00
1.616530937194824213e+00
1.618135589866638080e+00
1.610268934974670385e+00
1.615093730697631846e+00
1.612369118652343669e+00
1.626437458686828652e+00
1.608245881042480452e+00
1.621668399772643987e+00
1.604501500167846650e+00
1.620874758377075286e+00
1.625147789001464949e+00
1.619167082023620585e+00
1.618194555130004986e+00
1.638209937477111744e+00
1.608423468589782690e+00
1.605942597579955944e+00
1.616385666885375993e+00
1.617082025985717708e+00
1.643294382362365802e+00
