1.034433579444885254e+01
1.120907688140869141e+01
1.076920795440673828e+01
9.359965324401855469e+00
1.001776051521301270e+01
9.844610929489135742e+00
9.580682754516601562e+00
9.405721187591552734e+00
1.007059097290039062e+01
9.960719823837280273e+00
9.799736022949218750e+00
1.151169466972351074e+01
9.521985292434692383e+00
9.645201921463012695e+00
9.039686441421508789e+00
1.037088036537170410e+01
1.137867522239685059e+01
9.677480459213256836e+00
9.060033559799194336e+00
9.828891277313232422e+00
9.628042936325073242e+00
9.849964380264282227e+00
1.175748610496520996e+01
1.015741801261901855e+01
1.077405285835266113e+01
9.241263151168823242e+00
9.889019727706909180e+00
1.242243123054504395e+01
1.002782392501831055e+01
1.192438721656799316e+01
9.811181306838989258e+00
1.018435263633728027e+01
1.205410528182983398e+01
9.652986288070678711e+00
9.556649446487426758e+00
9.477618455886840820e+00
9.090682506561279297e+00
1.005312800407409668e+01
1.200147938728332520e+01
1.097319269180297852e+01
9.780230760574340820e+00
1.235144329071044922e+01
1.199698972702026367e+01
1.068883967399597168e+01
1.125432658195495605e+01
1.032095551490783691e+01
9.809413433074951172e+00
9.013458251953125000e+00
1.009294676780700684e+01
1.192964124679565430e+01
1.111072540283203125e+01
9.098945379257202148e+00
9.815911054611206055e+00
1.000107598304748535e+01
1.072953510284423828e+01
9.958951234817504883e+00
1.208651375770568848e+01
1.098083066940307617e+01
1.111443662643432617e+01
1.222090268135070801e+01
1.106362986564636230e+01
1.033251786231994629e+01
9.475761413574218750e+00
1.030898714065551758e+01
9.945067644119262695e+00
1.095650625228881836e+01
9.537307262420654297e+00
9.938936948776245117e+00
1.020284986495971680e+01
9.093807458877563477e+00
9.702767610549926758e+00
1.162680506706237793e+01
9.848820209503173828e+00
9.762080430984497070e+00
1.124242186546325684e+01
1.065974211692810059e+01
1.021629071235656738e+01
9.555883646011352539e+00
1.119596672058105469e+01
9.757655143737792969e+00
9.617911815643310547e+00
1.013722944259643555e+01
9.889683008193969727e+00
1.117092871665954590e+01
9.374400854110717773e+00
9.696828365325927734e+00
1.222045540809631348e+01
9.809196710586547852e+00
9.862190961837768555e+00
9.610117912292480469e+00
9.792330980300903320e+00
9.930936098098754883e+00
9.911849260330200195e+00
9.327481508255004883e+00
9.691718816757202148e+00
1.019555377960205078e+01
1.281768512725830078e+01
9.749627113342285156e+00
1.025728344917297363e+01
9.942986249923706055e+00
9.591770648956298828e+00
9.442567825317382812e+00
9.782441854476928711e+00
9.913286924362182617e+00
9.532972097396850586e+00
9.773704767227172852e+00
1.038339209556579590e+01
9.342092514038085938e+00
1.010112071037292480e+01
1.256039881706237793e+01
1.021293044090270996e+01
9.659761190414428711e+00
9.849581480026245117e+00
9.337347984313964844e+00
9.929822444915771484e+00
9.884106159210205078e+00
1.104524183273315430e+01
1.011432909965515137e+01
9.606526374816894531e+00
9.022246122360229492e+00
9.117384433746337891e+00
9.206941604614257812e+00
9.302063941955566406e+00
9.755484580993652344e+00
9.904425621032714844e+00
1.183416843414306641e+01
9.951464176177978516e+00
1.091540694236755371e+01
1.072969651222229004e+01
9.951192140579223633e+00
1.208366012573242188e+01
9.372094869613647461e+00
1.137178349494934082e+01
1.199797320365905762e+01
9.655995130538940430e+00
1.054919505119323730e+01
9.073712587356567383e+00
9.736342668533325195e+00
9.352234601974487305e+00
9.961633205413818359e+00
1.104936361312866211e+01
9.328212499618530273e+00
1.040790271759033203e+01
9.935138463973999023e+00
1.010143041610717773e+01
1.093989396095275879e+01
9.522302865982055664e+00
1.093358969688415527e+01
1.075904035568237305e+01
9.763698577880859375e+00
9.529210329055786133e+00
1.241314721107482910e+01
9.129972457885742188e+00
9.869138717651367188e+00
9.350117921829223633e+00
1.026018095016479492e+01
1.001843118667602539e+01
9.068485021591186523e+00
9.881510257720947266e+00
1.053865599632263184e+01
1.028223752975463867e+01
9.217320203781127930e+00
1.068855237960815430e+01
9.846424818038940430e+00
9.158253431320190430e+00
1.117896938323974609e+01
1.028523468971252441e+01
1.084532976150512695e+01
9.326952934265136719e+00
1.087955403327941895e+01
9.972244024276733398e+00
1.042718291282653809e+01
1.123493623733520508e+01
1.080023145675659180e+01
9.704780578613281250e+00
1.008004951477050781e+01
9.784695625305175781e+00
9.397300720214843750e+00
9.607667922973632812e+00
1.117320537567138672e+01
1.147519993782043457e+01
9.999067306518554688e+00
1.008678984642028809e+01
1.103317952156066895e+01
1.175815916061401367e+01
1.051085615158081055e+01
1.109613919258117676e+01
9.372417211532592773e+00
9.594786643981933594e+00
9.664926767349243164e+00
9.981073379516601562e+00
9.303986072540283203e+00
9.894388914108276367e+00
1.221856880187988281e+01
9.248441696166992188e+00
9.874202013015747070e+00
1.221918201446533203e+01
1.008726000785827637e+01
9.432646036148071289e+00
1.229661202430725098e+01
