1.011986422538757324e+01
9.467003345489501953e+00
9.578364849090576172e+00
9.405304193496704102e+00
9.674507379531860352e+00
9.609096050262451172e+00
9.428625583648681641e+00
9.331213712692260742e+00
9.550245285034179688e+00
9.738808870315551758e+00
1.135974884033203125e+01
9.259096384048461914e+00
9.581999063491821289e+00
9.742625951766967773e+00
9.040595054626464844e+00
1.132057714462280273e+01
9.878109216690063477e+00
1.102260065078735352e+01
1.054346060752868652e+01
9.638660907745361328e+00
9.671764135360717773e+00
1.191072988510131836e+01
1.062514877319335938e+01
1.097895693778991699e+01
9.383971452713012695e+00
9.070825576782226562e+00
9.725487947463989258e+00
1.051950001716613770e+01
9.981541156768798828e+00
9.317213773727416992e+00
1.085697436332702637e+01
1.154515194892883301e+01
1.018018531799316406e+01
9.703459739685058594e+00
1.071145272254943848e+01
1.068192076683044434e+01
9.048884391784667969e+00
9.824204683303833008e+00
9.404260158538818359e+00
9.745569705963134766e+00
9.485349178314208984e+00
9.164961814880371094e+00
9.649037599563598633e+00
9.477060079574584961e+00
9.380093812942504883e+00
1.056972050666809082e+01
9.689444780349731445e+00
9.009837627410888672e+00
1.081730461120605469e+01
9.439526081085205078e+00
9.348341703414916992e+00
1.105162072181701660e+01
1.187220549583435059e+01
1.137049412727355957e+01
9.381572246551513672e+00
1.092960739135742188e+01
9.948726654052734375e+00
1.011247992515563965e+01
9.537751674652099609e+00
9.531384706497192383e+00
9.444746494293212891e+00
1.003742718696594238e+01
9.357589721679687500e+00
9.912057876586914062e+00
1.038092851638793945e+01
1.002359533309936523e+01
9.652173280715942383e+00
1.090494084358215332e+01
1.141184425354003906e+01
9.121115922927856445e+00
9.790261745452880859e+00
9.189627408981323242e+00
9.798653602600097656e+00
9.917737960815429688e+00
9.518996000289916992e+00
9.680782079696655273e+00
1.018323373794555664e+01
1.101117491722106934e+01
9.380750894546508789e+00
9.981632709503173828e+00
1.005535411834716797e+01
1.131007385253906250e+01
1.106000018119812012e+01
1.018665909767150879e+01
9.275915622711181641e+00
9.630107164382934570e+00
9.815073013305664062e+00
9.545973539352416992e+00
9.809654712677001953e+00
9.791563034057617188e+00
9.833230495452880859e+00
9.774625301361083984e+00
9.895089864730834961e+00
9.197924137115478516e+00
9.653382062911987305e+00
9.774025917053222656e+00
9.360668182373046875e+00
9.850440025329589844e+00
1.168432092666625977e+01
1.195434784889221191e+01
9.581746578216552734e+00
9.888767004013061523e+00
1.004654717445373535e+01
1.125826716423034668e+01
1.200878596305847168e+01
9.634714841842651367e+00
1.198854112625122070e+01
1.093112778663635254e+01
9.769639492034912109e+00
9.370691776275634766e+00
1.226731634140014648e+01
9.544533729553222656e+00
9.509199380874633789e+00
9.270744085311889648e+00
9.861177206039428711e+00
1.014757394790649414e+01
9.463225126266479492e+00
1.007665991783142090e+01
9.742759466171264648e+00
9.035484552383422852e+00
1.055601072311401367e+01
9.151625156402587891e+00
9.142926216125488281e+00
9.643949985504150391e+00
9.807129621505737305e+00
1.005592703819274902e+01
9.631604433059692383e+00
9.850646257400512695e+00
9.558423280715942383e+00
1.023212671279907227e+01
9.881564140319824219e+00
9.337778568267822266e+00
9.295306205749511719e+00
9.517922401428222656e+00
9.280835390090942383e+00
9.761605024337768555e+00
8.943634986877441406e+00
9.586741924285888672e+00
9.209701776504516602e+00
1.016888499259948730e+01
1.028452587127685547e+01
9.374563455581665039e+00
1.040783691406250000e+01
9.876632690429687500e+00
1.021835541725158691e+01
1.009680438041687012e+01
9.426571846008300781e+00
1.006221437454223633e+01
9.283858537673950195e+00
1.115003132820129395e+01
9.730041503906250000e+00
1.039399600028991699e+01
9.173489093780517578e+00
1.004285287857055664e+01
1.119086027145385742e+01
1.010103034973144531e+01
1.015951561927795410e+01
8.927078247070312500e+00
1.226268720626831055e+01
9.986980199813842773e+00
1.121157574653625488e+01
8.992850542068481445e+00
1.120259642601013184e+01
1.147114109992980957e+01
1.156221985816955566e+01
9.008197307586669922e+00
1.183267331123352051e+01
9.340199470520019531e+00
1.061674904823303223e+01
9.453181982040405273e+00
9.906542778015136719e+00
1.214654016494750977e+01
9.810395479202270508e+00
9.554384946823120117e+00
1.173783922195434570e+01
1.090439200401306152e+01
9.673911809921264648e+00
9.468876361846923828e+00
9.632207632064819336e+00
1.012031435966491699e+01
9.024871587753295898e+00
9.735710382461547852e+00
1.173189616203308105e+01
9.768264770507812500e+00
9.421656608581542969e+00
9.876962423324584961e+00
9.829524040222167969e+00
1.083027601242065430e+01
1.241690993309020996e+01
1.126726651191711426e+01
9.565308570861816406e+00
1.274570894241333008e+01
9.449195623397827148e+00
9.700265169143676758e+00
1.222945547103881836e+01
1.109284710884094238e+01
9.408988475799560547e+00
9.986158132553100586e+00
9.463456869125366211e+00
9.340166568756103516e+00
