1.036988282203674316e+01
1.122900748252868652e+01
1.080866360664367676e+01
9.398932456970214844e+00
1.004637384414672852e+01
9.864364624023437500e+00
9.599226474761962891e+00
9.430018901824951172e+00
1.009304642677307129e+01
9.987055540084838867e+00
9.817868709564208984e+00
1.152872586250305176e+01
9.550302267074584961e+00
9.678501129150390625e+00
9.055905818939208984e+00
1.039529442787170410e+01
1.141555547714233398e+01
9.701402902603149414e+00
9.073089599609375000e+00
9.851640462875366211e+00
9.659340620040893555e+00
9.883962869644165039e+00
1.180888390541076660e+01
1.018993473052978516e+01
1.079201531410217285e+01
9.264247179031372070e+00
9.913243293762207031e+00
1.243871474266052246e+01
1.006415748596191406e+01
1.193912935256958008e+01
9.850236654281616211e+00
1.022207474708557129e+01
1.208680224418640137e+01
9.679078578948974609e+00
9.578818798065185547e+00
9.507301330566406250e+00
9.107657194137573242e+00
1.007895064353942871e+01
1.202046632766723633e+01
1.100026226043701172e+01
9.813107967376708984e+00
1.236407971382141113e+01
1.202206015586853027e+01
1.070876073837280273e+01
1.128383612632751465e+01
1.034996676445007324e+01
9.844627380371093750e+00
9.030175685882568359e+00
1.012910842895507812e+01
1.195260548591613770e+01
1.113778996467590332e+01
9.115665912628173828e+00
9.847736835479736328e+00
1.003041219711303711e+01
1.074264168739318848e+01
9.984310150146484375e+00
1.210629773139953613e+01
1.102665758132934570e+01
1.114586901664733887e+01
1.225605297088623047e+01
1.109333300590515137e+01
1.037390089035034180e+01
9.501772165298461914e+00
1.035979557037353516e+01
9.982246398925781250e+00
1.099189043045043945e+01
9.551092147827148438e+00
9.969907522201538086e+00
1.023961925506591797e+01
9.115998744964599609e+00
9.722401618957519531e+00
1.164446258544921875e+01
9.868804693222045898e+00
9.796136140823364258e+00
1.126055979728698730e+01
1.068922376632690430e+01
1.024898767471313477e+01
9.580769300460815430e+00
1.123453736305236816e+01
9.796684026718139648e+00
9.650542736053466797e+00
1.018862009048461914e+01
9.913488626480102539e+00
1.122458052635192871e+01
9.380581617355346680e+00
9.721669673919677734e+00
1.225888228416442871e+01
9.823857784271240234e+00
9.895254135131835938e+00
9.635341405868530273e+00
9.828641653060913086e+00
9.962494850158691406e+00
9.948980808258056641e+00
9.341388225555419922e+00
9.721503019332885742e+00
1.022739076614379883e+01
1.284060192108154297e+01
9.771813869476318359e+00
1.030021500587463379e+01
9.961660385131835938e+00
9.608617544174194336e+00
9.471038818359375000e+00
9.823136329650878906e+00
9.949285984039306641e+00
9.565943956375122070e+00
9.803275346755981445e+00
1.041321563720703125e+01
9.368116378784179688e+00
1.014046812057495117e+01
1.257741713523864746e+01
1.025763964653015137e+01
9.682141065597534180e+00
9.863409042358398438e+00
9.354892015457153320e+00
9.965493917465209961e+00
9.926360607147216797e+00
1.107164549827575684e+01
1.014261102676391602e+01
9.639673709869384766e+00
9.035999536514282227e+00
9.134530067443847656e+00
9.231197118759155273e+00
9.320961475372314453e+00
9.783070325851440430e+00
9.938862562179565430e+00
1.186381220817565918e+01
9.979482412338256836e+00
1.094256401062011719e+01
1.075935578346252441e+01
9.979951381683349609e+00
1.210956144332885742e+01
9.385006189346313477e+00
1.140057110786437988e+01
1.202114081382751465e+01
9.682056427001953125e+00
1.055683302879333496e+01
9.097030162811279297e+00
9.771829843521118164e+00
9.371505975723266602e+00
1.000628447532653809e+01
1.108770155906677246e+01
9.340393066406250000e+00
1.044157934188842773e+01
9.967952728271484375e+00
1.012317419052124023e+01
1.097256803512573242e+01
9.529599666595458984e+00
1.097156119346618652e+01
1.078423690795898438e+01
9.784612655639648438e+00
9.563976287841796875e+00
1.247692441940307617e+01
9.153945446014404297e+00
9.899791955947875977e+00
9.364809513092041016e+00
1.030636715888977051e+01
1.004049468040466309e+01
9.076213359832763672e+00
9.914855003356933594e+00
1.056772041320800781e+01
1.032802128791809082e+01
9.230159044265747070e+00
1.072036600112915039e+01
9.864539623260498047e+00
9.165301799774169922e+00
1.120331072807312012e+01
1.032019948959350586e+01
1.087667202949523926e+01
9.345458984375000000e+00
1.090934896469116211e+01
1.000812411308288574e+01
1.044560098648071289e+01
1.125865864753723145e+01
1.083716464042663574e+01
9.734001398086547852e+00
1.010938286781311035e+01
9.805447340011596680e+00
9.435760021209716797e+00
9.632899045944213867e+00
1.120724153518676758e+01
1.148840117454528809e+01
1.003897166252136230e+01
1.012439918518066406e+01
1.107053780555725098e+01
1.178097939491271973e+01
1.054392671585083008e+01
1.112010741233825684e+01
9.396686792373657227e+00
9.601546049118041992e+00
9.687819004058837891e+00
1.002190780639648438e+01
9.311469316482543945e+00
9.929158449172973633e+00
1.224569082260131836e+01
9.267243385314941406e+00
9.918870925903320312e+00
1.224157547950744629e+01
1.012868595123291016e+01
9.466727018356323242e+00
1.230405521392822266e+01
