2.395190586547851552e+00
2.284726291122436415e+00
2.239600909118652172e+00
2.152509930191039977e+00
2.113072698440551900e+00
2.072750945358276198e+00
2.044205392456054593e+00
2.014114770545959665e+00
1.991291788101196225e+00
1.993729148178100541e+00
1.967242043724060085e+00
1.954453542022705159e+00
1.930753834304809624e+00
1.925947771072387793e+00
1.943382036437988347e+00
1.912075735206604010e+00
1.895282844619750939e+00
1.868488555870056134e+00
1.902090000610351606e+00
1.892545129165649431e+00
1.869629522399902433e+00
1.887367656135559013e+00
1.875048583679199243e+00
1.875507653617858983e+00
1.860329788589477618e+00
1.860176864128112895e+00
1.844909232444763125e+00
1.853450650405883859e+00
1.855603733673095723e+00
1.871506882400512772e+00
1.869856502685546928e+00
1.846588448448181152e+00
1.857809200057983334e+00
1.867557108306884706e+00
1.852810838279724148e+00
1.881247162818908691e+00
1.866677612152099597e+00
1.893732213325500569e+00
1.898712180137634320e+00
1.886826919555664173e+00
1.867173912696838300e+00
1.950790839309692437e+00
1.899693142623901432e+00
1.882931532936096275e+00
1.906379766845703205e+00
1.918909647827148346e+00
1.882880668029785154e+00
1.939767433853149425e+00
1.907346978950500427e+00
1.934595774154663106e+00
1.903194317665100055e+00
1.932699113006591807e+00
1.945812665405273423e+00
1.932764304389953613e+00
1.916501424026489264e+00
1.910661392440795803e+00
1.926563711853027439e+00
1.912392289161682024e+00
1.965738556060790954e+00
1.923432305603027359e+00
1.932998325271606532e+00
1.963948677062988368e+00
1.950438166809081997e+00
1.939153719673156751e+00
1.943090901031494067e+00
1.968128913803100621e+00
1.953265115585327116e+00
1.995065395202636704e+00
1.973576572723388711e+00
1.973129729995727555e+00
1.948633921737670915e+00
2.002554820709228522e+00
1.999331904182434005e+00
1.971874145851135296e+00
2.004865292816162103e+00
2.002087044334411647e+00
1.991894581031799394e+00
1.984673521270752028e+00
1.975409428443908766e+00
1.944866664505004783e+00
1.955431138954162540e+00
1.950295610351562514e+00
1.994644738807678230e+00
2.020824209136963034e+00
2.012421260604858375e+00
2.016451183166503736e+00
1.978458244743347194e+00
1.994412289276123129e+00
1.965473261756897072e+00
2.007781552543640213e+00
1.933704574661254894e+00
1.973003817825317308e+00
1.962262841644287104e+00
2.000048957672118988e+00
1.978783096389770568e+00
2.014047886924743569e+00
1.970974318542480397e+00
2.063017574615478633e+00
1.941132267990112403e+00
1.986641925659179631e+00
1.692280947418213000e+00
1.661970650482177625e+00
1.627527295303344834e+00
1.645413962211608849e+00
1.600374409370422413e+00
1.618257423629760661e+00
1.587643672637939485e+00
1.605770238914489667e+00
1.621066696434021015e+00
1.622346239013671809e+00
1.604287604980468851e+00
1.591075958633422882e+00
1.627677859191894560e+00
1.623269388313293371e+00
1.636192163467407257e+00
1.606210674057006793e+00
1.648284556808471635e+00
1.624355057868957619e+00
1.630195291595458951e+00
1.623606619491577252e+00
1.624942549896240207e+00
1.631194638595581115e+00
1.653615517311096239e+00
1.632896567382812414e+00
1.631242850723266580e+00
1.617488609390258736e+00
1.631167197036743177e+00
1.678028966217041118e+00
1.637016108474731446e+00
1.647852211074829043e+00
1.628490588073730372e+00
1.608895269851684517e+00
1.641316928215026838e+00
1.634976747932433971e+00
1.661431222267150787e+00
1.668023894042968802e+00
1.619689878196716393e+00
1.626794963111877435e+00
1.627393238258361796e+00
1.659054440078735260e+00
1.602846090316772498e+00
1.649437091178894033e+00
1.625284770126342870e+00
1.616483316688537508e+00
1.636486354675293020e+00
1.619885795173644949e+00
1.640076275978088471e+00
1.629178884010314965e+00
1.675286236038207921e+00
1.625496055145263741e+00
1.602768473434448282e+00
1.605992136611938514e+00
1.548756344871520918e+00
1.582289449996948205e+00
1.563074088401794404e+00
1.575044647369384876e+00
1.562522084121704014e+00
1.555996417655944875e+00
1.598261815185546775e+00
1.562881114768981838e+00
1.575994807205200132e+00
1.605139644165038959e+00
1.573461223030090395e+00
1.559388834114074696e+00
1.557997627067565949e+00
1.580604175109863174e+00
1.588337080993652339e+00
1.590225398941039980e+00
1.560422524604797356e+00
1.576410270690917992e+00
1.571197130393982011e+00
1.595961905937194780e+00
1.578043451004028430e+00
1.596431038169860761e+00
1.565738856849670402e+00
1.575034526329040618e+00
1.571604303245544454e+00
1.578779151268005387e+00
1.580648794059753337e+00
1.590231019096374432e+00
1.586798885841369522e+00
1.585495669631957982e+00
1.581527817115783607e+00
1.563332452888488877e+00
1.563115562973022454e+00
1.592933602066040066e+00
1.586183256683349585e+00
1.575084338417053198e+00
1.580650475540161137e+00
1.598592214050293059e+00
1.579326341400146383e+00
1.594763483467102061e+00
1.555005934562683212e+00
1.571482697067260847e+00
1.573848105239868067e+00
1.585667505378723252e+00
1.580259805564880438e+00
1.575330032653808665e+00
1.597015118789672838e+00
1.592686049346923927e+00
