2.550768852233886719e-02
1.990365982055664062e-02
3.948140144348144531e-02
3.897595405578613281e-02
2.861714363098144531e-02
1.977062225341796875e-02
1.855325698852539062e-02
2.431106567382812500e-02
2.250385284423828125e-02
2.635931968688964844e-02
1.816558837890625000e-02
1.705503463745117188e-02
2.834653854370117188e-02
3.331518173217773438e-02
1.625299453735351562e-02
2.443337440490722656e-02
3.687381744384765625e-02
2.393507957458496094e-02
1.309514045715332031e-02
2.279138565063476562e-02
3.128743171691894531e-02
3.399944305419921875e-02
5.138468742370605469e-02
3.253293037414550781e-02
1.797246932983398438e-02
2.300000190734863281e-02
2.424669265747070312e-02
1.630234718322753906e-02
3.634285926818847656e-02
1.476335525512695312e-02
3.906297683715820312e-02
3.773260116577148438e-02
3.267288208007812500e-02
2.612113952636718750e-02
2.220964431762695312e-02
2.970147132873535156e-02
1.697158813476562500e-02
2.585625648498535156e-02
1.900362968444824219e-02
2.707028388977050781e-02
3.289961814880371094e-02
1.264309883117675781e-02
2.509784698486328125e-02
1.995468139648437500e-02
2.954721450805664062e-02
2.904009819030761719e-02
3.526401519775390625e-02
1.673769950866699219e-02
3.617405891418457031e-02
2.295088768005371094e-02
2.705121040344238281e-02
1.674127578735351562e-02
3.187012672424316406e-02
2.937006950378417969e-02
1.311182975769042969e-02
2.539753913879394531e-02
1.978993415832519531e-02
4.577326774597167969e-02
3.141045570373535156e-02
3.516936302185058594e-02
2.968144416809082031e-02
4.133415222167968750e-02
2.599239349365234375e-02
5.077433586120605469e-02
3.719067573547363281e-02
3.540325164794921875e-02
1.379895210266113281e-02
3.101086616516113281e-02
3.677010536193847656e-02
2.219152450561523438e-02
1.963973045349121094e-02
1.764631271362304688e-02
2.001953125000000000e-02
3.407239913940429688e-02
1.815366744995117188e-02
2.959918975830078125e-02
3.273582458496093750e-02
2.489995956420898438e-02
3.868103027343750000e-02
3.908586502075195312e-02
3.261399269104003906e-02
5.141043663024902344e-02
2.382183074951171875e-02
5.361175537109375000e-02
6.190776824951171875e-03
2.487087249755859375e-02
3.845143318176269531e-02
1.468253135681152344e-02
3.310489654541015625e-02
2.523732185363769531e-02
3.631782531738281250e-02
3.152275085449218750e-02
3.713321685791015625e-02
1.392030715942382812e-02
2.942562103271484375e-02
3.186607360839843750e-02
2.289533615112304688e-02
2.218055725097656250e-02
4.294419288635253906e-02
1.869654655456542969e-02
1.685214042663574219e-02
2.847075462341308594e-02
4.073929786682128906e-02
3.602766990661621094e-02
3.299045562744140625e-02
2.961587905883789062e-02
3.075623512268066406e-02
2.604293823242187500e-02
3.937172889709472656e-02
1.702713966369628906e-02
4.472804069519042969e-02
2.240848541259765625e-02
1.385235786437988281e-02
1.756405830383300781e-02
3.570079803466796875e-02
4.227900505065917969e-02
2.642273902893066406e-02
2.825784683227539062e-02
3.315043449401855469e-02
1.377320289611816406e-02
1.713585853576660156e-02
2.427124977111816406e-02
1.890993118286132812e-02
2.761340141296386719e-02
3.441810607910156250e-02
2.965283393859863281e-02
2.803564071655273438e-02
2.717757225036621094e-02
2.964591979980468750e-02
2.875947952270507812e-02
2.592086791992187500e-02
1.292872428894042969e-02
2.881884574890136719e-02
2.316021919250488281e-02
2.606606483459472656e-02
7.651329040527343750e-03
2.332544326782226562e-02
3.550076484680175781e-02
1.926779747009277344e-02
4.465508460998535156e-02
3.830265998840332031e-02
1.219940185546875000e-02
3.370428085327148438e-02
3.282022476196289062e-02
2.177047729492187500e-02
3.269171714782714844e-02
7.307052612304687500e-03
3.796219825744628906e-02
2.518677711486816406e-02
2.092170715332031250e-02
3.480315208435058594e-02
6.382751464843750000e-02
2.400541305541992188e-02
3.069186210632324219e-02
1.470708847045898438e-02
4.623007774353027344e-02
2.207136154174804688e-02
7.750749588012695312e-03
3.334212303161621094e-02
2.903842926025390625e-02
4.584574699401855469e-02
1.284050941467285156e-02
3.186368942260742188e-02
1.814293861389160156e-02
7.067680358886718750e-03
2.431893348693847656e-02
3.505921363830566406e-02
3.135275840759277344e-02
1.856160163879394531e-02
2.980899810791015625e-02
3.585863113403320312e-02
1.842331886291503906e-02
2.376723289489746094e-02
3.696084022521972656e-02
2.926445007324218750e-02
2.935099601745605469e-02
2.080965042114257812e-02
3.842711448669433594e-02
2.525901794433593750e-02
3.404140472412109375e-02
1.322293281555175781e-02
3.993797302246093750e-02
3.760695457458496094e-02
3.735947608947753906e-02
2.281117439270019531e-02
3.305363655090332031e-02
2.396988868713378906e-02
2.429080009460449219e-02
6.798744201660156250e-03
2.289462089538574219e-02
4.080581665039062500e-02
7.499217987060546875e-03
3.477716445922851562e-02
2.703928947448730469e-02
1.881718635559082031e-02
4.468345642089843750e-02
2.240848541259765625e-02
4.144382476806640625e-02
3.412055969238281250e-02
7.443189620971679688e-03
