1.001599999572753852e+01
1.259199999908447332e+01
1.532800000488281178e+01
1.716799999572753777e+01
2.033599999938964942e+01
2.225600000122070199e+01
2.348799999572753805e+01
2.587199999511718573e+01
2.692799999816894641e+01
2.833600000732421975e+01
3.028799999816894584e+01
3.009599999145507709e+01
3.233600000366210736e+01
3.281599999145507951e+01
3.313600000122070099e+01
3.407999999389648593e+01
3.503999998779296732e+01
3.569600000732421563e+01
3.609599998779297181e+01
3.513599998779297096e+01
3.675199999511718829e+01
3.766400000732421915e+01
3.782399999389648571e+01
3.767999998779296789e+01
3.625599998779296840e+01
3.663999999389648110e+01
3.919999999145507985e+01
3.788799998779296629e+01
3.792000000122069991e+01
3.875199999145507945e+01
3.897599999389648673e+01
3.868799998779297056e+01
3.945600000732422075e+01
3.833600000366210736e+01
3.905600000610351685e+01
3.945599998779297124e+01
3.988799999389648576e+01
4.004800000366211066e+01
3.828799999145508082e+01
3.951999998779297130e+01
3.967999998779296789e+01
3.865599999389648644e+01
3.966399999816894706e+01
3.948800000610351901e+01
3.961600000366210850e+01
3.979200000366211043e+01
4.004800000976562302e+01
3.859200000732421643e+01
3.988800000732421580e+01
3.948799999145507655e+01
3.721599999145507809e+01
3.835199999389648440e+01
3.899200000976562563e+01
3.940800000122070657e+01
3.910399998657226917e+01
4.015999999023437539e+01
3.943999999755859420e+01
3.983999999755859278e+01
3.849599999389648275e+01
3.905600000732422217e+01
4.017599999145507894e+01
3.977599999023437505e+01
3.859199999023437755e+01
3.953599999511718721e+01
4.017600000122070014e+01
3.847999999145508099e+01
3.820800000366210725e+01
3.894399999145507962e+01
4.011200000976562308e+01
3.774399999023437147e+01
3.867199999755859352e+01
3.835199999023437556e+01
3.740800000122070657e+01
3.799999998779296817e+01
3.960000000366211026e+01
3.854400000732422171e+01
3.864000000732421825e+01
3.891200000122070435e+01
3.785600000000000165e+01
3.883200000732421842e+01
3.934399999145507820e+01
3.942400000183105391e+01
3.729600000183105379e+01
3.835200000976562507e+01
3.710400000732421688e+01
3.924800000976562586e+01
3.788800000122070344e+01
3.713600000610351515e+01
3.830399999389648258e+01
3.793599999145507695e+01
3.745599999816894865e+01
3.846399999999999864e+01
4.033599998779296669e+01
3.824000000732421967e+01
3.760000000122069963e+01
3.927999999816894672e+01
3.815999998779297187e+01
3.918400000732422228e+01
3.878399999816894450e+01
3.889600000366210963e+01
4.804800000000000182e+01
5.080000000610351663e+01
5.023999999755859136e+01
5.123199997314453213e+01
5.163200000366210674e+01
5.251199998657226331e+01
5.272000000976562717e+01
5.257599998657226337e+01
5.252799999023437749e+01
5.328000000610351350e+01
5.345600000244140659e+01
5.444799999023437209e+01
5.392000000000000171e+01
5.380800000244140335e+01
5.430400000000000205e+01
5.460800000366210583e+01
5.476799999267578301e+01
5.391999999389648224e+01
5.419199999389648781e+01
5.468799999267578471e+01
5.436799998657226496e+01
5.468799999389648292e+01
5.547199999023437300e+01
5.539199999267577823e+01
5.504000000610351861e+01
5.526399999389648343e+01
5.559999998657226428e+01
5.524800000976562586e+01
5.598399997314453458e+01
5.588799999267578045e+01
5.577599997314452906e+01
5.635199998657226672e+01
5.601599999633788940e+01
5.598399999267578409e+01
5.700799997314452838e+01
5.667199999023437584e+01
5.668800000000000239e+01
5.678399999267578124e+01
5.654400000732422171e+01
5.702399998657226377e+01
5.739199999755859238e+01
5.665600000610351827e+01
5.735999997314453225e+01
5.684800000244140961e+01
5.724800001464844001e+01
5.739200000610351537e+01
5.691199998657226899e+01
5.779199999633789275e+01
5.734399997314453401e+01
5.753599999023437306e+01
5.871999999267578119e+01
5.830399997314452776e+01
5.867200000610351651e+01
5.868799998657226524e+01
5.878399999389648656e+01
5.895999999633789201e+01
5.931200000610351708e+01
5.843200000976562336e+01
5.881600000000000250e+01
5.953599999633789253e+01
5.974399998779296794e+01
5.940800000244140477e+01
5.974400000610351213e+01
5.988799999023437692e+01
5.939199998657226587e+01
5.977599998291015737e+01
5.899199997314453014e+01
5.937600000244140830e+01
5.966399999633789264e+01
5.953599999023437306e+01
6.001599998291015936e+01
5.948800000244140307e+01
5.961599999267578198e+01
5.936000001464843479e+01
5.975999997314453083e+01
5.948799999267578187e+01
5.955199999999999960e+01
5.950399999633788894e+01
5.934400000000000119e+01
5.963199998657226786e+01
5.945599998657226593e+01
5.999999999267578232e+01
5.993600000610351231e+01
5.958399998657226604e+01
6.070399998657226348e+01
6.001599999633788940e+01
5.972799998291015555e+01
6.025600000244140375e+01
5.972799998291015555e+01
6.020799998657226837e+01
5.920000000244140637e+01
5.979199999633789275e+01
5.939199998657226587e+01
5.942400000610351896e+01
6.012799999267578244e+01
5.988799999633788929e+01
5.988799999267578045e+01
6.043199999633789332e+01
6.006400000244140358e+01
5.959999998291015544e+01
