1.081415224075317383e+01
9.506134510040283203e+00
1.063771438598632812e+01
9.948219299316406250e+00
1.073815822601318359e+01
9.706925392150878906e+00
9.927589654922485352e+00
9.542732477188110352e+00
9.739650964736938477e+00
9.902444601058959961e+00
9.479595422744750977e+00
9.827360153198242188e+00
9.764891147613525391e+00
1.010022401809692383e+01
9.282640933990478516e+00
9.945271730422973633e+00
1.040480351448059082e+01
9.579032659530639648e+00
9.266936779022216797e+00
9.720238447189331055e+00
1.076228952407836914e+01
1.079899358749389648e+01
1.162105584144592285e+01
1.067491841316223145e+01
9.779277086257934570e+00
9.687641382217407227e+00
9.521957159042358398e+00
9.527674198150634766e+00
1.132688879966735840e+01
1.018566155433654785e+01
1.040953087806701660e+01
1.161661577224731445e+01
1.088503670692443848e+01
9.343522548675537109e+00
1.096245789527893066e+01
9.986845731735229492e+00
9.479839563369750977e+00
1.017824673652648926e+01
9.650070190429687500e+00
1.001111292839050293e+01
1.114508914947509766e+01
9.236357450485229492e+00
1.031603479385375977e+01
8.976455688476562500e+00
1.057180738449096680e+01
9.740199089050292969e+00
9.919356822967529297e+00
9.285172939300537109e+00
1.072222065925598145e+01
1.054322910308837891e+01
1.053809857368469238e+01
9.690294265747070312e+00
9.806883335113525391e+00
1.008030652999877930e+01
9.293321132659912109e+00
9.807102203369140625e+00
1.190991282463073730e+01
1.094790267944335938e+01
1.116446685791015625e+01
1.027792286872863770e+01
1.070442247390747070e+01
1.068576455116271973e+01
1.102440667152404785e+01
1.078813219070434570e+01
1.105032825469970703e+01
9.837256193161010742e+00
8.982266187667846680e+00
9.968281030654907227e+00
1.009113430976867676e+01
9.078505992889404297e+00
9.878456592559814453e+00
1.045692801475524902e+01
1.061513829231262207e+01
1.050397992134094238e+01
9.482954978942871094e+00
1.038229584693908691e+01
1.055694675445556641e+01
9.582247257232666016e+00
9.695405960083007812e+00
1.004726600646972656e+01
1.049418854713439941e+01
1.065262293815612793e+01
1.004577040672302246e+01
1.117419600486755371e+01
9.589157581329345703e+00
9.828382730484008789e+00
1.063185262680053711e+01
9.114728450775146484e+00
1.046548032760620117e+01
1.048227214813232422e+01
1.051296734809875488e+01
1.051429700851440430e+01
1.044263768196105957e+01
9.484893083572387695e+00
9.678046464920043945e+00
1.088008594512939453e+01
1.058591032028198242e+01
1.019206309318542480e+01
1.086952352523803711e+01
1.022373867034912109e+01
1.047449159622192383e+01
1.015635204315185547e+01
1.039088535308837891e+01
1.065510082244873047e+01
9.961153030395507812e+00
9.951012611389160156e+00
1.057625150680541992e+01
9.432401657104492188e+00
1.055152416229248047e+01
9.719290733337402344e+00
9.999074220657348633e+00
9.897766351699829102e+00
9.248851299285888672e+00
9.227787256240844727e+00
1.020864105224609375e+01
1.117778444290161133e+01
1.015454459190368652e+01
9.729168415069580078e+00
1.022397732734680176e+01
9.446508646011352539e+00
9.762732267379760742e+00
9.269410848617553711e+00
1.008952426910400391e+01
9.551674127578735352e+00
1.100187945365905762e+01
1.099493765830993652e+01
9.765799045562744141e+00
1.030236530303955078e+01
1.109863924980163574e+01
1.033376550674438477e+01
1.019188046455383301e+01
9.031190633773803711e+00
9.335302352905273438e+00
9.602614164352416992e+00
1.000722885131835938e+01
8.505860567092895508e+00
9.285053730010986328e+00
1.029086947441101074e+01
8.940017938613891602e+00
1.104895925521850586e+01
1.156308865547180176e+01
9.569775342941284180e+00
9.425774812698364258e+00
1.026092290878295898e+01
1.006295156478881836e+01
1.130273008346557617e+01
8.857191562652587891e+00
1.119983696937561035e+01
1.075248622894287109e+01
9.613645553588867188e+00
1.058993220329284668e+01
1.172451114654541016e+01
9.224270820617675781e+00
9.986200809478759766e+00
8.934754371643066406e+00
1.105951642990112305e+01
1.156611180305480957e+01
8.731089591979980469e+00
1.068207716941833496e+01
1.141600036621093750e+01
1.032074594497680664e+01
9.121922016143798828e+00
1.044337940216064453e+01
9.297587156295776367e+00
1.026064753532409668e+01
9.554938793182373047e+00
9.777162075042724609e+00
1.080690026283264160e+01
9.265757799148559570e+00
9.424845218658447266e+00
1.095810151100158691e+01
9.818990230560302734e+00
1.043587112426757812e+01
1.013301467895507812e+01
1.000416946411132812e+01
9.842000722885131836e+00
9.359054088592529297e+00
9.891457557678222656e+00
1.107465910911560059e+01
1.010592055320739746e+01
9.152092218399047852e+00
1.029035139083862305e+01
1.041242384910583496e+01
1.031005430221557617e+01
1.088789319992065430e+01
1.069850850105285645e+01
9.355856180191040039e+00
9.869183778762817383e+00
8.868724584579467773e+00
1.063363981246948242e+01
1.028512573242187500e+01
9.030613660812377930e+00
1.060489654541015625e+01
1.018436312675476074e+01
9.921914339065551758e+00
1.004138326644897461e+01
1.046149039268493652e+01
1.113503766059875488e+01
1.083923864364624023e+01
9.032687425613403320e+00
