2.551889419555664062e-02
1.989746093750000000e-02
3.946471214294433594e-02
3.897953033447265625e-02
2.861905097961425781e-02
1.978302001953125000e-02
1.855826377868652344e-02
2.430510520935058594e-02
2.249789237976074219e-02
2.636790275573730469e-02
1.817226409912109375e-02
1.704382896423339844e-02
2.833890914916992188e-02
3.331923484802246094e-02
1.625061035156250000e-02
2.443838119506835938e-02
3.689384460449218750e-02
2.394127845764160156e-02
1.309895515441894531e-02
2.278399467468261719e-02
3.129601478576660156e-02
3.399920463562011719e-02
5.137777328491210938e-02
3.253459930419921875e-02
1.796817779541015625e-02
2.300190925598144531e-02
2.425360679626464844e-02
1.629781723022460938e-02
3.634595870971679688e-02
1.475739479064941406e-02
3.907656669616699219e-02
3.773307800292968750e-02
3.266668319702148438e-02
2.611041069030761719e-02
2.221512794494628906e-02
2.969765663146972656e-02
1.697707176208496094e-02
2.586460113525390625e-02
1.900601387023925781e-02
2.707171440124511719e-02
3.290057182312011719e-02
1.264381408691406250e-02
2.507662773132324219e-02
1.992392539978027344e-02
2.953529357910156250e-02
2.904582023620605469e-02
3.526139259338378906e-02
1.673507690429687500e-02
3.616571426391601562e-02
2.294445037841796875e-02
2.703380584716796875e-02
1.674604415893554688e-02
3.187060356140136719e-02
2.937698364257812500e-02
1.311302185058593750e-02
2.539706230163574219e-02
1.977729797363281250e-02
4.577398300170898438e-02
3.140449523925781250e-02
3.516054153442382812e-02
2.968215942382812500e-02
4.134917259216308594e-02
2.600407600402832031e-02
5.077481269836425781e-02
3.718900680541992188e-02
3.536605834960937500e-02
1.380085945129394531e-02
3.101062774658203125e-02
3.676843643188476562e-02
2.219939231872558594e-02
1.964521408081054688e-02
1.763486862182617188e-02
2.002763748168945312e-02
3.406715393066406250e-02
1.812529563903808594e-02
2.959561347961425781e-02
3.273391723632812500e-02
2.491211891174316406e-02
3.866982460021972656e-02
3.909301757812500000e-02
3.261756896972656250e-02
5.143380165100097656e-02
2.382373809814453125e-02
5.362582206726074219e-02
6.193876266479492188e-03
2.489066123962402344e-02
3.843927383422851562e-02
1.463556289672851562e-02
3.307628631591796875e-02
2.523827552795410156e-02
3.631711006164550781e-02
3.151059150695800781e-02
3.714489936828613281e-02
1.393318176269531250e-02
2.944850921630859375e-02
3.186368942260742188e-02
2.289080619812011719e-02
2.218413352966308594e-02
4.294228553771972656e-02
1.871275901794433594e-02
1.685547828674316406e-02
2.848815917968750000e-02
4.073095321655273438e-02
3.603315353393554688e-02
3.298902511596679688e-02
2.961158752441406250e-02
3.076696395874023438e-02
2.603626251220703125e-02
3.936624526977539062e-02
1.702284812927246094e-02
4.473304748535156250e-02
2.241706848144531250e-02
1.385903358459472656e-02
1.756882667541503906e-02
3.569078445434570312e-02
4.227519035339355469e-02
2.641701698303222656e-02
2.826166152954101562e-02
3.315782546997070312e-02
1.377272605895996094e-02
1.713895797729492188e-02
2.427172660827636719e-02
1.891708374023437500e-02
2.762556076049804688e-02
3.438210487365722656e-02
2.964639663696289062e-02
2.804565429687500000e-02
2.717947959899902344e-02
2.963876724243164062e-02
2.876305580139160156e-02
2.591753005981445312e-02
1.292347908020019531e-02
2.882122993469238281e-02
2.316498756408691406e-02
2.606821060180664062e-02
7.652044296264648438e-03
2.333021163940429688e-02
3.549957275390625000e-02
1.927709579467773438e-02
4.465222358703613281e-02
3.831148147583007812e-02
1.219153404235839844e-02
3.370070457458496094e-02
3.282999992370605469e-02
2.176785469055175781e-02
3.268337249755859375e-02
7.308006286621093750e-03
3.796434402465820312e-02
2.517843246459960938e-02
2.092576026916503906e-02
3.479695320129394531e-02
6.381773948669433594e-02
2.399539947509765625e-02
3.067660331726074219e-02
1.469063758850097656e-02
4.622435569763183594e-02
2.206993103027343750e-02
7.791996002197265625e-03
3.333950042724609375e-02
2.903985977172851562e-02
4.585123062133789062e-02
1.284384727478027344e-02
3.186178207397460938e-02
1.815247535705566406e-02
7.069587707519531250e-03
2.431082725524902344e-02
3.506970405578613281e-02
3.136038780212402344e-02
1.856803894042968750e-02
2.979636192321777344e-02
3.586530685424804688e-02
1.845216751098632812e-02
2.376484870910644531e-02
3.695631027221679688e-02
2.925968170166015625e-02
2.935934066772460938e-02
2.080726623535156250e-02
3.846597671508789062e-02
2.526450157165527344e-02
3.401970863342285156e-02
1.322078704833984375e-02
3.993940353393554688e-02
3.761219978332519531e-02
3.735351562500000000e-02
2.280545234680175781e-02
3.306245803833007812e-02
2.396702766418457031e-02
2.428865432739257812e-02
6.801605224609375000e-03
2.290368080139160156e-02
4.086065292358398438e-02
7.504701614379882812e-03
3.478550910949707031e-02
2.703690528869628906e-02
1.881480216979980469e-02
4.469037055969238281e-02
2.241420745849609375e-02
4.145193099975585938e-02
3.412151336669921875e-02
7.441759109497070312e-03
