1.080000000244140601e+01
1.222399999572753870e+01
1.521599999984741203e+01
1.559999999908447244e+01
1.940799999938964859e+01
2.070399999572753913e+01
2.180800000183105425e+01
2.353599999877929605e+01
2.520000000976562404e+01
2.536000000122070475e+01
2.654399999908447327e+01
2.787200000488281404e+01
2.908799999816894655e+01
2.931199998779296934e+01
2.956800000122070315e+01
3.174400000122070153e+01
3.361599999755859614e+01
3.225599998779296840e+01
3.398399999145507877e+01
3.415999999755859307e+01
3.502400000122070622e+01
3.438400000488281449e+01
3.545600000488281012e+01
3.651199998779296862e+01
3.614399999877930014e+01
3.673599999145508122e+01
3.694399999389648315e+01
3.646400000366210747e+01
3.707200000976562393e+01
3.723199999145507633e+01
3.905600000976562569e+01
3.846400000976562694e+01
3.883199999511718659e+01
3.812799998779296828e+01
3.848000000976562518e+01
3.863999999755859704e+01
3.932799998779297113e+01
3.926399999023437459e+01
3.934400000366211003e+01
3.908800000732421864e+01
3.932799998779297113e+01
3.836799999145507911e+01
3.905599999999999739e+01
3.880000000976562546e+01
4.006400000366210890e+01
3.852799999389648633e+01
4.075200000366211128e+01
4.007999999389648593e+01
4.083199999755859722e+01
4.012800000976562842e+01
3.937599999389648531e+01
4.011199998779297005e+01
3.987199999145507689e+01
3.990399998779297164e+01
4.004799999389648235e+01
3.993599998657226280e+01
3.956799999755859432e+01
4.059200000488281290e+01
4.027199999755859494e+01
3.955199999389648724e+01
3.948800000366210838e+01
3.953600000122069957e+01
3.923200000732421699e+01
4.001599999145507525e+01
4.164800000976562444e+01
3.959999999755859079e+01
4.001600000122070355e+01
4.035199999999999676e+01
3.985599999145507866e+01
3.955200000732421728e+01
4.075199999633789361e+01
3.982399999999999807e+01
3.953600000732421904e+01
3.972800000366211037e+01
3.767999999389648735e+01
4.078399999389648656e+01
4.064000000122070588e+01
4.067200000732422183e+01
3.991999999145507871e+01
4.064000000976562177e+01
4.022400000122070196e+01
4.054399999023437573e+01
3.958400000976562438e+01
4.023999998779297016e+01
3.963199999816894348e+01
4.063999999816894615e+01
4.043200000000000216e+01
3.911999999023437624e+01
3.939199999023437471e+01
3.969599998779296612e+01
4.065599999816894439e+01
4.078400000366210776e+01
4.150399999389648542e+01
3.969599998779296612e+01
4.043200000000000216e+01
4.121599999511718693e+01
3.971200000732422097e+01
4.099200000732422211e+01
4.004799999755859119e+01
4.030399999389648258e+01
4.972799999389648207e+01
5.097600000244140972e+01
5.236799999633789326e+01
5.241599999755859329e+01
5.214400000610351782e+01
5.419200000000000017e+01
5.388799998291015925e+01
5.425599999023437192e+01
5.468799999633789355e+01
5.481600000610351486e+01
5.496000000976562205e+01
5.495999998291015487e+01
5.547200000000000131e+01
5.531199998657226757e+01
5.550400000244140841e+01
5.532799999267577817e+01
5.556799999023437664e+01
5.534399999389648173e+01
5.508799998657226382e+01
5.587200000366210872e+01
5.638399999023437204e+01
5.687999998291015658e+01
5.636799999023437380e+01
5.644799998657226325e+01
5.632000000610351265e+01
5.664000000366210941e+01
5.759999997314453424e+01
5.782399999633788923e+01
5.735999999633789059e+01
5.740800000244140477e+01
5.753600000000000136e+01
5.743999998291015885e+01
5.758399999023437488e+01
5.759999998657226428e+01
5.788800000244140875e+01
5.814399999023437715e+01
5.780799998291015385e+01
5.815999999389648423e+01
5.812799999633789128e+01
5.838400000244140386e+01
5.793600000366210878e+01
5.873599999389648474e+01
5.886400001464843967e+01
5.801600001464844070e+01
5.943999999999999773e+01
5.920000000244140637e+01
5.975999999999999801e+01
5.904000000610351861e+01
5.913600000244140631e+01
5.999999997314453282e+01
6.084799999511718482e+01
6.022400000610351611e+01
6.060800000244140762e+01
6.100800000244140620e+01
6.118399998657226746e+01
6.099200001464843979e+01
6.113599999389648332e+01
6.099199998657226729e+01
6.153599999511718721e+01
6.071999997314453168e+01
6.049600000000000222e+01
6.076800000244140421e+01
6.049600000610351458e+01
6.086400000610351668e+01
6.070399998657226348e+01
6.175999997314453083e+01
6.227200000976562677e+01
6.089600000488281495e+01
6.094399999267577783e+01
6.067199998291015817e+01
6.120000000244140637e+01
6.104000000244140978e+01
6.124799998291015868e+01
6.097600001464843444e+01
6.054399998657226689e+01
6.092799998291015839e+01
6.121600000610351344e+01
6.113599998657226564e+01
6.086399999023437601e+01
6.183999997558593975e+01
6.121599999267578340e+01
6.140799999633789241e+01
6.150400001464844024e+01
6.084800000244140961e+01
6.119999998657226570e+01
6.140799998657226411e+01
6.144000000610351719e+01
6.143999997314453054e+01
6.078400000244140955e+01
6.134399997314453401e+01
6.151999999633788718e+01
6.113599999023437448e+01
6.075200000244140597e+01
6.105599999023437618e+01
6.153599999267578369e+01
6.079999999267577948e+01
6.081599999267577772e+01
6.112000000244140807e+01
6.116799999633789042e+01
6.147199998657226416e+01
