2.551126480102539062e-02
1.989984512329101562e-02
3.948044776916503906e-02
3.897547721862792969e-02
2.861261367797851562e-02
1.978158950805664062e-02
1.855349540710449219e-02
2.430224418640136719e-02
2.250123023986816406e-02
2.636337280273437500e-02
1.816725730895996094e-02
1.705455780029296875e-02
2.834939956665039062e-02
3.332471847534179688e-02
1.625084877014160156e-02
2.442598342895507812e-02
3.688859939575195312e-02
2.392792701721191406e-02
1.309418678283691406e-02
2.278518676757812500e-02
3.128433227539062500e-02
3.399848937988281250e-02
5.137610435485839844e-02
3.252029418945312500e-02
1.797151565551757812e-02
2.300119400024414062e-02
2.424597740173339844e-02
1.630377769470214844e-02
3.633666038513183594e-02
1.477360725402832031e-02
3.906154632568359375e-02
3.772592544555664062e-02
3.266859054565429688e-02
2.611851692199707031e-02
2.221035957336425781e-02
2.969646453857421875e-02
1.697635650634765625e-02
2.585625648498535156e-02
1.900553703308105469e-02
2.707409858703613281e-02
3.290605545043945312e-02
1.264119148254394531e-02
2.509951591491699219e-02
1.995778083801269531e-02
2.954483032226562500e-02
2.903842926025390625e-02
3.526282310485839844e-02
1.673698425292968750e-02
3.616523742675781250e-02
2.294969558715820312e-02
2.705383300781250000e-02
1.674389839172363281e-02
3.186130523681640625e-02
2.936768531799316406e-02
1.311063766479492188e-02
2.539324760437011719e-02
1.979303359985351562e-02
4.577755928039550781e-02
3.140640258789062500e-02
3.517365455627441406e-02
2.968859672546386719e-02
4.134082794189453125e-02
2.599692344665527344e-02
5.076861381530761719e-02
3.718781471252441406e-02
3.539586067199707031e-02
1.379823684692382812e-02
3.100538253784179688e-02
3.676843643188476562e-02
2.219319343566894531e-02
1.964187622070312500e-02
1.762104034423828125e-02
2.001404762268066406e-02
3.407764434814453125e-02
1.815462112426757812e-02
2.959060668945312500e-02
3.272891044616699219e-02
2.487564086914062500e-02
3.868937492370605469e-02
3.906178474426269531e-02
3.261590003967285156e-02
5.141401290893554688e-02
2.381634712219238281e-02
5.360078811645507812e-02
6.192207336425781250e-03
2.487206459045410156e-02
3.844690322875976562e-02
1.467370986938476562e-02
3.309988975524902344e-02
2.523136138916015625e-02
3.631687164306640625e-02
3.152322769165039062e-02
3.713893890380859375e-02
1.392960548400878906e-02
2.943015098571777344e-02
3.186368942260742188e-02
2.288985252380371094e-02
2.218461036682128906e-02
4.293012619018554688e-02
1.869797706604003906e-02
1.685714721679687500e-02
2.847027778625488281e-02
4.073548316955566406e-02
3.602647781372070312e-02
3.297638893127441406e-02
2.960944175720214844e-02
3.075408935546875000e-02
2.603745460510253906e-02
3.937530517578125000e-02
1.703190803527832031e-02
4.472374916076660156e-02
2.241420745849609375e-02
1.385831832885742188e-02
1.757001876831054688e-02
3.569412231445312500e-02
4.227495193481445312e-02
2.642655372619628906e-02
2.825379371643066406e-02
3.315281867980957031e-02
1.377224922180175781e-02
1.713609695434570312e-02
2.426815032958984375e-02
1.891326904296875000e-02
2.761745452880859375e-02
3.441977500915527344e-02
2.965021133422851562e-02
2.803707122802734375e-02
2.717566490173339844e-02
2.964639663696289062e-02
2.876424789428710938e-02
2.592301368713378906e-02
1.293087005615234375e-02
2.882719039916992188e-02
2.317261695861816406e-02
2.606654167175292969e-02
7.650613784790039062e-03
2.333140373229980469e-02
3.549981117248535156e-02
1.927351951599121094e-02
4.465770721435546875e-02
3.830766677856445312e-02
1.219630241394042969e-02
3.370213508605957031e-02
3.282356262207031250e-02
2.176666259765625000e-02
3.269076347351074219e-02
7.306098937988281250e-03
3.796863555908203125e-02
2.518510818481445312e-02
2.092027664184570312e-02
3.480434417724609375e-02
6.380844116210937500e-02
2.400112152099609375e-02
3.068542480468750000e-02
1.468014717102050781e-02
4.622387886047363281e-02
2.207255363464355469e-02
7.788419723510742188e-03
3.333878517150878906e-02
2.904057502746582031e-02
4.583907127380371094e-02
1.284241676330566406e-02
3.186249732971191406e-02
1.814484596252441406e-02
7.069826126098632812e-03
2.431774139404296875e-02
3.506016731262207031e-02
3.135871887207031250e-02
1.854920387268066406e-02
2.981710433959960938e-02
3.586077690124511719e-02
1.845359802246093750e-02
2.376890182495117188e-02
3.696632385253906250e-02
2.924299240112304688e-02
2.933859825134277344e-02
2.080726623535156250e-02
3.845047950744628906e-02
2.525591850280761719e-02
3.404211997985839844e-02
1.323246955871582031e-02
3.993868827819824219e-02
3.761029243469238281e-02
3.735256195068359375e-02
2.279877662658691406e-02
3.306460380554199219e-02
2.397394180297851562e-02
2.428770065307617188e-02
6.796121597290039062e-03
2.289748191833496094e-02
4.081487655639648438e-02
7.498741149902343750e-03
3.478026390075683594e-02
2.704620361328125000e-02
1.881456375122070312e-02
4.466986656188964844e-02
2.241563796997070312e-02
4.144287109375000000e-02
3.412079811096191406e-02
7.443428039550781250e-03
