1.264572954177856445e+01
9.428613901138305664e+00
9.701146841049194336e+00
1.148903536796569824e+01
1.187465882301330566e+01
1.207904171943664551e+01
9.435503005981445312e+00
9.448288679122924805e+00
1.004686832427978516e+01
1.078513956069946289e+01
1.017733240127563477e+01
9.304656028747558594e+00
9.465474128723144531e+00
9.525567293167114258e+00
8.930506229400634766e+00
1.000526666641235352e+01
9.763766527175903320e+00
9.487239599227905273e+00
8.999853134155273438e+00
9.681863069534301758e+00
9.429091930389404297e+00
9.670065402984619141e+00
1.036520981788635254e+01
1.030095958709716797e+01
9.138215541839599609e+00
1.063142228126525879e+01
1.087895631790161133e+01
9.649228811264038086e+00
1.188607549667358398e+01
9.047564744949340820e+00
9.742112874984741211e+00
1.032365942001342773e+01
1.000805592536926270e+01
9.695706844329833984e+00
9.462330102920532227e+00
9.335194826126098633e+00
1.054950332641601562e+01
1.178363609313964844e+01
9.490223646163940430e+00
9.711163043975830078e+00
1.073621606826782227e+01
9.340071916580200195e+00
9.599744319915771484e+00
9.570746660232543945e+00
9.289952278137207031e+00
1.084263730049133301e+01
9.689123630523681641e+00
8.978260993957519531e+00
9.963544368743896484e+00
9.403425216674804688e+00
9.330276489257812500e+00
9.077735900878906250e+00
9.803721427917480469e+00
1.004997801780700684e+01
9.496287822723388672e+00
9.938489198684692383e+00
9.951543092727661133e+00
1.004054236412048340e+01
9.663068532943725586e+00
9.636923313140869141e+00
9.410568237304687500e+00
1.116172742843627930e+01
1.079402518272399902e+01
1.175673222541809082e+01
1.014666867256164551e+01
9.926199674606323242e+00
9.202738046646118164e+00
9.646646499633789062e+00
1.011450123786926270e+01
1.064364004135131836e+01
1.116986751556396484e+01
9.015559196472167969e+00
1.255948042869567871e+01
9.818492174148559570e+00
9.448693037033081055e+00
9.729503154754638672e+00
9.686260700225830078e+00
9.478002548217773438e+00
9.399045705795288086e+00
1.100517868995666504e+01
9.684315204620361328e+00
9.876206636428833008e+00
9.728047847747802734e+00
1.008386325836181641e+01
1.167321157455444336e+01
1.120121288299560547e+01
9.870243310928344727e+00
9.621152400970458984e+00
1.006561470031738281e+01
9.557339429855346680e+00
9.850019931793212891e+00
1.106623101234436035e+01
1.100913453102111816e+01
1.218033385276794434e+01
1.110462927818298340e+01
9.585834741592407227e+00
9.826582908630371094e+00
9.702073812484741211e+00
9.972363471984863281e+00
9.560483217239379883e+00
9.386390209197998047e+00
9.801730632781982422e+00
1.271940135955810547e+01
9.987973928451538086e+00
9.419313907623291016e+00
9.573082685470581055e+00
1.010019659996032715e+01
9.357389926910400391e+00
1.139019322395324707e+01
9.302870750427246094e+00
1.038657808303833008e+01
1.153456759452819824e+01
1.130417513847351074e+01
1.198731350898742676e+01
9.837978124618530273e+00
9.975143432617187500e+00
9.470501661300659180e+00
1.149636101722717285e+01
9.467528820037841797e+00
9.008415937423706055e+00
9.056217432022094727e+00
9.102907180786132812e+00
1.196332645416259766e+01
1.086189556121826172e+01
9.805893898010253906e+00
9.594791412353515625e+00
1.130737781524658203e+01
9.732941389083862305e+00
9.441063642501831055e+00
1.040721654891967773e+01
9.647500753402709961e+00
1.208369708061218262e+01
9.253873109817504883e+00
9.826001405715942383e+00
1.080423355102539062e+01
1.003284239768981934e+01
1.052587318420410156e+01
9.583971738815307617e+00
9.244037866592407227e+00
9.799200057983398438e+00
1.027064704895019531e+01
9.315562248229980469e+00
1.021907567977905273e+01
1.133641743659973145e+01
9.716723442077636719e+00
9.929843425750732422e+00
1.215772843360900879e+01
9.582953929901123047e+00
9.377554416656494141e+00
9.773053884506225586e+00
9.592448711395263672e+00
1.037953782081604004e+01
9.110622167587280273e+00
9.930071353912353516e+00
9.145511150360107422e+00
1.096366620063781738e+01
1.074566936492919922e+01
1.120726156234741211e+01
9.704964876174926758e+00
1.000723600387573242e+01
1.026227307319641113e+01
1.217849349975585938e+01
1.052733945846557617e+01
9.650588035583496094e+00
9.082210540771484375e+00
9.108676195144653320e+00
9.942250013351440430e+00
9.508863210678100586e+00
9.266483068466186523e+00
9.423877477645874023e+00
1.084544014930725098e+01
1.023812317848205566e+01
9.775536537170410156e+00
9.591077089309692383e+00
9.441757917404174805e+00
9.999928474426269531e+00
1.187911558151245117e+01
9.603275537490844727e+00
9.777926445007324219e+00
9.778270721435546875e+00
8.956513404846191406e+00
1.098726034164428711e+01
9.914008617401123047e+00
9.829372167587280273e+00
9.372306823730468750e+00
1.241016983985900879e+01
9.567869424819946289e+00
9.764075517654418945e+00
9.514495134353637695e+00
9.533554315567016602e+00
1.105121135711669922e+01
9.326887845993041992e+00
9.776882171630859375e+00
9.648681163787841797e+00
9.566901922225952148e+00
9.637000799179077148e+00
9.567718029022216797e+00
1.143190002441406250e+01
1.186975431442260742e+01
9.184846401214599609e+00
