2.554702758789062500e-02
1.993060111999511719e-02
3.945565223693847656e-02
3.896713256835937500e-02
2.861332893371582031e-02
1.975369453430175781e-02
1.854372024536132812e-02
2.429771423339843750e-02
2.245545387268066406e-02
2.633571624755859375e-02
1.813268661499023438e-02
1.703119277954101562e-02
2.831697463989257812e-02
3.329920768737792969e-02
1.621937751770019531e-02
2.441406250000000000e-02
3.688025474548339844e-02
2.392244338989257812e-02
1.305603981018066406e-02
2.274918556213378906e-02
3.129768371582031250e-02
3.399848937988281250e-02
5.139780044555664062e-02
3.251671791076660156e-02
1.796245574951171875e-02
2.298402786254882812e-02
2.422356605529785156e-02
1.628351211547851562e-02
3.633356094360351562e-02
1.474213600158691406e-02
3.905534744262695312e-02
3.772211074829101562e-02
3.269696235656738281e-02
2.609229087829589844e-02
2.216935157775878906e-02
2.968287467956542969e-02
1.697468757629394531e-02
2.582263946533203125e-02
1.898694038391113281e-02
2.706956863403320312e-02
3.287720680236816406e-02
1.263642311096191406e-02
2.507042884826660156e-02
1.992106437683105469e-02
2.950954437255859375e-02
2.901124954223632812e-02
3.521394729614257812e-02
1.671743392944335938e-02
3.616166114807128906e-02
2.296423912048339844e-02
2.706456184387207031e-02
1.672053337097167969e-02
3.182578086853027344e-02
2.933621406555175781e-02
1.310658454895019531e-02
2.535891532897949219e-02
1.978397369384765625e-02
4.582691192626953125e-02
3.143239021301269531e-02
3.515028953552246094e-02
2.970314025878906250e-02
4.138302803039550781e-02
2.601075172424316406e-02
5.080842971801757812e-02
3.717875480651855469e-02
3.538417816162109375e-02
1.378488540649414062e-02
3.097057342529296875e-02
3.676939010620117188e-02
2.219128608703613281e-02
1.963400840759277344e-02
1.765751838684082031e-02
1.998448371887207031e-02
3.405570983886718750e-02
1.813793182373046875e-02
2.948164939880371094e-02
3.269696235656738281e-02
2.488565444946289062e-02
3.857064247131347656e-02
3.902888298034667969e-02
3.263092041015625000e-02
5.139064788818359375e-02
2.380561828613281250e-02
5.365180969238281250e-02
6.180763244628906250e-03
2.484130859375000000e-02
3.842687606811523438e-02
1.466107368469238281e-02
3.306317329406738281e-02
2.522349357604980469e-02
3.631067276000976562e-02
3.155875205993652344e-02
3.713154792785644531e-02
1.390671730041503906e-02
2.978420257568359375e-02
3.183698654174804688e-02
2.291679382324218750e-02
2.218675613403320312e-02
4.293155670166015625e-02
1.867413520812988281e-02
1.684689521789550781e-02
2.847099304199218750e-02
4.069447517395019531e-02
3.599905967712402344e-02
3.297185897827148438e-02
2.957057952880859375e-02
2.982354164123535156e-02
2.602386474609375000e-02
3.934741020202636719e-02
1.701831817626953125e-02
4.470920562744140625e-02
2.237987518310546875e-02
1.382756233215332031e-02
1.754403114318847656e-02
3.567147254943847656e-02
4.225444793701171875e-02
2.640366554260253906e-02
2.828192710876464844e-02
3.314733505249023438e-02
1.375341415405273438e-02
1.714563369750976562e-02
2.425551414489746094e-02
1.889753341674804688e-02
2.758574485778808594e-02
3.443694114685058594e-02
2.964377403259277344e-02
2.801823616027832031e-02
2.715706825256347656e-02
2.965927124023437500e-02
2.875924110412597656e-02
2.590131759643554688e-02
1.291131973266601562e-02
2.878761291503906250e-02
2.316761016845703125e-02
2.606129646301269531e-02
7.637977600097656250e-03
2.331757545471191406e-02
3.548717498779296875e-02
1.927137374877929688e-02
4.465126991271972656e-02
3.833794593811035156e-02
1.218056678771972656e-02
3.367662429809570312e-02
3.281426429748535156e-02
2.174377441406250000e-02
3.267407417297363281e-02
7.296800613403320312e-03
3.797149658203125000e-02
2.519655227661132812e-02
2.091407775878906250e-02
3.476595878601074219e-02
6.377720832824707031e-02
2.397298812866210938e-02
3.065323829650878906e-02
1.469159126281738281e-02
4.618620872497558594e-02
2.206349372863769531e-02
7.728338241577148438e-03
3.334474563598632812e-02
2.906441688537597656e-02
4.578375816345214844e-02
1.283884048461914062e-02
3.181362152099609375e-02
1.811480522155761719e-02
7.048368453979492188e-03
2.434134483337402344e-02
3.496479988098144531e-02
3.134226799011230469e-02
1.850605010986328125e-02
2.979493141174316406e-02
3.588008880615234375e-02
1.841807365417480469e-02
2.372241020202636719e-02
3.693318367004394531e-02
2.922081947326660156e-02
2.933335304260253906e-02
2.075171470642089844e-02
3.845930099487304688e-02
2.523112297058105469e-02
3.403615951538085938e-02
1.320123672485351562e-02
3.990435600280761719e-02
3.760933876037597656e-02
3.735828399658203125e-02
2.282023429870605469e-02
3.307056427001953125e-02
2.396821975708007812e-02
2.426958084106445312e-02
6.759405136108398438e-03
2.289223670959472656e-02
4.083442687988281250e-02
7.483243942260742188e-03
3.476953506469726562e-02
2.712202072143554688e-02
1.880168914794921875e-02
4.466891288757324219e-02
2.239346504211425781e-02
4.142594337463378906e-02
3.408098220825195312e-02
7.443189620971679688e-03
