1.035507082939147949e+01
9.469414472579956055e+00
9.879381418228149414e+00
9.488985300064086914e+00
9.632903099060058594e+00
1.019147872924804688e+01
1.071494054794311523e+01
1.072096014022827148e+01
1.171870017051696777e+01
9.671374797821044922e+00
1.037501692771911621e+01
9.398124217987060547e+00
1.075167179107666016e+01
1.070985960960388184e+01
1.058150792121887207e+01
1.064881181716918945e+01
9.935945034027099609e+00
9.534734487533569336e+00
8.964519262313842773e+00
1.189465475082397461e+01
1.074724268913269043e+01
9.534407377243041992e+00
1.054454064369201660e+01
1.000178670883178711e+01
9.307663440704345703e+00
9.118751287460327148e+00
9.897610187530517578e+00
9.847450494766235352e+00
9.714757919311523438e+00
9.301547527313232422e+00
9.639424324035644531e+00
1.036708164215087891e+01
1.002514100074768066e+01
1.072037315368652344e+01
9.451292753219604492e+00
9.284485101699829102e+00
9.127120018005371094e+00
1.012887358665466309e+01
9.598345041275024414e+00
1.010650205612182617e+01
9.766157388687133789e+00
9.355825662612915039e+00
9.607515573501586914e+00
9.723696470260620117e+00
9.362013816833496094e+00
1.032606077194213867e+01
1.104177188873291016e+01
1.073063921928405762e+01
9.848927021026611328e+00
9.331232309341430664e+00
9.418637752532958984e+00
9.108326911926269531e+00
9.596861362457275391e+00
1.000306510925292969e+01
9.471712589263916016e+00
9.881179571151733398e+00
1.002754068374633789e+01
1.015693950653076172e+01
9.847489833831787109e+00
9.821948528289794922e+00
9.486986875534057617e+00
1.022535061836242676e+01
9.527663946151733398e+00
1.031041026115417480e+01
1.229716610908508301e+01
9.928727388381958008e+00
1.140236735343933105e+01
9.737085103988647461e+00
9.998856544494628906e+00
8.951694250106811523e+00
9.765058279037475586e+00
9.000659942626953125e+00
9.805060386657714844e+00
1.116804599761962891e+01
9.394507884979248047e+00
1.270774650573730469e+01
1.097617864608764648e+01
9.542650938034057617e+00
9.560889244079589844e+00
9.480547189712524414e+00
1.209047460556030273e+01
9.733099222183227539e+00
9.427809476852416992e+00
1.002561259269714355e+01
9.151448011398315430e+00
9.533873081207275391e+00
1.002184224128723145e+01
1.075195884704589844e+01
1.269024586677551270e+01
1.188165402412414551e+01
1.193842840194702148e+01
9.558609724044799805e+00
9.818557500839233398e+00
9.205876111984252930e+00
9.641476631164550781e+00
1.172594904899597168e+01
9.421987771987915039e+00
1.210037112236022949e+01
1.001474499702453613e+01
9.605045795440673828e+00
1.229931688308715820e+01
1.166805362701416016e+01
9.813683986663818359e+00
9.876981019973754883e+00
9.736019611358642578e+00
1.170437455177307129e+01
9.831736326217651367e+00
9.565080165863037109e+00
9.879581451416015625e+00
9.704725980758666992e+00
1.010430192947387695e+01
9.345889806747436523e+00
9.627440929412841797e+00
9.100168704986572266e+00
1.225142312049865723e+01
1.088623452186584473e+01
9.586899280548095703e+00
1.010955333709716797e+01
1.172632837295532227e+01
1.186455917358398438e+01
8.805079698562622070e+00
1.057704687118530273e+01
9.118822813034057617e+00
9.563461542129516602e+00
1.156667160987854004e+01
9.745744228363037109e+00
1.001395606994628906e+01
9.949725866317749023e+00
9.528962850570678711e+00
1.223681974411010742e+01
9.823103904724121094e+00
9.360953569412231445e+00
9.288288354873657227e+00
9.887725114822387695e+00
9.723487377166748047e+00
9.982238531112670898e+00
8.943681001663208008e+00
1.153507685661315918e+01
1.058052611351013184e+01
1.106727099418640137e+01
1.037717437744140625e+01
1.183971905708312988e+01
1.184899258613586426e+01
9.665231704711914062e+00
1.132023882865905762e+01
9.971728324890136719e+00
9.310311555862426758e+00
1.009443879127502441e+01
9.308125734329223633e+00
9.804949045181274414e+00
1.205724120140075684e+01
1.091400980949401855e+01
1.164602231979370117e+01
1.116716241836547852e+01
9.315057277679443359e+00
1.035800600051879883e+01
1.013291764259338379e+01
8.778465986251831055e+00
9.827273845672607422e+00
1.205832862854003906e+01
1.008467745780944824e+01
9.243421792984008789e+00
1.072770619392395020e+01
9.370909690856933594e+00
9.104987382888793945e+00
9.288904428482055664e+00
9.908418178558349609e+00
9.587145566940307617e+00
9.157815933227539062e+00
9.516775369644165039e+00
9.957691192626953125e+00
1.021989345550537109e+01
9.893438816070556641e+00
9.503599405288696289e+00
9.441680431365966797e+00
1.004386377334594727e+01
9.916284322738647461e+00
1.127677822113037109e+01
1.150218200683593750e+01
1.012282371520996094e+01
9.040866136550903320e+00
9.818559885025024414e+00
9.868938922882080078e+00
9.784110784530639648e+00
9.396117925643920898e+00
9.832328319549560547e+00
9.660070419311523438e+00
9.203152894973754883e+00
1.026710128784179688e+01
9.761044025421142578e+00
9.986415147781372070e+00
9.172598838806152344e+00
1.176072144508361816e+01
9.812963962554931641e+00
9.467291116714477539e+00
9.586187601089477539e+00
9.808698415756225586e+00
1.014255261421203613e+01
9.403603792190551758e+00
9.168668985366821289e+00
