1.044800000000000040e+01
1.236799999938964767e+01
1.694399999908447185e+01
2.001600000488281239e+01
2.121599999877929577e+01
2.334399999572753970e+01
2.486399999145507778e+01
2.595199999511718758e+01
2.676800000183105510e+01
2.723200000732421699e+01
2.825599999145507724e+01
2.902400000488281151e+01
3.075199999816894447e+01
3.006399999816894564e+01
3.025599999511718607e+01
3.204799999816894740e+01
3.148799998779296772e+01
3.211200000122070009e+01
3.284800000122070429e+01
3.288000000183105698e+01
3.353600000732421904e+01
3.499200000366210617e+01
3.564799999511718909e+01
3.644800000000000040e+01
3.555200000488281376e+01
3.745599999816894865e+01
3.635200000366211270e+01
3.723199999145507633e+01
3.729599999755859585e+01
3.743999999755859420e+01
3.833600000122070384e+01
3.908799999145507797e+01
3.862399999145507934e+01
3.872000000488281302e+01
3.958399998779297135e+01
3.921599999755859045e+01
4.060799999023437579e+01
4.041599999145508093e+01
4.008000000732421597e+01
4.049600000122070043e+01
4.166399998779296965e+01
4.048000000488281103e+01
4.147199998779296948e+01
3.996800000732422120e+01
4.174400000976562808e+01
4.214400000366210719e+01
4.267199999023437584e+01
4.171200000610351566e+01
4.209599999755859301e+01
4.241600000488281097e+01
4.191999999389648224e+01
4.161599999755859614e+01
4.268799999755859176e+01
4.180799998779296800e+01
4.113599999023437448e+01
4.206400000488281421e+01
4.212799999389648775e+01
4.244799999023437209e+01
4.230399998779297022e+01
4.262400000610351469e+01
4.211199999267578420e+01
4.166399999389648201e+01
4.148799999511718539e+01
4.286400000366210605e+01
4.222399999389648428e+01
4.209599999755859301e+01
4.152000000122070134e+01
4.123199999755859579e+01
4.080000000732422194e+01
4.134399999389648173e+01
4.227200000366210730e+01
4.116799998779296743e+01
4.187200000976562819e+01
4.059199998779296692e+01
4.281600000732422018e+01
4.199999999755859648e+01
4.267199999999999704e+01
4.131200000976562592e+01
4.134400000610351356e+01
3.990400000732422114e+01
4.296000000366210969e+01
4.086399999816894280e+01
3.945599999145508008e+01
4.211199999023437357e+01
3.958399999755859255e+01
4.230400000122070026e+01
3.996799999755859290e+01
3.995200000732421586e+01
4.140799999145507826e+01
4.039999999389648622e+01
4.233600000732421620e+01
4.129600000488281353e+01
4.161599999999999966e+01
4.216000000976562490e+01
4.044799999816894598e+01
3.991999998779296988e+01
4.191999999755859108e+01
4.190399999755859284e+01
4.206399999755859653e+01
4.175999999389648565e+01
5.182399999145507508e+01
5.464000000610351293e+01
5.491200000244140966e+01
5.591999999633789287e+01
5.488000000976562376e+01
5.582399998657226803e+01
5.628799999267577903e+01
5.630399999023437374e+01
5.659199999023437755e+01
5.689599998657226365e+01
5.696000000610351321e+01
5.707200000610351509e+01
5.688000001464843791e+01
5.699200000366210617e+01
5.801599998291015936e+01
5.769600000610351742e+01
5.729600000610351884e+01
5.830399999267578437e+01
5.814399999633788951e+01
5.899200000610351680e+01
5.860799999633788815e+01
5.819199998657226303e+01
5.851200000488281461e+01
5.902399997314453373e+01
5.915199998291015504e+01
5.913599998657226564e+01
5.896000000610351321e+01
5.940799997314453407e+01
5.911999999267577977e+01
5.958400000610351555e+01
5.934399999633789236e+01
5.892799999023437607e+01
5.982399999023437687e+01
5.971199998291015731e+01
5.999999999633789116e+01
5.937599999267577999e+01
6.014399998657226831e+01
6.016000000610351606e+01
6.012800000488281427e+01
6.032000000610351265e+01
6.023999998291015601e+01
6.051199998657226331e+01
6.015999998291015771e+01
6.107199999389648326e+01
6.137599997314453049e+01
6.031999999267578261e+01
6.081600000244140602e+01
6.137600000244140830e+01
6.147200000976562251e+01
6.166399999267578380e+01
6.220799998291015953e+01
6.180799998291015385e+01
6.263999997314453339e+01
6.217600000610351429e+01
6.286400000976562552e+01
6.228799998291015783e+01
6.228799999023437550e+01
6.240000000244140921e+01
6.230399998657226490e+01
6.337599997314453049e+01
6.292799998291015839e+01
6.289600001464843615e+01
6.240000001464844104e+01
6.272000001464843422e+01
6.227199999023437726e+01
6.270400000244140415e+01
6.334399997314453401e+01
6.315199999511718687e+01
6.299199998291015845e+01
6.281600000610351486e+01
6.300799999633789383e+01
6.316799999389648690e+01
6.366400001464843683e+01
6.310399999023437800e+01
6.299200000488281148e+01
6.286399999267577954e+01
6.300800001464843803e+01
6.273600000610351657e+01
6.323199999267578164e+01
6.294399998291015663e+01
6.313599998291015680e+01
6.310399998291015322e+01
6.291199999267578136e+01
6.303999997314453196e+01
6.294400000488280966e+01
6.369599999633788912e+01
6.297599997314453191e+01
6.259199998291015277e+01
6.303999999633789031e+01
6.332800000000000296e+01
6.287999998291015658e+01
6.326400000976562410e+01
6.348800000244140307e+01
6.316799999389648690e+01
6.318399999999999750e+01
6.289599999267578312e+01
6.292800001464843973e+01
6.323200000244140284e+01
6.308799999267578329e+01
6.289600001464843615e+01
