2.389612034454345668e+00
2.307877192840576352e+00
2.255620791244506762e+00
2.260255862121582027e+00
2.162297897491455068e+00
2.134508838844299206e+00
2.105133928833007761e+00
2.043367231597900346e+00
2.026930386886596658e+00
2.017778998184204031e+00
1.985533215713501054e+00
1.968710959587097076e+00
1.953555682411193928e+00
1.946582011451721161e+00
1.949190551300048924e+00
1.928783742408752389e+00
1.885402776870727548e+00
1.909052488708496087e+00
1.882233965225219796e+00
1.889419057312011763e+00
1.892088842658996573e+00
1.900692093276977523e+00
1.860343016891479406e+00
1.858855490913391195e+00
1.861344059371948134e+00
1.844894973373413016e+00
1.859607629776000914e+00
1.878984602317810060e+00
1.836639486999511739e+00
1.878562162399292079e+00
1.833577940902709980e+00
1.847437532577514752e+00
1.849012076225280854e+00
1.860985088195800774e+00
1.851552636413574149e+00
1.852243395614624033e+00
1.823822062835693369e+00
1.838676271972656151e+00
1.828917256851196216e+00
1.853348789062500002e+00
1.858854728851318416e+00
1.853237639389038183e+00
1.833045735969543566e+00
1.851738668060302739e+00
1.836277831802368254e+00
1.851423657608032292e+00
1.848434160232544032e+00
1.843579494667053176e+00
1.832411320877075145e+00
1.834224404067993142e+00
1.873766416244506905e+00
1.837541108589172412e+00
1.863478733139038113e+00
1.861368005104064860e+00
1.880431092224121192e+00
1.864602511558532738e+00
1.882551126976013123e+00
1.864182437820434579e+00
1.864724094276428268e+00
1.889908821182251009e+00
1.869322853393554640e+00
1.909340581741332921e+00
1.908139440650939989e+00
1.897300879440307675e+00
1.881400923538208092e+00
1.927641173210143943e+00
1.905720737075805582e+00
1.897939535102844300e+00
1.910297719573974540e+00
1.901149201660156329e+00
1.886592226791381943e+00
1.878070747146606490e+00
1.879665171737670892e+00
1.911672131462097246e+00
1.940454255485534629e+00
1.889024483528137122e+00
1.893277971572876028e+00
1.919221682319641076e+00
1.915987622604370166e+00
1.911578199653625409e+00
1.936578860778808586e+00
1.913216003875732429e+00
1.946507353591918843e+00
1.916754524040222174e+00
1.941206813659668073e+00
1.884549735794067482e+00
1.921332935600280845e+00
1.935829851913452249e+00
1.945235776367187475e+00
1.927118247909545889e+00
1.909891876220703111e+00
1.949075597000122118e+00
1.915984144172668380e+00
1.965820517883300811e+00
1.934053324317932088e+00
1.925817918167114229e+00
1.956430099830627434e+00
1.920481586875915525e+00
1.917969467964172336e+00
1.950134429588317841e+00
1.659259522933959952e+00
1.653168604354858351e+00
1.651436141738891639e+00
1.650554378280639556e+00
1.674195583724975567e+00
1.651259536323547383e+00
1.642084248771667587e+00
1.659687136192321777e+00
1.647542570304870502e+00
1.662572734680175746e+00
1.691574200668334971e+00
1.707596986045837317e+00
1.661171656188964896e+00
1.666759368743896408e+00
1.689422991027831999e+00
1.667687165718078512e+00
1.692452672119140633e+00
1.687139142761230559e+00
1.699070693473816007e+00
1.681825879821777336e+00
1.701547422981262159e+00
1.675214992446899309e+00
1.706427201271057070e+00
1.708706133003234928e+00
1.729097538719177152e+00
1.701522188873290986e+00
1.697427642211914112e+00
1.698614578704833900e+00
1.715870006217956600e+00
1.693069829483032196e+00
1.717590086898803658e+00
1.702625403785705593e+00
1.699204942626953097e+00
1.702548143081665133e+00
1.683577160415649310e+00
1.669122781715393078e+00
1.716976625289917013e+00
1.719347274436950679e+00
1.692870705299377443e+00
1.710318759269714439e+00
1.707135049133300830e+00
1.696826906089782705e+00
1.689839580268859942e+00
1.699070925827026457e+00
1.665397625122070346e+00
1.677579705543517985e+00
1.691467860870361273e+00
1.689103021545410144e+00
1.686233464393615655e+00
1.702450296897888293e+00
1.632482432422637908e+00
1.633359743309021006e+00
1.645256935768127482e+00
1.645125704421997126e+00
1.640773484535217319e+00
1.642471429328918431e+00
1.615301228637695319e+00
1.640609521255493197e+00
1.636732740345001158e+00
1.625874014930725142e+00
1.641064675750732338e+00
1.639983555107116686e+00
1.666919586791992147e+00
1.652239410362243754e+00
1.656202031440734856e+00
1.611112934150695786e+00
1.620200399017333925e+00
1.656092362518310601e+00
1.646453699684143013e+00
1.670757329101562494e+00
1.655476312828064067e+00
1.654563795471191368e+00
1.658095328598022444e+00
1.644068855285644615e+00
1.647332001304626425e+00
1.647991648902892958e+00
1.648778826065063541e+00
1.640908018531799240e+00
1.656530654296874960e+00
1.645309970092773355e+00
1.638119262084960948e+00
1.638576901359558136e+00
1.616414240722656270e+00
1.665264627227783123e+00
1.651633032608032181e+00
1.653352521820068421e+00
1.607480058975219617e+00
1.618747882156372109e+00
1.660588499298095710e+00
1.634224472503662096e+00
1.622231306915283167e+00
1.662064835319519096e+00
1.647799905700683576e+00
1.642593979682922312e+00
1.623452699356079165e+00
1.679156822776794344e+00
1.646354503936767522e+00
1.670353575057983431e+00
1.653429953384399465e+00
1.641817558860778847e+00
