1.057599999954223691e+01
1.214399999511718775e+01
1.412799999908447290e+01
1.721599999908447387e+01
1.992000000488281231e+01
2.239999999816894416e+01
2.256000000488281287e+01
2.575999999816894359e+01
2.609599999816894567e+01
2.723199999572753782e+01
2.785599999816894368e+01
2.902399999511718676e+01
3.183999999816894544e+01
3.307199999389648326e+01
3.329600000122070469e+01
3.428799999816894228e+01
3.390400000488281052e+01
3.654399999389648457e+01
3.601599999755859471e+01
3.732799999755859233e+01
3.787199999145507689e+01
3.776000000366210685e+01
3.849600000122070043e+01
3.865599999389648644e+01
3.734399999755859056e+01
3.848000000366211282e+01
3.804800000122070003e+01
3.880000000732422194e+01
4.028800000122070202e+01
3.916800000244140278e+01
4.028799999389648434e+01
4.084800000122070429e+01
3.968000000732421739e+01
4.033600000976562683e+01
3.967999998779296789e+01
4.059199999389648639e+01
4.068799999633789355e+01
4.065599999389648644e+01
4.073600000732422188e+01
4.084799999816894456e+01
4.014399999023437715e+01
4.067200000122070236e+01
4.084799999145507599e+01
3.931199999755859409e+01
4.081599999755859187e+01
4.083200000976562194e+01
4.134400000000000119e+01
3.916800000976562757e+01
4.168000000732421739e+01
4.028799998779297198e+01
4.036800000732421978e+01
4.009600000732422131e+01
4.080000000366210600e+01
4.129600000366210821e+01
4.020800000732421609e+01
4.041600000366211276e+01
4.091199999633789020e+01
3.974399999633789093e+01
4.115200000732421870e+01
3.979200000366211043e+01
4.017599998779297010e+01
4.228800000366211265e+01
3.990400000366211231e+01
4.017599999755859130e+01
4.132800000732422063e+01
4.078399999389648656e+01
3.955199998779296777e+01
4.046399999999999864e+01
4.003199999389648411e+01
4.007999999755859477e+01
3.934400000000000119e+01
3.921599999816894666e+01
3.955199999145507661e+01
3.975999998779296618e+01
4.049599998779297039e+01
3.998399999145507877e+01
4.038399999511718619e+01
4.012799999389648775e+01
4.150399999755859426e+01
4.025599998779296840e+01
4.062399999816894791e+01
4.174400000732421745e+01
3.947200000000000131e+01
4.110399999755859568e+01
3.892800000366210611e+01
4.006399999755859653e+01
4.009600000488281069e+01
3.865600000366210764e+01
4.044799999816894598e+01
4.014399999999999835e+01
3.955199999816894518e+01
4.022399998779297192e+01
4.105600000366210622e+01
3.977599999389648389e+01
4.015999999755859307e+01
4.059200000610351822e+01
3.945600000732422075e+01
4.017599999755859130e+01
4.076800000732421836e+01
4.095999999633789201e+01
5.054399999389648457e+01
5.257599998657226337e+01
5.231999999755859676e+01
5.465600000610351827e+01
5.454399999023437573e+01
5.457599999389648104e+01
5.568000000244140324e+01
5.567999999999999972e+01
5.555200000244140313e+01
5.639999998291015970e+01
5.647999999999999687e+01
5.641600000244140745e+01
5.731200000244140824e+01
5.580799999023437152e+01
5.646399999999999864e+01
5.676800000976562188e+01
5.779199998291015561e+01
5.740800000000000125e+01
5.793599999633789110e+01
5.795200000366210702e+01
5.788799999633788929e+01
5.790400000244140699e+01
5.851199998291015447e+01
5.865599998657226877e+01
5.817600000000000193e+01
5.884799998291015299e+01
5.886399999633788838e+01
5.899200000610351680e+01
5.884799999389648661e+01
5.910399999023437800e+01
5.931200000244140824e+01
5.911999999023437624e+01
5.881599998657226536e+01
5.876799999023437238e+01
5.942399999267578181e+01
5.966399999267578380e+01
5.956799999999999784e+01
6.041599999633788798e+01
5.931200000244140824e+01
6.039999998657226854e+01
5.979200000244140512e+01
5.996799998291015754e+01
6.051199999633789162e+01
6.017599999633789309e+01
6.020799999633788957e+01
6.057599998657226337e+01
6.022400000488281080e+01
6.017600000244140546e+01
6.030399999023437374e+01
6.100799999023437437e+01
6.158400000244140671e+01
6.217599997314453475e+01
6.187200001464843524e+01
6.280000001464843962e+01
6.263999999267578289e+01
6.243199998657226502e+01
6.220799999633788957e+01
6.233599998779296669e+01
6.219199999633789133e+01
6.239999998657226854e+01
6.216000000488281074e+01
6.262399999023437402e+01
6.208000000488281245e+01
6.207999999267578062e+01
6.264000000488281472e+01
6.255999997314452798e+01
6.283199999267578306e+01
6.265599998657226877e+01
6.316800001464843461e+01
6.262400000244140585e+01
6.286400000244140784e+01
6.287999999511718840e+01
6.281600001464843785e+01
6.276799999267578301e+01
6.246400000366210747e+01
6.292799999389648491e+01
6.262399997314452804e+01
6.273599999999999710e+01
6.288000000244140608e+01
6.244799997314453321e+01
6.231999998291015430e+01
6.304000000244140978e+01
6.289600000244140432e+01
6.278400001464843427e+01
6.284799998291015299e+01
6.313599998291015680e+01
6.259200000244140938e+01
6.299199999633788849e+01
6.382399998291015919e+01
6.332800000610351532e+01
6.233600000244140915e+01
6.273599997314452992e+01
6.297599998657226905e+01
6.315200000610351339e+01
6.308800000610351333e+01
6.305599999267577971e+01
6.271999998291015288e+01
6.289600000610351316e+01
6.270400000366210946e+01
6.294400000610351498e+01
