1.213999938964843750e+01
1.547999954223632812e+01
1.934000015258789062e+01
2.247999954223632812e+01
2.201000022888183594e+01
2.617999839782714844e+01
2.817999839782714844e+01
2.719999885559082031e+01
2.864999961853027344e+01
3.005999946594238281e+01
2.463999938964843750e+01
2.652999877929687500e+01
3.152999877929687500e+01
2.834000015258789062e+01
3.169999885559082031e+01
3.440999984741210938e+01
3.372999954223632812e+01
3.069999885559082031e+01
3.311999893188476562e+01
3.412999725341796875e+01
3.305999755859375000e+01
3.520000076293945312e+01
3.605999755859375000e+01
3.486999893188476562e+01
3.870999908447265625e+01
3.945999908447265625e+01
3.529000091552734375e+01
3.804999923706054688e+01
3.614999771118164062e+01
3.740999984741210938e+01
3.931999969482421875e+01
3.977000045776367188e+01
3.552000045776367188e+01
3.702000045776367188e+01
4.072999954223632812e+01
4.406999969482421875e+01
4.002999877929687500e+01
4.040999984741210938e+01
3.721999740600585938e+01
3.879999923706054688e+01
4.279999923706054688e+01
3.975999832153320312e+01
3.877000045776367188e+01
4.477000045776367188e+01
4.355999755859375000e+01
4.223999786376953125e+01
4.129999923706054688e+01
4.087999725341796875e+01
4.065999984741210938e+01
4.214999771118164062e+01
4.275000000000000000e+01
4.140999984741210938e+01
3.957999801635742188e+01
4.184999847412109375e+01
4.203999710083007812e+01
4.234999847412109375e+01
3.661000061035156250e+01
4.390999984741210938e+01
4.203999710083007812e+01
3.907999801635742188e+01
3.920999908447265625e+01
4.403999710083007812e+01
4.502999877929687500e+01
3.650999832153320312e+01
3.922999954223632812e+01
4.241999816894531250e+01
4.059000015258789062e+01
4.412999725341796875e+01
4.252000045776367188e+01
3.734000015258789062e+01
3.952999877929687500e+01
4.534000015258789062e+01
4.064999771118164062e+01
4.246999740600585938e+01
4.184000015258789062e+01
4.209999847412109375e+01
4.691999816894531250e+01
4.422999954223632812e+01
4.538999938964843750e+01
4.350000000000000000e+01
4.061999893188476562e+01
4.277999877929687500e+01
4.146999740600585938e+01
4.341999816894531250e+01
4.031999969482421875e+01
3.957999801635742188e+01
4.554999923706054688e+01
3.550999832153320312e+01
4.253999710083007812e+01
4.346999740600585938e+01
3.834000015258789062e+01
4.286999893188476562e+01
4.139999771118164062e+01
4.065999984741210938e+01
4.338999938964843750e+01
4.243999862670898438e+01
3.620000076293945312e+01
4.127999877929687500e+01
4.250999832153320312e+01
4.111999893188476562e+01
4.930999755859375000e+01
4.984999847412109375e+01
5.030999755859375000e+01
5.077000045776367188e+01
5.109000015258789062e+01
5.154999923706054688e+01
5.180999755859375000e+01
5.114999771118164062e+01
5.159999847412109375e+01
5.198999786376953125e+01
5.209000015258789062e+01
5.197999954223632812e+01
5.200000000000000000e+01
5.200000000000000000e+01
5.230999755859375000e+01
5.273999786376953125e+01
5.228999710083007812e+01
5.168000030517578125e+01
5.263999938964843750e+01
5.178999710083007812e+01
5.228999710083007812e+01
5.350000000000000000e+01
5.350000000000000000e+01
5.355999755859375000e+01
5.285999679565429688e+01
5.278999710083007812e+01
5.305999755859375000e+01
5.382999801635742188e+01
5.268000030517578125e+01
5.395999908447265625e+01
5.318999862670898438e+01
5.332999801635742188e+01
5.435999679565429688e+01
5.288999938964843750e+01
5.382999801635742188e+01
5.431999969482421875e+01
5.493999862670898438e+01
5.387999725341796875e+01
5.350000000000000000e+01
5.387999725341796875e+01
5.427999877929687500e+01
5.307999801635742188e+01
5.279999923706054688e+01
5.475999832153320312e+01
5.315999984741210938e+01
5.516999816894531250e+01
5.398999786376953125e+01
5.502999877929687500e+01
5.543999862670898438e+01
5.484999847412109375e+01
5.539999771118164062e+01
5.577999877929687500e+01
5.596999740600585938e+01
5.564999771118164062e+01
5.562999725341796875e+01
5.580999755859375000e+01
5.561999893188476562e+01
5.553999710083007812e+01
5.611999893188476562e+01
5.552000045776367188e+01
5.577999877929687500e+01
5.572999954223632812e+01
5.563999938964843750e+01
5.579999923706054688e+01
5.529999923706054688e+01
5.587999725341796875e+01
5.579999923706054688e+01
5.580999755859375000e+01
5.578999710083007812e+01
5.627999877929687500e+01
5.552000045776367188e+01
5.569999694824218750e+01
5.600000000000000000e+01
5.588999938964843750e+01
5.568999862670898438e+01
5.580999755859375000e+01
5.591999816894531250e+01
5.568000030517578125e+01
5.575000000000000000e+01
5.561999893188476562e+01
5.582999801635742188e+01
5.584999847412109375e+01
5.614999771118164062e+01
5.584000015258789062e+01
5.575999832153320312e+01
5.529999923706054688e+01
5.566999816894531250e+01
5.600000000000000000e+01
5.572999954223632812e+01
5.594999694824218750e+01
5.623999786376953125e+01
5.600999832153320312e+01
5.610999679565429688e+01
5.586999893188476562e+01
5.641999816894531250e+01
5.590999984741210938e+01
5.573999786376953125e+01
5.577000045776367188e+01
5.597999954223632812e+01
5.580999755859375000e+01
