2.383539665222167869e+00
2.308059561080932465e+00
2.239248859252929602e+00
2.218418467178344677e+00
2.174172185668945101e+00
2.131562077789306731e+00
2.115765893402099529e+00
2.092194519577026401e+00
2.042515734252929871e+00
2.000520432357788092e+00
2.008815977935790809e+00
2.007301551551818886e+00
1.955748530311584465e+00
1.963079363784790088e+00
1.932869708290100075e+00
1.909506404495239229e+00
1.894960909423828221e+00
1.908965439682006826e+00
1.896599483909606976e+00
1.886877643051147357e+00
1.875728545227050681e+00
1.846540250473022393e+00
1.877472935562133793e+00
1.872639537734985371e+00
1.872541269569397038e+00
1.906089630317687966e+00
1.855079484977722126e+00
1.868060355491638180e+00
1.838318889312744231e+00
1.860592115707397465e+00
1.855809721946716229e+00
1.836199929542541520e+00
1.843505547866821193e+00
1.859497219009399460e+00
1.841587686843872085e+00
1.844432779159545843e+00
1.817711081657409578e+00
1.847729515609741302e+00
1.840923964538574209e+00
1.833576711463928310e+00
1.857040712509155256e+00
1.848820027885436978e+00
1.861265501480102502e+00
1.848043697509765604e+00
1.832137456436157219e+00
1.868699332084655662e+00
1.804440017356872650e+00
1.873251576881408642e+00
1.855917580528259281e+00
1.851758953323364265e+00
1.877130267410278330e+00
1.817912459793090907e+00
1.844095621185302791e+00
1.849458614501953146e+00
1.849104626007080032e+00
1.846417948265075770e+00
1.890016308860778871e+00
1.858605678520202531e+00
1.882876009902954006e+00
1.886605318336486814e+00
1.883215635261535681e+00
1.835816863899230933e+00
1.886880613059997547e+00
1.897850282211303696e+00
1.869945330352783097e+00
1.926769746780395476e+00
1.900628001556396551e+00
1.877276940078735246e+00
1.915870037384033164e+00
1.911733787918090899e+00
1.867765465774536171e+00
1.922494088211059493e+00
1.916362710113525436e+00
1.916695220336914085e+00
1.895555036430358831e+00
1.932323525009155274e+00
1.894500335998535068e+00
1.924356613616943434e+00
1.935672605323791595e+00
1.887942136154174833e+00
1.943673736763000592e+00
1.880560153274536184e+00
1.924540952758789114e+00
1.923344856185912999e+00
1.960672004013061631e+00
1.939359314651489363e+00
1.956474491043090902e+00
1.930180826873779232e+00
1.891130159072875960e+00
1.945269145812988265e+00
1.889022519645690901e+00
1.935389620742797856e+00
1.915338127288818360e+00
1.967058554496765144e+00
1.957483216171264750e+00
1.893814223594665558e+00
1.962407783432006836e+00
1.932408411254882719e+00
1.927083255424499431e+00
1.964926485900878816e+00
1.669597261848449810e+00
1.623284588088989233e+00
1.640070540199279892e+00
1.629206544761657716e+00
1.637723992080688529e+00
1.658367151718139754e+00
1.649370033798217783e+00
1.644662536849975654e+00
1.646499671363830464e+00
1.631878944625854588e+00
1.660232428779601976e+00
1.652476324577331512e+00
1.651696853561401390e+00
1.661810540504455647e+00
1.663028328590393068e+00
1.689128037757873457e+00
1.694040510330200089e+00
1.672566810264587422e+00
1.658727774391174359e+00
1.684511384735107420e+00
1.678291000785827602e+00
1.674067748260497979e+00
1.687066361694335992e+00
1.681740225677490264e+00
1.682612967491149858e+00
1.641028721199035534e+00
1.687954396133422907e+00
1.691389554519653338e+00
1.673260122222900437e+00
1.669127870712280304e+00
1.701206260604858356e+00
1.683030039672851474e+00
1.667588265380859358e+00
1.670412482147216826e+00
1.710618554611206044e+00
1.678941174926757762e+00
1.686588590240478469e+00
1.688015621109008713e+00
1.690665866661071881e+00
1.668628295593261646e+00
1.707263858528137224e+00
1.639483229446411228e+00
1.700894844627380387e+00
1.691148796463012749e+00
1.683960601730346784e+00
1.659207793960571387e+00
1.701618679084777819e+00
1.680748822441101131e+00
1.672686832199096640e+00
1.680330592117309507e+00
1.582381387557983299e+00
1.594696397190094039e+00
1.617658047752380313e+00
1.612078639488220277e+00
1.622598630027771049e+00
1.597440581665038994e+00
1.604221292419433675e+00
1.631206150360107410e+00
1.595933751564025949e+00
1.591970305366516181e+00
1.639479244194030683e+00
1.582807771453857315e+00
1.595257319869995083e+00
1.630245830917358418e+00
1.593745167045593325e+00
1.616046485977172820e+00
1.583170103855133126e+00
1.621318149566650435e+00
1.605201240501403781e+00
1.627946571884155258e+00
1.600821419296264647e+00
1.596008703727722189e+00
1.577822624435424759e+00
1.603410178451537993e+00
1.619066802406311067e+00
1.618516274070739724e+00
1.608670674743652329e+00
1.577386165390014749e+00
1.632886010055542014e+00
1.594503768768310570e+00
1.592418509292602646e+00
1.610892305526733459e+00
1.614557789878845240e+00
1.596033300971984925e+00
1.607341458015441926e+00
1.591850286331176756e+00
1.596996052703857361e+00
1.589337512855529821e+00
1.616711764068603507e+00
1.614897583999633790e+00
1.603531840553283683e+00
1.593056045837402346e+00
1.589998093566894477e+00
1.573001829910278371e+00
1.599896725997924873e+00
1.562649226875305164e+00
1.589748598022461046e+00
1.614696767234802266e+00
1.584621991577148448e+00
1.614203644180297825e+00
