1.067200000244140590e+01
1.281599999877929719e+01
1.513600000183105543e+01
1.764799999816894527e+01
1.971199999572753825e+01
2.163200000122070321e+01
2.297599999572753759e+01
2.363200000488281205e+01
2.748800000183105396e+01
2.871999999145507942e+01
3.043199999145507917e+01
2.985599999816894368e+01
3.243199999816894774e+01
3.395199999511718403e+01
3.396799999145508053e+01
3.467199999145508116e+01
3.551999999389648366e+01
3.535999999145507644e+01
3.607999999145507530e+01
3.655999999145507928e+01
3.663999999145507758e+01
3.753600000976562256e+01
3.752000000366211196e+01
3.790399999816894194e+01
3.807999998779296646e+01
3.806399999755859653e+01
3.851200000122070577e+01
3.855999998779297044e+01
3.951999999755859250e+01
3.777599999145508036e+01
3.966399999816894706e+01
3.894400000488280966e+01
3.913600000366211162e+01
3.903999999755859562e+01
3.983999999389648394e+01
3.979199999389648212e+01
3.924799999145508167e+01
3.948799999145507655e+01
3.945599999816894865e+01
4.031999999755859676e+01
3.960000000000000142e+01
3.947200000122070662e+01
4.017600000366211077e+01
3.947200000122070662e+01
3.832000000000000028e+01
3.935999999389648707e+01
4.001600000122070355e+01
4.076799999023437238e+01
4.108800000000000097e+01
3.955200000976562791e+01
3.960000000366211026e+01
3.940799998779296942e+01
3.950399998779296595e+01
4.006399999145507707e+01
3.871999999145507587e+01
3.993599999816894552e+01
3.991999999145507871e+01
3.945600000366211191e+01
3.971199998779297147e+01
3.944000000122070304e+01
3.952000000122070134e+01
3.899199999816894291e+01
3.990400000366211231e+01
4.011199998779297005e+01
3.945599999755859244e+01
3.943999999389648536e+01
3.935999999145507644e+01
3.956799999389648548e+01
3.867200000976562535e+01
3.865600000976562711e+01
3.887999998779297073e+01
3.825599999389648787e+01
3.873599999145508122e+01
3.950400000366210662e+01
3.814400000122070367e+01
3.971200000122070151e+01
3.863999999877929525e+01
3.876799999511718653e+01
3.987200000732421756e+01
3.958400000366211202e+01
4.003199998657226644e+01
3.830399999908447484e+01
3.899199999145508144e+01
3.867199999389648468e+01
3.860800000732422177e+01
3.846399999755859511e+01
3.971199998779297147e+01
3.953600000122069957e+01
3.892800000366210611e+01
3.988799999145507513e+01
3.968000000732421739e+01
3.916800000976562757e+01
4.028799999023437550e+01
3.947200000366211015e+01
3.964800000732422092e+01
4.067199999999999704e+01
3.884799999389648661e+01
3.884800000732421665e+01
4.108800000610351333e+01
3.833599999999999852e+01
4.864000000976562177e+01
5.044800000000000040e+01
5.009600000976562484e+01
5.164800000610351560e+01
5.136000000610351890e+01
5.235199997314452958e+01
5.329599998779296754e+01
5.230399999267578437e+01
5.361600000976562796e+01
5.366399999633789264e+01
5.327999999633789230e+01
5.449600000244140574e+01
5.446399999023437744e+01
5.422400000610351611e+01
5.443199997314452787e+01
5.433599999633788968e+01
5.462400000610351469e+01
5.537599999267577999e+01
5.510399999999999920e+01
5.492799999267577959e+01
5.567999997314453253e+01
5.561600000976562796e+01
5.540800000610351361e+01
5.620799998657226837e+01
5.571199999023437499e+01
5.633599999633788968e+01
5.631999997314453310e+01
5.641599999389648445e+01
5.630400000366211088e+01
5.652800000976562700e+01
5.671999998657226882e+01
5.628799999023437550e+01
5.694399998657226547e+01
5.681599999389648303e+01
5.662399997314452804e+01
5.675199998657226530e+01
5.761599999023437846e+01
5.689600000000000080e+01
5.659200000244140938e+01
5.716799999267578158e+01
5.779200000610351395e+01
5.782399998657226803e+01
5.751999999023437482e+01
5.872000000244140949e+01
5.804799999267578414e+01
5.815999999633788775e+01
5.832000000976562148e+01
5.884799999999999898e+01
5.752000000488281017e+01
5.820799999633788957e+01
5.948799997314453236e+01
5.963200000610351736e+01
6.016000000976562490e+01
5.998399998657226462e+01
5.982399998291015919e+01
6.046399999633788980e+01
6.140800000610351361e+01
5.969600000244140858e+01
6.048000000610351634e+01
5.987199999633789105e+01
6.054399997314452975e+01
5.969599999389648559e+01
6.065600001464843416e+01
6.071999999511718471e+01
6.070400000000000063e+01
6.006399998657226291e+01
6.041600000244140745e+01
5.974400000244140330e+01
6.020800000976562671e+01
6.060799998657226695e+01
6.028799997558594015e+01
6.049599999633789338e+01
6.038399999267578266e+01
5.998400000244140529e+01
6.047999998291015800e+01
6.060799999633788815e+01
6.113599999267577800e+01
6.054400000244140756e+01
6.052799999633788985e+01
6.033599999023437732e+01
6.023999998291015601e+01
5.990399999633788752e+01
6.174400001464843513e+01
6.087999998657226541e+01
5.968000000244140324e+01
6.027199997314453128e+01
5.972800000244140506e+01
6.047999999633788804e+01
6.062399998291015635e+01
6.051200000244140398e+01
6.062399999267578465e+01
6.151999997314452884e+01
6.080000000244140779e+01
6.051199999267578278e+01
6.048000000244140750e+01
6.073600000610351657e+01
6.121599999389648161e+01
6.051199998657226331e+01
6.095999997314453367e+01
5.996800000244140705e+01
