2.522681022720337118e+00
2.476905547790527518e+00
2.511036200027465970e+00
2.611096372833252133e+00
2.703680919036865138e+00
2.623183900604248109e+00
2.632271732940673736e+00
2.548974891433716028e+00
2.536842091293335155e+00
2.587499493865967004e+00
2.526529139862060624e+00
2.481597307434082023e+00
2.460909890823364421e+00
2.509597295684814267e+00
2.496132873001098762e+00
2.530344910278320203e+00
2.536080829315185525e+00
2.499093809280395373e+00
2.599393191223144495e+00
2.608055119400024324e+00
2.565456073303222784e+00
2.628342875289916947e+00
2.558655234909057441e+00
2.601728307342529245e+00
2.487824272232055822e+00
2.511624309082031381e+00
2.492689704818725538e+00
2.400894309692382933e+00
2.401139144058227703e+00
2.392616396102905441e+00
2.394621359634399482e+00
2.386686210250854590e+00
2.385360111694335927e+00
2.343262812728881705e+00
2.341760106735229385e+00
2.288641505279541022e+00
2.252683034210205104e+00
2.258339590454101486e+00
2.248698622741699182e+00
2.202470973739623972e+00
2.210208782196044996e+00
2.180732393264770419e+00
2.187412448043823066e+00
2.178096904525756994e+00
2.156821349105834784e+00
2.154647320404052824e+00
2.151885163574218662e+00
2.164092072677612499e+00
2.151208376770019637e+00
2.157749085235595832e+00
2.158439357910156176e+00
2.144971313247680644e+00
2.125815320510864304e+00
2.138376238021850728e+00
2.110554366722106945e+00
2.153248712234497209e+00
2.149881318664550900e+00
2.151292301483154201e+00
2.155990743942260757e+00
2.111432826690673892e+00
2.150408163681030160e+00
2.081799844932556098e+00
2.098494208984375220e+00
2.134519256668090836e+00
2.140734465484618987e+00
2.101239154510498253e+00
2.123537146072387749e+00
2.113411389617919856e+00
2.143753971481323184e+00
2.103113791427612345e+00
2.127897841186523475e+00
2.118013683624267784e+00
2.122551786727905121e+00
2.133935283317565990e+00
2.115468148727416953e+00
2.127475122909546101e+00
2.112830364303588837e+00
2.114522444458007744e+00
2.105630791702270521e+00
2.106085659408569288e+00
2.100863497200012198e+00
2.090707858123779239e+00
2.112843752899169925e+00
2.110065956497192197e+00
2.096978283004760524e+00
2.121993563041686848e+00
2.084159465179443504e+00
2.091458015441894691e+00
2.063161030883788882e+00
2.075272449874877800e+00
2.093426212005615294e+00
2.078483791198730390e+00
2.081237915344238409e+00
2.063562961578369048e+00
2.105333043899536349e+00
2.096605752868652139e+00
2.119041935195922655e+00
2.098830578613281261e+00
2.071623176422119350e+00
2.126146098403930651e+00
1.969940067825317387e+00
1.957566942291259826e+00
1.951214559059142983e+00
1.944430541725158612e+00
1.939359103851318267e+00
1.935786985931396531e+00
1.933476622543334855e+00
1.919121317138671845e+00
1.920880429801940847e+00
1.918439127082824713e+00
1.919299703674316460e+00
1.919470146865844828e+00
1.917174107971191477e+00
1.914525764465331958e+00
1.907196900482177826e+00
1.912700064430236768e+00
1.903568671264648460e+00
1.902099495887756397e+00
1.901357266731262152e+00
1.894801123313903712e+00
1.894624214782714811e+00
1.893090489387512232e+00
1.893980142593383764e+00
1.893439824600219756e+00
1.887472462463378964e+00
1.889155449295043976e+00
1.880382522659301836e+00
1.877889563941955497e+00
1.882693089981079204e+00
1.881683178405761714e+00
1.876284489898681684e+00
1.881640937194824170e+00
1.883184539718627981e+00
1.879847379035949784e+00
1.875084853134155294e+00
1.875411453018188457e+00
1.868909448356628422e+00
1.871802616958618160e+00
1.874638123474121176e+00
1.862805696907043451e+00
1.868161776275634844e+00
1.857583808212280196e+00
1.863802666282653897e+00
1.856257535400390735e+00
1.861424052352905312e+00
1.852184907073974651e+00
1.850460144042968658e+00
1.861392005805969196e+00
1.855311745491027731e+00
1.868306982879638589e+00
1.846528801727294944e+00
1.854054408264160125e+00
1.857406210746765041e+00
1.845467412185668898e+00
1.852886577682495206e+00
1.849364109954833912e+00
1.841860767745971739e+00
1.851610714416503933e+00
1.844059766731262151e+00
1.840998544692993066e+00
1.839339515075683495e+00
1.842326144752502337e+00
1.835801619796752826e+00
1.836663401947021379e+00
1.844050464706420867e+00
1.840742478294372653e+00
1.837462423324584870e+00
1.834606749420166105e+00
1.829702059326171915e+00
1.832188779678344703e+00
1.849905835151672395e+00
1.835724627990722668e+00
1.831413736457824681e+00
1.841988901252746613e+00
1.827889936676025284e+00
1.845798074645996101e+00
1.838215590629577623e+00
1.835126044769287201e+00
1.837359034767150900e+00
1.837056391296386648e+00
1.833489026069641037e+00
1.826344607849121005e+00
1.835458959617614738e+00
1.832098604469299286e+00
1.838258132209777740e+00
1.826930495452880887e+00
1.841099675331115737e+00
1.829261451072692779e+00
1.827391902046203720e+00
1.829382342453002908e+00
1.828339557228088275e+00
1.836032674369812101e+00
1.827675776405334407e+00
1.838355507125854382e+00
1.827617995071411094e+00
1.833418482589721732e+00
1.834370413856506454e+00
1.830555882301330595e+00
1.834755959777832013e+00
1.835631523818969768e+00
