9.899999618530273438e+00
1.036999988555908203e+01
9.960000038146972656e+00
1.078999996185302734e+01
1.025000000000000000e+01
1.115999984741210938e+01
9.949999809265136719e+00
9.960000038146972656e+00
1.096999931335449219e+01
1.053999996185302734e+01
1.028999996185302734e+01
9.889999389648437500e+00
9.989999771118164062e+00
9.750000000000000000e+00
1.048999977111816406e+01
1.014999961853027344e+01
1.042000007629394531e+01
1.169999980926513672e+01
1.067999935150146484e+01
1.159999942779541016e+01
1.038000011444091797e+01
1.098999977111816406e+01
1.000000000000000000e+01
9.689999580383300781e+00
9.989999771118164062e+00
1.051999950408935547e+01
1.000000000000000000e+01
1.001999950408935547e+01
1.198999977111816406e+01
1.084999942779541016e+01
1.155999946594238281e+01
9.989999771118164062e+00
1.182999992370605469e+01
1.342000007629394531e+01
1.022999954223632812e+01
1.105999946594238281e+01
1.869999885559082031e+01
1.694999885559082031e+01
1.453999996185302734e+01
1.770999908447265625e+01
1.610000038146972656e+01
1.485999965667724609e+01
1.678999900817871094e+01
1.443999958038330078e+01
2.022999954223632812e+01
1.813999938964843750e+01
1.553999996185302734e+01
1.735999870300292969e+01
1.639999961853027344e+01
2.001999855041503906e+01
2.001000022888183594e+01
1.925000000000000000e+01
2.069999885559082031e+01
2.303999900817871094e+01
1.835999870300292969e+01
2.389999961853027344e+01
2.306999969482421875e+01
2.173999977111816406e+01
2.103999900817871094e+01
2.026000022888183594e+01
2.346999931335449219e+01
1.807999992370605469e+01
2.257999992370605469e+01
2.000000000000000000e+01
2.181999969482421875e+01
1.769999885559082031e+01
2.061999893188476562e+01
2.465999984741210938e+01
2.354999923706054688e+01
2.171999931335449219e+01
2.555999946594238281e+01
1.968000030517578125e+01
2.426999855041503906e+01
1.955999946594238281e+01
2.318999862670898438e+01
1.992000007629394531e+01
2.250000000000000000e+01
2.459999847412109375e+01
2.264999961853027344e+01
2.039999961853027344e+01
2.201999855041503906e+01
2.117000007629394531e+01
2.398999977111816406e+01
2.270999908447265625e+01
2.235999870300292969e+01
2.309999847412109375e+01
2.263999938964843750e+01
2.427999877929687500e+01
2.453999900817871094e+01
2.281999969482421875e+01
2.030999946594238281e+01
2.287999916076660156e+01
2.439999961853027344e+01
2.481999969482421875e+01
1.902999877929687500e+01
2.478999900817871094e+01
2.368000030517578125e+01
2.131999969482421875e+01
2.759999847412109375e+01
2.475000000000000000e+01
2.639999961853027344e+01
2.628999900817871094e+01
2.804999923706054688e+01
2.868999862670898438e+01
2.862999916076660156e+01
2.940999984741210938e+01
3.015999984741210938e+01
2.971999931335449219e+01
2.979999923706054688e+01
3.043999862670898438e+01
3.013999938964843750e+01
2.986999893188476562e+01
3.039999961853027344e+01
3.055999946594238281e+01
3.077999877929687500e+01
3.068999862670898438e+01
3.100000000000000000e+01
3.143999862670898438e+01
3.100999832153320312e+01
3.144999885559082031e+01
3.092000007629394531e+01
3.163999938964843750e+01
3.139999961853027344e+01
3.128999900817871094e+01
3.104999923706054688e+01
3.120999908447265625e+01
3.172999954223632812e+01
3.192000007629394531e+01
3.239999771118164062e+01
3.202999877929687500e+01
3.147999954223632812e+01
3.195999908447265625e+01
3.290999984741210938e+01
3.315999984741210938e+01
3.277999877929687500e+01
3.200999832153320312e+01
3.305999755859375000e+01
3.204999923706054688e+01
3.309999847412109375e+01
3.295000076293945312e+01
3.293999862670898438e+01
3.270999908447265625e+01
3.261999893188476562e+01
3.268999862670898438e+01
3.309999847412109375e+01
3.270000076293945312e+01
3.298999786376953125e+01
3.365999984741210938e+01
3.272999954223632812e+01
3.371999740600585938e+01
3.359000015258789062e+01
3.359000015258789062e+01
3.356999969482421875e+01
3.352999877929687500e+01
3.380999755859375000e+01
3.380999755859375000e+01
3.393000030517578125e+01
3.362999725341796875e+01
3.372999954223632812e+01
3.350000000000000000e+01
3.357999801635742188e+01
3.377999877929687500e+01
3.371999740600585938e+01
3.390999984741210938e+01
3.386999893188476562e+01
3.379999923706054688e+01
3.381999969482421875e+01
3.375000000000000000e+01
3.379999923706054688e+01
3.382999801635742188e+01
3.359000015258789062e+01
3.398999786376953125e+01
3.391999816894531250e+01
3.381999969482421875e+01
3.388999938964843750e+01
3.400000000000000000e+01
3.386000061035156250e+01
3.382999801635742188e+01
3.381999969482421875e+01
3.420999908447265625e+01
3.413999938964843750e+01
3.425999832153320312e+01
3.395000076293945312e+01
3.411999893188476562e+01
3.409000015258789062e+01
3.411999893188476562e+01
3.391999816894531250e+01
3.411000061035156250e+01
3.407999801635742188e+01
3.387999725341796875e+01
3.389999771118164062e+01
3.400999832153320312e+01
3.400999832153320312e+01
3.384000015258789062e+01
3.420000076293945312e+01
3.397999954223632812e+01
3.414999771118164062e+01
3.425999832153320312e+01
3.409999847412109375e+01
3.429000091552734375e+01
