9.935999999694823615e+00
1.097599999954223549e+01
1.012799999954223651e+01
1.006400000244140713e+01
1.041599999908447316e+01
9.951999999084472748e+00
1.038399999938964768e+01
1.115199999954223564e+01
1.067200000244140590e+01
1.007999999938964919e+01
1.071999999877929710e+01
9.695999999694823401e+00
1.076799999908447347e+01
1.057600000183105493e+01
1.014399999954223652e+01
1.059199999572753903e+01
1.027199999938964758e+01
1.070400000183105504e+01
9.472000001831053950e+00
9.919999999694823600e+00
1.047999999877929689e+01
1.007999999938964919e+01
1.148800000488281192e+01
1.033599999984741125e+01
1.153599999938964871e+01
1.198399999572753849e+01
1.217599999954223655e+01
1.273600000244140595e+01
1.243199999938964773e+01
1.203199999938964915e+01
1.199999999954223640e+01
1.214400000244140543e+01
1.255999999969482417e+01
1.412799999969482379e+01
1.467200000183105502e+01
1.537599999877929768e+01
1.687999999938964990e+01
1.657599999954223691e+01
1.673599999572753916e+01
1.783999999572753836e+01
1.873599999511718650e+01
1.779199999877929628e+01
1.784000000183105428e+01
1.868800000183105325e+01
1.889599999908447359e+01
1.998400000244140529e+01
1.985599999938964899e+01
1.910399999511718860e+01
1.998399999572754027e+01
1.912000000488281160e+01
1.974400000488281393e+01
2.033599999511718792e+01
2.089600000488281140e+01
1.956799999877929608e+01
2.065599999816894439e+01
2.008000000488281245e+01
2.049599999572754072e+01
1.966399999877929616e+01
1.961599999572753816e+01
2.121599999511718693e+01
2.052799999908447148e+01
2.139199999145507647e+01
2.108799999145507797e+01
2.055999999816894430e+01
1.910399999572753771e+01
1.995200000183105615e+01
1.974399999908447256e+01
2.081599999908447174e+01
1.942399999572753799e+01
2.044800000732421807e+01
1.959999999877929611e+01
2.012799999511718596e+01
1.995199999816894376e+01
1.974399999816894535e+01
1.950399999938964868e+01
2.028800000183105467e+01
2.073600000183105507e+01
2.078399999908447171e+01
2.041599999572753887e+01
1.947199999908447410e+01
2.070400000488281123e+01
2.067200000488281120e+01
1.958400000183105405e+01
1.990399999877929815e+01
2.140799999908447404e+01
1.977600000122070156e+01
2.057599999908447330e+01
2.067199999877929528e+01
2.159999999572753993e+01
2.097600000488281324e+01
2.099199999877929557e+01
2.070399999877929531e+01
2.155199999572753811e+01
2.135999999572753794e+01
2.062399999816894436e+01
2.161599999572753816e+01
2.083200000122070250e+01
2.102400000244140799e+01
2.270400000183105504e+01
2.038399999877929858e+01
2.513599999969482468e+01
2.588800000732421935e+01
2.662399999816894436e+01
2.681599999511718835e+01
2.703999999877929739e+01
2.652799999816894427e+01
2.760000000488281202e+01
2.791999999816894373e+01
2.814400000183105632e+01
2.745599999877929775e+01
2.859200000122070406e+01
2.807999999572754035e+01
2.793599998779296811e+01
2.798400000183105618e+01
2.865599999511718821e+01
2.774400000122070153e+01
2.948800000183105396e+01
2.892799999816894641e+01
2.867199999877929528e+01
3.000000000732421768e+01
2.987199999145507689e+01
2.944000000122070304e+01
2.919999998779296746e+01
2.969599998779296968e+01
3.035200000732421799e+01
2.974400000976562453e+01
3.070399999511718647e+01
3.035199999816894589e+01
3.006399999511718590e+01
3.052799999877929693e+01
3.110399999511718860e+01
3.044799999877929864e+01
3.139200000488281361e+01
3.123199999145507988e+01
3.057600000183105493e+01
3.152000000366210841e+01
3.099200000488281148e+01
3.132800000732421708e+01
3.078400000183105334e+01
3.172799999511718738e+01
3.075200000122070421e+01
3.123199998779296749e+01
3.144000000366211012e+01
3.142399998779296766e+01
3.131200000122070293e+01
3.166400000732421915e+01
3.175999999877929625e+01
3.174400000366210861e+01
3.256000000732421995e+01
3.158400000488281378e+01
3.206399999511718590e+01
3.326400000366211174e+01
3.207999999145507530e+01
3.263999999816894615e+01
3.164799998779296786e+01
3.171200000732421742e+01
3.255999999816894785e+01
3.231999999511718613e+01
3.225600000732421790e+01
3.232000000732421796e+01
3.201599999511718408e+01
3.231999999755859676e+01
3.267199999511719000e+01
3.278399999755859540e+01
3.252799999511718454e+01
3.206399999755859653e+01
3.276800000122070600e+01
3.286399999755859369e+01
3.225599998779296840e+01
3.295999999511718670e+01
3.179199999816894362e+01
3.235200000488281091e+01
3.364800000976562444e+01
3.177600000122070156e+01
3.344000000366210656e+01
3.238399999816894592e+01
3.236800000732421978e+01
3.313599999877929747e+01
3.344000000732421540e+01
3.305600000122070270e+01
3.327999999816894672e+01
3.273599999145508122e+01
3.247999999755859335e+01
3.174400000122070153e+01
3.239999999755859506e+01
3.246399999511718448e+01
3.214400000122070367e+01
3.292799998779296544e+01
3.319999999755859221e+01
3.259200000183105317e+01
3.374399999511718562e+01
3.236800000732421978e+01
3.356800000122070315e+01
3.251200000183105487e+01
3.361600000488281381e+01
3.248000000122070219e+01
3.275200000122070065e+01
3.310400000488281336e+01
3.299199999389648497e+01
3.304000000732421682e+01
