2.321592378616333008e+01
2.284584236145019531e+01
2.329924821853637695e+01
2.279633426666259766e+01
2.295342493057250977e+01
2.280133867263793945e+01
2.334289216995239258e+01
2.360111951828002930e+01
2.297788834571838379e+01
2.248104977607727051e+01
2.358030891418457031e+01
2.307645058631896973e+01
2.338695669174194336e+01
2.387272739410400391e+01
2.309772491455078125e+01
2.359728074073791504e+01
2.323640489578247070e+01
2.366941452026367188e+01
2.225187325477600098e+01
2.295241570472717285e+01
2.355267739295959473e+01
2.337639379501342773e+01
2.323396134376525879e+01
2.288209962844848633e+01
2.362789964675903320e+01
2.335041403770446777e+01
2.380031228065490723e+01
2.426451373100280762e+01
2.303671932220458984e+01
2.356437015533447266e+01
2.324440026283264160e+01
2.265964722633361816e+01
2.316628861427307129e+01
2.324407267570495605e+01
2.277331995964050293e+01
2.347457575798034668e+01
2.362670469284057617e+01
2.331270265579223633e+01
2.312045025825500488e+01
2.354250979423522949e+01
2.325490760803222656e+01
2.301296663284301758e+01
2.364759421348571777e+01
2.309685778617858887e+01
2.349685931205749512e+01
2.375849533081054688e+01
2.358778023719787598e+01
2.350113081932067871e+01
2.336127305030822754e+01
2.365962576866149902e+01
2.377796697616577148e+01
2.308307218551635742e+01
2.307335209846496582e+01
2.369355630874633789e+01
2.339725375175476074e+01
2.280094552040100098e+01
2.332452678680419922e+01
2.306196808815002441e+01
2.372831654548645020e+01
2.372563886642456055e+01
2.381439900398254395e+01
2.350042057037353516e+01
2.293104767799377441e+01
2.352040529251098633e+01
2.377704715728759766e+01
2.372846150398254395e+01
2.353702402114868164e+01
2.330628633499145508e+01
2.386068916320800781e+01
2.373670363426208496e+01
2.376225495338439941e+01
2.316812133789062500e+01
2.351397919654846191e+01
2.377875399589538574e+01
2.361295390129089355e+01
2.328172683715820312e+01
2.371819710731506348e+01
2.401902651786804199e+01
2.416668319702148438e+01
2.337899565696716309e+01
2.420436358451843262e+01
2.310755443572998047e+01
2.373153662681579590e+01
2.345221328735351562e+01
2.399767684936523438e+01
2.319197988510131836e+01
2.349011468887329102e+01
2.357934808731079102e+01
2.360101819038391113e+01
2.369792771339416504e+01
2.360967636108398438e+01
2.352915692329406738e+01
2.352153372764587402e+01
2.310122513771057129e+01
2.316239976882934570e+01
2.325242900848388672e+01
2.315082907676696777e+01
2.320583510398864746e+01
2.338156938552856445e+01
2.354222083091735840e+01
2.317873024940490723e+01
2.332777023315429688e+01
2.393500971794128418e+01
2.363587641716003418e+01
2.309241461753845215e+01
2.320602059364318848e+01
2.323680686950683594e+01
2.321713519096374512e+01
2.335225486755371094e+01
2.383022046089172363e+01
2.389303874969482422e+01
2.318401670455932617e+01
2.337468528747558594e+01
2.380892372131347656e+01
2.383888077735900879e+01
2.421289491653442383e+01
2.319105195999145508e+01
2.331565785408020020e+01
2.280679225921630859e+01
2.311477160453796387e+01
2.350427985191345215e+01
2.310093808174133301e+01
2.335270094871520996e+01
2.435880589485168457e+01
2.307024931907653809e+01
2.426128649711608887e+01
2.315719103813171387e+01
2.407975769042968750e+01
2.381792593002319336e+01
2.272017264366149902e+01
2.375600552558898926e+01
2.362993574142456055e+01
2.256543755531311035e+01
2.329934835433959961e+01
2.291736268997192383e+01
2.328847098350524902e+01
2.333423781394958496e+01
2.265177297592163086e+01
2.336385440826416016e+01
2.312621712684631348e+01
2.306175041198730469e+01
2.309891557693481445e+01
2.294781208038330078e+01
2.336208486557006836e+01
2.320053529739379883e+01
2.262211656570434570e+01
2.285408329963684082e+01
2.328987407684326172e+01
2.305273866653442383e+01
2.390467929840087891e+01
2.279018211364746094e+01
2.284621334075927734e+01
2.353390693664550781e+01
2.279488730430603027e+01
2.368636441230773926e+01
2.321502804756164551e+01
2.307674026489257812e+01
2.345883011817932129e+01
2.314554548263549805e+01
2.298494458198547363e+01
2.310344457626342773e+01
2.291695666313171387e+01
2.335775232315063477e+01
2.341243028640747070e+01
2.330161976814270020e+01
2.302997231483459473e+01
2.288246130943298340e+01
2.280182647705078125e+01
2.341271734237670898e+01
2.342240214347839355e+01
2.366349768638610840e+01
2.337402534484863281e+01
2.381493186950683594e+01
2.345408177375793457e+01
2.301297783851623535e+01
2.369827628135681152e+01
2.345333600044250488e+01
2.371158504486083984e+01
2.336792635917663574e+01
2.282249045372009277e+01
2.350443077087402344e+01
2.359626984596252441e+01
2.336296796798706055e+01
2.337613654136657715e+01
2.333885645866394043e+01
2.398291850090026855e+01
2.291073679924011230e+01
2.344162201881408691e+01
2.299597620964050293e+01
2.335823273658752441e+01
2.321101760864257812e+01
2.307264208793640137e+01
2.372872638702392578e+01
2.698292922973632812e+01
2.316537356376647949e+01
2.304023075103759766e+01
2.313191533088684082e+01
2.324819040298461914e+01
2.332682609558105469e+01
2.411040544509887695e+01
