1.031999999938964763e+01
1.051199999969482413e+01
9.583999995727539911e+00
1.071999999938964798e+01
1.004799999938964916e+01
1.007999999877929653e+01
1.008000000183105449e+01
1.028799999954223665e+01
1.011199999969482377e+01
1.043199999969482406e+01
1.023999999908447300e+01
9.535999999389648707e+00
1.022399999938964932e+01
9.936000002441407020e+00
9.711999999542236139e+00
1.067199999954223699e+01
1.003199999938964915e+01
1.071999999938964798e+01
1.055999999908447329e+01
1.046399999938964775e+01
9.903999999542236310e+00
1.083199999938964808e+01
1.017599999938964928e+01
1.046399999572753892e+01
9.487999999542235940e+00
9.983999999847412710e+00
1.041599999908447316e+01
1.039999999877929682e+01
1.083199999572753924e+01
1.113599999938964835e+01
1.134400000244140649e+01
1.270400000183105504e+01
1.230399999938964761e+01
1.262399999954223695e+01
1.235199999877929677e+01
1.323200000244140639e+01
1.395199999877929642e+01
1.440000000244140566e+01
1.454399999908447327e+01
1.431999999877929675e+01
1.503999999954223554e+01
1.575999999938964891e+01
1.577600000244140688e+01
1.644800000000000040e+01
1.641599999938964771e+01
1.731200000183105558e+01
1.852800000488281285e+01
1.767999999816894530e+01
1.822399998779296837e+01
1.867199999908447339e+01
1.790400000122070168e+01
1.852799999572754075e+01
1.840000000244140566e+01
1.907199999755859210e+01
1.840000000183105300e+01
1.887999999572753751e+01
1.926400000732421702e+01
1.985599999145507866e+01
1.915200000488281162e+01
1.904000000488281330e+01
1.987199999908447268e+01
2.020800000732421964e+01
2.000000000488281415e+01
1.899199999984741183e+01
2.036800000488281270e+01
1.988799999511718752e+01
1.998399999511718761e+01
2.000000000488281415e+01
1.998400000488281236e+01
1.995199999938964908e+01
1.998400000488281236e+01
1.999999999938964734e+01
2.059199999954223514e+01
1.990399999908447271e+01
2.033599999877929676e+01
2.055999999816894430e+01
2.003200000488281418e+01
1.873600000488281125e+01
2.083199999877929542e+01
1.993600000488281410e+01
2.159999999572753993e+01
2.086399999572753927e+01
2.041599999572753887e+01
2.054400000488281108e+01
2.190400000183105433e+01
1.988799999511718752e+01
2.139199999877929770e+01
2.049599999877929690e+01
2.062400000366210762e+01
2.075199999511718829e+01
2.131199999816894675e+01
2.118400000183105547e+01
2.182400000488281222e+01
2.159999999572753993e+01
2.159999999938964876e+01
2.105600000732421861e+01
2.231999999816894587e+01
2.172800000183105595e+01
2.129600000183105379e+01
2.124799999572753961e+01
2.761600000366210850e+01
2.798400000183105618e+01
2.822399999816894578e+01
2.841599999145507738e+01
2.815999999816894572e+01
2.851199999816894604e+01
2.902399999755859383e+01
2.875199999816894447e+01
2.956800000122070315e+01
2.937600000183105564e+01
2.991999999816894373e+01
2.939200000122070477e+01
3.025600000122070199e+01
2.991999999511718755e+01
2.943999999877929596e+01
3.020799999755859488e+01
3.006399999755859298e+01
3.095999999755859378e+01
3.094400000122070438e+01
3.116800000732422049e+01
3.128000000732421881e+01
3.121599999511718693e+01
3.104000000183105357e+01
3.119999999511718869e+01
3.107199999145507974e+01
3.064000000488281117e+01
3.060800000183105496e+01
3.139200000122070477e+01
3.140799999816894683e+01
3.051200000183105487e+01
3.121600000122070284e+01
3.151999999816894515e+01
3.100799999145507968e+01
3.126400000366210818e+01
3.137600000122070298e+01
3.137599999816894680e+01
3.177599999145507681e+01
3.207999999755859477e+01
3.191999998779296988e+01
3.303999999145507616e+01
3.147199999511718715e+01
3.193600000122070171e+01
3.291199999816894461e+01
3.251199999511718630e+01
3.183999998779296803e+01
3.246400000488281279e+01
3.220800000732421609e+01
3.251199999755859693e+01
3.297599999755859557e+01
3.339200000732422069e+01
3.328000000122070645e+01
3.363199999816894348e+01
3.334399999511718704e+01
3.343999999145507473e+01
3.377599999755859272e+01
3.327999999816894672e+01
3.380799998779296800e+01
3.350400000732421546e+01
3.331199999145507462e+01
3.321599999145507809e+01
3.339199999755859238e+01
3.337599999999999767e+01
3.387200000732421756e+01
3.387199999816894547e+01
3.329599999389648701e+01
3.305599998779296556e+01
3.324799999023437636e+01
3.326399999755859227e+01
3.304000000732421682e+01
3.324799999145508167e+01
3.399999999511718585e+01
3.364800000122070145e+01
3.414399999755859483e+01
3.369600000488281211e+01
3.358399998779297135e+01
3.369599999755859443e+01
3.382399999145507508e+01
3.339200000732422069e+01
3.342399998779296766e+01
3.435200000488281091e+01
3.412799998779296828e+01
3.388799999145507513e+01
3.323200000732421699e+01
3.379199999816894717e+01
3.443199998779297033e+01
3.358399999816894876e+01
3.367999999145507672e+01
3.401599999816894382e+01
3.326400000732422058e+01
3.328000000732421881e+01
3.472000000366210770e+01
3.383999999816894189e+01
3.404800000976562302e+01
3.395199999755859466e+01
3.374400000122070509e+01
3.401600000732421591e+01
3.326400000122070111e+01
3.332800000732422063e+01
3.388799999816894370e+01
3.368000000732421739e+01
