2.475789183425903150e+00
2.496799151000976380e+00
2.502331932601928877e+00
2.492896623764038200e+00
2.484867056045532152e+00
2.489075701522827089e+00
2.493981541137695324e+00
2.559740747451782372e+00
2.618110590820312389e+00
2.585335839843749817e+00
2.580174282531738417e+00
2.625360374298095767e+00
2.571032257919311448e+00
2.603790278701782146e+00
2.618267856063842824e+00
2.593445310668945236e+00
2.593443983078002724e+00
2.553675981140136830e+00
2.546406687622070120e+00
2.538987936859130823e+00
2.497253020706176940e+00
2.556018464355468645e+00
2.570492574234009009e+00
2.506043170928955011e+00
2.484553319778442404e+00
2.450291054077148534e+00
2.456240549774169946e+00
2.462127570877075122e+00
2.458620802917480308e+00
2.421407439270019335e+00
2.403327773284912094e+00
2.430007045822143663e+00
2.399241065521240390e+00
2.373789430618286289e+00
2.387839053344726459e+00
2.387685572052002048e+00
2.334268862152099722e+00
2.343444385452270406e+00
2.323780266876220857e+00
2.270848717575073117e+00
2.293036914672851534e+00
2.240207835235595635e+00
2.222880347061157114e+00
2.224374968032837074e+00
2.199493982696533401e+00
2.179984112548828179e+00
2.185142481155395444e+00
2.222421641082763522e+00
2.230030291824340871e+00
2.184403442993164024e+00
2.175985035552978619e+00
2.210924587860107593e+00
2.202935790176391517e+00
2.190720275344848478e+00
2.152488787384033042e+00
2.136315829467773320e+00
2.167918574981689606e+00
2.176613707122802666e+00
2.184272138214111258e+00
2.158777402153015057e+00
2.147374474792480559e+00
2.125140716018676823e+00
2.169765601119995058e+00
2.130788122177123878e+00
2.107973335800171100e+00
2.120312303085327255e+00
2.144176634216308663e+00
2.124969295196533103e+00
2.120231868209838666e+00
2.116264101867675773e+00
2.139605796127319159e+00
2.102889407806396438e+00
2.104365947723388697e+00
2.131574494857788160e+00
2.101731864547729423e+00
2.114622406883239769e+00
2.111309346008301002e+00
2.127311653366088962e+00
2.111847836380004839e+00
2.107065965957641396e+00
2.124474935646057272e+00
2.109566545639038004e+00
2.118121689376831096e+00
2.141437857284545832e+00
2.114648390121459887e+00
2.153015925827026500e+00
2.124016580581665092e+00
2.184728115692138761e+00
2.119606951065063694e+00
2.127290007781982517e+00
2.147709786300659118e+00
2.127766525726318303e+00
2.104443643035888822e+00
2.114142003860473462e+00
2.126775576553344926e+00
2.145703674697875929e+00
2.122133409957885686e+00
2.116716072540283378e+00
2.093698885421753086e+00
2.115561054725647150e+00
1.968743741149902249e+00
1.952014298400878811e+00
1.943292785263061484e+00
1.936199404830932558e+00
1.928091725692749003e+00
1.927733719482421781e+00
1.921660475730895934e+00
1.911146406784057561e+00
1.910675923614501892e+00
1.911466046524047835e+00
1.890570130233764745e+00
1.898954534912109304e+00
1.896095634498596194e+00
1.895322692489624039e+00
1.901440408630371115e+00
1.884280666809082128e+00
1.891745601119995124e+00
1.887014378471374432e+00
1.890717504806518567e+00
1.893102595367431640e+00
1.873831210708618134e+00
1.870337958602905193e+00
1.871590323295593272e+00
1.870061814231872566e+00
1.867865717391967717e+00
1.868823133850097573e+00
1.868283221626281687e+00
1.870143325271606427e+00
1.861044866867065384e+00
1.864729587631225538e+00
1.871601446418762249e+00
1.849146631813049391e+00
1.870068131103515663e+00
1.860271226882934670e+00
1.866344057960510172e+00
1.853036077613830601e+00
1.857934359207153330e+00
1.862045994949340866e+00
1.856729846115112270e+00
1.860868648567199690e+00
1.858918537902832124e+00
1.863260606956481880e+00
1.861577140426635690e+00
1.857787262878418000e+00
1.851000359420776453e+00
1.847866931266784585e+00
1.855112928848266618e+00
1.844582020339965878e+00
1.845451514282226535e+00
1.845897447853088291e+00
1.831197685279846166e+00
1.817001469879150344e+00
1.826433619689941334e+00
1.822931103591918900e+00
1.826959089584350604e+00
1.825764527664184511e+00
1.818540372505188074e+00
1.818865919189453173e+00
1.817699829101562470e+00
1.827994707946777320e+00
1.822153881568908673e+00
1.816435083160400366e+00
1.823059792633056730e+00
1.820324083137512261e+00
1.805760711402893071e+00
1.821979850807190049e+00
1.824569711532592731e+00
1.822094791793823276e+00
1.821969531326294023e+00
1.819628741607665967e+00
1.823894475212097133e+00
1.823878983383178776e+00
1.817281554031372037e+00
1.820279744606018157e+00
1.814189128761291459e+00
1.821405784568786546e+00
1.826018288421630942e+00
1.814125000877380378e+00
1.815458683929443318e+00
1.811612048568725486e+00
1.823011202201843206e+00
1.812147028884887767e+00
1.820799606628417999e+00
1.805098588905334367e+00
1.828424248008728048e+00
1.812856686859130928e+00
1.821737691688537497e+00
1.812858060607910105e+00
1.811927695655822790e+00
1.813909368705749481e+00
1.821358743934631264e+00
1.828547761421203566e+00
1.818716920852661234e+00
1.820306547775268458e+00
1.819760432243347159e+00
1.806574520530700667e+00
1.806838866996765214e+00
1.814909064331054589e+00
1.811940822792053263e+00
1.813937933006286585e+00
