2.519822124786376794e+00
2.506944452285766456e+00
2.522281442642211768e+00
2.593847218475341609e+00
2.669290057144165118e+00
2.643999958190918154e+00
2.612468402633667086e+00
2.566303341217040845e+00
2.557232310333251935e+00
2.594298582000732267e+00
2.551342846832275413e+00
2.467888326797485377e+00
2.451802512741088957e+00
2.492434894561767589e+00
2.493620992965698058e+00
2.524690960235595583e+00
2.529101736831664837e+00
2.519717131195068571e+00
2.592012519149780481e+00
2.596263660202026369e+00
2.555225437545776579e+00
2.678044549331664914e+00
2.569394366531371876e+00
2.598589275360107642e+00
2.495322842102050576e+00
2.494660771942138755e+00
2.478619364700317185e+00
2.388662387084961036e+00
2.417626058959960744e+00
2.413907174758910923e+00
2.404588269653320509e+00
2.380868823928833145e+00
2.367256468353271526e+00
2.335868148498535302e+00
2.335161966323852756e+00
2.285454004287719609e+00
2.257969958953857326e+00
2.255861915435791065e+00
2.232053823699950978e+00
2.193587855834961076e+00
2.203646477661132863e+00
2.207513069953918272e+00
2.208611468734741123e+00
2.179041869201660209e+00
2.181884473571777505e+00
2.160609697494507042e+00
2.168931911163330284e+00
2.167687550582885869e+00
2.172939484405517430e+00
2.165340393180847034e+00
2.161611110153198290e+00
2.172809105758667148e+00
2.151607067489623937e+00
2.163750917205810698e+00
2.116853287658691407e+00
2.152100007858276154e+00
2.138650334472656400e+00
2.150618885421752946e+00
2.175075386810302547e+00
2.142194686965942285e+00
2.131411420059204254e+00
2.128175714035034360e+00
2.087650037460327290e+00
2.142006660614013569e+00
2.158063586502075193e+00
2.110582375183105430e+00
2.148866109313964934e+00
2.141066010284423893e+00
2.152712627334594675e+00
2.116810814590454282e+00
2.141469678726196424e+00
2.141157323684692582e+00
2.117730016326904163e+00
2.153381697387695137e+00
2.135628724441528181e+00
2.115170994567871166e+00
2.131051061477660991e+00
2.121852694625854685e+00
2.126841720008850078e+00
2.140772445220947340e+00
2.118021008300781105e+00
2.126689870605468879e+00
2.115930934715271050e+00
2.147058915481567354e+00
2.096688636627197067e+00
2.120378459701538265e+00
2.089724028472900397e+00
2.105326445159912296e+00
2.074995666351318491e+00
2.092572418899536046e+00
2.087449908065795778e+00
2.095655120391845649e+00
2.092579736785888489e+00
2.084891859970092742e+00
2.100424844665527147e+00
2.097270548553466618e+00
2.124833910522460734e+00
2.096270054016113438e+00
2.112505837402343545e+00
2.145110228195190594e+00
1.986711793670654203e+00
1.978069815826416056e+00
1.965881918907165460e+00
1.962911111106872664e+00
1.953707274475097622e+00
1.958638301010131810e+00
1.950300314331054663e+00
1.953468162803649877e+00
1.945148951797485370e+00
1.940846413574218721e+00
1.941436985893249423e+00
1.942678222122192322e+00
1.933775095443725611e+00
1.936794470329284756e+00
1.935940824203491228e+00
1.927316220512390155e+00
1.932285429306030311e+00
1.927734994087219267e+00
1.938447720909118654e+00
1.919131002731323310e+00
1.917980812644958455e+00
1.910846643600463857e+00
1.910630240821838299e+00
1.914439944000244198e+00
1.909287211761474534e+00
1.914665639572143530e+00
1.902178378868103037e+00
1.907508037490844632e+00
1.908849775123596215e+00
1.904570826034545972e+00
1.900244212951660128e+00
1.894335240859985392e+00
1.920251745376586827e+00
1.912083981590271042e+00
1.907827224884033113e+00
1.913747495651245023e+00
1.910489169769287177e+00
1.902766795310974146e+00
1.902963882179260269e+00
1.894777244186401477e+00
1.896727790298461835e+00
1.889392960319518977e+00
1.895172780570983928e+00
1.889674632759094308e+00
1.884846759414672945e+00
1.887017728462219157e+00
1.887454233551025373e+00
1.885385887336730848e+00
1.881799465293884310e+00
1.880143608207702544e+00
1.868136898269653345e+00
1.874139139785766517e+00
1.874160335884094142e+00
1.875289958419799730e+00
1.874224046478271566e+00
1.873098209571838479e+00
1.873586892967224138e+00
1.883829965515136706e+00
1.863433619270324693e+00
1.876054646911621049e+00
1.872844579772949158e+00
1.878670433120727568e+00
1.869316473083496133e+00
1.869483816108703511e+00
1.872983321762085041e+00
1.874389805831909284e+00
1.869594928207397366e+00
1.874213084335327073e+00
1.856983034591674908e+00
1.861481308708190952e+00
1.863043108520507918e+00
1.874342157211303705e+00
1.862011519622802647e+00
1.864786260795593176e+00
1.872938335571288970e+00
1.863793807525634838e+00
1.862105760879516625e+00
1.871522771263122609e+00
1.873068174438476508e+00
1.861942763214111229e+00
1.855753210678100507e+00
1.864731666107177777e+00
1.868840052185058553e+00
1.870657716331481923e+00
1.857667655258178785e+00
1.872659243316650457e+00
1.871999391059875562e+00
1.870988982887268115e+00
1.870919299621581988e+00
1.847169673194885231e+00
1.869947591171264634e+00
1.870509947624206637e+00
1.860367647743225161e+00
1.857477405624389677e+00
1.864356081695556666e+00
1.867135778846740646e+00
1.859546438827514692e+00
1.860009717407226537e+00
1.864214584884643644e+00
1.869771347885131885e+00
