2.322466897964477539e+01
2.284075999259948730e+01
2.348016548156738281e+01
2.272317743301391602e+01
2.294257378578186035e+01
2.319627118110656738e+01
2.320420384407043457e+01
2.289413213729858398e+01
2.288817787170410156e+01
2.333814668655395508e+01
2.299310111999511719e+01
2.348165869712829590e+01
2.338100743293762207e+01
2.372224617004394531e+01
2.354378342628479004e+01
2.328835296630859375e+01
2.286325502395629883e+01
2.364452219009399414e+01
2.283571887016296387e+01
2.356480884552001953e+01
2.375435280799865723e+01
2.338366246223449707e+01
2.312643289566040039e+01
2.265980291366577148e+01
2.335462403297424316e+01
2.338649368286132812e+01
2.343738961219787598e+01
2.364811038970947266e+01
2.322571015357971191e+01
2.367490959167480469e+01
2.285549712181091309e+01
2.266158771514892578e+01
2.309415483474731445e+01
2.286061549186706543e+01
2.294397664070129395e+01
2.340356230735778809e+01
2.376128792762756348e+01
2.303571844100952148e+01
2.313541626930236816e+01
2.302479338645935059e+01
2.289239597320556641e+01
2.334269571304321289e+01
2.347833585739135742e+01
2.381299948692321777e+01
2.295593047142028809e+01
2.305258226394653320e+01
2.309299659729003906e+01
2.341228938102722168e+01
2.234132480621337891e+01
2.376833009719848633e+01
2.296671342849731445e+01
2.361929869651794434e+01
2.363722324371337891e+01
2.389778375625610352e+01
2.384104919433593750e+01
2.337089490890502930e+01
2.325994443893432617e+01
2.339196538925170898e+01
2.324005389213562012e+01
2.356452488899230957e+01
2.405882000923156738e+01
2.395482850074768066e+01
2.293872928619384766e+01
2.295968484878540039e+01
2.356271409988403320e+01
2.374787712097167969e+01
2.339026618003845215e+01
2.378613710403442383e+01
2.392220234870910645e+01
2.352470493316650391e+01
2.367374873161315918e+01
2.371341991424560547e+01
2.395585131645202637e+01
2.351252317428588867e+01
2.366688513755798340e+01
2.378323292732238770e+01
2.350935149192810059e+01
2.376985788345336914e+01
2.332463383674621582e+01
2.313095903396606445e+01
2.422269654273986816e+01
2.352429842948913574e+01
2.373819994926452637e+01
2.316530275344848633e+01
2.328501868247985840e+01
2.280372810363769531e+01
2.367155885696411133e+01
2.343750476837158203e+01
2.372571134567260742e+01
2.344885754585266113e+01
2.361032390594482422e+01
2.319345712661743164e+01
2.336521530151367188e+01
2.358347368240356445e+01
2.386178374290466309e+01
2.303077363967895508e+01
2.358068799972534180e+01
2.358502388000488281e+01
2.304841065406799316e+01
2.338408589363098145e+01
2.339241099357604980e+01
2.348631930351257324e+01
2.400067067146301270e+01
2.393319749832153320e+01
2.358562612533569336e+01
2.350183582305908203e+01
2.380974698066711426e+01
2.365829229354858398e+01
2.339723205566406250e+01
2.387449312210083008e+01
2.345104980468750000e+01
2.356860876083374023e+01
2.348584723472595215e+01
2.373687148094177246e+01
2.353669595718383789e+01
2.330190038681030273e+01
2.335055565834045410e+01
2.380456876754760742e+01
2.330649590492248535e+01
2.356990242004394531e+01
2.346103525161743164e+01
2.305045175552368164e+01
2.371997785568237305e+01
2.414658498764038086e+01
2.327434921264648438e+01
2.398194432258605957e+01
2.314627528190612793e+01
2.362624669075012207e+01
2.384630179405212402e+01
2.326542830467224121e+01
2.355557489395141602e+01
2.313610124588012695e+01
2.232905721664428711e+01
2.274142885208129883e+01
2.302931928634643555e+01
2.282166075706481934e+01
2.375748109817504883e+01
2.332999396324157715e+01
2.304523658752441406e+01
2.311138224601745605e+01
2.301109290122985840e+01
2.273185586929321289e+01
2.340944361686706543e+01
2.284809780120849609e+01
2.319211578369140625e+01
2.304251885414123535e+01
2.322401428222656250e+01
2.287251710891723633e+01
2.364702749252319336e+01
2.398091554641723633e+01
2.350900840759277344e+01
2.311187744140625000e+01
2.265904831886291504e+01
2.330451941490173340e+01
2.314708375930786133e+01
2.351522517204284668e+01
2.325632691383361816e+01
2.311450242996215820e+01
2.319582915306091309e+01
2.352480697631835938e+01
2.293733072280883789e+01
2.292783975601196289e+01
2.283681821823120117e+01
2.294596743583679199e+01
2.305951118469238281e+01
2.340087080001831055e+01
2.293291997909545898e+01
2.308789062500000000e+01
2.329696512222290039e+01
2.388452434539794922e+01
2.309944939613342285e+01
2.350686645507812500e+01
2.368530797958374023e+01
2.342079925537109375e+01
2.323869943618774414e+01
2.359964728355407715e+01
2.359766817092895508e+01
2.377394008636474609e+01
2.344402098655700684e+01
2.297528624534606934e+01
2.349259161949157715e+01
2.317385411262512207e+01
2.344706487655639648e+01
2.379379296302795410e+01
2.347198271751403809e+01
2.338345909118652344e+01
2.350299024581909180e+01
2.396341466903686523e+01
2.340489864349365234e+01
2.341500282287597656e+01
2.320293378829956055e+01
2.342530632019042969e+01
2.323519682884216309e+01
2.656092572212219238e+01
2.370925307273864746e+01
2.309169936180114746e+01
2.359038209915161133e+01
2.350906395912170410e+01
2.370539331436157227e+01
2.397728657722473145e+01
