2.127985954284667969e-01
2.447910308837890625e-01
2.376675605773925781e-01
2.243595123291015625e-01
2.468817234039306641e-01
2.203974723815917969e-01
2.194373607635498047e-01
2.467627525329589844e-01
2.173004150390625000e-01
1.884260177612304688e-01
2.459812164306640625e-01
2.744717597961425781e-01
2.727162837982177734e-01
2.641637325286865234e-01
2.687680721282958984e-01
2.577288150787353516e-01
2.355070114135742188e-01
2.481577396392822266e-01
2.029898166656494141e-01
2.439122200012207031e-01
2.889292240142822266e-01
2.503819465637207031e-01
2.323613166809082031e-01
2.093775272369384766e-01
2.437100410461425781e-01
2.047753334045410156e-01
2.445464134216308594e-01
2.980718612670898438e-01
2.235972881317138672e-01
2.645399570465087891e-01
2.234599590301513672e-01
1.814758777618408203e-01
2.533969879150390625e-01
2.317719459533691406e-01
2.006986141204833984e-01
2.339375019073486328e-01
2.836031913757324219e-01
2.270805835723876953e-01
1.996386051177978516e-01
2.660102844238281250e-01
2.206718921661376953e-01
2.370142936706542969e-01
2.317035198211669922e-01
2.683436870574951172e-01
2.337329387664794922e-01
2.554645538330078125e-01
2.575316429138183594e-01
2.249541282653808594e-01
2.203078269958496094e-01
2.496008872985839844e-01
2.154214382171630859e-01
2.419459819793701172e-01
2.398116588592529297e-01
2.691378593444824219e-01
2.559511661529541016e-01
2.134046554565429688e-01
1.994974613189697266e-01
2.159945964813232422e-01
2.416329383850097656e-01
2.340819835662841797e-01
2.567512989044189453e-01
2.708721160888671875e-01
2.226586341857910156e-01
2.037701606750488281e-01
2.406651973724365234e-01
2.511816024780273438e-01
2.448902130126953125e-01
2.097959518432617188e-01
2.415297031402587891e-01
2.471942901611328125e-01
2.414863109588623047e-01
2.534086704254150391e-01
2.520520687103271484e-01
2.408995628356933594e-01
2.845158576965332031e-01
2.245075702667236328e-01
2.297816276550292969e-01
2.403213977813720703e-01
2.564229965209960938e-01
2.073483467102050781e-01
2.532250881195068359e-01
2.337720394134521484e-01
2.129271030426025391e-01
2.304475307464599609e-01
2.454180717468261719e-01
2.150943279266357422e-01
2.193603515625000000e-01
2.276048660278320312e-01
2.406492233276367188e-01
2.515377998352050781e-01
2.139813899993896484e-01
2.126705646514892578e-01
2.291109561920166016e-01
2.458713054656982422e-01
2.415876388549804688e-01
1.961021423339843750e-01
2.583363056182861328e-01
2.639372348785400391e-01
2.492997646331787109e-01
2.630264759063720703e-01
2.349479198455810547e-01
2.482469081878662109e-01
2.623426914215087891e-01
2.590181827545166016e-01
2.473459243774414062e-01
2.218046188354492188e-01
2.355966567993164062e-01
2.481765747070312500e-01
2.339904308319091797e-01
2.922515869140625000e-01
2.484047412872314453e-01
2.483451366424560547e-01
2.432506084442138672e-01
2.479686737060546875e-01
2.524154186248779297e-01
2.709777355194091797e-01
2.211914062500000000e-01
2.247762680053710938e-01
1.892132759094238281e-01
2.647762298583984375e-01
2.486956119537353516e-01
2.252998352050781250e-01
2.296161651611328125e-01
2.770335674285888672e-01
1.877310276031494141e-01
2.516984939575195312e-01
2.249889373779296875e-01
2.633786201477050781e-01
2.282063961029052734e-01
2.069454193115234375e-01
2.877843379974365234e-01
2.531919479370117188e-01
1.932663917541503906e-01
2.151560783386230469e-01
2.443935871124267578e-01
2.447504997253417969e-01
2.448596954345703125e-01
2.310378551483154297e-01
2.291591167449951172e-01
2.928099632263183594e-01
2.243678569793701172e-01
2.267150878906250000e-01
2.184813022613525391e-01
2.297859191894531250e-01
2.270255088806152344e-01
1.574404239654541016e-01
2.210531234741210938e-01
2.462203502655029297e-01
2.474353313446044922e-01
2.885103225708007812e-01
2.373495101928710938e-01
2.094044685363769531e-01
1.917738914489746094e-01
1.946952342987060547e-01
2.950420379638671875e-01
2.343368530273437500e-01
2.000372409820556641e-01
2.562353610992431641e-01
2.232761383056640625e-01
2.566840648651123047e-01
2.436685562133789062e-01
2.454302310943603516e-01
2.402710914611816406e-01
2.475447654724121094e-01
2.516269683837890625e-01
2.568295001983642578e-01
2.161102294921875000e-01
2.236390113830566406e-01
2.398226261138916016e-01
2.506742477416992188e-01
2.340393066406250000e-01
2.809772491455078125e-01
2.106730937957763672e-01
2.409734725952148438e-01
2.148559093475341797e-01
2.268815040588378906e-01
2.570705413818359375e-01
2.481555938720703125e-01
3.017411231994628906e-01
2.008316516876220703e-01
2.577819824218750000e-01
2.469162940979003906e-01
2.570326328277587891e-01
2.328886985778808594e-01
2.347860336303710938e-01
2.564349174499511719e-01
2.306296825408935547e-01
2.370803356170654297e-01
2.269053459167480469e-01
2.287609577178955078e-01
2.255713939666748047e-01
2.561774253845214844e-01
2.751607894897460938e-01
5.597517490386962891e-01
2.638599872589111328e-01
2.285385131835937500e-01
2.601389884948730469e-01
1.947000026702880859e-01
2.669858932495117188e-01
2.497382164001464844e-01
