1.268771028518676758e+01
1.214007425308227539e+01
1.224863481521606445e+01
1.225584101676940918e+01
1.224562525749206543e+01
1.199908542633056641e+01
1.224711251258850098e+01
1.271661162376403809e+01
1.239568161964416504e+01
1.183017301559448242e+01
1.231718349456787109e+01
1.223266553878784180e+01
1.299802112579345703e+01
1.285339260101318359e+01
1.283501958847045898e+01
1.235193848609924316e+01
1.218903636932373047e+01
1.240311503410339355e+01
1.240550804138183594e+01
1.272768855094909668e+01
1.308539652824401855e+01
1.213281464576721191e+01
1.223259735107421875e+01
1.232919502258300781e+01
1.270532035827636719e+01
1.201664948463439941e+01
1.246179604530334473e+01
1.273585081100463867e+01
1.219258427619934082e+01
1.244514226913452148e+01
1.220444560050964355e+01
1.211201715469360352e+01
1.296618008613586426e+01
1.274171590805053711e+01
1.268502449989318848e+01
1.283839201927185059e+01
1.242438936233520508e+01
1.218395853042602539e+01
1.232078003883361816e+01
1.243983507156372070e+01
1.232455945014953613e+01
1.239709091186523438e+01
1.242749595642089844e+01
1.304149246215820312e+01
1.253850078582763672e+01
1.243696618080139160e+01
1.263280797004699707e+01
1.237996840476989746e+01
1.228728795051574707e+01
1.254398417472839355e+01
1.251260328292846680e+01
1.251068329811096191e+01
1.288129925727844238e+01
1.247713112831115723e+01
1.249298501014709473e+01
1.269335842132568359e+01
1.251289033889770508e+01
1.206456613540649414e+01
1.251431965827941895e+01
1.294842743873596191e+01
1.292059159278869629e+01
1.235992360115051270e+01
1.229033589363098145e+01
1.203600311279296875e+01
1.246315717697143555e+01
1.241512322425842285e+01
1.286436271667480469e+01
1.216328549385070801e+01
1.244057130813598633e+01
1.252954196929931641e+01
1.198213148117065430e+01
1.241014122962951660e+01
1.242989945411682129e+01
1.250938510894775391e+01
1.263106441497802734e+01
1.272532844543457031e+01
1.225342726707458496e+01
1.223596739768981934e+01
1.231580400466918945e+01
1.223006558418273926e+01
1.192122244834899902e+01
1.292238283157348633e+01
1.223332929611206055e+01
1.235263371467590332e+01
1.251051616668701172e+01
1.211281132698059082e+01
1.211323976516723633e+01
1.287705230712890625e+01
1.233878874778747559e+01
1.245602226257324219e+01
1.212559080123901367e+01
1.227879261970520020e+01
1.234081768989562988e+01
1.285309457778930664e+01
1.293230128288269043e+01
1.264573764801025391e+01
1.244930553436279297e+01
1.287459516525268555e+01
1.246505331993103027e+01
1.247519111633300781e+01
1.295185494422912598e+01
1.257109308242797852e+01
1.259449982643127441e+01
1.286805558204650879e+01
1.286814332008361816e+01
1.278469634056091309e+01
1.271689295768737793e+01
1.292193531990051270e+01
1.218440246582031250e+01
1.266903781890869141e+01
1.251260280609130859e+01
1.247134804725646973e+01
1.230203914642333984e+01
1.239638757705688477e+01
1.258861732482910156e+01
1.247804379463195801e+01
1.233160376548767090e+01
1.276532149314880371e+01
1.237162971496582031e+01
1.260179948806762695e+01
1.224341368675231934e+01
1.283031797409057617e+01
1.261101746559143066e+01
1.256082248687744141e+01
1.181410336494445801e+01
1.256243395805358887e+01
1.270021653175354004e+01
1.241756486892700195e+01
1.234951901435852051e+01
1.213904857635498047e+01
1.260859251022338867e+01
1.225626111030578613e+01
1.214310073852539062e+01
1.242873597145080566e+01
1.232654976844787598e+01
1.219165563583374023e+01
1.227942609786987305e+01
1.220269942283630371e+01
1.224112248420715332e+01
1.259109807014465332e+01
1.238950109481811523e+01
1.280835390090942383e+01
1.228454184532165527e+01
1.217638087272644043e+01
1.228150820732116699e+01
1.227787542343139648e+01
1.266996312141418457e+01
1.286703968048095703e+01
1.296724891662597656e+01
1.268552470207214355e+01
1.233101367950439453e+01
1.261175227165222168e+01
1.245684695243835449e+01
1.234302759170532227e+01
1.267466378211975098e+01
1.206894397735595703e+01
1.272033786773681641e+01
1.297831583023071289e+01
1.241356778144836426e+01
1.298004221916198730e+01
1.250304651260375977e+01
1.234454011917114258e+01
1.290343070030212402e+01
1.245909690856933594e+01
1.237540626525878906e+01
1.248197960853576660e+01
1.213427758216857910e+01
1.258218240737915039e+01
1.236975622177124023e+01
1.282435441017150879e+01
1.238936233520507812e+01
1.264966082572937012e+01
1.221679067611694336e+01
1.238330626487731934e+01
1.215488052368164062e+01
1.221125793457031250e+01
1.246422910690307617e+01
1.293404698371887207e+01
1.322835445404052734e+01
1.256034564971923828e+01
1.292958211898803711e+01
1.254334735870361328e+01
1.253574132919311523e+01
1.228610277175903320e+01
1.248165702819824219e+01
1.258923292160034180e+01
1.279000854492187500e+01
1.271020126342773438e+01
1.283367562294006348e+01
1.282339262962341309e+01
1.240203166007995605e+01
1.287164664268493652e+01
1.253524637222290039e+01
1.235024333000183105e+01
1.302704215049743652e+01
1.230073571205139160e+01
1.223759150505065918e+01
1.204280638694763184e+01
1.253517460823059082e+01
1.243575620651245117e+01
