9.967999999084472762e+00
9.599999995727539925e+00
1.007999999954223647e+01
9.695999999542236125e+00
9.855999999542236267e+00
1.017599999938964928e+01
1.020799999954223658e+01
1.011199999938964922e+01
1.052800000244140577e+01
9.231999999847412042e+00
1.118399999572753956e+01
9.968000002441407048e+00
1.081599999969482440e+01
9.935999999694823615e+00
1.001599999954223641e+01
9.328000002441406480e+00
9.472000001831053950e+00
1.039999999908447315e+01
1.057599999969482418e+01
1.033600000183105472e+01
1.044799999969482407e+01
1.089599999572753930e+01
1.057599999938964785e+01
1.047999999816894601e+01
1.022399999908447299e+01
1.095999999938964820e+01
9.935999999847412667e+00
1.070399999938964797e+01
1.009600000244140539e+01
1.083199999938964808e+01
9.999999999542236395e+00
1.033599999984741125e+01
1.075199999938964801e+01
1.054399999908447327e+01
1.036800000244140563e+01
1.022399999572753870e+01
1.067199999954223699e+01
1.068799999877929707e+01
1.086399999572753927e+01
1.031999999908447307e+01
1.078399999984741164e+01
1.091199999938964815e+01
1.075199999938964801e+01
1.140799999938964859e+01
1.172800000183105418e+01
1.243199999984741133e+01
1.356799999938964874e+01
1.347199999969482498e+01
1.444799999877929686e+01
1.526399999572753963e+01
1.774400000244140685e+01
1.638399999938964768e+01
1.648000000183105485e+01
1.867199999572753910e+01
1.819199999877929841e+01
1.712000000183105541e+01
1.766400000244140500e+01
1.750399999511718718e+01
1.865600000244140588e+01
1.646400000244140571e+01
1.686399999877929545e+01
1.708800000488281157e+01
1.742400000244140656e+01
1.641599999938964771e+01
1.742399999572753799e+01
1.782399999511718747e+01
1.828800000488281086e+01
1.814399999969482380e+01
1.755199999572753811e+01
1.633600000244140560e+01
1.822399999908447299e+01
1.753600000244140489e+01
1.739199999511718886e+01
1.783999999572753836e+01
1.735999999816894501e+01
1.891199999877929727e+01
1.806399999954223645e+01
1.675199999572753740e+01
1.772800000183105595e+01
1.727999999572753964e+01
1.726399999938964669e+01
1.736000000244140651e+01
1.780800000244140691e+01
1.897599999572753759e+01
1.771199999938964709e+01
1.779199999908447438e+01
1.798399999877929645e+01
1.824000000183105641e+01
1.881599999145507951e+01
1.894399999938964996e+01
1.844799999511718624e+01
1.867199999877929528e+01
1.937599999572753973e+01
1.920000000488281344e+01
1.996799999145507698e+01
1.888000000244140608e+01
1.908800000488281157e+01
1.945599999877929775e+01
1.876800000244140776e+01
2.023999999877929667e+01
2.417600000122070369e+01
2.500799999511718852e+01
2.607999999816894388e+01
2.607999999816894388e+01
2.632000000488281088e+01
2.647999999511718627e+01
2.702399999572753941e+01
2.747200000488281191e+01
2.707200000122070449e+01
2.798399999145507877e+01
2.710399999511718860e+01
2.822400000183105462e+01
2.798399999877929645e+01
2.832000000488281088e+01
2.807999999908447109e+01
2.819199999511718602e+01
2.883200000366210958e+01
2.819200000488281077e+01
2.803200000122070179e+01
2.891199999145507959e+01
2.911999999145507800e+01
2.902400000488281151e+01
2.905599999145507795e+01
3.022399999145507721e+01
2.960000000732421910e+01
3.046399999908447143e+01
2.942399999572753799e+01
2.996799999511718582e+01
2.964800000366210853e+01
2.980799999816894541e+01
3.068799998779296700e+01
3.031999999511718613e+01
3.118399999511718690e+01
3.047999999145507743e+01
3.012799999755859304e+01
3.092799999511718667e+01
3.113599998779296740e+01
3.051200000122070222e+01
3.039999999145507914e+01
3.048000000732421810e+01
3.151999999145507658e+01
3.084799999511718838e+01
3.131199999511718701e+01
3.126399999511718875e+01
3.112000000732421867e+01
3.092799999145507783e+01
3.116799999145507982e+01
3.135999999511718883e+01
3.225599999816894581e+01
3.177599999145507681e+01
3.134399999755859412e+01
3.262400000732422001e+01
3.249600000732421989e+01
3.270399999572753558e+01
3.240000000122070389e+01
3.300800000366211151e+01
3.233599999755859500e+01
3.320000000732422052e+01
3.304000000122070446e+01
3.289599999877929548e+01
3.270399999877929531e+01
3.233599999389648616e+01
3.265600000183105323e+01
3.243199999816894774e+01
3.270400000732421830e+01
3.273599999511719005e+01
3.260800000732422177e+01
3.369599998779296612e+01
3.271999999816894444e+01
3.305599999755859386e+01
3.345600000122070128e+01
3.339200000732422069e+01
3.240000000122070389e+01
3.297600000732421677e+01
3.366399999816894706e+01
3.347199999145507832e+01
3.278399999145507593e+01
3.307200000732422041e+01
3.319999999511718869e+01
3.291199999572754109e+01
3.313599999145507979e+01
3.334399999145507820e+01
3.329599999755859585e+01
3.275199999511718829e+01
3.273599999816894268e+01
3.263999999511718642e+01
3.307199999145507974e+01
3.343999999389648536e+01
3.343999999145507473e+01
3.324799999145508167e+01
3.351999999389648366e+01
3.310399999145507621e+01
3.303999998779296732e+01
3.342399999877929417e+01
3.278399999145507593e+01
3.339200000488281006e+01
3.363200000488281205e+01
3.356799998779296601e+01
3.323199999816894490e+01
3.377599999145508036e+01
