2.127902507781982422e-01
2.448525428771972656e-01
2.377247810363769531e-01
2.243950366973876953e-01
2.469093799591064453e-01
2.204313278198242188e-01
2.194740772247314453e-01
2.468247413635253906e-01
2.173426151275634766e-01
1.884570121765136719e-01
2.459878921508789062e-01
2.744944095611572266e-01
2.727179527282714844e-01
2.641739845275878906e-01
2.687873840332031250e-01
2.577433586120605469e-01
2.355117797851562500e-01
2.481539249420166016e-01
2.029650211334228516e-01
2.438883781433105469e-01
2.889480590820312500e-01
2.504014968872070312e-01
2.323553562164306641e-01
2.094197273254394531e-01
2.436978816986083984e-01
2.047996520996093750e-01
2.445561885833740234e-01
2.980864048004150391e-01
2.236247062683105469e-01
2.645618915557861328e-01
2.234933376312255859e-01
1.814880371093750000e-01
2.534310817718505859e-01
2.317876815795898438e-01
2.007105350494384766e-01
2.339427471160888672e-01
2.836599349975585938e-01
2.271037101745605469e-01
2.008881568908691406e-01
2.660350799560546875e-01
2.207064628601074219e-01
2.369999885559082031e-01
2.316651344299316406e-01
2.683675289154052734e-01
2.337367534637451172e-01
2.554984092712402344e-01
2.575502395629882812e-01
2.249591350555419922e-01
2.203307151794433594e-01
2.496409416198730469e-01
2.154319286346435547e-01
2.419910430908203125e-01
2.398271560668945312e-01
2.691860198974609375e-01
2.560122013092041016e-01
2.133877277374267578e-01
1.994910240173339844e-01
2.159922122955322266e-01
2.416310310363769531e-01
2.341177463531494141e-01
2.567427158355712891e-01
2.708749771118164062e-01
2.226579189300537109e-01
2.037889957427978516e-01
2.399308681488037109e-01
2.512128353118896484e-01
2.449064254760742188e-01
2.097973823547363281e-01
2.415320873260498047e-01
2.472336292266845703e-01
2.415630817413330078e-01
2.534880638122558594e-01
2.520892620086669922e-01
2.409427165985107422e-01
2.845592498779296875e-01
2.245085239410400391e-01
2.297713756561279297e-01
2.403526306152343750e-01
2.564470767974853516e-01
2.073497772216796875e-01
2.532634735107421875e-01
2.338080406188964844e-01
2.129471302032470703e-01
2.313854694366455078e-01
2.454795837402343750e-01
2.084360122680664062e-01
2.193825244903564453e-01
2.276144027709960938e-01
2.406547069549560547e-01
2.515444755554199219e-01
2.139754295349121094e-01
2.126986980438232422e-01
2.291519641876220703e-01
2.458989620208740234e-01
2.415742874145507812e-01
1.961464881896972656e-01
2.583527565002441406e-01
2.639398574829101562e-01
2.493288516998291016e-01
2.630364894866943359e-01
2.349445819854736328e-01
2.482409477233886719e-01
2.623827457427978516e-01
2.590363025665283203e-01
2.473204135894775391e-01
2.218019962310791016e-01
2.356312274932861328e-01
2.475240230560302734e-01
2.339627742767333984e-01
2.922487258911132812e-01
2.484138011932373047e-01
2.483518123626708984e-01
2.432606220245361328e-01
2.479605674743652344e-01
2.524242401123046875e-01
2.710244655609130859e-01
2.212378978729248047e-01
2.248175144195556641e-01
1.892023086547851562e-01
2.648236751556396484e-01
2.486925125122070312e-01
2.247376441955566406e-01
2.296180725097656250e-01
2.770445346832275391e-01
1.877794265747070312e-01
2.516989707946777344e-01
2.250192165374755859e-01
2.634706497192382812e-01
2.282118797302246094e-01
2.069256305694580078e-01
2.878088951110839844e-01
2.532045841217041016e-01
1.932914257049560547e-01
2.151665687561035156e-01
2.443759441375732422e-01
2.447588443756103516e-01
2.448472976684570312e-01
2.310581207275390625e-01
2.291989326477050781e-01
2.928409576416015625e-01
2.252180576324462891e-01
2.267076969146728516e-01
2.185254096984863281e-01
2.298169136047363281e-01
2.270252704620361328e-01
1.574563980102539062e-01
2.210540771484375000e-01
2.462508678436279297e-01
2.474448680877685547e-01
2.885541915893554688e-01
2.373404502868652344e-01
2.094380855560302734e-01
1.917853355407714844e-01
1.947162151336669922e-01
2.950651645660400391e-01
2.343633174896240234e-01
2.000300884246826172e-01
2.562451362609863281e-01
2.232749462127685547e-01
2.566952705383300781e-01
2.436480522155761719e-01
2.454280853271484375e-01
2.403101921081542969e-01
2.475848197937011719e-01
2.516651153564453125e-01
2.568516731262207031e-01
2.161469459533691406e-01
2.236530780792236328e-01
2.398166656494140625e-01
2.506775856018066406e-01
2.376523017883300781e-01
2.815952301025390625e-01
2.106904983520507812e-01
2.409431934356689453e-01
2.148425579071044922e-01
2.269036769866943359e-01
2.570834159851074219e-01
2.481951713562011719e-01
3.017597198486328125e-01
2.008590698242187500e-01
2.578113079071044922e-01
2.469065189361572266e-01
2.570588588714599609e-01
2.328982353210449219e-01
2.347640991210937500e-01
2.564277648925781250e-01
2.306163311004638672e-01
2.371189594268798828e-01
2.268917560577392578e-01
2.287886142730712891e-01
2.255730628967285156e-01
2.562210559844970703e-01
2.751972675323486328e-01
5.598196983337402344e-01
2.638850212097167969e-01
2.285826206207275391e-01
2.601425647735595703e-01
1.947488784790039062e-01
2.670302391052246094e-01
2.497675418853759766e-01
