1.339618134498596191e+01
1.267710328102111816e+01
1.282825374603271484e+01
1.270594835281372070e+01
1.284545993804931641e+01
1.269560933113098145e+01
1.282379388809204102e+01
1.284816169738769531e+01
1.273397278785705566e+01
1.277408266067504883e+01
1.279890370368957520e+01
1.300137019157409668e+01
1.292551112174987793e+01
1.300239133834838867e+01
1.294827795028686523e+01
1.292013025283813477e+01
1.287769532203674316e+01
1.298386430740356445e+01
1.257087516784667969e+01
1.288436555862426758e+01
1.295763301849365234e+01
1.299687290191650391e+01
1.276998567581176758e+01
1.264723420143127441e+01
1.291542434692382812e+01
1.272261929512023926e+01
1.295694613456726074e+01
1.303983950614929199e+01
1.273014330863952637e+01
1.298500871658325195e+01
1.267517876625061035e+01
1.277151513099670410e+01
1.295959401130676270e+01
1.286859226226806641e+01
1.262450885772705078e+01
1.287433958053588867e+01
1.289531564712524414e+01
1.284210658073425293e+01
1.279037070274353027e+01
1.293732404708862305e+01
1.282656931877136230e+01
1.292073535919189453e+01
1.286133170127868652e+01
1.296385312080383301e+01
1.290408229827880859e+01
1.294797897338867188e+01
1.291816329956054688e+01
1.290702247619628906e+01
1.274683475494384766e+01
1.291980934143066406e+01
1.286144733428955078e+01
1.302333569526672363e+01
1.291308927536010742e+01
1.287983655929565430e+01
1.290484166145324707e+01
1.282976078987121582e+01
1.297813534736633301e+01
1.287308955192565918e+01
1.284638190269470215e+01
1.296490383148193359e+01
1.299989891052246094e+01
1.284131741523742676e+01
1.294266223907470703e+01
1.283370685577392578e+01
1.282067298889160156e+01
1.296771454811096191e+01
1.288964438438415527e+01
1.289993166923522949e+01
1.289006757736206055e+01
1.302303934097290039e+01
1.270089101791381836e+01
1.294590115547180176e+01
1.297789096832275391e+01
1.298920249938964844e+01
1.299257278442382812e+01
1.296237277984619141e+01
1.266880750656127930e+01
1.295841193199157715e+01
1.294603610038757324e+01
1.286737155914306641e+01
1.285261917114257812e+01
1.291276669502258301e+01
1.294633316993713379e+01
1.288458681106567383e+01
1.294650292396545410e+01
1.270356154441833496e+01
1.284763669967651367e+01
1.286366486549377441e+01
1.302569079399108887e+01
1.298178100585937500e+01
1.289843368530273438e+01
1.294999790191650391e+01
1.276820206642150879e+01
1.296724390983581543e+01
1.296820640563964844e+01
1.290285015106201172e+01
1.296950125694274902e+01
1.296318316459655762e+01
1.293368911743164062e+01
1.287639760971069336e+01
1.296833586692810059e+01
1.297636413574218750e+01
1.302244138717651367e+01
1.295760083198547363e+01
1.291755509376525879e+01
1.276975941658020020e+01
1.281355667114257812e+01
1.293978023529052734e+01
1.288819122314453125e+01
1.298415803909301758e+01
1.297783017158508301e+01
1.296624541282653809e+01
1.296278953552246094e+01
1.290688705444335938e+01
1.296849393844604492e+01
1.300472378730773926e+01
1.289875030517578125e+01
1.297959733009338379e+01
1.266930460929870605e+01
1.292539787292480469e+01
1.286671376228332520e+01
1.297922468185424805e+01
1.293069505691528320e+01
1.297983932495117188e+01
1.285889840126037598e+01
1.307141971588134766e+01
1.289341163635253906e+01
1.297652029991149902e+01
1.294635295867919922e+01
1.272736740112304688e+01
1.292923760414123535e+01
1.298372888565063477e+01
1.261611175537109375e+01
1.280396962165832520e+01
1.277349662780761719e+01
1.270372557640075684e+01
1.286313319206237793e+01
1.264172935485839844e+01
1.284489154815673828e+01
1.295481920242309570e+01
1.281019735336303711e+01
1.288796901702880859e+01
1.276991629600524902e+01
1.277753305435180664e+01
1.285046911239624023e+01
1.275365900993347168e+01
1.282511639595031738e+01
1.289795327186584473e+01
1.289815783500671387e+01
1.294970679283142090e+01
1.275855731964111328e+01
1.272498273849487305e+01
1.279127955436706543e+01
1.282786631584167480e+01
1.298087811470031738e+01
1.278889179229736328e+01
1.285155558586120605e+01
1.301808619499206543e+01
1.278284645080566406e+01
1.287158703804016113e+01
1.285007619857788086e+01
1.290189599990844727e+01
1.285039591789245605e+01
1.282862424850463867e+01
1.280301308631896973e+01
1.286643123626708984e+01
1.253070759773254395e+01
1.274587678909301758e+01
1.276171445846557617e+01
1.293468570709228516e+01
1.292720532417297363e+01
1.304910254478454590e+01
1.282064104080200195e+01
1.291483569145202637e+01
1.278819632530212402e+01
1.285191273689270020e+01
1.278268623352050781e+01
1.303845500946044922e+01
1.304474306106567383e+01
1.276646661758422852e+01
1.286276936531066895e+01
1.293114590644836426e+01
1.289866662025451660e+01
1.278579926490783691e+01
1.289343333244323730e+01
1.294278240203857422e+01
1.284843325614929199e+01
1.290873813629150391e+01
1.296369314193725586e+01
1.284955668449401855e+01
1.292947912216186523e+01
1.286968088150024414e+01
1.291519093513488770e+01
1.326130199432373047e+01
1.298810958862304688e+01
1.280314636230468750e+01
1.289957785606384277e+01
1.291218471527099609e+01
1.294713711738586426e+01
1.293984961509704590e+01
