2.325379419326782227e+01
2.276762151718139648e+01
2.303827238082885742e+01
2.264140701293945312e+01
2.360799479484558105e+01
2.261761617660522461e+01
2.316484117507934570e+01
2.304237604141235352e+01
2.309253764152526855e+01
2.291112256050109863e+01
2.279962587356567383e+01
2.308094310760498047e+01
2.304767751693725586e+01
2.320113348960876465e+01
2.331996464729309082e+01
2.327647733688354492e+01
2.299659204483032227e+01
2.311849236488342285e+01
2.231491589546203613e+01
2.288071250915527344e+01
2.313370776176452637e+01
2.341268634796142578e+01
2.286746668815612793e+01
2.281652951240539551e+01
2.293502998352050781e+01
2.279027366638183594e+01
2.313100075721740723e+01
2.361005926132202148e+01
2.265423154830932617e+01
2.345335602760314941e+01
2.293674969673156738e+01
2.270072126388549805e+01
2.312503480911254883e+01
2.308993554115295410e+01
2.254064321517944336e+01
2.332666802406311035e+01
2.342216706275939941e+01
2.332397294044494629e+01
2.311412978172302246e+01
2.323971343040466309e+01
2.286692667007446289e+01
2.307562470436096191e+01
2.325809931755065918e+01
2.333945560455322266e+01
2.315355205535888672e+01
2.336878132820129395e+01
2.331236219406127930e+01
2.315006732940673828e+01
2.325550436973571777e+01
2.331138801574707031e+01
2.318028926849365234e+01
2.328052115440368652e+01
2.305778574943542480e+01
2.345496344566345215e+01
2.321116876602172852e+01
2.309158706665039062e+01
2.327619194984436035e+01
2.305595302581787109e+01
2.307216548919677734e+01
2.364306330680847168e+01
2.329196143150329590e+01
2.312392187118530273e+01
2.307109045982360840e+01
2.314536070823669434e+01
2.302239060401916504e+01
2.401582860946655273e+01
2.313289141654968262e+01
2.336141037940979004e+01
2.329064965248107910e+01
2.348497605323791504e+01
2.345758247375488281e+01
2.319748878479003906e+01
2.340608406066894531e+01
2.370809960365295410e+01
2.357275462150573730e+01
2.315978288650512695e+01
2.285509848594665527e+01
2.321601963043212891e+01
2.319029116630554199e+01
2.309301257133483887e+01
2.344221830368041992e+01
2.463550829887390137e+01
2.385776138305664062e+01
2.298418164253234863e+01
2.360444903373718262e+01
2.299451971054077148e+01
2.342862129211425781e+01
2.296905875205993652e+01
2.328113961219787598e+01
2.317038774490356445e+01
2.301223182678222656e+01
2.309048652648925781e+01
2.329084444046020508e+01
2.329068470001220703e+01
2.332354140281677246e+01
2.315761899948120117e+01
2.338317799568176270e+01
2.312948751449584961e+01
2.306905794143676758e+01
2.330978536605834961e+01
2.310670256614685059e+01
2.338951659202575684e+01
2.332678437232971191e+01
2.318139457702636719e+01
2.327571272850036621e+01
2.285597920417785645e+01
2.297047758102416992e+01
2.347838592529296875e+01
2.308001303672790527e+01
2.344946265220642090e+01
2.335579514503479004e+01
2.315202927589416504e+01
2.323590230941772461e+01
2.325653028488159180e+01
2.319876909255981445e+01
2.389621329307556152e+01
2.307550144195556641e+01
2.356108164787292480e+01
2.267674136161804199e+01
2.328945231437683105e+01
2.370250630378723145e+01
2.305049705505371094e+01
2.305604124069213867e+01
2.358752107620239258e+01
2.323589754104614258e+01
2.362470960617065430e+01
2.328533744812011719e+01
2.335915398597717285e+01
2.319028806686401367e+01
2.283039832115173340e+01
2.374834394454956055e+01
2.336547470092773438e+01
2.237500047683715820e+01
2.306162309646606445e+01
2.300391125679016113e+01
2.284260439872741699e+01
2.332286810874938965e+01
2.281549906730651855e+01
2.290162730216979980e+01
2.313543820381164551e+01
2.294061636924743652e+01
2.279680323600769043e+01
2.280170249938964844e+01
2.305799794197082520e+01
2.325567579269409180e+01
2.279115962982177734e+01
2.336189603805541992e+01
2.365801286697387695e+01
2.353765392303466797e+01
2.368797993659973145e+01
2.354407429695129395e+01
2.266927886009216309e+01
2.307070422172546387e+01
2.298406696319580078e+01
2.369496202468872070e+01
2.329184412956237793e+01
2.295554852485656738e+01
2.345976161956787109e+01
2.313302612304687500e+01
2.357045722007751465e+01
2.290741991996765137e+01
2.306955146789550781e+01
2.320963287353515625e+01
2.349399232864379883e+01
2.291160225868225098e+01
2.350237393379211426e+01
2.268694305419921875e+01
2.276120829582214355e+01
2.326309919357299805e+01
2.359211611747741699e+01
2.353116536140441895e+01
2.331964945793151855e+01
2.295436000823974609e+01
2.351115798950195312e+01
2.282339143753051758e+01
2.326934838294982910e+01
2.309746599197387695e+01
2.332404375076293945e+01
2.338776850700378418e+01
2.301081848144531250e+01
2.324236059188842773e+01
2.320594429969787598e+01
2.348935151100158691e+01
2.334359836578369141e+01
2.313768410682678223e+01
2.308742690086364746e+01
2.308483958244323730e+01
2.320747780799865723e+01
2.372549605369567871e+01
2.318589949607849121e+01
2.306063747406005859e+01
2.327247905731201172e+01
2.336717438697814941e+01
2.687252497673034668e+01
2.371038794517517090e+01
2.340508747100830078e+01
2.311586475372314453e+01
2.319969987869262695e+01
2.324769735336303711e+01
2.360963964462280273e+01
