2.322850108146667480e+01
2.267260766029357910e+01
2.281529426574707031e+01
2.244902849197387695e+01
2.281197309494018555e+01
2.268814587593078613e+01
2.368362045288085938e+01
2.308925151824951172e+01
2.245112752914428711e+01
2.294006729125976562e+01
2.292450356483459473e+01
2.308172082901000977e+01
2.345915865898132324e+01
2.309572982788085938e+01
2.331607031822204590e+01
2.370499706268310547e+01
2.303891897201538086e+01
2.332142066955566406e+01
2.236280465126037598e+01
2.344922661781311035e+01
2.321014857292175293e+01
2.315486192703247070e+01
2.330296516418457031e+01
2.284230756759643555e+01
2.308859515190124512e+01
2.293284320831298828e+01
2.327536225318908691e+01
2.357878518104553223e+01
2.322072124481201172e+01
2.347011065483093262e+01
2.310823583602905273e+01
2.270390629768371582e+01
2.338725209236145020e+01
2.360830330848693848e+01
2.254956388473510742e+01
2.330296277999877930e+01
2.333348131179809570e+01
2.350171971321105957e+01
2.285727262496948242e+01
2.323122072219848633e+01
2.321852040290832520e+01
2.302296042442321777e+01
2.332031989097595215e+01
2.356673932075500488e+01
2.329861450195312500e+01
2.334980416297912598e+01
2.336112189292907715e+01
2.323856782913208008e+01
2.334370946884155273e+01
2.347850012779235840e+01
2.357449769973754883e+01
2.327751064300537109e+01
2.373457956314086914e+01
2.317261934280395508e+01
2.323945856094360352e+01
2.299566531181335449e+01
2.292013692855834961e+01
2.298982357978820801e+01
2.300775599479675293e+01
2.306301474571228027e+01
2.377076911926269531e+01
2.333757972717285156e+01
2.320856475830078125e+01
2.300917720794677734e+01
2.341854596138000488e+01
2.343668007850646973e+01
2.334756493568420410e+01
2.296398973464965820e+01
2.340729451179504395e+01
2.329253220558166504e+01
2.331506180763244629e+01
2.318348836898803711e+01
2.365633463859558105e+01
2.318682503700256348e+01
2.341437101364135742e+01
2.337642621994018555e+01
2.354930162429809570e+01
2.329054594039916992e+01
2.345420122146606445e+01
2.290434861183166504e+01
2.364771771430969238e+01
2.462779140472412109e+01
2.311673879623413086e+01
2.306485462188720703e+01
2.355651426315307617e+01
2.303481864929199219e+01
2.338951158523559570e+01
2.324608039855957031e+01
2.307257795333862305e+01
2.327471756935119629e+01
2.356235527992248535e+01
2.308021640777587891e+01
2.312134909629821777e+01
2.326079654693603516e+01
2.335971212387084961e+01
2.299027681350708008e+01
2.323817849159240723e+01
2.352399420738220215e+01
2.321183848381042480e+01
2.322179937362670898e+01
2.333126902580261230e+01
2.312680244445800781e+01
2.414435124397277832e+01
2.345513033866882324e+01
2.365087151527404785e+01
2.328395581245422363e+01
2.364667749404907227e+01
2.338295078277587891e+01
2.322299528121948242e+01
2.357447218894958496e+01
2.338908481597900391e+01
2.335327363014221191e+01
2.322909975051879883e+01
2.342871928215026855e+01
2.328451991081237793e+01
2.397880697250366211e+01
2.319843459129333496e+01
2.349474477767944336e+01
2.257765102386474609e+01
2.373458600044250488e+01
2.310442543029785156e+01
2.302112793922424316e+01
2.324127721786499023e+01
2.379477310180664062e+01
2.311576223373413086e+01
2.347563886642456055e+01
2.305538392066955566e+01
2.343864226341247559e+01
2.312440514564514160e+01
2.270625281333923340e+01
2.330940985679626465e+01
2.357185363769531250e+01
2.232038426399230957e+01
2.338701081275939941e+01
2.285113930702209473e+01
2.298021388053894043e+01
2.302591657638549805e+01
2.263159894943237305e+01
2.338797307014465332e+01
2.336498713493347168e+01
2.285697364807128906e+01
2.279911255836486816e+01
2.311862945556640625e+01
2.340656208992004395e+01
2.331085610389709473e+01
2.306614279747009277e+01
2.296580195426940918e+01
2.329963636398315430e+01
2.334324145317077637e+01
2.377415776252746582e+01
2.327567744255065918e+01
2.303575110435485840e+01
2.299781465530395508e+01
2.289183783531188965e+01
2.356894040107727051e+01
2.320028781890869141e+01
2.273714518547058105e+01
2.353135895729064941e+01
2.311521506309509277e+01
2.337024879455566406e+01
2.305342054367065430e+01
2.307533073425292969e+01
2.291529178619384766e+01
2.339265513420104980e+01
2.306729817390441895e+01
2.336773633956909180e+01
2.289819931983947754e+01
2.305925273895263672e+01
2.297991585731506348e+01
2.358778238296508789e+01
2.326521730422973633e+01
2.330358242988586426e+01
2.356834006309509277e+01
2.309125208854675293e+01
2.285010528564453125e+01
2.317389512062072754e+01
2.333257031440734863e+01
2.343456315994262695e+01
2.331408619880676270e+01
2.285917472839355469e+01
2.329784584045410156e+01
2.307279229164123535e+01
2.331309962272644043e+01
2.318491530418395996e+01
2.303248023986816406e+01
2.318557953834533691e+01
2.329943656921386719e+01
2.339021611213684082e+01
2.323369407653808594e+01
2.328531861305236816e+01
2.307179045677185059e+01
2.325466847419738770e+01
2.351047372817993164e+01
2.662785959243774414e+01
2.341635155677795410e+01
2.292578721046447754e+01
2.357568144798278809e+01
2.306973934173583984e+01
2.318035864830017090e+01
2.354847669601440430e+01
