1.256441545486450195e+01
1.254918146133422852e+01
1.265039420127868652e+01
1.275167417526245117e+01
1.234340953826904297e+01
1.212232518196105957e+01
1.224890089035034180e+01
1.226680183410644531e+01
1.274097013473510742e+01
1.226237463951110840e+01
1.276990365982055664e+01
1.280717039108276367e+01
1.261447596549987793e+01
1.235382342338562012e+01
1.237016725540161133e+01
1.252145457267761230e+01
1.269501280784606934e+01
1.249260473251342773e+01
1.174376368522644043e+01
1.222145390510559082e+01
1.259023046493530273e+01
1.223895788192749023e+01
1.267106199264526367e+01
1.276150417327880859e+01
1.227062773704528809e+01
1.221692442893981934e+01
1.238277006149291992e+01
1.317210030555725098e+01
1.234962010383605957e+01
1.252626156806945801e+01
1.188437795639038086e+01
1.179480576515197754e+01
1.251983857154846191e+01
1.241826486587524414e+01
1.232666182518005371e+01
1.243994426727294922e+01
1.257166194915771484e+01
1.236913657188415527e+01
1.240345621109008789e+01
1.270050835609436035e+01
1.262168836593627930e+01
1.233708786964416504e+01
1.231917285919189453e+01
1.256434440612792969e+01
1.247579622268676758e+01
1.249556970596313477e+01
1.260428524017333984e+01
1.272738742828369141e+01
1.219137501716613770e+01
1.241736388206481934e+01
1.239818310737609863e+01
1.288830327987670898e+01
1.244820380210876465e+01
1.297873067855834961e+01
1.294177699089050293e+01
1.220949459075927734e+01
1.210196042060852051e+01
1.227176904678344727e+01
1.240585446357727051e+01
1.252811908721923828e+01
1.242587852478027344e+01
1.247027492523193359e+01
1.280374717712402344e+01
1.220850634574890137e+01
1.281360816955566406e+01
1.285462784767150879e+01
1.244522452354431152e+01
1.257551217079162598e+01
1.234139204025268555e+01
1.292169785499572754e+01
1.256220293045043945e+01
1.286701321601867676e+01
1.227588438987731934e+01
1.258794379234313965e+01
1.247591614723205566e+01
1.236410808563232422e+01
1.201087617874145508e+01
1.267634487152099609e+01
1.246027803421020508e+01
1.266365218162536621e+01
1.208929300308227539e+01
1.264007854461669922e+01
1.202304267883300781e+01
1.235404610633850098e+01
1.250624966621398926e+01
1.249746489524841309e+01
1.262511348724365234e+01
1.248715519905090332e+01
1.249357819557189941e+01
1.253761315345764160e+01
1.227401041984558105e+01
1.232737731933593750e+01
1.218535685539245605e+01
1.247250032424926758e+01
1.250189661979675293e+01
1.223308229446411133e+01
1.284613132476806641e+01
1.243992686271667480e+01
1.285936570167541504e+01
1.288148498535156250e+01
1.255859088897705078e+01
1.250054931640625000e+01
1.249217557907104492e+01
1.241252088546752930e+01
1.241188812255859375e+01
1.215655064582824707e+01
1.227840399742126465e+01
1.248694562911987305e+01
1.232671141624450684e+01
1.249987459182739258e+01
1.227533435821533203e+01
1.233034372329711914e+01
1.247696828842163086e+01
1.233274006843566895e+01
1.243130159378051758e+01
1.254512047767639160e+01
1.251709127426147461e+01
1.228730440139770508e+01
1.200819873809814453e+01
1.298244476318359375e+01
1.252537155151367188e+01
1.238378381729125977e+01
1.214462375640869141e+01
1.232431197166442871e+01
1.211007022857666016e+01
1.247337365150451660e+01
1.232455372810363770e+01
1.252112913131713867e+01
1.262189722061157227e+01
1.225522279739379883e+01
1.305706405639648438e+01
1.251878452301025391e+01
1.226699781417846680e+01
1.246957564353942871e+01
1.230352807044982910e+01
1.279537534713745117e+01
1.274510478973388672e+01
1.209134507179260254e+01
1.246771955490112305e+01
1.315275430679321289e+01
1.226126194000244141e+01
1.253711628913879395e+01
1.281118297576904297e+01
1.235588121414184570e+01
1.272996592521667480e+01
1.201098704338073730e+01
1.228949856758117676e+01
1.233252096176147461e+01
1.248104739189147949e+01
1.254682040214538574e+01
1.222003316879272461e+01
1.218126487731933594e+01
1.227033972740173340e+01
1.180250430107116699e+01
1.313996505737304688e+01
1.262169432640075684e+01
1.234351539611816406e+01
1.258122253417968750e+01
1.228587436676025391e+01
1.254647612571716309e+01
1.282415652275085449e+01
1.290082216262817383e+01
1.248913002014160156e+01
1.251764297485351562e+01
1.276078176498413086e+01
1.289809656143188477e+01
1.257719874382019043e+01
1.200421309471130371e+01
1.211936497688293457e+01
1.238068938255310059e+01
1.222616672515869141e+01
1.272150182723999023e+01
1.252351117134094238e+01
1.280682182312011719e+01
1.205239224433898926e+01
1.198730158805847168e+01
1.235155034065246582e+01
1.238981199264526367e+01
1.273808765411376953e+01
1.216470837593078613e+01
1.250960469245910645e+01
1.253417778015136719e+01
1.254024553298950195e+01
1.274784922599792480e+01
1.230943155288696289e+01
1.244960474967956543e+01
1.230743813514709473e+01
1.213631224632263184e+01
1.227063512802124023e+01
1.237585449218750000e+01
1.239022827148437500e+01
1.237815737724304199e+01
1.241876888275146484e+01
1.231460642814636230e+01
1.262536621093750000e+01
1.269631552696228027e+01
1.243343997001647949e+01
1.176545739173889160e+01
1.243238711357116699e+01
1.280002975463867188e+01
