2.458109184188842722e+00
2.450638130569458006e+00
2.461157978439330929e+00
2.469764711837768356e+00
2.503511358795166064e+00
2.545469602127075071e+00
2.606334928741455226e+00
2.515404032974243087e+00
2.577873108825683435e+00
2.569477267684936450e+00
2.555492928695678678e+00
2.567456107177734204e+00
2.496091506958007855e+00
2.517970882492065243e+00
2.501754482879638530e+00
2.520975192947387811e+00
2.569516040191650585e+00
2.592174772033691621e+00
2.597505974273681684e+00
2.541096051864624172e+00
2.563795390243530203e+00
2.474922843551635943e+00
2.541099010314941342e+00
2.546443327178955052e+00
2.543235211563110276e+00
2.606267634811401557e+00
2.531435391159057691e+00
2.463089618453979668e+00
2.478823554534911988e+00
2.449209446334839058e+00
2.479233040237426966e+00
2.411351163177490431e+00
2.394561834182739268e+00
2.379895597686767506e+00
2.376432320861816549e+00
2.355760592041015844e+00
2.327964869308471574e+00
2.340903712997436603e+00
2.320221896514892634e+00
2.278467300262451367e+00
2.276400420532226576e+00
2.250045664749145580e+00
2.251203123397827355e+00
2.238825441131591987e+00
2.231442441329956061e+00
2.225608193817138591e+00
2.176527907638549753e+00
2.179576503906250018e+00
2.188353928108215385e+00
2.189307029418945394e+00
2.210049636001587103e+00
2.176726885375976472e+00
2.209280168457031124e+00
2.177534044113158984e+00
2.193730143661499099e+00
2.191512359008789268e+00
2.178063298263549719e+00
2.168584101791382057e+00
2.164056563491821183e+00
2.161238872184753301e+00
2.145867456283569119e+00
2.168315907745361315e+00
2.178562563552856268e+00
2.197242652359008730e+00
2.161597581558227343e+00
2.156364926757812661e+00
2.171114068145751919e+00
2.174888037643432526e+00
2.155686226959228513e+00
2.145999456253051552e+00
2.149484014358520323e+00
2.153464111785888591e+00
2.161398849639892372e+00
2.157230948104858381e+00
2.137526066665649260e+00
2.156296166114807011e+00
2.178180920486450400e+00
2.203121896972656035e+00
2.149548879165649407e+00
2.153715947189331015e+00
2.148588738479614069e+00
2.121379298858642404e+00
2.137725436172485338e+00
2.144586269721985072e+00
2.137660779418945278e+00
2.146282180786132976e+00
2.137332630920410370e+00
2.136285477828979484e+00
2.138169118423462134e+00
2.159612263946533162e+00
2.133782017974853673e+00
2.120488339385986354e+00
2.100042317733764818e+00
2.103362502822875957e+00
2.121975202713012543e+00
2.135362745018005270e+00
2.080831270599365013e+00
2.121065336532592660e+00
2.127060408782958767e+00
2.108754281616211035e+00
1.980067370758056722e+00
1.972145141220092768e+00
1.960624768333435020e+00
1.951995132789611898e+00
1.952791822357177631e+00
1.945209413986205949e+00
1.936493012237548772e+00
1.941115846252441379e+00
1.930465319366455157e+00
1.923884675598144467e+00
1.919561634368896375e+00
1.920656012573242144e+00
1.913021550598144493e+00
1.918146459999084508e+00
1.917708442153930770e+00
1.902014231948852441e+00
1.907025875396728409e+00
1.887129279823303252e+00
1.897144513168334878e+00
1.897362820816040019e+00
1.894751115493774396e+00
1.885220202445983873e+00
1.882108211936950770e+00
1.871601291542053236e+00
1.877993991699218768e+00
1.871964736480712821e+00
1.887128747024536146e+00
1.871118929176330603e+00
1.869821939010620104e+00
1.869767733993530356e+00
1.865974216003418062e+00
1.859795439453125088e+00
1.863779430236816470e+00
1.848403215560913138e+00
1.854227585639953713e+00
1.844561588020324772e+00
1.858451376838684110e+00
1.847681702995300324e+00
1.844673759231567400e+00
1.849610417442321797e+00
1.849649025421142623e+00
1.842564402465820317e+00
1.831858497314453160e+00
1.842479661521911671e+00
1.837705399627685532e+00
1.835380234832763691e+00
1.846585809669494704e+00
1.835558572044372561e+00
1.836301581878662104e+00
1.832989795989990345e+00
1.825424841384887698e+00
1.824880478286743157e+00
1.824426604614257874e+00
1.820002751388549722e+00
1.823792637710571318e+00
1.825326455192565867e+00
1.820808538894653328e+00
1.824560710182189904e+00
1.818894460678100566e+00
1.814516906471252522e+00
1.820632605857849029e+00
1.815220119628906170e+00
1.813603729324340774e+00
1.819147855987548912e+00
1.820781920356750572e+00
1.820149460830688515e+00
1.821586886558532736e+00
1.825044753074646087e+00
1.821390237770080578e+00
1.820283109207153416e+00
1.824943975791931239e+00
1.811030667724609300e+00
1.813620820159912217e+00
1.816949040870666554e+00
1.813763422660827684e+00
1.819017481422424254e+00
1.817618295707702725e+00
1.815987170524597127e+00
1.815256551666259766e+00
1.817116612777709861e+00
1.813524285774230860e+00
1.817990529975891167e+00
1.816802024841308594e+00
1.812888484153747592e+00
1.818838284835815333e+00
1.814820785522460955e+00
1.814463929519653407e+00
1.812303419151306105e+00
1.816443528823852516e+00
1.817165735893249590e+00
1.815980577239990179e+00
1.812153862380981417e+00
1.815472846755981529e+00
1.806628543777465845e+00
1.807814995422363236e+00
1.808793069686889687e+00
1.816219062690734853e+00
1.812689378433227638e+00
1.810167691879272400e+00
1.808345412483215231e+00
