1.039999999938964770e+01
1.065599999572753909e+01
1.047999999938964777e+01
9.664000001831054121e+00
1.019199999954223657e+01
1.033599999984741125e+01
9.935999999389649062e+00
1.068800000244140591e+01
1.007999999954223647e+01
1.035200000244140561e+01
1.007999999954223647e+01
1.006399999877929652e+01
1.049599999908447323e+01
1.020800000244140548e+01
1.031999999969482396e+01
9.535999999542235983e+00
1.063999999908447336e+01
1.070399999938964797e+01
1.065599999954223698e+01
1.033599999877929676e+01
9.871999999847412610e+00
1.049599999908447323e+01
9.839999999694823529e+00
1.025599999954223662e+01
1.057599999938964785e+01
1.059200000244140583e+01
1.049599999938964778e+01
1.107199999938964829e+01
1.132799999954223580e+01
1.129599999954223577e+01
1.128000000488281174e+01
1.147199999572753981e+01
1.278399999908447349e+01
1.220799999969482386e+01
1.302399999908447192e+01
1.323199999572753960e+01
1.419199999877929663e+01
1.334400000183105384e+01
1.431999999908447307e+01
1.495999999908447187e+01
1.548799999572753983e+01
1.622399999877929844e+01
1.561599999755859436e+01
1.572799999908447255e+01
1.739199999877929770e+01
1.743999999938964862e+01
1.859199999511718815e+01
1.820799999877929665e+01
1.793600000244140702e+01
1.771199999938964709e+01
1.881600000488281310e+01
1.894399999908447185e+01
1.876799999938964802e+01
1.931199999511718701e+01
1.812799999908447290e+01
1.812800000488281427e+01
1.843199999511718801e+01
1.959999999572753993e+01
1.940800000183105567e+01
1.942399999969482494e+01
2.059199999572754081e+01
2.024000000488281259e+01
1.988799999877929636e+01
1.927999999908447393e+01
2.064000000244140764e+01
2.083199999908447353e+01
2.092799999511718667e+01
2.032000000183105470e+01
2.049599999908447145e+01
2.052799999877929693e+01
2.132800000183105382e+01
2.089599999572753930e+01
2.123200000183105374e+01
2.006399999877929829e+01
2.049600000244140574e+01
2.036799999511718795e+01
1.958400000244140671e+01
2.076799999938964802e+01
2.025599999908447302e+01
2.036799999572754061e+01
2.067199999877929528e+01
2.148800000488281370e+01
2.060800000488281114e+01
2.163199999572753995e+01
2.116799999908447205e+01
2.052799999877929693e+01
2.134400000183105561e+01
2.147199999816894689e+01
2.169599999511718735e+01
2.212800000488281427e+01
2.199999999572753850e+01
2.036800000183105297e+01
2.134399999572753970e+01
2.230400000183105291e+01
2.169600000183105593e+01
2.096000000244140793e+01
2.179200000183105601e+01
2.188799999908447091e+01
2.103999999877929739e+01
2.120000000488281344e+01
2.636800000122070387e+01
2.767999999816894530e+01
2.767999999145507672e+01
2.771199999511718914e+01
2.779199999816894362e+01
2.833599999511718792e+01
2.919999998779296746e+01
2.811199999511718772e+01
2.768000000732421739e+01
2.904000000488281330e+01
2.876800000122070244e+01
2.872000000122070418e+01
2.908799999511718681e+01
2.967999999816894530e+01
2.868800000122070415e+01
3.035199998779296848e+01
3.054399999816894606e+01
2.921600000732421876e+01
2.977600000122070156e+01
2.942400000183105391e+01
3.007999999816894388e+01
3.006400000488281421e+01
3.054399999511718633e+01
2.984000000183105428e+01
3.059199999816894433e+01
3.022399999572753870e+01
3.044799999816894598e+01
3.144000000732421896e+01
3.019200000122070193e+01
3.004799999511718767e+01
3.011199999877929656e+01
3.027199999511718786e+01
3.102399999572753941e+01
3.116799999755859218e+01
3.124799999816894669e+01
3.081599999511718835e+01
3.113599999511718863e+01
3.095999999145507786e+01
3.156800000732421907e+01
3.123200000488281347e+01
3.171199999511718914e+01
3.166399999755859440e+01
3.155199999816894518e+01
3.172800000122070330e+01
3.094399999816894464e+01
3.150399999816894692e+01
3.207999999816894388e+01
3.116799999755859218e+01
3.142399999816894507e+01
3.179200000488281219e+01
3.288000000732422023e+01
3.241600000183105124e+01
3.225599999755859670e+01
3.323200000366210816e+01
3.259200000366210759e+01
3.332799999755859233e+01
3.289599999145507780e+01
3.295999999145507786e+01
3.308800000366210980e+01
3.318399998779296567e+01
3.292799998779296544e+01
3.283200000183105516e+01
3.332800000488281000e+01
3.251200000183105487e+01
3.270400000122070594e+01
3.284800000732421665e+01
3.331200000122070293e+01
3.238400000732421802e+01
3.227199999511718431e+01
3.299199999511719028e+01
3.244799999511718624e+01
3.299199999511719028e+01
3.371199999145508031e+01
3.275199999755859182e+01
3.286399999145508133e+01
3.254400000366211287e+01
3.271999999145507587e+01
3.332800000183105738e+01
3.315200000732421870e+01
3.329599998779296754e+01
3.257600000488281466e+01
3.228800000122070202e+01
3.310399999389648684e+01
3.276799998779296885e+01
3.291199999816894461e+01
3.316800000122070458e+01
3.209600000366211248e+01
3.355199999145507661e+01
3.295999999755859022e+01
3.297599999145507610e+01
3.279999999145508127e+01
3.372799999816894712e+01
3.347200000488281546e+01
3.252800000122070401e+01
3.380799999145507684e+01
3.303999999511718499e+01
3.345599999145508008e+01
3.310400000732421688e+01
3.356799999145507485e+01
3.270399999511718647e+01
