1.000000000000000000e+01
1.000000000000000000e+01
1.050000000000000000e+01
1.063999938964843750e+01
1.000000000000000000e+01
1.056999969482421875e+01
1.125999927520751953e+01
1.080999946594238281e+01
1.071999931335449219e+01
1.030000019073486328e+01
9.500000000000000000e+00
1.000000000000000000e+01
1.002999973297119141e+01
1.056999969482421875e+01
1.009000015258789062e+01
1.017999935150146484e+01
1.065999984741210938e+01
1.000999927520751953e+01
1.105000019073486328e+01
1.136999988555908203e+01
1.000000000000000000e+01
1.000000000000000000e+01
1.097999954223632812e+01
1.042999935150146484e+01
1.176999950408935547e+01
1.281999969482421875e+01
1.043999958038330078e+01
1.055999946594238281e+01
1.234999942779541016e+01
1.067999935150146484e+01
1.207999992370605469e+01
1.627999877929687500e+01
1.167000007629394531e+01
1.698999977111816406e+01
1.746999931335449219e+01
1.017000007629394531e+01
1.814999961853027344e+01
2.118999862670898438e+01
1.990999984741210938e+01
1.779999923706054688e+01
1.429999923706054688e+01
1.993999862670898438e+01
1.572999954223632812e+01
2.006999969482421875e+01
2.142000007629394531e+01
2.152999877929687500e+01
2.196999931335449219e+01
2.055999946594238281e+01
1.995999908447265625e+01
2.445999908447265625e+01
2.221999931335449219e+01
1.968999862670898438e+01
2.402999877929687500e+01
2.028999900817871094e+01
2.396999931335449219e+01
2.514999961853027344e+01
2.019999885559082031e+01
2.637999916076660156e+01
2.070999908447265625e+01
2.505999946594238281e+01
2.085999870300292969e+01
2.201000022888183594e+01
1.784000015258789062e+01
1.902999877929687500e+01
2.220999908447265625e+01
1.902999877929687500e+01
2.101000022888183594e+01
1.961999893188476562e+01
1.753999900817871094e+01
2.136999893188476562e+01
1.904999923706054688e+01
2.019999885559082031e+01
2.282999992370605469e+01
2.310999870300292969e+01
2.227999877929687500e+01
1.995999908447265625e+01
1.821999931335449219e+01
1.998999977111816406e+01
1.970999908447265625e+01
1.793999862670898438e+01
2.317000007629394531e+01
1.779999923706054688e+01
2.144999885559082031e+01
2.334999847412109375e+01
2.067000007629394531e+01
2.088999938964843750e+01
2.259000015258789062e+01
2.390999984741210938e+01
2.356999969482421875e+01
2.195999908447265625e+01
2.373999977111816406e+01
2.321999931335449219e+01
2.336999893188476562e+01
2.343000030517578125e+01
2.214999961853027344e+01
2.444999885559082031e+01
2.345999908447265625e+01
2.379999923706054688e+01
2.559999847412109375e+01
2.452999877929687500e+01
2.801999855041503906e+01
2.798999977111816406e+01
2.925000000000000000e+01
2.919999885559082031e+01
2.750000000000000000e+01
2.893999862670898438e+01
2.936999893188476562e+01
2.956999969482421875e+01
2.918999862670898438e+01
2.959999847412109375e+01
2.988999938964843750e+01
3.045999908447265625e+01
3.010999870300292969e+01
3.009999847412109375e+01
3.117999839782714844e+01
3.054999923706054688e+01
3.056999969482421875e+01
3.115999984741210938e+01
3.061999893188476562e+01
3.103999900817871094e+01
3.130999946594238281e+01
3.101999855041503906e+01
3.101999855041503906e+01
3.063999938964843750e+01
3.084000015258789062e+01
3.075999832153320312e+01
3.062999916076660156e+01
3.044999885559082031e+01
3.063999938964843750e+01
3.175999832153320312e+01
3.229999923706054688e+01
3.106999969482421875e+01
3.223999786376953125e+01
3.089999961853027344e+01
3.215999984741210938e+01
3.184999847412109375e+01
3.221999740600585938e+01
3.248999786376953125e+01
3.270000076293945312e+01
3.175000000000000000e+01
3.221999740600585938e+01
3.143999862670898438e+01
3.259000015258789062e+01
3.225000000000000000e+01
3.270999908447265625e+01
3.183999824523925781e+01
3.261999893188476562e+01
3.261999893188476562e+01
3.259000015258789062e+01
3.263000106811523438e+01
3.279000091552734375e+01
3.286000061035156250e+01
3.297999954223632812e+01
3.277999877929687500e+01
3.257999801635742188e+01
3.282999801635742188e+01
3.288999938964843750e+01
3.277000045776367188e+01
3.279999923706054688e+01
3.245999908447265625e+01
3.293999862670898438e+01
3.293000030517578125e+01
3.296999740600585938e+01
3.295000076293945312e+01
3.313000106811523438e+01
3.297999954223632812e+01
3.275999832153320312e+01
3.306999969482421875e+01
3.295999908447265625e+01
3.311999893188476562e+01
3.284000015258789062e+01
3.290999984741210938e+01
3.304999923706054688e+01
3.305999755859375000e+01
3.304000091552734375e+01
3.329000091552734375e+01
3.330999755859375000e+01
3.323999786376953125e+01
3.311000061035156250e+01
3.323999786376953125e+01
3.330999755859375000e+01
3.334000015258789062e+01
3.313000106811523438e+01
3.320000076293945312e+01
3.316999816894531250e+01
3.309000015258789062e+01
3.309000015258789062e+01
3.311000061035156250e+01
3.320000076293945312e+01
3.327999877929687500e+01
3.337999725341796875e+01
3.321999740600585938e+01
3.336000061035156250e+01
3.311999893188476562e+01
3.332999801635742188e+01
3.336999893188476562e+01
3.320000076293945312e+01
3.291999816894531250e+01
3.315999984741210938e+01
3.311999893188476562e+01
