1.261741185188293457e+01
1.194568371772766113e+01
1.217156434059143066e+01
1.223521661758422852e+01
1.280427217483520508e+01
1.267024636268615723e+01
1.267160415649414062e+01
1.227395033836364746e+01
1.223084568977355957e+01
1.163233852386474609e+01
1.222304701805114746e+01
1.234267425537109375e+01
1.254256916046142578e+01
1.252531599998474121e+01
1.244241285324096680e+01
1.295077276229858398e+01
1.209435224533081055e+01
1.296154952049255371e+01
1.199351143836975098e+01
1.228297042846679688e+01
1.278589010238647461e+01
1.278284549713134766e+01
1.213958191871643066e+01
1.228608059883117676e+01
1.231330275535583496e+01
1.254565191268920898e+01
1.227571105957031250e+01
1.262966227531433105e+01
1.275362038612365723e+01
1.300202488899230957e+01
1.212816262245178223e+01
1.205506086349487305e+01
1.261043214797973633e+01
1.243288135528564453e+01
1.233564996719360352e+01
1.247177910804748535e+01
1.313743829727172852e+01
1.276976394653320312e+01
1.277689313888549805e+01
1.306031513214111328e+01
1.283187770843505859e+01
1.230853486061096191e+01
1.233855128288269043e+01
1.271695065498352051e+01
1.243968963623046875e+01
1.293386530876159668e+01
1.306975960731506348e+01
1.222860240936279297e+01
1.217222261428833008e+01
1.245488381385803223e+01
1.241236019134521484e+01
1.246488857269287109e+01
1.253962206840515137e+01
1.242336964607238770e+01
1.242491579055786133e+01
1.227714037895202637e+01
1.212470793724060059e+01
1.263154292106628418e+01
1.231122684478759766e+01
1.252351284027099609e+01
1.254132914543151855e+01
1.293328666687011719e+01
1.215878939628601074e+01
1.265319442749023438e+01
1.218107271194458008e+01
1.229215717315673828e+01
1.246540713310241699e+01
1.217286682128906250e+01
1.232078695297241211e+01
1.242056989669799805e+01
1.206415486335754395e+01
1.252776956558227539e+01
1.232564687728881836e+01
1.299548935890197754e+01
1.260336947441101074e+01
1.236371731758117676e+01
1.208591294288635254e+01
1.201599431037902832e+01
1.289960598945617676e+01
1.217041540145874023e+01
1.179845070838928223e+01
1.246548533439636230e+01
1.206637787818908691e+01
1.279744505882263184e+01
1.289003825187683105e+01
1.201827454566955566e+01
1.219889569282531738e+01
1.244637489318847656e+01
1.297137403488159180e+01
1.292864465713500977e+01
1.273251032829284668e+01
1.272138571739196777e+01
1.226508188247680664e+01
1.245150756835937500e+01
1.260481286048889160e+01
1.225021386146545410e+01
1.238876271247863770e+01
1.253154063224792480e+01
1.235146045684814453e+01
1.234464001655578613e+01
1.254903292655944824e+01
1.246664881706237793e+01
1.249981403350830078e+01
1.248892879486083984e+01
1.249853467941284180e+01
1.230408310890197754e+01
1.238574004173278809e+01
1.256561017036437988e+01
1.278236341476440430e+01
1.250420713424682617e+01
1.239100670814514160e+01
1.238764929771423340e+01
1.284560203552246094e+01
1.228941631317138672e+01
1.241047525405883789e+01
1.290816307067871094e+01
1.271776008605957031e+01
1.244901466369628906e+01
1.203579187393188477e+01
1.250397944450378418e+01
1.282607102394104004e+01
1.246369814872741699e+01
1.229427814483642578e+01
1.245080137252807617e+01
1.253989624977111816e+01
1.254718065261840820e+01
1.239473581314086914e+01
1.299045228958129883e+01
1.283317089080810547e+01
1.267975234985351562e+01
1.261191534996032715e+01
1.290862107276916504e+01
1.264199399948120117e+01
1.274788165092468262e+01
1.230390357971191406e+01
1.222110700607299805e+01
1.224768733978271484e+01
1.211050152778625488e+01
1.282023763656616211e+01
1.256078886985778809e+01
1.224925661087036133e+01
1.245031690597534180e+01
1.213069820404052734e+01
1.279833149909973145e+01
1.228694581985473633e+01
1.221018242835998535e+01
1.217261815071105957e+01
1.233180046081542969e+01
1.252607393264770508e+01
1.260687065124511719e+01
1.218602919578552246e+01
1.221099019050598145e+01
1.236152601242065430e+01
1.197709584236145020e+01
1.257216429710388184e+01
1.201823735237121582e+01
1.234694743156433105e+01
1.266580152511596680e+01
1.225999093055725098e+01
1.264363002777099609e+01
1.235444545745849609e+01
1.224403595924377441e+01
1.251331353187561035e+01
1.298155212402343750e+01
1.227366614341735840e+01
1.226670837402343750e+01
1.206579136848449707e+01
1.212246656417846680e+01
1.229338335990905762e+01
1.242169976234436035e+01
1.233950376510620117e+01
1.308070468902587891e+01
1.190223312377929688e+01
1.234309983253479004e+01
1.199769091606140137e+01
1.217786788940429688e+01
1.254524827003479004e+01
1.250422954559326172e+01
1.276519346237182617e+01
1.222430372238159180e+01
1.256390833854675293e+01
1.287928509712219238e+01
1.302788448333740234e+01
1.239386558532714844e+01
1.236447668075561523e+01
1.239771199226379395e+01
1.234653687477111816e+01
1.225516939163208008e+01
1.234563422203063965e+01
1.245396208763122559e+01
1.229812145233154297e+01
1.248566985130310059e+01
1.276239800453186035e+01
1.245767354965209961e+01
1.257883191108703613e+01
1.217288613319396973e+01
1.287156128883361816e+01
1.195771431922912598e+01
1.242184185981750488e+01
1.234562659263610840e+01
