2.500138910598754816e+00
2.486766015930175655e+00
2.484369072647094612e+00
2.510566769485473415e+00
2.526333207321167063e+00
2.509625221557617358e+00
2.487927903823852649e+00
2.499336265106200994e+00
2.579770680923461956e+00
2.571910873336792136e+00
2.524475941390991185e+00
2.516325289764404172e+00
2.510414922103881619e+00
2.550395787429809769e+00
2.639857073059082015e+00
2.651735735321044896e+00
2.557527482299804866e+00
2.574201492843628092e+00
2.537513747100830219e+00
2.535366288299560455e+00
2.468993350143432686e+00
2.460760178833008016e+00
2.473112980880737499e+00
2.536042015838622987e+00
2.524837426681518338e+00
2.528760010681152526e+00
2.543047373504638831e+00
2.460513574981689544e+00
2.422463145141601437e+00
2.430737838897705227e+00
2.440994580917358547e+00
2.446581262664794920e+00
2.460900681228637588e+00
2.431868616409301964e+00
2.423078654022216671e+00
2.423944176177978527e+00
2.416367127838134898e+00
2.429595504913330206e+00
2.448921020126342718e+00
2.416662169113159120e+00
2.395510046157836914e+00
2.412410026092529414e+00
2.407571380691528429e+00
2.372368476943969906e+00
2.366066580276489084e+00
2.352300563430786084e+00
2.316798573608398470e+00
2.306556662139892744e+00
2.275618616027831997e+00
2.257225865249633756e+00
2.201874048843383669e+00
2.203154471130371217e+00
2.207920181121826086e+00
2.183993024291992047e+00
2.183002714157104673e+00
2.168181842422485239e+00
2.186602664337158330e+00
2.195973183135986329e+00
2.169428275680541862e+00
2.194766913909912187e+00
2.166310076599121004e+00
2.164819671401977619e+00
2.183562625274658053e+00
2.184892777709960932e+00
2.196466907043456818e+00
2.156630447998046929e+00
2.181508389282226457e+00
2.171844854431152161e+00
2.180759537162780592e+00
2.173927681350707797e+00
2.183660523376464990e+00
2.153268907165527324e+00
2.177710622711181543e+00
2.141610927429199229e+00
2.189033328933715605e+00
2.153553857498168966e+00
2.181187616577148436e+00
2.193157155151367110e+00
2.169987525939941264e+00
2.155249219360351631e+00
2.170665139770507679e+00
2.162040135269164942e+00
2.178263435211181598e+00
2.186676299438476523e+00
2.163878251800537278e+00
2.183883824234008841e+00
2.144273563690185735e+00
2.170592490081787229e+00
2.118621059494018688e+00
2.135200079727173073e+00
2.143620917663574321e+00
2.125574297790527201e+00
2.112174227371215629e+00
2.154465328369140842e+00
2.138912876129150487e+00
2.124538883743285922e+00
2.125720078582763684e+00
2.129503327484131070e+00
2.142110582466125290e+00
2.112858918533325081e+00
1.988165511550903375e+00
1.969705426559448247e+00
1.971584881057739214e+00
1.970296442337036158e+00
1.967783292236328085e+00
1.948155075607299835e+00
1.939761192321777239e+00
1.945374731407165436e+00
1.944439909324646054e+00
1.943076263961792005e+00
1.937191388282775817e+00
1.935207240333557177e+00
1.939862679252624567e+00
1.920626353530883845e+00
1.918085955772399931e+00
1.922156684226989709e+00
1.925217689666748111e+00
1.922730925407409641e+00
1.913105494995117173e+00
1.921173536109924251e+00
1.919244145431518556e+00
1.916835741043090735e+00
1.910866062316894487e+00
1.909186679153442423e+00
1.898434623413085998e+00
1.898651859512329176e+00
1.903021497039794951e+00
1.898509055862426687e+00
1.895671318092346125e+00
1.895746052360534728e+00
1.873735399093627851e+00
1.888943824081420919e+00
1.889295704689025968e+00
1.886774261093139726e+00
1.892044033012390214e+00
1.882215350456237779e+00
1.884379273376464825e+00
1.870536864776611408e+00
1.878587494239807087e+00
1.875424521141052292e+00
1.865362180099487288e+00
1.874736837120056121e+00
1.877360523757934496e+00
1.868509488868713486e+00
1.867420570411682190e+00
1.867242072868347202e+00
1.869604772872924814e+00
1.863507906723022467e+00
1.858999252700805682e+00
1.867867147483825763e+00
1.854858000831604015e+00
1.854779136886596680e+00
1.839627891769409107e+00
1.844464439735412631e+00
1.849023953895568839e+00
1.849378958930969263e+00
1.851215767707824700e+00
1.854914991531372070e+00
1.846122540283203106e+00
1.846219079208373914e+00
1.843605842285156227e+00
1.855689471969604432e+00
1.834023727760314859e+00
1.853325133323669327e+00
1.840011559867858804e+00
1.839286668777465827e+00
1.836920138282775783e+00
1.857370595779418876e+00
1.843388952827453631e+00
1.844576363487243631e+00
1.846748101959228450e+00
1.838393836517334012e+00
1.838587493667602546e+00
1.843546363563537627e+00
1.835316413612365638e+00
1.848141966400146385e+00
1.836403368110656631e+00
1.849629247703552304e+00
1.843793740615844667e+00
1.849537669563293463e+00
1.827990704154968338e+00
1.840603779525756822e+00
1.833790949096679723e+00
1.839003670616149888e+00
1.840085913467407241e+00
1.834136218414306629e+00
1.844023582687377871e+00
1.835426248779296943e+00
1.838397230339050337e+00
1.827562956008911055e+00
1.840842898101806568e+00
1.826358608474731415e+00
1.837115127830505346e+00
1.830387138862609842e+00
1.832072178840637111e+00
1.833372886810302749e+00
1.829050927200317478e+00
1.836081004371643122e+00
1.820136413383483864e+00
1.845061695823669412e+00
