1.038399999954223674e+01
9.887999999389649020e+00
1.054399999954223688e+01
1.038399999954223674e+01
9.888000002441406977e+00
9.727999999694823430e+00
1.060799999969482421e+01
1.073599999969482433e+01
1.036799999969482400e+01
1.033599999908447309e+01
1.044799999969482407e+01
9.679999999542236111e+00
1.064000000244140587e+01
9.887999995727538405e+00
1.001600000244140709e+01
9.839999999084472648e+00
1.031999999969482396e+01
1.084799999938964810e+01
1.113599999969482468e+01
1.003199999969482370e+01
1.062400000488281293e+01
1.100799999954223551e+01
1.014399999572753863e+01
1.051199999908447325e+01
1.022400000183105462e+01
1.070399999908447342e+01
1.035199999984741126e+01
1.115200000183105544e+01
1.111999999908447201e+01
1.019199999938964929e+01
1.110400000244140628e+01
1.103999999969482460e+01
1.036799999969482400e+01
1.043200000244140568e+01
1.025599999908447302e+01
1.015999999938964926e+01
1.078399999954223709e+01
1.049599999572753894e+01
1.033599999969482397e+01
1.079999999938964805e+01
1.019199999954223657e+01
1.070399999572753913e+01
1.064000000244140587e+01
1.079999999954223711e+01
1.206399999908447285e+01
1.278399999572753920e+01
1.427199999938964758e+01
1.355199999908447239e+01
1.500799999908447191e+01
1.526399999572753963e+01
1.687999999908447180e+01
1.663999999908447336e+01
1.726399999877929758e+01
1.769599999938964885e+01
1.731199999908447396e+01
1.827199999938964936e+01
1.721599999969482298e+01
1.742400000244140656e+01
1.838399999572753885e+01
1.737600000183105564e+01
1.815999999908447293e+01
1.697599999908447188e+01
1.785599999908447089e+01
1.673600000488281125e+01
1.668799999938964973e+01
1.774399999511718917e+01
1.788799999877929636e+01
1.806399999877929829e+01
1.740800000244140477e+01
1.780799999572753833e+01
1.755199999908447239e+01
1.879999999572753921e+01
1.801599999572754029e+01
1.777599999954223620e+01
1.710400000244140628e+01
1.763199999908447424e+01
1.763199999572753995e+01
1.748799999877929778e+01
1.747199999877929599e+01
1.868800000244140591e+01
1.711999999572753950e+01
1.761600000244140674e+01
1.790400000244140699e+01
1.823999999572754049e+01
1.809599999908447288e+01
1.755199999572753811e+01
1.812799999572753862e+01
1.798400000183105618e+01
1.883200000183105516e+01
1.915199999877929571e+01
1.884799999908447177e+01
1.851200000488281106e+01
1.875199999908447168e+01
1.932800000488281356e+01
1.899200000183105530e+01
1.908799999908447376e+01
1.876799999511718653e+01
1.969600000488281211e+01
1.911999999877929568e+01
1.969599999511718735e+01
2.428799999511718610e+01
2.598400000244140529e+01
2.601600000488281239e+01
2.560000000488281202e+01
2.608000000183105627e+01
2.614399999816894393e+01
2.756799999877929608e+01
2.732800000122070472e+01
2.779199999511718744e+01
2.715199999816894660e+01
2.793599999816894552e+01
2.817599999511718778e+01
2.804799999511718767e+01
2.838399999145507735e+01
2.852800000732421992e+01
2.846399999511718804e+01
2.852799999511718809e+01
2.863999998779296874e+01
2.835200000488281091e+01
2.876800000183105510e+01
2.873599999511718650e+01
2.963200000732421913e+01
2.878399999755859540e+01
2.967999999816894530e+01
2.972800000732421921e+01
3.011200000122070364e+01
2.987200000366210872e+01
3.049600000488281282e+01
3.070400000122070239e+01
2.983999999389648394e+01
3.128000000122070290e+01
3.038400000488281094e+01
3.046399999755859511e+01
3.063999999511718642e+01
3.041599999755859329e+01
3.054399999755859341e+01
3.132799998779296757e+01
3.148799998779296772e+01
3.067199999816894618e+01
3.076800000122070244e+01
3.131199999145507817e+01
3.155200000122070136e+01
3.116799999511718866e+01
3.097600000366210793e+01
3.123200000732421699e+01
3.092799999816894641e+01
3.121599999755859400e+01
3.164800000122070145e+01
3.204799999145507883e+01
3.196799999511718582e+01
3.216000000122070190e+01
3.249600000732421989e+01
3.363200000183105232e+01
3.342399998779296766e+01
3.262399999389648286e+01
3.267199999511719000e+01
3.294399999755859199e+01
3.327999999755859051e+01
3.281599998779297067e+01
3.304000000183105357e+01
3.347199999145507832e+01
3.300799999511718852e+01
3.363199999389648553e+01
3.312000000732422222e+01
3.323199999816894490e+01
3.343999999755859420e+01
3.391999999755859108e+01
3.345600000122070128e+01
3.406400000183105448e+01
3.348799999511718539e+01
3.401600000366210708e+01
3.336000000366210827e+01
3.451199998779296862e+01
3.259199999755859523e+01
3.316799999145507627e+01
3.363200000366210674e+01
3.328000000122070645e+01
3.331200000732421529e+01
3.342399999755859596e+01
3.307200000366211157e+01
3.414399999755859483e+01
3.355199999145507661e+01
3.355199999511718545e+01
3.369599999755859443e+01
3.361599999389648730e+01
3.356799999755859432e+01
3.320000000122070105e+01
3.372799999145507854e+01
3.316799999816894484e+01
3.363199999877929969e+01
3.329600000976562768e+01
3.399999999023437169e+01
3.316799999511718511e+01
3.305600000122070270e+01
3.356799999816894342e+01
3.335999999816894501e+01
3.419200000183105459e+01
3.431999999755859676e+01
3.377600000488281040e+01
3.361599999145507667e+01
