1.247483181953430176e+01
1.189511990547180176e+01
1.201076292991638184e+01
1.203149509429931641e+01
1.199860572814941406e+01
1.177854299545288086e+01
1.202745270729064941e+01
1.246973252296447754e+01
1.217829465866088867e+01
1.164169049263000488e+01
1.207107973098754883e+01
1.195808362960815430e+01
1.272509312629699707e+01
1.258899116516113281e+01
1.256607413291931152e+01
1.209400629997253418e+01
1.195339298248291016e+01
1.215478897094726562e+01
1.220243120193481445e+01
1.248358559608459473e+01
1.279629063606262207e+01
1.188223552703857422e+01
1.199995732307434082e+01
1.211980342864990234e+01
1.246156358718872070e+01
1.181171059608459473e+01
1.221709465980529785e+01
1.243763065338134766e+01
1.196906161308288574e+01
1.218050646781921387e+01
1.198094797134399414e+01
1.193038868904113770e+01
1.271257138252258301e+01
1.250982379913330078e+01
1.248416328430175781e+01
1.260434150695800781e+01
1.214075636863708496e+01
1.195677280426025391e+01
1.211988258361816406e+01
1.217381596565246582e+01
1.210377526283264160e+01
1.216000699996948242e+01
1.219565391540527344e+01
1.277301120758056641e+01
1.230473494529724121e+01
1.218145751953125000e+01
1.237522649765014648e+01
1.215497469902038574e+01
1.206692004203796387e+01
1.229434752464294434e+01
1.229708886146545410e+01
1.226859354972839355e+01
1.264130425453186035e+01
1.220782470703125000e+01
1.223682975769042969e+01
1.247987198829650879e+01
1.231328821182250977e+01
1.184853386878967285e+01
1.227256679534912109e+01
1.271418046951293945e+01
1.266359758377075195e+01
1.208886051177978516e+01
1.206755924224853516e+01
1.183221435546875000e+01
1.222239136695861816e+01
1.216389203071594238e+01
1.261924362182617188e+01
1.195341539382934570e+01
1.219883108139038086e+01
1.228217244148254395e+01
1.174052143096923828e+01
1.215660715103149414e+01
1.217767500877380371e+01
1.226831603050231934e+01
1.234647512435913086e+01
1.250064182281494141e+01
1.202353477478027344e+01
1.199544215202331543e+01
1.205923438072204590e+01
1.202264809608459473e+01
1.167087268829345703e+01
1.268839812278747559e+01
1.202023029327392578e+01
1.212208700180053711e+01
1.226490855216979980e+01
1.189763021469116211e+01
1.189384460449218750e+01
1.264927291870117188e+01
1.209802603721618652e+01
1.220436692237854004e+01
1.191146159172058105e+01
1.206599116325378418e+01
1.211255908012390137e+01
1.260704159736633301e+01
1.269054627418518066e+01
1.244954180717468262e+01
1.219086647033691406e+01
1.261051702499389648e+01
1.221566319465637207e+01
1.221201205253601074e+01
1.271678996086120605e+01
1.232263565063476562e+01
1.233200263977050781e+01
1.260882782936096191e+01
1.262071061134338379e+01
1.256281185150146484e+01
1.248118472099304199e+01
1.267427206039428711e+01
1.195026636123657227e+01
1.237677049636840820e+01
1.226405549049377441e+01
1.222280216217041016e+01
1.205866146087646484e+01
1.214820671081542969e+01
1.233612966537475586e+01
1.220697927474975586e+01
1.211030578613281250e+01
1.254033303260803223e+01
1.218219637870788574e+01
1.233698487281799316e+01
1.199452066421508789e+01
1.260488939285278320e+01
1.238124465942382812e+01
1.228364348411560059e+01
1.162627983093261719e+01
1.231052589416503906e+01
1.247510981559753418e+01
1.215395188331604004e+01
1.212120890617370605e+01
1.193203854560852051e+01
1.232086753845214844e+01
1.200294137001037598e+01
1.194989919662475586e+01
1.221358227729797363e+01
1.208206152915954590e+01
1.194693708419799805e+01
1.203457641601562500e+01
1.197158169746398926e+01
1.201188278198242188e+01
1.229830121994018555e+01
1.216420650482177734e+01
1.258168530464172363e+01
1.206614589691162109e+01
1.194662594795227051e+01
1.205433130264282227e+01
1.212042355537414551e+01
1.244882082939147949e+01
1.262075996398925781e+01
1.271960520744323730e+01
1.239697790145874023e+01
1.209370470046997070e+01
1.240220594406127930e+01
1.226502609252929688e+01
1.214824366569519043e+01
1.237961983680725098e+01
1.183459353446960449e+01
1.252023601531982422e+01
1.272198009490966797e+01
1.219041275978088379e+01
1.272325372695922852e+01
1.225935626029968262e+01
1.209903764724731445e+01
1.266295433044433594e+01
1.221154069900512695e+01
1.212384176254272461e+01
1.222510981559753418e+01
1.191823577880859375e+01
1.235847806930541992e+01
1.212994456291198730e+01
1.257349085807800293e+01
1.215159320831298828e+01
1.236786580085754395e+01
1.200596451759338379e+01
1.214221715927124023e+01
1.193999099731445312e+01
1.198436260223388672e+01
1.220710158348083496e+01
1.268567705154418945e+01
1.292645978927612305e+01
1.235937118530273438e+01
1.267162871360778809e+01
1.229630208015441895e+01
1.227869057655334473e+01
1.205306935310363770e+01
1.224668860435485840e+01
1.233266949653625488e+01
1.255923581123352051e+01
1.247299289703369141e+01
1.260662770271301270e+01
1.259438562393188477e+01
1.217640233039855957e+01
1.261532950401306152e+01
1.227730822563171387e+01
1.167835521697998047e+01
1.276302480697631836e+01
1.207229876518249512e+01
1.197647190093994141e+01
1.184803962707519531e+01
1.226807451248168945e+01
1.218596363067626953e+01
