2.323986506462097168e+01
2.273186922073364258e+01
2.308916640281677246e+01
2.255451941490173340e+01
2.265084075927734375e+01
2.282601666450500488e+01
2.273798608779907227e+01
2.304990673065185547e+01
2.284092426300048828e+01
2.300438427925109863e+01
2.295745825767517090e+01
2.307393383979797363e+01
2.317148375511169434e+01
2.303974843025207520e+01
2.340074515342712402e+01
2.295055198669433594e+01
2.294648480415344238e+01
2.314448738098144531e+01
2.279626655578613281e+01
2.293502140045166016e+01
2.363950634002685547e+01
2.296841526031494141e+01
2.277787780761718750e+01
2.296407961845397949e+01
2.320870327949523926e+01
2.292606329917907715e+01
2.313591909408569336e+01
2.355387830734252930e+01
2.299718809127807617e+01
2.359334206581115723e+01
2.299357128143310547e+01
2.268512821197509766e+01
2.323212814331054688e+01
2.325623083114624023e+01
2.314828014373779297e+01
2.322649693489074707e+01
2.331953382492065430e+01
2.332127594947814941e+01
2.330664372444152832e+01
2.312639999389648438e+01
2.339076042175292969e+01
2.340500760078430176e+01
2.345559644699096680e+01
2.339325070381164551e+01
2.348012900352478027e+01
2.371851801872253418e+01
2.369847202301025391e+01
2.347645282745361328e+01
2.376129603385925293e+01
2.334743022918701172e+01
2.387607908248901367e+01
2.332716488838195801e+01
2.305208468437194824e+01
2.359557056427001953e+01
2.348248767852783203e+01
2.288734269142150879e+01
2.304512286186218262e+01
2.310756564140319824e+01
2.311908602714538574e+01
2.344722461700439453e+01
2.383491992950439453e+01
2.331230115890502930e+01
2.298225665092468262e+01
2.312983751296997070e+01
2.333121156692504883e+01
2.360141348838806152e+01
2.348462104797363281e+01
2.332188296318054199e+01
2.337963247299194336e+01
2.334384393692016602e+01
2.295937490463256836e+01
2.322952747344970703e+01
2.315852475166320801e+01
2.320472455024719238e+01
2.330672597885131836e+01
2.348452711105346680e+01
2.332687401771545410e+01
2.341455578804016113e+01
2.312737774848937988e+01
2.313727068901062012e+01
2.339495897293090820e+01
2.463433194160461426e+01
2.318371343612670898e+01
2.298302364349365234e+01
2.316486263275146484e+01
2.278624033927917480e+01
2.312613058090209961e+01
2.349333477020263672e+01
2.303033185005187988e+01
2.366816282272338867e+01
2.346164274215698242e+01
2.308546829223632812e+01
2.318439149856567383e+01
2.320174813270568848e+01
2.355952405929565430e+01
2.298835873603820801e+01
2.328692531585693359e+01
2.336812877655029297e+01
2.335001564025878906e+01
2.342883729934692383e+01
2.323625636100769043e+01
2.343395590782165527e+01
2.402154469490051270e+01
2.344117450714111328e+01
2.347596168518066406e+01
2.334086132049560547e+01
2.327851629257202148e+01
2.355389642715454102e+01
2.301129102706909180e+01
2.371620249748229980e+01
2.348291635513305664e+01
2.334095883369445801e+01
2.330235862731933594e+01
2.318993353843688965e+01
2.324909901618957520e+01
2.388294553756713867e+01
2.315313506126403809e+01
2.319178009033203125e+01
2.258311796188354492e+01
2.334213018417358398e+01
2.297159123420715332e+01
2.302897381782531738e+01
2.347854995727539062e+01
2.372587323188781738e+01
2.277394437789916992e+01
2.324761223793029785e+01
2.306848812103271484e+01
2.327941584587097168e+01
2.385333561897277832e+01
2.278009104728698730e+01
2.325438594818115234e+01
2.358316540718078613e+01
2.248230171203613281e+01
2.383251738548278809e+01
2.290009689331054688e+01
2.275392365455627441e+01
2.347726249694824219e+01
2.316129255294799805e+01
2.345592355728149414e+01
2.325358057022094727e+01
2.301694464683532715e+01
2.280974698066711426e+01
2.308048605918884277e+01
2.309646606445312500e+01
2.324642133712768555e+01
2.318050527572631836e+01
2.308031272888183594e+01
2.300652074813842773e+01
2.334804081916809082e+01
2.361612057685852051e+01
2.321558785438537598e+01
2.304025697708129883e+01
2.304196429252624512e+01
2.286399435997009277e+01
2.345756936073303223e+01
2.336140036582946777e+01
2.322256135940551758e+01
2.342011690139770508e+01
2.279513001441955566e+01
2.336247658729553223e+01
2.314835906028747559e+01
2.307035255432128906e+01
2.330507826805114746e+01
2.322640347480773926e+01
2.303574347496032715e+01
2.315014100074768066e+01
2.277512931823730469e+01
2.360184121131896973e+01
2.337828207015991211e+01
2.307172989845275879e+01
2.373665833473205566e+01
2.330245590209960938e+01
2.295797395706176758e+01
2.365105295181274414e+01
2.307577037811279297e+01
2.375836873054504395e+01
2.326174736022949219e+01
2.344116353988647461e+01
2.350517606735229492e+01
2.277082729339599609e+01
2.312519073486328125e+01
2.312036442756652832e+01
2.328368735313415527e+01
2.327265572547912598e+01
2.310502481460571289e+01
2.317953729629516602e+01
2.328119874000549316e+01
2.326078438758850098e+01
2.300574088096618652e+01
2.297460436820983887e+01
2.315527224540710449e+01
2.326990485191345215e+01
2.354530048370361328e+01
2.649145269393920898e+01
2.326983761787414551e+01
2.305444431304931641e+01
2.311146712303161621e+01
2.289178562164306641e+01
2.332352042198181152e+01
2.346731257438659668e+01
