1.014399999938964925e+01
9.727999999389648877e+00
9.759999995727538291e+00
1.015999999908447293e+01
1.047999999954223682e+01
1.096000000244140615e+01
1.056000000244140580e+01
1.028799999938964760e+01
9.663999999542236097e+00
1.134399999938964854e+01
9.887999999389649020e+00
1.071999999938964798e+01
1.068799999877929707e+01
1.083199999572753924e+01
1.015999999954223654e+01
1.007999999877929653e+01
1.035199999938964766e+01
1.043199999572753889e+01
1.030399999877929673e+01
1.048000000244140573e+01
1.081599999969482440e+01
1.033599999908447309e+01
1.041599999954223676e+01
1.047999999969482410e+01
1.172800000183105418e+01
1.220799999969482386e+01
1.233599999908447309e+01
1.239999999908447315e+01
1.259199999969482420e+01
1.268799999572753912e+01
1.222399999572753870e+01
1.244799999877929686e+01
1.294399999969482451e+01
1.497599999954223549e+01
1.451199999984741140e+01
1.529599999908447217e+01
1.612800000488281427e+01
1.660800000183105496e+01
1.737599999877929591e+01
1.785599999511718750e+01
1.870399999877929531e+01
1.815999999816894572e+01
1.817600000183105635e+01
1.846399999877929687e+01
1.894400000183105348e+01
1.926399999938964669e+01
1.871999999572753737e+01
1.918400000183105547e+01
1.945599999938964686e+01
1.982400000488281222e+01
1.956799999908447418e+01
1.889599999572753930e+01
2.016000000122070190e+01
1.948799999511718894e+01
1.972799999908447433e+01
1.975999999572754007e+01
1.960000000183105584e+01
1.975999999938964891e+01
1.889599999511718664e+01
2.011199999816894390e+01
2.131199999877929585e+01
2.038399999145507735e+01
2.116799999908447205e+01
2.017599999908447117e+01
2.030399999145507905e+01
1.931199999877929585e+01
1.961599999908447245e+01
1.993599999572753845e+01
1.883200000244140782e+01
2.019199999145507718e+01
2.033600000488281268e+01
1.982399999572754012e+01
2.009600000244140716e+01
1.928000000183105556e+01
2.019200000244140725e+01
2.102399999816894649e+01
1.975999999877929625e+01
1.948799999877929778e+01
1.956800000183105581e+01
1.945600000488281367e+01
1.987199999145507689e+01
2.023999999877929667e+01
1.985599999511718750e+01
1.950399999572753984e+01
2.150399999511718718e+01
1.991999999816894373e+01
2.144000000183105570e+01
2.038399999877929858e+01
2.148799999816894513e+01
2.097600000488281324e+01
2.140799999908447404e+01
2.174399999877929801e+01
2.163200000183105587e+01
2.156800000732421907e+01
2.160000000488281202e+01
2.150399999877929602e+01
2.072000000488281302e+01
2.110400000488281336e+01
2.115200000244140455e+01
2.067199999908447339e+01
2.441600000488281097e+01
2.468800000488281299e+01
2.609600000122070185e+01
2.647999999511718627e+01
2.655999999511718812e+01
2.587199999816894547e+01
2.747199999572753981e+01
2.684799999511718838e+01
2.799999999816894558e+01
2.748800000732421722e+01
2.835200000122070207e+01
2.804800000183105624e+01
2.876800000183105510e+01
2.860799999145507755e+01
2.876799999755859361e+01
2.860799999877929523e+01
2.903999999511718855e+01
2.937600000732421890e+01
2.865600000488281296e+01
2.934400000122070296e+01
2.903999999816894473e+01
2.959999999877929611e+01
2.984000000732421753e+01
2.960000000732421910e+01
2.982400000122070338e+01
2.998399999816894379e+01
3.071999999816894444e+01
3.065599999511718821e+01
3.019200000122070193e+01
3.051200000122070222e+01
3.027200000488281262e+01
3.145599999145507653e+01
3.004799999145507883e+01
3.063999999755859349e+01
3.059200000488281290e+01
3.062399999572754083e+01
3.126399999145507635e+01
3.083199999511718659e+01
3.036799999816894413e+01
3.065599999511718821e+01
3.131199998779296934e+01
3.105599999755859386e+01
3.131200000183105558e+01
3.119999999755859221e+01
3.208000000488281245e+01
3.113599999145507979e+01
3.158399999145507664e+01
3.091200000488281319e+01
3.163200000366211029e+01
3.104000000732422038e+01
3.220799999755859488e+01
3.193600000732421762e+01
3.267199999145508116e+01
3.129600000122070469e+01
3.219199998779296834e+01
3.214399998779296652e+01
3.201599999877930003e+01
3.191999999145507871e+01
3.172800000122070330e+01
3.148799999755859247e+01
3.193600000488281410e+01
3.167999999389648380e+01
3.219200000122070549e+01
3.227200000732421614e+01
3.199999999908447279e+01
3.177600000732421748e+01
3.256000000976562347e+01
3.175999998779296973e+01
3.278399999816894450e+01
3.233599998779296669e+01
3.273600000122070242e+01
3.220800000122070372e+01
3.249599999816894780e+01
3.286400000122070253e+01
3.228799999816894228e+01
3.195199999816894376e+01
3.254399998779297221e+01
3.236799999816894768e+01
3.177600000183105422e+01
3.267199999572753910e+01
3.273599999816894268e+01
3.184000000122070162e+01
3.209599999755859301e+01
3.249599999145507923e+01
3.251200000122070577e+01
3.196799998779296814e+01
3.289599999389648133e+01
3.252799999816894427e+01
3.238399999511718619e+01
3.273599999877929889e+01
3.257599999877929520e+01
3.254399999511718988e+01
3.307199999145507974e+01
3.315200000488281518e+01
3.296000000732421853e+01
3.188799999816894370e+01
3.219199999816894575e+01
3.292799999145508139e+01
3.268799999511718823e+01
3.294399999511718846e+01
