1.021000003814697266e+01
9.889999389648437500e+00
9.909999847412109375e+00
1.046999931335449219e+01
1.050999927520751953e+01
1.013000011444091797e+01
1.006999969482421875e+01
9.579999923706054688e+00
1.084000015258789062e+01
1.005000019073486328e+01
9.979999542236328125e+00
1.005000019073486328e+01
1.018999958038330078e+01
1.019999980926513672e+01
1.015999984741210938e+01
1.077999973297119141e+01
9.979999542236328125e+00
1.077999973297119141e+01
1.005999946594238281e+01
1.000000000000000000e+01
9.809999465942382812e+00
1.096000003814697266e+01
9.929999351501464844e+00
1.000000000000000000e+01
9.639999389648437500e+00
1.007999992370605469e+01
1.038999938964843750e+01
1.336999988555908203e+01
1.044999980926513672e+01
1.078999996185302734e+01
1.302999973297119141e+01
1.000000000000000000e+01
1.000000000000000000e+01
1.007999992370605469e+01
1.080999946594238281e+01
1.086999988555908203e+01
1.082999992370605469e+01
9.989999771118164062e+00
1.238000011444091797e+01
1.038000011444091797e+01
1.039999961853027344e+01
1.007999992370605469e+01
1.507999992370605469e+01
1.201999950408935547e+01
1.048999977111816406e+01
1.534999942779541016e+01
1.256999969482421875e+01
1.600000000000000000e+01
1.201999950408935547e+01
1.600000000000000000e+01
2.059000015258789062e+01
1.642000007629394531e+01
1.984000015258789062e+01
1.546000003814697266e+01
1.759000015258789062e+01
1.932999992370605469e+01
1.950000000000000000e+01
2.171999931335449219e+01
2.364999961853027344e+01
1.697999954223632812e+01
1.612999916076660156e+01
1.704999923706054688e+01
1.602000045776367188e+01
1.892000007629394531e+01
1.725000000000000000e+01
1.805999946594238281e+01
1.937999916076660156e+01
1.840999984741210938e+01
1.785000038146972656e+01
2.248999977111816406e+01
1.784000015258789062e+01
1.868000030517578125e+01
1.698999977111816406e+01
1.585999965667724609e+01
1.701000022888183594e+01
1.575999927520751953e+01
1.856999969482421875e+01
1.992000007629394531e+01
1.693000030517578125e+01
1.629999923706054688e+01
2.003999900817871094e+01
1.735999870300292969e+01
1.698999977111816406e+01
2.143000030517578125e+01
1.800000000000000000e+01
1.942000007629394531e+01
1.946999931335449219e+01
1.881999969482421875e+01
2.195999908447265625e+01
2.114999961853027344e+01
2.142000007629394531e+01
1.988999938964843750e+01
1.571999931335449219e+01
2.163999938964843750e+01
1.821999931335449219e+01
1.885000038146972656e+01
2.351999855041503906e+01
2.253999900817871094e+01
1.838999938964843750e+01
2.332999992370605469e+01
2.535999870300292969e+01
2.518999862670898438e+01
2.659000015258789062e+01
2.636999893188476562e+01
2.672999954223632812e+01
2.743999862670898438e+01
2.719999885559082031e+01
2.811999893188476562e+01
2.710999870300292969e+01
2.754999923706054688e+01
2.576999855041503906e+01
2.765999984741210938e+01
2.725000000000000000e+01
2.807999992370605469e+01
2.862999916076660156e+01
2.880999946594238281e+01
2.809000015258789062e+01
2.850000000000000000e+01
2.895999908447265625e+01
2.876999855041503906e+01
2.944999885559082031e+01
2.819999885559082031e+01
2.920999908447265625e+01
2.955999946594238281e+01
2.989999961853027344e+01
2.970999908447265625e+01
3.043999862670898438e+01
2.945999908447265625e+01
3.062999916076660156e+01
3.044999885559082031e+01
3.036999893188476562e+01
3.007999992370605469e+01
3.075999832153320312e+01
2.993999862670898438e+01
2.971999931335449219e+01
3.045999908447265625e+01
2.953999900817871094e+01
3.026999855041503906e+01
2.970999908447265625e+01
3.107999992370605469e+01
3.003999900817871094e+01
2.988999938964843750e+01
3.105999946594238281e+01
3.185999870300292969e+01
3.134000015258789062e+01
3.082999992370605469e+01
3.102999877929687500e+01
3.089999961853027344e+01
3.126999855041503906e+01
3.053999900817871094e+01
3.156999969482421875e+01
3.144999885559082031e+01
3.173999977111816406e+01
3.189999961853027344e+01
3.197999954223632812e+01
3.198999977111816406e+01
3.176999855041503906e+01
3.192999839782714844e+01
3.181999969482421875e+01
3.223999786376953125e+01
3.216999816894531250e+01
3.213999938964843750e+01
3.214999771118164062e+01
3.220999908447265625e+01
3.225999832153320312e+01
3.211000061035156250e+01
3.218000030517578125e+01
3.229000091552734375e+01
3.225000000000000000e+01
3.234000015258789062e+01
3.213000106811523438e+01
3.229000091552734375e+01
3.239999771118164062e+01
3.223999786376953125e+01
3.246999740600585938e+01
3.239999771118164062e+01
3.259999847412109375e+01
3.202000045776367188e+01
3.241999816894531250e+01
3.216999816894531250e+01
3.211999893188476562e+01
3.234999847412109375e+01
3.263000106811523438e+01
3.238999938964843750e+01
3.263000106811523438e+01
3.232999801635742188e+01
3.270999908447265625e+01
3.279000091552734375e+01
3.255999755859375000e+01
3.288999938964843750e+01
3.261000061035156250e+01
3.266999816894531250e+01
3.270999908447265625e+01
3.281999969482421875e+01
3.298999786376953125e+01
3.270000076293945312e+01
3.279000091552734375e+01
3.259999847412109375e+01
3.272999954223632812e+01
3.238999938964843750e+01
