1.333568763732910156e+01
1.265651893615722656e+01
1.269838285446166992e+01
1.255926632881164551e+01
1.257702970504760742e+01
1.256052875518798828e+01
1.272954058647155762e+01
1.271333909034729004e+01
1.270409488677978516e+01
1.277050447463989258e+01
1.282106113433837891e+01
1.296456480026245117e+01
1.295187783241271973e+01
1.285591697692871094e+01
1.284991669654846191e+01
1.292202806472778320e+01
1.291836524009704590e+01
1.290935993194580078e+01
1.255876827239990234e+01
1.291639256477355957e+01
1.290693616867065430e+01
1.287239217758178711e+01
1.275100684165954590e+01
1.257229661941528320e+01
1.284334182739257812e+01
1.268757128715515137e+01
1.287905168533325195e+01
1.295512032508850098e+01
1.271512699127197266e+01
1.285443711280822754e+01
1.273370099067687988e+01
1.268756937980651855e+01
1.284611225128173828e+01
1.280184602737426758e+01
1.257427334785461426e+01
1.280352449417114258e+01
1.282119274139404297e+01
1.278931736946105957e+01
1.265895390510559082e+01
1.283712959289550781e+01
1.276689839363098145e+01
1.286842560768127441e+01
1.280325269699096680e+01
1.302051949501037598e+01
1.281897759437561035e+01
1.291656446456909180e+01
1.285512423515319824e+01
1.289285469055175781e+01
1.268229079246520996e+01
1.284355545043945312e+01
1.284787440299987793e+01
1.296961641311645508e+01
1.291004252433776855e+01
1.284614920616149902e+01
1.283890581130981445e+01
1.268639850616455078e+01
1.282231187820434570e+01
1.283759713172912598e+01
1.275965476036071777e+01
1.285645031929016113e+01
1.295591163635253906e+01
1.284901046752929688e+01
1.288304781913757324e+01
1.275390267372131348e+01
1.273085331916809082e+01
1.292221617698669434e+01
1.286115217208862305e+01
1.276105785369873047e+01
1.285897374153137207e+01
1.295527839660644531e+01
1.270334506034851074e+01
1.286214160919189453e+01
1.290936636924743652e+01
1.292363977432250977e+01
1.292863750457763672e+01
1.296818637847900391e+01
1.275239562988281250e+01
1.293837547302246094e+01
1.286088848114013672e+01
1.273214292526245117e+01
1.277601099014282227e+01
1.284402108192443848e+01
1.280215764045715332e+01
1.286888456344604492e+01
1.284735560417175293e+01
1.266762781143188477e+01
1.276134395599365234e+01
1.276088714599609375e+01
1.285045409202575684e+01
1.293714666366577148e+01
1.290054965019226074e+01
1.288331437110900879e+01
1.264901185035705566e+01
1.284279870986938477e+01
1.288910794258117676e+01
1.281751036643981934e+01
1.290687656402587891e+01
1.292153120040893555e+01
1.285808277130126953e+01
1.275473785400390625e+01
1.291002750396728516e+01
1.287711501121520996e+01
1.296337008476257324e+01
1.294028806686401367e+01
1.284702968597412109e+01
1.275090742111206055e+01
1.269724106788635254e+01
1.286882138252258301e+01
1.282490849494934082e+01
1.289543986320495605e+01
1.290135431289672852e+01
1.302707099914550781e+01
1.288922262191772461e+01
1.290845441818237305e+01
1.291133713722229004e+01
1.297788023948669434e+01
1.285586094856262207e+01
1.296278786659240723e+01
1.253793144226074219e+01
1.286068487167358398e+01
1.282807850837707520e+01
1.286096191406250000e+01
1.284738540649414062e+01
1.307901358604431152e+01
1.262323713302612305e+01
1.294620418548583984e+01
1.280944061279296875e+01
1.292612743377685547e+01
1.288127636909484863e+01
1.266892504692077637e+01
1.280803894996643066e+01
1.299024915695190430e+01
1.258828783035278320e+01
1.284701013565063477e+01
1.274777960777282715e+01
1.272417831420898438e+01
1.275692248344421387e+01
1.248075270652770996e+01
1.282107758522033691e+01
1.290616011619567871e+01
1.269531607627868652e+01
1.283711671829223633e+01
1.277591538429260254e+01
1.278400635719299316e+01
1.277092599868774414e+01
1.268389201164245605e+01
1.276570558547973633e+01
1.283862948417663574e+01
1.285283732414245605e+01
1.286265516281127930e+01
1.265852236747741699e+01
1.262650632858276367e+01
1.266918373107910156e+01
1.273918843269348145e+01
1.289281511306762695e+01
1.273891139030456543e+01
1.272704458236694336e+01
1.294791769981384277e+01
1.275397181510925293e+01
1.279264736175537109e+01
1.279525399208068848e+01
1.281177616119384766e+01
1.277091884613037109e+01
1.292015027999877930e+01
1.273023200035095215e+01
1.285357761383056641e+01
1.260039329528808594e+01
1.274506044387817383e+01
1.270624899864196777e+01
1.283412981033325195e+01
1.291600203514099121e+01
1.299360775947570801e+01
1.276555180549621582e+01
1.279992246627807617e+01
1.276623773574829102e+01
1.282275652885437012e+01
1.278760790824890137e+01
1.287070870399475098e+01
1.295961380004882812e+01
1.273169279098510742e+01
1.279840970039367676e+01
1.285511589050292969e+01
1.285077261924743652e+01
1.273209214210510254e+01
1.288294839859008789e+01
1.287484860420227051e+01
1.290886425971984863e+01
1.288278818130493164e+01
1.285524845123291016e+01
1.277362251281738281e+01
1.286337161064147949e+01
1.284559249877929688e+01
1.278975892066955566e+01
1.322616553306579590e+01
1.289397668838500977e+01
1.271079277992248535e+01
1.300612115859985352e+01
1.275225687026977539e+01
1.285592055320739746e+01
1.299365830421447754e+01
