1.000000000000000000e+01
9.649999618530273438e+00
1.032999992370605469e+01
1.038999938964843750e+01
1.040999984741210938e+01
1.005000019073486328e+01
1.000000000000000000e+01
1.084000015258789062e+01
1.090999984741210938e+01
9.460000038146972656e+00
9.329999923706054688e+00
9.819999694824218750e+00
1.028999996185302734e+01
1.046000003814697266e+01
9.929999351501464844e+00
9.809999465942382812e+00
9.969999313354492188e+00
1.000999927520751953e+01
1.075000000000000000e+01
1.176999950408935547e+01
1.000999927520751953e+01
1.081999969482421875e+01
1.100999927520751953e+01
1.000999927520751953e+01
1.117999935150146484e+01
1.105999946594238281e+01
1.065999984741210938e+01
1.000000000000000000e+01
1.353999996185302734e+01
1.019999980926513672e+01
1.100999927520751953e+01
1.490999984741210938e+01
1.446000003814697266e+01
1.684000015258789062e+01
1.707999992370605469e+01
1.381999969482421875e+01
1.719999885559082031e+01
2.096999931335449219e+01
2.168000030517578125e+01
1.864999961853027344e+01
1.621999931335449219e+01
2.020999908447265625e+01
1.561999988555908203e+01
1.985999870300292969e+01
1.771999931335449219e+01
1.855999946594238281e+01
2.026000022888183594e+01
2.036999893188476562e+01
2.159000015258789062e+01
2.426999855041503906e+01
2.279999923706054688e+01
1.996999931335449219e+01
2.330999946594238281e+01
2.023999977111816406e+01
2.411999893188476562e+01
2.559999847412109375e+01
1.909000015258789062e+01
2.654999923706054688e+01
1.935000038146972656e+01
2.530999946594238281e+01
2.126999855041503906e+01
2.261999893188476562e+01
2.070999908447265625e+01
1.852999877929687500e+01
2.177999877929687500e+01
2.046999931335449219e+01
2.254999923706054688e+01
1.912999916076660156e+01
2.354999923706054688e+01
2.163999938964843750e+01
1.869999885559082031e+01
1.995999908447265625e+01
2.247999954223632812e+01
1.756999969482421875e+01
1.834000015258789062e+01
2.127999877929687500e+01
2.026000022888183594e+01
2.153999900817871094e+01
2.011999893188476562e+01
2.051000022888183594e+01
2.317000007629394531e+01
1.956999969482421875e+01
2.201999855041503906e+01
2.370999908447265625e+01
2.032999992370605469e+01
2.163999938964843750e+01
2.040999984741210938e+01
2.367000007629394531e+01
2.193000030517578125e+01
2.177999877929687500e+01
2.126999855041503906e+01
2.310999870300292969e+01
2.288999938964843750e+01
2.289999961853027344e+01
1.960000038146972656e+01
2.428999900817871094e+01
2.359000015258789062e+01
2.335999870300292969e+01
1.876000022888183594e+01
2.419999885559082031e+01
2.790999984741210938e+01
2.795999908447265625e+01
2.937999916076660156e+01
2.851000022888183594e+01
2.762999916076660156e+01
2.906999969482421875e+01
2.948999977111816406e+01
2.917999839782714844e+01
2.911999893188476562e+01
2.980999946594238281e+01
2.960999870300292969e+01
3.029999923706054688e+01
2.892999839782714844e+01
3.059000015258789062e+01
3.136999893188476562e+01
3.032999992370605469e+01
3.043999862670898438e+01
3.117000007629394531e+01
3.059999847412109375e+01
3.086999893188476562e+01
3.118999862670898438e+01
3.070999908447265625e+01
3.085999870300292969e+01
3.061999893188476562e+01
3.076999855041503906e+01
3.114999961853027344e+01
3.052999877929687500e+01
3.045999908447265625e+01
3.072999954223632812e+01
3.173999977111816406e+01
3.239999771118164062e+01
3.137999916076660156e+01
3.215999984741210938e+01
3.076999855041503906e+01
3.221999740600585938e+01
3.198999977111816406e+01
3.167999839782714844e+01
3.263000106811523438e+01
3.279999923706054688e+01
3.178999900817871094e+01
3.284000015258789062e+01
3.168999862670898438e+01
3.180999946594238281e+01
3.202999877929687500e+01
3.257999801635742188e+01
3.142999839782714844e+01
3.259000015258789062e+01
3.247999954223632812e+01
3.273999786376953125e+01
3.315999984741210938e+01
3.282999801635742188e+01
3.282999801635742188e+01
3.293000030517578125e+01
3.297999954223632812e+01
3.256999969482421875e+01
3.284000015258789062e+01
3.286000061035156250e+01
3.277000045776367188e+01
3.275000000000000000e+01
3.256999969482421875e+01
3.293000030517578125e+01
3.293999862670898438e+01
3.293000030517578125e+01
3.295999908447265625e+01
3.314999771118164062e+01
3.298999786376953125e+01
3.275000000000000000e+01
3.295999908447265625e+01
3.295000076293945312e+01
3.309000015258789062e+01
3.286000061035156250e+01
3.320000076293945312e+01
3.329000091552734375e+01
3.325000000000000000e+01
3.306999969482421875e+01
3.327999877929687500e+01
3.336999893188476562e+01
3.318999862670898438e+01
3.309000015258789062e+01
3.316999816894531250e+01
3.332999801635742188e+01
3.334000015258789062e+01
3.318000030517578125e+01
3.314999771118164062e+01
3.313999938964843750e+01
3.302999877929687500e+01
3.300999832153320312e+01
3.309000015258789062e+01
3.320000076293945312e+01
3.325999832153320312e+01
3.331999969482421875e+01
3.316999816894531250e+01
3.337999725341796875e+01
3.311999893188476562e+01
3.320999908447265625e+01
3.337999725341796875e+01
3.320999908447265625e+01
3.295000076293945312e+01
3.318000030517578125e+01
3.311999893188476562e+01
