2.128696441650390625e-01
2.449462413787841797e-01
2.378871440887451172e-01
2.243764400482177734e-01
2.470242977142333984e-01
2.205538749694824219e-01
2.196557521820068359e-01
2.468972206115722656e-01
2.174191474914550781e-01
1.884713172912597656e-01
2.461025714874267578e-01
2.746078968048095703e-01
2.729001045227050781e-01
2.643873691558837891e-01
2.689349651336669922e-01
2.579312324523925781e-01
2.356371879577636719e-01
2.482845783233642578e-01
2.030563354492187500e-01
2.440962791442871094e-01
2.891223430633544922e-01
2.506005764007568359e-01
2.326343059539794922e-01
2.094171047210693359e-01
2.437379360198974609e-01
2.049486637115478516e-01
2.446997165679931641e-01
2.982182502746582031e-01
2.235627174377441406e-01
2.646267414093017578e-01
2.234933376312255859e-01
1.816189289093017578e-01
2.535383701324462891e-01
2.319040298461914062e-01
2.008509635925292969e-01
2.340428829193115234e-01
2.836742401123046875e-01
2.272417545318603516e-01
2.009096145629882812e-01
2.660319805145263672e-01
2.208220958709716797e-01
2.371008396148681641e-01
2.318406105041503906e-01
2.684626579284667969e-01
2.337894439697265625e-01
2.555615901947021484e-01
2.576050758361816406e-01
2.250199317932128906e-01
2.203631401062011719e-01
2.496407032012939453e-01
2.155365943908691406e-01
2.421259880065917969e-01
2.399649620056152344e-01
2.693359851837158203e-01
2.561645507812500000e-01
2.134664058685302734e-01
1.996059417724609375e-01
2.160418033599853516e-01
2.416996955871582031e-01
2.342824935913085938e-01
2.569417953491210938e-01
2.710714340209960938e-01
2.227764129638671875e-01
2.038459777832031250e-01
2.407701015472412109e-01
2.512316703796386719e-01
2.451255321502685547e-01
2.098498344421386719e-01
2.417356967926025391e-01
2.473566532135009766e-01
2.416443824768066406e-01
2.535340785980224609e-01
2.522208690643310547e-01
2.410790920257568359e-01
2.846004962921142578e-01
2.246804237365722656e-01
2.298827171325683594e-01
2.405183315277099609e-01
2.565643787384033203e-01
2.087402343750000000e-01
2.690560817718505859e-01
2.339639663696289062e-01
2.131068706512451172e-01
2.305564880371093750e-01
2.456045150756835938e-01
2.151961326599121094e-01
2.194073200225830078e-01
2.277531623840332031e-01
2.407667636871337891e-01
2.516841888427734375e-01
2.141201496124267578e-01
2.128229141235351562e-01
2.282452583312988281e-01
2.460162639617919922e-01
2.417421340942382812e-01
1.962046623229980469e-01
2.584981918334960938e-01
2.640295028686523438e-01
2.494082450866699219e-01
2.631607055664062500e-01
2.343528270721435547e-01
2.484717369079589844e-01
2.625143527984619141e-01
2.592353820800781250e-01
2.474319934844970703e-01
2.218632698059082031e-01
2.357211112976074219e-01
2.476572990417480469e-01
2.341425418853759766e-01
2.922284603118896484e-01
2.485814094543457031e-01
2.485392093658447266e-01
2.433965206146240234e-01
2.481958866119384766e-01
2.524950504302978516e-01
2.711048126220703125e-01
2.213377952575683594e-01
2.249791622161865234e-01
1.894371509552001953e-01
2.648136615753173828e-01
2.489202022552490234e-01
2.254335880279541016e-01
2.297611236572265625e-01
2.771861553192138672e-01
1.878495216369628906e-01
2.518994808197021484e-01
2.251448631286621094e-01
2.636227607727050781e-01
2.283091545104980469e-01
2.070262432098388672e-01
2.877500057220458984e-01
2.533018589019775391e-01
1.932365894317626953e-01
2.151672840118408203e-01
2.444756031036376953e-01
2.447235584259033203e-01
2.456881999969482422e-01
2.311112880706787109e-01
2.292830944061279297e-01
2.928242683410644531e-01
2.252693176269531250e-01
2.266399860382080078e-01
2.184252738952636719e-01
2.297916412353515625e-01
2.271497249603271484e-01
1.574349403381347656e-01
2.211389541625976562e-01
2.462792396545410156e-01
2.476508617401123047e-01
2.885563373565673828e-01
2.373142242431640625e-01
2.095394134521484375e-01
1.918222904205322266e-01
1.947746276855468750e-01
2.950611114501953125e-01
2.343418598175048828e-01
2.000749111175537109e-01
2.563383579254150391e-01
2.231447696685791016e-01
2.567927837371826172e-01
2.436828613281250000e-01
2.455179691314697266e-01
2.404537200927734375e-01
2.475917339324951172e-01
2.515673637390136719e-01
2.568597793579101562e-01
2.160940170288085938e-01
2.236583232879638672e-01
2.398390769958496094e-01
2.508492469787597656e-01
2.377314567565917969e-01
2.818059921264648438e-01
2.108261585235595703e-01
2.411236763000488281e-01
2.148792743682861328e-01
2.269051074981689453e-01
2.571358680725097656e-01
2.483680248260498047e-01
3.018901348114013672e-01
2.009537220001220703e-01
2.579641342163085938e-01
2.470531463623046875e-01
2.570652961730957031e-01
2.330000400543212891e-01
2.349438667297363281e-01
2.565896511077880859e-01
2.307715415954589844e-01
2.372336387634277344e-01
2.270414829254150391e-01
2.290158271789550781e-01
2.256002426147460938e-01
2.562806606292724609e-01
2.891221046447753906e-01
5.778563022613525391e-01
2.640154361724853516e-01
2.284266948699951172e-01
2.610931396484375000e-01
1.947770118713378906e-01
2.671236991882324219e-01
2.498500347137451172e-01
