1.309882593154907227e+01
1.222145152091979980e+01
1.230221796035766602e+01
1.238843965530395508e+01
1.236118698120117188e+01
1.220593881607055664e+01
1.231323361396789551e+01
1.230379962921142578e+01
1.257799911499023438e+01
1.198366546630859375e+01
1.241346526145935059e+01
1.250574684143066406e+01
1.258507490158081055e+01
1.249901986122131348e+01
1.239870762825012207e+01
1.255582189559936523e+01
1.227882909774780273e+01
1.255961108207702637e+01
1.188554644584655762e+01
1.213849306106567383e+01
1.255864262580871582e+01
1.233155989646911621e+01
1.234462046623229980e+01
1.242290520668029785e+01
1.216027331352233887e+01
1.223571872711181641e+01
1.275004529953002930e+01
1.274768924713134766e+01
1.231870913505554199e+01
1.257041859626770020e+01
1.258054685592651367e+01
1.250121951103210449e+01
1.253872632980346680e+01
1.244992613792419434e+01
1.225484156608581543e+01
1.250664448738098145e+01
1.257398009300231934e+01
1.254726791381835938e+01
1.243976449966430664e+01
1.270537948608398438e+01
1.256706023216247559e+01
1.278134870529174805e+01
1.276177263259887695e+01
1.271476292610168457e+01
1.284281134605407715e+01
1.254906272888183594e+01
1.269147205352783203e+01
1.251375174522399902e+01
1.294884657859802246e+01
1.286703681945800781e+01
1.286626315116882324e+01
1.263335752487182617e+01
1.237958288192749023e+01
1.246904468536376953e+01
1.262868642807006836e+01
1.217259192466735840e+01
1.211762213706970215e+01
1.233738422393798828e+01
1.276934170722961426e+01
1.252484536170959473e+01
1.251612901687622070e+01
1.252037096023559570e+01
1.238671588897705078e+01
1.230628061294555664e+01
1.238138890266418457e+01
1.247265219688415527e+01
1.251254606246948242e+01
1.235375285148620605e+01
1.274884319305419922e+01
1.268137145042419434e+01
1.209891128540039062e+01
1.255920863151550293e+01
1.271541023254394531e+01
1.265386104583740234e+01
1.301962423324584961e+01
1.230522632598876953e+01
1.257113122940063477e+01
1.233604788780212402e+01
1.253013300895690918e+01
1.238508582115173340e+01
1.245803856849670410e+01
1.247262191772460938e+01
1.256261229515075684e+01
1.237114930152893066e+01
1.254645180702209473e+01
1.218660902976989746e+01
1.234006905555725098e+01
1.247936058044433594e+01
1.257876253128051758e+01
1.253388571739196777e+01
1.237388753890991211e+01
1.226881074905395508e+01
1.269649934768676758e+01
1.253204822540283203e+01
1.249055457115173340e+01
1.221663880348205566e+01
1.256434011459350586e+01
1.248316168785095215e+01
1.258320260047912598e+01
1.256456685066223145e+01
1.260497927665710449e+01
1.283386778831481934e+01
1.287374782562255859e+01
1.245512700080871582e+01
1.242250370979309082e+01
1.226636886596679688e+01
1.241680765151977539e+01
1.250363469123840332e+01
1.236773729324340820e+01
1.299728488922119141e+01
1.288666749000549316e+01
1.280185914039611816e+01
1.252098202705383301e+01
1.272694492340087891e+01
1.287105202674865723e+01
1.261401057243347168e+01
1.240240120887756348e+01
1.236798381805419922e+01
1.191470718383789062e+01
1.265996360778808594e+01
1.238803672790527344e+01
1.246197295188903809e+01
1.222782993316650391e+01
1.288064169883728027e+01
1.207046699523925781e+01
1.296885037422180176e+01
1.231967806816101074e+01
1.253176093101501465e+01
1.249275541305541992e+01
1.225664782524108887e+01
1.271118259429931641e+01
1.257616209983825684e+01
1.230505204200744629e+01
1.257492136955261230e+01
1.286981558799743652e+01
1.229263973236083984e+01
1.239695954322814941e+01
1.267016792297363281e+01
1.244918179512023926e+01
1.270815992355346680e+01
1.277224159240722656e+01
1.237289309501647949e+01
1.231356811523437500e+01
1.229223918914794922e+01
1.246490025520324707e+01
1.233453011512756348e+01
1.217697525024414062e+01
1.229028534889221191e+01
1.253170967102050781e+01
1.305876541137695312e+01
1.271795511245727539e+01
1.223644709587097168e+01
1.268711805343627930e+01
1.183495283126831055e+01
1.275872993469238281e+01
1.217015528678894043e+01
1.229915428161621094e+01
1.264616465568542480e+01
1.268809342384338379e+01
1.257057261466979980e+01
1.262072706222534180e+01
1.245507860183715820e+01
1.254471993446350098e+01
1.260623121261596680e+01
1.244602203369140625e+01
1.252356576919555664e+01
1.226663160324096680e+01
1.204773354530334473e+01
1.274511122703552246e+01
1.236722230911254883e+01
1.279370689392089844e+01
1.267577242851257324e+01
1.223303055763244629e+01
1.253297281265258789e+01
1.258905911445617676e+01
1.257123851776123047e+01
1.287970805168151855e+01
1.242820906639099121e+01
1.279337000846862793e+01
1.228860664367675781e+01
1.252096223831176758e+01
1.255226182937622070e+01
1.259881639480590820e+01
1.245753169059753418e+01
1.271045851707458496e+01
1.286993432044982910e+01
1.223393654823303223e+01
1.217940425872802734e+01
1.241526794433593750e+01
1.245867800712585449e+01
1.267139816284179688e+01
1.245954155921936035e+01
1.245458078384399414e+01
1.220429182052612305e+01
1.264016771316528320e+01
1.240682649612426758e+01
1.245802998542785645e+01
1.241642665863037109e+01
1.285068988800048828e+01
1.250070571899414062e+01
