9.903999999084472705e+00
9.903999999542236310e+00
1.148799999877929601e+01
1.075199999954223706e+01
9.807999999694823501e+00
1.044800000183105482e+01
9.951999999084472748e+00
9.967999999694823643e+00
9.807999999847412553e+00
1.044799999877929686e+01
1.020800000244140548e+01
1.019199999877929663e+01
1.054399999969482415e+01
1.057599999969482418e+01
1.059199999908447332e+01
1.038399999938964768e+01
1.017600000183105458e+01
1.073599999969482433e+01
1.060800000244140584e+01
9.983999998779296448e+00
9.871999999542236282e+00
1.030399999938964761e+01
1.126399999572753963e+01
1.039999999938964770e+01
1.022399999954223659e+01
1.006399999969482373e+01
1.097599999938964821e+01
1.075199999938964801e+01
1.091200000244140611e+01
1.153600000244140666e+01
1.091199999908447182e+01
1.142399999877929773e+01
1.063999999938964791e+01
1.148800000488281192e+01
1.236799999938964767e+01
1.175999999572753829e+01
1.425599999908447302e+01
1.297600000244140617e+01
1.495999999908447187e+01
1.452799999969482414e+01
1.623999999908447123e+01
1.616000000183105456e+01
1.712000000488281160e+01
1.737600000183105564e+01
1.724799999877929579e+01
1.811200000488281248e+01
1.899199999572753939e+01
1.758399999908447242e+01
1.819200000183105459e+01
1.843199999877929685e+01
1.896000000488281145e+01
1.841599999511718622e+01
1.803200000183105445e+01
1.988799999908447091e+01
1.969599999816894709e+01
1.934399999908447398e+01
1.987200000122070165e+01
1.891199999816894461e+01
2.028799999877929849e+01
2.044799999572753890e+01
2.024000000183105641e+01
2.033599999908447131e+01
2.071999999877929710e+01
1.937600000183105564e+01
2.094400000183105348e+01
2.147199999877929599e+01
2.054400000488281108e+01
2.023999999511718784e+01
2.092800000244140790e+01
2.127999999511718698e+01
2.059199999877929699e+01
2.184000000183105428e+01
2.105600000183105536e+01
2.115200000183105544e+01
2.110400000488281336e+01
2.246399999816894422e+01
2.028800000183105467e+01
2.224000000488281259e+01
2.105599999908447373e+01
2.097599999511718849e+01
2.174400000183105419e+01
2.147199999511718715e+01
2.132799999877929764e+01
2.091200000732422026e+01
2.124799999908447390e+01
1.998399999954223460e+01
2.116800000122070458e+01
2.071999999511718826e+01
2.158399998779296780e+01
2.102399999938964825e+01
2.184000000488281401e+01
2.169599999877929619e+01
2.102399999816894649e+01
2.126400000183105377e+01
2.078399999816894450e+01
2.183999999969482531e+01
2.139199999511718886e+01
2.215999999908447293e+01
2.150399999816894692e+01
2.201600000244140531e+01
2.747199999572753981e+01
2.783999999816894544e+01
2.929599999572753788e+01
2.838399999908447313e+01
2.860799999145507755e+01
2.903999999511718855e+01
2.913599999511718863e+01
2.905599999816894652e+01
3.043199999816894419e+01
3.049600000183105308e+01
3.022399999877929844e+01
3.121600000732421876e+01
3.062399999816894436e+01
3.076799999816894626e+01
3.067200000122070236e+01
3.019199999816894575e+01
3.208000000183105271e+01
3.134400000183105561e+01
3.164800000366210853e+01
3.132800000183105382e+01
3.183999999511718926e+01
3.171199999877929798e+01
3.127999999511718698e+01
3.225600000366210907e+01
3.251199999023437215e+01
3.204800000183105624e+01
3.204800000732421950e+01
3.217599999145507894e+01
3.164800000244140676e+01
3.179200000183105601e+01
3.270400000732421830e+01
3.180800000732421751e+01
3.251199999816894604e+01
3.236800000488280915e+01
3.248000000732422166e+01
3.239999999145507559e+01
3.167999999816894530e+01
3.307200000122070094e+01
3.273600000976562541e+01
3.222400000122070196e+01
3.236800000732421978e+01
3.291199999145507604e+01
3.251200000122070577e+01
3.228799999816894228e+01
3.284799999145507599e+01
3.374399999755859625e+01
3.348800000183105396e+01
3.313599998779297096e+01
3.363199999511719085e+01
3.398400000122069997e+01
3.438400000976562154e+01
3.398400000732421944e+01
3.465600000366210764e+01
3.379200000122069980e+01
3.451199999755859693e+01
3.503999999145507616e+01
3.430399999145507905e+01
3.382399999145507508e+01
3.441600000732422160e+01
3.420799999755859488e+01
3.382400000122070338e+01
3.415999999389648423e+01
3.480000000488281131e+01
3.433600000122070384e+01
3.451200000122070577e+01
3.500800000122070088e+01
3.484799999816894456e+01
3.457599999511718636e+01
3.483200000366210958e+01
3.439999999877930037e+01
3.401599999755859471e+01
3.444799999511718624e+01
3.441599999145508093e+01
3.393599999755859642e+01
3.465600000732421648e+01
3.419199998779296834e+01
3.439999999145507559e+01
3.452799999511718454e+01
3.467200000488281120e+01
3.427199999511718431e+01
3.568000000610351208e+01
3.516799999816894484e+01
3.507200000976562393e+01
3.532799999755859233e+01
3.471999999816894444e+01
3.391999999816894729e+01
3.398400000122069997e+01
3.465600000732421648e+01
3.411199999511718772e+01
3.449600000488280926e+01
3.438399999816894592e+01
3.406399998779296823e+01
3.497600000488281324e+01
3.497600000732421677e+01
3.540800000976562245e+01
3.457599998779296868e+01
3.470400000732421830e+01
3.510400000366210804e+01
3.446399998779296681e+01
3.481599999145507951e+01
