1.318336248397827148e+01
1.243230128288269043e+01
1.259059643745422363e+01
1.248157620429992676e+01
1.259857058525085449e+01
1.247520256042480469e+01
1.260435795783996582e+01
1.260138010978698730e+01
1.251664280891418457e+01
1.258562612533569336e+01
1.255290603637695312e+01
1.272687625885009766e+01
1.265278577804565430e+01
1.273823642730712891e+01
1.267965984344482422e+01
1.266238951683044434e+01
1.264217448234558105e+01
1.273569846153259277e+01
1.236788582801818848e+01
1.264044523239135742e+01
1.266871356964111328e+01
1.274648714065551758e+01
1.253764224052429199e+01
1.243782973289489746e+01
1.267168998718261719e+01
1.251784634590148926e+01
1.271238803863525391e+01
1.274175810813903809e+01
1.250655865669250488e+01
1.272046446800231934e+01
1.245170664787292480e+01
1.259004187583923340e+01
1.270619416236877441e+01
1.263680529594421387e+01
1.242378687858581543e+01
1.264038872718811035e+01
1.261168789863586426e+01
1.261501336097717285e+01
1.258953404426574707e+01
1.267131757736206055e+01
1.260587954521179199e+01
1.268373394012451172e+01
1.262960743904113770e+01
1.269549775123596191e+01
1.267043542861938477e+01
1.269247913360595703e+01
1.266063642501831055e+01
1.268206429481506348e+01
1.252652430534362793e+01
1.267016005516052246e+01
1.264601302146911621e+01
1.278138661384582520e+01
1.267322587966918945e+01
1.261068940162658691e+01
1.264885377883911133e+01
1.261636185646057129e+01
1.277862596511840820e+01
1.265707802772521973e+01
1.260474491119384766e+01
1.273080754280090332e+01
1.274316120147705078e+01
1.257044243812561035e+01
1.272000551223754883e+01
1.262993812561035156e+01
1.257998991012573242e+01
1.271654248237609863e+01
1.264474511146545410e+01
1.269013929367065430e+01
1.264852356910705566e+01
1.277583837509155273e+01
1.245939373970031738e+01
1.269248056411743164e+01
1.272584891319274902e+01
1.274830675125122070e+01
1.270805811882019043e+01
1.273784828186035156e+01
1.243904376029968262e+01
1.271808743476867676e+01
1.268959951400756836e+01
1.266001725196838379e+01
1.259938621520996094e+01
1.267903184890747070e+01
1.273340225219726562e+01
1.265412592887878418e+01
1.270106387138366699e+01
1.248849344253540039e+01
1.262824964523315430e+01
1.263606381416320801e+01
1.278506159782409668e+01
1.273022842407226562e+01
1.268444991111755371e+01
1.273731541633605957e+01
1.253910875320434570e+01
1.272137260437011719e+01
1.272661232948303223e+01
1.270675277709960938e+01
1.271116065979003906e+01
1.269922709465026855e+01
1.268436741828918457e+01
1.261335873603820801e+01
1.273337030410766602e+01
1.272809553146362305e+01
1.276009106636047363e+01
1.269855523109436035e+01
1.267020440101623535e+01
1.254794692993164062e+01
1.257794356346130371e+01
1.269158196449279785e+01
1.265421295166015625e+01
1.269191575050354004e+01
1.272940230369567871e+01
1.271787476539611816e+01
1.271953320503234863e+01
1.265890622138977051e+01
1.271606969833374023e+01
1.273375034332275391e+01
1.267754864692687988e+01
1.275480747222900391e+01
1.248007941246032715e+01
1.266056823730468750e+01
1.261800742149353027e+01
1.275393652915954590e+01
1.270107483863830566e+01
1.269306182861328125e+01
1.267117524147033691e+01
1.281971263885498047e+01
1.266842484474182129e+01
1.271313977241516113e+01
1.271813726425170898e+01
1.252043724060058594e+01
1.264142990112304688e+01
1.273054146766662598e+01
1.242284727096557617e+01
1.258881807327270508e+01
1.252910041809082031e+01
1.245897126197814941e+01
1.261832833290100098e+01
1.241066670417785645e+01
1.261573886871337891e+01
1.266198277473449707e+01
1.258497643470764160e+01
1.266128778457641602e+01
1.255143070220947266e+01
1.254781484603881836e+01
1.262341570854187012e+01
1.259619855880737305e+01
1.260406613349914551e+01
1.265173053741455078e+01
1.265072917938232422e+01
1.266117334365844727e+01
1.252117872238159180e+01
1.251559805870056152e+01
1.259949731826782227e+01
1.263315343856811523e+01
1.268582701683044434e+01
1.255453705787658691e+01
1.265153741836547852e+01
1.276183629035949707e+01
1.255953526496887207e+01
1.261489486694335938e+01
1.260640001296997070e+01
1.265648221969604492e+01
1.261010384559631348e+01
1.258108854293823242e+01
1.255137038230895996e+01
1.260961389541625977e+01
1.231458616256713867e+01
1.252224040031433105e+01
1.252186512947082520e+01
1.268399453163146973e+01
1.269317150115966797e+01
1.276750135421752930e+01
1.260997080802917480e+01
1.267387032508850098e+01
1.257334947586059570e+01
1.262503170967102051e+01
1.252560305595397949e+01
1.279029774665832520e+01
1.274300217628479004e+01
1.256563925743103027e+01
1.260500741004943848e+01
1.268423342704772949e+01
1.264165306091308594e+01
1.255291438102722168e+01
1.265865206718444824e+01
1.268633246421813965e+01
1.261780571937561035e+01
1.267165422439575195e+01
1.273677897453308105e+01
1.262079882621765137e+01
1.270389366149902344e+01
1.261350846290588379e+01
1.264003038406372070e+01
1.270165157318115234e+01
1.272422862052917480e+01
1.257459831237792969e+01
1.263945031166076660e+01
1.271747660636901855e+01
1.268015098571777344e+01
1.269009542465209961e+01
