1.240454220771789551e+01
1.170073747634887695e+01
1.193367719650268555e+01
1.201084017753601074e+01
1.255724787712097168e+01
1.244969248771667480e+01
1.245194840431213379e+01
1.202705311775207520e+01
1.201342654228210449e+01
1.144386720657348633e+01
1.197694444656372070e+01
1.206806635856628418e+01
1.226966905593872070e+01
1.226092863082885742e+01
1.217347788810729980e+01
1.269284152984619141e+01
1.185871505737304688e+01
1.271326494216918945e+01
1.179045510292053223e+01
1.203887414932250977e+01
1.249676775932312012e+01
1.253224492073059082e+01
1.190694761276245117e+01
1.207666349411010742e+01
1.206956481933593750e+01
1.234070324897766113e+01
1.203101134300231934e+01
1.233144402503967285e+01
1.253005766868591309e+01
1.273739814758300781e+01
1.190466928482055664e+01
1.187344193458557129e+01
1.235689377784729004e+01
1.220097732543945312e+01
1.213479900360107422e+01
1.223773622512817383e+01
1.285376405715942383e+01
1.254252219200134277e+01
1.257598352432250977e+01
1.279428315162658691e+01
1.261105561256408691e+01
1.207143402099609375e+01
1.210671067237854004e+01
1.244848799705505371e+01
1.220590019226074219e+01
1.267830371856689453e+01
1.281215453147888184e+01
1.200358247756958008e+01
1.195185947418212891e+01
1.220524311065673828e+01
1.219682359695434570e+01
1.222276258468627930e+01
1.229965710639953613e+01
1.215403366088867188e+01
1.216875123977661133e+01
1.206367397308349609e+01
1.192510199546813965e+01
1.241550111770629883e+01
1.206952714920043945e+01
1.228923034667968750e+01
1.228438735008239746e+01
1.266221523284912109e+01
1.193601298332214355e+01
1.244934844970703125e+01
1.194030261039733887e+01
1.204092550277709961e+01
1.222028160095214844e+01
1.196301698684692383e+01
1.207905125617980957e+01
1.217321324348449707e+01
1.182251048088073730e+01
1.227423548698425293e+01
1.207342600822448730e+01
1.275441026687622070e+01
1.231876897811889648e+01
1.213903689384460449e+01
1.185603022575378418e+01
1.177547597885131836e+01
1.264304161071777344e+01
1.196167516708374023e+01
1.152939462661743164e+01
1.223152136802673340e+01
1.185327100753784180e+01
1.256688857078552246e+01
1.264443373680114746e+01
1.180307841300964355e+01
1.197948837280273438e+01
1.221862173080444336e+01
1.273060727119445801e+01
1.267696046829223633e+01
1.251839017868041992e+01
1.250856280326843262e+01
1.203683662414550781e+01
1.220549130439758301e+01
1.236307072639465332e+01
1.205400919914245605e+01
1.213026452064514160e+01
1.226751112937927246e+01
1.210205221176147461e+01
1.208147931098937988e+01
1.231468009948730469e+01
1.221817708015441895e+01
1.223729968070983887e+01
1.222969341278076172e+01
1.225110268592834473e+01
1.208221983909606934e+01
1.215001893043518066e+01
1.231795287132263184e+01
1.254822087287902832e+01
1.221197867393493652e+01
1.214242529869079590e+01
1.213911008834838867e+01
1.260220551490783691e+01
1.204122042655944824e+01
1.215798020362854004e+01
1.263705825805664062e+01
1.249642229080200195e+01
1.222403550148010254e+01
1.184635472297668457e+01
1.223916578292846680e+01
1.257715082168579102e+01
1.223826456069946289e+01
1.206451702117919922e+01
1.217361521720886230e+01
1.235204672813415527e+01
1.229528117179870605e+01
1.216959095001220703e+01
1.272682952880859375e+01
1.260486173629760742e+01
1.247272610664367676e+01
1.232416534423828125e+01
1.265531921386718750e+01
1.244875741004943848e+01
1.253271436691284180e+01
1.205942797660827637e+01
1.197638344764709473e+01
1.200199913978576660e+01
1.187939023971557617e+01
1.259095454216003418e+01
1.226796460151672363e+01
1.202398729324340820e+01
1.222367691993713379e+01
1.191227293014526367e+01
1.256853985786437988e+01
1.205979609489440918e+01
1.205274748802185059e+01
1.195147919654846191e+01
1.208552122116088867e+01
1.227842307090759277e+01
1.231831431388854980e+01
1.194871497154235840e+01
1.200145077705383301e+01
1.216970372200012207e+01
1.178232121467590332e+01
1.227710318565368652e+01
1.178389549255371094e+01
1.214687252044677734e+01
1.240946316719055176e+01
1.203684616088867188e+01
1.238683724403381348e+01
1.211076259613037109e+01
1.199851799011230469e+01
1.227285981178283691e+01
1.273396039009094238e+01
1.202209877967834473e+01
1.200984859466552734e+01
1.184969735145568848e+01
1.189880824089050293e+01
1.205354428291320801e+01
1.217085051536560059e+01
1.210177230834960938e+01
1.279889869689941406e+01
1.169140696525573730e+01
1.210197615623474121e+01
1.178281164169311523e+01
1.195096278190612793e+01
1.228811240196228027e+01
1.225586152076721191e+01
1.246330332756042480e+01
1.202335000038146973e+01
1.230594420433044434e+01
1.263223195075988770e+01
1.277081918716430664e+01
1.216086554527282715e+01
1.212953281402587891e+01
1.214112234115600586e+01
1.211576533317565918e+01
1.201793575286865234e+01
1.211859273910522461e+01
1.222494626045227051e+01
1.207252120971679688e+01
1.222938919067382812e+01
1.247327589988708496e+01
1.187981724739074707e+01
1.231481647491455078e+01
1.194445943832397461e+01
1.261046814918518066e+01
1.176293730735778809e+01
1.215471816062927246e+01
1.209577655792236328e+01
