1.336439085006713867e+01
1.273591661453247070e+01
1.275518321990966797e+01
1.267998480796813965e+01
1.265145134925842285e+01
1.269446516036987305e+01
1.284162068367004395e+01
1.287956905364990234e+01
1.266751122474670410e+01
1.279311013221740723e+01
1.283036112785339355e+01
1.295412516593933105e+01
1.285441756248474121e+01
1.293944501876831055e+01
1.293555021286010742e+01
1.289860510826110840e+01
1.286102008819580078e+01
1.294386291503906250e+01
1.254151010513305664e+01
1.281595921516418457e+01
1.302555561065673828e+01
1.292390131950378418e+01
1.276473402976989746e+01
1.255102992057800293e+01
1.288286519050598145e+01
1.278484463691711426e+01
1.288720273971557617e+01
1.294489884376525879e+01
1.271134805679321289e+01
1.294760870933532715e+01
1.263892364501953125e+01
1.279398369789123535e+01
1.298177146911621094e+01
1.286109089851379395e+01
1.247302246093750000e+01
1.282095623016357422e+01
1.283673667907714844e+01
1.281188583374023438e+01
1.278048968315124512e+01
1.283325266838073730e+01
1.277178168296813965e+01
1.294903016090393066e+01
1.282459115982055664e+01
1.289581489562988281e+01
1.286769962310791016e+01
1.293534851074218750e+01
1.291535925865173340e+01
1.287799406051635742e+01
1.277559709548950195e+01
1.290197205543518066e+01
1.289490270614624023e+01
1.298231053352355957e+01
1.283791518211364746e+01
1.290750360488891602e+01
1.289722728729248047e+01
1.273650670051574707e+01
1.289850091934204102e+01
1.282385849952697754e+01
1.283601164817810059e+01
1.289485979080200195e+01
1.304811120033264160e+01
1.296562790870666504e+01
1.282700705528259277e+01
1.278150439262390137e+01
1.279953289031982422e+01
1.301847076416015625e+01
1.298622584342956543e+01
1.291659259796142578e+01
1.285568785667419434e+01
1.299764323234558105e+01
1.269309639930725098e+01
1.290940952301025391e+01
1.293257570266723633e+01
1.296229648590087891e+01
1.294784784317016602e+01
1.291398501396179199e+01
1.273470759391784668e+01
1.294599556922912598e+01
1.290577864646911621e+01
1.267570495605468750e+01
1.284865927696228027e+01
1.290076565742492676e+01
1.287958240509033203e+01
1.287882399559020996e+01
1.288705945014953613e+01
1.260328674316406250e+01
1.280161571502685547e+01
1.288320803642272949e+01
1.285718345642089844e+01
1.294767332077026367e+01
1.284678339958190918e+01
1.292141461372375488e+01
1.276165866851806641e+01
1.290561246871948242e+01
1.302532601356506348e+01
1.288636159896850586e+01
1.294376039505004883e+01
1.293363595008850098e+01
1.286016511917114258e+01
1.273906493186950684e+01
1.297520375251770020e+01
1.297910046577453613e+01
1.298443031311035156e+01
1.301231932640075684e+01
1.281115388870239258e+01
1.276423263549804688e+01
1.280268287658691406e+01
1.295204067230224609e+01
1.289707255363464355e+01
1.309279704093933105e+01
1.288322234153747559e+01
1.288802123069763184e+01
1.293491530418395996e+01
1.291868662834167480e+01
1.296888804435729980e+01
1.301367259025573730e+01
1.288515901565551758e+01
1.296027708053588867e+01
1.256716632843017578e+01
1.283107137680053711e+01
1.280271816253662109e+01
1.289460253715515137e+01
1.298433518409729004e+01
1.292355489730834961e+01
1.273764443397521973e+01
1.298427963256835938e+01
1.292507362365722656e+01
1.296694469451904297e+01
1.292254853248596191e+01
1.262181925773620605e+01
1.276356840133666992e+01
1.296180081367492676e+01
1.257610011100769043e+01
1.283795642852783203e+01
1.274232673645019531e+01
1.270378804206848145e+01
1.283721065521240234e+01
1.266370701789855957e+01
1.283219170570373535e+01
1.288354682922363281e+01
1.278639149665832520e+01
1.286145091056823730e+01
1.280992674827575684e+01
1.278420472145080566e+01
1.278749442100524902e+01
1.278712797164916992e+01
1.277666044235229492e+01
1.286664366722106934e+01
1.288736510276794434e+01
1.290377116203308105e+01
1.267528080940246582e+01
1.274640774726867676e+01
1.278546404838562012e+01
1.275467371940612793e+01
1.295615839958190918e+01
1.283651065826416016e+01
1.271550297737121582e+01
1.296505451202392578e+01
1.275469040870666504e+01
1.285914611816406250e+01
1.282621836662292480e+01
1.285951805114746094e+01
1.285910439491271973e+01
1.283162045478820801e+01
1.275064277648925781e+01
1.285507750511169434e+01
1.252401304244995117e+01
1.278403186798095703e+01
1.264923739433288574e+01
1.277484703063964844e+01
1.290742039680480957e+01
1.299159860610961914e+01
1.274724674224853516e+01
1.274762415885925293e+01
1.281022143363952637e+01
1.284428977966308594e+01
1.281023287773132324e+01
1.295412230491638184e+01
1.301089262962341309e+01
1.269306468963623047e+01
1.282887768745422363e+01
1.281686091423034668e+01
1.291183781623840332e+01
1.275888943672180176e+01
1.287931132316589355e+01
1.288360309600830078e+01
1.285088181495666504e+01
1.291521024703979492e+01
1.285795736312866211e+01
1.277989101409912109e+01
1.284912943840026855e+01
1.291184926033020020e+01
1.298032951354980469e+01
1.321661043167114258e+01
1.294914031028747559e+01
1.272187304496765137e+01
1.284587979316711426e+01
1.277528071403503418e+01
1.294401550292968750e+01
1.297277879714965820e+01
