1.000999927520751953e+01
9.920000076293945312e+00
9.969999313354492188e+00
1.021999931335449219e+01
9.529999732971191406e+00
1.034999942779541016e+01
1.006999969482421875e+01
9.340000152587890625e+00
1.039999961853027344e+01
1.065999984741210938e+01
1.050000000000000000e+01
1.028999996185302734e+01
1.010999965667724609e+01
1.136999988555908203e+01
1.017000007629394531e+01
1.064999961853027344e+01
1.096000003814697266e+01
1.134999942779541016e+01
1.117000007629394531e+01
1.061999988555908203e+01
1.001999950408935547e+01
1.000000000000000000e+01
9.969999313354492188e+00
1.052999973297119141e+01
1.034999942779541016e+01
9.949999809265136719e+00
1.019999980926513672e+01
1.068999958038330078e+01
1.254999923706054688e+01
1.421999931335449219e+01
1.000000000000000000e+01
1.067000007629394531e+01
1.000000000000000000e+01
1.510999965667724609e+01
1.429999923706054688e+01
1.718000030517578125e+01
1.275000000000000000e+01
1.673999977111816406e+01
1.613999938964843750e+01
1.726000022888183594e+01
1.818000030517578125e+01
1.573999977111816406e+01
1.886999893188476562e+01
1.417999935150146484e+01
1.670999908447265625e+01
1.711999893188476562e+01
1.927000045776367188e+01
1.418999958038330078e+01
1.371000003814697266e+01
2.068000030517578125e+01
2.147999954223632812e+01
1.736999893188476562e+01
1.937999916076660156e+01
1.832999992370605469e+01
1.763999938964843750e+01
2.042000007629394531e+01
1.625000000000000000e+01
2.143999862670898438e+01
1.819999885559082031e+01
2.464999961853027344e+01
2.331999969482421875e+01
2.238999938964843750e+01
1.894999885559082031e+01
2.093000030517578125e+01
2.210000038146972656e+01
1.985000038146972656e+01
2.045999908447265625e+01
2.007999992370605469e+01
2.256999969482421875e+01
2.603999900817871094e+01
1.881999969482421875e+01
2.128999900817871094e+01
2.018000030517578125e+01
2.093000030517578125e+01
1.984000015258789062e+01
2.007999992370605469e+01
2.557999992370605469e+01
2.070999908447265625e+01
1.996999931335449219e+01
1.853999900817871094e+01
1.960999870300292969e+01
2.142000007629394531e+01
2.532999992370605469e+01
2.232999992370605469e+01
2.247999954223632812e+01
2.162999916076660156e+01
2.160000038146972656e+01
2.378999900817871094e+01
1.863999938964843750e+01
1.962999916076660156e+01
2.150000000000000000e+01
2.231999969482421875e+01
2.359999847412109375e+01
2.162999916076660156e+01
2.127999877929687500e+01
2.331999969482421875e+01
2.673999977111816406e+01
2.201000022888183594e+01
2.506999969482421875e+01
2.651999855041503906e+01
2.735999870300292969e+01
2.806999969482421875e+01
2.861999893188476562e+01
2.905999946594238281e+01
2.861999893188476562e+01
2.913999938964843750e+01
2.987999916076660156e+01
2.870999908447265625e+01
2.889999961853027344e+01
2.888999938964843750e+01
2.677999877929687500e+01
2.961999893188476562e+01
3.025000000000000000e+01
2.934999847412109375e+01
3.043999862670898438e+01
3.085999870300292969e+01
3.050999832153320312e+01
3.007999992370605469e+01
3.123999977111816406e+01
2.981999969482421875e+01
3.103999900817871094e+01
3.102999877929687500e+01
3.064999961853027344e+01
3.163999938964843750e+01
3.098999977111816406e+01
3.059999847412109375e+01
3.150999832153320312e+01
3.172999954223632812e+01
3.112999916076660156e+01
3.153999900817871094e+01
3.147999954223632812e+01
3.097999954223632812e+01
3.157999992370605469e+01
3.155999946594238281e+01
3.115999984741210938e+01
3.118999862670898438e+01
3.256999969482421875e+01
3.252000045776367188e+01
3.252999877929687500e+01
3.205999755859375000e+01
3.231999969482421875e+01
3.229000091552734375e+01
3.254999923706054688e+01
3.134999847412109375e+01
3.277000045776367188e+01
3.204000091552734375e+01
3.252999877929687500e+01
3.215999984741210938e+01
3.234999847412109375e+01
3.268999862670898438e+01
3.298999786376953125e+01
3.302000045776367188e+01
3.295999908447265625e+01
3.297999954223632812e+01
3.313999938964843750e+01
3.334000015258789062e+01
3.315999984741210938e+01
3.327999877929687500e+01
3.330999755859375000e+01
3.318999862670898438e+01
3.329000091552734375e+01
3.329999923706054688e+01
3.330999755859375000e+01
3.330999755859375000e+01
3.316999816894531250e+01
3.320000076293945312e+01
3.334999847412109375e+01
3.329999923706054688e+01
3.305999755859375000e+01
3.332999801635742188e+01
3.327999877929687500e+01
3.311999893188476562e+01
3.325000000000000000e+01
3.313000106811523438e+01
3.314999771118164062e+01
3.325999832153320312e+01
3.334000015258789062e+01
3.345999908447265625e+01
3.352000045776367188e+01
3.343000030517578125e+01
3.345999908447265625e+01
3.345000076293945312e+01
3.343999862670898438e+01
3.332999801635742188e+01
3.340999984741210938e+01
3.345000076293945312e+01
3.345999908447265625e+01
3.355999755859375000e+01
3.340999984741210938e+01
3.368999862670898438e+01
3.372999954223632812e+01
3.370999908447265625e+01
3.356999969482421875e+01
3.354000091552734375e+01
3.365999984741210938e+01
3.340999984741210938e+01
3.336000061035156250e+01
3.354999923706054688e+01
3.354999923706054688e+01
3.361999893188476562e+01
