9.920000076293945312e+00
1.048999977111816406e+01
1.055000019073486328e+01
1.042000007629394531e+01
9.750000000000000000e+00
1.126999950408935547e+01
1.009000015258789062e+01
1.021999931335449219e+01
1.027999973297119141e+01
1.035999965667724609e+01
1.075999927520751953e+01
1.023999977111816406e+01
1.010999965667724609e+01
1.060999965667724609e+01
1.088000011444091797e+01
1.092999935150146484e+01
1.007999992370605469e+01
1.080999946594238281e+01
1.118999958038330078e+01
1.147999954223632812e+01
1.002999973297119141e+01
1.017000007629394531e+01
9.849999427795410156e+00
9.569999694824218750e+00
1.005999946594238281e+01
1.000000000000000000e+01
1.103999996185302734e+01
1.000999927520751953e+01
1.471000003814697266e+01
1.481999969482421875e+01
1.000000000000000000e+01
1.005000019073486328e+01
1.384999942779541016e+01
1.511999988555908203e+01
1.375000000000000000e+01
1.384999942779541016e+01
1.229999923706054688e+01
1.621999931335449219e+01
1.472999954223632812e+01
1.727000045776367188e+01
1.483999919891357422e+01
1.609000015258789062e+01
1.926000022888183594e+01
1.935999870300292969e+01
1.635000038146972656e+01
1.990999984741210938e+01
1.961999893188476562e+01
1.895999908447265625e+01
1.804999923706054688e+01
2.051999855041503906e+01
2.078999900817871094e+01
1.977999877929687500e+01
1.896999931335449219e+01
1.831999969482421875e+01
1.852999877929687500e+01
2.113999938964843750e+01
1.793999862670898438e+01
2.109000015258789062e+01
2.270999908447265625e+01
2.318000030517578125e+01
1.886999893188476562e+01
1.740999984741210938e+01
2.278999900817871094e+01
1.881999969482421875e+01
2.288999938964843750e+01
2.060000038146972656e+01
2.218000030517578125e+01
1.950000000000000000e+01
1.992000007629394531e+01
2.572999954223632812e+01
1.900000000000000000e+01
1.771999931335449219e+01
2.037999916076660156e+01
2.278999900817871094e+01
1.806999969482421875e+01
2.106999969482421875e+01
2.260000038146972656e+01
1.922999954223632812e+01
2.090999984741210938e+01
2.100000000000000000e+01
1.935999870300292969e+01
2.223999977111816406e+01
2.530999946594238281e+01
2.278999900817871094e+01
2.390999984741210938e+01
2.115999984741210938e+01
2.151999855041503906e+01
2.507999992370605469e+01
1.794999885559082031e+01
1.977999877929687500e+01
1.821999931335449219e+01
2.290999984741210938e+01
2.215999984741210938e+01
2.172999954223632812e+01
1.767000007629394531e+01
2.346999931335449219e+01
2.686999893188476562e+01
2.190999984741210938e+01
1.970999908447265625e+01
2.517000007629394531e+01
2.737999916076660156e+01
2.854999923706054688e+01
2.870999908447265625e+01
2.877999877929687500e+01
2.895999908447265625e+01
2.896999931335449219e+01
2.982999992370605469e+01
2.898999977111816406e+01
2.875999832153320312e+01
2.889999961853027344e+01
2.826000022888183594e+01
2.968999862670898438e+01
2.923999977111816406e+01
2.937999916076660156e+01
3.065999984741210938e+01
3.032999992370605469e+01
3.072999954223632812e+01
3.002999877929687500e+01
3.131999969482421875e+01
2.980999946594238281e+01
3.100999832153320312e+01
3.128999900817871094e+01
3.078999900817871094e+01
3.171999931335449219e+01
3.054999923706054688e+01
3.063999938964843750e+01
3.150999832153320312e+01
3.172999954223632812e+01
3.114999961853027344e+01
3.152999877929687500e+01
3.132999992370605469e+01
3.176999855041503906e+01
3.150000000000000000e+01
3.154999923706054688e+01
3.135999870300292969e+01
3.088999938964843750e+01
3.145999908447265625e+01
3.246999740600585938e+01
3.254999923706054688e+01
3.197999954223632812e+01
3.236999893188476562e+01
3.218000030517578125e+01
3.236000061035156250e+01
3.185999870300292969e+01
3.252000045776367188e+01
3.238999938964843750e+01
3.257999801635742188e+01
3.275000000000000000e+01
3.246999740600585938e+01
3.320999908447265625e+01
3.300000000000000000e+01
3.295999908447265625e+01
3.302999877929687500e+01
3.300000000000000000e+01
3.313000106811523438e+01
3.334999847412109375e+01
3.325999832153320312e+01
3.329999923706054688e+01
3.329000091552734375e+01
3.322999954223632812e+01
3.327000045776367188e+01
3.334999847412109375e+01
3.331999969482421875e+01
3.327999877929687500e+01
3.316999816894531250e+01
3.314999771118164062e+01
3.332999801635742188e+01
3.332999801635742188e+01
3.313999938964843750e+01
3.331999969482421875e+01
3.327999877929687500e+01
3.314999771118164062e+01
3.327000045776367188e+01
3.329999923706054688e+01
3.311999893188476562e+01
3.329999923706054688e+01
3.330999755859375000e+01
3.338999938964843750e+01
3.355999755859375000e+01
3.341999816894531250e+01
3.345000076293945312e+01
3.343999862670898438e+01
3.340999984741210938e+01
3.331999969482421875e+01
3.341999816894531250e+01
3.345000076293945312e+01
3.343999862670898438e+01
3.354000091552734375e+01
3.352999877929687500e+01
3.363999938964843750e+01
3.370000076293945312e+01
3.381999969482421875e+01
3.355999755859375000e+01
3.348999786376953125e+01
3.359000015258789062e+01
3.355999755859375000e+01
3.334999847412109375e+01
3.356999969482421875e+01
3.355999755859375000e+01
3.357999801635742188e+01
