2.324635982513427734e+01
2.286209726333618164e+01
2.287391066551208496e+01
2.243311762809753418e+01
2.339229702949523926e+01
2.311909365653991699e+01
2.322946596145629883e+01
2.349330043792724609e+01
2.334689640998840332e+01
2.308409953117370605e+01
2.318258476257324219e+01
2.346304059028625488e+01
2.357959079742431641e+01
2.365349483489990234e+01
2.398251891136169434e+01
2.362339687347412109e+01
2.313359427452087402e+01
2.312183856964111328e+01
2.301094102859497070e+01
2.322645235061645508e+01
2.355753946304321289e+01
2.337425971031188965e+01
2.318425559997558594e+01
2.307548713684082031e+01
2.351680970191955566e+01
2.306313800811767578e+01
2.334813308715820312e+01
2.384617185592651367e+01
2.346399068832397461e+01
2.349354338645935059e+01
2.265460300445556641e+01
2.293419170379638672e+01
2.347371482849121094e+01
2.365536546707153320e+01
2.282838106155395508e+01
2.283142542839050293e+01
2.349920201301574707e+01
2.354774665832519531e+01
2.310360956192016602e+01
2.333761310577392578e+01
2.333293986320495605e+01
2.336289381980895996e+01
2.297626781463623047e+01
2.393502163887023926e+01
2.332797002792358398e+01
2.324776577949523926e+01
2.366374921798706055e+01
2.343797421455383301e+01
2.397855663299560547e+01
2.301303911209106445e+01
2.373577141761779785e+01
2.356151461601257324e+01
2.356728100776672363e+01
2.358908939361572266e+01
2.392148303985595703e+01
2.330619120597839355e+01
2.295904779434204102e+01
2.289802265167236328e+01
2.337538647651672363e+01
2.386466932296752930e+01
2.376126146316528320e+01
2.385795474052429199e+01
2.297039079666137695e+01
2.352143883705139160e+01
2.357899451255798340e+01
2.337334442138671875e+01
2.349663639068603516e+01
2.341643333435058594e+01
2.342984294891357422e+01
2.363041543960571289e+01
2.328376817703247070e+01
2.317727255821228027e+01
2.342551350593566895e+01
2.341702795028686523e+01
2.370955801010131836e+01
2.370874977111816406e+01
2.303661203384399414e+01
2.389041519165039062e+01
2.391913437843322754e+01
2.351809835433959961e+01
2.354179000854492188e+01
2.311452388763427734e+01
2.334578967094421387e+01
2.303145647048950195e+01
2.351920223236083984e+01
2.331061315536499023e+01
2.339627456665039062e+01
2.307701444625854492e+01
2.322718644142150879e+01
2.353800463676452637e+01
2.357591938972473145e+01
2.320861649513244629e+01
2.292334151268005371e+01
2.348290109634399414e+01
2.389371180534362793e+01
2.363373446464538574e+01
2.319460701942443848e+01
2.368835258483886719e+01
2.344601392745971680e+01
2.401488852500915527e+01
2.365685796737670898e+01
2.344602513313293457e+01
2.398357510566711426e+01
2.375432538986206055e+01
2.384863400459289551e+01
2.301155233383178711e+01
2.366418981552124023e+01
2.380351114273071289e+01
2.312412953376770020e+01
2.327792167663574219e+01
2.370665073394775391e+01
2.357107996940612793e+01
2.354277133941650391e+01
2.360707569122314453e+01
2.317100334167480469e+01
2.395296812057495117e+01
2.314779233932495117e+01
2.396213698387145996e+01
2.323210239410400391e+01
2.370129704475402832e+01
2.303283119201660156e+01
2.366168737411499023e+01
2.364661669731140137e+01
2.325458955764770508e+01
2.270310759544372559e+01
2.356335639953613281e+01
2.345281434059143066e+01
2.316906213760375977e+01
2.342320489883422852e+01
2.276289153099060059e+01
2.359821653366088867e+01
2.361772990226745605e+01
2.252539610862731934e+01
2.317383003234863281e+01
2.333005475997924805e+01
2.283417963981628418e+01
2.325952601432800293e+01
2.289945769309997559e+01
2.345397305488586426e+01
2.358238410949707031e+01
2.311344528198242188e+01
2.276256608963012695e+01
2.283168888092041016e+01
2.327144384384155273e+01
2.378484559059143066e+01
2.309543299674987793e+01
2.308520650863647461e+01
2.322605085372924805e+01
2.347931075096130371e+01
2.321184659004211426e+01
2.320722055435180664e+01
2.302806520462036133e+01
2.310050773620605469e+01
2.278432440757751465e+01
2.386437535285949707e+01
2.271496343612670898e+01
2.310996603965759277e+01
2.356437182426452637e+01
2.305077552795410156e+01
2.360770297050476074e+01
2.312180948257446289e+01
2.337894630432128906e+01
2.283850073814392090e+01
2.343805241584777832e+01
2.333268117904663086e+01
2.346611046791076660e+01
2.294728422164916992e+01
2.338783502578735352e+01
2.346592044830322266e+01
2.380112719535827637e+01
2.366309380531311035e+01
2.366114377975463867e+01
2.366201734542846680e+01
2.356945443153381348e+01
2.315141749382019043e+01
2.295490169525146484e+01
2.300267696380615234e+01
2.358316516876220703e+01
2.349043059349060059e+01
2.336166214942932129e+01
2.374938130378723145e+01
2.333174467086791992e+01
2.298037528991699219e+01
2.371068620681762695e+01
2.302563357353210449e+01
2.326002025604248047e+01
2.330158019065856934e+01
2.337052345275878906e+01
2.360616421699523926e+01
2.327759194374084473e+01
2.323451614379882812e+01
2.302878284454345703e+01
2.372689986228942871e+01
2.698577761650085449e+01
2.383459043502807617e+01
2.323081445693969727e+01
2.391190361976623535e+01
2.343104195594787598e+01
2.340854811668395996e+01
2.367912387847900391e+01
