2.129073143005371094e-01
2.449314594268798828e-01
2.378537654876708984e-01
2.243599891662597656e-01
2.470092773437500000e-01
2.205379009246826172e-01
2.196824550628662109e-01
2.468698024749755859e-01
2.174091339111328125e-01
1.884787082672119141e-01
2.461097240447998047e-01
2.745964527130126953e-01
2.728989124298095703e-01
2.643599510192871094e-01
2.689130306243896484e-01
2.579371929168701172e-01
2.356579303741455078e-01
2.482993602752685547e-01
2.030491828918457031e-01
2.440958023071289062e-01
2.890987396240234375e-01
2.497766017913818359e-01
2.326490879058837891e-01
2.093925476074218750e-01
2.437517642974853516e-01
2.048122882843017578e-01
2.447419166564941406e-01
2.982373237609863281e-01
2.235071659088134766e-01
2.646391391754150391e-01
2.235302925109863281e-01
1.816265583038330078e-01
2.535793781280517578e-01
2.318890094757080078e-01
2.008562088012695312e-01
2.340426445007324219e-01
2.836608886718750000e-01
2.272171974182128906e-01
2.008986473083496094e-01
2.660310268402099609e-01
2.207827568054199219e-01
2.370991706848144531e-01
2.318654060363769531e-01
2.684643268585205078e-01
2.337484359741210938e-01
2.555599212646484375e-01
2.575390338897705078e-01
2.250380516052246094e-01
2.203650474548339844e-01
2.496874332427978516e-01
2.155220508575439453e-01
2.420821189880371094e-01
2.399892807006835938e-01
2.693381309509277344e-01
2.561521530151367188e-01
2.134687900543212891e-01
1.996052265167236328e-01
2.160692214965820312e-01
2.417566776275634766e-01
2.342772483825683594e-01
2.569603919982910156e-01
2.710552215576171875e-01
2.227814197540283203e-01
2.038218975067138672e-01
2.407732009887695312e-01
2.512335777282714844e-01
2.451305389404296875e-01
2.098598480224609375e-01
2.417752742767333984e-01
2.473669052124023438e-01
2.416496276855468750e-01
2.535398006439208984e-01
2.522213459014892578e-01
2.410714626312255859e-01
2.845993041992187500e-01
2.246768474578857422e-01
2.299170494079589844e-01
2.405257225036621094e-01
2.565822601318359375e-01
2.074515819549560547e-01
2.325286865234375000e-01
2.339642047882080078e-01
2.131378650665283203e-01
2.305688858032226562e-01
2.455751895904541016e-01
2.152087688446044922e-01
2.193915843963623047e-01
2.277646064758300781e-01
2.407591342926025391e-01
2.516579627990722656e-01
2.141182422637939453e-01
2.128221988677978516e-01
2.282788753509521484e-01
2.460196018218994141e-01
2.417211532592773438e-01
1.961984634399414062e-01
2.584977149963378906e-01
2.640695571899414062e-01
2.494397163391113281e-01
2.631871700286865234e-01
2.350547313690185547e-01
2.484743595123291016e-01
2.625105381011962891e-01
2.592253684997558594e-01
2.474565505981445312e-01
2.218692302703857422e-01
2.357308864593505859e-01
2.476568222045898438e-01
2.341294288635253906e-01
2.922809123992919922e-01
2.486152648925781250e-01
2.485630512237548828e-01
2.433857917785644531e-01
2.481997013092041016e-01
2.524986267089843750e-01
2.710359096527099609e-01
2.213165760040283203e-01
2.249739170074462891e-01
1.894340515136718750e-01
2.648084163665771484e-01
2.489266395568847656e-01
2.254071235656738281e-01
2.297611236572265625e-01
2.772171497344970703e-01
1.878261566162109375e-01
2.519247531890869141e-01
2.251188755035400391e-01
2.635991573333740234e-01
2.283017635345458984e-01
2.070224285125732422e-01
2.877359390258789062e-01
2.532827854156494141e-01
1.931910514831542969e-01
2.151703834533691406e-01
2.445039749145507812e-01
2.447071075439453125e-01
2.448494434356689453e-01
2.311291694641113281e-01
2.292547225952148438e-01
2.928407192230224609e-01
2.253110408782958984e-01
2.266595363616943359e-01
2.184221744537353516e-01
2.297832965850830078e-01
2.271449565887451172e-01
1.574420928955078125e-01
2.211408615112304688e-01
2.462601661682128906e-01
2.476630210876464844e-01
2.885878086090087891e-01
2.373504638671875000e-01
2.095353603363037109e-01
1.918404102325439453e-01
1.947834491729736328e-01
2.950649261474609375e-01
2.343814373016357422e-01
2.001075744628906250e-01
2.563402652740478516e-01
2.232081890106201172e-01
2.567925453186035156e-01
2.437088489532470703e-01
2.455422878265380859e-01
2.404749393463134766e-01
2.475214004516601562e-01
2.515940666198730469e-01
2.568905353546142578e-01
2.160737514495849609e-01
2.236831188201904297e-01
2.398474216461181641e-01
2.508771419525146484e-01
2.377929687500000000e-01
2.818169593811035156e-01
2.108163833618164062e-01
2.411401271820068359e-01
2.149114608764648438e-01
2.269532680511474609e-01
2.571682929992675781e-01
2.483508586883544922e-01
3.018555641174316406e-01
2.009403705596923828e-01
2.579250335693359375e-01
2.470502853393554688e-01
2.570414543151855469e-01
2.330124378204345703e-01
2.349746227264404297e-01
2.565767765045166016e-01
2.307758331298828125e-01
2.372293472290039062e-01
2.270424365997314453e-01
2.290000915527343750e-01
2.256522178649902344e-01
2.562928199768066406e-01
2.648594379425048828e-01
6.912484169006347656e-01
2.640187740325927734e-01
2.284295558929443359e-01
2.611112594604492188e-01
1.947922706604003906e-01
2.671360969543457031e-01
2.498407363891601562e-01
