1.322504639625549316e+01
1.251689958572387695e+01
1.257229804992675781e+01
1.252408432960510254e+01
1.243004941940307617e+01
1.253591203689575195e+01
1.263214993476867676e+01
1.269185352325439453e+01
1.261198043823242188e+01
1.258972764015197754e+01
1.259537410736083984e+01
1.276394057273864746e+01
1.269460511207580566e+01
1.279116296768188477e+01
1.270695614814758301e+01
1.269723176956176758e+01
1.269427585601806641e+01
1.272393608093261719e+01
1.239099597930908203e+01
1.265339803695678711e+01
1.273311018943786621e+01
1.277291846275329590e+01
1.261140704154968262e+01
1.245139932632446289e+01
1.266323757171630859e+01
1.258008885383605957e+01
1.276542425155639648e+01
1.273324346542358398e+01
1.253883719444274902e+01
1.271009373664855957e+01
1.249523067474365234e+01
1.264253425598144531e+01
1.281816911697387695e+01
1.267540454864501953e+01
1.244326114654541016e+01
1.271433639526367188e+01
1.270247292518615723e+01
1.262242889404296875e+01
1.262199425697326660e+01
1.277913451194763184e+01
1.262825679779052734e+01
1.269842076301574707e+01
1.266886258125305176e+01
1.273094415664672852e+01
1.270184993743896484e+01
1.269166636466979980e+01
1.274316120147705078e+01
1.281375741958618164e+01
1.257739257812500000e+01
1.268041253089904785e+01
1.272627878189086914e+01
1.283589196205139160e+01
1.271534132957458496e+01
1.272278404235839844e+01
1.274294471740722656e+01
1.264351916313171387e+01
1.271722245216369629e+01
1.267374610900878906e+01
1.264166355133056641e+01
1.270712590217590332e+01
1.278277039527893066e+01
1.271762895584106445e+01
1.284976387023925781e+01
1.264708662033081055e+01
1.262295031547546387e+01
1.276336908340454102e+01
1.268548083305358887e+01
1.272435259819030762e+01
1.270125555992126465e+01
1.286208248138427734e+01
1.259826350212097168e+01
1.274327516555786133e+01
1.281388616561889648e+01
1.284446573257446289e+01
1.279649257659912109e+01
1.277151966094970703e+01
1.255103158950805664e+01
1.277721548080444336e+01
1.279589676856994629e+01
1.267480444908142090e+01
1.264785027503967285e+01
1.276676988601684570e+01
1.270744514465332031e+01
1.272542047500610352e+01
1.274730396270751953e+01
1.259970664978027344e+01
1.265652036666870117e+01
1.266886067390441895e+01
1.267300295829772949e+01
1.274049782752990723e+01
1.271099400520324707e+01
1.276282644271850586e+01
1.256248974800109863e+01
1.272544789314270020e+01
1.280449771881103516e+01
1.271261453628540039e+01
1.278825449943542480e+01
1.270391392707824707e+01
1.271694278717041016e+01
1.258216166496276855e+01
1.274798297882080078e+01
1.274100136756896973e+01
1.293760347366333008e+01
1.275899052619934082e+01
1.265464854240417480e+01
1.255905747413635254e+01
1.267086267471313477e+01
1.276931142807006836e+01
1.278733897209167480e+01
1.270478439331054688e+01
1.274465346336364746e+01
1.273472738265991211e+01
1.267721462249755859e+01
1.272054553031921387e+01
1.277003836631774902e+01
1.277036166191101074e+01
1.272015070915222168e+01
1.283399200439453125e+01
1.248146820068359375e+01
1.266642713546752930e+01
1.257492470741271973e+01
1.274351239204406738e+01
1.271589159965515137e+01
1.266772055625915527e+01
1.255247163772583008e+01
1.286630439758300781e+01
1.274790120124816895e+01
1.276013350486755371e+01
1.275277137756347656e+01
1.253708815574645996e+01
1.261719417572021484e+01
1.273526239395141602e+01
1.243063616752624512e+01
1.263283920288085938e+01
1.252837014198303223e+01
1.252457809448242188e+01
1.268386602401733398e+01
1.245741701126098633e+01
1.267873167991638184e+01
1.270444393157958984e+01
1.262856912612915039e+01
1.264963793754577637e+01
1.274560809135437012e+01
1.263018131256103516e+01
1.261997199058532715e+01
1.260633516311645508e+01
1.270393371582031250e+01
1.269696569442749023e+01
1.270375251770019531e+01
1.271059131622314453e+01
1.248160004615783691e+01
1.260624504089355469e+01
1.263835096359252930e+01
1.270816469192504883e+01
1.266670727729797363e+01
1.257011127471923828e+01
1.260324907302856445e+01
1.275709557533264160e+01
1.266392469406127930e+01
1.272749924659729004e+01
1.258182072639465332e+01
1.267448639869689941e+01
1.263918924331665039e+01
1.263510060310363770e+01
1.257064032554626465e+01
1.271351790428161621e+01
1.252774024009704590e+01
1.259696030616760254e+01
1.255882954597473145e+01
1.268030929565429688e+01
1.276838254928588867e+01
1.276062679290771484e+01
1.264432120323181152e+01
1.266814899444580078e+01
1.262370991706848145e+01
1.273947310447692871e+01
1.271615695953369141e+01
1.270270919799804688e+01
1.278374981880187988e+01
1.259318852424621582e+01
1.264850711822509766e+01
1.269260454177856445e+01
1.263285684585571289e+01
1.257160043716430664e+01
1.272542190551757812e+01
1.281068706512451172e+01
1.267344999313354492e+01
1.266525530815124512e+01
1.268187499046325684e+01
1.265342879295349121e+01
1.268111515045166016e+01
1.270632123947143555e+01
1.264756155014038086e+01
1.274983668327331543e+01
1.273631310462951660e+01
1.259886121749877930e+01
1.268148374557495117e+01
1.265225195884704590e+01
1.271283221244812012e+01
1.277529335021972656e+01
