2.472009829406738302e+00
2.439483776397704862e+00
2.456590538177490401e+00
2.516491450424194198e+00
2.490583700485229368e+00
2.536249364547729535e+00
2.618855790634155412e+00
2.515601122894286945e+00
2.571731131668090864e+00
2.546306354141235406e+00
2.544245957717895301e+00
2.556578224258422960e+00
2.509771378784179774e+00
2.546395244827270421e+00
2.492153750381469912e+00
2.537489267272949434e+00
2.586138492126464961e+00
2.570512400665283081e+00
2.578867152175903232e+00
2.546184300231933761e+00
2.543657008132934383e+00
2.478485464401245064e+00
2.568225664291381882e+00
2.560640702590942563e+00
2.553548853149413933e+00
2.528836823348998841e+00
2.499869998092651535e+00
2.461965796432495246e+00
2.470806502380371139e+00
2.480271622848510660e+00
2.459120265350341672e+00
2.436508235549926571e+00
2.396702262039184461e+00
2.387143515701294127e+00
2.378837352981567399e+00
2.347400589904784951e+00
2.316232835464477446e+00
2.350238899307250939e+00
2.307434348754882958e+00
2.286660931625366100e+00
2.252477709503173831e+00
2.249036131896972712e+00
2.264530441741943179e+00
2.259759624023437663e+00
2.231821461868286338e+00
2.212503626632690512e+00
2.191085121612548647e+00
2.168328325958251757e+00
2.189618958206176913e+00
2.182539101104736368e+00
2.186486683197021552e+00
2.187425353317260956e+00
2.189580638885498143e+00
2.167853000183105561e+00
2.190352601318359405e+00
2.188018263015746978e+00
2.178885564422607501e+00
2.179940183639526463e+00
2.151895354614257627e+00
2.145004506072997863e+00
2.142741514053344787e+00
2.158615198440551719e+00
2.170940684127807607e+00
2.197812747268676592e+00
2.151876284942626949e+00
2.145483822021484244e+00
2.146233206176757946e+00
2.158753513793945533e+00
2.167569420852661022e+00
2.155372522735595542e+00
2.153833982543945424e+00
2.133990077819824194e+00
2.147405646438598659e+00
2.160509742965698088e+00
2.144837155761718961e+00
2.139190771255492951e+00
2.181867205734252746e+00
2.144043917312622227e+00
2.156850569610595514e+00
2.166489672088622864e+00
2.169786114959716627e+00
2.129026398620605498e+00
2.137056585159301747e+00
2.143210836944580144e+00
2.153311671524047899e+00
2.147509267501831243e+00
2.103837253952026476e+00
2.114573849868774502e+00
2.110029416465759144e+00
2.117008731765746887e+00
2.114145813522338990e+00
2.131033785629272259e+00
2.126590514907837015e+00
2.114369733123779405e+00
2.116556501007079927e+00
2.140250559616089010e+00
2.106321559600830007e+00
2.105353366317749053e+00
2.126498982925415060e+00
2.120137152252197232e+00
1.977926891059875514e+00
1.958420100326538016e+00
1.956914031829833922e+00
1.954884142036438011e+00
1.954505546493530366e+00
1.944111140518188563e+00
1.934181369667053119e+00
1.928321951751708951e+00
1.932801856307983401e+00
1.926962975044250515e+00
1.920873099670410200e+00
1.925128751106262248e+00
1.916767088623046789e+00
1.904947425689697216e+00
1.907359321136474550e+00
1.895445821228027405e+00
1.901244539680480905e+00
1.908635538711547897e+00
1.898557720413208028e+00
1.898629093933105416e+00
1.888816012191772531e+00
1.884428578186035264e+00
1.887175841217040961e+00
1.887580382614135743e+00
1.882295184135436950e+00
1.880041072082519582e+00
1.885882673606872562e+00
1.880450915222168007e+00
1.885373494987487852e+00
1.869921056976318274e+00
1.871539647674560491e+00
1.866963095893859892e+00
1.864856897354125964e+00
1.858320188140869078e+00
1.856838965606689484e+00
1.861341507377624493e+00
1.863836899261474667e+00
1.859466737136840742e+00
1.844509290580749417e+00
1.849887780647277769e+00
1.853307628402709906e+00
1.839468368110656726e+00
1.840371537132263091e+00
1.842090436668395892e+00
1.842553769721984924e+00
1.840938019561767502e+00
1.844365242958068807e+00
1.850862697410583513e+00
1.832804942665100079e+00
1.834632780761718651e+00
1.833160782394409161e+00
1.827923051605224503e+00
1.828658739013671930e+00
1.822022497711181632e+00
1.821058848571777355e+00
1.824204668846130417e+00
1.822811714210510248e+00
1.822320258636474621e+00
1.818762272109985423e+00
1.823440911026001032e+00
1.826033787841796929e+00
1.830967151107788071e+00
1.819369411506652767e+00
1.817817341766357453e+00
1.818532839965820269e+00
1.819048611907958968e+00
1.820245078430175800e+00
1.823226599960327210e+00
1.821980017356872539e+00
1.823155695915222196e+00
1.817646935005188036e+00
1.813499050178527749e+00
1.814065243186950616e+00
1.820349483261108459e+00
1.820321486663818433e+00
1.830041989479064934e+00
1.819010558052063020e+00
1.808720712356567395e+00
1.818353347053527802e+00
1.824077177734374944e+00
1.823118206939697172e+00
1.820107644348144538e+00
1.812851015434265189e+00
1.812522358245849619e+00
1.815641179275512718e+00
1.815600246658325201e+00
1.827299261665344288e+00
1.819110335884094320e+00
1.817362418251037504e+00
1.819121399955749618e+00
1.820066670188903890e+00
1.810114526443481475e+00
1.812742203369140714e+00
1.815698578643798911e+00
1.807969472579955994e+00
1.817821893501281760e+00
1.812440693016052151e+00
1.815322244682312069e+00
1.815641132431030202e+00
1.813098984069824171e+00
