2.519836473846435609e+00
2.502809862594604695e+00
2.493307541885375844e+00
2.525329150848388604e+00
2.500147444152831966e+00
2.520655443420410258e+00
2.502175018005371232e+00
2.505208959808349789e+00
2.514860101547241378e+00
2.576802485809326360e+00
2.533806751098632848e+00
2.495527813186645627e+00
2.481396822662353507e+00
2.535363876647949155e+00
2.624539843292236441e+00
2.624645470504760603e+00
2.592138503036498953e+00
2.558490927047729624e+00
2.514971721725463905e+00
2.500081781768798805e+00
2.506955960235595526e+00
2.465709023818969836e+00
2.493376611862182735e+00
2.546017790145874038e+00
2.507607399444580221e+00
2.540126765899658245e+00
2.563001658554077355e+00
2.473294629669189337e+00
2.447057837600707941e+00
2.414823233032226568e+00
2.440754608993530361e+00
2.446797140960693451e+00
2.455999584350585963e+00
2.418582109756469922e+00
2.422538334197998022e+00
2.436374352111816410e+00
2.403340748748779454e+00
2.425033227920532219e+00
2.424696011962890640e+00
2.425337644729614439e+00
2.382088046188354458e+00
2.400402130203246998e+00
2.404078613433838107e+00
2.366371405258178573e+00
2.377607496566772394e+00
2.359277563476562367e+00
2.312063914337158188e+00
2.316119575805664077e+00
2.295328478546142748e+00
2.239162765655517529e+00
2.224246431121826184e+00
2.224787035293579240e+00
2.235306148986816233e+00
2.173782915191650567e+00
2.145919912948608399e+00
2.165651887664794994e+00
2.191413985214233584e+00
2.177509377593993989e+00
2.139869718399047827e+00
2.193782848510742234e+00
2.203474015350341819e+00
2.185738396606445200e+00
2.176177930450439391e+00
2.206342129898071214e+00
2.197586111297607392e+00
2.175218208618164173e+00
2.153359857254028231e+00
2.173164032058716000e+00
2.178483594207763829e+00
2.207575983123779118e+00
2.169579491882324351e+00
2.155888886756896827e+00
2.199284613151550438e+00
2.133976684951782055e+00
2.175679028854370145e+00
2.134870958557129050e+00
2.159528541870117113e+00
2.202699256057739419e+00
2.169874048233032315e+00
2.185731157379150247e+00
2.158629043426513849e+00
2.162445062789916772e+00
2.182697852249145587e+00
2.152075019760131713e+00
2.152873711776733590e+00
2.171190422439575052e+00
2.169165503158569486e+00
2.161581454315185447e+00
2.128294363098144348e+00
2.140893430786132701e+00
2.158020048446655181e+00
2.148320953140258727e+00
2.114787388534546064e+00
2.138772001419067426e+00
2.113401432189941254e+00
2.136014805374145453e+00
2.155737231369018403e+00
2.113457744293212759e+00
2.138991018218994178e+00
2.108566231613159037e+00
1.985338850288391077e+00
1.971972018127441384e+00
1.976764368133544947e+00
1.966897683067321712e+00
1.962716294555663987e+00
1.968241527481079167e+00
1.958321917457580552e+00
1.961089525833129787e+00
1.957344039039611738e+00
1.947393730010986257e+00
1.958646445045471252e+00
1.940633399353027366e+00
1.941761078567504795e+00
1.938497328643798756e+00
1.930871608886718827e+00
1.927228173141479539e+00
1.925152819747924848e+00
1.934417124481201178e+00
1.928857672958373959e+00
1.925156759948730478e+00
1.925217587776184125e+00
1.936955894165039105e+00
1.930416818809509216e+00
1.915433996696472185e+00
1.920361152267455962e+00
1.920584529266357476e+00
1.907097173843383731e+00
1.920230132369995069e+00
1.919154636306762640e+00
1.899314089393615790e+00
1.908719664688110385e+00
1.901159763031005756e+00
1.908342583198547437e+00
1.905583035545349135e+00
1.898597896423339870e+00
1.895691218261718713e+00
1.888944633483886637e+00
1.893944274940490669e+00
1.896208155975341869e+00
1.893246597938537557e+00
1.879561767768859859e+00
1.905959019317627012e+00
1.896128507232665905e+00
1.874913923377990788e+00
1.887291887397766210e+00
1.887155927696227975e+00
1.888723528709411514e+00
1.875035717086791953e+00
1.872897084770202669e+00
1.874867055816650474e+00
1.869344892730712804e+00
1.864422067832946839e+00
1.870561275634765597e+00
1.880209725799560472e+00
1.874262995414733846e+00
1.870083310928344789e+00
1.872761882553100499e+00
1.868829337120056167e+00
1.861781921997070377e+00
1.863947568664550802e+00
1.861104478225708014e+00
1.863091596488952728e+00
1.860543121719360427e+00
1.859517808570861908e+00
1.856042587699890056e+00
1.856880938453674412e+00
1.854761925277709889e+00
1.845277645263671884e+00
1.862956697082519542e+00
1.860142721862793058e+00
1.863743120040893597e+00
1.848750926895141644e+00
1.860002697563171381e+00
1.857093763046264723e+00
1.856008280944824174e+00
1.858599382247924758e+00
1.858564304542541512e+00
1.849675078468322686e+00
1.856930479660034106e+00
1.852065643653869609e+00
1.860994007377624548e+00
1.844743731575012147e+00
1.854930656623840379e+00
1.855634793243408298e+00
1.851168695030212419e+00
1.857213801040649370e+00
1.842901171607971289e+00
1.848698294906616191e+00
1.843706984825134176e+00
1.849187368011474542e+00
1.852835969123840298e+00
1.857309964752197340e+00
1.848017475509643459e+00
1.851062363128662014e+00
1.847647342872619669e+00
1.853299506797790430e+00
1.844844170913696235e+00
1.839392011756896927e+00
1.848284238815307567e+00
1.832076998176574767e+00
