2.128090858459472656e-01
2.448377609252929688e-01
2.376940250396728516e-01
2.244038581848144531e-01
2.468962669372558594e-01
2.204186916351318359e-01
2.194652557373046875e-01
2.468116283416748047e-01
2.173364162445068359e-01
1.884584426879882812e-01
2.459952831268310547e-01
2.744939327239990234e-01
2.726945877075195312e-01
2.641687393188476562e-01
2.687628269195556641e-01
2.577385902404785156e-01
2.355227470397949219e-01
2.481415271759033203e-01
2.029583454132080078e-01
2.438893318176269531e-01
2.889502048492431641e-01
2.504112720489501953e-01
2.323617935180664062e-01
2.094254493713378906e-01
2.436978816986083984e-01
2.047870159149169922e-01
2.445726394653320312e-01
2.981009483337402344e-01
2.236158847808837891e-01
2.645645141601562500e-01
2.235090732574462891e-01
1.814854145050048828e-01
2.534275054931640625e-01
2.308528423309326172e-01
2.007098197937011719e-01
2.339544296264648438e-01
2.836859226226806641e-01
2.270917892456054688e-01
2.008798122406005859e-01
2.660405635833740234e-01
2.206983566284179688e-01
2.370171546936035156e-01
2.316915988922119141e-01
2.683515548706054688e-01
2.337453365325927734e-01
2.555022239685058594e-01
2.575452327728271484e-01
2.249746322631835938e-01
2.203247547149658203e-01
2.496526241302490234e-01
2.154281139373779297e-01
2.419841289520263672e-01
2.398324012756347656e-01
2.691876888275146484e-01
2.560267448425292969e-01
2.133936882019042969e-01
1.995072364807128906e-01
2.159984111785888672e-01
2.416250705718994141e-01
2.341146469116210938e-01
2.567486763000488281e-01
2.708652019500732422e-01
2.226676940917968750e-01
2.037944793701171875e-01
2.406916618347167969e-01
2.512109279632568359e-01
2.449104785919189453e-01
2.097964286804199219e-01
2.415325641632080078e-01
2.472476959228515625e-01
2.415511608123779297e-01
2.534923553466796875e-01
2.520902156829833984e-01
2.409446239471435547e-01
2.845652103424072266e-01
2.245190143585205078e-01
2.297916412353515625e-01
2.403481006622314453e-01
2.564563751220703125e-01
2.073581218719482422e-01
2.532701492309570312e-01
2.337892055511474609e-01
2.129476070404052734e-01
2.304811477661132812e-01
2.454876899719238281e-01
2.151226997375488281e-01
2.193987369537353516e-01
2.276146411895751953e-01
2.406308650970458984e-01
2.515587806701660156e-01
2.139787673950195312e-01
2.127213478088378906e-01
2.291672229766845703e-01
2.459056377410888672e-01
2.415823936462402344e-01
1.961436271667480469e-01
2.583801746368408203e-01
2.639555931091308594e-01
2.493519783020019531e-01
2.630474567413330078e-01
2.349748611450195312e-01
2.482559680938720703e-01
2.623877525329589844e-01
2.590417861938476562e-01
2.473356723785400391e-01
2.217912673950195312e-01
2.356336116790771484e-01
2.475299835205078125e-01
2.339982986450195312e-01
2.922570705413818359e-01
2.484383583068847656e-01
2.483654022216796875e-01
2.432682514190673828e-01
2.479546070098876953e-01
2.524290084838867188e-01
2.710282802581787109e-01
2.212457656860351562e-01
2.248265743255615234e-01
1.892118453979492188e-01
2.648048400878906250e-01
2.487015724182128906e-01
2.247440814971923828e-01
2.296085357666015625e-01
2.770342826843261719e-01
1.877820491790771484e-01
2.517220973968505859e-01
2.250244617462158203e-01
2.634711265563964844e-01
2.282154560089111328e-01
2.069411277770996094e-01
2.878367900848388672e-01
2.532036304473876953e-01
1.932613849639892578e-01
2.151653766632080078e-01
2.443845272064208984e-01
2.447686195373535156e-01
2.448854446411132812e-01
2.310569286346435547e-01
2.291891574859619141e-01
2.928681373596191406e-01
2.252304553985595703e-01
2.266798019409179688e-01
2.185242176055908203e-01
2.297952175140380859e-01
2.270505428314208984e-01
1.574609279632568359e-01
2.210674285888671875e-01
2.462453842163085938e-01
2.474358081817626953e-01
2.885785102844238281e-01
2.373576164245605469e-01
2.094440460205078125e-01
1.918008327484130859e-01
1.947197914123535156e-01
2.950711250305175781e-01
2.343804836273193359e-01
2.000248432159423828e-01
2.562482357025146484e-01
2.233099937438964844e-01
2.566812038421630859e-01
2.436785697937011719e-01
2.454433441162109375e-01
2.402956485748291016e-01
2.475702762603759766e-01
2.516741752624511719e-01
2.568650245666503906e-01
2.161605358123779297e-01
2.236535549163818359e-01
2.398357391357421875e-01
2.507107257843017578e-01
2.376399040222167969e-01
2.815959453582763672e-01
2.106926441192626953e-01
2.409503459930419922e-01
2.148408889770507812e-01
2.269046306610107422e-01
2.571520805358886719e-01
2.481870651245117188e-01
3.017549514770507812e-01
2.008373737335205078e-01
2.578051090240478516e-01
2.469105720520019531e-01
2.570638656616210938e-01
2.329454421997070312e-01
2.347943782806396484e-01
2.564427852630615234e-01
2.306280136108398438e-01
2.371029853820800781e-01
2.269086837768554688e-01
2.287902832031250000e-01
2.255866527557373047e-01
2.561995983123779297e-01
2.751810550689697266e-01
5.598077774047851562e-01
2.639131546020507812e-01
2.285916805267333984e-01
2.601566314697265625e-01
1.947350502014160156e-01
2.670254707336425781e-01
2.497859001159667969e-01
