2.319656276702880859e+01
2.289752197265625000e+01
2.336155343055725098e+01
2.271563649177551270e+01
2.356308889389038086e+01
2.285525703430175781e+01
2.350865483283996582e+01
2.320727586746215820e+01
2.289242529869079590e+01
2.275398421287536621e+01
2.341580557823181152e+01
2.348764562606811523e+01
2.375190877914428711e+01
2.303326821327209473e+01
2.357974958419799805e+01
2.372798824310302734e+01
2.381005883216857910e+01
2.356132483482360840e+01
2.291601347923278809e+01
2.344762587547302246e+01
2.371658301353454590e+01
2.317129516601562500e+01
2.300947999954223633e+01
2.321646785736083984e+01
2.330854415893554688e+01
2.336317801475524902e+01
2.412733387947082520e+01
2.327841472625732422e+01
2.333128333091735840e+01
2.329694509506225586e+01
2.312150192260742188e+01
2.281858086585998535e+01
2.368237447738647461e+01
2.363391709327697754e+01
2.294711089134216309e+01
2.355280852317810059e+01
2.298609352111816406e+01
2.331184673309326172e+01
2.274320197105407715e+01
2.335542416572570801e+01
2.348891758918762207e+01
2.334415221214294434e+01
2.340987038612365723e+01
2.379429650306701660e+01
2.353656792640686035e+01
2.347972106933593750e+01
2.351255297660827637e+01
2.307719635963439941e+01
2.333965158462524414e+01
2.399552059173583984e+01
2.365208745002746582e+01
2.409241342544555664e+01
2.315862512588500977e+01
2.373546791076660156e+01
2.349480128288269043e+01
2.340443897247314453e+01
2.350568103790283203e+01
2.350243353843688965e+01
2.391804671287536621e+01
2.324602985382080078e+01
2.374721312522888184e+01
2.345762109756469727e+01
2.331423449516296387e+01
2.363173317909240723e+01
2.376907134056091309e+01
2.414994120597839355e+01
2.344632649421691895e+01
2.323156261444091797e+01
2.411395668983459473e+01
2.367849349975585938e+01
2.359515595436096191e+01
2.361416316032409668e+01
2.342825984954833984e+01
2.426175713539123535e+01
2.321086764335632324e+01
2.389291191101074219e+01
2.325568604469299316e+01
2.349445629119873047e+01
2.366791439056396484e+01
2.279473400115966797e+01
2.383896517753601074e+01
2.391894054412841797e+01
2.307750034332275391e+01
2.354427957534790039e+01
2.366912984848022461e+01
2.284027957916259766e+01
2.292242836952209473e+01
2.359386849403381348e+01
2.352876615524291992e+01
2.338943290710449219e+01
2.311208033561706543e+01
2.336953806877136230e+01
2.337443351745605469e+01
2.361794233322143555e+01
2.409191274642944336e+01
2.337666273117065430e+01
2.362236618995666504e+01
2.350561594963073730e+01
2.342169308662414551e+01
2.332660508155822754e+01
2.344023251533508301e+01
2.360513401031494141e+01
2.431184983253479004e+01
2.390241503715515137e+01
2.377285790443420410e+01
2.331641554832458496e+01
2.370514392852783203e+01
2.359260439872741699e+01
2.324410462379455566e+01
2.409614396095275879e+01
2.304950690269470215e+01
2.367897319793701172e+01
2.348581862449645996e+01
2.393825006484985352e+01
2.395681285858154297e+01
2.395880627632141113e+01
2.337093830108642578e+01
2.375008583068847656e+01
2.348037791252136230e+01
2.354262471199035645e+01
2.361696434020996094e+01
2.359179806709289551e+01
2.337176609039306641e+01
2.404623270034790039e+01
2.341466379165649414e+01
2.386322474479675293e+01
2.323487758636474609e+01
2.359604644775390625e+01
2.401641750335693359e+01
2.311519050598144531e+01
2.311771011352539062e+01
2.364071965217590332e+01
2.233378219604492188e+01
2.304173636436462402e+01
2.279010796546936035e+01
2.270230031013488770e+01
2.297734069824218750e+01
2.262773561477661133e+01
2.342966890335083008e+01
2.355352044105529785e+01
2.318934035301208496e+01
2.308187937736511230e+01
2.354816389083862305e+01
2.336858034133911133e+01
2.306449770927429199e+01
2.316309428215026855e+01
2.335709285736083984e+01
2.382179307937622070e+01
2.353953838348388672e+01
2.407429361343383789e+01
2.372791981697082520e+01
2.318764090538024902e+01
2.302504014968872070e+01
2.338939166069030762e+01
2.362228703498840332e+01
2.359146189689636230e+01
2.336232590675354004e+01
2.370148301124572754e+01
2.337705373764038086e+01
2.351567721366882324e+01
2.296618342399597168e+01
2.340051984786987305e+01
2.341458129882812500e+01
2.331992220878601074e+01
2.283630132675170898e+01
2.388209557533264160e+01
2.251783537864685059e+01
2.368399047851562500e+01
2.285845756530761719e+01
2.380801010131835938e+01
2.366368341445922852e+01
2.371567678451538086e+01
2.315270900726318359e+01
2.355933141708374023e+01
2.323872852325439453e+01
2.353768444061279297e+01
2.350261497497558594e+01
2.343992972373962402e+01
2.389803814888000488e+01
2.327525210380554199e+01
2.351212072372436523e+01
2.333068871498107910e+01
2.343857479095458984e+01
2.293826460838317871e+01
2.381790280342102051e+01
2.384809684753417969e+01
2.357111787796020508e+01
2.323243641853332520e+01
2.350141048431396484e+01
2.305574321746826172e+01
2.342854261398315430e+01
2.335943651199340820e+01
2.365489315986633301e+01
2.718891954421997070e+01
2.364103436470031738e+01
2.293640804290771484e+01
2.340984559059143066e+01
2.280662894248962402e+01
2.368029141426086426e+01
2.320200014114379883e+01
