1.235152316093444824e+01
1.230421137809753418e+01
1.241250848770141602e+01
1.252727127075195312e+01
1.209638285636901855e+01
1.190178179740905762e+01
1.202925276756286621e+01
1.201990771293640137e+01
1.252352714538574219e+01
1.207389569282531738e+01
1.252378320693969727e+01
1.253255558013916016e+01
1.234158253669738770e+01
1.208943819999694824e+01
1.210122513771057129e+01
1.226353812217712402e+01
1.245935630798339844e+01
1.224430656433105469e+01
1.154070496559143066e+01
1.197733974456787109e+01
1.230111289024353027e+01
1.198834824562072754e+01
1.243840193748474121e+01
1.255205607414245605e+01
1.202685880661010742e+01
1.201198124885559082e+01
1.213804507255554199e+01
1.287385177612304688e+01
1.212608122825622559e+01
1.226161193847656250e+01
1.166090512275695801e+01
1.161319613456726074e+01
1.226630830764770508e+01
1.218636393547058105e+01
1.212581419944763184e+01
1.220589017868041992e+01
1.228796744346618652e+01
1.214192295074462891e+01
1.220253014564514160e+01
1.243448209762573242e+01
1.240087270736694336e+01
1.209997391700744629e+01
1.208734345436096191e+01
1.229588294029235840e+01
1.224202585220336914e+01
1.224000597000122070e+01
1.234669375419616699e+01
1.250233197212219238e+01
1.197102451324462891e+01
1.216772723197937012e+01
1.218266010284423828e+01
1.264516592025756836e+01
1.220823979377746582e+01
1.270938181877136230e+01
1.268557405471801758e+01
1.199605369567871094e+01
1.190234470367431641e+01
1.205571365356445312e+01
1.216411805152893066e+01
1.229384279251098633e+01
1.216892385482788086e+01
1.219921851158142090e+01
1.258094024658203125e+01
1.200467276573181152e+01
1.257282900810241699e+01
1.260336256027221680e+01
1.220009636878967285e+01
1.236560153961181641e+01
1.209963965415954590e+01
1.267430520057678223e+01
1.232053518295288086e+01
1.261345291137695312e+01
1.202370142936706543e+01
1.234686756134033203e+01
1.219131803512573242e+01
1.213941907882690430e+01
1.178099060058593750e+01
1.243578577041625977e+01
1.220371317863464355e+01
1.245491957664489746e+01
1.182023811340332031e+01
1.240612030029296875e+01
1.180993175506591797e+01
1.212350869178771973e+01
1.226065587997436523e+01
1.228223037719726562e+01
1.240566396713256836e+01
1.225939345359802246e+01
1.225281095504760742e+01
1.228592634201049805e+01
1.205987572669982910e+01
1.211454629898071289e+01
1.195711541175842285e+01
1.222647714614868164e+01
1.226015973091125488e+01
1.203687214851379395e+01
1.258762335777282715e+01
1.217588376998901367e+01
1.260992240905761719e+01
1.261828708648681641e+01
1.232422828674316406e+01
1.225206232070922852e+01
1.222965240478515625e+01
1.215325951576232910e+01
1.216445732116699219e+01
1.193467950820922852e+01
1.204269886016845703e+01
1.223928284645080566e+01
1.209257531166076660e+01
1.220762372016906738e+01
1.202673339843750000e+01
1.208179235458374023e+01
1.223357582092285156e+01
1.208451938629150391e+01
1.217882728576660156e+01
1.227402162551879883e+01
1.229574584960937500e+01
1.206231307983398438e+01
1.181879186630249023e+01
1.271759843826293945e+01
1.227645874023437500e+01
1.215834665298461914e+01
1.191484904289245605e+01
1.204715585708618164e+01
1.192223334312438965e+01
1.222146105766296387e+01
1.209942936897277832e+01
1.225752520561218262e+01
1.239358162879943848e+01
1.204819393157958984e+01
1.276928138732910156e+01
1.226550316810607910e+01
1.207377982139587402e+01
1.225441479682922363e+01
1.205904650688171387e+01
1.255062246322631836e+01
1.249939656257629395e+01
1.186024284362792969e+01
1.223846292495727539e+01
1.285988402366638184e+01
1.203600168228149414e+01
1.231047940254211426e+01
1.259273457527160645e+01
1.212610077857971191e+01
1.250279235839843750e+01
1.185354018211364746e+01
1.206835269927978516e+01
1.208626627922058105e+01
1.223344349861145020e+01
1.225823712348937988e+01
1.198271656036376953e+01
1.197174239158630371e+01
1.207851409912109375e+01
1.160772180557250977e+01
1.284489917755126953e+01
1.238731932640075684e+01
1.214345002174377441e+01
1.232486939430236816e+01
1.206267976760864258e+01
1.228969740867614746e+01
1.258042502403259277e+01
1.265526866912841797e+01
1.224868130683898926e+01
1.227006721496582031e+01
1.250919461250305176e+01
1.264118862152099609e+01
1.236108207702636719e+01
1.178054022789001465e+01
1.187950158119201660e+01
1.212983202934265137e+01
1.198839879035949707e+01
1.243970346450805664e+01
1.231266188621520996e+01
1.256569123268127441e+01
1.183750391006469727e+01
1.176039624214172363e+01
1.209441208839416504e+01
1.214144158363342285e+01
1.243621754646301270e+01
1.196376800537109375e+01
1.225164198875427246e+01
1.228711199760437012e+01
1.228319501876831055e+01
1.251484656333923340e+01
1.207446193695068359e+01
1.219300508499145508e+01
1.207665705680847168e+01
1.189907550811767578e+01
1.204357528686523438e+01
1.214684534072875977e+01
1.216460609436035156e+01
1.212185955047607422e+01
1.211669707298278809e+01
1.170946311950683594e+01
1.236133718490600586e+01
1.246783494949340820e+01
1.217236137390136719e+01
1.157066059112548828e+01
1.216528296470642090e+01
1.255016112327575684e+01
