1.315158176422119141e+01
1.249107885360717773e+01
1.251748919486999512e+01
1.245558094978332520e+01
1.240455508232116699e+01
1.247404646873474121e+01
1.262215542793273926e+01
1.263275742530822754e+01
1.245017480850219727e+01
1.260465168952941895e+01
1.258436584472656250e+01
1.267963123321533203e+01
1.258172297477722168e+01
1.267527627944946289e+01
1.266678738594055176e+01
1.264086651802062988e+01
1.262549734115600586e+01
1.269572138786315918e+01
1.233855175971984863e+01
1.257206988334655762e+01
1.273660540580749512e+01
1.267349004745483398e+01
1.253237223625183105e+01
1.234160447120666504e+01
1.263916730880737305e+01
1.258005762100219727e+01
1.264263010025024414e+01
1.264679789543151855e+01
1.248773217201232910e+01
1.268304419517517090e+01
1.241541457176208496e+01
1.261249828338623047e+01
1.272834396362304688e+01
1.263023805618286133e+01
1.227231264114379883e+01
1.258700180053710938e+01
1.255305075645446777e+01
1.258479404449462891e+01
1.257960987091064453e+01
1.256721210479736328e+01
1.255108332633972168e+01
1.271201300621032715e+01
1.259289956092834473e+01
1.262746334075927734e+01
1.263395428657531738e+01
1.267984628677368164e+01
1.265781402587890625e+01
1.265301942825317383e+01
1.255527234077453613e+01
1.265231943130493164e+01
1.267947459220886230e+01
1.274032640457153320e+01
1.259808278083801270e+01
1.263831591606140137e+01
1.264120054244995117e+01
1.252311301231384277e+01
1.269899368286132812e+01
1.260786008834838867e+01
1.259438657760620117e+01
1.266074514389038086e+01
1.279136252403259277e+01
1.269476270675659180e+01
1.260433936119079590e+01
1.257770991325378418e+01
1.255884122848510742e+01
1.276725983619689941e+01
1.274131536483764648e+01
1.270679616928100586e+01
1.261415529251098633e+01
1.275039553642272949e+01
1.245154523849487305e+01
1.265591716766357422e+01
1.268048548698425293e+01
1.272135186195373535e+01
1.266328263282775879e+01
1.268946599960327148e+01
1.250491595268249512e+01
1.270564746856689453e+01
1.264932227134704590e+01
1.246834683418273926e+01
1.259538912773132324e+01
1.266697645187377930e+01
1.266663479804992676e+01
1.264834284782409668e+01
1.264157176017761230e+01
1.238816404342651367e+01
1.258221697807312012e+01
1.265559339523315430e+01
1.261655259132385254e+01
1.269611454010009766e+01
1.263280463218688965e+01
1.270869326591491699e+01
1.253249144554138184e+01
1.265970683097839355e+01
1.278374361991882324e+01
1.269021797180175781e+01
1.268538022041320801e+01
1.266968035697937012e+01
1.261081314086914062e+01
1.247601747512817383e+01
1.274022889137268066e+01
1.273084449768066406e+01
1.272204256057739258e+01
1.275327754020690918e+01
1.256381821632385254e+01
1.254244136810302734e+01
1.256704926490783691e+01
1.270451068878173828e+01
1.266307425498962402e+01
1.280053997039794922e+01
1.263478398323059082e+01
1.263965582847595215e+01
1.269164705276489258e+01
1.267073202133178711e+01
1.271645903587341309e+01
1.274264430999755859e+01
1.266391324996948242e+01
1.273545050621032715e+01
1.237795448303222656e+01
1.256626653671264648e+01
1.255401659011840820e+01
1.266985845565795898e+01
1.275472664833068848e+01
1.264652061462402344e+01
1.254986238479614258e+01
1.273255753517150879e+01
1.270004916191101074e+01
1.270347356796264648e+01
1.269433307647705078e+01
1.241487812995910645e+01
1.247573161125183105e+01
1.270859718322753906e+01
1.238283872604370117e+01
1.262279105186462402e+01
1.249794220924377441e+01
1.245901942253112793e+01
1.259232521057128906e+01
1.243265008926391602e+01
1.260300254821777344e+01
1.259067869186401367e+01
1.256116104125976562e+01
1.263477110862731934e+01
1.259140253067016602e+01
1.255440950393676758e+01
1.256044387817382812e+01
1.262966704368591309e+01
1.255559301376342773e+01
1.262039828300476074e+01
1.263992929458618164e+01
1.261519265174865723e+01
1.243792319297790527e+01
1.253696370124816895e+01
1.259366321563720703e+01
1.255995392799377441e+01
1.266108727455139160e+01
1.260213017463684082e+01
1.251547813415527344e+01
1.270880627632141113e+01
1.253138041496276855e+01
1.260246491432189941e+01
1.258253979682922363e+01
1.261407470703125000e+01
1.261880874633789062e+01
1.258405017852783203e+01
1.249896860122680664e+01
1.259821248054504395e+01
1.230785250663757324e+01
1.256037831306457520e+01
1.240940165519714355e+01
1.252413630485534668e+01
1.266978049278259277e+01
1.271000266075134277e+01
1.253655409812927246e+01
1.250667381286621094e+01
1.259538054466247559e+01
1.261738514900207520e+01
1.255308079719543457e+01
1.270593523979187012e+01
1.270913767814636230e+01
1.249222731590270996e+01
1.257107257843017578e+01
1.256995034217834473e+01
1.265477395057678223e+01
1.252594399452209473e+01
1.264451694488525391e+01
1.262716031074523926e+01
1.262025380134582520e+01
1.267810726165771484e+01
1.263104867935180664e+01
1.255110073089599609e+01
1.262354278564453125e+01
1.265564966201782227e+01
1.270514845848083496e+01
1.265680265426635742e+01
1.268522715568542480e+01
1.249328136444091797e+01
1.258572316169738770e+01
1.258054566383361816e+01
1.267699003219604492e+01
1.272299289703369141e+01
