1.025999927520751953e+01
9.859999656677246094e+00
1.025000000000000000e+01
1.034000015258789062e+01
9.859999656677246094e+00
9.969999313354492188e+00
1.130999946594238281e+01
9.659999847412109375e+00
1.067999935150146484e+01
1.003999996185302734e+01
1.003999996185302734e+01
1.043999958038330078e+01
9.869999885559082031e+00
1.014999961853027344e+01
1.001999950408935547e+01
1.089999961853027344e+01
1.011999988555908203e+01
1.067000007629394531e+01
1.013999938964843750e+01
1.000999927520751953e+01
9.510000228881835938e+00
1.184000015258789062e+01
1.017000007629394531e+01
1.001999950408935547e+01
1.005999946594238281e+01
9.639999389648437500e+00
1.000000000000000000e+01
1.009999942779541016e+01
1.060999965667724609e+01
1.093999958038330078e+01
1.226999950408935547e+01
1.000999927520751953e+01
1.069999980926513672e+01
1.018999958038330078e+01
1.017999935150146484e+01
1.059999942779541016e+01
1.085999965667724609e+01
9.989999771118164062e+00
1.005000019073486328e+01
1.097999954223632812e+01
1.136999988555908203e+01
9.969999313354492188e+00
1.398999977111816406e+01
1.014999961853027344e+01
1.164999961853027344e+01
1.688999938964843750e+01
1.257999992370605469e+01
1.305999946594238281e+01
1.430999946594238281e+01
1.552999973297119141e+01
1.976000022888183594e+01
1.588999938964843750e+01
1.859000015258789062e+01
1.585999965667724609e+01
1.690999984741210938e+01
1.834000015258789062e+01
1.828999900817871094e+01
2.228999900817871094e+01
1.643000030517578125e+01
1.710999870300292969e+01
1.750000000000000000e+01
1.344999980926513672e+01
1.564999961853027344e+01
1.652999877929687500e+01
1.845999908447265625e+01
1.746999931335449219e+01
2.043999862670898438e+01
1.863999938964843750e+01
1.962999916076660156e+01
2.120999908447265625e+01
1.875000000000000000e+01
2.018999862670898438e+01
1.656999969482421875e+01
1.990999984741210938e+01
1.669999885559082031e+01
1.811999893188476562e+01
1.968999862670898438e+01
1.747999954223632812e+01
1.737999916076660156e+01
1.601000022888183594e+01
2.010999870300292969e+01
1.668000030517578125e+01
1.640999984741210938e+01
2.160999870300292969e+01
1.828999900817871094e+01
1.960000038146972656e+01
1.652999877929687500e+01
1.810000038146972656e+01
2.143999862670898438e+01
2.039999961853027344e+01
1.879999923706054688e+01
1.996999931335449219e+01
2.010000038146972656e+01
2.145999908447265625e+01
2.323999977111816406e+01
1.855999946594238281e+01
2.295999908447265625e+01
2.390999984741210938e+01
2.223999977111816406e+01
2.347999954223632812e+01
2.547999954223632812e+01
2.523999977111816406e+01
2.655999946594238281e+01
2.678999900817871094e+01
2.709000015258789062e+01
2.709000015258789062e+01
2.702999877929687500e+01
2.761999893188476562e+01
2.710999870300292969e+01
2.757999992370605469e+01
2.851000022888183594e+01
2.760999870300292969e+01
2.797999954223632812e+01
2.776999855041503906e+01
2.726999855041503906e+01
2.881999969482421875e+01
2.830999946594238281e+01
2.845999908447265625e+01
2.884999847412109375e+01
2.873999977111816406e+01
2.927999877929687500e+01
2.945999908447265625e+01
2.913999938964843750e+01
2.960999870300292969e+01
2.880999946594238281e+01
2.789999961853027344e+01
3.046999931335449219e+01
2.954999923706054688e+01
3.057999992370605469e+01
3.044999885559082031e+01
3.037999916076660156e+01
3.065999984741210938e+01
3.080999946594238281e+01
3.018999862670898438e+01
2.951999855041503906e+01
2.998999977111816406e+01
3.064999961853027344e+01
3.021999931335449219e+01
2.986999893188476562e+01
3.117000007629394531e+01
3.109000015258789062e+01
2.913999938964843750e+01
3.173999977111816406e+01
3.145999908447265625e+01
3.101999855041503906e+01
3.117000007629394531e+01
3.109000015258789062e+01
3.126999855041503906e+01
3.111999893188476562e+01
3.014999961853027344e+01
3.157999992370605469e+01
3.157999992370605469e+01
3.182999992370605469e+01
3.183999824523925781e+01
3.200999832153320312e+01
3.198999977111816406e+01
3.176999855041503906e+01
3.190999984741210938e+01
3.167999839782714844e+01
3.229999923706054688e+01
3.218000030517578125e+01
3.213999938964843750e+01
3.213000106811523438e+01
3.220999908447265625e+01
3.227999877929687500e+01
3.211999893188476562e+01
3.215999984741210938e+01
3.215999984741210938e+01
3.236999893188476562e+01
3.230999755859375000e+01
3.211000061035156250e+01
3.246999740600585938e+01
3.227999877929687500e+01
3.214999771118164062e+01
3.252000045776367188e+01
3.236000061035156250e+01
3.257999801635742188e+01
3.222999954223632812e+01
3.246999740600585938e+01
3.194999885559082031e+01
3.211000061035156250e+01
3.230999755859375000e+01
3.261000061035156250e+01
3.236000061035156250e+01
3.259999847412109375e+01
3.263999938964843750e+01
3.259000015258789062e+01
3.279999923706054688e+01
3.256999969482421875e+01
3.288999938964843750e+01
3.264999771118164062e+01
3.263999938964843750e+01
3.268999862670898438e+01
3.282999801635742188e+01
3.293999862670898438e+01
3.290999984741210938e+01
3.281999969482421875e+01
3.261000061035156250e+01
3.272999954223632812e+01
3.239999771118164062e+01
