2.128188610076904297e-01
2.448019981384277344e-01
2.376573085784912109e-01
2.243721485137939453e-01
2.468893527984619141e-01
2.204067707061767578e-01
2.194359302520751953e-01
2.467815876007080078e-01
2.173299789428710938e-01
1.884565353393554688e-01
2.459976673126220703e-01
2.744939327239990234e-01
2.727253437042236328e-01
2.641549110412597656e-01
2.686181068420410156e-01
2.577407360076904297e-01
2.355208396911621094e-01
2.481658458709716797e-01
2.029893398284912109e-01
2.439203262329101562e-01
2.889194488525390625e-01
2.503857612609863281e-01
2.323434352874755859e-01
2.094044685363769531e-01
2.437343597412109375e-01
2.047729492187500000e-01
2.445580959320068359e-01
2.980813980102539062e-01
2.235846519470214844e-01
2.645442485809326172e-01
2.234721183776855469e-01
1.814732551574707031e-01
2.533998489379882812e-01
2.317869663238525391e-01
2.007219791412353516e-01
2.339508533477783203e-01
2.836277484893798828e-01
2.270932197570800781e-01
2.008366584777832031e-01
2.660064697265625000e-01
2.206897735595703125e-01
2.370014190673828125e-01
2.317242622375488281e-01
2.683553695678710938e-01
2.336468696594238281e-01
2.554998397827148438e-01
2.575268745422363281e-01
2.249581813812255859e-01
2.203104496002197266e-01
2.496492862701416016e-01
2.154343128204345703e-01
2.419490814208984375e-01
2.398633956909179688e-01
2.691471576690673828e-01
2.559878826141357422e-01
2.133989334106445312e-01
1.995093822479248047e-01
2.160115242004394531e-01
2.416369915008544922e-01
2.340962886810302734e-01
2.567377090454101562e-01
2.708749771118164062e-01
2.226567268371582031e-01
2.037687301635742188e-01
2.406830787658691406e-01
2.511720657348632812e-01
2.448992729187011719e-01
2.097923755645751953e-01
2.415440082550048828e-01
2.472009658813476562e-01
2.414972782135009766e-01
2.534205913543701172e-01
2.520420551300048828e-01
2.408957481384277344e-01
2.845146656036376953e-01
2.245244979858398438e-01
2.297637462615966797e-01
2.403244972229003906e-01
2.564365863800048828e-01
2.073543071746826172e-01
2.532329559326171875e-01
2.337348461151123047e-01
2.129309177398681641e-01
2.304608821868896484e-01
2.454390525817871094e-01
2.150681018829345703e-01
2.193870544433593750e-01
2.276010513305664062e-01
2.406291961669921875e-01
2.515525817871093750e-01
2.139837741851806641e-01
2.126824855804443359e-01
2.290933132171630859e-01
2.458713054656982422e-01
2.415940761566162109e-01
1.960973739624023438e-01
2.583405971527099609e-01
2.639560699462890625e-01
2.493216991424560547e-01
2.630388736724853516e-01
2.349655628204345703e-01
2.482686042785644531e-01
2.623503208160400391e-01
2.590456008911132812e-01
2.473506927490234375e-01
2.218124866485595703e-01
2.356131076812744141e-01
2.481982707977294922e-01
2.339782714843750000e-01
2.922422885894775391e-01
2.484278678894042969e-01
2.483706474304199219e-01
2.432563304901123047e-01
2.479808330535888672e-01
2.524242401123046875e-01
2.709734439849853516e-01
2.212016582489013672e-01
2.247898578643798828e-01
1.892251968383789062e-01
2.648296356201171875e-01
2.487063407897949219e-01
2.252881526947021484e-01
2.296202182769775391e-01
2.867774963378906250e-01
1.877231597900390625e-01
2.517070770263671875e-01
2.249867916107177734e-01
2.633805274963378906e-01
2.282156944274902344e-01
2.069301605224609375e-01
2.878077030181884766e-01
2.531874179840087891e-01
1.932644844055175781e-01
2.151515483856201172e-01
2.443962097167968750e-01
2.447543144226074219e-01
2.448048591613769531e-01
2.310626506805419922e-01
2.291526794433593750e-01
2.928364276885986328e-01
2.252209186553955078e-01
2.266812324523925781e-01
2.184855937957763672e-01
2.297182083129882812e-01
2.270534038543701172e-01
1.574604511260986328e-01
2.210502624511718750e-01
2.462227344512939453e-01
2.474286556243896484e-01
2.885334491729736328e-01
2.373785972595214844e-01
2.093846797943115234e-01
1.917822360992431641e-01
1.947128772735595703e-01
2.950510978698730469e-01
2.343547344207763672e-01
2.000181674957275391e-01
2.562499046325683594e-01
2.233111858367919922e-01
2.566921710968017578e-01
2.436761856079101562e-01
2.454137802124023438e-01
2.402920722961425781e-01
2.475357055664062500e-01
2.516427040100097656e-01
2.568173408508300781e-01
2.161214351654052734e-01
2.236363887786865234e-01
2.398493289947509766e-01
2.506911754608154297e-01
2.340338230133056641e-01
2.816011905670166016e-01
2.106702327728271484e-01
2.409653663635253906e-01
2.148468494415283203e-01
2.268810272216796875e-01
2.570831775665283203e-01
2.481572628021240234e-01
3.017408847808837891e-01
2.008273601531982422e-01
2.577619552612304688e-01
2.469124794006347656e-01
2.570135593414306641e-01
2.328848838806152344e-01
2.347812652587890625e-01
2.564499378204345703e-01
2.306275367736816406e-01
2.370839118957519531e-01
2.269141674041748047e-01
2.287578582763671875e-01
2.255854606628417969e-01
2.561724185943603516e-01
2.751605510711669922e-01
5.596504211425781250e-01
2.638809680938720703e-01
2.285480499267578125e-01
2.601275444030761719e-01
1.947081089019775391e-01
2.669861316680908203e-01
2.497541904449462891e-01
