2.572918568878173939e+00
2.563154811325073279e+00
2.575964526824951140e+00
2.592505455703735251e+00
2.586942062530517727e+00
2.567295999298095488e+00
2.592179328308105379e+00
2.573607649154662891e+00
2.563055547027587977e+00
2.539864996414184617e+00
2.533559935073852465e+00
2.550361182098388468e+00
2.569156124725341606e+00
2.662219991912841977e+00
2.605497036056518390e+00
2.604134074249267794e+00
2.525805126342773654e+00
2.546658856430053852e+00
2.544224191284179870e+00
2.536198929977417027e+00
2.510354535446166935e+00
2.483989454956054832e+00
2.442080411682129082e+00
2.504180065078735140e+00
2.490314588241577365e+00
2.496544838562011925e+00
2.500993635101318446e+00
2.469577507858276455e+00
2.492394614410400333e+00
2.491833694458007731e+00
2.454205768585205227e+00
2.463659375457763812e+00
2.445571962814331091e+00
2.448861574249267647e+00
2.451357045898437281e+00
2.471993426818847706e+00
2.427940565872192202e+00
2.433080697479248045e+00
2.454499477157592757e+00
2.421470438766479383e+00
2.429615991363525573e+00
2.430850238647460859e+00
2.426845342864990318e+00
2.443780388717651242e+00
2.408040973815917862e+00
2.393461359939575317e+00
2.383308965301513815e+00
2.389552234573364409e+00
2.385048323059081987e+00
2.404861594848632933e+00
2.381964447555541931e+00
2.376673164367675728e+00
2.368478045120239184e+00
2.365992188110351613e+00
2.388247798385620069e+00
2.360141455764770413e+00
2.364434556732177839e+00
2.372451682586669719e+00
2.356123901367187301e+00
2.365012015838622972e+00
2.349707330932617300e+00
2.349206228713989209e+00
2.329839064941406246e+00
2.287454567337036337e+00
2.249288999557494950e+00
2.236963827209472733e+00
2.254152404022216949e+00
2.233759323043823297e+00
2.251327548675537304e+00
2.221493634033202991e+00
2.240271000366210963e+00
2.229324641571044818e+00
2.269764006042480631e+00
2.228561801910400320e+00
2.241102554473876740e+00
2.203305325775146706e+00
2.204186675186157185e+00
2.189670165405273483e+00
2.178222229614257710e+00
2.131314261245727426e+00
2.173264106903076254e+00
2.177341309661865232e+00
2.167506641769409104e+00
2.208025785446166900e+00
2.186145768585205040e+00
2.178614044952392526e+00
2.141574043579101527e+00
2.184291697463989212e+00
2.144661151428222556e+00
2.154983995819091724e+00
2.156010884475707989e+00
2.177159899673462018e+00
2.152650533142089984e+00
2.130817022476196421e+00
2.182329325790405061e+00
2.128353069229126149e+00
2.180542729949951131e+00
2.173037218551635785e+00
2.163590447540283179e+00
2.146977585067749050e+00
1.982809267921447738e+00
1.961968136444091737e+00
1.954784347076415907e+00
1.948413628921508822e+00
1.947119221954345614e+00
1.940054984512329161e+00
1.932104004287719778e+00
1.937076042366027817e+00
1.928414961814880479e+00
1.927968606262207008e+00
1.925464486351013083e+00
1.921603916320800742e+00
1.922693312950134237e+00
1.919339614486694323e+00
1.901923738098144634e+00
1.909430470848083594e+00
1.904912757835388160e+00
1.909223730278015063e+00
1.905416839790344152e+00
1.906224875602722246e+00
1.901120854759216217e+00
1.895690560760498133e+00
1.898692145919799845e+00
1.896998300247192404e+00
1.887479888000488382e+00
1.890624829292297360e+00
1.881858459701537978e+00
1.870669147682189948e+00
1.873713094253540046e+00
1.879838096809387293e+00
1.886323503417968839e+00
1.885740270004272467e+00
1.887775544319152843e+00
1.883339718894958548e+00
1.890947447395324721e+00
1.877969560432434015e+00
1.875607674636840860e+00
1.865819166717529232e+00
1.889088788757324222e+00
1.880447901420593260e+00
1.875048301048278798e+00
1.878506821632385249e+00
1.888802860145568863e+00
1.876787734527587848e+00
1.865136269836425775e+00
1.878830161972045998e+00
1.874618763771057184e+00
1.867893485946655163e+00
1.864359499130249009e+00
1.861336871452331510e+00
1.868657066459655791e+00
1.867181412696838461e+00
1.849635555953979438e+00
1.863690419883728078e+00
1.851836780052185105e+00
1.855203683090209887e+00
1.859065858039856023e+00
1.853894058837890713e+00
1.859972555084228540e+00
1.864631053466796917e+00
1.859504453964233361e+00
1.855408077011108325e+00
1.851621723899841365e+00
1.854411300277710062e+00
1.867401436882019095e+00
1.851598742828369115e+00
1.850295408096313432e+00
1.863006062927246020e+00
1.861718857421875040e+00
1.859067470779419029e+00
1.852122565612792870e+00
1.852326403503417929e+00
1.862051173934936577e+00
1.862658456687927178e+00
1.859526259880065924e+00
1.852413453216552819e+00
1.853120152931213349e+00
1.850902664909362727e+00
1.846806326980590773e+00
1.852621302871704012e+00
1.854460805816650293e+00
1.852847060699462922e+00
1.852955455932617124e+00
1.849456137733459515e+00
1.854821842918396024e+00
1.851570565338134688e+00
1.861662970581054788e+00
1.851565037727356033e+00
1.854347271804809516e+00
1.849621538085937544e+00
1.851840712509155384e+00
1.858046708717346229e+00
1.850684623184204014e+00
1.847601263732910226e+00
1.853338634910583593e+00
1.849245010910034237e+00
1.853421187896728606e+00
1.856718280944824162e+00
1.851453385162353582e+00
1.848242837753296008e+00
