1.304864168167114258e+01
1.242766189575195312e+01
1.252006769180297852e+01
1.250559091567993164e+01
1.248782825469970703e+01
1.253842067718505859e+01
1.253889226913452148e+01
1.258581972122192383e+01
1.257098078727722168e+01
1.258489131927490234e+01
1.262351202964782715e+01
1.258512687683105469e+01
1.258276605606079102e+01
1.246384835243225098e+01
1.259113049507141113e+01
1.258150935173034668e+01
1.256320595741271973e+01
1.257840371131896973e+01
1.256676673889160156e+01
1.257443976402282715e+01
1.255576658248901367e+01
1.259804153442382812e+01
1.252667999267578125e+01
1.265314555168151855e+01
1.260168886184692383e+01
1.258490490913391113e+01
1.257598972320556641e+01
1.256409931182861328e+01
1.254773831367492676e+01
1.254397630691528320e+01
1.255654335021972656e+01
1.255702424049377441e+01
1.261623454093933105e+01
1.254381704330444336e+01
1.255074596405029297e+01
1.259858417510986328e+01
1.260369205474853516e+01
1.254724788665771484e+01
1.253298068046569824e+01
1.257364273071289062e+01
1.258288502693176270e+01
1.254741978645324707e+01
1.252500009536743164e+01
1.279154586791992188e+01
1.262689542770385742e+01
1.256609320640563965e+01
1.252729701995849609e+01
1.256517434120178223e+01
1.263067889213562012e+01
1.253932452201843262e+01
1.253027200698852539e+01
1.259284687042236328e+01
1.256055927276611328e+01
1.260282611846923828e+01
1.255402612686157227e+01
1.255973935127258301e+01
1.251629590988159180e+01
1.263028240203857422e+01
1.261546015739440918e+01
1.258382415771484375e+01
1.255284667015075684e+01
1.257780146598815918e+01
1.252637028694152832e+01
1.256583189964294434e+01
1.271080827713012695e+01
1.261898875236511230e+01
1.262511515617370605e+01
1.257109546661376953e+01
1.262117958068847656e+01
1.257290458679199219e+01
1.252459025382995605e+01
1.261535382270812988e+01
1.255929946899414062e+01
1.252926230430603027e+01
1.260037612915039062e+01
1.260333418846130371e+01
1.257193493843078613e+01
1.258941555023193359e+01
1.256950688362121582e+01
1.257331705093383789e+01
1.256166458129882812e+01
1.257313323020935059e+01
1.251043176651000977e+01
1.265630817413330078e+01
1.271760487556457520e+01
1.259690260887145996e+01
1.260074043273925781e+01
1.256215786933898926e+01
1.263147497177124023e+01
1.257217788696289062e+01
1.254222202301025391e+01
1.254801797866821289e+01
1.258067607879638672e+01
1.257715439796447754e+01
1.256390094757080078e+01
1.254637122154235840e+01
1.253220486640930176e+01
1.255983090400695801e+01
1.259960889816284180e+01
1.254279637336730957e+01
1.251478409767150879e+01
1.258622455596923828e+01
1.253173637390136719e+01
1.256505131721496582e+01
1.254646873474121094e+01
1.258426141738891602e+01
1.257091212272644043e+01
1.256946587562561035e+01
1.256658840179443359e+01
1.261757993698120117e+01
1.260011816024780273e+01
1.260933470726013184e+01
1.255067443847656250e+01
1.257627987861633301e+01
1.260503840446472168e+01
1.253790402412414551e+01
1.260776257514953613e+01
1.257528114318847656e+01
1.252566146850585938e+01
1.253829288482666016e+01
1.259100675582885742e+01
1.261450147628784180e+01
1.263414502143859863e+01
1.260135722160339355e+01
1.262718892097473145e+01
1.258004045486450195e+01
1.254726672172546387e+01
1.254964566230773926e+01
1.261557555198669434e+01
1.259294676780700684e+01
1.255146408081054688e+01
1.259075760841369629e+01
1.259731388092041016e+01
1.256066632270812988e+01
1.253640151023864746e+01
1.251611185073852539e+01
1.256585144996643066e+01
1.251760697364807129e+01
1.249966239929199219e+01
1.273802542686462402e+01
1.262301850318908691e+01
1.253983259201049805e+01
1.261546301841735840e+01
1.252428150177001953e+01
1.254975318908691406e+01
1.256784629821777344e+01
1.254368758201599121e+01
1.254552149772644043e+01
1.256477212905883789e+01
1.255974340438842773e+01
1.258723115921020508e+01
1.253032207489013672e+01
1.257573652267456055e+01
1.253174257278442383e+01
1.269198179244995117e+01
1.258215904235839844e+01
1.260234785079956055e+01
1.254889678955078125e+01
1.254444479942321777e+01
1.265815305709838867e+01
1.253589510917663574e+01
1.257666015625000000e+01
1.254864215850830078e+01
1.255357599258422852e+01
1.259246778488159180e+01
1.255091428756713867e+01
1.252502155303955078e+01
1.258221888542175293e+01
1.254574441909790039e+01
1.262983918190002441e+01
1.267034220695495605e+01
1.254602551460266113e+01
1.253380656242370605e+01
1.262710928916931152e+01
1.254566121101379395e+01
1.260922360420227051e+01
1.256717967987060547e+01
1.258225655555725098e+01
1.258628940582275391e+01
1.256793212890625000e+01
1.258138704299926758e+01
1.263528919219970703e+01
1.254847979545593262e+01
1.249381160736083984e+01
1.252632117271423340e+01
1.252073812484741211e+01
1.264980316162109375e+01
1.257760238647460938e+01
1.254276609420776367e+01
1.255741667747497559e+01
1.256491017341613770e+01
1.261775016784667969e+01
1.257933115959167480e+01
1.252836680412292480e+01
1.256975722312927246e+01
1.254899001121520996e+01
1.259656476974487305e+01
1.252140593528747559e+01
1.257910466194152832e+01
1.265778970718383789e+01
