2.205145478248596191e+01
2.152688503265380859e+01
2.195000267028808594e+01
2.243775701522827148e+01
2.202819132804870605e+01
2.199584126472473145e+01
2.200732660293579102e+01
2.200290656089782715e+01
2.219551897048950195e+01
2.234271550178527832e+01
2.239456224441528320e+01
2.196107053756713867e+01
2.189269423484802246e+01
2.235621786117553711e+01
2.256839203834533691e+01
2.240702295303344727e+01
2.210011649131774902e+01
2.207449483871459961e+01
2.199298381805419922e+01
2.233585000038146973e+01
2.225138759613037109e+01
2.205221748352050781e+01
2.220731472969055176e+01
2.220914411544799805e+01
2.235982561111450195e+01
2.198207926750183105e+01
2.222509193420410156e+01
2.231560182571411133e+01
2.228739857673645020e+01
2.203291296958923340e+01
2.284233283996582031e+01
2.197783041000366211e+01
2.228919792175292969e+01
2.235733723640441895e+01
2.210079669952392578e+01
2.259650850296020508e+01
2.232351875305175781e+01
2.190261530876159668e+01
2.203289437294006348e+01
2.197949337959289551e+01
2.197944331169128418e+01
2.205980491638183594e+01
2.214148855209350586e+01
2.238584637641906738e+01
2.206270265579223633e+01
2.207209563255310059e+01
2.191245412826538086e+01
2.238559269905090332e+01
2.254846286773681641e+01
2.215219807624816895e+01
2.224096655845642090e+01
2.221957182884216309e+01
2.197265911102294922e+01
2.243926668167114258e+01
2.212941908836364746e+01
2.209532475471496582e+01
2.214546465873718262e+01
2.204832911491394043e+01
2.239100694656372070e+01
2.222952604293823242e+01
2.212319087982177734e+01
2.211039662361145020e+01
2.194477963447570801e+01
2.223062157630920410e+01
2.241389155387878418e+01
2.253967976570129395e+01
2.214656805992126465e+01
2.217555737495422363e+01
2.229775595664978027e+01
2.195139026641845703e+01
2.192856478691101074e+01
2.229713869094848633e+01
2.222292256355285645e+01
2.191722416877746582e+01
2.199659967422485352e+01
2.237649750709533691e+01
2.213565826416015625e+01
2.273885321617126465e+01
2.205589413642883301e+01
2.225093078613281250e+01
2.240870189666748047e+01
2.241915154457092285e+01
2.209393620491027832e+01
2.230532741546630859e+01
2.228296566009521484e+01
2.200097346305847168e+01
2.191376924514770508e+01
2.226904249191284180e+01
2.250421452522277832e+01
2.209499955177307129e+01
2.224080634117126465e+01
2.225672507286071777e+01
2.197300839424133301e+01
2.213210368156433105e+01
2.206585526466369629e+01
2.201013278961181641e+01
2.216369342803955078e+01
2.205611538887023926e+01
2.204804444313049316e+01
2.238557052612304688e+01
2.207708144187927246e+01
2.209144926071166992e+01
2.212357258796691895e+01
2.203374052047729492e+01
2.209021663665771484e+01
2.255410122871398926e+01
2.234435820579528809e+01
2.226110577583312988e+01
2.238627600669860840e+01
2.210921597480773926e+01
2.209117913246154785e+01
2.185482740402221680e+01
2.189088654518127441e+01
2.210580229759216309e+01
2.244599294662475586e+01
2.226031541824340820e+01
2.223492002487182617e+01
2.214466142654418945e+01
2.191535329818725586e+01
2.220330452919006348e+01
2.275921368598937988e+01
2.207416582107543945e+01
2.256225371360778809e+01
2.217294883728027344e+01
2.226700115203857422e+01
2.194232559204101562e+01
2.251901292800903320e+01
2.251519560813903809e+01
2.216233396530151367e+01
2.234152269363403320e+01
2.202112603187561035e+01
2.253342556953430176e+01
2.217756414413452148e+01
2.220162749290466309e+01
2.202704501152038574e+01
2.197631144523620605e+01
2.243853092193603516e+01
2.204603099822998047e+01
2.195906138420104980e+01
2.248922348022460938e+01
2.196582961082458496e+01
2.210277271270751953e+01
2.217261099815368652e+01
2.199833989143371582e+01
2.234514784812927246e+01
2.187772202491760254e+01
2.196578860282897949e+01
2.197441005706787109e+01
2.201262617111206055e+01
2.194785094261169434e+01
2.236122965812683105e+01
2.213275814056396484e+01
2.187221837043762207e+01
2.185348081588745117e+01
2.225485992431640625e+01
2.211311006546020508e+01
2.213923430442810059e+01
2.220588207244873047e+01
2.193668484687805176e+01
2.230368065834045410e+01
2.191038417816162109e+01
2.194287419319152832e+01
2.214913749694824219e+01
2.212547874450683594e+01
2.261982131004333496e+01
2.209365034103393555e+01
2.207816457748413086e+01
2.224149155616760254e+01
2.222785091400146484e+01
2.239709281921386719e+01
2.231930136680603027e+01
2.213844180107116699e+01
2.227240109443664551e+01
2.224097275733947754e+01
2.231852769851684570e+01
2.217825531959533691e+01
2.245981574058532715e+01
2.197758674621582031e+01
2.261751747131347656e+01
2.192237329483032227e+01
2.207209324836730957e+01
2.220174956321716309e+01
2.216807818412780762e+01
2.220490646362304688e+01
2.190481901168823242e+01
2.226194691658020020e+01
2.224638009071350098e+01
2.193623948097229004e+01
2.210170578956604004e+01
2.212878704071044922e+01
2.204770231246948242e+01
2.196361303329467773e+01
2.227858829498291016e+01
2.203008580207824707e+01
2.201978564262390137e+01
2.204778337478637695e+01
2.243374824523925781e+01
2.202784943580627441e+01
2.228284931182861328e+01
2.228333353996276855e+01
