1.007999999572753858e+01
9.743999999999999773e+00
9.535999999694825036e+00
1.003199999969482370e+01
9.615999999542236054e+00
9.855999999542236267e+00
9.887999999542236296e+00
9.983999999389649105e+00
9.920000002441407005e+00
9.791999999389648934e+00
1.019199999572753867e+01
1.015999999954223654e+01
9.919999999694823600e+00
1.025599999938964757e+01
1.011199999938964922e+01
9.888000002441406977e+00
1.083199999908447353e+01
1.039999999969482403e+01
1.073599999938964800e+01
1.043200000244140568e+01
1.033599999984741125e+01
1.027200000244140554e+01
1.068799999984741156e+01
1.012799999816894569e+01
1.049599999969482411e+01
1.054399999938964783e+01
1.075200000244140597e+01
1.009599999954223648e+01
9.695999999694823401e+00
1.081599999938964807e+01
9.583999999084472421e+00
1.057599999908447330e+01
9.311999999542235784e+00
1.060799999954223694e+01
1.009600000244140539e+01
1.054400000244140578e+01
9.871999999542236282e+00
1.044799999908447319e+01
1.028799999572753876e+01
1.038399999877929680e+01
1.035199999984741126e+01
9.103999999389648323e+00
1.054399999954223688e+01
1.012799999954223651e+01
9.887999998779296362e+00
1.001599999969482369e+01
1.009599999954223648e+01
1.057600000244140581e+01
9.743999999694823444e+00
1.115199999572753953e+01
1.028799999954223665e+01
1.080000000000000071e+01
9.823999999542236239e+00
1.044799999908447319e+01
1.102399999938964825e+01
1.004800000244140712e+01
1.110399999908447199e+01
1.052799999938964781e+01
1.099200000244140618e+01
1.105599999954223556e+01
1.155200000244140668e+01
1.175999999572753829e+01
1.291200000244140611e+01
1.432000000244140558e+01
1.577599999877929626e+01
1.651199999908447325e+01
1.649599999572754072e+01
1.665600000488281296e+01
1.684799999572753748e+01
1.708800000244140449e+01
1.864000000244140764e+01
1.747199999877929599e+01
1.718400000183105547e+01
1.801599999572754029e+01
1.953599999877929605e+01
1.852799999938964959e+01
1.996800000183105439e+01
1.916800000244140634e+01
1.899199999145507789e+01
1.974399999908447256e+01
1.945600000244140659e+01
1.971199999908447253e+01
1.940800000244140477e+01
2.046399999908447143e+01
2.059199999908447154e+01
2.094399999877929730e+01
1.998399999908447100e+01
2.153600000488281196e+01
2.081599999511718835e+01
1.995200000244140526e+01
2.071999999511718826e+01
2.089599999572753930e+01
2.091200000183105345e+01
2.195200000122070350e+01
2.111999999572753950e+01
2.176000000122070333e+01
2.060799999816894612e+01
2.024000000183105641e+01
2.092800000488281142e+01
2.087999999877929724e+01
2.672000000183105328e+01
2.790399999511718576e+01
2.782399999816894365e+01
2.790400000122070168e+01
2.881600000488281310e+01
2.929600000183105379e+01
2.883199999511718659e+01
2.948800000732421722e+01
2.964800000732421736e+01
2.953599999755859429e+01
2.956800000488281199e+01
3.011199999755859480e+01
3.028799999908447305e+01
2.998399999511718761e+01
3.049599999908447145e+01
2.991999999511718755e+01
3.081599999389648303e+01
3.027200000183105644e+01
3.094399999511718846e+01
3.135999998779296760e+01
3.080000000732421839e+01
3.081600000488281310e+01
3.063999999755859349e+01
3.131199999145507817e+01
3.129599999755859230e+01
3.164800000183105411e+01
3.119999999145507985e+01
3.116800000488281341e+01
3.126399999755859227e+01
3.137599998779296939e+01
3.188799999755859460e+01
3.160000000488281202e+01
3.172799999511718738e+01
3.212800000122070543e+01
3.113599999755859216e+01
3.227199999816894405e+01
3.187200000122070165e+01
3.116799999145507982e+01
3.163200000183105587e+01
3.115200000122070279e+01
3.180800000122070159e+01
3.235199999145508087e+01
3.288000000366211140e+01
3.222399999145508076e+01
3.236800000732421978e+01
3.209599999511718948e+01
3.169599998779296968e+01
3.249599999145507923e+01
3.211200000488281603e+01
3.201599999511718408e+01
3.211200000122070009e+01
3.239999999755859506e+01
3.271999999816894444e+01
3.244799999145507741e+01
3.283200000732421842e+01
3.238400000732421802e+01
3.252799998779296686e+01
3.260800000488281114e+01
3.329599998779296754e+01
3.284799999511718482e+01
3.255999999511718812e+01
3.268799998779297056e+01
3.244800000488281455e+01
3.273599999877929889e+01
3.286400000732422200e+01
3.307199999145507974e+01
3.243200000732421984e+01
3.275199999816894803e+01
3.265600000122070412e+01
3.299199998779296550e+01
3.270400000122070594e+01
3.300799998779297084e+01
3.257599999755859699e+01
3.246399998779296681e+01
3.353600000488281552e+01
3.297600000122070441e+01
3.247999999877929866e+01
3.230400000732421972e+01
3.324800000732421523e+01
3.278400000183105334e+01
3.331200000122070293e+01
3.254399999755859341e+01
3.243199999755859153e+01
3.265600000122070412e+01
3.308799999511718681e+01
3.262400000732422001e+01
3.292800000122070259e+01
3.339200000000000301e+01
3.278399999755859540e+01
3.239999998779296675e+01
3.292799999816894285e+01
3.271999999755859534e+01
3.273600000366210594e+01
3.368000000183105413e+01
3.351999999145508013e+01
3.281600000732422018e+01
3.273599999511719005e+01
3.241599999755859329e+01
3.303999999816894473e+01
3.334399999389648173e+01
