2.205007767677307129e+01
2.163952851295471191e+01
2.193443298339843750e+01
2.250613999366760254e+01
2.201270246505737305e+01
2.242985343933105469e+01
2.217272686958312988e+01
2.207851004600524902e+01
2.193027305603027344e+01
2.217952752113342285e+01
2.245431876182556152e+01
2.225128006935119629e+01
2.223951601982116699e+01
2.236076641082763672e+01
2.220568132400512695e+01
2.235431170463562012e+01
2.203146910667419434e+01
2.236504745483398438e+01
2.213136792182922363e+01
2.206821107864379883e+01
2.215942955017089844e+01
2.255537533760070801e+01
2.204762005805969238e+01
2.194044375419616699e+01
2.196835064888000488e+01
2.209750032424926758e+01
2.229669189453125000e+01
2.210591626167297363e+01
2.212999939918518066e+01
2.211723780632019043e+01
2.233525085449218750e+01
2.196163845062255859e+01
2.210155987739562988e+01
2.211635637283325195e+01
2.209342837333679199e+01
2.240960979461669922e+01
2.235402250289916992e+01
2.204117846488952637e+01
2.226185560226440430e+01
2.218706655502319336e+01
2.185008835792541504e+01
2.234598588943481445e+01
2.191723203659057617e+01
2.206368684768676758e+01
2.204574894905090332e+01
2.196450877189636230e+01
2.205189990997314453e+01
2.203296399116516113e+01
2.211495041847229004e+01
2.209045505523681641e+01
2.223442530632019043e+01
2.205719614028930664e+01
2.199904370307922363e+01
2.211807203292846680e+01
2.236223649978637695e+01
2.187757849693298340e+01
2.238533425331115723e+01
2.207554054260253906e+01
2.236370801925659180e+01
2.200636625289916992e+01
2.188331770896911621e+01
2.227699017524719238e+01
2.202143406867980957e+01
2.195719981193542480e+01
2.221402215957641602e+01
2.204880475997924805e+01
2.248518323898315430e+01
2.221675920486450195e+01
2.196557140350341797e+01
2.191806936264038086e+01
2.247423481941223145e+01
2.217796063423156738e+01
2.242112827301025391e+01
2.194426035881042480e+01
2.230876350402832031e+01
2.223700332641601562e+01
2.195108413696289062e+01
2.213961124420166016e+01
2.191187882423400879e+01
2.205841398239135742e+01
2.258119964599609375e+01
2.254042744636535645e+01
2.202031111717224121e+01
2.221870923042297363e+01
2.185599303245544434e+01
2.250378274917602539e+01
2.190131068229675293e+01
2.228627967834472656e+01
2.231381511688232422e+01
2.248454904556274414e+01
2.224531197547912598e+01
2.241427469253540039e+01
2.199592041969299316e+01
2.219806504249572754e+01
2.212600326538085938e+01
2.232224965095520020e+01
2.256142163276672363e+01
2.197293472290039062e+01
2.226242017745971680e+01
2.202935147285461426e+01
2.195127272605895996e+01
2.197044181823730469e+01
2.205952668190002441e+01
2.255862617492675781e+01
2.207177972793579102e+01
2.254417300224304199e+01
2.228642797470092773e+01
2.197012066841125488e+01
2.211241745948791504e+01
2.194017338752746582e+01
2.222102236747741699e+01
2.226665616035461426e+01
2.247265219688415527e+01
2.207864928245544434e+01
2.192559170722961426e+01
2.219707608222961426e+01
2.206734180450439453e+01
2.219315862655639648e+01
2.194799256324768066e+01
2.237363362312316895e+01
2.194851779937744141e+01
2.199601674079895020e+01
2.287997555732727051e+01
2.215556025505065918e+01
2.229607105255126953e+01
2.221033835411071777e+01
2.270427584648132324e+01
2.215934562683105469e+01
2.235571861267089844e+01
2.232809877395629883e+01
2.253220796585083008e+01
2.228154134750366211e+01
2.225574994087219238e+01
2.224569749832153320e+01
2.217770457267761230e+01
2.210156393051147461e+01
2.208236980438232422e+01
2.196510148048400879e+01
2.249470925331115723e+01
2.214798736572265625e+01
2.220435023307800293e+01
2.200573444366455078e+01
2.224259400367736816e+01
2.238903117179870605e+01
2.206999945640563965e+01
2.214659237861633301e+01
2.204122591018676758e+01
2.245007753372192383e+01
2.193416762351989746e+01
2.204431247711181641e+01
2.212123394012451172e+01
2.203002810478210449e+01
2.205399966239929199e+01
2.202936601638793945e+01
2.207794022560119629e+01
2.186763668060302734e+01
2.214558744430541992e+01
2.233700251579284668e+01
2.209172987937927246e+01
2.200258898735046387e+01
2.195333790779113770e+01
2.208555650711059570e+01
2.239741849899291992e+01
2.205135035514831543e+01
2.206088447570800781e+01
2.209561562538146973e+01
2.249213242530822754e+01
2.205788516998291016e+01
2.195853996276855469e+01
2.198215293884277344e+01
2.222437000274658203e+01
2.193150663375854492e+01
2.218766760826110840e+01
2.191086483001708984e+01
2.199857783317565918e+01
2.185835528373718262e+01
2.239054369926452637e+01
2.212477397918701172e+01
2.196611261367797852e+01
2.205548596382141113e+01
2.207273530960083008e+01
2.199155592918395996e+01
2.243805813789367676e+01
2.203426170349121094e+01
2.199541544914245605e+01
2.258920836448669434e+01
2.211996841430664062e+01
2.225842809677124023e+01
2.203250455856323242e+01
2.216755628585815430e+01
2.234039974212646484e+01
2.194074940681457520e+01
2.192140173912048340e+01
2.220624709129333496e+01
2.205800962448120117e+01
2.269617056846618652e+01
2.247701740264892578e+01
2.189784312248229980e+01
2.223365139961242676e+01
2.208300232887268066e+01
