1.000000000000000000e+01
9.960000038146972656e+00
9.170000076293945312e+00
9.779999732971191406e+00
1.035999965667724609e+01
9.989999771118164062e+00
9.979999542236328125e+00
9.800000190734863281e+00
1.018999958038330078e+01
9.849999427795410156e+00
1.000000000000000000e+01
9.869999885559082031e+00
1.009999942779541016e+01
1.043999958038330078e+01
1.011999988555908203e+01
1.050999927520751953e+01
1.000000000000000000e+01
9.789999961853027344e+00
9.989999771118164062e+00
1.047999954223632812e+01
1.021000003814697266e+01
1.009000015258789062e+01
1.018999958038330078e+01
9.969999313354492188e+00
1.023999977111816406e+01
1.071999931335449219e+01
1.002999973297119141e+01
1.105000019073486328e+01
1.000000000000000000e+01
1.000000000000000000e+01
1.132999992370605469e+01
9.909999847412109375e+00
9.819999694824218750e+00
1.000000000000000000e+01
1.011999988555908203e+01
1.271000003814697266e+01
1.002999973297119141e+01
1.000000000000000000e+01
1.005000019073486328e+01
1.001999950408935547e+01
8.969999313354492188e+00
1.000000000000000000e+01
1.007999992370605469e+01
9.969999313354492188e+00
1.036999988555908203e+01
1.181999969482421875e+01
9.329999923706054688e+00
1.000000000000000000e+01
1.010999965667724609e+01
1.025999927520751953e+01
9.969999313354492188e+00
9.989999771118164062e+00
1.085999965667724609e+01
1.000000000000000000e+01
1.000000000000000000e+01
1.000000000000000000e+01
1.034000015258789062e+01
1.260999965667724609e+01
1.160999965667724609e+01
1.269999980926513672e+01
1.305999946594238281e+01
1.000000000000000000e+01
1.154999923706054688e+01
1.648999977111816406e+01
1.293999958038330078e+01
1.352999973297119141e+01
2.012999916076660156e+01
1.797999954223632812e+01
1.563999938964843750e+01
1.994999885559082031e+01
1.821999931335449219e+01
1.676000022888183594e+01
1.879999923706054688e+01
2.206999969482421875e+01
2.092000007629394531e+01
2.076999855041503906e+01
1.892000007629394531e+01
2.088999938964843750e+01
2.022999954223632812e+01
2.067000007629394531e+01
1.727999877929687500e+01
2.277999877929687500e+01
1.802000045776367188e+01
2.167000007629394531e+01
2.126999855041503906e+01
1.768999862670898438e+01
2.432999992370605469e+01
2.276000022888183594e+01
2.310999870300292969e+01
2.332999992370605469e+01
2.169999885559082031e+01
2.085000038146972656e+01
2.595999908447265625e+01
2.351999855041503906e+01
2.417000007629394531e+01
2.078999900817871094e+01
2.093000030517578125e+01
2.576999855041503906e+01
2.285999870300292969e+01
2.025000000000000000e+01
2.717999839782714844e+01
2.732999992370605469e+01
2.855999946594238281e+01
2.890999984741210938e+01
3.009999847412109375e+01
2.988999938964843750e+01
3.014999961853027344e+01
3.071999931335449219e+01
3.047999954223632812e+01
3.107999992370605469e+01
3.131999969482421875e+01
2.977999877929687500e+01
3.132999992370605469e+01
3.112999916076660156e+01
3.196999931335449219e+01
3.129999923706054688e+01
3.076999855041503906e+01
3.064999961853027344e+01
3.135999870300292969e+01
3.175999832153320312e+01
3.213000106811523438e+01
3.240999984741210938e+01
3.300999832153320312e+01
3.214999771118164062e+01
3.261999893188476562e+01
3.207999801635742188e+01
3.307999801635742188e+01
3.336999893188476562e+01
3.247999954223632812e+01
3.300000000000000000e+01
3.329000091552734375e+01
3.218000030517578125e+01
3.354000091552734375e+01
3.272999954223632812e+01
3.325999832153320312e+01
3.362999725341796875e+01
3.339999771118164062e+01
3.302000045776367188e+01
3.264999771118164062e+01
3.329999923706054688e+01
3.484999847412109375e+01
3.330999755859375000e+01
3.430999755859375000e+01
3.363999938964843750e+01
3.318000030517578125e+01
3.343000030517578125e+01
3.429999923706054688e+01
3.277000045776367188e+01
3.184999847412109375e+01
3.236999893188476562e+01
3.362999725341796875e+01
3.370999908447265625e+01
3.363999938964843750e+01
3.379000091552734375e+01
3.373999786376953125e+01
3.370000076293945312e+01
3.346999740600585938e+01
3.368000030517578125e+01
3.397999954223632812e+01
3.396999740600585938e+01
3.384000015258789062e+01
3.381999969482421875e+01
3.411000061035156250e+01
3.370999908447265625e+01
3.396999740600585938e+01
3.396999740600585938e+01
3.404999923706054688e+01
3.437999725341796875e+01
3.431999969482421875e+01
3.425999832153320312e+01
3.382999801635742188e+01
3.423999786376953125e+01
3.384999847412109375e+01
3.406999969482421875e+01
3.429999923706054688e+01
3.384000015258789062e+01
3.409000015258789062e+01
3.409000015258789062e+01
3.411999893188476562e+01
3.412999725341796875e+01
3.381999969482421875e+01
3.415999984741210938e+01
3.425000000000000000e+01
3.411999893188476562e+01
3.415999984741210938e+01
3.406999969482421875e+01
3.416999816894531250e+01
3.432999801635742188e+01
3.386999893188476562e+01
3.412999725341796875e+01
3.390999984741210938e+01
3.384999847412109375e+01
3.389999771118164062e+01
3.414999771118164062e+01
3.418000030517578125e+01
3.405999755859375000e+01
3.395000076293945312e+01
3.397999954223632812e+01
3.395999908447265625e+01
3.420000076293945312e+01
