1.336428952217102051e+01
1.268529105186462402e+01
1.282591056823730469e+01
1.289007878303527832e+01
1.281200933456420898e+01
1.289308643341064453e+01
1.291977596282958984e+01
1.288154315948486328e+01
1.286437463760375977e+01
1.286340093612670898e+01
1.292630052566528320e+01
1.300188517570495605e+01
1.306372857093811035e+01
1.294965529441833496e+01
1.298120999336242676e+01
1.303091144561767578e+01
1.293116998672485352e+01
1.290517377853393555e+01
1.292841005325317383e+01
1.293901968002319336e+01
1.296904754638671875e+01
1.294521760940551758e+01
1.290535426139831543e+01
1.287098670005798340e+01
1.297237086296081543e+01
1.296910285949707031e+01
1.300844359397888184e+01
1.299142670631408691e+01
1.288984346389770508e+01
1.306927752494812012e+01
1.304885506629943848e+01
1.300117397308349609e+01
1.302156424522399902e+01
1.308392047882080078e+01
1.293207669258117676e+01
1.301124906539916992e+01
1.290291500091552734e+01
1.294726443290710449e+01
1.301407527923583984e+01
1.315698170661926270e+01
1.299023008346557617e+01
1.289542078971862793e+01
1.297712349891662598e+01
1.295458149909973145e+01
1.290388965606689453e+01
1.295695114135742188e+01
1.300367426872253418e+01
1.294034218788146973e+01
1.297886896133422852e+01
1.293841958045959473e+01
1.293354773521423340e+01
1.300695347785949707e+01
1.298595261573791504e+01
1.292650127410888672e+01
1.292225956916809082e+01
1.292170882225036621e+01
1.297010064125061035e+01
1.299316811561584473e+01
1.298638606071472168e+01
1.297746872901916504e+01
1.297799444198608398e+01
1.302443075180053711e+01
1.288540387153625488e+01
1.301637768745422363e+01
1.295991969108581543e+01
1.294972252845764160e+01
1.295775175094604492e+01
1.307820582389831543e+01
1.289514660835266113e+01
1.291622090339660645e+01
1.310399818420410156e+01
1.302902984619140625e+01
1.296272110939025879e+01
1.301063632965087891e+01
1.301077604293823242e+01
1.297196459770202637e+01
1.292071413993835449e+01
1.297542142868041992e+01
1.300497603416442871e+01
1.296397304534912109e+01
1.301202583312988281e+01
1.291129660606384277e+01
1.296685957908630371e+01
1.292114520072937012e+01
1.289975523948669434e+01
1.302638268470764160e+01
1.292653512954711914e+01
1.298670744895935059e+01
1.303948783874511719e+01
1.309376573562622070e+01
1.292160081863403320e+01
1.296794223785400391e+01
1.296933054924011230e+01
1.299160909652709961e+01
1.296134662628173828e+01
1.302636528015136719e+01
1.301804399490356445e+01
1.297343802452087402e+01
1.301282143592834473e+01
1.299917459487915039e+01
1.301442599296569824e+01
1.298039865493774414e+01
1.292560744285583496e+01
1.294341659545898438e+01
1.294258141517639160e+01
1.294466185569763184e+01
1.298567485809326172e+01
1.295578646659851074e+01
1.289624428749084473e+01
1.295427918434143066e+01
1.290855097770690918e+01
1.292963624000549316e+01
1.294078040122985840e+01
1.298572111129760742e+01
1.300233697891235352e+01
1.300038790702819824e+01
1.292242217063903809e+01
1.297219896316528320e+01
1.300678205490112305e+01
1.292410802841186523e+01
1.291567397117614746e+01
1.302651882171630859e+01
1.294634342193603516e+01
1.291518092155456543e+01
1.294693231582641602e+01
1.289514040946960449e+01
1.290228247642517090e+01
1.299838304519653320e+01
1.296411561965942383e+01
1.290956854820251465e+01
1.290377426147460938e+01
1.300506353378295898e+01
1.305830526351928711e+01
1.295031929016113281e+01
1.295491051673889160e+01
1.297868800163269043e+01
1.296090960502624512e+01
1.291085910797119141e+01
1.297330665588378906e+01
1.305515336990356445e+01
1.298569226264953613e+01
1.302206444740295410e+01
1.294213652610778809e+01
1.295567703247070312e+01
1.306602096557617188e+01
1.303799223899841309e+01
1.290902495384216309e+01
1.295088505744934082e+01
1.292215824127197266e+01
1.294539237022399902e+01
1.299584126472473145e+01
1.289869785308837891e+01
1.296622037887573242e+01
1.298884630203247070e+01
1.290680360794067383e+01
1.296830511093139648e+01
1.297135257720947266e+01
1.291713929176330566e+01
1.290906620025634766e+01
1.297981810569763184e+01
1.302649378776550293e+01
1.296372485160827637e+01
1.303749227523803711e+01
1.299554991722106934e+01
1.299311518669128418e+01
1.296609878540039062e+01
1.291899633407592773e+01
1.292468619346618652e+01
1.300763368606567383e+01
1.291081213951110840e+01
1.306139540672302246e+01
1.301739454269409180e+01
1.299565410614013672e+01
1.298844027519226074e+01
1.293182277679443359e+01
1.298206520080566406e+01
1.297470045089721680e+01
1.300264167785644531e+01
1.293235874176025391e+01
1.289035892486572266e+01
1.294408535957336426e+01
1.302450609207153320e+01
1.303939867019653320e+01
1.307037568092346191e+01
1.298740100860595703e+01
1.300676178932189941e+01
1.290825748443603516e+01
1.292967534065246582e+01
1.295939397811889648e+01
1.294709372520446777e+01
1.293969535827636719e+01
1.296333837509155273e+01
1.286541581153869629e+01
1.291414093971252441e+01
1.303518223762512207e+01
1.300791406631469727e+01
1.306346297264099121e+01
1.302395057678222656e+01
1.302515506744384766e+01
1.296477103233337402e+01
