1.041599999938964771e+01
9.808000002441406906e+00
9.968000002441407048e+00
9.999999999542236395e+00
1.033599999877929676e+01
9.871999999542236282e+00
1.044800000244140570e+01
1.001600000183105443e+01
1.015999999938964926e+01
1.043199999969482406e+01
1.060799999969482421e+01
9.855999998779296334e+00
9.759999999999999787e+00
1.062400000244140585e+01
9.615999999389648778e+00
1.003200000244140710e+01
9.952000002441407034e+00
1.030400000488281265e+01
1.086399999908447178e+01
1.035200000488281269e+01
1.022399999908447299e+01
9.471999999542235926e+00
9.536000001831054007e+00
1.067199999954223699e+01
1.051199999938964780e+01
1.020800000183105460e+01
1.065599999984741153e+01
1.022399999984741292e+01
1.003199999984741275e+01
1.046399999908447320e+01
1.081599999969482440e+01
1.009599999572753859e+01
9.967999999847412695e+00
1.031999999908447307e+01
1.035200000183105473e+01
1.011200000244140540e+01
1.030399999908447306e+01
1.025599999908447302e+01
9.791999999389648934e+00
1.088000000244140608e+01
1.027200000244140554e+01
1.086399999908447178e+01
9.647999999542236083e+00
1.020799999969482386e+01
1.027199999938964758e+01
1.065599999938964793e+01
1.059199999954223692e+01
9.695999995727538234e+00
1.054399999938964783e+01
1.019200000183105459e+01
1.003199999969482370e+01
1.014399999969482380e+01
1.071999999969482431e+01
9.743999999542236168e+00
1.055999999572753900e+01
1.030399999908447306e+01
1.028799999938964760e+01
9.487999995727539826e+00
1.084799999938964810e+01
1.046399999969482408e+01
1.099199999969482455e+01
1.105599999954223556e+01
1.004799999954223644e+01
1.089599999908447181e+01
1.046400000183105483e+01
1.087999999908447180e+01
1.068799999572753912e+01
1.057599999984741146e+01
9.679999999389648835e+00
1.086399999954223716e+01
1.086399999938964811e+01
1.003199999969482370e+01
1.023999999969482388e+01
9.455999999542235912e+00
1.071999999969482431e+01
1.054400000244140578e+01
9.903999999389649034e+00
1.003199999938964915e+01
1.019199999572753867e+01
1.035199999908447310e+01
9.855999999389648991e+00
1.091199999938964815e+01
9.775999999694823472e+00
9.999999999389649119e+00
1.094399999954223546e+01
9.967999999389649091e+00
1.100800000244140620e+01
9.935999999084472734e+00
1.089599999954223719e+01
1.126399999954223574e+01
1.035199999572753882e+01
1.076799999969482435e+01
1.070400000244140593e+01
1.043199999954223678e+01
1.012799999938964923e+01
1.009600000244140539e+01
9.951999999999999957e+00
9.711999999694823416e+00
9.920000002441407005e+00
9.999999995727538504e+00
1.118399999938964839e+01
1.239999999938964770e+01
1.199999999938964912e+01
1.334399999572753970e+01
1.257600000244140581e+01
1.324800000244140641e+01
1.368000000244140679e+01
1.380800000244140691e+01
1.457599999877929697e+01
1.483199999908447353e+01
1.512000000488281337e+01
1.527999999954223576e+01
1.569599999877929619e+01
1.563199999877929613e+01
1.625599999572753873e+01
1.625599999877929847e+01
1.676799999908447347e+01
1.723199999877929756e+01
1.694399999511718846e+01
1.782399999877929631e+01
1.772800000183105595e+01
1.819200000244140725e+01
1.752000000244140665e+01
1.761599999938964700e+01
1.772799999908447433e+01
1.831999999908447307e+01
1.947199999908447410e+01
1.851200000244140753e+01
1.875199999145507945e+01
1.976000000488281216e+01
1.972800000183105595e+01
1.902400000183105533e+01
1.905599999877929562e+01
2.014399999908447114e+01
1.918399999816894663e+01
1.982399999572754012e+01
1.987200000183105431e+01
2.065600000183105323e+01
2.009600000244140716e+01
2.080000000488281131e+01
2.094400000183105348e+01
2.121599999511718693e+01
2.158399999511718903e+01
2.100799999572753762e+01
2.183999999877929810e+01
2.148799999954223594e+01
2.190400000122070168e+01
2.249600000183105308e+01
2.161599999511718906e+01
2.270399999816894621e+01
2.273600000244140773e+01
2.351999999572753808e+01
2.296000000183105527e+01
2.303999999145507971e+01
2.289599999145507780e+01
2.348800000183105396e+01
2.291199999877929727e+01
2.300799999816894470e+01
2.406400000488281421e+01
2.316799999816894484e+01
2.297599999511718849e+01
2.300799999908447191e+01
2.295999999145507786e+01
2.332800000122070472e+01
2.406399999145507707e+01
2.419199999389648426e+01
2.361600000488281381e+01
2.315199999572753953e+01
2.267200000488281120e+01
2.363199999511718730e+01
2.323200000488281347e+01
2.334400000488281179e+01
2.339199999511718886e+01
2.387199999572753839e+01
2.374399999816894535e+01
2.439999999816894416e+01
2.382400000488281222e+01
2.367999999145507672e+01
2.350400000183105576e+01
2.374400000488281393e+01
2.355199999572753811e+01
2.419199999816894575e+01
2.380800000183105425e+01
2.396799999145507698e+01
2.476799999908447347e+01
2.350399999511718718e+01
2.432000000488281088e+01
2.379200000488281219e+01
2.416000000244140722e+01
2.423999999572754049e+01
2.411200000183105630e+01
2.374399999908447256e+01
2.427200000732421969e+01
2.416000000488281074e+01
2.457600000183105493e+01
2.463999999511718642e+01
2.447999999816894601e+01
2.484799999877929721e+01
2.428799999511718610e+01
2.348799999511718894e+01
