9.929999351501464844e+00
9.899999618530273438e+00
1.103999996185302734e+01
9.399999618530273438e+00
1.006999969482421875e+01
1.006999969482421875e+01
9.719999313354492188e+00
1.009000015258789062e+01
9.679999351501464844e+00
9.639999389648437500e+00
9.779999732971191406e+00
9.989999771118164062e+00
1.050999927520751953e+01
1.047999954223632812e+01
1.038000011444091797e+01
1.043999958038330078e+01
1.000000000000000000e+01
1.030999946594238281e+01
1.018999958038330078e+01
1.026999950408935547e+01
1.130999946594238281e+01
1.067999935150146484e+01
1.136999988555908203e+01
1.000000000000000000e+01
1.011999988555908203e+01
1.000999927520751953e+01
1.000000000000000000e+01
1.001999950408935547e+01
1.000000000000000000e+01
9.960000038146972656e+00
1.065999984741210938e+01
1.000999927520751953e+01
1.000000000000000000e+01
9.969999313354492188e+00
1.200999927520751953e+01
1.176999950408935547e+01
1.042999935150146484e+01
1.021999931335449219e+01
1.031999969482421875e+01
1.067000007629394531e+01
1.028999996185302734e+01
1.132999992370605469e+01
1.007999992370605469e+01
9.880000114440917969e+00
1.056999969482421875e+01
1.050000000000000000e+01
9.399999618530273438e+00
1.001999950408935547e+01
1.117999935150146484e+01
1.017000007629394531e+01
1.138000011444091797e+01
1.000000000000000000e+01
1.000000000000000000e+01
1.000000000000000000e+01
1.002999973297119141e+01
1.006999969482421875e+01
1.015999984741210938e+01
1.204999923706054688e+01
1.009999942779541016e+01
1.000000000000000000e+01
1.280999946594238281e+01
1.285999965667724609e+01
1.660999870300292969e+01
1.590999984741210938e+01
1.480999946594238281e+01
1.523999977111816406e+01
1.868999862670898438e+01
1.771999931335449219e+01
1.688999938964843750e+01
2.085000038146972656e+01
1.750000000000000000e+01
2.000000000000000000e+01
1.718000030517578125e+01
1.876000022888183594e+01
1.619000053405761719e+01
1.920999908447265625e+01
2.028999900817871094e+01
2.267000007629394531e+01
1.761999893188476562e+01
2.238999938964843750e+01
2.307999992370605469e+01
2.292000007629394531e+01
2.194999885559082031e+01
2.364999961853027344e+01
2.219999885559082031e+01
2.160999870300292969e+01
2.423999977111816406e+01
2.584000015258789062e+01
2.251999855041503906e+01
2.126000022888183594e+01
2.171999931335449219e+01
2.219999885559082031e+01
1.818999862670898438e+01
2.576999855041503906e+01
2.329999923706054688e+01
2.168999862670898438e+01
2.400000000000000000e+01
2.462999916076660156e+01
2.095999908447265625e+01
2.215999984741210938e+01
2.726999855041503906e+01
2.767000007629394531e+01
2.895999908447265625e+01
2.928999900817871094e+01
2.960999870300292969e+01
2.984000015258789062e+01
3.017999839782714844e+01
3.065999984741210938e+01
2.996999931335449219e+01
3.072999954223632812e+01
3.112999916076660156e+01
2.989999961853027344e+01
3.085999870300292969e+01
3.185999870300292969e+01
3.185999870300292969e+01
3.204999923706054688e+01
3.076999855041503906e+01
3.135999870300292969e+01
3.236000061035156250e+01
3.245000076293945312e+01
3.256999969482421875e+01
3.207999801635742188e+01
3.288999938964843750e+01
3.223999786376953125e+01
3.320999908447265625e+01
3.238000106811523438e+01
3.320000076293945312e+01
3.325999832153320312e+01
3.334999847412109375e+01
3.381999969482421875e+01
3.302999877929687500e+01
3.239999771118164062e+01
3.298999786376953125e+01
3.273999786376953125e+01
3.255999755859375000e+01
3.411999893188476562e+01
3.355999755859375000e+01
3.296999740600585938e+01
3.322999954223632812e+01
3.373999786376953125e+01
3.379999923706054688e+01
3.368000030517578125e+01
3.418000030517578125e+01
3.391999816894531250e+01
3.323999786376953125e+01
3.272999954223632812e+01
3.398999786376953125e+01
3.263999938964843750e+01
3.346999740600585938e+01
3.256999969482421875e+01
3.359000015258789062e+01
3.380999755859375000e+01
3.372999954223632812e+01
3.377999877929687500e+01
3.370999908447265625e+01
3.364999771118164062e+01
3.334999847412109375e+01
3.363999938964843750e+01
3.388999938964843750e+01
3.388999938964843750e+01
3.382999801635742188e+01
3.375999832153320312e+01
3.391999816894531250e+01
3.357999801635742188e+01
3.400999832153320312e+01
3.381999969482421875e+01
3.406999969482421875e+01
3.434999847412109375e+01
3.440999984741210938e+01
3.427999877929687500e+01
3.365999984741210938e+01
3.425999832153320312e+01
3.393000030517578125e+01
3.397999954223632812e+01
3.416999816894531250e+01
3.391999816894531250e+01
3.404999923706054688e+01
3.391999816894531250e+01
3.400000000000000000e+01
3.415999984741210938e+01
3.384000015258789062e+01
3.414999771118164062e+01
3.415999984741210938e+01
3.406999969482421875e+01
3.422999954223632812e+01
3.406999969482421875e+01
3.414999771118164062e+01
3.418999862670898438e+01
3.380999755859375000e+01
3.418000030517578125e+01
3.387999725341796875e+01
3.382999801635742188e+01
3.379999923706054688e+01
3.411000061035156250e+01
3.405999755859375000e+01
3.402000045776367188e+01
3.397999954223632812e+01
3.390999984741210938e+01
3.396999740600585938e+01
3.416999816894531250e+01
