1.073599999954223705e+01
1.142399999572753977e+01
9.712000002441406821e+00
9.823999998779296305e+00
1.020799999984741291e+01
1.011199999877929656e+01
1.017599999954223655e+01
1.030399999938964761e+01
9.663999999694823373e+00
1.006399999938964918e+01
1.064000000244140587e+01
1.035199999954223671e+01
1.097600000488281324e+01
1.003200000244140710e+01
1.032000000244140558e+01
1.067200000244140590e+01
9.663999999542236097e+00
1.084800000244140605e+01
1.052799999969482414e+01
1.089600000244140610e+01
9.919999999542236324e+00
1.028800000244140556e+01
9.839999999542236253e+00
9.855999999542236267e+00
9.951999999389649076e+00
9.648000002441406764e+00
1.062399999954223695e+01
1.007999999954223647e+01
1.055999999938964784e+01
1.041599999969482404e+01
1.038399999908447313e+01
1.031999999954223668e+01
9.903999999694823586e+00
9.711999999389648863e+00
1.051199999572753896e+01
1.028799999908447305e+01
1.094399999969482451e+01
1.006400000244140713e+01
1.057600000244140581e+01
1.040000000244140566e+01
1.011199999969482377e+01
1.040000000244140566e+01
9.663999999389648821e+00
9.967999999542236367e+00
1.001600000244140709e+01
1.052800000244140577e+01
1.094399999938964818e+01
1.070399999938964797e+01
1.094399999954223546e+01
1.057599999938964785e+01
1.025600000244140553e+01
1.070399999908447342e+01
1.035199999954223671e+01
1.107199999938964829e+01
1.092799999954223544e+01
1.136000000183105385e+01
1.103999999572753943e+01
1.080000000244140601e+01
1.195199999511718758e+01
1.169599999572753823e+01
1.140800000244140655e+01
1.175999999938964891e+01
1.368000000244140679e+01
1.347199999572753981e+01
1.646399999908447143e+01
1.625599999572753873e+01
1.671999999877929710e+01
1.721600000244140460e+01
1.735999999877929767e+01
1.803199999908447282e+01
1.838400000244140742e+01
1.846399999511718804e+01
1.844799999877929864e+01
1.804799999877929650e+01
1.940799999572753975e+01
1.851200000488281106e+01
1.918399999572753956e+01
1.998399999572754027e+01
1.939199999511718886e+01
1.945599999908447231e+01
1.935999999572753794e+01
2.044799999816894598e+01
2.020799999908447120e+01
2.068799999511718823e+01
1.956799999572753990e+01
1.955199999572753811e+01
2.099199999572753939e+01
2.140799999877929594e+01
2.136000000183105385e+01
2.139199999877929770e+01
2.147199999816894689e+01
2.049599999511718806e+01
2.039999999908447137e+01
2.153599999816894695e+01
2.105599999511718678e+01
2.104000000183105357e+01
2.105600000488281154e+01
2.193599999572753845e+01
2.110399999908447199e+01
2.143999999877929596e+01
2.678399999816894450e+01
2.686400000122070253e+01
2.662399999511718818e+01
2.777599999145507681e+01
2.766399999511718732e+01
2.870399999572753913e+01
2.878399999145507948e+01
2.929600000122070469e+01
2.913599999511718863e+01
2.923200000183105374e+01
2.995200000732421941e+01
2.889599999816894638e+01
2.953599999816894695e+01
2.918400000732421873e+01
2.947200000732421898e+01
3.001600000732421947e+01
2.969599999816894709e+01
2.953599999511718721e+01
3.014400000366211074e+01
2.969600000122070327e+01
2.942400000488281364e+01
3.046400000488281279e+01
2.984000000122070162e+01
3.025599999511718607e+01
2.956799999511718724e+01
3.064000000183105499e+01
3.065599999145507937e+01
3.078399999145507948e+01
3.051200000732421813e+01
3.072000000488281302e+01
3.091200000183105345e+01
3.139200000122070477e+01
3.078400000122070423e+01
3.123199998779296749e+01
3.044800000488281100e+01
3.070399999145507763e+01
3.057600000488281111e+01
3.102399999755859383e+01
3.134400000732421887e+01
3.072000000732422009e+01
3.115199999511718687e+01
3.148799999816894513e+01
3.103999999816894473e+01
3.083199999816894632e+01
3.212800000122070543e+01
3.105600000183105536e+01
3.105600000366210978e+01
3.227200000488281262e+01
3.184000000732421753e+01
3.137600000122070298e+01
3.184000000122070162e+01
3.207999999816894388e+01
3.144000000732421896e+01
3.217600000122070014e+01
3.225600000732421790e+01
3.191999999511718755e+01
3.196799999755859290e+01
3.175999999755859449e+01
3.222399999816894223e+01
3.147199999511718715e+01
3.204800000122070003e+01
3.263999999816894615e+01
3.135999999511718883e+01
3.099199999816894646e+01
3.168000000732421739e+01
3.206399998779296823e+01
3.163200000122070321e+01
3.203199999755859295e+01
3.233599999145507553e+01
3.182400000122070338e+01
3.169599999816894709e+01
3.214399999511718420e+01
3.238399998779296851e+01
3.214400000366210719e+01
3.214400000122070367e+01
3.201600000122070355e+01
3.188799998779296985e+01
3.222400000183105817e+01
3.222399999511718960e+01
3.249600000122070043e+01
3.198400000732421944e+01
3.140799999511718710e+01
3.254400000732422171e+01
3.174400000122070153e+01
3.155200000488281376e+01
3.239999999511718443e+01
3.190399998779296808e+01
3.204800000122070003e+01
3.296000000122070617e+01
3.196799999145507698e+01
3.214399998779296652e+01
3.247999999511718983e+01
3.296000000732421853e+01
3.222399999511718960e+01
3.254399999145508104e+01
3.219200000122070549e+01
3.255999999816894785e+01
3.284799999145507599e+01
3.214400000122070367e+01
3.305600000183105180e+01
