1.015999999969482381e+01
9.535999999389648707e+00
1.041600000244140567e+01
9.632000002441406750e+00
9.887999999542236296e+00
1.075199999954223706e+01
9.855999999389648991e+00
1.006399999954223645e+01
9.551999999694825050e+00
1.057599999954223691e+01
1.017599999938964928e+01
1.060799999969482421e+01
1.031999999572753879e+01
1.044799999908447319e+01
1.020799999908447298e+01
1.036799999969482400e+01
1.003199999572753853e+01
1.030400000244140557e+01
1.076799999572753919e+01
1.071999999938964798e+01
1.059199999938964787e+01
9.407999999084472265e+00
1.003199999938964915e+01
1.003199999938964915e+01
1.073599999954223705e+01
1.059199999908447332e+01
9.599999999542236040e+00
9.952000002441407034e+00
1.070399999969482430e+01
9.775999999694823472e+00
1.020799999908447298e+01
1.022400000244140550e+01
9.983999999694823657e+00
1.044800000000000040e+01
1.023999999908447300e+01
1.012800000244140541e+01
1.023999999938964756e+01
1.046399999877929687e+01
1.015999999908447293e+01
9.919999999389649048e+00
1.054399999954223688e+01
9.823999998779296305e+00
1.025599999938964757e+01
1.030399999938964761e+01
1.035199999908447310e+01
1.073599999908447344e+01
1.038399999938964768e+01
9.711999999389648863e+00
9.583999999542236026e+00
1.009599999572753859e+01
9.967999999542236367e+00
1.036799999954223672e+01
1.028799999954223665e+01
1.068799999877929707e+01
1.004799999984741277e+01
1.087999999908447180e+01
1.035199999954223671e+01
1.019199999938964929e+01
1.047999999938964777e+01
1.171200000244140682e+01
1.228799999938964760e+01
1.163199999999999967e+01
1.305600000244140624e+01
1.433599999877929676e+01
1.681599999908447174e+01
1.636799999877929679e+01
1.671999999572753737e+01
1.649599999572754072e+01
1.628799999877929849e+01
1.729599999511718877e+01
1.788799999877929636e+01
1.799999999877929824e+01
1.832000000488281088e+01
1.812799999908447290e+01
1.828799999877929849e+01
1.879999999877929540e+01
1.812799999572753862e+01
1.883199999572753924e+01
1.916799999511718866e+01
1.974400000244140685e+01
2.025599999572753873e+01
1.980800000183105425e+01
2.008000000183105627e+01
1.972799999938964888e+01
2.108799999511718681e+01
2.006399999877929829e+01
2.007999999877929653e+01
2.014399999877929659e+01
2.064000000488281117e+01
2.180799999572753833e+01
2.012799999572753862e+01
2.027200000183105644e+01
2.036800000183105297e+01
2.131200000488281177e+01
2.160000000488281202e+01
2.168000000122070148e+01
2.123199999877929756e+01
2.185599999877929633e+01
2.108799999908447376e+01
2.092799999572753933e+01
2.625600000488281083e+01
2.702399999511718676e+01
2.766399999145507849e+01
2.838399999511718619e+01
2.854400000122070225e+01
2.894399999816894464e+01
2.911999999908447379e+01
2.851200000732421813e+01
2.895999999816894643e+01
2.935999999511718883e+01
3.001599999816894382e+01
2.916799999572753777e+01
3.008000000122070361e+01
2.951999999145507658e+01
2.979199999877929628e+01
2.977600000732421748e+01
3.016000000183105456e+01
2.995200000366211057e+01
3.015999999755859307e+01
3.065600000183105323e+01
3.022400000488281080e+01
3.032000000488281088e+01
3.028800000732421793e+01
3.073600000488281125e+01
3.054400000122070225e+01
3.150400000122070310e+01
3.203199999755859295e+01
3.135999999816894501e+01
3.092800000732421850e+01
3.115199999816894660e+01
3.203200000122070179e+01
3.115199999145507803e+01
3.145600000122070483e+01
3.156799998779296956e+01
3.095999999816894643e+01
3.143999999816894686e+01
3.152000000732421725e+01
3.099199999816894646e+01
3.151999999511718897e+01
3.131199999816894675e+01
3.164800000122070145e+01
3.105599999145507795e+01
3.136000000122070475e+01
3.180800000122070159e+01
3.200000000122070531e+01
3.145600000366210836e+01
3.212800000122070543e+01
3.219199999755859665e+01
3.215999998779297187e+01
3.188800000366211052e+01
3.217600000488280898e+01
3.206400000976562836e+01
3.230399999755859142e+01
3.196800000732421765e+01
3.284799998779296715e+01
3.236799999023437380e+01
3.243199999511718801e+01
3.244799999755859687e+01
3.283199998779296891e+01
3.251200000366210929e+01
3.318400000183105192e+01
3.283199998779296891e+01
3.270399999511718647e+01
3.259199999389648639e+01
3.217600000488280898e+01
3.276800000366210952e+01
3.257600000366210935e+01
3.289599998779296897e+01
3.259199999511718460e+01
3.263999999755859704e+01
3.361599998779296783e+01
3.212799999511718596e+01
3.292800000122070259e+01
3.323199999511718516e+01
3.292799999511719022e+01
3.291199999145507604e+01
3.273599999999999710e+01
3.262399999572753728e+01
3.315200000122070634e+01
3.337600000183105209e+01
3.297600000122070441e+01
3.302399999145507792e+01
3.297600000732421677e+01
3.342399999755859596e+01
3.297599999145507610e+01
3.291199998779296720e+01
3.297600000122070441e+01
3.276799999145507769e+01
3.313599999145507979e+01
3.283200000183105516e+01
3.283199999755859722e+01
3.252800000122070401e+01
3.297600000122070441e+01
3.295999999511718670e+01
3.256000000732421995e+01
3.372799999755859091e+01
3.312000000183105186e+01
3.303999999511718499e+01
3.398399999145507877e+01
3.369599999145507496e+01
