2.566905239410400608e+00
2.617522330551147469e+00
2.710329597320556783e+00
2.732722138137817502e+00
2.827982924728393410e+00
2.943555126647949383e+00
2.827411266555786007e+00
3.071437319259643584e+00
3.136069249954223537e+00
3.214446997680663998e+00
3.271285586624145481e+00
3.207472749023437597e+00
3.148220293197631747e+00
3.022322875442504664e+00
3.281762668228149327e+00
2.958848899612426919e+00
3.068990097808837803e+00
3.052020304946899465e+00
3.210806003952026533e+00
2.954727824096679889e+00
2.808964623565673779e+00
3.156251606216430527e+00
3.136987255325317303e+00
3.062344691619872883e+00
2.988394767379760619e+00
2.934599045181274235e+00
2.967343630142211808e+00
2.960817738723755088e+00
2.802999702606201016e+00
2.735165439224243045e+00
2.718288542480468806e+00
2.810876970291137589e+00
2.755043970642089945e+00
2.732155528411865042e+00
2.772089872665405075e+00
2.794613593292236242e+00
2.739631362533569536e+00
2.691226852340698361e+00
2.822091284637451292e+00
2.702232715301513544e+00
2.759041420211791884e+00
2.668683692321777379e+00
2.644247810592651238e+00
2.737289649047851547e+00
2.642685520782470654e+00
2.611034899673462029e+00
2.628494143829345653e+00
2.802414123840331950e+00
2.732363655166626160e+00
2.654899158859252761e+00
2.672225990600586076e+00
2.728750143127441241e+00
2.678916078491210939e+00
2.687339340820312561e+00
2.636564081192016573e+00
2.589228252639770300e+00
2.643795413055419985e+00
2.766019242172241377e+00
2.759923947067260741e+00
2.679721621551513611e+00
2.673008987503051603e+00
2.574702990188598495e+00
2.559588047409057765e+00
2.548005399932861348e+00
2.546494060821533179e+00
2.519935620269775356e+00
2.544095254516601567e+00
2.567999436874389474e+00
2.538153654785156199e+00
2.516380552291870298e+00
2.498538044815063586e+00
2.572135741882324300e+00
2.601194070281982462e+00
2.591805952606201391e+00
2.552556271286010592e+00
2.534811467742919877e+00
2.515527573089599400e+00
2.527526977386474805e+00
2.541827179489135613e+00
2.520101846389770639e+00
2.512865571899414174e+00
2.514835539016723853e+00
2.559126665649414267e+00
2.599427185287475517e+00
2.516512589645385933e+00
2.592173778991699429e+00
2.563089408493041788e+00
2.607280674591064606e+00
2.573236044235229336e+00
2.549436182403564288e+00
2.596920545654296753e+00
2.554336962509155207e+00
2.537312364959716682e+00
2.483635699844360278e+00
2.517442482299804496e+00
2.534366623992919898e+00
2.506052671661377129e+00
2.479842910156250024e+00
2.489829503860473636e+00
2.497839321517944189e+00
2.307459535522460747e+00
2.291917304077148554e+00
2.290563344192504847e+00
2.291251579284668161e+00
2.284912733612060709e+00
2.280081113967895590e+00
2.276304057617187571e+00
2.274097667922973631e+00
2.268780030136108294e+00
2.263084866333007650e+00
2.257774550170898564e+00
2.253910284957885590e+00
2.249462643127441375e+00
2.243082688751220743e+00
2.233619528045654334e+00
2.230018417358398342e+00
2.224450360031128060e+00
2.216167119598388524e+00
2.214789802932739082e+00
2.212059110565185449e+00
2.204575466690063656e+00
2.198856647644042983e+00
2.200137212600707937e+00
2.195232527618408369e+00
2.192991521453857562e+00
2.186170719146728558e+00
2.181773042526244932e+00
2.184110778350830007e+00
2.181703902053833133e+00
2.173584839401244917e+00
2.174241609268188657e+00
2.169345710067748900e+00
2.173571398773193497e+00
2.167517719573974766e+00
2.165776849441528373e+00
2.161343772506713723e+00
2.158472082748413179e+00
2.155737706832885792e+00
2.151622314453125018e+00
2.145034319381713850e+00
2.140365054321288873e+00
2.140344533843994146e+00
2.130355771255493025e+00
2.130873716125488482e+00
2.128262268600463969e+00
2.127204073715209809e+00
2.126575975646972871e+00
2.117600666046142610e+00
2.117585850982666162e+00
2.114257731628418124e+00
2.112771776885986164e+00
2.104550236053466694e+00
2.104498069305420049e+00
2.105183950729370146e+00
2.102961030426025335e+00
2.102448988952636544e+00
2.104227697601318336e+00
2.106030986785888626e+00
2.101400459060668968e+00
2.100043379821777467e+00
2.102254020538329993e+00
2.098449156723022568e+00
2.096604319992065424e+00
2.099278612518310716e+00
2.094727366256714074e+00
2.094177191200256249e+00
2.095601166152953887e+00
2.094503481445312509e+00
2.095584461212158356e+00
2.097525958938598833e+00
2.093042583694458170e+00
2.090814338455200261e+00
2.094178495559692266e+00
2.089349963607788130e+00
2.091156099586486850e+00
2.089546669921875210e+00
2.089153449020385800e+00
2.086632956085205048e+00
2.087307982330322442e+00
2.087624127349853698e+00
2.089470951690673761e+00
2.084583428268432570e+00
2.087395589904785353e+00
2.083974222412109167e+00
2.082922497329712019e+00
2.084641325721740657e+00
2.086440792846679493e+00
2.082600474853515404e+00
2.082590953903198372e+00
2.077945556488037138e+00
2.082948619003295754e+00
2.087164785614013862e+00
2.076912306289672827e+00
2.079511491928100586e+00
2.075470935668945138e+00
2.075309600524902542e+00
2.080081153793334803e+00
2.071272753448486270e+00
2.078580916290283298e+00
2.078365948944091990e+00
