1.335572409629821777e+01
1.281143355369567871e+01
1.294576644897460938e+01
1.281210565567016602e+01
1.292369437217712402e+01
1.291523170471191406e+01
1.294219017028808594e+01
1.297506999969482422e+01
1.286670732498168945e+01
1.306468820571899414e+01
1.302887344360351562e+01
1.296666359901428223e+01
1.291462087631225586e+01
1.316605997085571289e+01
1.307550883293151855e+01
1.297806644439697266e+01
1.306947970390319824e+01
1.305967092514038086e+01
1.294921541213989258e+01
1.308033704757690430e+01
1.288262867927551270e+01
1.306890797615051270e+01
1.305620002746582031e+01
1.304889535903930664e+01
1.295315480232238770e+01
1.300887250900268555e+01
1.292128372192382812e+01
1.292561173439025879e+01
1.295213532447814941e+01
1.300946068763732910e+01
1.299248576164245605e+01
1.297340345382690430e+01
1.295834326744079590e+01
1.292178273200988770e+01
1.296463680267333984e+01
1.297270083427429199e+01
1.303460597991943359e+01
1.301107025146484375e+01
1.297000503540039062e+01
1.294629836082458496e+01
1.299980688095092773e+01
1.303936719894409180e+01
1.305805516242980957e+01
1.298236012458801270e+01
1.303936123847961426e+01
1.295300579071044922e+01
1.300398874282836914e+01
1.294987726211547852e+01
1.293515944480895996e+01
1.294643497467041016e+01
1.301145458221435547e+01
1.304321336746215820e+01
1.287325692176818848e+01
1.297664332389831543e+01
1.295064663887023926e+01
1.298743796348571777e+01
1.298603510856628418e+01
1.307077288627624512e+01
1.305625557899475098e+01
1.292578530311584473e+01
1.294021201133728027e+01
1.304406237602233887e+01
1.303125739097595215e+01
1.297446560859680176e+01
1.296729564666748047e+01
1.304012751579284668e+01
1.298340010643005371e+01
1.298903608322143555e+01
1.305279254913330078e+01
1.293329405784606934e+01
1.297132873535156250e+01
1.301883172988891602e+01
1.292699241638183594e+01
1.298628616333007812e+01
1.298617076873779297e+01
1.297073793411254883e+01
1.290085220336914062e+01
1.303080892562866211e+01
1.294429230690002441e+01
1.303948760032653809e+01
1.304632401466369629e+01
1.301513814926147461e+01
1.299723958969116211e+01
1.300136756896972656e+01
1.305571961402893066e+01
1.299708008766174316e+01
1.294271039962768555e+01
1.293679285049438477e+01
1.301283621788024902e+01
1.297900819778442383e+01
1.296626281738281250e+01
1.300985121726989746e+01
1.301604843139648438e+01
1.294836497306823730e+01
1.296115708351135254e+01
1.302153968811035156e+01
1.293270182609558105e+01
1.289454030990600586e+01
1.296767640113830566e+01
1.295794820785522461e+01
1.300051307678222656e+01
1.293992590904235840e+01
1.303021407127380371e+01
1.304860806465148926e+01
1.312460851669311523e+01
1.297477412223815918e+01
1.294385766983032227e+01
1.301039600372314453e+01
1.305419802665710449e+01
1.292315387725830078e+01
1.308242869377136230e+01
1.299213576316833496e+01
1.302690124511718750e+01
1.294915533065795898e+01
1.295482635498046875e+01
1.293495559692382812e+01
1.293005037307739258e+01
1.292619109153747559e+01
1.301228237152099609e+01
1.301955342292785645e+01
1.301726651191711426e+01
1.300704312324523926e+01
1.296215128898620605e+01
1.292737412452697754e+01
1.295912313461303711e+01
1.305184936523437500e+01
1.306750655174255371e+01
1.298839092254638672e+01
1.292580986022949219e+01
1.302377271652221680e+01
1.302768135070800781e+01
1.302505302429199219e+01
1.295890188217163086e+01
1.294874453544616699e+01
1.300575375556945801e+01
1.304223823547363281e+01
1.296521234512329102e+01
1.295219707489013672e+01
1.290792036056518555e+01
1.294764804840087891e+01
1.295861315727233887e+01
1.300161170959472656e+01
1.303453850746154785e+01
1.305939221382141113e+01
1.294125485420227051e+01
1.294479322433471680e+01
1.298690819740295410e+01
1.291906404495239258e+01
1.304175972938537598e+01
1.305942201614379883e+01
1.293446207046508789e+01
1.307737636566162109e+01
1.304333186149597168e+01
1.304422879219055176e+01
1.307165908813476562e+01
1.291835141181945801e+01
1.293464779853820801e+01
1.303799533843994141e+01
1.293305993080139160e+01
1.309325456619262695e+01
1.295755219459533691e+01
1.297353267669677734e+01
1.295732450485229492e+01
1.300769305229187012e+01
1.301756334304809570e+01
1.298506188392639160e+01
1.297344422340393066e+01
1.292360401153564453e+01
1.297477197647094727e+01
1.305234026908874512e+01
1.302602314949035645e+01
1.301236367225646973e+01
1.306470584869384766e+01
1.300192523002624512e+01
1.310190105438232422e+01
1.301178598403930664e+01
1.302095055580139160e+01
1.301266789436340332e+01
1.295467162132263184e+01
1.301063108444213867e+01
1.292268776893615723e+01
1.304151916503906250e+01
1.297431230545043945e+01
1.297003006935119629e+01
1.295231699943542480e+01
1.302759623527526855e+01
1.300686573982238770e+01
1.293933510780334473e+01
1.294562411308288574e+01
1.291072750091552734e+01
1.302641630172729492e+01
1.307512211799621582e+01
1.303866839408874512e+01
1.316097974777221680e+01
1.297398328781127930e+01
1.295656394958496094e+01
1.293918538093566895e+01
1.295122480392456055e+01
1.296040582656860352e+01
1.303303551673889160e+01
