4.004120826721191406e-01
4.020314216613769531e-01
4.036240577697753906e-01
4.003579616546630859e-01
4.108560085296630859e-01
4.035634994506835938e-01
3.962645530700683594e-01
4.089097976684570312e-01
3.904697895050048828e-01
3.971683979034423828e-01
4.067502021789550781e-01
3.964200019836425781e-01
3.986563682556152344e-01
4.277443885803222656e-01
4.117257595062255859e-01
4.036478996276855469e-01
4.131581783294677734e-01
4.019584655761718750e-01
4.016838073730468750e-01
4.026656150817871094e-01
3.945102691650390625e-01
4.010257720947265625e-01
3.985967636108398438e-01
3.946597576141357422e-01
4.027693271636962891e-01
3.879253864288330078e-01
3.955850601196289062e-01
3.977069854736328125e-01
3.936362266540527344e-01
3.991863727569580078e-01
3.934969902038574219e-01
3.979833126068115234e-01
3.959808349609375000e-01
3.973655700683593750e-01
3.989541530609130859e-01
3.966059684753417969e-01
4.086995124816894531e-01
3.995680809020996094e-01
4.020459651947021484e-01
3.998596668243408203e-01
3.972907066345214844e-01
4.044752120971679688e-01
3.974392414093017578e-01
4.044067859649658203e-01
3.918461799621582031e-01
3.953373432159423828e-01
4.006314277648925781e-01
3.919346332550048828e-01
4.048500061035156250e-01
3.929517269134521484e-01
4.044122695922851562e-01
4.070594310760498047e-01
3.872854709625244141e-01
4.035110473632812500e-01
3.964545726776123047e-01
3.956410884857177734e-01
3.980789184570312500e-01
3.927605152130126953e-01
4.017097949981689453e-01
3.932018280029296875e-01
3.986687660217285156e-01
3.990776538848876953e-01
3.912737369537353516e-01
4.008312225341796875e-01
3.929958343505859375e-01
4.017021656036376953e-01
3.922815322875976562e-01
3.983919620513916016e-01
4.025869369506835938e-01
3.902709484100341797e-01
4.046142101287841797e-01
3.962399959564208984e-01
3.967437744140625000e-01
4.045913219451904297e-01
3.934214115142822266e-01
3.997006416320800781e-01
3.907914161682128906e-01
4.047744274139404297e-01
3.995265960693359375e-01
3.941459655761718750e-01
4.029459953308105469e-01
3.923242092132568359e-01
4.006388187408447266e-01
4.040334224700927734e-01
3.926591873168945312e-01
4.028325080871582031e-01
3.926420211791992188e-01
4.071276187896728516e-01
3.997354507446289062e-01
3.965840339660644531e-01
4.062862396240234375e-01
3.906381130218505859e-01
3.954045772552490234e-01
4.046049118041992188e-01
3.933415412902832031e-01
4.063565731048583984e-01
3.881680965423583984e-01
3.974854946136474609e-01
4.071016311645507812e-01
4.048969745635986328e-01
3.985812664031982422e-01
3.922595977783203125e-01
4.041066169738769531e-01
3.919091224670410156e-01
3.994865417480468750e-01
3.986878395080566406e-01
3.880331516265869141e-01
4.045083522796630859e-01
3.900048732757568359e-01
3.989026546478271484e-01
3.986279964447021484e-01
3.924427032470703125e-01
3.990969657897949219e-01
3.899497985839843750e-01
3.981952667236328125e-01
4.058461189270019531e-01
3.923668861389160156e-01
4.083926677703857422e-01
3.956120014190673828e-01
3.981022834777832031e-01
3.934955596923828125e-01
4.005444049835205078e-01
4.023926258087158203e-01
3.903100490570068359e-01
3.990960121154785156e-01
3.940660953521728516e-01
3.964986801147460938e-01
4.029979705810546875e-01
3.883187770843505859e-01
4.066781997680664062e-01
3.894715309143066406e-01
4.476468563079833984e-01
4.195144176483154297e-01
3.975796699523925781e-01
4.002592563629150391e-01
3.962550163269042969e-01
3.980586528778076172e-01
4.023387432098388672e-01
3.916008472442626953e-01
4.082825183868408203e-01
3.892538547515869141e-01
3.975050449371337891e-01
4.031343460083007812e-01
3.996834754943847656e-01
3.952496051788330078e-01
3.948798179626464844e-01
4.018092155456542969e-01
3.969957828521728516e-01
3.978199958801269531e-01
4.032986164093017578e-01
3.900902271270751953e-01
4.009580612182617188e-01
3.968985080718994141e-01
3.935878276824951172e-01
4.045519828796386719e-01
3.950846195220947266e-01
4.020867347717285156e-01
3.971135616302490234e-01
4.015686511993408203e-01
4.042925834655761719e-01
3.945386409759521484e-01
4.021513462066650391e-01
3.952932357788085938e-01
4.072451591491699219e-01
3.960061073303222656e-01
3.924932479858398438e-01
4.007015228271484375e-01
3.945009708404541016e-01
4.005911350250244141e-01
3.963265419006347656e-01
4.025111198425292969e-01
4.012906551361083984e-01
3.908653259277343750e-01
4.044280052185058594e-01
3.970263004302978516e-01
3.980121612548828125e-01
3.993384838104248047e-01
3.972847461700439453e-01
4.027757644653320312e-01
3.987421989440917969e-01
3.984673023223876953e-01
3.957412242889404297e-01
3.938682079315185547e-01
3.993115425109863281e-01
3.889243602752685547e-01
4.081082344055175781e-01
4.088211059570312500e-01
3.969671726226806641e-01
4.076697826385498047e-01
4.018259048461914062e-01
4.036190509796142578e-01
3.945927619934082031e-01
3.907482624053955078e-01
3.983502388000488281e-01
3.946695327758789062e-01
4.115250110626220703e-01
3.930826187133789062e-01
3.949377536773681641e-01
4.089162349700927734e-01
3.929297924041748047e-01
