2.475810246505737222e+00
2.490213601684570399e+00
2.499736848831176861e+00
2.538187725906372094e+00
2.507768981628418103e+00
2.519004721069336039e+00
2.523402315216064284e+00
2.472642608261108599e+00
2.503683622894286920e+00
2.449376127929687286e+00
2.479830916137695240e+00
2.493568990173339994e+00
2.479985651397705215e+00
2.551821637344360294e+00
2.566797493743896652e+00
2.505610594024658244e+00
2.472835611190796090e+00
2.451570801239013608e+00
2.457961528930664219e+00
2.453638170623779313e+00
2.447484583206176900e+00
2.419411041107177862e+00
2.450328078460693337e+00
2.437649589080810753e+00
2.445784781036377087e+00
2.435886925735473607e+00
2.438926222686767620e+00
2.424610801467895538e+00
2.433751611328125009e+00
2.440947431182861393e+00
2.424009857864379835e+00
2.422445856170654110e+00
2.413484891815185662e+00
2.406914570007324006e+00
2.404550749816894317e+00
2.406095873184204148e+00
2.388656507568359455e+00
2.396948684692382869e+00
2.382191712570190578e+00
2.392588802719116003e+00
2.380804744415283114e+00
2.395923481140136868e+00
2.383233385620117328e+00
2.401505178985595901e+00
2.377535864257812381e+00
2.366441480865478564e+00
2.359978508758544979e+00
2.351621888961791917e+00
2.349719579696655458e+00
2.357144019851684646e+00
2.356177677764892398e+00
2.361794570846557750e+00
2.355245274734496963e+00
2.336890183715820246e+00
2.351950169219970910e+00
2.335770260162353562e+00
2.338045082168579203e+00
2.343588276214599642e+00
2.332577975006103532e+00
2.323451001281738204e+00
2.324382893218994273e+00
2.318524843444824235e+00
2.285996853179931509e+00
2.260688826217651215e+00
2.197028816070556445e+00
2.195566554794311731e+00
2.190726930618286161e+00
2.170385128402709807e+00
2.194455981063842653e+00
2.156602839889526280e+00
2.158387225723266578e+00
2.138167986679077259e+00
2.159217105560302663e+00
2.170530697250366181e+00
2.157201582489013614e+00
2.155395614776611346e+00
2.137172601699829144e+00
2.142217665557861306e+00
2.135349712524413857e+00
2.112359200210571331e+00
2.121173063926696578e+00
2.113949055175781133e+00
2.114393426055908076e+00
2.106640991210937397e+00
2.135266230316162250e+00
2.125198179168701351e+00
2.091048822326660339e+00
2.079691858673095695e+00
2.091142378807067992e+00
2.093770111770629772e+00
2.085993143920898518e+00
2.104294904785156461e+00
2.100303105239868184e+00
2.079714250030517686e+00
2.096293208847046063e+00
2.065002990112304815e+00
2.097612912673950003e+00
2.087748949661254905e+00
2.092616782836913991e+00
2.117152228775024625e+00
1.970544966011047450e+00
1.967576360626220655e+00
1.951229135513305568e+00
1.943906207580566425e+00
1.946980234565734769e+00
1.931892151718139550e+00
1.932952554588317939e+00
1.924196304855346762e+00
1.921128436050415056e+00
1.925375485725402847e+00
1.918327201843261776e+00
1.919845122070312549e+00
1.918743057632446236e+00
1.916853958587646511e+00
1.903007836875915570e+00
1.901259986763000454e+00
1.894488053932189997e+00
1.902503002014160227e+00
1.901909585075378439e+00
1.900053873291015716e+00
1.892888385543823215e+00
1.886572326278686429e+00
1.899799273529052757e+00
1.893509419784545900e+00
1.893181822433471773e+00
1.886605929946899352e+00
1.884005439758300815e+00
1.883595657920837496e+00
1.885979150390624914e+00
1.883401640281677336e+00
1.880821035194397028e+00
1.881214025726318351e+00
1.888907436408996610e+00
1.872698503303527939e+00
1.886636797866821258e+00
1.876912233695983812e+00
1.877140041351318400e+00
1.877527576751709004e+00
1.883094987716674718e+00
1.878484546203613270e+00
1.877552253684997563e+00
1.876641750793456964e+00
1.873011522521972561e+00
1.876565339660644538e+00
1.871451139144897358e+00
1.871387741928100645e+00
1.867412967567443793e+00
1.864456305999755870e+00
1.861784261779785066e+00
1.865209440689086895e+00
1.860913654632568415e+00
1.855482803039550710e+00
1.855014411506652916e+00
1.861909202575683597e+00
1.857963579216003414e+00
1.860936413841247639e+00
1.859983403015136760e+00
1.853425223922729570e+00
1.855403755187988279e+00
1.864740357894897560e+00
1.855964950141906655e+00
1.856687531967163185e+00
1.854091655120849502e+00
1.853329589614868267e+00
1.848622490348815983e+00
1.857150392227172819e+00
1.856015150299072269e+00
1.859440582122802832e+00
1.858612633361816480e+00
1.854775639266967868e+00
1.850487600784301856e+00
1.850302920951843344e+00
1.850100322532653774e+00
1.850012227745056137e+00
1.848124750595092847e+00
1.847122714614868100e+00
1.852517931098937920e+00
1.843638205642700090e+00
1.847006688423156628e+00
1.855215178070068305e+00
1.851400677795410177e+00
1.855562998886108428e+00
1.849972071838378973e+00
1.858171141700744711e+00
1.854390757141113344e+00
1.842125446548461998e+00
1.844936075057983293e+00
1.849015856628418053e+00
1.853199126319885259e+00
1.853758724136352454e+00
1.851092620773315378e+00
1.851576618499755966e+00
1.846499076538085982e+00
1.852927534332275306e+00
1.845501901969909708e+00
1.860107255821227934e+00
1.844537947959900004e+00
1.840452795448303203e+00
1.852927763404846218e+00
1.849614239044189423e+00
