1.015999999984741287e+01
1.044800000244140570e+01
1.012799999908447290e+01
1.008000000244140537e+01
9.568000002441406693e+00
1.014399999938964925e+01
9.727999999389648877e+00
9.600000002441406721e+00
1.009599999908447288e+01
1.004799999938964916e+01
9.551999999084472392e+00
9.423999999389648607e+00
1.030399999908447306e+01
1.057599999938964785e+01
9.632000002441406750e+00
1.075199999969482434e+01
9.872000002441406963e+00
1.054399999877929694e+01
9.775999998779296263e+00
1.044800000244140570e+01
9.935999999084472734e+00
1.014399999908447292e+01
1.049599999969482411e+01
9.759999999389648906e+00
1.047999999908447322e+01
9.967999999694823643e+00
9.983999999542236381e+00
9.631999999389648792e+00
9.824000002441406920e+00
1.055999999954223689e+01
1.022399999938964932e+01
9.472000002441406608e+00
1.014399999969482380e+01
1.070399999938964797e+01
9.215999999389648423e+00
9.664000002441406778e+00
9.967999999542236367e+00
9.647999999542236083e+00
9.535999999389648707e+00
1.035199999969482398e+01
1.041599999877929683e+01
9.727999999542236154e+00
1.083199999572753924e+01
9.679999998779296178e+00
9.727999999389648877e+00
1.062399999954223695e+01
1.073599999969482433e+01
1.011199999938964922e+01
1.041599999969482404e+01
9.615999999084472449e+00
1.036800000244140563e+01
1.036799999969482400e+01
1.062399999908447334e+01
1.076800000488281306e+01
1.028800000244140556e+01
1.022399999954223659e+01
1.014399999954223652e+01
1.022400000244140550e+01
1.059200000244140583e+01
1.116799999954223566e+01
1.102399999954223553e+01
1.121600000244140638e+01
1.222399999908447299e+01
1.350399999938964868e+01
1.452800000244140577e+01
1.551999999572753985e+01
1.595199999938964908e+01
1.663999999954223696e+01
1.580799999938964895e+01
1.755200000488281376e+01
1.694399999877929730e+01
1.819200000183105459e+01
1.703999999877929739e+01
1.731199999908447396e+01
1.734399999938964854e+01
1.771200000488281390e+01
1.852799999572754075e+01
1.819199999908447296e+01
1.881600000244140602e+01
1.899199999572753939e+01
1.913600000183105365e+01
1.889599999908447359e+01
1.927999999908447393e+01
1.867200000488281120e+01
1.908799999511718681e+01
1.902399999816894649e+01
1.932800000122070472e+01
1.942400000244140656e+01
2.020799999908447120e+01
1.964799999877929793e+01
2.017600000183105635e+01
1.905599999877929562e+01
1.999999999908447279e+01
2.014399999511718775e+01
2.009600000183105450e+01
2.041599999511718622e+01
1.942399999938964683e+01
2.001600000183105621e+01
2.006399999938964740e+01
2.003199999877929827e+01
2.598399999511718761e+01
2.715200000122070279e+01
2.788799999816894370e+01
2.862399999755859525e+01
2.915199999816894660e+01
2.924799999816894669e+01
2.950399999145507834e+01
3.049599999511718806e+01
2.907200000183105359e+01
2.964799999755859261e+01
3.046399998779297036e+01
2.939199999816894504e+01
2.995199999908447097e+01
3.001599999572754029e+01
3.089600000732421847e+01
3.038399999816894592e+01
3.084799999816894456e+01
3.003199999816894561e+01
3.099199999511718673e+01
3.087999999816894459e+01
3.017599999511718778e+01
3.044800000732421807e+01
3.036799999816894413e+01
3.110400000122070452e+01
3.113599999755859216e+01
3.091200000122070435e+01
3.124800000488281171e+01
3.139199999145507647e+01
3.207999999755859477e+01
3.156800000183105581e+01
3.177599998779296797e+01
3.156799999572753990e+01
3.144000000122070304e+01
3.180800000732421751e+01
3.160000000732421910e+01
3.100799999755859204e+01
3.232000000732421796e+01
3.155200000366210844e+01
3.166399999145507849e+01
3.171199999145507675e+01
3.216000000366211253e+01
3.174400000732421745e+01
3.156799999023437664e+01
3.195199999816894376e+01
3.120000000732422052e+01
3.198400000488281236e+01
3.132800000183105382e+01
3.142400000122070480e+01
3.177599999877929804e+01
3.225600000488281438e+01
3.215999999908446938e+01
3.220800000366210725e+01
3.182400000122070338e+01
3.231999999816894587e+01
3.208000000488281245e+01
3.192000000122070347e+01
3.216000000122070190e+01
3.220800000122070372e+01
3.209599999145508065e+01
3.204799999816894740e+01
3.230399999877929673e+01
3.235199998779297204e+01
3.262399999816894791e+01
3.198399999145507877e+01
3.273599999145508122e+01
3.284799999389648661e+01
3.204799999145507883e+01
3.233599999511718437e+01
3.296000000732421853e+01
3.227199999908447126e+01
3.248000000122070219e+01
3.281599999816894808e+01
3.265599998779296698e+01
3.268799999877929707e+01
3.265599998779296698e+01
3.254400000732422171e+01
3.311999999816894302e+01
3.296000000488281501e+01
3.273599999145508122e+01
3.302400000732421859e+01
3.257599998779296868e+01
3.252799999755859517e+01
3.184000000122070162e+01
3.262399999755859170e+01
3.241600000732422160e+01
3.259199999755859523e+01
3.312000000732422222e+01
3.302400000610351327e+01
3.268799999145507940e+01
3.262399999877929702e+01
3.347200000183105573e+01
3.336000000183105385e+01
3.307199999816894831e+01
3.209599999572753859e+01
3.284799999816894456e+01
3.255999999389648281e+01
3.315199999816894660e+01
3.252799999145507570e+01
3.267199999999999704e+01
3.361600000976562796e+01
