4.009487628936767578e-01
4.025735855102539062e-01
4.041497707366943359e-01
4.004921913146972656e-01
4.114232063293457031e-01
4.038698673248291016e-01
3.966295719146728516e-01
4.092812538146972656e-01
3.905675411224365234e-01
3.974087238311767578e-01
4.070219993591308594e-01
3.964250087738037109e-01
3.985528945922851562e-01
4.271373748779296875e-01
4.231653213500976562e-01
4.035515785217285156e-01
4.132077693939208984e-01
4.024269580841064453e-01
4.029479026794433594e-01
4.028899669647216797e-01
3.945271968841552734e-01
4.011707305908203125e-01
3.987567424774169922e-01
3.948462009429931641e-01
4.027884006500244141e-01
3.882341384887695312e-01
3.956749439239501953e-01
3.978092670440673828e-01
3.933169841766357422e-01
3.991494178771972656e-01
3.934907913208007812e-01
3.978507518768310547e-01
3.958849906921386719e-01
3.979249000549316406e-01
3.988926410675048828e-01
3.967282772064208984e-01
4.088377952575683594e-01
3.998413085937500000e-01
4.019241333007812500e-01
3.999402523040771484e-01
3.973536491394042969e-01
4.046664237976074219e-01
3.972618579864501953e-01
4.043474197387695312e-01
3.918488025665283203e-01
3.951907157897949219e-01
4.006590843200683594e-01
3.918774127960205078e-01
4.045896530151367188e-01
3.929007053375244141e-01
4.042406082153320312e-01
4.070806503295898438e-01
3.871645927429199219e-01
4.037425518035888672e-01
3.964297771453857422e-01
3.959577083587646484e-01
3.980953693389892578e-01
3.927192687988281250e-01
4.017002582550048828e-01
3.932297229766845703e-01
3.986608982086181641e-01
3.990950584411621094e-01
3.911836147308349609e-01
4.006826877593994141e-01
3.923964500427246094e-01
4.016106128692626953e-01
3.924601078033447266e-01
3.982295989990234375e-01
4.026627540588378906e-01
3.894290924072265625e-01
4.045283794403076172e-01
3.961000442504882812e-01
3.967092037200927734e-01
4.047532081604003906e-01
3.933496475219726562e-01
4.001331329345703125e-01
3.912255764007568359e-01
4.050283432006835938e-01
3.996319770812988281e-01
3.943898677825927734e-01
4.031605720520019531e-01
3.928112983703613281e-01
4.008119106292724609e-01
4.042508602142333984e-01
3.927938938140869141e-01
4.033155441284179688e-01
3.927156925201416016e-01
4.069709777832031250e-01
4.000420570373535156e-01
3.965966701507568359e-01
4.065403938293457031e-01
3.907742500305175781e-01
3.956232070922851562e-01
4.046587944030761719e-01
3.935165405273437500e-01
4.063391685485839844e-01
3.880453109741210938e-01
3.975734710693359375e-01
4.058928489685058594e-01
4.047906398773193359e-01
3.985426425933837891e-01
3.919951915740966797e-01
4.042804241180419922e-01
3.922953605651855469e-01
3.997595310211181641e-01
3.988919258117675781e-01
3.879687786102294922e-01
4.046928882598876953e-01
3.902189731597900391e-01
3.990221023559570312e-01
3.987822532653808594e-01
3.925929069519042969e-01
3.992621898651123047e-01
3.900094032287597656e-01
3.982036113739013672e-01
4.058148860931396484e-01
3.923523426055908203e-01
4.083282947540283203e-01
3.954911231994628906e-01
3.988332748413085938e-01
3.936553001403808594e-01
4.005520343780517578e-01
4.023354053497314453e-01
3.902518749237060547e-01
3.990807533264160156e-01
3.941583633422851562e-01
3.964624404907226562e-01
4.030418395996093750e-01
3.892178535461425781e-01
4.069259166717529297e-01
3.896586894989013672e-01
4.702894687652587891e-01
4.097959995269775391e-01
3.974628448486328125e-01
4.003818035125732422e-01
3.964962959289550781e-01
3.981463909149169922e-01
4.023137092590332031e-01
3.915114402770996094e-01
4.084517955780029297e-01
3.893086910247802734e-01
3.981318473815917969e-01
4.033949375152587891e-01
3.997972011566162109e-01
3.952159881591796875e-01
3.949222564697265625e-01
4.017577171325683594e-01
3.970556259155273438e-01
3.977534770965576172e-01
4.033608436584472656e-01
3.900351524353027344e-01
4.011018276214599609e-01
3.969383239746093750e-01
3.945181369781494141e-01
4.047617912292480469e-01
3.951947689056396484e-01
4.021308422088623047e-01
3.972964286804199219e-01
4.005379676818847656e-01
4.045476913452148438e-01
3.946514129638671875e-01
4.027915000915527344e-01
3.953516483306884766e-01
4.074161052703857422e-01
3.961193561553955078e-01
3.924760818481445312e-01
4.008400440216064453e-01
3.946387767791748047e-01
4.006757736206054688e-01
3.966405391693115234e-01
4.025094509124755859e-01
4.011449813842773438e-01
3.908331394195556641e-01
4.044716358184814453e-01
3.972868919372558594e-01
3.976061344146728516e-01
3.996489048004150391e-01
3.974189758300781250e-01
4.027616977691650391e-01
3.989412784576416016e-01
3.984010219573974609e-01
3.957567214965820312e-01
3.936581611633300781e-01
3.992342948913574219e-01
3.887894153594970703e-01
4.082074165344238281e-01
4.090659618377685547e-01
3.969142436981201172e-01
4.075100421905517578e-01
4.016857147216796875e-01
4.037015438079833984e-01
3.947951793670654297e-01
3.906893730163574219e-01
3.994665145874023438e-01
3.946924209594726562e-01
4.113547801971435547e-01
3.931760787963867188e-01
3.947625160217285156e-01
4.089307785034179688e-01
3.935165405273437500e-01
