2.503870392990112492e+00
2.499248990402221704e+00
2.507850360107422016e+00
2.504100942993164214e+00
2.505752671432495138e+00
2.516928718566894485e+00
2.514017187118530394e+00
2.490869650115966838e+00
2.477028682250976388e+00
2.472446911087036181e+00
2.482222092056274310e+00
2.472604321212768408e+00
2.505994244918823277e+00
2.579130086669922051e+00
2.562303194046020582e+00
2.503367533569335723e+00
2.488527489395141679e+00
2.454809954299926655e+00
2.449992541198730667e+00
2.465307195739745882e+00
2.462944806365966688e+00
2.438070199661254822e+00
2.419629755935668758e+00
2.454482472152709871e+00
2.450237024230957239e+00
2.457472598114013529e+00
2.430143104324340886e+00
2.450862335739135922e+00
2.445312867507934751e+00
2.415319335556030289e+00
2.417558321456909187e+00
2.416001089630126941e+00
2.426169158172607254e+00
2.385479619827270525e+00
2.407112008514404433e+00
2.424383609161377073e+00
2.392761222610473748e+00
2.388187862930297722e+00
2.398560662155151402e+00
2.384831951370239178e+00
2.382456064758300851e+00
2.395383857650756898e+00
2.380042869720459198e+00
2.387583935165405347e+00
2.381889164733886677e+00
2.379964426727295024e+00
2.356142415008545044e+00
2.363714924011230512e+00
2.361083154907226422e+00
2.354544360809326164e+00
2.352886205596923741e+00
2.356582633438110363e+00
2.358480315170288222e+00
2.339580167846679881e+00
2.347655020446777208e+00
2.349098519668578966e+00
2.342070388793945135e+00
2.344807626190185346e+00
2.329999404983520428e+00
2.338413641967773238e+00
2.334793373565673846e+00
2.319175484695434442e+00
2.304500255813598741e+00
2.252391430053711119e+00
2.210976426162719832e+00
2.192330426635742402e+00
2.190655157012939558e+00
2.185573321762084742e+00
2.186113712615966875e+00
2.174339806823730292e+00
2.158742584075927784e+00
2.156812826766967728e+00
2.196350069351196144e+00
2.185873303680419877e+00
2.170283581848144738e+00
2.158477056198119914e+00
2.171157009811401473e+00
2.149515579376220842e+00
2.141032325172424144e+00
2.108451227645874226e+00
2.119420127182007008e+00
2.117939314346313662e+00
2.141937298355102381e+00
2.140283717651367379e+00
2.118255114135742190e+00
2.092119899291992269e+00
2.106509598007201944e+00
2.095261769943237429e+00
2.108922320861816413e+00
2.154856223831176809e+00
2.111397945098877127e+00
2.127406813430785970e+00
2.119889230422973725e+00
2.084841762008666777e+00
2.108239601516723738e+00
2.082693916473388640e+00
2.133715659141540488e+00
2.116757395095825167e+00
2.108944849319458026e+00
2.099942659835815295e+00
1.983378036766052288e+00
1.967314264297485460e+00
1.957540352630615210e+00
1.952249276351928797e+00
1.952932217102050672e+00
1.944016701545715264e+00
1.941758423957824720e+00
1.945288428726196228e+00
1.932213158302307221e+00
1.931669450454711834e+00
1.934634297027587824e+00
1.929985678710937513e+00
1.924836411972045802e+00
1.924680752792358396e+00
1.912144315719604526e+00
1.912034886131286582e+00
1.915098229026794385e+00
1.910095834350585831e+00
1.915679810943603512e+00
1.909808661766052351e+00
1.909757357406616229e+00
1.913047528533935449e+00
1.906918404579162507e+00
1.905624989051818874e+00
1.899183961563110312e+00
1.895713283920288150e+00
1.890970481796264702e+00
1.899719705696105931e+00
1.898192126350402908e+00
1.895430123214721707e+00
1.889805928573608407e+00
1.881993910751342813e+00
1.896055987777709895e+00
1.887364777946472172e+00
1.894995488052368060e+00
1.888149865036010677e+00
1.881127727890014700e+00
1.888881923866271961e+00
1.892041978683471681e+00
1.893975143165588459e+00
1.884780187683105401e+00
1.889890432205200144e+00
1.884478768615722721e+00
1.881897787055969218e+00
1.887627189598083399e+00
1.891587690658569354e+00
1.880333872032165621e+00
1.883984551162719789e+00
1.876229071388244574e+00
1.877354256210327144e+00
1.873514803428649955e+00
1.869906125640869110e+00
1.874667977600097624e+00
1.880984698410034239e+00
1.882629254760742166e+00
1.881213842010498016e+00
1.877486867637634171e+00
1.871303645019531281e+00
1.870133956565857014e+00
1.870817671737670995e+00
1.884834256134033215e+00
1.866118421287536577e+00
1.878805958938598586e+00
1.869016252784728938e+00
1.875182000885009748e+00
1.863547905158996487e+00
1.863452675895690858e+00
1.874169345664977948e+00
1.871295628700256453e+00
1.871124235649108902e+00
1.869116482124328682e+00
1.875546058654785186e+00
1.867921108741760206e+00
1.874489351997375541e+00
1.861910622596740783e+00
1.869592453613281302e+00
1.868444215316772405e+00
1.866754588928222658e+00
1.862536431198120068e+00
1.866332072563171351e+00
1.869642823448181224e+00
1.863419266548156816e+00
1.873532902450561588e+00
1.869445843505859406e+00
1.874963269004821687e+00
1.872721231994628921e+00
1.858196638793945255e+00
1.858701018371581970e+00
1.859675969009399354e+00
1.864635439414978002e+00
1.872342941131591720e+00
1.885642669906616220e+00
1.865891723785400469e+00
1.861534583358764650e+00
1.867446577377319228e+00
1.865847472152709852e+00
1.857341734771728481e+00
1.869426447982788009e+00
1.873635851821899401e+00
1.866917779541015676e+00
