9.880000114440917969e+00
1.001999950408935547e+01
1.050999927520751953e+01
1.015999984741210938e+01
1.046999931335449219e+01
9.649999618530273438e+00
9.800000190734863281e+00
9.149999618530273438e+00
1.002999973297119141e+01
1.071999931335449219e+01
1.000000000000000000e+01
9.920000076293945312e+00
1.025000000000000000e+01
1.076999950408935547e+01
1.050999927520751953e+01
1.057999992370605469e+01
1.130000019073486328e+01
1.002999973297119141e+01
1.007999992370605469e+01
1.100999927520751953e+01
1.001999950408935547e+01
1.005999946594238281e+01
1.005999946594238281e+01
1.000000000000000000e+01
1.005999946594238281e+01
1.032999992370605469e+01
1.023999977111816406e+01
1.000000000000000000e+01
1.005999946594238281e+01
1.000000000000000000e+01
9.909999847412109375e+00
1.007999992370605469e+01
9.639999389648437500e+00
1.032999992370605469e+01
1.000999927520751953e+01
1.003999996185302734e+01
1.175000000000000000e+01
1.017999935150146484e+01
1.005999946594238281e+01
9.989999771118164062e+00
1.038999938964843750e+01
1.000000000000000000e+01
1.007999992370605469e+01
1.000000000000000000e+01
9.909999847412109375e+00
1.088999938964843750e+01
1.080000019073486328e+01
1.084999942779541016e+01
1.152999973297119141e+01
1.123999977111816406e+01
9.719999313354492188e+00
1.019999980926513672e+01
1.009999942779541016e+01
1.000000000000000000e+01
1.000000000000000000e+01
1.098999977111816406e+01
1.038000011444091797e+01
1.000999927520751953e+01
1.136999988555908203e+01
1.190999984741210938e+01
1.009000015258789062e+01
1.218999958038330078e+01
1.581999969482421875e+01
1.459999942779541016e+01
1.400000000000000000e+01
1.771999931335449219e+01
1.837999916076660156e+01
1.860999870300292969e+01
1.535999965667724609e+01
1.794999885559082031e+01
1.809000015258789062e+01
1.617000007629394531e+01
1.914999961853027344e+01
1.919999885559082031e+01
1.759000015258789062e+01
2.103999900817871094e+01
1.955999946594238281e+01
1.926000022888183594e+01
2.039999961853027344e+01
2.157999992370605469e+01
2.284000015258789062e+01
1.652000045776367188e+01
1.827000045776367188e+01
2.309000015258789062e+01
2.411999893188476562e+01
1.868000030517578125e+01
2.168999862670898438e+01
2.402999877929687500e+01
2.351000022888183594e+01
2.144999885559082031e+01
2.145999908447265625e+01
2.240999984741210938e+01
1.834000015258789062e+01
2.231999969482421875e+01
2.417000007629394531e+01
2.602999877929687500e+01
2.042000007629394531e+01
1.805999946594238281e+01
2.037999916076660156e+01
2.050000000000000000e+01
2.738999938964843750e+01
2.840999984741210938e+01
2.942000007629394531e+01
2.931999969482421875e+01
3.005999946594238281e+01
2.945999908447265625e+01
3.028999900817871094e+01
3.025999832153320312e+01
3.059999847412109375e+01
3.055999946594238281e+01
3.106999969482421875e+01
3.136999893188476562e+01
3.100999832153320312e+01
3.101999855041503906e+01
3.143999862670898438e+01
3.078999900817871094e+01
3.279000091552734375e+01
3.096999931335449219e+01
3.145999908447265625e+01
3.232999801635742188e+01
3.268000030517578125e+01
3.255999755859375000e+01
3.227000045776367188e+01
3.160999870300292969e+01
3.263000106811523438e+01
3.268000030517578125e+01
3.284000015258789062e+01
3.286999893188476562e+01
3.332999801635742188e+01
3.296999740600585938e+01
3.261999893188476562e+01
3.250000000000000000e+01
3.230999755859375000e+01
3.254000091552734375e+01
3.246999740600585938e+01
3.248999786376953125e+01
3.375000000000000000e+01
3.295999908447265625e+01
3.298999786376953125e+01
3.241999816894531250e+01
3.220999908447265625e+01
3.263000106811523438e+01
3.277000045776367188e+01
3.350000000000000000e+01
3.379999923706054688e+01
3.365999984741210938e+01
3.357999801635742188e+01
3.295000076293945312e+01
3.361000061035156250e+01
3.359000015258789062e+01
3.343999862670898438e+01
3.350000000000000000e+01
3.368000030517578125e+01
3.381999969482421875e+01
3.370999908447265625e+01
3.346999740600585938e+01
3.347999954223632812e+01
3.397999954223632812e+01
3.386000061035156250e+01
3.388999938964843750e+01
3.393999862670898438e+01
3.370999908447265625e+01
3.386999893188476562e+01
3.377999877929687500e+01
3.420000076293945312e+01
3.404999923706054688e+01
3.390999984741210938e+01
3.402999877929687500e+01
3.413999938964843750e+01
3.406999969482421875e+01
3.407999801635742188e+01
3.413999938964843750e+01
3.427000045776367188e+01
3.387999725341796875e+01
3.396999740600585938e+01
3.429000091552734375e+01
3.436000061035156250e+01
3.411999893188476562e+01
3.423999786376953125e+01
3.427000045776367188e+01
3.407999801635742188e+01
3.397999954223632812e+01
3.411000061035156250e+01
3.395999908447265625e+01
3.381999969482421875e+01
3.412999725341796875e+01
3.393999862670898438e+01
3.421999740600585938e+01
3.404000091552734375e+01
3.421999740600585938e+01
3.375000000000000000e+01
3.405999755859375000e+01
3.427999877929687500e+01
3.404000091552734375e+01
3.405999755859375000e+01
3.393999862670898438e+01
3.418000030517578125e+01
3.379999923706054688e+01
3.387999725341796875e+01
3.393000030517578125e+01
