1.294184112548828125e+01
1.237487673759460449e+01
1.247397613525390625e+01
1.248645162582397461e+01
1.250872325897216797e+01
1.249425244331359863e+01
1.245831966400146484e+01
1.253534221649169922e+01
1.254080319404602051e+01
1.259525418281555176e+01
1.259145379066467285e+01
1.260218238830566406e+01
1.270488095283508301e+01
1.263394594192504883e+01
1.259135746955871582e+01
1.257479238510131836e+01
1.263737893104553223e+01
1.258739447593688965e+01
1.259760046005249023e+01
1.251921939849853516e+01
1.261798286437988281e+01
1.258368349075317383e+01
1.261545014381408691e+01
1.258317184448242188e+01
1.255036211013793945e+01
1.254201149940490723e+01
1.256728887557983398e+01
1.253305292129516602e+01
1.257798051834106445e+01
1.256578564643859863e+01
1.255506825447082520e+01
1.263978576660156250e+01
1.257911062240600586e+01
1.262537097930908203e+01
1.262186026573181152e+01
1.255560851097106934e+01
1.263538694381713867e+01
1.252520704269409180e+01
1.256831097602844238e+01
1.254508090019226074e+01
1.253867435455322266e+01
1.261150217056274414e+01
1.256875205039978027e+01
1.254080605506896973e+01
1.262347674369812012e+01
1.260793328285217285e+01
1.262701678276062012e+01
1.259213066101074219e+01
1.259595322608947754e+01
1.258656144142150879e+01
1.259188818931579590e+01
1.258400988578796387e+01
1.262209701538085938e+01
1.272347402572631836e+01
1.259067463874816895e+01
1.261872649192810059e+01
1.254193520545959473e+01
1.268838286399841309e+01
1.259108543395996094e+01
1.260012435913085938e+01
1.258030724525451660e+01
1.257244920730590820e+01
1.260742497444152832e+01
1.257839322090148926e+01
1.264656209945678711e+01
1.264580726623535156e+01
1.269056582450866699e+01
1.258030867576599121e+01
1.257881021499633789e+01
1.261345124244689941e+01
1.258779263496398926e+01
1.252967834472656250e+01
1.254049062728881836e+01
1.254807686805725098e+01
1.261599469184875488e+01
1.263069128990173340e+01
1.258413982391357422e+01
1.254058766365051270e+01
1.254785656929016113e+01
1.253131890296936035e+01
1.250937271118164062e+01
1.260413932800292969e+01
1.258320116996765137e+01
1.261286425590515137e+01
1.259374880790710449e+01
1.254781436920166016e+01
1.265164279937744141e+01
1.262825942039489746e+01
1.249746227264404297e+01
1.255634808540344238e+01
1.255129933357238770e+01
1.256994843482971191e+01
1.258387804031372070e+01
1.252940750122070312e+01
1.253052759170532227e+01
1.257432055473327637e+01
1.259686708450317383e+01
1.270625948905944824e+01
1.255860924720764160e+01
1.257680416107177734e+01
1.255412769317626953e+01
1.262491202354431152e+01
1.261009597778320312e+01
1.261842346191406250e+01
1.263849115371704102e+01
1.259727811813354492e+01
1.255303382873535156e+01
1.258852553367614746e+01
1.258358621597290039e+01
1.260664939880371094e+01
1.258884310722351074e+01
1.264454317092895508e+01
1.258579778671264648e+01
1.255088520050048828e+01
1.261765360832214355e+01
1.261801695823669434e+01
1.266347146034240723e+01
1.260425901412963867e+01
1.257586836814880371e+01
1.258893299102783203e+01
1.259657168388366699e+01
1.257735157012939453e+01
1.258395552635192871e+01
1.259082603454589844e+01
1.257102465629577637e+01
1.266341805458068848e+01
1.257162547111511230e+01
1.260925793647766113e+01
1.260599994659423828e+01
1.264311242103576660e+01
1.259358835220336914e+01
1.265222096443176270e+01
1.255695509910583496e+01
1.257828950881958008e+01
1.259414577484130859e+01
1.255932879447937012e+01
1.260950636863708496e+01
1.261610651016235352e+01
1.260624265670776367e+01
1.254085230827331543e+01
1.254726076126098633e+01
1.257511687278747559e+01
1.258686137199401855e+01
1.263176035881042480e+01
1.255637526512145996e+01
1.254700183868408203e+01
1.266498875617980957e+01
1.263835334777832031e+01
1.264313602447509766e+01
1.260178709030151367e+01
1.254850482940673828e+01
1.258794045448303223e+01
1.256276249885559082e+01
1.262739133834838867e+01
1.260396361351013184e+01
1.254899787902832031e+01
1.268480205535888672e+01
1.260786628723144531e+01
1.261841297149658203e+01
1.258234834671020508e+01
1.254585933685302734e+01
1.253738975524902344e+01
1.255265831947326660e+01
1.257396197319030762e+01
1.261334586143493652e+01
1.261744999885559082e+01
1.259852862358093262e+01
1.259339308738708496e+01
1.254007220268249512e+01
1.257958984375000000e+01
1.257453107833862305e+01
1.259932446479797363e+01
1.253563785552978516e+01
1.256477403640747070e+01
1.252882456779479980e+01
1.249081444740295410e+01
1.251790571212768555e+01
1.253363347053527832e+01
1.261065888404846191e+01
1.260638022422790527e+01
1.258964037895202637e+01
1.258641886711120605e+01
1.255889320373535156e+01
1.262632083892822266e+01
1.258013749122619629e+01
1.253159165382385254e+01
1.259923338890075684e+01
1.260499644279479980e+01
1.259945344924926758e+01
1.257572889328002930e+01
1.260297107696533203e+01
1.265806102752685547e+01
1.267161846160888672e+01
1.260764551162719727e+01
1.255287361145019531e+01
1.255705356597900391e+01
1.253691172599792480e+01
1.256152367591857910e+01
1.260430622100830078e+01
1.265681076049804688e+01
