2.205107545852661133e+01
2.155538988113403320e+01
2.198164057731628418e+01
2.207681488990783691e+01
2.218948721885681152e+01
2.192159128189086914e+01
2.240305042266845703e+01
2.210717129707336426e+01
2.211094212532043457e+01
2.222740101814270020e+01
2.199159884452819824e+01
2.223228478431701660e+01
2.192755889892578125e+01
2.246173524856567383e+01
2.258897972106933594e+01
2.221972727775573730e+01
2.227208757400512695e+01
2.216715002059936523e+01
2.248129320144653320e+01
2.247229719161987305e+01
2.216222357749938965e+01
2.211409878730773926e+01
2.217530012130737305e+01
2.224736404418945312e+01
2.252152061462402344e+01
2.187988233566284180e+01
2.204198622703552246e+01
2.210770916938781738e+01
2.234301185607910156e+01
2.206263995170593262e+01
2.228814911842346191e+01
2.196050405502319336e+01
2.203509354591369629e+01
2.214653491973876953e+01
2.203447985649108887e+01
2.248120713233947754e+01
2.215332078933715820e+01
2.205602693557739258e+01
2.231619215011596680e+01
2.205342292785644531e+01
2.202584052085876465e+01
2.192613792419433594e+01
2.211395311355590820e+01
2.251648783683776855e+01
2.249394321441650391e+01
2.194766664505004883e+01
2.204410028457641602e+01
2.215504837036132812e+01
2.274705290794372559e+01
2.189916133880615234e+01
2.200107836723327637e+01
2.203768181800842285e+01
2.187710905075073242e+01
2.229287528991699219e+01
2.212675404548645020e+01
2.224573111534118652e+01
2.227518200874328613e+01
2.210138845443725586e+01
2.251774668693542480e+01
2.204369521141052246e+01
2.199009680747985840e+01
2.226764631271362305e+01
2.195841288566589355e+01
2.206182050704956055e+01
2.206789183616638184e+01
2.247638964653015137e+01
2.190171408653259277e+01
2.224374580383300781e+01
2.195511507987976074e+01
2.187634658813476562e+01
2.192284250259399414e+01
2.232145667076110840e+01
2.263509416580200195e+01
2.221823883056640625e+01
2.198038840293884277e+01
2.232292246818542480e+01
2.194016623497009277e+01
2.237836265563964844e+01
2.198827743530273438e+01
2.191890597343444824e+01
2.220988535881042480e+01
2.222488236427307129e+01
2.195560121536254883e+01
2.206914472579956055e+01
2.203972291946411133e+01
2.198523330688476562e+01
2.190075278282165527e+01
2.217108058929443359e+01
2.245058989524841309e+01
2.227831625938415527e+01
2.204253220558166504e+01
2.195055127143859863e+01
2.208073139190673828e+01
2.207621574401855469e+01
2.207120251655578613e+01
2.246282577514648438e+01
2.229882383346557617e+01
2.196460247039794922e+01
2.208597421646118164e+01
2.233194708824157715e+01
2.205803036689758301e+01
2.197013330459594727e+01
2.222378611564636230e+01
2.273495006561279297e+01
2.233222699165344238e+01
2.254521465301513672e+01
2.206876158714294434e+01
2.196154141426086426e+01
2.247721505165100098e+01
2.199562001228332520e+01
2.241111731529235840e+01
2.185025691986083984e+01
2.198574995994567871e+01
2.230125284194946289e+01
2.200793313980102539e+01
2.205199289321899414e+01
2.212785196304321289e+01
2.207220530509948730e+01
2.212538313865661621e+01
2.202921986579895020e+01
2.239712762832641602e+01
2.199221968650817871e+01
2.240393447875976562e+01
2.185475420951843262e+01
2.208268189430236816e+01
2.198840475082397461e+01
2.200572776794433594e+01
2.203499245643615723e+01
2.279583430290222168e+01
2.200045299530029297e+01
2.258880138397216797e+01
2.239124202728271484e+01
2.243951535224914551e+01
2.191500997543334961e+01
2.223865008354187012e+01
2.212889385223388672e+01
2.261801052093505859e+01
2.213584637641906738e+01
2.209800672531127930e+01
2.198814249038696289e+01
2.216077613830566406e+01
2.200656008720397949e+01
2.219134998321533203e+01
2.261943578720092773e+01
2.197993350028991699e+01
2.217379450798034668e+01
2.232339739799499512e+01
2.220574474334716797e+01
2.187606167793273926e+01
2.202651238441467285e+01
2.228497838973999023e+01
2.201859426498413086e+01
2.199452376365661621e+01
2.202558994293212891e+01
2.213908839225769043e+01
2.189405608177185059e+01
2.203004145622253418e+01
2.228437209129333496e+01
2.213833355903625488e+01
2.205789160728454590e+01
2.191016983985900879e+01
2.206521749496459961e+01
2.242940044403076172e+01
2.208092880249023438e+01
2.207533907890319824e+01
2.208630299568176270e+01
2.223279500007629395e+01
2.213915944099426270e+01
2.218616676330566406e+01
2.220619082450866699e+01
2.262543487548828125e+01
2.220289468765258789e+01
2.245200610160827637e+01
2.220147991180419922e+01
2.270475339889526367e+01
2.207462477684020996e+01
2.242525482177734375e+01
2.195065951347351074e+01
2.210007905960083008e+01
2.232930326461791992e+01
2.255601811408996582e+01
2.199925565719604492e+01
2.193548631668090820e+01
2.194296431541442871e+01
2.218531084060668945e+01
2.237530374526977539e+01
2.208945870399475098e+01
2.200373816490173340e+01
2.204221248626708984e+01
2.212631225585937500e+01
2.191945981979370117e+01
2.195272588729858398e+01
2.203372502326965332e+01
2.245643401145935059e+01
2.228130102157592773e+01
2.241508698463439941e+01
2.198714995384216309e+01
2.212514495849609375e+01
2.243752622604370117e+01
2.216329956054687500e+01
