2.552845001907348532e+00
2.584900344467162991e+00
2.573154540481567221e+00
2.661380375442504942e+00
2.609322208099365437e+00
2.555976486282348414e+00
2.639205861282348575e+00
2.569351806488036960e+00
2.579521575241088716e+00
2.549706342391967695e+00
2.563513516769408973e+00
2.539730150375366424e+00
2.543717316360473824e+00
2.614967194137573170e+00
2.698458932952880751e+00
2.615004928894042902e+00
2.574516012649536112e+00
2.526393157501220621e+00
2.543045395736694303e+00
2.513572154617309540e+00
2.510057772216796934e+00
2.515729689331054786e+00
2.490085817108154131e+00
2.531156449661255081e+00
2.496148655624389701e+00
2.494923733520507891e+00
2.504725187225341987e+00
2.501928362350463786e+00
2.503276461715698176e+00
2.474082960662841835e+00
2.460982456359863235e+00
2.464479100494384678e+00
2.464033765106201201e+00
2.435716263961792194e+00
2.471854041595459073e+00
2.474109833374023459e+00
2.473507145004272267e+00
2.451259287643432483e+00
2.463531032867431581e+00
2.425785285797119162e+00
2.418877243499756080e+00
2.428735298919677543e+00
2.420589026565551638e+00
2.418423848266601617e+00
2.418553918914795098e+00
2.391622689666748069e+00
2.389802763214111447e+00
2.387315861816406315e+00
2.389936285247802772e+00
2.400264833450317603e+00
2.390965045089721741e+00
2.377926158676147317e+00
2.375387113876342937e+00
2.368598128128051705e+00
2.382533817596435455e+00
2.366964769210815334e+00
2.374633446960449312e+00
2.373501003189086855e+00
2.373112960815429773e+00
2.350891786727905330e+00
2.359103731918335001e+00
2.342143890838622955e+00
2.329018057556152321e+00
2.301617749557494985e+00
2.260424917831421077e+00
2.225767834930419742e+00
2.227892300872802878e+00
2.206997158508300583e+00
2.224523098526001164e+00
2.180844371337890664e+00
2.210216380920410284e+00
2.191420144653320357e+00
2.203047292175293048e+00
2.207402759704589990e+00
2.206365153427123804e+00
2.198278776779174937e+00
2.188452257919311528e+00
2.207236261444091685e+00
2.140067902984619241e+00
2.149266026687622233e+00
2.165149941787719801e+00
2.166955221862792769e+00
2.142623572082519523e+00
2.179734077072143617e+00
2.167089958190917987e+00
2.194406618423462074e+00
2.144450984878540023e+00
2.171388985214233180e+00
2.154857803649902426e+00
2.142406556777954219e+00
2.152703951148986938e+00
2.125846800422668270e+00
2.130485643844604482e+00
2.129767173690795712e+00
2.147572562789917150e+00
2.139831078414916821e+00
2.158992994613647465e+00
2.145256631927490165e+00
2.122858036270141469e+00
2.178860390243530176e+00
1.970059672241210924e+00
1.943266380844116181e+00
1.939861018905639556e+00
1.931022733497619548e+00
1.929506321334838903e+00
1.922632758598327607e+00
1.921031351547241250e+00
1.916097403030395441e+00
1.915005252494812016e+00
1.914435982551574655e+00
1.899995589790344219e+00
1.905796418914794899e+00
1.911973127975463926e+00
1.902919958572387715e+00
1.895778913688659584e+00
1.896852059249877875e+00
1.888060599594116207e+00
1.890507259178161537e+00
1.887365461540222222e+00
1.887962339248657306e+00
1.887094459228515708e+00
1.884531540412902828e+00
1.883680316238403263e+00
1.882143982315063413e+00
1.878602358131408634e+00
1.873526514015197764e+00
1.877516238784790126e+00
1.873871195068359308e+00
1.867864158859252832e+00
1.870456264419555703e+00
1.866632457351684593e+00
1.877350608825683498e+00
1.875150624847412129e+00
1.859697890739441029e+00
1.869546766128540094e+00
1.867793193206787050e+00
1.860687351112365828e+00
1.875352812156677151e+00
1.874731181983947836e+00
1.875365682601928707e+00
1.875383217735290486e+00
1.867946273078918473e+00
1.875988773155212508e+00
1.877598505020141584e+00
1.878057791557312006e+00
1.880291621093749921e+00
1.866012317962646438e+00
1.878313605842590439e+00
1.873312238540649322e+00
1.878292536849975658e+00
1.853393618164062451e+00
1.859344309997558620e+00
1.861420999832153367e+00
1.853996260070800872e+00
1.857619033737182512e+00
1.851428680229187052e+00
1.866474128799438414e+00
1.859073505859375031e+00
1.867318935317993089e+00
1.867290571250915576e+00
1.844233536758422831e+00
1.851280997543334861e+00
1.857445524520874081e+00
1.854841773643493674e+00
1.849459190292358501e+00
1.853274955139160074e+00
1.862033315048217785e+00
1.846679007873535117e+00
1.850176482048034643e+00
1.846988811111450302e+00
1.846866551856994665e+00
1.854990086364746160e+00
1.846257872238159070e+00
1.855762629394531293e+00
1.848080739479065038e+00
1.846519438591003315e+00
1.849156272430420023e+00
1.847521011734008844e+00
1.847074295310974223e+00
1.841293101463317816e+00
1.852883844375610378e+00
1.850795484313964900e+00
1.850953978309631376e+00
1.846982773818969692e+00
1.859766093788147057e+00
1.850249599990844818e+00
1.849147476921081612e+00
1.858349541397094740e+00
1.848955154190063510e+00
1.849466780548095768e+00
1.848487697601318258e+00
1.846463307418823252e+00
1.848552687911987347e+00
1.852444297561645525e+00
1.840761078948974561e+00
1.852026900749206506e+00
1.853368452529907229e+00
1.845860004844665614e+00
1.848766355285644591e+00
1.845538973045349085e+00
