4.009385108947753906e-01
4.024856090545654297e-01
4.041695594787597656e-01
4.005045890808105469e-01
4.113836288452148438e-01
4.038822650909423828e-01
3.966543674468994141e-01
4.092957973480224609e-01
3.905124664306640625e-01
3.973031044006347656e-01
4.070627689361572266e-01
3.964140415191650391e-01
3.986759185791015625e-01
4.186856746673583984e-01
4.231743812561035156e-01
4.036045074462890625e-01
4.131968021392822266e-01
4.023692607879638672e-01
4.029583930969238281e-01
4.029271602630615234e-01
3.945074081420898438e-01
4.011652469635009766e-01
3.987290859222412109e-01
3.948504924774169922e-01
4.028418064117431641e-01
3.882822990417480469e-01
3.957538604736328125e-01
3.978712558746337891e-01
3.933730125427246094e-01
3.992614746093750000e-01
3.935265541076660156e-01
3.979334831237792969e-01
3.959112167358398438e-01
3.980376720428466797e-01
3.989250659942626953e-01
3.967239856719970703e-01
4.088518619537353516e-01
3.998811244964599609e-01
4.019904136657714844e-01
4.000420570373535156e-01
3.973720073699951172e-01
4.047052860260009766e-01
3.973326683044433594e-01
4.044022560119628906e-01
3.919041156768798828e-01
3.951873779296875000e-01
4.006626605987548828e-01
3.919036388397216797e-01
4.047751426696777344e-01
3.929185867309570312e-01
4.043016433715820312e-01
4.070935249328613281e-01
3.869619369506835938e-01
4.037845134735107422e-01
3.964989185333251953e-01
3.958935737609863281e-01
3.981187343597412109e-01
3.927676677703857422e-01
4.017376899719238281e-01
3.932638168334960938e-01
3.986816406250000000e-01
3.991153240203857422e-01
3.912372589111328125e-01
4.006838798522949219e-01
3.924283981323242188e-01
4.016492366790771484e-01
3.925375938415527344e-01
3.982460498809814453e-01
4.026594161987304688e-01
3.902022838592529297e-01
4.045498371124267578e-01
3.961536884307861328e-01
3.967432975769042969e-01
4.047775268554687500e-01
3.933553695678710938e-01
4.001398086547851562e-01
3.912596702575683594e-01
4.050550460815429688e-01
3.996872901916503906e-01
3.944058418273925781e-01
4.032182693481445312e-01
3.928334712982177734e-01
4.008107185363769531e-01
4.042637348175048828e-01
3.928146362304687500e-01
4.033298492431640625e-01
3.927345275878906250e-01
4.068758487701416016e-01
4.000756740570068359e-01
3.966326713562011719e-01
4.065382480621337891e-01
3.908107280731201172e-01
3.956320285797119141e-01
4.047188758850097656e-01
3.935551643371582031e-01
4.063336849212646484e-01
3.880591392517089844e-01
3.974862098693847656e-01
4.059257507324218750e-01
4.048378467559814453e-01
3.985066413879394531e-01
3.920214176177978516e-01
4.042165279388427734e-01
3.923032283782958984e-01
3.996689319610595703e-01
3.989028930664062500e-01
3.880038261413574219e-01
4.047183990478515625e-01
3.902413845062255859e-01
3.990316390991210938e-01
3.987975120544433594e-01
3.926234245300292969e-01
3.992874622344970703e-01
3.900499343872070312e-01
3.983311653137207031e-01
4.058232307434082031e-01
3.923854827880859375e-01
4.083318710327148438e-01
3.955209255218505859e-01
3.988325595855712891e-01
3.937089443206787109e-01
4.005651473999023438e-01
4.023573398590087891e-01
3.904304504394531250e-01
3.990950584411621094e-01
3.941490650177001953e-01
3.964600563049316406e-01
4.030146598815917969e-01
3.892092704772949219e-01
4.069354534149169922e-01
3.896698951721191406e-01
4.573328495025634766e-01
4.098310470581054688e-01
3.974981307983398438e-01
4.004044532775878906e-01
3.965530395507812500e-01
3.981769084930419922e-01
4.023401737213134766e-01
3.914778232574462891e-01
4.085099697113037109e-01
3.893747329711914062e-01
3.981635570526123047e-01
4.034287929534912109e-01
3.996586799621582031e-01
3.951601982116699219e-01
3.949677944183349609e-01
4.017693996429443359e-01
3.970744609832763672e-01
3.978233337402343750e-01
4.033677577972412109e-01
3.900871276855468750e-01
4.010951519012451172e-01
3.969228267669677734e-01
3.945198059082031250e-01
4.047851562500000000e-01
3.952286243438720703e-01
4.021322727203369141e-01
3.973238468170166016e-01
4.006073474884033203e-01
4.045779705047607422e-01
3.947107791900634766e-01
4.028155803680419922e-01
3.953669071197509766e-01
4.074134826660156250e-01
3.961677551269531250e-01
3.926107883453369141e-01
4.008541107177734375e-01
3.946402072906494141e-01
4.007031917572021484e-01
3.966336250305175781e-01
4.026257991790771484e-01
4.011456966400146484e-01
3.908505439758300781e-01
4.044919013977050781e-01
3.973093032836914062e-01
3.976256847381591797e-01
3.996903896331787109e-01
3.974683284759521484e-01
4.027874469757080078e-01
3.989334106445312500e-01
3.983941078186035156e-01
3.957774639129638672e-01
3.936793804168701172e-01
3.992578983306884766e-01
3.888015747070312500e-01
4.082326889038085938e-01
4.090764522552490234e-01
3.969161510467529297e-01
4.075226783752441406e-01
4.016616344451904297e-01
4.037215709686279297e-01
3.947207927703857422e-01
3.907296657562255859e-01
3.994991779327392578e-01
3.946793079376220703e-01
4.114120006561279297e-01
3.932023048400878906e-01
3.947632312774658203e-01
4.089548587799072266e-01
3.935270309448242188e-01
