9.504000002441406636e+00
1.014399999938964925e+01
1.006399999938964918e+01
1.028799999908447305e+01
1.019200000183105459e+01
1.008000000244140537e+01
1.047999999572753893e+01
1.020799999954223658e+01
9.615999999694825107e+00
1.004799999954223644e+01
9.807999999847412553e+00
9.904000002441406991e+00
1.083199999954223713e+01
1.001600000183105443e+01
9.663999999389648821e+00
1.004799999938964916e+01
9.887999999389649020e+00
1.017599999938964928e+01
1.094399999938964818e+01
1.054399999572753899e+01
1.044800000488281277e+01
1.003199999969482370e+01
9.871999999084472677e+00
1.039999999954223675e+01
9.919999999389649048e+00
9.855999999847412596e+00
9.775999999999999801e+00
1.003199999908447282e+01
1.076800000244140598e+01
1.017599999938964928e+01
9.439999999389648622e+00
1.059199999954223692e+01
1.044799999954223679e+01
1.063999999938964791e+01
1.024000000244140551e+01
1.054399999938964783e+01
1.047999999938964777e+01
1.008000000244140537e+01
1.084799999954223715e+01
1.028800000244140556e+01
1.022399999938964932e+01
9.871999999389649005e+00
1.036800000244140563e+01
1.038400000000000034e+01
1.083199999954223713e+01
1.001600000244140709e+01
1.047999999938964777e+01
1.123199999877929756e+01
1.043199999908447317e+01
1.009599999984741281e+01
1.009599999969482376e+01
1.060799999954223694e+01
1.041600000244140567e+01
1.033599999938964764e+01
1.104000000244140622e+01
1.115199999954223564e+01
1.025599999572753873e+01
1.062399999938964790e+01
1.084799999938964810e+01
1.097599999954223549e+01
1.204799999908447283e+01
1.190399999954223631e+01
1.217600000244140546e+01
1.454399999908447327e+01
1.574399999877929623e+01
1.566399999572753821e+01
1.772799999877929622e+01
1.632000000183105470e+01
1.718400000244140458e+01
1.735999999938964677e+01
1.703999999572753765e+01
1.854400000244140756e+01
1.817599999938964928e+01
1.809600000244140716e+01
1.793599999877929818e+01
1.868799999877929707e+01
2.001600000488281239e+01
1.846400000244140571e+01
1.966399999572753998e+01
1.956800000183105581e+01
2.007999999908447109e+01
2.049600000244140574e+01
2.075200000244140597e+01
2.065600000732422004e+01
2.183999999572753836e+01
2.079999999877929540e+01
2.049599999572754072e+01
2.113599999511718863e+01
2.079999999511718656e+01
1.983999999511718926e+01
2.135999999877929767e+01
2.062400000183105320e+01
2.094399998779296723e+01
2.156799999572753990e+01
2.156800000183105581e+01
2.179199999816894362e+01
2.041599999938964771e+01
2.081600000122070426e+01
2.123199999572753782e+01
2.174399999908447256e+01
2.615999998779296831e+01
2.735999999816894501e+01
2.791999999511718755e+01
2.771200000122070151e+01
2.865600000488281296e+01
2.905600000366210978e+01
2.916800000122070458e+01
2.945599999145507653e+01
2.948800000183105396e+01
3.084799999877929721e+01
3.033600000122070384e+01
3.009600000732421776e+01
3.079999999755859363e+01
3.020800000122070372e+01
3.073599999511718650e+01
3.049599999999999866e+01
3.142399999755859241e+01
3.065600000122070412e+01
3.060800000732421822e+01
3.072000000122070418e+01
3.001599999145507880e+01
3.057599999755859344e+01
3.046400000366211103e+01
3.171199998779296791e+01
3.155200000122070136e+01
3.128000000122070290e+01
3.168000000732421739e+01
3.131199998779296934e+01
3.111999999511718684e+01
3.094399999755859199e+01
3.131200000183105558e+01
3.144000000122070304e+01
3.195199999816894376e+01
3.164799999511718909e+01
3.126399999145507635e+01
3.168000000732421739e+01
3.217600000122070014e+01
3.158399998779296780e+01
3.184000000732421753e+01
3.217600000183105635e+01
3.140799999145507826e+01
3.188800000122070344e+01
3.211199999755859125e+01
3.236800000366211094e+01
3.200000000732421768e+01
3.187199999877929812e+01
3.203200000183105800e+01
3.256000000366211111e+01
3.279999998779296533e+01
3.318399999755859398e+01
3.251200000366210929e+01
3.265599999877929349e+01
3.244799999755859687e+01
3.311999999511719039e+01
3.219200000488281432e+01
3.255999999816894785e+01
3.311999999755859392e+01
3.265599999816894439e+01
3.246399999877930043e+01
3.207999999816894388e+01
3.308799998779296914e+01
3.262399998779297050e+01
3.305599998779296556e+01
3.198400000488281236e+01
3.264000000488281472e+01
3.268800000366211123e+01
3.284799999999999898e+01
3.291199999816894461e+01
3.225599999145507724e+01
3.337600000366210651e+01
3.371199999511718914e+01
3.276799999145507769e+01
3.335999998779296760e+01
3.228799999816894228e+01
3.294400000732422029e+01
3.278400000732421660e+01
3.252800000183105311e+01
3.292800000122070259e+01
3.244799999816894598e+01
3.345600000732422075e+01
3.300800000488280972e+01
3.295999999755859022e+01
3.348799999145507655e+01
3.305599999816894297e+01
3.270400000183105504e+01
3.289599999511718664e+01
3.348799999145507655e+01
3.323199999389648696e+01
3.302399999145507792e+01
3.335999998779296760e+01
3.382400000183105249e+01
3.240000000122070389e+01
3.291200000732421671e+01
3.358400000732422086e+01
3.327999999145507815e+01
3.311999999145508156e+01
3.361599999755859614e+01
3.363199999755859437e+01
3.331199999145507462e+01
3.308799999816894655e+01
