2.205084586143493652e+01
2.148637461662292480e+01
2.225899028778076172e+01
2.235172891616821289e+01
2.230268764495849609e+01
2.199401950836181641e+01
2.232779741287231445e+01
2.203989291191101074e+01
2.235157060623168945e+01
2.216413402557373047e+01
2.236404371261596680e+01
2.230113697052001953e+01
2.203114056587219238e+01
2.223730278015136719e+01
2.219072604179382324e+01
2.199859714508056641e+01
2.269794583320617676e+01
2.197761440277099609e+01
2.226672124862670898e+01
2.239551806449890137e+01
2.203887033462524414e+01
2.203633475303649902e+01
2.238492369651794434e+01
2.204043436050415039e+01
2.246756863594055176e+01
2.204177165031433105e+01
2.213670325279235840e+01
2.202933001518249512e+01
2.213447904586791992e+01
2.219278120994567871e+01
2.221812152862548828e+01
2.197466158866882324e+01
2.222833561897277832e+01
2.200196361541748047e+01
2.204143619537353516e+01
2.199643898010253906e+01
2.204803299903869629e+01
2.228474068641662598e+01
2.227197885513305664e+01
2.212839365005493164e+01
2.202753233909606934e+01
2.204314470291137695e+01
2.208449053764343262e+01
2.226502823829650879e+01
2.241205596923828125e+01
2.202071213722229004e+01
2.202476263046264648e+01
2.206867289543151855e+01
2.234203362464904785e+01
2.232187366485595703e+01
2.252177286148071289e+01
2.220496225357055664e+01
2.204170370101928711e+01
2.191803693771362305e+01
2.205656862258911133e+01
2.204200410842895508e+01
2.250734877586364746e+01
2.213357377052307129e+01
2.231822848320007324e+01
2.212784743309020996e+01
2.199959826469421387e+01
2.214355397224426270e+01
2.194843339920043945e+01
2.196545743942260742e+01
2.188636660575866699e+01
2.203559947013854980e+01
2.207887268066406250e+01
2.216882205009460449e+01
2.222047972679138184e+01
2.193094372749328613e+01
2.223417472839355469e+01
2.215024304389953613e+01
2.229393601417541504e+01
2.203857183456420898e+01
2.203111433982849121e+01
2.200213956832885742e+01
2.198123145103454590e+01
2.233440041542053223e+01
2.198203802108764648e+01
2.234510588645935059e+01
2.218405628204345703e+01
2.250145649909973145e+01
2.201753354072570801e+01
2.250561332702636719e+01
2.201834630966186523e+01
2.239317154884338379e+01
2.202630233764648438e+01
2.234370970726013184e+01
2.201020240783691406e+01
2.196575093269348145e+01
2.202558398246765137e+01
2.201665067672729492e+01
2.200078797340393066e+01
2.235454392433166504e+01
2.193051195144653320e+01
2.208119201660156250e+01
2.258624243736267090e+01
2.229398131370544434e+01
2.198557162284851074e+01
2.242305731773376465e+01
2.188793969154357910e+01
2.201036190986633301e+01
2.197998189926147461e+01
2.246402859687805176e+01
2.198195672035217285e+01
2.247637581825256348e+01
2.215506649017333984e+01
2.195759153366088867e+01
2.223691153526306152e+01
2.193340182304382324e+01
2.209308195114135742e+01
2.222267723083496094e+01
2.200392985343933105e+01
2.227042007446289062e+01
2.233271384239196777e+01
2.216405439376831055e+01
2.213125967979431152e+01
2.214961218833923340e+01
2.197011327743530273e+01
2.235628890991210938e+01
2.240435624122619629e+01
2.208142948150634766e+01
2.215380668640136719e+01
2.194636440277099609e+01
2.234186005592346191e+01
2.219193267822265625e+01
2.237016773223876953e+01
2.218135166168212891e+01
2.245199084281921387e+01
2.201289820671081543e+01
2.228790688514709473e+01
2.264972209930419922e+01
2.215052223205566406e+01
2.209110307693481445e+01
2.248467183113098145e+01
2.206400752067565918e+01
2.199353766441345215e+01
2.226066875457763672e+01
2.228430557250976562e+01
2.224779462814331055e+01
2.187659573554992676e+01
2.228958630561828613e+01
2.198325228691101074e+01
2.204045891761779785e+01
2.233284616470336914e+01
2.222690272331237793e+01
2.265387368202209473e+01
2.249485421180725098e+01
2.203048944473266602e+01
2.200298571586608887e+01
2.246164417266845703e+01
2.227780437469482422e+01
2.225742602348327637e+01
2.231503415107727051e+01
2.198997259140014648e+01
2.189598345756530762e+01
2.204249930381774902e+01
2.212113595008850098e+01
2.207956695556640625e+01
2.207609868049621582e+01
2.216530036926269531e+01
2.210666084289550781e+01
2.226354217529296875e+01
2.196437001228332520e+01
2.206578016281127930e+01
2.192133784294128418e+01
2.213002371788024902e+01
2.201393389701843262e+01
2.190028023719787598e+01
2.230105543136596680e+01
2.215748214721679688e+01
2.192218732833862305e+01
2.187095022201538086e+01
2.190781021118164062e+01
2.227489852905273438e+01
2.204808568954467773e+01
2.261819410324096680e+01
2.205141901969909668e+01
2.201795744895935059e+01
2.233203959465026855e+01
2.231583261489868164e+01
2.223086905479431152e+01
2.209855175018310547e+01
2.199614405632019043e+01
2.185641217231750488e+01
2.251700091361999512e+01
2.228802394866943359e+01
2.235439801216125488e+01
2.219582629203796387e+01
2.236165904998779297e+01
2.188738346099853516e+01
2.198177647590637207e+01
2.195958089828491211e+01
2.224504756927490234e+01
2.206507515907287598e+01
2.273462939262390137e+01
2.230297374725341797e+01
2.192962431907653809e+01
2.232477951049804688e+01
2.189439153671264648e+01
