2.205066680908203125e+01
2.152722239494323730e+01
2.196334457397460938e+01
2.210032534599304199e+01
2.208934736251831055e+01
2.260559368133544922e+01
2.220855140686035156e+01
2.217764091491699219e+01
2.179103088378906250e+01
2.255118060111999512e+01
2.198882365226745605e+01
2.228230118751525879e+01
2.206023454666137695e+01
2.240159416198730469e+01
2.251106667518615723e+01
2.223764204978942871e+01
2.255734705924987793e+01
2.200294733047485352e+01
2.209931540489196777e+01
2.200746059417724609e+01
2.215208387374877930e+01
2.205287313461303711e+01
2.188008737564086914e+01
2.203866386413574219e+01
2.226620626449584961e+01
2.220285391807556152e+01
2.221262764930725098e+01
2.231347012519836426e+01
2.228953838348388672e+01
2.187093186378479004e+01
2.230312156677246094e+01
2.196135187149047852e+01
2.248217439651489258e+01
2.191466021537780762e+01
2.250844693183898926e+01
2.224604701995849609e+01
2.271376609802246094e+01
2.223573493957519531e+01
2.240799164772033691e+01
2.246731972694396973e+01
2.189556407928466797e+01
2.221429085731506348e+01
2.233821415901184082e+01
2.216583561897277832e+01
2.188229656219482422e+01
2.215277433395385742e+01
2.193807935714721680e+01
2.224717879295349121e+01
2.239185142517089844e+01
2.204994201660156250e+01
2.203345632553100586e+01
2.242698073387145996e+01
2.224610686302185059e+01
2.237069869041442871e+01
2.266382980346679688e+01
2.192589378356933594e+01
2.191224408149719238e+01
2.184814286231994629e+01
2.224395895004272461e+01
2.212614631652832031e+01
2.223031520843505859e+01
2.214647912979125977e+01
2.201202726364135742e+01
2.215007185935974121e+01
2.224194812774658203e+01
2.227630209922790527e+01
2.212116098403930664e+01
2.239008450508117676e+01
2.237627243995666504e+01
2.189802384376525879e+01
2.203425025939941406e+01
2.247166132926940918e+01
2.237161111831665039e+01
2.201945471763610840e+01
2.209414172172546387e+01
2.258272123336791992e+01
2.211637020111083984e+01
2.201097631454467773e+01
2.216690278053283691e+01
2.206267094612121582e+01
2.235913276672363281e+01
2.202219867706298828e+01
2.186636686325073242e+01
2.203837132453918457e+01
2.199320435523986816e+01
2.187908077239990234e+01
2.218926596641540527e+01
2.250565385818481445e+01
2.272022628784179688e+01
2.201837110519409180e+01
2.215842819213867188e+01
2.227580070495605469e+01
2.206482791900634766e+01
2.212543034553527832e+01
2.208371901512145996e+01
2.253443646430969238e+01
2.270122766494750977e+01
2.191169524192810059e+01
2.210872960090637207e+01
2.256168437004089355e+01
2.197979211807250977e+01
2.239624261856079102e+01
2.201640176773071289e+01
2.254906034469604492e+01
2.200017714500427246e+01
2.232752490043640137e+01
2.220178723335266113e+01
2.194231438636779785e+01
2.183960962295532227e+01
2.205942106246948242e+01
2.213818192481994629e+01
2.225897598266601562e+01
2.229257416725158691e+01
2.192095327377319336e+01
2.198501467704772949e+01
2.203384089469909668e+01
2.195484685897827148e+01
2.232348203659057617e+01
2.216098046302795410e+01
2.255756664276123047e+01
2.189771318435668945e+01
2.210355353355407715e+01
2.247668123245239258e+01
2.217951750755310059e+01
2.199735736846923828e+01
2.213980078697204590e+01
2.236942076683044434e+01
2.215726375579833984e+01
2.203624176979064941e+01
2.192688059806823730e+01
2.267638683319091797e+01
2.240122222900390625e+01
2.224747157096862793e+01
2.202038431167602539e+01
2.195945167541503906e+01
2.211473393440246582e+01
2.195198297500610352e+01
2.238364005088806152e+01
2.218246340751647949e+01
2.225558209419250488e+01
2.237262177467346191e+01
2.199420976638793945e+01
2.198862361907958984e+01
2.242988109588623047e+01
2.191895413398742676e+01
2.248880314826965332e+01
2.202545094490051270e+01
2.242474150657653809e+01
2.205157017707824707e+01
2.257292437553405762e+01
2.190997171401977539e+01
2.226111793518066406e+01
2.241890454292297363e+01
2.206705713272094727e+01
2.208476519584655762e+01
2.194695162773132324e+01
2.230074787139892578e+01
2.217086315155029297e+01
2.193803453445434570e+01
2.204988050460815430e+01
2.190715408325195312e+01
2.213517785072326660e+01
2.239310550689697266e+01
2.215157318115234375e+01
2.195550251007080078e+01
2.198426699638366699e+01
2.202225828170776367e+01
2.208267450332641602e+01
2.231401181221008301e+01
2.207589197158813477e+01
2.210075139999389648e+01
2.192694830894470215e+01
2.241718268394470215e+01
2.196992325782775879e+01
2.227037668228149414e+01
2.213935041427612305e+01
2.197345185279846191e+01
2.201459646224975586e+01
2.211965918540954590e+01
2.223598980903625488e+01
2.215093088150024414e+01
2.199185228347778320e+01
2.240116930007934570e+01
2.199734449386596680e+01
2.198580145835876465e+01
2.257037997245788574e+01
2.209177565574645996e+01
2.196137499809265137e+01
2.216107630729675293e+01
2.223839807510375977e+01
2.192222785949707031e+01
2.198215055465698242e+01
2.214848017692565918e+01
2.226251101493835449e+01
2.201178479194641113e+01
2.249824881553649902e+01
2.215793967247009277e+01
2.204997801780700684e+01
2.200839090347290039e+01
2.239876389503479004e+01
