1.007999992370605469e+01
9.349999427795410156e+00
1.021000003814697266e+01
9.920000076293945312e+00
1.014999961853027344e+01
9.639999389648437500e+00
9.760000228881835938e+00
1.002999973297119141e+01
9.750000000000000000e+00
9.920000076293945312e+00
9.449999809265136719e+00
1.031999969482421875e+01
1.000000000000000000e+01
9.840000152587890625e+00
1.040999984741210938e+01
1.036999988555908203e+01
1.022999954223632812e+01
1.036999988555908203e+01
1.102999973297119141e+01
1.068999958038330078e+01
1.000000000000000000e+01
1.000000000000000000e+01
9.659999847412109375e+00
1.031999969482421875e+01
9.989999771118164062e+00
1.000000000000000000e+01
1.010999965667724609e+01
1.000000000000000000e+01
9.739999771118164062e+00
9.989999771118164062e+00
8.949999809265136719e+00
1.039999961853027344e+01
1.021999931335449219e+01
1.000000000000000000e+01
1.002999973297119141e+01
1.013999938964843750e+01
1.000000000000000000e+01
1.036999988555908203e+01
1.000999927520751953e+01
1.001999950408935547e+01
1.005999946594238281e+01
1.071999931335449219e+01
1.017000007629394531e+01
1.090999984741210938e+01
1.084000015258789062e+01
1.032999992370605469e+01
1.022999954223632812e+01
1.002999973297119141e+01
1.000000000000000000e+01
1.022999954223632812e+01
1.000999927520751953e+01
9.979999542236328125e+00
9.769999504089355469e+00
1.000000000000000000e+01
1.001999950408935547e+01
1.025999927520751953e+01
1.000999927520751953e+01
1.000000000000000000e+01
1.000000000000000000e+01
1.200999927520751953e+01
1.059999942779541016e+01
1.367000007629394531e+01
1.463999938964843750e+01
1.656999969482421875e+01
1.548999977111816406e+01
1.575999927520751953e+01
1.684000015258789062e+01
1.332999992370605469e+01
1.626000022888183594e+01
2.011999893188476562e+01
1.509999942779541016e+01
2.115999984741210938e+01
1.813999938964843750e+01
1.972999954223632812e+01
2.113999938964843750e+01
2.176999855041503906e+01
1.789999961853027344e+01
1.875000000000000000e+01
1.850000000000000000e+01
2.569999885559082031e+01
1.813999938964843750e+01
2.280999946594238281e+01
1.860999870300292969e+01
2.397999954223632812e+01
2.415999984741210938e+01
2.297999954223632812e+01
2.048999977111816406e+01
2.693999862670898438e+01
1.877999877929687500e+01
2.082999992370605469e+01
2.411999893188476562e+01
1.686999893188476562e+01
2.187999916076660156e+01
1.927000045776367188e+01
2.323999977111816406e+01
2.427999877929687500e+01
2.612999916076660156e+01
2.372999954223632812e+01
2.203999900817871094e+01
2.368999862670898438e+01
2.784999847412109375e+01
2.875999832153320312e+01
2.922999954223632812e+01
2.875000000000000000e+01
2.960999870300292969e+01
3.040999984741210938e+01
3.013999938964843750e+01
3.154999923706054688e+01
3.078999900817871094e+01
3.048999977111816406e+01
3.152999877929687500e+01
3.170999908447265625e+01
3.168999862670898438e+01
3.142000007629394531e+01
3.135999870300292969e+01
3.195999908447265625e+01
3.139999961853027344e+01
3.170999908447265625e+01
3.182999992370605469e+01
3.207999801635742188e+01
3.238000106811523438e+01
3.125999832153320312e+01
3.213000106811523438e+01
3.205999755859375000e+01
3.254999923706054688e+01
3.313999938964843750e+01
3.330999755859375000e+01
3.411999893188476562e+01
3.359000015258789062e+01
3.327000045776367188e+01
3.370000076293945312e+01
3.275999832153320312e+01
3.218999862670898438e+01
3.220999908447265625e+01
3.405999755859375000e+01
3.300000000000000000e+01
3.273999786376953125e+01
3.322999954223632812e+01
3.404999923706054688e+01
3.241999816894531250e+01
3.300000000000000000e+01
3.336999893188476562e+01
3.438999938964843750e+01
3.472999954223632812e+01
3.318999862670898438e+01
3.300999832153320312e+01
3.345999908447265625e+01
3.270999908447265625e+01
3.320000076293945312e+01
3.302000045776367188e+01
3.345999908447265625e+01
3.368999862670898438e+01
3.359999847412109375e+01
3.365999984741210938e+01
3.366999816894531250e+01
3.362999725341796875e+01
3.361999893188476562e+01
3.375999832153320312e+01
3.382999801635742188e+01
3.380999755859375000e+01
3.391999816894531250e+01
3.379000091552734375e+01
3.373999786376953125e+01
3.381999969482421875e+01
3.405999755859375000e+01
3.384999847412109375e+01
3.393999862670898438e+01
3.411000061035156250e+01
3.411999893188476562e+01
3.388999938964843750e+01
3.388999938964843750e+01
3.396999740600585938e+01
3.390999984741210938e+01
3.384999847412109375e+01
3.402999877929687500e+01
3.402000045776367188e+01
3.396999740600585938e+01
3.375000000000000000e+01
3.414999771118164062e+01
3.418999862670898438e+01
3.381999969482421875e+01
3.395999908447265625e+01
3.404000091552734375e+01
3.400000000000000000e+01
3.412999725341796875e+01
3.429000091552734375e+01
3.404000091552734375e+01
3.418000030517578125e+01
3.415999984741210938e+01
3.402999877929687500e+01
3.375000000000000000e+01
3.386999893188476562e+01
3.377999877929687500e+01
3.377000045776367188e+01
3.393999862670898438e+01
3.413999938964843750e+01
3.393999862670898438e+01
3.386000061035156250e+01
3.390999984741210938e+01
3.393000030517578125e+01
