4.003908634185791016e-01
4.020423889160156250e-01
4.037394523620605469e-01
4.004743099212646484e-01
4.108588695526123047e-01
4.036169052124023438e-01
3.963420391082763672e-01
4.089279174804687500e-01
3.905410766601562500e-01
3.972532749176025391e-01
4.068703651428222656e-01
3.965220451354980469e-01
3.987648487091064453e-01
4.209027290344238281e-01
4.317812919616699219e-01
4.037649631500244141e-01
4.131832122802734375e-01
4.019720554351806641e-01
4.027826786041259766e-01
4.026699066162109375e-01
3.945713043212890625e-01
4.010939598083496094e-01
3.987288475036621094e-01
3.946533203125000000e-01
4.028165340423583984e-01
3.880605697631835938e-01
3.955857753753662109e-01
3.978395462036132812e-01
3.932807445526123047e-01
3.992209434509277344e-01
3.931746482849121094e-01
3.981161117553710938e-01
3.960261344909667969e-01
3.973989486694335938e-01
3.991172313690185547e-01
3.966088294982910156e-01
4.081566333770751953e-01
3.996574878692626953e-01
4.020729064941406250e-01
3.998925685882568359e-01
3.972897529602050781e-01
4.046332836151123047e-01
3.976061344146728516e-01
4.045076370239257812e-01
3.918929100036621094e-01
3.954215049743652344e-01
4.007070064544677734e-01
3.920557498931884766e-01
4.049236774444580078e-01
3.930919170379638672e-01
4.045712947845458984e-01
4.063608646392822266e-01
3.873479366302490234e-01
4.036462306976318359e-01
3.966069221496582031e-01
3.958160877227783203e-01
3.981149196624755859e-01
3.927679061889648438e-01
4.018018245697021484e-01
3.932781219482421875e-01
3.987360000610351562e-01
3.990910053253173828e-01
3.913478851318359375e-01
4.008028507232666016e-01
3.931100368499755859e-01
4.018197059631347656e-01
3.923470973968505859e-01
3.983912467956542969e-01
4.026391506195068359e-01
3.904156684875488281e-01
4.046194553375244141e-01
3.963518142700195312e-01
3.968739509582519531e-01
4.045982360839843750e-01
3.934364318847656250e-01
3.997824192047119141e-01
3.909025192260742188e-01
4.047915935516357422e-01
3.996455669403076172e-01
3.941884040832519531e-01
4.029817581176757812e-01
3.924393653869628906e-01
4.006540775299072266e-01
4.040782451629638672e-01
3.927648067474365234e-01
4.028337001800537109e-01
3.927700519561767578e-01
4.071712493896484375e-01
3.997976779937744141e-01
3.967287540435791016e-01
4.063837528228759766e-01
3.906803131103515625e-01
3.953142166137695312e-01
4.046547412872314453e-01
3.934123516082763672e-01
4.063956737518310547e-01
3.881664276123046875e-01
3.975620269775390625e-01
4.061272144317626953e-01
4.049379825592041016e-01
3.986477851867675781e-01
3.923518657684326172e-01
4.041507244110107422e-01
3.919942378997802734e-01
3.995404243469238281e-01
3.987519741058349609e-01
3.880877494812011719e-01
4.046323299407958984e-01
3.901116847991943359e-01
3.989665508270263672e-01
3.987271785736083984e-01
3.925518989562988281e-01
3.991777896881103516e-01
3.900842666625976562e-01
3.983123302459716797e-01
4.059340953826904297e-01
3.924634456634521484e-01
4.085385799407958984e-01
3.956880569458007812e-01
3.982002735137939453e-01
3.935663700103759766e-01
4.004232883453369141e-01
4.025197029113769531e-01
3.905336856842041016e-01
3.992149829864501953e-01
3.940985202789306641e-01
3.965640068054199219e-01
4.030473232269287109e-01
3.883781433105468750e-01
4.067516326904296875e-01
3.895447254180908203e-01
4.477229118347167969e-01
4.098725318908691406e-01
3.976957798004150391e-01
4.003934860229492188e-01
3.963224887847900391e-01
3.981287479400634766e-01
4.024329185485839844e-01
3.916130065917968750e-01
4.083640575408935547e-01
3.893947601318359375e-01
3.983211517333984375e-01
4.031729698181152344e-01
3.997185230255126953e-01
3.952918052673339844e-01
3.950228691101074219e-01
4.019610881805419922e-01
3.971440792083740234e-01
3.979270458221435547e-01
4.034063816070556641e-01
3.901448249816894531e-01
4.010298252105712891e-01
3.969721794128417969e-01
3.936581611633300781e-01
4.046494960784912109e-01
3.943858146667480469e-01
4.021880626678466797e-01
3.972747325897216797e-01
4.006125926971435547e-01
4.043610095977783203e-01
3.946247100830078125e-01
4.026842117309570312e-01
3.953385353088378906e-01
4.072222709655761719e-01
3.960821628570556641e-01
3.925895690917968750e-01
4.008295536041259766e-01
3.946261405944824219e-01
4.006762504577636719e-01
3.963642120361328125e-01
4.025218486785888672e-01
4.012544155120849609e-01
3.908867835998535156e-01
4.044220447540283203e-01
3.970689773559570312e-01
3.980386257171630859e-01
3.993959426879882812e-01
3.974692821502685547e-01
4.028763771057128906e-01
3.988087177276611328e-01
3.985493183135986328e-01
3.957710266113281250e-01
3.939073085784912109e-01
3.992807865142822266e-01
3.888940811157226562e-01
4.081377983093261719e-01
4.089868068695068359e-01
3.970522880554199219e-01
4.077026844024658203e-01
4.018707275390625000e-01
4.037618637084960938e-01
3.946466445922851562e-01
3.907544612884521484e-01
3.992381095886230469e-01
3.946590423583984375e-01
4.115827083587646484e-01
3.931093215942382812e-01
3.950047492980957031e-01
4.089756011962890625e-01
3.930282592773437500e-01
