1.337661194801330566e+01
1.285219955444335938e+01
1.295446109771728516e+01
1.291132569313049316e+01
1.297999835014343262e+01
1.292972922325134277e+01
1.291712737083435059e+01
1.295370650291442871e+01
1.292539477348327637e+01
1.296059155464172363e+01
1.296773171424865723e+01
1.294825077056884766e+01
1.295131540298461914e+01
1.306529569625854492e+01
1.303677344322204590e+01
1.298915314674377441e+01
1.292613101005554199e+01
1.303728413581848145e+01
1.299097657203674316e+01
1.299883294105529785e+01
1.296610784530639648e+01
1.299166607856750488e+01
1.299647665023803711e+01
1.289503812789916992e+01
1.296871042251586914e+01
1.291718244552612305e+01
1.295950174331665039e+01
1.296969437599182129e+01
1.296171212196350098e+01
1.297049736976623535e+01
1.295115256309509277e+01
1.301865482330322266e+01
1.293809247016906738e+01
1.294513916969299316e+01
1.302877759933471680e+01
1.302468204498291016e+01
1.296006870269775391e+01
1.297731399536132812e+01
1.298266911506652832e+01
1.294160032272338867e+01
1.297908926010131836e+01
1.296595263481140137e+01
1.295682907104492188e+01
1.295859980583190918e+01
1.297098493576049805e+01
1.297285103797912598e+01
1.298391652107238770e+01
1.297757267951965332e+01
1.298669290542602539e+01
1.294588661193847656e+01
1.299672055244445801e+01
1.296991634368896484e+01
1.296004509925842285e+01
1.294447684288024902e+01
1.295205831527709961e+01
1.297408056259155273e+01
1.309471535682678223e+01
1.295763826370239258e+01
1.289920639991760254e+01
1.293259811401367188e+01
1.289466381072998047e+01
1.293688011169433594e+01
1.289545750617980957e+01
1.300320625305175781e+01
1.295946979522705078e+01
1.299792599678039551e+01
1.295039439201354980e+01
1.302064228057861328e+01
1.297348666191101074e+01
1.297424221038818359e+01
1.297999215126037598e+01
1.297258114814758301e+01
1.313916277885437012e+01
1.301576876640319824e+01
1.295080232620239258e+01
1.298842382431030273e+01
1.297821807861328125e+01
1.298945212364196777e+01
1.294324660301208496e+01
1.290809917449951172e+01
1.299811911582946777e+01
1.298804211616516113e+01
1.297037935256958008e+01
1.295553708076477051e+01
1.295256304740905762e+01
1.295904970169067383e+01
1.294964957237243652e+01
1.297045016288757324e+01
1.297220063209533691e+01
1.299857115745544434e+01
1.303131914138793945e+01
1.290798783302307129e+01
1.293334317207336426e+01
1.299807286262512207e+01
1.290521121025085449e+01
1.297700595855712891e+01
1.295036244392395020e+01
1.300402092933654785e+01
1.296743822097778320e+01
1.300548052787780762e+01
1.299871540069580078e+01
1.292361712455749512e+01
1.301189708709716797e+01
1.301264762878417969e+01
1.301317024230957031e+01
1.296726822853088379e+01
1.296046853065490723e+01
1.303113889694213867e+01
1.295929431915283203e+01
1.298971581459045410e+01
1.297551584243774414e+01
1.296732616424560547e+01
1.299191951751708984e+01
1.299591732025146484e+01
1.294183635711669922e+01
1.298485350608825684e+01
1.296436691284179688e+01
1.297996091842651367e+01
1.302102303504943848e+01
1.297357010841369629e+01
1.290563344955444336e+01
1.302684712409973145e+01
1.295772862434387207e+01
1.290441536903381348e+01
1.300898575782775879e+01
1.290209674835205078e+01
1.291280770301818848e+01
1.302038145065307617e+01
1.296276402473449707e+01
1.298917484283447266e+01
1.299100565910339355e+01
1.308342218399047852e+01
1.291945791244506836e+01
1.298733735084533691e+01
1.294903516769409180e+01
1.298732137680053711e+01
1.316926145553588867e+01
1.298703885078430176e+01
1.298546981811523438e+01
1.294506502151489258e+01
1.293073892593383789e+01
1.300593447685241699e+01
1.295308303833007812e+01
1.302281856536865234e+01
1.297988390922546387e+01
1.292861342430114746e+01
1.301476049423217773e+01
1.291835069656372070e+01
1.297429323196411133e+01
1.290840983390808105e+01
1.293290376663208008e+01
1.297938489913940430e+01
1.296448564529418945e+01
1.297874879837036133e+01
1.301578068733215332e+01
1.288730025291442871e+01
1.303832221031188965e+01
1.303838205337524414e+01
1.296204924583435059e+01
1.297897171974182129e+01
1.301762986183166504e+01
1.293470454216003418e+01
1.301106309890747070e+01
1.293759393692016602e+01
1.292861056327819824e+01
1.298292303085327148e+01
1.299238967895507812e+01
1.296085214614868164e+01
1.296734571456909180e+01
1.296384382247924805e+01
1.297485375404357910e+01
1.288738536834716797e+01
1.300538611412048340e+01
1.297827005386352539e+01
1.297633409500122070e+01
1.290103912353515625e+01
1.295841574668884277e+01
1.299485349655151367e+01
1.297876667976379395e+01
1.290209889411926270e+01
1.294922780990600586e+01
1.296164417266845703e+01
1.292013382911682129e+01
1.298674678802490234e+01
1.298197269439697266e+01
1.297924757003784180e+01
1.295534896850585938e+01
1.290711092948913574e+01
1.293969631195068359e+01
1.298186087608337402e+01
1.299183750152587891e+01
1.295264244079589844e+01
1.296860241889953613e+01
1.297624564170837402e+01
1.289830207824707031e+01
1.304932188987731934e+01
1.299503159523010254e+01
1.296226596832275391e+01
1.292747282981872559e+01
1.294195485115051270e+01
