1.297622108459472656e+01
1.245015716552734375e+01
1.255072164535522461e+01
1.251085138320922852e+01
1.256913948059082031e+01
1.252611231803894043e+01
1.252078533172607422e+01
1.254477858543395996e+01
1.253485369682312012e+01
1.256333827972412109e+01
1.256086134910583496e+01
1.255172872543334961e+01
1.255255055427551270e+01
1.264439296722412109e+01
1.260499215126037598e+01
1.258538818359375000e+01
1.251294779777526855e+01
1.263531208038330078e+01
1.258819389343261719e+01
1.259616303443908691e+01
1.257153654098510742e+01
1.259057211875915527e+01
1.259774780273437500e+01
1.250038480758666992e+01
1.256589388847351074e+01
1.252912187576293945e+01
1.256391596794128418e+01
1.257185482978820801e+01
1.256843137741088867e+01
1.257127642631530762e+01
1.255797791481018066e+01
1.262053871154785156e+01
1.254206633567810059e+01
1.254774022102355957e+01
1.262966036796569824e+01
1.262807321548461914e+01
1.255191206932067871e+01
1.257765650749206543e+01
1.258059620857238770e+01
1.254170775413513184e+01
1.258179950714111328e+01
1.256131935119628906e+01
1.255922293663024902e+01
1.255409216880798340e+01
1.257909202575683594e+01
1.257742953300476074e+01
1.258320951461791992e+01
1.258551692962646484e+01
1.258176922798156738e+01
1.255279469490051270e+01
1.259214925765991211e+01
1.256355547904968262e+01
1.257269716262817383e+01
1.254083061218261719e+01
1.255545139312744141e+01
1.257826447486877441e+01
1.269660043716430664e+01
1.256487035751342773e+01
1.249740457534790039e+01
1.253931999206542969e+01
1.249592781066894531e+01
1.253778910636901855e+01
1.250410962104797363e+01
1.260240340232849121e+01
1.256635975837707520e+01
1.259610629081726074e+01
1.255804729461669922e+01
1.262225103378295898e+01
1.257084751129150391e+01
1.258382654190063477e+01
1.257537269592285156e+01
1.257622933387756348e+01
1.274228882789611816e+01
1.261117053031921387e+01
1.255736589431762695e+01
1.258864140510559082e+01
1.258731555938720703e+01
1.258466053009033203e+01
1.254360103607177734e+01
1.251391077041625977e+01
1.259513735771179199e+01
1.259560275077819824e+01
1.256972527503967285e+01
1.255145883560180664e+01
1.255979824066162109e+01
1.255621600151062012e+01
1.255687952041625977e+01
1.256327891349792480e+01
1.257240295410156250e+01
1.260184240341186523e+01
1.262493538856506348e+01
1.251730751991271973e+01
1.253802895545959473e+01
1.259341812133789062e+01
1.251179885864257812e+01
1.257061028480529785e+01
1.256219601631164551e+01
1.260645890235900879e+01
1.256131100654602051e+01
1.260054254531860352e+01
1.260006761550903320e+01
1.253126525878906250e+01
1.260774636268615723e+01
1.262065339088439941e+01
1.261362981796264648e+01
1.256851625442504883e+01
1.257238078117370605e+01
1.262650656700134277e+01
1.256918263435363770e+01
1.259074926376342773e+01
1.257678866386413574e+01
1.257477426528930664e+01
1.259274172782897949e+01
1.260583305358886719e+01
1.254352402687072754e+01
1.257891941070556641e+01
1.257190346717834473e+01
1.257142233848571777e+01
1.262533497810363770e+01
1.257536983489990234e+01
1.251206707954406738e+01
1.262642383575439453e+01
1.255520892143249512e+01
1.251388168334960938e+01
1.260977077484130859e+01
1.250799822807312012e+01
1.251624369621276855e+01
1.261733412742614746e+01
1.257438588142395020e+01
1.258242321014404297e+01
1.260146093368530273e+01
1.263569927215576172e+01
1.250958538055419922e+01
1.258964157104492188e+01
1.254864168167114258e+01
1.259099888801574707e+01
1.277113270759582520e+01
1.258460593223571777e+01
1.259385681152343750e+01
1.253670096397399902e+01
1.254134416580200195e+01
1.260761332511901855e+01
1.254991006851196289e+01
1.262310004234313965e+01
1.258459210395812988e+01
1.253359055519104004e+01
1.261279940605163574e+01
1.252120661735534668e+01
1.257636618614196777e+01
1.250500345230102539e+01
1.254275894165039062e+01
1.257835507392883301e+01
1.256751346588134766e+01
1.258509063720703125e+01
1.261113119125366211e+01
1.249291443824768066e+01
1.263613414764404297e+01
1.264110732078552246e+01
1.256143665313720703e+01
1.257461071014404297e+01
1.262300515174865723e+01
1.253202033042907715e+01
1.261572456359863281e+01
1.253037166595458984e+01
1.253252840042114258e+01
1.259033346176147461e+01
1.259156012535095215e+01
1.256622600555419922e+01
1.256666946411132812e+01
1.256747961044311523e+01
1.257233190536499023e+01
1.248613095283508301e+01
1.261449933052062988e+01
1.257384800910949707e+01
1.257926511764526367e+01
1.250300049781799316e+01
1.255901980400085449e+01
1.259738421440124512e+01
1.257589030265808105e+01
1.250329017639160156e+01
1.255067849159240723e+01
1.256587314605712891e+01
1.252622652053833008e+01
1.258746600151062012e+01
1.259307861328125000e+01
1.257110977172851562e+01
1.254636216163635254e+01
1.251005864143371582e+01
1.253199362754821777e+01
1.257999014854431152e+01
1.258807563781738281e+01
1.255799579620361328e+01
1.257784795761108398e+01
1.257700753211975098e+01
1.250364303588867188e+01
1.263773918151855469e+01
1.260192227363586426e+01
1.256726121902465820e+01
1.251849722862243652e+01
1.254892659187316895e+01
