1.025000000000000000e+01
9.769999504089355469e+00
1.010999965667724609e+01
9.899999618530273438e+00
1.038999938964843750e+01
9.659999847412109375e+00
9.689999580383300781e+00
1.007999992370605469e+01
1.007999992370605469e+01
1.044999980926513672e+01
9.599999427795410156e+00
1.013999938964843750e+01
1.002999973297119141e+01
1.003999996185302734e+01
1.017000007629394531e+01
1.035999965667724609e+01
9.939999580383300781e+00
1.111999988555908203e+01
9.679999351501464844e+00
1.059999942779541016e+01
9.989999771118164062e+00
1.078999996185302734e+01
1.168999958038330078e+01
9.859999656677246094e+00
1.028999996185302734e+01
1.080000019073486328e+01
9.979999542236328125e+00
1.057999992370605469e+01
1.009999942779541016e+01
1.000999927520751953e+01
1.051999950408935547e+01
1.000000000000000000e+01
1.043999958038330078e+01
9.889999389648437500e+00
9.869999885559082031e+00
1.030000019073486328e+01
1.019999980926513672e+01
1.005999946594238281e+01
1.000000000000000000e+01
1.038000011444091797e+01
1.092000007629394531e+01
1.072999954223632812e+01
1.239999961853027344e+01
1.000000000000000000e+01
1.025000000000000000e+01
9.960000038146972656e+00
1.005000019073486328e+01
1.031999969482421875e+01
1.302999973297119141e+01
9.969999313354492188e+00
1.000999927520751953e+01
1.018999958038330078e+01
1.000999927520751953e+01
1.017000007629394531e+01
1.085999965667724609e+01
1.076999950408935547e+01
1.000000000000000000e+01
1.000000000000000000e+01
1.009999942779541016e+01
1.015999984741210938e+01
1.011999988555908203e+01
1.000000000000000000e+01
1.000999927520751953e+01
1.060999965667724609e+01
1.151999950408935547e+01
1.003999996185302734e+01
1.078999996185302734e+01
9.929999351501464844e+00
1.325000000000000000e+01
1.217999935150146484e+01
1.015999984741210938e+01
9.979999542236328125e+00
1.000000000000000000e+01
1.030999946594238281e+01
1.142999935150146484e+01
1.197999954223632812e+01
1.000999927520751953e+01
1.115999984741210938e+01
1.034999942779541016e+01
1.088999938964843750e+01
9.059999465942382812e+00
1.071999931335449219e+01
9.739999771118164062e+00
1.276999950408935547e+01
1.047999954223632812e+01
1.160999965667724609e+01
1.202999973297119141e+01
9.979999542236328125e+00
1.005000019073486328e+01
1.113000011444091797e+01
9.649999618530273438e+00
9.789999961853027344e+00
1.150999927520751953e+01
1.009000015258789062e+01
1.000000000000000000e+01
1.110999965667724609e+01
1.152999973297119141e+01
1.032999992370605469e+01
9.510000228881835938e+00
9.969999313354492188e+00
1.281999969482421875e+01
1.332999992370605469e+01
1.326999950408935547e+01
1.442000007629394531e+01
1.332999992370605469e+01
1.400999927520751953e+01
1.467000007629394531e+01
1.533999919891357422e+01
1.498999977111816406e+01
1.522999954223632812e+01
1.593999958038330078e+01
1.515999984741210938e+01
1.630999946594238281e+01
1.675000000000000000e+01
1.673999977111816406e+01
1.745999908447265625e+01
1.789999961853027344e+01
1.871999931335449219e+01
1.843999862670898438e+01
1.786999893188476562e+01
1.860000038146972656e+01
1.912999916076660156e+01
1.914999961853027344e+01
1.952999877929687500e+01
1.869999885559082031e+01
1.862999916076660156e+01
1.934000015258789062e+01
1.960999870300292969e+01
2.010000038146972656e+01
1.906999969482421875e+01
2.076999855041503906e+01
2.126000022888183594e+01
2.179999923706054688e+01
1.914999961853027344e+01
2.161999893188476562e+01
2.071999931335449219e+01
2.159000015258789062e+01
2.112999916076660156e+01
2.103999900817871094e+01
2.188999938964843750e+01
2.153999900817871094e+01
2.239999961853027344e+01
2.220999908447265625e+01
2.195999908447265625e+01
2.068000030517578125e+01
2.126000022888183594e+01
2.240999984741210938e+01
2.293999862670898438e+01
2.126999855041503906e+01
2.172999954223632812e+01
2.293999862670898438e+01
2.320999908447265625e+01
2.332999992370605469e+01
2.338999938964843750e+01
2.332999992370605469e+01
2.350000000000000000e+01
2.343000030517578125e+01
2.340999984741210938e+01
2.290999984741210938e+01
2.309000015258789062e+01
2.311999893188476562e+01
2.318999862670898438e+01
2.334000015258789062e+01
2.335999870300292969e+01
2.347999954223632812e+01
2.318999862670898438e+01
2.334999847412109375e+01
2.306999969482421875e+01
2.355999946594238281e+01
2.340999984741210938e+01
2.367000007629394531e+01
2.344999885559082031e+01
2.363999938964843750e+01
2.368000030517578125e+01
2.359999847412109375e+01
2.392000007629394531e+01
2.359999847412109375e+01
2.359999847412109375e+01
2.406999969482421875e+01
2.362999916076660156e+01
2.377999877929687500e+01
2.398999977111816406e+01
2.359000015258789062e+01
2.384000015258789062e+01
2.382999992370605469e+01
2.388999938964843750e+01
2.382999992370605469e+01
2.379999923706054688e+01
2.360999870300292969e+01
2.402999877929687500e+01
2.422999954223632812e+01
2.401000022888183594e+01
2.397999954223632812e+01
2.396999931335449219e+01
2.407999992370605469e+01
2.418999862670898438e+01
2.393999862670898438e+01
2.398999977111816406e+01
2.420999908447265625e+01
2.421999931335449219e+01
