4.004266262054443359e-01
4.020950794219970703e-01
4.037160873413085938e-01
4.004750251770019531e-01
4.109017848968505859e-01
4.036173820495605469e-01
3.963174819946289062e-01
4.089250564575195312e-01
3.905301094055175781e-01
3.972280025482177734e-01
4.068238735198974609e-01
3.965084552764892578e-01
3.987586498260498047e-01
4.341576099395751953e-01
4.375839233398437500e-01
4.037640094757080078e-01
4.132137298583984375e-01
4.019939899444580078e-01
4.027521610260009766e-01
4.026715755462646484e-01
3.945972919464111328e-01
4.011106491088867188e-01
3.986892700195312500e-01
3.947150707244873047e-01
4.027831554412841797e-01
3.880145549774169922e-01
3.955838680267333984e-01
3.978059291839599609e-01
3.932535648345947266e-01
3.991975784301757812e-01
3.931713104248046875e-01
3.981173038482666016e-01
3.960120677947998047e-01
3.974337577819824219e-01
3.991184234619140625e-01
3.966512680053710938e-01
4.081625938415527344e-01
3.996210098266601562e-01
4.020931720733642578e-01
3.999156951904296875e-01
3.972816467285156250e-01
4.046142101287841797e-01
3.975849151611328125e-01
4.044766426086425781e-01
3.918976783752441406e-01
3.954257965087890625e-01
4.007132053375244141e-01
3.920536041259765625e-01
4.049460887908935547e-01
3.930828571319580078e-01
4.045333862304687500e-01
4.063313007354736328e-01
3.873631954193115234e-01
4.036548137664794922e-01
3.965933322906494141e-01
3.957626819610595703e-01
3.980836868286132812e-01
3.927552700042724609e-01
4.017534255981445312e-01
3.932743072509765625e-01
3.987069129943847656e-01
3.990795612335205078e-01
3.913469314575195312e-01
4.008185863494873047e-01
3.930981159210205078e-01
4.017879962921142578e-01
3.923366069793701172e-01
3.984019756317138672e-01
4.026229381561279297e-01
3.904020786285400391e-01
4.046080112457275391e-01
3.963515758514404297e-01
3.968541622161865234e-01
4.034774303436279297e-01
3.934376239776611328e-01
3.997859954833984375e-01
3.908746242523193359e-01
4.048104286193847656e-01
3.996191024780273438e-01
3.941829204559326172e-01
4.029746055603027344e-01
3.924508094787597656e-01
4.006681442260742188e-01
4.040563106536865234e-01
3.927392959594726562e-01
4.028306007385253906e-01
3.927564620971679688e-01
4.071719646453857422e-01
3.997707366943359375e-01
3.966736793518066406e-01
4.063405990600585938e-01
3.906555175781250000e-01
3.953659534454345703e-01
4.046461582183837891e-01
3.933758735656738281e-01
4.063971042633056641e-01
3.881721496582031250e-01
3.975791931152343750e-01
4.060900211334228516e-01
4.049341678619384766e-01
3.986370563507080078e-01
3.923501968383789062e-01
4.041578769683837891e-01
3.919980525970458984e-01
3.995575904846191406e-01
3.987317085266113281e-01
3.880696296691894531e-01
4.046025276184082031e-01
3.900918960571289062e-01
3.989887237548828125e-01
3.987131118774414062e-01
3.924868106842041016e-01
3.991608619689941406e-01
3.900661468505859375e-01
3.982799053192138672e-01
4.059381484985351562e-01
3.924612998962402344e-01
4.085121154785156250e-01
3.956592082977294922e-01
3.982043266296386719e-01
3.935434818267822266e-01
4.004330635070800781e-01
4.025058746337890625e-01
3.905222415924072266e-01
3.991911411285400391e-01
3.941001892089843750e-01
3.965766429901123047e-01
4.030489921569824219e-01
3.883981704711914062e-01
4.067413806915283203e-01
3.895437717437744141e-01
4.476895332336425781e-01
4.098427295684814453e-01
3.976759910583496094e-01
4.003531932830810547e-01
3.962821960449218750e-01
3.981339931488037109e-01
4.024400711059570312e-01
3.916482925415039062e-01
4.083216190338134766e-01
3.893330097198486328e-01
3.982994556427001953e-01
4.031591415405273438e-01
3.997199535369873047e-01
3.952810764312744141e-01
3.949458599090576172e-01
4.019474983215332031e-01
3.971383571624755859e-01
3.978955745697021484e-01
4.034032821655273438e-01
3.901424407958984375e-01
4.010138511657714844e-01
3.969571590423583984e-01
3.936483860015869141e-01
4.046342372894287109e-01
3.943569660186767578e-01
4.021928310394287109e-01
3.972485065460205078e-01
4.006094932556152344e-01
4.043369293212890625e-01
3.945872783660888672e-01
4.026820659637451172e-01
3.953127861022949219e-01
4.072518348693847656e-01
3.960514068603515625e-01
3.925991058349609375e-01
4.008247852325439453e-01
3.946335315704345703e-01
4.006712436676025391e-01
3.963594436645507812e-01
4.025492668151855469e-01
4.012684822082519531e-01
3.908782005310058594e-01
4.044172763824462891e-01
3.971049785614013672e-01
3.980376720428466797e-01
3.993995189666748047e-01
3.973937034606933594e-01
4.028685092926025391e-01
3.988237380981445312e-01
3.985602855682373047e-01
3.957705497741699219e-01
3.938989639282226562e-01
3.992879390716552734e-01
3.889408111572265625e-01
4.081189632415771484e-01
4.089522361755371094e-01
3.970551490783691406e-01
4.077548980712890625e-01
4.019012451171875000e-01
4.037368297576904297e-01
3.946413993835449219e-01
3.907508850097656250e-01
3.992424011230468750e-01
3.946590423583984375e-01
4.115767478942871094e-01
3.930940628051757812e-01
3.949689865112304688e-01
4.089794158935546875e-01
3.930158615112304688e-01
