1.334278988838195801e+01
1.277745032310485840e+01
1.287812590599060059e+01
1.288694381713867188e+01
1.292014646530151367e+01
1.289812231063842773e+01
1.285494923591613770e+01
1.294462347030639648e+01
1.293137073516845703e+01
1.299266290664672852e+01
1.299847579002380371e+01
1.299860739707946777e+01
1.310343384742736816e+01
1.306108331680297852e+01
1.301452279090881348e+01
1.297834396362304688e+01
1.305058670043945312e+01
1.298982143402099609e+01
1.300054836273193359e+01
1.292210936546325684e+01
1.301251006126403809e+01
1.298485422134399414e+01
1.301420688629150391e+01
1.297801804542541504e+01
1.295315051078796387e+01
1.293024563789367676e+01
1.296296381950378418e+01
1.293086218833923340e+01
1.297129750251770020e+01
1.296493506431579590e+01
1.294855904579162598e+01
1.303763651847839355e+01
1.297499561309814453e+01
1.302329587936401367e+01
1.302075290679931641e+01
1.295233678817749023e+01
1.304422473907470703e+01
1.292504835128784180e+01
1.297023510932922363e+01
1.294502115249633789e+01
1.293602800369262695e+01
1.301616859436035156e+01
1.296601390838623047e+01
1.294515347480773926e+01
1.301532554626464844e+01
1.300312399864196777e+01
1.302767586708068848e+01
1.298400807380676270e+01
1.300054287910461426e+01
1.297946214675903320e+01
1.299612879753112793e+01
1.299109053611755371e+01
1.300926160812377930e+01
1.312721657752990723e+01
1.298710441589355469e+01
1.301468420028686523e+01
1.294003057479858398e+01
1.308110213279724121e+01
1.299278569221496582e+01
1.299335408210754395e+01
1.297896814346313477e+01
1.297154426574707031e+01
1.299860858917236328e+01
1.297907590866088867e+01
1.303895854949951172e+01
1.304741787910461426e+01
1.308302593231201172e+01
1.297853827476501465e+01
1.298147296905517578e+01
1.300288033485412598e+01
1.299232101440429688e+01
1.292577838897705078e+01
1.293719983100891113e+01
1.295283007621765137e+01
1.300934433937072754e+01
1.303082442283630371e+01
1.297536540031433105e+01
1.294561600685119629e+01
1.294748854637145996e+01
1.292570877075195312e+01
1.291253328323364258e+01
1.299695062637329102e+01
1.298401308059692383e+01
1.301711511611938477e+01
1.298654270172119141e+01
1.295112991333007812e+01
1.304435849189758301e+01
1.303523039817810059e+01
1.289750432968139648e+01
1.295294475555419922e+01
1.295783972740173340e+01
1.296072268486022949e+01
1.297950124740600586e+01
1.293406629562377930e+01
1.292404413223266602e+01
1.298065972328186035e+01
1.298491239547729492e+01
1.310383296012878418e+01
1.296450209617614746e+01
1.298159480094909668e+01
1.295267033576965332e+01
1.301690721511840820e+01
1.301437640190124512e+01
1.301071882247924805e+01
1.303825068473815918e+01
1.299617004394531250e+01
1.294100260734558105e+01
1.299321842193603516e+01
1.297380518913269043e+01
1.300567150115966797e+01
1.298762536048889160e+01
1.303713607788085938e+01
1.298505997657775879e+01
1.294089460372924805e+01
1.301585721969604492e+01
1.302383184432983398e+01
1.305582380294799805e+01
1.301258730888366699e+01
1.297135949134826660e+01
1.298776626586914062e+01
1.299022698402404785e+01
1.297790360450744629e+01
1.298629093170166016e+01
1.298107790946960449e+01
1.297010540962219238e+01
1.305757641792297363e+01
1.296808791160583496e+01
1.301229977607727051e+01
1.299521780014038086e+01
1.305003833770751953e+01
1.298324704170227051e+01
1.312251043319702148e+01
1.296675109863281250e+01
1.297575235366821289e+01
1.299452757835388184e+01
1.295582509040832520e+01
1.300765275955200195e+01
1.301842021942138672e+01
1.299775409698486328e+01
1.294930410385131836e+01
1.293656945228576660e+01
1.297324872016906738e+01
1.299025630950927734e+01
1.303155755996704102e+01
1.295159125328063965e+01
1.294192409515380859e+01
1.306674647331237793e+01
1.303540897369384766e+01
1.304088950157165527e+01
1.300514793395996094e+01
1.293853998184204102e+01
1.298904228210449219e+01
1.295970082283020020e+01
1.302190947532653809e+01
1.300872540473937988e+01
1.294419264793395996e+01
1.308693289756774902e+01
1.300516271591186523e+01
1.301895093917846680e+01
1.298689603805541992e+01
1.294051074981689453e+01
1.294018125534057617e+01
1.294800996780395508e+01
1.298137807846069336e+01
1.300946521759033203e+01
1.300992608070373535e+01
1.299936866760253906e+01
1.298803186416625977e+01
1.294074797630310059e+01
1.297623038291931152e+01
1.297704052925109863e+01
1.300046944618225098e+01
1.292647099494934082e+01
1.296924567222595215e+01
1.292611145973205566e+01
1.288842058181762695e+01
1.291755461692810059e+01
1.293105244636535645e+01
1.301342058181762695e+01
1.300532150268554688e+01
1.298804140090942383e+01
1.298217558860778809e+01
1.295255136489868164e+01
1.302555513381958008e+01
1.296892690658569336e+01
1.293979907035827637e+01
1.300829935073852539e+01
1.300191068649291992e+01
1.300696349143981934e+01
1.297741460800170898e+01
1.300667262077331543e+01
1.305285620689392090e+01
1.306230783462524414e+01
1.300711202621459961e+01
1.294756603240966797e+01
1.296840834617614746e+01
1.293008780479431152e+01
1.295628619194030762e+01
1.301323699951171875e+01
1.305032730102539062e+01
