1.000000000000000000e+01
9.649999618530273438e+00
1.075999927520751953e+01
1.005999946594238281e+01
1.035999965667724609e+01
1.034000015258789062e+01
9.929999351501464844e+00
9.789999961853027344e+00
9.779999732971191406e+00
9.769999504089355469e+00
1.036999988555908203e+01
9.199999809265136719e+00
1.000000000000000000e+01
9.899999618530273438e+00
9.989999771118164062e+00
1.082999992370605469e+01
1.063999938964843750e+01
1.075999927520751953e+01
1.088000011444091797e+01
1.096999931335449219e+01
1.000000000000000000e+01
1.000999927520751953e+01
1.000000000000000000e+01
1.015999984741210938e+01
1.030999946594238281e+01
1.000000000000000000e+01
1.013000011444091797e+01
1.000000000000000000e+01
1.085999965667724609e+01
1.000000000000000000e+01
1.007999992370605469e+01
9.979999542236328125e+00
1.046999931335449219e+01
1.080000019073486328e+01
8.760000228881835938e+00
9.939999580383300781e+00
9.809999465942382812e+00
1.050000000000000000e+01
9.969999313354492188e+00
1.196999931335449219e+01
1.001999950408935547e+01
9.909999847412109375e+00
1.030000019073486328e+01
9.409999847412109375e+00
1.007999992370605469e+01
1.185999965667724609e+01
1.042999935150146484e+01
1.003999996185302734e+01
1.000000000000000000e+01
9.960000038146972656e+00
1.043999958038330078e+01
1.001999950408935547e+01
1.003999996185302734e+01
1.000000000000000000e+01
1.053999996185302734e+01
1.044999980926513672e+01
1.071000003814697266e+01
1.152999973297119141e+01
1.106999969482421875e+01
9.989999771118164062e+00
1.006999969482421875e+01
1.250999927520751953e+01
1.442000007629394531e+01
1.396000003814697266e+01
1.531999969482421875e+01
1.769999885559082031e+01
1.500999927520751953e+01
1.980999946594238281e+01
1.821999931335449219e+01
1.890999984741210938e+01
2.126000022888183594e+01
1.727999877929687500e+01
1.848999977111816406e+01
1.998999977111816406e+01
1.996999931335449219e+01
2.137999916076660156e+01
2.148999977111816406e+01
1.992000007629394531e+01
2.073999977111816406e+01
1.925000000000000000e+01
2.209000015258789062e+01
1.537999916076660156e+01
1.877000045776367188e+01
2.296999931335449219e+01
2.288999938964843750e+01
1.612999916076660156e+01
2.243999862670898438e+01
2.267000007629394531e+01
2.590999984741210938e+01
2.226000022888183594e+01
2.254999923706054688e+01
2.168000030517578125e+01
2.412999916076660156e+01
2.551000022888183594e+01
2.327999877929687500e+01
2.306999969482421875e+01
2.384000015258789062e+01
2.329999923706054688e+01
2.267000007629394531e+01
2.118000030517578125e+01
2.809999847412109375e+01
2.831999969482421875e+01
2.934999847412109375e+01
2.968999862670898438e+01
2.964999961853027344e+01
2.967000007629394531e+01
3.044999885559082031e+01
3.054999923706054688e+01
3.060999870300292969e+01
3.068999862670898438e+01
3.121999931335449219e+01
3.194999885559082031e+01
3.114999961853027344e+01
3.112999916076660156e+01
3.148999977111816406e+01
3.125999832153320312e+01
3.254999923706054688e+01
3.187999916076660156e+01
3.123999977111816406e+01
3.232999801635742188e+01
3.241999816894531250e+01
3.225999832153320312e+01
3.268999862670898438e+01
3.225000000000000000e+01
3.277000045776367188e+01
3.282999801635742188e+01
3.313999938964843750e+01
3.341999816894531250e+01
3.329999923706054688e+01
3.341999816894531250e+01
3.232999801635742188e+01
3.263999938964843750e+01
3.279000091552734375e+01
3.238000106811523438e+01
3.252999877929687500e+01
3.236999893188476562e+01
3.352999877929687500e+01
3.321999740600585938e+01
3.288999938964843750e+01
3.193999862670898438e+01
3.206999969482421875e+01
3.311000061035156250e+01
3.375999832153320312e+01
3.365999984741210938e+01
3.356999969482421875e+01
3.363999938964843750e+01
3.409000015258789062e+01
3.361999893188476562e+01
3.398999786376953125e+01
3.309999847412109375e+01
3.343000030517578125e+01
3.354999923706054688e+01
3.381999969482421875e+01
3.377000045776367188e+01
3.368000030517578125e+01
3.354000091552734375e+01
3.339999771118164062e+01
3.387999725341796875e+01
3.384000015258789062e+01
3.377000045776367188e+01
3.395000076293945312e+01
3.371999740600585938e+01
3.379999923706054688e+01
3.379999923706054688e+01
3.409000015258789062e+01
3.404000091552734375e+01
3.407999801635742188e+01
3.397999954223632812e+01
3.425999832153320312e+01
3.409999847412109375e+01
3.404999923706054688e+01
3.380999755859375000e+01
3.413999938964843750e+01
3.372999954223632812e+01
3.379999923706054688e+01
3.421999740600585938e+01
3.430999755859375000e+01
3.409000015258789062e+01
3.406999969482421875e+01
3.427000045776367188e+01
3.409000015258789062e+01
3.387999725341796875e+01
3.409000015258789062e+01
3.413999938964843750e+01
3.386000061035156250e+01
3.420999908447265625e+01
3.382999801635742188e+01
3.418000030517578125e+01
3.404999923706054688e+01
3.418999862670898438e+01
3.379000091552734375e+01
3.402000045776367188e+01
3.398999786376953125e+01
3.393999862670898438e+01
3.393000030517578125e+01
3.400999832153320312e+01
3.418999862670898438e+01
3.395000076293945312e+01
3.389999771118164062e+01
3.393000030517578125e+01
