1.295482873916625977e+01
1.240892171859741211e+01
1.254166197776794434e+01
1.241159391403198242e+01
1.251238822937011719e+01
1.251128625869750977e+01
1.254557490348815918e+01
1.256581735610961914e+01
1.247622132301330566e+01
1.266738963127136230e+01
1.262192368507385254e+01
1.257027077674865723e+01
1.251602792739868164e+01
1.273791980743408203e+01
1.265246367454528809e+01
1.257448410987854004e+01
1.265625000000000000e+01
1.265732812881469727e+01
1.254626131057739258e+01
1.267735743522644043e+01
1.248821115493774414e+01
1.266774725914001465e+01
1.265761780738830566e+01
1.265407490730285645e+01
1.255040025711059570e+01
1.262061905860900879e+01
1.252561879158020020e+01
1.252778220176696777e+01
1.255873370170593262e+01
1.261028695106506348e+01
1.259900760650634766e+01
1.257561230659484863e+01
1.256244707107543945e+01
1.252383852005004883e+01
1.256573724746704102e+01
1.257605433464050293e+01
1.262578701972961426e+01
1.261119794845581055e+01
1.256811404228210449e+01
1.254636764526367188e+01
1.260256958007812500e+01
1.263455009460449219e+01
1.266076540946960449e+01
1.257798790931701660e+01
1.264747262001037598e+01
1.255781984329223633e+01
1.260333132743835449e+01
1.255789303779602051e+01
1.253037476539611816e+01
1.255360841751098633e+01
1.260710978507995605e+01
1.263618254661560059e+01
1.248606419563293457e+01
1.257284450531005859e+01
1.255415129661560059e+01
1.259164428710937500e+01
1.258790969848632812e+01
1.267809987068176270e+01
1.265451979637145996e+01
1.253258037567138672e+01
1.254156613349914551e+01
1.264498209953308105e+01
1.264001345634460449e+01
1.257376933097839355e+01
1.257578539848327637e+01
1.263849949836730957e+01
1.259098553657531738e+01
1.259084057807922363e+01
1.265011930465698242e+01
1.254304456710815430e+01
1.256688380241394043e+01
1.262271499633789062e+01
1.253025174140930176e+01
1.258152508735656738e+01
1.259284663200378418e+01
1.257059025764465332e+01
1.250963044166564941e+01
1.262587285041809082e+01
1.254462027549743652e+01
1.264510893821716309e+01
1.264301466941833496e+01
1.262238121032714844e+01
1.259642553329467773e+01
1.259713268280029297e+01
1.266275525093078613e+01
1.259384369850158691e+01
1.254998254776000977e+01
1.252982163429260254e+01
1.261279249191284180e+01
1.258238291740417480e+01
1.255967235565185547e+01
1.261904048919677734e+01
1.262044477462768555e+01
1.254370665550231934e+01
1.256765246391296387e+01
1.261522889137268066e+01
1.254470849037170410e+01
1.249707818031311035e+01
1.256175899505615234e+01
1.255313825607299805e+01
1.260198402404785156e+01
1.254778766632080078e+01
1.262592697143554688e+01
1.265640354156494141e+01
1.272486996650695801e+01
1.257586216926574707e+01
1.255587887763977051e+01
1.260566377639770508e+01
1.266395497322082520e+01
1.252424621582031250e+01
1.268363070487976074e+01
1.259952712059020996e+01
1.262763261795043945e+01
1.255916905403137207e+01
1.255661511421203613e+01
1.252912592887878418e+01
1.253761839866638184e+01
1.251782536506652832e+01
1.261684060096740723e+01
1.262132906913757324e+01
1.262366151809692383e+01
1.260653424263000488e+01
1.255980348587036133e+01
1.253694581985473633e+01
1.256001615524291992e+01
1.265768241882324219e+01
1.267100787162780762e+01
1.258535242080688477e+01
1.253747177124023438e+01
1.261694216728210449e+01
1.263797879219055176e+01
1.256694865226745605e+01
1.254910421371459961e+01
1.255122900009155273e+01
1.260534048080444336e+01
1.264568710327148438e+01
1.256701683998107910e+01
1.254971122741699219e+01
1.251640748977661133e+01
1.253918385505676270e+01
1.256929492950439453e+01
1.260344982147216797e+01
1.263111948966979980e+01
1.265968537330627441e+01
1.254599928855895996e+01
1.254987883567810059e+01
1.258510279655456543e+01
1.252200436592102051e+01
1.264390969276428223e+01
1.265601706504821777e+01
1.254444313049316406e+01
1.267624115943908691e+01
1.264640474319458008e+01
1.264969062805175781e+01
1.266699862480163574e+01
1.252317452430725098e+01
1.253250074386596680e+01
1.264064860343933105e+01
1.253247165679931641e+01
1.268885064125061035e+01
1.256289720535278320e+01
1.257072424888610840e+01
1.256196451187133789e+01
1.260041451454162598e+01
1.262141013145446777e+01
1.259256315231323242e+01
1.257256078720092773e+01
1.252904152870178223e+01
1.257413625717163086e+01
1.265572881698608398e+01
1.262271571159362793e+01
1.261125826835632324e+01
1.267379069328308105e+01
1.259748816490173340e+01
1.270448303222656250e+01
1.261419367790222168e+01
1.262127399444580078e+01
1.261521601676940918e+01
1.255192470550537109e+01
1.261178684234619141e+01
1.252433609962463379e+01
1.264560365676879883e+01
1.258067512512207031e+01
1.257087182998657227e+01
1.256365132331848145e+01
1.261934757232666016e+01
1.259777188301086426e+01
1.254241895675659180e+01
1.253810501098632812e+01
1.250907063484191895e+01
1.262261867523193359e+01
1.268042397499084473e+01
1.264793086051940918e+01
1.276160860061645508e+01
1.257931900024414062e+01
1.254510807991027832e+01
1.254601621627807617e+01
1.255645585060119629e+01
1.255158114433288574e+01
1.263977003097534180e+01
