1.001600000244140709e+01
9.807999999389648949e+00
1.097599999908447188e+01
1.055999999572753900e+01
1.022399999984741292e+01
9.423999995727539769e+00
9.999999999084472790e+00
9.871999999389649005e+00
9.103999999389648323e+00
1.091199999877929727e+01
1.004799999938964916e+01
1.051199999954223685e+01
1.091200000183105523e+01
9.727999999084472549e+00
9.983999999389649105e+00
9.759999999389648906e+00
9.391999995727539741e+00
1.059199999969482420e+01
1.036800000244140563e+01
8.927999999084471838e+00
9.983999999847412710e+00
1.009599999938964920e+01
1.121599999572753958e+01
1.049599999938964778e+01
9.967999999389649091e+00
9.807999999542236225e+00
1.009599999938964920e+01
1.012799999969482379e+01
1.003199999954223642e+01
1.014399999954223652e+01
1.078400000183105512e+01
1.057599999572753902e+01
1.028799999984741298e+01
1.009599999954223648e+01
9.999999999389649119e+00
1.052799999572753897e+01
1.078400000244140600e+01
9.711999999389648863e+00
1.060799999572753904e+01
9.903999999694823586e+00
1.073599999969482433e+01
1.032000000244140558e+01
1.118399999969482472e+01
1.052799999969482414e+01
9.711999999694823416e+00
1.027199999877929670e+01
1.017599999969482383e+01
1.007999999938964919e+01
9.967999999542236367e+00
1.063999999954223696e+01
1.028799999938964760e+01
1.016000000183105456e+01
1.059199999572753903e+01
1.092800000244140612e+01
1.071999999954223703e+01
1.012799999984741284e+01
1.022400000244140550e+01
9.423999999542235884e+00
1.057599999954223691e+01
1.052799999938964781e+01
1.067199999938964794e+01
1.039999999877929682e+01
1.060799999938964788e+01
1.041599999938964771e+01
9.647999999084472478e+00
1.027199999908447303e+01
9.695999999542236125e+00
1.016000000244140544e+01
1.047999999954223682e+01
1.080000000244140601e+01
1.035200000488281269e+01
1.088000000244140608e+01
9.919999999389649048e+00
1.025599999954223662e+01
9.535999999084472378e+00
1.092800000244140612e+01
1.032000000244140558e+01
1.057600000244140581e+01
1.032000000244140558e+01
1.011199999954223649e+01
1.057599999572753902e+01
1.084799999984741170e+01
1.070399999969482430e+01
1.035199999511718794e+01
1.124799999877929757e+01
1.105599999984741189e+01
1.065599999572753909e+01
1.038399999938964768e+01
1.064000000244140587e+01
1.091200000244140611e+01
1.180799999938964895e+01
1.105599999954223556e+01
1.047999999938964777e+01
1.089599999572753930e+01
1.100800000244140620e+01
1.031999999938964763e+01
1.096000000244140615e+01
1.063999999908447336e+01
1.011199999969482377e+01
9.471999999847412255e+00
1.196800000244140705e+01
1.268799999938964795e+01
1.270399999954223702e+01
1.372799999954223615e+01
1.243199999969482406e+01
1.335999999969482488e+01
1.382399999938964896e+01
1.451199999938964780e+01
1.502399999877929737e+01
1.471999999572753914e+01
1.438399999572753885e+01
1.542399999908447228e+01
1.567999999984741244e+01
1.615999999877929838e+01
1.631999999908447307e+01
1.692800000244140790e+01
1.681599999877929719e+01
1.795199999877929642e+01
1.836799999511718795e+01
1.812800000244140719e+01
1.830399999877929673e+01
1.761600000244140674e+01
1.846400000244140571e+01
1.807999999877929653e+01
1.827200000183105644e+01
1.860799999908447333e+01
1.875199999572753740e+01
1.939200000488281361e+01
1.908799999908447376e+01
1.942399999938964683e+01
1.944000000488281188e+01
1.969599999511718735e+01
1.969599999511718735e+01
1.966399999816894706e+01
1.974399999908447256e+01
2.063999999816894615e+01
2.043200000183105303e+01
2.036799999908447134e+01
2.099200000732421856e+01
2.118400000488281165e+01
2.118399999877929574e+01
2.105600000183105536e+01
2.060799999877929523e+01
2.208000000488281245e+01
2.158400000244140671e+01
2.180799999572753833e+01
2.158399999572753813e+01
2.259200000183105317e+01
2.163199999572753995e+01
2.252800000488281285e+01
2.284799999908447177e+01
2.271999999908447165e+01
2.307200000732422041e+01
2.284799999572753748e+01
2.302399999816894649e+01
2.259200000183105317e+01
2.260799999816894612e+01
2.303999999572753765e+01
2.308800000183105539e+01
2.313600000732422046e+01
2.342399999511718889e+01
2.358399999816894521e+01
2.319999999572753779e+01
2.311999999938964834e+01
2.388800000732421935e+01
2.303999999755859207e+01
2.355200000183105402e+01
2.347200000183105573e+01
2.308799999816894655e+01
2.411199999938964922e+01
2.344000000122070304e+01
2.355199999816894518e+01
2.267199999877929528e+01
2.305599999145507795e+01
2.364799999877929793e+01
2.353599999511718721e+01
2.351999999145507658e+01
2.326399999511718875e+01
2.382400000244140514e+01
2.411199999877929656e+01
2.385600000488281225e+01
2.361599999877929790e+01
2.401599999816894382e+01
2.364799999145507670e+01
2.321600000244140460e+01
2.383999999511718926e+01
2.409600000183105450e+01
2.345599999145507653e+01
2.428799999908447305e+01
2.375999999572754007e+01
2.422400000488281080e+01
2.471999999816894444e+01
2.396799999511718582e+01
2.406399999511718590e+01
2.448000000732421810e+01
2.430399999877929673e+01
2.470400000488281123e+01
2.404800000732421950e+01
2.425599999816894581e+01
2.399999999511718585e+01
