2.484536708755493262e+00
2.531331768417358408e+00
2.513045152130127136e+00
2.553077168502807748e+00
2.508992536239623927e+00
2.489232383270263860e+00
2.531747691192626881e+00
2.494609024124145424e+00
2.514473232879638864e+00
2.472402881546020392e+00
2.488824356765746870e+00
2.481902184219360485e+00
2.481108212814330916e+00
2.533423464508056444e+00
2.570260925979614086e+00
2.516282156524658031e+00
2.488833456878662087e+00
2.465573817672729540e+00
2.474548436355590741e+00
2.456060956954956076e+00
2.444620559768676760e+00
2.462484770431518477e+00
2.429727123413085721e+00
2.472310490493774271e+00
2.446116997222900213e+00
2.434383457870483269e+00
2.450312535095214628e+00
2.437579875793457251e+00
2.444400933456420955e+00
2.461461980590820442e+00
2.428426963958740359e+00
2.411959541625976478e+00
2.413674174652099769e+00
2.392366501388549782e+00
2.408131370086669776e+00
2.430161909637451156e+00
2.422944942245483180e+00
2.399923248214721472e+00
2.394313662033081158e+00
2.389199113311767597e+00
2.384734945678710805e+00
2.402417017898559770e+00
2.398319401931762851e+00
2.379342903900146577e+00
2.376319218139648637e+00
2.359147490615844944e+00
2.362736423187255852e+00
2.355552851181030416e+00
2.356370141983032074e+00
2.360486507949829171e+00
2.361909075469970531e+00
2.357534186401367027e+00
2.354525690231323409e+00
2.339542934265136598e+00
2.355642842941284343e+00
2.346573472137451155e+00
2.341732556915283148e+00
2.344460596389770668e+00
2.342319504776000816e+00
2.328785517044067443e+00
2.321919788970947085e+00
2.324667185745239451e+00
2.287841658401489120e+00
2.262376521453857592e+00
2.190766975784301795e+00
2.182305276565551733e+00
2.183637161560058715e+00
2.176207085418701226e+00
2.193478145980834793e+00
2.144579912567138535e+00
2.169727854156493940e+00
2.172158181915283315e+00
2.163892055053711072e+00
2.155425090179443171e+00
2.183441410522461101e+00
2.147584105987548675e+00
2.142122934112548727e+00
2.154077763900756892e+00
2.141760931587219030e+00
2.120594944381713809e+00
2.108164925689697267e+00
2.119418182983398236e+00
2.101521744079589915e+00
2.129437795333862127e+00
2.114460926895141757e+00
2.141823868255615437e+00
2.109608140335082815e+00
2.114446815109253031e+00
2.114258967285156388e+00
2.094862708435058618e+00
2.096884943084716735e+00
2.109921122055053555e+00
2.100835678672790419e+00
2.116136352157592881e+00
2.087622727737426853e+00
2.078497251281738123e+00
2.097306441345214711e+00
2.085789760208129895e+00
2.075560889053344571e+00
2.107497017745971757e+00
1.975831480102539173e+00
1.970545469131469662e+00
1.958315985183715746e+00
1.948778678092956573e+00
1.945426813697815005e+00
1.946037321701049816e+00
1.941655602874755804e+00
1.945090328636169374e+00
1.942191239700317373e+00
1.934075277175903329e+00
1.939116413345336909e+00
1.929848346557617278e+00
1.922019051856994620e+00
1.933755815315246540e+00
1.920897196884155278e+00
1.920740538597107028e+00
1.919425499801635793e+00
1.915567990951538180e+00
1.917395534477233987e+00
1.918203334732055731e+00
1.914769332122802759e+00
1.909472614822387726e+00
1.901961251068115200e+00
1.901986478881835918e+00
1.905110873146057093e+00
1.903137206497192313e+00
1.897533774337768486e+00
1.891388702545166112e+00
1.893001538162231379e+00
1.904557652778625432e+00
1.895032272682189989e+00
1.902430760421752964e+00
1.902253694114685034e+00
1.895241555290222202e+00
1.895512834930419999e+00
1.891947966690063376e+00
1.899700659713745132e+00
1.895861828384399317e+00
1.896199477424621582e+00
1.890234164924621485e+00
1.898414622955322262e+00
1.893999195175170902e+00
1.894777719650268644e+00
1.893998670578002974e+00
1.893942934379577725e+00
1.887827556114196836e+00
1.884483205718994192e+00
1.888875698509216328e+00
1.892648864974975531e+00
1.881218654632568432e+00
1.878126988296508815e+00
1.880164499664306543e+00
1.879249909896850479e+00
1.876488818435668948e+00
1.875279453430175769e+00
1.873784448242187484e+00
1.870266083908081134e+00
1.882546827659606903e+00
1.872483045616149866e+00
1.879499010810852022e+00
1.867060990447998003e+00
1.873905160140991288e+00
1.873486707382202132e+00
1.880980712890625073e+00
1.875235254745483360e+00
1.872046778335571204e+00
1.862410153350830155e+00
1.870173411903381266e+00
1.874007552337646487e+00
1.867499231796264647e+00
1.868141603851318333e+00
1.875452093048095792e+00
1.869477835807800359e+00
1.870291089172363197e+00
1.868599810943603501e+00
1.871353781661987403e+00
1.868074972686767588e+00
1.875080115203857423e+00
1.867967354736328023e+00
1.870207458419799851e+00
1.866042178001403817e+00
1.863908762130737307e+00
1.876846912879943874e+00
1.874649925003051720e+00
1.869369728965759370e+00
1.874266341552734305e+00
1.876186572303772060e+00
1.877668125381469766e+00
1.867409134712219254e+00
1.859280966873168905e+00
1.881376744499206444e+00
1.867408099365234442e+00
1.873355675430297795e+00
1.872312721824646031e+00
1.874176943054199240e+00
1.874414545021057199e+00
1.863291171684265057e+00
1.871839215927123989e+00
1.871749761924743627e+00
1.862303911323547334e+00
