1.344399595260620117e+01
1.289851808547973633e+01
1.305433797836303711e+01
1.298995423316955566e+01
1.304804921150207520e+01
1.297787928581237793e+01
1.299228286743164062e+01
1.297849822044372559e+01
1.299743485450744629e+01
1.302238512039184570e+01
1.301588940620422363e+01
1.301783752441406250e+01
1.305967426300048828e+01
1.311558961868286133e+01
1.310116767883300781e+01
1.297887253761291504e+01
1.303616189956665039e+01
1.295838165283203125e+01
1.303750467300415039e+01
1.298447513580322266e+01
1.296980762481689453e+01
1.301545190811157227e+01
1.303466558456420898e+01
1.296539163589477539e+01
1.301034736633300781e+01
1.296274995803833008e+01
1.295384168624877930e+01
1.301666212081909180e+01
1.294946146011352539e+01
1.295897698402404785e+01
1.306690597534179688e+01
1.307096409797668457e+01
1.296577954292297363e+01
1.301562547683715820e+01
1.303856587409973145e+01
1.299611568450927734e+01
1.299587178230285645e+01
1.303435134887695312e+01
1.305001378059387207e+01
1.304308176040649414e+01
1.298448038101196289e+01
1.301174116134643555e+01
1.299597191810607910e+01
1.302418065071105957e+01
1.304304909706115723e+01
1.304476952552795410e+01
1.303950238227844238e+01
1.304306650161743164e+01
1.304975748062133789e+01
1.303851628303527832e+01
1.305705189704895020e+01
1.304127264022827148e+01
1.297211098670959473e+01
1.298322582244873047e+01
1.301467823982238770e+01
1.304548621177673340e+01
1.297807359695434570e+01
1.302906632423400879e+01
1.299598789215087891e+01
1.296824479103088379e+01
1.297419905662536621e+01
1.300095939636230469e+01
1.291831588745117188e+01
1.307423806190490723e+01
1.298395848274230957e+01
1.300222015380859375e+01
1.300054883956909180e+01
1.296133232116699219e+01
1.298629951477050781e+01
1.304592800140380859e+01
1.315403985977172852e+01
1.306447863578796387e+01
1.303578805923461914e+01
1.296392059326171875e+01
1.300777935981750488e+01
1.301325249671936035e+01
1.298804688453674316e+01
1.303773784637451172e+01
1.297967839241027832e+01
1.314079594612121582e+01
1.299178910255432129e+01
1.302991986274719238e+01
1.305201292037963867e+01
1.304123163223266602e+01
1.300450539588928223e+01
1.302606081962585449e+01
1.301805853843688965e+01
1.303634500503540039e+01
1.302204918861389160e+01
1.301675343513488770e+01
1.297310137748718262e+01
1.297379851341247559e+01
1.298123645782470703e+01
1.302518391609191895e+01
1.294177174568176270e+01
1.302255296707153320e+01
1.296868109703063965e+01
1.301207208633422852e+01
1.300084590911865234e+01
1.298833465576171875e+01
1.302231168746948242e+01
1.300311112403869629e+01
1.299301862716674805e+01
1.298627638816833496e+01
1.297471094131469727e+01
1.300793051719665527e+01
1.295954871177673340e+01
1.295544624328613281e+01
1.298465180397033691e+01
1.300864648818969727e+01
1.303662395477294922e+01
1.300323271751403809e+01
1.298477840423583984e+01
1.308924889564514160e+01
1.302468347549438477e+01
1.302935886383056641e+01
1.302955055236816406e+01
1.302814078330993652e+01
1.300179815292358398e+01
1.309145832061767578e+01
1.297888278961181641e+01
1.298701810836791992e+01
1.296312499046325684e+01
1.295843911170959473e+01
1.305775237083435059e+01
1.294818925857543945e+01
1.297679138183593750e+01
1.302872419357299805e+01
1.305928587913513184e+01
1.299161458015441895e+01
1.295450830459594727e+01
1.313732004165649414e+01
1.300440239906311035e+01
1.305001926422119141e+01
1.302736353874206543e+01
1.301034879684448242e+01
1.296374797821044922e+01
1.296559047698974609e+01
1.298180794715881348e+01
1.300843238830566406e+01
1.296399641036987305e+01
1.312620353698730469e+01
1.298915505409240723e+01
1.296602940559387207e+01
1.296393585205078125e+01
1.297849416732788086e+01
1.307113146781921387e+01
1.296752548217773438e+01
1.303702998161315918e+01
1.299240064620971680e+01
1.297923040390014648e+01
1.294592761993408203e+01
1.297438383102416992e+01
1.305392169952392578e+01
1.299395561218261719e+01
1.294182205200195312e+01
1.300053095817565918e+01
1.302610898017883301e+01
1.300190949440002441e+01
1.300913619995117188e+01
1.298598241806030273e+01
1.302890491485595703e+01
1.301158046722412109e+01
1.299489641189575195e+01
1.297624158859252930e+01
1.296079111099243164e+01
1.303572916984558105e+01
1.299184322357177734e+01
1.297736096382141113e+01
1.301818084716796875e+01
1.301995658874511719e+01
1.295091128349304199e+01
1.295739030838012695e+01
1.298445892333984375e+01
1.302932357788085938e+01
1.295641565322875977e+01
1.302317261695861816e+01
1.305851387977600098e+01
1.303524398803710938e+01
1.295244145393371582e+01
1.297770214080810547e+01
1.303060626983642578e+01
1.295727872848510742e+01
1.300520467758178711e+01
1.300929236412048340e+01
1.307556915283203125e+01
1.300635719299316406e+01
1.299031209945678711e+01
1.296612024307250977e+01
1.305456519126892090e+01
1.300832414627075195e+01
1.299356675148010254e+01
1.292615556716918945e+01
1.290918517112731934e+01
1.302717852592468262e+01
1.300364255905151367e+01
1.303064990043640137e+01
1.304844784736633301e+01
1.298097038269042969e+01
1.300346040725708008e+01
