9.349999427795410156e+00
1.005000019073486328e+01
1.061999988555908203e+01
1.001999950408935547e+01
1.005999946594238281e+01
1.013999938964843750e+01
9.769999504089355469e+00
1.043999958038330078e+01
9.210000038146972656e+00
9.979999542236328125e+00
9.569999694824218750e+00
1.069999980926513672e+01
9.719999313354492188e+00
9.960000038146972656e+00
1.039999961853027344e+01
1.188000011444091797e+01
1.017000007629394531e+01
9.649999618530273438e+00
1.077999973297119141e+01
1.200999927520751953e+01
1.021999931335449219e+01
1.000000000000000000e+01
1.000999927520751953e+01
1.021000003814697266e+01
9.969999313354492188e+00
9.869999885559082031e+00
1.000999927520751953e+01
9.779999732971191406e+00
1.000999927520751953e+01
9.929999351501464844e+00
9.880000114440917969e+00
9.920000076293945312e+00
1.000000000000000000e+01
9.679999351501464844e+00
1.118999958038330078e+01
1.063999938964843750e+01
1.000000000000000000e+01
1.000000000000000000e+01
1.017000007629394531e+01
9.969999313354492188e+00
1.001999950408935547e+01
9.889999389648437500e+00
1.000000000000000000e+01
1.128999996185302734e+01
1.000999927520751953e+01
1.243999958038330078e+01
9.969999313354492188e+00
1.098999977111816406e+01
1.078999996185302734e+01
1.013000011444091797e+01
1.000000000000000000e+01
1.005999946594238281e+01
1.177999973297119141e+01
1.000000000000000000e+01
1.000000000000000000e+01
1.000000000000000000e+01
1.000000000000000000e+01
1.118999958038330078e+01
1.000999927520751953e+01
1.034999942779541016e+01
1.489999961853027344e+01
1.348999977111816406e+01
1.454999923706054688e+01
1.835000038146972656e+01
1.325000000000000000e+01
1.645999908447265625e+01
1.710000038146972656e+01
1.671999931335449219e+01
1.705999946594238281e+01
2.246999931335449219e+01
1.543999958038330078e+01
1.487999916076660156e+01
1.785999870300292969e+01
1.781999969482421875e+01
1.753999900817871094e+01
2.327999877929687500e+01
2.260999870300292969e+01
2.290999984741210938e+01
2.280999946594238281e+01
2.395999908447265625e+01
2.019999885559082031e+01
2.178999900817871094e+01
1.969999885559082031e+01
2.384999847412109375e+01
2.281999969482421875e+01
2.298999977111816406e+01
2.268000030517578125e+01
2.497999954223632812e+01
1.985999870300292969e+01
2.169999885559082031e+01
2.057999992370605469e+01
1.959000015258789062e+01
2.243000030517578125e+01
2.463999938964843750e+01
2.072999954223632812e+01
2.413999938964843750e+01
2.579999923706054688e+01
1.863999938964843750e+01
2.276999855041503906e+01
2.330999946594238281e+01
2.764999961853027344e+01
2.839999961853027344e+01
2.934000015258789062e+01
2.925999832153320312e+01
2.972999954223632812e+01
3.032999992370605469e+01
3.018999862670898438e+01
3.126999855041503906e+01
3.106999969482421875e+01
3.098999977111816406e+01
3.121999931335449219e+01
3.097999954223632812e+01
3.167999839782714844e+01
3.118999862670898438e+01
3.222999954223632812e+01
3.145999908447265625e+01
3.170999908447265625e+01
3.211999893188476562e+01
3.127999877929687500e+01
3.271999740600585938e+01
3.268000030517578125e+01
3.109000015258789062e+01
3.229000091552734375e+01
3.172999954223632812e+01
3.211999893188476562e+01
3.268999862670898438e+01
3.289999771118164062e+01
3.357999801635742188e+01
3.297999954223632812e+01
3.318000030517578125e+01
3.384000015258789062e+01
3.252999877929687500e+01
3.291999816894531250e+01
3.252000045776367188e+01
3.309000015258789062e+01
3.268999862670898438e+01
3.282999801635742188e+01
3.340999984741210938e+01
3.300000000000000000e+01
3.227000045776367188e+01
3.279000091552734375e+01
3.370999908447265625e+01
3.409000015258789062e+01
3.291999816894531250e+01
3.375999832153320312e+01
3.350000000000000000e+01
3.406999969482421875e+01
3.300999832153320312e+01
3.368999862670898438e+01
3.250999832153320312e+01
3.348999786376953125e+01
3.365999984741210938e+01
3.368999862670898438e+01
3.371999740600585938e+01
3.364999771118164062e+01
3.364999771118164062e+01
3.365999984741210938e+01
3.373999786376953125e+01
3.391999816894531250e+01
3.386000061035156250e+01
3.386000061035156250e+01
3.382999801635742188e+01
3.379999923706054688e+01
3.375000000000000000e+01
3.415999984741210938e+01
3.382999801635742188e+01
3.387999725341796875e+01
3.400999832153320312e+01
3.411999893188476562e+01
3.404000091552734375e+01
3.368000030517578125e+01
3.384999847412109375e+01
3.402000045776367188e+01
3.386999893188476562e+01
3.406999969482421875e+01
3.415999984741210938e+01
3.400999832153320312e+01
3.393000030517578125e+01
3.407999801635742188e+01
3.423999786376953125e+01
3.384999847412109375e+01
3.387999725341796875e+01
3.411999893188476562e+01
3.400000000000000000e+01
3.409000015258789062e+01
3.431999969482421875e+01
3.384999847412109375e+01
3.418999862670898438e+01
3.425000000000000000e+01
3.409000015258789062e+01
3.373999786376953125e+01
3.375999832153320312e+01
3.382999801635742188e+01
3.377000045776367188e+01
3.386999893188476562e+01
3.404999923706054688e+01
3.400000000000000000e+01
3.379999923706054688e+01
3.396999740600585938e+01
3.396999740600585938e+01
