1.304356932640075684e+01
1.249642300605773926e+01
1.265062189102172852e+01
1.258947920799255371e+01
1.263714742660522461e+01
1.257426190376281738e+01
1.259596538543701172e+01
1.256957316398620605e+01
1.260690474510192871e+01
1.262515711784362793e+01
1.260906553268432617e+01
1.262132906913757324e+01
1.266091561317443848e+01
1.268143200874328613e+01
1.266358375549316406e+01
1.257510852813720703e+01
1.262294816970825195e+01
1.255638766288757324e+01
1.263475251197814941e+01
1.258180356025695801e+01
1.257521033287048340e+01
1.261434125900268555e+01
1.263597631454467773e+01
1.257067656517028809e+01
1.260756421089172363e+01
1.257473540306091309e+01
1.255825781822204590e+01
1.261885619163513184e+01
1.255620789527893066e+01
1.255977940559387207e+01
1.267373466491699219e+01
1.267284679412841797e+01
1.256976747512817383e+01
1.261819171905517578e+01
1.263944745063781738e+01
1.259946441650390625e+01
1.258770918846130371e+01
1.263473033905029297e+01
1.264792060852050781e+01
1.264316606521606445e+01
1.258719873428344727e+01
1.260712695121765137e+01
1.259838700294494629e+01
1.261970400810241699e+01
1.265115141868591309e+01
1.264934372901916504e+01
1.263878917694091797e+01
1.265101289749145508e+01
1.264481139183044434e+01
1.264543342590332031e+01
1.265251851081848145e+01
1.263494133949279785e+01
1.258474779129028320e+01
1.257957100868225098e+01
1.261808490753173828e+01
1.264972352981567383e+01
1.257998991012573242e+01
1.263631105422973633e+01
1.259423446655273438e+01
1.257497048377990723e+01
1.257549214363098145e+01
1.260187983512878418e+01
1.252696895599365234e+01
1.267341947555541992e+01
1.259086036682128906e+01
1.260043215751647949e+01
1.260821223258972168e+01
1.256293034553527832e+01
1.258367657661437988e+01
1.265552592277526855e+01
1.274943184852600098e+01
1.266812705993652344e+01
1.263893389701843262e+01
1.256044316291809082e+01
1.261434173583984375e+01
1.261346650123596191e+01
1.259717226028442383e+01
1.263292741775512695e+01
1.258005928993225098e+01
1.274661302566528320e+01
1.258881449699401855e+01
1.263746905326843262e+01
1.265134477615356445e+01
1.263717532157897949e+01
1.261176609992980957e+01
1.262323021888732910e+01
1.262530207633972168e+01
1.262917304039001465e+01
1.262227845191955566e+01
1.262007975578308105e+01
1.256676077842712402e+01
1.258314299583435059e+01
1.258587050437927246e+01
1.262053775787353516e+01
1.254839587211608887e+01
1.261615586280822754e+01
1.258050894737243652e+01
1.261449289321899414e+01
1.259475588798522949e+01
1.258340048789978027e+01
1.262367463111877441e+01
1.261076092720031738e+01
1.258886075019836426e+01
1.259427833557128906e+01
1.257515335083007812e+01
1.260919880867004395e+01
1.257147908210754395e+01
1.255084371566772461e+01
1.259455990791320801e+01
1.260965776443481445e+01
1.263791084289550781e+01
1.261074590682983398e+01
1.258561754226684570e+01
1.269918274879455566e+01
1.262640357017517090e+01
1.262342071533203125e+01
1.263708925247192383e+01
1.261962866783142090e+01
1.260613894462585449e+01
1.269325399398803711e+01
1.258533930778503418e+01
1.258658504486083984e+01
1.256061911582946777e+01
1.256791687011718750e+01
1.265856122970581055e+01
1.255408906936645508e+01
1.258021473884582520e+01
1.262567520141601562e+01
1.267088770866394043e+01
1.258487319946289062e+01
1.256496453285217285e+01
1.268963050842285156e+01
1.259455966949462891e+01
1.265234327316284180e+01
1.262701034545898438e+01
1.261406660079956055e+01
1.256561398506164551e+01
1.256315040588378906e+01
1.259015965461730957e+01
1.260011076927185059e+01
1.257466340065002441e+01
1.272790408134460449e+01
1.258599591255187988e+01
1.256630945205688477e+01
1.256865477561950684e+01
1.258354830741882324e+01
1.266918396949768066e+01
1.257038712501525879e+01
1.263913440704345703e+01
1.258899736404418945e+01
1.258908796310424805e+01
1.254491376876831055e+01
1.257742667198181152e+01
1.266027331352233887e+01
1.258932137489318848e+01
1.254746508598327637e+01
1.259833812713623047e+01
1.262886047363281250e+01
1.260130000114440918e+01
1.260479927062988281e+01
1.259139513969421387e+01
1.262622284889221191e+01
1.261626768112182617e+01
1.258764457702636719e+01
1.258019018173217773e+01
1.256819200515747070e+01
1.263490438461303711e+01
1.259720969200134277e+01
1.257668972015380859e+01
1.262182140350341797e+01
1.261740732192993164e+01
1.254964280128479004e+01
1.256651210784912109e+01
1.258004164695739746e+01
1.263221859931945801e+01
1.255837798118591309e+01
1.262377309799194336e+01
1.266112017631530762e+01
1.263237547874450684e+01
1.255361771583557129e+01
1.257914185523986816e+01
1.263483572006225586e+01
1.256337976455688477e+01
1.260591673851013184e+01
1.262035155296325684e+01
1.266745018959045410e+01
1.259740495681762695e+01
1.259325695037841797e+01
1.255836534500122070e+01
1.265266394615173340e+01
1.260458731651306152e+01
1.259892535209655762e+01
1.253540468215942383e+01
1.250994277000427246e+01
1.263251948356628418e+01
1.259206581115722656e+01
1.263755583763122559e+01
1.265347886085510254e+01
1.257199096679687500e+01
1.261044454574584961e+01
