1.344899559020996094e+01
1.282963967323303223e+01
1.292366552352905273e+01
1.290591120719909668e+01
1.289863109588623047e+01
1.294200420379638672e+01
1.293516016006469727e+01
1.299471235275268555e+01
1.296144247055053711e+01
1.298202586174011230e+01
1.303030657768249512e+01
1.298153734207153320e+01
1.298141813278198242e+01
1.289157056808471680e+01
1.299969696998596191e+01
1.298515820503234863e+01
1.297632312774658203e+01
1.298033142089843750e+01
1.296944761276245117e+01
1.297707247734069824e+01
1.295025968551635742e+01
1.299905014038085938e+01
1.292527198791503906e+01
1.304778861999511719e+01
1.300449204444885254e+01
1.297286844253540039e+01
1.297155809402465820e+01
1.296180796623229980e+01
1.294136905670166016e+01
1.294315695762634277e+01
1.295002555847167969e+01
1.295498275756835938e+01
1.301220941543579102e+01
1.294111943244934082e+01
1.294967150688171387e+01
1.299516201019287109e+01
1.301237702369689941e+01
1.294675278663635254e+01
1.293496513366699219e+01
1.297349333763122559e+01
1.298014855384826660e+01
1.295190167427062988e+01
1.292246961593627930e+01
1.319596290588378906e+01
1.301879620552062988e+01
1.296141910552978516e+01
1.292791438102722168e+01
1.295709347724914551e+01
1.303548097610473633e+01
1.293229341506958008e+01
1.293468976020812988e+01
1.299990868568420410e+01
1.294781732559204102e+01
1.300634145736694336e+01
1.295048546791076660e+01
1.295533633232116699e+01
1.291434645652770996e+01
1.302305293083190918e+01
1.301715707778930664e+01
1.297702097892761230e+01
1.295151209831237793e+01
1.297684860229492188e+01
1.291762995719909668e+01
1.296657919883728027e+01
1.310376691818237305e+01
1.302067852020263672e+01
1.301737833023071289e+01
1.296947050094604492e+01
1.302373576164245605e+01
1.296315240859985352e+01
1.292916202545166016e+01
1.301159906387329102e+01
1.295602583885192871e+01
1.293381500244140625e+01
1.299379086494445801e+01
1.300302600860595703e+01
1.296269798278808594e+01
1.299415922164916992e+01
1.296901631355285645e+01
1.296743988990783691e+01
1.296459937095642090e+01
1.296543383598327637e+01
1.291102838516235352e+01
1.306034421920776367e+01
1.311025834083557129e+01
1.299969553947448730e+01
1.299338841438293457e+01
1.296925973892211914e+01
1.303121709823608398e+01
1.296875572204589844e+01
1.294851064682006836e+01
1.293864488601684570e+01
1.297603368759155273e+01
1.298175191879272461e+01
1.295722365379333496e+01
1.295267295837402344e+01
1.292035269737243652e+01
1.295727610588073730e+01
1.300671696662902832e+01
1.294767808914184570e+01
1.291334581375122070e+01
1.297847414016723633e+01
1.293579745292663574e+01
1.295695877075195312e+01
1.294591546058654785e+01
1.298293828964233398e+01
1.295893979072570801e+01
1.297395896911621094e+01
1.295660018920898438e+01
1.301646208763122559e+01
1.299877047538757324e+01
1.300178694725036621e+01
1.294977784156799316e+01
1.296624207496643066e+01
1.300322508811950684e+01
1.294372725486755371e+01
1.300011348724365234e+01
1.298367500305175781e+01
1.292129182815551758e+01
1.293637442588806152e+01
1.298447084426879883e+01
1.301499366760253906e+01
1.303653740882873535e+01
1.299172067642211914e+01
1.302627611160278320e+01
1.297408223152160645e+01
1.294373512268066406e+01
1.295260715484619141e+01
1.300383925437927246e+01
1.299960207939147949e+01
1.294095635414123535e+01
1.303839635848999023e+01
1.301631426811218262e+01
1.295824480056762695e+01
1.293666172027587891e+01
1.291235661506652832e+01
1.296388554573059082e+01
1.291922807693481445e+01
1.289121103286743164e+01
1.314628529548645020e+01
1.301231980323791504e+01
1.293806314468383789e+01
1.301859021186828613e+01
1.292393255233764648e+01
1.294498038291931152e+01
1.296273350715637207e+01
1.294548320770263672e+01
1.294250798225402832e+01
1.296252894401550293e+01
1.296304106712341309e+01
1.297729277610778809e+01
1.293128919601440430e+01
1.297264480590820312e+01
1.292528700828552246e+01
1.309653687477111816e+01
1.297723984718322754e+01
1.300439572334289551e+01
1.294603252410888672e+01
1.294599795341491699e+01
1.306244111061096191e+01
1.293042826652526855e+01
1.297924947738647461e+01
1.294390606880187988e+01
1.296077990531921387e+01
1.298847985267639160e+01
1.294336628913879395e+01
1.292571282386779785e+01
1.297670555114746094e+01
1.294628572463989258e+01
1.302614617347717285e+01
1.307284021377563477e+01
1.294726610183715820e+01
1.292465114593505859e+01
1.303152179718017578e+01
1.294264340400695801e+01
1.300722861289978027e+01
1.296651744842529297e+01
1.297955083847045898e+01
1.298903989791870117e+01
1.296666336059570312e+01
1.297982239723205566e+01
1.303104090690612793e+01
1.294233775138854980e+01
1.289303779602050781e+01
1.291519570350646973e+01
1.292880964279174805e+01
1.305862760543823242e+01
1.297454977035522461e+01
1.295041275024414062e+01
1.295918345451354980e+01
1.296855235099792480e+01
1.301229643821716309e+01
1.297004246711730957e+01
1.292753553390502930e+01
1.296441102027893066e+01
1.296052145957946777e+01
1.298963761329650879e+01
1.291630578041076660e+01
1.298797369003295898e+01
1.305071187019348145e+01
