1.309725785255432129e+01
1.244215011596679688e+01
1.250924682617187500e+01
1.252430009841918945e+01
1.251349735260009766e+01
1.256210422515869141e+01
1.258675336837768555e+01
1.259149122238159180e+01
1.248780536651611328e+01
1.251129579544067383e+01
1.252153921127319336e+01
1.256561422348022461e+01
1.258472824096679688e+01
1.254007148742675781e+01
1.255135869979858398e+01
1.264741897583007812e+01
1.260848188400268555e+01
1.260455799102783203e+01
1.259685587882995605e+01
1.258038306236267090e+01
1.254748010635375977e+01
1.262113976478576660e+01
1.250786495208740234e+01
1.263405632972717285e+01
1.253741216659545898e+01
1.257292556762695312e+01
1.259561085700988770e+01
1.260951495170593262e+01
1.254318666458129883e+01
1.256597161293029785e+01
1.262833809852600098e+01
1.256774377822875977e+01
1.264024353027343750e+01
1.249767112731933594e+01
1.262833690643310547e+01
1.257392215728759766e+01
1.258542227745056152e+01
1.254342532157897949e+01
1.256073546409606934e+01
1.268532156944274902e+01
1.262495303153991699e+01
1.259233617782592773e+01
1.256112861633300781e+01
1.252307629585266113e+01
1.253155469894409180e+01
1.253951787948608398e+01
1.253029727935791016e+01
1.254517650604248047e+01
1.258679986000061035e+01
1.250884580612182617e+01
1.253643846511840820e+01
1.257514977455139160e+01
1.261881279945373535e+01
1.253785562515258789e+01
1.254219150543212891e+01
1.253170871734619141e+01
1.254614329338073730e+01
1.252088809013366699e+01
1.260574841499328613e+01
1.263771486282348633e+01
1.261746382713317871e+01
1.265930938720703125e+01
1.259968423843383789e+01
1.254230546951293945e+01
1.254917979240417480e+01
1.252379918098449707e+01
1.253952932357788086e+01
1.269199538230895996e+01
1.262768244743347168e+01
1.254394149780273438e+01
1.251105976104736328e+01
1.259725046157836914e+01
1.254218578338623047e+01
1.260406112670898438e+01
1.252611970901489258e+01
1.256411409378051758e+01
1.255548930168151855e+01
1.257262063026428223e+01
1.254834818840026855e+01
1.262924504280090332e+01
1.259812021255493164e+01
1.255245232582092285e+01
1.254902911186218262e+01
1.252421116828918457e+01
1.253006291389465332e+01
1.252472782135009766e+01
1.252369570732116699e+01
1.260128355026245117e+01
1.262521338462829590e+01
1.252017807960510254e+01
1.261698913574218750e+01
1.258965253829956055e+01
1.261533570289611816e+01
1.259851551055908203e+01
1.258051204681396484e+01
1.258605837821960449e+01
1.260859775543212891e+01
1.258636522293090820e+01
1.251595234870910645e+01
1.261034679412841797e+01
1.254979109764099121e+01
1.258076214790344238e+01
1.256230568885803223e+01
1.258826851844787598e+01
1.259655094146728516e+01
1.256771445274353027e+01
1.258007311820983887e+01
1.255047893524169922e+01
1.251449847221374512e+01
1.254572200775146484e+01
1.259181690216064453e+01
1.255741214752197266e+01
1.255509471893310547e+01
1.255719542503356934e+01
1.262133121490478516e+01
1.252276968955993652e+01
1.256602096557617188e+01
1.254867219924926758e+01
1.252298116683959961e+01
1.255971765518188477e+01
1.260662198066711426e+01
1.261234807968139648e+01
1.253506040573120117e+01
1.260489416122436523e+01
1.255731630325317383e+01
1.261164712905883789e+01
1.260084986686706543e+01
1.255069780349731445e+01
1.253307366371154785e+01
1.255845642089843750e+01
1.262591791152954102e+01
1.262505626678466797e+01
1.250926399230957031e+01
1.253674125671386719e+01
1.253567457199096680e+01
1.265020847320556641e+01
1.258148598670959473e+01
1.261092329025268555e+01
1.255683016777038574e+01
1.257691431045532227e+01
1.255988359451293945e+01
1.251806259155273438e+01
1.255520153045654297e+01
1.259955477714538574e+01
1.254904603958129883e+01
1.263308191299438477e+01
1.254940390586853027e+01
1.262963438034057617e+01
1.252929782867431641e+01
1.266522097587585449e+01
1.260879540443420410e+01
1.258864092826843262e+01
1.255441904067993164e+01
1.253483843803405762e+01
1.259451103210449219e+01
1.263748383522033691e+01
1.257354092597961426e+01
1.256831502914428711e+01
1.261679100990295410e+01
1.255346155166625977e+01
1.258424973487854004e+01
1.267852711677551270e+01
1.261534667015075684e+01
1.260054016113281250e+01
1.259527492523193359e+01
1.257982182502746582e+01
1.252318596839904785e+01
1.261938023567199707e+01
1.267450737953186035e+01
1.253828811645507812e+01
1.254023122787475586e+01
1.258445525169372559e+01
1.262015414237976074e+01
1.251502871513366699e+01
1.259539198875427246e+01
1.264580154418945312e+01
1.262292814254760742e+01
1.254959726333618164e+01
1.259877920150756836e+01
1.261112284660339355e+01
1.256947517395019531e+01
1.258367872238159180e+01
1.259841156005859375e+01
1.254190373420715332e+01
1.251814746856689453e+01
1.258460116386413574e+01
1.259046673774719238e+01
1.262796950340270996e+01
1.260570406913757324e+01
1.253289437294006348e+01
1.252960038185119629e+01
1.264782309532165527e+01
1.258169054985046387e+01
1.253083586692810059e+01
1.264818358421325684e+01
1.263810420036315918e+01
1.263996887207031250e+01
1.255484032630920410e+01
1.261655664443969727e+01
1.259623098373413086e+01
