1.300784897804260254e+01
1.228344464302062988e+01
1.235727262496948242e+01
1.236371779441833496e+01
1.239101362228393555e+01
1.237719464302062988e+01
1.239709210395812988e+01
1.258246874809265137e+01
1.254823136329650879e+01
1.255471944808959961e+01
1.243920278549194336e+01
1.245279622077941895e+01
1.249599146842956543e+01
1.249290180206298828e+01
1.250320434570312500e+01
1.246583676338195801e+01
1.246373915672302246e+01
1.250023794174194336e+01
1.246839594841003418e+01
1.246204352378845215e+01
