1.257261466979980469e+01
1.193411207199096680e+01
1.196268892288208008e+01
1.196640872955322266e+01
1.198927330970764160e+01
1.213961338996887207e+01
1.204583668708801270e+01
1.210484099388122559e+01
1.208006548881530762e+01
1.208064770698547363e+01
1.215136408805847168e+01
1.210944890975952148e+01
1.213293313980102539e+01
1.221075963973999023e+01
1.216927933692932129e+01
1.217896080017089844e+01
1.208713150024414062e+01
1.218444061279296875e+01
1.210635161399841309e+01
1.208100342750549316e+01
