1.300840735435485840e+01
1.232964301109313965e+01
1.236026811599731445e+01
1.239669466018676758e+01
1.244277381896972656e+01
1.254719638824462891e+01
1.247281312942504883e+01
1.250143742561340332e+01
1.253791952133178711e+01
1.251720309257507324e+01
1.253256392478942871e+01
1.252838563919067383e+01
1.249494194984436035e+01
1.252193117141723633e+01
1.254165148735046387e+01
1.253957104682922363e+01
1.255812811851501465e+01
1.253423237800598145e+01
1.253931999206542969e+01
1.251630663871765137e+01
