2.137960243225097656e+01
2.074435973167419434e+01
2.076433515548706055e+01
2.103636789321899414e+01
2.090055537223815918e+01
2.132827877998352051e+01
2.107509994506835938e+01
2.124109888076782227e+01
2.124205613136291504e+01
2.106542491912841797e+01
2.102852106094360352e+01
2.103403067588806152e+01
2.099434089660644531e+01
2.150419354438781738e+01
2.133549094200134277e+01
2.142063307762145996e+01
2.129765152931213379e+01
2.101314425468444824e+01
2.098258900642395020e+01
2.125569987297058105e+01
