2.138390254974365234e+01
2.082747125625610352e+01
2.102380895614624023e+01
2.139884471893310547e+01
2.141795134544372559e+01
2.125110292434692383e+01
2.128110742568969727e+01
2.135966110229492188e+01
2.122122144699096680e+01
2.154444956779479980e+01
2.117834877967834473e+01
2.131981754302978516e+01
2.139926099777221680e+01
2.152296519279479980e+01
2.116305351257324219e+01
2.140834140777587891e+01
2.128463077545166016e+01
2.138134384155273438e+01
2.136635303497314453e+01
2.133990764617919922e+01
