3.993780612945556641e-01
3.868575096130371094e-01
3.873739242553710938e-01
3.812494277954101562e-01
3.808703422546386719e-01
3.802866935729980469e-01
3.840906620025634766e-01
3.858799934387207031e-01
3.841691017150878906e-01
3.879020214080810547e-01
3.782308101654052734e-01
3.785226345062255859e-01
3.818495273590087891e-01
3.790557384490966797e-01
3.840215206146240234e-01
3.838622570037841797e-01
3.796651363372802734e-01
3.787224292755126953e-01
3.776443004608154297e-01
3.833703994750976562e-01
