3.992209434509277344e-01
3.868796825408935547e-01
3.874242305755615234e-01
3.812649250030517578e-01
3.809044361114501953e-01
3.803415298461914062e-01
3.841056823730468750e-01
3.857245445251464844e-01
3.840463161468505859e-01
3.877849578857421875e-01
3.782739639282226562e-01
3.785767555236816406e-01
3.819041252136230469e-01
3.791074752807617188e-01
3.840763568878173828e-01
3.838942050933837891e-01
3.797280788421630859e-01
3.788483142852783203e-01
3.777096271514892578e-01
3.833391666412353516e-01
