1.297881698608398438e+01
1.232752585411071777e+01
1.233955669403076172e+01
1.234138369560241699e+01
1.247455978393554688e+01
1.245511698722839355e+01
1.245932579040527344e+01
1.252776432037353516e+01
1.247027468681335449e+01
1.249268841743469238e+01
1.255743622779846191e+01
1.252881050109863281e+01
1.254660177230834961e+01
1.251852393150329590e+01
1.250107383728027344e+01
1.253446912765502930e+01
1.247351932525634766e+01
1.254852008819580078e+01
1.245551705360412598e+01
1.246031546592712402e+01
