1.000999927520751953e+01
1.722999954223632812e+01
2.087999916076660156e+01
2.503999900817871094e+01
2.543000030517578125e+01
2.901999855041503906e+01
3.229999923706054688e+01
3.254999923706054688e+01
3.345999908447265625e+01
3.438999938964843750e+01
3.713999938964843750e+01
3.798999786376953125e+01
3.786999893188476562e+01
3.950000000000000000e+01
3.861000061035156250e+01
3.895999908447265625e+01
4.109000015258789062e+01
4.225999832153320312e+01
4.145000076293945312e+01
3.577999877929687500e+01
