1.039999999984741130e+01
1.579200000488281219e+01
2.030400000488281265e+01
2.232000000488281088e+01
2.532800000183105382e+01
2.825599999816894581e+01
3.151999999877929781e+01
3.308799999145507797e+01
3.411199999145507888e+01
3.572799999145507854e+01
3.675199999145507945e+01
3.883199999389648127e+01
3.950399999145507479e+01
4.033599998779296669e+01
4.023999999816894757e+01
4.088000000366211140e+01
4.240000000244140921e+01
4.329599999145507638e+01
4.286399998779296538e+01
4.336000000366210827e+01
