1.092999935150146484e+01
1.713999938964843750e+01
2.256999969482421875e+01
2.577999877929687500e+01
2.584000015258789062e+01
3.072999954223632812e+01
3.243000030517578125e+01
3.311000061035156250e+01
3.377000045776367188e+01
3.541999816894531250e+01
3.422999954223632812e+01
3.793000030517578125e+01
3.759999847412109375e+01
3.855999755859375000e+01
3.939999771118164062e+01
3.854999923706054688e+01
4.131999969482421875e+01
4.159000015258789062e+01
4.068000030517578125e+01
3.922999954223632812e+01
