1.044800000000000040e+01
1.475200000244140597e+01
1.952000000183105399e+01
2.102400000488281151e+01
2.449600000488281282e+01
2.617600000244140546e+01
2.998400000732421944e+01
2.972799999511718738e+01
3.153600000122070313e+01
3.331199999145507462e+01
3.535999999389648707e+01
3.620799999511718426e+01
3.697600000488281324e+01
3.756800000366210668e+01
3.795199999389648582e+01
3.774399998779296794e+01
3.856000000976562347e+01
4.067200000976562535e+01
3.992000000122069991e+01
4.048000000366211282e+01
