1.091199999938964815e+01
1.379199999908447261e+01
1.667199999572753910e+01
2.153599999877929605e+01
2.412799999511718596e+01
2.662400000732422001e+01
2.819199999145507718e+01
3.155200000122070136e+01
3.257599998779296868e+01
3.273599999908446989e+01
3.390399999755859284e+01
3.497600000183105351e+01
3.662400000122070054e+01
3.703999999389648679e+01
3.835199999816894234e+01
3.831999999511718613e+01
3.847999998779297215e+01
3.987199998779296806e+01
4.023999999755859136e+01
4.134399999755859056e+01
