3.997395038604736328e-01
3.873035907745361328e-01
3.878540992736816406e-01
3.817625045776367188e-01
3.814501762390136719e-01
3.811254501342773438e-01
3.844442367553710938e-01
3.862822055816650391e-01
3.844017982482910156e-01
3.878540992736816406e-01
3.787493705749511719e-01
3.790225982666015625e-01
3.823671340942382812e-01
3.795502185821533203e-01
3.846917152404785156e-01
3.843476772308349609e-01
3.802816867828369141e-01
3.793210983276367188e-01
3.781006336212158203e-01
3.836979866027832031e-01
