1.257959604263305664e+01
1.194064617156982422e+01
1.195213246345520020e+01
1.196011877059936523e+01
1.209365534782409668e+01
1.207477545738220215e+01
1.207522010803222656e+01
1.214203977584838867e+01
1.208622837066650391e+01
1.210490345954895020e+01
1.217916226387023926e+01
1.215023374557495117e+01
1.216469764709472656e+01
1.213941645622253418e+01
1.211699748039245605e+01
1.215057492256164551e+01
1.209379124641418457e+01
1.216967177391052246e+01
1.207780742645263672e+01
1.207697629928588867e+01
