2.139297008514404297e+01
2.101718258857727051e+01
2.095194268226623535e+01
2.116100335121154785e+01
2.110712313652038574e+01
2.129373788833618164e+01
2.110169816017150879e+01
2.124871516227722168e+01
2.141313934326171875e+01
2.167714524269104004e+01
2.097351717948913574e+01
2.106567311286926270e+01
2.132617902755737305e+01
2.131458592414855957e+01
2.123938131332397461e+01
2.118242430686950684e+01
2.103345680236816406e+01
2.109099054336547852e+01
2.096685814857482910e+01
2.125597214698791504e+01
