1.090999984741210938e+01
1.650000000000000000e+01
2.189999961853027344e+01
2.280999946594238281e+01
2.462999916076660156e+01
2.981999969482421875e+01
2.801999855041503906e+01
3.575000000000000000e+01
3.436000061035156250e+01
3.142999839782714844e+01
3.681999969482421875e+01
3.743999862670898438e+01
4.175999832153320312e+01
4.140999984741210938e+01
3.875000000000000000e+01
4.182999801635742188e+01
4.445999908447265625e+01
4.470000076293945312e+01
4.422999954223632812e+01
4.350999832153320312e+01
