2.358881539535522265e+00
2.221708868865966746e+00
2.134318779449462689e+00
2.050499583587646502e+00
1.997754866943359353e+00
1.991481716003417946e+00
1.921105697021484371e+00
1.878512166748046885e+00
1.865271920318603449e+00
1.898044602355956956e+00
1.885827685699462908e+00
1.890606041526794456e+00
1.905402926177978573e+00
1.862265012893676852e+00
1.892684413681030353e+00
1.893030092697143507e+00
1.890219037094116317e+00
1.849875830459594805e+00
1.874525420989990199e+00
1.856969983215332132e+00
