2.137961125373840332e+01
2.074287652969360352e+01
2.094232630729675293e+01
2.092269968986511230e+01
2.122528624534606934e+01
2.089086389541625977e+01
2.102885532379150391e+01
2.112480926513671875e+01
2.115697622299194336e+01
2.098012161254882812e+01
2.098230195045471191e+01
2.100679922103881836e+01
2.141685390472412109e+01
2.097983026504516602e+01
2.104623961448669434e+01
2.132639789581298828e+01
2.093428564071655273e+01
2.097950100898742676e+01
2.092712807655334473e+01
2.096894788742065430e+01
