1.013999938964843750e+01
1.706999969482421875e+01
1.901000022888183594e+01
2.137999916076660156e+01
2.827999877929687500e+01
3.079999923706054688e+01
3.354000091552734375e+01
3.459000015258789062e+01
3.575000000000000000e+01
3.493000030517578125e+01
3.811000061035156250e+01
3.613999938964843750e+01
3.725999832153320312e+01
4.197999954223632812e+01
4.020000076293945312e+01
4.034000015258789062e+01
4.336999893188476562e+01
4.163999938964843750e+01
4.277999877929687500e+01
4.511999893188476562e+01
