2.137857103347778320e+01
2.074395489692687988e+01
2.086769175529479980e+01
2.082001876831054688e+01
2.100623250007629395e+01
2.126821947097778320e+01
2.093511700630187988e+01
2.099278354644775391e+01
2.097984480857849121e+01
2.103017234802246094e+01
2.114579463005065918e+01
2.100224852561950684e+01
2.099122595787048340e+01
2.134505057334899902e+01
2.100682616233825684e+01
2.122339892387390137e+01
2.143719124794006348e+01
2.120194792747497559e+01
2.093673539161682129e+01
2.097726178169250488e+01
