3.992102146148681641e-01
3.868691921234130859e-01
3.874342441558837891e-01
3.812456130981445312e-01
3.808813095092773438e-01
3.803455829620361328e-01
3.840863704681396484e-01
3.857209682464599609e-01
3.839702606201171875e-01
3.877298831939697266e-01
3.782896995544433594e-01
3.785979747772216797e-01
3.819103240966796875e-01
3.791010379791259766e-01
3.840804100036621094e-01
3.838856220245361328e-01
3.797152042388916016e-01
3.788661956787109375e-01
3.777093887329101562e-01
3.832719326019287109e-01
