3.997688293457031250e-01
3.873026371002197266e-01
3.878619670867919922e-01
3.817749023437500000e-01
3.814694881439208984e-01
3.811719417572021484e-01
3.844535350799560547e-01
3.862588405609130859e-01
3.843595981597900391e-01
3.878242969512939453e-01
3.787775039672851562e-01
3.790717124938964844e-01
3.825550079345703125e-01
3.795900344848632812e-01
3.847186565399169922e-01
3.843700885772705078e-01
3.802871704101562500e-01
3.793394565582275391e-01
3.781268596649169922e-01
3.836603164672851562e-01
