2.380014458923339848e+00
2.273157229614257702e+00
2.176022741699218610e+00
2.103413665618896644e+00
2.055856663818359298e+00
2.004547134246826179e+00
1.992187149658203094e+00
1.985232260208129818e+00
1.937696285324096657e+00
1.948036738281250013e+00
1.869007182350158613e+00
1.940039914474487315e+00
1.898214176940917985e+00
1.941142778701782312e+00
1.930307723617553650e+00
1.919783076210021866e+00
1.971814701080322196e+00
1.969152148513793943e+00
1.967410489044189470e+00
1.969190477142334084e+00
