1.295166087150573730e+01
1.228235578536987305e+01
1.235513854026794434e+01
1.232353591918945312e+01
1.241925644874572754e+01
1.238644361495971680e+01
1.242287516593933105e+01
1.247029089927673340e+01
1.263591051101684570e+01
1.257187294960021973e+01
1.246756219863891602e+01
1.260262107849121094e+01
1.246721386909484863e+01
1.244976830482482910e+01
1.248415780067443848e+01
1.245458388328552246e+01
1.239864516258239746e+01
1.243555331230163574e+01
1.239066195487976074e+01
1.252052998542785645e+01
