3.997852802276611328e-01
3.873090744018554688e-01
3.878540992736816406e-01
3.818128108978271484e-01
3.814072608947753906e-01
3.809409141540527344e-01
3.845503330230712891e-01
3.862967491149902344e-01
3.844490051269531250e-01
3.878839015960693359e-01
3.785135746002197266e-01
3.789827823638916016e-01
3.817613124847412109e-01
3.795518875122070312e-01
3.846943378448486328e-01
3.843801021575927734e-01
3.803021907806396484e-01
3.792960643768310547e-01
3.781025409698486328e-01
3.836865425109863281e-01
