1.113999938964843750e+01
1.789999961853027344e+01
1.842000007629394531e+01
2.244999885559082031e+01
2.467000007629394531e+01
2.842000007629394531e+01
3.177999877929687500e+01
3.147999954223632812e+01
3.504000091552734375e+01
3.702000045776367188e+01
3.563999938964843750e+01
3.727999877929687500e+01
4.029999923706054688e+01
4.063999938964843750e+01
3.921999740600585938e+01
3.975000000000000000e+01
4.196999740600585938e+01
4.084999847412109375e+01
4.488999938964843750e+01
4.400999832153320312e+01
