1.221000003814697266e+01
1.869999885559082031e+01
2.118999862670898438e+01
2.370999908447265625e+01
2.481999969482421875e+01
3.088999938964843750e+01
2.606999969482421875e+01
3.456999969482421875e+01
3.464999771118164062e+01
3.271999740600585938e+01
3.659000015258789062e+01
3.791999816894531250e+01
4.155999755859375000e+01
4.023999786376953125e+01
3.950999832153320312e+01
4.230999755859375000e+01
4.261999893188476562e+01
4.582999801635742188e+01
4.538999938964843750e+01
4.254999923706054688e+01
