2.138032627105712891e+01
2.080154418945312500e+01
2.092987465858459473e+01
2.129684019088745117e+01
2.098412799835205078e+01
2.109532117843627930e+01
2.097126460075378418e+01
2.131468844413757324e+01
2.134190344810485840e+01
2.112632322311401367e+01
2.100613355636596680e+01
2.126310849189758301e+01
2.148026084899902344e+01
2.136028456687927246e+01
2.125174903869628906e+01
2.098422837257385254e+01
2.126844668388366699e+01
2.118904948234558105e+01
2.108246803283691406e+01
2.112984633445739746e+01
