1.251144862174987793e+01
1.192821741104125977e+01
1.193310570716857910e+01
1.201770377159118652e+01
1.209330701828002930e+01
1.211270737648010254e+01
1.206421351432800293e+01
1.208015871047973633e+01
1.209390544891357422e+01
1.211384892463684082e+01
1.207612872123718262e+01
1.216556954383850098e+01
1.209525704383850098e+01
1.210623025894165039e+01
1.209622597694396973e+01
1.208694815635681152e+01
1.212991690635681152e+01
1.211439156532287598e+01
1.214097690582275391e+01
1.206798911094665527e+01
