1.298999977111816406e+01
1.646999931335449219e+01
2.011999893188476562e+01
2.293000030517578125e+01
2.618999862670898438e+01
2.950999832153320312e+01
3.327999877929687500e+01
3.561000061035156250e+01
3.673999786376953125e+01
3.770000076293945312e+01
3.793999862670898438e+01
3.670000076293945312e+01
3.536000061035156250e+01
4.096999740600585938e+01
4.148999786376953125e+01
4.059999847412109375e+01
4.184000015258789062e+01
4.212999725341796875e+01
4.412999725341796875e+01
4.425000000000000000e+01
