2.358428149719238309e+00
2.244356623077392587e+00
2.139561403465271017e+00
2.076010472335815482e+00
2.027787658843994034e+00
1.955173494033813464e+00
1.921298212890625079e+00
1.914391513824462931e+00
1.882534745178222613e+00
1.869720180740356508e+00
1.875930462989807035e+00
1.849632428169250442e+00
1.856429765243530206e+00
1.862095142707824724e+00
1.869426386337280199e+00
1.874489202537536592e+00
1.847402237281799309e+00
1.825626368408203026e+00
1.908806861686706435e+00
1.896713303451537991e+00
