2.138423538208007812e+01
2.098096847534179688e+01
2.115293407440185547e+01
2.126233124732971191e+01
2.135203242301940918e+01
2.140939354896545410e+01
2.126883077621459961e+01
2.155164957046508789e+01
2.139818453788757324e+01
2.144161176681518555e+01
2.129238748550415039e+01
2.135353517532348633e+01
2.158251261711120605e+01
2.130338501930236816e+01
2.128674077987670898e+01
2.125796318054199219e+01
2.131259369850158691e+01
2.143635296821594238e+01
2.135878944396972656e+01
2.151431226730346680e+01
