1.255228281021118164e+01
1.189549827575683594e+01
1.196776461601257324e+01
1.194228649139404297e+01
1.203838610649108887e+01
1.200615692138671875e+01
1.203878450393676758e+01
1.208441090583801270e+01
1.225174140930175781e+01
1.218397092819213867e+01
1.208933138847351074e+01
1.222409844398498535e+01
1.208536434173583984e+01
1.207071256637573242e+01
1.210013628005981445e+01
1.207072162628173828e+01
1.201898002624511719e+01
1.205683088302612305e+01
1.201301765441894531e+01
1.213715958595275879e+01
