2.377528090515136583e+00
2.276249229049682743e+00
2.210538023834228483e+00
2.116817854309081870e+00
2.067983994750976606e+00
2.014608232574462754e+00
2.005462429428100712e+00
1.945399255676269590e+00
1.964663892059326233e+00
1.944334422416686969e+00
1.929918123435974131e+00
1.879033260040283260e+00
1.886279554901123090e+00
1.901262052917480405e+00
1.893926660118103067e+00
1.912259542617797958e+00
1.944692137832641610e+00
1.904332656173705951e+00
1.935774926605224655e+00
1.904385714225768966e+00
