1.298184108734130859e+01
1.227127361297607422e+01
1.225343632698059082e+01
1.234961915016174316e+01
1.237963819503784180e+01
1.244008755683898926e+01
1.241283059120178223e+01
1.242391467094421387e+01
1.246228909492492676e+01
1.245739555358886719e+01
1.247180986404418945e+01
1.246365833282470703e+01
1.250274372100830078e+01
1.248067474365234375e+01
1.250169730186462402e+01
1.248359966278076172e+01
1.252192974090576172e+01
1.246852803230285645e+01
1.245682454109191895e+01
1.248923993110656738e+01
