2.364282445831298762e+00
2.265230318145751820e+00
2.187110739440917939e+00
2.122148348579406818e+00
2.049285338096618503e+00
2.004590619964599529e+00
1.989952376403808509e+00
1.913673269309997593e+00
1.918991064796447654e+00
1.942224282531738178e+00
1.939749958152771070e+00
1.924485747756957910e+00
1.929631021804809610e+00
1.918171542701721188e+00
1.893691450653076203e+00
1.869897857208251857e+00
1.937172034645080476e+00
1.918399307861328174e+00
1.916927153549194296e+00
1.877945251693725615e+00
