1.095999999908447187e+01
1.388799999908447269e+01
1.860799999511718639e+01
2.273599999816894623e+01
2.427199999511718786e+01
2.710400000183105362e+01
2.900800000183105354e+01
3.091199999938964993e+01
3.206399999816894564e+01
3.419200000732421785e+01
3.651199999023437215e+01
3.641600000122070213e+01
3.784000000122070162e+01
3.860800000366210583e+01
3.936000000366210827e+01
4.044800000976562160e+01
4.011199998779297005e+01
3.950399998779296595e+01
4.113600000732422046e+01
4.143999999389648536e+01
