1.258207225799560547e+01
1.188397097587585449e+01
1.186557435989379883e+01
1.196784424781799316e+01
1.199816870689392090e+01
1.205891561508178711e+01
1.202837705612182617e+01
1.203765583038330078e+01
1.207792949676513672e+01
1.206957125663757324e+01
1.209303236007690430e+01
1.208458662033081055e+01
1.212018871307373047e+01
1.210108470916748047e+01
1.211697864532470703e+01
1.209922957420349121e+01
1.214164257049560547e+01
1.208918857574462891e+01
1.207869768142700195e+01
1.210557961463928223e+01
