1.291118812561035156e+01
1.231552100181579590e+01
1.232095980644226074e+01
1.239946627616882324e+01
1.247475719451904297e+01
1.249383282661437988e+01
1.244865775108337402e+01
1.246644091606140137e+01
1.247830724716186523e+01
1.250170302391052246e+01
1.245487809181213379e+01
1.254459214210510254e+01
1.247762417793273926e+01
1.248578047752380371e+01
1.248091769218444824e+01
1.247129583358764648e+01
1.251019859313964844e+01
1.249371266365051270e+01
1.251907753944396973e+01
1.245168709754943848e+01
