4.025406837463378906e-01
3.968019485473632812e-01
3.909642696380615234e-01
3.922944068908691406e-01
3.892674446105957031e-01
3.990201950073242188e-01
3.828880786895751953e-01
3.936588764190673828e-01
3.884971141815185547e-01
3.877682685852050781e-01
3.947358131408691406e-01
3.826553821563720703e-01
3.925228118896484375e-01
3.870682716369628906e-01
3.894999027252197266e-01
3.924543857574462891e-01
3.874523639678955078e-01
3.922221660614013672e-01
3.912279605865478516e-01
3.831014633178710938e-01
3.950145244598388672e-01
3.811786174774169922e-01
3.885142803192138672e-01
3.879454135894775391e-01
3.872809410095214844e-01
4.011328220367431641e-01
3.823800086975097656e-01
3.921148777008056641e-01
3.890385627746582031e-01
3.872041702270507812e-01
3.948302268981933594e-01
3.837931156158447266e-01
3.965590000152587891e-01
3.897461891174316406e-01
3.894145488739013672e-01
3.956472873687744141e-01
3.874766826629638672e-01
3.967504501342773438e-01
3.897178173065185547e-01
3.907585144042968750e-01
3.991773128509521484e-01
3.830995559692382812e-01
3.937447071075439453e-01
3.884623050689697266e-01
3.879601955413818359e-01
4.036459922790527344e-01
3.848586082458496094e-01
3.924174308776855469e-01
3.897750377655029297e-01
3.904838562011718750e-01
3.970944881439208984e-01
3.849077224731445312e-01
3.976607322692871094e-01
3.890409469604492188e-01
3.851191997528076172e-01
3.961863517761230469e-01
3.828039169311523438e-01
3.910799026489257812e-01
3.914604187011718750e-01
3.894546031951904297e-01
3.947000503540039062e-01
3.849060535430908203e-01
3.929309844970703125e-01
3.908667564392089844e-01
3.863565921783447266e-01
3.952820301055908203e-01
3.854875564575195312e-01
3.986849784851074219e-01
3.915920257568359375e-01
3.882789611816406250e-01
3.935213088989257812e-01
3.850398063659667969e-01
4.000403881072998047e-01
3.913314342498779297e-01
3.858428001403808594e-01
3.946812152862548828e-01
3.847000598907470703e-01
3.928787708282470703e-01
3.909170627593994141e-01
3.858070373535156250e-01
3.945751190185546875e-01
3.869361877441406250e-01
3.932702541351318359e-01
3.909032344818115234e-01
3.859341144561767578e-01
3.911187648773193359e-01
3.859763145446777344e-01
3.941900730133056641e-01
3.894476890563964844e-01
3.946142196655273438e-01
4.005091190338134766e-01
3.859138488769531250e-01
3.900790214538574219e-01
3.908135890960693359e-01
3.889327049255371094e-01
3.978240489959716797e-01
3.883800506591796875e-01
3.935160636901855469e-01
3.936221599578857422e-01
3.894996643066406250e-01
3.915503025054931641e-01
3.910098075866699219e-01
3.943333625793457031e-01
3.912642002105712891e-01
3.919000625610351562e-01
3.937759399414062500e-01
3.884425163269042969e-01
3.960082530975341797e-01
3.890035152435302734e-01
3.849670886993408203e-01
3.930466175079345703e-01
3.850359916687011719e-01
3.940804004669189453e-01
3.941600322723388672e-01
3.887920379638671875e-01
3.966581821441650391e-01
3.842153549194335938e-01
3.929326534271240234e-01
3.939371109008789062e-01
3.912737369537353516e-01
3.928227424621582031e-01
3.862929344177246094e-01
3.898026943206787109e-01
3.916211128234863281e-01
3.888337612152099609e-01
3.980591297149658203e-01
3.915932178497314453e-01
3.888034820556640625e-01
3.908782005310058594e-01
3.870363235473632812e-01
3.893721103668212891e-01
3.926451206207275391e-01
3.869969844818115234e-01
3.912718296051025391e-01
3.875036239624023438e-01
3.868088722229003906e-01
3.885245323181152344e-01
3.918356895446777344e-01
3.928894996643066406e-01
5.390820503234863281e-01
3.905236721038818359e-01
3.893713951110839844e-01
3.911800384521484375e-01
3.926694393157958984e-01
3.901655673980712891e-01
3.929667472839355469e-01
3.866844177246093750e-01
3.909683227539062500e-01
3.913619518280029297e-01
3.899919986724853516e-01
3.888978958129882812e-01
3.897552490234375000e-01
3.877747058868408203e-01
3.891792297363281250e-01
3.877236843109130859e-01
3.889162540435791016e-01
3.899223804473876953e-01
3.960375785827636719e-01
3.894934654235839844e-01
3.897798061370849609e-01
3.896427154541015625e-01
3.927774429321289062e-01
3.904092311859130859e-01
3.910951614379882812e-01
3.879251480102539062e-01
3.930959701538085938e-01
3.898632526397705078e-01
3.922998905181884766e-01
3.937532901763916016e-01
3.897404670715332031e-01
3.915021419525146484e-01
3.888428211212158203e-01
3.910326957702636719e-01
3.904142379760742188e-01
3.918137550354003906e-01
3.935902118682861328e-01
3.889985084533691406e-01
3.902578353881835938e-01
3.917732238769531250e-01
3.903174400329589844e-01
3.924260139465332031e-01
3.911564350128173828e-01
3.887937068939208984e-01
3.924863338470458984e-01
3.931252956390380859e-01
3.885016441345214844e-01
3.910953998565673828e-01
3.902173042297363281e-01
3.946199417114257812e-01
3.900201320648193359e-01
3.921484947204589844e-01
3.901262283325195312e-01
3.890976905822753906e-01
3.846969604492187500e-01
3.898928165435791016e-01
3.928084373474121094e-01
3.898508548736572266e-01
3.920664787292480469e-01
3.894281387329101562e-01
3.919355869293212891e-01
