2.380819759063720564e+00
2.384527441940307746e+00
2.387234664382934746e+00
2.404204783782958987e+00
2.382558024063110569e+00
2.392265478668212708e+00
2.384524483032226527e+00
2.370110309448242081e+00
2.376147171936035196e+00
2.361158089447021435e+00
2.367090794754028504e+00
2.375618380355835058e+00
2.363727677459716681e+00
2.370254647827148453e+00
2.374933390655517673e+00
2.360506912078857322e+00
2.352791656188964797e+00
2.346595225677490237e+00
2.352860074996948381e+00
2.349640827331542781e+00
2.345141142425537062e+00
2.342425109863281119e+00
2.353373638381957900e+00
2.349769823455810425e+00
2.347152555465698232e+00
2.340752288284301930e+00
2.344840660858154457e+00
2.343393387298584152e+00
2.342171361236572213e+00
2.351811550903320391e+00
2.350173327178954885e+00
2.344888426437377937e+00
2.345930615539550956e+00
2.348549122772216613e+00
2.340448939666747830e+00
2.337153358230590783e+00
2.334853617019653438e+00
2.338217241668701263e+00
2.334783955154418944e+00
2.345728285980224648e+00
2.339234901123046662e+00
2.341077821578979368e+00
2.339379282760619905e+00
2.351118767395019571e+00
2.339841341857910262e+00
2.334159444046020493e+00
2.332222293930053869e+00
2.329222602539062326e+00
2.331727044296264761e+00
2.332051318740844703e+00
2.331653566131591582e+00
2.335573567581176846e+00
2.332962357864379666e+00
2.325164296035766576e+00
2.330177331542968577e+00
2.323182638854980553e+00
2.326520815277099530e+00
2.327721107101440534e+00
2.323785302734374891e+00
2.322171680450439535e+00
2.324948030548095623e+00
2.325865913238525540e+00
2.322169992523193560e+00
2.328538112411499217e+00
2.318051526336669887e+00
2.321240918197631675e+00
2.309284948883056465e+00
2.299737762374877814e+00
2.278862263793945520e+00
2.218040201492309738e+00
2.170232908248901360e+00
2.130059206619262735e+00
2.132927549514770593e+00
2.145660942993163900e+00
2.133478882751465022e+00
2.121580477981567459e+00
2.115660639495849704e+00
2.116620088653564657e+00
2.108365344467163283e+00
2.107468939170837441e+00
2.120978588905334306e+00
2.100855275802612443e+00
2.113062075729370104e+00
2.119478517227173064e+00
2.112459581222533966e+00
2.103180397567748994e+00
2.097742415618896406e+00
2.100208387565612789e+00
2.091679900016784721e+00
2.091376445846557797e+00
2.072899944000244243e+00
2.074740634384155236e+00
2.081790452842712469e+00
2.091176408081054650e+00
2.099706460151672172e+00
2.095706514892578198e+00
2.084666236457824784e+00
2.093729994583129805e+00
2.067925141067505024e+00
2.067406263618469353e+00
1.970144789886474568e+00
1.971377197227478062e+00
1.970170616798400776e+00
1.973061706504821711e+00
1.967131537742614844e+00
1.955174163856506331e+00
1.953121435737609879e+00
1.959684415092468157e+00
1.954169653282165520e+00
1.951065106506347568e+00
1.953293087501525971e+00
1.949769776687622080e+00
1.945567258491516016e+00
1.945533943748474215e+00
1.937843060417175245e+00
1.938805011253357025e+00
1.936334769325256389e+00
1.940660464019775322e+00
1.939893554687500021e+00
1.935909275283813402e+00
1.928742525558471588e+00
1.924550789794921890e+00
1.926721474647522081e+00
1.933898613128662181e+00
1.923551396560668980e+00
1.930834166564941334e+00
1.922429012451171815e+00
1.930982347946166966e+00
1.929317977371215909e+00
1.924145727462768463e+00
1.911727471466064365e+00
1.921343380203247131e+00
1.922379873886108426e+00
1.915887302703857431e+00
1.924245534057617224e+00
1.908842861442565875e+00
1.906422787170410249e+00
1.910017295265197701e+00
1.917992932357788005e+00
1.909435101356506292e+00
1.910471099929809569e+00
1.909413739280700684e+00
1.903039757843017599e+00
1.900827256889343175e+00
1.904076726531982455e+00
1.903094799346923827e+00
1.908328041992187529e+00
1.898910826148986875e+00
1.907159545593261729e+00
1.905645305557250868e+00
1.891127532730102478e+00
1.898252314987182610e+00
1.898176359329223573e+00
1.900161024208068872e+00
1.890027442741394115e+00
1.883960004730224513e+00
1.891490361480712812e+00
1.905101313171386757e+00
1.888432231636047343e+00
1.896738011436462479e+00
1.892276485977172795e+00
1.890177905006408698e+00
1.889917687873840402e+00
1.891198157081604103e+00
1.882660695724487354e+00
1.888229200897216797e+00
1.886619855880737218e+00
1.889601625976562449e+00
1.898695129280090432e+00
1.885285875053405835e+00
1.881176122589111266e+00
1.883447769584655651e+00
1.881177947998046829e+00
1.890463251113891685e+00
1.876717950553894010e+00
1.894616603927612219e+00
1.901778807678222716e+00
1.891370685844421473e+00
1.891436423797607347e+00
1.886362781105041408e+00
1.892050683860778904e+00
1.892532227935791012e+00
1.892329264106750397e+00
1.895340354537963901e+00
1.887338786926269441e+00
1.893421485595703224e+00
1.891401965522766071e+00
1.894817675476074159e+00
1.890553941688537520e+00
1.891169429092407261e+00
1.897995905418395912e+00
1.885923015022277882e+00
1.883697154388427775e+00
1.870286940689086963e+00
1.879874064903259256e+00
1.876366436882018984e+00
1.880820727920532232e+00
1.881931613006591730e+00
1.886850312576293875e+00
1.886140981445312503e+00
