1.325820541381835938e+01
1.259810805320739746e+01
1.262238907814025879e+01
1.266197419166564941e+01
1.259948205947875977e+01
1.265480470657348633e+01
1.261102080345153809e+01
1.262560153007507324e+01
1.262655043601989746e+01
1.270747017860412598e+01
1.265715360641479492e+01
1.265169072151184082e+01
1.265242981910705566e+01
1.264282083511352539e+01
1.264738392829895020e+01
1.263600635528564453e+01
1.267881202697753906e+01
1.269435596466064453e+01
1.264133596420288086e+01
1.264460253715515137e+01
1.265505743026733398e+01
1.272938203811645508e+01
1.270412325859069824e+01
1.267914152145385742e+01
1.263554310798645020e+01
1.269786739349365234e+01
1.264271354675292969e+01
1.266686820983886719e+01
1.263520503044128418e+01
1.269223070144653320e+01
1.274985027313232422e+01
1.275825715065002441e+01
1.268778514862060547e+01
1.266588568687438965e+01
1.265611672401428223e+01
1.266288280487060547e+01
1.270080399513244629e+01
1.265740561485290527e+01
1.267315101623535156e+01
1.281930708885192871e+01
1.263556814193725586e+01
1.281141161918640137e+01
1.269163846969604492e+01
1.277122116088867188e+01
1.269658374786376953e+01
1.271839189529418945e+01
1.275718617439270020e+01
1.269779253005981445e+01
1.268933343887329102e+01
1.265890526771545410e+01
1.272754645347595215e+01
1.268104171752929688e+01
1.274316716194152832e+01
1.268797326087951660e+01
1.271073603630065918e+01
1.271731519699096680e+01
1.266353940963745117e+01
1.269031214714050293e+01
1.267306852340698242e+01
1.272691869735717773e+01
1.266606497764587402e+01
1.272557187080383301e+01
1.271650886535644531e+01
1.269548964500427246e+01
1.267481517791748047e+01
1.266086983680725098e+01
1.265612554550170898e+01
1.271816635131835938e+01
1.267643737792968750e+01
1.268794202804565430e+01
1.267907571792602539e+01
1.267561173439025879e+01
1.269919753074645996e+01
1.272477817535400391e+01
1.263466310501098633e+01
1.269203996658325195e+01
1.267072391510009766e+01
1.266515922546386719e+01
1.270604085922241211e+01
1.266756868362426758e+01
1.267467427253723145e+01
1.269257235527038574e+01
1.271380448341369629e+01
1.268167781829833984e+01
1.270979762077331543e+01
1.267003202438354492e+01
1.277308368682861328e+01
1.273659729957580566e+01
1.269571161270141602e+01
1.274804043769836426e+01
1.272162294387817383e+01
1.266122293472290039e+01
1.270113110542297363e+01
1.269572377204895020e+01
1.264958000183105469e+01
1.265388417243957520e+01
1.264144325256347656e+01
1.266433978080749512e+01
1.277308988571166992e+01
1.269491291046142578e+01
1.270981287956237793e+01
1.272070765495300293e+01
1.272888207435607910e+01
1.268670701980590820e+01
1.272693610191345215e+01
1.264860486984252930e+01
1.269086813926696777e+01
1.266935253143310547e+01
1.271483564376831055e+01
1.275323367118835449e+01
1.269809532165527344e+01
1.271783494949340820e+01
1.270802474021911621e+01
1.277071690559387207e+01
1.266800785064697266e+01
1.270490097999572754e+01
1.270425081253051758e+01
1.265549135208129883e+01
1.265649390220642090e+01
1.274023818969726562e+01
1.262881922721862793e+01
1.270370364189147949e+01
1.267778444290161133e+01
1.271575760841369629e+01
1.269860053062438965e+01
1.265523767471313477e+01
1.269205594062805176e+01
1.283880329132080078e+01
1.264545869827270508e+01
1.273656344413757324e+01
1.269420528411865234e+01
1.271806335449218750e+01
1.269013547897338867e+01
1.264705181121826172e+01
1.265010762214660645e+01
1.265076637268066406e+01
1.269637560844421387e+01
1.263880825042724609e+01
1.277193665504455566e+01
1.282825446128845215e+01
1.269997692108154297e+01
1.269706916809082031e+01
1.273294997215270996e+01
1.268096876144409180e+01
1.265368318557739258e+01
1.266830587387084961e+01
1.266871619224548340e+01
1.271516537666320801e+01
1.269259858131408691e+01
1.272572851181030273e+01
1.272357368469238281e+01
1.267413449287414551e+01
1.271915984153747559e+01
1.266844463348388672e+01
1.262740111351013184e+01
1.264093160629272461e+01
1.264275312423706055e+01
1.273266267776489258e+01
1.266456103324890137e+01
1.265761160850524902e+01
1.270932269096374512e+01
1.276448225975036621e+01
1.264895176887512207e+01
1.273239731788635254e+01
1.275869345664978027e+01
1.265806937217712402e+01
1.268939065933227539e+01
1.265721702575683594e+01
1.267985939979553223e+01
1.269762825965881348e+01
1.266677927970886230e+01
1.271651148796081543e+01
1.266556000709533691e+01
1.264761710166931152e+01
1.271629881858825684e+01
1.266043925285339355e+01
1.269494009017944336e+01
1.275482606887817383e+01
1.269480395317077637e+01
1.271088147163391113e+01
1.273100423812866211e+01
1.271742725372314453e+01
1.266426539421081543e+01
1.269254541397094727e+01
1.266612815856933594e+01
1.270548319816589355e+01
1.269112753868103027e+01
1.265875101089477539e+01
1.266785836219787598e+01
1.266111373901367188e+01
1.272771716117858887e+01
1.276446199417114258e+01
1.267182445526123047e+01
1.270331549644470215e+01
1.268199157714843750e+01
1.264505290985107422e+01
1.266760063171386719e+01
1.273463726043701172e+01
1.269677233695983887e+01
1.273130965232849121e+01
