4.025321006774902344e-01
3.968575000762939453e-01
3.910210132598876953e-01
3.922948837280273438e-01
3.893907070159912109e-01
3.990712165832519531e-01
3.829910755157470703e-01
3.937942981719970703e-01
3.890442848205566406e-01
3.878409862518310547e-01
3.942556381225585938e-01
3.827669620513916016e-01
3.926274776458740234e-01
3.870973587036132812e-01
3.896093368530273438e-01
3.924639225006103516e-01
3.875083923339843750e-01
3.923606872558593750e-01
3.913097381591796875e-01
3.831329345703125000e-01
3.951427936553955078e-01
3.812220096588134766e-01
3.885481357574462891e-01
3.879914283752441406e-01
3.874373435974121094e-01
4.012851715087890625e-01
3.824944496154785156e-01
3.921246528625488281e-01
3.890733718872070312e-01
3.872404098510742188e-01
3.948166370391845703e-01
3.838777542114257812e-01
3.970153331756591797e-01
3.898174762725830078e-01
3.894345760345458984e-01
3.956873416900634766e-01
3.875074386596679688e-01
3.968577384948730469e-01
3.898737430572509766e-01
3.910317420959472656e-01
3.993148803710937500e-01
3.832306861877441406e-01
3.938286304473876953e-01
3.885107040405273438e-01
3.880469799041748047e-01
4.036796092987060547e-01
3.849196434020996094e-01
3.924245834350585938e-01
3.897664546966552734e-01
3.914442062377929688e-01
3.972570896148681641e-01
3.849928379058837891e-01
3.976945877075195312e-01
3.890576362609863281e-01
3.851177692413330078e-01
3.962452411651611328e-01
3.828418254852294922e-01
3.911530971527099609e-01
3.914644718170166016e-01
3.895814418792724609e-01
3.947186470031738281e-01
3.849472999572753906e-01
3.929827213287353516e-01
3.903117179870605469e-01
3.864619731903076172e-01
3.953292369842529297e-01
3.855843544006347656e-01
3.986949920654296875e-01
3.915920257568359375e-01
3.883092403411865234e-01
3.935847282409667969e-01
3.850834369659423828e-01
4.001750946044921875e-01
3.913669586181640625e-01
3.858780860900878906e-01
3.948471546173095703e-01
3.848526477813720703e-01
3.929171562194824219e-01
3.910341262817382812e-01
3.858604431152343750e-01
3.946385383605957031e-01
3.870282173156738281e-01
3.934099674224853516e-01
3.910160064697265625e-01
3.859958648681640625e-01
3.911616802215576172e-01
3.859732151031494141e-01
3.942844867706298828e-01
3.894572257995605469e-01
3.946955204010009766e-01
4.005334377288818359e-01
3.860368728637695312e-01
3.902137279510498047e-01
3.909108638763427734e-01
3.894715309143066406e-01
3.978805541992187500e-01
3.884906768798828125e-01
3.933019638061523438e-01
3.947610855102539062e-01
3.895313739776611328e-01
3.916356563568115234e-01
3.910675048828125000e-01
3.944549560546875000e-01
3.913428783416748047e-01
3.919579982757568359e-01
3.938732147216796875e-01
3.885121345520019531e-01
3.961253166198730469e-01
3.890216350555419922e-01
3.850729465484619141e-01
3.923361301422119141e-01
3.851814270019531250e-01
3.942058086395263672e-01
3.941755294799804688e-01
3.888075351715087891e-01
3.964140415191650391e-01
3.842864036560058594e-01
3.929665088653564453e-01
3.940591812133789062e-01
3.913879394531250000e-01
3.928947448730468750e-01
3.864002227783203125e-01
3.898789882659912109e-01
3.917121887207031250e-01
3.889386653900146484e-01
3.981218338012695312e-01
3.916821479797363281e-01
3.888556957244873047e-01
3.909256458282470703e-01
3.870370388031005859e-01
3.894295692443847656e-01
3.927190303802490234e-01
3.871099948883056641e-01
3.913249969482421875e-01
3.875007629394531250e-01
3.868613243103027344e-01
3.885776996612548828e-01
3.919868469238281250e-01
3.929378986358642578e-01
5.391743183135986328e-01
3.906126022338867188e-01
3.894345760345458984e-01
3.912029266357421875e-01
3.926961421966552734e-01
3.902318477630615234e-01
3.931105136871337891e-01
3.867328166961669922e-01
3.909630775451660156e-01
3.913798332214355469e-01
3.901352882385253906e-01
3.889570236206054688e-01
3.898079395294189453e-01
3.883872032165527344e-01
3.892819881439208984e-01
3.877427577972412109e-01
3.889594078063964844e-01
3.899850845336914062e-01
3.960912227630615234e-01
3.894958496093750000e-01
3.898291587829589844e-01
3.896934986114501953e-01
3.929340839385986328e-01
3.904559612274169922e-01
3.911528587341308594e-01
3.879315853118896484e-01
3.931138515472412109e-01
3.898620605468750000e-01
3.923192024230957031e-01
3.938145637512207031e-01
3.897864818572998047e-01
3.916029930114746094e-01
3.889076709747314453e-01
3.910138607025146484e-01
3.904693126678466797e-01
3.928711414337158203e-01
3.936493396759033203e-01
3.893363475799560547e-01
3.902792930603027344e-01
3.917946815490722656e-01
3.903770446777343750e-01
3.924796581268310547e-01
3.912029266357421875e-01
3.888635635375976562e-01
3.925635814666748047e-01
3.932535648345947266e-01
3.886444568634033203e-01
3.911936283111572266e-01
3.902938365936279297e-01
3.935332298278808594e-01
3.900680541992187500e-01
3.922483921051025391e-01
3.902099132537841797e-01
3.891096115112304688e-01
3.847205638885498047e-01
3.908059597015380859e-01
3.929221630096435547e-01
3.899240493774414062e-01
3.922157287597656250e-01
3.894603252410888672e-01
3.919842243194580078e-01
