4.021623134613037109e-01
3.967678546905517578e-01
3.907418251037597656e-01
3.919954299926757812e-01
3.889124393463134766e-01
3.987517356872558594e-01
3.828139305114746094e-01
3.935995101928710938e-01
3.884832859039306641e-01
3.874862194061279297e-01
3.945317268371582031e-01
3.824522495269775391e-01
3.924837112426757812e-01
3.870253562927246094e-01
3.890259265899658203e-01
3.925721645355224609e-01
3.878624439239501953e-01
3.926393985748291016e-01
3.915917873382568359e-01
3.831472396850585938e-01
3.953649997711181641e-01
3.813645839691162109e-01
3.884880542755126953e-01
3.878417015075683594e-01
3.871266841888427734e-01
4.009635448455810547e-01
3.822870254516601562e-01
3.918251991271972656e-01
3.886620998382568359e-01
3.869974613189697266e-01
3.944785594940185547e-01
3.835573196411132812e-01
3.966608047485351562e-01
3.895266056060791016e-01
3.892285823822021484e-01
3.954288959503173828e-01
3.871650695800781250e-01
3.965761661529541016e-01
3.898358345031738281e-01
3.907957077026367188e-01
3.989782333374023438e-01
3.829596042633056641e-01
3.935091495513916016e-01
3.882803916931152344e-01
3.875849246978759766e-01
4.027676582336425781e-01
3.846895694732666016e-01
3.921492099761962891e-01
3.895692825317382812e-01
3.912136554718017578e-01
3.970019817352294922e-01
3.846430778503417969e-01
3.973600864410400391e-01
3.887920379638671875e-01
3.848626613616943359e-01
3.959829807281494141e-01
3.823149204254150391e-01
3.909153938293457031e-01
3.911550045013427734e-01
3.892960548400878906e-01
3.944897651672363281e-01
3.847494125366210938e-01
3.929364681243896484e-01
3.909854888916015625e-01
3.868033885955810547e-01
3.952989578247070312e-01
3.851757049560546875e-01
3.981828689575195312e-01
3.912258148193359375e-01
3.879137039184570312e-01
3.932766914367675781e-01
3.847005367279052734e-01
3.997983932495117188e-01
3.914177417755126953e-01
3.856124877929687500e-01
3.944122791290283203e-01
3.845920562744140625e-01
3.925023078918457031e-01
3.905985355377197266e-01
3.855516910552978516e-01
3.942995071411132812e-01
3.868074417114257812e-01
3.928196430206298828e-01
3.907482624053955078e-01
3.857133388519287109e-01
3.908286094665527344e-01
3.856670856475830078e-01
3.939127922058105469e-01
3.891294002532958984e-01
3.943281173706054688e-01
4.002599716186523438e-01
3.854999542236328125e-01
3.897531032562255859e-01
3.904900550842285156e-01
3.885705471038818359e-01
3.975367546081542969e-01
3.881924152374267578e-01
3.931128978729248047e-01
3.933444023132324219e-01
3.894457817077636719e-01
3.916058540344238281e-01
3.908219337463378906e-01
3.940610885620117188e-01
3.910484313964843750e-01
3.916575908660888672e-01
3.937308788299560547e-01
3.882529735565185547e-01
3.957583904266357422e-01
3.887090682983398438e-01
3.846828937530517578e-01
3.927428722381591797e-01
3.848545551300048828e-01
3.938896656036376953e-01
3.939795494079589844e-01
3.891496658325195312e-01
3.964426517486572266e-01
3.839578628540039062e-01
3.926224708557128906e-01
3.937230110168457031e-01
3.911898136138916016e-01
3.925983905792236328e-01
3.861613273620605469e-01
3.895685672760009766e-01
3.914182186126708984e-01
3.885874748229980469e-01
3.978857994079589844e-01
3.913989067077636719e-01
3.884713649749755859e-01
3.905665874481201172e-01
3.864803314208984375e-01
3.893325328826904297e-01
3.926141262054443359e-01
3.869900703430175781e-01
3.913962841033935547e-01
3.871049880981445312e-01
3.865032196044921875e-01
3.883707523345947266e-01
3.916759490966796875e-01
3.925292491912841797e-01
6.203801631927490234e-01
3.902838230133056641e-01
3.892602920532226562e-01
3.908956050872802734e-01
3.925349712371826172e-01
3.898684978485107422e-01
3.929517269134521484e-01
3.866107463836669922e-01
3.907494544982910156e-01
3.909962177276611328e-01
3.896172046661376953e-01
3.885304927825927734e-01
3.896563053131103516e-01
3.882257938385009766e-01
3.890154361724853516e-01
3.873374462127685547e-01
3.886747360229492188e-01
3.890013694763183594e-01
3.957097530364990234e-01
3.892798423767089844e-01
3.894853591918945312e-01
3.892993927001953125e-01
3.928604125976562500e-01
3.901910781860351562e-01
3.908290863037109375e-01
3.874938488006591797e-01
3.920845985412597656e-01
3.896496295928955078e-01
3.921232223510742188e-01
3.933179378509521484e-01
3.893082141876220703e-01
3.913671970367431641e-01
3.884110450744628906e-01
3.906161785125732422e-01
3.900942802429199219e-01
3.923857212066650391e-01
3.933997154235839844e-01
3.891489505767822266e-01
3.899514675140380859e-01
3.924653530120849609e-01
3.902094364166259766e-01
3.921124935150146484e-01
3.909184932708740234e-01
3.884291648864746094e-01
3.921077251434326172e-01
3.930160999298095703e-01
3.882002830505371094e-01
3.907849788665771484e-01
3.899288177490234375e-01
3.933389186859130859e-01
3.896942138671875000e-01
3.918902873992919922e-01
3.899397850036621094e-01
3.888325691223144531e-01
3.843214511871337891e-01
3.905878067016601562e-01
3.925912380218505859e-01
3.896050453186035156e-01
3.918998241424560547e-01
3.890080451965332031e-01
3.915891647338867188e-01
