1.320004343986511230e+01
1.258566451072692871e+01
1.265852332115173340e+01
1.267681598663330078e+01
1.262939977645874023e+01
1.265608286857604980e+01
1.266781520843505859e+01
1.269819712638854980e+01
1.268733239173889160e+01
1.266705369949340820e+01
1.272207689285278320e+01
1.264599490165710449e+01
1.268553471565246582e+01
1.265662074089050293e+01
1.268368434906005859e+01
1.273055958747863770e+01
1.269569802284240723e+01
1.270472717285156250e+01
1.272253513336181641e+01
1.265297865867614746e+01
1.273396682739257812e+01
1.270120429992675781e+01
1.267741346359252930e+01
1.268938565254211426e+01
1.274133515357971191e+01
1.273831152915954590e+01
1.269640707969665527e+01
1.271470522880554199e+01
1.269471430778503418e+01
1.268618726730346680e+01
1.267344188690185547e+01
1.270771002769470215e+01
1.271463012695312500e+01
1.271512341499328613e+01
1.271536684036254883e+01
1.271290063858032227e+01
1.271599960327148438e+01
1.273726105690002441e+01
1.273347330093383789e+01
1.266180610656738281e+01
1.271861290931701660e+01
1.266808199882507324e+01
1.268353819847106934e+01
1.268204712867736816e+01
1.267527914047241211e+01
1.269470453262329102e+01
1.266782355308532715e+01
1.271886491775512695e+01
1.267100334167480469e+01
1.273534083366394043e+01
1.268149137496948242e+01
1.269061613082885742e+01
1.275597763061523438e+01
1.271554183959960938e+01
1.271110510826110840e+01
1.269651007652282715e+01
1.269229054450988770e+01
1.269268894195556641e+01
1.272569441795349121e+01
1.271866059303283691e+01
1.270186471939086914e+01
1.272342133522033691e+01
1.269880652427673340e+01
1.267838430404663086e+01
1.268988251686096191e+01
1.271826434135437012e+01
1.270013523101806641e+01
1.270293855667114258e+01
1.274360084533691406e+01
1.271439862251281738e+01
1.272867465019226074e+01
1.273445010185241699e+01
1.279031324386596680e+01
1.271272826194763184e+01
1.269971084594726562e+01
1.267136549949645996e+01
1.270065784454345703e+01
1.272904586791992188e+01
1.266873455047607422e+01
1.267774462699890137e+01
1.272828793525695801e+01
1.272928738594055176e+01
1.267323255538940430e+01
1.272102665901184082e+01
1.267261767387390137e+01
1.270736980438232422e+01
1.264371752738952637e+01
1.280699682235717773e+01
1.265392422676086426e+01
1.268964457511901855e+01
1.269590878486633301e+01
1.269835638999938965e+01
1.266919136047363281e+01
1.270855450630187988e+01
1.269213342666625977e+01
1.270353794097900391e+01
1.269210743904113770e+01
1.269072461128234863e+01
1.270465421676635742e+01
1.275136351585388184e+01
1.275212144851684570e+01
1.271501350402832031e+01
1.272804093360900879e+01
1.267999696731567383e+01
1.269734668731689453e+01
1.269282174110412598e+01
1.271499347686767578e+01
1.273892903327941895e+01
1.271079993247985840e+01
1.263800573348999023e+01
1.267983317375183105e+01
1.268093609809875488e+01
1.264874100685119629e+01
1.271586585044860840e+01
1.273134613037109375e+01
1.270949959754943848e+01
1.268794584274291992e+01
1.271276235580444336e+01
1.273367667198181152e+01
1.265168881416320801e+01
1.271141791343688965e+01
1.267502617835998535e+01
1.270508098602294922e+01
1.270846462249755859e+01
1.269083738327026367e+01
1.286121344566345215e+01
1.270264148712158203e+01
1.270781087875366211e+01
1.272372961044311523e+01
1.266331958770751953e+01
1.271404242515563965e+01
1.281152462959289551e+01
1.268115234375000000e+01
1.274932646751403809e+01
1.267821121215820312e+01
1.268785405158996582e+01
1.271889615058898926e+01
1.269829368591308594e+01
1.265440964698791504e+01
1.283895230293273926e+01
1.274908113479614258e+01
1.268370056152343750e+01
1.272398376464843750e+01
1.274855995178222656e+01
1.268661737442016602e+01
1.273384380340576172e+01
1.268189954757690430e+01
1.274250078201293945e+01
1.269664311408996582e+01
1.268753910064697266e+01
1.269532155990600586e+01
1.270376205444335938e+01
1.265918254852294922e+01
1.267744326591491699e+01
1.269703984260559082e+01
1.270729923248291016e+01
1.269315528869628906e+01
1.270256400108337402e+01
1.274451494216918945e+01
1.268612742424011230e+01
1.264858865737915039e+01
1.270631885528564453e+01
1.272569870948791504e+01
1.267203688621520996e+01
1.267151927947998047e+01
1.268779253959655762e+01
1.271223759651184082e+01
1.271619582176208496e+01
1.269989967346191406e+01
1.265291094779968262e+01
1.269736909866333008e+01
1.274759960174560547e+01
1.266386818885803223e+01
1.269671607017517090e+01
1.270319509506225586e+01
1.275304770469665527e+01
1.273631715774536133e+01
1.273408150672912598e+01
1.273745059967041016e+01
1.270068597793579102e+01
1.268666982650756836e+01
1.271804285049438477e+01
1.269321703910827637e+01
1.266966128349304199e+01
1.272547411918640137e+01
1.269039702415466309e+01
1.267159676551818848e+01
1.272926950454711914e+01
1.270722532272338867e+01
1.271071028709411621e+01
1.269394779205322266e+01
1.270919728279113770e+01
1.273751020431518555e+01
1.268675327301025391e+01
1.269810795783996582e+01
1.272638416290283203e+01
1.272374105453491211e+01
1.273636174201965332e+01
1.270647239685058594e+01
1.268099260330200195e+01
