2.393237020874023457e+00
2.392965505142211846e+00
2.395615424118041847e+00
2.391498269500732299e+00
2.386392873382568336e+00
2.390706221237182572e+00
2.391536339035034153e+00
2.376990826110839894e+00
2.373789763565063549e+00
2.370157034454345890e+00
2.365777504119872976e+00
2.366093150253295807e+00
2.375944538955688579e+00
2.373743163375854337e+00
2.363857699432373227e+00
2.360687523956298772e+00
2.360124450225830284e+00
2.351792589797973676e+00
2.349872343673705899e+00
2.350646728973388555e+00
2.352443943405151394e+00
2.339394592132568285e+00
2.344184766159057798e+00
2.354448163604736521e+00
2.346851721801757940e+00
2.346348780441284365e+00
2.346147989883422991e+00
2.352774798126220812e+00
2.347148655395507877e+00
2.345058553543090785e+00
2.348279448013305792e+00
2.350180447311401188e+00
2.349748345413208206e+00
2.335242817840576190e+00
2.340628753204345713e+00
2.347847504119873197e+00
2.339210960235595493e+00
2.334708724517822187e+00
2.342254591979980649e+00
2.342228630981445292e+00
2.338869619216918938e+00
2.342309084167480293e+00
2.338328620147704928e+00
2.339595282287597833e+00
2.339776103210449154e+00
2.339452336120605658e+00
2.330510936660766586e+00
2.335300015258789053e+00
2.335731135940551706e+00
2.330733274230956997e+00
2.329793738250732549e+00
2.331215662307739134e+00
2.330600805130004893e+00
2.326240160217285080e+00
2.328440476837158268e+00
2.333262927551269517e+00
2.329706336669921996e+00
2.330487370605468733e+00
2.321434503784179704e+00
2.331584751358032115e+00
2.330999570770263762e+00
2.325438198699951275e+00
2.327269956893920799e+00
2.322754702911376867e+00
2.321487210311889537e+00
2.324281491317749193e+00
2.313688236846923818e+00
2.303178700332641604e+00
2.277600164871215860e+00
2.225959358291626167e+00
2.165347558898925939e+00
2.142955826797485308e+00
2.163761264114379745e+00
2.153593756713866991e+00
2.151365308227539241e+00
2.139213715744018529e+00
2.167551251525878797e+00
2.121522525100707934e+00
2.140997901840210105e+00
2.114658148803711057e+00
2.131172467727661335e+00
2.105924263839721533e+00
2.132959985122680813e+00
2.152244162673950356e+00
2.126826912994384866e+00
2.092055225982666133e+00
2.109126512680053800e+00
2.114812489624023240e+00
2.113440124053954872e+00
2.146681952285766748e+00
2.090003872299194487e+00
2.097248050918579132e+00
2.090721331024170127e+00
2.082862151184082133e+00
2.095476359405517464e+00
2.073822503356933744e+00
2.115130811157226454e+00
2.068744762649536106e+00
2.084971095046997291e+00
2.100287978439331127e+00
1.981006544456481944e+00
1.973177931900024440e+00
1.972139763641357346e+00
1.969402755279541006e+00
1.967836708068847695e+00
1.965907504959106378e+00
1.961121564941406215e+00
1.964141378784179715e+00
1.966180765724182100e+00
1.956750961837768532e+00
1.962601242370605403e+00
1.956176345748901424e+00
1.958288061828613369e+00
1.959054041633605969e+00
1.942960323333740247e+00
1.955140681686401427e+00
1.962396981201171897e+00
1.942608820724487373e+00
1.954590188598632761e+00
1.954057671165466248e+00
1.944716159057617189e+00
1.946629299621581932e+00
1.941961065902710004e+00
1.941659560394286999e+00
1.941673997650146477e+00
1.938668694610595766e+00
1.946158342666626018e+00
1.936416245117187573e+00
1.944488227806091318e+00
1.933818056526183993e+00
1.941841833419799768e+00
1.924456058807373138e+00
1.941748303146362264e+00
1.934269238548278702e+00
1.943680938568115302e+00
1.940116263961791931e+00
1.927170526504516701e+00
1.926404473762512115e+00
1.937340071754455550e+00
1.933813122482299862e+00
1.919647800636291590e+00
1.929422656326293950e+00
1.929237306900024373e+00
1.914243026237487877e+00
1.924556285552978530e+00
1.924438814582824619e+00
1.930174607543945209e+00
1.918821943435669031e+00
1.925329811782837020e+00
1.932889068603515614e+00
1.921318980445861913e+00
1.913848761329650872e+00
1.910733311767578213e+00
1.926868932075500584e+00
1.926212735595703052e+00
1.922001542739868230e+00
1.916914219093322824e+00
1.913648551406860410e+00
1.910898562316894589e+00
1.914085229263305710e+00
1.922732043914795019e+00
1.917756057968139638e+00
1.918870230026245016e+00
1.908075294036865266e+00
1.919420333175659188e+00
1.901277722167968642e+00
1.907897325744629002e+00
1.912297164649963355e+00
1.916009600448608463e+00
1.913753557472229083e+00
1.914597748641967856e+00
1.922559389419555620e+00
1.908277867622375501e+00
1.911612941017150957e+00
1.912352652206420922e+00
1.906391301040649466e+00
1.917368168601989664e+00
1.915077671928405723e+00
1.910218428878784236e+00
1.907082188262939404e+00
1.916227908058166562e+00
1.910644235839843663e+00
1.923552136154174752e+00
1.908345059051513637e+00
1.910398362846374543e+00
1.919516234970092716e+00
1.921964793548583961e+00
1.913659800109863252e+00
1.913263334617614664e+00
1.910784384651184054e+00
1.912461556663513251e+00
1.916458276748657319e+00
1.909046518592834474e+00
1.922003144073486380e+00
1.907826871604919372e+00
1.915382194862365717e+00
1.906991821670532161e+00
1.918505537719726650e+00
1.919391253128051700e+00
1.911847815093994152e+00
