1.030000019073486328e+01
9.979999542236328125e+00
1.027999973297119141e+01
1.001999950408935547e+01
9.539999961853027344e+00
9.829999923706054688e+00
9.719999313354492188e+00
9.939999580383300781e+00
9.789999961853027344e+00
1.009000015258789062e+01
9.750000000000000000e+00
1.088000011444091797e+01
1.001999950408935547e+01
9.289999961853027344e+00
9.760000228881835938e+00
1.128999996185302734e+01
1.019999980926513672e+01
1.065999984741210938e+01
1.076999950408935547e+01
1.071000003814697266e+01
1.067999935150146484e+01
1.000000000000000000e+01
9.979999542236328125e+00
1.038000011444091797e+01
1.013999938964843750e+01
1.113000011444091797e+01
1.007999992370605469e+01
9.460000038146972656e+00
1.003999996185302734e+01
1.000000000000000000e+01
9.989999771118164062e+00
9.960000038146972656e+00
1.000000000000000000e+01
1.013000011444091797e+01
1.072999954223632812e+01
1.005000019073486328e+01
9.969999313354492188e+00
1.000000000000000000e+01
1.017000007629394531e+01
9.689999580383300781e+00
1.015999984741210938e+01
1.035999965667724609e+01
1.000999927520751953e+01
9.819999694824218750e+00
1.000000000000000000e+01
1.044999980926513672e+01
9.960000038146972656e+00
1.078999996185302734e+01
1.000000000000000000e+01
9.969999313354492188e+00
1.000000000000000000e+01
1.000000000000000000e+01
1.000000000000000000e+01
1.000000000000000000e+01
1.000000000000000000e+01
1.000000000000000000e+01
1.000000000000000000e+01
1.076999950408935547e+01
1.000000000000000000e+01
1.225999927520751953e+01
1.002999973297119141e+01
1.044999980926513672e+01
1.000000000000000000e+01
1.000000000000000000e+01
1.200000000000000000e+01
1.019999980926513672e+01
1.421000003814697266e+01
1.278999996185302734e+01
1.400000000000000000e+01
1.651000022888183594e+01
1.509999942779541016e+01
1.671999931335449219e+01
1.792000007629394531e+01
1.877000045776367188e+01
1.913999938964843750e+01
2.056999969482421875e+01
2.204999923706054688e+01
1.951000022888183594e+01
1.962999916076660156e+01
2.097999954223632812e+01
2.090999984741210938e+01
2.131999969482421875e+01
2.085999870300292969e+01
1.909000015258789062e+01
2.319999885559082031e+01
2.288999938964843750e+01
2.206999969482421875e+01
1.985999870300292969e+01
2.076999855041503906e+01
2.169999885559082031e+01
2.380999946594238281e+01
1.928999900817871094e+01
2.429999923706054688e+01
2.336999893188476562e+01
2.110999870300292969e+01
2.307999992370605469e+01
2.254999923706054688e+01
1.855999946594238281e+01
1.994999885559082031e+01
2.176999855041503906e+01
2.679999923706054688e+01
2.643999862670898438e+01
2.767000007629394531e+01
2.618999862670898438e+01
2.714999961853027344e+01
2.748999977111816406e+01
2.739999961853027344e+01
2.765999984741210938e+01
2.801999855041503906e+01
2.857999992370605469e+01
2.907999992370605469e+01
2.812999916076660156e+01
2.872999954223632812e+01
2.955999946594238281e+01
2.806999969482421875e+01
2.973999977111816406e+01
2.882999992370605469e+01
2.943999862670898438e+01
2.935999870300292969e+01
2.944999885559082031e+01
2.996999931335449219e+01
3.001999855041503906e+01
2.871999931335449219e+01
2.987999916076660156e+01
3.026999855041503906e+01
2.992000007629394531e+01
2.962999916076660156e+01
3.003999900817871094e+01
3.001999855041503906e+01
3.012999916076660156e+01
2.995999908447265625e+01
2.931999969482421875e+01
3.002999877929687500e+01
3.015999984741210938e+01
3.009000015258789062e+01
3.000000000000000000e+01
3.038999938964843750e+01
3.080999946594238281e+01
2.976999855041503906e+01
3.030999946594238281e+01
2.984999847412109375e+01
3.067000007629394531e+01
3.053999900817871094e+01
3.030999946594238281e+01
2.964999961853027344e+01
3.051999855041503906e+01
3.017000007629394531e+01
3.000000000000000000e+01
3.084999847412109375e+01
2.961999893188476562e+01
3.072999954223632812e+01
3.060999870300292969e+01
3.073999977111816406e+01
3.065999984741210938e+01
3.061999893188476562e+01
3.072999954223632812e+01
3.051999855041503906e+01
3.073999977111816406e+01
3.061999893188476562e+01
3.061999893188476562e+01
3.059999847412109375e+01
3.061999893188476562e+01
3.060999870300292969e+01
3.059999847412109375e+01
3.085999870300292969e+01
3.053999900817871094e+01
3.051999855041503906e+01
3.059000015258789062e+01
3.067000007629394531e+01
3.054999923706054688e+01
3.055999946594238281e+01
3.029999923706054688e+01
3.061999893188476562e+01
3.043999862670898438e+01
3.054999923706054688e+01
3.061999893188476562e+01
3.059000015258789062e+01
3.053999900817871094e+01
3.072999954223632812e+01
3.057999992370605469e+01
3.050999832153320312e+01
3.032999992370605469e+01
3.057999992370605469e+01
3.060999870300292969e+01
3.067000007629394531e+01
3.059000015258789062e+01
3.025000000000000000e+01
3.072999954223632812e+01
3.062999916076660156e+01
3.061999893188476562e+01
3.062999916076660156e+01
3.067000007629394531e+01
3.084999847412109375e+01
3.081999969482421875e+01
3.094999885559082031e+01
3.077999877929687500e+01
3.029999923706054688e+01
3.052999877929687500e+01
3.050999832153320312e+01
3.047999954223632812e+01
