4.025549888610839844e-01
3.968970775604248047e-01
3.910036087036132812e-01
3.923370838165283203e-01
3.893499374389648438e-01
3.991122245788574219e-01
3.829712867736816406e-01
3.937780857086181641e-01
3.886179924011230469e-01
3.878097534179687500e-01
3.947858810424804688e-01
3.827755451202392578e-01
3.926365375518798828e-01
3.871316909790039062e-01
3.896129131317138672e-01
3.925261497497558594e-01
3.875308036804199219e-01
3.923656940460205078e-01
3.913481235504150391e-01
3.831489086151123047e-01
3.951258659362792969e-01
3.812119960784912109e-01
3.885679244995117188e-01
3.879897594451904297e-01
3.874211311340332031e-01
4.012422561645507812e-01
3.825025558471679688e-01
3.921399116516113281e-01
3.890967369079589844e-01
3.872392177581787109e-01
3.948435783386230469e-01
3.838841915130615234e-01
3.970012664794921875e-01
3.898248672485351562e-01
3.894822597503662109e-01
3.957054615020751953e-01
3.875496387481689453e-01
3.968698978424072266e-01
3.898668289184570312e-01
3.910455703735351562e-01
3.992938995361328125e-01
3.832228183746337891e-01
3.938567638397216797e-01
3.885459899902343750e-01
3.880109786987304688e-01
4.037458896636962891e-01
3.849618434906005859e-01
3.924684524536132812e-01
3.898301124572753906e-01
3.914334774017333984e-01
3.972489833831787109e-01
3.849868774414062500e-01
3.977534770965576172e-01
3.890664577484130859e-01
3.851602077484130859e-01
3.962664604187011719e-01
3.828465938568115234e-01
3.911654949188232422e-01
3.915274143218994141e-01
3.895628452301025391e-01
3.947362899780273438e-01
3.849644660949707031e-01
3.929939270019531250e-01
3.909347057342529297e-01
3.864598274230957031e-01
3.953833580017089844e-01
3.855950832366943359e-01
3.987338542938232422e-01
3.916480541229248047e-01
3.883550167083740234e-01
3.936145305633544922e-01
3.851108551025390625e-01
4.001498222351074219e-01
3.913784027099609375e-01
3.858957290649414062e-01
3.948283195495605469e-01
3.848369121551513672e-01
3.929345607757568359e-01
3.910281658172607422e-01
3.858845233917236328e-01
3.946688175201416016e-01
3.870532512664794922e-01
3.933496475219726562e-01
3.910181522369384766e-01
3.860104084014892578e-01
3.911709785461425781e-01
3.860445022583007812e-01
3.943104743957519531e-01
3.895020484924316406e-01
3.946912288665771484e-01
4.005708694458007812e-01
3.860042095184326172e-01
3.901731967926025391e-01
3.909046649932861328e-01
3.890552520751953125e-01
3.979198932647705078e-01
3.884878158569335938e-01
3.935773372650146484e-01
3.936672210693359375e-01
3.895730972290039062e-01
3.916516304016113281e-01
3.911001682281494141e-01
3.944141864776611328e-01
3.913743495941162109e-01
3.920035362243652344e-01
3.938949108123779297e-01
3.885242938995361328e-01
3.961203098297119141e-01
3.890180587768554688e-01
3.850696086883544922e-01
3.931534290313720703e-01
3.851463794708251953e-01
3.941817283630371094e-01
3.941860198974609375e-01
3.888175487518310547e-01
3.967065811157226562e-01
3.843133449554443359e-01
3.929810523986816406e-01
3.940587043762207031e-01
3.913602828979492188e-01
3.929564952850341797e-01
3.863873481750488281e-01
3.899152278900146484e-01
3.917043209075927734e-01
3.889510631561279297e-01
3.981716632843017578e-01
3.917088508605957031e-01
3.888919353485107422e-01
3.909516334533691406e-01
3.870918750762939453e-01
3.894708156585693359e-01
3.927679061889648438e-01
3.871171474456787109e-01
3.913857936859130859e-01
3.875465393066406250e-01
3.868365287780761719e-01
3.885848522186279297e-01
3.919568061828613281e-01
3.929655551910400391e-01
5.392074584960937500e-01
3.906111717224121094e-01
3.894309997558593750e-01
3.912551403045654297e-01
3.927268981933593750e-01
3.902714252471923828e-01
3.930912017822265625e-01
3.867678642272949219e-01
3.910174369812011719e-01
3.914291858673095703e-01
3.900873661041259766e-01
3.889486789703369141e-01
3.898324966430664062e-01
3.878598213195800781e-01
3.892741203308105469e-01
3.877665996551513672e-01
3.890213966369628906e-01
3.899874687194824219e-01
3.960969448089599609e-01
3.895318508148193359e-01
3.898487091064453125e-01
3.897247314453125000e-01
3.929016590118408203e-01
3.904829025268554688e-01
3.911371231079101562e-01
3.879725933074951172e-01
3.931400775909423828e-01
3.898997306823730469e-01
3.923645019531250000e-01
3.938293457031250000e-01
3.897900581359863281e-01
3.916282653808593750e-01
3.889195919036865234e-01
3.910794258117675781e-01
3.904910087585449219e-01
3.928589820861816406e-01
3.937273025512695312e-01
3.890779018402099609e-01
3.903059959411621094e-01
3.918437957763671875e-01
3.902244567871093750e-01
3.925137519836425781e-01
3.912165164947509766e-01
3.888773918151855469e-01
3.925809860229492188e-01
3.932354450225830078e-01
3.886263370513916016e-01
3.912324905395507812e-01
3.903419971466064453e-01
3.935680389404296875e-01
3.901026248931884766e-01
3.922781944274902344e-01
3.902299404144287109e-01
3.891670703887939453e-01
3.847010135650634766e-01
3.908121585845947266e-01
3.929085731506347656e-01
3.899734020233154297e-01
3.921971321105957031e-01
3.894708156585693359e-01
3.920023441314697266e-01
