1.293416070938110352e+01
1.215680575370788574e+01
1.233423066139221191e+01
1.231396675109863281e+01
1.231471395492553711e+01
1.224237012863159180e+01
1.227753019332885742e+01
1.228471207618713379e+01
1.222780537605285645e+01
1.233938694000244141e+01
1.230083608627319336e+01
1.228660035133361816e+01
1.223932123184204102e+01
1.234653782844543457e+01
1.240593862533569336e+01
1.232396292686462402e+01
1.225705766677856445e+01
1.223995423316955566e+01
1.233966660499572754e+01
1.234414172172546387e+01
1.224812698364257812e+01
1.235417938232421875e+01
1.236183381080627441e+01
1.235927867889404297e+01
1.228928494453430176e+01
1.234047484397888184e+01
1.230435419082641602e+01
1.233175349235534668e+01
1.236938977241516113e+01
1.233584952354431152e+01
1.235479021072387695e+01
1.234996891021728516e+01
1.228398275375366211e+01
1.229400062561035156e+01
1.242544412612915039e+01
1.235618877410888672e+01
1.231288504600524902e+01
1.237721300125122070e+01
1.231589913368225098e+01
1.228501296043395996e+01
1.228315687179565430e+01
1.236827921867370605e+01
1.226392292976379395e+01
1.233896899223327637e+01
1.234807610511779785e+01
1.232252669334411621e+01
1.228423047065734863e+01
1.233550715446472168e+01
1.233324122428894043e+01
1.229329371452331543e+01
1.234206056594848633e+01
1.234500217437744141e+01
1.231496143341064453e+01
1.234716320037841797e+01
1.230580353736877441e+01
1.232879734039306641e+01
1.228639602661132812e+01
1.230850934982299805e+01
1.234451341629028320e+01
1.231437706947326660e+01
1.235778760910034180e+01
1.235812759399414062e+01
1.231544733047485352e+01
1.233381319046020508e+01
1.224985408782958984e+01
1.230034971237182617e+01
1.239254283905029297e+01
1.235214138031005859e+01
1.232484483718872070e+01
1.234404850006103516e+01
1.238092660903930664e+01
1.230739831924438477e+01
1.227191662788391113e+01
1.232436728477478027e+01
1.232332134246826172e+01
1.227061557769775391e+01
1.229396224021911621e+01
1.233464884757995605e+01
1.229439592361450195e+01
1.228690958023071289e+01
1.229295563697814941e+01
1.229907822608947754e+01
1.232084751129150391e+01
1.229581713676452637e+01
1.227373814582824707e+01
1.235731315612792969e+01
1.239302706718444824e+01
1.232332706451416016e+01
1.234307646751403809e+01
1.234009480476379395e+01
1.229128122329711914e+01
1.231511020660400391e+01
1.229546642303466797e+01
1.229267024993896484e+01
1.225164151191711426e+01
1.226586747169494629e+01
1.229406261444091797e+01
1.233989310264587402e+01
1.234213542938232422e+01
1.235063982009887695e+01
1.231051921844482422e+01
1.229334783554077148e+01
1.229540371894836426e+01
1.227539014816284180e+01
1.227422571182250977e+01
1.231779551506042480e+01
1.227712368965148926e+01
1.233934926986694336e+01
1.235801768302917480e+01
1.229713511466979980e+01
1.231033372879028320e+01
1.232220602035522461e+01
1.228841352462768555e+01
1.232783269882202148e+01
1.235994744300842285e+01
1.231787776947021484e+01
1.226128721237182617e+01
1.238347172737121582e+01
1.231079959869384766e+01
1.227574586868286133e+01
1.225861406326293945e+01
1.232581543922424316e+01
1.226343226432800293e+01
1.228765964508056641e+01
1.227214813232421875e+01
1.226393127441406250e+01
1.225086617469787598e+01
1.233149385452270508e+01
1.238009953498840332e+01
1.237055230140686035e+01
1.230043649673461914e+01
1.227440237998962402e+01
1.226394772529602051e+01
1.229186582565307617e+01
1.232209563255310059e+01
1.237945652008056641e+01
1.244480800628662109e+01
1.228925585746765137e+01
1.226579117774963379e+01
1.204334497451782227e+01
1.229376506805419922e+01
1.231916308403015137e+01
1.237682843208312988e+01
1.231543087959289551e+01
1.226653337478637695e+01
1.230133914947509766e+01
1.228755640983581543e+01
1.235141515731811523e+01
1.237517166137695312e+01
1.229579544067382812e+01
1.238415837287902832e+01
1.233620715141296387e+01
1.229800248146057129e+01
1.231018495559692383e+01
1.233015894889831543e+01
1.226186609268188477e+01
1.234823656082153320e+01
1.230842065811157227e+01
1.233180284500122070e+01
1.234390377998352051e+01
1.231861400604248047e+01
1.232575011253356934e+01
1.237779808044433594e+01
1.240883302688598633e+01
1.241980123519897461e+01
1.233934545516967773e+01
1.233566379547119141e+01
1.234376263618469238e+01
1.233903789520263672e+01
1.230688238143920898e+01
1.224274206161499023e+01
1.231530332565307617e+01
1.231855893135070801e+01
1.227978205680847168e+01
1.232481980323791504e+01
1.224578619003295898e+01
1.242646932601928711e+01
1.234837865829467773e+01
1.233668851852416992e+01
1.226928663253784180e+01
1.229077768325805664e+01
1.229287052154541016e+01
1.230132651329040527e+01
1.229110693931579590e+01
1.231534123420715332e+01
1.227403688430786133e+01
1.229636192321777344e+01
1.229388689994812012e+01
1.233724975585937500e+01
1.230964589118957520e+01
1.222709250450134277e+01
1.228631138801574707e+01
1.229649281501770020e+01
1.236118936538696289e+01
1.234358191490173340e+01
1.231110382080078125e+01
1.230327081680297852e+01
1.230694508552551270e+01
1.234966158866882324e+01
1.244964075088500977e+01
