4.023015499114990234e-01
3.969459533691406250e-01
3.908123970031738281e-01
3.921689987182617188e-01
3.889288902282714844e-01
3.988604545593261719e-01
3.830084800720214844e-01
3.936948776245117188e-01
3.886065483093261719e-01
3.874735832214355469e-01
3.946459293365478516e-01
3.825073242187500000e-01
3.925800323486328125e-01
3.871669769287109375e-01
3.891503810882568359e-01
3.927247524261474609e-01
3.880109786987304688e-01
3.927781581878662109e-01
3.917167186737060547e-01
3.832311630249023438e-01
3.955035209655761719e-01
3.813953399658203125e-01
3.884696960449218750e-01
3.879148960113525391e-01
3.872590065002441406e-01
4.010612964630126953e-01
3.823926448822021484e-01
3.918807506561279297e-01
3.886933326721191406e-01
3.870010375976562500e-01
3.946003913879394531e-01
3.836627006530761719e-01
3.967559337615966797e-01
3.896210193634033203e-01
3.893153667449951172e-01
3.954832553863525391e-01
3.873283863067626953e-01
3.966817855834960938e-01
3.899381160736083984e-01
3.909020423889160156e-01
3.990941047668457031e-01
3.830823898315429688e-01
3.936271667480468750e-01
3.885028362274169922e-01
3.876509666442871094e-01
4.036142826080322266e-01
3.847973346710205078e-01
3.923151493072509766e-01
3.896934986114501953e-01
3.912956714630126953e-01
3.971033096313476562e-01
3.847696781158447266e-01
3.974988460540771484e-01
3.888292312622070312e-01
3.849332332611083984e-01
3.960464000701904297e-01
3.823754787445068359e-01
3.909702301025390625e-01
3.912689685821533203e-01
3.894138336181640625e-01
3.945212364196777344e-01
3.848485946655273438e-01
3.930613994598388672e-01
3.910861015319824219e-01
3.869304656982421875e-01
3.954138755798339844e-01
3.853044509887695312e-01
3.982748985290527344e-01
3.913395404815673828e-01
3.881154060363769531e-01
3.934836387634277344e-01
3.847496509552001953e-01
4.004921913146972656e-01
3.912165164947509766e-01
3.857374191284179688e-01
3.945133686065673828e-01
3.846957683563232422e-01
3.926963806152343750e-01
3.906557559967041016e-01
3.856732845306396484e-01
3.944237232208251953e-01
3.869478702545166016e-01
3.929429054260253906e-01
3.908185958862304688e-01
3.857953548431396484e-01
3.908340930938720703e-01
3.858258724212646484e-01
3.939983844757080078e-01
3.893151283264160156e-01
3.944373130798339844e-01
4.004158973693847656e-01
3.852016925811767578e-01
3.898024559020996094e-01
3.905384540557861328e-01
3.887283802032470703e-01
3.976712226867675781e-01
3.883454799652099609e-01
3.932311534881591797e-01
3.934533596038818359e-01
3.896172046661376953e-01
3.917536735534667969e-01
3.909664154052734375e-01
3.941867351531982422e-01
3.912391662597656250e-01
3.918502330780029297e-01
3.938694000244140625e-01
3.884251117706298828e-01
3.958652019500732422e-01
3.887796401977539062e-01
3.847651481628417969e-01
3.929507732391357422e-01
3.849058151245117188e-01
3.939640522003173828e-01
3.940899372100830078e-01
3.886127471923828125e-01
3.965644836425781250e-01
3.840329647064208984e-01
3.927752971649169922e-01
3.938984870910644531e-01
3.912882804870605469e-01
3.927452564239501953e-01
3.862969875335693359e-01
3.897681236267089844e-01
3.914971351623535156e-01
3.886859416961669922e-01
3.980076313018798828e-01
3.915348052978515625e-01
3.885812759399414062e-01
3.906931877136230469e-01
3.866541385650634766e-01
3.894913196563720703e-01
3.927714824676513672e-01
3.871200084686279297e-01
3.915178775787353516e-01
3.871908187866210938e-01
3.865268230438232422e-01
3.884129524230957031e-01
3.906917572021484375e-01
3.926491737365722656e-01
5.468857288360595703e-01
3.904299736022949219e-01
3.893795013427734375e-01
3.910639286041259766e-01
3.926949501037597656e-01
3.900220394134521484e-01
3.930842876434326172e-01
3.867402076721191406e-01
3.908555507659912109e-01
3.911254405975341797e-01
3.896830081939697266e-01
3.886177539825439453e-01
3.897325992584228516e-01
3.882856369018554688e-01
3.885531425476074219e-01
3.874187469482421875e-01
3.887681961059570312e-01
3.896958827972412109e-01
3.958065509796142578e-01
3.893365859985351562e-01
3.894922733306884766e-01
3.894495964050292969e-01
3.927106857299804688e-01
3.903055191040039062e-01
3.908569812774658203e-01
3.875775337219238281e-01
3.928737640380859375e-01
3.897583484649658203e-01
3.922820091247558594e-01
3.934540748596191406e-01
3.893601894378662109e-01
3.915095329284667969e-01
3.885226249694824219e-01
3.907465934753417969e-01
3.901555538177490234e-01
3.924400806427001953e-01
3.935687541961669922e-01
3.892383575439453125e-01
3.900852203369140625e-01
3.918061256408691406e-01
3.903169631958007812e-01
3.922402858734130859e-01
3.910710811614990234e-01
3.885724544525146484e-01
3.922035694122314453e-01
3.931484222412109375e-01
3.882889747619628906e-01
3.909137248992919922e-01
3.900387287139892578e-01
3.934979438781738281e-01
3.897719383239746094e-01
3.919937610626220703e-01
3.900585174560546875e-01
3.889019489288330078e-01
3.843660354614257812e-01
3.906764984130859375e-01
3.927197456359863281e-01
3.897738456726074219e-01
3.920073509216308594e-01
3.891696929931640625e-01
3.916985988616943359e-01
