9.840000152587890625e+00
9.989999771118164062e+00
1.036999988555908203e+01
9.750000000000000000e+00
9.939999580383300781e+00
1.031999969482421875e+01
9.899999618530273438e+00
1.017999935150146484e+01
9.859999656677246094e+00
9.909999847412109375e+00
1.001999950408935547e+01
1.003999996185302734e+01
1.086999988555908203e+01
1.042999935150146484e+01
1.051999950408935547e+01
1.119999980926513672e+01
1.000000000000000000e+01
1.096000003814697266e+01
1.002999973297119141e+01
9.590000152587890625e+00
9.859999656677246094e+00
1.080000019073486328e+01
1.063000011444091797e+01
1.000000000000000000e+01
1.021999931335449219e+01
1.002999973297119141e+01
1.052999973297119141e+01
1.000999927520751953e+01
1.000000000000000000e+01
1.027999973297119141e+01
9.369999885559082031e+00
1.050000000000000000e+01
9.989999771118164062e+00
1.059999942779541016e+01
1.038000011444091797e+01
1.090999984741210938e+01
1.098999977111816406e+01
1.036999988555908203e+01
1.000000000000000000e+01
1.038999938964843750e+01
1.019999980926513672e+01
9.779999732971191406e+00
1.077999973297119141e+01
1.010999965667724609e+01
1.005000019073486328e+01
1.063000011444091797e+01
1.025000000000000000e+01
1.034000015258789062e+01
9.929999351501464844e+00
9.609999656677246094e+00
1.009000015258789062e+01
1.000000000000000000e+01
1.000000000000000000e+01
1.000000000000000000e+01
1.000000000000000000e+01
1.050999927520751953e+01
1.000000000000000000e+01
1.086999988555908203e+01
1.202999973297119141e+01
1.313000011444091797e+01
1.000000000000000000e+01
9.979999542236328125e+00
1.069999980926513672e+01
1.000000000000000000e+01
1.317999935150146484e+01
1.144999980926513672e+01
1.005000019073486328e+01
1.462999916076660156e+01
1.634000015258789062e+01
1.952000045776367188e+01
1.638999938964843750e+01
2.155999946594238281e+01
1.739999961853027344e+01
1.793000030517578125e+01
1.852999877929687500e+01
1.813999938964843750e+01
2.071999931335449219e+01
2.060999870300292969e+01
2.009000015258789062e+01
2.035999870300292969e+01
2.359000015258789062e+01
1.956999969482421875e+01
2.289999961853027344e+01
2.038999938964843750e+01
2.013999938964843750e+01
2.110999870300292969e+01
2.475000000000000000e+01
2.082999992370605469e+01
1.760999870300292969e+01
2.131999969482421875e+01
2.077999877929687500e+01
2.327999877929687500e+01
1.637999916076660156e+01
2.437999916076660156e+01
1.953999900817871094e+01
2.309000015258789062e+01
2.356999969482421875e+01
2.173999977111816406e+01
2.204999923706054688e+01
2.306999969482421875e+01
2.601999855041503906e+01
2.540999984741210938e+01
2.689999961853027344e+01
2.645999908447265625e+01
2.643999862670898438e+01
2.701000022888183594e+01
2.626999855041503906e+01
2.719999885559082031e+01
2.693999862670898438e+01
2.877999877929687500e+01
2.871999931335449219e+01
2.596999931335449219e+01
2.857999992370605469e+01
2.805999946594238281e+01
2.875999832153320312e+01
2.885999870300292969e+01
2.825000000000000000e+01
2.826000022888183594e+01
2.980999946594238281e+01
2.965999984741210938e+01
2.945999908447265625e+01
2.934000015258789062e+01
2.936999893188476562e+01
2.915999984741210938e+01
2.970999908447265625e+01
3.009999847412109375e+01
2.996999931335449219e+01
2.950000000000000000e+01
2.922999954223632812e+01
2.980999946594238281e+01
2.904999923706054688e+01
2.842999839782714844e+01
2.957999992370605469e+01
3.015999984741210938e+01
2.985999870300292969e+01
3.000999832153320312e+01
3.087999916076660156e+01
2.992000007629394531e+01
2.992000007629394531e+01
2.942999839782714844e+01
3.057999992370605469e+01
2.990999984741210938e+01
2.986999893188476562e+01
2.989999961853027344e+01
3.022999954223632812e+01
3.001999855041503906e+01
3.034000015258789062e+01
2.957999992370605469e+01
2.987999916076660156e+01
3.048999977111816406e+01
3.073999977111816406e+01
3.068999862670898438e+01
3.077999877929687500e+01
3.056999969482421875e+01
3.053999900817871094e+01
3.071999931335449219e+01
3.052999877929687500e+01
3.065999984741210938e+01
3.054999923706054688e+01
3.061999893188476562e+01
3.059999847412109375e+01
3.068999862670898438e+01
3.050000000000000000e+01
3.037999916076660156e+01
3.090999984741210938e+01
3.086999893188476562e+01
3.071999931335449219e+01
3.060999870300292969e+01
3.063999938964843750e+01
3.034999847412109375e+01
3.064999961853027344e+01
3.037999916076660156e+01
3.050999832153320312e+01
3.048999977111816406e+01
3.069999885559082031e+01
3.060999870300292969e+01
3.046999931335449219e+01
3.050000000000000000e+01
3.067999839782714844e+01
3.064999961853027344e+01
3.057999992370605469e+01
3.032999992370605469e+01
3.063999938964843750e+01
3.059000015258789062e+01
3.076999855041503906e+01
3.046999931335449219e+01
3.062999916076660156e+01
3.059999847412109375e+01
3.060999870300292969e+01
3.063999938964843750e+01
3.046999931335449219e+01
3.076999855041503906e+01
3.084999847412109375e+01
3.088999938964843750e+01
3.079999923706054688e+01
3.061999893188476562e+01
3.046999931335449219e+01
3.043999862670898438e+01
3.059000015258789062e+01
3.075000000000000000e+01
