1.279490232467651367e+01
1.221955394744873047e+01
1.223185873031616211e+01
1.223518872261047363e+01
1.223856043815612793e+01
1.221994113922119141e+01
1.226195812225341797e+01
1.234204220771789551e+01
1.227656936645507812e+01
1.221906018257141113e+01
1.224042773246765137e+01
1.232560300827026367e+01
1.225732588768005371e+01
1.227786159515380859e+01
1.233603811264038086e+01
1.228424000740051270e+01
1.228772759437561035e+01
1.232099366188049316e+01
1.227368307113647461e+01
1.227057242393493652e+01
1.230199384689331055e+01
1.231457877159118652e+01
1.241436481475830078e+01
1.232652544975280762e+01
1.233284831047058105e+01
1.229629731178283691e+01
1.228988623619079590e+01
1.227227759361267090e+01
1.229727053642272949e+01
1.228324246406555176e+01
1.227618479728698730e+01
1.231413722038269043e+01
1.228048777580261230e+01
1.228793072700500488e+01
1.238204360008239746e+01
1.226687479019165039e+01
1.229459977149963379e+01
1.227748990058898926e+01
1.232972288131713867e+01
1.231163430213928223e+01
1.229754853248596191e+01
1.230210018157958984e+01
1.229085087776184082e+01
1.229499268531799316e+01
1.232016777992248535e+01
1.234733676910400391e+01
1.233718466758728027e+01
1.226043128967285156e+01
1.230726885795593262e+01
1.229575872421264648e+01
1.228552412986755371e+01
1.233056640625000000e+01
1.228473973274230957e+01
1.238521718978881836e+01
1.228611183166503906e+01
1.232030320167541504e+01
1.229806566238403320e+01
1.228819084167480469e+01
1.229042935371398926e+01
1.231780838966369629e+01
1.227538204193115234e+01
1.232374787330627441e+01
1.227558135986328125e+01
1.228919053077697754e+01
1.231779599189758301e+01
1.228783178329467773e+01
1.229446172714233398e+01
1.227525448799133301e+01
1.228516268730163574e+01
1.228642988204956055e+01
1.231763243675231934e+01
1.231118941307067871e+01
1.229461836814880371e+01
1.232425308227539062e+01
1.226972866058349609e+01
1.227783155441284180e+01
1.228976726531982422e+01
1.228695726394653320e+01
1.228989243507385254e+01
1.230811095237731934e+01
1.228589344024658203e+01
1.230826616287231445e+01
1.230081248283386230e+01
1.244036340713500977e+01
1.227016758918762207e+01
1.228487992286682129e+01
1.231007742881774902e+01
1.224647426605224609e+01
1.231759142875671387e+01
1.230294561386108398e+01
1.227407813072204590e+01
1.231276416778564453e+01
1.227161836624145508e+01
1.236551237106323242e+01
1.230057168006896973e+01
1.230715775489807129e+01
1.228803968429565430e+01
1.227191853523254395e+01
1.231857776641845703e+01
1.234693384170532227e+01
1.227898788452148438e+01
1.235188364982604980e+01
1.237394285202026367e+01
1.228079223632812500e+01
1.231249284744262695e+01
1.226615476608276367e+01
1.229593515396118164e+01
1.227669239044189453e+01
1.230404949188232422e+01
1.223996043205261230e+01
1.225032138824462891e+01
1.234394717216491699e+01
1.232419013977050781e+01
1.230879187583923340e+01
1.225748395919799805e+01
1.230818462371826172e+01
1.228739619255065918e+01
1.228389763832092285e+01
1.230448341369628906e+01
1.226591825485229492e+01
1.228518486022949219e+01
1.231234574317932129e+01
1.225987625122070312e+01
1.229522371292114258e+01
1.239906644821166992e+01
1.228177618980407715e+01
1.226480126380920410e+01
1.228989553451538086e+01
1.229575037956237793e+01
1.225253415107727051e+01
1.228177785873413086e+01
1.228447413444519043e+01
1.237529826164245605e+01
1.231796455383300781e+01
1.228914141654968262e+01
1.228519868850708008e+01
1.228337359428405762e+01
1.227538061141967773e+01
1.231956243515014648e+01
1.225782537460327148e+01
1.227617406845092773e+01
1.231116652488708496e+01
1.228912734985351562e+01
1.229982280731201172e+01
1.232695126533508301e+01
1.228162026405334473e+01
1.229393458366394043e+01
1.225877523422241211e+01
1.227697086334228516e+01
1.227015590667724609e+01
1.227498674392700195e+01
1.227974104881286621e+01
1.228672218322753906e+01
1.226612782478332520e+01
1.228181910514831543e+01
1.228469133377075195e+01
1.228396272659301758e+01
1.230131983757019043e+01
1.232816338539123535e+01
1.229799675941467285e+01
1.231793189048767090e+01
1.232218384742736816e+01
1.233989191055297852e+01
1.230541753768920898e+01
1.223642468452453613e+01
1.226277828216552734e+01
1.232261395454406738e+01
1.234946584701538086e+01
1.226735544204711914e+01
1.228426718711853027e+01
1.228796100616455078e+01
1.228834342956542969e+01
1.230900979042053223e+01
1.226640343666076660e+01
1.230552864074707031e+01
1.234769415855407715e+01
1.229231762886047363e+01
1.225954365730285645e+01
1.235919570922851562e+01
1.230864048004150391e+01
1.225072908401489258e+01
1.231278896331787109e+01
1.228435778617858887e+01
1.229072189331054688e+01
1.231934881210327148e+01
1.228810214996337891e+01
1.225831365585327148e+01
1.227553200721740723e+01
1.231504416465759277e+01
1.232097291946411133e+01
1.227040910720825195e+01
1.230593371391296387e+01
1.226338744163513184e+01
1.231869792938232422e+01
1.231110119819641113e+01
1.229641628265380859e+01
1.230042982101440430e+01
1.232381653785705566e+01
1.229647469520568848e+01
1.227650856971740723e+01
