2.193172693252563477e+01
2.119770479202270508e+01
2.130948996543884277e+01
2.148560547828674316e+01
2.129243087768554688e+01
2.142968893051147461e+01
2.120238304138183594e+01
2.132686829566955566e+01
2.169482326507568359e+01
2.162551951408386230e+01
2.147233510017395020e+01
2.155861115455627441e+01
2.133448481559753418e+01
2.163222384452819824e+01
2.168125367164611816e+01
2.159875583648681641e+01
2.135804343223571777e+01
2.147665834426879883e+01
2.147411394119262695e+01
2.155899763107299805e+01
2.129079651832580566e+01
2.137726187705993652e+01
2.161106920242309570e+01
2.179786801338195801e+01
2.151566147804260254e+01
2.155504512786865234e+01
2.154207253456115723e+01
2.149397778511047363e+01
2.187289047241210938e+01
2.154068636894226074e+01
2.161064815521240234e+01
2.146433925628662109e+01
2.145975971221923828e+01
2.142594814300537109e+01
2.173240065574645996e+01
2.180087018013000488e+01
2.161050271987915039e+01
2.201892733573913574e+01
2.157555651664733887e+01
2.176767349243164062e+01
2.144252157211303711e+01
2.158175635337829590e+01
2.196966886520385742e+01
2.144741320610046387e+01
2.169087100028991699e+01
2.197374534606933594e+01
2.147579407691955566e+01
2.188987207412719727e+01
2.162205362319946289e+01
2.147980237007141113e+01
2.164093375205993652e+01
2.142368364334106445e+01
2.148828506469726562e+01
2.146938276290893555e+01
2.158242058753967285e+01
2.157195210456848145e+01
2.159565615653991699e+01
2.142050743103027344e+01
2.149707412719726562e+01
2.160790348052978516e+01
2.145390629768371582e+01
2.163995289802551270e+01
2.172758245468139648e+01
2.167814445495605469e+01
2.154579544067382812e+01
2.152294135093688965e+01
2.161372709274291992e+01
2.159346103668212891e+01
2.169142746925354004e+01
2.155030870437622070e+01
2.191009044647216797e+01
2.145985221862792969e+01
2.170301461219787598e+01
2.185382986068725586e+01
2.150999093055725098e+01
2.178709602355957031e+01
2.145644783973693848e+01
2.181382679939270020e+01
2.146505355834960938e+01
2.200568246841430664e+01
2.175244355201721191e+01
2.147933650016784668e+01
2.154486823081970215e+01
2.151241445541381836e+01
2.155817103385925293e+01
2.147149252891540527e+01
2.174671173095703125e+01
2.159138941764831543e+01
2.178633761405944824e+01
2.148232340812683105e+01
2.146319031715393066e+01
2.144999623298645020e+01
2.146434235572814941e+01
2.178113174438476562e+01
2.147196054458618164e+01
2.147307467460632324e+01
2.202203989028930664e+01
2.148140048980712891e+01
2.180109214782714844e+01
2.189178085327148438e+01
2.180978679656982422e+01
2.158914327621459961e+01
2.186990594863891602e+01
2.150535321235656738e+01
2.146594667434692383e+01
2.156847047805786133e+01
2.149567055702209473e+01
2.159294533729553223e+01
2.193551135063171387e+01
2.161636400222778320e+01
2.184776091575622559e+01
2.142739701271057129e+01
2.143060922622680664e+01
2.143462300300598145e+01
2.192564225196838379e+01
2.203250241279602051e+01
2.152002215385437012e+01
2.150332331657409668e+01
2.192573547363281250e+01
2.141202878952026367e+01
2.146313691139221191e+01
2.164449810981750488e+01
2.155159068107604980e+01
2.167513775825500488e+01
2.157223844528198242e+01
2.158655333518981934e+01
2.164595532417297363e+01
2.160295772552490234e+01
2.172632455825805664e+01
2.164372038841247559e+01
2.155543756484985352e+01
2.143840646743774414e+01
2.144248151779174805e+01
2.159424972534179688e+01
2.167132019996643066e+01
2.155588102340698242e+01
2.163407874107360840e+01
2.176060056686401367e+01
2.152278447151184082e+01
2.299094533920288086e+01
2.172389411926269531e+01
2.145616197586059570e+01
2.173870110511779785e+01
2.144717741012573242e+01
2.166163015365600586e+01
2.156982278823852539e+01
2.180327725410461426e+01
2.160160565376281738e+01
2.162342524528503418e+01
2.162101483345031738e+01
2.167548871040344238e+01
2.144513130187988281e+01
2.140195441246032715e+01
2.165523672103881836e+01
2.148186469078063965e+01
2.171437096595764160e+01
2.166083335876464844e+01
2.162350010871887207e+01
2.173820638656616211e+01
2.155865669250488281e+01
2.146747136116027832e+01
2.158319497108459473e+01
2.160467743873596191e+01
2.185668492317199707e+01
2.186164760589599609e+01
2.145804977416992188e+01
2.144481587409973145e+01
2.144992566108703613e+01
2.170149564743041992e+01
2.147684574127197266e+01
2.143123531341552734e+01
2.168353581428527832e+01
2.147343945503234863e+01
2.144091534614562988e+01
2.176631450653076172e+01
2.142381477355957031e+01
2.166907048225402832e+01
2.147297430038452148e+01
2.190080189704895020e+01
2.177040362358093262e+01
2.187503886222839355e+01
2.144470739364624023e+01
2.146019816398620605e+01
2.164729666709899902e+01
2.180320882797241211e+01
2.145195508003234863e+01
2.154067516326904297e+01
2.200805354118347168e+01
2.174425482749938965e+01
2.148590970039367676e+01
2.143518733978271484e+01
2.180799055099487305e+01
2.177954339981079102e+01
2.157444763183593750e+01
2.187964200973510742e+01
2.206689476966857910e+01
2.161941838264465332e+01
2.162320423126220703e+01
2.148765516281127930e+01
2.172195267677307129e+01
