4.025268554687500000e-01
3.968031406402587891e-01
3.910038471221923828e-01
3.922877311706542969e-01
3.893487453460693359e-01
3.990199565887451172e-01
3.828988075256347656e-01
3.937249183654785156e-01
3.889684677124023438e-01
3.878369331359863281e-01
3.947319984436035156e-01
3.826844692230224609e-01
3.925440311431884766e-01
3.870711326599121094e-01
3.895239830017089844e-01
3.924608230590820312e-01
3.874814510345458984e-01
3.922998905181884766e-01
3.912539482116699219e-01
3.831169605255126953e-01
3.950538635253906250e-01
3.812267780303955078e-01
3.885567188262939453e-01
3.879797458648681641e-01
3.873515129089355469e-01
4.011881351470947266e-01
3.824052810668945312e-01
3.921096324920654297e-01
3.890507221221923828e-01
3.872454166412353516e-01
3.948302268981933594e-01
3.838379383087158203e-01
3.969397544860839844e-01
3.897867202758789062e-01
3.894016742706298828e-01
3.956685066223144531e-01
3.874735832214355469e-01
3.967964649200439453e-01
3.897883892059326172e-01
3.909366130828857422e-01
3.992455005645751953e-01
3.831601142883300781e-01
3.937439918518066406e-01
3.884651660919189453e-01
3.880116939544677734e-01
4.036400318145751953e-01
3.848857879638671875e-01
3.924229145050048828e-01
3.897688388824462891e-01
3.913731575012207031e-01
3.971703052520751953e-01
3.849768638610839844e-01
3.976585865020751953e-01
3.890483379364013672e-01
3.851213455200195312e-01
3.962213993072509766e-01
3.828189373016357422e-01
3.911185264587402344e-01
3.914320468902587891e-01
3.895041942596435547e-01
3.947257995605468750e-01
3.849308490753173828e-01
3.929605484008789062e-01
3.908851146697998047e-01
3.864133358001708984e-01
3.953046798706054688e-01
3.855218887329101562e-01
3.986957073211669922e-01
3.915748596191406250e-01
3.882613182067871094e-01
3.935163021087646484e-01
3.850519657135009766e-01
4.000890254974365234e-01
3.913369178771972656e-01
3.858363628387451172e-01
3.947563171386718750e-01
3.847498893737792969e-01
3.928759098052978516e-01
3.909640312194824219e-01
3.858191967010498047e-01
3.945891857147216797e-01
3.869504928588867188e-01
3.932893276214599609e-01
3.909521102905273438e-01
3.859741687774658203e-01
3.911345005035400391e-01
3.859629631042480469e-01
3.942375183105468750e-01
3.894054889678955078e-01
3.946897983551025391e-01
4.005191326141357422e-01
3.859746456146240234e-01
3.901529312133789062e-01
3.908209800720214844e-01
3.893849849700927734e-01
3.978114128112792969e-01
3.884255886077880859e-01
3.933176994323730469e-01
3.947305679321289062e-01
3.894870281219482422e-01
3.915812969207763672e-01
3.913869857788085938e-01
3.943970203399658203e-01
3.912620544433593750e-01
3.918757438659667969e-01
3.938374519348144531e-01
3.884561061859130859e-01
3.960518836975097656e-01
3.890199661254882812e-01
3.850302696228027344e-01
3.931069374084472656e-01
3.851079940795898438e-01
3.941447734832763672e-01
3.941709995269775391e-01
3.887975215911865234e-01
3.966596126556396484e-01
3.842377662658691406e-01
3.929221630096435547e-01
3.939807415008544922e-01
3.913366794586181641e-01
3.928229808807373047e-01
3.863279819488525391e-01
3.897900581359863281e-01
3.916525840759277344e-01
3.888621330261230469e-01
3.980629444122314453e-01
3.916058540344238281e-01
3.888256549835205078e-01
3.908977508544921875e-01
3.870255947113037109e-01
3.893778324127197266e-01
3.926620483398437500e-01
3.870220184326171875e-01
3.912606239318847656e-01
3.875002861022949219e-01
3.868446350097656250e-01
3.885402679443359375e-01
3.918921947479248047e-01
3.928804397583007812e-01
5.391156673431396484e-01
3.905715942382812500e-01
3.893899917602539062e-01
3.911695480346679688e-01
3.926711082458496094e-01
3.901650905609130859e-01
3.930230140686035156e-01
3.866705894470214844e-01
3.909699916839599609e-01
3.913717269897460938e-01
3.901104927062988281e-01
3.889036178588867188e-01
3.897671699523925781e-01
3.882925510406494141e-01
3.892283439636230469e-01
3.877201080322265625e-01
3.889236450195312500e-01
3.899633884429931641e-01
3.960752487182617188e-01
3.894743919372558594e-01
3.898172378540039062e-01
3.896439075469970703e-01
3.928525447845458984e-01
3.904232978820800781e-01
3.911499977111816406e-01
3.879418373107910156e-01
3.931102752685546875e-01
3.898384571075439453e-01
3.922791481018066406e-01
3.937692642211914062e-01
3.897538185119628906e-01
3.915090560913085938e-01
3.888769149780273438e-01
3.910288810729980469e-01
3.904445171356201172e-01
3.928647041320800781e-01
3.936109542846679688e-01
3.893003463745117188e-01
3.902871608734130859e-01
3.917658329010009766e-01
3.903353214263916016e-01
3.924322128295898438e-01
3.911638259887695312e-01
3.888154029846191406e-01
3.925130367279052734e-01
3.931899070739746094e-01
3.885934352874755859e-01
3.911268711090087891e-01
3.902297019958496094e-01
3.934900760650634766e-01
3.900299072265625000e-01
3.921747207641601562e-01
3.901250362396240234e-01
3.890912532806396484e-01
3.847262859344482422e-01
3.907797336578369141e-01
3.928594589233398438e-01
3.898391723632812500e-01
3.921160697937011719e-01
3.894479274749755859e-01
3.919627666473388672e-01
