1.333636212348937988e+01
1.255355453491210938e+01
1.272500419616699219e+01
1.270599722862243652e+01
1.270362281799316406e+01
1.264109992980957031e+01
1.266031503677368164e+01
1.267828226089477539e+01
1.261626505851745605e+01
1.272688031196594238e+01
1.269539165496826172e+01
1.266900897026062012e+01
1.263177275657653809e+01
1.273355889320373535e+01
1.279491877555847168e+01
1.271655249595642090e+01
1.264492750167846680e+01
1.263257956504821777e+01
1.273123955726623535e+01
1.272731733322143555e+01
1.264348053932189941e+01
1.273560667037963867e+01
1.275034976005554199e+01
1.274713945388793945e+01
1.267637491226196289e+01
1.274142265319824219e+01
1.268659591674804688e+01
1.272360610961914062e+01
1.275806307792663574e+01
1.272289919853210449e+01
1.274932336807250977e+01
1.273350548744201660e+01
1.268062043190002441e+01
1.268354344367980957e+01
1.281465888023376465e+01
1.275162434577941895e+01
1.270005488395690918e+01
1.277379989624023438e+01
1.270566892623901367e+01
1.267576217651367188e+01
1.268209719657897949e+01
1.275122642517089844e+01
1.265736556053161621e+01
1.272726202011108398e+01
1.273567557334899902e+01
1.272592616081237793e+01
1.266892647743225098e+01
1.272770690917968750e+01
1.272281718254089355e+01
1.268447875976562500e+01
1.273903107643127441e+01
1.272968339920043945e+01
1.271232724189758301e+01
1.273491549491882324e+01
1.269069433212280273e+01
1.272478938102722168e+01
1.266875505447387695e+01
1.269943523406982422e+01
1.273569011688232422e+01
1.270365047454833984e+01
1.275232601165771484e+01
1.274287056922912598e+01
1.270840859413146973e+01
1.272482514381408691e+01
1.263662981986999512e+01
1.269562554359436035e+01
1.277672028541564941e+01
1.275034832954406738e+01
1.271610569953918457e+01
1.273196744918823242e+01
1.277420520782470703e+01
1.269210910797119141e+01
1.267169380187988281e+01
1.271580600738525391e+01
1.270894026756286621e+01
1.266498708724975586e+01
1.267850518226623535e+01
1.272716712951660156e+01
1.268465876579284668e+01
1.267245411872863770e+01
1.268722796440124512e+01
1.268585515022277832e+01
1.271366453170776367e+01
1.268652749061584473e+01
1.265946578979492188e+01
1.274815893173217773e+01
1.277875089645385742e+01
1.271723866462707520e+01
1.273222327232360840e+01
1.273447275161743164e+01
1.269157886505126953e+01
1.270062899589538574e+01
1.268519473075866699e+01
1.268314433097839355e+01
1.264016985893249512e+01
1.266337537765502930e+01
1.268222212791442871e+01
1.273304414749145508e+01
1.273551034927368164e+01
1.274006843566894531e+01
1.270210433006286621e+01
1.268413257598876953e+01
1.268943452835083008e+01
1.266641855239868164e+01
1.266586709022521973e+01
1.271149706840515137e+01
1.266534996032714844e+01
1.273507165908813477e+01
1.274676179885864258e+01
1.268179488182067871e+01
1.270316457748413086e+01
1.270701956748962402e+01
1.268228888511657715e+01
1.272184300422668457e+01
1.274910211563110352e+01
1.271429371833801270e+01
1.264521598815917969e+01
1.277615261077880859e+01
1.270448589324951172e+01
1.266691493988037109e+01
1.265117669105529785e+01
1.271197700500488281e+01
1.265297961235046387e+01
1.267904877662658691e+01
1.266070222854614258e+01
1.266177153587341309e+01
1.264223051071166992e+01
1.271995711326599121e+01
1.277068114280700684e+01
1.275704479217529297e+01
1.268975329399108887e+01
1.266697549819946289e+01
1.265088653564453125e+01
1.268324351310729980e+01
1.270925331115722656e+01
1.276597905158996582e+01
1.283319354057312012e+01
1.268090486526489258e+01
1.265829324722290039e+01
1.267253971099853516e+01
1.268405294418334961e+01
1.270842909812927246e+01
1.276774382591247559e+01
1.270798635482788086e+01
1.265637731552124023e+01
1.269424939155578613e+01
1.267413663864135742e+01
1.274219942092895508e+01
1.276618599891662598e+01
1.268617367744445801e+01
1.277269792556762695e+01
1.272586250305175781e+01
1.268622875213623047e+01
1.269919514656066895e+01
1.271717476844787598e+01
1.265051794052124023e+01
1.273725223541259766e+01
1.270412564277648926e+01
1.272110581398010254e+01
1.273340988159179688e+01
1.270790958404541016e+01
1.271856355667114258e+01
1.276799464225769043e+01
1.279967832565307617e+01
1.280733513832092285e+01
1.273152399063110352e+01
1.272533440589904785e+01
1.273590254783630371e+01
1.273234224319458008e+01
1.269620680809020996e+01
1.263403344154357910e+01
1.270370817184448242e+01
1.270922064781188965e+01
1.266990399360656738e+01
1.271721673011779785e+01
1.263914895057678223e+01
1.281561422348022461e+01
1.273836040496826172e+01
1.272915387153625488e+01
1.265950083732604980e+01
1.268287730216979980e+01
1.268377089500427246e+01
1.268974804878234863e+01
1.268319582939147949e+01
1.270831251144409180e+01
1.266220450401306152e+01
1.268713736534118652e+01
1.268377852439880371e+01
1.273057866096496582e+01
1.269931888580322266e+01
1.261892151832580566e+01
1.267621016502380371e+01
1.268425726890563965e+01
1.274555444717407227e+01
1.273417520523071289e+01
1.270367002487182617e+01
1.269283914566040039e+01
1.269881391525268555e+01
1.273868966102600098e+01
1.284122943878173828e+01
