1.001599999969482369e+01
9.903999999694823586e+00
1.012800000244140541e+01
1.022399999969482387e+01
9.775999999542236196e+00
1.041599999938964771e+01
1.030399999938964761e+01
9.711999999389648863e+00
9.311999999847412113e+00
1.049599999954223684e+01
9.920000002441407005e+00
1.073599999969482433e+01
1.060799999908447333e+01
9.903999995727538419e+00
1.020800000244140548e+01
1.028799999908447305e+01
1.110399999908447199e+01
1.070399999908447342e+01
1.095999999877929731e+01
1.102399999938964825e+01
1.015999999969482381e+01
9.903999999084472705e+00
1.030399999908447306e+01
9.823999999847412568e+00
1.019199999877929663e+01
1.039999999969482403e+01
9.631999999389648792e+00
9.967999999084472762e+00
1.051199999969482413e+01
9.615999999694825107e+00
1.033599999908447309e+01
1.081600000244140602e+01
9.455999999542235912e+00
1.078399999984741164e+01
1.014399999954223652e+01
9.855999999389648991e+00
9.983999999389649105e+00
1.060799999954223694e+01
9.696000002441406806e+00
1.014399999969482380e+01
1.020799999954223658e+01
1.001600000244140709e+01
1.044799999938964774e+01
1.022399999954223659e+01
1.019199999908447296e+01
1.004799999984741277e+01
9.615999999694825107e+00
9.503999999389648679e+00
9.311999999542235784e+00
1.012799999908447290e+01
9.823999999694823515e+00
9.951999999542236353e+00
1.015999999954223654e+01
9.887999998779296362e+00
1.001600000244140709e+01
9.823999999084472634e+00
9.631999999542236068e+00
9.887999999389649020e+00
1.038399999938964768e+01
1.068799999877929707e+01
1.086400000244140607e+01
1.043200000000000038e+01
1.047999999954223682e+01
1.006399999877929652e+01
1.158399999938964875e+01
1.078399999938964804e+01
1.124799999969482478e+01
1.193599999572753845e+01
1.268799999572753912e+01
1.510399999572753948e+01
1.713599999572753774e+01
1.801600000183105621e+01
1.859200000183105317e+01
1.780799999954223622e+01
1.795199999908447097e+01
1.889599999877929548e+01
1.846399999572754069e+01
1.924799999908447390e+01
1.851200000183105487e+01
1.961600000244140674e+01
1.919999999877929753e+01
1.939199999877929770e+01
1.991999999816894373e+01
1.915199999938964837e+01
1.983999999877929810e+01
1.955199999816894518e+01
2.036799999908447134e+01
1.951999999755859250e+01
1.961599999816894524e+01
2.043199999877929685e+01
2.071999999572753737e+01
2.009600000488281424e+01
2.006400000122070182e+01
2.017600000183105635e+01
2.092799999877929551e+01
2.067200000488281120e+01
2.060799999908447333e+01
2.022400000488281080e+01
1.977600000488281395e+01
2.100799999572753762e+01
2.599999999908447279e+01
2.643200000488281276e+01
2.628799999755859318e+01
2.723200000122070463e+01
2.708800000732421864e+01
2.713600000183105365e+01
2.728000000488281174e+01
2.715200000732421870e+01
2.830400000488281265e+01
2.809599999816894567e+01
2.791999999816894373e+01
2.838400000183105476e+01
2.907199999816894476e+01
2.836800000183105297e+01
2.870399999511718647e+01
2.886400000488281137e+01
2.903999999816894473e+01
2.888000000732422023e+01
2.863999999816894615e+01
2.926399999877929758e+01
2.881600000488281310e+01
2.844800000488281100e+01
2.956800000122070315e+01
2.897600000488281324e+01
2.902400000122070267e+01
2.916800000488281341e+01
2.956800000122070315e+01
2.974399999145507678e+01
2.931200000488281177e+01
2.870399999511718647e+01
3.006399999816894564e+01
2.958399999145507664e+01
2.972800000488281214e+01
2.891200000732422026e+01
3.027199999908447126e+01
2.948800000122070486e+01
2.968000000122070148e+01
3.015999999511718599e+01
2.947200000732421898e+01
2.947199999877929599e+01
2.934399999145507820e+01
2.940799999816894683e+01
2.972799999145507854e+01
2.895999999816894643e+01
2.948799999511718894e+01
2.961599999511718906e+01
2.950399999511718718e+01
3.015999999755859307e+01
2.928000000122070290e+01
2.963199999145507846e+01
3.036800000122070387e+01
2.956799999755859432e+01
3.007999999816894388e+01
2.977599999145507681e+01
2.966399999755859440e+01
3.035199999389648440e+01
3.035200000488281091e+01
2.932799999145507641e+01
2.977600000366210864e+01
3.036799999999999855e+01
3.004800000183105624e+01
2.985599999755859457e+01
3.022400000488281080e+01
3.006400000732421773e+01
2.996800000488281412e+01
3.009599999816894567e+01
3.073600000366210949e+01
3.033599999755859500e+01
2.993600000122070171e+01
2.969599999145507851e+01
3.020800000488281256e+01
3.007999999816894388e+01
2.995199999511718758e+01
3.024000000122070375e+01
2.950399999511718718e+01
2.958399999816894521e+01
2.935999999145507644e+01
2.961599999877929790e+01
3.030400000122070381e+01
2.959999999511718727e+01
3.025599999755859315e+01
3.022399999145507721e+01
3.036800000732421978e+01
2.983999999511718926e+01
2.980799998779296800e+01
3.001599999755859471e+01
3.041600000732421805e+01
2.982399999877929631e+01
2.960000000183105584e+01
2.931200000488281177e+01
2.942400000732421717e+01
2.964799999145507670e+01
2.977599999145507681e+01
2.975999999511718741e+01
2.980799999511718923e+01
3.001600000732421947e+01
2.947199999145507832e+01
2.971200000183105416e+01
3.043199999511718801e+01
3.011200000122070364e+01
