1.286835908889770508e+01
1.218962931632995605e+01
1.226888108253479004e+01
1.228402376174926758e+01
1.230433678627014160e+01
1.230327796936035156e+01
1.226601457595825195e+01
1.225504207611083984e+01
1.222909402847290039e+01
1.230418205261230469e+01
1.236604118347167969e+01
1.234274601936340332e+01
1.231034421920776367e+01
1.228484392166137695e+01
1.231194233894348145e+01
1.234167742729187012e+01
1.231774687767028809e+01
1.224629020690917969e+01
1.231558394432067871e+01
1.234213256835937500e+01
1.227225685119628906e+01
1.234731101989746094e+01
1.234018754959106445e+01
1.236893391609191895e+01
1.224132752418518066e+01
1.242219305038452148e+01
1.233182883262634277e+01
1.240040016174316406e+01
1.233494544029235840e+01
1.231253576278686523e+01
1.230105876922607422e+01
1.229486393928527832e+01
1.233413863182067871e+01
1.233018946647644043e+01
1.232560110092163086e+01
1.234889888763427734e+01
1.229644441604614258e+01
1.234419679641723633e+01
1.228860998153686523e+01
1.228222799301147461e+01
1.228537917137145996e+01
1.232499742507934570e+01
1.232624363899230957e+01
1.232077002525329590e+01
1.231005334854125977e+01
1.232130646705627441e+01
1.228765821456909180e+01
1.235496497154235840e+01
1.229762554168701172e+01
1.233421087265014648e+01
1.232252144813537598e+01
1.232232284545898438e+01
1.232471632957458496e+01
1.230417227745056152e+01
1.232107377052307129e+01
1.229366540908813477e+01
1.232617282867431641e+01
1.227657461166381836e+01
1.230329871177673340e+01
1.232514452934265137e+01
1.232236957550048828e+01
1.228164434432983398e+01
1.227469801902770996e+01
1.231008887290954590e+01
1.223857045173645020e+01
1.236859393119812012e+01
1.235267972946166992e+01
1.228985238075256348e+01
1.235803103446960449e+01
1.241625857353210449e+01
1.234674191474914551e+01
1.238783144950866699e+01
1.225643849372863770e+01
1.227634596824645996e+01
1.237558746337890625e+01
1.231235957145690918e+01
1.226303625106811523e+01
1.224978804588317871e+01
1.230670666694641113e+01
1.233219861984252930e+01
1.231880879402160645e+01
1.235615253448486328e+01
1.231245541572570801e+01
1.228184294700622559e+01
1.234464883804321289e+01
1.227455568313598633e+01
1.227619838714599609e+01
1.231640434265136719e+01
1.227675557136535645e+01
1.233249258995056152e+01
1.231579184532165527e+01
1.230536484718322754e+01
1.235934138298034668e+01
1.232588768005371094e+01
1.230459809303283691e+01
1.239138364791870117e+01
1.238428139686584473e+01
1.236224007606506348e+01
1.227835702896118164e+01
1.228256821632385254e+01
1.227925491333007812e+01
1.229887318611145020e+01
1.232171130180358887e+01
1.232480907440185547e+01
1.229317212104797363e+01
1.231070971488952637e+01
1.225244069099426270e+01
1.229699707031250000e+01
1.233787441253662109e+01
1.228937053680419922e+01
1.232887291908264160e+01
1.232300734519958496e+01
1.230863332748413086e+01
1.222175478935241699e+01
1.231809091567993164e+01
1.228469634056091309e+01
1.228069543838500977e+01
1.234099531173706055e+01
1.236627769470214844e+01
1.228508687019348145e+01
1.234195137023925781e+01
1.232053470611572266e+01
1.233951449394226074e+01
1.225332617759704590e+01
1.232094836235046387e+01
1.229314064979553223e+01
1.227297186851501465e+01
1.229646468162536621e+01
1.237609887123107910e+01
1.233675885200500488e+01
1.231990432739257812e+01
1.232643198966979980e+01
1.229793453216552734e+01
1.239548397064208984e+01
1.235623168945312500e+01
1.238793134689331055e+01
1.238546204566955566e+01
1.236689281463623047e+01
1.224824023246765137e+01
1.233731865882873535e+01
1.230620622634887695e+01
1.235717558860778809e+01
1.228030252456665039e+01
1.229292201995849609e+01
1.236533594131469727e+01
1.229096722602844238e+01
1.231593728065490723e+01
1.237412738800048828e+01
1.230976963043212891e+01
1.229961299896240234e+01
1.229684138298034668e+01
1.234071278572082520e+01
1.232803320884704590e+01
1.229353976249694824e+01
1.237797164916992188e+01
1.238242125511169434e+01
1.234680914878845215e+01
1.235812282562255859e+01
1.231910872459411621e+01
1.232680797576904297e+01
1.229920864105224609e+01
1.230389547348022461e+01
1.238394784927368164e+01
1.230559110641479492e+01
1.236790823936462402e+01
1.230430197715759277e+01
1.227965712547302246e+01
1.229460334777832031e+01
1.228313088417053223e+01
1.232527756690979004e+01
1.228653001785278320e+01
1.229676866531372070e+01
1.227013278007507324e+01
1.234732985496520996e+01
1.229259252548217773e+01
1.226278901100158691e+01
1.227645254135131836e+01
1.228861451148986816e+01
1.228601813316345215e+01
1.235111117362976074e+01
1.232603669166564941e+01
1.234151744842529297e+01
1.230838871002197266e+01
1.228630399703979492e+01
1.227409219741821289e+01
1.229081797599792480e+01
1.231883049011230469e+01
1.239434528350830078e+01
1.228376746177673340e+01
1.230092453956604004e+01
1.233136439323425293e+01
1.233832740783691406e+01
1.231656408309936523e+01
1.229241919517517090e+01
1.232030558586120605e+01
1.224647784233093262e+01
1.226596450805664062e+01
1.225306892395019531e+01
1.224269080162048340e+01
1.234958624839782715e+01
