1.000999927520751953e+01
1.040999984741210938e+01
1.034999942779541016e+01
9.989999771118164062e+00
1.064999961853027344e+01
1.035999965667724609e+01
1.000999927520751953e+01
1.019999980926513672e+01
1.084999942779541016e+01
9.849999427795410156e+00
9.949999809265136719e+00
1.027999973297119141e+01
1.128999996185302734e+01
1.138999938964843750e+01
1.032999992370605469e+01
1.098999977111816406e+01
1.000000000000000000e+01
1.005999946594238281e+01
9.880000114440917969e+00
9.969999313354492188e+00
1.057999992370605469e+01
1.005000019073486328e+01
1.052999973297119141e+01
9.960000038146972656e+00
9.750000000000000000e+00
1.098999977111816406e+01
1.071999931335449219e+01
9.960000038146972656e+00
1.000000000000000000e+01
1.005000019073486328e+01
9.279999732971191406e+00
1.014999961853027344e+01
1.046999931335449219e+01
1.000000000000000000e+01
9.920000076293945312e+00
9.809999465942382812e+00
1.019999980926513672e+01
1.027999973297119141e+01
9.319999694824218750e+00
9.359999656677246094e+00
9.979999542236328125e+00
1.000000000000000000e+01
1.011999988555908203e+01
1.011999988555908203e+01
1.067999935150146484e+01
1.067999935150146484e+01
9.809999465942382812e+00
1.000000000000000000e+01
1.000999927520751953e+01
1.017999935150146484e+01
1.065999984741210938e+01
1.055000019073486328e+01
1.009999942779541016e+01
1.000000000000000000e+01
1.000000000000000000e+01
1.000000000000000000e+01
1.000000000000000000e+01
1.053999996185302734e+01
1.078999996185302734e+01
1.002999973297119141e+01
1.011999988555908203e+01
1.000000000000000000e+01
1.000000000000000000e+01
1.358999919891357422e+01
1.061999988555908203e+01
1.379999923706054688e+01
1.297999954223632812e+01
1.265999984741210938e+01
1.171999931335449219e+01
1.944999885559082031e+01
1.664999961853027344e+01
2.172999954223632812e+01
1.857999992370605469e+01
2.243000030517578125e+01
2.027999877929687500e+01
2.236999893188476562e+01
1.982999992370605469e+01
1.737999916076660156e+01
1.844999885559082031e+01
2.080999946594238281e+01
2.146999931335449219e+01
1.884000015258789062e+01
1.892000007629394531e+01
2.089999961853027344e+01
2.180999946594238281e+01
2.051999855041503906e+01
2.188999938964843750e+01
1.920999908447265625e+01
2.071999931335449219e+01
2.086999893188476562e+01
2.425000000000000000e+01
2.043000030517578125e+01
2.576000022888183594e+01
2.440999984741210938e+01
2.225000000000000000e+01
2.263999938964843750e+01
2.318999862670898438e+01
2.342000007629394531e+01
2.248999977111816406e+01
2.051999855041503906e+01
2.579999923706054688e+01
2.529999923706054688e+01
2.707999992370605469e+01
2.567000007629394531e+01
2.667000007629394531e+01
2.709999847412109375e+01
2.638999938964843750e+01
2.728999900817871094e+01
2.693999862670898438e+01
2.850000000000000000e+01
2.887999916076660156e+01
2.581999969482421875e+01
2.856999969482421875e+01
2.743999862670898438e+01
2.903999900817871094e+01
2.806999969482421875e+01
2.861999893188476562e+01
2.826000022888183594e+01
2.965999984741210938e+01
2.892000007629394531e+01
2.930999946594238281e+01
2.934999847412109375e+01
2.975000000000000000e+01
2.917000007629394531e+01
3.002999877929687500e+01
2.985999870300292969e+01
2.975000000000000000e+01
2.968999862670898438e+01
2.903999900817871094e+01
2.990999984741210938e+01
2.902999877929687500e+01
2.747999954223632812e+01
2.996999931335449219e+01
3.027999877929687500e+01
2.950000000000000000e+01
3.025000000000000000e+01
3.070999908447265625e+01
2.996999931335449219e+01
2.947999954223632812e+01
2.959000015258789062e+01
2.952999877929687500e+01
3.027999877929687500e+01
3.001999855041503906e+01
2.989999961853027344e+01
3.020999908447265625e+01
3.026999855041503906e+01
3.010999870300292969e+01
2.920999908447265625e+01
2.956999969482421875e+01
2.939999961853027344e+01
3.064999961853027344e+01
3.065999984741210938e+01
3.073999977111816406e+01
3.056999969482421875e+01
3.062999916076660156e+01
3.068999862670898438e+01
3.037999916076660156e+01
3.067999839782714844e+01
3.055999946594238281e+01
3.062999916076660156e+01
3.061999893188476562e+01
3.064999961853027344e+01
3.062999916076660156e+01
3.042999839782714844e+01
3.093999862670898438e+01
3.084999847412109375e+01
3.067000007629394531e+01
3.059999847412109375e+01
3.064999961853027344e+01
3.036999893188476562e+01
3.057999992370605469e+01
3.039999961853027344e+01
3.042999839782714844e+01
3.056999969482421875e+01
3.069999885559082031e+01
3.057999992370605469e+01
3.038999938964843750e+01
3.061999893188476562e+01
3.056999969482421875e+01
3.072999954223632812e+01
3.060999870300292969e+01
3.012999916076660156e+01
3.054999923706054688e+01
3.064999961853027344e+01
3.072999954223632812e+01
3.062999916076660156e+01
3.059999847412109375e+01
3.056999969482421875e+01
3.061999893188476562e+01
3.070999908447265625e+01
3.051999855041503906e+01
3.085999870300292969e+01
3.081999969482421875e+01
3.081999969482421875e+01
3.089999961853027344e+01
3.063999938964843750e+01
3.043999862670898438e+01
3.053999900817871094e+01
3.061999893188476562e+01
3.073999977111816406e+01
