1.279751133918762207e+01
1.218880701065063477e+01
1.226750230789184570e+01
1.228452110290527344e+01
1.224000906944274902e+01
1.225701165199279785e+01
1.228482413291931152e+01
1.230440282821655273e+01
1.229828810691833496e+01
1.227921271324157715e+01
1.232782125473022461e+01
1.226322793960571289e+01
1.229290723800659180e+01
1.226952338218688965e+01
1.229407501220703125e+01
1.233809566497802734e+01
1.230818963050842285e+01
1.231236648559570312e+01
1.233122539520263672e+01
1.226984572410583496e+01
1.233882403373718262e+01
1.231998229026794434e+01
1.228886532783508301e+01
1.230139422416687012e+01
1.235389780998229980e+01
1.233702635765075684e+01
1.231391263008117676e+01
1.232258057594299316e+01
1.230564093589782715e+01
1.229894685745239258e+01
1.227862524986267090e+01
1.232383227348327637e+01
1.231761479377746582e+01
1.232530593872070312e+01
1.232593226432800293e+01
1.231721329689025879e+01
1.232849216461181641e+01
1.234040331840515137e+01
1.234359955787658691e+01
1.227077436447143555e+01
1.231929802894592285e+01
1.228485131263732910e+01
1.228970956802368164e+01
1.229353642463684082e+01
1.228723216056823730e+01
1.229102492332458496e+01
1.228290390968322754e+01
1.232644033432006836e+01
1.228123688697814941e+01
1.234389662742614746e+01
1.228423428535461426e+01
1.230562329292297363e+01
1.235828304290771484e+01
1.232648420333862305e+01
1.232598733901977539e+01
1.230026483535766602e+01
1.230944871902465820e+01
1.230153584480285645e+01
1.233422994613647461e+01
1.232907915115356445e+01
1.230714607238769531e+01
1.233847403526306152e+01
1.230582380294799805e+01
1.228807258605957031e+01
1.230342054367065430e+01
1.232293510437011719e+01
1.231455087661743164e+01
1.230424356460571289e+01
1.235200881958007812e+01
1.232608938217163086e+01
1.233508992195129395e+01
1.234936666488647461e+01
1.239013814926147461e+01
1.232136130332946777e+01
1.231383275985717773e+01
1.227651834487915039e+01
1.231580519676208496e+01
1.233612871170043945e+01
1.227770042419433594e+01
1.229188418388366699e+01
1.233364939689636230e+01
1.234225916862487793e+01
1.227982258796691895e+01
1.233001065254211426e+01
1.228662180900573730e+01
1.231620812416076660e+01
1.225774431228637695e+01
1.241271233558654785e+01
1.226446700096130371e+01
1.229494905471801758e+01
1.229537534713745117e+01
1.231231951713562012e+01
1.227897763252258301e+01
1.231764364242553711e+01
1.230266189575195312e+01
1.230565738677978516e+01
1.230361676216125488e+01
1.229742264747619629e+01
1.230989313125610352e+01
1.236183214187622070e+01
1.236048579216003418e+01
1.232394599914550781e+01
1.233358597755432129e+01
1.228865408897399902e+01
1.230538868904113770e+01
1.229894852638244629e+01
1.232648134231567383e+01
1.234280371665954590e+01
1.232177829742431641e+01
1.225293278694152832e+01
1.228749704360961914e+01
1.229575467109680176e+01
1.225453519821166992e+01
1.232169032096862793e+01
1.234253859519958496e+01
1.231308555603027344e+01
1.230365943908691406e+01
1.231979584693908691e+01
1.233961749076843262e+01
1.226030087471008301e+01
1.231852316856384277e+01
1.228862595558166504e+01
1.231520199775695801e+01
1.231675243377685547e+01
1.230189871788024902e+01
1.246309161186218262e+01
1.231095933914184570e+01
1.231895518302917480e+01
1.233280396461486816e+01
1.227628254890441895e+01
1.232461285591125488e+01
1.241880559921264648e+01
1.229404234886169434e+01
1.235800147056579590e+01
1.229071044921875000e+01
1.230099272727966309e+01
1.233031845092773438e+01
1.230630683898925781e+01
1.226147174835205078e+01
1.229977798461914062e+01
1.235846853256225586e+01
1.229426598548889160e+01
1.233278083801269531e+01
1.235586380958557129e+01
1.229638552665710449e+01
1.234073328971862793e+01
1.229516673088073730e+01
1.235153770446777344e+01
1.230526328086853027e+01
1.229740381240844727e+01
1.230636453628540039e+01
1.231395411491394043e+01
1.227079534530639648e+01
1.228816127777099609e+01
1.230929708480834961e+01
1.231833982467651367e+01
1.230317020416259766e+01
1.230647277832031250e+01
1.235501909255981445e+01
1.229629826545715332e+01
1.225889515876770020e+01
1.231338477134704590e+01
1.233524274826049805e+01
1.228088402748107910e+01
1.228358769416809082e+01
1.229467868804931641e+01
1.232237553596496582e+01
1.232387661933898926e+01
1.230608510971069336e+01
1.226312446594238281e+01
1.230576610565185547e+01
1.235869193077087402e+01
1.227285432815551758e+01
1.230624675750732422e+01
1.231032395362854004e+01
1.235939836502075195e+01
1.234698081016540527e+01
1.234380221366882324e+01
1.234565591812133789e+01
1.231030893325805664e+01
1.229419016838073730e+01
1.232683992385864258e+01
1.230435347557067871e+01
1.227709770202636719e+01
1.233222055435180664e+01
1.230175256729125977e+01
1.228040313720703125e+01
1.233897566795349121e+01
1.231369209289550781e+01
1.232064223289489746e+01
1.230169939994812012e+01
1.231898736953735352e+01
1.234840059280395508e+01
1.230203270912170410e+01
1.230730199813842773e+01
1.233346199989318848e+01
1.233381700515747070e+01
1.234414601325988770e+01
1.231701207160949707e+01
1.228900837898254395e+01
