2.194132900238037109e+01
2.124332213401794434e+01
2.126314091682434082e+01
2.141577148437500000e+01
2.126715612411499023e+01
2.148703336715698242e+01
2.126356840133666992e+01
2.124500775337219238e+01
2.121733093261718750e+01
2.162426996231079102e+01
2.125689625740051270e+01
2.154960703849792480e+01
2.133492636680603027e+01
2.131076002120971680e+01
2.129980230331420898e+01
2.139375472068786621e+01
2.137135148048400879e+01
2.134579205513000488e+01
2.165390777587890625e+01
2.155979943275451660e+01
2.145574045181274414e+01
2.131114554405212402e+01
2.165573167800903320e+01
2.151601719856262207e+01
2.153096508979797363e+01
2.174059081077575684e+01
2.163013339042663574e+01
2.207231426239013672e+01
2.146258163452148438e+01
2.164110612869262695e+01
2.151740384101867676e+01
2.144604516029357910e+01
2.152238154411315918e+01
2.181270527839660645e+01
2.141965055465698242e+01
2.151561594009399414e+01
2.144651675224304199e+01
2.146744728088378906e+01
2.142512774467468262e+01
2.157610058784484863e+01
2.148062157630920410e+01
2.158943510055541992e+01
2.188587498664855957e+01
2.166546034812927246e+01
2.173171210289001465e+01
2.148135042190551758e+01
2.143329000473022461e+01
2.236002421379089355e+01
2.154693675041198730e+01
2.145383954048156738e+01
2.173951721191406250e+01
2.188875341415405273e+01
2.176437187194824219e+01
2.190851783752441406e+01
2.141143941879272461e+01
2.144799709320068359e+01
2.144894337654113770e+01
2.171219205856323242e+01
2.171941804885864258e+01
2.162668561935424805e+01
2.146650385856628418e+01
2.164902424812316895e+01
2.140402841567993164e+01
2.179462718963623047e+01
2.135653901100158691e+01
2.156744575500488281e+01
2.152942299842834473e+01
2.162853240966796875e+01
2.146950006484985352e+01
2.146758699417114258e+01
2.156119728088378906e+01
2.143535780906677246e+01
2.147520399093627930e+01
2.145680069923400879e+01
2.144104790687561035e+01
2.145842623710632324e+01
2.152639174461364746e+01
2.148183822631835938e+01
2.144534778594970703e+01
2.176932215690612793e+01
2.208740139007568359e+01
2.148429059982299805e+01
2.202854323387145996e+01
2.159351825714111328e+01
2.161720085144042969e+01
2.180564570426940918e+01
2.161635327339172363e+01
2.155642986297607422e+01
2.174184679985046387e+01
2.164567852020263672e+01
2.164712882041931152e+01
2.183246850967407227e+01
2.164701747894287109e+01
2.149865627288818359e+01
2.160468387603759766e+01
2.158890748023986816e+01
2.146641921997070312e+01
2.157143521308898926e+01
2.183063697814941406e+01
2.145168209075927734e+01
2.148340582847595215e+01
2.158541440963745117e+01
2.159414219856262207e+01
2.146632504463195801e+01
2.169002437591552734e+01
2.169772434234619141e+01
2.155704545974731445e+01
2.161673378944396973e+01
2.181105756759643555e+01
2.148818945884704590e+01
2.160357356071472168e+01
2.140992808341979980e+01
2.188054227828979492e+01
2.164611220359802246e+01
2.145422887802124023e+01
2.146468877792358398e+01
2.145193386077880859e+01
2.146004652976989746e+01
2.144948554039001465e+01
2.167512106895446777e+01
2.148986625671386719e+01
2.184533596038818359e+01
2.145726466178894043e+01
2.154007887840270996e+01
2.200218772888183594e+01
2.158425307273864746e+01
2.147213959693908691e+01
2.159040927886962891e+01
2.146172571182250977e+01
2.146897578239440918e+01
2.162814974784851074e+01
2.157282471656799316e+01
2.142430949211120605e+01
2.149384355545043945e+01
2.174785780906677246e+01
2.197766470909118652e+01
2.144410514831542969e+01
2.179065036773681641e+01
2.182407426834106445e+01
2.285634732246398926e+01
2.151916527748107910e+01
2.145623564720153809e+01
2.144153046607971191e+01
2.188492274284362793e+01
2.155060338973999023e+01
2.162056541442871094e+01
2.169424724578857422e+01
2.142724061012268066e+01
2.196784472465515137e+01
2.167160511016845703e+01
2.180873799324035645e+01
2.143522357940673828e+01
2.143006324768066406e+01
2.147602200508117676e+01
2.184698534011840820e+01
2.146897959709167480e+01
2.146477198600769043e+01
2.153822493553161621e+01
2.182713031768798828e+01
2.165459799766540527e+01
2.182464241981506348e+01
2.165958142280578613e+01
2.169639325141906738e+01
2.149451613426208496e+01
2.169563651084899902e+01
2.179591441154479980e+01
2.182261395454406738e+01
2.144754600524902344e+01
2.145140838623046875e+01
2.165590167045593262e+01
2.192629408836364746e+01
2.146731400489807129e+01
2.142464971542358398e+01
2.152987575531005859e+01
2.158321094512939453e+01
2.177739906311035156e+01
2.150626754760742188e+01
2.157140135765075684e+01
2.143891811370849609e+01
2.181921672821044922e+01
2.176198315620422363e+01
2.178103017807006836e+01
2.190619754791259766e+01
2.147923898696899414e+01
2.142299771308898926e+01
2.190973711013793945e+01
2.157355356216430664e+01
2.187947201728820801e+01
2.160000944137573242e+01
2.156580305099487305e+01
2.151811504364013672e+01
2.144502663612365723e+01
2.145155358314514160e+01
2.143865919113159180e+01
2.229485106468200684e+01
2.171790695190429688e+01
2.147251224517822266e+01
2.162939310073852539e+01
2.185033583641052246e+01
2.145689749717712402e+01
