2.193186402320861816e+01
2.118094515800476074e+01
2.134787178039550781e+01
2.152241873741149902e+01
2.125766587257385254e+01
2.146623253822326660e+01
2.121157026290893555e+01
2.126262426376342773e+01
2.163042545318603516e+01
2.180432724952697754e+01
2.187112545967102051e+01
2.126836633682250977e+01
2.136357140541076660e+01
2.123578500747680664e+01
2.130254411697387695e+01
2.186815333366394043e+01
2.135274791717529297e+01
2.128982448577880859e+01
2.145769715309143066e+01
2.166638660430908203e+01
2.143008637428283691e+01
2.137597036361694336e+01
2.156391692161560059e+01
2.144911122322082520e+01
2.158867502212524414e+01
2.159737968444824219e+01
2.161117291450500488e+01
2.145858645439147949e+01
2.162500619888305664e+01
2.169856786727905273e+01
2.164656925201416016e+01
2.159053206443786621e+01
2.178246808052062988e+01
2.147242712974548340e+01
2.193124723434448242e+01
2.147424745559692383e+01
2.198247146606445312e+01
2.209738159179687500e+01
2.167901468276977539e+01
2.148829340934753418e+01
2.177487254142761230e+01
2.168841934204101562e+01
2.195237660408020020e+01
2.160899472236633301e+01
2.199896383285522461e+01
2.164650630950927734e+01
2.162212729454040527e+01
2.206845974922180176e+01
2.186822009086608887e+01
2.159470200538635254e+01
2.173360824584960938e+01
2.207621002197265625e+01
2.182156991958618164e+01
2.181208300590515137e+01
2.199060535430908203e+01
2.166125464439392090e+01
2.178165411949157715e+01
2.160988521575927734e+01
2.180362343788146973e+01
2.156822395324707031e+01
2.144423246383666992e+01
2.180249285697937012e+01
2.187328338623046875e+01
2.141906833648681641e+01
2.155886793136596680e+01
2.147818779945373535e+01
2.154017210006713867e+01
2.191301774978637695e+01
2.193034720420837402e+01
2.158060050010681152e+01
2.191084027290344238e+01
2.163896799087524414e+01
2.180012297630310059e+01
2.156242728233337402e+01
2.145845437049865723e+01
2.160209965705871582e+01
2.144908714294433594e+01
2.175060057640075684e+01
2.156528973579406738e+01
2.180578446388244629e+01
2.215291142463684082e+01
2.167505884170532227e+01
2.186616969108581543e+01
2.207124233245849609e+01
2.152255535125732422e+01
2.153472709655761719e+01
2.152626752853393555e+01
2.192614340782165527e+01
2.163805007934570312e+01
2.143900847434997559e+01
2.190617609024047852e+01
2.210853552818298340e+01
2.148258447647094727e+01
2.171377873420715332e+01
2.189149141311645508e+01
2.163184404373168945e+01
2.167342853546142578e+01
2.167914319038391113e+01
2.191091704368591309e+01
2.164622068405151367e+01
2.190268301963806152e+01
2.160403513908386230e+01
2.177663516998291016e+01
2.155011630058288574e+01
2.171587562561035156e+01
2.187818670272827148e+01
2.156179428100585938e+01
2.196722149848937988e+01
2.172512698173522949e+01
2.187782835960388184e+01
2.165740203857421875e+01
2.161622166633605957e+01
2.143458628654479980e+01
2.177484655380249023e+01
2.179204940795898438e+01
2.155068922042846680e+01
2.151895499229431152e+01
2.166382861137390137e+01
2.218854641914367676e+01
2.156352591514587402e+01
2.190506291389465332e+01
2.141054487228393555e+01
2.178057527542114258e+01
2.170168948173522949e+01
2.152526688575744629e+01
2.177477979660034180e+01
2.189971852302551270e+01
2.168798470497131348e+01
2.176345157623291016e+01
2.147495889663696289e+01
2.173975086212158203e+01
2.200707387924194336e+01
2.148587036132812500e+01
2.199645853042602539e+01
2.159695649147033691e+01
2.167512345314025879e+01
2.163392114639282227e+01
2.141178536415100098e+01
2.158375787734985352e+01
2.337527441978454590e+01
2.195267319679260254e+01
2.164012598991394043e+01
2.197401618957519531e+01
2.197477889060974121e+01
2.147503733634948730e+01
2.182912015914916992e+01
2.179812908172607422e+01
2.171214437484741211e+01
2.169695234298706055e+01
2.179471755027770996e+01
2.193749761581420898e+01
2.181657028198242188e+01
2.143825459480285645e+01
2.182658863067626953e+01
2.176217555999755859e+01
2.174302577972412109e+01
2.168788290023803711e+01
2.146692872047424316e+01
2.206983590126037598e+01
2.166984462738037109e+01
2.189543676376342773e+01
2.143701910972595215e+01
2.157573008537292480e+01
2.145287275314331055e+01
2.186278843879699707e+01
2.177848052978515625e+01
2.168326306343078613e+01
2.165177416801452637e+01
2.229275226593017578e+01
2.159891390800476074e+01
2.166769313812255859e+01
2.186538577079772949e+01
2.159999346733093262e+01
2.162881422042846680e+01
2.188049960136413574e+01
2.198562860488891602e+01
2.177836036682128906e+01
2.213402485847473145e+01
2.181451272964477539e+01
2.178445482254028320e+01
2.176909232139587402e+01
2.150802540779113770e+01
2.208861565589904785e+01
2.180328845977783203e+01
2.166009664535522461e+01
2.183863782882690430e+01
2.174092912673950195e+01
2.170183110237121582e+01
2.149520945549011230e+01
2.173356580734252930e+01
2.183044672012329102e+01
2.182196617126464844e+01
2.186250972747802734e+01
2.146822357177734375e+01
2.209950613975524902e+01
2.189054393768310547e+01
2.162207770347595215e+01
2.160241580009460449e+01
2.197119021415710449e+01
2.167457294464111328e+01
