1.019200000244140547e+01
1.036800000244140563e+01
9.631999999542236068e+00
1.054399999954223688e+01
9.984000002441407062e+00
9.920000002441407005e+00
1.081599999969482440e+01
1.019199999969482384e+01
1.014399999984741285e+01
9.759999999389648906e+00
1.003199999969482370e+01
1.006399999954223645e+01
1.060799999969482421e+01
9.903999995727538419e+00
1.022399999969482387e+01
9.759999999084472577e+00
9.727999999694823430e+00
9.552000002441406679e+00
1.020799999984741291e+01
1.040000000244140566e+01
1.041599999908447316e+01
1.071999999954223703e+01
1.063999999969482424e+01
1.008000000244140537e+01
1.028800000244140556e+01
1.071999999938964798e+01
1.019199999984741289e+01
1.041599999954223676e+01
1.012799999908447290e+01
1.100799999938964824e+01
1.028800000244140556e+01
1.100799999954223551e+01
9.919999999542236324e+00
9.664000002441406778e+00
1.057599999908447330e+01
1.012799999572753862e+01
1.030399999938964761e+01
9.775999995727538305e+00
1.019199999969482384e+01
1.041599999877929683e+01
1.020799999969482386e+01
9.567999999694825064e+00
9.935999999999999943e+00
9.695999999084472520e+00
9.887999999084472691e+00
9.984000002441407062e+00
9.967999999084472762e+00
1.033599999954223669e+01
9.824000002441406920e+00
9.631999995727538177e+00
1.059199999938964787e+01
1.033599999938964764e+01
1.057600000244140581e+01
1.059199999954223692e+01
9.903999999542236310e+00
9.807999999847412553e+00
9.887999999694823572e+00
9.951999995727538462e+00
1.030399999938964761e+01
9.327999999847412127e+00
9.855999999847412596e+00
9.823999998779296305e+00
1.019199999954223657e+01
1.049599999572753894e+01
9.791999995727538320e+00
1.030400000244140557e+01
1.060799999938964788e+01
1.135999999877929767e+01
1.270399999969482430e+01
1.435199999908447310e+01
1.503999999877929739e+01
1.672000000183105328e+01
1.622399999908447299e+01
1.609599999954223648e+01
1.664000000244140764e+01
1.755199999938964694e+01
1.710399999877929744e+01
1.811200000488281248e+01
1.750399999572753984e+01
1.932799999938964675e+01
1.817599999572754044e+01
1.844800000244140747e+01
1.854399999908447327e+01
1.825599999572753873e+01
1.865599999572753731e+01
1.889599999908447359e+01
1.849600000183105308e+01
1.811199999877929656e+01
1.884799999816894456e+01
1.838400000488281094e+01
1.958399999877929787e+01
1.841599999954223676e+01
1.972799999938964888e+01
1.961599999908447245e+01
1.923200000244140639e+01
2.019199999908447296e+01
1.899199999572753939e+01
1.967999999572753822e+01
1.956799999511718724e+01
1.977599999511718920e+01
2.550400000488281194e+01
2.665600000244140588e+01
2.652800000488281285e+01
2.750400000488281194e+01
2.745600000488281367e+01
2.748799999145507655e+01
2.777599999877929804e+01
2.787200000488281404e+01
2.822399999511718605e+01
2.796799999816894555e+01
2.854400000488281108e+01
2.931199998779296934e+01
2.828800000122070202e+01
2.833599999511718792e+01
2.835200000122070207e+01
2.916800000183105368e+01
2.926400000366210818e+01
2.889600000366210963e+01
2.839999999145507914e+01
2.856000000732421995e+01
2.996800000488281412e+01
2.956799999816894697e+01
3.040000000366211097e+01
3.009599999816894567e+01
2.990399999145507692e+01
2.998399999755859469e+01
2.984000000122070162e+01
2.972799999511718738e+01
2.919999999511718869e+01
2.958400000732421731e+01
2.943999999511718713e+01
2.934399999511718704e+01
2.972799999145507854e+01
2.990399999511718576e+01
3.076799999511718653e+01
3.035199999755859324e+01
3.067200000122070236e+01
3.113600000732422046e+01
3.025600000976562498e+01
3.043199999816894419e+01
2.983999999755859278e+01
3.011199998779297005e+01
3.062400000122070409e+01
3.027199999511718786e+01
3.046399998779297036e+01
3.028799999389648434e+01
3.057600000122070227e+01
3.056000000488281287e+01
3.025599998779296840e+01
3.033599999755859500e+01
3.111999999511718684e+01
3.073600000732421833e+01
3.089600000183105522e+01
3.131200000122070293e+01
3.127999999816894672e+01
3.168000000122070148e+01
3.100800000488281327e+01
3.102399999755859383e+01
3.105600000122070270e+01
3.116799999145507982e+01
3.060800000183105496e+01
3.121599999572753958e+01
3.072000000366210770e+01
3.046399999145507920e+01
3.100800000122070443e+01
3.112000000122070276e+01
3.110400000122070452e+01
3.105599999145507795e+01
3.089599999816894638e+01
3.057599999877929520e+01
3.094399999755859199e+01
3.110399999755859213e+01
3.163199999816894703e+01
3.022400000000000020e+01
3.097599999511718849e+01
3.105600000122070270e+01
3.144000000488281188e+01
3.033600000488281268e+01
3.148800000122070486e+01
3.136000000122070475e+01
3.067200000183105502e+01
3.075200000122070421e+01
3.075200000183105331e+01
3.046400000183105305e+01
3.131200000366211000e+01
3.169599999145507851e+01
3.097599999511718849e+01
3.083199999145507775e+01
3.087999999572753751e+01
3.060799999572753904e+01
3.017600000488281253e+01
3.068799998779296700e+01
3.046400000732421987e+01
3.206400000183105448e+01
3.017600000122070369e+01
3.100799999816894470e+01
3.068799999877929707e+01
3.166399999816894706e+01
3.129599999755859230e+01
3.135999999389648352e+01
