1.296778130531311035e+01
1.231702685356140137e+01
1.227755403518676758e+01
1.230013799667358398e+01
1.230689334869384766e+01
1.241100168228149414e+01
1.228154730796813965e+01
1.226880264282226562e+01
1.239169335365295410e+01
1.231132650375366211e+01
1.228335070610046387e+01
1.237317728996276855e+01
1.230800867080688477e+01
1.229566431045532227e+01
1.227197051048278809e+01
1.230234503746032715e+01
1.239573621749877930e+01
1.236599731445312500e+01
1.232324314117431641e+01
1.231087756156921387e+01
1.237775874137878418e+01
1.230057740211486816e+01
1.232695317268371582e+01
1.236342144012451172e+01
1.234375762939453125e+01
1.230743193626403809e+01
1.234049725532531738e+01
1.236445188522338867e+01
1.236557149887084961e+01
1.242040467262268066e+01
1.235141491889953613e+01
1.235636901855468750e+01
1.232530736923217773e+01
1.237778687477111816e+01
1.241146492958068848e+01
1.238092446327209473e+01
1.236764717102050781e+01
1.230505561828613281e+01
1.233471727371215820e+01
1.239230275154113770e+01
1.232681226730346680e+01
1.235514950752258301e+01
1.240765929222106934e+01
1.233496260643005371e+01
1.234913706779479980e+01
1.235477185249328613e+01
1.242519974708557129e+01
1.239150214195251465e+01
1.238256835937500000e+01
1.232697296142578125e+01
1.230383419990539551e+01
1.230691933631896973e+01
1.237488174438476562e+01
1.237482547760009766e+01
1.237219262123107910e+01
1.237367439270019531e+01
1.238781785964965820e+01
1.235163640975952148e+01
1.235016202926635742e+01
1.231815576553344727e+01
1.235925364494323730e+01
1.237422466278076172e+01
1.236990165710449219e+01
1.231965780258178711e+01
1.237484836578369141e+01
1.238314676284790039e+01
1.235915136337280273e+01
1.241422462463378906e+01
1.236020779609680176e+01
1.233641648292541504e+01
1.234651613235473633e+01
1.236203742027282715e+01
1.232210588455200195e+01
1.239217233657836914e+01
1.236728525161743164e+01
1.232950663566589355e+01
1.232860422134399414e+01
1.232372665405273438e+01
1.233372950553894043e+01
1.240235519409179688e+01
1.245063138008117676e+01
1.242942810058593750e+01
1.236758232116699219e+01
1.232849693298339844e+01
1.236280822753906250e+01
1.247570037841796875e+01
1.240320920944213867e+01
1.229058122634887695e+01
1.237988901138305664e+01
1.239274740219116211e+01
1.233472061157226562e+01
1.238332104682922363e+01
1.242285227775573730e+01
1.231726527214050293e+01
1.242691111564636230e+01
1.244417166709899902e+01
1.231527042388916016e+01
1.236733579635620117e+01
1.232048273086547852e+01
1.236439228057861328e+01
1.237296152114868164e+01
1.240985488891601562e+01
1.241903853416442871e+01
1.239671850204467773e+01
1.242513084411621094e+01
1.230997562408447266e+01
1.238367319107055664e+01
1.234084320068359375e+01
1.239242649078369141e+01
1.231669402122497559e+01
1.229503178596496582e+01
1.228801274299621582e+01
1.233818674087524414e+01
1.235025644302368164e+01
1.237413811683654785e+01
1.235550856590270996e+01
1.242155814170837402e+01
1.234294223785400391e+01
1.231281352043151855e+01
1.232970452308654785e+01
1.242119216918945312e+01
1.245172929763793945e+01
1.241230678558349609e+01
1.241947627067565918e+01
1.242874836921691895e+01
1.244733500480651855e+01
1.240155720710754395e+01
1.242167305946350098e+01
1.230756855010986328e+01
1.233381009101867676e+01
1.238459563255310059e+01
1.244596838951110840e+01
1.240157413482666016e+01
1.238904738426208496e+01
1.231914448738098145e+01
1.235206055641174316e+01
1.235380506515502930e+01
1.229980206489562988e+01
1.243432402610778809e+01
1.230133152008056641e+01
1.235967516899108887e+01
1.232265448570251465e+01
1.231726455688476562e+01
1.233391928672790527e+01
1.239016175270080566e+01
1.233267569541931152e+01
1.241116714477539062e+01
1.233657622337341309e+01
1.236742639541625977e+01
1.233105349540710449e+01
1.237767910957336426e+01
1.233336019515991211e+01
1.231668543815612793e+01
1.229247903823852539e+01
1.237914681434631348e+01
1.241385579109191895e+01
1.232253766059875488e+01
1.239785933494567871e+01
1.236220192909240723e+01
1.232614517211914062e+01
1.237069702148437500e+01
1.234922266006469727e+01
1.231933784484863281e+01
1.235577535629272461e+01
1.238585543632507324e+01
1.242648553848266602e+01
1.233879184722900391e+01
1.232741689682006836e+01
1.231905341148376465e+01
1.248677635192871094e+01
1.242342042922973633e+01
1.238222527503967285e+01
1.233552336692810059e+01
1.239793848991394043e+01
1.239149498939514160e+01
1.242743587493896484e+01
1.242556428909301758e+01
1.233644270896911621e+01
1.233797192573547363e+01
1.240573549270629883e+01
1.241376376152038574e+01
1.245648717880249023e+01
1.236296796798706055e+01
1.238951396942138672e+01
1.233375096321105957e+01
1.235801768302917480e+01
1.242423796653747559e+01
1.243168592453002930e+01
1.234752345085144043e+01
1.241744613647460938e+01
1.241787695884704590e+01
1.240082335472106934e+01
1.244392108917236328e+01
1.235398101806640625e+01
1.242446970939636230e+01
1.240619277954101562e+01
1.241225934028625488e+01
1.236422395706176758e+01
1.240113186836242676e+01
1.239120340347290039e+01
