4.022014141082763672e-01
3.967487812042236328e-01
3.907735347747802734e-01
3.920304775238037109e-01
3.889088630676269531e-01
3.987298011779785156e-01
3.827848434448242188e-01
3.935701847076416016e-01
3.884596824645996094e-01
3.874933719635009766e-01
3.945555686950683594e-01
3.824086189270019531e-01
3.924515247344970703e-01
3.870210647583007812e-01
3.889801502227783203e-01
3.925895690917968750e-01
3.878698348999023438e-01
3.926253318786621094e-01
3.915729522705078125e-01
3.831756114959716797e-01
3.953535556793212891e-01
3.814272880554199219e-01
3.885159492492675781e-01
3.878607749938964844e-01
3.870899677276611328e-01
4.009478092193603516e-01
3.822417259216308594e-01
3.918526172637939453e-01
3.886733055114746094e-01
3.870496749877929688e-01
3.945331573486328125e-01
3.835365772247314453e-01
3.966376781463623047e-01
3.895428180694580078e-01
3.892147541046142578e-01
3.954355716705322266e-01
3.871698379516601562e-01
3.965868949890136719e-01
3.897697925567626953e-01
3.907492160797119141e-01
3.989403247833251953e-01
3.829472064971923828e-01
3.934426307678222656e-01
3.882930278778076172e-01
3.875994682312011719e-01
4.033994674682617188e-01
3.846960067749023438e-01
3.921997547149658203e-01
3.895759582519531250e-01
3.911850452423095703e-01
3.969705104827880859e-01
3.846812248229980469e-01
3.973658084869384766e-01
3.877522945404052734e-01
3.848907947540283203e-01
3.959920406341552734e-01
3.823590278625488281e-01
3.909258842468261719e-01
3.911767005920410156e-01
3.892734050750732422e-01
3.945384025573730469e-01
3.847429752349853516e-01
3.929612636566162109e-01
3.910119533538818359e-01
3.867757320404052734e-01
3.952758312225341797e-01
3.841774463653564453e-01
3.982069492340087891e-01
3.912608623504638672e-01
3.879189491271972656e-01
3.932785987854003906e-01
3.847107887268066406e-01
3.997771739959716797e-01
3.914387226104736328e-01
3.856189250946044922e-01
3.943715095520019531e-01
3.845429420471191406e-01
3.925182819366455078e-01
3.902628421783447266e-01
3.855445384979248047e-01
3.942723274230957031e-01
3.867769241333007812e-01
3.928170204162597656e-01
3.907103538513183594e-01
3.857276439666748047e-01
3.908457756042480469e-01
3.857238292694091797e-01
3.939116001129150391e-01
3.891468048095703125e-01
3.943779468536376953e-01
4.002976417541503906e-01
3.855187892913818359e-01
3.897283077239990234e-01
3.904740810394287109e-01
3.885283470153808594e-01
3.975079059600830078e-01
3.881595134735107422e-01
3.931510448455810547e-01
3.933749198913574219e-01
3.894286155700683594e-01
3.915851116180419922e-01
3.907847404479980469e-01
3.940308094024658203e-01
3.910284042358398438e-01
3.916413784027099609e-01
3.937015533447265625e-01
3.882262706756591797e-01
3.957223892211914062e-01
3.887441158294677734e-01
3.846597671508789062e-01
3.928308486938476562e-01
3.848135471343994141e-01
3.938753604888916016e-01
3.940103054046630859e-01
3.891546726226806641e-01
3.964159488677978516e-01
3.839287757873535156e-01
3.926808834075927734e-01
3.936862945556640625e-01
3.911690711975097656e-01
3.925626277923583984e-01
3.861615657806396484e-01
3.895473480224609375e-01
3.913891315460205078e-01
3.885540962219238281e-01
3.978402614593505859e-01
3.913643360137939453e-01
3.884632587432861328e-01
3.905816078186035156e-01
3.864924907684326172e-01
3.893167972564697266e-01
3.925731182098388672e-01
3.869388103485107422e-01
3.913776874542236328e-01
3.871576786041259766e-01
3.865225315093994141e-01
3.883855342864990234e-01
3.916490077972412109e-01
3.925020694732666016e-01
6.291947364807128906e-01
3.902878761291503906e-01
3.892660140991210938e-01
3.909153938293457031e-01
3.925554752349853516e-01
3.898439407348632812e-01
3.929102420806884766e-01
3.865802288055419922e-01
3.907842636108398438e-01
3.910143375396728516e-01
3.903782367706298828e-01
3.885395526885986328e-01
3.896553516387939453e-01
3.882262706756591797e-01
3.890101909637451172e-01
3.870158195495605469e-01
3.886518478393554688e-01
3.890156745910644531e-01
3.957049846649169922e-01
3.893029689788818359e-01
3.895061016082763672e-01
3.892955780029296875e-01
3.928134441375732422e-01
3.901965618133544922e-01
3.908452987670898438e-01
3.875339031219482422e-01
3.921785354614257812e-01
3.896706104278564453e-01
3.921399116516113281e-01
3.933043479919433594e-01
3.893244266510009766e-01
3.912913799285888672e-01
3.884048461914062500e-01
3.906617164611816406e-01
3.901219367980957031e-01
3.923969268798828125e-01
3.933627605438232422e-01
3.891448974609375000e-01
3.899817466735839844e-01
3.924653530120849609e-01
3.902142047882080078e-01
3.920996189117431641e-01
3.909003734588623047e-01
3.884215354919433594e-01
3.920888900756835938e-01
3.929712772369384766e-01
3.881676197052001953e-01
3.907754421234130859e-01
3.898916244506835938e-01
3.933289051055908203e-01
3.896729946136474609e-01
3.918290138244628906e-01
3.898987770080566406e-01
3.877644538879394531e-01
3.843650817871093750e-01
3.905932903289794922e-01
3.925662040710449219e-01
3.895683288574218750e-01
3.918688297271728516e-01
3.890280723571777344e-01
3.915886878967285156e-01
