1.285567855834960938e+01
1.220130491256713867e+01
1.223138523101806641e+01
1.226968646049499512e+01
1.221013331413269043e+01
1.225578474998474121e+01
1.222812199592590332e+01
1.223187661170959473e+01
1.223758196830749512e+01
1.231963324546813965e+01
1.226242160797119141e+01
1.226900625228881836e+01
1.225988578796386719e+01
1.225574970245361328e+01
1.225785994529724121e+01
1.224354553222656250e+01
1.229133057594299316e+01
1.230205607414245605e+01
1.225008201599121094e+01
1.226148557662963867e+01
1.226000356674194336e+01
1.234815526008605957e+01
1.231556653976440430e+01
1.229116177558898926e+01
1.224819159507751465e+01
1.229667925834655762e+01
1.226030826568603516e+01
1.227475857734680176e+01
1.224615430831909180e+01
1.230498528480529785e+01
1.235502004623413086e+01
1.237441921234130859e+01
1.229084539413452148e+01
1.227609896659851074e+01
1.226671504974365234e+01
1.226721429824829102e+01
1.231333041191101074e+01
1.226060914993286133e+01
1.228336262702941895e+01
1.242837047576904297e+01
1.223632264137268066e+01
1.242825150489807129e+01
1.229789447784423828e+01
1.238275599479675293e+01
1.230857205390930176e+01
1.231475186347961426e+01
1.237230038642883301e+01
1.230536961555480957e+01
1.229956459999084473e+01
1.226753211021423340e+01
1.233037614822387695e+01
1.229606485366821289e+01
1.234550857543945312e+01
1.229892492294311523e+01
1.232561469078063965e+01
1.232109379768371582e+01
1.228072047233581543e+01
1.229919362068176270e+01
1.228163647651672363e+01
1.233741450309753418e+01
1.227133917808532715e+01
1.234064102172851562e+01
1.232354831695556641e+01
1.230460453033447266e+01
1.228840184211730957e+01
1.226556515693664551e+01
1.227060365676879883e+01
1.231947064399719238e+01
1.228486251831054688e+01
1.229968070983886719e+01
1.228555941581726074e+01
1.229055976867675781e+01
1.229910850524902344e+01
1.233344125747680664e+01
1.224882674217224121e+01
1.229728364944458008e+01
1.228597402572631836e+01
1.227228331565856934e+01
1.231507682800292969e+01
1.228174948692321777e+01
1.228008508682250977e+01
1.230562186241149902e+01
1.232051515579223633e+01
1.229072570800781250e+01
1.232382345199584961e+01
1.227889752388000488e+01
1.238712072372436523e+01
1.234235978126525879e+01
1.230630612373352051e+01
1.235335063934326172e+01
1.232110381126403809e+01
1.227524828910827637e+01
1.231097817420959473e+01
1.230490279197692871e+01
1.226019501686096191e+01
1.225607275962829590e+01
1.225301766395568848e+01
1.227102208137512207e+01
1.237835931777954102e+01
1.230542588233947754e+01
1.231823158264160156e+01
1.232932066917419434e+01
1.233448505401611328e+01
1.229544496536254883e+01
1.233506035804748535e+01
1.225476741790771484e+01
1.230241203308105469e+01
1.227330064773559570e+01
1.232581567764282227e+01
1.236820340156555176e+01
1.230498838424682617e+01
1.233272695541381836e+01
1.231387996673583984e+01
1.237654590606689453e+01
1.227921032905578613e+01
1.230824136734008789e+01
1.232001304626464844e+01
1.226256918907165527e+01
1.226251316070556641e+01
1.234890151023864746e+01
1.223599624633789062e+01
1.231737565994262695e+01
1.228799438476562500e+01
1.232410502433776855e+01
1.230973839759826660e+01
1.225717473030090332e+01
1.230045008659362793e+01
1.244997763633728027e+01
1.225456094741821289e+01
1.234953784942626953e+01
1.230482745170593262e+01
1.232540130615234375e+01
1.230311346054077148e+01
1.225579118728637695e+01
1.226260733604431152e+01
1.226392173767089844e+01
1.230783534049987793e+01
1.224691605567932129e+01
1.237905621528625488e+01
1.228913879394531250e+01
1.230940532684326172e+01
1.230767917633056641e+01
1.234178042411804199e+01
1.228829765319824219e+01
1.226351809501647949e+01
1.227528285980224609e+01
1.228204560279846191e+01
1.232419538497924805e+01
1.230122685432434082e+01
1.233561801910400391e+01
1.233467006683349609e+01
1.228436732292175293e+01
1.233086729049682617e+01
1.227921628952026367e+01
1.223968100547790527e+01
1.225200796127319336e+01
1.225278973579406738e+01
1.233658742904663086e+01
1.227508664131164551e+01
1.226779437065124512e+01
1.231967878341674805e+01
1.237162971496582031e+01
1.225852847099304199e+01
1.234124732017517090e+01
1.237075161933898926e+01
1.226495909690856934e+01
1.229955220222473145e+01
1.226493787765502930e+01
1.228609013557434082e+01
1.230787444114685059e+01
1.227527022361755371e+01
1.232763457298278809e+01
1.227453112602233887e+01
1.225717258453369141e+01
1.232343411445617676e+01
1.226682829856872559e+01
1.230563974380493164e+01
1.236453890800476074e+01
1.230303812026977539e+01
1.232054615020751953e+01
1.233857202529907227e+01
1.232626342773437500e+01
1.227544999122619629e+01
1.230003237724304199e+01
1.227293825149536133e+01
1.231688976287841797e+01
1.230000066757202148e+01
1.226852130889892578e+01
1.227436828613281250e+01
1.227108383178710938e+01
1.233554244041442871e+01
1.237433695793151855e+01
1.228273320198059082e+01
1.231858921051025391e+01
1.229121184349060059e+01
1.225219345092773438e+01
1.227776145935058594e+01
1.234252119064331055e+01
1.230732440948486328e+01
1.233934688568115234e+01
