2.193137145042419434e+01
2.125640392303466797e+01
2.136201834678649902e+01
2.141187143325805664e+01
2.168044137954711914e+01
2.156692290306091309e+01
2.128446960449218750e+01
2.134052038192749023e+01
2.175439214706420898e+01
2.176587367057800293e+01
2.143601036071777344e+01
2.151008939743041992e+01
2.189748001098632812e+01
2.163684868812561035e+01
2.179636240005493164e+01
2.130983829498291016e+01
2.148941493034362793e+01
2.139116835594177246e+01
2.139229607582092285e+01
2.150469446182250977e+01
2.137997364997863770e+01
2.135772156715393066e+01
2.167720460891723633e+01
2.138573265075683594e+01
2.156514692306518555e+01
2.160490942001342773e+01
2.169597387313842773e+01
2.153349161148071289e+01
2.185179162025451660e+01
2.164354109764099121e+01
2.198333573341369629e+01
2.178453660011291504e+01
2.171235251426696777e+01
2.154834604263305664e+01
2.201053094863891602e+01
2.164365720748901367e+01
2.214590048789978027e+01
2.166401720046997070e+01
2.184649443626403809e+01
2.187251305580139160e+01
2.145028591156005859e+01
2.193357133865356445e+01
2.192088103294372559e+01
2.179997181892395020e+01
2.175032043457031250e+01
2.205346846580505371e+01
2.175096869468688965e+01
2.171300315856933594e+01
2.151480770111083984e+01
2.175173234939575195e+01
2.222819161415100098e+01
2.208048367500305176e+01
2.180119967460632324e+01
2.173166394233703613e+01
2.167922830581665039e+01
2.195122814178466797e+01
2.172393703460693359e+01
2.188695311546325684e+01
2.177255845069885254e+01
2.164538407325744629e+01
2.144369745254516602e+01
2.180233287811279297e+01
2.183503031730651855e+01
2.155599808692932129e+01
2.163201618194580078e+01
2.153709673881530762e+01
2.162100911140441895e+01
2.177728939056396484e+01
2.174048757553100586e+01
2.200517129898071289e+01
2.182147860527038574e+01
2.165338730812072754e+01
2.202879309654235840e+01
2.199785804748535156e+01
2.162180066108703613e+01
2.182559132575988770e+01
2.160246300697326660e+01
2.189801931381225586e+01
2.177841401100158691e+01
2.177995443344116211e+01
2.192272996902465820e+01
2.166757416725158691e+01
2.179857516288757324e+01
2.151833796501159668e+01
2.181830787658691406e+01
2.186171674728393555e+01
2.192052388191223145e+01
2.179364252090454102e+01
2.192787790298461914e+01
2.150840473175048828e+01
2.183453392982482910e+01
2.168244647979736328e+01
2.192784500122070312e+01
2.176552176475524902e+01
2.157254981994628906e+01
2.159318518638610840e+01
2.161846160888671875e+01
2.180917119979858398e+01
2.205457162857055664e+01
2.164874029159545898e+01
2.186774778366088867e+01
2.162477612495422363e+01
2.174265837669372559e+01
2.178714132308959961e+01
2.188920998573303223e+01
2.180386948585510254e+01
2.149585175514221191e+01
2.178578519821166992e+01
2.178306102752685547e+01
2.159657835960388184e+01
2.181610846519470215e+01
2.182096219062805176e+01
2.147973847389221191e+01
2.203524231910705566e+01
2.203067493438720703e+01
2.170360279083251953e+01
2.162505960464477539e+01
2.173516154289245605e+01
2.169221663475036621e+01
2.150626611709594727e+01
2.175064969062805176e+01
2.174073433876037598e+01
2.173859834671020508e+01
2.210652375221252441e+01
2.188924074172973633e+01
2.157599234580993652e+01
2.199920105934143066e+01
2.196067500114440918e+01
2.163211750984191895e+01
2.167459607124328613e+01
2.158262252807617188e+01
2.171931743621826172e+01
2.154423046112060547e+01
2.156545662879943848e+01
2.179701924324035645e+01
2.168829298019409180e+01
2.158806252479553223e+01
2.178649997711181641e+01
2.198516821861267090e+01
2.297028899192810059e+01
2.180385971069335938e+01
2.180474591255187988e+01
2.204713940620422363e+01
2.178089880943298340e+01
2.154978227615356445e+01
2.178892350196838379e+01
2.168581652641296387e+01
2.162467408180236816e+01
2.172472238540649414e+01
2.159878778457641602e+01
2.189711499214172363e+01
2.145695710182189941e+01
2.200702166557312012e+01
2.153665471076965332e+01
2.185402274131774902e+01
2.175706911087036133e+01
2.178059673309326172e+01
2.167978096008300781e+01
2.182563161849975586e+01
2.181530475616455078e+01
2.208936643600463867e+01
2.164128327369689941e+01
2.147321796417236328e+01
2.191430330276489258e+01
2.158895134925842285e+01
2.158723711967468262e+01
2.222904300689697266e+01
2.165596795082092285e+01
2.180163002014160156e+01
2.188759303092956543e+01
2.148460435867309570e+01
2.186236143112182617e+01
2.178777003288269043e+01
2.179941248893737793e+01
2.172066020965576172e+01
2.157356333732604980e+01
2.220043897628784180e+01
2.167106413841247559e+01
2.194493150711059570e+01
2.183454465866088867e+01
2.190289282798767090e+01
2.153431701660156250e+01
2.158167004585266113e+01
2.163244438171386719e+01
2.151904082298278809e+01
2.179559350013732910e+01
2.158298254013061523e+01
2.182723522186279297e+01
2.157407355308532715e+01
2.192600178718566895e+01
2.189490652084350586e+01
2.181581020355224609e+01
2.185491442680358887e+01
2.190146279335021973e+01
2.219995975494384766e+01
2.207961249351501465e+01
2.158440876007080078e+01
2.193598890304565430e+01
2.202115797996520996e+01
2.155020236968994141e+01
