1.337008285522460938e+01
1.271397280693054199e+01
1.266836643218994141e+01
1.269230699539184570e+01
1.269582223892211914e+01
1.280986213684082031e+01
1.266455578804016113e+01
1.266249752044677734e+01
1.278029990196228027e+01
1.269880008697509766e+01
1.267799663543701172e+01
1.275568461418151855e+01
1.270058870315551758e+01
1.268283128738403320e+01
1.266112089157104492e+01
1.269506978988647461e+01
1.278374719619750977e+01
1.275877547264099121e+01
1.271495985984802246e+01
1.269410872459411621e+01
1.277326226234436035e+01
1.268197274208068848e+01
1.271542286872863770e+01
1.275133633613586426e+01
1.273101663589477539e+01
1.270849323272705078e+01
1.272288990020751953e+01
1.275633263587951660e+01
1.275426483154296875e+01
1.280740571022033691e+01
1.274601531028747559e+01
1.274003171920776367e+01
1.272206330299377441e+01
1.276740789413452148e+01
1.280078029632568359e+01
1.277640771865844727e+01
1.275497555732727051e+01
1.270173740386962891e+01
1.272465538978576660e+01
1.278320479393005371e+01
1.272590637207031250e+01
1.273823189735412598e+01
1.280128645896911621e+01
1.272346544265747070e+01
1.273678803443908691e+01
1.275838613510131836e+01
1.280999708175659180e+01
1.278381729125976562e+01
1.277226185798645020e+01
1.271826863288879395e+01
1.270093750953674316e+01
1.269168901443481445e+01
1.277238059043884277e+01
1.276365470886230469e+01
1.275712585449218750e+01
1.276972079277038574e+01
1.277019333839416504e+01
1.274260663986206055e+01
1.274143099784851074e+01
1.270756959915161133e+01
1.275377488136291504e+01
1.275907325744628906e+01
1.276296305656433105e+01
1.271074390411376953e+01
1.276177883148193359e+01
1.277856063842773438e+01
1.274445581436157227e+01
1.281249952316284180e+01
1.275154733657836914e+01
1.272453188896179199e+01
1.273999977111816406e+01
1.274678707122802734e+01
1.272259807586669922e+01
1.278338885307312012e+01
1.275302267074584961e+01
1.272402000427246094e+01
1.271329998970031738e+01
1.271642303466796875e+01
1.272438526153564453e+01
1.278802847862243652e+01
1.284505510330200195e+01
1.281637597084045410e+01
1.276052522659301758e+01
1.271931552886962891e+01
1.274860358238220215e+01
1.286653447151184082e+01
1.278903508186340332e+01
1.268457961082458496e+01
1.276920413970947266e+01
1.278718471527099609e+01
1.273513650894165039e+01
1.276852273941040039e+01
1.281265473365783691e+01
1.270780372619628906e+01
1.281563949584960938e+01
1.284184288978576660e+01
1.270361590385437012e+01
1.276056694984436035e+01
1.271393609046936035e+01
1.275400948524475098e+01
1.276471519470214844e+01
1.280082130432128906e+01
1.281322526931762695e+01
1.278795766830444336e+01
1.281698107719421387e+01
1.270384502410888672e+01
1.277209830284118652e+01
1.273670840263366699e+01
1.278120613098144531e+01
1.270145916938781738e+01
1.268798255920410156e+01
1.267291855812072754e+01
1.273215079307556152e+01
1.274434638023376465e+01
1.276275086402893066e+01
1.275207304954528809e+01
1.280559110641479492e+01
1.273571753501892090e+01
1.270671200752258301e+01
1.272099280357360840e+01
1.281393742561340332e+01
1.283802628517150879e+01
1.280207490921020508e+01
1.281097340583801270e+01
1.281743431091308594e+01
1.284534263610839844e+01
1.279309201240539551e+01
1.281025433540344238e+01
1.269826173782348633e+01
1.272046422958374023e+01
1.277408695220947266e+01
1.283873987197875977e+01
1.278869414329528809e+01
1.278056526184082031e+01
1.270633530616760254e+01
1.273858737945556641e+01
1.274221801757812500e+01
1.269049382209777832e+01
1.282697319984436035e+01
1.284821724891662598e+01
1.275010514259338379e+01
1.271203398704528809e+01
1.270832848548889160e+01
1.272661423683166504e+01
1.278018379211425781e+01
1.272575998306274414e+01
1.279790735244750977e+01
1.272743177413940430e+01
1.275855183601379395e+01
1.272073650360107422e+01
1.276629686355590820e+01
1.272309279441833496e+01
1.270497107505798340e+01
1.268103218078613281e+01
1.276656556129455566e+01
1.280262398719787598e+01
1.271223354339599609e+01
1.279366588592529297e+01
1.275153851509094238e+01
1.271563744544982910e+01
1.276014661788940430e+01
1.274193334579467773e+01
1.270964336395263672e+01
1.274663233757019043e+01
1.277343297004699707e+01
1.281935930252075195e+01
1.272855019569396973e+01
1.271969890594482422e+01
1.271250748634338379e+01
1.287613654136657715e+01
1.281492996215820312e+01
1.277074790000915527e+01
1.272626996040344238e+01
1.278809404373168945e+01
1.278393507003784180e+01
1.282100462913513184e+01
1.281480264663696289e+01
1.272652792930603027e+01
1.272977805137634277e+01
1.279605245590209961e+01
1.280600404739379883e+01
1.284755825996398926e+01
1.275154042243957520e+01
1.278171753883361816e+01
1.272689938545227051e+01
1.274630665779113770e+01
1.281515169143676758e+01
1.282172465324401855e+01
1.274102139472961426e+01
1.280721807479858398e+01
1.280987071990966797e+01
1.279088187217712402e+01
1.283282303810119629e+01
1.273834705352783203e+01
1.281514620780944824e+01
1.279891252517700195e+01
1.280203318595886230e+01
1.275623130798339844e+01
1.279030156135559082e+01
1.278290200233459473e+01
