1.319744300842285156e+01
1.261635589599609375e+01
1.262282299995422363e+01
1.262748312950134277e+01
1.262782788276672363e+01
1.261896133422851562e+01
1.264484620094299316e+01
1.273570108413696289e+01
1.266506648063659668e+01
1.260682845115661621e+01
1.263516354560852051e+01
1.270825839042663574e+01
1.264984869956970215e+01
1.266492986679077148e+01
1.272553801536560059e+01
1.267669439315795898e+01
1.267517995834350586e+01
1.271321582794189453e+01
1.266491103172302246e+01
1.265367388725280762e+01
1.269700837135314941e+01
1.269575738906860352e+01
1.280287909507751465e+01
1.271447086334228516e+01
1.272012925148010254e+01
1.269743013381958008e+01
1.267226624488830566e+01
1.266439247131347656e+01
1.268630909919738770e+01
1.267044663429260254e+01
1.267101502418518066e+01
1.269793033599853516e+01
1.267704677581787109e+01
1.267767691612243652e+01
1.277145814895629883e+01
1.266252207756042480e+01
1.268207645416259766e+01
1.267424035072326660e+01
1.271944069862365723e+01
1.270239281654357910e+01
1.269672584533691406e+01
1.268519973754882812e+01
1.268459558486938477e+01
1.268345499038696289e+01
1.270812797546386719e+01
1.275098276138305664e+01
1.272204327583312988e+01
1.265284872055053711e+01
1.269704389572143555e+01
1.268624258041381836e+01
1.268261861801147461e+01
1.271547412872314453e+01
1.268240046501159668e+01
1.277425813674926758e+01
1.267123103141784668e+01
1.271648955345153809e+01
1.268086957931518555e+01
1.267927074432373047e+01
1.268188977241516113e+01
1.270726299285888672e+01
1.267008209228515625e+01
1.270865392684936523e+01
1.266851234436035156e+01
1.268005728721618652e+01
1.270415258407592773e+01
1.268311381340026855e+01
1.267994928359985352e+01
1.267393946647644043e+01
1.267675471305847168e+01
1.267470884323120117e+01
1.271115374565124512e+01
1.269622921943664551e+01
1.269465875625610352e+01
1.271558451652526855e+01
1.265557146072387695e+01
1.267251276969909668e+01
1.267446732521057129e+01
1.267983603477478027e+01
1.268080949783325195e+01
1.269391798973083496e+01
1.268046855926513672e+01
1.269520235061645508e+01
1.269408273696899414e+01
1.283126664161682129e+01
1.265610170364379883e+01
1.267599868774414062e+01
1.269605374336242676e+01
1.264066433906555176e+01
1.270703911781311035e+01
1.269755983352661133e+01
1.267458724975585938e+01
1.269867801666259766e+01
1.266169738769531250e+01
1.275632596015930176e+01
1.268950438499450684e+01
1.270498180389404297e+01
1.267641973495483398e+01
1.266543459892272949e+01
1.271219992637634277e+01
1.273643350601196289e+01
1.267053818702697754e+01
1.274289345741271973e+01
1.276827621459960938e+01
1.267205643653869629e+01
1.270439291000366211e+01
1.265993070602416992e+01
1.268437767028808594e+01
1.267270064353942871e+01
1.269305300712585449e+01
1.262492752075195312e+01
1.264336800575256348e+01
1.272898316383361816e+01
1.271827054023742676e+01
1.270295190811157227e+01
1.264627599716186523e+01
1.270484280586242676e+01
1.267161154747009277e+01
1.267683029174804688e+01
1.269842052459716797e+01
1.265719199180603027e+01
1.267800760269165039e+01
1.269863867759704590e+01
1.264967894554138184e+01
1.268684482574462891e+01
1.278790020942687988e+01
1.267983531951904297e+01
1.265639448165893555e+01
1.267869901657104492e+01
1.268662858009338379e+01
1.263957047462463379e+01
1.267114996910095215e+01
1.267711925506591797e+01
1.276229524612426758e+01
1.270923638343811035e+01
1.267664504051208496e+01
1.267200756072998047e+01
1.267189812660217285e+01
1.266721630096435547e+01
1.271245193481445312e+01
1.279690742492675781e+01
1.266669774055480957e+01
1.270053791999816895e+01
1.268030738830566406e+01
1.269249224662780762e+01
1.271711683273315430e+01
1.267458701133728027e+01
1.268061900138854980e+01
1.264974355697631836e+01
1.266833281517028809e+01
1.266014790534973145e+01
1.266388463973999023e+01
1.266949629783630371e+01
1.267449688911437988e+01
1.265530705451965332e+01
1.266954278945922852e+01
1.267360758781433105e+01
1.267388510704040527e+01
1.269735741615295410e+01
1.271765685081481934e+01
1.268777656555175781e+01
1.270757460594177246e+01
1.271496129035949707e+01
1.273030114173889160e+01
1.269651269912719727e+01
1.262434983253479004e+01
1.265587425231933594e+01
1.271247720718383789e+01
1.274176573753356934e+01
1.266110873222351074e+01
1.267400765419006348e+01
1.267946314811706543e+01
1.267718625068664551e+01
1.270004248619079590e+01
1.265681767463684082e+01
1.269734239578247070e+01
1.274128437042236328e+01
1.268131613731384277e+01
1.264980149269104004e+01
1.275096893310546875e+01
1.269895792007446289e+01
1.264315509796142578e+01
1.270394539833068848e+01
1.267315149307250977e+01
1.268320822715759277e+01
1.271247410774230957e+01
1.267660379409790039e+01
1.264940905570983887e+01
1.266574931144714355e+01
1.270966410636901855e+01
1.271099305152893066e+01
1.266255760192871094e+01
1.269605994224548340e+01
1.265248513221740723e+01
1.270339488983154297e+01
1.270099401473999023e+01
1.268922472000122070e+01
1.269028067588806152e+01
1.271588301658630371e+01
1.268590283393859863e+01
1.266844415664672852e+01
