1.000999927520751953e+01
9.329999923706054688e+00
9.590000152587890625e+00
1.002999973297119141e+01
9.949999809265136719e+00
1.078999996185302734e+01
1.000000000000000000e+01
9.769999504089355469e+00
1.032999992370605469e+01
9.329999923706054688e+00
9.889999389648437500e+00
1.010999965667724609e+01
1.000000000000000000e+01
9.949999809265136719e+00
9.769999504089355469e+00
1.107999992370605469e+01
1.072999954223632812e+01
9.829999923706054688e+00
1.107999992370605469e+01
1.036999988555908203e+01
1.000000000000000000e+01
1.000000000000000000e+01
1.021999931335449219e+01
1.047999954223632812e+01
9.670000076293945312e+00
9.979999542236328125e+00
1.014999961853027344e+01
1.000000000000000000e+01
1.009999942779541016e+01
1.000000000000000000e+01
1.023999977111816406e+01
1.000000000000000000e+01
1.022999954223632812e+01
1.032999992370605469e+01
1.000000000000000000e+01
1.071999931335449219e+01
1.003999996185302734e+01
1.000000000000000000e+01
9.840000152587890625e+00
1.000000000000000000e+01
1.076999950408935547e+01
1.025000000000000000e+01
1.060999965667724609e+01
1.003999996185302734e+01
9.130000114440917969e+00
1.069999980926513672e+01
1.032999992370605469e+01
1.002999973297119141e+01
1.000000000000000000e+01
1.007999992370605469e+01
9.500000000000000000e+00
1.000000000000000000e+01
1.003999996185302734e+01
1.000000000000000000e+01
1.000000000000000000e+01
1.043999958038330078e+01
1.134999942779541016e+01
1.000000000000000000e+01
1.000999927520751953e+01
1.000000000000000000e+01
1.000000000000000000e+01
1.367000007629394531e+01
1.001999950408935547e+01
1.105000019073486328e+01
1.113999938964843750e+01
1.230999946594238281e+01
1.000000000000000000e+01
1.000000000000000000e+01
1.003999996185302734e+01
1.446000003814697266e+01
1.761999893188476562e+01
1.810999870300292969e+01
1.937999916076660156e+01
2.152999877929687500e+01
2.088999938964843750e+01
2.077999877929687500e+01
1.760000038146972656e+01
1.776000022888183594e+01
1.847999954223632812e+01
2.204999923706054688e+01
1.968999862670898438e+01
2.073999977111816406e+01
1.889999961853027344e+01
2.260000038146972656e+01
2.280999946594238281e+01
2.259000015258789062e+01
2.046999931335449219e+01
2.098999977111816406e+01
2.003999900817871094e+01
1.844999885559082031e+01
2.251000022888183594e+01
1.960000038146972656e+01
2.318000030517578125e+01
2.211999893188476562e+01
2.100000000000000000e+01
2.426000022888183594e+01
2.259000015258789062e+01
2.153999900817871094e+01
2.110000038146972656e+01
2.277999877929687500e+01
2.688999938964843750e+01
2.617999839782714844e+01
2.686999893188476562e+01
2.585999870300292969e+01
2.685999870300292969e+01
2.720999908447265625e+01
2.709999847412109375e+01
2.734999847412109375e+01
2.780999946594238281e+01
2.792999839782714844e+01
2.917999839782714844e+01
2.819999885559082031e+01
2.913999938964843750e+01
2.871999931335449219e+01
2.820999908447265625e+01
2.954999923706054688e+01
2.828999900817871094e+01
2.917999839782714844e+01
2.939999961853027344e+01
2.984999847412109375e+01
2.992999839782714844e+01
2.947999954223632812e+01
2.875000000000000000e+01
2.944999885559082031e+01
3.014999961853027344e+01
2.961999893188476562e+01
2.967000007629394531e+01
2.975999832153320312e+01
2.998999977111816406e+01
3.025000000000000000e+01
2.984000015258789062e+01
2.925000000000000000e+01
2.990999984741210938e+01
2.978999900817871094e+01
3.055999946594238281e+01
2.985999870300292969e+01
3.045999908447265625e+01
3.084999847412109375e+01
2.984000015258789062e+01
2.957999992370605469e+01
3.047999954223632812e+01
3.021999931335449219e+01
3.025000000000000000e+01
3.048999977111816406e+01
2.967000007629394531e+01
3.005999946594238281e+01
2.978999900817871094e+01
3.001999855041503906e+01
3.071999931335449219e+01
3.018999862670898438e+01
3.061999893188476562e+01
3.064999961853027344e+01
3.067999839782714844e+01
3.067000007629394531e+01
3.060999870300292969e+01
3.084999847412109375e+01
3.052999877929687500e+01
3.078999900817871094e+01
3.060999870300292969e+01
3.065999984741210938e+01
3.064999961853027344e+01
3.059999847412109375e+01
3.059999847412109375e+01
3.057999992370605469e+01
3.086999893188476562e+01
3.059999847412109375e+01
3.056999969482421875e+01
3.064999961853027344e+01
3.069999885559082031e+01
3.055999946594238281e+01
3.064999961853027344e+01
3.038999938964843750e+01
3.045999908447265625e+01
3.042000007629394531e+01
3.059000015258789062e+01
3.064999961853027344e+01
3.056999969482421875e+01
3.053999900817871094e+01
3.063999938964843750e+01
3.061999893188476562e+01
3.056999969482421875e+01
3.027999877929687500e+01
3.062999916076660156e+01
3.057999992370605469e+01
3.061999893188476562e+01
3.064999961853027344e+01
3.034999847412109375e+01
3.078999900817871094e+01
3.064999961853027344e+01
3.056999969482421875e+01
3.063999938964843750e+01
3.075999832153320312e+01
3.077999877929687500e+01
3.077999877929687500e+01
3.080999946594238281e+01
3.065999984741210938e+01
3.039999961853027344e+01
3.056999969482421875e+01
3.059000015258789062e+01
3.060999870300292969e+01
