1.000000000000000000e+01
1.005000019073486328e+01
1.063000011444091797e+01
1.059000015258789062e+01
1.000000000000000000e+01
1.007999992370605469e+01
1.001999950408935547e+01
1.009999942779541016e+01
9.479999542236328125e+00
1.011999988555908203e+01
1.081999969482421875e+01
9.309999465942382812e+00
1.000000000000000000e+01
9.420000076293945312e+00
1.007999992370605469e+01
1.031999969482421875e+01
1.015999984741210938e+01
1.034999942779541016e+01
1.090999984741210938e+01
1.084000015258789062e+01
1.000000000000000000e+01
1.022999954223632812e+01
1.043999958038330078e+01
1.013000011444091797e+01
9.189999580383300781e+00
1.092000007629394531e+01
1.134000015258789062e+01
1.000000000000000000e+01
9.929999351501464844e+00
9.969999313354492188e+00
9.939999580383300781e+00
9.889999389648437500e+00
1.000000000000000000e+01
1.122999954223632812e+01
1.043999958038330078e+01
1.005999946594238281e+01
1.069999980926513672e+01
9.989999771118164062e+00
9.719999313354492188e+00
9.569999694824218750e+00
1.034000015258789062e+01
1.017999935150146484e+01
1.052999973297119141e+01
9.880000114440917969e+00
9.989999771118164062e+00
1.063000011444091797e+01
9.960000038146972656e+00
1.000000000000000000e+01
1.003999996185302734e+01
1.034000015258789062e+01
9.989999771118164062e+00
1.000000000000000000e+01
1.003999996185302734e+01
1.000000000000000000e+01
9.960000038146972656e+00
1.000000000000000000e+01
1.002999973297119141e+01
1.200000000000000000e+01
9.789999961853027344e+00
1.000000000000000000e+01
1.000000000000000000e+01
1.411999988555908203e+01
1.000999927520751953e+01
1.000999927520751953e+01
1.000000000000000000e+01
1.059000015258789062e+01
1.280999946594238281e+01
1.625000000000000000e+01
1.734000015258789062e+01
1.621999931335449219e+01
1.875000000000000000e+01
1.693000030517578125e+01
1.910999870300292969e+01
1.917000007629394531e+01
1.926000022888183594e+01
1.765999984741210938e+01
2.051999855041503906e+01
2.050000000000000000e+01
2.086999893188476562e+01
2.157999992370605469e+01
2.282999992370605469e+01
1.828999900817871094e+01
1.763999938964843750e+01
2.351000022888183594e+01
1.996999931335449219e+01
1.803999900817871094e+01
2.035999870300292969e+01
1.879999923706054688e+01
2.587999916076660156e+01
2.085999870300292969e+01
2.310999870300292969e+01
1.981999969482421875e+01
2.173999977111816406e+01
2.506999969482421875e+01
2.252999877929687500e+01
1.986999893188476562e+01
2.337999916076660156e+01
2.126000022888183594e+01
1.985000038146972656e+01
2.168999862670898438e+01
2.692999839782714844e+01
2.601999855041503906e+01
2.671999931335449219e+01
2.702999877929687500e+01
2.771999931335449219e+01
2.684999847412109375e+01
2.829999923706054688e+01
2.815999984741210938e+01
2.805999946594238281e+01
2.856999969482421875e+01
2.931999969482421875e+01
2.879999923706054688e+01
2.801000022888183594e+01
2.993999862670898438e+01
2.821999931335449219e+01
2.986999893188476562e+01
2.901999855041503906e+01
2.929999923706054688e+01
2.945999908447265625e+01
2.967000007629394531e+01
2.979999923706054688e+01
2.997999954223632812e+01
2.976999855041503906e+01
3.005999946594238281e+01
3.028999900817871094e+01
3.002999877929687500e+01
3.020999908447265625e+01
3.019999885559082031e+01
2.992999839782714844e+01
3.013999938964843750e+01
2.994999885559082031e+01
3.025999832153320312e+01
3.054999923706054688e+01
3.017000007629394531e+01
3.053999900817871094e+01
3.034999847412109375e+01
3.046999931335449219e+01
3.080999946594238281e+01
3.043999862670898438e+01
2.950999832153320312e+01
3.020999908447265625e+01
3.118999862670898438e+01
3.029999923706054688e+01
3.038999938964843750e+01
3.067999839782714844e+01
3.096999931335449219e+01
3.050999832153320312e+01
3.000000000000000000e+01
3.030999946594238281e+01
3.030999946594238281e+01
3.060999870300292969e+01
3.059000015258789062e+01
3.059000015258789062e+01
3.075999832153320312e+01
3.057999992370605469e+01
3.069999885559082031e+01
3.059000015258789062e+01
3.064999961853027344e+01
3.059000015258789062e+01
3.073999977111816406e+01
3.063999938964843750e+01
3.057999992370605469e+01
3.069999885559082031e+01
3.034000015258789062e+01
3.085999870300292969e+01
3.086999893188476562e+01
3.068999862670898438e+01
3.068999862670898438e+01
3.055999946594238281e+01
3.040999984741210938e+01
3.042999839782714844e+01
3.040999984741210938e+01
3.052999877929687500e+01
3.042999839782714844e+01
3.048999977111816406e+01
3.068999862670898438e+01
3.077999877929687500e+01
3.062999916076660156e+01
3.067000007629394531e+01
3.056999969482421875e+01
3.035999870300292969e+01
3.025000000000000000e+01
3.061999893188476562e+01
3.064999961853027344e+01
3.062999916076660156e+01
3.068999862670898438e+01
3.032999992370605469e+01
3.053999900817871094e+01
3.088999938964843750e+01
3.075999832153320312e+01
3.076999855041503906e+01
3.073999977111816406e+01
3.078999900817871094e+01
3.080999946594238281e+01
3.102999877929687500e+01
3.084000015258789062e+01
3.042000007629394531e+01
3.047999954223632812e+01
3.059999847412109375e+01
3.073999977111816406e+01
