1.327091407775878906e+01
1.258652639389038086e+01
1.265988469123840332e+01
1.267636084556579590e+01
1.269368672370910645e+01
1.270239019393920898e+01
1.264898586273193359e+01
1.264882016181945801e+01
1.261771202087402344e+01
1.269199180603027344e+01
1.276082706451416016e+01
1.272552156448364258e+01
1.270298075675964355e+01
1.267197561264038086e+01
1.270155525207519531e+01
1.273420357704162598e+01
1.270527768135070801e+01
1.263865590095520020e+01
1.270693206787109375e+01
1.272528147697448730e+01
1.266738271713256836e+01
1.272852301597595215e+01
1.272875547409057617e+01
1.275692367553710938e+01
1.262874865531921387e+01
1.282343530654907227e+01
1.271433138847351074e+01
1.279254007339477539e+01
1.272404217720031738e+01
1.269977498054504395e+01
1.269590234756469727e+01
1.267874813079833984e+01
1.273113989830017090e+01
1.272001433372497559e+01
1.271508336067199707e+01
1.274460434913635254e+01
1.268399405479431152e+01
1.274106669425964355e+01
1.267847681045532227e+01
1.267327356338500977e+01
1.268467307090759277e+01
1.270822024345397949e+01
1.272010040283203125e+01
1.270931601524353027e+01
1.269806432723999023e+01
1.272505235671997070e+01
1.267262005805969238e+01
1.274743342399597168e+01
1.268745565414428711e+01
1.272564435005187988e+01
1.271977043151855469e+01
1.270730972290039062e+01
1.272246980667114258e+01
1.269323873519897461e+01
1.270623397827148438e+01
1.268993186950683594e+01
1.270901942253112793e+01
1.266774010658264160e+01
1.269482612609863281e+01
1.271470737457275391e+01
1.271710586547851562e+01
1.266660881042480469e+01
1.266769194602966309e+01
1.270102357864379883e+01
1.262503027915954590e+01
1.276397728919982910e+01
1.273827481269836426e+01
1.268858623504638672e+01
1.274967908859252930e+01
1.280461359024047852e+01
1.274035644531250000e+01
1.277294230461120605e+01
1.265658831596374512e+01
1.266772437095642090e+01
1.276148319244384766e+01
1.270718789100646973e+01
1.264787316322326660e+01
1.264272260665893555e+01
1.269773483276367188e+01
1.271808314323425293e+01
1.271347761154174805e+01
1.274320578575134277e+01
1.270580506324768066e+01
1.267286109924316406e+01
1.273065924644470215e+01
1.266572666168212891e+01
1.266224288940429688e+01
1.271071481704711914e+01
1.266625761985778809e+01
1.272718381881713867e+01
1.271636271476745605e+01
1.269136905670166016e+01
1.274951457977294922e+01
1.271679234504699707e+01
1.269365334510803223e+01
1.278930354118347168e+01
1.277276921272277832e+01
1.275581741333007812e+01
1.267202425003051758e+01
1.267214131355285645e+01
1.267090654373168945e+01
1.268997335433959961e+01
1.271612548828125000e+01
1.271618342399597168e+01
1.268517565727233887e+01
1.270460462570190430e+01
1.264096498489379883e+01
1.269311738014221191e+01
1.272689247131347656e+01
1.267444014549255371e+01
1.272202634811401367e+01
1.270815372467041016e+01
1.270281505584716797e+01
1.261594080924987793e+01
1.270690846443176270e+01
1.268140292167663574e+01
1.266500878334045410e+01
1.273397636413574219e+01
1.276033639907836914e+01
1.267644715309143066e+01
1.273490786552429199e+01
1.270692205429077148e+01
1.272942972183227539e+01
1.264503049850463867e+01
1.270989942550659180e+01
1.269131231307983398e+01
1.266468071937561035e+01
1.268535661697387695e+01
1.276705050468444824e+01
1.272385072708129883e+01
1.270937514305114746e+01
1.271919989585876465e+01
1.268505167961120605e+01
1.278686976432800293e+01
1.274377822875976562e+01
1.277476787567138672e+01
1.277404689788818359e+01
1.275884962081909180e+01
1.264120578765869141e+01
1.287652611732482910e+01
1.269681739807128906e+01
1.274660658836364746e+01
1.267155766487121582e+01
1.268564891815185547e+01
1.275560736656188965e+01
1.268405842781066895e+01
1.270270514488220215e+01
1.276514482498168945e+01
1.270119881629943848e+01
1.268970036506652832e+01
1.268579006195068359e+01
1.273054528236389160e+01
1.271589303016662598e+01
1.268281388282775879e+01
1.276573824882507324e+01
1.277144265174865723e+01
1.273679661750793457e+01
1.275421977043151855e+01
1.270864057540893555e+01
1.271665668487548828e+01
1.268893337249755859e+01
1.269679713249206543e+01
1.277443075180053711e+01
1.269672822952270508e+01
1.275588083267211914e+01
1.269744205474853516e+01
1.266955685615539551e+01
1.268696784973144531e+01
1.267696022987365723e+01
1.271506762504577637e+01
1.267815828323364258e+01
1.268568825721740723e+01
1.266121220588684082e+01
1.273782086372375488e+01
1.268545150756835938e+01
1.265651631355285645e+01
1.266553044319152832e+01
1.267892050743103027e+01
1.267786192893981934e+01
1.274133563041687012e+01
1.271855044364929199e+01
1.273273396492004395e+01
1.269726610183715820e+01
1.267888498306274414e+01
1.266732764244079590e+01
1.267944431304931641e+01
1.271006298065185547e+01
1.278468728065490723e+01
1.267733550071716309e+01
1.269102716445922852e+01
1.272364258766174316e+01
1.272855734825134277e+01
1.270573115348815918e+01
1.267712020874023438e+01
1.271111774444580078e+01
1.263938641548156738e+01
1.265593791007995605e+01
1.264526605606079102e+01
1.263216161727905273e+01
1.274158859252929688e+01
