1.004799999938964916e+01
1.151999999572753985e+01
1.060800000244140584e+01
9.679999999389648835e+00
1.070399999938964797e+01
9.616000001831054078e+00
9.983999999542236381e+00
9.871999999389649005e+00
9.887999999694823572e+00
1.035200000244140561e+01
1.049599999572753894e+01
9.647999999847412411e+00
9.968000004882812348e+00
9.743999999389648892e+00
1.039999999908447315e+01
1.044799999984741135e+01
1.047999999984741137e+01
1.049600000244140574e+01
1.065599999954223698e+01
1.014400000244140543e+01
9.728000002441406835e+00
1.039999999572753886e+01
9.984000002441407062e+00
9.551999999542235997e+00
1.019199999954223657e+01
1.068800000244140591e+01
1.063999999969482424e+01
9.839999999542236253e+00
1.036799999954223672e+01
1.051199999954223685e+01
1.033599999954223669e+01
1.027199999969482391e+01
1.039999999954223675e+01
9.887999999694823572e+00
1.076799999572753919e+01
1.036799999908447312e+01
1.092799999908447184e+01
9.919999995727538433e+00
1.049600000244140574e+01
1.044799999572753890e+01
9.791999999694823487e+00
1.071999999969482431e+01
1.014399999938964925e+01
9.359999999542235827e+00
9.919999999084472719e+00
1.027199999938964758e+01
1.063999999969482424e+01
1.044799999908447319e+01
1.020799999572753869e+01
9.871999999542236282e+00
1.014400000244140543e+01
1.036799999938964767e+01
1.014399999969482380e+01
1.001599999969482369e+01
1.070399999954223702e+01
1.054399999908447327e+01
1.035200000244140561e+01
1.035199999938964766e+01
1.104000000183105534e+01
1.102399999908447192e+01
1.064000000244140587e+01
1.047999999938964777e+01
1.027199999969482391e+01
1.067199999572753910e+01
1.108799999938964831e+01
1.014399999572753863e+01
1.161600000244140674e+01
1.228799999954223665e+01
1.324799999908447212e+01
1.548799999572753983e+01
1.739199999908447225e+01
1.787199999511718573e+01
1.771199999877929798e+01
1.774400000183105419e+01
1.835199999572753882e+01
1.809599999511718593e+01
1.871999999908447165e+01
2.027199999908447126e+01
1.894399999145507962e+01
1.894399999877929730e+01
1.942400000183105391e+01
1.953600000488281196e+01
1.855999999908447151e+01
1.927999999572753964e+01
1.943999999938964862e+01
1.927999999908447393e+01
2.006400000183105448e+01
1.996799999816894555e+01
2.015999999572753865e+01
1.996800000244140705e+01
2.094399999877929730e+01
2.073600000488281125e+01
2.083200000183105516e+01
2.011200000183105630e+01
2.027200000183105644e+01
1.987200000183105431e+01
2.105599999877929562e+01
2.094399999938964996e+01
2.035199999572753882e+01
2.137600000183105564e+01
2.604799999145507883e+01
2.664000000183105499e+01
2.601600000122070355e+01
2.716799998779296743e+01
2.724799999816894669e+01
2.671999999511718826e+01
2.731200000366211000e+01
2.852799999511718809e+01
2.777600000122070156e+01
2.750400000488281194e+01
2.756799999511718724e+01
2.859199999755859523e+01
2.865599999816894439e+01
2.868800000488281299e+01
2.911999999145507800e+01
2.855999999511718812e+01
2.991999999816894373e+01
2.846400000122070395e+01
2.932799999145507641e+01
2.875199999145507945e+01
2.894399999877929730e+01
2.894399999816894464e+01
2.966399999755859440e+01
2.932800000183105382e+01
2.897600000122070441e+01
2.921600000488281168e+01
2.969599999145507851e+01
2.876799999908447347e+01
2.953599999389648545e+01
2.884800000488281313e+01
2.967999999877929795e+01
3.027199998779297019e+01
2.924799999877929579e+01
2.961599999511718906e+01
2.932799999816894498e+01
2.972799999755859446e+01
3.049600000366211106e+01
2.998399999511718761e+01
2.974399999816894535e+01
2.966399999511718732e+01
2.915200000732421870e+01
2.979200000488281219e+01
2.972800000183105595e+01
2.974400000183105419e+01
2.985600000488281225e+01
2.948800000488281370e+01
2.918400000183105547e+01
3.024000000488281259e+01
3.024000000488281259e+01
3.043199999816894419e+01
3.075199998779296706e+01
3.025600000488281083e+01
3.019200000488281077e+01
3.046400000732421987e+01
3.025599999145507724e+01
3.121599999145507809e+01
3.031999999145507729e+01
3.001599999816894382e+01
3.051199999816894604e+01
3.012799999511718596e+01
2.964799998779296786e+01
3.070400000122070239e+01
3.016000000732421782e+01
3.028800000488281086e+01
2.990399999511718576e+01
3.084800000732422021e+01
2.996800000366210881e+01
3.017600000488281253e+01
3.027200000122070378e+01
2.964800000183105411e+01
3.022399999816894578e+01
3.065599998779296698e+01
3.057600000488281111e+01
3.057599999755859344e+01
3.076800000122070244e+01
3.017599999816894396e+01
3.038399999755859326e+01
3.049599999816894424e+01
3.059199999816894433e+01
3.080000000366210955e+01
3.043200000366211100e+01
2.958399999816894521e+01
3.007999999755859477e+01
3.030399999511718789e+01
3.067200000122070236e+01
2.977599999816894538e+01
3.012800000122070188e+01
3.000000000732421768e+01
3.022399999145507721e+01
3.019199999145507718e+01
3.033599999755859500e+01
3.087999999145507957e+01
3.126400000732421702e+01
3.075200000122070421e+01
3.097599998779296726e+01
3.020799999816894399e+01
3.052800000122070401e+01
3.121599998779296925e+01
3.036800000488281270e+01
3.006400000183105448e+01
