1.306467437744140625e+01
1.225980210304260254e+01
1.226707220077514648e+01
1.245026683807373047e+01
1.235114812850952148e+01
1.234262347221374512e+01
1.237694621086120605e+01
1.233985495567321777e+01
1.231897401809692383e+01
1.230166125297546387e+01
1.244765543937683105e+01
1.227643322944641113e+01
1.233863377571105957e+01
1.239653635025024414e+01
1.233869099617004395e+01
1.238367700576782227e+01
1.232474756240844727e+01
1.233582162857055664e+01
1.234685635566711426e+01
1.240996408462524414e+01
1.241115880012512207e+01
1.230064606666564941e+01
1.229551553726196289e+01
1.233882093429565430e+01
1.238755106925964355e+01
1.235951638221740723e+01
1.237991380691528320e+01
1.234199070930480957e+01
1.233067917823791504e+01
1.233201098442077637e+01
1.249809169769287109e+01
1.241474819183349609e+01
1.236050438880920410e+01
1.232767796516418457e+01
1.231163477897644043e+01
1.233149361610412598e+01
1.242246723175048828e+01
1.239043211936950684e+01
1.239742398262023926e+01
1.234023237228393555e+01
1.239082145690917969e+01
1.235149979591369629e+01
1.233353090286254883e+01
1.240877103805541992e+01
1.232516264915466309e+01
1.241876268386840820e+01
1.245947337150573730e+01
1.243510341644287109e+01
1.239949440956115723e+01
1.234876894950866699e+01
1.236829400062561035e+01
1.239681935310363770e+01
1.240166449546813965e+01
1.240547084808349609e+01
1.234611463546752930e+01
1.233223915100097656e+01
1.232118701934814453e+01
1.233873987197875977e+01
1.248803734779357910e+01
1.236413502693176270e+01
1.234314298629760742e+01
1.237212991714477539e+01
1.240585255622863770e+01
1.240569043159484863e+01
1.233703255653381348e+01
1.237860989570617676e+01
1.236916518211364746e+01
1.240456771850585938e+01
1.237549448013305664e+01
1.245189404487609863e+01
1.241120433807373047e+01
1.233000946044921875e+01
1.234817409515380859e+01
1.233955574035644531e+01
1.241192269325256348e+01
1.239400529861450195e+01
1.238122630119323730e+01
1.241735005378723145e+01
1.235329294204711914e+01
1.235317969322204590e+01
1.235787439346313477e+01
1.239822697639465332e+01
1.233004617691040039e+01
1.235721135139465332e+01
1.231090879440307617e+01
1.232275915145874023e+01
1.244292569160461426e+01
1.237062358856201172e+01
1.242226409912109375e+01
1.243009185791015625e+01
1.238418912887573242e+01
1.236812901496887207e+01
1.235893106460571289e+01
1.233972382545471191e+01
1.234003353118896484e+01
1.236831426620483398e+01
1.233954668045043945e+01
1.242370963096618652e+01
1.242104434967041016e+01
1.239804267883300781e+01
1.238632726669311523e+01
1.235949373245239258e+01
1.235754871368408203e+01
1.242817354202270508e+01
1.236140203475952148e+01
1.237130999565124512e+01
1.246950697898864746e+01
1.235146880149841309e+01
1.234885501861572266e+01
1.233598399162292480e+01
1.239576697349548340e+01
1.248148798942565918e+01
1.241496825218200684e+01
1.232324862480163574e+01
1.244856810569763184e+01
1.238795208930969238e+01
1.233287310600280762e+01
1.240839171409606934e+01
1.236348462104797363e+01
1.237993335723876953e+01
1.241578221321105957e+01
1.235675525665283203e+01
1.236286330223083496e+01
1.230611014366149902e+01
1.238178610801696777e+01
1.235581445693969727e+01
1.234627032279968262e+01
1.233669400215148926e+01
1.241581487655639648e+01
1.251279473304748535e+01
1.237924504280090332e+01
1.245507645606994629e+01
1.247950029373168945e+01
1.239921092987060547e+01
1.239976763725280762e+01
1.232132863998413086e+01
1.232021450996398926e+01
1.238082814216613770e+01
1.238670349121093750e+01
1.239044713973999023e+01
1.238998389244079590e+01
1.237167739868164062e+01
1.242869019508361816e+01
1.241956377029418945e+01
1.235259389877319336e+01
1.236870408058166504e+01
1.240855407714843750e+01
1.253118515014648438e+01
1.240451049804687500e+01
1.235244917869567871e+01
1.239501547813415527e+01
1.239819765090942383e+01
1.236247682571411133e+01
1.235800790786743164e+01
1.241653299331665039e+01
1.233358240127563477e+01
1.232990908622741699e+01
1.236958837509155273e+01
1.233794903755187988e+01
1.231397008895874023e+01
1.245341086387634277e+01
1.234272766113281250e+01
1.241160416603088379e+01
1.231561398506164551e+01
1.242770743370056152e+01
1.238870668411254883e+01
1.244107699394226074e+01
1.244312858581542969e+01
1.243043589591979980e+01
1.233029055595397949e+01
1.234203624725341797e+01
1.237042856216430664e+01
1.240914392471313477e+01
1.245212411880493164e+01
1.231534314155578613e+01
1.241782355308532715e+01
1.236538910865783691e+01
1.240153193473815918e+01
1.245969176292419434e+01
1.230678200721740723e+01
1.235056447982788086e+01
1.233643150329589844e+01
1.236957216262817383e+01
1.231730437278747559e+01
1.237504982948303223e+01
1.241796898841857910e+01
1.234767460823059082e+01
1.233410000801086426e+01
1.246842718124389648e+01
1.234142947196960449e+01
1.235462617874145508e+01
1.238792467117309570e+01
1.234070014953613281e+01
1.238916349411010742e+01
1.232071661949157715e+01
1.234671998023986816e+01
1.236373376846313477e+01
1.238898491859436035e+01
1.242913889884948730e+01
1.234070301055908203e+01
