2.193212485313415527e+01
2.150778317451477051e+01
2.131016802787780762e+01
2.162270092964172363e+01
2.130009317398071289e+01
2.124424362182617188e+01
2.124115943908691406e+01
2.138311123847961426e+01
2.181127190589904785e+01
2.120666742324829102e+01
2.175329160690307617e+01
2.119385600090026855e+01
2.142115306854248047e+01
2.161259889602661133e+01
2.145352911949157715e+01
2.149197983741760254e+01
2.158830237388610840e+01
2.141006946563720703e+01
2.142145085334777832e+01
2.146017098426818848e+01
2.157666158676147461e+01
2.133751010894775391e+01
2.159631085395812988e+01
2.138218021392822266e+01
2.145425248146057129e+01
2.162291884422302246e+01
2.142689251899719238e+01
2.161492276191711426e+01
2.172046184539794922e+01
2.223121809959411621e+01
2.159549975395202637e+01
2.145580291748046875e+01
2.199719190597534180e+01
2.147031497955322266e+01
2.155083274841308594e+01
2.146774721145629883e+01
2.154785752296447754e+01
2.146754622459411621e+01
2.160016226768493652e+01
2.140725851058959961e+01
2.165549159049987793e+01
2.140741419792175293e+01
2.146156406402587891e+01
2.160874605178833008e+01
2.185450458526611328e+01
2.153157687187194824e+01
2.151074123382568359e+01
2.209273052215576172e+01
2.145806407928466797e+01
2.187278652191162109e+01
2.147209882736206055e+01
2.183286237716674805e+01
2.147759842872619629e+01
2.143601107597351074e+01
2.148540425300598145e+01
2.149878787994384766e+01
2.203734493255615234e+01
2.147749614715576172e+01
2.151474571228027344e+01
2.182659173011779785e+01
2.165780401229858398e+01
2.163810920715332031e+01
2.176815772056579590e+01
2.138937091827392578e+01
2.168374395370483398e+01
2.146638751029968262e+01
2.154501652717590332e+01
2.152351212501525879e+01
2.159969449043273926e+01
2.184610557556152344e+01
2.155319523811340332e+01
2.150810933113098145e+01
2.155106353759765625e+01
2.165708017349243164e+01
2.156782698631286621e+01
2.160359787940979004e+01
2.159662079811096191e+01
2.165422797203063965e+01
2.158905482292175293e+01
2.140235877037048340e+01
2.151564431190490723e+01
2.148913192749023438e+01
2.193788313865661621e+01
2.144870281219482422e+01
2.155605864524841309e+01
2.159103941917419434e+01
2.171275186538696289e+01
2.140893721580505371e+01
2.157804369926452637e+01
2.157922530174255371e+01
2.161596369743347168e+01
2.182685375213623047e+01
2.144722557067871094e+01
2.169781517982482910e+01
2.147458171844482422e+01
2.183908963203430176e+01
2.140526843070983887e+01
2.181877589225769043e+01
2.200475430488586426e+01
2.154686450958251953e+01
2.155888366699218750e+01
2.144705772399902344e+01
2.142781233787536621e+01
2.145879030227661133e+01
2.146688008308410645e+01
2.172291159629821777e+01
2.144234085083007812e+01
2.144443917274475098e+01
2.173993611335754395e+01
2.172160696983337402e+01
2.196591258049011230e+01
2.143505620956420898e+01
2.154463243484497070e+01
2.196883440017700195e+01
2.156894946098327637e+01
2.154981303215026855e+01
2.169413304328918457e+01
2.163600897789001465e+01
2.164224100112915039e+01
2.157234382629394531e+01
2.153660678863525391e+01
2.147802925109863281e+01
2.143929433822631836e+01
2.157323837280273438e+01
2.143624138832092285e+01
2.144111084938049316e+01
2.169804739952087402e+01
2.142817139625549316e+01
2.148807072639465332e+01
2.157936334609985352e+01
2.167780685424804688e+01
2.154205036163330078e+01
2.154273104667663574e+01
2.156772351264953613e+01
2.142853760719299316e+01
2.168044638633728027e+01
2.149904966354370117e+01
2.197091364860534668e+01
2.158968400955200195e+01
2.273216366767883301e+01
2.148698496818542480e+01
2.184309244155883789e+01
2.160197353363037109e+01
2.172702217102050781e+01
2.146579241752624512e+01
2.177500891685485840e+01
2.144726920127868652e+01
2.155427718162536621e+01
2.147399544715881348e+01
2.157373332977294922e+01
2.153857064247131348e+01
2.143102574348449707e+01
2.151650738716125488e+01
2.151715970039367676e+01
2.142189431190490723e+01
2.150063395500183105e+01
2.159774827957153320e+01
2.157949352264404297e+01
2.145501232147216797e+01
2.152013421058654785e+01
2.184439349174499512e+01
2.145393705368041992e+01
2.143153142929077148e+01
2.200421619415283203e+01
2.140713047981262207e+01
2.163306713104248047e+01
2.186843371391296387e+01
2.171379899978637695e+01
2.180937647819519043e+01
2.163635206222534180e+01
2.181868219375610352e+01
2.172665214538574219e+01
2.193839049339294434e+01
2.179647421836853027e+01
2.153783202171325684e+01
2.166959452629089355e+01
2.147639226913452148e+01
2.164417910575866699e+01
2.176724767684936523e+01
2.206429004669189453e+01
2.179742074012756348e+01
2.148865771293640137e+01
2.180999851226806641e+01
2.180460166931152344e+01
2.159883117675781250e+01
2.146236395835876465e+01
2.152060651779174805e+01
2.148703742027282715e+01
2.146396732330322266e+01
2.165751552581787109e+01
2.160407876968383789e+01
2.182822132110595703e+01
2.180334544181823730e+01
2.146209979057312012e+01
2.201457929611206055e+01
2.163175106048583984e+01
2.152793812751770020e+01
2.159305167198181152e+01
2.151023626327514648e+01
2.149773883819580078e+01
