2.193306398391723633e+01
2.117897367477416992e+01
2.126382255554199219e+01
2.140134239196777344e+01
2.159646081924438477e+01
2.143429183959960938e+01
2.124186396598815918e+01
2.130297923088073730e+01
2.171300244331359863e+01
2.155273485183715820e+01
2.139661169052124023e+01
2.151357436180114746e+01
2.126890707015991211e+01
2.145650053024291992e+01
2.164685392379760742e+01
2.178969144821166992e+01
2.138350605964660645e+01
2.131655812263488770e+01
2.155747675895690918e+01
2.153760957717895508e+01
2.136360120773315430e+01
2.137093973159790039e+01
2.160947918891906738e+01
2.166942262649536133e+01
2.183432245254516602e+01
2.183894371986389160e+01
2.158454775810241699e+01
2.188144850730895996e+01
2.186313772201538086e+01
2.189565253257751465e+01
2.179474997520446777e+01
2.198759007453918457e+01
2.185691976547241211e+01
2.165606570243835449e+01
2.156268644332885742e+01
2.154735159873962402e+01
2.157378268241882324e+01
2.194017243385314941e+01
2.175209355354309082e+01
2.166062188148498535e+01
2.211105322837829590e+01
2.166356444358825684e+01
2.208637046813964844e+01
2.166786742210388184e+01
2.203550887107849121e+01
2.199870538711547852e+01
2.170704793930053711e+01
2.208250641822814941e+01
2.211889576911926270e+01
2.185323524475097656e+01
2.172163939476013184e+01
2.186297583580017090e+01
2.161925768852233887e+01
2.147484278678894043e+01
2.160313749313354492e+01
2.181359720230102539e+01
2.185467767715454102e+01
2.179199886322021484e+01
2.168194341659545898e+01
2.159790301322937012e+01
2.155324077606201172e+01
2.181625032424926758e+01
2.178938531875610352e+01
2.174119186401367188e+01
2.172444415092468262e+01
2.166191363334655762e+01
2.163817286491394043e+01
2.165984773635864258e+01
2.166573643684387207e+01
2.168627262115478516e+01
2.148149299621582031e+01
2.165005946159362793e+01
2.173948645591735840e+01
2.184463810920715332e+01
2.198160529136657715e+01
2.179795908927917480e+01
2.153005814552307129e+01
2.197319436073303223e+01
2.163481402397155762e+01
2.172793698310852051e+01
2.184547519683837891e+01
2.166397213935852051e+01
2.164412760734558105e+01
2.152134394645690918e+01
2.188978123664855957e+01
2.196545386314392090e+01
2.156352400779724121e+01
2.164569950103759766e+01
2.178854584693908691e+01
2.183594584465026855e+01
2.211397647857666016e+01
2.204524612426757812e+01
2.158828854560852051e+01
2.157052278518676758e+01
2.203522419929504395e+01
2.186437702178955078e+01
2.185370302200317383e+01
2.167249941825866699e+01
2.185618424415588379e+01
2.153278398513793945e+01
2.173241686820983887e+01
2.160381197929382324e+01
2.177873373031616211e+01
2.164340996742248535e+01
2.154934477806091309e+01
2.189186644554138184e+01
2.162109756469726562e+01
2.162912130355834961e+01
2.186839985847473145e+01
2.163921737670898438e+01
2.176888728141784668e+01
2.160918307304382324e+01
2.160323357582092285e+01
2.185103130340576172e+01
2.184898543357849121e+01
2.150813961029052734e+01
2.142405223846435547e+01
2.190103626251220703e+01
2.182852506637573242e+01
2.184977865219116211e+01
2.185360360145568848e+01
2.174091362953186035e+01
2.190033006668090820e+01
2.185669684410095215e+01
2.157464528083801270e+01
2.152099490165710449e+01
2.175713443756103516e+01
2.153292417526245117e+01
2.174107170104980469e+01
2.213928747177124023e+01
2.156620955467224121e+01
2.172609138488769531e+01
2.158293604850769043e+01
2.161146950721740723e+01
2.169018745422363281e+01
2.207483839988708496e+01
2.172404718399047852e+01
2.205867171287536621e+01
2.175634622573852539e+01
2.307662653923034668e+01
2.153988575935363770e+01
2.179993367195129395e+01
2.189320707321166992e+01
2.164072704315185547e+01
2.183406329154968262e+01
2.143123984336853027e+01
2.168730974197387695e+01
2.170778131484985352e+01
2.191452908515930176e+01
2.158392977714538574e+01
2.172137379646301270e+01
2.162101268768310547e+01
2.166552567481994629e+01
2.196344804763793945e+01
2.187684941291809082e+01
2.192769837379455566e+01
2.162019562721252441e+01
2.185149788856506348e+01
2.199884009361267090e+01
2.173587727546691895e+01
2.188687181472778320e+01
2.166458225250244141e+01
2.179160165786743164e+01
2.147992420196533203e+01
2.205345225334167480e+01
2.160040855407714844e+01
2.164735627174377441e+01
2.156934762001037598e+01
2.179048109054565430e+01
2.172097659111022949e+01
2.151823449134826660e+01
2.188839006423950195e+01
2.167825222015380859e+01
2.165953278541564941e+01
2.156584596633911133e+01
2.166716814041137695e+01
2.169489169120788574e+01
2.198821902275085449e+01
2.166152763366699219e+01
2.190213751792907715e+01
2.184332013130187988e+01
2.151922273635864258e+01
2.195559358596801758e+01
2.190300965309143066e+01
2.155434107780456543e+01
2.171256399154663086e+01
2.157593965530395508e+01
2.175176978111267090e+01
2.145328688621520996e+01
2.182394456863403320e+01
2.198986530303955078e+01
2.180909252166748047e+01
2.205922651290893555e+01
2.167226600646972656e+01
2.243747973442077637e+01
2.193481731414794922e+01
2.177336835861206055e+01
2.160722708702087402e+01
2.175824928283691406e+01
2.164621233940124512e+01
