1.281508636474609375e+01
1.224913454055786133e+01
1.223719382286071777e+01
1.225685262680053711e+01
1.235084843635559082e+01
1.229805493354797363e+01
1.227623462677001953e+01
1.236424517631530762e+01
1.230796337127685547e+01
1.229426479339599609e+01
1.224738597869873047e+01
1.231011581420898438e+01
1.234776568412780762e+01
1.224435186386108398e+01
1.234036755561828613e+01
1.222269344329833984e+01
1.230661225318908691e+01
1.231672906875610352e+01
1.221006011962890625e+01
1.223085141181945801e+01
1.237623476982116699e+01
1.228900170326232910e+01
1.229807615280151367e+01
1.226786780357360840e+01
1.235923457145690918e+01
1.235923504829406738e+01
1.235548520088195801e+01
1.234364223480224609e+01
1.233808851242065430e+01
1.230052804946899414e+01
1.224768900871276855e+01
1.234480524063110352e+01
1.238470053672790527e+01
1.234176421165466309e+01
1.233969378471374512e+01
1.230108642578125000e+01
1.228165388107299805e+01
1.232496738433837891e+01
1.243083906173706055e+01
1.235079884529113770e+01
1.244722938537597656e+01
1.236065077781677246e+01
1.233361864089965820e+01
1.232731127738952637e+01
1.235838675498962402e+01
1.227570748329162598e+01
1.234131979942321777e+01
1.227993702888488770e+01
1.226672959327697754e+01
1.239753532409667969e+01
1.234462666511535645e+01
1.230495309829711914e+01
1.231244015693664551e+01
1.228340220451354980e+01
1.229495263099670410e+01
1.236598753929138184e+01
1.236621093750000000e+01
1.235680842399597168e+01
1.227628731727600098e+01
1.234465646743774414e+01
1.227164053916931152e+01
1.229101538658142090e+01
1.231469893455505371e+01
1.226790213584899902e+01
1.231083321571350098e+01
1.232762122154235840e+01
1.234252142906188965e+01
1.226314783096313477e+01
1.228274750709533691e+01
1.241571855545043945e+01
1.227862238883972168e+01
1.231601309776306152e+01
1.235724115371704102e+01
1.230549335479736328e+01
1.232696175575256348e+01
1.244946932792663574e+01
1.238121294975280762e+01
1.227523183822631836e+01
1.236844944953918457e+01
1.230869245529174805e+01
1.232459878921508789e+01
1.238519525527954102e+01
1.234025788307189941e+01
1.234668397903442383e+01
1.232704377174377441e+01
1.228289318084716797e+01
1.230210041999816895e+01
1.233096051216125488e+01
1.226510477066040039e+01
1.228285837173461914e+01
1.234867310523986816e+01
1.240087819099426270e+01
1.235851573944091797e+01
1.238471007347106934e+01
1.236228609085083008e+01
1.230952906608581543e+01
1.232721972465515137e+01
1.226730895042419434e+01
1.232372546195983887e+01
1.228134703636169434e+01
1.231875252723693848e+01
1.230883669853210449e+01
1.229824638366699219e+01
1.232712531089782715e+01
1.231812715530395508e+01
1.235106205940246582e+01
1.229478287696838379e+01
1.234206318855285645e+01
1.231214308738708496e+01
1.233523273468017578e+01
1.235081934928894043e+01
1.237231516838073730e+01
1.241232800483703613e+01
1.230956149101257324e+01
1.233054590225219727e+01
1.230495691299438477e+01
1.233400106430053711e+01
1.226143455505371094e+01
1.234016633033752441e+01
1.238814067840576172e+01
1.232454943656921387e+01
1.232749390602111816e+01
1.233668088912963867e+01
1.235475039482116699e+01
1.232559895515441895e+01
1.233602237701416016e+01
1.233837246894836426e+01
1.230376720428466797e+01
1.228977966308593750e+01
1.232855105400085449e+01
1.233971595764160156e+01
1.232440733909606934e+01
1.237037944793701172e+01
1.230650424957275391e+01
1.225671672821044922e+01
1.233303356170654297e+01
1.232333207130432129e+01
1.247899961471557617e+01
1.239815950393676758e+01
1.189398860931396484e+01
1.231190490722656250e+01
1.232788467407226562e+01
1.229006886482238770e+01
1.226869702339172363e+01
1.232569003105163574e+01
1.237910556793212891e+01
1.230704832077026367e+01
1.226627445220947266e+01
1.227459430694580078e+01
1.240107727050781250e+01
1.229491734504699707e+01
1.233919286727905273e+01
1.233911418914794922e+01
1.238010096549987793e+01
1.228268051147460938e+01
1.232798314094543457e+01
1.230943298339843750e+01
1.234727549552917480e+01
1.228014445304870605e+01
1.230057358741760254e+01
1.229395151138305664e+01
1.233739233016967773e+01
1.227971029281616211e+01
1.228861737251281738e+01
1.226976943016052246e+01
1.235373973846435547e+01
1.228756999969482422e+01
1.228248381614685059e+01
1.230974125862121582e+01
1.232906818389892578e+01
1.238402915000915527e+01
1.236094951629638672e+01
1.231245064735412598e+01
1.234593796730041504e+01
1.233131146430969238e+01
1.232647538185119629e+01
1.231937336921691895e+01
1.226294708251953125e+01
1.230170083045959473e+01
1.235376501083374023e+01
1.231655454635620117e+01
1.227356696128845215e+01
1.230227231979370117e+01
1.236664724349975586e+01
1.241191792488098145e+01
1.236982464790344238e+01
1.234279370307922363e+01
1.233529925346374512e+01
1.225999903678894043e+01
1.241092801094055176e+01
1.235937905311584473e+01
1.236184430122375488e+01
1.234404110908508301e+01
1.229570102691650391e+01
1.228495573997497559e+01
1.231024909019470215e+01
1.231304073333740234e+01
1.234629344940185547e+01
1.227942419052124023e+01
1.232282328605651855e+01
