1.033599999908447309e+01
1.001599999938964913e+01
1.028800000244140556e+01
1.103999999938964827e+01
1.022399999938964932e+01
9.936000002441407020e+00
9.903999995727538419e+00
1.014399999954223652e+01
9.952000002441407034e+00
1.063999999938964791e+01
1.006400000244140713e+01
1.121599999908447209e+01
9.951999995727538462e+00
1.011199999954223649e+01
9.968000002441407048e+00
1.001599999954223641e+01
9.455999999542235912e+00
1.020799999969482386e+01
1.091199999572753931e+01
1.055999999938964784e+01
1.046399999969482408e+01
9.839999995727538362e+00
9.871999995727538391e+00
1.012799999969482379e+01
1.038399999969482401e+01
1.038399999984741129e+01
1.025599999984741295e+01
1.003199999572753853e+01
1.028799999954223665e+01
1.057599999938964785e+01
9.055999999389648281e+00
1.057599999908447330e+01
9.679999999389648835e+00
1.068799999938964795e+01
1.041600000244140567e+01
1.025599999984741295e+01
1.043199999938964773e+01
1.016000000244140544e+01
1.027199999969482391e+01
1.022399999572753870e+01
9.951999999542236353e+00
1.003199999938964915e+01
1.060800000244140584e+01
9.903999999999999915e+00
1.075199999954223706e+01
1.014400000244140543e+01
1.041599999938964771e+01
1.044799999877929686e+01
9.903999999084472705e+00
9.775999999847412525e+00
9.904000002441406991e+00
1.041599999938964771e+01
9.823999999389648963e+00
9.679999999542236111e+00
1.086400000244140607e+01
1.063999999954223696e+01
9.631999995727538177e+00
9.951999999389649076e+00
1.081600000183105514e+01
9.871999999694823558e+00
1.080000000244140601e+01
1.062399999969482423e+01
9.295999999694824822e+00
1.022399999984741292e+01
1.036799999969482400e+01
1.086400000244140607e+01
1.143999999908447229e+01
1.172799999938964888e+01
1.318400000244140635e+01
1.471999999908447343e+01
1.609599999908447288e+01
1.763199999938964879e+01
1.793600000244140702e+01
1.724800000244140463e+01
1.820799999877929665e+01
1.803200000122070179e+01
1.811199999511718772e+01
1.756799999572753990e+01
1.904000000183105357e+01
1.910399999511718860e+01
1.956799999572753990e+01
2.038399999938964768e+01
1.881599999572753745e+01
1.964800000122070145e+01
2.009599999877929832e+01
1.998399999877929645e+01
2.046400000244140571e+01
2.000000000183105442e+01
1.955199999816894518e+01
2.019199999877929841e+01
2.035199999908447310e+01
2.068799999877929707e+01
2.055999999816894430e+01
2.064000000183105499e+01
2.081599999511718835e+01
2.001599999816894382e+01
1.998399999969482366e+01
2.009599999511718593e+01
2.022399999877929844e+01
2.131200000244140469e+01
2.620800000122070372e+01
2.740799999572753975e+01
2.678400000183105334e+01
2.854400000976562524e+01
2.860799999511718639e+01
2.873599999145507766e+01
2.799999999145507701e+01
2.825600000122070199e+01
2.803200000183105445e+01
2.867199999908447339e+01
2.939199999908447225e+01
2.881599999816894453e+01
2.873600000366210949e+01
2.915200000732421870e+01
2.950400000488281194e+01
2.916800000366210810e+01
2.967999999145507672e+01
2.920000000122070460e+01
2.991999999816894373e+01
2.969599999145507851e+01
2.969600000122070327e+01
2.966399999816894706e+01
2.988799999511718752e+01
2.953599998779296953e+01
2.843200000183105303e+01
2.934400000488281179e+01
2.971200000122070151e+01
2.878400000122070423e+01
2.918400000488281165e+01
2.929600000488281353e+01
2.920000000122070460e+01
2.961599999145507667e+01
3.022399999755859312e+01
2.963200000122070321e+01
3.003199999511718588e+01
2.966399999816894706e+01
2.931199999511718701e+01
2.923199999999999932e+01
2.886400000732421844e+01
2.927999999816894672e+01
2.963199999145507846e+01
3.033599999511718792e+01
2.991999999816894373e+01
2.945599999511718892e+01
2.913599998779296740e+01
2.953599999908447415e+01
3.011199999877929656e+01
2.911999999816894658e+01
2.955199999755859253e+01
3.086400000488281137e+01
2.963200000488281205e+01
2.961600000488281381e+01
3.001599999816894382e+01
2.960000000183105584e+01
2.958399999511718903e+01
3.041599999145507738e+01
3.019200000732421785e+01
3.078399999511718832e+01
2.940799999816894683e+01
3.060799999511718639e+01
3.027199999755859494e+01
3.033600000976562328e+01
3.028799999511718610e+01
3.046400000183105305e+01
2.995200000183105615e+01
3.043200000732421984e+01
3.047999999145507743e+01
3.024000000732421967e+01
3.027199999511718786e+01
3.014399999816894393e+01
2.984000000488281401e+01
3.076799999145507769e+01
2.974400000366210861e+01
2.979199999511718744e+01
3.017600000183105635e+01
2.996800000122070173e+01
3.009600000122070185e+01
3.022400000183105462e+01
3.027200000122070378e+01
2.996799999816894555e+01
3.031999999816894587e+01
3.054400000122070225e+01
2.998399999145507877e+01
3.081599999145507951e+01
3.041600000488281097e+01
3.033599999816894410e+01
3.017600000488281253e+01
2.956799999816894697e+01
3.046399998779297036e+01
3.019200000183105459e+01
3.057600000183105493e+01
3.016000000122070190e+01
2.996800000366210881e+01
2.984000000122070162e+01
3.023999998779297016e+01
3.065600000488281296e+01
3.004799999877929650e+01
2.945600000488281367e+01
2.980800000122070159e+01
3.004800000488281242e+01
