2.424827931518554802e+00
2.451395418167114038e+00
2.446556762237548810e+00
2.426977143554687633e+00
2.442274955215454124e+00
2.451133464050292865e+00
2.441331972198486522e+00
2.442366012649536344e+00
2.474976908035278367e+00
2.500205706787109516e+00
2.510820625686645435e+00
2.469554177169799747e+00
2.473535277557373124e+00
2.461652425079345896e+00
2.482259304809570466e+00
2.481371189346313511e+00
2.487688143539428687e+00
2.466329302673339718e+00
2.480113142623901368e+00
2.488192573928833085e+00
2.473124282226562443e+00
2.494619063644408996e+00
2.485783120498657350e+00
2.508255459442138680e+00
2.517388515853881792e+00
2.485147312622070448e+00
2.443282925491332858e+00
2.490813520050048968e+00
2.471877084274292091e+00
2.470432904586791878e+00
2.444464697875976533e+00
2.441766426239013743e+00
2.454129464340209843e+00
2.443933221893310748e+00
2.458863369216918837e+00
2.470003606567382715e+00
2.423890894393920803e+00
2.436784931182861325e+00
2.447938784179687577e+00
2.486090327911377074e+00
2.441706014938354485e+00
2.481252266616821078e+00
2.450334887084960833e+00
2.467648634643554661e+00
2.452299199752807635e+00
2.434927267608642421e+00
2.459752273101806441e+00
2.473057163772582889e+00
2.452752348709106300e+00
2.443010054168701206e+00
2.445631255798339954e+00
2.465682828826904149e+00
2.453823301849365368e+00
2.435366819305420094e+00
2.438081976776123039e+00
2.437999403686523348e+00
2.464311323089599437e+00
2.463324717636108385e+00
2.431631247329711698e+00
2.453608262710571086e+00
2.440943695983886830e+00
2.429527948226928746e+00
2.414417990951537973e+00
2.419178893203735470e+00
2.443647273330688652e+00
2.401796116256714075e+00
2.432338788299560406e+00
2.433666390533447466e+00
2.412560509567260869e+00
2.414522439193725667e+00
2.421838479995727322e+00
2.403955185012817353e+00
2.429063657913208107e+00
2.423487328338623126e+00
2.424577719955444355e+00
2.396711273803711073e+00
2.429519727172851695e+00
2.389497835083007615e+00
2.425536815795898526e+00
2.406375375747680678e+00
2.386963960723877065e+00
2.388497337112426955e+00
2.386204266891479353e+00
2.420139919662475769e+00
2.417470365676879673e+00
2.438097498550415132e+00
2.426256238174438362e+00
2.424352521743774247e+00
2.425230485153198057e+00
2.422717823486328026e+00
2.427057901458740119e+00
2.426437628707885708e+00
2.443576664276123189e+00
2.426487468032836770e+00
2.389614427947997832e+00
2.419633810577392463e+00
2.392157458343505905e+00
2.399904546661376870e+00
2.407348057327270308e+00
2.405316571502685630e+00
2.302859755172729450e+00
2.297409436264038263e+00
2.299638930053710784e+00
2.295955771102905274e+00
2.295413493041992048e+00
2.293556031341552615e+00
2.291380199432373033e+00
2.290691208038329929e+00
2.285400835952758669e+00
2.287136150131225509e+00
2.282960886993408156e+00
2.275408695068359410e+00
2.276057613525390710e+00
2.274546567611694492e+00
2.272061835861205914e+00
2.268440878448486409e+00
2.264464974594116331e+00
2.264976380767822484e+00
2.260080062103271281e+00
2.258756921691894348e+00
2.256117562789917041e+00
2.255332594680786062e+00
2.252459847488403444e+00
2.249226399765014595e+00
2.245719429779052589e+00
2.240624110412597680e+00
2.241678889846801859e+00
2.236225718688964914e+00
2.231146531066894312e+00
2.228550668411255042e+00
2.226931866912841951e+00
2.222783904190063442e+00
2.219855695419311381e+00
2.216125419235229543e+00
2.212725926055908232e+00
2.205523132171630873e+00
2.202689706268310399e+00
2.202256040878296073e+00
2.196303851242065619e+00
2.193030772628784320e+00
2.187743620147704959e+00
2.181459687805175740e+00
2.178151227188110273e+00
2.173975415267944467e+00
2.166419553833007772e+00
2.163156764526367404e+00
2.160381829681396582e+00
2.156655900192260944e+00
2.150200696334839012e+00
2.143195571289062684e+00
2.139858389434814434e+00
2.138655390319824434e+00
2.138725866241454998e+00
2.138078023757934432e+00
2.138084975051879777e+00
2.137143285980224405e+00
2.136610258331298695e+00
2.133906140747070523e+00
2.133548516311645660e+00
2.130465926055908010e+00
2.129771350936889629e+00
2.127029399795532072e+00
2.130682674865722603e+00
2.130847026214599538e+00
2.129769268569946306e+00
2.127789302139282412e+00
2.128827418289184426e+00
2.125870299835205035e+00
2.121543557357787879e+00
2.125607351531982214e+00
2.119376266403198095e+00
2.121026810684204289e+00
2.122629237594604312e+00
2.120114977722168170e+00
2.122106023330688540e+00
2.121567195892334112e+00
2.119326546783447451e+00
2.117922989044189297e+00
2.118947116546630927e+00
2.117802695693969728e+00
2.114127432937622064e+00
2.119111192398071442e+00
2.113857254104614114e+00
2.113705332717895402e+00
2.113656629180908020e+00
2.114982455978393627e+00
2.113620633087158307e+00
2.113049801559448326e+00
2.110944268341064411e+00
2.112351802673339662e+00
2.107926269073486125e+00
2.111309116668701247e+00
2.105110055999755758e+00
2.110039207916259762e+00
2.106837041549682432e+00
2.104972652969360425e+00
2.103431019821166981e+00
2.102825544662475732e+00
2.103811429824828938e+00
2.104627188186645625e+00
