1.321724867820739746e+01
1.264590239524841309e+01
1.262793564796447754e+01
1.264884805679321289e+01
1.273976087570190430e+01
1.269680666923522949e+01
1.265904855728149414e+01
1.275784468650817871e+01
1.269644665718078613e+01
1.268175101280212402e+01
1.264191770553588867e+01
1.269256806373596191e+01
1.274024939537048340e+01
1.263137722015380859e+01
1.272939348220825195e+01
1.261526560783386230e+01
1.269447469711303711e+01
1.270936846733093262e+01
1.260165190696716309e+01
1.261399865150451660e+01
1.277159976959228516e+01
1.267036628723144531e+01
1.268656420707702637e+01
1.265570950508117676e+01
1.274636125564575195e+01
1.276019859313964844e+01
1.273777222633361816e+01
1.273546743392944336e+01
1.272675061225891113e+01
1.268752551078796387e+01
1.264216756820678711e+01
1.272836256027221680e+01
1.278136134147644043e+01
1.273129081726074219e+01
1.272892236709594727e+01
1.269651532173156738e+01
1.266881895065307617e+01
1.272154355049133301e+01
1.282067489624023438e+01
1.274159455299377441e+01
1.284620761871337891e+01
1.274361038208007812e+01
1.272712779045104980e+01
1.271559166908264160e+01
1.274597167968750000e+01
1.267847514152526855e+01
1.272600936889648438e+01
1.267208623886108398e+01
1.265629887580871582e+01
1.278874897956848145e+01
1.274162864685058594e+01
1.268959617614746094e+01
1.270980024337768555e+01
1.267219424247741699e+01
1.267981529235839844e+01
1.276197052001953125e+01
1.274852585792541504e+01
1.274772381782531738e+01
1.266744232177734375e+01
1.273395252227783203e+01
1.266613030433654785e+01
1.267576479911804199e+01
1.270763540267944336e+01
1.265888762474060059e+01
1.269763660430908203e+01
1.272292017936706543e+01
1.272769713401794434e+01
1.266133069992065430e+01
1.267397332191467285e+01
1.280363225936889648e+01
1.267189908027648926e+01
1.270071363449096680e+01
1.275703954696655273e+01
1.269691109657287598e+01
1.271257424354553223e+01
1.284388160705566406e+01
1.276580500602722168e+01
1.266773414611816406e+01
1.275904798507690430e+01
1.269424414634704590e+01
1.271889829635620117e+01
1.277200269699096680e+01
1.273307752609252930e+01
1.273743224143981934e+01
1.271275711059570312e+01
1.267372179031372070e+01
1.268776750564575195e+01
1.272487330436706543e+01
1.265423417091369629e+01
1.267718648910522461e+01
1.274893307685852051e+01
1.278637814521789551e+01
1.274826884269714355e+01
1.277520012855529785e+01
1.275085663795471191e+01
1.270706582069396973e+01
1.271541213989257812e+01
1.266042184829711914e+01
1.271706986427307129e+01
1.267079281806945801e+01
1.271035838127136230e+01
1.269965863227844238e+01
1.269230747222900391e+01
1.271817374229431152e+01
1.270978474617004395e+01
1.274479293823242188e+01
1.268303585052490234e+01
1.273782157897949219e+01
1.270085215568542480e+01
1.271991562843322754e+01
1.274356222152709961e+01
1.275716972351074219e+01
1.280621767044067383e+01
1.270354104042053223e+01
1.271969556808471680e+01
1.270139956474304199e+01
1.271795892715454102e+01
1.265405702590942383e+01
1.273388934135437012e+01
1.277933049201965332e+01
1.271714782714843750e+01
1.271365523338317871e+01
1.272624945640563965e+01
1.274616861343383789e+01
1.271418642997741699e+01
1.273390817642211914e+01
1.272977137565612793e+01
1.269223856925964355e+01
1.268034625053405762e+01
1.271503138542175293e+01
1.272904849052429199e+01
1.271702146530151367e+01
1.275736951828002930e+01
1.269790053367614746e+01
1.264382171630859375e+01
1.271953678131103516e+01
1.271170282363891602e+01
1.287067556381225586e+01
1.279068875312805176e+01
1.251436877250671387e+01
1.270218873023986816e+01
1.271714496612548828e+01
1.268096446990966797e+01
1.266123199462890625e+01
1.271555852890014648e+01
1.277205729484558105e+01
1.269365906715393066e+01
1.265702390670776367e+01
1.266559052467346191e+01
1.279069447517395020e+01
1.268344783782958984e+01
1.272884917259216309e+01
1.272733998298645020e+01
1.276911640167236328e+01
1.267001795768737793e+01
1.271665787696838379e+01
1.269843435287475586e+01
1.274298524856567383e+01
1.266942429542541504e+01
1.269005894660949707e+01
1.268325090408325195e+01
1.273025274276733398e+01
1.266990137100219727e+01
1.267944645881652832e+01
1.265726327896118164e+01
1.274582433700561523e+01
1.267721962928771973e+01
1.267460703849792480e+01
1.270305919647216797e+01
1.271837639808654785e+01
1.277539634704589844e+01
1.274936056137084961e+01
1.270306682586669922e+01
1.273603224754333496e+01
1.272369718551635742e+01
1.271987509727478027e+01
1.270852231979370117e+01
1.265289855003356934e+01
1.269416618347167969e+01
1.274397444725036621e+01
1.270866703987121582e+01
1.266448545455932617e+01
1.269070148468017578e+01
1.275875496864318848e+01
1.280493402481079102e+01
1.275802493095397949e+01
1.273357868194580078e+01
1.272522807121276855e+01
1.265333795547485352e+01
1.280062222480773926e+01
1.275126934051513672e+01
1.275178408622741699e+01
1.273287367820739746e+01
1.268002247810363770e+01
1.267554354667663574e+01
1.270284032821655273e+01
1.270264577865600586e+01
1.273819327354431152e+01
1.266843223571777344e+01
1.271441245079040527e+01
