1.305016827583312988e+01
1.230980348587036133e+01
1.226520419120788574e+01
1.226424002647399902e+01
1.226857495307922363e+01
1.228776264190673828e+01
1.227787828445434570e+01
1.225586295127868652e+01
1.227271723747253418e+01
1.236654949188232422e+01
1.238670730590820312e+01
1.228080916404724121e+01
1.233330011367797852e+01
1.233971834182739258e+01
1.237805581092834473e+01
1.229306435585021973e+01
1.230709385871887207e+01
1.231224989891052246e+01
1.229733490943908691e+01
1.230051445960998535e+01
1.226897597312927246e+01
1.222723221778869629e+01
1.223772907257080078e+01
1.229946708679199219e+01
1.225710654258728027e+01
1.226550865173339844e+01
1.224577021598815918e+01
1.231718873977661133e+01
1.229082202911376953e+01
1.227165317535400391e+01
1.233201050758361816e+01
1.229112100601196289e+01
1.229561495780944824e+01
1.225626516342163086e+01
1.225836205482482910e+01
1.226507043838500977e+01
1.228655076026916504e+01
1.226236271858215332e+01
1.227707195281982422e+01
1.231124281883239746e+01
1.225386381149291992e+01
1.227319622039794922e+01
1.225361132621765137e+01
1.230199933052062988e+01
1.224283599853515625e+01
1.224620246887207031e+01
1.226895570755004883e+01
1.226181340217590332e+01
1.225175809860229492e+01
1.230095767974853516e+01
1.223302865028381348e+01
1.229798793792724609e+01
1.230185413360595703e+01
1.227859520912170410e+01
1.232616448402404785e+01
1.230769300460815430e+01
1.237006306648254395e+01
1.224677824974060059e+01
1.226658940315246582e+01
1.231650567054748535e+01
1.223802018165588379e+01
1.236202430725097656e+01
1.226738834381103516e+01
1.235298895835876465e+01
1.228980970382690430e+01
1.233254551887512207e+01
1.230980896949768066e+01
1.235863351821899414e+01
1.229146528244018555e+01
1.236766195297241211e+01
1.231852722167968750e+01
1.227518367767333984e+01
1.232061219215393066e+01
1.233238363265991211e+01
1.225516128540039062e+01
1.234743499755859375e+01
1.231488466262817383e+01
1.226296567916870117e+01
1.226448869705200195e+01
1.237326240539550781e+01
1.232060146331787109e+01
1.230377268791198730e+01
1.224832510948181152e+01
1.226994514465332031e+01
1.233185362815856934e+01
1.229446768760681152e+01
1.226747488975524902e+01
1.226233744621276855e+01
1.226566290855407715e+01
1.224558734893798828e+01
1.225054478645324707e+01
1.229811310768127441e+01
1.227223396301269531e+01
1.231248855590820312e+01
1.234159994125366211e+01
1.228296279907226562e+01
1.228888821601867676e+01
1.235997414588928223e+01
1.225324392318725586e+01
1.235419130325317383e+01
1.221932840347290039e+01
1.229296040534973145e+01
1.224502801895141602e+01
1.224390387535095215e+01
1.231917691230773926e+01
1.230879020690917969e+01
1.225304031372070312e+01
1.226129412651062012e+01
1.231670999526977539e+01
1.222693133354187012e+01
1.231023621559143066e+01
1.227393960952758789e+01
1.229226899147033691e+01
1.235047388076782227e+01
1.225284934043884277e+01
1.233777165412902832e+01
1.229284048080444336e+01
1.231670808792114258e+01
1.234865570068359375e+01
1.224422192573547363e+01
1.230668950080871582e+01
1.227267599105834961e+01
1.233157873153686523e+01
1.225555467605590820e+01
1.234771585464477539e+01
1.227369379997253418e+01
1.235042238235473633e+01
1.227429032325744629e+01
1.236089253425598145e+01
1.229188752174377441e+01
1.225837731361389160e+01
1.233687257766723633e+01
1.232548880577087402e+01
1.225983405113220215e+01
1.225865435600280762e+01
1.232375431060791016e+01
1.225530791282653809e+01
1.229280924797058105e+01
1.227215170860290527e+01
1.229657554626464844e+01
1.228247833251953125e+01
1.223994350433349609e+01
1.225013208389282227e+01
1.228334951400756836e+01
1.228337883949279785e+01
1.232893228530883789e+01
1.227436161041259766e+01
1.235603904724121094e+01
1.235298752784729004e+01
1.234401917457580566e+01
1.224468207359313965e+01
1.232912850379943848e+01
1.231387209892272949e+01
1.225111269950866699e+01
1.233019185066223145e+01
1.227447986602783203e+01
1.235412931442260742e+01
1.226553845405578613e+01
1.231828212738037109e+01
1.232417082786560059e+01
1.232302594184875488e+01
1.225850272178649902e+01
1.233670783042907715e+01
1.226882219314575195e+01
1.226624464988708496e+01
1.226511573791503906e+01
1.230641746520996094e+01
1.225298094749450684e+01
1.227412700653076172e+01
1.229091215133666992e+01
1.225307989120483398e+01
1.228188848495483398e+01
1.226470994949340820e+01
1.228492259979248047e+01
1.230110144615173340e+01
1.227513551712036133e+01
1.232921481132507324e+01
1.230622768402099609e+01
1.225133371353149414e+01
1.229673290252685547e+01
1.227693152427673340e+01
1.230373334884643555e+01
1.228363585472106934e+01
1.231722164154052734e+01
1.228173518180847168e+01
1.236420011520385742e+01
1.232967329025268555e+01
1.228104543685913086e+01
1.230854058265686035e+01
1.232211208343505859e+01
1.226613330841064453e+01
1.231109499931335449e+01
1.236148476600646973e+01
1.224320435523986816e+01
1.221608209609985352e+01
1.224687790870666504e+01
1.232687401771545410e+01
1.223102903366088867e+01
1.231938791275024414e+01
1.229520106315612793e+01
