1.048999977111816406e+01
1.006999969482421875e+01
9.739999771118164062e+00
1.057999992370605469e+01
1.022999954223632812e+01
1.067999935150146484e+01
1.109000015258789062e+01
1.135999965667724609e+01
9.939999580383300781e+00
9.239999771118164062e+00
1.048999977111816406e+01
1.067000007629394531e+01
1.046000003814697266e+01
1.014999961853027344e+01
9.929999351501464844e+00
9.619999885559082031e+00
1.202999973297119141e+01
1.043999958038330078e+01
1.107999992370605469e+01
1.065999984741210938e+01
1.038000011444091797e+01
1.150000000000000000e+01
9.899999618530273438e+00
1.000999927520751953e+01
1.097999954223632812e+01
9.439999580383300781e+00
1.000000000000000000e+01
9.760000228881835938e+00
9.929999351501464844e+00
1.009999942779541016e+01
9.979999542236328125e+00
1.011999988555908203e+01
1.021999931335449219e+01
9.920000076293945312e+00
9.939999580383300781e+00
9.949999809265136719e+00
1.055000019073486328e+01
1.000000000000000000e+01
1.038000011444091797e+01
1.028999996185302734e+01
1.113999938964843750e+01
1.048999977111816406e+01
1.073999977111816406e+01
1.000999927520751953e+01
1.098999977111816406e+01
1.094999980926513672e+01
1.011999988555908203e+01
1.006999969482421875e+01
9.909999847412109375e+00
1.021000003814697266e+01
1.021999931335449219e+01
1.000999927520751953e+01
1.044999980926513672e+01
1.000000000000000000e+01
1.000000000000000000e+01
1.000000000000000000e+01
1.080000019073486328e+01
1.000999927520751953e+01
1.057999992370605469e+01
1.022999954223632812e+01
1.000000000000000000e+01
1.000000000000000000e+01
9.819999694824218750e+00
1.000000000000000000e+01
1.003999996185302734e+01
1.002999973297119141e+01
1.182999992370605469e+01
1.000999927520751953e+01
1.025999927520751953e+01
9.989999771118164062e+00
9.979999542236328125e+00
9.819999694824218750e+00
1.000000000000000000e+01
9.929999351501464844e+00
1.000999927520751953e+01
1.009999942779541016e+01
9.909999847412109375e+00
9.989999771118164062e+00
1.002999973297119141e+01
1.002999973297119141e+01
1.000999927520751953e+01
1.009999942779541016e+01
1.000999927520751953e+01
1.093999958038330078e+01
9.920000076293945312e+00
1.067999935150146484e+01
9.819999694824218750e+00
1.014999961853027344e+01
1.184999942779541016e+01
1.071999931335449219e+01
9.809999465942382812e+00
1.000000000000000000e+01
1.018999958038330078e+01
9.729999542236328125e+00
1.000000000000000000e+01
1.001999950408935547e+01
1.000000000000000000e+01
9.380000114440917969e+00
1.075999927520751953e+01
1.001999950408935547e+01
1.080000019073486328e+01
1.173999977111816406e+01
1.142999935150146484e+01
1.097999954223632812e+01
1.089999961853027344e+01
1.271999931335449219e+01
1.239999961853027344e+01
1.155999946594238281e+01
1.244999980926513672e+01
1.355999946594238281e+01
1.255999946594238281e+01
1.159999942779541016e+01
1.350000000000000000e+01
1.307999992370605469e+01
1.455999946594238281e+01
1.350000000000000000e+01
1.425999927520751953e+01
1.268999958038330078e+01
1.531999969482421875e+01
1.565999984741210938e+01
1.454999923706054688e+01
1.596000003814697266e+01
1.742000007629394531e+01
1.592999935150146484e+01
1.692000007629394531e+01
1.468999958038330078e+01
1.580999946594238281e+01
1.613999938964843750e+01
1.735999870300292969e+01
1.742000007629394531e+01
1.748999977111816406e+01
1.671999931335449219e+01
1.831999969482421875e+01
1.806999969482421875e+01
1.935999870300292969e+01
1.693000030517578125e+01
1.773999977111816406e+01
1.871999931335449219e+01
1.940999984741210938e+01
1.946999931335449219e+01
1.852000045776367188e+01
1.922999954223632812e+01
1.746999931335449219e+01
2.036999893188476562e+01
1.968999862670898438e+01
2.067000007629394531e+01
2.176000022888183594e+01
2.080999946594238281e+01
2.121999931335449219e+01
2.162999916076660156e+01
2.261999893188476562e+01
2.326999855041503906e+01
2.295999908447265625e+01
2.295999908447265625e+01
2.334999847412109375e+01
2.303999900817871094e+01
2.345999908447265625e+01
2.325000000000000000e+01
2.334999847412109375e+01
2.289999961853027344e+01
2.337999916076660156e+01
2.337999916076660156e+01
2.332999992370605469e+01
2.339999961853027344e+01
2.371999931335449219e+01
2.337999916076660156e+01
2.345999908447265625e+01
2.337999916076660156e+01
2.328999900817871094e+01
2.384000015258789062e+01
2.368999862670898438e+01
2.393999862670898438e+01
2.415999984741210938e+01
2.398999977111816406e+01
2.413999938964843750e+01
2.446999931335449219e+01
2.418999862670898438e+01
2.401000022888183594e+01
2.427999877929687500e+01
2.445999908447265625e+01
2.432999992370605469e+01
2.436999893188476562e+01
2.448999977111816406e+01
2.440999984741210938e+01
2.429999923706054688e+01
2.476000022888183594e+01
2.434999847412109375e+01
2.444999885559082031e+01
2.464999961853027344e+01
2.463999938964843750e+01
2.486999893188476562e+01
2.485999870300292969e+01
2.469999885559082031e+01
2.493000030517578125e+01
2.517000007629394531e+01
2.479999923706054688e+01
2.514999961853027344e+01
2.495999908447265625e+01
2.511999893188476562e+01
2.517000007629394531e+01
