1.347616958618164062e+01
1.272830080986022949e+01
1.268441176414489746e+01
1.268502068519592285e+01
1.268397045135498047e+01
1.270559334754943848e+01
1.269601392745971680e+01
1.267783975601196289e+01
1.268260693550109863e+01
1.278856730461120605e+01
1.280559945106506348e+01
1.269646739959716797e+01
1.275340580940246582e+01
1.274870634078979492e+01
1.279414558410644531e+01
1.270629858970642090e+01
1.271863031387329102e+01
1.273297405242919922e+01
1.271040558815002441e+01
1.271793222427368164e+01
1.267633008956909180e+01
1.264203858375549316e+01
1.265755963325500488e+01
1.271431159973144531e+01
1.267330956459045410e+01
1.267422294616699219e+01
1.265939831733703613e+01
1.273941659927368164e+01
1.271859550476074219e+01
1.268723773956298828e+01
1.274245691299438477e+01
1.270762562751770020e+01
1.271263027191162109e+01
1.266793465614318848e+01
1.267613148689270020e+01
1.267815542221069336e+01
1.269971561431884766e+01
1.267757773399353027e+01
1.268866324424743652e+01
1.273656392097473145e+01
1.266898465156555176e+01
1.269504880905151367e+01
1.266691684722900391e+01
1.271601057052612305e+01
1.266080260276794434e+01
1.266234517097473145e+01
1.268758249282836914e+01
1.267441248893737793e+01
1.265787291526794434e+01
1.271746063232421875e+01
1.264062786102294922e+01
1.271345782279968262e+01
1.271130275726318359e+01
1.269129562377929688e+01
1.273807835578918457e+01
1.271567583084106445e+01
1.278868913650512695e+01
1.265736436843872070e+01
1.268015742301940918e+01
1.272727298736572266e+01
1.264449262619018555e+01
1.277792358398437500e+01
1.267511987686157227e+01
1.276951384544372559e+01
1.269964385032653809e+01
1.275153088569641113e+01
1.272369527816772461e+01
1.276861119270324707e+01
1.270352816581726074e+01
1.277795386314392090e+01
1.272691512107849121e+01
1.272952103614807129e+01
1.304150271415710449e+01
1.274702978134155273e+01
1.266383886337280273e+01
1.275584721565246582e+01
1.272361016273498535e+01
1.267074275016784668e+01
1.267647767066955566e+01
1.278388261795043945e+01
1.273368549346923828e+01
1.271044754981994629e+01
1.265702962875366211e+01
1.268653535842895508e+01
1.275101375579833984e+01
1.270404601097106934e+01
1.267122173309326172e+01
1.267482829093933105e+01
1.267687988281250000e+01
1.265434575080871582e+01
1.266580724716186523e+01
1.270475363731384277e+01
1.268234753608703613e+01
1.272252964973449707e+01
1.275308418273925781e+01
1.269720959663391113e+01
1.269769310951232910e+01
1.277226090431213379e+01
1.266101694107055664e+01
1.276836776733398438e+01
1.263284993171691895e+01
1.270227980613708496e+01
1.266156268119812012e+01
1.264855146408081055e+01
1.273046541213989258e+01
1.272077059745788574e+01
1.266258192062377930e+01
1.267686796188354492e+01
1.272495436668395996e+01
1.264741754531860352e+01
1.272512650489807129e+01
1.268122982978820801e+01
1.270718836784362793e+01
1.275442051887512207e+01
1.266514372825622559e+01
1.274973940849304199e+01
1.270432758331298828e+01
1.273513770103454590e+01
1.275532150268554688e+01
1.265686774253845215e+01
1.271487736701965332e+01
1.268147611618041992e+01
1.274783253669738770e+01
1.266348671913146973e+01
1.276200890541076660e+01
1.268413448333740234e+01
1.276261186599731445e+01
1.269134902954101562e+01
1.277734231948852539e+01
1.271146249771118164e+01
1.266353011131286621e+01
1.274756813049316406e+01
1.273925185203552246e+01
1.266625738143920898e+01
1.267444562911987305e+01
1.273303699493408203e+01
1.266640639305114746e+01
1.270659065246582031e+01
1.268035173416137695e+01
1.271421360969543457e+01
1.269025421142578125e+01
1.264795088768005371e+01
1.266396951675415039e+01
1.269055485725402832e+01
1.270093154907226562e+01
1.273628449440002441e+01
1.268504619598388672e+01
1.278094148635864258e+01
1.276159405708312988e+01
1.275916862487792969e+01
1.265167784690856934e+01
1.274395775794982910e+01
1.272373318672180176e+01
1.266031789779663086e+01
1.274922657012939453e+01
1.268088626861572266e+01
1.277155327796936035e+01
1.267987942695617676e+01
1.272836995124816895e+01
1.273908400535583496e+01
1.273439955711364746e+01
1.267230677604675293e+01
1.274659919738769531e+01
1.268464493751525879e+01
1.267984604835510254e+01
1.267309975624084473e+01
1.272580146789550781e+01
1.266952681541442871e+01
1.268903207778930664e+01
1.269975590705871582e+01
1.266210436820983887e+01
1.269571828842163086e+01
1.267530465126037598e+01
1.269831204414367676e+01
1.271386241912841797e+01
1.268612432479858398e+01
1.274319744110107422e+01
1.271969628334045410e+01
1.266612529754638672e+01
1.270543861389160156e+01
1.268760418891906738e+01
1.271325445175170898e+01
1.269238352775573730e+01
1.273277020454406738e+01
1.269109606742858887e+01
1.278075122833251953e+01
1.273756504058837891e+01
1.269708180427551270e+01
1.271990370750427246e+01
1.273584222793579102e+01
1.279780626296997070e+01
1.272061514854431152e+01
1.277378177642822266e+01
1.265205216407775879e+01
1.262707638740539551e+01
1.266154909133911133e+01
1.273461437225341797e+01
1.264841175079345703e+01
1.272735428810119629e+01
1.270798254013061523e+01
