4.254808425903320312e-01
4.171872138977050781e-01
4.188847541809082031e-01
4.208652973175048828e-01
4.149701595306396484e-01
4.173548221588134766e-01
4.178147315979003906e-01
4.212589263916015625e-01
4.092943668365478516e-01
4.215309619903564453e-01
4.182949066162109375e-01
4.151396751403808594e-01
4.194698333740234375e-01
4.084825515747070312e-01
4.154191017150878906e-01
4.126956462860107422e-01
4.110221862792968750e-01
4.200532436370849609e-01
4.125854969024658203e-01
4.168140888214111328e-01
4.067234992980957031e-01
4.143307209014892578e-01
4.191546440124511719e-01
4.139659404754638672e-01
4.158096313476562500e-01
4.081680774688720703e-01
4.134666919708251953e-01
4.214324951171875000e-01
4.268410205841064453e-01
4.149832725524902344e-01
4.098119735717773438e-01
4.160668849945068359e-01
4.164872169494628906e-01
4.111547470092773438e-01
4.170653820037841797e-01
4.124934673309326172e-01
4.124398231506347656e-01
4.145522117614746094e-01
4.107823371887207031e-01
4.246754646301269531e-01
4.145109653472900391e-01
4.213368892669677734e-01
4.129166603088378906e-01
4.132966995239257812e-01
4.174714088439941406e-01
4.151935577392578125e-01
4.180042743682861328e-01
4.117038249969482422e-01
4.058566093444824219e-01
4.160068035125732422e-01
4.072811603546142578e-01
4.150984287261962891e-01
4.089963436126708984e-01
4.122984409332275391e-01
4.118716716766357422e-01
4.072992801666259766e-01
4.180405139923095703e-01
4.099738597869873047e-01
4.129903316497802734e-01
4.101297855377197266e-01
4.057948589324951172e-01
4.148914813995361328e-01
4.069609642028808594e-01
4.160530567169189453e-01
4.084272384643554688e-01
4.181602001190185547e-01
4.133656024932861328e-01
4.093291759490966797e-01
4.113082885742187500e-01
4.097268581390380859e-01
4.078674316406250000e-01
4.122257232666015625e-01
7.630412578582763672e-01
4.141416549682617188e-01
4.077358245849609375e-01
4.078140258789062500e-01
4.080545902252197266e-01
4.075958728790283203e-01
4.114840030670166016e-01
4.100141525268554688e-01
4.125194549560546875e-01
4.060316085815429688e-01
4.080908298492431641e-01
4.160501956939697266e-01
4.184753894805908203e-01
4.092059135437011719e-01
4.032332897186279297e-01
4.120347499847412109e-01
4.108669757843017578e-01
4.081659317016601562e-01
4.147372245788574219e-01
4.061074256896972656e-01
4.095304012298583984e-01
4.093005657196044922e-01
4.108276367187500000e-01
4.138805866241455078e-01
4.080808162689208984e-01
4.115228652954101562e-01
4.072737693786621094e-01
4.136149883270263672e-01
4.132361412048339844e-01
4.087922573089599609e-01
4.160394668579101562e-01
4.040861129760742188e-01
4.106924533843994141e-01
4.114043712615966797e-01
4.090888500213623047e-01
4.149217605590820312e-01
4.075043201446533203e-01
4.199419021606445312e-01
4.141736030578613281e-01
4.065151214599609375e-01
4.144067764282226562e-01
4.031963348388671875e-01
4.120988845825195312e-01
4.113743305206298828e-01
4.108345508575439453e-01
4.177746772766113281e-01
4.062261581420898438e-01
4.120490550994873047e-01
4.076116085052490234e-01
4.081425666809082031e-01
4.157042503356933594e-01
4.074103832244873047e-01
4.136397838592529297e-01
4.098021984100341797e-01
4.114437103271484375e-01
4.165205955505371094e-01
4.158995151519775391e-01
4.190351963043212891e-01
4.045882225036621094e-01
4.101419448852539062e-01
4.130508899688720703e-01
4.059066772460937500e-01
4.153110980987548828e-01
4.086687564849853516e-01
4.106040000915527344e-01
4.130492210388183594e-01
4.076266288757324219e-01
4.171879291534423828e-01
4.070909023284912109e-01
4.073824882507324219e-01
4.132306575775146484e-01
4.066071510314941406e-01
4.167954921722412109e-01
4.067978858947753906e-01
4.100160598754882812e-01
4.243986606597900391e-01
4.077754020690917969e-01
4.143633842468261719e-01
4.063451290130615234e-01
4.141867160797119141e-01
4.093360900878906250e-01
4.086091518402099609e-01
4.184303283691406250e-01
4.056019783020019531e-01
4.168851375579833984e-01
4.136931896209716797e-01
4.094388484954833984e-01
4.145309925079345703e-01
4.109442234039306641e-01
4.131793975830078125e-01
4.092481136322021484e-01
4.154415130615234375e-01
4.128861427307128906e-01
4.076695442199707031e-01
4.185936450958251953e-01
4.159209728240966797e-01
4.142584800720214844e-01
4.080700874328613281e-01
4.083862304687500000e-01
4.131934642791748047e-01
4.102835655212402344e-01
4.125378131866455078e-01
4.120442867279052734e-01
4.104552268981933594e-01
4.131560325622558594e-01
4.129958152770996094e-01
4.142799377441406250e-01
4.080727100372314453e-01
4.100868701934814453e-01
4.088597297668457031e-01
4.081223011016845703e-01
4.148647785186767578e-01
4.087963104248046875e-01
4.159448146820068359e-01
4.072158336639404297e-01
4.153962135314941406e-01
4.105329513549804688e-01
4.130928516387939453e-01
4.806590080261230469e-01
4.088244438171386719e-01
4.116561412811279297e-01
4.081275463104248047e-01
4.102535247802734375e-01
4.140737056732177734e-01
4.069962501525878906e-01
4.164757728576660156e-01
4.052140712738037109e-01
4.120855331420898438e-01
