2.532442376632690451e+00
2.600775204086303916e+00
2.586780449447631636e+00
2.612381835708618372e+00
2.737975868835449411e+00
2.694135515670776471e+00
2.841557977981567173e+00
2.969622596893310540e+00
3.030295531921386676e+00
3.200912683258056557e+00
3.208265031814575341e+00
3.077361497039794891e+00
2.981414155044555869e+00
2.901062810745239418e+00
3.145366997604370329e+00
3.055361188354491997e+00
3.111493411560058764e+00
3.126987091217041215e+00
3.045864747695922858e+00
3.001833914260864322e+00
2.843052917022705017e+00
3.070081730041503754e+00
3.016030100631713839e+00
3.097565866165161275e+00
2.968294305953979695e+00
2.944260387725829986e+00
2.979114988021850596e+00
2.963860034408569266e+00
2.830981720428466630e+00
2.794571746597290129e+00
2.703375100708008016e+00
2.739525226211547704e+00
2.723598709030151443e+00
2.670391247863769468e+00
2.787819782943725677e+00
2.828398702850341895e+00
2.692019085083007912e+00
2.700092470626830998e+00
2.764996115646362274e+00
2.736033685684204020e+00
2.698001270141601626e+00
2.680180762634277514e+00
2.673391996307373120e+00
2.713464611358642475e+00
2.665745931854248241e+00
2.653565635299682590e+00
2.656030448837280122e+00
2.820366917037963717e+00
2.759125056152343713e+00
2.682706882019043171e+00
2.704769196929931674e+00
2.840462211380005098e+00
2.734221286392211958e+00
2.666532768173217605e+00
2.656583960037231407e+00
2.638229728240966576e+00
2.727752032546997274e+00
2.670856763000488243e+00
2.695735275421142774e+00
2.684859066390991256e+00
2.648194498977661127e+00
2.589825359420776518e+00
2.551061713256836061e+00
2.600168544616699329e+00
2.609153482742309738e+00
2.550019365768432689e+00
2.576772947311401385e+00
2.620596298522949397e+00
2.555446919021606256e+00
2.538303812713623042e+00
2.538216400833130049e+00
2.563866230926513889e+00
2.635009756851196094e+00
2.634061592483520453e+00
2.579257187576293742e+00
2.517188666534423636e+00
2.563833397521972479e+00
2.508598725738525381e+00
2.583351593170165827e+00
2.535119771118163889e+00
2.485505540390014811e+00
2.520462825241089000e+00
2.561825725860595870e+00
2.674392230682372862e+00
2.599646820678711112e+00
2.595913388061523275e+00
2.611214204254150406e+00
2.615338189163208149e+00
2.576219853591918962e+00
2.571610558166503857e+00
2.562346157684326275e+00
2.579661731185912910e+00
2.596233144378662150e+00
2.513252926483154237e+00
2.514339208908081158e+00
2.551408813018798849e+00
2.484947818069457970e+00
2.497357208099365344e+00
2.554903723373413094e+00
2.548659515151977750e+00
2.324506775054931751e+00
2.297469056625366157e+00
2.296178991165161332e+00
2.294025614166259608e+00
2.294202946777343932e+00
2.289857658462524537e+00
2.285544807891845664e+00
2.283560875167846671e+00
2.277644016342163180e+00
2.279938424758911175e+00
2.273688923187255906e+00
2.264384690322875926e+00
2.264216451950073150e+00
2.260220586776733320e+00
2.251728924026489054e+00
2.249276104888915828e+00
2.245772360076904395e+00
2.242726735229492174e+00
2.233870382537841870e+00
2.233781377944946467e+00
2.226542742538452302e+00
2.225740255584716998e+00
2.223266326828003070e+00
2.221855915069580245e+00
2.217229680633544753e+00
2.212088328628539990e+00
2.214543589096069187e+00
2.209281203460693455e+00
2.207586492233276410e+00
2.205563441848755080e+00
2.205356945114135936e+00
2.198747891082763584e+00
2.195378034973144654e+00
2.193961172332763887e+00
2.191090108184814422e+00
2.187762983169555753e+00
2.189791869201660024e+00
2.185188715286254801e+00
2.182996413879394471e+00
2.174453261642455892e+00
2.171229057388305517e+00
2.166736582565307767e+00
2.166688353042602433e+00
2.159300234146118047e+00
2.164228261260986219e+00
2.164883217697143536e+00
2.160566088180542188e+00
2.154093796920776516e+00
2.151069989624023293e+00
2.146131711730956848e+00
2.141423638381958039e+00
2.136188882064819161e+00
2.134897352447509888e+00
2.137421370315551794e+00
2.134508035125732395e+00
2.132858912429809628e+00
2.136587222442626999e+00
2.134003184890747029e+00
2.133598770599365313e+00
2.135601112899780052e+00
2.131082691955566322e+00
2.129960354461669869e+00
2.133995738143920740e+00
2.128843459930419790e+00
2.132583100509643614e+00
2.126820048980712752e+00
2.127863417968749893e+00
2.125535625762939418e+00
2.123525451431274469e+00
2.124849586639404375e+00
2.122002228012084935e+00
2.122243733520507991e+00
2.127358260269164969e+00
2.122671006546020589e+00
2.125229546585083007e+00
2.125641690597534161e+00
2.119529502410888888e+00
2.121249806365966606e+00
2.120748543243408335e+00
2.122356480255127131e+00
2.119178291168212880e+00
2.122088331909179892e+00
2.117930312576294050e+00
2.120063651199340704e+00
2.118088986129760709e+00
2.120920722656249868e+00
2.117533648223877130e+00
2.118137563400268597e+00
2.115480731811523629e+00
2.116706841125488125e+00
2.115259032592773369e+00
2.115672004699706843e+00
2.115054293365478344e+00
2.112642950134277164e+00
2.114223341522216693e+00
2.112543122787475802e+00
2.110965066909789911e+00
2.113263988494872958e+00
2.113781152114868167e+00
2.110792298049926963e+00
