4.258613586425781250e-01
4.183154106140136719e-01
4.190413951873779297e-01
4.206311702728271484e-01
4.152615070343017578e-01
4.176263809204101562e-01
4.179904460906982422e-01
4.218068122863769531e-01
4.097654819488525391e-01
4.218399524688720703e-01
4.186990261077880859e-01
4.154837131500244141e-01
4.199473857879638672e-01
4.088408946990966797e-01
4.159235954284667969e-01
4.136855602264404297e-01
4.114108085632324219e-01
4.206290245056152344e-01
4.129059314727783203e-01
4.171943664550781250e-01
4.071829319000244141e-01
4.146173000335693359e-01
4.196853637695312500e-01
4.146735668182373047e-01
4.160473346710205078e-01
4.085373878479003906e-01
4.134919643402099609e-01
4.221429824829101562e-01
4.276032447814941406e-01
4.153869152069091797e-01
4.102854728698730469e-01
4.163353443145751953e-01
4.168477058410644531e-01
4.115061759948730469e-01
4.176449775695800781e-01
4.129176139831542969e-01
4.130177497863769531e-01
4.150311946868896484e-01
4.114842414855957031e-01
4.251980781555175781e-01
4.149596691131591797e-01
4.216809272766113281e-01
4.131460189819335938e-01
4.138011932373046875e-01
4.178383350372314453e-01
4.160399436950683594e-01
4.184689521789550781e-01
4.124825000762939453e-01
4.058918952941894531e-01
4.163355827331542969e-01
4.073734283447265625e-01
4.152748584747314453e-01
4.093160629272460938e-01
4.125459194183349609e-01
4.117834568023681641e-01
4.078476428985595703e-01
4.185106754302978516e-01
4.103627204895019531e-01
4.134333133697509766e-01
4.106097221374511719e-01
4.062931537628173828e-01
4.153189659118652344e-01
4.075763225555419922e-01
4.163897037506103516e-01
4.089100360870361328e-01
4.189157485961914062e-01
4.137136936187744141e-01
4.097809791564941406e-01
4.119083881378173828e-01
4.101052284240722656e-01
4.082341194152832031e-01
4.541814327239990234e-01
6.591832637786865234e-01
4.139292240142822266e-01
4.085545539855957031e-01
4.082827568054199219e-01
4.085595607757568359e-01
4.075911045074462891e-01
4.118282794952392578e-01
4.104135036468505859e-01
4.129321575164794922e-01
4.064567089080810547e-01
4.085128307342529297e-01
4.163844585418701172e-01
4.189944267272949219e-01
4.094171524047851562e-01
4.035465717315673828e-01
4.123139381408691406e-01
4.110035896301269531e-01
4.082045555114746094e-01
4.151244163513183594e-01
4.064238071441650391e-01
4.099569320678710938e-01
4.099051952362060547e-01
4.113378524780273438e-01
4.140508174896240234e-01
4.086191654205322266e-01
4.121398925781250000e-01
4.076189994812011719e-01
4.140555858612060547e-01
4.133729934692382812e-01
4.091491699218750000e-01
4.165673255920410156e-01
4.044723510742187500e-01
4.110805988311767578e-01
4.117352962493896484e-01
4.093580245971679688e-01
4.153795242309570312e-01
4.081013202667236328e-01
4.203317165374755859e-01
4.147577285766601562e-01
4.071476459503173828e-01
4.147577285766601562e-01
4.037506580352783203e-01
4.121181964874267578e-01
4.118385314941406250e-01
4.113228321075439453e-01
4.182696342468261719e-01
4.064435958862304688e-01
4.124901294708251953e-01
4.080128669738769531e-01
4.086546897888183594e-01
4.160852432250976562e-01
4.077382087707519531e-01
4.140708446502685547e-01
4.103002548217773438e-01
4.120078086853027344e-01
4.168877601623535156e-01
4.162843227386474609e-01
4.193863868713378906e-01
4.045028686523437500e-01
4.105074405670166016e-01
4.136035442352294922e-01
4.062254428863525391e-01
4.156062602996826172e-01
4.091122150421142578e-01
4.109125137329101562e-01
4.136025905609130859e-01
4.079720973968505859e-01
4.174931049346923828e-01
4.076075553894042969e-01
4.078514575958251953e-01
4.137024879455566406e-01
4.070291519165039062e-01
4.173541069030761719e-01
4.071691036224365234e-01
4.105288982391357422e-01
4.247789382934570312e-01
4.084472656250000000e-01
4.157733917236328125e-01
4.068937301635742188e-01
4.146907329559326172e-01
4.096956253051757812e-01
4.089932441711425781e-01
4.188649654388427734e-01
4.062612056732177734e-01
4.172253608703613281e-01
4.141767024993896484e-01
4.099385738372802734e-01
4.147820472717285156e-01
4.111871719360351562e-01
4.136202335357666016e-01
4.096970558166503906e-01
4.156436920166015625e-01
4.133796691894531250e-01
4.077932834625244141e-01
4.192340373992919922e-01
4.163694381713867188e-01
4.147515296936035156e-01
4.086666107177734375e-01
4.089024066925048828e-01
4.136176109313964844e-01
4.103951454162597656e-01
4.132387638092041016e-01
4.126651287078857422e-01
4.108052253723144531e-01
4.138367176055908203e-01
4.132628440856933594e-01
4.146289825439453125e-01
4.085385799407958984e-01
4.105310440063476562e-01
4.093201160430908203e-01
4.085733890533447266e-01
4.154224395751953125e-01
4.091722965240478516e-01
4.164218902587890625e-01
4.076809883117675781e-01
4.158139228820800781e-01
4.111564159393310547e-01
4.135358333587646484e-01
5.363171100616455078e-01
4.093563556671142578e-01
4.121043682098388672e-01
4.086821079254150391e-01
4.108562469482421875e-01
4.144861698150634766e-01
4.075651168823242188e-01
4.172332286834716797e-01
4.078347682952880859e-01
4.125490188598632812e-01
