2.245629382133483887e+01
2.177505302429199219e+01
2.189981985092163086e+01
2.186646389961242676e+01
2.221486067771911621e+01
2.183534312248229980e+01
2.187693476676940918e+01
2.193209528923034668e+01
2.182392883300781250e+01
2.290540003776550293e+01
2.200660490989685059e+01
2.179063081741333008e+01
2.184515929222106934e+01
2.191773700714111328e+01
2.189831852912902832e+01
2.179928088188171387e+01
2.180385756492614746e+01
2.184276247024536133e+01
2.199687433242797852e+01
2.185648059844970703e+01
2.188341379165649414e+01
2.174983167648315430e+01
2.184579849243164062e+01
2.223817467689514160e+01
2.185656142234802246e+01
2.181425213813781738e+01
2.180871582031250000e+01
2.186864471435546875e+01
2.208576583862304688e+01
2.201746797561645508e+01
2.225871086120605469e+01
2.223392820358276367e+01
2.238596010208129883e+01
2.202347111701965332e+01
2.206068849563598633e+01
2.206030559539794922e+01
2.207647323608398438e+01
2.227079010009765625e+01
2.188933944702148438e+01
2.208452820777893066e+01
2.186437010765075684e+01
2.180296993255615234e+01
2.219171237945556641e+01
2.221117448806762695e+01
2.201423525810241699e+01
2.182966995239257812e+01
2.189554691314697266e+01
2.193543982505798340e+01
2.201085591316223145e+01
2.258199739456176758e+01
2.195521569252014160e+01
2.186030578613281250e+01
2.168624615669250488e+01
2.170685815811157227e+01
2.191769003868103027e+01
2.168143320083618164e+01
2.200764417648315430e+01
2.202403020858764648e+01
2.182088208198547363e+01
2.178223896026611328e+01
2.172869300842285156e+01
2.182702064514160156e+01
2.189846420288085938e+01
2.174162220954895020e+01
2.178523445129394531e+01
2.252424407005310059e+01
2.180190277099609375e+01
2.174645853042602539e+01
2.168285489082336426e+01
2.201243090629577637e+01
2.178422474861145020e+01
2.192226076126098633e+01
2.417910361289978027e+01
2.235977220535278320e+01
2.177336955070495605e+01
2.184118962287902832e+01
2.200804328918457031e+01
2.191758275032043457e+01
2.178904604911804199e+01
2.179243206977844238e+01
2.175388216972351074e+01
2.172184896469116211e+01
2.211972928047180176e+01
2.187701201438903809e+01
2.211609172821044922e+01
2.171608710289001465e+01
2.209532594680786133e+01
2.182628345489501953e+01
2.187169218063354492e+01
2.172604155540466309e+01
2.183956074714660645e+01
2.224582386016845703e+01
2.191177225112915039e+01
2.173711371421813965e+01
2.173984122276306152e+01
2.178352856636047363e+01
2.190716814994812012e+01
2.199877309799194336e+01
2.190220999717712402e+01
2.225702619552612305e+01
2.175635790824890137e+01
2.168383097648620605e+01
2.179456353187561035e+01
2.171599483489990234e+01
2.187693428993225098e+01
2.196632432937622070e+01
2.192720174789428711e+01
2.187088489532470703e+01
2.187158560752868652e+01
2.207491302490234375e+01
2.184507846832275391e+01
2.176791119575500488e+01
2.172934675216674805e+01
2.204168820381164551e+01
2.212012982368469238e+01
2.178120708465576172e+01
2.178749394416809082e+01
2.185573887825012207e+01
2.177796769142150879e+01
2.198978853225708008e+01
2.223515510559082031e+01
2.194076991081237793e+01
2.194205379486083984e+01
2.175160431861877441e+01
2.173456692695617676e+01
2.183740592002868652e+01
2.180638289451599121e+01
2.181391167640686035e+01
2.268286323547363281e+01
2.193004322052001953e+01
2.224317383766174316e+01
2.172264456748962402e+01
2.182538890838623047e+01
2.173507881164550781e+01
2.174449539184570312e+01
2.191979408264160156e+01
2.209852361679077148e+01
2.178532838821411133e+01
2.167619585990905762e+01
2.191564464569091797e+01
2.219068670272827148e+01
2.180352425575256348e+01
2.179792237281799316e+01
2.179458880424499512e+01
2.183113884925842285e+01
2.182253503799438477e+01
2.207571554183959961e+01
2.239687252044677734e+01
2.174409008026123047e+01
2.173784041404724121e+01
2.193268871307373047e+01
2.182444739341735840e+01
2.180987858772277832e+01
2.199460649490356445e+01
2.180817556381225586e+01
2.178717589378356934e+01
2.176928400993347168e+01
2.177192592620849609e+01
2.187386775016784668e+01
2.173406505584716797e+01
2.208427548408508301e+01
2.174010467529296875e+01
2.200819158554077148e+01
2.180724120140075684e+01
2.216925549507141113e+01
2.187827801704406738e+01
2.230622744560241699e+01
2.172632455825805664e+01
2.178812503814697266e+01
2.244566869735717773e+01
2.181052803993225098e+01
2.212530159950256348e+01
2.166732788085937500e+01
2.179322218894958496e+01
2.217438411712646484e+01
2.188082838058471680e+01
2.178100728988647461e+01
2.207968497276306152e+01
2.179007887840270996e+01
2.185529088973999023e+01
2.207023715972900391e+01
2.171044993400573730e+01
2.225538349151611328e+01
2.202851057052612305e+01
2.187702631950378418e+01
2.209579658508300781e+01
2.194277453422546387e+01
2.216192126274108887e+01
2.231650948524475098e+01
2.184471726417541504e+01
2.351349639892578125e+01
2.177233934402465820e+01
2.189592671394348145e+01
2.197809433937072754e+01
2.197958326339721680e+01
2.197253203392028809e+01
2.204662585258483887e+01
2.190562272071838379e+01
2.242322993278503418e+01
2.203138732910156250e+01
