1.327088642120361328e+01
1.262259364128112793e+01
1.267310118675231934e+01
1.270452070236206055e+01
1.266986966133117676e+01
1.267849946022033691e+01
1.271813654899597168e+01
1.278367829322814941e+01
1.267123031616210938e+01
1.275783896446228027e+01
1.273686075210571289e+01
1.280359148979187012e+01
1.269942593574523926e+01
1.265849089622497559e+01
1.270561528205871582e+01
1.272604227066040039e+01
1.272793960571289062e+01
1.268818902969360352e+01
1.269124460220336914e+01
1.275219869613647461e+01
1.272189879417419434e+01
1.270956945419311523e+01
1.270795989036560059e+01
1.266680026054382324e+01
1.265847659111022949e+01
1.269765543937683105e+01
1.271635055541992188e+01
1.270144963264465332e+01
1.272417235374450684e+01
1.269271230697631836e+01
1.270244956016540527e+01
1.273683214187622070e+01
1.270701098442077637e+01
1.267844676971435547e+01
1.271688866615295410e+01
1.267739748954772949e+01
1.266222047805786133e+01
1.270036697387695312e+01
1.267922854423522949e+01
1.271207118034362793e+01
1.269334602355957031e+01
1.270139384269714355e+01
1.270638394355773926e+01
1.272956442832946777e+01
1.271859717369079590e+01
1.269252204895019531e+01
1.271156525611877441e+01
1.265277719497680664e+01
1.271274375915527344e+01
1.267851424217224121e+01
1.274011349678039551e+01
1.267727828025817871e+01
1.265900802612304688e+01
1.267422032356262207e+01
1.266296243667602539e+01
1.268458533287048340e+01
1.272849440574645996e+01
1.269090914726257324e+01
1.270949602127075195e+01
1.272956728935241699e+01
1.270615983009338379e+01
1.268408775329589844e+01
1.266793608665466309e+01
1.270905852317810059e+01
1.267875623703002930e+01
1.265231084823608398e+01
1.270957255363464355e+01
1.269259572029113770e+01
1.269521641731262207e+01
1.267275524139404297e+01
1.267647266387939453e+01
1.276479434967041016e+01
1.279062271118164062e+01
1.269862198829650879e+01
1.268031120300292969e+01
1.271691298484802246e+01
1.273351311683654785e+01
1.269486522674560547e+01
1.279516911506652832e+01
1.268210983276367188e+01
1.270315170288085938e+01
1.266814517974853516e+01
1.268729233741760254e+01
1.270076012611389160e+01
1.265602707862854004e+01
1.268920135498046875e+01
1.269764113426208496e+01
1.272105097770690918e+01
1.271322464942932129e+01
1.268969964981079102e+01
1.270058846473693848e+01
1.272006559371948242e+01
1.269952201843261719e+01
1.269181060791015625e+01
1.268222784996032715e+01
1.271094155311584473e+01
1.270292782783508301e+01
1.265825676918029785e+01
1.268475365638732910e+01
1.268252062797546387e+01
1.267906880378723145e+01
1.268451285362243652e+01
1.270154500007629395e+01
1.270701050758361816e+01
1.268927574157714844e+01
1.270126485824584961e+01
1.267702674865722656e+01
1.270055341720581055e+01
1.266774415969848633e+01
1.270067143440246582e+01
1.265704464912414551e+01
1.268251705169677734e+01
1.267977905273437500e+01
1.268752288818359375e+01
1.269696092605590820e+01
1.271748089790344238e+01
1.269789600372314453e+01
1.278607654571533203e+01
1.271630311012268066e+01
1.267158794403076172e+01
1.269444370269775391e+01
1.266715335845947266e+01
1.268564009666442871e+01
1.270040249824523926e+01
1.271561884880065918e+01
1.276576042175292969e+01
1.267245125770568848e+01
1.275551438331604004e+01
1.271232914924621582e+01
1.268294572830200195e+01
1.268401861190795898e+01
1.270650148391723633e+01
1.277004456520080566e+01
1.269206666946411133e+01
1.266802644729614258e+01
1.274501729011535645e+01
1.270415163040161133e+01
1.267301201820373535e+01
1.275465726852416992e+01
1.267959213256835938e+01
1.273579239845275879e+01
1.272705531120300293e+01
1.274777269363403320e+01
1.271570348739624023e+01
1.276846313476562500e+01
1.271202754974365234e+01
1.271929645538330078e+01
1.265104651451110840e+01
1.268654012680053711e+01
1.266861677169799805e+01
1.269836807250976562e+01
1.270029759407043457e+01
1.275808978080749512e+01
1.272009634971618652e+01
1.271965646743774414e+01
1.284015893936157227e+01
1.269373798370361328e+01
1.274380874633789062e+01
1.271416139602661133e+01
1.271852731704711914e+01
1.270221209526062012e+01
1.269668078422546387e+01
1.269470667839050293e+01
1.270643877983093262e+01
1.274186682701110840e+01
1.271438193321228027e+01
1.272599315643310547e+01
1.267938995361328125e+01
1.266332125663757324e+01
1.267639207839965820e+01
1.269957232475280762e+01
1.271421933174133301e+01
1.269972109794616699e+01
1.269847035408020020e+01
1.267173910140991211e+01
1.270730400085449219e+01
1.267348885536193848e+01
1.271657657623291016e+01
1.269677734375000000e+01
1.269560027122497559e+01
1.268598079681396484e+01
1.271823358535766602e+01
1.268744993209838867e+01
1.266390061378479004e+01
1.269469785690307617e+01
1.267748785018920898e+01
1.266919016838073730e+01
1.273601102828979492e+01
1.268157005310058594e+01
1.268064045906066895e+01
1.259763336181640625e+01
1.266681814193725586e+01
1.270990920066833496e+01
1.267103958129882812e+01
1.271114516258239746e+01
1.267489504814147949e+01
1.268804669380187988e+01
1.275276684761047363e+01
1.270519185066223145e+01
1.269604349136352539e+01
