2.487111327438354280e+00
2.523514439392089859e+00
2.517849083480835137e+00
2.578233615112304644e+00
2.716970105743408137e+00
2.840815299301147512e+00
2.875156455001830924e+00
2.882772443161010667e+00
2.876083417205810733e+00
3.091127973403930529e+00
3.000306104125976425e+00
3.006529811477661074e+00
2.983943379364013548e+00
3.078677137603759828e+00
2.996735061111450271e+00
2.984662946090698377e+00
3.061039601974487212e+00
3.183056935195923032e+00
3.120976745147705067e+00
3.097453122634887812e+00
3.052295989227294726e+00
2.822860459594726645e+00
3.028093445587157984e+00
3.028232145996093916e+00
3.092550554580688615e+00
3.057640990753173860e+00
3.057365106887817596e+00
2.908375101165771692e+00
2.933124315795898607e+00
2.804608871459961073e+00
2.779863591003417955e+00
2.873584851226806514e+00
2.786582263870239107e+00
2.846025164260864049e+00
2.846819724655151429e+00
2.782569122772216907e+00
2.796440093994140508e+00
2.820004131240844814e+00
2.814128513183593583e+00
2.776101886978149302e+00
2.707480573577881078e+00
2.638790650558471729e+00
2.738540731201172029e+00
2.719017775726318309e+00
2.645180005416869928e+00
2.621028201446533146e+00
2.549445719451904235e+00
2.570059777679443158e+00
2.566245479736328328e+00
2.580520556411743271e+00
2.602202234497070332e+00
2.611786976394653514e+00
2.671281481246948086e+00
2.626254087219238365e+00
2.684542757949829106e+00
2.578469586715698370e+00
2.623680395736694315e+00
2.541991476211547862e+00
2.593344007415771646e+00
2.588549979324340722e+00
2.626795900192260724e+00
2.686154121017456209e+00
2.685731434020996122e+00
2.695056286392211842e+00
2.526448962402343845e+00
2.493876267471313302e+00
2.603236661682128972e+00
2.573571143341064626e+00
2.545506851119994973e+00
2.501638200988769434e+00
2.562874824905395421e+00
2.586516952133178560e+00
2.558142099761962829e+00
2.633836801300049046e+00
2.576881995391845592e+00
2.616923284454345744e+00
2.663658908920288226e+00
2.690095681610107370e+00
2.647825100173950119e+00
2.632652851104736236e+00
2.561891503448486151e+00
2.541149379272460873e+00
2.593753043975830064e+00
2.658265057830810463e+00
2.598981222534179736e+00
2.604787330017090063e+00
2.639744228057861353e+00
2.634399468154907442e+00
2.634594144973755103e+00
2.604248412475585805e+00
2.577921161346435674e+00
2.601328404312133635e+00
2.555156828079223619e+00
2.576384127731323304e+00
2.700601330108642451e+00
2.634598652648925565e+00
2.515305089721679543e+00
2.588558013534545843e+00
2.606945850219726690e+00
2.555687041015624938e+00
2.325452303237915075e+00
2.309931950073242035e+00
2.313105419235229387e+00
2.310139992218017468e+00
2.308886997604369995e+00
2.310377508010864389e+00
2.304802929687499891e+00
2.299711785507202233e+00
2.303035922088623177e+00
2.301844637832641816e+00
2.297326097488403107e+00
2.294951056671142631e+00
2.295332334976196265e+00
2.296806127166747924e+00
2.297175912551880028e+00
2.292835912628173656e+00
2.291693931198119927e+00
2.286206825408935384e+00
2.288347322921752802e+00
2.284181358718872179e+00
2.287448078613281144e+00
2.289338538436889614e+00
2.283599514541625908e+00
2.282606610641479516e+00
2.282656707458496026e+00
2.276760679321288894e+00
2.274471616210937519e+00
2.273630296096801562e+00
2.270162800903320122e+00
2.265333999328613235e+00
2.263202216720581195e+00
2.256383345336914203e+00
2.252225829696655079e+00
2.249515398254394505e+00
2.245714588088989050e+00
2.242120427780151193e+00
2.238744496536254847e+00
2.232847532653808642e+00
2.231156435546874928e+00
2.228659818115234170e+00
2.229232655639648453e+00
2.221922226181030080e+00
2.217981246719360477e+00
2.212117728881835887e+00
2.208762020950317595e+00
2.205386299209594725e+00
2.200072361755371020e+00
2.194229738311767708e+00
2.187523664093017572e+00
2.183539850921631054e+00
2.177639827117920035e+00
2.174841117553711012e+00
2.174550891723632695e+00
2.171978544616699036e+00
2.171969537887573409e+00
2.171657470626831010e+00
2.172528197250366055e+00
2.169613014450073152e+00
2.171174874496459850e+00
2.168017664794922084e+00
2.167749986114501759e+00
2.167718280258178698e+00
2.167554955673217876e+00
2.165075325164794950e+00
2.166934342193603591e+00
2.168060574645996219e+00
2.162378398284912073e+00
2.166613922729492270e+00
2.163475785598754975e+00
2.167490398635864235e+00
2.162407841339111236e+00
2.160270773849487291e+00
2.160297897415161206e+00
2.159013924560547082e+00
2.157077219924926847e+00
2.160210667419433683e+00
2.161980985717773418e+00
2.159016327743530361e+00
2.158569801864623994e+00
2.158973937759399497e+00
2.158904292144775194e+00
2.156229304504394317e+00
2.155055865402221826e+00
2.154280743942260656e+00
2.154066216506957954e+00
2.151078378372192290e+00
2.156147611694335886e+00
2.151358652496337953e+00
2.155088491287231456e+00
2.150674678192138867e+00
2.150045049362182770e+00
2.151145252227783189e+00
2.144995352706909220e+00
2.143657281036376983e+00
2.147401005783081018e+00
2.147858859176635882e+00
2.148721866226196209e+00
2.144470931320190399e+00
2.144882766571044819e+00
2.146956389999389536e+00
