4.258849620819091797e-01
4.183976650238037109e-01
4.191024303436279297e-01
4.206964969635009766e-01
4.153325557708740234e-01
4.177234172821044922e-01
4.180586338043212891e-01
4.219074249267578125e-01
4.097957611083984375e-01
4.219186305999755859e-01
4.187974929809570312e-01
4.155805110931396484e-01
4.200229644775390625e-01
4.088919162750244141e-01
4.159798622131347656e-01
4.131169319152832031e-01
4.114506244659423828e-01
4.206476211547851562e-01
4.129662513732910156e-01
4.173510074615478516e-01
4.072620868682861328e-01
4.147400856018066406e-01
4.197523593902587891e-01
4.147875308990478516e-01
4.161100387573242188e-01
4.087076187133789062e-01
4.135465621948242188e-01
4.221634864807128906e-01
4.276788234710693359e-01
4.154832363128662109e-01
4.103507995605468750e-01
4.164152145385742188e-01
4.169425964355468750e-01
4.115898609161376953e-01
4.176993370056152344e-01
4.130055904388427734e-01
4.131016731262207031e-01
4.151365756988525391e-01
4.115273952484130859e-01
4.252371788024902344e-01
4.150328636169433594e-01
4.217255115509033203e-01
4.132177829742431641e-01
4.138698577880859375e-01
4.178874492645263672e-01
4.160625934600830078e-01
4.185504913330078125e-01
4.125254154205322266e-01
4.060299396514892578e-01
4.164562225341796875e-01
4.075145721435546875e-01
4.153981208801269531e-01
4.094004631042480469e-01
4.126067161560058594e-01
4.118840694427490234e-01
4.079196453094482422e-01
4.178216457366943359e-01
4.104785919189453125e-01
4.134547710418701172e-01
4.106884002685546875e-01
4.063553810119628906e-01
4.153854846954345703e-01
4.076683521270751953e-01
4.164502620697021484e-01
4.097480773925781250e-01
4.189088344573974609e-01
4.137609004974365234e-01
4.098885059356689453e-01
4.120059013366699219e-01
4.101800918579101562e-01
4.082612991333007812e-01
4.542498588562011719e-01
7.952206134796142578e-01
4.145832061767578125e-01
4.086387157440185547e-01
4.083378314971923828e-01
4.086365699768066406e-01
4.077141284942626953e-01
4.119274616241455078e-01
4.105079174041748047e-01
4.130077362060546875e-01
4.065899848937988281e-01
4.086177349090576172e-01
4.165239334106445312e-01
4.190859794616699219e-01
4.095418453216552734e-01
4.036629199981689453e-01
4.123976230621337891e-01
4.111471176147460938e-01
4.086747169494628906e-01
4.151761531829833984e-01
4.065577983856201172e-01
4.100623130798339844e-01
4.099702835083007812e-01
4.114396572113037109e-01
4.141469001770019531e-01
4.087231159210205078e-01
4.121909141540527344e-01
4.077005386352539062e-01
4.140992164611816406e-01
4.134716987609863281e-01
4.092738628387451172e-01
4.164803028106689453e-01
4.045851230621337891e-01
4.112100601196289062e-01
4.118704795837402344e-01
4.094676971435546875e-01
4.155006408691406250e-01
4.081599712371826172e-01
4.204256534576416016e-01
4.147682189941406250e-01
4.072031974792480469e-01
4.148435592651367188e-01
4.038543701171875000e-01
4.121725559234619141e-01
4.118599891662597656e-01
4.113872051239013672e-01
4.183449745178222656e-01
4.065434932708740234e-01
4.126031398773193359e-01
4.080922603607177734e-01
4.087424278259277344e-01
4.161956310272216797e-01
4.078531265258789062e-01
4.141724109649658203e-01
4.103775024414062500e-01
4.121110439300537109e-01
4.169552326202392578e-01
4.163162708282470703e-01
4.194917678833007812e-01
4.050896167755126953e-01
4.105970859527587891e-01
4.136695861816406250e-01
4.063355922698974609e-01
4.157006740570068359e-01
4.084470272064208984e-01
4.110105037689208984e-01
4.136910438537597656e-01
4.081096649169921875e-01
4.175865650177001953e-01
4.077098369598388672e-01
4.079203605651855469e-01
4.137666225433349609e-01
4.071168899536132812e-01
4.174473285675048828e-01
4.072463512420654297e-01
4.106366634368896484e-01
4.248254299163818359e-01
4.085197448730468750e-01
4.150881767272949219e-01
4.069120883941650391e-01
4.147369861602783203e-01
4.097974300384521484e-01
4.090924263000488281e-01
4.189424514770507812e-01
4.063351154327392578e-01
4.173424243927001953e-01
4.142503738403320312e-01
4.099981784820556641e-01
4.148252010345458984e-01
4.112923145294189453e-01
4.136984348297119141e-01
4.098269939422607422e-01
4.157547950744628906e-01
4.134669303894042969e-01
4.078965187072753906e-01
4.192812442779541016e-01
4.164826869964599609e-01
4.148302078247070312e-01
4.087350368499755859e-01
4.089624881744384766e-01
4.137485027313232422e-01
4.105172157287597656e-01
4.133338928222656250e-01
4.126713275909423828e-01
4.106674194335937500e-01
4.138734340667724609e-01
4.133620262145996094e-01
4.147474765777587891e-01
4.086537361145019531e-01
4.106028079986572266e-01
4.094147682189941406e-01
4.086730480194091797e-01
4.154837131500244141e-01
4.093315601348876953e-01
4.164357185363769531e-01
4.077842235565185547e-01
4.159414768218994141e-01
4.112491607666015625e-01
4.136190414428710938e-01
5.315873622894287109e-01
4.094521999359130859e-01
4.121680259704589844e-01
4.087548255920410156e-01
4.108932018280029297e-01
4.145605564117431641e-01
4.076075553894042969e-01
4.172921180725097656e-01
4.078540802001953125e-01
4.126670360565185547e-01
