2.526846227493285912e+00
2.540634931640624927e+00
2.604007437667846592e+00
2.691337622985839673e+00
2.698619492568969935e+00
2.850625447616577102e+00
2.798852194137573246e+00
2.814037981643676911e+00
2.781070511474609486e+00
3.023113710861205838e+00
3.126075688018798981e+00
2.959659882965087974e+00
3.032700823440551918e+00
3.120441913833618131e+00
3.300795495910644473e+00
3.256832847213745108e+00
3.080934183883667021e+00
3.180211410522460813e+00
2.993610218429565428e+00
2.925623069763183537e+00
2.866909394607544126e+00
2.843662575683593818e+00
2.794381686325073222e+00
2.970010062866210721e+00
2.982803891601562452e+00
2.925522579879760610e+00
3.000936142807006934e+00
2.886242860183716008e+00
2.838528454666137790e+00
2.813518421478271581e+00
2.761015060119628828e+00
2.800511511459350622e+00
2.868774035568237402e+00
2.711124030532837015e+00
2.712590078811645711e+00
2.789632761993408039e+00
2.678526333312988061e+00
2.701905624771117953e+00
2.811289878692627031e+00
2.852638010635375920e+00
2.642438951416015591e+00
2.686229526367187592e+00
2.693108744735717597e+00
2.683472931900024339e+00
2.695205238952636861e+00
2.731356663970947452e+00
2.666547771530151323e+00
2.653766355209350447e+00
2.709163052062988353e+00
2.662795313644409134e+00
2.627933836135864176e+00
2.650797371749877840e+00
2.642566324234008945e+00
2.575975635910034089e+00
2.603769813842773395e+00
2.579014571228027464e+00
2.640558377151489111e+00
2.644022349548339701e+00
2.620307738800048636e+00
2.658857519531249824e+00
2.648650352325439439e+00
2.555111354980468708e+00
2.595340823287963783e+00
2.666986079559326317e+00
2.659141108856201363e+00
2.632942789154052665e+00
2.584962840805053563e+00
2.565587898712158310e+00
2.649783256149291777e+00
2.660903721694946267e+00
2.563065716629028490e+00
2.552957868423461729e+00
2.602391851272582990e+00
2.541586819381713713e+00
2.616208198776245109e+00
2.635296132736205887e+00
2.629078557739257693e+00
2.796544997100830265e+00
2.723288711624145542e+00
2.703384584274291846e+00
2.679070701293945422e+00
2.692541616668701288e+00
2.684596596221923814e+00
2.653867985534668072e+00
2.682494862518310708e+00
2.717775363159179669e+00
2.629729197235107563e+00
2.617183941650390810e+00
2.529550062026977741e+00
2.543395254135131900e+00
2.577748737564086845e+00
2.634272473526000802e+00
2.633123484954833948e+00
2.569413291702270730e+00
2.559266414260864320e+00
2.547491171569824076e+00
2.625623595352172934e+00
2.561665896530151532e+00
2.574722912902831951e+00
2.561067672729492095e+00
2.309096792755127137e+00
2.307075886154174693e+00
2.303588461074828952e+00
2.304715421676635678e+00
2.300131108856201312e+00
2.300217125854492117e+00
2.294480635070800911e+00
2.295230011520385638e+00
2.295039133911132900e+00
2.292657287445068359e+00
2.289445297775268617e+00
2.288449056396484327e+00
2.282231567840576236e+00
2.290298395309448232e+00
2.284727319793701028e+00
2.279503693008422704e+00
2.280806875305175563e+00
2.279668127975464031e+00
2.276153738098144697e+00
2.271536906967162928e+00
2.277850458755493079e+00
2.275091380310058753e+00
2.273170507507324078e+00
2.273121206665039029e+00
2.267215604248046912e+00
2.266325027313232265e+00
2.266576678619384833e+00
2.260843251113891395e+00
2.259275976181030376e+00
2.256969332275390538e+00
2.258021042404174672e+00
2.255065538787841994e+00
2.254798817520141441e+00
2.247644462280273370e+00
2.246696966781616123e+00
2.248191489181518676e+00
2.247241798782348532e+00
2.241470132217407318e+00
2.236725627670288041e+00
2.233328800735473685e+00
2.225863483428955014e+00
2.221845353469848572e+00
2.220171889343261817e+00
2.214496154632568548e+00
2.210306951904296824e+00
2.207116844940185452e+00
2.202990818405151430e+00
2.195937511444091772e+00
2.194147335662841591e+00
2.184093400115966865e+00
2.183325019454956273e+00
2.179525621948242176e+00
2.181450211105346870e+00
2.180272623748779282e+00
2.178766428222656426e+00
2.178535227584839085e+00
2.176146288909912130e+00
2.175647385482788021e+00
2.173916719894409155e+00
2.173931061782837126e+00
2.170659200286865431e+00
2.171946489944458047e+00
2.171548169555664209e+00
2.168789389953613256e+00
2.169256553344726779e+00
2.166598571090698311e+00
2.167776463394165187e+00
2.162717023620605250e+00
2.167387689895629688e+00
2.165162866134643593e+00
2.160934180068969646e+00
2.163475081100463715e+00
2.161100724945068219e+00
2.160963931884765543e+00
2.157913692474365153e+00
2.156505194244384693e+00
2.155549497528076230e+00
2.157322219696045096e+00
2.157148594207763725e+00
2.158634929733276309e+00
2.154092447509765584e+00
2.150043282928466581e+00
2.152485914306640602e+00
2.152341079940796043e+00
2.151835001831054583e+00
2.149964240341186716e+00
2.149635452346801756e+00
2.147151724777221826e+00
2.147353297576904296e+00
2.146869894409179746e+00
2.145708258972168103e+00
2.145123632507324185e+00
2.143848202514648360e+00
2.140928229446410924e+00
2.145229328536987445e+00
2.141261688842773570e+00
2.139738840866088676e+00
2.139330273361205847e+00
2.136909956817627076e+00
2.138461907424926700e+00
