1.349582433700561523e+01
1.271945881843566895e+01
1.271083474159240723e+01
1.276913142204284668e+01
1.269121003150939941e+01
1.273375606536865234e+01
1.275229263305664062e+01
1.269512438774108887e+01
1.274278736114501953e+01
1.271472835540771484e+01
1.275916504859924316e+01
1.274824666976928711e+01
1.277373170852661133e+01
1.273326635360717773e+01
1.273126673698425293e+01
1.272719645500183105e+01
1.277887034416198730e+01
1.278395128250122070e+01
1.275596094131469727e+01
1.274351453781127930e+01
1.265811824798583984e+01
1.265657353401184082e+01
1.271534204483032227e+01
1.274513387680053711e+01
1.271340823173522949e+01
1.270893001556396484e+01
1.265521550178527832e+01
1.272076106071472168e+01
1.271585321426391602e+01
1.271805310249328613e+01
1.275853490829467773e+01
1.275826287269592285e+01
1.272298502922058105e+01
1.274023842811584473e+01
1.273163151741027832e+01
1.268409967422485352e+01
1.271512985229492188e+01
1.274382996559143066e+01
1.268380713462829590e+01
1.277195835113525391e+01
1.273992681503295898e+01
1.279412865638732910e+01
1.272541403770446777e+01
1.275045061111450195e+01
1.269732427597045898e+01
1.270604133605957031e+01
1.281804537773132324e+01
1.273425149917602539e+01
1.266085982322692871e+01
1.277030515670776367e+01
1.272090411186218262e+01
1.275625824928283691e+01
1.277030611038208008e+01
1.273018717765808105e+01
1.268339180946350098e+01
1.273498368263244629e+01
1.273167467117309570e+01
1.273410487174987793e+01
1.268580031394958496e+01
1.276018857955932617e+01
1.270172166824340820e+01
1.274877047538757324e+01
1.278927302360534668e+01
1.280357098579406738e+01
1.270708036422729492e+01
1.269135475158691406e+01
1.273149323463439941e+01
1.271881270408630371e+01
1.277006244659423828e+01
1.268963003158569336e+01
1.279101109504699707e+01
1.274516320228576660e+01
1.249824905395507812e+01
1.272995710372924805e+01
1.265622186660766602e+01
1.268643665313720703e+01
1.277565503120422363e+01
1.267486381530761719e+01
1.274201631546020508e+01
1.268711161613464355e+01
1.262829756736755371e+01
1.270768880844116211e+01
1.273160982131958008e+01
1.273063659667968750e+01
1.280945229530334473e+01
1.265899062156677246e+01
1.272322344779968262e+01
1.275492906570434570e+01
1.275310564041137695e+01
1.268665075302124023e+01
1.273676466941833496e+01
1.273951411247253418e+01
1.270018959045410156e+01
1.278847479820251465e+01
1.275520682334899902e+01
1.270296287536621094e+01
1.279506278038024902e+01
1.265792894363403320e+01
1.264405775070190430e+01
1.271341776847839355e+01
1.268355250358581543e+01
1.273633551597595215e+01
1.275057005882263184e+01
1.271726226806640625e+01
1.264996242523193359e+01
1.276759910583496094e+01
1.278342223167419434e+01
1.272528696060180664e+01
1.274407863616943359e+01
1.277158594131469727e+01
1.280768871307373047e+01
1.273629713058471680e+01
1.276299309730529785e+01
1.266380524635314941e+01
1.271164584159851074e+01
1.267193651199340820e+01
1.269560194015502930e+01
1.274262046813964844e+01
1.265285587310791016e+01
1.268709516525268555e+01
1.273021578788757324e+01
1.273890757560729980e+01
1.277098989486694336e+01
1.268160867691040039e+01
1.275698781013488770e+01
1.268468332290649414e+01
1.272311496734619141e+01
1.268670320510864258e+01
1.265096688270568848e+01
1.277764749526977539e+01
1.273435640335083008e+01
1.269218158721923828e+01
1.277896857261657715e+01
1.274513268470764160e+01
1.272996354103088379e+01
1.278545069694519043e+01
1.279254841804504395e+01
1.279335117340087891e+01
1.270736813545227051e+01
1.267214250564575195e+01
1.270236086845397949e+01
1.270193076133728027e+01
1.272814607620239258e+01
1.278444790840148926e+01
1.272883152961730957e+01
1.264560532569885254e+01
1.267000770568847656e+01
1.273784017562866211e+01
1.270454812049865723e+01
1.273542404174804688e+01
1.272458958625793457e+01
1.279567933082580566e+01
1.273360109329223633e+01
1.271483421325683594e+01
1.272923016548156738e+01
1.272963142395019531e+01
1.275678968429565430e+01
1.272410416603088379e+01
1.278674006462097168e+01
1.272833752632141113e+01
1.274597501754760742e+01
1.274942803382873535e+01
1.267079448699951172e+01
1.274280190467834473e+01
1.276550769805908203e+01
1.273500514030456543e+01
1.274518132209777832e+01
1.278730463981628418e+01
1.275878667831420898e+01
1.277553582191467285e+01
1.273776483535766602e+01
1.277870225906372070e+01
1.273256802558898926e+01
1.280069756507873535e+01
1.272475504875183105e+01
1.272719001770019531e+01
1.282352781295776367e+01
1.278045463562011719e+01
1.276821017265319824e+01
1.275898551940917969e+01
1.280688500404357910e+01
1.271002483367919922e+01
1.265613102912902832e+01
1.274732685089111328e+01
1.269879364967346191e+01
1.272190332412719727e+01
1.264284563064575195e+01
1.272578072547912598e+01
1.268218326568603516e+01
1.273846173286437988e+01
1.298381662368774414e+01
1.279125094413757324e+01
1.269821763038635254e+01
1.268809223175048828e+01
1.264976930618286133e+01
1.285373640060424805e+01
1.281419014930725098e+01
1.271372652053833008e+01
1.266765427589416504e+01
1.276485586166381836e+01
