1.284547734260559082e+01
1.220537734031677246e+01
1.225466561317443848e+01
1.228452992439270020e+01
1.225512981414794922e+01
1.226156210899353027e+01
1.230045008659362793e+01
1.236252927780151367e+01
1.226196408271789551e+01
1.233657979965209961e+01
1.231864190101623535e+01
1.238850259780883789e+01
1.228005528450012207e+01
1.225014042854309082e+01
1.229035663604736328e+01
1.231338167190551758e+01
1.231713581085205078e+01
1.226810765266418457e+01
1.227867317199707031e+01
1.233498787879943848e+01
1.231528759002685547e+01
1.229540491104125977e+01
1.228878927230834961e+01
1.225299119949340820e+01
1.224276614189147949e+01
1.228957629203796387e+01
1.230281686782836914e+01
1.227996349334716797e+01
1.229712057113647461e+01
1.227788853645324707e+01
1.229269003868103027e+01
1.232138633728027344e+01
1.229051399230957031e+01
1.226739335060119629e+01
1.229988312721252441e+01
1.226560235023498535e+01
1.224981188774108887e+01
1.228612565994262695e+01
1.226846098899841309e+01
1.228769826889038086e+01
1.227878594398498535e+01
1.228021216392517090e+01
1.229378557205200195e+01
1.231632256507873535e+01
1.230103254318237305e+01
1.227724766731262207e+01
1.229389691352844238e+01
1.224090743064880371e+01
1.230719757080078125e+01
1.226261115074157715e+01
1.233304119110107422e+01
1.226247644424438477e+01
1.225021576881408691e+01
1.226206231117248535e+01
1.225119209289550781e+01
1.227738690376281738e+01
1.231044936180114746e+01
1.228103923797607422e+01
1.229647541046142578e+01
1.231941437721252441e+01
1.230038475990295410e+01
1.226936411857604980e+01
1.226106810569763184e+01
1.229323148727416992e+01
1.227040719985961914e+01
1.223413062095642090e+01
1.229655003547668457e+01
1.228337407112121582e+01
1.228395819664001465e+01
1.226316571235656738e+01
1.226862359046936035e+01
1.231114864349365234e+01
1.211381340026855469e+01
1.228469276428222656e+01
1.227231717109680176e+01
1.230915307998657227e+01
1.232544732093811035e+01
1.228739666938781738e+01
1.238375926017761230e+01
1.227236366271972656e+01
1.229081964492797852e+01
1.226221418380737305e+01
1.227933573722839355e+01
1.228485393524169922e+01
1.223766183853149414e+01
1.228007507324218750e+01
1.229461073875427246e+01
1.230916261672973633e+01
1.230256962776184082e+01
1.228166484832763672e+01
1.228587102890014648e+01
1.231408262252807617e+01
1.229011130332946777e+01
1.228267168998718262e+01
1.227171254158020020e+01
1.229746794700622559e+01
1.229493427276611328e+01
1.224676847457885742e+01
1.227772521972656250e+01
1.226897168159484863e+01
1.226625823974609375e+01
1.227592158317565918e+01
1.228585076332092285e+01
1.230315589904785156e+01
1.227926468849182129e+01
1.228992319107055664e+01
1.226817655563354492e+01
1.228574299812316895e+01
1.226037955284118652e+01
1.228068757057189941e+01
1.224294829368591309e+01
1.227606463432312012e+01
1.226543807983398438e+01
1.228426694869995117e+01
1.228514242172241211e+01
1.230630612373352051e+01
1.228709793090820312e+01
1.236832904815673828e+01
1.231020426750183105e+01
1.225966048240661621e+01
1.228690981864929199e+01
1.225910162925720215e+01
1.227006363868713379e+01
1.229315376281738281e+01
1.230211710929870605e+01
1.235621261596679688e+01
1.226112985610961914e+01
1.233918690681457520e+01
1.229655528068542480e+01
1.226395845413208008e+01
1.227954673767089844e+01
1.229651331901550293e+01
1.235699319839477539e+01
1.228628516197204590e+01
1.225287151336669922e+01
1.233659243583679199e+01
1.229371070861816406e+01
1.226002454757690430e+01
1.234721446037292480e+01
1.226136350631713867e+01
1.232876491546630859e+01
1.231984591484069824e+01
1.233456158638000488e+01
1.230918550491333008e+01
1.235156321525573730e+01
1.230543661117553711e+01
1.231005597114562988e+01
1.222682404518127441e+01
1.227877759933471680e+01
1.225429344177246094e+01
1.229207706451416016e+01
1.228613781929016113e+01
1.234887671470642090e+01
1.231174182891845703e+01
1.230127930641174316e+01
1.243465018272399902e+01
1.227700185775756836e+01
1.233021044731140137e+01
1.230487418174743652e+01
1.230405616760253906e+01
1.229172897338867188e+01
1.228353857994079590e+01
1.228558707237243652e+01
1.229113054275512695e+01
1.232899403572082520e+01
1.230707597732543945e+01
1.230742549896240234e+01
1.226356434822082520e+01
1.224925661087036133e+01
1.226832222938537598e+01
1.229101204872131348e+01
1.230108332633972168e+01
1.228959465026855469e+01
1.228562450408935547e+01
1.225974512100219727e+01
1.229696750640869141e+01
1.226025295257568359e+01
1.230370163917541504e+01
1.228264093399047852e+01
1.228761577606201172e+01
1.227596926689147949e+01
1.230950355529785156e+01
1.227957129478454590e+01
1.224910211563110352e+01
1.228609132766723633e+01
1.226179265975952148e+01
1.226208472251892090e+01
1.232132554054260254e+01
1.227113318443298340e+01
1.226754593849182129e+01
1.203045558929443359e+01
1.225806879997253418e+01
1.229832172393798828e+01
1.226321768760681152e+01
1.230110621452331543e+01
1.226096558570861816e+01
1.228116464614868164e+01
1.233624029159545898e+01
1.230018544197082520e+01
1.228412723541259766e+01
