1.060800000244140584e+01
1.017599999877929662e+01
1.041599999877929683e+01
1.123199999954223571e+01
9.456000002441406593e+00
9.679999998779296178e+00
9.999999999084472790e+00
9.887999999542236296e+00
1.044799999938964774e+01
1.020799999969482386e+01
9.823999999847412568e+00
1.007999999969482374e+01
1.054399999908447327e+01
1.023999999938964756e+01
1.038399999984741129e+01
1.031999999908447307e+01
1.063999999908447336e+01
1.012799999954223651e+01
1.046399999908447320e+01
1.009599999938964920e+01
9.823999999999999844e+00
1.057599999954223691e+01
1.025600000244140553e+01
1.025599999954223662e+01
1.100799999954223551e+01
9.967999999847412695e+00
9.935999999694823615e+00
1.015999999908447293e+01
1.019199999908447296e+01
9.695999999542236125e+00
9.839999999542236253e+00
1.003199999954223642e+01
1.071999999954223703e+01
9.808000002441406906e+00
9.791999999389648934e+00
1.035200000000000031e+01
1.028799999572753876e+01
1.019200000244140547e+01
1.017599999954223655e+01
1.019199999908447296e+01
9.775999999542236196e+00
1.025599999954223662e+01
9.760000002441406863e+00
1.038400000000000034e+01
1.059200000244140583e+01
1.007999999938964919e+01
1.110399999908447199e+01
1.071999999572753914e+01
9.408000001831053893e+00
1.023999999954223661e+01
9.744000002441406849e+00
1.073599999938964800e+01
9.839999999389648977e+00
1.035200000244140561e+01
1.119999999908447208e+01
9.839999999542236253e+00
9.807999995727538334e+00
1.015999999572753865e+01
9.679999999694823387e+00
1.028799999954223665e+01
1.043200000244140568e+01
1.011199999572753860e+01
9.855999999542236267e+00
9.903999999847412639e+00
1.020799999969482386e+01
1.041599999572753887e+01
1.043200000244140568e+01
1.011200000122070364e+01
1.059200000183105495e+01
1.067200000244140590e+01
9.823999999084472634e+00
1.087999999954223718e+01
1.081600000244140602e+01
9.999999999694823671e+00
1.065599999908447337e+01
1.027199999572753875e+01
1.057599999954223691e+01
9.648000002441406764e+00
1.023999999938964756e+01
9.376000002441406522e+00
1.023999999954223661e+01
1.086399999954223716e+01
1.052799999969482414e+01
9.727999999542236154e+00
1.006399999984741278e+01
9.936000002441407020e+00
1.003199999938964915e+01
1.065599999938964793e+01
1.011199999877929656e+01
9.439999999694824950e+00
1.022400000244140550e+01
1.027199999954223664e+01
9.935999999542236338e+00
1.017599999969482383e+01
9.887999999389649020e+00
9.920000002441407005e+00
1.118400000244140635e+01
9.951999999542236353e+00
1.097599999877929733e+01
9.999999999694823671e+00
1.073599999938964800e+01
1.030399999938964761e+01
1.043199999938964773e+01
1.105599999969482461e+01
1.062399999938964790e+01
1.089600000244140610e+01
1.145599999572753980e+01
1.123199999954223571e+01
1.150399999908447235e+01
1.166399999954223610e+01
1.248000000183105485e+01
1.225600000244140553e+01
1.196799999572753848e+01
1.204799999877929650e+01
1.174400000244140685e+01
1.175999999969482346e+01
1.238400000244140564e+01
1.254399999572753899e+01
1.235199999908447310e+01
1.369599999938964885e+01
1.324800000244140641e+01
1.271999999954223703e+01
1.366399999938964882e+01
1.384000000244140693e+01
1.353600000244140666e+01
1.479999999572753921e+01
1.443199999984741133e+01
1.518399999877929751e+01
1.529599999969482482e+01
1.508799999877929743e+01
1.551999999908447236e+01
1.572799999908447255e+01
1.636799999877929679e+01
1.691199999511718843e+01
1.672000000488281302e+01
1.729599999572753788e+01
1.731200000244140469e+01
1.785599999572754015e+01
1.811199999572754038e+01
1.782400000244140514e+01
1.750399999908447413e+01
1.899199999572753939e+01
1.872000000488281302e+01
1.908799999908447376e+01
1.950399999816894692e+01
1.934399999572753970e+01
2.051199999816894604e+01
2.003200000122070179e+01
2.019199999572753867e+01
2.008000000488281245e+01
2.238399999511718619e+01
2.179199999816894362e+01
2.172799999511718738e+01
2.172799999877929622e+01
2.195199999877929642e+01
2.214399999938964925e+01
2.246399999572754069e+01
2.259199999908447154e+01
2.182399999511718747e+01
2.227200000183105644e+01
2.244799999572753890e+01
2.193600000122070171e+01
2.246399999145507920e+01
2.254400000183105490e+01
2.219200000183105459e+01
2.259199999816894433e+01
2.286399999511718661e+01
2.267200000183105502e+01
2.284800000488281313e+01
2.168000000122070148e+01
2.267199999908447339e+01
2.222399999511718605e+01
2.247999999755859335e+01
2.251199999511718630e+01
2.247999999908447322e+01
2.243200000183105303e+01
2.284799999572753748e+01
2.231999999511718613e+01
2.244800000488281100e+01
2.190399999816894550e+01
2.214399999816894393e+01
2.259199999908447154e+01
2.256000000244140580e+01
2.214399999572754041e+01
2.264000000488281117e+01
2.307199999572753768e+01
2.288000000183105342e+01
2.241599999816894595e+01
2.260799999572753904e+01
2.273599999755859358e+01
2.404800000488281242e+01
2.268799999145507940e+01
2.326400000183105377e+01
2.313600000732422046e+01
2.268799999511718823e+01
2.280000000122070247e+01
2.335999999908447222e+01
2.278399999511718832e+01
2.289600000732421847e+01
2.355199999877929784e+01
