1.007999999938964919e+01
9.679999999542236111e+00
1.076799999954223708e+01
1.046399999954223681e+01
9.760000002441406863e+00
1.003199999984741275e+01
1.057599999984741146e+01
1.096000000244140615e+01
1.004800000244140712e+01
9.839999999389648977e+00
1.006399999969482373e+01
1.009599999938964920e+01
9.775999999542236196e+00
1.004799999572753855e+01
1.043199999969482406e+01
1.030399999908447306e+01
9.856000002441406949e+00
1.052800000488281285e+01
1.009599999572753859e+01
9.871999999847412610e+00
1.075199999938964801e+01
1.049599999954223684e+01
1.070399999938964797e+01
9.567999999389648735e+00
1.030400000183105469e+01
1.007999999572753858e+01
9.791999999847412539e+00
1.057599999938964785e+01
1.071999999908447343e+01
1.011199999938964922e+01
1.079999999954223711e+01
1.105599999969482461e+01
1.035199999969482398e+01
1.044799999877929686e+01
1.001599999908447280e+01
1.019199999938964929e+01
1.079999999954223711e+01
1.011199999954223649e+01
1.020799999969482386e+01
1.062399999877929702e+01
1.007999999954223647e+01
9.999999999694823671e+00
9.551999999999999602e+00
1.046399999938964775e+01
1.007999999877929653e+01
9.984000002441407062e+00
1.051199999938964780e+01
1.038399999984741129e+01
1.065599999969482425e+01
9.711999998779296206e+00
1.044799999938964774e+01
9.999999999542236395e+00
1.060800000244140584e+01
1.057599999969482418e+01
1.057599999984741146e+01
1.052799999954223686e+01
9.855999999694823543e+00
1.003199999969482370e+01
1.031999999969482396e+01
1.047999999938964777e+01
1.081599999908447352e+01
1.009600000244140539e+01
1.062399999969482423e+01
1.052799999938964781e+01
9.631999999847412397e+00
9.839999999694823529e+00
9.631999999847412397e+00
1.036799999908447312e+01
1.068799999969482428e+01
9.887999999084472691e+00
9.952000002441407034e+00
1.044799999954223679e+01
1.011199999969482377e+01
1.020799999954223658e+01
1.041599999954223676e+01
9.631999999694823344e+00
9.983999999847412710e+00
1.043200000183105480e+01
1.020800000244140548e+01
9.871999999542236282e+00
9.839999999389648977e+00
1.039999999954223675e+01
1.001599999938964913e+01
9.711999999542236139e+00
1.028799999938964760e+01
9.439999999542235898e+00
9.919999999084472719e+00
1.027199999572753875e+01
9.968000002441407048e+00
1.019199999572753867e+01
1.054399999938964783e+01
9.376000002441406522e+00
1.075199999954223706e+01
9.839999999084472648e+00
9.392000002441406536e+00
1.043199999954223678e+01
9.455999999084472307e+00
1.052800000183105489e+01
1.020799999908447298e+01
1.092799999908447184e+01
1.070399999938964797e+01
1.064000000244140587e+01
1.102400000244140621e+01
1.139200000244140654e+01
1.113600000244140631e+01
1.195199999877929642e+01
1.167999999938964883e+01
1.209599999572753859e+01
1.166400000244140678e+01
1.289599999938964814e+01
1.297600000244140617e+01
1.262399999816894614e+01
1.239999999954223675e+01
1.350399999984741228e+01
1.332799999908447219e+01
1.279999999908447350e+01
1.369599999877929619e+01
1.414399999938964925e+01
1.460800000488281292e+01
1.496000000183105527e+01
1.518399999938964839e+01
1.439999999877929682e+01
1.456000000488281287e+01
1.523200000244140639e+01
1.539199999877929770e+01
1.615999999572753865e+01
1.473599999938964800e+01
1.595200000244140703e+01
1.628800000244140733e+01
1.582399999877929631e+01
1.608000000488281245e+01
1.663999999572753907e+01
1.654400000488281108e+01
1.663999999908447336e+01
1.707199999572753768e+01
1.708800000183105539e+01
1.633600000183105294e+01
1.854399999908447327e+01
1.819200000183105459e+01
1.884800000488281313e+01
1.929600000488281353e+01
1.876799999877929537e+01
1.931199999877929585e+01
1.940799999877929594e+01
1.945600000183105394e+01
1.961599999938964700e+01
2.071999999908447165e+01
2.054400000488281108e+01
2.118399999511718690e+01
2.129600000183105379e+01
2.201600000183105621e+01
2.236799999572754061e+01
2.268800000183105325e+01
2.334399999877929588e+01
2.243200000244140568e+01
2.246399999954223503e+01
2.238400000183105476e+01
2.305599999511718678e+01
2.281599999572753745e+01
2.300800000488281327e+01
2.240000000244140566e+01
2.367999999572753822e+01
2.356799999877929608e+01
2.289600000183105522e+01
2.238399999511718619e+01
2.339199999877929770e+01
2.283199999877929542e+01
2.431999999877929852e+01
2.340799999572753975e+01
2.227199999511718786e+01
2.366400000122070324e+01
2.391999999877929639e+01
2.294400000122070438e+01
2.356799999511718724e+01
2.366400000122070324e+01
2.313600000122070455e+01
2.353600000244140489e+01
2.348799999511718894e+01
2.356799999572753990e+01
2.390399999877929815e+01
2.366400000244140500e+01
2.313600000244140631e+01
2.398399999908447100e+01
2.419200000183105459e+01
2.321599999816894666e+01
2.403199999816894561e+01
2.371199999816894533e+01
2.439999999877929682e+01
2.347200000183105573e+01
2.383999999877929810e+01
2.467199999877929528e+01
2.382399999816894365e+01
2.313600000488281339e+01
2.535999999145507644e+01
2.412800000183105453e+01
2.491199999511718843e+01
2.481600000732422018e+01
2.372800000122070330e+01
2.430400000183105291e+01
2.460799999511718639e+01
