1.009599999969482376e+01
9.359999999694824879e+00
1.009599999954223648e+01
9.519999995727539854e+00
1.017600000244140546e+01
1.041600000244140567e+01
1.019199999938964929e+01
1.039999999908447315e+01
9.855999999542236267e+00
1.009600000244140539e+01
9.648000002441406764e+00
1.095999999984741180e+01
1.041599999877929683e+01
1.051199999938964780e+01
1.068799999954223701e+01
1.017599999954223655e+01
1.028799999954223665e+01
1.054399999908447327e+01
9.919999995727538433e+00
1.096000000244140615e+01
1.086400000244140607e+01
9.743999999542236168e+00
1.070399999969482430e+01
9.951999999542236353e+00
1.011199999938964922e+01
9.920000002441407005e+00
1.025600000244140553e+01
1.070399999908447342e+01
1.011199999969482377e+01
1.000000000244140708e+01
1.068799999969482428e+01
1.049600000244140574e+01
1.044799999969482407e+01
1.075199999969482434e+01
9.903999998779296376e+00
1.052800000244140577e+01
1.057599999954223691e+01
1.004799999969482371e+01
1.091199999908447182e+01
1.011199999572753860e+01
1.065600000244140588e+01
9.408000001831053893e+00
1.035199999938964766e+01
9.679999999542236111e+00
9.967999999389649091e+00
1.059199999954223692e+01
9.599999999084472435e+00
1.012799999954223651e+01
9.903999999542236310e+00
9.568000002441406693e+00
9.743999999694823444e+00
1.028799999938964760e+01
1.023999999908447300e+01
1.014399999938964925e+01
1.019200000244140547e+01
9.935999999084472734e+00
9.871999999542236282e+00
9.487999999542235940e+00
1.033599999938964764e+01
1.054399999954223688e+01
1.043199999954223678e+01
1.032000000000000028e+01
1.065600000244140588e+01
1.031999999877929675e+01
1.099200000244140618e+01
1.006399999938964918e+01
1.052800000244140577e+01
1.046399999954223681e+01
9.727999999694823430e+00
1.057599999908447330e+01
1.025599999954223662e+01
1.039999999908447315e+01
9.983999999694823657e+00
1.041599999969482404e+01
1.017599999969482383e+01
1.017599999969482383e+01
9.759999999847412511e+00
9.855999999694823543e+00
1.001599999938964913e+01
1.065599999969482425e+01
1.040000000244140566e+01
9.759999999084472577e+00
1.059199999954223692e+01
1.031999999938964763e+01
9.679999999084472506e+00
1.009599999969482376e+01
9.695999999542236125e+00
9.631999998779296135e+00
1.036799999984741127e+01
1.067199999572753910e+01
1.041599999938964771e+01
1.022399999969482387e+01
1.046399999572753892e+01
1.048000000244140573e+01
1.044800000244140570e+01
1.089599999984741174e+01
9.871999999084472677e+00
1.102399999908447192e+01
1.014399999954223652e+01
1.027199999954223664e+01
1.063999999572753907e+01
1.070399999969482430e+01
1.127999999877929760e+01
1.134399999938964854e+01
1.243200000244140568e+01
1.283199999572753924e+01
1.273600000244140595e+01
1.375999999954223618e+01
1.310399999938964832e+01
1.423999999877929667e+01
1.371199999572753825e+01
1.473599999938964800e+01
1.470400000183105504e+01
1.473599999877929712e+01
1.526399999572753963e+01
1.519999999938964841e+01
1.496000000244140615e+01
1.571200000244140682e+01
1.585599999877929633e+01
1.659199999572754081e+01
1.684800000488281313e+01
1.687999999877929724e+01
1.691199999572753754e+01
1.814400000183105632e+01
1.840000000183105300e+01
1.806399999908447285e+01
1.859199999572754081e+01
1.859199999877929699e+01
1.905599999908447373e+01
1.894399999908447185e+01
1.849600000183105308e+01
1.857600000244140759e+01
1.908800000488281157e+01
2.017599999877929662e+01
2.075199999908447168e+01
2.132799999572753791e+01
2.135999999908447222e+01
1.980799999816894541e+01
2.121599999572753958e+01
2.099199999572753939e+01
2.142399999572753799e+01
2.201599999908447103e+01
2.211199999908447111e+01
2.228799999511718610e+01
2.347200000488281191e+01
2.339199999877929770e+01
2.220799999816894399e+01
2.256000000488281287e+01
2.259200000122070406e+01
2.297600000183105351e+01
2.460800000122070230e+01
2.451200000488281106e+01
2.470399999908447342e+01
2.568000000488281387e+01
2.390399999145507692e+01
2.599999999816894558e+01
2.551999999877929781e+01
2.534400000488281179e+01
2.531200000122070293e+01
2.542400000183105391e+01
2.455999999572754078e+01
2.527999999755859406e+01
2.484799999511718838e+01
2.510400000488281336e+01
2.558399999954223603e+01
2.542399999511718889e+01
2.529599999755859230e+01
2.564799999511718909e+01
2.590400000488281407e+01
2.556800000122070315e+01
2.548799999816894513e+01
2.553599999908447415e+01
2.510400000183105362e+01
2.542400000488281364e+01
2.675200000183105331e+01
2.636800000183105297e+01
2.643199999755859508e+01
2.542400000183105391e+01
2.561600000488281381e+01
2.535999999877929767e+01
2.568000000732421739e+01
2.595200000122070350e+01
2.654400000122070225e+01
2.638399999816894592e+01
2.627199999511718786e+01
2.523199999877929756e+01
2.505600000122070270e+01
2.612799999816894569e+01
2.607999999816894388e+01
2.622400000183105462e+01
2.627199999816894405e+01
2.553600000122070313e+01
2.638399999908447313e+01
2.692800000488281142e+01
2.607999999816894388e+01
2.580799999816894541e+01
2.665599999145507937e+01
2.620800000122070372e+01
2.580799999511718923e+01
2.590399999511718576e+01
