1.370603680610656738e+01
1.296948337554931641e+01
1.301299190521240234e+01
1.298966073989868164e+01
1.306255960464477539e+01
1.301933002471923828e+01
1.303039121627807617e+01
1.309360480308532715e+01
1.299955487251281738e+01
1.317412304878234863e+01
1.306318330764770508e+01
1.307575058937072754e+01
1.309444975852966309e+01
1.305778670310974121e+01
1.300542449951171875e+01
1.300728464126586914e+01
1.306455850601196289e+01
1.301817846298217773e+01
1.303304409980773926e+01
1.305235838890075684e+01
1.299453377723693848e+01
1.304370546340942383e+01
1.303651452064514160e+01
1.305188345909118652e+01
1.300511169433593750e+01
1.300258874893188477e+01
1.307584285736083984e+01
1.302972197532653809e+01
1.314495491981506348e+01
1.299980330467224121e+01
1.301264071464538574e+01
1.304930686950683594e+01
1.305720019340515137e+01
1.302094960212707520e+01
1.302242779731750488e+01
1.307895445823669434e+01
1.300281000137329102e+01
1.306729102134704590e+01
1.306374907493591309e+01
1.301161670684814453e+01
1.300568890571594238e+01
1.306092667579650879e+01
1.305552911758422852e+01
1.303080654144287109e+01
1.301915049552917480e+01
1.302191424369812012e+01
1.304934167861938477e+01
1.306741571426391602e+01
1.305097389221191406e+01
1.304374337196350098e+01
1.306079173088073730e+01
1.304393100738525391e+01
1.303868341445922852e+01
1.304457807540893555e+01
1.304376268386840820e+01
1.306435179710388184e+01
1.306671643257141113e+01
1.307628583908081055e+01
1.296454167366027832e+01
1.297136545181274414e+01
1.295965743064880371e+01
1.298790788650512695e+01
1.300704479217529297e+01
1.302327346801757812e+01
1.300103187561035156e+01
1.307636046409606934e+01
1.299236583709716797e+01
1.304095363616943359e+01
1.306379389762878418e+01
1.300102877616882324e+01
1.301799416542053223e+01
1.298599982261657715e+01
1.302648496627807617e+01
1.306433796882629395e+01
1.304248666763305664e+01
1.303483104705810547e+01
1.302087545394897461e+01
1.305380797386169434e+01
1.307197904586791992e+01
1.300927305221557617e+01
1.302797245979309082e+01
1.303150439262390137e+01
1.302783679962158203e+01
1.304591369628906250e+01
1.312236452102661133e+01
1.298629307746887207e+01
1.302131128311157227e+01
1.301841044425964355e+01
1.302372598648071289e+01
1.296063327789306641e+01
1.296224093437194824e+01
1.301924467086791992e+01
1.302814912796020508e+01
1.307614898681640625e+01
1.301318573951721191e+01
1.305481624603271484e+01
1.299894523620605469e+01
1.303836178779602051e+01
1.302613782882690430e+01
1.302344083786010742e+01
1.301030683517456055e+01
1.302764725685119629e+01
1.302762627601623535e+01
1.300878143310546875e+01
1.302862834930419922e+01
1.302501797676086426e+01
1.304235124588012695e+01
1.304067564010620117e+01
1.298564338684082031e+01
1.316876339912414551e+01
1.298024129867553711e+01
1.301205325126647949e+01
1.294491004943847656e+01
1.299084901809692383e+01
1.299611568450927734e+01
1.298668098449707031e+01
1.296464991569519043e+01
1.304553151130676270e+01
1.299438714981079102e+01
1.304692173004150391e+01
1.300382971763610840e+01
1.300154852867126465e+01
1.302687668800354004e+01
1.301617693901062012e+01
1.305330109596252441e+01
1.302903962135314941e+01
1.302392101287841797e+01
1.299159741401672363e+01
1.309539437294006348e+01
1.302270269393920898e+01
1.299094772338867188e+01
1.300917696952819824e+01
1.302275967597961426e+01
1.302123188972473145e+01
1.306240916252136230e+01
1.300975131988525391e+01
1.301702523231506348e+01
1.300886535644531250e+01
1.302559041976928711e+01
1.303521609306335449e+01
1.306120729446411133e+01
1.298315167427062988e+01
1.294822716712951660e+01
1.305815887451171875e+01
1.300313162803649902e+01
1.299571490287780762e+01
1.305228066444396973e+01
1.309338569641113281e+01
1.300618100166320801e+01
1.306559681892395020e+01
1.298066258430480957e+01
1.298679351806640625e+01
1.302876281738281250e+01
1.303223538398742676e+01
1.302634549140930176e+01
1.301699090003967285e+01
1.304630661010742188e+01
1.302753376960754395e+01
1.303431487083435059e+01
1.303786206245422363e+01
1.308329963684082031e+01
1.300914382934570312e+01
1.304933428764343262e+01
1.303577733039855957e+01
1.303535604476928711e+01
1.302272105216979980e+01
1.310139560699462891e+01
1.302158880233764648e+01
1.299347519874572754e+01
1.298644423484802246e+01
1.301706647872924805e+01
1.306527400016784668e+01
1.303764843940734863e+01
1.300897502899169922e+01
1.298944449424743652e+01
1.294557476043701172e+01
1.300464296340942383e+01
1.303760957717895508e+01
1.303748941421508789e+01
1.304239225387573242e+01
1.299689698219299316e+01
1.303208661079406738e+01
1.300759983062744141e+01
1.304780745506286621e+01
1.298136377334594727e+01
1.313071131706237793e+01
1.303360223770141602e+01
1.311789822578430176e+01
1.311922311782836914e+01
1.309140539169311523e+01
1.355354428291320801e+01
1.307566857337951660e+01
1.300385689735412598e+01
1.307611823081970215e+01
1.300325608253479004e+01
1.302600073814392090e+01
1.305178570747375488e+01
1.305175018310546875e+01
1.304579782485961914e+01
1.306942677497863770e+01
