2.246420693397521973e+01
2.208356881141662598e+01
2.217152786254882812e+01
2.268929553031921387e+01
2.218793749809265137e+01
2.244208526611328125e+01
2.242174720764160156e+01
2.195441389083862305e+01
2.214854240417480469e+01
2.296328949928283691e+01
2.254915928840637207e+01
2.191687560081481934e+01
2.219092297554016113e+01
2.198160529136657715e+01
2.208192825317382812e+01
2.235064649581909180e+01
2.247317600250244141e+01
2.226805520057678223e+01
2.187102007865905762e+01
2.228169751167297363e+01
2.208708715438842773e+01
2.192790937423706055e+01
2.239271950721740723e+01
2.205148601531982422e+01
2.257739567756652832e+01
2.242312884330749512e+01
2.219476246833801270e+01
2.201073265075683594e+01
2.214243054389953613e+01
2.215480017662048340e+01
2.260849595069885254e+01
2.238757491111755371e+01
2.257324743270874023e+01
2.226095533370971680e+01
2.215788459777832031e+01
2.220728826522827148e+01
2.229596090316772461e+01
2.204958057403564453e+01
2.209250259399414062e+01
2.211419868469238281e+01
2.246509313583374023e+01
2.224883842468261719e+01
2.234591102600097656e+01
2.249574375152587891e+01
2.217699027061462402e+01
2.221748304367065430e+01
2.237149047851562500e+01
2.278274989128112793e+01
2.212410688400268555e+01
2.267684268951416016e+01
2.235463690757751465e+01
2.207468962669372559e+01
2.252662944793701172e+01
2.248077082633972168e+01
2.214947724342346191e+01
2.202437210083007812e+01
2.230679106712341309e+01
2.227739191055297852e+01
2.233471536636352539e+01
2.238684988021850586e+01
2.200848007202148438e+01
2.177977418899536133e+01
2.236949706077575684e+01
2.241537761688232422e+01
2.188849639892578125e+01
2.230159139633178711e+01
2.232147669792175293e+01
2.211934852600097656e+01
2.217570567131042480e+01
2.227717852592468262e+01
2.240093946456909180e+01
2.236107850074768066e+01
2.451335716247558594e+01
2.218047142028808594e+01
2.172918486595153809e+01
2.179112792015075684e+01
2.222792506217956543e+01
2.218233466148376465e+01
2.247817325592041016e+01
2.214410281181335449e+01
2.227146840095520020e+01
2.217301559448242188e+01
2.257290148735046387e+01
2.234487390518188477e+01
2.269437742233276367e+01
2.162224292755126953e+01
2.222670507431030273e+01
2.229486918449401855e+01
2.240031862258911133e+01
2.204685592651367188e+01
2.206885719299316406e+01
2.229396891593933105e+01
2.204997324943542480e+01
2.223416924476623535e+01
2.210632228851318359e+01
2.196926951408386230e+01
2.227158617973327637e+01
2.195147728919982910e+01
2.213203573226928711e+01
2.245963573455810547e+01
2.191078352928161621e+01
2.176099133491516113e+01
2.208471703529357910e+01
2.196436357498168945e+01
2.208860349655151367e+01
2.230157494544982910e+01
2.218763184547424316e+01
2.200080704689025879e+01
2.194661068916320801e+01
2.276741814613342285e+01
2.259013986587524414e+01
2.236422228813171387e+01
2.210610938072204590e+01
2.188974952697753906e+01
2.199779486656188965e+01
2.230250000953674316e+01
2.220870208740234375e+01
2.203535842895507812e+01
2.207278394699096680e+01
2.201900172233581543e+01
2.196206521987915039e+01
2.195782041549682617e+01
2.244778847694396973e+01
2.180629491806030273e+01
2.190484976768493652e+01
2.214940977096557617e+01
2.220826292037963867e+01
2.232416296005249023e+01
2.263497090339660645e+01
2.221273660659790039e+01
2.264639711380004883e+01
2.207537722587585449e+01
2.202845215797424316e+01
2.229379868507385254e+01
2.216930580139160156e+01
2.200300145149230957e+01
2.227115392684936523e+01
2.206981563568115234e+01
2.209018445014953613e+01
2.187276816368103027e+01
2.234686136245727539e+01
2.202029252052307129e+01
2.215132832527160645e+01
2.204113936424255371e+01
2.196859955787658691e+01
2.201812148094177246e+01
2.256756973266601562e+01
2.247385168075561523e+01
2.218448853492736816e+01
2.240455770492553711e+01
2.232621455192565918e+01
2.209557771682739258e+01
2.184217262268066406e+01
2.216463327407836914e+01
2.205292654037475586e+01
2.197828960418701172e+01
2.216473722457885742e+01
2.206986093521118164e+01
2.214308953285217285e+01
2.195477557182312012e+01
2.238496923446655273e+01
2.221532821655273438e+01
2.198532819747924805e+01
2.200848174095153809e+01
2.261789083480834961e+01
2.219481325149536133e+01
2.275167417526245117e+01
2.206782770156860352e+01
2.255914616584777832e+01
2.287511968612670898e+01
2.240168118476867676e+01
2.246659469604492188e+01
2.217602086067199707e+01
2.227364778518676758e+01
2.205097532272338867e+01
2.195894074440002441e+01
2.252025413513183594e+01
2.212257742881774902e+01
2.229051256179809570e+01
2.245735216140747070e+01
2.264611768722534180e+01
2.219277453422546387e+01
2.223609614372253418e+01
2.212888836860656738e+01
2.223731851577758789e+01
2.267156171798706055e+01
2.221060919761657715e+01
2.230205607414245605e+01
2.279588127136230469e+01
2.222449707984924316e+01
2.364277195930480957e+01
2.228229451179504395e+01
2.207920718193054199e+01
2.187381434440612793e+01
2.236372542381286621e+01
2.265572953224182129e+01
2.248274207115173340e+01
2.217226982116699219e+01
2.280360269546508789e+01
2.249074006080627441e+01
