2.246876811981201172e+01
2.213389968872070312e+01
2.217148876190185547e+01
2.246690726280212402e+01
2.257864117622375488e+01
2.252065539360046387e+01
2.208794999122619629e+01
2.206560134887695312e+01
2.217949509620666504e+01
2.310835123062133789e+01
2.201127195358276367e+01
2.239329981803894043e+01
2.216665458679199219e+01
2.191019487380981445e+01
2.239508557319641113e+01
2.292893552780151367e+01
2.237690973281860352e+01
2.244788455963134766e+01
2.216200327873229980e+01
2.244107818603515625e+01
2.206645202636718750e+01
2.226637768745422363e+01
2.203675150871276855e+01
2.211222004890441895e+01
2.257406330108642578e+01
2.237064671516418457e+01
2.238261508941650391e+01
2.221681118011474609e+01
2.252304124832153320e+01
2.250766158103942871e+01
2.241807961463928223e+01
2.242994689941406250e+01
2.263339161872863770e+01
2.211126375198364258e+01
2.252689838409423828e+01
2.219860625267028809e+01
2.189071488380432129e+01
2.222651648521423340e+01
2.229756522178649902e+01
2.267085552215576172e+01
2.263949394226074219e+01
2.249458098411560059e+01
2.245076847076416016e+01
2.232327866554260254e+01
2.251452302932739258e+01
2.241043829917907715e+01
2.241236925125122070e+01
2.237463974952697754e+01
2.215048766136169434e+01
2.244633793830871582e+01
2.193310260772705078e+01
2.208174562454223633e+01
2.222288751602172852e+01
2.179665064811706543e+01
2.210618114471435547e+01
2.181700515747070312e+01
2.232102108001708984e+01
2.229040527343750000e+01
2.230792450904846191e+01
2.206939649581909180e+01
2.210012292861938477e+01
2.209306240081787109e+01
2.203948521614074707e+01
2.223822450637817383e+01
2.187369942665100098e+01
2.304077911376953125e+01
2.234185314178466797e+01
2.250863146781921387e+01
2.210814929008483887e+01
2.221051335334777832e+01
2.247347617149353027e+01
2.244330191612243652e+01
2.473295331001281738e+01
2.203829383850097656e+01
2.215150094032287598e+01
2.220021033287048340e+01
2.210710930824279785e+01
2.182226300239562988e+01
2.238797855377197266e+01
2.225963973999023438e+01
2.211876153945922852e+01
2.253421998023986816e+01
2.258551692962646484e+01
2.225931024551391602e+01
2.258833169937133789e+01
2.203484392166137695e+01
2.263765335083007812e+01
2.208346366882324219e+01
2.208693385124206543e+01
2.210083818435668945e+01
2.209251523017883301e+01
2.229960560798645020e+01
2.230582523345947266e+01
2.203237152099609375e+01
2.229148530960083008e+01
2.191586542129516602e+01
2.203447198867797852e+01
2.198185563087463379e+01
2.213404750823974609e+01
2.237288498878479004e+01
2.228318619728088379e+01
2.175268721580505371e+01
2.224467778205871582e+01
2.174514746665954590e+01
2.199983453750610352e+01
2.242269992828369141e+01
2.251840305328369141e+01
2.213593912124633789e+01
2.171422266960144043e+01
2.258295536041259766e+01
2.236589121818542480e+01
2.213537955284118652e+01
2.219008660316467285e+01
2.215886330604553223e+01
2.216216278076171875e+01
2.235964608192443848e+01
2.229945182800292969e+01
2.205809473991394043e+01
2.251976537704467773e+01
2.234017372131347656e+01
2.224055361747741699e+01
2.194785165786743164e+01
2.269208168983459473e+01
2.181691050529479980e+01
2.222943377494812012e+01
2.225948476791381836e+01
2.207888102531433105e+01
2.218561315536499023e+01
2.248627710342407227e+01
2.233403158187866211e+01
2.231084036827087402e+01
2.190671062469482422e+01
2.210621118545532227e+01
2.217852330207824707e+01
2.225693154335021973e+01
2.183528923988342285e+01
2.226203107833862305e+01
2.225617575645446777e+01
2.193518400192260742e+01
2.243992042541503906e+01
2.242316794395446777e+01
2.239531493186950684e+01
2.233523321151733398e+01
2.214952182769775391e+01
2.228500008583068848e+01
2.246571922302246094e+01
2.244465637207031250e+01
2.276701617240905762e+01
2.216523146629333496e+01
2.222518372535705566e+01
2.198611235618591309e+01
2.210291743278503418e+01
2.210296583175659180e+01
2.204939651489257812e+01
2.218450903892517090e+01
2.199194669723510742e+01
2.211886000633239746e+01
2.215484189987182617e+01
2.199433326721191406e+01
2.187901377677917480e+01
2.241450238227844238e+01
2.224303150177001953e+01
2.211325454711914062e+01
2.227845335006713867e+01
2.241937708854675293e+01
2.239935398101806641e+01
2.268386816978454590e+01
2.220611906051635742e+01
2.235528302192687988e+01
2.280472540855407715e+01
2.220009350776672363e+01
2.214624285697937012e+01
2.223344206809997559e+01
2.194869709014892578e+01
2.214674329757690430e+01
2.230737924575805664e+01
2.207261443138122559e+01
2.238937997817993164e+01
2.169221520423889160e+01
2.216130614280700684e+01
2.219199895858764648e+01
2.198177194595336914e+01
2.232815599441528320e+01
2.198248815536499023e+01
2.210806727409362793e+01
2.268297362327575684e+01
2.211872529983520508e+01
2.242052221298217773e+01
2.295972132682800293e+01
2.252873945236206055e+01
2.401356935501098633e+01
2.198429608345031738e+01
2.243591713905334473e+01
2.237712216377258301e+01
2.243821620941162109e+01
2.244343161582946777e+01
2.222305536270141602e+01
2.204816102981567383e+01
2.283656692504882812e+01
2.266844773292541504e+01
