9.819999694824218750e+00
1.138000011444091797e+01
1.030999946594238281e+01
1.125000000000000000e+01
9.729999542236328125e+00
9.529999732971191406e+00
1.069999980926513672e+01
1.018999958038330078e+01
1.005999946594238281e+01
9.949999809265136719e+00
1.169999980926513672e+01
1.019999980926513672e+01
9.989999771118164062e+00
1.026999950408935547e+01
1.018999958038330078e+01
1.014999961853027344e+01
9.099999427795410156e+00
9.380000114440917969e+00
1.080000019073486328e+01
9.960000038146972656e+00
9.309999465942382812e+00
1.017000007629394531e+01
9.889999389648437500e+00
1.105999946594238281e+01
1.002999973297119141e+01
1.000000000000000000e+01
1.051999950408935547e+01
1.009000015258789062e+01
1.001999950408935547e+01
1.080000019073486328e+01
1.000000000000000000e+01
1.050999927520751953e+01
1.085999965667724609e+01
1.059000015258789062e+01
9.939999580383300781e+00
1.046999931335449219e+01
9.899999618530273438e+00
1.006999969482421875e+01
1.000000000000000000e+01
1.068999958038330078e+01
1.132999992370605469e+01
1.006999969482421875e+01
1.006999969482421875e+01
9.760000228881835938e+00
9.960000038146972656e+00
9.979999542236328125e+00
1.082999992370605469e+01
9.989999771118164062e+00
1.055999946594238281e+01
1.139999961853027344e+01
9.909999847412109375e+00
1.005999946594238281e+01
1.128999996185302734e+01
1.005000019073486328e+01
9.939999580383300781e+00
1.028999996185302734e+01
1.000000000000000000e+01
1.000000000000000000e+01
1.023999977111816406e+01
1.000000000000000000e+01
1.040999984741210938e+01
1.180999946594238281e+01
1.000999927520751953e+01
1.001999950408935547e+01
1.021000003814697266e+01
1.009000015258789062e+01
1.028999996185302734e+01
1.000000000000000000e+01
9.989999771118164062e+00
1.039999961853027344e+01
1.002999973297119141e+01
9.609999656677246094e+00
1.048999977111816406e+01
1.146000003814697266e+01
1.031999969482421875e+01
9.460000038146972656e+00
1.042999935150146484e+01
1.006999969482421875e+01
1.021000003814697266e+01
1.140999984741210938e+01
1.002999973297119141e+01
1.000000000000000000e+01
9.909999847412109375e+00
1.005000019073486328e+01
1.064999961853027344e+01
1.000000000000000000e+01
1.000000000000000000e+01
1.036999988555908203e+01
1.063000011444091797e+01
1.056999969482421875e+01
1.034999942779541016e+01
1.000000000000000000e+01
1.088999938964843750e+01
1.001999950408935547e+01
1.013999938964843750e+01
1.000999927520751953e+01
1.218999958038330078e+01
1.040999984741210938e+01
1.000000000000000000e+01
1.003999996185302734e+01
9.769999504089355469e+00
9.939999580383300781e+00
1.017000007629394531e+01
1.001999950408935547e+01
1.059999942779541016e+01
1.046000003814697266e+01
1.096000003814697266e+01
1.119999980926513672e+01
1.050000000000000000e+01
1.125999927520751953e+01
1.038000011444091797e+01
1.148999977111816406e+01
1.128999996185302734e+01
1.142000007629394531e+01
1.188000011444091797e+01
1.175999927520751953e+01
1.197999954223632812e+01
1.271999931335449219e+01
1.181999969482421875e+01
1.157999992370605469e+01
1.217999935150146484e+01
1.333999919891357422e+01
1.218999958038330078e+01
1.257999992370605469e+01
1.363000011444091797e+01
1.401999950408935547e+01
1.402999973297119141e+01
1.525999927520751953e+01
1.463999938964843750e+01
1.486999988555908203e+01
1.396999931335449219e+01
1.631999969482421875e+01
1.556999969482421875e+01
1.729999923706054688e+01
1.525999927520751953e+01
1.542999935150146484e+01
1.639999961853027344e+01
1.768000030517578125e+01
1.782999992370605469e+01
1.544999980926513672e+01
1.772999954223632812e+01
1.661999893188476562e+01
1.956999969482421875e+01
1.934000015258789062e+01
1.844999885559082031e+01
1.937999916076660156e+01
1.869999885559082031e+01
2.026999855041503906e+01
1.850000000000000000e+01
2.135000038146972656e+01
2.194999885559082031e+01
2.220999908447265625e+01
2.168000030517578125e+01
2.243000030517578125e+01
2.229999923706054688e+01
2.202999877929687500e+01
2.229999923706054688e+01
2.187999916076660156e+01
2.220999908447265625e+01
2.234000015258789062e+01
2.235000038146972656e+01
2.235999870300292969e+01
2.229999923706054688e+01
2.247999954223632812e+01
2.244999885559082031e+01
2.202999877929687500e+01
2.229999923706054688e+01
2.273999977111816406e+01
2.245999908447265625e+01
2.222999954223632812e+01
2.245999908447265625e+01
2.231999969482421875e+01
2.234000015258789062e+01
2.231999969482421875e+01
2.262999916076660156e+01
2.256999969482421875e+01
2.243999862670898438e+01
2.229999923706054688e+01
2.232999992370605469e+01
2.268000030517578125e+01
2.272999954223632812e+01
2.271999931335449219e+01
2.284000015258789062e+01
2.268999862670898438e+01
2.288999938964843750e+01
2.292000007629394531e+01
2.292000007629394531e+01
2.284999847412109375e+01
2.314999961853027344e+01
2.293999862670898438e+01
2.290999984741210938e+01
2.303999900817871094e+01
2.298999977111816406e+01
2.334999847412109375e+01
2.332999992370605469e+01
2.311999893188476562e+01
2.311999893188476562e+01
2.304999923706054688e+01
2.331999969482421875e+01
2.336999893188476562e+01
