9.935999999847412667e+00
1.060799999938964788e+01
1.039999999938964770e+01
9.792000002441406892e+00
9.983999999694823657e+00
1.070399999969482430e+01
1.020799999969482386e+01
1.048000000244140573e+01
1.024000000000000021e+01
1.024000000244140551e+01
1.055999999984741144e+01
9.951999999389649076e+00
1.039999999908447315e+01
1.049599999954223684e+01
9.855999999542236267e+00
1.097599999938964821e+01
1.014399999938964925e+01
1.044799999908447319e+01
9.391999999084472250e+00
9.775999999389648920e+00
1.008000000244140537e+01
1.014399999908447292e+01
1.047999999877929689e+01
1.001599999969482369e+01
1.001599999938964913e+01
9.855999995727538376e+00
9.743999999389648892e+00
9.759999999542236182e+00
1.001600000244140709e+01
9.999999998779296462e+00
9.968000002441407048e+00
9.424000002441406565e+00
1.033599999969482397e+01
9.503999999847412283e+00
9.551999999694825050e+00
1.041600000244140567e+01
1.003199999969482370e+01
1.043199999954223678e+01
9.567999999389648735e+00
1.039999999969482403e+01
1.039999999877929682e+01
9.999999999084472790e+00
1.068799999572753912e+01
1.022400000244140550e+01
9.615999999389648778e+00
1.068800000244140591e+01
1.033599999969482397e+01
9.744000002441406849e+00
1.038399999908447313e+01
9.871999995727538391e+00
1.076799999908447347e+01
1.060799999908447333e+01
1.041600000244140567e+01
1.022400000488281258e+01
1.015999999908447293e+01
1.073599999938964800e+01
1.076799999938964802e+01
1.036800000244140563e+01
1.004799999938964916e+01
1.033599999954223669e+01
1.007999999954223647e+01
1.054399999954223688e+01
1.000000000244140708e+01
1.047999999938964777e+01
1.048000000244140573e+01
9.615999999084472449e+00
1.041599999908447316e+01
1.020799999938964930e+01
1.022399999572753870e+01
1.004799999908447283e+01
1.036799999954223672e+01
1.009599999984741281e+01
1.063999999938964791e+01
1.017599999877929662e+01
9.999999999542236395e+00
9.951999995727538462e+00
1.012799999954223651e+01
1.076799999954223708e+01
1.108799999954223559e+01
9.839999999084472648e+00
1.092799999908447184e+01
1.036799999954223672e+01
1.044800000244140570e+01
9.839999999542236253e+00
1.054400000244140578e+01
1.036799999969482400e+01
1.012799999908447290e+01
9.967999999694823643e+00
1.020799999908447298e+01
1.083199999908447353e+01
1.041599999938964771e+01
1.015999999511718777e+01
1.003199999954223642e+01
1.052799999938964781e+01
1.015999999954223654e+01
9.823999999694823515e+00
1.012799999969482379e+01
9.711999999542236139e+00
1.107199999938964829e+01
9.567999999542236012e+00
9.935999999084472734e+00
1.084799999908447354e+01
1.132799999969482485e+01
1.204799999908447283e+01
1.185599999954223627e+01
1.217600000244140546e+01
1.278399999954223709e+01
1.319999999938964841e+01
1.367999999908447251e+01
1.316799999938964838e+01
1.377599999954223620e+01
1.390399999908447271e+01
1.457600000244140581e+01
1.455999999969482417e+01
1.495999999511718670e+01
1.547199999908447232e+01
1.555199999938964872e+01
1.508800000183105539e+01
1.532799999572753968e+01
1.659199999572754081e+01
1.612800000244140719e+01
1.662399999572754083e+01
1.732799999572753791e+01
1.726399999938964669e+01
1.771199999572753825e+01
1.726400000244140642e+01
1.804799999938964916e+01
1.811199999908447111e+01
1.884799999511718838e+01
1.859199999877929699e+01
1.976000000183105598e+01
1.929600000183105379e+01
1.984000000183105428e+01
2.011200000183105630e+01
2.044799999572753890e+01
2.011199999572754038e+01
2.052799999877929693e+01
2.062399999877929702e+01
2.094400000488281322e+01
2.063999999572753907e+01
2.164800000183105411e+01
2.251200000183105487e+01
2.270400000122070239e+01
2.225600000488281083e+01
2.315199999877929571e+01
2.244800000488281100e+01
2.254399999511718633e+01
2.302400000122070267e+01
2.312000000183105541e+01
2.409600000183105450e+01
2.459200000488281290e+01
2.473600000183105507e+01
2.459199999816894433e+01
2.473599999908447344e+01
2.503999999908447194e+01
2.483199999511718659e+01
2.497599999511718849e+01
2.486400000122070253e+01
2.495999999145507786e+01
2.452800000488281285e+01
2.591999999511718755e+01
2.524800000732421879e+01
2.611200000122070364e+01
2.551999999816894515e+01
2.451199999908447325e+01
2.545599999145507653e+01
2.548799999816894513e+01
2.616000000122070190e+01
2.631999999511718613e+01
2.483200000183105516e+01
2.555199999816894518e+01
2.551999999511718897e+01
2.599999999145507701e+01
2.550400000244140486e+01
2.620799999816894399e+01
2.633599999511718792e+01
2.583999999511718926e+01
2.656000000183105314e+01
2.556799999511718724e+01
2.662400000183105320e+01
2.657599999511718636e+01
2.619199999511718602e+01
2.630400000366211088e+01
2.599999999816894558e+01
2.633600000488281268e+01
2.655999999572754078e+01
2.628799999511718610e+01
2.572800000366211037e+01
2.564799999511718909e+01
2.606399999511718590e+01
2.596800000244140705e+01
2.672000000488281302e+01
2.657599999816894609e+01
2.616000000488281074e+01
2.628800000488281086e+01
2.644799999755859332e+01
2.671999999816894444e+01
2.676799999877929537e+01
2.670399998779296880e+01
2.633600000732421975e+01
