4.260013103485107422e-01
4.184973239898681641e-01
4.192075729370117188e-01
4.207806587219238281e-01
4.153954982757568359e-01
4.178307056427001953e-01
4.181356430053710938e-01
4.219768047332763672e-01
4.098896980285644531e-01
4.220178127288818359e-01
4.188921451568603516e-01
4.156582355499267578e-01
4.201056957244873047e-01
4.089879989624023438e-01
4.160897731781005859e-01
4.132342338562011719e-01
4.115364551544189453e-01
4.207241535186767578e-01
4.130706787109375000e-01
4.174177646636962891e-01
4.073541164398193359e-01
4.148063659667968750e-01
4.198305606842041016e-01
4.148445129394531250e-01
4.162030220031738281e-01
4.087142944335937500e-01
4.136281013488769531e-01
4.222278594970703125e-01
4.277734756469726562e-01
4.155845642089843750e-01
4.104464054107666016e-01
4.165046215057373047e-01
4.170153141021728516e-01
4.116694927215576172e-01
4.177694320678710938e-01
4.130849838256835938e-01
4.131648540496826172e-01
4.152150154113769531e-01
4.115912914276123047e-01
4.253211021423339844e-01
4.151208400726318359e-01
4.218525886535644531e-01
4.133055210113525391e-01
4.140112400054931641e-01
4.179666042327880859e-01
4.161427021026611328e-01
4.186267852783203125e-01
4.125990867614746094e-01
4.061148166656494141e-01
4.165029525756835938e-01
4.075992107391357422e-01
4.154698848724365234e-01
4.094486236572265625e-01
4.127004146575927734e-01
4.119138717651367188e-01
4.079828262329101562e-01
4.186260700225830078e-01
4.105861186981201172e-01
4.135680198669433594e-01
4.107673168182373047e-01
4.064724445343017578e-01
4.158992767333984375e-01
4.077315330505371094e-01
4.165248870849609375e-01
4.098341464996337891e-01
4.189853668212890625e-01
4.138863086700439453e-01
4.099776744842529297e-01
4.120628833770751953e-01
4.102919101715087891e-01
4.083878993988037109e-01
4.543373584747314453e-01
7.208905220031738281e-01
4.146461486816406250e-01
4.086775779724121094e-01
4.084122180938720703e-01
4.087255001068115234e-01
4.077770709991455078e-01
4.119889736175537109e-01
4.106202125549316406e-01
4.130840301513671875e-01
4.066748619079589844e-01
4.087045192718505859e-01
4.165902137756347656e-01
4.191601276397705078e-01
4.095783233642578125e-01
4.037468433380126953e-01
4.124908447265625000e-01
4.112169742584228516e-01
4.087584018707275391e-01
4.152624607086181641e-01
4.066405296325683594e-01
4.101135730743408203e-01
4.100410938262939453e-01
4.114842414855957031e-01
4.142467975616455078e-01
4.088048934936523438e-01
4.122867584228515625e-01
4.077730178833007812e-01
4.141764640808105469e-01
4.135215282440185547e-01
4.093194007873535156e-01
4.165346622467041016e-01
4.046475887298583984e-01
4.112884998321533203e-01
4.119803905487060547e-01
4.095416069030761719e-01
4.155738353729248047e-01
4.082443714141845703e-01
4.204862117767333984e-01
4.148902893066406250e-01
4.072902202606201172e-01
4.149193763732910156e-01
4.039466381072998047e-01
4.122943878173828125e-01
4.119677543640136719e-01
4.114871025085449219e-01
4.184296131134033203e-01
4.066658020019531250e-01
4.126458168029785156e-01
4.081878662109375000e-01
4.088001251220703125e-01
4.162538051605224609e-01
4.079320430755615234e-01
4.142930507659912109e-01
4.104406833648681641e-01
4.121894836425781250e-01
4.170587062835693359e-01
4.164497852325439453e-01
4.195749759674072266e-01
4.051527976989746094e-01
4.106955528259277344e-01
4.137630462646484375e-01
4.064233303070068359e-01
4.157912731170654297e-01
4.092826843261718750e-01
4.110984802246093750e-01
4.137814044952392578e-01
4.082000255584716797e-01
4.176380634307861328e-01
4.077758789062500000e-01
4.080073833465576172e-01
4.138374328613281250e-01
4.072053432464599609e-01
4.175527095794677734e-01
4.073522090911865234e-01
4.106845855712890625e-01
4.249024391174316406e-01
4.086065292358398438e-01
4.151494503021240234e-01
4.069957733154296875e-01
4.148292541503906250e-01
4.098610877990722656e-01
4.092051982879638672e-01
4.190347194671630859e-01
4.064064025878906250e-01
4.174239635467529297e-01
4.143409729003906250e-01
4.100878238677978516e-01
4.149131774902343750e-01
4.113736152648925781e-01
4.138040542602539062e-01
4.098913669586181641e-01
4.158227443695068359e-01
4.136013984680175781e-01
4.079840183258056641e-01
4.193840026855468750e-01
4.165458679199218750e-01
4.149050712585449219e-01
4.088437557220458984e-01
4.090244770050048828e-01
4.138298034667968750e-01
4.105947017669677734e-01
4.133894443511962891e-01
4.127609729766845703e-01
4.109888076782226562e-01
4.139826297760009766e-01
4.134685993194580078e-01
4.147915840148925781e-01
4.087057113647460938e-01
4.106726646423339844e-01
4.095211029052734375e-01
4.087476730346679688e-01
4.155485630035400391e-01
4.093608856201171875e-01
4.165511131286621094e-01
4.078917503356933594e-01
4.160363674163818359e-01
4.113631248474121094e-01
4.137301445007324219e-01
5.316729545593261719e-01
4.095201492309570312e-01
4.122970104217529297e-01
4.088478088378906250e-01
4.109942913055419922e-01
4.146711826324462891e-01
4.077403545379638672e-01
4.173827171325683594e-01
4.079663753509521484e-01
4.127814769744873047e-01
