1.306982064247131348e+01
1.230100321769714355e+01
1.229165601730346680e+01
1.234834384918212891e+01
1.227586865425109863e+01
1.231600975990295410e+01
1.233417105674743652e+01
1.227321577072143555e+01
1.233287906646728516e+01
1.229275536537170410e+01
1.234030723571777344e+01
1.233261394500732422e+01
1.235366678237915039e+01
1.232431626319885254e+01
1.231519532203674316e+01
1.231401658058166504e+01
1.236734485626220703e+01
1.236319851875305176e+01
1.234290146827697754e+01
1.232614564895629883e+01
1.225081110000610352e+01
1.224184203147888184e+01
1.229554796218872070e+01
1.233034372329711914e+01
1.229722452163696289e+01
1.230026388168334961e+01
1.224164509773254395e+01
1.229850840568542480e+01
1.228811311721801758e+01
1.230252790451049805e+01
1.234812521934509277e+01
1.234179973602294922e+01
1.230601763725280762e+01
1.232859373092651367e+01
1.231385707855224609e+01
1.227108216285705566e+01
1.230196785926818848e+01
1.232867217063903809e+01
1.227223587036132812e+01
1.234663653373718262e+01
1.232483029365539551e+01
1.237231397628784180e+01
1.231213450431823730e+01
1.233652400970458984e+01
1.227935862541198730e+01
1.228990125656127930e+01
1.239944243431091309e+01
1.232167124748229980e+01
1.225482320785522461e+01
1.235385274887084961e+01
1.231338882446289062e+01
1.234086012840270996e+01
1.236087965965270996e+01
1.231748843193054199e+01
1.227147650718688965e+01
1.232704758644104004e+01
1.231307363510131836e+01
1.232362127304077148e+01
1.227223730087280273e+01
1.234943175315856934e+01
1.229531216621398926e+01
1.233319377899169922e+01
1.238155388832092285e+01
1.238704776763916016e+01
1.229800057411193848e+01
1.227233982086181641e+01
1.231764459609985352e+01
1.230888342857360840e+01
1.235805249214172363e+01
1.227936959266662598e+01
1.238260388374328613e+01
1.229084539413452148e+01
1.180961132049560547e+01
1.231593012809753418e+01
1.224757647514343262e+01
1.227803611755371094e+01
1.236695718765258789e+01
1.226717281341552734e+01
1.233007001876831055e+01
1.227655982971191406e+01
1.221527338027954102e+01
1.230107951164245605e+01
1.232297134399414062e+01
1.231411457061767578e+01
1.239032411575317383e+01
1.224946236610412598e+01
1.231954526901245117e+01
1.234249329566955566e+01
1.234197402000427246e+01
1.227834320068359375e+01
1.232151794433593750e+01
1.233293151855468750e+01
1.229009604454040527e+01
1.237846040725708008e+01
1.234375452995300293e+01
1.228879761695861816e+01
1.238630580902099609e+01
1.224567770957946777e+01
1.223634314537048340e+01
1.229925227165222168e+01
1.227005887031555176e+01
1.232707071304321289e+01
1.233410406112670898e+01
1.231267094612121582e+01
1.223877096176147461e+01
1.235568785667419434e+01
1.237393474578857422e+01
1.230974435806274414e+01
1.233582234382629395e+01
1.235113406181335449e+01
1.239279007911682129e+01
1.232902932167053223e+01
1.234808373451232910e+01
1.225987958908081055e+01
1.229938387870788574e+01
1.225996708869934082e+01
1.228413677215576172e+01
1.232425093650817871e+01
1.224625039100646973e+01
1.227450132369995117e+01
1.232205390930175781e+01
1.233015966415405273e+01
1.235479164123535156e+01
1.227374911308288574e+01
1.234275794029235840e+01
1.227428793907165527e+01
1.231094527244567871e+01
1.226970839500427246e+01
1.223450756072998047e+01
1.235810422897338867e+01
1.232971429824829102e+01
1.228154015541076660e+01
1.236522698402404785e+01
1.233875846862792969e+01
1.231423902511596680e+01
1.237620091438293457e+01
1.238148570060729980e+01
1.237958097457885742e+01
1.229924345016479492e+01
1.225454807281494141e+01
1.229462909698486328e+01
1.229391288757324219e+01
1.231429910659790039e+01
1.237727546691894531e+01
1.231131553649902344e+01
1.223830986022949219e+01
1.225937271118164062e+01
1.231291556358337402e+01
1.229595780372619629e+01
1.232031655311584473e+01
1.231756162643432617e+01
1.238082027435302734e+01
1.232377648353576660e+01
1.230568432807922363e+01
1.231022214889526367e+01
1.232326602935791016e+01
1.233944058418273926e+01
1.230979561805725098e+01
1.237668466567993164e+01
1.231345582008361816e+01
1.233464813232421875e+01
1.233567309379577637e+01
1.226096916198730469e+01
1.232701969146728516e+01
1.235200619697570801e+01
1.232708358764648438e+01
1.232580256462097168e+01
1.237080621719360352e+01
1.234388780593872070e+01
1.236671209335327148e+01
1.232871842384338379e+01
1.236493229866027832e+01
1.232204818725585938e+01
1.238734936714172363e+01
1.231195569038391113e+01
1.231618618965148926e+01
1.240956425666809082e+01
1.236703395843505859e+01
1.235346031188964844e+01
1.235031867027282715e+01
1.239620947837829590e+01
1.230058193206787109e+01
1.224740743637084961e+01
1.233178281784057617e+01
1.228949713706970215e+01
1.230535483360290527e+01
1.223502206802368164e+01
1.230980443954467773e+01
1.227086806297302246e+01
1.232482028007507324e+01
1.244733667373657227e+01
1.238176012039184570e+01
1.228593802452087402e+01
1.227925658226013184e+01
1.223876333236694336e+01
1.243906569480895996e+01
1.240647459030151367e+01
1.229635691642761230e+01
1.225969672203063965e+01
1.235216116905212402e+01
