2.523832993392944424e+00
2.572441168289184787e+00
2.603600425491332970e+00
2.817172217254638511e+00
2.827880506134033300e+00
2.704441042404174933e+00
2.854713973846435326e+00
2.755916376724242944e+00
2.784491644821167178e+00
2.919457829437255736e+00
3.114979438247680754e+00
2.863792545547485524e+00
2.907870313110351379e+00
2.879535530700683577e+00
2.860900890731811419e+00
3.060431484451294093e+00
3.127524122772216586e+00
3.147943208541870153e+00
3.265108603210449267e+00
3.313245367736816327e+00
3.244919600219726696e+00
3.592211311569213805e+00
3.281622546386718575e+00
3.253627335968017675e+00
3.052113356246948239e+00
2.865047688293457018e+00
2.874340382919311487e+00
2.769576531143188358e+00
2.922056996383667116e+00
2.937167581787109238e+00
2.697366022796630958e+00
2.694550560150146268e+00
2.734092079467773218e+00
2.743601705856323125e+00
2.866792600936889812e+00
2.876384452590942331e+00
2.811518152465820375e+00
2.691879391632080232e+00
2.676320114135742223e+00
2.702497511978149358e+00
2.655223311920166029e+00
2.695155294799804757e+00
2.682408560943603693e+00
2.578954803771972504e+00
2.605811591339111111e+00
2.684163415908813466e+00
2.687866377334594770e+00
2.681239043350219564e+00
2.628392825317382719e+00
2.650300424728393445e+00
2.663347195281982493e+00
2.568676313552856527e+00
2.557392005081176922e+00
2.572226746520996254e+00
2.583820440063476553e+00
2.549829936523437368e+00
2.581654447631835936e+00
2.637493296813965049e+00
2.694521341781616286e+00
2.609841183929443531e+00
2.589295166168212869e+00
2.619639771041870180e+00
2.538454520950317317e+00
2.553499123992919895e+00
2.511963601684570335e+00
2.596489368667602715e+00
2.560601286163330048e+00
2.645962886199951125e+00
2.609189703445434549e+00
2.532581137084961131e+00
2.580012972640991276e+00
2.605200229644775600e+00
2.584820302200317332e+00
2.585872911682129072e+00
2.541411374130249090e+00
2.531896442718506002e+00
2.531632173156738386e+00
2.522996417388915891e+00
2.544888693847656036e+00
2.529129489212035953e+00
2.472203485641479404e+00
2.489521884918212802e+00
2.518092353973388597e+00
2.471866347579956269e+00
2.461862122573852396e+00
2.516372614974975441e+00
2.510567040710449227e+00
2.583105732879638516e+00
2.573329378128051736e+00
2.608216800994873186e+00
2.530797946090698414e+00
2.537120409698486512e+00
2.486651600799560491e+00
2.494724954833984487e+00
2.499618019485473575e+00
2.496513630599975553e+00
2.590140736770629726e+00
2.528101768417358564e+00
2.542964189758300630e+00
2.636726833190917940e+00
2.313634371337890627e+00
2.308822276916504102e+00
2.302749326324462942e+00
2.303641211471557426e+00
2.299079759063720640e+00
2.296068004837036103e+00
2.292986290588379106e+00
2.286967637710571211e+00
2.287897362365722831e+00
2.280966520309448242e+00
2.282888413543701311e+00
2.274832219772338959e+00
2.274708223114013883e+00
2.271273368453979646e+00
2.267217197799682449e+00
2.263325336227417051e+00
2.262558917694091676e+00
2.260593079376220782e+00
2.251785094757079886e+00
2.247818529815673649e+00
2.245833026199340665e+00
2.236897510070800621e+00
2.231887564315795824e+00
2.225588397064209190e+00
2.219936815719604439e+00
2.210357936630249043e+00
2.210248159790038969e+00
2.203832640457153325e+00
2.195711680679321098e+00
2.189164513092041187e+00
2.182986787567138709e+00
2.176059811401367394e+00
2.172083955688476564e+00
2.159865839004516452e+00
2.152193569793701133e+00
2.143840474090576098e+00
2.138423623504638549e+00
2.139232924880981379e+00
2.130462211380004689e+00
2.127677911300659197e+00
2.122113601455688503e+00
2.114500845642089732e+00
2.107142263565063622e+00
2.101960378494262649e+00
2.096970739669799855e+00
2.092520710525512584e+00
2.092706914825439579e+00
2.082846583404541096e+00
2.073684596862793050e+00
2.067879719619750922e+00
2.054165277862548766e+00
2.054404858779907084e+00
2.057538723754882781e+00
2.052250888671875106e+00
2.053341711425781035e+00
2.047919657249450687e+00
2.048628148040771535e+00
2.048457405242920082e+00
2.046321670379638746e+00
2.042184589881896883e+00
2.049209142532348427e+00
2.044185740928649686e+00
2.039871223182678328e+00
2.040714009933471740e+00
2.040296548919677821e+00
2.037416067581176549e+00
2.042658983154296948e+00
2.036746836929321347e+00
2.039383859024047840e+00
2.030039762802124059e+00
2.033377526931762880e+00
2.033687449111938328e+00
2.036815604476928776e+00
2.032342781295776390e+00
2.031962355117797880e+00
2.031033799438476617e+00
2.032178846282958862e+00
2.029277464294433564e+00
2.028373859710693505e+00
2.033908000564575325e+00
2.026566098632812452e+00
2.022935690689086741e+00
2.022069147262573363e+00
2.024740986709594903e+00
2.017956774826049848e+00
2.024420929069519204e+00
2.021742593841552527e+00
2.019851413230895787e+00
2.015540317840576190e+00
2.016841303672790353e+00
2.017210056152343611e+00
2.021254312667846609e+00
2.018852924270629678e+00
2.014812030410766397e+00
2.018877994689941335e+00
2.016980098266601740e+00
2.015148435020446716e+00
2.013979029083251771e+00
2.011998319015503078e+00
2.013104786605834917e+00
