1.334157681465148926e+01
1.269852924346923828e+01
1.267735004425048828e+01
1.266646432876586914e+01
1.273841476440429688e+01
1.267264270782470703e+01
1.267002582550048828e+01
1.275631403923034668e+01
1.265562605857849121e+01
1.272875833511352539e+01
1.262445664405822754e+01
1.268154311180114746e+01
1.262607455253601074e+01
1.261847424507141113e+01
1.265264463424682617e+01
1.265201497077941895e+01
1.264010190963745117e+01
1.266367411613464355e+01
1.265063118934631348e+01
1.268104338645935059e+01
1.265960335731506348e+01
1.269140648841857910e+01
1.270108270645141602e+01
1.262519907951354980e+01
1.265899562835693359e+01
1.267066001892089844e+01
1.272467207908630371e+01
1.272922754287719727e+01
1.272688388824462891e+01
1.269174265861511230e+01
1.264560890197753906e+01
1.265247511863708496e+01
1.271144342422485352e+01
1.265100002288818359e+01
1.265470576286315918e+01
1.268808555603027344e+01
1.264958262443542480e+01
1.270889186859130859e+01
1.268336486816406250e+01
1.271279573440551758e+01
1.269351029396057129e+01
1.267277598381042480e+01
1.269420218467712402e+01
1.272631692886352539e+01
1.270655632019042969e+01
1.271518707275390625e+01
1.265220856666564941e+01
1.269606041908264160e+01
1.269325017929077148e+01
1.262651777267456055e+01
1.266243386268615723e+01
1.269145274162292480e+01
1.266082239151000977e+01
1.264871907234191895e+01
1.266064310073852539e+01
1.265054178237915039e+01
1.268583655357360840e+01
1.269349718093872070e+01
1.271256136894226074e+01
1.263032269477844238e+01
1.272641754150390625e+01
1.264708685874938965e+01
1.262571048736572266e+01
1.263445878028869629e+01
1.265939044952392578e+01
1.272061610221862793e+01
1.265051603317260742e+01
1.265505814552307129e+01
1.267672586441040039e+01
1.263277459144592285e+01
1.271951317787170410e+01
1.275855541229248047e+01
1.234344720840454102e+01
1.263863492012023926e+01
1.271152639389038086e+01
1.266134166717529297e+01
1.262563085556030273e+01
1.267862892150878906e+01
1.269548821449279785e+01
1.273421359062194824e+01
1.270631194114685059e+01
1.267765617370605469e+01
1.271138906478881836e+01
1.271731972694396973e+01
1.262892603874206543e+01
1.267538809776306152e+01
1.268331980705261230e+01
1.264013457298278809e+01
1.265471100807189941e+01
1.272391438484191895e+01
1.276355504989624023e+01
1.269503331184387207e+01
1.275215435028076172e+01
1.263771963119506836e+01
1.266310334205627441e+01
1.264244294166564941e+01
1.271161317825317383e+01
1.263600873947143555e+01
1.269244837760925293e+01
1.270107221603393555e+01
1.268021321296691895e+01
1.264020657539367676e+01
1.272683358192443848e+01
1.266988682746887207e+01
1.268559145927429199e+01
1.262497162818908691e+01
1.269045495986938477e+01
1.267201685905456543e+01
1.261099863052368164e+01
1.273923254013061523e+01
1.262587070465087891e+01
1.266249871253967285e+01
1.264222669601440430e+01
1.266522121429443359e+01
1.267207312583923340e+01
1.271090936660766602e+01
1.270349693298339844e+01
1.274122786521911621e+01
1.282103562355041504e+01
1.271243333816528320e+01
1.266733241081237793e+01
1.272430801391601562e+01
1.270889425277709961e+01
1.265698361396789551e+01
1.262033557891845703e+01
1.270147442817687988e+01
1.265810728073120117e+01
1.270700478553771973e+01
1.268065428733825684e+01
1.265752339363098145e+01
1.267503070831298828e+01
1.264255809783935547e+01
1.261088728904724121e+01
1.265360331535339355e+01
1.267493462562561035e+01
1.262780904769897461e+01
1.269693303108215332e+01
1.269380736351013184e+01
1.263312172889709473e+01
1.268106269836425781e+01
1.271862816810607910e+01
1.268063902854919434e+01
1.265419507026672363e+01
1.261785697937011719e+01
1.264901900291442871e+01
1.264128470420837402e+01
1.268805265426635742e+01
1.265629410743713379e+01
1.266081929206848145e+01
1.261758542060852051e+01
1.265662074089050293e+01
1.261836838722229004e+01
1.260942339897155762e+01
1.266143846511840820e+01
1.269973230361938477e+01
1.266740727424621582e+01
1.266491270065307617e+01
1.264364457130432129e+01
1.261713004112243652e+01
1.265106225013732910e+01
1.262696194648742676e+01
1.265577530860900879e+01
1.265855431556701660e+01
1.264775633811950684e+01
1.263893985748291016e+01
1.266405773162841797e+01
1.269243979454040527e+01
1.270343232154846191e+01
1.265407347679138184e+01
1.259969449043273926e+01
1.267779278755187988e+01
1.263891172409057617e+01
1.262519907951354980e+01
1.265495514869689941e+01
1.265490579605102539e+01
1.266673493385314941e+01
1.261825156211853027e+01
1.261702632904052734e+01
1.266901135444641113e+01
1.267778134346008301e+01
1.262573838233947754e+01
1.264916086196899414e+01
1.271321415901184082e+01
1.263056612014770508e+01
1.266774010658264160e+01
1.268090081214904785e+01
1.268972563743591309e+01
1.271898818016052246e+01
1.267688012123107910e+01
1.260925602912902832e+01
1.276721620559692383e+01
1.260047435760498047e+01
1.265888261795043945e+01
1.272836613655090332e+01
1.270559477806091309e+01
1.266575908660888672e+01
1.261922287940979004e+01
1.271708941459655762e+01
1.268461632728576660e+01
1.267701864242553711e+01
