1.372987127304077148e+01
1.300102686882019043e+01
1.303484344482421875e+01
1.306405329704284668e+01
1.302818584442138672e+01
1.306124877929687500e+01
1.304628014564514160e+01
1.303111624717712402e+01
1.306469130516052246e+01
1.312506318092346191e+01
1.302636146545410156e+01
1.301735639572143555e+01
1.301797437667846680e+01
1.304605317115783691e+01
1.306682682037353516e+01
1.306413388252258301e+01
1.302650856971740723e+01
1.307032394409179688e+01
1.306862950325012207e+01
1.296748614311218262e+01
1.306713271141052246e+01
1.299494147300720215e+01
1.308070135116577148e+01
1.301148700714111328e+01
1.308533668518066406e+01
1.305442833900451660e+01
1.304522395133972168e+01
1.308959221839904785e+01
1.311536049842834473e+01
1.312053084373474121e+01
1.300054526329040527e+01
1.301492333412170410e+01
1.297283363342285156e+01
1.300576448440551758e+01
1.302581262588500977e+01
1.305718755722045898e+01
1.307401609420776367e+01
1.299329257011413574e+01
1.299178314208984375e+01
1.307099938392639160e+01
1.308898973464965820e+01
1.301425337791442871e+01
1.304115915298461914e+01
1.304813838005065918e+01
1.308300542831420898e+01
1.308451557159423828e+01
1.301629829406738281e+01
1.305602383613586426e+01
1.299000954627990723e+01
1.297531485557556152e+01
1.297632503509521484e+01
1.298449563980102539e+01
1.294723463058471680e+01
1.296253824234008789e+01
1.298061466217041016e+01
1.297403836250305176e+01
1.298308014869689941e+01
1.298123383522033691e+01
1.307324194908142090e+01
1.306288743019104004e+01
1.301532983779907227e+01
1.303532528877258301e+01
1.301551580429077148e+01
1.303987669944763184e+01
1.303227853775024414e+01
1.308061313629150391e+01
1.303276610374450684e+01
1.300653028488159180e+01
1.298624610900878906e+01
1.317007923126220703e+01
1.305236387252807617e+01
1.311999583244323730e+01
1.304033064842224121e+01
1.298087239265441895e+01
1.294523262977600098e+01
1.293421816825866699e+01
1.306146788597106934e+01
1.295645713806152344e+01
1.299330544471740723e+01
1.304269957542419434e+01
1.303696084022521973e+01
1.300294780731201172e+01
1.300397300720214844e+01
1.301249432563781738e+01
1.310568618774414062e+01
1.291308426856994629e+01
1.295311045646667480e+01
1.296532559394836426e+01
1.296091675758361816e+01
1.302198386192321777e+01
1.303227376937866211e+01
1.302025508880615234e+01
1.301536226272583008e+01
1.302974200248718262e+01
1.301989603042602539e+01
1.304319286346435547e+01
1.301909184455871582e+01
1.301831364631652832e+01
1.312019562721252441e+01
1.303073263168334961e+01
1.299835133552551270e+01
1.299119687080383301e+01
1.300580835342407227e+01
1.299022555351257324e+01
1.303852748870849609e+01
1.303468680381774902e+01
1.308399987220764160e+01
1.301786780357360840e+01
1.302454733848571777e+01
1.308677864074707031e+01
1.298808574676513672e+01
1.302112364768981934e+01
1.297728323936462402e+01
1.303093266487121582e+01
1.303681874275207520e+01
1.303573775291442871e+01
1.306514453887939453e+01
1.299554562568664551e+01
1.304187750816345215e+01
1.301506066322326660e+01
1.305377721786499023e+01
1.303099751472473145e+01
1.300090169906616211e+01
1.300294613838195801e+01
1.303818655014038086e+01
1.301913690567016602e+01
1.302268671989440918e+01
1.304725217819213867e+01
1.316080904006958008e+01
1.306286287307739258e+01
1.303470039367675781e+01
1.300810790061950684e+01
1.302007770538330078e+01
1.300936436653137207e+01
1.301028895378112793e+01
1.306647539138793945e+01
1.302967905998229980e+01
1.303583550453186035e+01
1.300866365432739258e+01
1.296931934356689453e+01
1.297928142547607422e+01
1.305167365074157715e+01
1.306438684463500977e+01
1.297177553176879883e+01
1.305815577507019043e+01
1.304904055595397949e+01
1.297570943832397461e+01
1.314787364006042480e+01
1.302666878700256348e+01
1.300679421424865723e+01
1.303600573539733887e+01
1.310363340377807617e+01
1.300295329093933105e+01
1.303869462013244629e+01
1.305221080780029297e+01
1.298953866958618164e+01
1.302397370338439941e+01
1.301196479797363281e+01
1.299767518043518066e+01
1.299058008193969727e+01
1.301675367355346680e+01
1.301442432403564453e+01
1.302858376502990723e+01
1.300005745887756348e+01
1.302906918525695801e+01
1.301331758499145508e+01
1.312558341026306152e+01
1.300276494026184082e+01
1.304561877250671387e+01
1.304728651046752930e+01
1.307393217086791992e+01
1.298905754089355469e+01
1.298686051368713379e+01
1.295799398422241211e+01
1.306320357322692871e+01
1.306581211090087891e+01
1.303522777557373047e+01
1.299049806594848633e+01
1.300713253021240234e+01
1.305978322029113770e+01
1.300327920913696289e+01
1.300588846206665039e+01
1.302209401130676270e+01
1.300027656555175781e+01
1.299615883827209473e+01
1.314310836791992188e+01
1.311093163490295410e+01
1.306533861160278320e+01
1.304260277748107910e+01
1.299298834800720215e+01
1.369556617736816406e+01
1.297927308082580566e+01
1.311090922355651855e+01
1.312170743942260742e+01
1.312791037559509277e+01
1.313678956031799316e+01
1.311948323249816895e+01
1.310938501358032227e+01
1.309643602371215820e+01
1.311481046676635742e+01
