1.020799999954223658e+01
1.044799999572753890e+01
1.039999999954223675e+01
9.487999999084472336e+00
1.012799999954223651e+01
1.009599999984741281e+01
1.028799999954223665e+01
1.047999999908447322e+01
9.503999999694825007e+00
1.011199999954223649e+01
1.060799999572753904e+01
1.051199999938964780e+01
1.041600000488281275e+01
1.014399999572753863e+01
1.017599999954223655e+01
1.059200000183105495e+01
1.039999999877929682e+01
1.003199999938964915e+01
1.012799999969482379e+01
1.060799999908447333e+01
9.935999999542236338e+00
1.025599999877929669e+01
9.903999999542236310e+00
9.935999999389649062e+00
9.951999999542236353e+00
9.856000002441406949e+00
1.059199999969482420e+01
1.001599999969482369e+01
1.043199999954223678e+01
9.615999999542236054e+00
1.049600000244140574e+01
1.065599999984741153e+01
1.060799999908447333e+01
1.015999999969482381e+01
1.044799999954223679e+01
9.775999999084472591e+00
1.060799999954223694e+01
1.038399999572753885e+01
1.031999999938964763e+01
1.111999999938964834e+01
9.951999999389649076e+00
1.065599999938964793e+01
1.071999999908447343e+01
9.551999999542235997e+00
1.028800000244140556e+01
1.043199999984741133e+01
1.059200000244140583e+01
1.055999999954223689e+01
1.014399999908447292e+01
1.051199999969482413e+01
1.046399999938964775e+01
1.038400000244140564e+01
1.044799999954223679e+01
1.131199999969482484e+01
9.743999999542236168e+00
1.043199999954223678e+01
1.086399999877929723e+01
1.046399999572753892e+01
1.067200000244140590e+01
1.065599999938964793e+01
1.112000000244140629e+01
1.007999999938964919e+01
1.000000000244140708e+01
1.027199999938964758e+01
1.030399999984741299e+01
9.759999999847412511e+00
9.904000002441406991e+00
9.983999999694823657e+00
1.097599999969482454e+01
9.983999999389649105e+00
1.017599999954223655e+01
1.105599999938964828e+01
1.080000000244140601e+01
1.089599999938964814e+01
9.791999999389648934e+00
1.023999999938964756e+01
1.030399999969482394e+01
1.017600000244140546e+01
9.615999999542236054e+00
1.003200000244140710e+01
9.775999999389648920e+00
1.020799999877929665e+01
9.759999999694823458e+00
1.047999999954223682e+01
1.033599999938964764e+01
1.041600000244140567e+01
1.057599999954223691e+01
9.856000002441406949e+00
1.041600000244140567e+01
1.014399999954223652e+01
1.054399999938964783e+01
9.935999998779296405e+00
1.115199999954223564e+01
1.047999999954223682e+01
1.030399999908447306e+01
9.311999999389648508e+00
9.904000002441406991e+00
1.057599999938964785e+01
1.022399999572753870e+01
1.032000000244140558e+01
1.051199999954223685e+01
1.039999999969482403e+01
1.067200000244140590e+01
1.057600000244140581e+01
9.871999999847412610e+00
1.107199999572753946e+01
1.126399999908447214e+01
1.134399999908447221e+01
1.151999999938964869e+01
1.155199999908447239e+01
1.227199999908447303e+01
1.211200000183105452e+01
1.231999999877929675e+01
1.227199999572753875e+01
1.219199999938964929e+01
1.196799999908447276e+01
1.382400000244140692e+01
1.331199999877929763e+01
1.291199999572753931e+01
1.388799999954223630e+01
1.321599999954223570e+01
1.294399999908447185e+01
1.331199999908447218e+01
1.343999999954223590e+01
1.352000000183105399e+01
1.406399999572753856e+01
1.459199999908447332e+01
1.508799999938964831e+01
1.548799999572753983e+01
1.529599999877929761e+01
1.599999999938964912e+01
1.504000000488281330e+01
1.585599999908447266e+01
1.603199999572753853e+01
1.696000000183105527e+01
1.753599999877929605e+01
1.697599999877929733e+01
1.780799999969482528e+01
1.779200000183105601e+01
1.750399999877929602e+01
1.849600000183105308e+01
1.840000000183105300e+01
1.867199999908447339e+01
1.929599999877929761e+01
1.926399999908447214e+01
1.969600000244140503e+01
2.041600000244140745e+01
1.993599999511718579e+01
1.948799999511718894e+01
2.027199999969482391e+01
2.140799999877929594e+01
2.155200000244140668e+01
2.140799999511718710e+01
2.267199999145507761e+01
2.326399999755859227e+01
2.225599999877929847e+01
2.276799999938964802e+01
2.191999999908447094e+01
2.179200000244140512e+01
2.161599999572753816e+01
2.240000000183105300e+01
2.147200000488281191e+01
2.233599999908447131e+01
2.231999999572753879e+01
2.262400000488281293e+01
2.270400000122070239e+01
2.190399999572753842e+01
2.219200000183105459e+01
2.249599999877929690e+01
2.188799999816894370e+01
2.182400000183105604e+01
2.260799999572753904e+01
2.302399999908447370e+01
2.313600000732422046e+01
2.267199999877929528e+01
2.219199999572753867e+01
2.156799999511718724e+01
2.196799999572753848e+01
2.280000000244140779e+01
2.185600000488281225e+01
2.270400000488281123e+01
2.227200000183105644e+01
2.265599999145507937e+01
2.299200000183105530e+01
2.228800000488281086e+01
2.291199999938964993e+01
2.366400000122070324e+01
2.299200000488281148e+01
2.319999999877929753e+01
2.331200000183105558e+01
2.259200000183105317e+01
2.291200000488281319e+01
2.311999999572753950e+01
2.267199999908447339e+01
2.326399999145507635e+01
2.305599999877929562e+01
2.321600000488281168e+01
2.283200000488281134e+01
2.239999999572754064e+01
2.287999999908447180e+01
