2.497795419387817351e+00
2.527094924468994197e+00
2.521782780303955196e+00
2.651706882095337114e+00
2.715692936401367330e+00
2.825405319900512691e+00
2.855928340454101377e+00
2.827160945205688503e+00
2.874060049057006960e+00
3.091579172363281280e+00
2.956774649353027140e+00
2.988083386154174903e+00
2.977048211212158346e+00
3.064485602798461716e+00
3.027341088562011784e+00
3.019981743927001805e+00
3.084947099990844599e+00
3.118394484329223726e+00
3.165201384735107482e+00
3.092550892944335938e+00
3.032731992797851550e+00
2.848268675537109385e+00
3.024500534362792870e+00
3.119876120071411130e+00
3.195108254165649253e+00
3.062071962280273230e+00
3.024146532745361160e+00
2.903237009811401315e+00
2.908738297882079937e+00
2.839176365966797011e+00
2.743888887176513691e+00
2.888415238800048801e+00
2.815725969696044828e+00
2.843659207000732270e+00
2.838784043579101635e+00
2.813343723754882841e+00
2.776243241500854442e+00
2.828856572723388751e+00
2.771580554962158160e+00
2.764987412719726478e+00
2.703694520721435346e+00
2.641888813705444150e+00
2.721079612808227743e+00
2.755137199172973617e+00
2.659200739669799862e+00
2.616091883010864372e+00
2.592510154418945501e+00
2.572844793472290004e+00
2.567249061508178887e+00
2.588991123580932641e+00
2.578908014678955141e+00
2.679760424957275511e+00
2.625489314498901550e+00
2.587451152954101552e+00
2.715701043548583993e+00
2.595232142791747965e+00
2.605954069671630791e+00
2.586783182525634661e+00
2.578598132858276326e+00
2.550252730941772406e+00
2.610248980102539029e+00
2.651823748779297052e+00
2.702749406127929799e+00
2.677309050064086815e+00
2.518861397399902557e+00
2.512926039428710734e+00
2.595121495666504075e+00
2.557392356262206956e+00
2.559423696060180831e+00
2.514061711349487194e+00
2.550927241439819415e+00
2.580699371337890735e+00
2.568840378417968751e+00
2.629484119110107265e+00
2.606666637496948269e+00
2.612112883071899372e+00
2.647423617630004777e+00
2.665234727020263872e+00
2.669068505783080969e+00
2.611933288726806524e+00
2.574035551757812623e+00
2.565896235580444440e+00
2.595588513336181791e+00
2.642263659744262583e+00
2.608506577301025420e+00
2.605517239532470608e+00
2.608916271896362105e+00
2.621220482788086059e+00
2.627350109405517387e+00
2.542936044692992947e+00
2.535915822677612397e+00
2.621860690155029427e+00
2.552485935745239409e+00
2.575805403442382957e+00
2.700997214279174941e+00
2.602740554580688315e+00
2.543860645065307402e+00
2.568788832626342611e+00
2.616625542602538879e+00
2.573969904251098839e+00
2.323881787719726422e+00
2.313093636322021585e+00
2.310067353057861261e+00
2.311271307983398415e+00
2.312043439712524240e+00
2.304412776412963826e+00
2.305385111923217600e+00
2.304606213607788057e+00
2.303145159149170063e+00
2.299173990936279388e+00
2.298826585769653263e+00
2.296842717361450070e+00
2.295261516189575079e+00
2.296382218780517626e+00
2.297580010757446445e+00
2.292145103912353488e+00
2.285361866149902443e+00
2.290027080993652486e+00
2.289744786453247194e+00
2.284578558654785319e+00
2.285520467376708886e+00
2.286481751022338749e+00
2.283719534378051641e+00
2.283429494247436686e+00
2.279774960784912263e+00
2.275057459106445190e+00
2.274248475341797082e+00
2.272409334564208905e+00
2.268571380538940474e+00
2.262449441375732562e+00
2.263525215759277565e+00
2.259830167388916067e+00
2.255747446517944343e+00
2.249826777420043999e+00
2.246458511505126765e+00
2.241467073440551960e+00
2.238326835021972716e+00
2.232366841430664106e+00
2.230291735992431690e+00
2.230710015258789092e+00
2.227110003509521263e+00
2.226423585586547738e+00
2.217819635086059726e+00
2.215624553298950250e+00
2.207917757492065647e+00
2.205593262252807829e+00
2.200107106552124048e+00
2.195175894927978710e+00
2.189307531890869019e+00
2.183662304611206029e+00
2.178268006515502897e+00
2.176075454711913881e+00
2.173587471694946149e+00
2.173271121368408387e+00
2.169478494415283176e+00
2.172229943237304894e+00
2.172331685256958078e+00
2.169784074172973476e+00
2.171361443176269557e+00
2.170750366973877021e+00
2.170110678482055633e+00
2.170452554092407116e+00
2.166223613815307480e+00
2.166191486358642670e+00
2.165138548660278328e+00
2.164729319992065637e+00
2.165484098587036055e+00
2.162593936691284302e+00
2.163466017532348573e+00
2.164286000061035331e+00
2.163513098907470678e+00
2.162280928649902290e+00
2.158070337677001849e+00
2.158883042068481473e+00
2.155107815017700101e+00
2.158794680709839042e+00
2.161377609252929766e+00
2.156345323257446100e+00
2.157992048263549734e+00
2.159869636840820117e+00
2.154921194305420062e+00
2.157408511962890518e+00
2.154133600463867371e+00
2.149335952224731283e+00
2.153903856735229549e+00
2.152602782516479518e+00
2.151154631271362305e+00
2.152207805786132688e+00
2.148505199737548832e+00
2.151139297485351598e+00
2.149348344192504978e+00
2.147073001785278379e+00
2.148476206665038912e+00
2.145604056472778520e+00
2.147839529495239042e+00
2.150106537017822284e+00
2.145499930419922041e+00
2.144348207092285019e+00
2.147777433700561733e+00
2.145711380462646645e+00
