1.291402530670166016e+01
1.225941920280456543e+01
1.227832937240600586e+01
1.227458810806274414e+01
1.233601617813110352e+01
1.231612968444824219e+01
1.228275251388549805e+01
1.229664754867553711e+01
1.228766155242919922e+01
1.223868870735168457e+01
1.223581528663635254e+01
1.229029297828674316e+01
1.231115770339965820e+01
1.234069180488586426e+01
1.233163070678710938e+01
1.228041791915893555e+01
1.232231736183166504e+01
1.228613829612731934e+01
1.226515102386474609e+01
1.233933043479919434e+01
1.230267834663391113e+01
1.233967947959899902e+01
1.233072519302368164e+01
1.233816409111022949e+01
1.231202960014343262e+01
1.235546946525573730e+01
1.226196932792663574e+01
1.237196230888366699e+01
1.224717235565185547e+01
1.231866168975830078e+01
1.234554100036621094e+01
1.231979107856750488e+01
1.236330890655517578e+01
1.235261440277099609e+01
1.227227878570556641e+01
1.229969477653503418e+01
1.240449714660644531e+01
1.230520439147949219e+01
1.239569640159606934e+01
1.232746791839599609e+01
1.229449486732482910e+01
1.230053567886352539e+01
1.226749777793884277e+01
1.225631928443908691e+01
1.228375220298767090e+01
1.228437805175781250e+01
1.227952623367309570e+01
1.233505105972290039e+01
1.233868074417114258e+01
1.234122753143310547e+01
1.230319476127624512e+01
1.234712409973144531e+01
1.235839438438415527e+01
1.238973999023437500e+01
1.236913847923278809e+01
1.230439400672912598e+01
1.232932281494140625e+01
1.229576134681701660e+01
1.232184743881225586e+01
1.232159638404846191e+01
1.234591150283813477e+01
1.233351683616638184e+01
1.234860634803771973e+01
1.233747220039367676e+01
1.230742669105529785e+01
1.226721000671386719e+01
1.231179022789001465e+01
1.232192564010620117e+01
1.231811523437500000e+01
1.234273076057434082e+01
1.237953877449035645e+01
1.229223656654357910e+01
1.253725838661193848e+01
1.236609983444213867e+01
1.238926744461059570e+01
1.233311009407043457e+01
1.227049207687377930e+01
1.235973596572875977e+01
1.238269925117492676e+01
1.231025719642639160e+01
1.234639310836791992e+01
1.235691380500793457e+01
1.233366894721984863e+01
1.236460065841674805e+01
1.227064514160156250e+01
1.244547939300537109e+01
1.234029960632324219e+01
1.230096435546875000e+01
1.242412042617797852e+01
1.231831860542297363e+01
1.229943490028381348e+01
1.231203699111938477e+01
1.229772686958312988e+01
1.238293099403381348e+01
1.232266116142272949e+01
1.229585623741149902e+01
1.241248273849487305e+01
1.235709166526794434e+01
1.228329801559448242e+01
1.232269358634948730e+01
1.235250687599182129e+01
1.236115479469299316e+01
1.233404850959777832e+01
1.234047150611877441e+01
1.236355924606323242e+01
1.231714463233947754e+01
1.230603909492492676e+01
1.228452372550964355e+01
1.234745550155639648e+01
1.228806567192077637e+01
1.234823656082153320e+01
1.231283402442932129e+01
1.234574866294860840e+01
1.233036947250366211e+01
1.226972818374633789e+01
1.228451681137084961e+01
1.234026622772216797e+01
1.234611678123474121e+01
1.225216579437255859e+01
1.235654711723327637e+01
1.234160065650939941e+01
1.232209658622741699e+01
1.239818120002746582e+01
1.230509948730468750e+01
1.225702500343322754e+01
1.235182070732116699e+01
1.229222369194030762e+01
1.225139951705932617e+01
1.230915212631225586e+01
1.232216405868530273e+01
1.234277486801147461e+01
1.232045912742614746e+01
1.232767987251281738e+01
1.229260253906250000e+01
1.238035583496093750e+01
1.231474137306213379e+01
1.233280706405639648e+01
1.232773113250732422e+01
1.227719640731811523e+01
1.237472629547119141e+01
1.227916765213012695e+01
1.234391689300537109e+01
1.233725547790527344e+01
1.236026597023010254e+01
1.225381398200988770e+01
1.233916163444519043e+01
1.233287882804870605e+01
1.225206422805786133e+01
1.231559634208679199e+01
1.236612105369567871e+01
1.237974500656127930e+01
1.232810115814208984e+01
1.229932665824890137e+01
1.229096102714538574e+01
1.230252099037170410e+01
1.233278012275695801e+01
1.230742335319519043e+01
1.230338358879089355e+01
1.233955907821655273e+01
1.232925891876220703e+01
1.228974986076354980e+01
1.231305313110351562e+01
1.235922217369079590e+01
1.231064534187316895e+01
1.231205487251281738e+01
1.228252935409545898e+01
1.228020906448364258e+01
1.239475107192993164e+01
1.233992791175842285e+01
1.232587194442749023e+01
1.235534596443176270e+01
1.230682063102722168e+01
1.229061651229858398e+01
1.235934758186340332e+01
1.231783795356750488e+01
1.230237960815429688e+01
1.232108163833618164e+01
1.235353517532348633e+01
1.235159802436828613e+01
1.233153653144836426e+01
1.231474828720092773e+01
1.231048774719238281e+01
1.233595299720764160e+01
1.232772517204284668e+01
1.233210325241088867e+01
1.229655981063842773e+01
1.231715250015258789e+01
1.227616381645202637e+01
1.236755275726318359e+01
1.232155084609985352e+01
1.189665079116821289e+01
1.237809014320373535e+01
1.229492568969726562e+01
1.231580328941345215e+01
1.227673077583312988e+01
1.229091691970825195e+01
1.226086330413818359e+01
1.227741074562072754e+01
1.230546569824218750e+01
1.226844191551208496e+01
