1.075999927520751953e+01
1.001999950408935547e+01
1.035999965667724609e+01
1.009999942779541016e+01
1.015999984741210938e+01
1.006999969482421875e+01
1.063999938964843750e+01
9.979999542236328125e+00
1.051999950408935547e+01
9.579999923706054688e+00
1.069999980926513672e+01
1.021000003814697266e+01
9.969999313354492188e+00
1.003999996185302734e+01
9.769999504089355469e+00
1.044999980926513672e+01
1.073999977111816406e+01
1.043999958038330078e+01
1.025999927520751953e+01
1.026999950408935547e+01
1.067999935150146484e+01
1.168999958038330078e+01
9.920000076293945312e+00
1.000000000000000000e+01
1.115999984741210938e+01
9.969999313354492188e+00
9.349999427795410156e+00
1.015999984741210938e+01
1.001999950408935547e+01
1.000999927520751953e+01
9.369999885559082031e+00
1.000000000000000000e+01
9.969999313354492188e+00
9.849999427795410156e+00
1.010999965667724609e+01
1.036999988555908203e+01
1.046000003814697266e+01
1.000000000000000000e+01
1.071999931335449219e+01
9.969999313354492188e+00
1.164999961853027344e+01
1.042999935150146484e+01
1.005000019073486328e+01
1.130999946594238281e+01
1.072999954223632812e+01
1.064999961853027344e+01
1.131999969482421875e+01
1.034000015258789062e+01
1.030000019073486328e+01
1.017000007629394531e+01
9.429999351501464844e+00
1.000999927520751953e+01
9.369999885559082031e+00
1.000000000000000000e+01
1.000000000000000000e+01
1.107999992370605469e+01
1.067000007629394531e+01
9.460000038146972656e+00
1.060999965667724609e+01
9.989999771118164062e+00
1.113999938964843750e+01
1.023999977111816406e+01
9.779999732971191406e+00
1.000000000000000000e+01
1.013000011444091797e+01
1.217999935150146484e+01
9.920000076293945312e+00
1.043999958038330078e+01
1.013999938964843750e+01
1.000999927520751953e+01
1.039999961853027344e+01
1.000999927520751953e+01
9.989999771118164062e+00
1.056999969482421875e+01
9.989999771118164062e+00
1.005000019073486328e+01
1.000999927520751953e+01
1.071000003814697266e+01
1.001999950408935547e+01
1.000000000000000000e+01
1.000999927520751953e+01
1.044999980926513672e+01
1.052999973297119141e+01
1.242000007629394531e+01
1.001999950408935547e+01
9.929999351501464844e+00
9.889999389648437500e+00
9.710000038146972656e+00
1.197999954223632812e+01
1.000000000000000000e+01
1.030999946594238281e+01
1.009000015258789062e+01
1.038000011444091797e+01
1.044999980926513672e+01
1.000000000000000000e+01
9.989999771118164062e+00
1.005999946594238281e+01
9.920000076293945312e+00
1.000000000000000000e+01
9.979999542236328125e+00
1.123999977111816406e+01
1.152999973297119141e+01
1.155999946594238281e+01
1.117000007629394531e+01
1.111999988555908203e+01
1.292999935150146484e+01
1.202999973297119141e+01
1.200999927520751953e+01
1.294999980926513672e+01
1.336999988555908203e+01
1.296999931335449219e+01
1.196000003814697266e+01
1.259999942779541016e+01
1.205999946594238281e+01
1.453999996185302734e+01
1.284999942779541016e+01
1.350000000000000000e+01
1.284999942779541016e+01
1.473999977111816406e+01
1.659000015258789062e+01
1.446999931335449219e+01
1.626000022888183594e+01
1.731999969482421875e+01
1.656999969482421875e+01
1.619000053405761719e+01
1.594999980926513672e+01
1.496999931335449219e+01
1.685000038146972656e+01
1.702000045776367188e+01
1.796999931335449219e+01
1.806999969482421875e+01
1.680999946594238281e+01
1.825000000000000000e+01
1.831999969482421875e+01
1.934000015258789062e+01
1.784000015258789062e+01
1.807999992370605469e+01
1.820999908447265625e+01
1.961999893188476562e+01
1.981999969482421875e+01
1.798999977111816406e+01
1.979999923706054688e+01
1.779999923706054688e+01
1.982999992370605469e+01
1.926000022888183594e+01
1.980999946594238281e+01
2.120999908447265625e+01
2.007999992370605469e+01
2.192000007629394531e+01
2.080999946594238281e+01
2.263999938964843750e+01
2.331999969482421875e+01
2.294999885559082031e+01
2.293999862670898438e+01
2.314999961853027344e+01
2.297999954223632812e+01
2.335999870300292969e+01
2.326999855041503906e+01
2.340999984741210938e+01
2.288999938964843750e+01
2.338999938964843750e+01
2.331999969482421875e+01
2.331999969482421875e+01
2.325000000000000000e+01
2.372999954223632812e+01
2.314999961853027344e+01
2.347999954223632812e+01
2.334999847412109375e+01
2.327999877929687500e+01
2.379999923706054688e+01
2.364999961853027344e+01
2.392000007629394531e+01
2.415999984741210938e+01
2.390999984741210938e+01
2.428999900817871094e+01
2.451999855041503906e+01
2.419999885559082031e+01
2.407999992370605469e+01
2.430999946594238281e+01
2.445999908447265625e+01
2.429999923706054688e+01
2.420999908447265625e+01
2.450000000000000000e+01
2.446999931335449219e+01
2.432999992370605469e+01
2.480999946594238281e+01
2.436999893188476562e+01
2.438999938964843750e+01
2.493999862670898438e+01
2.459000015258789062e+01
2.492000007629394531e+01
2.489999961853027344e+01
2.475000000000000000e+01
2.490999984741210938e+01
2.522999954223632812e+01
2.456999969482421875e+01
2.518999862670898438e+01
2.486999893188476562e+01
2.515999984741210938e+01
2.510999870300292969e+01
