2.245581674575805664e+01
2.192998003959655762e+01
2.220879626274108887e+01
2.242861461639404297e+01
2.242532444000244141e+01
2.251895260810852051e+01
2.236648225784301758e+01
2.197985291481018066e+01
2.225938725471496582e+01
2.295788860321044922e+01
2.228603601455688477e+01
2.208344030380249023e+01
2.214999103546142578e+01
2.198603606224060059e+01
2.230438375473022461e+01
2.239218711853027344e+01
2.231134438514709473e+01
2.267537856101989746e+01
2.209979939460754395e+01
2.277863168716430664e+01
2.204248762130737305e+01
2.228896641731262207e+01
2.222933030128479004e+01
2.203916096687316895e+01
2.215855932235717773e+01
2.250895667076110840e+01
2.211275124549865723e+01
2.260615682601928711e+01
2.261047792434692383e+01
2.238904666900634766e+01
2.266546201705932617e+01
2.272563576698303223e+01
2.237286996841430664e+01
2.271118211746215820e+01
2.238727140426635742e+01
2.193365311622619629e+01
2.244709300994873047e+01
2.248159337043762207e+01
2.210031008720397949e+01
2.251625561714172363e+01
2.244783616065979004e+01
2.250229740142822266e+01
2.226450037956237793e+01
2.220506334304809570e+01
2.220929622650146484e+01
2.211050391197204590e+01
2.223314213752746582e+01
2.287651872634887695e+01
2.227008152008056641e+01
2.276667714118957520e+01
2.239571332931518555e+01
2.195594310760498047e+01
2.235486626625061035e+01
2.246628069877624512e+01
2.242490077018737793e+01
2.234020423889160156e+01
2.213228106498718262e+01
2.218131661415100098e+01
2.227999258041381836e+01
2.208333539962768555e+01
2.230199289321899414e+01
2.208067560195922852e+01
2.210246729850769043e+01
2.240652394294738770e+01
2.245774674415588379e+01
2.226145887374877930e+01
2.225278115272521973e+01
2.256439590454101562e+01
2.174915003776550293e+01
2.230115985870361328e+01
2.226872611045837402e+01
2.203473114967346191e+01
2.456732988357543945e+01
2.218842220306396484e+01
2.211254048347473145e+01
2.208721828460693359e+01
2.240999317169189453e+01
2.214444398880004883e+01
2.209405732154846191e+01
2.194366168975830078e+01
2.236834669113159180e+01
2.248867702484130859e+01
2.226204657554626465e+01
2.240597534179687500e+01
2.275173234939575195e+01
2.187883114814758301e+01
2.245569682121276855e+01
2.210783076286315918e+01
2.217983531951904297e+01
2.193153691291809082e+01
2.202264738082885742e+01
2.226347446441650391e+01
2.246825671195983887e+01
2.220762324333190918e+01
2.190897297859191895e+01
2.196008157730102539e+01
2.225998854637145996e+01
2.235499691963195801e+01
2.212855720520019531e+01
2.222404003143310547e+01
2.225832867622375488e+01
2.204873895645141602e+01
2.206944704055786133e+01
2.195011520385742188e+01
2.209690070152282715e+01
2.229297018051147461e+01
2.229905343055725098e+01
2.175948834419250488e+01
2.235959362983703613e+01
2.227694821357727051e+01
2.237095236778259277e+01
2.211805081367492676e+01
2.182861089706420898e+01
2.205230808258056641e+01
2.209018540382385254e+01
2.228824305534362793e+01
2.236360120773315430e+01
2.256229472160339355e+01
2.184375000000000000e+01
2.245106887817382812e+01
2.224709248542785645e+01
2.193620133399963379e+01
2.215805864334106445e+01
2.213940429687500000e+01
2.226678252220153809e+01
2.220656824111938477e+01
2.196997427940368652e+01
2.192131376266479492e+01
2.274814605712890625e+01
2.200853466987609863e+01
2.235202288627624512e+01
2.206800365447998047e+01
2.240326213836669922e+01
2.188952040672302246e+01
2.240952348709106445e+01
2.214225602149963379e+01
2.214521193504333496e+01
2.220398139953613281e+01
2.177446746826171875e+01
2.225063467025756836e+01
2.213318705558776855e+01
2.200876283645629883e+01
2.255898880958557129e+01
2.222734665870666504e+01
2.230813193321228027e+01
2.207937812805175781e+01
2.219660353660583496e+01
2.284480023384094238e+01
2.228774166107177734e+01
2.233453059196472168e+01
2.211928939819335938e+01
2.219388222694396973e+01
2.202210903167724609e+01
2.206454825401306152e+01
2.226170635223388672e+01
2.256212925910949707e+01
2.204699921607971191e+01
2.218269729614257812e+01
2.207132911682128906e+01
2.200435996055603027e+01
2.219624257087707520e+01
2.208776807785034180e+01
2.242983484268188477e+01
2.207726240158081055e+01
2.219821715354919434e+01
2.200725603103637695e+01
2.273869371414184570e+01
2.224537134170532227e+01
2.263598918914794922e+01
2.247222900390625000e+01
2.223226261138916016e+01
2.250909566879272461e+01
2.215988612174987793e+01
2.202924084663391113e+01
2.204324030876159668e+01
2.193295049667358398e+01
2.226999163627624512e+01
2.219726920127868652e+01
2.215398311614990234e+01
2.218583989143371582e+01
2.221400022506713867e+01
2.219808864593505859e+01
2.247560811042785645e+01
2.197236490249633789e+01
2.208492565155029297e+01
2.268508815765380859e+01
2.233144044876098633e+01
2.231894874572753906e+01
2.267579960823059082e+01
2.250563049316406250e+01
2.372708559036254883e+01
2.219313669204711914e+01
2.211587905883789062e+01
2.197494053840637207e+01
2.232131409645080566e+01
2.254689145088195801e+01
2.226163244247436523e+01
2.253361320495605469e+01
2.287651228904724121e+01
2.268423724174499512e+01
