2.529293878631591941e+00
2.547460641555786331e+00
2.589819878616332893e+00
2.809519584960937344e+00
2.826545822296142596e+00
2.688870099487304710e+00
2.889110681762695254e+00
2.734789281768798652e+00
2.776455205688476369e+00
2.870554997406006059e+00
3.076985838088989400e+00
2.905839340057373210e+00
2.883765055694579971e+00
2.902408081436157250e+00
2.911528702850341599e+00
3.155731609573364072e+00
3.174034755249023565e+00
3.081425753631591657e+00
3.242927672958373808e+00
3.398302598419189469e+00
3.290406734313964687e+00
3.559421264114380090e+00
3.333285270462035932e+00
3.242194449996948169e+00
2.984746003494262556e+00
2.866209149780273524e+00
2.852964165115356554e+00
2.835131733932495290e+00
2.909949699630737463e+00
2.905646086044311627e+00
2.704930325698852389e+00
2.722072596893310603e+00
2.748876870574951337e+00
2.777427776031494044e+00
2.879907427902221873e+00
2.898948208770752100e+00
2.809953794174194552e+00
2.678617351608276298e+00
2.756427575759887727e+00
2.687896679840088066e+00
2.688401722106933622e+00
2.654477042541504073e+00
2.659438901901244989e+00
2.572524413528442189e+00
2.586443696517944257e+00
2.675915290451049700e+00
2.637804509735107494e+00
2.703198170318603655e+00
2.630767321243286272e+00
2.613304365005493235e+00
2.647519977493286270e+00
2.536462116546630785e+00
2.561576354675292766e+00
2.569856192626953195e+00
2.585700157089233286e+00
2.556956928100585724e+00
2.576161029968261573e+00
2.593224286804199252e+00
2.713389636611938549e+00
2.641775405426025181e+00
2.621417180175781070e+00
2.552080196151733205e+00
2.582235179214477760e+00
2.538420724182128829e+00
2.569688076934814269e+00
2.611365042877197062e+00
2.579086454315185684e+00
2.594675917892455885e+00
2.593812326354980602e+00
2.542850136260986549e+00
2.615091805953979609e+00
2.585893410339355381e+00
2.572504281692504779e+00
2.624539209136962814e+00
2.547503224868774563e+00
2.556629865264892665e+00
2.524107611923217753e+00
2.502154558181762578e+00
2.516601899490356509e+00
2.532324387893676754e+00
2.481088633804321208e+00
2.495522539062500211e+00
2.527112161331176665e+00
2.491395878295898481e+00
2.485917712402343938e+00
2.495871672286987142e+00
2.522923987350464081e+00
2.579314565353393540e+00
2.569237709426879679e+00
2.606706836547851402e+00
2.530930244216918812e+00
2.527705967254638697e+00
2.469574037551879986e+00
2.484655730667114426e+00
2.510221080932617088e+00
2.519938236846923640e+00
2.607395982131957890e+00
2.564134019546508991e+00
2.519278050079345910e+00
2.660801236038207840e+00
2.320280853652954001e+00
2.308463949890136924e+00
2.303625820999145368e+00
2.301118658065795852e+00
2.298177549896240013e+00
2.296511200256347696e+00
2.292839672012329189e+00
2.290908631591797029e+00
2.287654207153320129e+00
2.284012695236206092e+00
2.283142453918456827e+00
2.278530146102905274e+00
2.275050933227539041e+00
2.275005087661743364e+00
2.268792926940918164e+00
2.266510212478637598e+00
2.266320123443603674e+00
2.261015727844238210e+00
2.256223778533935409e+00
2.248102488403320276e+00
2.241780587081909193e+00
2.241595904464721567e+00
2.233181233749389705e+00
2.225578435974121305e+00
2.219290086288452368e+00
2.212982159271240423e+00
2.207083755416870297e+00
2.202642337036132769e+00
2.197406020584106390e+00
2.190181326751709179e+00
2.182646625442504984e+00
2.177503505096435532e+00
2.171069482879638635e+00
2.162204113922119308e+00
2.154811298294067257e+00
2.151502418899536195e+00
2.146521654815674029e+00
2.139417946853637620e+00
2.133517495346069381e+00
2.131410918579101477e+00
2.123047107391357269e+00
2.112937224960327320e+00
2.108251278076171964e+00
2.107171417694091886e+00
2.097169009170532394e+00
2.100369170913696237e+00
2.093962627639770702e+00
2.086897832031250122e+00
2.075150182876587035e+00
2.069627273788452015e+00
2.055589836883545019e+00
2.055562572784424002e+00
2.059478577842712266e+00
2.058491773834228322e+00
2.050845814285278124e+00
2.056548008575439290e+00
2.052239977035522411e+00
2.052319346084594542e+00
2.051051143493652251e+00
2.052951095123291214e+00
2.043126338119507057e+00
2.049759315414428684e+00
2.040585722122192358e+00
2.039364205589294432e+00
2.048935480270385856e+00
2.042800785293579224e+00
2.044190018997192215e+00
2.040390474166870138e+00
2.035005866813659470e+00
2.039192870483398590e+00
2.038005253143310380e+00
2.035219251785278516e+00
2.032017703590393243e+00
2.038959237670898261e+00
2.032190959243774575e+00
2.035610144348144690e+00
2.030411261100768971e+00
2.027971789855957052e+00
2.032781036758422921e+00
2.027975179367065284e+00
2.029561655426025180e+00
2.031405057830810712e+00
2.025599978027343706e+00
2.025885885086059712e+00
2.025870168991088960e+00
2.025496011734008839e+00
2.026998951568603324e+00
2.024937649230956982e+00
2.025159037551879759e+00
2.021839064025878763e+00
2.027346565017700275e+00
2.019543313980102450e+00
2.016398718070983698e+00
2.017217173843383726e+00
2.021221096267700190e+00
2.016959134368896400e+00
2.015956495628357104e+00
2.015321657714843617e+00
2.011934058570861605e+00
2.017705606765747284e+00
