1.035999965667724609e+01
9.649999618530273438e+00
9.630000114440917969e+00
9.619999885559082031e+00
1.015999984741210938e+01
1.146000003814697266e+01
9.809999465942382812e+00
1.042999935150146484e+01
1.039999961853027344e+01
9.239999771118164062e+00
9.739999771118164062e+00
9.819999694824218750e+00
1.018999958038330078e+01
1.042000007629394531e+01
9.179999351501464844e+00
1.042999935150146484e+01
1.017999935150146484e+01
9.920000076293945312e+00
9.829999923706054688e+00
1.022999954223632812e+01
1.015999984741210938e+01
1.000000000000000000e+01
9.880000114440917969e+00
1.151999950408935547e+01
1.040999984741210938e+01
1.000000000000000000e+01
1.027999973297119141e+01
1.000000000000000000e+01
1.011999988555908203e+01
1.001999950408935547e+01
9.460000038146972656e+00
1.032999992370605469e+01
9.679999351501464844e+00
1.075000000000000000e+01
1.001999950408935547e+01
1.000000000000000000e+01
1.000000000000000000e+01
1.167999935150146484e+01
1.073999977111816406e+01
1.105999946594238281e+01
1.000000000000000000e+01
9.550000190734863281e+00
9.539999961853027344e+00
1.030000019073486328e+01
9.989999771118164062e+00
1.080999946594238281e+01
1.043999958038330078e+01
1.102999973297119141e+01
1.000999927520751953e+01
1.036999988555908203e+01
1.077999973297119141e+01
1.030000019073486328e+01
1.007999992370605469e+01
9.659999847412109375e+00
9.929999351501464844e+00
1.000000000000000000e+01
1.009000015258789062e+01
1.000000000000000000e+01
9.989999771118164062e+00
1.068999958038330078e+01
1.067000007629394531e+01
1.059000015258789062e+01
1.159999942779541016e+01
1.121999931335449219e+01
1.005999946594238281e+01
1.081999969482421875e+01
1.001999950408935547e+01
1.000000000000000000e+01
1.031999969482421875e+01
9.889999389648437500e+00
1.000000000000000000e+01
1.005000019073486328e+01
9.969999313354492188e+00
1.122999954223632812e+01
1.007999992370605469e+01
1.034999942779541016e+01
1.069999980926513672e+01
1.018999958038330078e+01
1.000000000000000000e+01
9.569999694824218750e+00
1.042000007629394531e+01
1.031999969482421875e+01
9.960000038146972656e+00
1.021999931335449219e+01
1.003999996185302734e+01
9.949999809265136719e+00
1.084000015258789062e+01
1.000000000000000000e+01
1.000999927520751953e+01
1.000999927520751953e+01
1.090999984741210938e+01
9.989999771118164062e+00
9.909999847412109375e+00
1.063000011444091797e+01
1.027999973297119141e+01
9.829999923706054688e+00
1.056999969482421875e+01
1.000000000000000000e+01
1.040999984741210938e+01
9.909999847412109375e+00
1.180999946594238281e+01
1.060999965667724609e+01
1.046000003814697266e+01
1.134999942779541016e+01
1.105999946594238281e+01
1.117000007629394531e+01
1.329999923706054688e+01
1.417999935150146484e+01
1.290999984741210938e+01
1.413000011444091797e+01
1.440999984741210938e+01
1.517000007629394531e+01
1.338000011444091797e+01
1.496000003814697266e+01
1.451999950408935547e+01
1.522999954223632812e+01
1.548999977111816406e+01
1.394999980926513672e+01
1.421999931335449219e+01
1.596000003814697266e+01
1.601000022888183594e+01
1.497999954223632812e+01
1.596000003814697266e+01
1.591999912261962891e+01
1.519999980926513672e+01
1.762999916076660156e+01
1.538999938964843750e+01
1.762999916076660156e+01
1.643000030517578125e+01
1.752999877929687500e+01
1.753999900817871094e+01
1.903999900817871094e+01
2.093000030517578125e+01
1.902999877929687500e+01
1.772999954223632812e+01
1.902000045776367188e+01
1.968999862670898438e+01
2.053999900817871094e+01
2.069999885559082031e+01
1.997999954223632812e+01
2.251000022888183594e+01
2.161999893188476562e+01
2.281999969482421875e+01
2.105999946594238281e+01
2.182999992370605469e+01
2.201999855041503906e+01
2.265999984741210938e+01
2.284999847412109375e+01
2.385999870300292969e+01
2.400000000000000000e+01
2.453999900817871094e+01
2.480999946594238281e+01
2.448999977111816406e+01
2.448999977111816406e+01
2.502999877929687500e+01
2.510999870300292969e+01
2.501999855041503906e+01
2.476999855041503906e+01
2.471999931335449219e+01
2.501999855041503906e+01
2.494999885559082031e+01
2.522999954223632812e+01
2.522999954223632812e+01
2.522999954223632812e+01
2.518000030517578125e+01
2.501000022888183594e+01
2.536999893188476562e+01
2.537999916076660156e+01
2.531999969482421875e+01
2.515999984741210938e+01
2.501999855041503906e+01
2.536999893188476562e+01
2.507999992370605469e+01
2.588999938964843750e+01
2.572999954223632812e+01
2.532999992370605469e+01
2.538999938964843750e+01
2.573999977111816406e+01
2.584000015258789062e+01
2.570999908447265625e+01
2.584000015258789062e+01
2.571999931335449219e+01
2.571999931335449219e+01
2.585999870300292969e+01
2.550000000000000000e+01
2.554999923706054688e+01
2.569999885559082031e+01
2.580999946594238281e+01
2.603999900817871094e+01
2.535999870300292969e+01
2.586999893188476562e+01
2.606999969482421875e+01
2.589999961853027344e+01
2.592999839782714844e+01
2.622999954223632812e+01
2.634999847412109375e+01
2.617999839782714844e+01
2.672999954223632812e+01
2.647999954223632812e+01
2.668999862670898438e+01
