2.246395516395568848e+01
2.207763433456420898e+01
2.258662319183349609e+01
2.240603828430175781e+01
2.220913195610046387e+01
2.254909563064575195e+01
2.231508779525756836e+01
2.197533154487609863e+01
2.236968827247619629e+01
2.315843367576599121e+01
2.269301486015319824e+01
2.206759643554687500e+01
2.226349258422851562e+01
2.209518408775329590e+01
2.271433854103088379e+01
2.248161101341247559e+01
2.236737537384033203e+01
2.267628169059753418e+01
2.214826679229736328e+01
2.215251231193542480e+01
2.226967716217041016e+01
2.192399382591247559e+01
2.229452419281005859e+01
2.219060420989990234e+01
2.237884354591369629e+01
2.238940787315368652e+01
2.220083379745483398e+01
2.212876009941101074e+01
2.249076223373413086e+01
2.224303221702575684e+01
2.223781347274780273e+01
2.220328402519226074e+01
2.240049648284912109e+01
2.224685502052307129e+01
2.201474237442016602e+01
2.219571232795715332e+01
2.235440468788146973e+01
2.186185002326965332e+01
2.193070816993713379e+01
2.219118261337280273e+01
2.243179154396057129e+01
2.223271417617797852e+01
2.231470298767089844e+01
2.235324406623840332e+01
2.212662672996520996e+01
2.209782242774963379e+01
2.214236068725585938e+01
2.237677812576293945e+01
2.222856187820434570e+01
2.283144736289978027e+01
2.193289732933044434e+01
2.207316231727600098e+01
2.266811513900756836e+01
2.212784290313720703e+01
2.206773114204406738e+01
2.188305497169494629e+01
2.260566329956054688e+01
2.188106894493103027e+01
2.226812911033630371e+01
2.263634037971496582e+01
2.198217368125915527e+01
2.210039877891540527e+01
2.203587007522583008e+01
2.245835328102111816e+01
2.232169842720031738e+01
2.264481139183044434e+01
2.253537631034851074e+01
2.271137762069702148e+01
2.198241734504699707e+01
2.247785353660583496e+01
2.225436615943908691e+01
2.242690396308898926e+01
2.457937288284301758e+01
2.222391748428344727e+01
2.206525683403015137e+01
2.236423492431640625e+01
2.219158816337585449e+01
2.182699966430664062e+01
2.223735213279724121e+01
2.208680939674377441e+01
2.274820995330810547e+01
2.254289698600769043e+01
2.247486615180969238e+01
2.230287766456604004e+01
2.262601828575134277e+01
2.218408632278442383e+01
2.194800043106079102e+01
2.215486192703247070e+01
2.210242414474487305e+01
2.202899074554443359e+01
2.202324271202087402e+01
2.229981923103332520e+01
2.213255357742309570e+01
2.211377239227294922e+01
2.210593366622924805e+01
2.206845068931579590e+01
2.226625657081604004e+01
2.202135348320007324e+01
2.206044363975524902e+01
2.233285093307495117e+01
2.216740512847900391e+01
2.207047033309936523e+01
2.196025323867797852e+01
2.173561477661132812e+01
2.215016078948974609e+01
2.230957269668579102e+01
2.206005167961120605e+01
2.177698898315429688e+01
2.232668042182922363e+01
2.227420926094055176e+01
2.231446528434753418e+01
2.200203609466552734e+01
2.203339719772338867e+01
2.240668964385986328e+01
2.206458163261413574e+01
2.250662684440612793e+01
2.219487929344177246e+01
2.203455758094787598e+01
2.235867285728454590e+01
2.204497313499450684e+01
2.225626349449157715e+01
2.195971751213073730e+01
2.254472160339355469e+01
2.237499070167541504e+01
2.252901768684387207e+01
2.221597027778625488e+01
2.201165795326232910e+01
2.192098951339721680e+01
2.291692328453063965e+01
2.232908892631530762e+01
2.222664189338684082e+01
2.208414864540100098e+01
2.213614320755004883e+01
2.193020939826965332e+01
2.172817087173461914e+01
2.191991114616394043e+01
2.200832605361938477e+01
2.206252884864807129e+01
2.198917961120605469e+01
2.220287561416625977e+01
2.250798916816711426e+01
2.226800608634948730e+01
2.216354298591613770e+01
2.203578639030456543e+01
2.266058039665222168e+01
2.200614619255065918e+01
2.235569190979003906e+01
2.324296689033508301e+01
2.234009671211242676e+01
2.227468729019165039e+01
2.199435377120971680e+01
2.230524921417236328e+01
2.224350547790527344e+01
2.205322098731994629e+01
2.235827040672302246e+01
2.214497518539428711e+01
2.229470300674438477e+01
2.216133403778076172e+01
2.210294461250305176e+01
2.178396391868591309e+01
2.228712201118469238e+01
2.214439320564270020e+01
2.228233695030212402e+01
2.193259811401367188e+01
2.225331354141235352e+01
2.205405044555664062e+01
2.266290378570556641e+01
2.211081266403198242e+01
2.240689516067504883e+01
2.234725046157836914e+01
2.252567553520202637e+01
2.216071033477783203e+01
2.210293674468994141e+01
2.222937941551208496e+01
2.222142100334167480e+01
2.227820277214050293e+01
2.227780437469482422e+01
2.198608636856079102e+01
2.196385002136230469e+01
2.205249524116516113e+01
2.214468097686767578e+01
2.253217172622680664e+01
2.275280117988586426e+01
2.210295486450195312e+01
2.214651727676391602e+01
2.255938816070556641e+01
2.271034359931945801e+01
2.236071658134460449e+01
2.294946622848510742e+01
2.247222709655761719e+01
2.380293917655944824e+01
2.217435002326965332e+01
2.231207847595214844e+01
2.226440691947937012e+01
2.232174468040466309e+01
2.218693232536315918e+01
2.243395924568176270e+01
2.216851043701171875e+01
2.291155195236206055e+01
2.263776850700378418e+01
