1.291571545600891113e+01
1.228021383285522461e+01
1.225830864906311035e+01
1.224583315849304199e+01
1.232315325736999512e+01
1.225501632690429688e+01
1.225203537940979004e+01
1.233450722694396973e+01
1.224586057662963867e+01
1.230691838264465332e+01
1.220575761795043945e+01
1.226605939865112305e+01
1.220612716674804688e+01
1.220963335037231445e+01
1.223672103881835938e+01
1.223832941055297852e+01
1.222869110107421875e+01
1.224304509162902832e+01
1.223772525787353516e+01
1.226384902000427246e+01
1.225242042541503906e+01
1.227678918838500977e+01
1.228139734268188477e+01
1.221052551269531250e+01
1.224294829368591309e+01
1.226212263107299805e+01
1.231118011474609375e+01
1.230708456039428711e+01
1.229928064346313477e+01
1.227635574340820312e+01
1.223532342910766602e+01
1.223613977432250977e+01
1.229459571838378906e+01
1.223949384689331055e+01
1.223706078529357910e+01
1.227516794204711914e+01
1.223656487464904785e+01
1.229386067390441895e+01
1.227188062667846680e+01
1.228759765625000000e+01
1.227855062484741211e+01
1.225109505653381348e+01
1.228105616569519043e+01
1.231251573562622070e+01
1.228871798515319824e+01
1.229914712905883789e+01
1.223373961448669434e+01
1.228357791900634766e+01
1.228735828399658203e+01
1.221018218994140625e+01
1.225506043434143066e+01
1.227617788314819336e+01
1.225150632858276367e+01
1.223617315292358398e+01
1.224885964393615723e+01
1.224269413948059082e+01
1.226732587814331055e+01
1.228313446044921875e+01
1.229912805557250977e+01
1.221971297264099121e+01
1.232012438774108887e+01
1.223176789283752441e+01
1.221813416481018066e+01
1.221806907653808594e+01
1.225048041343688965e+01
1.230170035362243652e+01
1.223680233955383301e+01
1.224527716636657715e+01
1.226481747627258301e+01
1.222266936302185059e+01
1.231127905845642090e+01
1.230437397956848145e+01
1.168426394462585449e+01
1.222470569610595703e+01
1.230297183990478516e+01
1.225305891036987305e+01
1.221707129478454590e+01
1.227103781700134277e+01
1.228365993499755859e+01
1.232380008697509766e+01
1.229337978363037109e+01
1.227119946479797363e+01
1.230287623405456543e+01
1.230093526840209961e+01
1.220993161201477051e+01
1.226597094535827637e+01
1.227977323532104492e+01
1.222782063484191895e+01
1.224370741844177246e+01
1.231570982933044434e+01
1.234843063354492188e+01
1.228860950469970703e+01
1.234219741821289062e+01
1.222781443595886230e+01
1.225176548957824707e+01
1.222839212417602539e+01
1.230299401283264160e+01
1.222386884689331055e+01
1.228482937812805176e+01
1.228701663017272949e+01
1.226684021949768066e+01
1.223105740547180176e+01
1.231026625633239746e+01
1.226541447639465332e+01
1.227451086044311523e+01
1.221323633193969727e+01
1.228109693527221680e+01
1.225663733482360840e+01
1.220289731025695801e+01
1.231890082359313965e+01
1.221111297607421875e+01
1.225535106658935547e+01
1.222746896743774414e+01
1.226147055625915527e+01
1.225995492935180664e+01
1.229907083511352539e+01
1.229217410087585449e+01
1.232295823097229004e+01
1.241459202766418457e+01
1.229994320869445801e+01
1.225931954383850098e+01
1.231565332412719727e+01
1.229280900955200195e+01
1.224924540519714355e+01
1.220626473426818848e+01
1.229117417335510254e+01
1.224609947204589844e+01
1.229011702537536621e+01
1.226436996459960938e+01
1.223813700675964355e+01
1.227052783966064453e+01
1.223205065727233887e+01
1.219728374481201172e+01
1.224737787246704102e+01
1.225932836532592773e+01
1.221869683265686035e+01
1.228602051734924316e+01
1.228020477294921875e+01
1.222514963150024414e+01
1.226356959342956543e+01
1.231102061271667480e+01
1.227278757095336914e+01
1.224049258232116699e+01
1.221082782745361328e+01
1.223166489601135254e+01
1.223411560058593750e+01
1.227752375602722168e+01
1.223151516914367676e+01
1.225237202644348145e+01
1.220181202888488770e+01
1.224972701072692871e+01
1.220367765426635742e+01
1.219972777366638184e+01
1.225244522094726562e+01
1.228086733818054199e+01
1.226114606857299805e+01
1.224768733978271484e+01
1.222946786880493164e+01
1.220719146728515625e+01
1.223628020286560059e+01
1.221577477455139160e+01
1.224215507507324219e+01
1.224885725975036621e+01
1.223211264610290527e+01
1.222556018829345703e+01
1.225626444816589355e+01
1.227320575714111328e+01
1.228706288337707520e+01
1.223932194709777832e+01
1.219102787971496582e+01
1.226889038085937500e+01
1.222529411315917969e+01
1.221480393409729004e+01
1.224171638488769531e+01
1.224224066734313965e+01
1.225592970848083496e+01
1.220441484451293945e+01
1.220376348495483398e+01
1.225438237190246582e+01
1.226924276351928711e+01
1.221520733833312988e+01
1.223984074592590332e+01
1.230464076995849609e+01
1.221514368057250977e+01
1.225856781005859375e+01
1.226447892189025879e+01
1.228204464912414551e+01
1.230317425727844238e+01
1.226572370529174805e+01
1.219572019577026367e+01
1.223089909553527832e+01
1.219111800193786621e+01
1.224677824974060059e+01
1.231968402862548828e+01
1.229473853111267090e+01
1.225127291679382324e+01
1.221165776252746582e+01
1.229985618591308594e+01
1.227678155899047852e+01
1.226446962356567383e+01
