1.333944368362426758e+01
1.267654228210449219e+01
1.269701933860778809e+01
1.269463682174682617e+01
1.275092387199401855e+01
1.273288893699645996e+01
1.270049667358398438e+01
1.271786761283874512e+01
1.269690394401550293e+01
1.266008067131042480e+01
1.265404868125915527e+01
1.270541739463806152e+01
1.273061871528625488e+01
1.274909234046936035e+01
1.274700665473937988e+01
1.269305038452148438e+01
1.273318886756896973e+01
1.270618343353271484e+01
1.267766046524047852e+01
1.275611186027526855e+01
1.270938944816589355e+01
1.275382995605468750e+01
1.274987840652465820e+01
1.275210547447204590e+01
1.272812175750732422e+01
1.276359152793884277e+01
1.267553591728210449e+01
1.279342126846313477e+01
1.267397904396057129e+01
1.273359775543212891e+01
1.275530147552490234e+01
1.273577857017517090e+01
1.277984547615051270e+01
1.276375365257263184e+01
1.268932247161865234e+01
1.271201395988464355e+01
1.281688714027404785e+01
1.271978688240051270e+01
1.280648016929626465e+01
1.275170803070068359e+01
1.270893740653991699e+01
1.272173810005187988e+01
1.268015384674072266e+01
1.266953492164611816e+01
1.270106697082519531e+01
1.269878888130187988e+01
1.269750046730041504e+01
1.274679017066955566e+01
1.274440860748291016e+01
1.275719547271728516e+01
1.271037793159484863e+01
1.276211071014404297e+01
1.276724910736083984e+01
1.280195641517639160e+01
1.278093647956848145e+01
1.271163702011108398e+01
1.274738621711730957e+01
1.270568585395812988e+01
1.273476147651672363e+01
1.273168945312500000e+01
1.275167608261108398e+01
1.274834442138671875e+01
1.275543069839477539e+01
1.275346016883850098e+01
1.271579456329345703e+01
1.268535375595092773e+01
1.272510242462158203e+01
1.273120546340942383e+01
1.272943830490112305e+01
1.275237226486206055e+01
1.278735041618347168e+01
1.270443177223205566e+01
1.331638050079345703e+01
1.278007936477661133e+01
1.279716348648071289e+01
1.274093937873840332e+01
1.267848348617553711e+01
1.276731133460998535e+01
1.279419565200805664e+01
1.272011613845825195e+01
1.275875902175903320e+01
1.276290130615234375e+01
1.274171233177185059e+01
1.278059935569763184e+01
1.268906879425048828e+01
1.285467171669006348e+01
1.274349617958068848e+01
1.271296739578247070e+01
1.283485078811645508e+01
1.272644257545471191e+01
1.271413135528564453e+01
1.271808648109436035e+01
1.270718812942504883e+01
1.279218864440917969e+01
1.273332500457763672e+01
1.270947194099426270e+01
1.282048439979553223e+01
1.276857686042785645e+01
1.269049382209777832e+01
1.273626589775085449e+01
1.276538300514221191e+01
1.276983094215393066e+01
1.275003004074096680e+01
1.274453258514404297e+01
1.277421879768371582e+01
1.272856307029724121e+01
1.271500182151794434e+01
1.269939351081848145e+01
1.275492882728576660e+01
1.270793795585632324e+01
1.276239013671875000e+01
1.271929430961608887e+01
1.276013064384460449e+01
1.273353338241577148e+01
1.268161320686340332e+01
1.269585847854614258e+01
1.275103330612182617e+01
1.276383376121520996e+01
1.265829682350158691e+01
1.276857328414916992e+01
1.274916148185729980e+01
1.273023772239685059e+01
1.281383728981018066e+01
1.271245956420898438e+01
1.267063832283020020e+01
1.276161551475524902e+01
1.270358920097351074e+01
1.266784095764160156e+01
1.272493362426757812e+01
1.274110651016235352e+01
1.274730420112609863e+01
1.273046875000000000e+01
1.274066853523254395e+01
1.269847798347473145e+01
1.279554581642150879e+01
1.272336721420288086e+01
1.274333333969116211e+01
1.274073076248168945e+01
1.268474721908569336e+01
1.279187774658203125e+01
1.268627095222473145e+01
1.275123214721679688e+01
1.275046658515930176e+01
1.276683807373046875e+01
1.267056870460510254e+01
1.274587535858154297e+01
1.274289250373840332e+01
1.267626762390136719e+01
1.272331428527832031e+01
1.278050446510314941e+01
1.278604698181152344e+01
1.274224638938903809e+01
1.270862340927124023e+01
1.269949746131896973e+01
1.272091245651245117e+01
1.273839926719665527e+01
1.272424006462097168e+01
1.271705961227416992e+01
1.274890089035034180e+01
1.274377179145812988e+01
1.270029640197753906e+01
1.272621011734008789e+01
1.276842665672302246e+01
1.272602915763854980e+01
1.272500419616699219e+01
1.268988561630249023e+01
1.269877505302429199e+01
1.281066322326660156e+01
1.275411534309387207e+01
1.273387098312377930e+01
1.276371669769287109e+01
1.272003078460693359e+01
1.270084738731384277e+01
1.277224230766296387e+01
1.272985816001892090e+01
1.271278715133666992e+01
1.273418903350830078e+01
1.276643967628479004e+01
1.276584744453430176e+01
1.273959326744079590e+01
1.272479510307312012e+01
1.271930170059204102e+01
1.274402022361755371e+01
1.274256730079650879e+01
1.274088287353515625e+01
1.271242618560791016e+01
1.272426366806030273e+01
1.269158291816711426e+01
1.277801227569580078e+01
1.273459386825561523e+01
1.237704062461853027e+01
1.278689098358154297e+01
1.270646929740905762e+01
1.272390365600585938e+01
1.268690299987792969e+01
1.270487475395202637e+01
1.266780114173889160e+01
1.269383072853088379e+01
1.271060967445373535e+01
1.268045592308044434e+01
