2.246440982818603516e+01
2.208301019668579102e+01
2.226565051078796387e+01
2.221247196197509766e+01
2.212425279617309570e+01
2.286046886444091797e+01
2.209375476837158203e+01
2.186600542068481445e+01
2.206780695915222168e+01
2.310905861854553223e+01
2.253995275497436523e+01
2.206825542449951172e+01
2.242889046669006348e+01
2.213337969779968262e+01
2.239530301094055176e+01
2.252911901473999023e+01
2.222648644447326660e+01
2.249796080589294434e+01
2.209625887870788574e+01
2.232806086540222168e+01
2.217679095268249512e+01
2.227874779701232910e+01
2.233802986145019531e+01
2.203392338752746582e+01
2.267867302894592285e+01
2.222873759269714355e+01
2.231253767013549805e+01
2.203956723213195801e+01
2.211383938789367676e+01
2.260326623916625977e+01
2.239714908599853516e+01
2.239961338043212891e+01
2.225504493713378906e+01
2.224912476539611816e+01
2.243111586570739746e+01
2.241630697250366211e+01
2.220156168937683105e+01
2.235293531417846680e+01
2.220250344276428223e+01
2.253805303573608398e+01
2.246849751472473145e+01
2.231990385055541992e+01
2.243037080764770508e+01
2.241438198089599609e+01
2.210745310783386230e+01
2.234333300590515137e+01
2.234111237525939941e+01
2.235445380210876465e+01
2.231009149551391602e+01
2.274736452102661133e+01
2.199822330474853516e+01
2.173797082901000977e+01
2.210290479660034180e+01
2.228666305541992188e+01
2.213324379920959473e+01
2.222669410705566406e+01
2.232375693321228027e+01
2.234960508346557617e+01
2.229634451866149902e+01
2.201237773895263672e+01
2.221138596534729004e+01
2.209960961341857910e+01
2.240602064132690430e+01
2.230216336250305176e+01
2.193958735466003418e+01
2.243577337265014648e+01
2.225373864173889160e+01
2.257811784744262695e+01
2.187879586219787598e+01
2.218446516990661621e+01
2.207309722900390625e+01
2.242358469963073730e+01
2.459473872184753418e+01
2.204940557479858398e+01
2.226486539840698242e+01
2.226993680000305176e+01
2.213063502311706543e+01
2.225502943992614746e+01
2.194354104995727539e+01
2.214372158050537109e+01
2.232323884963989258e+01
2.218209314346313477e+01
2.238991355895996094e+01
2.215548348426818848e+01
2.213455200195312500e+01
2.204202699661254883e+01
2.223016929626464844e+01
2.211505866050720215e+01
2.198568654060363770e+01
2.195900750160217285e+01
2.207628631591796875e+01
2.229969787597656250e+01
2.240494036674499512e+01
2.212213110923767090e+01
2.190817070007324219e+01
2.239918994903564453e+01
2.203620576858520508e+01
2.209996938705444336e+01
2.196307063102722168e+01
2.257333302497863770e+01
2.212588310241699219e+01
2.176444268226623535e+01
2.197200512886047363e+01
2.181519865989685059e+01
2.216404914855957031e+01
2.235009384155273438e+01
2.217343139648437500e+01
2.217203927040100098e+01
2.222567129135131836e+01
2.253338456153869629e+01
2.210357689857482910e+01
2.212518858909606934e+01
2.249733448028564453e+01
2.205588150024414062e+01
2.214718294143676758e+01
2.227713537216186523e+01
2.203565692901611328e+01
2.201491117477416992e+01
2.222028207778930664e+01
2.211855530738830566e+01
2.223431420326232910e+01
2.195177221298217773e+01
2.205150461196899414e+01
2.195461535453796387e+01
2.236315274238586426e+01
2.218393111228942871e+01
2.233586096763610840e+01
2.196698188781738281e+01
2.285035014152526855e+01
2.193466496467590332e+01
2.221599721908569336e+01
2.207925915718078613e+01
2.218243145942687988e+01
2.199896931648254395e+01
2.225994634628295898e+01
2.265795516967773438e+01
2.230237221717834473e+01
2.226942729949951172e+01
2.193373060226440430e+01
2.204814815521240234e+01
2.269258451461791992e+01
2.231216025352478027e+01
2.230799865722656250e+01
2.251976203918457031e+01
2.230011200904846191e+01
2.194148898124694824e+01
2.212945652008056641e+01
2.301567721366882324e+01
2.184484624862670898e+01
2.223158025741577148e+01
2.214400386810302734e+01
2.206871104240417480e+01
2.200153040885925293e+01
2.214278268814086914e+01
2.199303245544433594e+01
2.209809494018554688e+01
2.175671219825744629e+01
2.222312211990356445e+01
2.235467863082885742e+01
2.223702549934387207e+01
2.227292513847351074e+01
2.209817147254943848e+01
2.213253593444824219e+01
2.213979029655456543e+01
2.225341415405273438e+01
2.198593115806579590e+01
2.260658669471740723e+01
2.220355319976806641e+01
2.226927042007446289e+01
2.274295639991760254e+01
2.194747543334960938e+01
2.211961936950683594e+01
2.178408813476562500e+01
2.222519040107727051e+01
2.233365297317504883e+01
2.193096876144409180e+01
2.234432291984558105e+01
2.225256991386413574e+01
2.220218777656555176e+01
2.197880506515502930e+01
2.213355612754821777e+01
2.232777881622314453e+01
2.235807037353515625e+01
2.207762932777404785e+01
2.177118849754333496e+01
2.238393354415893555e+01
2.255612015724182129e+01
2.236518454551696777e+01
2.250333046913146973e+01
2.272229909896850586e+01
2.389880204200744629e+01
2.198542904853820801e+01
2.219321393966674805e+01
2.266485738754272461e+01
2.252707266807556152e+01
2.248175907135009766e+01
2.229456782341003418e+01
2.253758811950683594e+01
2.290578198432922363e+01
2.258352565765380859e+01
