1.003999996185302734e+01
8.569999694824218750e+00
1.135999965667724609e+01
1.009999942779541016e+01
1.000999927520751953e+01
1.109000015258789062e+01
8.989999771118164062e+00
1.046999931335449219e+01
1.077999973297119141e+01
9.429999351501464844e+00
9.939999580383300781e+00
1.001999950408935547e+01
1.071999931335449219e+01
1.128999996185302734e+01
1.002999973297119141e+01
1.157999992370605469e+01
9.829999923706054688e+00
1.031999969482421875e+01
1.002999973297119141e+01
1.003999996185302734e+01
1.000000000000000000e+01
1.000000000000000000e+01
9.989999771118164062e+00
9.979999542236328125e+00
1.065999984741210938e+01
1.160999965667724609e+01
1.117000007629394531e+01
1.084000015258789062e+01
9.969999313354492188e+00
1.010999965667724609e+01
9.149999618530273438e+00
1.022999954223632812e+01
1.011999988555908203e+01
9.989999771118164062e+00
1.017999935150146484e+01
1.000000000000000000e+01
1.023999977111816406e+01
1.122999954223632812e+01
1.039999961853027344e+01
1.003999996185302734e+01
9.989999771118164062e+00
1.026999950408935547e+01
9.539999961853027344e+00
9.929999351501464844e+00
9.909999847412109375e+00
1.067000007629394531e+01
1.017999935150146484e+01
1.075000000000000000e+01
1.055000019073486328e+01
1.035999965667724609e+01
1.034000015258789062e+01
9.569999694824218750e+00
1.025000000000000000e+01
1.000000000000000000e+01
9.880000114440917969e+00
9.329999923706054688e+00
1.000000000000000000e+01
1.009999942779541016e+01
1.005000019073486328e+01
1.018999958038330078e+01
1.042999935150146484e+01
9.979999542236328125e+00
9.550000190734863281e+00
9.989999771118164062e+00
1.000999927520751953e+01
1.117999935150146484e+01
9.929999351501464844e+00
1.105999946594238281e+01
1.000000000000000000e+01
1.013999938964843750e+01
1.000000000000000000e+01
1.009999942779541016e+01
1.017999935150146484e+01
1.100000000000000000e+01
1.009000015258789062e+01
1.013999938964843750e+01
1.000000000000000000e+01
1.000999927520751953e+01
9.989999771118164062e+00
1.000000000000000000e+01
9.889999389648437500e+00
9.920000076293945312e+00
9.989999771118164062e+00
1.039999961853027344e+01
9.779999732971191406e+00
1.000000000000000000e+01
1.109999942779541016e+01
1.000000000000000000e+01
9.929999351501464844e+00
1.000999927520751953e+01
1.051999950408935547e+01
9.829999923706054688e+00
9.949999809265136719e+00
1.100000000000000000e+01
1.063000011444091797e+01
1.000000000000000000e+01
1.011999988555908203e+01
1.000000000000000000e+01
1.193999958038330078e+01
9.639999389648437500e+00
1.181999969482421875e+01
1.023999977111816406e+01
1.044999980926513672e+01
1.092999935150146484e+01
1.119999980926513672e+01
1.061999988555908203e+01
1.304999923706054688e+01
1.388000011444091797e+01
1.303999996185302734e+01
1.343999958038330078e+01
1.446999931335449219e+01
1.506999969482421875e+01
1.356999969482421875e+01
1.467000007629394531e+01
1.444999980926513672e+01
1.490999984741210938e+01
1.523999977111816406e+01
1.432999992370605469e+01
1.478999996185302734e+01
1.582999992370605469e+01
1.677000045776367188e+01
1.511999988555908203e+01
1.559999942779541016e+01
1.618000030517578125e+01
1.512999916076660156e+01
1.727999877929687500e+01
1.571999931335449219e+01
1.717000007629394531e+01
1.662999916076660156e+01
1.765999984741210938e+01
1.696999931335449219e+01
1.854999923706054688e+01
2.029999923706054688e+01
1.925000000000000000e+01
1.778999900817871094e+01
1.878999900817871094e+01
1.860000038146972656e+01
1.979999923706054688e+01
2.052999877929687500e+01
1.995999908447265625e+01
2.118000030517578125e+01
2.184000015258789062e+01
2.287999916076660156e+01
2.227999877929687500e+01
2.175000000000000000e+01
2.284000015258789062e+01
2.304999923706054688e+01
2.336999893188476562e+01
2.380999946594238281e+01
2.375000000000000000e+01
2.448999977111816406e+01
2.477999877929687500e+01
2.468999862670898438e+01
2.439999961853027344e+01
2.489999961853027344e+01
2.502999877929687500e+01
2.503999900817871094e+01
2.484999847412109375e+01
2.473999977111816406e+01
2.492000007629394531e+01
2.496999931335449219e+01
2.518000030517578125e+01
2.522999954223632812e+01
2.527999877929687500e+01
2.521999931335449219e+01
2.493999862670898438e+01
2.525000000000000000e+01
2.538999938964843750e+01
2.543999862670898438e+01
2.526000022888183594e+01
2.495999908447265625e+01
2.540999984741210938e+01
2.511999893188476562e+01
2.594999885559082031e+01
2.570999908447265625e+01
2.534999847412109375e+01
2.571999931335449219e+01
2.594999885559082031e+01
2.578999900817871094e+01
2.584000015258789062e+01
2.585999870300292969e+01
2.579999923706054688e+01
2.572999954223632812e+01
2.593999862670898438e+01
2.551000022888183594e+01
2.548999977111816406e+01
2.571999931335449219e+01
2.572999954223632812e+01
2.596999931335449219e+01
2.564999961853027344e+01
2.595999908447265625e+01
2.613999938964843750e+01
2.602999877929687500e+01
2.592000007629394531e+01
2.607999992370605469e+01
2.645999908447265625e+01
2.611999893188476562e+01
2.672999954223632812e+01
2.648999977111816406e+01
2.669999885559082031e+01
