4.260036945343017578e-01
4.184556007385253906e-01
4.191787242889404297e-01
4.207875728607177734e-01
4.153413772583007812e-01
4.177463054656982422e-01
4.181215763092041016e-01
4.219086170196533203e-01
4.099082946777343750e-01
4.219729900360107422e-01
4.188578128814697266e-01
4.156327247619628906e-01
4.200649261474609375e-01
4.089500904083251953e-01
4.160714149475097656e-01
4.131798744201660156e-01
4.115254878997802734e-01
4.207527637481689453e-01
4.130594730377197266e-01
4.173688888549804688e-01
4.073071479797363281e-01
4.147315025329589844e-01
4.197940826416015625e-01
4.147901535034179688e-01
4.161837100982666016e-01
4.086661338806152344e-01
4.135704040527343750e-01
4.222526550292968750e-01
4.277400970458984375e-01
4.155251979827880859e-01
4.104096889495849609e-01
4.164631366729736328e-01
4.169673919677734375e-01
4.116446971893310547e-01
4.177744388580322266e-01
4.130175113677978516e-01
4.131619930267333984e-01
4.151577949523925781e-01
4.115712642669677734e-01
4.253218173980712891e-01
4.150965213775634766e-01
4.218146800994873047e-01
4.132795333862304688e-01
4.139266014099121094e-01
4.179656505584716797e-01
4.161400794982910156e-01
4.186029434204101562e-01
4.125802516937255859e-01
4.060366153717041016e-01
4.164524078369140625e-01
4.075152873992919922e-01
4.153981208801269531e-01
4.094264507293701172e-01
4.126987457275390625e-01
4.119153022766113281e-01
4.079360961914062500e-01
4.186010360717773438e-01
4.104835987091064453e-01
4.135630130767822266e-01
4.107568264007568359e-01
4.064095020294189453e-01
4.155766963958740234e-01
4.077191352844238281e-01
4.165232181549072266e-01
4.090797901153564453e-01
4.190149307250976562e-01
4.138486385345458984e-01
4.099292755126953125e-01
4.120099544525146484e-01
4.102604389190673828e-01
4.084072113037109375e-01
4.543178081512451172e-01
6.886377334594726562e-01
4.140269756317138672e-01
4.086453914642333984e-01
4.084005355834960938e-01
4.086978435516357422e-01
4.076910018920898438e-01
4.119462966918945312e-01
4.105517864227294922e-01
4.130241870880126953e-01
4.066092967987060547e-01
4.086384773254394531e-01
4.165220260620117188e-01
4.191281795501708984e-01
4.095282554626464844e-01
4.036781787872314453e-01
4.124357700347900391e-01
4.111316204071044922e-01
4.083075523376464844e-01
4.152467250823974609e-01
4.065825939178466797e-01
4.100935459136962891e-01
4.100143909454345703e-01
4.114522933959960938e-01
4.141652584075927734e-01
4.087569713592529297e-01
4.122512340545654297e-01
4.077146053314208984e-01
4.141654968261718750e-01
4.134936332702636719e-01
4.092648029327392578e-01
4.164659976959228516e-01
4.045913219451904297e-01
4.111914634704589844e-01
4.119112491607666016e-01
4.094874858856201172e-01
4.155426025390625000e-01
4.082562923431396484e-01
4.204518795013427734e-01
4.148986339569091797e-01
4.072678089141845703e-01
4.149093627929687500e-01
4.039256572723388672e-01
4.122619628906250000e-01
4.119694232940673828e-01
4.114651679992675781e-01
4.183695316314697266e-01
4.066054821014404297e-01
4.125938415527343750e-01
4.081618785858154297e-01
4.087479114532470703e-01
4.161982536315917969e-01
4.078595638275146484e-01
4.142298698425292969e-01
4.103953838348388672e-01
4.121696949005126953e-01
4.169948101043701172e-01
4.164593219757080078e-01
4.195432662963867188e-01
4.046421051025390625e-01
4.106414318084716797e-01
4.137415885925292969e-01
4.063742160797119141e-01
4.157245159149169922e-01
4.092497825622558594e-01
4.110627174377441406e-01
4.137701988220214844e-01
4.081246852874755859e-01
4.175944328308105469e-01
4.077317714691162109e-01
4.080178737640380859e-01
4.138469696044921875e-01
4.071724414825439453e-01
4.175159931182861328e-01
4.072954654693603516e-01
4.106349945068359375e-01
4.249246120452880859e-01
4.085903167724609375e-01
4.151074886322021484e-01
4.070279598236083984e-01
4.148590564727783203e-01
4.098246097564697266e-01
4.091498851776123047e-01
4.190080165863037109e-01
4.063653945922851562e-01
4.173491001129150391e-01
4.143085479736328125e-01
4.100553989410400391e-01
4.148817062377929688e-01
4.113268852233886719e-01
4.137549400329589844e-01
4.098253250122070312e-01
4.157822132110595703e-01
4.135015010833740234e-01
4.079215526580810547e-01
4.193787574768066406e-01
4.164984226226806641e-01
4.148988723754882812e-01
4.088237285614013672e-01
4.090464115142822266e-01
4.137699604034423828e-01
4.105198383331298828e-01
4.133481979370117188e-01
4.127993583679199219e-01
4.110038280487060547e-01
4.139635562896728516e-01
4.134206771850585938e-01
4.147498607635498047e-01
4.086668491363525391e-01
4.106755256652832031e-01
4.094429016113281250e-01
4.087235927581787109e-01
4.155440330505371094e-01
4.092965126037597656e-01
4.165484905242919922e-01
4.078235626220703125e-01
4.159762859344482422e-01
4.113152027130126953e-01
4.136414527893066406e-01
5.364799499511718750e-01
4.094908237457275391e-01
4.122796058654785156e-01
4.088356494903564453e-01
4.110059738159179688e-01
4.146707057952880859e-01
4.077155590057373047e-01
4.173696041107177734e-01
4.079575538635253906e-01
4.126946926116943359e-01
