4.254090785980224609e-01
4.172163009643554688e-01
4.184355735778808594e-01
4.199907779693603516e-01
4.147398471832275391e-01
4.169373512268066406e-01
4.176864624023437500e-01
4.211490154266357422e-01
4.092662334442138672e-01
4.212591648101806641e-01
4.182188510894775391e-01
4.150888919830322266e-01
4.193706512451171875e-01
4.083504676818847656e-01
4.152586460113525391e-01
4.126605987548828125e-01
4.108037948608398438e-01
4.200813770294189453e-01
4.125714302062988281e-01
4.172108173370361328e-01
4.066112041473388672e-01
4.141645431518554688e-01
4.191706180572509766e-01
4.138090610504150391e-01
4.157104492187500000e-01
4.080791473388671875e-01
4.135336875915527344e-01
4.214861392974853516e-01
4.270517826080322266e-01
4.148237705230712891e-01
4.097595214843750000e-01
4.154458045959472656e-01
4.164969921112060547e-01
4.110534191131591797e-01
4.170055389404296875e-01
4.117951393127441406e-01
4.124085903167724609e-01
4.142413139343261719e-01
4.107675552368164062e-01
4.243729114532470703e-01
4.145600795745849609e-01
4.211816787719726562e-01
4.125983715057373047e-01
4.132418632507324219e-01
4.175646305084228516e-01
4.152743816375732422e-01
4.176683425903320312e-01
4.118697643280029297e-01
4.055461883544921875e-01
4.159030914306640625e-01
4.070723056793212891e-01
4.148018360137939453e-01
4.087922573089599609e-01
4.121580123901367188e-01
4.117703437805175781e-01
4.071984291076660156e-01
4.180450439453125000e-01
4.098699092864990234e-01
4.130206108093261719e-01
4.101529121398925781e-01
4.057750701904296875e-01
4.147236347198486328e-01
4.068679809570312500e-01
4.158270359039306641e-01
4.083490371704101562e-01
4.181802272796630859e-01
4.130225181579589844e-01
4.092216491699218750e-01
4.112582206726074219e-01
4.095895290374755859e-01
4.078490734100341797e-01
4.536457061767578125e-01
6.768093109130859375e-01
4.139292240142822266e-01
4.079940319061279297e-01
4.077599048614501953e-01
4.080657958984375000e-01
4.074685573577880859e-01
4.114098548889160156e-01
4.097461700439453125e-01
4.123320579528808594e-01
4.059309959411621094e-01
4.079566001892089844e-01
4.159061908721923828e-01
4.183652400970458984e-01
4.091262817382812500e-01
4.030303955078125000e-01
4.118883609771728516e-01
4.106550216674804688e-01
4.080348014831542969e-01
4.147174358367919922e-01
4.059829711914062500e-01
4.094107151031494141e-01
4.091389179229736328e-01
4.105153083801269531e-01
4.134736061096191406e-01
4.079935550689697266e-01
4.114882946014404297e-01
4.070284366607666016e-01
4.135489463806152344e-01
4.128105640411376953e-01
4.085912704467773438e-01
4.156942367553710938e-01
4.038546085357666016e-01
4.100110530853271484e-01
4.113416671752929688e-01
4.088501930236816406e-01
4.148104190826416016e-01
4.073646068572998047e-01
4.199838638305664062e-01
4.140963554382324219e-01
4.064524173736572266e-01
4.143409729003906250e-01
4.032559394836425781e-01
4.118185043334960938e-01
4.111747741699218750e-01
4.107980728149414062e-01
4.177474975585937500e-01
4.060988426208496094e-01
4.119274616241455078e-01
4.075338840484619141e-01
4.080517292022705078e-01
4.155764579772949219e-01
4.072487354278564453e-01
4.135017395019531250e-01
4.095478057861328125e-01
4.113214015960693359e-01
4.163274765014648438e-01
4.157738685607910156e-01
4.189872741699218750e-01
4.044718742370605469e-01
4.099881649017333984e-01
4.130513668060302734e-01
4.057815074920654297e-01
4.151549339294433594e-01
4.084248542785644531e-01
4.104409217834472656e-01
4.129874706268310547e-01
4.074428081512451172e-01
4.182286262512207031e-01
4.070274829864501953e-01
4.072093963623046875e-01
4.132111072540283203e-01
4.065179824829101562e-01
4.168999195098876953e-01
4.065909385681152344e-01
4.092404842376708984e-01
4.242224693298339844e-01
4.077625274658203125e-01
4.143233299255371094e-01
4.062910079956054688e-01
4.141597747802734375e-01
4.092130661010742188e-01
4.083545207977294922e-01
4.183771610260009766e-01
4.055087566375732422e-01
4.167361259460449219e-01
4.135982990264892578e-01
4.092872142791748047e-01
4.144711494445800781e-01
4.104831218719482422e-01
4.131422042846679688e-01
4.091196060180664062e-01
4.153082370758056641e-01
4.128727912902832031e-01
4.073059558868408203e-01
4.185676574707031250e-01
4.158256053924560547e-01
4.140646457672119141e-01
4.080698490142822266e-01
4.085602760314941406e-01
4.131360054016113281e-01
4.101264476776123047e-01
4.128458499908447266e-01
4.119939804077148438e-01
4.103364944458007812e-01
4.132359027862548828e-01
4.128749370574951172e-01
4.141364097595214844e-01
4.079844951629638672e-01
4.100115299224853516e-01
4.087300300598144531e-01
4.078786373138427734e-01
4.147984981536865234e-01
4.086065292358398438e-01
4.156951904296875000e-01
4.071054458618164062e-01
4.146854877471923828e-01
4.104368686676025391e-01
4.130945205688476562e-01
5.671777725219726562e-01
4.087493419647216797e-01
4.115874767303466797e-01
4.078218936920166016e-01
4.100389480590820312e-01
4.139294624328613281e-01
4.068820476531982422e-01
4.165265560150146484e-01
4.050064086914062500e-01
4.119162559509277344e-01
