1.339604020118713379e+01
1.277309966087341309e+01
1.276878595352172852e+01
1.272453308105468750e+01
1.266609191894531250e+01
1.274714326858520508e+01
1.270305490493774414e+01
1.270555782318115234e+01
1.267951989173889160e+01
1.275684428215026855e+01
1.269562530517578125e+01
1.270471477508544922e+01
1.271080446243286133e+01
1.273503303527832031e+01
1.271634745597839355e+01
1.274229145050048828e+01
1.266312742233276367e+01
1.265838003158569336e+01
1.271046304702758789e+01
1.269873094558715820e+01
1.276477169990539551e+01
1.277672243118286133e+01
1.274249577522277832e+01
1.268765616416931152e+01
1.277520227432250977e+01
1.273845124244689941e+01
1.270244765281677246e+01
1.264285063743591309e+01
1.276753997802734375e+01
1.272667813301086426e+01
1.266579031944274902e+01
1.268386793136596680e+01
1.267527246475219727e+01
1.273618388175964355e+01
1.271920466423034668e+01
1.277968597412109375e+01
1.269701600074768066e+01
1.271958613395690918e+01
1.270281338691711426e+01
1.268077230453491211e+01
1.268134236335754395e+01
1.269532990455627441e+01
1.281121182441711426e+01
1.268336820602416992e+01
1.268427610397338867e+01
1.270810222625732422e+01
1.270593976974487305e+01
1.268182778358459473e+01
1.279523539543151855e+01
1.267388892173767090e+01
1.272747468948364258e+01
1.267648077011108398e+01
1.268037605285644531e+01
1.276106071472167969e+01
1.272267818450927734e+01
1.265436673164367676e+01
1.270303177833557129e+01
1.267924594879150391e+01
1.270738244056701660e+01
1.269366884231567383e+01
1.269113230705261230e+01
1.269902920722961426e+01
1.270995330810546875e+01
1.269294095039367676e+01
1.272555327415466309e+01
1.272114920616149902e+01
1.268466186523437500e+01
1.273790216445922852e+01
1.266982769966125488e+01
1.272423577308654785e+01
1.266785502433776855e+01
1.277264070510864258e+01
1.279648709297180176e+01
1.269425439834594727e+01
1.274002671241760254e+01
1.271101784706115723e+01
1.267863893508911133e+01
1.269471931457519531e+01
1.273537325859069824e+01
1.277241611480712891e+01
1.271253776550292969e+01
1.270641207695007324e+01
1.276102685928344727e+01
1.273400831222534180e+01
1.267911720275878906e+01
1.276051926612854004e+01
1.268612360954284668e+01
1.272884058952331543e+01
1.270205140113830566e+01
1.269614052772521973e+01
1.270319199562072754e+01
1.275146961212158203e+01
1.272932291030883789e+01
1.267878723144531250e+01
1.268042612075805664e+01
1.276138257980346680e+01
1.269984555244445801e+01
1.273785424232482910e+01
1.272668790817260742e+01
1.267247009277343750e+01
1.273424410820007324e+01
1.270435190200805664e+01
1.269233226776123047e+01
1.268542337417602539e+01
1.279402565956115723e+01
1.268890762329101562e+01
1.270855093002319336e+01
1.268631625175476074e+01
1.266145253181457520e+01
1.279356884956359863e+01
1.266950082778930664e+01
1.266882801055908203e+01
1.271680855751037598e+01
1.267333340644836426e+01
1.275085163116455078e+01
1.267597174644470215e+01
1.264948987960815430e+01
1.268273854255676270e+01
1.272298765182495117e+01
1.272056579589843750e+01
1.271389365196228027e+01
1.271272420883178711e+01
1.267160129547119141e+01
1.272202324867248535e+01
1.272371268272399902e+01
1.266970515251159668e+01
1.272679495811462402e+01
1.270093727111816406e+01
1.273425149917602539e+01
1.267230176925659180e+01
1.271083235740661621e+01
1.271582365036010742e+01
1.272507762908935547e+01
1.273647093772888184e+01
1.271868348121643066e+01
1.273434615135192871e+01
1.277530741691589355e+01
1.273679208755493164e+01
1.274540257453918457e+01
1.270098304748535156e+01
1.276202869415283203e+01
1.266802024841308594e+01
1.272037649154663086e+01
1.271024656295776367e+01
1.271622133255004883e+01
1.269361114501953125e+01
1.272790765762329102e+01
1.270716881752014160e+01
1.267164540290832520e+01
1.267281460762023926e+01
1.274276876449584961e+01
1.264976787567138672e+01
1.265217876434326172e+01
1.275680637359619141e+01
1.268978810310363770e+01
1.270575356483459473e+01
1.268596935272216797e+01
1.272315597534179688e+01
1.281682610511779785e+01
1.270949101448059082e+01
1.267601704597473145e+01
1.272350716590881348e+01
1.274479961395263672e+01
1.270321345329284668e+01
1.268339014053344727e+01
1.269810390472412109e+01
1.270763659477233887e+01
1.268684220314025879e+01
1.270024085044860840e+01
1.266171884536743164e+01
1.268736505508422852e+01
1.264974737167358398e+01
1.269289278984069824e+01
1.273703312873840332e+01
1.269069457054138184e+01
1.268557429313659668e+01
1.266171979904174805e+01
1.268342924118041992e+01
1.274556326866149902e+01
1.269293451309204102e+01
1.267114114761352539e+01
1.266398239135742188e+01
1.272615265846252441e+01
1.266168928146362305e+01
1.267228460311889648e+01
1.270436382293701172e+01
1.270352411270141602e+01
1.272314786911010742e+01
1.271731734275817871e+01
1.273528409004211426e+01
1.282087969779968262e+01
1.264543962478637695e+01
1.272861385345458984e+01
1.275410366058349609e+01
1.277223086357116699e+01
1.268630433082580566e+01
1.267067432403564453e+01
1.274747252464294434e+01
1.270810770988464355e+01
1.266431450843811035e+01
