1.027199999938964758e+01
9.839999999542236253e+00
1.014399999572753863e+01
9.935999999389649062e+00
1.007999999877929653e+01
9.712000002441406821e+00
1.047999999938964777e+01
1.003199999572753853e+01
9.935999999389649062e+00
1.073599999969482433e+01
1.067200000183105502e+01
1.040000000244140566e+01
9.823999999999999844e+00
1.041599999938964771e+01
9.423999999389648607e+00
1.068799999938964795e+01
1.023999999938964756e+01
1.017599999954223655e+01
1.020800000244140548e+01
1.030399999572753877e+01
1.059200000244140583e+01
9.679999999389648835e+00
1.033600000183105472e+01
1.084800000244140605e+01
1.086399999938964811e+01
1.052800000244140577e+01
1.068799999954223701e+01
1.062399999969482423e+01
9.711999999542236139e+00
1.038399999908447313e+01
1.116799999969482471e+01
1.038400000244140564e+01
9.792000002441406892e+00
1.017599999908447295e+01
1.032000000183105470e+01
1.014400000244140543e+01
1.068799999938964795e+01
1.041600000244140567e+01
1.012799999954223651e+01
9.999999999389649119e+00
1.046399999908447320e+01
1.033600000000000030e+01
1.036800000244140563e+01
9.839999999694823529e+00
1.027199999938964758e+01
1.038399999938964768e+01
1.065599999954223698e+01
9.807999998779296291e+00
9.967999999389649091e+00
1.052799999877929693e+01
1.043199999908447317e+01
1.022399999969482387e+01
1.022399999969482387e+01
9.631999999542236068e+00
1.044799999877929686e+01
1.081599999908447352e+01
1.054399999954223688e+01
9.647999995727538192e+00
1.081599999954223712e+01
1.033599999954223669e+01
1.100799999969482457e+01
1.103999999954223554e+01
9.855999999694823543e+00
1.075199999908447346e+01
1.052799999938964781e+01
1.030400000244140557e+01
1.049599999908447323e+01
1.031999999984741123e+01
9.599999999389648764e+00
1.046400000244140571e+01
1.049599999938964778e+01
9.583999999542236026e+00
1.103999999954223554e+01
9.471999999847412255e+00
1.046399999954223681e+01
1.073599999572753916e+01
1.051199999938964780e+01
1.011199999938964922e+01
9.919999999389649048e+00
1.035200000244140561e+01
9.759999999389648906e+00
1.001599999938964913e+01
9.919999999084472719e+00
1.006400000244140713e+01
1.033599999954223669e+01
9.871999999389649005e+00
1.060800000244140584e+01
9.727999999084472549e+00
1.030399999572753877e+01
1.073599999954223705e+01
1.020800000244140548e+01
1.051199999969482413e+01
9.952000002441407034e+00
9.935999999542236338e+00
9.775999999389648920e+00
9.775999999542236196e+00
1.028799999984741298e+01
9.567999999694825064e+00
9.728000002441406835e+00
1.073599999954223705e+01
1.135999999938964855e+01
1.196800000244140705e+01
1.238399999572753885e+01
1.222399999954223659e+01
1.207999999954223647e+01
1.345599999954223591e+01
1.337599999938964856e+01
1.364800000183105411e+01
1.369599999572753823e+01
1.425599999877929669e+01
1.443200000488281276e+01
1.508799999511718681e+01
1.495999999877929731e+01
1.515200000183105544e+01
1.534399999908447221e+01
1.539199999908447225e+01
1.569599999572753823e+01
1.550400000488281194e+01
1.622400000183105462e+01
1.692800000183105524e+01
1.665599999572753731e+01
1.676800000244140776e+01
1.630399999969482394e+01
1.664000000244140764e+01
1.708799999511718681e+01
1.775999999572754007e+01
1.704000000244140622e+01
1.855999999877929696e+01
1.679999999511718656e+01
1.838400000488281094e+01
1.788799999572754018e+01
1.803199999908447282e+01
1.846399999511718804e+01
1.758399999908447242e+01
1.855999999816894430e+01
1.808000000244140537e+01
1.852799999816894427e+01
1.888000000488281316e+01
1.911999999877929568e+01
1.881599999572753745e+01
1.902399999816894649e+01
1.851200000183105487e+01
1.886400000488281137e+01
1.967999999908447251e+01
1.907199999816894476e+01
1.953600000183105578e+01
1.919999999145507985e+01
1.990399999877929815e+01
2.003200000488281418e+01
2.054399999877929517e+01
2.070399999938964797e+01
2.187200000488281404e+01
2.166399999877929616e+01
2.168000000183105413e+01
2.212800000122070188e+01
2.107199999877929741e+01
2.214400000183105632e+01
2.153599999572753987e+01
2.147199999511718715e+01
2.112000000183105541e+01
2.163199999511718730e+01
2.193599999572753845e+01
2.118399999145507806e+01
2.176000000183105598e+01
2.160000000183105584e+01
2.184000000122070162e+01
2.204800000183105624e+01
2.174400000488281393e+01
2.188800000183105610e+01
2.311999999908447379e+01
2.323200000122070463e+01
2.235199999511718616e+01
2.193599999511718579e+01
2.206399999511718590e+01
2.171200000732421742e+01
2.156799999877929608e+01
2.275199999877929713e+01
2.223999999145507900e+01
2.251200000488281106e+01
2.236799999145507911e+01
2.272000000488281302e+01
2.270400000122070239e+01
2.222400000122070196e+01
2.272000000488281302e+01
2.324800000183105553e+01
2.201600000183105621e+01
2.262399999572754083e+01
2.283200000183105516e+01
2.172799999908447433e+01
2.275199999572753740e+01
2.310399999572753771e+01
2.252799999908447148e+01
2.292800000488281142e+01
2.289599999572753930e+01
2.297600000183105351e+01
2.300799999816894470e+01
2.249600000488281282e+01
2.310400000488281336e+01
2.336000000122070475e+01
2.305599999145507795e+01
