1.019200000000000017e+01
1.331199999572753967e+01
1.675200000183105331e+01
1.937599999816894680e+01
2.198399999511718761e+01
2.283199999908447353e+01
2.446399999572754069e+01
2.732800000122070472e+01
2.929600000122070469e+01
3.219200000732421785e+01
3.224000000122070020e+01
3.425600000122070554e+01
3.521599999816894666e+01
3.569599999755859443e+01
3.665600000732421648e+01
3.695999999755859022e+01
3.700800000610351503e+01
3.887999999389648309e+01
3.729600000122070469e+01
3.884799999511718482e+01
3.937599999145507468e+01
4.044799999023437209e+01
4.040000000732421626e+01
4.115199999633789218e+01
4.145599999755859244e+01
4.126400000122070111e+01
4.300799999145507968e+01
4.236799999023437380e+01
4.287999999755859193e+01
4.361600000976562796e+01
4.296000000366210969e+01
4.438400000366210918e+01
4.420799998779296658e+01
4.655999998779297044e+01
4.449600000976562342e+01
4.599999999145507701e+01
4.601600000366210708e+01
4.636800000000000210e+01
4.723199999999999932e+01
4.758399998657226604e+01
4.640000000244140921e+01
4.691199998779296720e+01
4.784000000976562461e+01
4.852799999633788985e+01
4.694399998779297078e+01
4.868800000366211123e+01
4.812800000976562842e+01
4.822400001464843911e+01
4.926399998779297107e+01
4.814399998779296652e+01
4.990400000610351583e+01
4.879999999145508127e+01
4.999999998779296817e+01
4.984000000366211225e+01
5.049600000610351458e+01
4.875200000000000244e+01
5.015999999023437539e+01
4.830399999023437374e+01
4.929600000976562768e+01
5.230400000366211088e+01
5.132799999267577817e+01
5.120000000000000284e+01
5.068799999633789355e+01
5.083200000610351310e+01
5.049600000366211106e+01
5.123199999389648696e+01
5.099199999999999733e+01
5.353600000366211020e+01
5.094400000488280966e+01
5.057599999023437221e+01
4.966400000244140500e+01
5.195200000610351765e+01
5.315199998657226388e+01
5.019199998657226303e+01
5.015999999999999659e+01
5.287999999389648309e+01
5.377600000976562455e+01
5.254400000976562524e+01
5.303999998291015316e+01
5.251199999755859693e+01
5.439999999999999858e+01
4.758399999145508019e+01
5.297599999511718494e+01
5.363199998657226786e+01
5.243200000244140568e+01
5.518399999023437630e+01
5.148800000610351901e+01
5.479999999267577948e+01
5.320000000976562404e+01
5.367999997314453253e+01
5.180800000610351219e+01
5.430399999267578437e+01
5.359999998657226428e+01
5.414399999633788951e+01
5.158400000610351555e+01
5.481599999267577772e+01
5.574399999999999977e+01
5.126399998291015692e+01
5.527999999633789230e+01
5.398399998779296993e+01
6.627199998657226843e+01
6.809599998291015766e+01
6.923199997314452503e+01
6.929600001464844183e+01
7.011200001464844433e+01
7.086400000488281137e+01
7.121599997558594453e+01
7.118399998291015152e+01
7.177599998657225910e+01
7.169600001708984394e+01
7.289599999511719375e+01
7.275200000488281660e+01
7.207999999267578062e+01
7.241599999633788798e+01
7.303999998291016027e+01
7.303999997314453196e+01
7.367999998535155726e+01
7.308799997558594441e+01
7.369599998291015197e+01
7.388800001464844058e+01
7.419199998291016129e+01
7.351999998535156067e+01
7.433599998535156317e+01
7.443199999511718090e+01
7.422400001708984973e+01
7.435199998535156851e+01
7.479999997314453708e+01
7.497600000244140972e+01
7.455999998291015629e+01
7.526399998535156044e+01
7.547200001464844377e+01
7.532799997314452867e+01
7.608000001464843365e+01
7.559999998291016254e+01
7.519999999511718158e+01
7.577599998535156089e+01
7.535999999511719238e+01
7.561599997558593600e+01
7.604799997558593816e+01
7.617600000732421961e+01
7.600000000732421768e+01
7.651199999511719341e+01
7.627199999511718431e+01
7.619200000732422495e+01
7.652799999511718454e+01
7.718399998535156215e+01
7.689599998535156544e+01
7.679999999267577948e+01
7.633599998657226138e+01
7.673599998291015822e+01
7.799999999511719295e+01
7.825599998779297550e+01
7.785599998535155919e+01
7.825599998535156487e+01
7.875199997314453526e+01
7.822399998535156840e+01
7.795200000488281944e+01
7.820799999755858778e+01
7.860799998535156874e+01
7.843199998535156681e+01
7.865599997558594225e+01
7.857600000732422529e+01
7.902399997558593725e+01
7.907199998535156737e+01
7.905599999755858676e+01
7.867199999511719000e+01
7.891200001708983791e+01
7.865599999755859528e+01
7.897599997558593543e+01
7.902399998535156556e+01
7.856000000488280932e+01
7.910399999511719216e+01
7.927999997558593748e+01
7.854399997314453685e+01
7.900800000732421324e+01
7.939199999511718886e+01
7.886400000732422200e+01
7.868800000244141302e+01
7.891199998535155657e+01
7.897599997558593543e+01
7.950400000488281194e+01
7.939200000488281717e+01
7.923200000732421699e+01
7.948799998535156419e+01
7.908799997558594441e+01
7.951999998535156067e+01
7.971199997558593964e+01
7.891200000732422382e+01
7.928000001708984712e+01
7.900800000488281682e+01
7.873599997558594055e+01
7.931200001464843297e+01
7.902400001708984689e+01
7.926399999267577812e+01
7.942400000488281364e+01
7.915199998535156567e+01
7.915200001708984701e+01
7.968000000732422450e+01
7.955199997558594305e+01
7.955200000732422438e+01
