1.011199999908447289e+01
1.393600000244140702e+01
1.788799999877929636e+01
1.864000000183105499e+01
2.225599999816894581e+01
2.593599998779296811e+01
2.804799999816894385e+01
2.886400000732421844e+01
3.033599999908447131e+01
3.143999999389648536e+01
3.302399998779296908e+01
3.457600000488281466e+01
3.406399999816894564e+01
3.580799999755859631e+01
3.684800000732421665e+01
3.768000000366210855e+01
3.846399999389648627e+01
3.884800000366210782e+01
3.900800000183105709e+01
3.974399999816894535e+01
4.054399999999999693e+01
4.099200000976562563e+01
4.264000000122070588e+01
4.207999999145507530e+01
4.332800000732422063e+01
4.380799999023437152e+01
4.377600000000000335e+01
4.611199998779297005e+01
4.638399999633789150e+01
4.639999999389648622e+01
4.739200000976562421e+01
4.803200000366211242e+01
4.731199999755859409e+01
4.864000000976562177e+01
4.780799999755859631e+01
4.915200000000000102e+01
5.043200000976562336e+01
5.078399999023437772e+01
5.222399999023437545e+01
5.108799998657226382e+01
5.404799999389648235e+01
5.222399998291015777e+01
5.230399999633789321e+01
5.294399999633789378e+01
5.287999999755859193e+01
5.438400000244140386e+01
5.441600000366211276e+01
5.441600000244140745e+01
5.142399999267578181e+01
5.446399999023437744e+01
5.383999997314452912e+01
5.384000000610351577e+01
5.523199998779296749e+01
5.500800000610351503e+01
5.489600000610351316e+01
5.417599999511718778e+01
5.511999998291015856e+01
5.491199999389648667e+01
5.601599999389648588e+01
5.512000000610351691e+01
5.630400001464843740e+01
5.561599999023437846e+01
5.574400000610351213e+01
5.647999998535156152e+01
5.504000000244140978e+01
5.417599998291015595e+01
5.377599999267577857e+01
5.668799998291015640e+01
5.769599999633788912e+01
5.740800001464843660e+01
5.577599998657226621e+01
5.572799998291015555e+01
5.625599999389648787e+01
5.673599999633788826e+01
5.591999999023437340e+01
5.878399998291015294e+01
5.481600000244140602e+01
5.755199998291015362e+01
5.839999999267578090e+01
5.129600000366210821e+01
5.873599998657226706e+01
5.875199998657226530e+01
5.913600000610351515e+01
5.694400000366211145e+01
6.004799998291015584e+01
5.604800000976562302e+01
5.595200000610351765e+01
5.697599998291015311e+01
6.075200001464843780e+01
6.031999998291015430e+01
5.724799998779296573e+01
5.982399999755859454e+01
5.425600000610351259e+01
6.004800000610351418e+01
5.955199998657226246e+01
5.196799999267577874e+01
6.238400000366210918e+01
5.830399999389648258e+01
6.068799998291015640e+01
5.936000000976562774e+01
7.195200001708984416e+01
7.425600001708984621e+01
7.444799997314453321e+01
7.593599999511718579e+01
7.571200000488281034e+01
7.556799998535156249e+01
7.641600001464843217e+01
7.655999999267578460e+01
7.715199997558593736e+01
7.740800000244141188e+01
7.767999999511718556e+01
7.699199997558594077e+01
7.742399997558594293e+01
7.791999998291015572e+01
7.787199998535156453e+01
7.856000001464843763e+01
7.843199998291015618e+01
7.849599999511718806e+01
7.899199999511718318e+01
7.927999998657226399e+01
7.926399998779297107e+01
7.961600000488280671e+01
7.947199999755859778e+01
7.923199999511719227e+01
8.019199998535155771e+01
7.969599998535156260e+01
7.980800000488281398e+01
7.990399998779297164e+01
8.046400001464843399e+01
8.044799997802734026e+01
8.019199998535155771e+01
7.959999998779296959e+01
7.988799999755859460e+01
8.067200000488281830e+01
8.068799998535156703e+01
8.083199998779296891e+01
8.078399998535155646e+01
8.079999999511719011e+01
8.131199997802734458e+01
8.127999997558593748e+01
8.140800001708984723e+01
8.116799999755859574e+01
8.075199999511718829e+01
8.123199997558593566e+01
8.142400001708983837e+01
8.145599999755859244e+01
8.113600000732421336e+01
8.190400001464843172e+01
8.183999998291015743e+01
8.183999997314452912e+01
8.263999999755858994e+01
8.236799997558593134e+01
8.225599999511719318e+01
8.275199999511718829e+01
8.262399998535155987e+01
8.278399999755859540e+01
8.313599997558593202e+01
8.283200001708983962e+01
8.294399997314452833e+01
8.315199998535156567e+01
8.273599997802733697e+01
8.326400001708984178e+01
8.286399999511718306e+01
8.358399997558593952e+01
8.264000000732421825e+01
8.315199997558593736e+01
8.350400000732422257e+01
8.336000001708984541e+01
8.313599998535156033e+01
8.300799999511718852e+01
8.305599998779297266e+01
8.340799999755859062e+01
8.377599997558593259e+01
8.267199997558593338e+01
8.339199997558593225e+01
8.275199999755859892e+01
8.302400001953124331e+01
8.311999999755859392e+01
8.299199997314453014e+01
8.347199999755859778e+01
8.294399999511718136e+01
8.328000001708984712e+01
8.396800000488281057e+01
8.355199998779296777e+01
8.310400001708984519e+01
8.359999997802734129e+01
8.329599997558594282e+01
8.355199997558594305e+01
8.414399998779296652e+01
8.347199998535155885e+01
8.332800000732422063e+01
8.353599997802734833e+01
8.345599999511718181e+01
8.332799998535156760e+01
8.302399999755859028e+01
8.296000001464844331e+01
8.332799998535156760e+01
8.311999999755859392e+01
8.379199997558593793e+01
8.401599997558594168e+01
