2.385391685714721710e+00
2.264379431838989376e+00
2.167704849853515636e+00
2.129790220680236601e+00
2.056334438934326325e+00
2.006558249588012544e+00
1.973463953590393061e+00
1.946035382308960004e+00
1.914044536132812446e+00
1.925860481300353921e+00
1.887871166229247999e+00
1.894129376907348616e+00
1.858242120513915907e+00
1.861893958740234334e+00
1.873664031219482329e+00
1.840691787109375088e+00
1.860028605575561489e+00
1.853282486572265686e+00
1.835403734130859332e+00
1.848677848205566354e+00
1.843767563781738339e+00
1.816944165725707938e+00
1.825235734558105394e+00
1.828335966644287103e+00
1.804309937973022526e+00
1.796704367294311488e+00
1.791084709587097201e+00
1.788904309959411520e+00
1.763618018112182551e+00
1.770663989791870119e+00
1.790305425186157207e+00
1.809120863304138238e+00
1.786735034294128388e+00
1.782689381103515602e+00
1.753075295257568333e+00
1.762735821838378847e+00
1.750204957580566489e+00
1.764299939346313462e+00
1.750005769920349064e+00
1.775236908035278338e+00
1.760020914649963464e+00
1.726910190200805717e+00
1.748507557525634803e+00
1.799094721412658693e+00
1.788105390930175842e+00
1.758461303710937562e+00
1.780870288963317893e+00
1.694809581832885659e+00
1.763851404190063477e+00
1.740612060394287175e+00
1.775027106590270964e+00
1.722465580749511727e+00
1.718152766990661551e+00
1.703400920791626083e+00
1.741650813369751027e+00
1.718289987297058063e+00
1.672157695236206054e+00
1.738854805679321380e+00
1.732464574089050302e+00
1.786010532569885179e+00
1.703732838211059475e+00
1.693105965576171767e+00
1.645941896514892644e+00
1.721955176086425787e+00
1.718710888748169019e+00
1.722307947311401355e+00
1.763768461761474615e+00
1.731927528953552287e+00
1.785859666595458917e+00
1.739969336051940818e+00
1.686946143913269136e+00
1.740222125320434632e+00
1.743244328918456931e+00
1.756273890304565377e+00
1.670884659652710047e+00
1.622488000640869066e+00
1.733058263244628971e+00
1.726847734374999943e+00
1.678290844802856396e+00
1.728646699104309015e+00
1.617301156768798931e+00
1.705207050399780266e+00
1.777643858032226465e+00
1.694493238410949676e+00
1.693526452178955033e+00
1.676128099899292012e+00
1.777193907394409189e+00
1.623432842674255472e+00
1.660939747085571350e+00
1.688620727844238223e+00
1.662886929435730021e+00
1.676689431228637783e+00
1.648494836845397993e+00
1.674551364440918011e+00
1.707123130950927825e+00
1.648039822082519423e+00
1.738368123550415145e+00
1.665953426818847616e+00
1.664734767684936445e+00
1.670306790084838955e+00
1.238183496074676482e+00
1.186608018207550019e+00
1.193228923492431592e+00
1.168355420188903704e+00
1.172691477832794149e+00
1.127354319763183677e+00
1.136550244083404548e+00
1.154003317604064938e+00
1.131321946868896422e+00
1.134520252952575747e+00
1.124693506202697701e+00
1.118301980094909664e+00
1.124213102416992127e+00
1.102438050117492629e+00
1.097672284145355226e+00
1.115293976383209262e+00
1.077804146213531489e+00
1.085360034561157150e+00
1.082858363151550263e+00
1.065585506286621076e+00
1.096748997764587452e+00
1.048900945777893057e+00
1.091375565376281775e+00
1.104979953517913893e+00
1.066778456115722751e+00
1.065961006126403765e+00
1.072234694900512597e+00
1.042561537475585887e+00
1.055228242111206027e+00
1.057482028694152865e+00
1.022700721473693841e+00
1.039835152587890610e+00
1.017237157440185502e+00
1.058542061119079669e+00
1.035794240856170667e+00
9.922911570739746390e-01
1.001788016300201312e+00
1.025221610527038640e+00
1.016994874305725105e+00
1.033907047843933169e+00
1.036373692474365171e+00
1.011701599273681751e+00
1.036070144214630062e+00
1.021270801277160745e+00
9.784874985122680169e-01
1.029690620861053452e+00
1.031713189563751243e+00
1.004144951248169049e+00
1.005036012191772521e+00
1.013471479740142733e+00
9.253427648448944165e-01
9.283673398971558077e-01
9.567016010856628228e-01
9.501591481018066832e-01
9.108269029426574459e-01
9.344654590034484620e-01
9.160134980010986583e-01
9.562571307754517136e-01
9.441659124660491953e-01
9.582914898490906275e-01
9.343149715805053601e-01
9.512413008880614695e-01
9.475420198059082422e-01
9.393940390396118278e-01
9.160167160415649823e-01
9.254309172439575404e-01
9.263946698760986420e-01
9.480278956794738754e-01
9.056050323677062863e-01
8.983423018646240488e-01
9.063332802009582689e-01
9.547364901828765404e-01
9.149139365959167991e-01
9.276716110229492607e-01
9.130313490867614235e-01
9.042843720245361538e-01
9.110108861541748038e-01
9.504454540061950674e-01
9.154388610839844231e-01
9.393821810722351451e-01
9.548335464477538670e-01
9.191681278228759355e-01
9.375760725784302307e-01
9.122976576232910695e-01
9.161600581359863327e-01
9.136954451370239427e-01
9.553524876022339019e-01
9.152662978744506850e-01
9.177886346054077160e-01
9.407473333740233867e-01
9.572409956312180057e-01
9.144725590324401798e-01
9.366776982307434274e-01
9.169129736709594747e-01
9.281865073776245367e-01
9.212352344131469195e-01
9.120742627334594843e-01
9.357572558784484906e-01
9.331440631103515848e-01
9.133680212402344178e-01
