2.384356475067138881e+00
2.285037509078979401e+00
2.238272152938842741e+00
2.162573524856567175e+00
2.104743831329345838e+00
2.052976102752685605e+00
2.017554279251098759e+00
2.003238953399658406e+00
1.967393212738037134e+00
1.963197901992797867e+00
1.947794809265136706e+00
1.925797900505065829e+00
1.898351314430236858e+00
1.895517857933044503e+00
1.908427460937500042e+00
1.881010701026916587e+00
1.896498453483581592e+00
1.860637964172363379e+00
1.917403642234802197e+00
1.868997926254272413e+00
1.885399184875488299e+00
1.892723997802734370e+00
1.899683438529968349e+00
1.895729272537231447e+00
1.841517234153747573e+00
1.846796737098693741e+00
1.828575633430481018e+00
1.848074488449096719e+00
1.812699923057556228e+00
1.845652144660949734e+00
1.786784911804199183e+00
1.789567638397216776e+00
1.833291476058960034e+00
1.809850766334533789e+00
1.806640651702880795e+00
1.818231512413024831e+00
1.812505477027892997e+00
1.793373564071655268e+00
1.820338448143005383e+00
1.780208241615295339e+00
1.776548127174377489e+00
1.816031063537597579e+00
1.787355791893005419e+00
1.774817796249389623e+00
1.790799692459106529e+00
1.766209009094238391e+00
1.782650879592895476e+00
1.798120312194824155e+00
1.783338674545288161e+00
1.803621392517089861e+00
1.749556715202331469e+00
1.807949864425659081e+00
1.752101691360473668e+00
1.772279578552246049e+00
1.776993685455322325e+00
1.760217551994323726e+00
1.791993861236572227e+00
1.820589547157287491e+00
1.757832074432372993e+00
1.771108558349609341e+00
1.705513829269409198e+00
1.792960721626281728e+00
1.757127398948669539e+00
1.739835940933227576e+00
1.763633993606567474e+00
1.740980194931030178e+00
1.750460571899413953e+00
1.724881910133361895e+00
1.777661920394897566e+00
1.752244187316894575e+00
1.778980248680114729e+00
1.753766752662658801e+00
1.709501062202453570e+00
1.787406920928955145e+00
1.789779496994018615e+00
1.720937847976684587e+00
1.737385836334228495e+00
1.736066442794799825e+00
1.780249748916626018e+00
1.705544371147155847e+00
1.706274921607971118e+00
1.796757631721496606e+00
1.708838369865417484e+00
1.714156697769165127e+00
1.752549714202880748e+00
1.691051809387207117e+00
1.711767277221679651e+00
1.695724988937377997e+00
1.730204399642944368e+00
1.713522753944396904e+00
1.738370537338256749e+00
1.682392674369812102e+00
1.671812885932922432e+00
1.686387493209838828e+00
1.768333836822509664e+00
1.666497003135681165e+00
1.694021411056518600e+00
1.756488562469482373e+00
1.670336139221191507e+00
1.715189658279419049e+00
1.325631032485961924e+00
1.286087621231079003e+00
1.249274786987304653e+00
1.255179372653961289e+00
1.253817132186889616e+00
1.221786394405365073e+00
1.254171254005432168e+00
1.248374576988220186e+00
1.232687509498596290e+00
1.200055406608581565e+00
1.221225153884887726e+00
1.227320745010376024e+00
1.235414215278625383e+00
1.205602413978576593e+00
1.235772634201049769e+00
1.204455762138366692e+00
1.200210274963378954e+00
1.203749210700988836e+00
1.211293287963867149e+00
1.200250312519073548e+00
1.169921349449157821e+00
1.189448244857788106e+00
1.188591392822265558e+00
1.192668383712768509e+00
1.183171378440856847e+00
1.156417935981750578e+00
1.179790300960540828e+00
1.160665922241211012e+00
1.146447003917694163e+00
1.158256874694824301e+00
1.161235783691406231e+00
1.157818182678222563e+00
1.161434347496032693e+00
1.170307555255889920e+00
1.172525309867858967e+00
1.142373712387084961e+00
1.127294726409912018e+00
1.099656760368347141e+00
1.133921009330749463e+00
1.107715825614929095e+00
1.120004098739624032e+00
1.116037794799804583e+00
1.109876206035613988e+00
1.100140222301483117e+00
1.100456196289062438e+00
1.106751166687011789e+00
1.139685861835479708e+00
1.114251035861969052e+00
1.116757466907501328e+00
1.079194930448532208e+00
1.018151266956329293e+00
1.035885053176879955e+00
1.029925647506713782e+00
1.024636778793335035e+00
1.002332917537689161e+00
1.044007957916259777e+00
1.033482900238037017e+00
1.043479132308960056e+00
1.034179103584289550e+00
1.000404351062774699e+00
1.022785334091186549e+00
1.030600882263183582e+00
1.001614828510284383e+00
1.047943400230407773e+00
1.018294896869659460e+00
1.018960154228210513e+00
1.006732465705871604e+00
1.032503458557128884e+00
1.016028141174316390e+00
9.949359897613525572e-01
1.009438630161285433e+00
1.027565086688995377e+00
1.001639534492492656e+00
1.034539031677246035e+00
9.766786258125305098e-01
1.017027769670486359e+00
1.016874291143417430e+00
1.016917298393249514e+00
1.028353019542694202e+00
1.025951987380981478e+00
9.730473521995544051e-01
1.018871072883605899e+00
1.018307319145202561e+00
1.026049448547363241e+00
1.007782842731475892e+00
1.028120936012268061e+00
1.017405200061798132e+00
1.045223036441802922e+00
1.007180027236938447e+00
1.016429404850006213e+00
9.969451123046875196e-01
1.007203473777771086e+00
1.019076186008453400e+00
9.962907992935180479e-01
1.008001627845764192e+00
1.031967016448974706e+00
1.031564786758422780e+00
1.029523924217224051e+00
1.025140410594940210e+00
9.877312804412842207e-01
