4.480619430541992188e-01
4.377896785736083984e-01
4.373738765716552734e-01
4.373466968536376953e-01
4.363057613372802734e-01
4.363360404968261719e-01
4.355826377868652344e-01
4.337608814239501953e-01
4.284398555755615234e-01
4.410390853881835938e-01
4.271457195281982422e-01
4.407203197479248047e-01
4.320750236511230469e-01
4.365911483764648438e-01
4.355342388153076172e-01
4.278078079223632812e-01
4.420616626739501953e-01
4.281468391418457031e-01
4.392247200012207031e-01
4.329571723937988281e-01
4.386496543884277344e-01
4.349164962768554688e-01
4.289083480834960938e-01
4.467329978942871094e-01
4.269499778747558594e-01
4.391663074493408203e-01
4.345383644104003906e-01
4.334259033203125000e-01
4.357810020446777344e-01
4.262809753417968750e-01
4.420614242553710938e-01
4.311017990112304688e-01
4.373755455017089844e-01
4.353737831115722656e-01
4.342410564422607422e-01
4.368774890899658203e-01
4.301369190216064453e-01
4.437031745910644531e-01
4.293427467346191406e-01
4.380500316619873047e-01
4.381690025329589844e-01
4.342136383056640625e-01
4.365496635437011719e-01
4.291579723358154297e-01
4.419763088226318359e-01
4.304506778717041016e-01
4.373655319213867188e-01
4.350755214691162109e-01
4.326376914978027344e-01
4.395916461944580078e-01
4.303979873657226562e-01
4.433002471923828125e-01
4.291260242462158203e-01
4.378137588500976562e-01
4.339573383331298828e-01
4.315793514251708984e-01
4.391009807586669922e-01
4.296364784240722656e-01
4.427402019500732422e-01
4.340100288391113281e-01
4.388103485107421875e-01
4.385008811950683594e-01
4.300458431243896484e-01
4.401078224182128906e-01
4.296267032623291016e-01
4.429707527160644531e-01
4.326150417327880859e-01
4.399597644805908203e-01
4.341187477111816406e-01
4.283947944641113281e-01
4.405112266540527344e-01
4.308362007141113281e-01
4.427411556243896484e-01
4.298217296600341797e-01
4.317302703857421875e-01
4.369208812713623047e-01
4.285657405853271484e-01
4.422271251678466797e-01
4.294970035552978516e-01
4.367842674255371094e-01
4.348521232604980469e-01
4.387295246124267578e-01
4.383094310760498047e-01
4.297144412994384766e-01
4.427406787872314453e-01
4.296500682830810547e-01
4.345464706420898438e-01
4.330186843872070312e-01
4.366092681884765625e-01
4.392445087432861328e-01
4.270164966583251953e-01
4.428997039794921875e-01
4.293210506439208984e-01
4.344449043273925781e-01
4.323437213897705078e-01
4.335038661956787109e-01
4.359962940216064453e-01
4.283218383789062500e-01
4.413878917694091797e-01
4.289071559906005859e-01
4.387669563293457031e-01
4.361824989318847656e-01
4.347295761108398438e-01
4.388124942779541016e-01
4.299685955047607422e-01
4.436440467834472656e-01
4.301171302795410156e-01
4.394235610961914062e-01
4.342184066772460938e-01
4.344952106475830078e-01
4.404232501983642578e-01
4.303679466247558594e-01
4.397168159484863281e-01
4.306805133819580078e-01
4.377274513244628906e-01
4.331386089324951172e-01
4.353022575378417969e-01
4.377593994140625000e-01
4.294788837432861328e-01
4.434385299682617188e-01
4.323229789733886719e-01
4.368343353271484375e-01
4.339525699615478516e-01
4.353697299957275391e-01
4.390275478363037109e-01
4.282836914062500000e-01
4.412589073181152344e-01
4.326093196868896484e-01
4.404728412628173828e-01
4.340324401855468750e-01
4.328091144561767578e-01
4.419710636138916016e-01
4.310145378112792969e-01
4.380655288696289062e-01
4.345569610595703125e-01
4.363529682159423828e-01
4.358530044555664062e-01
4.314727783203125000e-01
4.424614906311035156e-01
4.272155761718750000e-01
4.377739429473876953e-01
4.345338344573974609e-01
4.348754882812500000e-01
4.366586208343505859e-01
4.287693500518798828e-01
4.422709941864013672e-01
4.320266246795654297e-01
4.404292106628417969e-01
4.324352741241455078e-01
4.355769157409667969e-01
4.368412494659423828e-01
4.290323257446289062e-01
4.439311027526855469e-01
4.297416210174560547e-01
4.361565113067626953e-01
4.337847232818603516e-01
4.363529682159423828e-01
4.345946311950683594e-01
4.290935993194580078e-01
4.421367645263671875e-01
4.306538105010986328e-01
4.372494220733642578e-01
4.354813098907470703e-01
4.333355426788330078e-01
4.366436004638671875e-01
4.298460483551025391e-01
4.412636756896972656e-01
4.295949935913085938e-01
4.400341510772705078e-01
4.359564781188964844e-01
4.329345226287841797e-01
4.370498657226562500e-01
4.271655082702636719e-01
4.394884109497070312e-01
4.285268783569335938e-01
4.385004043579101562e-01
4.337785243988037109e-01
4.325823783874511719e-01
4.419846534729003906e-01
4.301414489746093750e-01
4.418675899505615234e-01
4.294934272766113281e-01
4.390077590942382812e-01
4.354238510131835938e-01
4.328961372375488281e-01
4.394950866699218750e-01
4.297270774841308594e-01
4.395933151245117188e-01
4.312484264373779297e-01
4.384632110595703125e-01
4.353041648864746094e-01
4.304952621459960938e-01
4.396045207977294922e-01
4.304833412170410156e-01
4.376564025878906250e-01
4.312088489532470703e-01
4.363212585449218750e-01
4.352447986602783203e-01
4.314591884613037109e-01
4.425656795501708984e-01
