2.374343325653076153e+00
2.269790519561767361e+00
2.227965111999511638e+00
2.166305807189941479e+00
2.091879923782348438e+00
2.012166524658203226e+00
2.004969178161621013e+00
1.968319219779968154e+00
1.918883523826599102e+00
1.913209338760375910e+00
1.886082053375244039e+00
1.889412089004516515e+00
1.876315277938842785e+00
1.845452441596984849e+00
1.872460194320678672e+00
1.835166578636169499e+00
1.893709072265624904e+00
1.814143022193908772e+00
1.862257553749084416e+00
1.817423476409912197e+00
1.788057382926940830e+00
1.846909646186828624e+00
1.815438462295532185e+00
1.848051203460693293e+00
1.854831495590209878e+00
1.801367208290099997e+00
1.782012803192138728e+00
1.807073833961486908e+00
1.806822667694091722e+00
1.778199473648071294e+00
1.787104001464843828e+00
1.768911412162780694e+00
1.794509461631774938e+00
1.767305781364440831e+00
1.780144158630371010e+00
1.763184826354980528e+00
1.746928710823059117e+00
1.701696413192749002e+00
1.780409505386352453e+00
1.776324162750244184e+00
1.714084531402587874e+00
1.748293668594360417e+00
1.726406571617126406e+00
1.715528782005310005e+00
1.718176226348876900e+00
1.697153226623535183e+00
1.729915737648010321e+00
1.688500339584350529e+00
1.776858970642089863e+00
1.666796003723144626e+00
1.682102130966186548e+00
1.714862254180908208e+00
1.714310176696777432e+00
1.713279324226379297e+00
1.667242257232665947e+00
1.687337269744872970e+00
1.693286522521972648e+00
1.724965352973937938e+00
1.687247529678344682e+00
1.674643311691284220e+00
1.650164021072387799e+00
1.665021754035949764e+00
1.707577059020995991e+00
1.639917109107971172e+00
1.680478034553527733e+00
1.662250462265014717e+00
1.709498263969421394e+00
1.670217943038940334e+00
1.700104584007263275e+00
1.679738353004455620e+00
1.700555858078002913e+00
1.718933145065307588e+00
1.703319155731201073e+00
1.692323248023986926e+00
1.688780515022277884e+00
1.682207020912170448e+00
1.665900482101440483e+00
1.661487409439087015e+00
1.646652816123962415e+00
1.710893975448608328e+00
1.601353509979247969e+00
1.619374601669311575e+00
1.601437452163696262e+00
1.705596278724670345e+00
1.633260581398010336e+00
1.641347900466918919e+00
1.663686346778869618e+00
1.690649091796875059e+00
1.675735199432373035e+00
1.581345563621521011e+00
1.673589768371582132e+00
1.607976346282959046e+00
1.715450029754638672e+00
1.561864514389038172e+00
1.642065396308898917e+00
1.783178034896850672e+00
1.616230424423217737e+00
1.604126978797912662e+00
1.663009889144897446e+00
1.641404308166503956e+00
1.188681533088684183e+00
1.173484803981780900e+00
1.167349762001037572e+00
1.151778384132385202e+00
1.152929471778869619e+00
1.119404107971191387e+00
1.121535145492553731e+00
1.098604238433837921e+00
1.113095027198791609e+00
1.139788732681274341e+00
1.107436760292053179e+00
1.093235553550720107e+00
1.110193682250976588e+00
1.071176862220764248e+00
1.082260986328124952e+00
1.088287719631195083e+00
1.061310246353149411e+00
1.096483555450439518e+00
1.098863747329711815e+00
1.071280916557312057e+00
1.071249485816955671e+00
1.064187663688659580e+00
1.061847201614379843e+00
1.057760039062499935e+00
1.034039089584350535e+00
1.057096185226440443e+00
1.010315832061767560e+00
1.061088699874877861e+00
1.020478002471923773e+00
1.041158314132690332e+00
1.059136612052917537e+00
1.032333976097106865e+00
1.004670948600768998e+00
1.025551369895935094e+00
1.018182457580566469e+00
1.022612480735778817e+00
1.023395750656127978e+00
1.010975033206939599e+00
1.021351401062011721e+00
1.022592014503479030e+00
1.013176543312072742e+00
1.042476266098022464e+00
1.005921343955993752e+00
9.876685198593139203e-01
1.018110828208923291e+00
1.008353428535461394e+00
9.763471497344970995e-01
1.005257199859619144e+00
9.925419134902954132e-01
9.837443600082397266e-01
9.442208919525146849e-01
9.485377556610107286e-01
9.195908723831176523e-01
9.266231564903258944e-01
9.471023830413818345e-01
9.359715610122680829e-01
9.146918238830565873e-01
9.405879802513122945e-01
9.275548086452484187e-01
9.058292099380492735e-01
9.537518489074706673e-01
8.977471154022216293e-01
9.386622220993041665e-01
9.539120532608031944e-01
9.320678919219970160e-01
9.340609241390228634e-01
9.181615997314452882e-01
9.225730103397369319e-01
9.582093540573120016e-01
9.321360471153259386e-01
9.009434944725036587e-01
9.330983195495605731e-01
9.123170551395416439e-01
9.352312038803101135e-01
9.197996567726135497e-01
9.115274318313598689e-01
9.185344815063476442e-01
9.355422783088683802e-01
9.108099153518677271e-01
9.193225572776794197e-01
9.207769563674926827e-01
9.345838073730469153e-01
9.092543206405639955e-01
9.336812092971801258e-01
9.332076930809021231e-01
9.407658625793456908e-01
9.146221619224548238e-01
9.172175592041015291e-01
9.111996575450896918e-01
9.157860415840148871e-01
9.075441946220398348e-01
8.968960014724731700e-01
9.197243644714355737e-01
8.837002764511108222e-01
9.266701606369018851e-01
8.916690594863891928e-01
9.302596174240111981e-01
9.372962177276611406e-01
8.664411983299254993e-01
9.374852190399169949e-01
