1.240659546852111816e+01
1.193368530273437500e+01
1.201251482963562012e+01
1.204111742973327637e+01
1.203083610534667969e+01
1.208147215843200684e+01
1.207400345802307129e+01
1.213129472732543945e+01
1.215362715721130371e+01
1.217161178588867188e+01
1.228377723693847656e+01
1.216836428642272949e+01
1.211261820793151855e+01
1.219157743453979492e+01
1.214599347114562988e+01
1.225562882423400879e+01
1.225256109237670898e+01
1.218147253990173340e+01
1.223454332351684570e+01
1.225912714004516602e+01
1.222763586044311523e+01
1.223986816406250000e+01
1.227429294586181641e+01
1.216931390762329102e+01
1.221986627578735352e+01
1.219943547248840332e+01
1.225842952728271484e+01
1.228247928619384766e+01
1.217277717590332031e+01
1.223090672492980957e+01
1.224071121215820312e+01
1.228511357307434082e+01
1.219067001342773438e+01
1.232519316673278809e+01
1.229965066909790039e+01
1.219319272041320801e+01
1.227394032478332520e+01
1.225224804878234863e+01
1.227083396911621094e+01
1.225278186798095703e+01
1.231870698928833008e+01
1.215336298942565918e+01
1.230427265167236328e+01
1.223772668838500977e+01
1.220192885398864746e+01
1.220766949653625488e+01
1.232836437225341797e+01
1.221989202499389648e+01
1.219863748550415039e+01
1.238690567016601562e+01
1.229196739196777344e+01
1.218275618553161621e+01
1.219413518905639648e+01
1.220705223083496094e+01
1.225997328758239746e+01
1.220679664611816406e+01
1.227967238426208496e+01
1.234076738357543945e+01
1.222581648826599121e+01
1.221544170379638672e+01
1.221200871467590332e+01
1.225096249580383301e+01
1.220145273208618164e+01
1.220495200157165527e+01
1.217626452445983887e+01
1.227414131164550781e+01
1.216909527778625488e+01
1.219272327423095703e+01
1.221553230285644531e+01
1.217380928993225098e+01
1.234520244598388672e+01
1.220753097534179688e+01
1.217207002639770508e+01
1.217141389846801758e+01
1.219720268249511719e+01
1.214577674865722656e+01
1.225122594833374023e+01
1.221900224685668945e+01
1.225179958343505859e+01
1.217119240760803223e+01
1.217687559127807617e+01
1.223924183845520020e+01
1.226164269447326660e+01
1.219221758842468262e+01
1.218136286735534668e+01
1.215729856491088867e+01
1.226074385643005371e+01
1.220179915428161621e+01
1.224825525283813477e+01
1.219808125495910645e+01
1.218763899803161621e+01
1.215641498565673828e+01
1.220092272758483887e+01
1.216080808639526367e+01
1.221075558662414551e+01
1.229384446144104004e+01
1.218532443046569824e+01
1.226537394523620605e+01
1.235990643501281738e+01
1.225738978385925293e+01
1.223486995697021484e+01
1.218886065483093262e+01
1.216867113113403320e+01
1.230248355865478516e+01
1.223180651664733887e+01
1.224667835235595703e+01
1.226983666419982910e+01
1.222442197799682617e+01
1.217424917221069336e+01
1.229836916923522949e+01
1.223513936996459961e+01
1.230385184288024902e+01
1.226857519149780273e+01
1.218088221549987793e+01
1.222260141372680664e+01
1.220321416854858398e+01
1.222890853881835938e+01
1.226718044281005859e+01
1.226276946067810059e+01
1.225074934959411621e+01
1.232394909858703613e+01
1.228277587890625000e+01
1.218203854560852051e+01
1.221663069725036621e+01
1.235560274124145508e+01
1.222406268119812012e+01
1.240572738647460938e+01
1.220553565025329590e+01
1.224113941192626953e+01
1.229041838645935059e+01
1.222559666633605957e+01
1.215072464942932129e+01
1.222759294509887695e+01
1.224774217605590820e+01
1.227686667442321777e+01
1.222765254974365234e+01
1.216668653488159180e+01
1.223543858528137207e+01
1.224136447906494141e+01
1.227931356430053711e+01
1.223005199432373047e+01
1.218334579467773438e+01
1.226527452468872070e+01
1.223787117004394531e+01
1.226262974739074707e+01
1.222810149192810059e+01
1.219645714759826660e+01
1.219437861442565918e+01
1.222804045677185059e+01
1.224677109718322754e+01
1.227933359146118164e+01
1.230305886268615723e+01
1.221638679504394531e+01
1.221877813339233398e+01
1.219801950454711914e+01
1.221901130676269531e+01
1.225057435035705566e+01
1.219425415992736816e+01
1.222860360145568848e+01
1.217667055130004883e+01
1.226427340507507324e+01
1.218976521492004395e+01
1.217633748054504395e+01
1.218674159049987793e+01
1.215344214439392090e+01
1.216985321044921875e+01
1.221389460563659668e+01
1.224739003181457520e+01
1.220994043350219727e+01
1.214144539833068848e+01
1.228712177276611328e+01
1.220234608650207520e+01
1.222459626197814941e+01
1.215668463706970215e+01
1.224748754501342773e+01
1.216955995559692383e+01
1.225030994415283203e+01
1.228008842468261719e+01
1.220534658432006836e+01
1.217168354988098145e+01
1.224529051780700684e+01
1.219919776916503906e+01
1.226059961318969727e+01
1.232456707954406738e+01
1.223230051994323730e+01
1.224134135246276855e+01
1.223636889457702637e+01
1.224680685997009277e+01
1.224422240257263184e+01
1.227611112594604492e+01
1.225271916389465332e+01
1.227569699287414551e+01
1.220700097084045410e+01
1.222618818283081055e+01
1.222284913063049316e+01
1.218913197517395020e+01
1.228932285308837891e+01
1.228915810585021973e+01
1.223933172225952148e+01
1.223676800727844238e+01
