2.308416938781738281e+01
2.246552371978759766e+01
2.306296324729919434e+01
2.277413749694824219e+01
2.295342469215393066e+01
2.298957610130310059e+01
2.269023275375366211e+01
2.269984340667724609e+01
2.277578687667846680e+01
2.275638079643249512e+01
2.334542918205261230e+01
2.294689321517944336e+01
2.300722527503967285e+01
2.337176847457885742e+01
2.310066461563110352e+01
2.275521850585937500e+01
2.289052486419677734e+01
2.299895071983337402e+01
2.286317682266235352e+01
2.282567644119262695e+01
2.289640235900878906e+01
2.288774132728576660e+01
2.313319516181945801e+01
2.309378981590270996e+01
2.284627461433410645e+01
2.302952933311462402e+01
2.280553436279296875e+01
2.286359477043151855e+01
2.329832458496093750e+01
2.346088075637817383e+01
2.325997877120971680e+01
2.304643416404724121e+01
2.312822532653808594e+01
2.281604576110839844e+01
2.305849862098693848e+01
2.333294820785522461e+01
2.295292258262634277e+01
2.327368307113647461e+01
2.310831570625305176e+01
2.282000231742858887e+01
2.319318699836730957e+01
2.300624847412109375e+01
2.299871158599853516e+01
2.279852151870727539e+01
2.282244157791137695e+01
2.305138182640075684e+01
2.302983665466308594e+01
2.286465287208557129e+01
2.332665014266967773e+01
2.310982871055603027e+01
2.277572131156921387e+01
2.291538453102111816e+01
2.324742412567138672e+01
2.294973945617675781e+01
2.327847456932067871e+01
2.292588806152343750e+01
2.318548345565795898e+01
2.288146686553955078e+01
2.313961982727050781e+01
2.303570079803466797e+01
2.337081074714660645e+01
2.300653386116027832e+01
2.320737814903259277e+01
2.310948777198791504e+01
2.282528162002563477e+01
2.289753818511962891e+01
2.313020682334899902e+01
2.325899362564086914e+01
2.289893579483032227e+01
2.281380343437194824e+01
2.319217991828918457e+01
2.308494997024536133e+01
2.291033148765563965e+01
2.304890298843383789e+01
2.312072563171386719e+01
2.302323150634765625e+01
2.281200456619262695e+01
2.280175948143005371e+01
2.282707619667053223e+01
2.298095488548278809e+01
2.286002755165100098e+01
2.319214463233947754e+01
2.282055854797363281e+01
2.281469964981079102e+01
2.332628703117370605e+01
2.311623692512512207e+01
2.310373449325561523e+01
2.280919909477233887e+01
2.324273133277893066e+01
2.331736612319946289e+01
2.289052629470825195e+01
2.311447834968566895e+01
2.316754055023193359e+01
2.335489439964294434e+01
2.314214515686035156e+01
2.277961134910583496e+01
2.302119898796081543e+01
2.307285261154174805e+01
2.281793117523193359e+01
2.281232357025146484e+01
2.328147816658020020e+01
2.297226142883300781e+01
2.333960461616516113e+01
2.317642641067504883e+01
2.281868100166320801e+01
2.320141911506652832e+01
2.332356548309326172e+01
2.319456195831298828e+01
2.290000152587890625e+01
2.315268421173095703e+01
2.322985553741455078e+01
2.297069287300109863e+01
2.298295187950134277e+01
2.337634682655334473e+01
2.320461034774780273e+01
2.293459153175354004e+01
2.344002509117126465e+01
2.310177683830261230e+01
2.283180379867553711e+01
2.366627168655395508e+01
2.317384457588195801e+01
2.279408931732177734e+01
2.291887068748474121e+01
2.282245779037475586e+01
2.305379676818847656e+01
2.290162825584411621e+01
2.280144095420837402e+01
2.282681441307067871e+01
2.292772340774536133e+01
2.299075174331665039e+01
2.320458507537841797e+01
2.294923782348632812e+01
2.296162557601928711e+01
2.284379816055297852e+01
2.313474440574645996e+01
2.301356482505798340e+01
2.313047170639038086e+01
2.283470368385314941e+01
2.330013823509216309e+01
2.316078162193298340e+01
2.291025257110595703e+01
2.284593605995178223e+01
2.284985733032226562e+01
2.289190363883972168e+01
2.313145613670349121e+01
2.315916633605957031e+01
2.282070136070251465e+01
2.287301540374755859e+01
2.294164896011352539e+01
2.288510942459106445e+01
2.311827611923217773e+01
2.280336689949035645e+01
2.348031306266784668e+01
2.315676569938659668e+01
2.311922955513000488e+01
2.320661616325378418e+01
2.280925655364990234e+01
2.296297168731689453e+01
2.327964067459106445e+01
2.294110441207885742e+01
2.299200034141540527e+01
2.303404140472412109e+01
2.306693005561828613e+01
2.280240654945373535e+01
2.285924005508422852e+01
2.319325232505798340e+01
2.283074665069580078e+01
2.281499719619750977e+01
2.323739790916442871e+01
2.287950873374938965e+01
2.277830481529235840e+01
2.282199048995971680e+01
2.279228734970092773e+01
2.278898763656616211e+01
2.304724097251892090e+01
2.308885622024536133e+01
2.336143708229064941e+01
2.297450327873229980e+01
2.326502251625061035e+01
2.301526331901550293e+01
2.313169550895690918e+01
2.300448203086853027e+01
2.315607643127441406e+01
2.281250476837158203e+01
2.293610262870788574e+01
2.335382413864135742e+01
2.325196957588195801e+01
2.306863975524902344e+01
2.297741103172302246e+01
2.293370890617370605e+01
2.316239428520202637e+01
2.282417798042297363e+01
2.329904627799987793e+01
2.280373501777648926e+01
2.316806268692016602e+01
2.317944860458374023e+01
2.310984945297241211e+01
2.318721580505371094e+01
2.277703332901000977e+01
2.289353084564208984e+01
