1.000000000000000000e+01
1.742000007629394531e+01
2.200000000000000000e+01
2.529999923706054688e+01
2.576000022888183594e+01
2.935999870300292969e+01
2.519999885559082031e+01
3.232999801635742188e+01
3.185999870300292969e+01
3.220999908447265625e+01
3.681999969482421875e+01
3.709999847412109375e+01
3.700999832153320312e+01
3.905999755859375000e+01
3.941999816894531250e+01
4.136000061035156250e+01
4.123999786376953125e+01
4.102999877929687500e+01
4.016999816894531250e+01
4.180999755859375000e+01
4.257999801635742188e+01
4.427000045776367188e+01
4.225999832153320312e+01
4.318000030517578125e+01
4.436999893188476562e+01
4.063999938964843750e+01
4.711999893188476562e+01
4.675000000000000000e+01
4.482999801635742188e+01
4.791999816894531250e+01
4.332999801635742188e+01
4.636999893188476562e+01
4.553999710083007812e+01
4.795999908447265625e+01
4.818000030517578125e+01
4.609999847412109375e+01
4.723999786376953125e+01
4.527000045776367188e+01
4.802000045776367188e+01
5.097999954223632812e+01
5.057999801635742188e+01
4.521999740600585938e+01
4.855999755859375000e+01
4.550999832153320312e+01
4.452000045776367188e+01
5.071999740600585938e+01
5.156999969482421875e+01
5.075000000000000000e+01
5.034000015258789062e+01
5.200000000000000000e+01
5.295999908447265625e+01
5.118999862670898438e+01
4.821999740600585938e+01
5.495999908447265625e+01
5.543999862670898438e+01
5.370999908447265625e+01
5.645999908447265625e+01
5.240999984741210938e+01
5.227000045776367188e+01
5.515999984741210938e+01
5.387999725341796875e+01
5.577000045776367188e+01
5.538999938964843750e+01
5.428999710083007812e+01
4.952000045776367188e+01
5.362999725341796875e+01
5.509999847412109375e+01
5.479999923706054688e+01
4.779999923706054688e+01
5.818000030517578125e+01
5.380999755859375000e+01
5.510999679565429688e+01
5.716999816894531250e+01
5.478999710083007812e+01
5.712999725341796875e+01
5.604999923706054688e+01
4.784000015258789062e+01
5.594999694824218750e+01
5.528999710083007812e+01
5.960999679565429688e+01
5.397999954223632812e+01
5.981999969482421875e+01
5.552999877929687500e+01
5.478999710083007812e+01
5.695999908447265625e+01
4.663999938964843750e+01
1.963999938964843750e+01
5.604999923706054688e+01
5.803999710083007812e+01
5.363999938964843750e+01
5.904999923706054688e+01
5.036000061035156250e+01
6.011999893188476562e+01
5.686999893188476562e+01
5.677000045776367188e+01
5.997999954223632812e+01
5.632999801635742188e+01
5.871999740600585938e+01
5.552999877929687500e+01
5.219999694824218750e+01
6.559999847412109375e+01
6.650000000000000000e+01
6.670999908447265625e+01
6.786999511718750000e+01
6.725000000000000000e+01
6.706999969482421875e+01
6.719999694824218750e+01
6.754000091552734375e+01
6.815000152587890625e+01
6.772000122070312500e+01
6.815999603271484375e+01
6.715999603271484375e+01
6.747000122070312500e+01
6.804999542236328125e+01
6.805999755859375000e+01
6.811999511718750000e+01
6.868000030517578125e+01
6.854999542236328125e+01
6.840000152587890625e+01
6.800999450683593750e+01
6.831999969482421875e+01
6.859999847412109375e+01
6.866999816894531250e+01
6.843999481201171875e+01
6.913999938964843750e+01
6.854999542236328125e+01
6.891999816894531250e+01
6.908000183105468750e+01
6.884999847412109375e+01
6.923999786376953125e+01
6.898999786376953125e+01
6.916999816894531250e+01
6.904999542236328125e+01
6.904999542236328125e+01
6.954999542236328125e+01
6.906999969482421875e+01
6.791999816894531250e+01
6.906999969482421875e+01
6.919999694824218750e+01
6.826999664306640625e+01
6.936999511718750000e+01
6.913999938964843750e+01
6.955999755859375000e+01
6.862999725341796875e+01
6.900999450683593750e+01
7.011999511718750000e+01
6.936000061035156250e+01
6.929000091552734375e+01
6.898999786376953125e+01
6.940000152587890625e+01
6.986000061035156250e+01
7.015000152587890625e+01
7.018000030517578125e+01
7.019999694824218750e+01
6.997000122070312500e+01
7.015000152587890625e+01
7.047000122070312500e+01
7.023999786376953125e+01
7.004000091552734375e+01
7.006999969482421875e+01
7.005999755859375000e+01
6.993999481201171875e+01
6.984999847412109375e+01
7.008000183105468750e+01
7.019999694824218750e+01
6.993999481201171875e+01
6.994999694824218750e+01
7.020999908447265625e+01
6.993000030517578125e+01
7.026999664306640625e+01
7.026999664306640625e+01
7.026999664306640625e+01
7.004999542236328125e+01
7.008999633789062500e+01
7.029999542236328125e+01
7.025000000000000000e+01
7.025999450683593750e+01
7.031999969482421875e+01
7.025999450683593750e+01
7.027999877929687500e+01
7.023999786376953125e+01
7.020999908447265625e+01
7.020999908447265625e+01
7.022999572753906250e+01
7.008000183105468750e+01
7.034999847412109375e+01
7.005999755859375000e+01
7.022999572753906250e+01
6.995999908447265625e+01
6.988999938964843750e+01
7.018999481201171875e+01
7.029000091552734375e+01
7.011000061035156250e+01
7.031999969482421875e+01
6.983999633789062500e+01
7.034999847412109375e+01
7.022000122070312500e+01
7.036000061035156250e+01
7.012999725341796875e+01
7.008000183105468750e+01
