1.297420668601989746e+01
1.233808302879333496e+01
1.236159181594848633e+01
1.255751419067382812e+01
1.247879910469055176e+01
1.249049782752990723e+01
1.252971959114074707e+01
1.250841450691223145e+01
1.259618425369262695e+01
1.257355928421020508e+01
1.254882669448852539e+01
1.259124493598937988e+01
1.261269950866699219e+01
1.261989092826843262e+01
1.261543393135070801e+01
1.262076401710510254e+01
1.260431385040283203e+01
1.261503052711486816e+01
1.262639307975769043e+01
1.266494250297546387e+01
1.265596866607666016e+01
1.266085696220397949e+01
1.262768411636352539e+01
1.260327458381652832e+01
1.267399501800537109e+01
1.268107080459594727e+01
1.262160038948059082e+01
1.258575296401977539e+01
1.259658312797546387e+01
1.266707706451416016e+01
1.262291073799133301e+01
1.264655900001525879e+01
1.262080693244934082e+01
1.264724230766296387e+01
1.263620972633361816e+01
1.263742733001708984e+01
1.263249516487121582e+01
1.267831540107727051e+01
1.259886503219604492e+01
1.262778949737548828e+01
1.264184975624084473e+01
1.260896134376525879e+01
1.264434480667114258e+01
1.268529725074768066e+01
1.265153503417968750e+01
1.260355257987976074e+01
1.263764452934265137e+01
1.262793040275573730e+01
1.263907599449157715e+01
1.261016583442687988e+01
1.266143894195556641e+01
1.263651800155639648e+01
1.270440053939819336e+01
1.263299322128295898e+01
1.260978603363037109e+01
1.260817337036132812e+01
1.259789371490478516e+01
1.267065644264221191e+01
1.263991570472717285e+01
1.268656253814697266e+01
1.261889457702636719e+01
1.263886809349060059e+01
1.264196681976318359e+01
1.266097354888916016e+01
1.272824597358703613e+01
1.267128372192382812e+01
1.267504930496215820e+01
1.268457102775573730e+01
1.263351821899414062e+01
1.272736382484436035e+01
1.264031910896301270e+01
1.260693955421447754e+01
1.265654134750366211e+01
1.265563774108886719e+01
1.261553740501403809e+01
1.264088845252990723e+01
1.263550043106079102e+01
1.262656068801879883e+01
1.262174844741821289e+01
1.264226484298706055e+01
1.266564249992370605e+01
1.267291855812072754e+01
1.259798812866210938e+01
1.263479900360107422e+01
1.268915390968322754e+01
1.262807440757751465e+01
1.258431196212768555e+01
1.265233016014099121e+01
1.264644789695739746e+01
1.265089654922485352e+01
1.264022469520568848e+01
1.264245820045471191e+01
1.263317608833312988e+01
1.267303133010864258e+01
1.262057495117187500e+01
1.266143798828125000e+01
1.260892653465270996e+01
1.258085131645202637e+01
1.269755554199218750e+01
1.266612982749938965e+01
1.270141673088073730e+01
1.264179301261901855e+01
1.262483215332031250e+01
1.267072558403015137e+01
1.267802071571350098e+01
1.264057898521423340e+01
1.265349793434143066e+01
1.265169453620910645e+01
1.263717627525329590e+01
1.269070386886596680e+01
1.265464138984680176e+01
1.265067839622497559e+01
1.267730545997619629e+01
1.263161444664001465e+01
1.264822435379028320e+01
1.264103960990905762e+01
1.263048791885375977e+01
1.260525107383728027e+01
1.269540476799011230e+01
1.267227435111999512e+01
1.264539909362792969e+01
1.263971090316772461e+01
1.260530018806457520e+01
1.263171434402465820e+01
1.266654944419860840e+01
1.268394899368286133e+01
1.262782216072082520e+01
1.260576796531677246e+01
1.264077138900756836e+01
1.270706558227539062e+01
1.260980653762817383e+01
1.260815858840942383e+01
1.263007211685180664e+01
1.263725781440734863e+01
1.265414333343505859e+01
1.259762454032897949e+01
1.267777419090270996e+01
1.267740869522094727e+01
1.260953259468078613e+01
1.258939290046691895e+01
1.262597680091857910e+01
1.264044904708862305e+01
1.261335849761962891e+01
1.263015270233154297e+01
1.264249801635742188e+01
1.262785983085632324e+01
1.267236542701721191e+01
1.267666721343994141e+01
1.261169862747192383e+01
1.266198015213012695e+01
1.267969679832458496e+01
1.259933352470397949e+01
1.266112971305847168e+01
1.254087209701538086e+01
1.261320447921752930e+01
1.260773134231567383e+01
1.264813423156738281e+01
1.259968757629394531e+01
1.264184045791625977e+01
1.260316920280456543e+01
1.264443421363830566e+01
1.265768194198608398e+01
1.269996023178100586e+01
1.265672755241394043e+01
1.266223049163818359e+01
1.263610053062438965e+01
1.262390780448913574e+01
1.264087104797363281e+01
1.261305093765258789e+01
1.267398190498352051e+01
1.258089137077331543e+01
1.263619184494018555e+01
1.266909074783325195e+01
1.261773085594177246e+01
1.265300798416137695e+01
1.260859847068786621e+01
1.262359166145324707e+01
1.264753532409667969e+01
1.258346843719482422e+01
1.264252352714538574e+01
1.275910425186157227e+01
1.259556269645690918e+01
1.261542391777038574e+01
1.271367573738098145e+01
1.262793588638305664e+01
1.263651871681213379e+01
1.269002389907836914e+01
1.275508785247802734e+01
1.259238386154174805e+01
1.266385149955749512e+01
1.259977197647094727e+01
1.265437626838684082e+01
1.260718655586242676e+01
1.262085771560668945e+01
1.267170166969299316e+01
1.261805176734924316e+01
1.266150999069213867e+01
1.266169595718383789e+01
1.258346247673034668e+01
1.261435151100158691e+01
