1.244067168235778809e+01
1.193176484107971191e+01
1.196031999588012695e+01
1.199559855461120605e+01
1.199317264556884766e+01
1.206529736518859863e+01
1.205172562599182129e+01
1.207269382476806641e+01
1.217684483528137207e+01
1.211237478256225586e+01
1.211724185943603516e+01
1.212952542304992676e+01
1.213068318367004395e+01
1.217000102996826172e+01
1.213339710235595703e+01
1.218364429473876953e+01
1.218179082870483398e+01
1.218985867500305176e+01
1.225958013534545898e+01
1.225106787681579590e+01
1.228845977783203125e+01
1.223829960823059082e+01
1.219656968116760254e+01
1.222586750984191895e+01
1.225746607780456543e+01
1.222229409217834473e+01
1.221999335289001465e+01
1.222007799148559570e+01
1.219033479690551758e+01
1.217334556579589844e+01
1.216833901405334473e+01
1.217513680458068848e+01
1.219678831100463867e+01
1.224495291709899902e+01
1.219348573684692383e+01
1.222901296615600586e+01
1.225157332420349121e+01
1.222865295410156250e+01
1.215961313247680664e+01
1.222103214263916016e+01
1.224874711036682129e+01
1.227235555648803711e+01
1.221667885780334473e+01
1.230183529853820801e+01
1.221277546882629395e+01
1.224559664726257324e+01
1.216057038307189941e+01
1.213713932037353516e+01
1.220641422271728516e+01
1.214347958564758301e+01
1.216863346099853516e+01
1.220790886878967285e+01
1.219184947013854980e+01
1.217939519882202148e+01
1.218983626365661621e+01
1.214607501029968262e+01
1.219697451591491699e+01
1.220964527130126953e+01
1.218787145614624023e+01
1.218982505798339844e+01
1.220730614662170410e+01
1.222410988807678223e+01
1.224562883377075195e+01
1.221512007713317871e+01
1.220588946342468262e+01
1.217991733551025391e+01
1.217658925056457520e+01
1.218459677696228027e+01
1.221096205711364746e+01
1.219981598854064941e+01
1.217311239242553711e+01
1.220147871971130371e+01
1.222088551521301270e+01
1.219119024276733398e+01
1.223506355285644531e+01
1.221142816543579102e+01
1.223284649848937988e+01
1.218737769126892090e+01
1.217291498184204102e+01
1.222727560997009277e+01
1.232971978187561035e+01
1.221839594841003418e+01
1.226916909217834473e+01
1.223715782165527344e+01
1.218531107902526855e+01
1.216857075691223145e+01
1.221823120117187500e+01
1.217459917068481445e+01
1.221216869354248047e+01
1.220380210876464844e+01
1.214680957794189453e+01
1.218138504028320312e+01
1.223041892051696777e+01
1.218907213211059570e+01
1.226479315757751465e+01
1.224185657501220703e+01
1.213944697380065918e+01
1.212382745742797852e+01
1.223052358627319336e+01
1.221001958847045898e+01
1.219590306282043457e+01
1.219102740287780762e+01
1.227251386642456055e+01
1.222322702407836914e+01
1.226591420173645020e+01
1.222579240798950195e+01
1.227236914634704590e+01
1.228811454772949219e+01
1.223761773109436035e+01
1.220511317253112793e+01
1.224107718467712402e+01
1.219379377365112305e+01
1.219695305824279785e+01
1.217647433280944824e+01
1.219044494628906250e+01
1.223661971092224121e+01
1.221406316757202148e+01
1.215154457092285156e+01
1.219954800605773926e+01
1.222076129913330078e+01
1.221235871315002441e+01
1.218387055397033691e+01
1.215875053405761719e+01
1.221385931968688965e+01
1.221241283416748047e+01
1.219054746627807617e+01
1.216515803337097168e+01
1.228519248962402344e+01
1.219084930419921875e+01
1.223737406730651855e+01
1.213966822624206543e+01
1.214627027511596680e+01
1.222339177131652832e+01
1.221720337867736816e+01
1.221327185630798340e+01
1.224328160285949707e+01
1.216683912277221680e+01
1.226069045066833496e+01
1.216016769409179688e+01
1.216739773750305176e+01
1.218026018142700195e+01
1.217785859107971191e+01
1.215118050575256348e+01
1.215523624420166016e+01
1.227355647087097168e+01
1.214367723464965820e+01
1.224712419509887695e+01
1.222451186180114746e+01
1.218988013267517090e+01
1.217298388481140137e+01
1.222109150886535645e+01
1.228186345100402832e+01
1.215947532653808594e+01
1.214638185501098633e+01
1.227741098403930664e+01
1.221414470672607422e+01
1.222787904739379883e+01
1.217647385597229004e+01
1.219825410842895508e+01
1.220877456665039062e+01
1.222407293319702148e+01
1.218994593620300293e+01
1.228292584419250488e+01
1.222814607620239258e+01
1.220984148979187012e+01
1.220095872879028320e+01
1.217044377326965332e+01
1.224033713340759277e+01
1.221446275711059570e+01
1.218274617195129395e+01
1.220163559913635254e+01
1.222198319435119629e+01
1.223031735420227051e+01
1.226420760154724121e+01
1.225115799903869629e+01
1.214781260490417480e+01
1.219360542297363281e+01
1.225783157348632812e+01
1.214446997642517090e+01
1.217465209960937500e+01
1.217469000816345215e+01
1.221013331413269043e+01
1.235382080078125000e+01
1.217214655876159668e+01
1.225451207160949707e+01
1.216026091575622559e+01
1.224818897247314453e+01
1.224448561668395996e+01
1.223343515396118164e+01
1.221368408203125000e+01
1.221926474571228027e+01
1.224456381797790527e+01
1.217820143699645996e+01
1.224055409431457520e+01
1.221984648704528809e+01
1.215821838378906250e+01
1.224668955802917480e+01
1.222152972221374512e+01
1.217548513412475586e+01
1.228265333175659180e+01
