1.254105734825134277e+01
1.192076635360717773e+01
1.194814825057983398e+01
1.203914809226989746e+01
1.193378424644470215e+01
1.202907657623291016e+01
1.196293210983276367e+01
1.202816224098205566e+01
1.208782696723937988e+01
1.204161190986633301e+01
1.199655342102050781e+01
1.198266029357910156e+01
1.203695082664489746e+01
1.206058931350708008e+01
1.201192331314086914e+01
1.198275947570800781e+01
1.200253224372863770e+01
1.200301861763000488e+01
1.203796315193176270e+01
1.206157541275024414e+01
1.200949406623840332e+01
1.201903104782104492e+01
1.204434633255004883e+01
1.200244116783142090e+01
1.200299835205078125e+01
1.204081249237060547e+01
1.199091267585754395e+01
1.198558521270751953e+01
1.199090099334716797e+01
1.200173854827880859e+01
1.202174186706542969e+01
1.201100635528564453e+01
1.199224925041198730e+01
1.201780652999877930e+01
1.198595023155212402e+01
1.204668450355529785e+01
1.200005769729614258e+01
1.197126555442810059e+01
1.205959630012512207e+01
1.197026658058166504e+01
1.203450012207031250e+01
1.201920628547668457e+01
1.197214102745056152e+01
1.209989500045776367e+01
1.203548002243041992e+01
1.212062740325927734e+01
1.201211810111999512e+01
1.199094486236572266e+01
1.197492051124572754e+01
1.200562810897827148e+01
1.202009844779968262e+01
1.203566122055053711e+01
1.205943512916564941e+01
1.200535702705383301e+01
1.200937175750732422e+01
1.200344133377075195e+01
1.197542047500610352e+01
1.199859905242919922e+01
1.204143691062927246e+01
1.205231714248657227e+01
1.205425453186035156e+01
1.203516221046447754e+01
1.200869941711425781e+01
1.196442937850952148e+01
1.209648537635803223e+01
1.197931194305419922e+01
1.200400733947753906e+01
1.201591396331787109e+01
1.199648833274841309e+01
1.211133432388305664e+01
1.202760720252990723e+01
1.198847222328186035e+01
1.212351965904235840e+01
1.208317780494689941e+01
1.202886652946472168e+01
1.199878668785095215e+01
1.199485731124877930e+01
1.201860570907592773e+01
1.200209450721740723e+01
1.199779295921325684e+01
1.198185133934020996e+01
1.202397608757019043e+01
1.209133338928222656e+01
1.202802085876464844e+01
1.201021575927734375e+01
1.201388120651245117e+01
1.200888347625732422e+01
1.200329518318176270e+01
1.200847697257995605e+01
1.206561017036437988e+01
1.209092760086059570e+01
1.198418259620666504e+01
1.198203730583190918e+01
1.204265403747558594e+01
1.204123759269714355e+01
1.206127762794494629e+01
1.200505971908569336e+01
1.196597218513488770e+01
1.194967818260192871e+01
1.201497173309326172e+01
1.198423743247985840e+01
1.207707047462463379e+01
1.201939797401428223e+01
1.207911038398742676e+01
1.201332330703735352e+01
1.206727409362792969e+01
1.199756002426147461e+01
1.200916171073913574e+01
1.199801158905029297e+01
1.197847366333007812e+01
1.199981093406677246e+01
1.196908307075500488e+01
1.198419904708862305e+01
1.197083330154418945e+01
1.202138876914978027e+01
1.199835419654846191e+01
1.208311891555786133e+01
1.199616646766662598e+01
1.203858423233032227e+01
1.199216103553771973e+01
1.194483804702758789e+01
1.205281400680541992e+01
1.199969363212585449e+01
1.199403524398803711e+01
1.198995089530944824e+01
1.197812962532043457e+01
1.198652148246765137e+01
1.204017710685729980e+01
1.197920680046081543e+01
1.206067824363708496e+01
1.200663232803344727e+01
1.202901244163513184e+01
1.200549006462097168e+01
1.196517801284790039e+01
1.203710460662841797e+01
1.196753621101379395e+01
1.198304867744445801e+01
1.207241058349609375e+01
1.199109029769897461e+01
1.198655962944030762e+01
1.205697512626647949e+01
1.201926803588867188e+01
1.198851490020751953e+01
1.198972702026367188e+01
1.200973320007324219e+01
1.199537324905395508e+01
1.198479914665222168e+01
1.201121330261230469e+01
1.198745942115783691e+01
1.210124278068542480e+01
1.211084032058715820e+01
1.200577759742736816e+01
1.208199191093444824e+01
1.201265525817871094e+01
1.198338866233825684e+01
1.206400012969970703e+01
1.201595354080200195e+01
1.198314356803894043e+01
1.205697464942932129e+01
1.196238565444946289e+01
1.204996252059936523e+01
1.199176573753356934e+01
1.210689520835876465e+01
1.200359463691711426e+01
1.201774907112121582e+01
1.203275728225708008e+01
1.197037768363952637e+01
1.197180795669555664e+01
1.203659605979919434e+01
1.199369144439697266e+01
1.202116703987121582e+01
1.207185578346252441e+01
1.205862975120544434e+01
1.208595848083496094e+01
1.196709799766540527e+01
1.199140691757202148e+01
1.208503651618957520e+01
1.200821948051452637e+01
1.202051186561584473e+01
1.199900388717651367e+01
1.202491140365600586e+01
1.200668931007385254e+01
1.200112128257751465e+01
1.202506065368652344e+01
1.200755095481872559e+01
1.198178935050964355e+01
1.203981447219848633e+01
1.203132557868957520e+01
1.205554342269897461e+01
1.199658322334289551e+01
1.207234692573547363e+01
1.202689790725708008e+01
1.207167506217956543e+01
1.203338909149169922e+01
1.200978636741638184e+01
1.197513484954833984e+01
1.202446341514587402e+01
1.197713041305541992e+01
1.215602946281433105e+01
1.205614709854125977e+01
