1.004799999969482371e+01
1.281599999938964807e+01
1.548800000183105396e+01
1.963199999877929613e+01
2.148800000244140662e+01
2.291199999877929727e+01
2.516800000183105368e+01
2.820800000488281256e+01
2.961599999145507667e+01
3.110399999511718860e+01
3.227199998779296664e+01
3.444799999145507741e+01
3.527999999389648167e+01
3.675199999755859182e+01
3.703999999023437795e+01
3.819199999755859665e+01
3.804800000610351418e+01
4.006399999511718590e+01
3.849599999145507923e+01
3.975999999999999801e+01
4.030399999145507905e+01
4.150399999389648542e+01
4.110399999755859568e+01
4.113600000000000279e+01
4.297599999999999909e+01
4.243200000366211100e+01
4.383999999633788747e+01
4.353600000732421904e+01
4.481600000366211134e+01
4.401600000366210708e+01
4.531199999999999761e+01
4.643200000000000216e+01
4.484800000122070429e+01
4.534399999389648173e+01
4.633599998779296669e+01
4.648000000976562518e+01
4.743999999999999773e+01
4.641599999633788798e+01
4.744000000610351719e+01
4.736000000610351890e+01
4.828800000976562501e+01
4.753600000610351373e+01
4.880000000366210600e+01
4.926399999389648343e+01
4.835200000610351623e+01
4.996799999023437522e+01
5.017599999816894751e+01
4.812799999267578244e+01
4.964799998291015726e+01
4.900799998657226553e+01
5.159999999267578374e+01
4.983999999755859278e+01
5.172800000976562274e+01
5.025600000610351259e+01
4.974399999755859625e+01
4.959999999023437312e+01
5.068799999267578471e+01
4.884799999389648661e+01
5.031999999755859676e+01
5.203199998779297175e+01
5.275199999633789361e+01
5.067199999999999704e+01
5.159999999633789258e+01
5.171199999023437499e+01
5.140799999023437294e+01
5.212800000610351248e+01
5.118399999999999750e+01
5.292800000610351674e+01
5.182399999023437687e+01
5.097599999389648673e+01
5.006400000244140358e+01
5.240000000610351805e+01
5.279999999999999716e+01
5.180800000122070514e+01
4.956800000122070315e+01
5.358399999633788724e+01
5.388799998779296629e+01
5.356799998657226780e+01
5.198399998657226462e+01
5.412799999755859659e+01
5.428800000976562501e+01
4.843199998657226502e+01
5.353599997314453418e+01
5.356799999267578016e+01
5.208000000610351776e+01
5.481600000732422018e+01
5.219199999389648781e+01
5.547199999023437300e+01
5.457600000244140404e+01
5.377599997314452906e+01
5.462399999023437402e+01
5.548800000610351901e+01
5.473599999023437590e+01
5.420799999267578073e+01
5.105600000976562569e+01
5.603199998657226644e+01
5.548799999023437834e+01
5.120000000000000284e+01
5.627199998291015959e+01
5.406400000122070537e+01
6.630400000976563035e+01
6.843199998291015618e+01
6.969599998291015197e+01
7.017600001464843729e+01
7.071999998291015288e+01
7.105600000732421506e+01
7.129600000488281353e+01
7.183999997558593975e+01
7.256000001464843763e+01
7.286400000244140074e+01
7.291200000244140256e+01
7.321599999511718693e+01
7.280000000488281842e+01
7.300799997314453549e+01
7.268799998535156703e+01
7.339199998291014992e+01
7.347200001464844377e+01
7.438399997558593668e+01
7.411199999511718772e+01
7.430399997558593839e+01
7.457600000488281466e+01
7.457600001464844297e+01
7.476799998535156533e+01
7.460800001464843945e+01
7.515200001708984701e+01
7.551999998535156067e+01
7.505600001708984337e+01
7.529599999511718522e+01
7.584000000732422109e+01
7.599999997314452571e+01
7.580799998291016095e+01
7.577600000488281751e+01
7.583999999511718215e+01
7.609600001708984962e+01
7.577599997314453617e+01
7.630399998291015606e+01
7.638399999511719329e+01
7.675199999755859892e+01
7.656000001708984826e+01
7.715199999511719398e+01
7.729599997314453219e+01
7.753600001708984735e+01
7.747199997558593054e+01
7.766399997558593782e+01
7.702399999511719386e+01
7.771199998535156794e+01
7.700799998779297084e+01
7.745599998535156772e+01
7.721600001708983996e+01
7.816000000732421427e+01
7.886400000732422200e+01
7.919999999511718158e+01
7.927999998535156578e+01
7.916799999511718511e+01
7.988799998779296629e+01
7.915200001464843638e+01
7.916800000732422404e+01
7.911999999511718329e+01
7.940799997314452696e+01
7.952000001708984200e+01
7.926399998535156044e+01
7.940799997558593759e+01
7.993600000732422473e+01
7.955199999755859608e+01
7.923199998535156396e+01
7.958400000732422086e+01
7.955199998535155714e+01
7.964800000732421381e+01
7.968000000488281387e+01
8.003199997314453640e+01
7.942399997558594293e+01
7.980799997558594328e+01
8.033599997314452423e+01
7.956799998535156249e+01
8.019199999511718602e+01
7.992000001953124411e+01
8.012799998779297539e+01
7.987199997558593623e+01
7.948800000732421722e+01
7.974399997314452548e+01
8.065600000732422359e+01
8.011199999511718772e+01
8.033600000488280557e+01
7.944000001464843308e+01
8.011199997558593111e+01
7.963199999511718374e+01
7.977600001708984223e+01
7.934400000732421177e+01
8.011199997314453469e+01
7.963200000732422268e+01
8.033600000488280557e+01
7.993599998535155748e+01
8.001599997558594168e+01
7.996800000488281057e+01
8.030399999511718079e+01
8.004800000488280887e+01
7.968000001464844217e+01
7.988800000488281228e+01
7.996800000732422120e+01
8.071999997558593520e+01
