2.308319783210754395e+01
2.246660923957824707e+01
2.290463232994079590e+01
2.305867123603820801e+01
2.306462526321411133e+01
2.306274533271789551e+01
2.296254158020019531e+01
2.270565199851989746e+01
2.283834981918334961e+01
2.286712574958801270e+01
2.325528669357299805e+01
2.294437646865844727e+01
2.275594711303710938e+01
2.309468102455139160e+01
2.277352499961853027e+01
2.294412708282470703e+01
2.332012557983398438e+01
2.347373604774475098e+01
2.286102366447448730e+01
2.332154989242553711e+01
2.313272070884704590e+01
2.289271092414855957e+01
2.287170028686523438e+01
2.309434795379638672e+01
2.283264255523681641e+01
2.287479710578918457e+01
2.309147357940673828e+01
2.321521306037902832e+01
2.280890631675720215e+01
2.304140567779541016e+01
2.290558171272277832e+01
2.294158387184143066e+01
2.306455183029174805e+01
2.345445489883422852e+01
2.333396363258361816e+01
2.313362383842468262e+01
2.325859045982360840e+01
2.326657843589782715e+01
2.318966865539550781e+01
2.284956097602844238e+01
2.312491321563720703e+01
2.280460476875305176e+01
2.316794323921203613e+01
2.288758683204650879e+01
2.326987791061401367e+01
2.277622628211975098e+01
2.300190281867980957e+01
2.280402326583862305e+01
2.314415740966796875e+01
2.311622166633605957e+01
2.317935204505920410e+01
2.294746422767639160e+01
2.353128194808959961e+01
2.300001025199890137e+01
2.312500000000000000e+01
2.313458275794982910e+01
2.331717300415039062e+01
2.304135537147521973e+01
2.296297860145568848e+01
2.300737023353576660e+01
2.287702703475952148e+01
2.303008794784545898e+01
2.313159632682800293e+01
2.282783269882202148e+01
2.279821753501892090e+01
2.346534109115600586e+01
2.283346390724182129e+01
2.322033882141113281e+01
2.329210090637207031e+01
2.276049184799194336e+01
2.327364683151245117e+01
2.311849951744079590e+01
2.327772665023803711e+01
2.305404353141784668e+01
2.296914982795715332e+01
2.280878162384033203e+01
2.323789882659912109e+01
2.332232475280761719e+01
2.297117686271667480e+01
2.281605291366577148e+01
2.286862993240356445e+01
2.296014451980590820e+01
2.307113361358642578e+01
2.281699991226196289e+01
2.290439629554748535e+01
2.314318394660949707e+01
2.323989152908325195e+01
2.335454797744750977e+01
2.316959261894226074e+01
2.299796700477600098e+01
2.278189611434936523e+01
2.307423210144042969e+01
2.319493699073791504e+01
2.314976358413696289e+01
2.334630131721496582e+01
2.309814977645874023e+01
2.281847262382507324e+01
2.313214755058288574e+01
2.299914836883544922e+01
2.322696781158447266e+01
2.329225349426269531e+01
2.319934272766113281e+01
2.283667469024658203e+01
2.294908523559570312e+01
2.311486244201660156e+01
2.280688953399658203e+01
2.316428661346435547e+01
2.330611944198608398e+01
2.281331300735473633e+01
2.313899397850036621e+01
2.294491457939147949e+01
2.298426485061645508e+01
2.304596018791198730e+01
2.319161391258239746e+01
2.321116328239440918e+01
2.302794909477233887e+01
2.367735266685485840e+01
2.336236190795898438e+01
2.280457043647766113e+01
2.284675240516662598e+01
2.301009058952331543e+01
2.314595484733581543e+01
2.281290102005004883e+01
2.282400465011596680e+01
2.318311381340026855e+01
2.299359917640686035e+01
2.333439707756042480e+01
2.282755875587463379e+01
2.287759947776794434e+01
2.306566834449768066e+01
2.317584943771362305e+01
2.287578439712524414e+01
2.362426805496215820e+01
2.303642868995666504e+01
2.284838342666625977e+01
2.319828224182128906e+01
2.300437188148498535e+01
2.282033896446228027e+01
2.295896148681640625e+01
2.343288683891296387e+01
2.323545789718627930e+01
2.320388627052307129e+01
2.347064447402954102e+01
2.334984326362609863e+01
2.331053829193115234e+01
2.309718823432922363e+01
2.316968560218811035e+01
2.290202164649963379e+01
2.282516980171203613e+01
2.283891773223876953e+01
2.366832208633422852e+01
2.314910507202148438e+01
2.283762598037719727e+01
2.322274017333984375e+01
2.309403419494628906e+01
2.279723548889160156e+01
2.334004402160644531e+01
2.281531429290771484e+01
2.333844542503356934e+01
2.298379993438720703e+01
2.296382498741149902e+01
2.306401109695434570e+01
2.318519806861877441e+01
2.302846336364746094e+01
2.281640911102294922e+01
2.342364788055419922e+01
2.297550225257873535e+01
2.292843699455261230e+01
2.283230376243591309e+01
2.288264107704162598e+01
2.298849654197692871e+01
2.283722496032714844e+01
2.290076041221618652e+01
2.289144301414489746e+01
2.296643519401550293e+01
2.296539545059204102e+01
2.294319057464599609e+01
2.291833376884460449e+01
2.279610109329223633e+01
2.283509969711303711e+01
2.282825231552124023e+01
2.300537395477294922e+01
2.300568056106567383e+01
2.310266900062561035e+01
2.318777942657470703e+01
2.372768425941467285e+01
2.331811189651489258e+01
2.284079551696777344e+01
2.291382455825805664e+01
2.289219141006469727e+01
2.283387279510498047e+01
2.305166745185852051e+01
2.299083542823791504e+01
2.296640992164611816e+01
2.315111565589904785e+01
2.279153656959533691e+01
2.335442590713500977e+01
2.330816841125488281e+01
2.325178837776184082e+01
2.295371866226196289e+01
