1.252614474296569824e+01
1.190029335021972656e+01
1.192421793937683105e+01
1.212016749382019043e+01
1.204249334335327148e+01
1.205416178703308105e+01
1.209413695335388184e+01
1.207465362548828125e+01
1.216774439811706543e+01
1.213252019882202148e+01
1.212168097496032715e+01
1.215052461624145508e+01
1.218062448501586914e+01
1.218329977989196777e+01
1.217989969253540039e+01
1.219295620918273926e+01
1.216225218772888184e+01
1.218688368797302246e+01
1.218716835975646973e+01
1.223198533058166504e+01
1.221731901168823242e+01
1.222594046592712402e+01
1.219877576828002930e+01
1.215654158592224121e+01
1.224704504013061523e+01
1.224190449714660645e+01
1.218706202507019043e+01
1.215232706069946289e+01
1.216080212593078613e+01
1.224079608917236328e+01
1.218084931373596191e+01
1.221545720100402832e+01
1.218343138694763184e+01
1.221186852455139160e+01
1.220196866989135742e+01
1.220054984092712402e+01
1.220235824584960938e+01
1.223461222648620605e+01
1.216952228546142578e+01
1.218973946571350098e+01
1.220368075370788574e+01
1.217474770545959473e+01
1.220779514312744141e+01
1.225613927841186523e+01
1.220955872535705566e+01
1.217310190200805664e+01
1.220027899742126465e+01
1.219285488128662109e+01
1.220643830299377441e+01
1.217057418823242188e+01
1.223104095458984375e+01
1.219321775436401367e+01
1.227527451515197754e+01
1.219517946243286133e+01
1.217582869529724121e+01
1.217659401893615723e+01
1.215879273414611816e+01
1.224101996421813965e+01
1.219717550277709961e+01
1.225255250930786133e+01
1.218008422851562500e+01
1.220036721229553223e+01
1.221192097663879395e+01
1.222086572647094727e+01
1.229861927032470703e+01
1.222831296920776367e+01
1.224243426322937012e+01
1.224461126327514648e+01
1.219939947128295898e+01
1.229896903038024902e+01
1.219980788230895996e+01
1.217610335350036621e+01
1.221380019187927246e+01
1.222581601142883301e+01
1.218380713462829590e+01
1.220396757125854492e+01
1.220693469047546387e+01
1.218433356285095215e+01
1.219225144386291504e+01
1.220548057556152344e+01
1.223079037666320801e+01
1.223418903350830078e+01
1.215967869758605957e+01
1.220508456230163574e+01
1.224641323089599609e+01
1.219842433929443359e+01
1.214976549148559570e+01
1.221931147575378418e+01
1.220983862876892090e+01
1.221165204048156738e+01
1.221320819854736328e+01
1.219955849647521973e+01
1.220385503768920898e+01
1.223858642578125000e+01
1.218823122978210449e+01
1.222793412208557129e+01
1.217293024063110352e+01
1.215252947807312012e+01
1.225616765022277832e+01
1.223722267150878906e+01
1.226264977455139160e+01
1.220561051368713379e+01
1.219010257720947266e+01
1.223191308975219727e+01
1.224805212020874023e+01
1.219693493843078613e+01
1.222338080406188965e+01
1.221227097511291504e+01
1.220295786857604980e+01
1.225620865821838379e+01
1.221421813964843750e+01
1.222031044960021973e+01
1.223758864402770996e+01
1.220093393325805664e+01
1.221049690246582031e+01
1.220790100097656250e+01
1.219518566131591797e+01
1.216749167442321777e+01
1.226592588424682617e+01
1.222883582115173340e+01
1.221307611465454102e+01
1.220287656784057617e+01
1.217134761810302734e+01
1.219634461402893066e+01
1.222752189636230469e+01
1.225566530227661133e+01
1.218656325340270996e+01
1.217315864562988281e+01
1.220029854774475098e+01
1.227303314208984375e+01
1.217699742317199707e+01
1.216618752479553223e+01
1.219905757904052734e+01
1.219919228553771973e+01
1.221958637237548828e+01
1.216127157211303711e+01
1.224192118644714355e+01
1.224593591690063477e+01
1.216707110404968262e+01
1.216217732429504395e+01
1.218820285797119141e+01
1.220591521263122559e+01
1.217848300933837891e+01
1.219349408149719238e+01
1.221372866630554199e+01
1.218558883666992188e+01
1.224033880233764648e+01
1.223623800277709961e+01
1.217926335334777832e+01
1.222640323638916016e+01
1.224285554885864258e+01
1.217030119895935059e+01
1.221719861030578613e+01
1.211113047599792480e+01
1.217704796791076660e+01
1.217394661903381348e+01
1.221178126335144043e+01
1.216509294509887695e+01
1.221274685859680176e+01
1.216103243827819824e+01
1.221378040313720703e+01
1.222043251991271973e+01
1.226447892189025879e+01
1.222339200973510742e+01
1.222558689117431641e+01
1.220625448226928711e+01
1.218264412879943848e+01
1.221127605438232422e+01
1.217301678657531738e+01
1.223802542686462402e+01
1.214795684814453125e+01
1.219914197921752930e+01
1.224192523956298828e+01
1.217824244499206543e+01
1.222448110580444336e+01
1.217009806632995605e+01
1.218981313705444336e+01
1.221495294570922852e+01
1.214148378372192383e+01
1.221238207817077637e+01
1.231723666191101074e+01
1.216606926918029785e+01
1.217641615867614746e+01
1.227825188636779785e+01
1.219503974914550781e+01
1.219702363014221191e+01
1.226029682159423828e+01
1.231549453735351562e+01
1.216113543510437012e+01
1.222538828849792480e+01
1.216446781158447266e+01
1.222388100624084473e+01
1.216758203506469727e+01
1.219037437438964844e+01
1.223404526710510254e+01
1.218684291839599609e+01
1.222518873214721680e+01
1.222645115852355957e+01
1.215200328826904297e+01
1.217178583145141602e+01
