4.474587440490722656e-01
4.377312660217285156e-01
4.372980594635009766e-01
4.374823570251464844e-01
4.366984367370605469e-01
4.370317459106445312e-01
4.361648559570312500e-01
4.344770908355712891e-01
4.289553165435791016e-01
4.415590763092041016e-01
4.277946949005126953e-01
4.414043426513671875e-01
4.326040744781494141e-01
4.371769428253173828e-01
4.361662864685058594e-01
4.285829067230224609e-01
4.426455497741699219e-01
4.287948608398437500e-01
4.398133754730224609e-01
4.337198734283447266e-01
4.394302368164062500e-01
4.354140758514404297e-01
4.294314384460449219e-01
4.472229480743408203e-01
4.274482727050781250e-01
4.399261474609375000e-01
4.350728988647460938e-01
4.339249134063720703e-01
4.365139007568359375e-01
4.270367622375488281e-01
4.431982040405273438e-01
4.322669506072998047e-01
4.379909038543701172e-01
4.359972476959228516e-01
4.349145889282226562e-01
4.380366802215576172e-01
4.307651519775390625e-01
4.443793296813964844e-01
4.298961162567138672e-01
4.388139247894287109e-01
4.386601448059082031e-01
4.346780776977539062e-01
4.370393753051757812e-01
4.298324584960937500e-01
4.426875114440917969e-01
4.312472343444824219e-01
4.379627704620361328e-01
4.355864524841308594e-01
4.332358837127685547e-01
4.401261806488037109e-01
4.309654235839843750e-01
4.439113140106201172e-01
4.296991825103759766e-01
4.383590221405029297e-01
4.338464736938476562e-01
4.320893287658691406e-01
4.395005702972412109e-01
4.302706718444824219e-01
4.433088302612304688e-01
4.346160888671875000e-01
4.392876625061035156e-01
4.390397071838378906e-01
4.305298328399658203e-01
4.408154487609863281e-01
4.301197528839111328e-01
4.436869621276855469e-01
4.331994056701660156e-01
4.407663345336914062e-01
4.348573684692382812e-01
4.287540912628173828e-01
4.410674571990966797e-01
4.311463832855224609e-01
4.432058334350585938e-01
4.302504062652587891e-01
4.322986602783203125e-01
4.374427795410156250e-01
4.291870594024658203e-01
4.427459239959716797e-01
4.300637245178222656e-01
4.373819828033447266e-01
4.353749752044677734e-01
4.394509792327880859e-01
4.389595985412597656e-01
4.301939010620117188e-01
4.432182312011718750e-01
4.300727844238281250e-01
4.350628852844238281e-01
4.336585998535156250e-01
4.374055862426757812e-01
4.399518966674804688e-01
4.274809360504150391e-01
4.433877468109130859e-01
4.299790859222412109e-01
4.349875450134277344e-01
4.328157901763916016e-01
4.338521957397460938e-01
4.366896152496337891e-01
4.287648200988769531e-01
4.420897960662841797e-01
4.285094738006591797e-01
4.393005371093750000e-01
4.367198944091796875e-01
4.351339340209960938e-01
4.395174980163574219e-01
4.306516647338867188e-01
4.443790912628173828e-01
4.304633140563964844e-01
4.400019645690917969e-01
4.348528385162353516e-01
4.351470470428466797e-01
4.410662651062011719e-01
4.308311939239501953e-01
4.401497840881347656e-01
4.314076900482177734e-01
4.383482933044433594e-01
4.338085651397705078e-01
4.349412918090820312e-01
4.383966922760009766e-01
4.302253723144531250e-01
4.440431594848632812e-01
4.325854778289794922e-01
4.376473426818847656e-01
4.345102310180664062e-01
4.359364509582519531e-01
4.397737979888916016e-01
4.288120269775390625e-01
4.420053958892822266e-01
4.330267906188964844e-01
4.410200119018554688e-01
4.347543716430664062e-01
4.334969520568847656e-01
4.424362182617187500e-01
4.308538436889648438e-01
4.386131763458251953e-01
4.352042675018310547e-01
4.370303153991699219e-01
4.364058971405029297e-01
4.319293498992919922e-01
4.429957866668701172e-01
4.276082515716552734e-01
4.383771419525146484e-01
4.350068569183349609e-01
4.354460239410400391e-01
4.371459484100341797e-01
4.293816089630126953e-01
4.428715705871582031e-01
4.325425624847412109e-01
4.409191608428955078e-01
4.330739974975585938e-01
4.355902671813964844e-01
4.375386238098144531e-01
4.295976161956787109e-01
4.446237087249755859e-01
4.303293228149414062e-01
4.372000694274902344e-01
4.344065189361572266e-01
4.369807243347167969e-01
4.352567195892333984e-01
4.295370578765869141e-01
4.427080154418945312e-01
4.311485290527343750e-01
4.378309249877929688e-01
4.360911846160888672e-01
4.339270591735839844e-01
4.371562004089355469e-01
4.306499958038330078e-01
4.419574737548828125e-01
4.301891326904296875e-01
4.406130313873291016e-01
4.363377094268798828e-01
4.336915016174316406e-01
4.377355575561523438e-01
4.277389049530029297e-01
4.401457309722900391e-01
4.290463924407958984e-01
4.391894340515136719e-01
4.344699382781982422e-01
4.331340789794921875e-01
4.424605369567871094e-01
4.305458068847656250e-01
4.424822330474853516e-01
4.301452636718750000e-01
4.394955635070800781e-01
4.360744953155517578e-01
4.334404468536376953e-01
4.399681091308593750e-01
4.303605556488037109e-01
4.402284622192382812e-01
4.317207336425781250e-01
4.391469955444335938e-01
4.353704452514648438e-01
4.311008453369140625e-01
4.402968883514404297e-01
4.308741092681884766e-01
4.381651878356933594e-01
4.317653179168701172e-01
4.369206428527832031e-01
4.356026649475097656e-01
4.321343898773193359e-01
4.439277648925781250e-01
