2.382442284927368092e+00
2.290861519088744913e+00
2.231262630081176646e+00
2.145136777343750190e+00
2.072903964385986342e+00
2.056072091903686339e+00
2.004140243225097873e+00
1.990970947113037015e+00
1.965450576553344764e+00
1.952597648544311504e+00
1.935156467819213910e+00
1.930673171615600481e+00
1.935770421295166077e+00
1.892339450988769434e+00
1.898063638191223035e+00
1.879236830444335871e+00
1.894802854843139706e+00
1.898998019561767503e+00
1.840134121437072778e+00
1.851125638236999604e+00
1.860396628570556654e+00
1.868871869010925391e+00
1.866066442756652899e+00
1.823838707885742094e+00
1.866169221572876014e+00
1.841714243278503416e+00
1.834199969787597695e+00
1.825369253845214867e+00
1.807024020767211914e+00
1.800923117637634352e+00
1.835942787857055558e+00
1.795585690841674742e+00
1.864904345436096289e+00
1.795005246238708496e+00
1.807268463096618705e+00
1.806559338455200114e+00
1.797534895210266104e+00
1.803609908256530669e+00
1.819356753692626949e+00
1.794584206428527784e+00
1.824444538497924873e+00
1.788031799583435166e+00
1.761762438011169385e+00
1.789867327575683564e+00
1.771712685928344744e+00
1.794986646118164053e+00
1.779893755187988313e+00
1.775100693054199263e+00
1.802934699783325101e+00
1.780577904968261738e+00
1.798803247222900303e+00
1.754456847152709997e+00
1.826073938064575186e+00
1.795508972778320222e+00
1.754013171348571820e+00
1.788918731803893936e+00
1.831414388771057222e+00
1.777603595809936543e+00
1.771984690093994175e+00
1.813448120422363363e+00
1.824895057907104601e+00
1.747173475189208958e+00
1.785568238220214932e+00
1.770410039253234924e+00
1.735485907287597662e+00
1.754456636123657320e+00
1.787987693138122669e+00
1.717153802375793514e+00
1.796874391098022494e+00
1.801574540863037033e+00
1.739458485565185564e+00
1.761407854919433635e+00
1.807806917572021499e+00
1.771347037162780857e+00
1.722481466979980391e+00
1.804175950088501068e+00
1.752430819931030337e+00
1.774635797233581558e+00
1.731776650085449232e+00
1.781463355522155734e+00
1.767621058731078998e+00
1.765399311981201258e+00
1.732782795600891212e+00
1.747098533935546927e+00
1.731922241172790589e+00
1.755187028884887646e+00
1.744805792312622117e+00
1.694709510955810572e+00
1.720225949554443412e+00
1.748178650016784630e+00
1.730032715721130376e+00
1.731467035255432219e+00
1.741414577102661232e+00
1.813439099349975603e+00
1.756258359222412135e+00
1.750474534568786655e+00
1.681815207252502331e+00
1.657556273078918396e+00
1.725199622421264678e+00
1.738752316284179589e+00
1.396442323303222599e+00
1.278685784301757833e+00
1.278673529472351023e+00
1.327493696060180639e+00
1.313873836250305072e+00
1.270306078529357841e+00
1.315737601470947205e+00
1.291595738143920924e+00
1.271234023704528759e+00
1.255618770236968995e+00
1.281182637329101537e+00
1.249580240802764974e+00
1.253939474792480580e+00
1.282949164600372338e+00
1.259438491516113201e+00
1.278429203643798751e+00
1.268028633403778027e+00
1.251488845901489233e+00
1.236113226699829148e+00
1.261262189292907676e+00
1.247419144554138271e+00
1.238883032302856346e+00
1.252950132465362465e+00
1.256620656776428202e+00
1.246209636611938398e+00
1.218809851303100489e+00
1.245863494911193747e+00
1.257092990226745588e+00
1.254534726142883194e+00
1.225182237625122017e+00
1.214824110107421973e+00
1.178616049003601063e+00
1.223615975646972664e+00
1.232069671154022217e+00
1.226647293777465730e+00
1.224674571228027364e+00
1.208395927772522027e+00
1.200331042957305971e+00
1.233898009262085038e+00
1.220407989540100102e+00
1.174002434692382746e+00
1.208542660713195716e+00
1.223797106208801333e+00
1.182119439163207941e+00
1.189585206794738781e+00
1.194892838058471574e+00
1.156583673477172836e+00
1.208901716194152876e+00
1.187612187728881885e+00
1.159371245498657332e+00
1.145490474014282167e+00
1.125894091987609924e+00
1.120799627532959031e+00
1.111283228454589933e+00
1.100495192909240805e+00
1.135679703483581493e+00
1.143505725669860862e+00
1.115248371734619104e+00
1.127939948387145952e+00
1.119836055488586446e+00
1.127328297119140732e+00
1.096850988159179696e+00
1.105363869132995669e+00
1.064404292221069248e+00
1.094639883193969654e+00
1.102128543014526452e+00
1.103244259338378885e+00
1.117321740436553856e+00
1.127552068042755096e+00
1.138328602962493941e+00
1.083856138267517144e+00
1.131044313735961815e+00
1.104261834068298365e+00
1.089651602802276686e+00
1.106714096908569367e+00
1.086617137165069691e+00
1.096114648284912008e+00
1.084631926078796438e+00
1.128038646316528393e+00
1.095422359237670840e+00
1.098515433425903298e+00
1.125557831726074154e+00
1.102263150138854897e+00
1.099620844650268658e+00
1.105085343742370663e+00
1.137806823730468819e+00
1.101658752269744967e+00
1.098663250999450725e+00
1.108517742080688429e+00
1.096974566860198896e+00
1.129348221702575650e+00
1.105418501491546523e+00
1.081665922927856460e+00
1.109240004653930578e+00
1.123547013587951726e+00
1.112923649673462023e+00
1.113473207836151113e+00
1.093960184650421219e+00
1.096657117519378666e+00
1.106234697761535601e+00
