2.379690178222656272e+00
2.276066991043090848e+00
2.213685638275146417e+00
2.134284727783203106e+00
2.081675423355102694e+00
2.057702270584106596e+00
2.025019079284668067e+00
1.977526838493347094e+00
1.978325075302123981e+00
1.935436109657287629e+00
1.932353689842224220e+00
1.919340709304809600e+00
1.886227403602600106e+00
1.910968406524658159e+00
1.922413959693908714e+00
1.921275897674560529e+00
1.902075548591613874e+00
1.917941253852844197e+00
1.919987314910888587e+00
1.894454705276489292e+00
1.890285304336547956e+00
1.881997244491577126e+00
1.873717671127319351e+00
1.879394721717834393e+00
1.865356779670715337e+00
1.890514474182128923e+00
1.889449824829101621e+00
1.888692891616821301e+00
1.877845386657714943e+00
1.867578923721313400e+00
1.875228752593994130e+00
1.870303680305480887e+00
1.850652104377746632e+00
1.820919564743042063e+00
1.835266529731750529e+00
1.789112698440551652e+00
1.833295923194885324e+00
1.830559126815795912e+00
1.819199296531677223e+00
1.807820371932983505e+00
1.849741539535522561e+00
1.829391146926879985e+00
1.800563325309753493e+00
1.782312765007018962e+00
1.844169840202331434e+00
1.790949299316406229e+00
1.821042620849609328e+00
1.812378044700622581e+00
1.775341854248046802e+00
1.846282206268310633e+00
1.797334246063232444e+00
1.806972193870544530e+00
1.758971120681762645e+00
1.791232431755065857e+00
1.781904918441772567e+00
1.794211882286071758e+00
1.787678184700012274e+00
1.809787821922302253e+00
1.797837224655151278e+00
1.752677743988037218e+00
1.747930409774780314e+00
1.771445310401916551e+00
1.793289047164916994e+00
1.804111923522949246e+00
1.785298250427246103e+00
1.819748958053588828e+00
1.762296307220458935e+00
1.734190223464965763e+00
1.785072688674926855e+00
1.776794804954528795e+00
1.761755959663391158e+00
1.734892857933044485e+00
1.720053123931884809e+00
1.800642597160339253e+00
1.781403162612914981e+00
1.754756075172424268e+00
1.714998445739746025e+00
1.756210829849243149e+00
1.708903170928955051e+00
1.744690460205078120e+00
1.692307707443237330e+00
1.810354054412841807e+00
1.757623394622802815e+00
1.723519446716308634e+00
1.767941612892150793e+00
1.702551399765014573e+00
1.775867177505493055e+00
1.703498576316833546e+00
1.775954375991821266e+00
1.731029220581054684e+00
1.828398908958435154e+00
1.685965057220458974e+00
1.743153539924621631e+00
1.701476514663696316e+00
1.768552475662231505e+00
1.709365625381469744e+00
1.709620160827636681e+00
1.783930604095459005e+00
1.673152262611389052e+00
1.741370790939331004e+00
1.303487649002075255e+00
1.244368487281799274e+00
1.264469790096282908e+00
1.284425430107116739e+00
1.269952962379455652e+00
1.251826955566406330e+00
1.263132630577087356e+00
1.266697725486755299e+00
1.259719466171264735e+00
1.253873364181518513e+00
1.227168024215698150e+00
1.215965088233947666e+00
1.237224651718139556e+00
1.237068831253051782e+00
1.204884061546325658e+00
1.220237419128417988e+00
1.213091380672454811e+00
1.222202464313506987e+00
1.223421726760864248e+00
1.189472964706420832e+00
1.196125647888183652e+00
1.207695292263031073e+00
1.217738821926116932e+00
1.193405321350097692e+00
1.198734002647399821e+00
1.181906465988159072e+00
1.173545687980651842e+00
1.185411038475036705e+00
1.183913764190673845e+00
1.158369460353851244e+00
1.159183285713195843e+00
1.199925472183227537e+00
1.155941492691040073e+00
1.188909400901794422e+00
1.195819440612792883e+00
1.147212942771911548e+00
1.170073437118530180e+00
1.173649436092376819e+00
1.160649229736328225e+00
1.168809391613006676e+00
1.191063152656555157e+00
1.136827009658813559e+00
1.158894809455871533e+00
1.162346053314208927e+00
1.134107753677368269e+00
1.162653611869812087e+00
1.147898964271545363e+00
1.136473049392700219e+00
1.146304532279968313e+00
1.120398034515380781e+00
1.101781599826812785e+00
1.083394455919265642e+00
1.083600311737060506e+00
1.074838553543090880e+00
1.063545029869079617e+00
1.078522280616760254e+00
1.086980651359558125e+00
1.061561127777099545e+00
1.060724365196227925e+00
1.047019663143157864e+00
1.056429921131134098e+00
1.065823567924499615e+00
1.047722289848327604e+00
1.049288919181823765e+00
1.056097004051208543e+00
1.059509660835266098e+00
1.064264557151794355e+00
1.075160262126922506e+00
1.067846835365295455e+00
1.045239758644104011e+00
1.066556613655090358e+00
1.057961817207336397e+00
1.042892247009277407e+00
1.074963007583618069e+00
1.049968160209655776e+00
1.023816114597320581e+00
1.061943652744293143e+00
1.073760837440490779e+00
1.086074074134826706e+00
1.052872369899749749e+00
1.061800840835571247e+00
1.045310493545532182e+00
1.061205869312286332e+00
1.037904406929016199e+00
1.057974257068634127e+00
1.038055227680206194e+00
1.050225211448669427e+00
1.070049301013946463e+00
1.059085344696044872e+00
1.045084475440978933e+00
1.084988417797088545e+00
1.027108859443664590e+00
1.061825776824951273e+00
1.056651453285217368e+00
1.040923785209655783e+00
1.028845073394775378e+00
1.048236670227050693e+00
1.030358799896240241e+00
1.059431049404144343e+00
1.030912029266357388e+00
