1.000000000000000000e+01
1.617000007629394531e+01
1.846999931335449219e+01
1.854999923706054688e+01
2.402999877929687500e+01
2.607999992370605469e+01
2.747999954223632812e+01
2.830999946594238281e+01
3.154999923706054688e+01
3.311000061035156250e+01
3.552999877929687500e+01
3.443999862670898438e+01
3.591999816894531250e+01
3.898999786376953125e+01
3.850000000000000000e+01
3.893999862670898438e+01
3.945000076293945312e+01
3.666999816894531250e+01
4.089999771118164062e+01
4.082999801635742188e+01
3.759999847412109375e+01
4.168999862670898438e+01
3.600999832153320312e+01
4.164999771118164062e+01
4.009999847412109375e+01
4.084999847412109375e+01
4.125999832153320312e+01
4.448999786376953125e+01
4.193000030517578125e+01
4.218999862670898438e+01
4.546999740600585938e+01
4.452999877929687500e+01
4.318000030517578125e+01
4.414999771118164062e+01
4.639999771118164062e+01
4.722999954223632812e+01
4.631999969482421875e+01
4.750000000000000000e+01
4.314999771118164062e+01
4.673999786376953125e+01
4.769999694824218750e+01
4.757999801635742188e+01
4.839999771118164062e+01
4.627999877929687500e+01
4.450999832153320312e+01
4.934999847412109375e+01
4.643999862670898438e+01
5.043000030517578125e+01
4.377000045776367188e+01
4.796999740600585938e+01
4.955999755859375000e+01
4.277999877929687500e+01
4.825000000000000000e+01
4.566999816894531250e+01
4.982999801635742188e+01
4.995999908447265625e+01
4.991999816894531250e+01
4.889999771118164062e+01
5.170999908447265625e+01
5.091999816894531250e+01
4.411999893188476562e+01
5.234999847412109375e+01
4.637999725341796875e+01
5.118999862670898438e+01
5.064999771118164062e+01
4.672999954223632812e+01
5.111999893188476562e+01
5.341999816894531250e+01
4.571999740600585938e+01
5.193999862670898438e+01
4.978999710083007812e+01
4.930999755859375000e+01
4.873999786376953125e+01
4.853999710083007812e+01
4.989999771118164062e+01
5.021999740600585938e+01
5.446999740600585938e+01
4.965999984741210938e+01
5.556999969482421875e+01
4.336000061035156250e+01
5.043999862670898438e+01
4.765999984741210938e+01
5.353999710083007812e+01
5.152999877929687500e+01
5.572999954223632812e+01
5.437999725341796875e+01
5.288999938964843750e+01
5.537999725341796875e+01
5.660999679565429688e+01
5.186999893188476562e+01
5.594999694824218750e+01
5.477999877929687500e+01
5.509000015258789062e+01
5.525000000000000000e+01
5.127999877929687500e+01
4.786999893188476562e+01
5.297999954223632812e+01
5.357999801635742188e+01
5.450999832153320312e+01
4.891999816894531250e+01
6.164999771118164062e+01
6.254999923706054688e+01
6.243999862670898438e+01
6.310999679565429688e+01
6.306999969482421875e+01
6.314999771118164062e+01
6.334999847412109375e+01
6.275000000000000000e+01
6.293999862670898438e+01
6.359999847412109375e+01
6.404999542236328125e+01
6.355999755859375000e+01
6.360999679565429688e+01
6.282999801635742188e+01
6.412999725341796875e+01
6.377999877929687500e+01
6.451999664306640625e+01
6.426999664306640625e+01
6.379999923706054688e+01
6.441999816894531250e+01
6.411999511718750000e+01
6.420999908447265625e+01
6.488999938964843750e+01
6.447999572753906250e+01
6.426999664306640625e+01
6.433000183105468750e+01
6.413999938964843750e+01
6.468000030517578125e+01
6.436999511718750000e+01
6.472999572753906250e+01
6.491999816894531250e+01
6.463999938964843750e+01
6.402999877929687500e+01
6.422999572753906250e+01
6.522999572753906250e+01
6.527999877929687500e+01
6.487999725341796875e+01
6.486000061035156250e+01
6.443999481201171875e+01
6.367999649047851562e+01
6.493000030517578125e+01
6.472000122070312500e+01
6.347999954223632812e+01
6.455999755859375000e+01
6.423999786376953125e+01
6.583000183105468750e+01
6.470999908447265625e+01
6.518000030517578125e+01
6.579000091552734375e+01
6.495999908447265625e+01
6.536000061035156250e+01
6.579000091552734375e+01
6.572999572753906250e+01
6.580999755859375000e+01
6.568000030517578125e+01
6.576000213623046875e+01
6.547999572753906250e+01
6.568999481201171875e+01
6.572999572753906250e+01
6.566999816894531250e+01
6.554000091552734375e+01
6.556999969482421875e+01
6.566999816894531250e+01
6.575000000000000000e+01
6.583000183105468750e+01
6.577999877929687500e+01
6.579999542236328125e+01
6.584999847412109375e+01
6.566999816894531250e+01
6.583000183105468750e+01
6.565999603271484375e+01
6.590000152587890625e+01
6.590999603271484375e+01
6.556999969482421875e+01
6.575000000000000000e+01
6.590000152587890625e+01
6.586999511718750000e+01
6.583999633789062500e+01
6.587999725341796875e+01
6.580999755859375000e+01
6.561999511718750000e+01
6.544999694824218750e+01
6.558000183105468750e+01
6.566999816894531250e+01
6.568999481201171875e+01
6.579000091552734375e+01
6.561999511718750000e+01
6.565000152587890625e+01
6.583999633789062500e+01
6.572999572753906250e+01
6.569999694824218750e+01
6.600000000000000000e+01
6.587999725341796875e+01
6.586999511718750000e+01
6.562999725341796875e+01
6.568000030517578125e+01
6.576000213623046875e+01
6.579999542236328125e+01
6.586999511718750000e+01
6.579999542236328125e+01
