4.480347633361816406e-01
4.377963542938232422e-01
4.373340606689453125e-01
4.374094009399414062e-01
4.363365173339843750e-01
4.362773895263671875e-01
4.356250762939453125e-01
4.337170124053955078e-01
4.283585548400878906e-01
4.410336017608642578e-01
4.271376132965087891e-01
4.407382011413574219e-01
4.321181774139404297e-01
4.365961551666259766e-01
4.355833530426025391e-01
4.277849197387695312e-01
4.420714378356933594e-01
4.281165599822998047e-01
4.393568038940429688e-01
4.329302310943603516e-01
4.386270046234130859e-01
4.349055290222167969e-01
4.289071559906005859e-01
4.466416835784912109e-01
4.269301891326904297e-01
4.391646385192871094e-01
4.345207214355468750e-01
4.334738254547119141e-01
4.357998371124267578e-01
4.262726306915283203e-01
4.424757957458496094e-01
4.310519695281982422e-01
4.374873638153076172e-01
4.354197978973388672e-01
4.342911243438720703e-01
4.373402595520019531e-01
4.301569461822509766e-01
4.436945915222167969e-01
4.293484687805175781e-01
4.372918605804443359e-01
4.381217956542968750e-01
4.342248439788818359e-01
4.365251064300537109e-01
4.291274547576904297e-01
4.419982433319091797e-01
4.304196834564208984e-01
4.373435974121093750e-01
4.350595474243164062e-01
4.326469898223876953e-01
4.395544528961181641e-01
4.295067787170410156e-01
4.433031082153320312e-01
4.291682243347167969e-01
4.378197193145751953e-01
4.339466094970703125e-01
4.315445423126220703e-01
4.391129016876220703e-01
4.295930862426757812e-01
4.427738189697265625e-01
4.340159893035888672e-01
4.387528896331787109e-01
4.385004043579101562e-01
4.300894737243652344e-01
4.401006698608398438e-01
4.295699596405029297e-01
4.429469108581542969e-01
4.326460361480712891e-01
4.399950504302978516e-01
4.341084957122802734e-01
4.283721446990966797e-01
4.401769638061523438e-01
4.308466911315917969e-01
4.427371025085449219e-01
4.298756122589111328e-01
4.317307472229003906e-01
4.369232654571533203e-01
4.286446571350097656e-01
4.422612190246582031e-01
4.294831752777099609e-01
4.367270469665527344e-01
4.348328113555908203e-01
4.387571811676025391e-01
4.383440017700195312e-01
4.297904968261718750e-01
4.427647590637207031e-01
4.296345710754394531e-01
4.345216751098632812e-01
4.330503940582275391e-01
4.366116523742675781e-01
4.392516613006591797e-01
4.269990921020507812e-01
4.429166316986083984e-01
4.293127059936523438e-01
4.344711303710937500e-01
4.323019981384277344e-01
4.334540367126464844e-01
4.359974861145019531e-01
4.283308982849121094e-01
4.413928985595703125e-01
4.289407730102539062e-01
4.388222694396972656e-01
4.362041950225830078e-01
4.347164630889892578e-01
4.388129711151123047e-01
4.299998283386230469e-01
4.436314105987548828e-01
4.300339221954345703e-01
4.388222694396972656e-01
4.342463016510009766e-01
4.345359802246093750e-01
4.404196739196777344e-01
4.303731918334960938e-01
4.397232532501220703e-01
4.306783676147460938e-01
4.377210140228271484e-01
4.332218170166015625e-01
4.352726936340332031e-01
4.377565383911132812e-01
4.294166564941406250e-01
4.434313774108886719e-01
4.322907924652099609e-01
4.368591308593750000e-01
4.339492321014404297e-01
4.353809356689453125e-01
4.390776157379150391e-01
4.282362461090087891e-01
4.412832260131835938e-01
4.325907230377197266e-01
4.404535293579101562e-01
4.340319633483886719e-01
4.328138828277587891e-01
4.419920444488525391e-01
4.309439659118652344e-01
4.380853176116943359e-01
4.345223903656005859e-01
4.363293647766113281e-01
4.358429908752441406e-01
4.314603805541992188e-01
4.425053596496582031e-01
4.272437095642089844e-01
4.377686977386474609e-01
4.345417022705078125e-01
4.349458217620849609e-01
4.366078376770019531e-01
4.288134574890136719e-01
4.423074722290039062e-01
4.320690631866455078e-01
4.403848648071289062e-01
4.324164390563964844e-01
4.355463981628417969e-01
4.367964267730712891e-01
4.289846420288085938e-01
4.439644813537597656e-01
4.297559261322021484e-01
4.365940093994140625e-01
4.337623119354248047e-01
4.363443851470947266e-01
4.345815181732177734e-01
4.290950298309326172e-01
4.420969486236572266e-01
4.306647777557373047e-01
4.372916221618652344e-01
4.354598522186279297e-01
4.333143234252929688e-01
4.366049766540527344e-01
4.298818111419677734e-01
4.412670135498046875e-01
4.295990467071533203e-01
4.400372505187988281e-01
4.359736442565917969e-01
4.329416751861572266e-01
4.370460510253906250e-01
4.271342754364013672e-01
4.395160675048828125e-01
4.284849166870117188e-01
4.384768009185791016e-01
4.336755275726318359e-01
4.325411319732666016e-01
4.419817924499511719e-01
4.301898479461669922e-01
4.418776035308837891e-01
4.295322895050048828e-01
4.389965534210205078e-01
4.354453086853027344e-01
4.328958988189697266e-01
4.395074844360351562e-01
4.297838211059570312e-01
4.396083354949951172e-01
4.312758445739746094e-01
4.384329319000244141e-01
4.352419376373291016e-01
4.304785728454589844e-01
4.396293163299560547e-01
4.305276870727539062e-01
4.375963211059570312e-01
4.311733245849609375e-01
4.363501071929931641e-01
4.351980686187744141e-01
4.314632415771484375e-01
4.432027339935302734e-01
