4.474542140960693359e-01
4.377841949462890625e-01
4.372956752777099609e-01
4.374957084655761719e-01
4.367313385009765625e-01
4.370374679565429688e-01
4.361882209777832031e-01
4.356410503387451172e-01
4.288988113403320312e-01
4.415779113769531250e-01
4.277954101562500000e-01
4.413902759552001953e-01
4.326307773590087891e-01
4.371936321258544922e-01
4.361774921417236328e-01
4.286048412322998047e-01
4.426429271697998047e-01
4.288444519042968750e-01
4.397964477539062500e-01
4.336605072021484375e-01
4.394025802612304688e-01
4.353890419006347656e-01
4.294393062591552734e-01
4.472105503082275391e-01
4.274177551269531250e-01
4.399061203002929688e-01
4.350535869598388672e-01
4.339432716369628906e-01
4.365527629852294922e-01
4.270336627960205078e-01
4.432575702667236328e-01
4.314932823181152344e-01
4.379742145538330078e-01
4.359858036041259766e-01
4.349396228790283203e-01
4.380552768707275391e-01
4.307534694671630859e-01
4.443793296813964844e-01
4.299440383911132812e-01
4.388432502746582031e-01
4.386491775512695312e-01
4.346580505371093750e-01
4.370405673980712891e-01
4.298346042633056641e-01
4.426908493041992188e-01
4.312314987182617188e-01
4.379820823669433594e-01
4.355983734130859375e-01
4.332535266876220703e-01
4.401350021362304688e-01
4.309871196746826172e-01
4.438860416412353516e-01
4.297521114349365234e-01
4.383735656738281250e-01
4.345924854278564453e-01
4.321146011352539062e-01
4.394865036010742188e-01
4.302625656127929688e-01
4.433081150054931641e-01
4.346399307250976562e-01
4.392926692962646484e-01
4.390528202056884766e-01
4.305510520935058594e-01
4.407782554626464844e-01
4.301211833953857422e-01
4.436731338500976562e-01
4.332334995269775391e-01
4.408018589019775391e-01
4.348609447479248047e-01
4.287490844726562500e-01
4.410629272460937500e-01
4.311840534210205078e-01
4.432182312011718750e-01
4.302918910980224609e-01
4.322836399078369141e-01
4.374654293060302734e-01
4.292392730712890625e-01
4.427621364593505859e-01
4.300584793090820312e-01
4.373824596405029297e-01
4.353709220886230469e-01
4.394714832305908203e-01
4.389989376068115234e-01
4.302639961242675781e-01
4.432785511016845703e-01
4.300396442413330078e-01
4.350273609161376953e-01
4.336707592010498047e-01
4.374148845672607422e-01
4.399640560150146484e-01
4.275329113006591797e-01
4.433858394622802734e-01
4.300272464752197266e-01
4.350054264068603516e-01
4.327669143676757812e-01
4.338164329528808594e-01
4.366750717163085938e-01
4.288237094879150391e-01
4.420886039733886719e-01
4.285500049591064453e-01
4.393260478973388672e-01
4.367024898529052734e-01
4.351344108581542969e-01
4.394955635070800781e-01
4.306457042694091797e-01
4.443852901458740234e-01
4.304370880126953125e-01
4.399683475494384766e-01
4.348497390747070312e-01
4.351551532745361328e-01
4.410841464996337891e-01
4.308454990386962891e-01
4.401633739471435547e-01
4.314353466033935547e-01
4.383628368377685547e-01
4.337761402130126953e-01
4.349279403686523438e-01
4.384250640869140625e-01
4.302556514739990234e-01
4.440791606903076172e-01
4.325885772705078125e-01
4.377086162567138672e-01
4.345097541809082031e-01
4.359765052795410156e-01
4.397926330566406250e-01
4.287848472595214844e-01
4.420242309570312500e-01
4.330070018768310547e-01
4.410159587860107422e-01
4.347836971282958984e-01
4.335260391235351562e-01
4.424817562103271484e-01
4.316504001617431641e-01
4.386262893676757812e-01
4.351487159729003906e-01
4.370415210723876953e-01
4.363951683044433594e-01
4.318852424621582031e-01
4.429922103881835938e-01
4.276483058929443359e-01
4.384214878082275391e-01
4.350271224975585938e-01
4.354860782623291016e-01
4.371204376220703125e-01
4.293611049652099609e-01
4.428908824920654297e-01
4.325156211853027344e-01
4.409282207489013672e-01
4.330923557281494141e-01
4.360964298248291016e-01
4.375476837158203125e-01
4.296064376831054688e-01
4.446191787719726562e-01
4.303522109985351562e-01
4.371798038482666016e-01
4.344241619110107422e-01
4.369618892669677734e-01
4.352641105651855469e-01
4.295563697814941406e-01
4.426846504211425781e-01
4.311580657958984375e-01
4.378573894500732422e-01
4.360575675964355469e-01
4.338793754577636719e-01
4.371054172515869141e-01
4.306457042694091797e-01
4.419147968292236328e-01
4.302012920379638672e-01
4.406173229217529297e-01
4.363565444946289062e-01
4.337258338928222656e-01
4.377245903015136719e-01
4.277286529541015625e-01
4.401440620422363281e-01
4.290463924407958984e-01
4.383296966552734375e-01
4.344663619995117188e-01
4.331240653991699219e-01
4.424853324890136719e-01
4.305784702301025391e-01
4.424977302551269531e-01
4.301578998565673828e-01
4.394209384918212891e-01
4.361033439636230469e-01
4.334259033203125000e-01
4.399619102478027344e-01
4.303629398345947266e-01
4.402017593383789062e-01
4.317574501037597656e-01
4.391603469848632812e-01
4.353334903717041016e-01
4.311146736145019531e-01
4.402873516082763672e-01
4.308900833129882812e-01
4.381563663482666016e-01
4.317798614501953125e-01
4.369571208953857422e-01
4.356150627136230469e-01
4.321250915527343750e-01
4.439446926116943359e-01
