1.285466980934143066e+01
1.237151193618774414e+01
1.244989323616027832e+01
1.247848629951477051e+01
1.246716427803039551e+01
1.251781034469604492e+01
1.250962185859680176e+01
1.256508231163024902e+01
1.258200383186340332e+01
1.261268091201782227e+01
1.271093416213989258e+01
1.260912251472473145e+01
1.254471898078918457e+01
1.262819051742553711e+01
1.258157420158386230e+01
1.268347382545471191e+01
1.269461154937744141e+01
1.260964059829711914e+01
1.267377853393554688e+01
1.269205212593078613e+01
1.266628718376159668e+01
1.267477607727050781e+01
1.270320391654968262e+01
1.261606431007385254e+01
1.264682817459106445e+01
1.263861870765686035e+01
1.269296193122863770e+01
1.271592092514038086e+01
1.260859894752502441e+01
1.265721011161804199e+01
1.268291831016540527e+01
1.271619963645935059e+01
1.262804079055786133e+01
1.276060938835144043e+01
1.273395180702209473e+01
1.263060426712036133e+01
1.270405054092407227e+01
1.269590067863464355e+01
1.270020723342895508e+01
1.269086861610412598e+01
1.275686979293823242e+01
1.258761215209960938e+01
1.274078440666198730e+01
1.266692018508911133e+01
1.264393281936645508e+01
1.263813161849975586e+01
1.276573920249938965e+01
1.265498852729797363e+01
1.263133287429809570e+01
1.282650041580200195e+01
1.272238135337829590e+01
1.262605214118957520e+01
1.262330317497253418e+01
1.264488625526428223e+01
1.269397711753845215e+01
1.263841748237609863e+01
1.271878385543823242e+01
1.277040505409240723e+01
1.266854834556579590e+01
1.264948153495788574e+01
1.265083980560302734e+01
1.268949532508850098e+01
1.263151216506958008e+01
1.264505624771118164e+01
1.260592484474182129e+01
1.271710944175720215e+01
1.260176444053649902e+01
1.263272523880004883e+01
1.264965486526489258e+01
1.260222053527832031e+01
1.278573393821716309e+01
1.263840484619140625e+01
1.261482501029968262e+01
1.260128164291381836e+01
1.262895584106445312e+01
1.258269262313842773e+01
1.267984080314636230e+01
1.266125464439392090e+01
1.268130111694335938e+01
1.260800218582153320e+01
1.261175394058227539e+01
1.267796349525451660e+01
1.269997286796569824e+01
1.262202763557434082e+01
1.262411785125732422e+01
1.258693528175354004e+01
1.269529128074645996e+01
1.263483786582946777e+01
1.268487048149108887e+01
1.263733649253845215e+01
1.261468076705932617e+01
1.259931278228759766e+01
1.263030004501342773e+01
1.259527325630187988e+01
1.264304137229919434e+01
1.272731113433837891e+01
1.262134504318237305e+01
1.269374155998229980e+01
1.280134129524230957e+01
1.268633413314819336e+01
1.267368626594543457e+01
1.262505269050598145e+01
1.260342097282409668e+01
1.274130964279174805e+01
1.266178441047668457e+01
1.269034433364868164e+01
1.269995069503784180e+01
1.266386532783508301e+01
1.260851502418518066e+01
1.273288202285766602e+01
1.267553687095642090e+01
1.273423933982849121e+01
1.270833420753479004e+01
1.261159706115722656e+01
1.266035413742065430e+01
1.263635301589965820e+01
1.266420674324035645e+01
1.270495295524597168e+01
1.269227671623229980e+01
1.269422435760498047e+01
1.275629997253417969e+01
1.271966481208801270e+01
1.261601638793945312e+01
1.265205097198486328e+01
1.279465961456298828e+01
1.265235209465026855e+01
1.284702253341674805e+01
1.263813495635986328e+01
1.268159317970275879e+01
1.272447800636291504e+01
1.265845036506652832e+01
1.259269976615905762e+01
1.265856885910034180e+01
1.268582367897033691e+01
1.271143865585327148e+01
1.266397094726562500e+01
1.260255694389343262e+01
1.266689538955688477e+01
1.268385696411132812e+01
1.270655369758605957e+01
1.266784882545471191e+01
1.261789727210998535e+01
1.270021486282348633e+01
1.267452692985534668e+01
1.269139170646667480e+01
1.267039108276367188e+01
1.262849116325378418e+01
1.263488721847534180e+01
1.266051840782165527e+01
1.268234515190124512e+01
1.271618700027465820e+01
1.273209381103515625e+01
1.266034460067749023e+01
1.264853096008300781e+01
1.263462662696838379e+01
1.265282106399536133e+01
1.268695783615112305e+01
1.262887763977050781e+01
1.265773296356201172e+01
1.261882424354553223e+01
1.269494581222534180e+01
1.262706232070922852e+01
1.261180186271667480e+01
1.262006688117980957e+01
1.259006381034851074e+01
1.259971618652343750e+01
1.265516448020935059e+01
1.267701411247253418e+01
1.264998698234558105e+01
1.257743191719055176e+01
1.272008752822875977e+01
1.263938093185424805e+01
1.265178275108337402e+01
1.259618282318115234e+01
1.267601799964904785e+01
1.260810446739196777e+01
1.268409514427185059e+01
1.271268773078918457e+01
1.264735865592956543e+01
1.260186147689819336e+01
1.268717527389526367e+01
1.262871694564819336e+01
1.269959950447082520e+01
1.276001024246215820e+01
1.266519284248352051e+01
1.268086004257202148e+01
1.266613006591796875e+01
1.268642377853393555e+01
1.267549419403076172e+01
1.271459436416625977e+01
1.268802952766418457e+01
1.270620465278625488e+01
1.264662432670593262e+01
1.265671324729919434e+01
1.266052460670471191e+01
1.262036728858947754e+01
1.272570848464965820e+01
1.272522807121276855e+01
1.267081212997436523e+01
1.267936372756958008e+01
