1.297875976562500000e+01
1.235823941230773926e+01
1.240611553192138672e+01
1.241071009635925293e+01
1.239478826522827148e+01
1.238789224624633789e+01
1.252875971794128418e+01
1.244044423103332520e+01
1.243699026107788086e+01
1.242086935043334961e+01
1.241497564315795898e+01
1.251928830146789551e+01
1.238951921463012695e+01
1.248745679855346680e+01
1.245355796813964844e+01
1.240452885627746582e+01
1.245941233634948730e+01
1.240952706336975098e+01
1.247585797309875488e+01
1.246047401428222656e+01
1.244306564331054688e+01
1.244347691535949707e+01
1.238861179351806641e+01
1.243939447402954102e+01
1.242354631423950195e+01
1.246495246887207031e+01
1.243630695343017578e+01
1.241670083999633789e+01
1.241745805740356445e+01
1.247299385070800781e+01
1.249940228462219238e+01
1.244298815727233887e+01
1.241789960861206055e+01
1.241750621795654297e+01
1.248761153221130371e+01
1.241573238372802734e+01
1.245335316658020020e+01
1.260421609878540039e+01
1.241015267372131348e+01
1.246405267715454102e+01
1.249168944358825684e+01
1.245117545127868652e+01
1.243474435806274414e+01
1.239578366279602051e+01
1.251293969154357910e+01
1.241598534584045410e+01
1.241242146492004395e+01
1.243180131912231445e+01
1.243160820007324219e+01
1.248104286193847656e+01
1.241821122169494629e+01
1.239664268493652344e+01
1.253492689132690430e+01
1.240657401084899902e+01
1.244546604156494141e+01
1.241167902946472168e+01
1.241000342369079590e+01
1.244027709960937500e+01
1.247081518173217773e+01
1.240955662727355957e+01
1.241631436347961426e+01
1.242625737190246582e+01
1.243696284294128418e+01
1.248828601837158203e+01
1.248286533355712891e+01
1.245213580131530762e+01
1.239523935317993164e+01
1.243632054328918457e+01
1.244246816635131836e+01
1.243666744232177734e+01
1.246120023727416992e+01
1.244874167442321777e+01
1.247341632843017578e+01
1.243106722831726074e+01
1.240717768669128418e+01
1.246467232704162598e+01
1.247319293022155762e+01
1.244598293304443359e+01
1.249960398674011230e+01
1.245157670974731445e+01
1.244614744186401367e+01
1.248099255561828613e+01
1.244344949722290039e+01
1.247681188583374023e+01
1.251079940795898438e+01
1.246093153953552246e+01
1.249701118469238281e+01
1.243437647819519043e+01
1.240214776992797852e+01
1.244023466110229492e+01
1.254379367828369141e+01
1.247731685638427734e+01
1.243168520927429199e+01
1.247704434394836426e+01
1.247974443435668945e+01
1.245979547500610352e+01
1.249298119544982910e+01
1.240452337265014648e+01
1.241444516181945801e+01
1.242602109909057617e+01
1.242924427986145020e+01
1.246050763130187988e+01
1.245351672172546387e+01
1.246870803833007812e+01
1.248343205451965332e+01
1.239987349510192871e+01
1.239547848701477051e+01
1.244797873497009277e+01
1.246500039100646973e+01
1.242919206619262695e+01
1.241303491592407227e+01
1.243709254264831543e+01
1.242545890808105469e+01
1.239805483818054199e+01
1.242108535766601562e+01
1.247624945640563965e+01
1.243963813781738281e+01
1.246393942832946777e+01
1.243113851547241211e+01
1.242665481567382812e+01
1.250374627113342285e+01
1.239224600791931152e+01
1.248432207107543945e+01
1.247376275062561035e+01
1.247480630874633789e+01
1.241486215591430664e+01
1.246101045608520508e+01
1.241539669036865234e+01
1.245405602455139160e+01
1.239314413070678711e+01
1.241913032531738281e+01
1.247144031524658203e+01
1.246184682846069336e+01
1.242645883560180664e+01
1.243140673637390137e+01
1.245452880859375000e+01
1.241014480590820312e+01
1.249865293502807617e+01
1.245629835128784180e+01
1.243450379371643066e+01
1.243568754196166992e+01
1.246461892127990723e+01
1.247017383575439453e+01
1.249138236045837402e+01
1.243647646903991699e+01
1.253309583663940430e+01
1.244502258300781250e+01
1.242680668830871582e+01
1.247102642059326172e+01
1.253042006492614746e+01
1.238870453834533691e+01
1.250530719757080078e+01
1.240681409835815430e+01
1.244359874725341797e+01
1.244844746589660645e+01
1.243885016441345215e+01
1.238834905624389648e+01
1.247734165191650391e+01
1.243302273750305176e+01
1.243684959411621094e+01
1.241480135917663574e+01
1.241133427619934082e+01
1.241647696495056152e+01
1.244824910163879395e+01
1.251768064498901367e+01
1.247443127632141113e+01
1.243205356597900391e+01
1.244284725189208984e+01
1.250758123397827148e+01
1.246431636810302734e+01
1.249552464485168457e+01
1.242981576919555664e+01
1.251056003570556641e+01
1.244438672065734863e+01
1.247076940536499023e+01
1.244775032997131348e+01
1.240693664550781250e+01
1.241092419624328613e+01
1.243367528915405273e+01
1.243341588973999023e+01
1.249927830696105957e+01
1.242061543464660645e+01
1.245963549613952637e+01
1.247003102302551270e+01
1.247893404960632324e+01
1.240803217887878418e+01
1.243307542800903320e+01
1.247657394409179688e+01
1.242132973670959473e+01
1.241270852088928223e+01
1.240928506851196289e+01
1.241219353675842285e+01
1.245108175277709961e+01
1.243809509277343750e+01
1.247487735748291016e+01
1.241762542724609375e+01
1.242714524269104004e+01
1.242163896560668945e+01
1.241141819953918457e+01
1.242491960525512695e+01
