2.307223320007324219e+01
2.247120547294616699e+01
2.271952843666076660e+01
2.265583968162536621e+01
2.285088753700256348e+01
2.286353993415832520e+01
2.263106751441955566e+01
2.269886755943298340e+01
2.277136802673339844e+01
2.276686978340148926e+01
2.300967860221862793e+01
2.272302508354187012e+01
2.285471558570861816e+01
2.309039211273193359e+01
2.286454677581787109e+01
2.310297536849975586e+01
2.288261175155639648e+01
2.289982891082763672e+01
2.299156808853149414e+01
2.280411481857299805e+01
2.347228956222534180e+01
2.291985368728637695e+01
2.301009416580200195e+01
2.346576333045959473e+01
2.336842751502990723e+01
2.288235855102539062e+01
2.294822359085083008e+01
2.288319969177246094e+01
2.322433638572692871e+01
2.307493996620178223e+01
2.311795473098754883e+01
2.280609250068664551e+01
2.320800304412841797e+01
2.322847223281860352e+01
2.281524658203125000e+01
2.347739887237548828e+01
2.297765970230102539e+01
2.284586668014526367e+01
2.277894282341003418e+01
2.335466933250427246e+01
2.308796787261962891e+01
2.327950501441955566e+01
2.327401351928710938e+01
2.320547652244567871e+01
2.330639028549194336e+01
2.306690073013305664e+01
2.293246412277221680e+01
2.286215257644653320e+01
2.279445219039916992e+01
2.287620306015014648e+01
2.288650679588317871e+01
2.282091927528381348e+01
2.343115568161010742e+01
2.280421590805053711e+01
2.281334996223449707e+01
2.323264694213867188e+01
2.332428550720214844e+01
2.283569383621215820e+01
2.289311695098876953e+01
2.354608201980590820e+01
2.311979508399963379e+01
2.303911972045898438e+01
2.310349774360656738e+01
2.306651854515075684e+01
2.288164114952087402e+01
2.282882356643676758e+01
2.281220674514770508e+01
2.290861129760742188e+01
2.290763163566589355e+01
2.288688969612121582e+01
2.314186167716979980e+01
2.315554308891296387e+01
2.292629384994506836e+01
2.330970311164855957e+01
2.293995857238769531e+01
2.303577351570129395e+01
2.313729882240295410e+01
2.324873900413513184e+01
2.291931772232055664e+01
2.304320645332336426e+01
2.313340067863464355e+01
2.297898578643798828e+01
2.304131865501403809e+01
2.334965014457702637e+01
2.282559800148010254e+01
2.309635686874389648e+01
2.280930757522583008e+01
2.299234914779663086e+01
2.330093836784362793e+01
2.308606767654418945e+01
2.285663294792175293e+01
2.305365943908691406e+01
2.345258545875549316e+01
2.291146802902221680e+01
2.319265007972717285e+01
2.294805073738098145e+01
2.285922956466674805e+01
2.290751791000366211e+01
2.295501923561096191e+01
2.318414974212646484e+01
2.290934181213378906e+01
2.316826796531677246e+01
2.350649976730346680e+01
2.284930562973022461e+01
2.303072118759155273e+01
2.340828847885131836e+01
2.307414460182189941e+01
2.296662282943725586e+01
2.313105297088623047e+01
2.283700704574584961e+01
2.292594265937805176e+01
2.294442009925842285e+01
2.300763201713562012e+01
2.307300519943237305e+01
2.280316185951232910e+01
2.293238973617553711e+01
2.306626033782958984e+01
2.300743961334228516e+01
2.280661082267761230e+01
2.320694518089294434e+01
2.302312779426574707e+01
2.315458750724792480e+01
2.301854348182678223e+01
2.322708654403686523e+01
2.282821965217590332e+01
2.304383349418640137e+01
2.315820574760437012e+01
2.315650033950805664e+01
2.286669969558715820e+01
2.313978934288024902e+01
2.278293609619140625e+01
2.280144333839416504e+01
2.282325029373168945e+01
2.332567405700683594e+01
2.337603878974914551e+01
2.334269666671752930e+01
2.306802749633789062e+01
2.292796730995178223e+01
2.283708500862121582e+01
2.323973131179809570e+01
2.281280279159545898e+01
2.316745400428771973e+01
2.298791170120239258e+01
2.308155703544616699e+01
2.289028358459472656e+01
2.281544637680053711e+01
2.331944322586059570e+01
2.292894673347473145e+01
2.328706502914428711e+01
2.291860961914062500e+01
2.309779238700866699e+01
2.309695863723754883e+01
2.282548069953918457e+01
2.313514232635498047e+01
2.328407621383666992e+01
2.298992109298706055e+01
2.313287067413330078e+01
2.292430830001831055e+01
2.333611083030700684e+01
2.292196249961853027e+01
2.301261281967163086e+01
2.323813796043395996e+01
2.332898688316345215e+01
2.309632897377014160e+01
2.289126467704772949e+01
2.281376481056213379e+01
2.293002724647521973e+01
2.308382987976074219e+01
2.283708858489990234e+01
2.317210364341735840e+01
2.297848200798034668e+01
2.287023568153381348e+01
2.299956417083740234e+01
2.315322327613830566e+01
2.293370318412780762e+01
2.280868935585021973e+01
2.295190072059631348e+01
2.295138859748840332e+01
2.318550014495849609e+01
2.289724826812744141e+01
2.284733295440673828e+01
2.303843998908996582e+01
2.314707469940185547e+01
2.284059047698974609e+01
2.313346767425537109e+01
2.320305061340332031e+01
2.311569547653198242e+01
2.284320902824401855e+01
2.293303132057189941e+01
2.332680702209472656e+01
2.304359197616577148e+01
2.302063965797424316e+01
2.284628534317016602e+01
2.325024223327636719e+01
2.306331038475036621e+01
2.307745432853698730e+01
2.297838187217712402e+01
2.357110595703125000e+01
2.285881376266479492e+01
2.312626600265502930e+01
