1.285006284713745117e+01
1.233334612846374512e+01
1.241568803787231445e+01
1.239666342735290527e+01
1.244667077064514160e+01
1.255134201049804688e+01
1.255527353286743164e+01
1.254498744010925293e+01
1.252519702911376953e+01
1.257790040969848633e+01
1.272188758850097656e+01
1.264118671417236328e+01
1.266363215446472168e+01
1.263721060752868652e+01
1.262261533737182617e+01
1.258501505851745605e+01
1.264421415328979492e+01
1.268410444259643555e+01
1.262451481819152832e+01
1.257580709457397461e+01
1.264803314208984375e+01
1.264262795448303223e+01
1.264672279357910156e+01
1.261376285552978516e+01
1.265773081779479980e+01
1.263375616073608398e+01
1.260908532142639160e+01
1.266059947013854980e+01
1.266948342323303223e+01
1.267486166954040527e+01
1.269250535964965820e+01
1.267464542388916016e+01
1.269487667083740234e+01
1.266721010208129883e+01
1.267013430595397949e+01
1.270678877830505371e+01
1.268631839752197266e+01
1.267684340476989746e+01
1.268384313583374023e+01
1.265256047248840332e+01
1.273249864578247070e+01
1.259719324111938477e+01
1.267733407020568848e+01
1.261499404907226562e+01
1.264894247055053711e+01
1.265452527999877930e+01
1.267002868652343750e+01
1.262272262573242188e+01
1.268076443672180176e+01
1.275186038017272949e+01
1.261197519302368164e+01
1.263289761543273926e+01
1.269912314414978027e+01
1.267929744720458984e+01
1.265594244003295898e+01
1.266853404045104980e+01
1.263245224952697754e+01
1.264441752433776855e+01
1.270343875885009766e+01
1.266410827636718750e+01
1.266896033287048340e+01
1.265008616447448730e+01
1.266620922088623047e+01
1.267295241355895996e+01
1.259093308448791504e+01
1.264554524421691895e+01
1.269101595878601074e+01
1.271725249290466309e+01
1.267599678039550781e+01
1.265698146820068359e+01
1.270954275131225586e+01
1.274199581146240234e+01
1.264271783828735352e+01
1.267679214477539062e+01
1.268381381034851074e+01
1.272198557853698730e+01
1.267374563217163086e+01
1.266444683074951172e+01
1.266304302215576172e+01
1.267986750602722168e+01
1.266374230384826660e+01
1.270804786682128906e+01
1.263758778572082520e+01
1.267918109893798828e+01
1.271951150894165039e+01
1.261047482490539551e+01
1.265144252777099609e+01
1.263588809967041016e+01
1.275971579551696777e+01
1.264694905281066895e+01
1.271340799331665039e+01
1.269954872131347656e+01
1.270846295356750488e+01
1.274691462516784668e+01
1.259496402740478516e+01
1.262479639053344727e+01
1.261043953895568848e+01
1.277963852882385254e+01
1.265380549430847168e+01
1.266427040100097656e+01
1.271759676933288574e+01
1.272053313255310059e+01
1.265152144432067871e+01
1.270002245903015137e+01
1.268350863456726074e+01
1.265504336357116699e+01
1.263607668876647949e+01
1.265483808517456055e+01
1.261187171936035156e+01
1.267434167861938477e+01
1.271493387222290039e+01
1.268934941291809082e+01
1.275003910064697266e+01
1.267007827758789062e+01
1.265285754203796387e+01
1.267164969444274902e+01
1.261885547637939453e+01
1.265285849571228027e+01
1.266256046295166016e+01
1.273127293586730957e+01
1.269361758232116699e+01
1.266072249412536621e+01
1.266578722000122070e+01
1.270370745658874512e+01
1.270450162887573242e+01
1.264057683944702148e+01
1.266901516914367676e+01
1.262565112113952637e+01
1.264838266372680664e+01
1.273409891128540039e+01
1.268402671813964844e+01
1.267467713356018066e+01
1.261890721321105957e+01
1.267498445510864258e+01
1.265448784828186035e+01
1.266166234016418457e+01
1.264494895935058594e+01
1.260921382904052734e+01
1.272095417976379395e+01
1.265291547775268555e+01
1.263090157508850098e+01
1.267327952384948730e+01
1.267379331588745117e+01
1.263190102577209473e+01
1.268653368949890137e+01
1.277220392227172852e+01
1.261982488632202148e+01
1.261609959602355957e+01
1.265924715995788574e+01
1.266032481193542480e+01
1.264838361740112305e+01
1.262189340591430664e+01
1.270544815063476562e+01
1.259421372413635254e+01
1.262514805793762207e+01
1.264871239662170410e+01
1.265094804763793945e+01
1.265525531768798828e+01
1.270420503616333008e+01
1.266283392906188965e+01
1.274695181846618652e+01
1.273090171813964844e+01
1.260740065574645996e+01
1.258896279335021973e+01
1.258453464508056641e+01
1.268106365203857422e+01
1.263991689682006836e+01
1.264406871795654297e+01
1.271013045310974121e+01
1.265938615798950195e+01
1.264660120010375977e+01
1.259241652488708496e+01
1.260191202163696289e+01
1.264448690414428711e+01
1.264901757240295410e+01
1.267254829406738281e+01
1.265831112861633301e+01
1.266185617446899414e+01
1.264720916748046875e+01
1.271545290946960449e+01
1.271388959884643555e+01
1.265582489967346191e+01
1.270520591735839844e+01
1.265033578872680664e+01
1.269197678565979004e+01
1.263878846168518066e+01
1.269188380241394043e+01
1.276000976562500000e+01
1.267529559135437012e+01
1.266166973114013672e+01
1.268291854858398438e+01
1.262821841239929199e+01
1.260399436950683594e+01
1.263428807258605957e+01
1.270153522491455078e+01
1.263595461845397949e+01
1.268948674201965332e+01
1.265773248672485352e+01
1.261081862449645996e+01
1.268145847320556641e+01
