2.307305264472961426e+01
2.248847150802612305e+01
2.290544772148132324e+01
2.301627421379089355e+01
2.301904153823852539e+01
2.300093746185302734e+01
2.268678522109985352e+01
2.282923817634582520e+01
2.276473784446716309e+01
2.305827760696411133e+01
2.297762107849121094e+01
2.312989497184753418e+01
2.295496392250061035e+01
2.277803659439086914e+01
2.315625524520874023e+01
2.284019398689270020e+01
2.326717209815979004e+01
2.286949276924133301e+01
2.297109627723693848e+01
2.303045129776000977e+01
2.312224173545837402e+01
2.289350008964538574e+01
2.278425908088684082e+01
2.280467081069946289e+01
2.282875967025756836e+01
2.281874561309814453e+01
2.304188346862792969e+01
2.306095910072326660e+01
2.282975935935974121e+01
2.322952175140380859e+01
2.281811118125915527e+01
2.311785316467285156e+01
2.281883716583251953e+01
2.332128500938415527e+01
2.345989513397216797e+01
2.328228950500488281e+01
2.283597064018249512e+01
2.330728316307067871e+01
2.282968258857727051e+01
2.318752527236938477e+01
2.282080578804016113e+01
2.279092955589294434e+01
2.289385461807250977e+01
2.304625487327575684e+01
2.340177822113037109e+01
2.314217567443847656e+01
2.290464520454406738e+01
2.332024455070495605e+01
2.307198190689086914e+01
2.288734793663024902e+01
2.293746280670166016e+01
2.288552546501159668e+01
2.347145605087280273e+01
2.297387266159057617e+01
2.310086107254028320e+01
2.288063549995422363e+01
2.315261816978454590e+01
2.317067766189575195e+01
2.296752142906188965e+01
2.300798559188842773e+01
2.288043594360351562e+01
2.280544424057006836e+01
2.281510400772094727e+01
2.294692850112915039e+01
2.305350208282470703e+01
2.290853619575500488e+01
2.338888621330261230e+01
2.297219538688659668e+01
2.282203626632690430e+01
2.313233613967895508e+01
2.314854145050048828e+01
2.279312968254089355e+01
2.314917087554931641e+01
2.314313483238220215e+01
2.301772475242614746e+01
2.294291353225708008e+01
2.291372489929199219e+01
2.289329481124877930e+01
2.280973362922668457e+01
2.280683064460754395e+01
2.285803508758544922e+01
2.315479874610900879e+01
2.285257387161254883e+01
2.317265439033508301e+01
2.293740653991699219e+01
2.321952223777770996e+01
2.309931850433349609e+01
2.330880880355834961e+01
2.307117295265197754e+01
2.298494577407836914e+01
2.329582357406616211e+01
2.298734426498413086e+01
2.283652734756469727e+01
2.306540012359619141e+01
2.311998462677001953e+01
2.310639691352844238e+01
2.286042833328247070e+01
2.279384803771972656e+01
2.313666963577270508e+01
2.308510684967041016e+01
2.311201333999633789e+01
2.318171095848083496e+01
2.280046725273132324e+01
2.329702877998352051e+01
2.282178974151611328e+01
2.326765656471252441e+01
2.300880217552185059e+01
2.307594656944274902e+01
2.303211855888366699e+01
2.323519158363342285e+01
2.295554399490356445e+01
2.297959518432617188e+01
2.355766034126281738e+01
2.335951828956604004e+01
2.337308216094970703e+01
2.293032956123352051e+01
2.278793168067932129e+01
2.281114840507507324e+01
2.304325652122497559e+01
2.316882324218750000e+01
2.285046911239624023e+01
2.314358711242675781e+01
2.321747112274169922e+01
2.298778152465820312e+01
2.299994897842407227e+01
2.297976779937744141e+01
2.306369996070861816e+01
2.289368939399719238e+01
2.283145666122436523e+01
2.306046748161315918e+01
2.289699363708496094e+01
2.293512725830078125e+01
2.284410047531127930e+01
2.280720949172973633e+01
2.352746772766113281e+01
2.279453134536743164e+01
2.325066900253295898e+01
2.317227840423583984e+01
2.283942532539367676e+01
2.306660199165344238e+01
2.319201946258544922e+01
2.308461427688598633e+01
2.284248208999633789e+01
2.318074345588684082e+01
2.316108560562133789e+01
2.281382894515991211e+01
2.338899731636047363e+01
2.282654666900634766e+01
2.314003705978393555e+01
2.317958259582519531e+01
2.322245335578918457e+01
2.279707503318786621e+01
2.320636415481567383e+01
2.329944562911987305e+01
2.317847537994384766e+01
2.294204878807067871e+01
2.304220080375671387e+01
2.305316448211669922e+01
2.346249437332153320e+01
2.279505729675292969e+01
2.303800940513610840e+01
2.304358053207397461e+01
2.343611550331115723e+01
2.327114772796630859e+01
2.299637174606323242e+01
2.319596338272094727e+01
2.286327338218688965e+01
2.294389796257019043e+01
2.280604004859924316e+01
2.302434158325195312e+01
2.281094503402709961e+01
2.326072287559509277e+01
2.295005488395690918e+01
2.299906206130981445e+01
2.322068929672241211e+01
2.278842496871948242e+01
2.291902089118957520e+01
2.289991688728332520e+01
2.323210930824279785e+01
2.283605313301086426e+01
2.340861964225769043e+01
2.279265737533569336e+01
2.315090227127075195e+01
2.307148337364196777e+01
2.282593417167663574e+01
2.311017990112304688e+01
2.297776627540588379e+01
2.304023551940917969e+01
2.281384205818176270e+01
2.295286369323730469e+01
2.282093834877014160e+01
2.315349173545837402e+01
2.304284739494323730e+01
2.302938652038574219e+01
2.283338999748229980e+01
2.325928711891174316e+01
2.312316942214965820e+01
2.339897441864013672e+01
2.294205665588378906e+01
2.283653402328491211e+01
