1.000000000000000000e+01
1.611999893188476562e+01
1.553999996185302734e+01
1.981999969482421875e+01
2.481999969482421875e+01
2.734000015258789062e+01
3.183999824523925781e+01
3.153999900817871094e+01
3.645999908447265625e+01
3.565999984741210938e+01
3.659999847412109375e+01
3.952999877929687500e+01
3.995999908447265625e+01
3.893000030517578125e+01
3.880999755859375000e+01
3.734999847412109375e+01
3.773999786376953125e+01
4.152999877929687500e+01
4.209999847412109375e+01
4.295999908447265625e+01
4.411999893188476562e+01
4.430999755859375000e+01
4.386999893188476562e+01
4.377000045776367188e+01
4.479999923706054688e+01
4.561999893188476562e+01
3.979999923706054688e+01
4.205999755859375000e+01
4.631999969482421875e+01
4.570999908447265625e+01
4.602000045776367188e+01
4.770999908447265625e+01
4.468000030517578125e+01
4.680999755859375000e+01
4.687999725341796875e+01
4.627999877929687500e+01
4.820999908447265625e+01
4.696999740600585938e+01
4.178999710083007812e+01
4.798999786376953125e+01
4.727999877929687500e+01
4.575000000000000000e+01
4.863999938964843750e+01
5.079999923706054688e+01
4.865999984741210938e+01
4.584000015258789062e+01
4.812999725341796875e+01
4.711000061035156250e+01
4.952000045776367188e+01
4.714999771118164062e+01
4.734999847412109375e+01
5.059999847412109375e+01
4.897999954223632812e+01
4.500999832153320312e+01
4.816999816894531250e+01
4.831999969482421875e+01
5.086000061035156250e+01
4.750999832153320312e+01
4.439999771118164062e+01
4.511000061035156250e+01
4.809999847412109375e+01
4.647999954223632812e+01
4.477000045776367188e+01
4.961000061035156250e+01
4.827000045776367188e+01
5.027999877929687500e+01
5.115999984741210938e+01
4.864999771118164062e+01
4.918999862670898438e+01
5.240999984741210938e+01
5.021999740600585938e+01
5.135999679565429688e+01
5.059999847412109375e+01
4.821999740600585938e+01
4.189999771118164062e+01
5.088999938964843750e+01
5.131999969482421875e+01
5.286999893188476562e+01
5.231999969482421875e+01
4.728999710083007812e+01
5.222999954223632812e+01
5.109000015258789062e+01
5.393999862670898438e+01
5.452999877929687500e+01
5.288999938964843750e+01
4.714999771118164062e+01
5.469999694824218750e+01
5.284999847412109375e+01
4.997999954223632812e+01
5.244999694824218750e+01
5.484999847412109375e+01
5.564999771118164062e+01
5.260999679565429688e+01
5.047999954223632812e+01
5.038999938964843750e+01
5.248999786376953125e+01
5.561999893188476562e+01
5.343000030517578125e+01
5.589999771118164062e+01
5.516999816894531250e+01
6.250999832153320312e+01
6.306999969482421875e+01
6.339999771118164062e+01
6.338999938964843750e+01
6.422000122070312500e+01
6.379999923706054688e+01
6.459999847412109375e+01
6.487999725341796875e+01
6.476000213623046875e+01
6.447999572753906250e+01
6.452999877929687500e+01
6.534999847412109375e+01
6.497000122070312500e+01
6.518999481201171875e+01
6.568000030517578125e+01
6.545999908447265625e+01
6.522999572753906250e+01
6.526999664306640625e+01
6.597999572753906250e+01
6.577999877929687500e+01
6.601000213623046875e+01
6.622000122070312500e+01
6.620999908447265625e+01
6.573999786376953125e+01
6.550000000000000000e+01
6.619999694824218750e+01
6.661999511718750000e+01
6.670999908447265625e+01
6.645999908447265625e+01
6.661999511718750000e+01
6.706999969482421875e+01
6.654999542236328125e+01
6.718000030517578125e+01
6.686999511718750000e+01
6.611000061035156250e+01
6.672999572753906250e+01
6.654000091552734375e+01
6.663999938964843750e+01
6.665000152587890625e+01
6.615999603271484375e+01
6.758999633789062500e+01
6.716999816894531250e+01
6.697999572753906250e+01
6.748999786376953125e+01
6.668999481201171875e+01
6.743000030517578125e+01
6.779000091552734375e+01
6.798999786376953125e+01
6.733000183105468750e+01
6.722000122070312500e+01
6.816999816894531250e+01
6.829000091552734375e+01
6.836999511718750000e+01
6.830999755859375000e+01
6.858000183105468750e+01
6.840999603271484375e+01
6.850000000000000000e+01
6.851999664306640625e+01
6.854000091552734375e+01
6.840000152587890625e+01
6.843000030517578125e+01
6.833000183105468750e+01
6.845999908447265625e+01
6.833999633789062500e+01
6.845999908447265625e+01
6.865000152587890625e+01
6.855999755859375000e+01
6.845999908447265625e+01
6.850999450683593750e+01
6.838999938964843750e+01
6.848999786376953125e+01
6.836000061035156250e+01
6.838999938964843750e+01
6.841999816894531250e+01
6.845999908447265625e+01
6.843999481201171875e+01
6.847000122070312500e+01
6.858999633789062500e+01
6.840999603271484375e+01
6.843999481201171875e+01
6.819999694824218750e+01
6.836000061035156250e+01
6.836000061035156250e+01
6.836000061035156250e+01
6.826999664306640625e+01
6.848999786376953125e+01
6.875000000000000000e+01
6.854000091552734375e+01
6.845999908447265625e+01
6.847999572753906250e+01
6.861999511718750000e+01
6.855999755859375000e+01
6.837999725341796875e+01
6.852999877929687500e+01
6.843999481201171875e+01
6.890000152587890625e+01
6.838999938964843750e+01
6.831999969482421875e+01
6.879000091552734375e+01
6.873999786376953125e+01
