9.871999995727538391e+00
1.227200000244140554e+01
1.673599999511718650e+01
2.004800000183105624e+01
2.323199999908447211e+01
2.543999999511718713e+01
2.742400000122070480e+01
3.049599999145507923e+01
3.190399999755859284e+01
3.465600000732421648e+01
3.468800000183105681e+01
3.648000000122070219e+01
3.545600000183105749e+01
3.678400000122070423e+01
3.755200000366210844e+01
3.894400000122070082e+01
3.988799999999999812e+01
3.886399998779296538e+01
4.088000000976562376e+01
4.075200000366211128e+01
4.177599999511718920e+01
4.123199999755859579e+01
4.209599999633788769e+01
4.337599999999999767e+01
4.166400000366211032e+01
4.279999999023437596e+01
4.328000000976562234e+01
4.419200000610351253e+01
4.459199999145507576e+01
4.536000000366210827e+01
4.478400000610351839e+01
4.660800000366210583e+01
4.369600000366210679e+01
4.625600000366210907e+01
4.500799999389648320e+01
4.612799999389648775e+01
4.559999999389648195e+01
4.663999999023437226e+01
4.574400000366210861e+01
4.756800000976562615e+01
4.639999999877930037e+01
4.628799998657226666e+01
4.729599998779296754e+01
4.844800000244140392e+01
4.707199998779297090e+01
4.795199998779296635e+01
4.769599999633788912e+01
4.777599999267577857e+01
4.830399998779297022e+01
4.937600000366210651e+01
4.847999998779297215e+01
4.945599998657226593e+01
4.745600000244140659e+01
4.948799998779296772e+01
4.953599998657226422e+01
4.936000000976562774e+01
4.633599998657226848e+01
4.995199999023437698e+01
5.039999999755859506e+01
4.820799998779296658e+01
4.753599998779296953e+01
5.027199999633788963e+01
4.886399999999999721e+01
4.923199999999999932e+01
5.060800000244140762e+01
5.036800000366211094e+01
4.879999999267577948e+01
5.169600000976562626e+01
4.852800000366210753e+01
4.884799999633789014e+01
5.127999999755859051e+01
5.017600000610351429e+01
4.924799999633788872e+01
5.107199998657226558e+01
5.124800000610351702e+01
5.014399999389648599e+01
5.211200000610351424e+01
5.142400000976562779e+01
5.169600000488281211e+01
4.838400000000000034e+01
5.188799999389648576e+01
5.241600000732422160e+01
5.302400000610351327e+01
5.267199998657226701e+01
5.217599998779297010e+01
5.038399998657226320e+01
5.209600000610351600e+01
5.398399998657226462e+01
5.364800000244140676e+01
5.177600000976562455e+01
5.403200000610351594e+01
5.401599998291015936e+01
5.332800000610351532e+01
5.033600000732421620e+01
5.291199999999999903e+01
5.385599999023437334e+01
5.425599999267578255e+01
5.607999998657226826e+01
5.387199999999999989e+01
5.467199999633788821e+01
6.596799997314452924e+01
6.907199997314452844e+01
6.943999997314453765e+01
6.908800000488281512e+01
6.971199998291015731e+01
7.092799999267577959e+01
7.035200001464843922e+01
7.108799997314453378e+01
7.156799997314453776e+01
7.155199999511718545e+01
7.156799998535156249e+01
7.257599997558594396e+01
7.283200000488281489e+01
7.219199997558594362e+01
7.275200001464843069e+01
7.283200000488281489e+01
7.288000000488281671e+01
7.307199998535156737e+01
7.324799998291015868e+01
7.348799999511719250e+01
7.353599997314452708e+01
7.345600000488281012e+01
7.379199997558593793e+01
7.367999999511718556e+01
7.379200000488280864e+01
7.428800000244140733e+01
7.456000000488280932e+01
7.441599999511718977e+01
7.422399997558594009e+01
7.449599999511718806e+01
7.465599999755859528e+01
7.545599998535156772e+01
7.494399997314452833e+01
7.513599997558593202e+01
7.465599999511718465e+01
7.435200001464843922e+01
7.542400001708983837e+01
7.564799997558593248e+01
7.593599999511718579e+01
7.548799999511719250e+01
7.635199999511718261e+01
7.601600000488281239e+01
7.567999997802733958e+01
7.588799999511718397e+01
7.649600001708984109e+01
7.587199997558593623e+01
7.636799999511718795e+01
7.590399997558593270e+01
7.654399998535156158e+01
7.710400001708984519e+01
7.737600000488281182e+01
7.756800000732421552e+01
7.763200000488281205e+01
7.820800001708984439e+01
7.790399998291015038e+01
7.764799997558593248e+01
7.748800001464843490e+01
7.795200001464843353e+01
7.793599999267577516e+01
7.796800000488281057e+01
7.809600000610350889e+01
7.822400001464843911e+01
7.833599997558593486e+01
7.908799999511718681e+01
7.825600000732421790e+01
7.854399999511718988e+01
7.856000001708984826e+01
7.830399999511718079e+01
7.799999998535156465e+01
7.758399999511718192e+01
7.833600001464843388e+01
7.795199998535156283e+01
7.820799997558593475e+01
7.870399999755859710e+01
7.825599999511719318e+01
7.879999997558593350e+01
7.862399999511718818e+01
7.875199999511718829e+01
7.809600000732422131e+01
7.862400000488281648e+01
7.880000001708984314e+01
7.827199999511718431e+01
7.847999997558594032e+01
7.855999999511718102e+01
7.836799997314453492e+01
7.860799999511718283e+01
7.846399998535156328e+01
7.827199998535155601e+01
7.831999998535155783e+01
7.889599997558593714e+01
7.860799997558594043e+01
7.822399997558594009e+01
7.892800001708984325e+01
7.873600001464843956e+01
7.880000001464843251e+01
7.868799999511718113e+01
7.859199999755858812e+01
7.865600001708983768e+01
7.940800001708984723e+01
7.875199998535155999e+01
