1.110399999954223560e+01
1.395199999877929642e+01
1.832000000488281088e+01
2.110399999572753771e+01
2.427200000122070378e+01
2.622399999877929844e+01
2.779199999816894362e+01
2.993600000122070171e+01
3.207999999145507530e+01
3.270400000122070594e+01
3.388800000488281228e+01
3.478399999389648656e+01
3.705599999145508150e+01
3.748799999877929423e+01
3.771200000732422097e+01
3.876799999755859716e+01
3.969599998779296612e+01
4.179200000732421927e+01
4.111999998657226740e+01
4.254400000366211287e+01
4.228800000976562501e+01
4.280000000366210600e+01
4.265599998779296698e+01
4.452799999755859517e+01
4.519999999389648337e+01
4.353599999755859074e+01
4.596800000976562472e+01
4.590399999511718931e+01
4.700800000366211151e+01
4.694399999389648315e+01
4.785600000976562285e+01
4.832000000610351265e+01
4.896000000610351321e+01
4.803199999023437528e+01
5.003199998657226644e+01
4.879999999755859363e+01
4.966399998657226433e+01
4.951999999145508013e+01
5.084800000610351844e+01
4.916800000366210810e+01
4.854399998779297221e+01
5.201599999633788940e+01
5.190399998291015748e+01
5.143999998779296590e+01
5.086399999145508133e+01
5.161599998657226251e+01
5.291200000610351850e+01
5.375999999999999801e+01
5.284799997314453179e+01
5.510399999389648684e+01
5.252799999389648633e+01
5.310400000976562751e+01
5.361599999023437846e+01
5.441599998657226678e+01
5.228799999267577903e+01
5.560000000000000142e+01
5.529599997314453219e+01
5.323199999023437812e+01
5.435199999999999676e+01
5.257600000610351287e+01
5.511999997314453026e+01
5.542400000610351896e+01
5.544000000488281188e+01
5.587199998657226274e+01
5.593600000366210878e+01
5.430399999023437374e+01
5.235199998657226672e+01
5.633600000244140915e+01
5.224000000976562319e+01
5.340800000610351361e+01
5.822400000976562495e+01
5.399999998779296817e+01
5.620799999633788957e+01
5.623999999389648252e+01
5.689599998291015481e+01
5.750399998657226774e+01
5.417600000488280898e+01
5.353600000976562256e+01
5.708800000000000097e+01
5.764799998535156078e+01
5.755199999023437840e+01
5.654399998657226689e+01
5.718400000610351697e+01
5.742400000976562779e+01
5.806400000366210890e+01
5.719999999755859221e+01
4.976000000488281216e+01
5.665599998657226877e+01
5.803200000488281063e+01
5.731199997314453043e+01
5.651200001464843581e+01
5.896000000610351321e+01
5.878399998657226888e+01
5.692799999389648491e+01
5.836799999755859147e+01
5.974399997314453259e+01
5.828800000610351617e+01
5.799999997314453282e+01
5.825599998657226308e+01
5.785600000732421933e+01
7.022400000488281080e+01
7.270400001464844308e+01
7.323199999755858869e+01
7.409599998535156828e+01
7.428799997314453663e+01
7.502400000488280796e+01
7.465599999755859528e+01
7.564799998291015015e+01
7.558399998291015720e+01
7.604800001464843717e+01
7.662399997558593157e+01
7.577599998779297152e+01
7.649600001464843047e+01
7.659200000732421643e+01
7.721600000488281523e+01
7.702399998779296197e+01
7.697600001708984507e+01
7.796799998535156817e+01
7.787200001708984587e+01
7.755199999511718545e+01
7.809600000488281069e+01
7.793600000488281410e+01
7.785599997558593088e+01
7.884800001708984496e+01
7.814399998535155589e+01
7.865600001464844127e+01
7.903999999511718499e+01
7.828800000488281796e+01
7.908799997314453378e+01
7.945600001708984905e+01
7.867199998535156169e+01
7.966400000488280853e+01
7.910400000488280625e+01
7.953600001708984735e+01
7.924799997558594100e+01
7.939199998535156055e+01
7.998400001708984064e+01
7.972799997558593077e+01
7.977600001464843160e+01
8.017599997558593827e+01
7.990400000732421404e+01
7.990399998535156101e+01
8.046400000732421631e+01
8.012799999755858948e+01
8.043199997558593850e+01
8.027200000732422325e+01
8.084799999511719193e+01
8.095999997558594430e+01
8.087999999511718840e+01
8.046400000732421631e+01
8.225599999511719318e+01
8.177599997802734322e+01
8.227199997314453128e+01
8.190400001708984234e+01
8.236799999511718795e+01
8.163200001708983677e+01
8.212799997802734708e+01
8.227199999511718431e+01
8.225600001708984621e+01
8.247999999511718272e+01
8.257599997802734038e+01
8.204800001953124422e+01
8.251199998779297573e+01
8.231999999511718613e+01
8.206400001708983893e+01
8.212800000732421779e+01
8.238399998779297562e+01
8.212800000732421779e+01
8.233599999755858789e+01
8.270399998535155817e+01
8.254399998779297221e+01
8.265599998779296698e+01
8.259200001953125536e+01
8.292799999511719022e+01
8.204800001708984780e+01
8.281599997558593884e+01
8.220799999755858778e+01
8.268799997802734936e+01
8.268800000732422006e+01
8.268800001708984837e+01
8.278399998535155646e+01
8.284799998535156362e+01
8.286400000732422200e+01
8.249600000732421279e+01
8.311999999755859392e+01
8.286399997558594066e+01
8.300799999755859915e+01
8.286400001464843967e+01
8.239999997558594202e+01
8.292800000732421495e+01
8.304000001708983802e+01
8.251199998535156510e+01
8.265599999755859528e+01
8.319999998535156749e+01
8.246400001708984462e+01
8.286400000488281137e+01
8.257600000732422529e+01
8.212800001708984610e+01
8.303999997802733901e+01
8.239999998535155612e+01
