1.288868927955627441e+01
1.236954188346862793e+01
1.239764142036437988e+01
1.243301272392272949e+01
1.242950463294982910e+01
1.250159168243408203e+01
1.248733472824096680e+01
1.250637793540954590e+01
1.260527110099792480e+01
1.255337524414062500e+01
1.254438114166259766e+01
1.257025861740112305e+01
1.256279206275939941e+01
1.260657787322998047e+01
1.256896734237670898e+01
1.261141252517700195e+01
1.262386441230773926e+01
1.261795043945312500e+01
1.269888257980346680e+01
1.268406081199645996e+01
1.272710275650024414e+01
1.267325329780578613e+01
1.262547087669372559e+01
1.267257380485534668e+01
1.268439173698425293e+01
1.266148233413696289e+01
1.265451550483703613e+01
1.265355253219604492e+01
1.262613344192504883e+01
1.259961462020874023e+01
1.261077046394348145e+01
1.260619711875915527e+01
1.263429474830627441e+01
1.268035984039306641e+01
1.262775278091430664e+01
1.266634774208068848e+01
1.268174195289611816e+01
1.267237019538879395e+01
1.258892917633056641e+01
1.265828824043273926e+01
1.268688130378723145e+01
1.270660877227783203e+01
1.265319967269897461e+01
1.273092913627624512e+01
1.265475821495056152e+01
1.267600107192993164e+01
1.259785866737365723e+01
1.257218098640441895e+01
1.263906097412109375e+01
1.258300423622131348e+01
1.259862971305847168e+01
1.265123057365417480e+01
1.262096905708312988e+01
1.261719846725463867e+01
1.262375926971435547e+01
1.257761383056640625e+01
1.263608431816101074e+01
1.263925170898437500e+01
1.263060450553894043e+01
1.262379837036132812e+01
1.264606595039367676e+01
1.266258573532104492e+01
1.267570137977600098e+01
1.265524792671203613e+01
1.263544821739196777e+01
1.262286734580993652e+01
1.260922741889953613e+01
1.262456583976745605e+01
1.264504647254943848e+01
1.262816047668457031e+01
1.261355900764465332e+01
1.263227462768554688e+01
1.266362738609313965e+01
1.262102723121643066e+01
1.266681647300720215e+01
1.264831900596618652e+01
1.266140246391296387e+01
1.262959885597229004e+01
1.260239219665527344e+01
1.266400194168090820e+01
1.276453018188476562e+01
1.265712404251098633e+01
1.270748996734619141e+01
1.266687560081481934e+01
1.262804913520812988e+01
1.259821343421936035e+01
1.265278124809265137e+01
1.260763406753540039e+01
1.264876723289489746e+01
1.264305686950683594e+01
1.257380032539367676e+01
1.262429714202880859e+01
1.265969157218933105e+01
1.262354540824890137e+01
1.269716191291809082e+01
1.267532229423522949e+01
1.257541084289550781e+01
1.255215740203857422e+01
1.267189669609069824e+01
1.263890314102172852e+01
1.263469123840332031e+01
1.262723827362060547e+01
1.270723676681518555e+01
1.266204524040222168e+01
1.269592571258544922e+01
1.266940927505493164e+01
1.270239663124084473e+01
1.272752785682678223e+01
1.267183399200439453e+01
1.263964223861694336e+01
1.268151068687438965e+01
1.262415218353271484e+01
1.263664054870605469e+01
1.260710740089416504e+01
1.262813544273376465e+01
1.266986060142517090e+01
1.264935278892517090e+01
1.258929300308227539e+01
1.262895965576171875e+01
1.266427063941955566e+01
1.264461159706115723e+01
1.262065100669860840e+01
1.259265875816345215e+01
1.264919686317443848e+01
1.265140056610107422e+01
1.261880826950073242e+01
1.260639929771423340e+01
1.271778202056884766e+01
1.263130903244018555e+01
1.267134618759155273e+01
1.257242488861083984e+01
1.258825349807739258e+01
1.265438103675842285e+01
1.265527367591857910e+01
1.264777946472167969e+01
1.267958855628967285e+01
1.260268616676330566e+01
1.269219541549682617e+01
1.260266184806823730e+01
1.259461903572082520e+01
1.261803126335144043e+01
1.261239671707153320e+01
1.258610582351684570e+01
1.259185123443603516e+01
1.270238232612609863e+01
1.258595919609069824e+01
1.267919206619262695e+01
1.266439270973205566e+01
1.262226510047912598e+01
1.260852193832397461e+01
1.265788340568542480e+01
1.271084094047546387e+01
1.260345840454101562e+01
1.257611274719238281e+01
1.271399950981140137e+01
1.264786434173583984e+01
1.266421580314636230e+01
1.261103653907775879e+01
1.262732791900634766e+01
1.265088725090026855e+01
1.265470743179321289e+01
1.262721252441406250e+01
1.271841263771057129e+01
1.266151666641235352e+01
1.264648509025573730e+01
1.263085484504699707e+01
1.261170911788940430e+01
1.266989731788635254e+01
1.265450906753540039e+01
1.261868906021118164e+01
1.263463044166564941e+01
1.265903639793395996e+01
1.265745091438293457e+01
1.270372819900512695e+01
1.267964410781860352e+01
1.258628702163696289e+01
1.262738752365112305e+01
1.269036674499511719e+01
1.258644127845764160e+01
1.260483193397521973e+01
1.261654353141784668e+01
1.263964796066284180e+01
1.279283642768859863e+01
1.260757279396057129e+01
1.268738842010498047e+01
1.259976243972778320e+01
1.267795634269714355e+01
1.268410038948059082e+01
1.266469287872314453e+01
1.265207576751708984e+01
1.265450882911682129e+01
1.267502021789550781e+01
1.261784768104553223e+01
1.267104196548461914e+01
1.265745544433593750e+01
1.258937120437622070e+01
1.268299555778503418e+01
1.265669775009155273e+01
1.260693621635437012e+01
1.272583079338073730e+01
