2.308323287963867188e+01
2.250333428382873535e+01
2.292520451545715332e+01
2.285118269920349121e+01
2.262781667709350586e+01
2.286217570304870605e+01
2.288878726959228516e+01
2.284081792831420898e+01
2.285174727439880371e+01
2.272408604621887207e+01
2.317583632469177246e+01
2.312737274169921875e+01
2.295722365379333496e+01
2.332466363906860352e+01
2.293649935722351074e+01
2.307970356941223145e+01
2.324098277091979980e+01
2.295371794700622559e+01
2.297609353065490723e+01
2.314586400985717773e+01
2.350101590156555176e+01
2.288364791870117188e+01
2.282846665382385254e+01
2.319168639183044434e+01
2.282414889335632324e+01
2.328690385818481445e+01
2.304830431938171387e+01
2.278903794288635254e+01
2.310701465606689453e+01
2.332057309150695801e+01
2.331109499931335449e+01
2.363461065292358398e+01
2.319026470184326172e+01
2.307934284210205078e+01
2.299074196815490723e+01
2.280146837234497070e+01
2.300335669517517090e+01
2.353807902336120605e+01
2.284743905067443848e+01
2.326584887504577637e+01
2.324459695816040039e+01
2.306246352195739746e+01
2.282634282112121582e+01
2.280269622802734375e+01
2.339145684242248535e+01
2.305438041687011719e+01
2.281327247619628906e+01
2.286297202110290527e+01
2.280324602127075195e+01
2.339835929870605469e+01
2.276711153984069824e+01
2.292586445808410645e+01
2.362867164611816406e+01
2.300521349906921387e+01
2.332923173904418945e+01
2.282507348060607910e+01
2.313512706756591797e+01
2.329391193389892578e+01
2.325955247879028320e+01
2.279313802719116211e+01
2.324244046211242676e+01
2.312030363082885742e+01
2.304981684684753418e+01
2.313050770759582520e+01
2.324037837982177734e+01
2.331573057174682617e+01
2.285934519767761230e+01
2.290216779708862305e+01
2.310243511199951172e+01
2.282191228866577148e+01
2.324114584922790527e+01
2.314886307716369629e+01
2.303370451927185059e+01
2.312474012374877930e+01
2.293953871726989746e+01
2.290271878242492676e+01
2.353561282157897949e+01
2.388287949562072754e+01
2.297924232482910156e+01
2.298873615264892578e+01
2.312445640563964844e+01
2.296886634826660156e+01
2.281873893737792969e+01
2.351513171195983887e+01
2.315501403808593750e+01
2.320155596733093262e+01
2.341156125068664551e+01
2.286186599731445312e+01
2.318922734260559082e+01
2.280073189735412598e+01
2.304871606826782227e+01
2.302735733985900879e+01
2.326380300521850586e+01
2.319898629188537598e+01
2.304813194274902344e+01
2.315478444099426270e+01
2.294823145866394043e+01
2.276658010482788086e+01
2.283517336845397949e+01
2.310149288177490234e+01
2.289185380935668945e+01
2.299522209167480469e+01
2.313971543312072754e+01
2.296857166290283203e+01
2.302409291267395020e+01
2.348285293579101562e+01
2.284314060211181641e+01
2.332384610176086426e+01
2.308536410331726074e+01
2.289686536788940430e+01
2.281213712692260742e+01
2.304491376876831055e+01
2.300762438774108887e+01
2.284492850303649902e+01
2.281398010253906250e+01
2.298855972290039062e+01
2.327754449844360352e+01
2.314565324783325195e+01
2.288926935195922852e+01
2.310150218009948730e+01
2.322418332099914551e+01
2.280877161026000977e+01
2.317448234558105469e+01
2.295229315757751465e+01
2.309671926498413086e+01
2.287928986549377441e+01
2.324758577346801758e+01
2.326052355766296387e+01
2.327477383613586426e+01
2.283587026596069336e+01
2.322132134437561035e+01
2.301445198059082031e+01
2.329181885719299316e+01
2.324306344985961914e+01
2.342681956291198730e+01
2.313147926330566406e+01
2.316640901565551758e+01
2.342384529113769531e+01
2.291728639602661133e+01
2.366095352172851562e+01
2.323306274414062500e+01
2.318032693862915039e+01
2.335438799858093262e+01
2.308076643943786621e+01
2.290209054946899414e+01
2.332069897651672363e+01
2.324221992492675781e+01
2.297027540206909180e+01
2.314220452308654785e+01
2.302793121337890625e+01
2.310413479804992676e+01
2.294458699226379395e+01
2.284669351577758789e+01
2.313456058502197266e+01
2.311950397491455078e+01
2.284130072593688965e+01
2.316588139533996582e+01
2.296120333671569824e+01
2.311363649368286133e+01
2.326955366134643555e+01
2.281218862533569336e+01
2.283500504493713379e+01
2.279240322113037109e+01
2.307721090316772461e+01
2.307415080070495605e+01
2.319172096252441406e+01
2.299790453910827637e+01
2.325844573974609375e+01
2.346023321151733398e+01
2.294328689575195312e+01
2.324091029167175293e+01
2.301509642601013184e+01
2.309682488441467285e+01
2.289675331115722656e+01
2.314234614372253418e+01
2.307351636886596680e+01
2.281896042823791504e+01
2.291592121124267578e+01
2.374542951583862305e+01
2.286123967170715332e+01
2.328187537193298340e+01
2.278681206703186035e+01
2.329308772087097168e+01
2.291407895088195801e+01
2.290513920783996582e+01
2.278743100166320801e+01
2.282140278816223145e+01
2.308343744277954102e+01
2.282240962982177734e+01
2.324507999420166016e+01
2.285008120536804199e+01
2.281248641014099121e+01
2.290387058258056641e+01
2.304318356513977051e+01
2.305781245231628418e+01
2.280491662025451660e+01
2.298226547241210938e+01
2.287799525260925293e+01
2.288935017585754395e+01
2.292312121391296387e+01
