1.000000000000000000e+01
1.607999992370605469e+01
1.876000022888183594e+01
2.155999946594238281e+01
2.389999961853027344e+01
2.584999847412109375e+01
2.900999832153320312e+01
2.859999847412109375e+01
3.268000030517578125e+01
3.412999725341796875e+01
3.446999740600585938e+01
3.516999816894531250e+01
3.486999893188476562e+01
3.846999740600585938e+01
3.862999725341796875e+01
4.025000000000000000e+01
3.825000000000000000e+01
3.804999923706054688e+01
3.995999908447265625e+01
3.746999740600585938e+01
4.175000000000000000e+01
4.082999801635742188e+01
3.793999862670898438e+01
4.261000061035156250e+01
3.990999984741210938e+01
3.950999832153320312e+01
4.341999816894531250e+01
4.297999954223632812e+01
4.336999893188476562e+01
4.289999771118164062e+01
4.366999816894531250e+01
4.484000015258789062e+01
4.375000000000000000e+01
4.525999832153320312e+01
4.550000000000000000e+01
4.677000045776367188e+01
4.727000045776367188e+01
4.509999847412109375e+01
4.511000061035156250e+01
4.663999938964843750e+01
4.654999923706054688e+01
4.577999877929687500e+01
4.681999969482421875e+01
4.670999908447265625e+01
4.590999984741210938e+01
5.034999847412109375e+01
4.684999847412109375e+01
4.997999954223632812e+01
4.491999816894531250e+01
4.869999694824218750e+01
4.906999969482421875e+01
4.500999832153320312e+01
4.700999832153320312e+01
5.125000000000000000e+01
5.021999740600585938e+01
5.118999862670898438e+01
5.205999755859375000e+01
5.050000000000000000e+01
5.187999725341796875e+01
5.102000045776367188e+01
4.422999954223632812e+01
5.480999755859375000e+01
5.009000015258789062e+01
5.195999908447265625e+01
5.077999877929687500e+01
4.978999710083007812e+01
4.853999710083007812e+01
5.296999740600585938e+01
4.527999877929687500e+01
5.182999801635742188e+01
5.153999710083007812e+01
5.150999832153320312e+01
4.877000045776367188e+01
4.665999984741210938e+01
5.300000000000000000e+01
4.791999816894531250e+01
5.257999801635742188e+01
5.034000015258789062e+01
5.388999938964843750e+01
4.336999893188476562e+01
4.782999801635742188e+01
5.227000045776367188e+01
5.462999725341796875e+01
5.188999938964843750e+01
5.381999969482421875e+01
5.387999725341796875e+01
5.223999786376953125e+01
5.706999969482421875e+01
5.695999908447265625e+01
5.277000045776367188e+01
5.677000045776367188e+01
5.371999740600585938e+01
5.552999877929687500e+01
5.250000000000000000e+01
5.336999893188476562e+01
4.784000015258789062e+01
5.134999847412109375e+01
5.065999984741210938e+01
5.578999710083007812e+01
4.246999740600585938e+01
6.155999755859375000e+01
6.252999877929687500e+01
6.251999664306640625e+01
6.294999694824218750e+01
6.300999832153320312e+01
6.301999664306640625e+01
6.316999816894531250e+01
6.271999740600585938e+01
6.290999984741210938e+01
6.393999862670898438e+01
6.375000000000000000e+01
6.370999908447265625e+01
6.366999816894531250e+01
6.291999816894531250e+01
6.367999649047851562e+01
6.394999694824218750e+01
6.436000061035156250e+01
6.427999877929687500e+01
6.402999877929687500e+01
6.455999755859375000e+01
6.416999816894531250e+01
6.431999969482421875e+01
6.454000091552734375e+01
6.456999969482421875e+01
6.438999938964843750e+01
6.465999603271484375e+01
6.382999801635742188e+01
6.475000000000000000e+01
6.447000122070312500e+01
6.475000000000000000e+01
6.465999603271484375e+01
6.445999908447265625e+01
6.434999847412109375e+01
6.425000000000000000e+01
6.515000152587890625e+01
6.508999633789062500e+01
6.469999694824218750e+01
6.522999572753906250e+01
6.451000213623046875e+01
6.392999649047851562e+01
6.504000091552734375e+01
6.419999694824218750e+01
6.363999938964843750e+01
6.472999572753906250e+01
6.484999847412109375e+01
6.558999633789062500e+01
6.477999877929687500e+01
6.518000030517578125e+01
6.573999786376953125e+01
6.530999755859375000e+01
6.540000152587890625e+01
6.569999694824218750e+01
6.568999481201171875e+01
6.563999938964843750e+01
6.565999603271484375e+01
6.579000091552734375e+01
6.551000213623046875e+01
6.569999694824218750e+01
6.573999786376953125e+01
6.566999816894531250e+01
6.554000091552734375e+01
6.561000061035156250e+01
6.572000122070312500e+01
6.559999847412109375e+01
6.581999969482421875e+01
6.576000213623046875e+01
6.576999664306640625e+01
6.579999542236328125e+01
6.562999725341796875e+01
6.569999694824218750e+01
6.565999603271484375e+01
6.576000213623046875e+01
6.579999542236328125e+01
6.561000061035156250e+01
6.579999542236328125e+01
6.604999542236328125e+01
6.595999908447265625e+01
6.588999938964843750e+01
6.587999725341796875e+01
6.579999542236328125e+01
6.572999572753906250e+01
6.563999938964843750e+01
6.554999542236328125e+01
6.569999694824218750e+01
6.570999908447265625e+01
6.569999694824218750e+01
6.565000152587890625e+01
6.568999481201171875e+01
6.580999755859375000e+01
6.577999877929687500e+01
6.579000091552734375e+01
6.594999694824218750e+01
6.590999603271484375e+01
6.581999969482421875e+01
6.568999481201171875e+01
6.570999908447265625e+01
6.579999542236328125e+01
6.580999755859375000e+01
6.583999633789062500e+01
6.579000091552734375e+01
