2.308437275886535645e+01
2.251925158500671387e+01
2.279374003410339355e+01
2.301662087440490723e+01
2.256905269622802734e+01
2.309485554695129395e+01
2.273652911186218262e+01
2.330282616615295410e+01
2.284778237342834473e+01
2.285226964950561523e+01
2.297688341140747070e+01
2.280214428901672363e+01
2.308802866935729980e+01
2.366864109039306641e+01
2.275799512863159180e+01
2.297575521469116211e+01
2.327748203277587891e+01
2.276781105995178223e+01
2.281986379623413086e+01
2.331431102752685547e+01
2.284283614158630371e+01
2.290074443817138672e+01
2.320711612701416016e+01
2.310593938827514648e+01
2.289538431167602539e+01
2.314298367500305176e+01
2.297834992408752441e+01
2.320071148872375488e+01
2.291825914382934570e+01
2.277065587043762207e+01
2.342506694793701172e+01
2.316372108459472656e+01
2.311100292205810547e+01
2.306857681274414062e+01
2.313351273536682129e+01
2.326333069801330566e+01
2.321773695945739746e+01
2.287277770042419434e+01
2.302126193046569824e+01
2.282885622978210449e+01
2.282477831840515137e+01
2.302988433837890625e+01
2.294378566741943359e+01
2.310681343078613281e+01
2.323558139801025391e+01
2.323845148086547852e+01
2.281101751327514648e+01
2.282828283309936523e+01
2.352180099487304688e+01
2.293954157829284668e+01
2.308697986602783203e+01
2.287150716781616211e+01
2.325011038780212402e+01
2.329335427284240723e+01
2.323086094856262207e+01
2.278913402557373047e+01
2.322938323020935059e+01
2.305998229980468750e+01
2.306927347183227539e+01
2.298438596725463867e+01
2.313277339935302734e+01
2.314190697669982910e+01
2.364980411529541016e+01
2.307127881050109863e+01
2.294726991653442383e+01
2.361052250862121582e+01
2.312358117103576660e+01
2.287370967864990234e+01
2.286696457862854004e+01
2.296713256835937500e+01
2.314381289482116699e+01
2.280809617042541504e+01
2.319841051101684570e+01
2.326254582405090332e+01
2.301215434074401855e+01
2.349607133865356445e+01
2.281672191619873047e+01
2.314359188079833984e+01
2.299182987213134766e+01
2.300790190696716309e+01
2.307530164718627930e+01
2.298235464096069336e+01
2.302602100372314453e+01
2.332007861137390137e+01
2.348049259185791016e+01
2.278440833091735840e+01
2.322348570823669434e+01
2.342602062225341797e+01
2.305252623558044434e+01
2.299741220474243164e+01
2.312627458572387695e+01
2.297523069381713867e+01
2.317361736297607422e+01
2.290010881423950195e+01
2.302093577384948730e+01
2.331334257125854492e+01
2.293308854103088379e+01
2.285465717315673828e+01
2.306215715408325195e+01
2.308931827545166016e+01
2.337275123596191406e+01
2.341102623939514160e+01
2.312980127334594727e+01
2.314099240303039551e+01
2.289277005195617676e+01
2.325234413146972656e+01
2.287127685546875000e+01
2.279914093017578125e+01
2.295901226997375488e+01
2.294375777244567871e+01
2.306846070289611816e+01
2.297143936157226562e+01
2.307281446456909180e+01
2.276937794685363770e+01
2.311582231521606445e+01
2.283960485458374023e+01
2.360768342018127441e+01
2.316334533691406250e+01
2.301121997833251953e+01
2.312691116333007812e+01
2.328179216384887695e+01
2.316086244583129883e+01
2.290294528007507324e+01
2.288229441642761230e+01
2.297689342498779297e+01
2.304964971542358398e+01
2.309713602066040039e+01
2.304175949096679688e+01
2.282485628128051758e+01
2.298422098159790039e+01
2.295379996299743652e+01
2.331196999549865723e+01
2.311679887771606445e+01
2.295000290870666504e+01
2.313331747055053711e+01
2.308530688285827637e+01
2.280177688598632812e+01
2.300390338897705078e+01
2.292834281921386719e+01
2.305577635765075684e+01
2.300638031959533691e+01
2.310530138015747070e+01
2.330189299583435059e+01
2.283099794387817383e+01
2.282328462600708008e+01
2.283885598182678223e+01
2.285104942321777344e+01
2.302613854408264160e+01
2.282710719108581543e+01
2.304082489013671875e+01
2.332995104789733887e+01
2.315666031837463379e+01
2.347312927246093750e+01
2.277418518066406250e+01
2.280306506156921387e+01
2.366592717170715332e+01
2.325520968437194824e+01
2.294627642631530762e+01
2.340128350257873535e+01
2.300246691703796387e+01
2.312524819374084473e+01
2.282679915428161621e+01
2.327939558029174805e+01
2.288401746749877930e+01
2.312248849868774414e+01
2.323324084281921387e+01
2.306032967567443848e+01
2.312357401847839355e+01
2.303427982330322266e+01
2.280985832214355469e+01
2.278710222244262695e+01
2.319510912895202637e+01
2.304703783988952637e+01
2.301851367950439453e+01
2.291148185729980469e+01
2.279313421249389648e+01
2.303956222534179688e+01
2.282690715789794922e+01
2.330712246894836426e+01
2.283471536636352539e+01
2.355957174301147461e+01
2.302829933166503906e+01
2.299951577186584473e+01
2.290545582771301270e+01
2.324298572540283203e+01
2.325899028778076172e+01
2.327742147445678711e+01
2.304791879653930664e+01
2.314757418632507324e+01
2.280601620674133301e+01
2.293669652938842773e+01
2.316082048416137695e+01
2.319377398490905762e+01
2.317939186096191406e+01
2.295327758789062500e+01
2.307520627975463867e+01
2.313342881202697754e+01
2.282367944717407227e+01
2.308749914169311523e+01
2.305483555793762207e+01
