2.308370733261108398e+01
2.247392964363098145e+01
2.250511550903320312e+01
2.276817202568054199e+01
2.273327708244323730e+01
2.263558244705200195e+01
2.305854368209838867e+01
2.318944168090820312e+01
2.291923475265502930e+01
2.290220022201538086e+01
2.311427903175354004e+01
2.311405777931213379e+01
2.305208849906921387e+01
2.352071976661682129e+01
2.281784820556640625e+01
2.285411787033081055e+01
2.277234196662902832e+01
2.293001365661621094e+01
2.291905617713928223e+01
2.300233769416809082e+01
2.333790230751037598e+01
2.287793469429016113e+01
2.303944158554077148e+01
2.309042525291442871e+01
2.296892547607421875e+01
2.295620536804199219e+01
2.322314095497131348e+01
2.337197589874267578e+01
2.314099478721618652e+01
2.303381013870239258e+01
2.333964681625366211e+01
2.319057893753051758e+01
2.330941438674926758e+01
2.337205338478088379e+01
2.321384406089782715e+01
2.319117116928100586e+01
2.282399177551269531e+01
2.330113363265991211e+01
2.317393755912780762e+01
2.304554295539855957e+01
2.303511929512023926e+01
2.301593995094299316e+01
2.298604464530944824e+01
2.294094848632812500e+01
2.326500415802001953e+01
2.342098498344421387e+01
2.282321429252624512e+01
2.285253310203552246e+01
2.337104535102844238e+01
2.288316154479980469e+01
2.297752094268798828e+01
2.289336872100830078e+01
2.280316090583801270e+01
2.346102595329284668e+01
2.302096009254455566e+01
2.328408789634704590e+01
2.330971479415893555e+01
2.316793203353881836e+01
2.279494905471801758e+01
2.300684046745300293e+01
2.280811810493469238e+01
2.312542366981506348e+01
2.311957716941833496e+01
2.353457164764404297e+01
2.304676866531372070e+01
2.306905341148376465e+01
2.312231731414794922e+01
2.311279273033142090e+01
2.308032274246215820e+01
2.275832462310791016e+01
2.281696486473083496e+01
2.285357904434204102e+01
2.280309271812438965e+01
2.343154811859130859e+01
2.313103437423706055e+01
2.280175256729125977e+01
2.290984869003295898e+01
2.333258748054504395e+01
2.297651624679565430e+01
2.313631415367126465e+01
2.313223266601562500e+01
2.320664238929748535e+01
2.285358333587646484e+01
2.351640343666076660e+01
2.316635441780090332e+01
2.349131989479064941e+01
2.322095942497253418e+01
2.311432313919067383e+01
2.308949446678161621e+01
2.285405397415161133e+01
2.341843080520629883e+01
2.281512832641601562e+01
2.314484477043151855e+01
2.280432438850402832e+01
2.301028680801391602e+01
2.294826102256774902e+01
2.297244119644165039e+01
2.279591131210327148e+01
2.315084934234619141e+01
2.294136977195739746e+01
2.281075477600097656e+01
2.281757998466491699e+01
2.315287661552429199e+01
2.323849344253540039e+01
2.290225076675415039e+01
2.285219931602478027e+01
2.327137899398803711e+01
2.282506418228149414e+01
2.331489253044128418e+01
2.326005101203918457e+01
2.359180927276611328e+01
2.280583691596984863e+01
2.301533699035644531e+01
2.295696568489074707e+01
2.334123373031616211e+01
2.356855368614196777e+01
2.336419057846069336e+01
2.323213291168212891e+01
2.294871544837951660e+01
2.343034052848815918e+01
2.282553505897521973e+01
2.316875243186950684e+01
2.293441438674926758e+01
2.286688017845153809e+01
2.297476816177368164e+01
2.279006004333496094e+01
2.304515671730041504e+01
2.345104146003723145e+01
2.350927734375000000e+01
2.286999773979187012e+01
2.299777150154113770e+01
2.297999429702758789e+01
2.308469367027282715e+01
2.317704200744628906e+01
2.320372056961059570e+01
2.333565282821655273e+01
2.307994318008422852e+01
2.305302095413208008e+01
2.282385134696960449e+01
2.360741353034973145e+01
2.301877117156982422e+01
2.280660700798034668e+01
2.291326260566711426e+01
2.344883561134338379e+01
2.287708568572998047e+01
2.290081429481506348e+01
2.318749952316284180e+01
2.292687845230102539e+01
2.314982295036315918e+01
2.283211588859558105e+01
2.313725948333740234e+01
2.313402724266052246e+01
2.296364831924438477e+01
2.326395773887634277e+01
2.316404533386230469e+01
2.313352370262145996e+01
2.332533788681030273e+01
2.337182164192199707e+01
2.280148148536682129e+01
2.292214274406433105e+01
2.327830195426940918e+01
2.301598119735717773e+01
2.306882476806640625e+01
2.319409322738647461e+01
2.353711581230163574e+01
2.281670165061950684e+01
2.286852550506591797e+01
2.312844681739807129e+01
2.315200114250183105e+01
2.287705564498901367e+01
2.300678563117980957e+01
2.298280096054077148e+01
2.286368918418884277e+01
2.335047888755798340e+01
2.281188392639160156e+01
2.299164223670959473e+01
2.323529696464538574e+01
2.329643678665161133e+01
2.315147113800048828e+01
2.313995480537414551e+01
2.313407135009765625e+01
2.302814412117004395e+01
2.287316703796386719e+01
2.297629022598266602e+01
2.319381284713745117e+01
2.344284749031066895e+01
2.317530870437622070e+01
2.283980083465576172e+01
2.300695109367370605e+01
2.311409616470336914e+01
2.304452466964721680e+01
2.281567716598510742e+01
2.280713725090026855e+01
2.299190902709960938e+01
2.309864139556884766e+01
2.322782278060913086e+01
2.348349809646606445e+01
2.334262394905090332e+01
2.340804362297058105e+01
2.295159244537353516e+01
