1.252210712432861328e+01
1.191874694824218750e+01
1.193114614486694336e+01
1.194153547286987305e+01
1.199751901626586914e+01
1.199393177032470703e+01
1.196009421348571777e+01
1.198091888427734375e+01
1.197811079025268555e+01
1.198412179946899414e+01
1.196288585662841797e+01
1.196684169769287109e+01
1.200901556015014648e+01
1.201518511772155762e+01
1.196197342872619629e+01
1.205365157127380371e+01
1.195608162879943848e+01
1.204167366027832031e+01
1.198480820655822754e+01
1.195685696601867676e+01
1.199259734153747559e+01
1.198872685432434082e+01
1.200916171073913574e+01
1.206597256660461426e+01
1.205306124687194824e+01
1.199559378623962402e+01
1.196606230735778809e+01
1.201376295089721680e+01
1.199929928779602051e+01
1.204566287994384766e+01
1.196128034591674805e+01
1.198102879524230957e+01
1.199855780601501465e+01
1.198210072517395020e+01
1.199194478988647461e+01
1.198400616645812988e+01
1.212291884422302246e+01
1.199673986434936523e+01
1.197732853889465332e+01
1.204501247406005859e+01
1.197223973274230957e+01
1.200960850715637207e+01
1.205179524421691895e+01
1.200847935676574707e+01
1.201262640953063965e+01
1.201768445968627930e+01
1.202174711227416992e+01
1.200739121437072754e+01
1.202714037895202637e+01
1.196118354797363281e+01
1.202585816383361816e+01
1.197130250930786133e+01
1.196131014823913574e+01
1.207124328613281250e+01
1.201306056976318359e+01
1.206434631347656250e+01
1.199508619308471680e+01
1.198777127265930176e+01
1.202789902687072754e+01
1.198329830169677734e+01
1.199715995788574219e+01
1.197457456588745117e+01
1.193560361862182617e+01
1.199262475967407227e+01
1.200276589393615723e+01
1.200660061836242676e+01
1.210262060165405273e+01
1.198628902435302734e+01
1.198786926269531250e+01
1.198103189468383789e+01
1.196758794784545898e+01
1.199621629714965820e+01
1.197845768928527832e+01
1.198092341423034668e+01
1.197630786895751953e+01
1.195766735076904297e+01
1.196857428550720215e+01
1.202471733093261719e+01
1.197901749610900879e+01
1.201229166984558105e+01
1.198893451690673828e+01
1.197009420394897461e+01
1.206408929824829102e+01
1.198165965080261230e+01
1.194964838027954102e+01
1.206982111930847168e+01
1.197329425811767578e+01
1.198642444610595703e+01
1.196025490760803223e+01
1.200872325897216797e+01
1.194669127464294434e+01
1.195507764816284180e+01
1.212124872207641602e+01
1.198964071273803711e+01
1.197810363769531250e+01
1.196725749969482422e+01
1.195552587509155273e+01
1.200174546241760254e+01
1.206823658943176270e+01
1.208057379722595215e+01
1.202155232429504395e+01
1.203815650939941406e+01
1.197258281707763672e+01
1.195983552932739258e+01
1.199168658256530762e+01
1.198039650917053223e+01
1.200019454956054688e+01
1.201945590972900391e+01
1.198927116394042969e+01
1.203825330734252930e+01
1.195900654792785645e+01
1.201145768165588379e+01
1.198930501937866211e+01
1.202477955818176270e+01
1.198709654808044434e+01
1.197229576110839844e+01
1.201263093948364258e+01
1.197269153594970703e+01
1.212366199493408203e+01
1.195131397247314453e+01
1.210006356239318848e+01
1.201975679397583008e+01
1.199309611320495605e+01
1.202256274223327637e+01
1.199602150917053223e+01
1.204041862487792969e+01
1.195155811309814453e+01
1.199656963348388672e+01
1.203305006027221680e+01
1.200764179229736328e+01
1.200635933876037598e+01
1.194494867324829102e+01
1.197826600074768066e+01
1.197075200080871582e+01
1.202786493301391602e+01
1.194839215278625488e+01
1.200825929641723633e+01
1.204130721092224121e+01
1.207016229629516602e+01
1.197563505172729492e+01
1.198374509811401367e+01
1.201241135597229004e+01
1.198416996002197266e+01
1.196132969856262207e+01
1.200207901000976562e+01
1.200078701972961426e+01
1.207108616828918457e+01
1.202068948745727539e+01
1.200830531120300293e+01
1.195351099967956543e+01
1.198455190658569336e+01
1.199523997306823730e+01
1.194902729988098145e+01
1.196682763099670410e+01
1.195425176620483398e+01
1.207289671897888184e+01
1.204394340515136719e+01
1.199480462074279785e+01
1.196053957939147949e+01
1.204773902893066406e+01
1.210232234001159668e+01
1.197297406196594238e+01
1.198563647270202637e+01
1.199061465263366699e+01
1.203099918365478516e+01
1.197913551330566406e+01
1.197083950042724609e+01
1.201415896415710449e+01
1.203064584732055664e+01
1.199659180641174316e+01
1.201177072525024414e+01
1.201769137382507324e+01
1.199052500724792480e+01
1.201408171653747559e+01
1.207302546501159668e+01
1.198059964179992676e+01
1.198540210723876953e+01
1.200717306137084961e+01
1.200327873229980469e+01
1.196182608604431152e+01
1.196706914901733398e+01
1.201824331283569336e+01
1.196120071411132812e+01
1.196911406517028809e+01
1.197180223464965820e+01
1.200632810592651367e+01
1.200101184844970703e+01
1.195728254318237305e+01
1.197167539596557617e+01
1.202762246131896973e+01
1.199403548240661621e+01
1.205883383750915527e+01
1.201977300643920898e+01
1.197901153564453125e+01
1.202149248123168945e+01
1.200947141647338867e+01
1.199149107933044434e+01
1.198989748954772949e+01
1.199350523948669434e+01
1.204403948783874512e+01
