4.480743408203125000e-01
4.378266334533691406e-01
4.373784065246582031e-01
4.373688697814941406e-01
4.363281726837158203e-01
4.363381862640380859e-01
4.356184005737304688e-01
4.337875843048095703e-01
4.283766746520996094e-01
4.410691261291503906e-01
4.271569252014160156e-01
4.407582283020019531e-01
4.321007728576660156e-01
4.366130828857421875e-01
4.355807304382324219e-01
4.278450012207031250e-01
4.420504570007324219e-01
4.281680583953857422e-01
4.392352104187011719e-01
4.329249858856201172e-01
4.386513233184814453e-01
4.349079132080078125e-01
4.289109706878662109e-01
4.467504024505615234e-01
4.269618988037109375e-01
4.391832351684570312e-01
4.345324039459228516e-01
4.334416389465332031e-01
4.358217716217041016e-01
4.263033866882324219e-01
4.422070980072021484e-01
4.310860633850097656e-01
4.373707771301269531e-01
4.354162216186523438e-01
4.343011379241943359e-01
4.374115467071533203e-01
4.301102161407470703e-01
4.436526298522949219e-01
4.293732643127441406e-01
4.380867481231689453e-01
4.381628036499023438e-01
4.342491626739501953e-01
4.365117549896240234e-01
4.291934967041015625e-01
4.420039653778076172e-01
4.304621219635009766e-01
4.373748302459716797e-01
4.350965023040771484e-01
4.326953887939453125e-01
4.395947456359863281e-01
4.304139614105224609e-01
4.432959556579589844e-01
4.291679859161376953e-01
4.378340244293212891e-01
4.340038299560546875e-01
4.316208362579345703e-01
4.391114711761474609e-01
4.296376705169677734e-01
4.427318572998046875e-01
4.340398311614990234e-01
4.388310909271240234e-01
4.385328292846679688e-01
4.300594329833984375e-01
4.401042461395263672e-01
4.296603202819824219e-01
4.429681301116943359e-01
4.326691627502441406e-01
4.400019645690917969e-01
4.341225624084472656e-01
4.284112453460693359e-01
4.405314922332763672e-01
4.308738708496093750e-01
4.427549839019775391e-01
4.298677444458007812e-01
4.317531585693359375e-01
4.369158744812011719e-01
4.286148548126220703e-01
4.422523975372314453e-01
4.295015335083007812e-01
4.368097782135009766e-01
4.348783493041992188e-01
4.387216567993164062e-01
4.383301734924316406e-01
4.298100471496582031e-01
4.427549839019775391e-01
4.296367168426513672e-01
4.345474243164062500e-01
4.330387115478515625e-01
4.366152286529541016e-01
4.392552375793457031e-01
4.270417690277099609e-01
4.428977966308593750e-01
4.293773174285888672e-01
4.344651699066162109e-01
4.322857856750488281e-01
4.334666728973388672e-01
4.360206127166748047e-01
4.283676147460937500e-01
4.414348602294921875e-01
4.289443492889404297e-01
4.388163089752197266e-01
4.361920356750488281e-01
4.347498416900634766e-01
4.388260841369628906e-01
4.299778938293457031e-01
4.436659812927246094e-01
4.301140308380126953e-01
4.394433498382568359e-01
4.342658519744873047e-01
4.345128536224365234e-01
4.403975009918212891e-01
4.303874969482421875e-01
4.397590160369873047e-01
4.307148456573486328e-01
4.377527236938476562e-01
4.331388473510742188e-01
4.352982044219970703e-01
4.377725124359130859e-01
4.295072555541992188e-01
4.434750080108642578e-01
4.323508739471435547e-01
4.368889331817626953e-01
4.339778423309326172e-01
4.354202747344970703e-01
4.390568733215332031e-01
4.282894134521484375e-01
4.412951469421386719e-01
4.325993061065673828e-01
4.404537677764892578e-01
4.340596199035644531e-01
4.328536987304687500e-01
4.419751167297363281e-01
4.309759140014648438e-01
4.380815029144287109e-01
4.345719814300537109e-01
4.363183975219726562e-01
4.358704090118408203e-01
4.314568042755126953e-01
4.424924850463867188e-01
4.272401332855224609e-01
4.377968311309814453e-01
4.345514774322509766e-01
4.349403381347656250e-01
4.366557598114013672e-01
4.287619590759277344e-01
4.422895908355712891e-01
4.320340156555175781e-01
4.405086040496826172e-01
4.324779510498046875e-01
4.355740547180175781e-01
4.368534088134765625e-01
4.290349483489990234e-01
4.439578056335449219e-01
4.297528266906738281e-01
4.366071224212646484e-01
4.338097572326660156e-01
4.363834857940673828e-01
4.346234798431396484e-01
4.291293621063232422e-01
4.421536922454833984e-01
4.306724071502685547e-01
4.372971057891845703e-01
4.354643821716308594e-01
4.333252906799316406e-01
4.366216659545898438e-01
4.298629760742187500e-01
4.412698745727539062e-01
4.296240806579589844e-01
4.400465488433837891e-01
4.359865188598632812e-01
4.329657554626464844e-01
4.370348453521728516e-01
4.271864891052246094e-01
4.394981861114501953e-01
4.285304546356201172e-01
4.385445117950439453e-01
4.337852001190185547e-01
4.325993061065673828e-01
4.420120716094970703e-01
4.301779270172119141e-01
4.418847560882568359e-01
4.295191764831542969e-01
4.389998912811279297e-01
4.354431629180908203e-01
4.328923225402832031e-01
4.395186901092529297e-01
4.297611713409423828e-01
4.396169185638427734e-01
4.312717914581298828e-01
4.384832382202148438e-01
4.353103637695312500e-01
4.305076599121093750e-01
4.396233558654785156e-01
4.305250644683837891e-01
4.376754760742187500e-01
4.312353134155273438e-01
4.363856315612792969e-01
4.360699653625488281e-01
4.314804077148437500e-01
4.425957202911376953e-01
