2.370564117965698436e+00
2.271567744522094756e+00
2.197760441360473660e+00
2.113500939331054873e+00
2.091254033317565764e+00
2.026380661087036295e+00
2.010126597824096528e+00
1.961641230773925715e+00
1.939070171279907218e+00
1.917709516716003426e+00
1.890111178436279404e+00
1.899221702041625992e+00
1.858485859069824109e+00
1.872475773544311606e+00
1.868059320297241310e+00
1.862380527381896966e+00
1.840843287353515656e+00
1.847452545852661165e+00
1.856755660018921006e+00
1.830558440322876068e+00
1.860018936157226577e+00
1.822819680252075303e+00
1.843374761581420884e+00
1.800223698272705120e+00
1.829615327949523973e+00
1.877551979598998999e+00
1.771927688026428305e+00
1.813297336921691816e+00
1.785281523246765145e+00
1.789619605407714920e+00
1.779362616081237691e+00
1.774333305435180641e+00
1.779777643737793014e+00
1.780853485260009750e+00
1.718065537261962872e+00
1.789316111755371086e+00
1.774654396629333553e+00
1.767234610595703082e+00
1.736762786598205599e+00
1.792621040267944332e+00
1.776083590927123979e+00
1.730637551116943396e+00
1.701692751693725691e+00
1.768762008438110378e+00
1.726838047103881779e+00
1.701462939453125101e+00
1.719618051719665530e+00
1.676202095260620029e+00
1.722680430793762207e+00
1.637217687644958453e+00
1.747022923240661552e+00
1.695778035202026413e+00
1.687274677505493203e+00
1.709048904457092233e+00
1.737898638076782243e+00
1.674597737007141207e+00
1.720136609420776397e+00
1.718132339439392142e+00
1.739041088333129981e+00
1.746574891166686960e+00
1.677187876243591225e+00
1.667550936431884789e+00
1.663227886428833013e+00
1.673345555496215775e+00
1.669002874069213771e+00
1.722165608978271534e+00
1.733345130577087501e+00
1.656616387710571292e+00
1.780798787269592287e+00
1.727345340499877979e+00
1.586761233444213826e+00
1.715827737731933533e+00
1.645774309425354076e+00
1.665433286895751985e+00
1.626232498626708933e+00
1.652564184341430709e+00
1.712838631896972608e+00
1.674318340072631806e+00
1.663152768936157155e+00
1.647089600811004528e+00
1.658434823951721260e+00
1.672397908401489275e+00
1.682540439834594670e+00
1.700119497947692793e+00
1.652045580406188874e+00
1.696116635551452534e+00
1.781881553344726532e+00
1.647336056175231933e+00
1.659990157699585023e+00
1.693398384742736740e+00
1.714047565574646104e+00
1.594330251197815018e+00
1.611529074592590316e+00
1.683138280487060490e+00
1.644547729034423922e+00
1.623878312606811480e+00
1.665636520118713326e+00
1.690030614700317457e+00
1.659573036384582423e+00
1.682627902832031230e+00
1.246631768417358455e+00
1.178090846900939903e+00
1.190741335506439125e+00
1.182884634819030722e+00
1.148643924369812108e+00
1.141038505363464406e+00
1.156227231388092136e+00
1.148180379104614346e+00
1.139950410308837814e+00
1.136552987403869563e+00
1.105109188041687007e+00
1.146042021789550835e+00
1.118256746559143089e+00
1.122883917617797822e+00
1.118268856391906763e+00
1.105406711034774725e+00
1.100482938079833994e+00
1.088913925285339257e+00
1.081326921882629355e+00
1.120273158912658662e+00
1.072386569213867213e+00
1.079353384132385241e+00
1.088179076652526778e+00
1.073089474086761586e+00
1.069692375373840321e+00
1.076713363952636726e+00
1.061493988914489650e+00
1.083454554595947306e+00
1.064407635459899915e+00
1.057842980213165252e+00
1.070003143501281784e+00
1.037230274581909084e+00
1.062029719657898053e+00
1.014578311252593901e+00
1.018669894924163710e+00
1.040894950809478692e+00
1.046809227638244577e+00
1.028190937671661365e+00
1.034210547370910671e+00
1.020751170597076429e+00
1.044996139698028514e+00
1.031524456481933694e+00
1.026234687519073541e+00
1.015386895523071376e+00
1.003127537307739292e+00
1.023593932056426903e+00
9.694818535614013744e-01
9.718464222526550511e-01
9.761022445297241612e-01
1.013070144100189252e+00
9.308648732757568434e-01
9.680167492246627425e-01
9.512858697891235504e-01
9.475509996223450138e-01
9.204440690612792908e-01
9.516750041198730470e-01
9.305889588165283666e-01
9.270397835540771236e-01
9.411681164932250709e-01
9.282532886123656679e-01
9.151885274505615619e-01
9.651533804368972458e-01
9.393015488815307235e-01
9.438046590423584403e-01
9.572636364555359156e-01
9.418311407852172357e-01
9.152202352237701621e-01
9.515629646301269062e-01
9.104924906539917373e-01
9.134729259109497512e-01
9.298672055721283192e-01
9.287336449623108114e-01
9.034780661296843984e-01
8.951647520828247551e-01
9.538018908882140989e-01
9.361611317443847557e-01
9.424370671463012661e-01
9.147540152931213919e-01
9.084479106521606839e-01
9.145079656219482489e-01
9.093704759216308942e-01
9.326288973236084301e-01
9.014728315734863440e-01
9.200111870002746217e-01
8.985971930027008003e-01
9.048988755989074706e-01
8.980162222480774226e-01
9.378359683227539545e-01
9.549391003608703743e-01
9.036108025360107820e-01
9.098152351188659726e-01
9.329271045684814911e-01
9.257053193092346088e-01
8.927936490631103172e-01
9.382188611221313757e-01
9.129627313232422381e-01
9.141125778770446964e-01
9.524405678558349742e-01
8.996983222675323244e-01
9.459135739898681949e-01
