1.253533768653869629e+01
1.190491223335266113e+01
1.192318630218505859e+01
1.196503686904907227e+01
1.195176386833190918e+01
1.195886778831481934e+01
1.202051448822021484e+01
1.201031351089477539e+01
1.197926092147827148e+01
1.201482963562011719e+01
1.200989031791687012e+01
1.208586668968200684e+01
1.197761392593383789e+01
1.203312659263610840e+01
1.199810361862182617e+01
1.202161383628845215e+01
1.197813582420349121e+01
1.202548360824584961e+01
1.199990105628967285e+01
1.200609374046325684e+01
1.195987749099731445e+01
1.203735876083374023e+01
1.198300552368164062e+01
1.197501993179321289e+01
1.202233505249023438e+01
1.204759049415588379e+01
1.208762073516845703e+01
1.206910610198974609e+01
1.201180887222290039e+01
1.196956419944763184e+01
1.200063276290893555e+01
1.196829557418823242e+01
1.199258112907409668e+01
1.200638198852539062e+01
1.201109099388122559e+01
1.199426460266113281e+01
1.197728347778320312e+01
1.198996329307556152e+01
1.202699279785156250e+01
1.197911500930786133e+01
1.202566623687744141e+01
1.196492624282836914e+01
1.196916222572326660e+01
1.201460266113281250e+01
1.200045132637023926e+01
1.200047159194946289e+01
1.198714160919189453e+01
1.199376678466796875e+01
1.202577567100524902e+01
1.200045013427734375e+01
1.206302142143249512e+01
1.199705600738525391e+01
1.196852517127990723e+01
1.203008294105529785e+01
1.199922513961791992e+01
1.202524161338806152e+01
1.201587486267089844e+01
1.201621103286743164e+01
1.196919465065002441e+01
1.196975374221801758e+01
1.195670294761657715e+01
1.199457979202270508e+01
1.198983144760131836e+01
1.199941515922546387e+01
1.199840140342712402e+01
1.197781920433044434e+01
1.199163603782653809e+01
1.206802725791931152e+01
1.199267315864562988e+01
1.196758842468261719e+01
1.196817660331726074e+01
1.196616005897521973e+01
1.197707581520080566e+01
1.203299212455749512e+01
1.198138713836669922e+01
1.194425177574157715e+01
1.197298741340637207e+01
1.199646210670471191e+01
1.205730366706848145e+01
1.199254465103149414e+01
1.201205563545227051e+01
1.200625109672546387e+01
1.197396373748779297e+01
1.198454785346984863e+01
1.197263789176940918e+01
1.203132987022399902e+01
1.200769305229187012e+01
1.201964449882507324e+01
1.199496769905090332e+01
1.196543121337890625e+01
1.199810647964477539e+01
1.196737027168273926e+01
1.199301028251647949e+01
1.196700048446655273e+01
1.199119472503662109e+01
1.196732831001281738e+01
1.203953218460083008e+01
1.200449824333190918e+01
1.204831600189208984e+01
1.202081274986267090e+01
1.196842145919799805e+01
1.200758051872253418e+01
1.203170609474182129e+01
1.200353789329528809e+01
1.197415065765380859e+01
1.196592473983764648e+01
1.198726534843444824e+01
1.198257923126220703e+01
1.199513578414916992e+01
1.203174424171447754e+01
1.198374581336975098e+01
1.199226570129394531e+01
1.200943470001220703e+01
1.206666541099548340e+01
1.203575181961059570e+01
1.198852396011352539e+01
1.201119112968444824e+01
1.202370023727416992e+01
1.202890872955322266e+01
1.203859043121337891e+01
1.201074886322021484e+01
1.199405932426452637e+01
1.204066705703735352e+01
1.198508524894714355e+01
1.198407626152038574e+01
1.200763487815856934e+01
1.198155140876770020e+01
1.203171110153198242e+01
1.200854921340942383e+01
1.197607088088989258e+01
1.200970888137817383e+01
1.198959231376647949e+01
1.203191089630126953e+01
1.203999543190002441e+01
1.197509074211120605e+01
1.204782819747924805e+01
1.200909280776977539e+01
1.197841835021972656e+01
1.197545146942138672e+01
1.199595212936401367e+01
1.198904681205749512e+01
1.198276782035827637e+01
1.200177526473999023e+01
1.201854801177978516e+01
1.198578381538391113e+01
1.200373196601867676e+01
1.199205970764160156e+01
1.201514029502868652e+01
1.199150037765502930e+01
1.196682429313659668e+01
1.198046040534973145e+01
1.201807618141174316e+01
1.201466751098632812e+01
1.204351305961608887e+01
1.198824429512023926e+01
1.203028488159179688e+01
1.199167847633361816e+01
1.204610967636108398e+01
1.197663879394531250e+01
1.200787210464477539e+01
1.204360580444335938e+01
1.197142171859741211e+01
1.198392200469970703e+01
1.202317094802856445e+01
1.205974555015563965e+01
1.197106790542602539e+01
1.196207618713378906e+01
1.205340957641601562e+01
1.201277422904968262e+01
1.197401809692382812e+01
1.201379156112670898e+01
1.201442933082580566e+01
1.197886610031127930e+01
1.205137920379638672e+01
1.200073528289794922e+01
1.199046325683593750e+01
1.199115347862243652e+01
1.202370905876159668e+01
1.199692893028259277e+01
1.201860427856445312e+01
1.195156049728393555e+01
1.203415274620056152e+01
1.197855854034423828e+01
1.198808026313781738e+01
1.200512981414794922e+01
1.203008651733398438e+01
1.201877069473266602e+01
1.195365548133850098e+01
1.205264282226562500e+01
1.204061365127563477e+01
1.197251439094543457e+01
1.198148083686828613e+01
1.196546196937561035e+01
1.198253417015075684e+01
1.201307010650634766e+01
1.207506465911865234e+01
1.200990152359008789e+01
1.207633996009826660e+01
1.202694988250732422e+01
1.201819252967834473e+01
