1.253130555152893066e+01
1.192045521736145020e+01
1.196881985664367676e+01
1.197321438789367676e+01
1.195805692672729492e+01
1.195085477828979492e+01
1.209257149696350098e+01
1.200480318069458008e+01
1.200809144973754883e+01
1.197929143905639648e+01
1.198718023300170898e+01
1.207789802551269531e+01
1.195688843727111816e+01
1.205026316642761230e+01
1.201738047599792480e+01
1.197592401504516602e+01
1.201676940917968750e+01
1.198068261146545410e+01
1.203606152534484863e+01
1.202681350708007812e+01
1.200366306304931641e+01
1.200808787345886230e+01
1.195917248725891113e+01
1.199218392372131348e+01
1.199612855911254883e+01
1.202504634857177734e+01
1.200125336647033691e+01
1.198275756835937500e+01
1.198090529441833496e+01
1.204596018791198730e+01
1.205614471435546875e+01
1.201149487495422363e+01
1.197992539405822754e+01
1.198152041435241699e+01
1.205267190933227539e+01
1.197767710685729980e+01
1.202259969711303711e+01
1.215983676910400391e+01
1.198020863533020020e+01
1.202520942687988281e+01
1.205304026603698730e+01
1.201651740074157715e+01
1.199770379066467285e+01
1.196594905853271484e+01
1.207024884223937988e+01
1.198475384712219238e+01
1.197443938255310059e+01
1.199620294570922852e+01
1.199835467338562012e+01
1.204090785980224609e+01
1.198722410202026367e+01
1.195275664329528809e+01
1.210517477989196777e+01
1.196820044517517090e+01
1.201087355613708496e+01
1.197956442832946777e+01
1.197051692008972168e+01
1.201001453399658203e+01
1.202750706672668457e+01
1.197491669654846191e+01
1.197702169418334961e+01
1.198720455169677734e+01
1.200641179084777832e+01
1.204750776290893555e+01
1.205274415016174316e+01
1.200846266746520996e+01
1.196200585365295410e+01
1.199551868438720703e+01
1.200760722160339355e+01
1.200791835784912109e+01
1.202013731002807617e+01
1.201755762100219727e+01
1.203019809722900391e+01
1.200077533721923828e+01
1.197489404678344727e+01
1.202720689773559570e+01
1.204395365715026855e+01
1.200322079658508301e+01
1.206954550743103027e+01
1.201419425010681152e+01
1.201077651977539062e+01
1.204152107238769531e+01
1.200445055961608887e+01
1.204654788970947266e+01
1.206752085685729980e+01
1.203089189529418945e+01
1.206198382377624512e+01
1.200070571899414062e+01
1.196473288536071777e+01
1.200027060508728027e+01
1.211626076698303223e+01
1.203393101692199707e+01
1.200165796279907227e+01
1.204203891754150391e+01
1.204697751998901367e+01
1.202597904205322266e+01
1.205630612373352051e+01
1.197569966316223145e+01
1.197235655784606934e+01
1.199747109413146973e+01
1.198991823196411133e+01
1.202380514144897461e+01
1.201838231086730957e+01
1.202921247482299805e+01
1.205278635025024414e+01
1.195548820495605469e+01
1.196504139900207520e+01
1.200801038742065430e+01
1.203015065193176270e+01
1.199403691291809082e+01
1.197195076942443848e+01
1.200624704360961914e+01
1.198529553413391113e+01
1.196661949157714844e+01
1.198272252082824707e+01
1.204247331619262695e+01
1.200471019744873047e+01
1.202551436424255371e+01
1.200088286399841309e+01
1.198257565498352051e+01
1.207115769386291504e+01
1.195453739166259766e+01
1.204981231689453125e+01
1.203778624534606934e+01
1.203501367568969727e+01
1.198607730865478516e+01
1.201898622512817383e+01
1.198238968849182129e+01
1.201304006576538086e+01
1.195836043357849121e+01
1.198560428619384766e+01
1.202895855903625488e+01
1.203019642829895020e+01
1.198783254623413086e+01
1.199625802040100098e+01
1.201748728752136230e+01
1.197374963760375977e+01
1.206676769256591797e+01
1.201330614089965820e+01
1.200685548782348633e+01
1.199726605415344238e+01
1.202959179878234863e+01
1.203468775749206543e+01
1.205426192283630371e+01
1.200711536407470703e+01
1.209020495414733887e+01
1.201250696182250977e+01
1.198587846755981445e+01
1.203793406486511230e+01
1.209432363510131836e+01
1.195115685462951660e+01
1.207570075988769531e+01
1.196219491958618164e+01
1.201324653625488281e+01
1.201126766204833984e+01
1.200442600250244141e+01
1.195138716697692871e+01
1.204207754135131836e+01
1.200346636772155762e+01
1.199416494369506836e+01
1.198364329338073730e+01
1.197347688674926758e+01
1.198041939735412598e+01
1.201436972618103027e+01
1.208057522773742676e+01
1.204378557205200195e+01
1.199013876914978027e+01
1.201264595985412598e+01
1.206696391105651855e+01
1.202795982360839844e+01
1.206179881095886230e+01
1.199209117889404297e+01
1.208283138275146484e+01
1.200424265861511230e+01
1.204172301292419434e+01
1.200942063331604004e+01
1.197247028350830078e+01
1.197780013084411621e+01
1.199118995666503906e+01
1.200283741950988770e+01
1.205678057670593262e+01
1.199045753479003906e+01
1.202021455764770508e+01
1.203392767906188965e+01
1.204550814628601074e+01
1.196807026863098145e+01
1.200271248817443848e+01
1.203637218475341797e+01
1.198957228660583496e+01
1.197354817390441895e+01
1.197395157814025879e+01
1.198107886314392090e+01
1.201079440116882324e+01
1.200720500946044922e+01
1.203672099113464355e+01
1.198584556579589844e+01
1.199018812179565430e+01
1.198602390289306641e+01
1.197929310798645020e+01
1.198097491264343262e+01
