1.240999984741210938e+01
1.532999992370605469e+01
1.902000045776367188e+01
2.195999908447265625e+01
2.642999839782714844e+01
2.886999893188476562e+01
3.298999786376953125e+01
3.088999938964843750e+01
3.164999961853027344e+01
3.196999931335449219e+01
3.484999847412109375e+01
3.461999893188476562e+01
3.550999832153320312e+01
3.911000061035156250e+01
3.618000030517578125e+01
3.602000045776367188e+01
4.065999984741210938e+01
4.175000000000000000e+01
4.093999862670898438e+01
3.984999847412109375e+01
3.854000091552734375e+01
3.522999954223632812e+01
4.332999801635742188e+01
4.236000061035156250e+01
4.523999786376953125e+01
4.355999755859375000e+01
4.329999923706054688e+01
4.247999954223632812e+01
4.618999862670898438e+01
4.420999908447265625e+01
4.756999969482421875e+01
4.186999893188476562e+01
4.693000030517578125e+01
4.713999938964843750e+01
4.686000061035156250e+01
4.827000045776367188e+01
4.678999710083007812e+01
5.088999938964843750e+01
5.222999954223632812e+01
4.537999725341796875e+01
5.020999908447265625e+01
5.468000030517578125e+01
5.203999710083007812e+01
5.529999923706054688e+01
4.877999877929687500e+01
5.116999816894531250e+01
5.422999954223632812e+01
5.713999938964843750e+01
5.460999679565429688e+01
5.527000045776367188e+01
5.179999923706054688e+01
5.340999984741210938e+01
4.844999694824218750e+01
5.479999923706054688e+01
5.559000015258789062e+01
5.255999755859375000e+01
5.150999832153320312e+01
5.456999969482421875e+01
5.280999755859375000e+01
5.845999908447265625e+01
5.305999755859375000e+01
4.836000061035156250e+01
5.344999694824218750e+01
5.781999969482421875e+01
5.713999938964843750e+01
5.656999969482421875e+01
5.996999740600585938e+01
5.898999786376953125e+01
5.277000045776367188e+01
5.723999786376953125e+01
5.481999969482421875e+01
5.697999954223632812e+01
4.980999755859375000e+01
5.900999832153320312e+01
5.587999725341796875e+01
5.602999877929687500e+01
5.786999893188476562e+01
5.797999954223632812e+01
6.011999893188476562e+01
5.240999984741210938e+01
4.920999908447265625e+01
6.000999832153320312e+01
5.700000000000000000e+01
5.914999771118164062e+01
6.054999923706054688e+01
5.579999923706054688e+01
5.493000030517578125e+01
6.062999725341796875e+01
6.236999893188476562e+01
6.135999679565429688e+01
5.275999832153320312e+01
5.377999877929687500e+01
5.757999801635742188e+01
5.955999755859375000e+01
5.996999740600585938e+01
5.963999938964843750e+01
5.829999923706054688e+01
5.387999725341796875e+01
5.555999755859375000e+01
5.386999893188476562e+01
6.652999877929687500e+01
6.772000122070312500e+01
6.827999877929687500e+01
6.843999481201171875e+01
6.850999450683593750e+01
6.883999633789062500e+01
6.905999755859375000e+01
6.894999694824218750e+01
6.866999816894531250e+01
6.922999572753906250e+01
6.958999633789062500e+01
6.966999816894531250e+01
7.015999603271484375e+01
6.968000030517578125e+01
7.008999633789062500e+01
7.011000061035156250e+01
7.034999847412109375e+01
7.058999633789062500e+01
7.048999786376953125e+01
7.070999908447265625e+01
7.065000152587890625e+01
7.068999481201171875e+01
7.018999481201171875e+01
7.100999450683593750e+01
7.040000152587890625e+01
7.086999511718750000e+01
7.111999511718750000e+01
7.105999755859375000e+01
7.105999755859375000e+01
7.108000183105468750e+01
7.054000091552734375e+01
7.108000183105468750e+01
7.127999877929687500e+01
7.150000000000000000e+01
7.048999786376953125e+01
7.122000122070312500e+01
7.158999633789062500e+01
7.109999847412109375e+01
7.133000183105468750e+01
7.091999816894531250e+01
7.122999572753906250e+01
7.212999725341796875e+01
7.141999816894531250e+01
7.176999664306640625e+01
7.200999450683593750e+01
7.165000152587890625e+01
7.165999603271484375e+01
7.166999816894531250e+01
7.179000091552734375e+01
7.081999969482421875e+01
7.186999511718750000e+01
7.190000152587890625e+01
7.209999847412109375e+01
7.205999755859375000e+01
7.198999786376953125e+01
7.219999694824218750e+01
7.184999847412109375e+01
7.201999664306640625e+01
7.186999511718750000e+01
7.197000122070312500e+01
7.190999603271484375e+01
7.193999481201171875e+01
7.183000183105468750e+01
7.187999725341796875e+01
7.200000000000000000e+01
7.177999877929687500e+01
7.204999542236328125e+01
7.218000030517578125e+01
7.215999603271484375e+01
7.204000091552734375e+01
7.218000030517578125e+01
7.193999481201171875e+01
7.212999725341796875e+01
7.201999664306640625e+01
7.197999572753906250e+01
7.208000183105468750e+01
7.208999633789062500e+01
7.225000000000000000e+01
7.216999816894531250e+01
7.186999511718750000e+01
7.201999664306640625e+01
7.215999603271484375e+01
7.201999664306640625e+01
7.187999725341796875e+01
7.197000122070312500e+01
7.206999969482421875e+01
7.197000122070312500e+01
7.193000030517578125e+01
7.212999725341796875e+01
7.202999877929687500e+01
7.186999511718750000e+01
7.225000000000000000e+01
7.190999603271484375e+01
7.216999816894531250e+01
7.229000091552734375e+01
7.220999908447265625e+01
7.204000091552734375e+01
7.206999969482421875e+01
7.211000061035156250e+01
7.202999877929687500e+01
