4.474589824676513672e-01
4.377667903900146484e-01
4.372782707214355469e-01
4.374599456787109375e-01
4.367165565490722656e-01
4.369778633117675781e-01
4.362468719482421875e-01
4.344732761383056641e-01
4.288566112518310547e-01
4.415769577026367188e-01
4.278087615966796875e-01
4.419527053833007812e-01
4.326958656311035156e-01
4.371802806854248047e-01
4.362187385559082031e-01
4.285657405853271484e-01
4.426846504211425781e-01
4.287917613983154297e-01
4.397978782653808594e-01
4.337129592895507812e-01
4.394180774688720703e-01
4.354255199432373047e-01
4.294395446777343750e-01
4.472112655639648438e-01
4.274377822875976562e-01
4.399361610412597656e-01
4.350643157958984375e-01
4.339673519134521484e-01
4.365792274475097656e-01
4.270377159118652344e-01
4.432444572448730469e-01
4.314613342285156250e-01
4.380044937133789062e-01
4.360144138336181641e-01
4.349815845489501953e-01
4.380514621734619141e-01
4.308233261108398438e-01
4.444007873535156250e-01
4.299318790435791016e-01
4.388368129730224609e-01
4.386780261993408203e-01
4.347181320190429688e-01
4.370481967926025391e-01
4.297859668731689453e-01
4.427261352539062500e-01
4.312703609466552734e-01
4.379675388336181641e-01
4.355907440185546875e-01
4.332723617553710938e-01
4.401094913482666016e-01
4.309465885162353516e-01
4.439301490783691406e-01
4.297890663146972656e-01
4.383976459503173828e-01
4.346337318420410156e-01
4.320704936981201172e-01
4.395251274108886719e-01
4.302618503570556641e-01
4.433541297912597656e-01
4.346370697021484375e-01
4.392960071563720703e-01
4.390377998352050781e-01
4.306104183197021484e-01
4.407992362976074219e-01
4.300961494445800781e-01
4.436819553375244141e-01
4.332587718963623047e-01
4.408013820648193359e-01
4.348759651184082031e-01
4.287555217742919922e-01
4.410395622253417969e-01
4.313318729400634766e-01
4.432432651519775391e-01
4.303402900695800781e-01
4.323232173919677734e-01
4.374828338623046875e-01
4.292922019958496094e-01
4.427981376647949219e-01
4.300510883331298828e-01
4.373953342437744141e-01
4.353668689727783203e-01
4.395053386688232422e-01
4.390439987182617188e-01
4.302802085876464844e-01
4.432935714721679688e-01
4.300620555877685547e-01
4.350564479827880859e-01
4.336810111999511719e-01
4.374179840087890625e-01
4.399740695953369141e-01
4.275352954864501953e-01
4.434270858764648438e-01
4.300227165222167969e-01
4.350359439849853516e-01
4.328529834747314453e-01
4.338331222534179688e-01
4.367005825042724609e-01
4.288122653961181641e-01
4.421024322509765625e-01
4.285330772399902344e-01
4.393546581268310547e-01
4.367306232452392578e-01
4.351632595062255859e-01
4.395174980163574219e-01
4.306917190551757812e-01
4.443802833557128906e-01
4.303994178771972656e-01
4.399769306182861328e-01
4.348728656768798828e-01
4.352169036865234375e-01
4.410953521728515625e-01
4.301886558532714844e-01
4.401783943176269531e-01
4.314281940460205078e-01
4.383528232574462891e-01
4.338250160217285156e-01
4.349389076232910156e-01
4.384529590606689453e-01
4.301869869232177734e-01
4.441030025482177734e-01
4.326014518737792969e-01
4.376683235168457031e-01
4.344985485076904297e-01
4.359779357910156250e-01
4.398012161254882812e-01
4.288034439086914062e-01
4.420292377471923828e-01
4.330139160156250000e-01
4.410364627838134766e-01
4.347801208496093750e-01
4.335441589355468750e-01
4.424798488616943359e-01
4.316525459289550781e-01
4.386324882507324219e-01
4.351420402526855469e-01
4.370396137237548828e-01
4.364218711853027344e-01
4.319305419921875000e-01
4.430384635925292969e-01
4.276869297027587891e-01
4.393405914306640625e-01
4.350619316101074219e-01
4.355177879333496094e-01
4.370911121368408203e-01
4.294378757476806641e-01
4.429311752319335938e-01
4.325878620147705078e-01
4.409067630767822266e-01
4.330749511718750000e-01
4.360687732696533203e-01
4.375286102294921875e-01
4.295792579650878906e-01
4.446458816528320312e-01
4.303689002990722656e-01
4.372160434722900391e-01
4.344167709350585938e-01
4.369931221008300781e-01
4.352366924285888672e-01
4.295351505279541016e-01
4.426991939544677734e-01
4.311733245849609375e-01
4.378962516784667969e-01
4.360697269439697266e-01
4.339303970336914062e-01
4.371540546417236328e-01
4.307191371917724609e-01
4.419739246368408203e-01
4.302365779876708984e-01
4.405782222747802734e-01
4.363601207733154297e-01
4.337103366851806641e-01
4.377458095550537109e-01
4.277455806732177734e-01
4.402282238006591797e-01
4.289898872375488281e-01
4.392080307006835938e-01
4.344897270202636719e-01
4.330997467041015625e-01
4.424657821655273438e-01
4.306316375732421875e-01
4.425072669982910156e-01
4.302043914794921875e-01
4.394638538360595703e-01
4.361205101013183594e-01
4.334604740142822266e-01
4.399647712707519531e-01
4.304392337799072266e-01
4.402673244476318359e-01
4.317607879638671875e-01
4.381284713745117188e-01
4.353342056274414062e-01
4.311149120330810547e-01
4.403121471405029297e-01
4.309146404266357422e-01
4.381294250488281250e-01
4.317789077758789062e-01
4.369807243347167969e-01
4.355778694152832031e-01
4.321796894073486328e-01
4.439477920532226562e-01
