2.374053253707885780e+00
2.282892194213867132e+00
2.237180686416626152e+00
2.147275415573119961e+00
2.096301395568847870e+00
2.044239210739135615e+00
2.002822773513794008e+00
1.995168883209228472e+00
1.955839884567260656e+00
1.939580409011840922e+00
1.900208841323852482e+00
1.898282238311767678e+00
1.875040599365234373e+00
1.880737706413269095e+00
1.855649804458618268e+00
1.838963041381835861e+00
1.876539162216186440e+00
1.847818467025756917e+00
1.845334677658081013e+00
1.833520626258850150e+00
1.848354930725097711e+00
1.803248353271484472e+00
1.819545553741455102e+00
1.842958909912109311e+00
1.818274253044128486e+00
1.779953487663268996e+00
1.803211409530639742e+00
1.818286504745483478e+00
1.778149753227233898e+00
1.819747325820922912e+00
1.813411578903198151e+00
1.786250925292968805e+00
1.807574770164489752e+00
1.783463427467346207e+00
1.812143272476196332e+00
1.812534933013915994e+00
1.815015265884399431e+00
1.794059692153930685e+00
1.790950174102783121e+00
1.777212247314453153e+00
1.797195760841369561e+00
1.800231288146972641e+00
1.803408614234924379e+00
1.785550126419067407e+00
1.798408677635192854e+00
1.810907103729248124e+00
1.809367730560302645e+00
1.744174639358520462e+00
1.785942596359253010e+00
1.832505812835693249e+00
1.820342497825622630e+00
1.783815938758850139e+00
1.803761054344177328e+00
1.806458430175781338e+00
1.776083677368164082e+00
1.805510283889770529e+00
1.780629153747558702e+00
1.772774034042358338e+00
1.751429767150878947e+00
1.783922939109802153e+00
1.802391498336791908e+00
1.750039688949585059e+00
1.790738156204223719e+00
1.764798426666259745e+00
1.781039001350402939e+00
1.788454098052978614e+00
1.811639628982544048e+00
1.733359686012267975e+00
1.818421954002380270e+00
1.716445029563903768e+00
1.788313377380370994e+00
1.787387016372680604e+00
1.772057211494445728e+00
1.740383542594909683e+00
1.792862072219848724e+00
1.764688268852233843e+00
1.749286939964294518e+00
1.771253345794677747e+00
1.767350421600341726e+00
1.785679815750122135e+00
1.771217126464843750e+00
1.732458977279663026e+00
1.735919736747741693e+00
1.740907318992614750e+00
1.738036378860473574e+00
1.809631185569763101e+00
1.751196273727416930e+00
1.730841699562072789e+00
1.728598254089355413e+00
1.795530204811096153e+00
1.744285404129028327e+00
1.720932810325622508e+00
1.799746859817504818e+00
1.781419650001525801e+00
1.723051063766479540e+00
1.763399516220092833e+00
1.701318990707397560e+00
1.703024188194274924e+00
1.688356683158874549e+00
1.724606283149719310e+00
1.311058734397888115e+00
1.294708472023010204e+00
1.305878395309448159e+00
1.263728055381774906e+00
1.273378554840087995e+00
1.250261637134552073e+00
1.258300686187744155e+00
1.279894569759368883e+00
1.271178013572692889e+00
1.235909222755432024e+00
1.245952959671020599e+00
1.241947876815795881e+00
1.247868110084533688e+00
1.250581471824645963e+00
1.230622799491882358e+00
1.247041970634460428e+00
1.231403289451599159e+00
1.238607103042602464e+00
1.208491870613098040e+00
1.244769455375671408e+00
1.217197205886840772e+00
1.200504740371704182e+00
1.220541600570678620e+00
1.194873516159057569e+00
1.191136518898010310e+00
1.185899440612792954e+00
1.171089410572051959e+00
1.209466238784790093e+00
1.182752879104614241e+00
1.188521534347534159e+00
1.183590098190307582e+00
1.207927883148193438e+00
1.192280519943237360e+00
1.142292276458740208e+00
1.179047164115905710e+00
1.181939028825759852e+00
1.160985611038207965e+00
1.171090954914093096e+00
1.199172246799468988e+00
1.194722249565124406e+00
1.139887040901184090e+00
1.176530522975921533e+00
1.155624957695007282e+00
1.123242489395141597e+00
1.152087168321609401e+00
1.149721073112487835e+00
1.165701234474182169e+00
1.149935373573303332e+00
1.146310859584808384e+00
1.162096924591064395e+00
1.085096509552001987e+00
1.092683959083557088e+00
1.089541778755187984e+00
1.070978638610839750e+00
1.041166663513183543e+00
1.087847834892272880e+00
1.053994936141967820e+00
1.081377885704040587e+00
1.037940934677124005e+00
1.088675801219940231e+00
1.071472002487182662e+00
1.025737567367553726e+00
1.083662426853180039e+00
1.042963566665649378e+00
1.063074924354553197e+00
1.075560550918579050e+00
1.087048210487365774e+00
1.085608054885864204e+00
1.048287640266418519e+00
1.068471221313476605e+00
1.075519843235015927e+00
1.046520937137603857e+00
1.062883872909546001e+00
1.058446872100829994e+00
1.072082700843810965e+00
1.078180383911132800e+00
1.049271575012207025e+00
1.053760156564712558e+00
1.030524748249054046e+00
1.053526943054199139e+00
1.078665525970458949e+00
1.060755684089660589e+00
1.062740065021514857e+00
1.054077681312560966e+00
1.058191839599609274e+00
1.100228342895507749e+00
1.062942083301544161e+00
1.055175335578918405e+00
1.082398058910369887e+00
1.063859090042114319e+00
1.068227914924621658e+00
1.075753852233886754e+00
1.062802532730102500e+00
1.044358435211181657e+00
1.047910099601745637e+00
1.039572406692504947e+00
1.073925677986145022e+00
1.041532653274536147e+00
1.063953606758117676e+00
1.078790492324829042e+00
