1.020800000244140548e+01
1.310399999938964832e+01
1.660799999572753904e+01
1.952000000183105399e+01
2.395199999908447097e+01
2.619200000183105459e+01
2.815999999145507715e+01
2.919999999572753779e+01
3.143999999511718713e+01
3.284799999816894456e+01
3.519999999145507985e+01
3.572799998779296970e+01
3.769599999755859443e+01
3.836800000732421978e+01
3.843199998779297033e+01
3.937599999755859415e+01
3.916800000366210810e+01
4.107199999755859210e+01
4.076799999145507769e+01
4.131199999389648525e+01
4.150399999755859426e+01
4.299200000976562563e+01
4.326400000610351526e+01
4.259200000976562706e+01
4.255999999023437397e+01
4.396799999389648406e+01
4.483200000366210958e+01
4.454400000366211287e+01
4.452800000366210753e+01
4.454400000610351640e+01
4.484800000366210782e+01
4.675200000366211128e+01
4.488000000366211140e+01
4.678400000610351839e+01
4.585600000000000165e+01
4.555199999389648724e+01
4.585599999389648218e+01
4.587200000366210872e+01
4.670400000732421830e+01
4.670399999389648116e+01
4.616000000976562490e+01
4.604800000366211066e+01
4.691200000976562734e+01
4.792000000976562291e+01
4.659199998657226871e+01
4.705600000366210622e+01
4.755200000610351907e+01
4.892799998657226723e+01
4.748800000610351901e+01
4.747200000366211015e+01
4.755199999633789076e+01
4.868800000000000239e+01
4.798400000610351412e+01
4.828799999755859318e+01
4.913599999145507979e+01
4.832000000732421796e+01
4.697599999389648673e+01
4.932800000000000296e+01
5.049600000976562342e+01
4.796799998657226638e+01
4.820800000366210725e+01
5.047999999999999687e+01
4.915199999389648156e+01
5.011200000244140540e+01
4.918399998779296567e+01
4.983999999023437510e+01
4.816000000976562490e+01
5.094400000610351498e+01
4.756799999633788900e+01
5.135999999999999943e+01
5.006400000000000006e+01
4.924800000610351702e+01
4.975999999633788917e+01
5.209600000610351600e+01
4.990399999145508048e+01
5.022399998657226661e+01
5.223999998657226485e+01
5.099200000366210617e+01
5.081600000244140602e+01
4.883200000122070605e+01
5.091200000366210787e+01
5.289599998779296897e+01
5.193600000366210878e+01
5.177599999633788741e+01
5.249599998779297039e+01
4.961600000366210850e+01
5.182399999999999807e+01
5.332800000000000296e+01
5.260799999267577931e+01
5.081599999267577772e+01
5.326400000366211174e+01
5.366399999023437317e+01
5.188799999023437692e+01
5.212800000000000011e+01
5.417599999755859130e+01
5.278399999023437772e+01
5.356800000244140847e+01
5.553600000000000136e+01
5.483199998291015476e+01
5.529599999267578170e+01
6.732799999267578528e+01
6.844800000244140392e+01
6.963199999511718374e+01
7.031999999267577550e+01
7.041599999511718977e+01
7.055999998535156692e+01
7.180800000976562103e+01
7.057600001708983939e+01
7.190399998291015038e+01
7.187200001464843524e+01
7.238400000732421802e+01
7.275200000488281660e+01
7.281599997314452821e+01
7.249599999511718806e+01
7.307200000732422041e+01
7.249599998535155976e+01
7.390400001464843172e+01
7.395199998535156283e+01
7.406399997314453287e+01
7.375999999511718386e+01
7.443199999511718090e+01
7.430400000488280909e+01
7.451200000488280750e+01
7.467200001464843240e+01
7.524799999267578698e+01
7.503999998291016027e+01
7.560000000732421199e+01
7.494400000244141324e+01
7.548799997314452526e+01
7.545599998535156772e+01
7.537600001464844013e+01
7.495999999267577607e+01
7.513600000488281694e+01
7.606399998291016118e+01
7.547199999511718715e+01
7.596799999755859290e+01
7.556799999511719079e+01
7.580800001708983871e+01
7.627199997558594191e+01
7.540799999511719420e+01
7.671999999511719182e+01
7.630399998535156669e+01
7.663999998779297584e+01
7.655999998535156692e+01
7.715199997802734799e+01
7.684799998535156362e+01
7.648000000488281103e+01
7.675200000488281660e+01
7.694400000732422029e+01
7.691199999511718488e+01
7.782399999755858744e+01
7.793600001464844240e+01
7.859199998291015277e+01
7.894399998535156726e+01
7.921599997558594453e+01
7.847999997558594032e+01
7.895999997558594430e+01
7.884799999511719193e+01
7.920000001708984882e+01
7.863999997558593691e+01
7.876799999511719363e+01
7.928000000488280818e+01
7.844800000732422518e+01
7.921600001708983996e+01
7.894399999267578494e+01
7.873599998535156885e+01
7.833600000732421620e+01
7.827199997558594191e+01
7.857600000488281466e+01
7.902399997558593725e+01
7.884799999755858835e+01
7.907199997558593907e+01
7.918399998535156215e+01
7.923200001464843467e+01
7.886400000488281137e+01
7.883199997558594418e+01
7.908799997314453378e+01
7.865599998779296698e+01
7.951999997558593236e+01
7.902400001464843626e+01
7.884800000732421665e+01
7.895999997558594430e+01
7.891199999755859551e+01
7.887999999511718840e+01
7.963199999511718374e+01
7.843199998291015618e+01
7.886399999755859369e+01
7.931199998535156226e+01
7.888000001708984144e+01
7.857599997558594396e+01
7.907200001708984871e+01
7.870399997558594407e+01
7.955200000488281376e+01
7.921599999511718693e+01
7.988799998535155567e+01
7.939199998535156055e+01
7.881599997558593884e+01
7.932799998535156760e+01
7.940799999511719420e+01
7.894399999511718136e+01
