4.474081993103027344e-01
4.377050399780273438e-01
4.372544288635253906e-01
4.374268054962158203e-01
4.366703033447265625e-01
4.369642734527587891e-01
4.361741542816162109e-01
4.343874454498291016e-01
4.288582801818847656e-01
4.415016174316406250e-01
4.277689456939697266e-01
4.414241313934326172e-01
4.326217174530029297e-01
4.371192455291748047e-01
4.361560344696044922e-01
4.285092353820800781e-01
4.426610469818115234e-01
4.286847114562988281e-01
4.397313594818115234e-01
4.337110519409179688e-01
4.393723011016845703e-01
4.353842735290527344e-01
4.293835163116455078e-01
4.471673965454101562e-01
4.273898601531982422e-01
4.399003982543945312e-01
4.350206851959228516e-01
4.339120388031005859e-01
4.376950263977050781e-01
4.269959926605224609e-01
4.431550502777099609e-01
4.314308166503906250e-01
4.379675388336181641e-01
4.359571933746337891e-01
4.349036216735839844e-01
4.379982948303222656e-01
4.307906627655029297e-01
4.443638324737548828e-01
4.298481941223144531e-01
4.387385845184326172e-01
4.386289119720458984e-01
4.346816539764404297e-01
4.370131492614746094e-01
4.297275543212890625e-01
4.426653385162353516e-01
4.311976432800292969e-01
4.379084110260009766e-01
4.355347156524658203e-01
4.332270622253417969e-01
4.400362968444824219e-01
4.308953285217285156e-01
4.438803195953369141e-01
4.296896457672119141e-01
4.383318424224853516e-01
4.345715045928955078e-01
4.320120811462402344e-01
4.394669532775878906e-01
4.302046298980712891e-01
4.432823657989501953e-01
4.345567226409912109e-01
4.392530918121337891e-01
4.389989376068115234e-01
4.305427074432373047e-01
4.407827854156494141e-01
4.300320148468017578e-01
4.436454772949218750e-01
4.331772327423095703e-01
4.406938552856445312e-01
4.347965717315673828e-01
4.286890029907226562e-01
4.409792423248291016e-01
4.312491416931152344e-01
4.431893825531005859e-01
4.302461147308349609e-01
4.322655200958251953e-01
4.374284744262695312e-01
4.291853904724121094e-01
4.427261352539062500e-01
4.300026893615722656e-01
4.373295307159423828e-01
4.353146553039550781e-01
4.394218921661376953e-01
4.389812946319580078e-01
4.301846027374267578e-01
4.432408809661865234e-01
4.300360679626464844e-01
4.350290298461914062e-01
4.336273670196533203e-01
4.373447895050048828e-01
4.399192333221435547e-01
4.274616241455078125e-01
4.433772563934326172e-01
4.299259185791015625e-01
4.350032806396484375e-01
4.328386783599853516e-01
4.338192939758300781e-01
4.366493225097656250e-01
4.287266731262207031e-01
4.420430660247802734e-01
4.284634590148925781e-01
4.392642974853515625e-01
4.366781711578369141e-01
4.351029396057128906e-01
4.394891262054443359e-01
4.306597709655761719e-01
4.443359375000000000e-01
4.303574562072753906e-01
4.399652481079101562e-01
4.348096847534179688e-01
4.351506233215332031e-01
4.410250186920166016e-01
4.308061599731445312e-01
4.400968551635742188e-01
4.313333034515380859e-01
4.382815361022949219e-01
4.337944984436035156e-01
4.349179267883300781e-01
4.383833408355712891e-01
4.301378726959228516e-01
4.440078735351562500e-01
4.325113296508789062e-01
4.375648498535156250e-01
4.344413280487060547e-01
4.359016418457031250e-01
4.397125244140625000e-01
4.287610054016113281e-01
4.419245719909667969e-01
4.329686164855957031e-01
4.409968852996826172e-01
4.346852302551269531e-01
4.334309101104736328e-01
4.424307346343994141e-01
4.316186904907226562e-01
4.385697841644287109e-01
4.350826740264892578e-01
4.369721412658691406e-01
4.364073276519775391e-01
4.319205284118652344e-01
4.429891109466552734e-01
4.275929927825927734e-01
4.383814334869384766e-01
4.350101947784423828e-01
4.354522228240966797e-01
4.370362758636474609e-01
4.294011592864990234e-01
4.428520202636718750e-01
4.325482845306396484e-01
4.408638477325439453e-01
4.330132007598876953e-01
4.360220432281494141e-01
4.374637603759765625e-01
4.295289516448974609e-01
4.445745944976806641e-01
4.302744865417480469e-01
4.371759891510009766e-01
4.343411922454833984e-01
4.369120597839355469e-01
4.351649284362792969e-01
4.294917583465576172e-01
4.426407814025878906e-01
4.310896396636962891e-01
4.378149509429931641e-01
4.360847473144531250e-01
4.338984489440917969e-01
4.371259212493896484e-01
4.306519031524658203e-01
4.419376850128173828e-01
4.301483631134033203e-01
4.405620098114013672e-01
4.363079071044921875e-01
4.336063861846923828e-01
4.377241134643554688e-01
4.276928901672363281e-01
4.401648044586181641e-01
4.289529323577880859e-01
4.391474723815917969e-01
4.344272613525390625e-01
4.330532550811767578e-01
4.424107074737548828e-01
4.305539131164550781e-01
4.424295425415039062e-01
4.301407337188720703e-01
4.394376277923583984e-01
4.360377788543701172e-01
4.334206581115722656e-01
4.399034976959228516e-01
4.303534030914306641e-01
4.402289390563964844e-01
4.316976070404052734e-01
4.380366802215576172e-01
4.352796077728271484e-01
4.310705661773681641e-01
4.402804374694824219e-01
4.308533668518066406e-01
4.381017684936523438e-01
4.317092895507812500e-01
4.368755817413330078e-01
4.355165958404541016e-01
4.321138858795166016e-01
4.438674449920654297e-01
