2.307239556312561035e+01
2.248919057846069336e+01
2.301801943778991699e+01
2.254102873802185059e+01
2.285336232185363770e+01
2.342914199829101562e+01
2.269055461883544922e+01
2.290956020355224609e+01
2.269705200195312500e+01
2.277338123321533203e+01
2.271500682830810547e+01
2.310125756263732910e+01
2.317316937446594238e+01
2.363170766830444336e+01
2.296411347389221191e+01
2.298695302009582520e+01
2.300782990455627441e+01
2.342835545539855957e+01
2.307551884651184082e+01
2.305053901672363281e+01
2.328516769409179688e+01
2.288360834121704102e+01
2.305769705772399902e+01
2.325423693656921387e+01
2.316144919395446777e+01
2.302134633064270020e+01
2.303773856163024902e+01
2.311741566658020020e+01
2.322165608406066895e+01
2.329503989219665527e+01
2.308964204788208008e+01
2.322821331024169922e+01
2.351706194877624512e+01
2.320706200599670410e+01
2.326493716239929199e+01
2.321503329277038574e+01
2.308640766143798828e+01
2.332258534431457520e+01
2.305519795417785645e+01
2.320692992210388184e+01
2.288542819023132324e+01
2.317168474197387695e+01
2.307798886299133301e+01
2.299724411964416504e+01
2.333660840988159180e+01
2.346442675590515137e+01
2.295463681221008301e+01
2.308937597274780273e+01
2.321000719070434570e+01
2.280131936073303223e+01
2.304681444168090820e+01
2.287067222595214844e+01
2.307844758033752441e+01
2.312836551666259766e+01
2.318109297752380371e+01
2.299006962776184082e+01
2.281469345092773438e+01
2.283055567741394043e+01
2.309469890594482422e+01
2.279333019256591797e+01
2.286266827583312988e+01
2.303256297111511230e+01
2.306639766693115234e+01
2.306420207023620605e+01
2.294509315490722656e+01
2.295849061012268066e+01
2.336042308807373047e+01
2.280499148368835449e+01
2.287934255599975586e+01
2.295690774917602539e+01
2.307735824584960938e+01
2.295220804214477539e+01
2.299043226242065430e+01
2.282747268676757812e+01
2.279224395751953125e+01
2.286970162391662598e+01
2.287942218780517578e+01
2.344925904273986816e+01
2.313007044792175293e+01
2.348466181755065918e+01
2.310453557968139648e+01
2.279702544212341309e+01
2.347861504554748535e+01
2.336289048194885254e+01
2.285356640815734863e+01
2.335090994834899902e+01
2.331096386909484863e+01
2.280848002433776855e+01
2.281761765480041504e+01
2.309017181396484375e+01
2.277354693412780762e+01
2.293722176551818848e+01
2.343232870101928711e+01
2.321324968338012695e+01
2.277995538711547852e+01
2.289045357704162598e+01
2.292430043220520020e+01
2.290157389640808105e+01
2.300118350982666016e+01
2.331743550300598145e+01
2.293972063064575195e+01
2.317596411705017090e+01
2.283849883079528809e+01
2.289588904380798340e+01
2.288043498992919922e+01
2.375556159019470215e+01
2.289820551872253418e+01
2.307635259628295898e+01
2.340989875793457031e+01
2.287639784812927246e+01
2.348231196403503418e+01
2.298371934890747070e+01
2.282956409454345703e+01
2.298685932159423828e+01
2.316616845130920410e+01
2.298020434379577637e+01
2.320714902877807617e+01
2.309313249588012695e+01
2.317247414588928223e+01
2.315481352806091309e+01
2.346053218841552734e+01
2.314661908149719238e+01
2.281850433349609375e+01
2.293115639686584473e+01
2.306486487388610840e+01
2.299661159515380859e+01
2.340568923950195312e+01
2.330883407592773438e+01
2.298163843154907227e+01
2.301634430885314941e+01
2.329737329483032227e+01
2.280080509185791016e+01
2.286585855484008789e+01
2.283842039108276367e+01
2.351202535629272461e+01
2.319930815696716309e+01
2.308251547813415527e+01
2.347122335433959961e+01
2.353785085678100586e+01
2.278589153289794922e+01
2.302825880050659180e+01
2.314492297172546387e+01
2.280853271484375000e+01
2.315854763984680176e+01
2.335076212882995605e+01
2.338365459442138672e+01
2.335607218742370605e+01
2.301844811439514160e+01
2.338357472419738770e+01
2.279037094116210938e+01
2.285349798202514648e+01
2.312481546401977539e+01
2.288696360588073730e+01
2.311643362045288086e+01
2.307318115234375000e+01
2.359459114074707031e+01
2.290954637527465820e+01
2.278689932823181152e+01
2.308010172843933105e+01
2.301731443405151367e+01
2.312804222106933594e+01
2.281719064712524414e+01
2.322664761543273926e+01
2.360318064689636230e+01
2.299782681465148926e+01
2.287033176422119141e+01
2.288851356506347656e+01
2.279615950584411621e+01
2.302719402313232422e+01
2.337707638740539551e+01
2.314531326293945312e+01
2.322385048866271973e+01
2.293810749053955078e+01
2.299835371971130371e+01
2.322117495536804199e+01
2.294562625885009766e+01
2.296395397186279297e+01
2.295564460754394531e+01
2.326418304443359375e+01
2.282016229629516602e+01
2.283592581748962402e+01
2.305081605911254883e+01
2.283198785781860352e+01
2.284915018081665039e+01
2.317220115661621094e+01
2.323066020011901855e+01
2.297843074798583984e+01
2.283899188041687012e+01
2.291503047943115234e+01
2.331802010536193848e+01
2.356199955940246582e+01
2.301057648658752441e+01
2.331129860877990723e+01
2.329097151756286621e+01
2.305696105957031250e+01
2.312003064155578613e+01
2.285084486007690430e+01
2.317562985420227051e+01
2.277830767631530762e+01
2.301092076301574707e+01
