1.296956610679626465e+01
1.235651373863220215e+01
1.236842441558837891e+01
1.237899541854858398e+01
1.243423557281494141e+01
1.243090963363647461e+01
1.239634108543395996e+01
1.241539216041564941e+01
1.240696740150451660e+01
1.242569875717163086e+01
1.239069461822509766e+01
1.240879440307617188e+01
1.244171142578125000e+01
1.245236539840698242e+01
1.239819216728210449e+01
1.248221731185913086e+01
1.239876627922058105e+01
1.247046542167663574e+01
1.242460608482360840e+01
1.239056992530822754e+01
1.243201541900634766e+01
1.242415237426757812e+01
1.243860125541687012e+01
1.251318383216857910e+01
1.248049902915954590e+01
1.243552994728088379e+01
1.240112662315368652e+01
1.244773030281066895e+01
1.243587851524353027e+01
1.247270059585571289e+01
1.240452480316162109e+01
1.241249012947082520e+01
1.243656229972839355e+01
1.241811513900756836e+01
1.242692637443542480e+01
1.242205762863159180e+01
1.255374217033386230e+01
1.244114065170288086e+01
1.240726041793823242e+01
1.248384928703308105e+01
1.241091775894165039e+01
1.244432663917541504e+01
1.248884344100952148e+01
1.243826532363891602e+01
1.245535254478454590e+01
1.244895482063293457e+01
1.245971465110778809e+01
1.244298195838928223e+01
1.246041274070739746e+01
1.240129303932189941e+01
1.245680475234985352e+01
1.241523265838623047e+01
1.239109921455383301e+01
1.250964093208312988e+01
1.244769430160522461e+01
1.249641680717468262e+01
1.243461132049560547e+01
1.241803312301635742e+01
1.247125315666198730e+01
1.241793537139892578e+01
1.243645596504211426e+01
1.241361236572265625e+01
1.236621403694152832e+01
1.243342399597167969e+01
1.243286204338073730e+01
1.245028257369995117e+01
1.253587937355041504e+01
1.242709040641784668e+01
1.242274522781372070e+01
1.240978741645812988e+01
1.240862751007080078e+01
1.242754817008972168e+01
1.242170095443725586e+01
1.241126370429992676e+01
1.240863108634948730e+01
1.239515018463134766e+01
1.239786648750305176e+01
1.246751546859741211e+01
1.240906858444213867e+01
1.244968700408935547e+01
1.242430138587951660e+01
1.240959954261779785e+01
1.250313329696655273e+01
1.241193985939025879e+01
1.239294195175170898e+01
1.249988317489624023e+01
1.240835070610046387e+01
1.242010545730590820e+01
1.239767289161682129e+01
1.244869732856750488e+01
1.237422657012939453e+01
1.239850473403930664e+01
1.255127143859863281e+01
1.242467665672302246e+01
1.241095662117004395e+01
1.240109062194824219e+01
1.239222645759582520e+01
1.243055772781372070e+01
1.251033902168273926e+01
1.250910687446594238e+01
1.246090698242187500e+01
1.247488713264465332e+01
1.240774607658386230e+01
1.239935302734375000e+01
1.242237830162048340e+01
1.242477679252624512e+01
1.243059396743774414e+01
1.245943284034729004e+01
1.242414402961730957e+01
1.247347021102905273e+01
1.240010190010070801e+01
1.244164633750915527e+01
1.242948341369628906e+01
1.245620775222778320e+01
1.242544937133789062e+01
1.240612077713012695e+01
1.244756984710693359e+01
1.241114449501037598e+01
1.255384898185729980e+01
1.239541697502136230e+01
1.253266501426696777e+01
1.245742511749267578e+01
1.242759466171264648e+01
1.245854067802429199e+01
1.243582272529602051e+01
1.246922206878662109e+01
1.239358735084533691e+01
1.242958354949951172e+01
1.247408652305603027e+01
1.244242191314697266e+01
1.243990349769592285e+01
1.238742852210998535e+01
1.240991854667663574e+01
1.240938448905944824e+01
1.246300697326660156e+01
1.238543176651000977e+01
1.244468116760253906e+01
1.247323775291442871e+01
1.251320075988769531e+01
1.240332198143005371e+01
1.242308568954467773e+01
1.244747328758239746e+01
1.241968774795532227e+01
1.239842081069946289e+01
1.243151688575744629e+01
1.244371819496154785e+01
1.250367403030395508e+01
1.246159625053405762e+01
1.244138026237487793e+01
1.238957977294921875e+01
1.242208051681518555e+01
1.242481923103332520e+01
1.239367318153381348e+01
1.239719653129577637e+01
1.239146780967712402e+01
1.250731348991394043e+01
1.248093652725219727e+01
1.243004131317138672e+01
1.239007472991943359e+01
1.249043822288513184e+01
1.253349566459655762e+01
1.241087031364440918e+01
1.242170619964599609e+01
1.242454504966735840e+01
1.246815323829650879e+01
1.240985465049743652e+01
1.241281342506408691e+01
1.244439554214477539e+01
1.247122406959533691e+01
1.243295192718505859e+01
1.244548106193542480e+01
1.245543718338012695e+01
1.241827058792114258e+01
1.245430994033813477e+01
1.250201535224914551e+01
1.241980767250061035e+01
1.241989183425903320e+01
1.244027280807495117e+01
1.244574451446533203e+01
1.239245772361755371e+01
1.240957641601562500e+01
1.244844770431518555e+01
1.240066456794738770e+01
1.240523457527160645e+01
1.240526270866394043e+01
1.244629287719726562e+01
1.243145108222961426e+01
1.239754986763000488e+01
1.240343618392944336e+01
1.246575093269348145e+01
1.242936968803405762e+01
1.248994874954223633e+01
1.246008515357971191e+01
1.240992617607116699e+01
1.245962190628051758e+01
1.244125032424926758e+01
1.242847180366516113e+01
1.242547535896301270e+01
1.242568492889404297e+01
1.248798727989196777e+01
