2.244768524169921875e+01
2.189952445030212402e+01
2.225405645370483398e+01
2.181049036979675293e+01
2.223939895629882812e+01
2.253970742225646973e+01
2.231131076812744141e+01
2.243693327903747559e+01
2.191561341285705566e+01
2.208451080322265625e+01
2.205255675315856934e+01
2.284843564033508301e+01
2.206802940368652344e+01
2.225893688201904297e+01
2.228886127471923828e+01
2.240329217910766602e+01
2.252712702751159668e+01
2.240190982818603516e+01
2.203743171691894531e+01
2.210713863372802734e+01
2.205966329574584961e+01
2.244759345054626465e+01
2.233864259719848633e+01
2.211452007293701172e+01
2.240079212188720703e+01
2.210981154441833496e+01
2.209866905212402344e+01
2.254042911529541016e+01
2.203783035278320312e+01
2.227165031433105469e+01
2.207565593719482422e+01
2.219414448738098145e+01
2.237369632720947266e+01
2.230948710441589355e+01
2.240697264671325684e+01
2.261257958412170410e+01
2.242974781990051270e+01
2.220572209358215332e+01
2.207220602035522461e+01
2.204139399528503418e+01
2.224985480308532715e+01
2.204448986053466797e+01
2.221257686614990234e+01
2.218602561950683594e+01
2.242061853408813477e+01
2.237606787681579590e+01
2.207168793678283691e+01
2.251793956756591797e+01
2.243360185623168945e+01
2.230173110961914062e+01
2.262060618400573730e+01
2.217648792266845703e+01
2.199180436134338379e+01
2.198604536056518555e+01
2.197304034233093262e+01
2.215750217437744141e+01
2.238864016532897949e+01
2.187489676475524902e+01
2.205504703521728516e+01
2.229519176483154297e+01
2.202488684654235840e+01
2.235531115531921387e+01
2.235082602500915527e+01
2.225611972808837891e+01
2.207697606086730957e+01
2.223293042182922363e+01
2.209960532188415527e+01
2.247995972633361816e+01
2.208752036094665527e+01
2.206988859176635742e+01
2.198843955993652344e+01
2.223533821105957031e+01
2.215524411201477051e+01
2.214248442649841309e+01
2.219884014129638672e+01
2.194852757453918457e+01
2.235343480110168457e+01
2.242865920066833496e+01
2.205660319328308105e+01
2.242763066291809082e+01
2.204832077026367188e+01
2.202325820922851562e+01
2.207775306701660156e+01
2.211699366569519043e+01
2.208883070945739746e+01
2.201809573173522949e+01
2.227795052528381348e+01
2.234803366661071777e+01
2.215131616592407227e+01
2.214022111892700195e+01
2.239120149612426758e+01
2.223534440994262695e+01
2.212782311439514160e+01
2.230335044860839844e+01
2.246320605278015137e+01
2.207102489471435547e+01
2.248303079605102539e+01
2.271094942092895508e+01
2.194359064102172852e+01
2.238723015785217285e+01
2.211383557319641113e+01
2.222331905364990234e+01
2.216836452484130859e+01
2.217689061164855957e+01
2.216086339950561523e+01
2.210517311096191406e+01
2.210817694664001465e+01
2.206031012535095215e+01
2.220334887504577637e+01
2.211252784729003906e+01
2.210375118255615234e+01
2.230614042282104492e+01
2.235546350479125977e+01
2.244896841049194336e+01
2.217213749885559082e+01
2.207639002799987793e+01
2.208260130882263184e+01
2.198222851753234863e+01
2.207413721084594727e+01
2.220477771759033203e+01
2.256677007675170898e+01
2.212030792236328125e+01
2.208927989006042480e+01
2.205098414421081543e+01
2.233914732933044434e+01
2.203278493881225586e+01
2.213493299484252930e+01
2.241846036911010742e+01
2.234271240234375000e+01
2.250712323188781738e+01
2.197709608078002930e+01
2.226204657554626465e+01
2.205432128906250000e+01
2.218194460868835449e+01
2.233820986747741699e+01
2.204844427108764648e+01
2.225816059112548828e+01
2.246726870536804199e+01
2.206760454177856445e+01
2.223189878463745117e+01
2.247589492797851562e+01
2.208658361434936523e+01
2.239844727516174316e+01
2.221533751487731934e+01
2.230374693870544434e+01
2.217240047454833984e+01
2.245548868179321289e+01
2.221980714797973633e+01
2.202232360839843750e+01
2.212152147293090820e+01
2.218022489547729492e+01
2.189622807502746582e+01
2.209398102760314941e+01
2.213522171974182129e+01
2.246911144256591797e+01
2.250615334510803223e+01
2.209483981132507324e+01
2.200036358833312988e+01
2.202923393249511719e+01
2.203973960876464844e+01
2.209084272384643555e+01
2.210859918594360352e+01
2.235873508453369141e+01
2.207420873641967773e+01
2.219066524505615234e+01
2.261260890960693359e+01
2.205172801017761230e+01
2.210505628585815430e+01
2.226437211036682129e+01
2.237887597084045410e+01
2.206772041320800781e+01
2.205484271049499512e+01
2.213910079002380371e+01
2.231474518775939941e+01
2.205160927772521973e+01
2.215454149246215820e+01
2.199783825874328613e+01
2.219572544097900391e+01
2.228406667709350586e+01
2.217142558097839355e+01
2.192577743530273438e+01
2.197191238403320312e+01
2.223368477821350098e+01
2.201731491088867188e+01
2.219682002067565918e+01
2.192759943008422852e+01
2.206763172149658203e+01
2.209438204765319824e+01
2.192403483390808105e+01
2.201912832260131836e+01
2.216174292564392090e+01
2.197047066688537598e+01
2.229603266716003418e+01
2.238193392753601074e+01
2.229287123680114746e+01
2.214735794067382812e+01
2.237629008293151855e+01
2.245306158065795898e+01
2.202690196037292480e+01
2.188299679756164551e+01
