1.062399999954223695e+01
1.097599999572753937e+01
1.011200000244140540e+01
1.006399999572753856e+01
1.087999999969482445e+01
1.006399999938964918e+01
1.006399999954223645e+01
9.807999999389648949e+00
1.025599999969482390e+01
1.099199999969482455e+01
1.054399999954223688e+01
9.487999999694824993e+00
1.019199999877929663e+01
9.600000002441406721e+00
1.127999999938964848e+01
1.071999999938964798e+01
1.084799999908447354e+01
1.006399999938964918e+01
1.046399999938964775e+01
1.083199999938964808e+01
1.031999999938964763e+01
1.060799999877929700e+01
1.044799999954223679e+01
1.023999999984741294e+01
1.047999999954223682e+01
1.073600000244140595e+01
1.116799999969482471e+01
1.105599999938964828e+01
1.263999999908447336e+01
1.243199999954223678e+01
1.369599999511718735e+01
1.470399999954223702e+01
1.583999999938964898e+01
1.511999999877929746e+01
1.830399999511718789e+01
1.780800000488281398e+01
1.828799999511718610e+01
1.811199999877929656e+01
1.886399999877929545e+01
1.950400000183105576e+01
1.985599999908447089e+01
1.913600000488281339e+01
1.943999999816894686e+01
1.953600000488281196e+01
2.019199999877929841e+01
2.092800000122070259e+01
2.191999999908447094e+01
2.191999999572754021e+01
2.164799999908447248e+01
2.131200000488281177e+01
2.195199999816894376e+01
2.206399999816894564e+01
2.129599999908447217e+01
2.188800000488281228e+01
2.233599999572754058e+01
2.132800000122070472e+01
2.200000000488281415e+01
2.207999999572754035e+01
2.304000000122070446e+01
2.313599999938965013e+01
2.307200000122070449e+01
2.401599999877929648e+01
2.348800000488281370e+01
2.292799999877929551e+01
2.475199999572753740e+01
2.252799999938964959e+01
2.398399999908447100e+01
2.286399999877929545e+01
2.352000000183105399e+01
2.310399999877929744e+01
2.263999999877929525e+01
2.326399999877929758e+01
2.246400000488281279e+01
2.334399999511718704e+01
2.409599999877929832e+01
2.428800000488281086e+01
2.403200000183105445e+01
2.316800000488281341e+01
2.379199999145507860e+01
2.436799999816894413e+01
2.476799999145507769e+01
2.505600000122070270e+01
2.507199999816894476e+01
2.521600000732421876e+01
2.523199999908447211e+01
2.455999999908447151e+01
2.527999999816894672e+01
2.547199999145507832e+01
2.455999999816894430e+01
2.516799999877929750e+01
2.596800000183105439e+01
2.579199999511718744e+01
2.611199999145507888e+01
2.631999999145507729e+01
2.574399999816894535e+01
2.507199999816894476e+01
2.478399999511718832e+01
2.555199999572753811e+01
2.591999999511718755e+01
2.542399999816894507e+01
2.947200000122070307e+01
2.884799999816894456e+01
3.076799999816894626e+01
3.076799999755859361e+01
3.012799999816894569e+01
3.124799998779296928e+01
3.219199999389648781e+01
3.228799999023437550e+01
3.139199999816894504e+01
3.281600000488280955e+01
3.193599999511718579e+01
3.195199999145507874e+01
3.203199999816894206e+01
3.193600000366210878e+01
3.190400000366210875e+01
3.188799999145507869e+01
3.323199999816894490e+01
3.281599999877929719e+01
3.257600000732421819e+01
3.259200000122070406e+01
3.286399999755859369e+01
3.360000000732421910e+01
3.320000000732422052e+01
3.300800000183105709e+01
3.303999999755859562e+01
3.268800000183105681e+01
3.278400000732421660e+01
3.387200000122070520e+01
3.374399999145507678e+01
3.339199999145508002e+01
3.414399999572754041e+01
3.417599999816894751e+01
3.358399999816894876e+01
3.457599998779296868e+01
3.404799999145507883e+01
3.422400000488281080e+01
3.403199999145508059e+01
3.459200000122070406e+01
3.457599999389648104e+01
3.371199999145508031e+01
3.479999999145508127e+01
3.432000000732421796e+01
3.510399999755859568e+01
3.380800000122070514e+01
3.479999999816894274e+01
3.435199999816894234e+01
3.476799999755859716e+01
3.487999999755859193e+01
3.500800000366211151e+01
3.484799999755859545e+01
3.467199999145508116e+01
3.472000000488281302e+01
3.505600000732422217e+01
3.494399999755859199e+01
3.507200000976562393e+01
3.526399999755859227e+01
3.508800000732421864e+01
3.500799999511718852e+01
3.588800000122070344e+01
3.574400000732421745e+01
3.518399999755859398e+01
3.545599999511718892e+01
3.595199999511718403e+01
3.588800000488281228e+01
3.551999999145508013e+01
3.523200000732421699e+01
3.566399999145507849e+01
3.463999999145507758e+01
3.521600000122070639e+01
3.555200000732421728e+01
3.500799999145507968e+01
3.520000000366211168e+01
3.528000000122070645e+01
3.556799999633788900e+01
3.513599999816894837e+01
3.529599999511718522e+01
3.492800000122070259e+01
3.588799999511718397e+01
3.579199999755859096e+01
3.529599999389648701e+01
3.521599998779296925e+01
3.563199999389648553e+01
3.561600000366210850e+01
3.598399998779296993e+01
3.520000000183105726e+01
3.590399999816894194e+01
3.486399999145508133e+01
3.513599998779297096e+01
3.561599998779296783e+01
3.563200000732421557e+01
3.531199998779296578e+01
3.598399999145507877e+01
3.553599999145507837e+01
3.569600000732421563e+01
3.614400000366210719e+01
3.663999999511718642e+01
3.607999999389648593e+01
3.591999999145507871e+01
3.571200000122070151e+01
3.649599999816894780e+01
