2.487521301879882962e+00
2.451709444122314618e+00
2.454005025482177693e+00
2.474826462936401406e+00
2.450334323654174806e+00
2.458260552139282407e+00
2.459992981109619059e+00
2.440918387527466038e+00
2.437856820297241267e+00
2.434499398422241168e+00
2.416880374069213744e+00
2.432271062164306663e+00
2.426559739074706901e+00
2.424348874206542881e+00
2.407805265655517779e+00
2.408593917465209788e+00
2.390376985931396359e+00
2.400132102661132638e+00
2.401496728744506814e+00
2.397629102325439465e+00
2.382241402816772435e+00
2.375920114669799688e+00
2.369633319320678666e+00
2.391370486755370894e+00
2.370773960952758941e+00
2.368317460403442265e+00
2.381914612274170118e+00
2.366076198196411351e+00
2.346418581085205179e+00
2.325967773971557406e+00
2.301106053009033037e+00
2.269871473464965650e+00
2.267071400222778532e+00
2.240826297302246140e+00
2.228407863769531261e+00
2.239756786956787149e+00
2.191544072113037256e+00
2.217365953521728716e+00
2.199779284973144566e+00
2.189673011093139721e+00
2.183075104675292977e+00
2.180294775009155472e+00
2.186069183273315453e+00
2.188688575668334746e+00
2.163237205886840986e+00
2.152970320892333866e+00
2.165878952941894475e+00
2.173566878662109403e+00
2.150593532180786305e+00
2.196286700210571485e+00
2.107699082641601773e+00
2.140775717849731308e+00
2.154444875526428049e+00
2.159429684600830068e+00
2.143549417572021554e+00
2.114075590209961053e+00
2.107926518707275321e+00
2.130032648391723793e+00
2.095246256103515670e+00
2.115466768035888734e+00
2.131610788040161353e+00
2.122600269546508933e+00
2.125763920364379889e+00
2.088796913719177084e+00
2.122260165252685571e+00
2.124576017379760540e+00
2.122487794876098732e+00
2.108845442085266253e+00
2.127128970031738397e+00
2.112256288185119679e+00
2.124856102104187183e+00
2.109762960205078031e+00
2.164095188446045093e+00
2.095899526367187349e+00
2.100367824249267379e+00
2.092906432113647242e+00
2.098510798263550026e+00
2.086266755294799768e+00
2.071406230850219909e+00
2.079273261566162212e+00
2.088448229446411286e+00
2.071547280883788922e+00
2.066766485595703084e+00
2.108941078796386925e+00
2.058439805450439586e+00
2.093046962585449311e+00
2.066369460601806818e+00
2.083795146102905171e+00
2.041519235458374215e+00
2.054729221649169713e+00
2.072149011840820343e+00
2.102753459930419844e+00
2.061054986648559684e+00
2.064517605361938291e+00
2.089415635147094719e+00
2.068045121154785004e+00
2.080111397628784164e+00
2.074106187629699782e+00
2.063557048339843547e+00
2.060412376480102559e+00
1.893098775405883893e+00
1.874355688247680618e+00
1.878764206771850631e+00
1.871694524688720662e+00
1.867508037185668934e+00
1.866793479194641003e+00
1.848925834579467686e+00
1.860963764762878503e+00
1.861144493026733349e+00
1.845630432586669922e+00
1.851359304351806623e+00
1.854168088722228935e+00
1.847016577033996576e+00
1.855927906265258720e+00
1.846781521148681549e+00
1.853854486236572230e+00
1.852051319694518972e+00
1.832894149169921771e+00
1.854308431587219141e+00
1.857110579452514676e+00
1.850309697418212940e+00
1.850709118995666591e+00
1.850419802246093814e+00
1.853457995147705040e+00
1.840143067817687994e+00
1.851012603530883815e+00
1.855208114395141550e+00
1.851351988754272426e+00
1.842423627014160070e+00
1.862726519889831511e+00
1.852598394546508764e+00
1.856877671127319385e+00
1.841119386177062944e+00
1.848066964950561442e+00
1.850403818473815853e+00
1.842656737403869593e+00
1.848665981216430554e+00
1.836651468963623079e+00
1.845084473266601632e+00
1.851616729469299338e+00
1.844847973861694301e+00
1.847692255706787190e+00
1.848923191795349030e+00
1.858121979713439842e+00
1.848415265846252487e+00
1.846056285476684655e+00
1.845147997741699131e+00
1.841425907058715783e+00
1.846344110527038618e+00
1.848820910644531246e+00
1.850389740982055553e+00
1.855104923324584876e+00
1.835344943084716851e+00
1.846260516014099018e+00
1.834128311424255475e+00
1.841487384414672857e+00
1.836191253776550347e+00
1.850292016906738279e+00
1.839956413192749052e+00
1.842319896202087470e+00
1.829732629852294901e+00
1.838750847549438516e+00
1.841203902511596713e+00
1.834999039001464771e+00
1.859567895240783697e+00
1.837837380256652775e+00
1.849793281364440878e+00
1.855591880111694403e+00
1.844015509872436454e+00
1.842480495414733799e+00
1.839893078918457103e+00
1.853496240310668952e+00
1.850853676528930736e+00
1.854640672950744529e+00
1.852631904373168936e+00
1.844978103065490815e+00
1.835872304992675730e+00
1.832485731239318794e+00
1.835457866363525481e+00
1.841720594673156741e+00
1.854218151702880846e+00
1.836965222549438392e+00
1.838471139221191430e+00
1.841372663841247537e+00
1.840138783264160249e+00
1.842467447853088469e+00
1.844480389633178730e+00
1.848373890304565448e+00
1.843596748161316023e+00
1.854141049499511640e+00
1.847763647193908731e+00
1.841109087066650440e+00
1.832581086730957098e+00
1.850992856788635343e+00
1.830675201606750457e+00
1.855952459411621014e+00
1.838299469680786169e+00
1.845106189842224076e+00
1.850015312156677139e+00
1.856206424827575585e+00
