1.324079489707946777e+01
1.261549043655395508e+01
1.267786812782287598e+01
1.279690241813659668e+01
1.275578451156616211e+01
1.271448469161987305e+01
1.278515028953552246e+01
1.279099750518798828e+01
1.289165210723876953e+01
1.289244198799133301e+01
1.286018133163452148e+01
1.302825832366943359e+01
1.281755924224853516e+01
1.289884638786315918e+01
1.291246438026428223e+01
1.288471937179565430e+01
1.282169270515441895e+01
1.292434263229370117e+01
1.296103453636169434e+01
1.284485149383544922e+01
1.281964874267578125e+01
1.284782290458679199e+01
1.289146208763122559e+01
1.292136263847351074e+01
1.291253781318664551e+01
1.291683506965637207e+01
1.289560055732727051e+01
1.288308501243591309e+01
1.289554738998413086e+01
1.291401195526123047e+01
1.291640949249267578e+01
1.294769883155822754e+01
1.291262102127075195e+01
1.297253036499023438e+01
1.289869904518127441e+01
1.284515714645385742e+01
1.280484938621520996e+01
1.293113780021667480e+01
1.294489526748657227e+01
1.278403258323669434e+01
1.285687637329101562e+01
1.281883478164672852e+01
1.282846736907958984e+01
1.284861826896667480e+01
1.290604877471923828e+01
1.289971232414245605e+01
1.292520737648010254e+01
1.287704586982727051e+01
1.292395019531250000e+01
1.290841484069824219e+01
1.289555287361145020e+01
1.283661794662475586e+01
1.284973716735839844e+01
1.278648138046264648e+01
1.289391303062438965e+01
1.285047125816345215e+01
1.294536375999450684e+01
1.291114997863769531e+01
1.289557528495788574e+01
1.293657708168029785e+01
1.283744239807128906e+01
1.290241956710815430e+01
1.291952824592590332e+01
1.284139871597290039e+01
1.286921572685241699e+01
1.292332839965820312e+01
1.287630701065063477e+01
1.287856483459472656e+01
1.292750763893127441e+01
1.283662343025207520e+01
1.288527464866638184e+01
1.285682010650634766e+01
1.286580944061279297e+01
1.285061073303222656e+01
1.280564236640930176e+01
1.277047634124755859e+01
1.290593075752258301e+01
1.282733011245727539e+01
1.289913868904113770e+01
1.292575526237487793e+01
1.282993388175964355e+01
1.291417956352233887e+01
1.288500714302062988e+01
1.287697196006774902e+01
1.288208031654357910e+01
1.281195044517517090e+01
1.280740380287170410e+01
1.288480329513549805e+01
1.286602330207824707e+01
1.280411028861999512e+01
1.280728173255920410e+01
1.283054447174072266e+01
1.280824089050292969e+01
1.282748603820800781e+01
1.284787607192993164e+01
1.293528318405151367e+01
1.299000573158264160e+01
1.288266706466674805e+01
1.291359663009643555e+01
1.292777991294860840e+01
1.287292504310607910e+01
1.290048456192016602e+01
1.295195651054382324e+01
1.287946438789367676e+01
1.284710311889648438e+01
1.283972311019897461e+01
1.290773987770080566e+01
1.282026243209838867e+01
1.294927978515625000e+01
1.286302614212036133e+01
1.287282514572143555e+01
1.291346597671508789e+01
1.289664697647094727e+01
1.292938351631164551e+01
1.285353064537048340e+01
1.287368917465209961e+01
1.284545779228210449e+01
1.281761503219604492e+01
1.298084163665771484e+01
1.288894319534301758e+01
1.286413121223449707e+01
1.290375041961669922e+01
1.290945577621459961e+01
1.294276189804077148e+01
1.300829195976257324e+01
1.291388440132141113e+01
1.289112710952758789e+01
1.286482357978820801e+01
1.287097072601318359e+01
1.286544537544250488e+01
1.297028470039367676e+01
1.295865535736083984e+01
1.281245112419128418e+01
1.281456208229064941e+01
1.282896924018859863e+01
1.289781141281127930e+01
1.287801718711853027e+01
1.278742671012878418e+01
1.287014722824096680e+01
1.291616415977478027e+01
1.278406834602355957e+01
1.288978815078735352e+01
1.289643144607543945e+01
1.293550443649291992e+01
1.288043308258056641e+01
1.284628772735595703e+01
1.282781100273132324e+01
1.282338142395019531e+01
1.287962985038757324e+01
1.283073592185974121e+01
1.294483494758605957e+01
1.283094739913940430e+01
1.277234530448913574e+01
1.290695357322692871e+01
1.283468961715698242e+01
1.284391856193542480e+01
1.287188386917114258e+01
1.282354760169982910e+01
1.285583949089050293e+01
1.282933354377746582e+01
1.283999371528625488e+01
1.292013144493103027e+01
1.289593362808227539e+01
1.289460086822509766e+01
1.281682229042053223e+01
1.284367585182189941e+01
1.282807707786560059e+01
1.283277869224548340e+01
1.281458115577697754e+01
1.290342950820922852e+01
1.284459280967712402e+01
1.281326270103454590e+01
1.282423424720764160e+01
1.277465009689331055e+01
1.287654995918273926e+01
1.281704664230346680e+01
1.290059900283813477e+01
1.291593098640441895e+01
1.291290402412414551e+01
1.281562352180480957e+01
1.289763689041137695e+01
1.290311622619628906e+01
1.292447257041931152e+01
1.291760659217834473e+01
1.278374624252319336e+01
1.289205741882324219e+01
1.290733242034912109e+01
1.286400103569030762e+01
1.284704685211181641e+01
1.286056160926818848e+01
1.288894844055175781e+01
1.300342059135437012e+01
1.292587590217590332e+01
1.291111564636230469e+01
1.291219067573547363e+01
1.295042252540588379e+01
1.284087991714477539e+01
1.281424951553344727e+01
1.289531755447387695e+01
1.275485491752624512e+01
