1.340413427352905273e+01
1.284224247932434082e+01
1.292768669128417969e+01
1.281014585494995117e+01
1.295826888084411621e+01
1.293550872802734375e+01
1.298911643028259277e+01
1.294904685020446777e+01
1.287530899047851562e+01
1.288835310935974121e+01
1.291381478309631348e+01
1.307978606224060059e+01
1.296546864509582520e+01
1.296956419944763184e+01
1.296634101867675781e+01
1.295094704627990723e+01
1.311202931404113770e+01
1.298475122451782227e+01
1.299755454063415527e+01
1.306050443649291992e+01
1.308498215675354004e+01
1.313607883453369141e+01
1.302497363090515137e+01
1.299279546737670898e+01
1.298218178749084473e+01
1.297543382644653320e+01
1.298916339874267578e+01
1.300008630752563477e+01
1.302709722518920898e+01
1.304870915412902832e+01
1.304143619537353516e+01
1.300910496711730957e+01
1.298078298568725586e+01
1.296650385856628418e+01
1.295569586753845215e+01
1.307264900207519531e+01
1.305846977233886719e+01
1.299778032302856445e+01
1.297143292427062988e+01
1.314061856269836426e+01
1.305585551261901855e+01
1.309101128578186035e+01
1.310725378990173340e+01
1.305491757392883301e+01
1.294059681892395020e+01
1.293601608276367188e+01
1.299681091308593750e+01
1.297871494293212891e+01
1.297011184692382812e+01
1.298144149780273438e+01
1.296476674079895020e+01
1.305432963371276855e+01
1.304797101020812988e+01
1.301582527160644531e+01
1.307029581069946289e+01
1.302311801910400391e+01
1.300336980819702148e+01
1.301123094558715820e+01
1.299687743186950684e+01
1.295913505554199219e+01
1.299212789535522461e+01
1.296208882331848145e+01
1.296984672546386719e+01
1.306515979766845703e+01
1.296434593200683594e+01
1.296691799163818359e+01
1.303286027908325195e+01
1.297527551651000977e+01
1.299116969108581543e+01
1.306088328361511230e+01
1.297016239166259766e+01
1.295605564117431641e+01
1.297962522506713867e+01
1.305527830123901367e+01
1.294587063789367676e+01
1.307088184356689453e+01
1.298373961448669434e+01
1.307006669044494629e+01
1.301720356941223145e+01
1.296531152725219727e+01
1.307834839820861816e+01
1.296440720558166504e+01
1.295995664596557617e+01
1.295236349105834961e+01
1.302012729644775391e+01
1.302995657920837402e+01
1.302900505065917969e+01
1.308428525924682617e+01
1.314885902404785156e+01
1.304155254364013672e+01
1.304836678504943848e+01
1.305388140678405762e+01
1.303965306282043457e+01
1.304731726646423340e+01
1.310204696655273438e+01
1.299779891967773438e+01
1.299964761734008789e+01
1.300989246368408203e+01
1.297247195243835449e+01
1.297504687309265137e+01
1.307457327842712402e+01
1.301292681694030762e+01
1.302348136901855469e+01
1.300344514846801758e+01
1.308509278297424316e+01
1.304568505287170410e+01
1.306430792808532715e+01
1.303498911857604980e+01
1.299216103553771973e+01
1.309313178062438965e+01
1.309810614585876465e+01
1.295741796493530273e+01
1.296412062644958496e+01
1.294518136978149414e+01
1.308540511131286621e+01
1.305065298080444336e+01
1.306042861938476562e+01
1.304550409317016602e+01
1.293380355834960938e+01
1.305344724655151367e+01
1.295672631263732910e+01
1.298851871490478516e+01
1.297667598724365234e+01
1.300639796257019043e+01
1.302917265892028809e+01
1.295422363281250000e+01
1.297549128532409668e+01
1.304400944709777832e+01
1.305892825126647949e+01
1.305461955070495605e+01
1.294658541679382324e+01
1.297962307929992676e+01
1.303756761550903320e+01
1.300931978225708008e+01
1.305645179748535156e+01
1.302236700057983398e+01
1.300722742080688477e+01
1.297121548652648926e+01
1.296822905540466309e+01
1.296289658546447754e+01
1.299581933021545410e+01
1.310457587242126465e+01
1.295061492919921875e+01
1.291800761222839355e+01
1.296654701232910156e+01
1.303452897071838379e+01
1.305974340438842773e+01
1.308743762969970703e+01
1.301512432098388672e+01
1.305708622932434082e+01
1.296652078628540039e+01
1.299074864387512207e+01
1.309447431564331055e+01
1.293756389617919922e+01
1.297043967247009277e+01
1.301861453056335449e+01
1.299262952804565430e+01
1.292276024818420410e+01
1.307492899894714355e+01
1.301630663871765137e+01
1.308311486244201660e+01
1.302937102317810059e+01
1.292874336242675781e+01
1.299487400054931641e+01
1.303355026245117188e+01
1.303316211700439453e+01
1.298417401313781738e+01
1.304302930831909180e+01
1.306101632118225098e+01
1.298602747917175293e+01
1.303207945823669434e+01
1.301755428314208984e+01
1.303427410125732422e+01
1.302982163429260254e+01
1.301341366767883301e+01
1.305256485939025879e+01
1.305269694328308105e+01
1.303139901161193848e+01
1.306481671333312988e+01
1.304336214065551758e+01
1.299122405052185059e+01
1.295048856735229492e+01
1.296393442153930664e+01
1.296664452552795410e+01
1.305485367774963379e+01
1.294939565658569336e+01
1.293421673774719238e+01
1.304629969596862793e+01
1.298393535614013672e+01
1.297476553916931152e+01
1.298343539237976074e+01
1.303959321975708008e+01
1.295620751380920410e+01
1.298443555831909180e+01
1.294077396392822266e+01
1.295538043975830078e+01
1.301516270637512207e+01
1.301264429092407227e+01
1.303099274635314941e+01
1.299275326728820801e+01
