9.989999771118164062e+00
9.579999923706054688e+00
9.500000000000000000e+00
1.000000000000000000e+01
1.021999931335449219e+01
1.077999973297119141e+01
9.979999542236328125e+00
8.800000190734863281e+00
1.010999965667724609e+01
1.013000011444091797e+01
9.239999771118164062e+00
1.080000019073486328e+01
1.000000000000000000e+01
1.019999980926513672e+01
1.018999958038330078e+01
1.176999950408935547e+01
1.097999954223632812e+01
1.009999942779541016e+01
1.027999973297119141e+01
1.000999927520751953e+01
1.000000000000000000e+01
1.000000000000000000e+01
1.142999935150146484e+01
1.031999969482421875e+01
1.001999950408935547e+01
1.000000000000000000e+01
1.027999973297119141e+01
1.002999973297119141e+01
1.069999980926513672e+01
1.092999935150146484e+01
1.288000011444091797e+01
1.396999931335449219e+01
1.557999992370605469e+01
1.582999992370605469e+01
1.605999946594238281e+01
1.827999877929687500e+01
1.744999885559082031e+01
2.056999969482421875e+01
2.015999984741210938e+01
1.880999946594238281e+01
2.171999931335449219e+01
2.139999961853027344e+01
2.295999908447265625e+01
2.382999992370605469e+01
2.502999877929687500e+01
2.576999855041503906e+01
2.193000030517578125e+01
2.510999870300292969e+01
1.895999908447265625e+01
2.357999992370605469e+01
2.148999977111816406e+01
2.207999992370605469e+01
2.162999916076660156e+01
2.181999969482421875e+01
2.492000007629394531e+01
2.386999893188476562e+01
2.223999977111816406e+01
2.476000022888183594e+01
2.461999893188476562e+01
2.769999885559082031e+01
2.359999847412109375e+01
2.477999877929687500e+01
2.456999969482421875e+01
2.453999900817871094e+01
2.568999862670898438e+01
2.492000007629394531e+01
2.423999977111816406e+01
1.968999862670898438e+01
2.277999877929687500e+01
2.319999885559082031e+01
2.367000007629394531e+01
2.420999908447265625e+01
2.484000015258789062e+01
2.229999923706054688e+01
2.309000015258789062e+01
2.485999870300292969e+01
2.434000015258789062e+01
2.551000022888183594e+01
2.293000030517578125e+01
2.659000015258789062e+01
2.401999855041503906e+01
2.112999916076660156e+01
2.776999855041503906e+01
2.560999870300292969e+01
2.810999870300292969e+01
2.145999908447265625e+01
2.751999855041503906e+01
2.746999931335449219e+01
2.348999977111816406e+01
2.143000030517578125e+01
2.680999946594238281e+01
2.723999977111816406e+01
2.551999855041503906e+01
2.859999847412109375e+01
2.494999885559082031e+01
2.867000007629394531e+01
2.776000022888183594e+01
2.435999870300292969e+01
2.581999969482421875e+01
2.486999893188476562e+01
2.948999977111816406e+01
2.973999977111816406e+01
2.950000000000000000e+01
3.000999832153320312e+01
3.042999839782714844e+01
3.007999992370605469e+01
3.038999938964843750e+01
3.060999870300292969e+01
3.067000007629394531e+01
3.084999847412109375e+01
3.069999885559082031e+01
3.092000007629394531e+01
3.102999877929687500e+01
3.101999855041503906e+01
3.064999961853027344e+01
3.106999969482421875e+01
3.103999900817871094e+01
3.169999885559082031e+01
3.117000007629394531e+01
3.159999847412109375e+01
3.142000007629394531e+01
3.160999870300292969e+01
3.160999870300292969e+01
3.180999946594238281e+01
3.163999938964843750e+01
3.173999977111816406e+01
3.192000007629394531e+01
3.163999938964843750e+01
3.156999969482421875e+01
3.200999832153320312e+01
3.204999923706054688e+01
3.214999771118164062e+01
3.164999961853027344e+01
3.177999877929687500e+01
3.275999832153320312e+01
3.225999832153320312e+01
3.213000106811523438e+01
3.211000061035156250e+01
3.202000045776367188e+01
3.192999839782714844e+01
3.289999771118164062e+01
3.281999969482421875e+01
3.268000030517578125e+01
3.225000000000000000e+01
3.202999877929687500e+01
3.263000106811523438e+01
3.197999954223632812e+01
3.227999877929687500e+01
3.273999786376953125e+01
3.238000106811523438e+01
3.245999908447265625e+01
3.252000045776367188e+01
3.238000106811523438e+01
3.223999786376953125e+01
3.221999740600585938e+01
3.225000000000000000e+01
3.240999984741210938e+01
3.239999771118164062e+01
3.229999923706054688e+01
3.223999786376953125e+01
3.240999984741210938e+01
3.239999771118164062e+01
3.232999801635742188e+01
3.239999771118164062e+01
3.250000000000000000e+01
3.273999786376953125e+01
3.243000030517578125e+01
3.245999908447265625e+01
3.250000000000000000e+01
3.245999908447265625e+01
3.236999893188476562e+01
3.266999816894531250e+01
3.238999938964843750e+01
3.225999832153320312e+01
3.248999786376953125e+01
3.247999954223632812e+01
3.236999893188476562e+01
3.266999816894531250e+01
3.271999740600585938e+01
3.255999755859375000e+01
3.248999786376953125e+01
3.238000106811523438e+01
3.272999954223632812e+01
3.250000000000000000e+01
3.263000106811523438e+01
3.254000091552734375e+01
3.250000000000000000e+01
3.255999755859375000e+01
3.254000091552734375e+01
3.252999877929687500e+01
3.295000076293945312e+01
3.290999984741210938e+01
3.266999816894531250e+01
3.286999893188476562e+01
3.288999938964843750e+01
3.279000091552734375e+01
3.279999923706054688e+01
3.297999954223632812e+01
3.280999755859375000e+01
3.284000015258789062e+01
