1.335233092308044434e+01
1.261908698081970215e+01
1.263025689125061035e+01
1.276169824600219727e+01
1.273295974731445312e+01
1.275884890556335449e+01
1.270731258392333984e+01
1.283514928817749023e+01
1.282252049446105957e+01
1.279845070838928223e+01
1.286160850524902344e+01
1.304149627685546875e+01
1.290427374839782715e+01
1.292644906044006348e+01
1.288355827331542969e+01
1.288323974609375000e+01
1.287001013755798340e+01
1.290988779067993164e+01
1.288168859481811523e+01
1.281245255470275879e+01
1.290144896507263184e+01
1.291567230224609375e+01
1.288971972465515137e+01
1.290572309494018555e+01
1.288949942588806152e+01
1.287445807456970215e+01
1.284153294563293457e+01
1.282994508743286133e+01
1.290432214736938477e+01
1.285792899131774902e+01
1.293743801116943359e+01
1.294212985038757324e+01
1.290388035774230957e+01
1.290985727310180664e+01
1.294064569473266602e+01
1.283124828338623047e+01
1.287172937393188477e+01
1.289245748519897461e+01
1.286586451530456543e+01
1.289982581138610840e+01
1.282613635063171387e+01
1.287236237525939941e+01
1.286809754371643066e+01
1.287217164039611816e+01
1.287766480445861816e+01
1.285470175743103027e+01
1.291927266120910645e+01
1.289394783973693848e+01
1.287716555595397949e+01
1.285489678382873535e+01
1.288617992401123047e+01
1.287530446052551270e+01
1.289593338966369629e+01
1.284352183341979980e+01
1.279893016815185547e+01
1.281319713592529297e+01
1.292428755760192871e+01
1.285700225830078125e+01
1.287339639663696289e+01
1.288884496688842773e+01
1.284473776817321777e+01
1.297923207283020020e+01
1.287107491493225098e+01
1.287090373039245605e+01
1.293483591079711914e+01
1.288466382026672363e+01
1.283702158927917480e+01
1.283532118797302246e+01
1.286457538604736328e+01
1.293924236297607422e+01
1.288738346099853516e+01
1.286060237884521484e+01
1.282921504974365234e+01
1.279955148696899414e+01
1.287581324577331543e+01
1.286705780029296875e+01
1.286461019515991211e+01
1.286926078796386719e+01
1.285339140892028809e+01
1.286289024353027344e+01
1.281951999664306641e+01
1.289255380630493164e+01
1.294234919548034668e+01
1.284900116920471191e+01
1.284728217124938965e+01
1.284870433807373047e+01
1.279774785041809082e+01
1.281323146820068359e+01
1.284486103057861328e+01
1.281001186370849609e+01
1.288756060600280762e+01
1.282625746726989746e+01
1.297785639762878418e+01
1.286893606185913086e+01
1.289370989799499512e+01
1.291884088516235352e+01
1.289217305183410645e+01
1.287966585159301758e+01
1.287574958801269531e+01
1.291024851799011230e+01
1.292408204078674316e+01
1.284778332710266113e+01
1.289688110351562500e+01
1.289622712135314941e+01
1.286603569984436035e+01
1.284901738166809082e+01
1.280535912513732910e+01
1.293373441696166992e+01
1.287742924690246582e+01
1.285545682907104492e+01
1.281851959228515625e+01
1.295377326011657715e+01
1.297057747840881348e+01
1.287695932388305664e+01
1.282813858985900879e+01
1.279881501197814941e+01
1.294079494476318359e+01
1.293579483032226562e+01
1.282398200035095215e+01
1.286724138259887695e+01
1.287229442596435547e+01
1.292098689079284668e+01
1.288213968276977539e+01
1.285149836540222168e+01
1.286723589897155762e+01
1.286243152618408203e+01
1.286922502517700195e+01
1.280248427391052246e+01
1.291178345680236816e+01
1.285586237907409668e+01
1.291603374481201172e+01
1.286228275299072266e+01
1.285288333892822266e+01
1.288638067245483398e+01
1.293410873413085938e+01
1.281807279586791992e+01
1.281415796279907227e+01
1.283313965797424316e+01
1.292478346824645996e+01
1.285860705375671387e+01
1.285737228393554688e+01
1.284346365928649902e+01
1.285071325302124023e+01
1.291956901550292969e+01
1.288588953018188477e+01
1.289187765121459961e+01
1.288985610008239746e+01
1.286487293243408203e+01
1.285705876350402832e+01
1.302638673782348633e+01
1.285481071472167969e+01
1.290044784545898438e+01
1.285775494575500488e+01
1.287929224967956543e+01
1.289746761322021484e+01
1.281311440467834473e+01
1.287975597381591797e+01
1.290541100502014160e+01
1.282847142219543457e+01
1.289055061340332031e+01
1.282024621963500977e+01
1.280135011672973633e+01
1.285906028747558594e+01
1.285513877868652344e+01
1.279960846900939941e+01
1.280035257339477539e+01
1.286381173133850098e+01
1.289496994018554688e+01
1.286646795272827148e+01
1.287067174911499023e+01
1.283076763153076172e+01
1.285149288177490234e+01
1.287492084503173828e+01
1.288403844833374023e+01
1.285751867294311523e+01
1.278259587287902832e+01
1.281998181343078613e+01
1.282988429069519043e+01
1.287202143669128418e+01
1.282656574249267578e+01
1.288440632820129395e+01
1.285777974128723145e+01
1.284709429740905762e+01
1.287685155868530273e+01
1.283043861389160156e+01
1.291763019561767578e+01
1.285029673576354980e+01
1.287019467353820801e+01
1.289120411872863770e+01
1.291318035125732422e+01
1.290556836128234863e+01
1.288806915283203125e+01
1.286255741119384766e+01
1.287251496315002441e+01
1.286066126823425293e+01
1.290091538429260254e+01
1.279571318626403809e+01
1.280996561050415039e+01
1.284759521484375000e+01
1.277181911468505859e+01
