1.007999999938964919e+01
1.009599999938964920e+01
9.551999999389648721e+00
9.599999999084472435e+00
9.983999998779296448e+00
9.727999999542236154e+00
1.038400000244140564e+01
1.039999999938964770e+01
1.075199999938964801e+01
1.131199999969482484e+01
1.059199999908447332e+01
1.020799999572753869e+01
1.036799999984741127e+01
1.027200000244140554e+01
9.263999999389648465e+00
1.033599999984741125e+01
1.012800000244140541e+01
1.030399999938964761e+01
1.035199999938964766e+01
1.004799999908447283e+01
1.027199999954223664e+01
1.004800000244140712e+01
1.001600000183105443e+01
1.070399999969482430e+01
1.022399999969482387e+01
1.025600000244140553e+01
1.076799999954223708e+01
1.035199999954223671e+01
9.887999999847412624e+00
1.027199999908447303e+01
1.134399999969482487e+01
1.025599999908447302e+01
1.070399999877929709e+01
1.041599999572753887e+01
1.027200000183105466e+01
1.043200000244140568e+01
1.068800000244140591e+01
1.039999999908447315e+01
1.009599999938964920e+01
1.096000000244140615e+01
9.791999999694823487e+00
9.983999999694823657e+00
1.035199999954223671e+01
9.967999999694823643e+00
1.054399999938964783e+01
1.092799999954223544e+01
1.067199999954223699e+01
9.823999999694823515e+00
1.062399999938964790e+01
1.019200000183105459e+01
1.023999999938964756e+01
9.872000002441406963e+00
1.057599999969482418e+01
9.903999999542236310e+00
1.076799999954223708e+01
1.103999999908447194e+01
1.060799999954223694e+01
9.935999995727538447e+00
1.180799999984741255e+01
1.244800000244140570e+01
1.308800000244140627e+01
1.313599999908447202e+01
1.363199999954223607e+01
1.540799999877929771e+01
1.716799999877929750e+01
1.740799999877929594e+01
1.785600000183105607e+01
1.779199999969482349e+01
1.806400000244140713e+01
1.836799999938964945e+01
1.852799999877929693e+01
1.820799999938964930e+01
1.891199999954223543e+01
1.699200000122070264e+01
1.751999999572753808e+01
1.804799999877929650e+01
1.825599999877929847e+01
1.817600000183105635e+01
1.862399999877929702e+01
1.844799999908447319e+01
1.859199999908447154e+01
1.894400000183105348e+01
1.835199999572753882e+01
1.830400000244140557e+01
1.793599999938964729e+01
1.678400000488281307e+01
1.760000000244140494e+01
1.691199999938964993e+01
1.758400000244140671e+01
1.758399999877929787e+01
1.827199999969482391e+01
1.896000000244140793e+01
1.863999999572753907e+01
1.822400000244140728e+01
1.806400000488281421e+01
1.796799999877929821e+01
1.769600000244140503e+01
1.740800000244140477e+01
1.817599999877929662e+01
1.747200000183105573e+01
2.299199999816894646e+01
2.387200000488281404e+01
2.383999999877929810e+01
2.417599999877929662e+01
2.595199999816894376e+01
2.558399999511718903e+01
2.571199999816894533e+01
2.555199999511718900e+01
2.623999999145507900e+01
2.688000000366210784e+01
2.620800000488281256e+01
2.633599999877929676e+01
2.828800000122070202e+01
2.822399999877929844e+01
2.729599999816894496e+01
2.846399999877929687e+01
2.856000000122070404e+01
2.907200000488281333e+01
2.822400000122070196e+01
2.763199999572753995e+01
2.896000000122070261e+01
2.950400000488281194e+01
2.902399999145507792e+01
2.895999999511718670e+01
3.030400000183105291e+01
2.929599999755859230e+01
3.071999999877929710e+01
3.075199999755859537e+01
2.953599999511718721e+01
3.019200000732421785e+01
3.108799999816894655e+01
3.059200000732421998e+01
3.145600000366210836e+01
3.067200000488281120e+01
2.982399999755859454e+01
3.100799998779296729e+01
3.160000000488281202e+01
3.121600000488281168e+01
3.172799999816894356e+01
3.044800000488281100e+01
3.111999999145507800e+01
3.158399999755859255e+01
3.151999999511718897e+01
3.078400000122070423e+01
3.155200000183105402e+01
3.257599999816894609e+01
3.219199999145507718e+01
3.206400000732421773e+01
3.182399999816894365e+01
3.254399999389648457e+01
3.350400000122070310e+01
3.332800000732422063e+01
3.377600000732422103e+01
3.243200000488280921e+01
3.356799999755859432e+01
3.350400000488281194e+01
3.303999999145507616e+01
3.254399999816894251e+01
3.334399999511718704e+01
3.257599999511718636e+01
3.329600000366210821e+01
3.340799999877929594e+01
3.364800000122070145e+01
3.398400000000000176e+01
3.307200000122070094e+01
3.313600000732422046e+01
3.401599999145507525e+01
3.387200000488281404e+01
3.369599999755859443e+01
3.316799999511718511e+01
3.391999999755859108e+01
3.363199999999999790e+01
3.390400000732422114e+01
3.304000000488281330e+01
3.326399999145507991e+01
3.398400000732421944e+01
3.343999999511719068e+01
3.384000000122070162e+01
3.408000000122070361e+01
3.376000000366210685e+01
3.395199999755859466e+01
3.359999999755859079e+01
3.360000000488281557e+01
3.326400000732422058e+01
3.401599999511718408e+01
3.348799999633789071e+01
3.319999998779297101e+01
3.396800000366211236e+01
3.321599999511718693e+01
3.364799999755859261e+01
3.321599999755859045e+01
3.398399999145507877e+01
3.358399999816894876e+01
3.371199999816894177e+01
3.374399999755859625e+01
3.335999999145507644e+01
3.358400000488281023e+01
3.422399999755859312e+01
3.436800000732421978e+01
3.435200000122070207e+01
