2.479872216186523648e+00
2.459097389831542912e+00
2.466326082611083770e+00
2.519240766067504911e+00
2.473256793060302883e+00
2.440428257369994913e+00
2.488757065277099390e+00
2.444804771041870328e+00
2.442145397644043037e+00
2.427744491577148445e+00
2.437043113632201941e+00
2.422722886352539184e+00
2.418232188949585026e+00
2.415130282669067263e+00
2.429128705520629872e+00
2.414328030242919976e+00
2.394827655639648611e+00
2.383999215545654415e+00
2.396054255752563478e+00
2.387129655380249016e+00
2.376824779815673860e+00
2.384276576690673721e+00
2.404778736953735230e+00
2.399020240936279080e+00
2.374342629547119277e+00
2.376879589996337749e+00
2.374271060714721493e+00
2.373270453720092821e+00
2.353451161499023225e+00
2.328691217803954938e+00
2.293612695541381807e+00
2.270140497817993097e+00
2.265036141662597480e+00
2.242233491668701006e+00
2.256504619674682743e+00
2.241383640747070416e+00
2.208014381332397580e+00
2.211983963012695398e+00
2.199652724761962830e+00
2.214896125640869240e+00
2.202580393447875817e+00
2.204402793884277401e+00
2.173828082733154421e+00
2.175480915527343573e+00
2.163741078414917141e+00
2.153006238403320172e+00
2.142376957550048644e+00
2.171459587554931847e+00
2.164708297042846841e+00
2.164002803344726722e+00
2.165606819458007593e+00
2.137583821105957238e+00
2.115970873031616240e+00
2.119903456726074165e+00
2.139063406753539898e+00
2.167027535781860248e+00
2.154119326095580877e+00
2.151011600036621285e+00
2.134996678466797082e+00
2.101194945068359576e+00
2.142822770385742093e+00
2.125473444747924656e+00
2.125090019073486491e+00
2.132506464309692262e+00
2.159908547744751051e+00
2.121411201934814361e+00
2.130851671829223637e+00
2.074714366683959810e+00
2.116050358352661309e+00
2.093236490440368858e+00
2.124826726150512712e+00
2.106967415618896666e+00
2.108425529785156183e+00
2.087822071266174362e+00
2.077571128234863451e+00
2.078237446899414032e+00
2.109073330612182495e+00
2.107607833099365280e+00
2.080590038070678549e+00
2.079355244216918752e+00
2.084212647705077970e+00
2.082105939254760951e+00
2.068535520629882996e+00
2.108809922637939316e+00
2.078435207481384328e+00
2.089964502944946290e+00
2.095405923309326290e+00
2.073104275665283325e+00
2.066315326614379888e+00
2.076478880577087516e+00
2.077678593063354562e+00
2.027783352890014434e+00
2.078518623161315748e+00
2.062644849853515705e+00
2.085779443435669123e+00
2.080959367942810001e+00
2.102924513168335174e+00
2.049422855987548697e+00
2.057568778686523547e+00
2.069433311691283972e+00
1.889712520523071371e+00
1.877090626525878880e+00
1.873641031799316403e+00
1.873346424217224193e+00
1.867828869094848576e+00
1.868720339164733790e+00
1.866295548286438066e+00
1.873424528503417896e+00
1.860867034683227450e+00
1.858223659896850677e+00
1.855083408432006919e+00
1.855449664535522514e+00
1.851594507865905737e+00
1.851642409744262752e+00
1.854782783432006754e+00
1.862937959098815988e+00
1.846994046554565339e+00
1.857430187988281300e+00
1.856187345924377396e+00
1.862081582221984943e+00
1.847099931449890153e+00
1.852078841247558616e+00
1.849417485389709404e+00
1.835690986099243194e+00
1.845277940750122081e+00
1.851969050025940033e+00
1.846480218505859305e+00
1.841667404251098539e+00
1.853921904525756892e+00
1.854632312240600545e+00
1.852629634742736897e+00
1.862300084571838488e+00
1.862876957626342866e+00
1.854323202743530352e+00
1.857291169471740666e+00
1.860358441505432170e+00
1.847356722679138086e+00
1.868538332138061531e+00
1.867073783836364687e+00
1.860140943069457986e+00
1.865147291412353470e+00
1.855537198753356876e+00
1.858642212982177799e+00
1.856813396186828724e+00
1.854610574874878015e+00
1.873310591773986733e+00
1.874387124404907290e+00
1.869841993064880414e+00
1.878925421295166043e+00
1.859663838272094694e+00
1.849266444320678771e+00
1.859794892845153758e+00
1.842990862808227437e+00
1.859754011993408174e+00
1.847091840057373036e+00
1.854897548561096121e+00
1.853489327011108356e+00
1.847416896667480435e+00
1.869278133544921783e+00
1.861079590721130383e+00
1.844793609275817925e+00
1.858308094596862858e+00
1.847152889938354470e+00
1.862959063873290910e+00
1.859006178054809499e+00
1.863470434989929148e+00
1.852193631477355940e+00
1.842997987213134792e+00
1.848639347000122113e+00
1.851417754898071255e+00
1.857282373657226593e+00
1.856923685760498044e+00
1.858735041885376083e+00
1.859806248626709069e+00
1.853978663597106946e+00
1.857277180557250995e+00
1.857478480262756415e+00
1.863003556442260678e+00
1.867243555984497094e+00
1.862738335304260362e+00
1.860522032775878909e+00
1.852923656311035172e+00
1.858845370712280287e+00
1.857620281105041515e+00
1.868110834388732933e+00
1.856710461463928263e+00
1.858669731636047429e+00
1.871138770408630414e+00
1.861413653030395521e+00
1.849422452392578187e+00
1.847456495666503828e+00
1.851405465774536241e+00
1.859240151748657199e+00
1.871005841827392491e+00
1.848677888107299827e+00
1.871276558761596709e+00
1.854762338943481526e+00
1.859017799110412650e+00
1.855480073204040625e+00
1.853579633827209472e+00
