2.442018453521728638e+00
2.421721161727905081e+00
2.413978948364257970e+00
2.423652387008667031e+00
2.408184294662475633e+00
2.418355905075073142e+00
2.419362653503418059e+00
2.387753407516479687e+00
2.391510539855957074e+00
2.391861470794677924e+00
2.386723563079833799e+00
2.382314819107055559e+00
2.402436941452026353e+00
2.395214963226318439e+00
2.379323404464721570e+00
2.373685921707153312e+00
2.379196759796142757e+00
2.365852748947143702e+00
2.365131718139648509e+00
2.367895364532470737e+00
2.354325985565185686e+00
2.353225004272460730e+00
2.360420175628662243e+00
2.368982067337036312e+00
2.351931620330810713e+00
2.357221239471435581e+00
2.348523205261230373e+00
2.346592190246581833e+00
2.325115579299926960e+00
2.292161773529052926e+00
2.272152601699829244e+00
2.253456331939697410e+00
2.236548309555053571e+00
2.199578036956787219e+00
2.199480633468628099e+00
2.215312791595458908e+00
2.161244350357055755e+00
2.148726124382019265e+00
2.180761729354858236e+00
2.168551061019897475e+00
2.154929066925048708e+00
2.131646765899658291e+00
2.116045883255004867e+00
2.119639287071227951e+00
2.135988074417114468e+00
2.128271026153564449e+00
2.115456375465393002e+00
2.120559967727661199e+00
2.118552404785156273e+00
2.092711235961913996e+00
2.122554539031982213e+00
2.111319897460937511e+00
2.099374150543213080e+00
2.089444572677612300e+00
2.085785449829101523e+00
2.101091229324340670e+00
2.077653504714966015e+00
2.082884733200073057e+00
2.063318750381469613e+00
2.085454196395874149e+00
2.114170011291503837e+00
2.091114389839172194e+00
2.064275644645690910e+00
2.068463543891906564e+00
2.066644063568115364e+00
2.075557878379821641e+00
2.056541017799377258e+00
2.082046279983520432e+00
2.060639115600586102e+00
2.082245134735107417e+00
2.062659726448059061e+00
2.033202851333618000e+00
2.091071064605712682e+00
2.064115885620117385e+00
2.038611794662475774e+00
2.029224270935058527e+00
2.075266918792724624e+00
2.048810958938598770e+00
2.056988409385680949e+00
2.042593690071106138e+00
2.042756107788085806e+00
2.037082703857421961e+00
2.032753194351196502e+00
2.047626443862915036e+00
2.020831646041870044e+00
1.995863301696777281e+00
2.027295085639953420e+00
2.028695195159912146e+00
2.013610568962097336e+00
2.031466849327087321e+00
2.017840456390380677e+00
2.021011669807434075e+00
2.013480364303589010e+00
2.014594678649902271e+00
2.002302671356201103e+00
2.017218693656921413e+00
2.025830992584228607e+00
2.004234771804809689e+00
2.032531882934570433e+00
2.025173840637207068e+00
1.890595714149475137e+00
1.873461662368774316e+00
1.876519587478637785e+00
1.876295509300232034e+00
1.882007441406249981e+00
1.872172512168884362e+00
1.871599759597778245e+00
1.859576665153503505e+00
1.864149938735961909e+00
1.866236766586303775e+00
1.865014117355346723e+00
1.860188449440002501e+00
1.860268499870300296e+00
1.867345264625549284e+00
1.846892978706359933e+00
1.855722548217773493e+00
1.847534269676208485e+00
1.866436809158325216e+00
1.866244352874755874e+00
1.854677270736694306e+00
1.859694197807312044e+00
1.860486707420349051e+00
1.853135949935913018e+00
1.851963232498168965e+00
1.850656130027771074e+00
1.861871400222778306e+00
1.844343240699767961e+00
1.854572147407531846e+00
1.861437103500366286e+00
1.859412168807983434e+00
1.859002866210937466e+00
1.859683064918518092e+00
1.865049091415405202e+00
1.847994074745178184e+00
1.858717043457031259e+00
1.857217582969665548e+00
1.849715429878234785e+00
1.861952031288147014e+00
1.858763124771118269e+00
1.857247148780822643e+00
1.871093759994506778e+00
1.858740093383788983e+00
1.878375921287536610e+00
1.854253802337646473e+00
1.859536875114440990e+00
1.859882625656127830e+00
1.862709968376159653e+00
1.857481330642700268e+00
1.847980815429687507e+00
1.855422696723938003e+00
1.868853515663146947e+00
1.855642836074829161e+00
1.855189103088378921e+00
1.853384105453491193e+00
1.858473749618530180e+00
1.858360869827270445e+00
1.864003745956420932e+00
1.857804410629272374e+00
1.847402514495849690e+00
1.839191825981140171e+00
1.857095514373779288e+00
1.855832547302246116e+00
1.856365916976928654e+00
1.852610106086731045e+00
1.861575851707458540e+00
1.841272176818847583e+00
1.851907498474121061e+00
1.848700082931518551e+00
1.856470882301330505e+00
1.855023674430847258e+00
1.847761090202331591e+00
1.850454852523803817e+00
1.854459307899475107e+00
1.858297142372131283e+00
1.855141443176269611e+00
1.852940975036621030e+00
1.860953042984008876e+00
1.859228528861999408e+00
1.841849770622253413e+00
1.851922267913818310e+00
1.860222725677490141e+00
1.851285395278930768e+00
1.852076225242614838e+00
1.857814591217040956e+00
1.870484110069274841e+00
1.856543236389160079e+00
1.845884264602661196e+00
1.837572710914611829e+00
1.852526051063537516e+00
1.861427292404174816e+00
1.865800476417541542e+00
1.861081632080078041e+00
1.864185694808959903e+00
1.858028172073364237e+00
1.856323714752197374e+00
1.858649765357971217e+00
1.860226017227172957e+00
1.866662945556640585e+00
1.866982424697875897e+00
1.851155262603759732e+00
