2.417104836883544827e+00
2.428408818893432741e+00
2.413742085342407417e+00
2.399075210266113256e+00
2.410415884246825957e+00
2.418328049163818161e+00
2.425865491180419831e+00
2.393412892379760848e+00
2.399078995056152408e+00
2.383215492858886897e+00
2.401981892471313440e+00
2.402824758377075209e+00
2.386813657531738464e+00
2.393197990188598467e+00
2.379058317794799926e+00
2.364710763854980691e+00
2.370834319152832048e+00
2.373455711364746090e+00
2.374900168533325306e+00
2.364639744186401327e+00
2.353229080352783331e+00
2.353178089065551593e+00
2.372843811874389530e+00
2.353097758026123199e+00
2.348860829849243270e+00
2.368409082794189491e+00
2.357996755905151343e+00
2.340892239227295057e+00
2.318695122833251965e+00
2.289190697555541831e+00
2.272479406967163218e+00
2.234763928756713813e+00
2.239714518356323403e+00
2.198165819244384700e+00
2.191697744369506928e+00
2.190466353225708040e+00
2.148179409713744992e+00
2.178400765914917159e+00
2.137963778762817402e+00
2.136924342308044622e+00
2.150385524978637886e+00
2.148025226135253707e+00
2.110380560150146412e+00
2.124800231323242361e+00
2.119481975936889473e+00
2.138091192932129125e+00
2.102276492385864337e+00
2.093320531158447295e+00
2.078758702545166148e+00
2.100983294982910365e+00
2.094488740310668895e+00
2.086944711151123233e+00
2.092038688964843907e+00
2.102904053001403817e+00
2.098804061965942491e+00
2.071850927734375070e+00
2.075131865539550979e+00
2.081107954635620150e+00
2.059841261177063121e+00
2.099993748817444050e+00
2.070432067985534808e+00
2.039522474365234483e+00
2.063119302978515535e+00
2.074402077713012549e+00
2.058692126922607279e+00
2.089511545715331930e+00
2.053529337921142783e+00
2.068996058120727621e+00
2.073162332000732633e+00
2.050760773315429830e+00
2.068408787002563365e+00
2.068077549285888495e+00
2.077283236618042039e+00
2.062459802703857203e+00
2.053105942573547171e+00
2.043378365097046068e+00
2.072509735260009922e+00
2.067582692108154152e+00
2.083628539733886509e+00
2.053705469970703135e+00
2.022038687210082841e+00
2.024802950897216736e+00
2.018811351776123253e+00
2.013715292968750070e+00
1.997617135276794409e+00
2.016961289978027150e+00
2.006911500320434527e+00
2.013753018913269077e+00
1.994645488586425763e+00
2.028276584243774217e+00
2.034699239883422717e+00
2.014134826583862115e+00
2.007152419204711880e+00
2.008869244117736930e+00
2.015823970413208155e+00
2.008492036361694488e+00
2.010323570251464798e+00
2.023618880882263049e+00
2.016495922775268568e+00
1.993078477020263639e+00
1.891958014755249051e+00
1.882560846176147384e+00
1.864559667892456085e+00
1.866989991836547791e+00
1.861882288284301801e+00
1.858606610107421897e+00
1.859888049468994220e+00
1.856827618255615153e+00
1.861562118377685593e+00
1.856098541564941362e+00
1.855280106201171897e+00
1.865331682968139670e+00
1.855727252464294486e+00
1.856443204154968329e+00
1.861030918731689354e+00
1.849449440879821882e+00
1.844480170669555719e+00
1.846813147811889655e+00
1.842601596603393510e+00
1.852289264144897363e+00
1.839613799018859908e+00
1.847274640426635806e+00
1.844904449501037602e+00
1.833174222679138099e+00
1.825229723205566312e+00
1.839686376800537149e+00
1.846850554656982446e+00
1.848109558982849121e+00
1.847132624626159680e+00
1.843165965576171850e+00
1.847296595535278252e+00
1.854957472877502456e+00
1.840535609321594324e+00
1.847696037712097228e+00
1.852575887832641710e+00
1.851040810661315872e+00
1.847229925575256448e+00
1.833697963600158687e+00
1.852386947555541896e+00
1.850269035415649466e+00
1.847455429153442408e+00
1.842887428588867227e+00
1.852001442489624061e+00
1.851186254730224690e+00
1.853822975959777741e+00
1.822445754928588846e+00
1.853503515663146972e+00
1.841977778587341241e+00
1.850352757797241177e+00
1.853705840110778880e+00
1.832450900039672925e+00
1.838887460708618082e+00
1.841382713851928754e+00
1.847103536109924393e+00
1.841393115921020618e+00
1.845252686805725073e+00
1.846756711502075099e+00
1.833940554351806584e+00
1.834747711791992142e+00
1.827782759132385193e+00
1.841368853492736823e+00
1.822162011146545302e+00
1.847013337135315014e+00
1.845045409469604492e+00
1.831744367942810037e+00
1.843042350006103502e+00
1.832966225128173754e+00
1.830602026596069409e+00
1.843064143066406313e+00
1.849536751861572181e+00
1.840486071929931633e+00
1.839846355361938413e+00
1.824309426231384368e+00
1.833587429046630968e+00
1.854143361740112406e+00
1.842476804466247620e+00
1.846087549209594725e+00
1.836214278564453073e+00
1.848357475280761664e+00
1.849906201400756789e+00
1.844131766128540129e+00
1.852264310684204052e+00
1.851743559226989744e+00
1.836315645599365221e+00
1.841496121902465921e+00
1.838881317367553780e+00
1.838418887023925752e+00
1.838613951644897382e+00
1.837842299728393636e+00
1.859846167068481382e+00
1.845832793884277345e+00
1.845692964172363171e+00
1.851962610092163120e+00
1.838637118759155253e+00
1.835227811965942424e+00
1.846031594696044831e+00
1.824908772506713905e+00
1.842077303428649948e+00
1.846424335556030361e+00
1.841220775070190330e+00
