1.338409948348999023e+01
1.274278402328491211e+01
1.278184390068054199e+01
1.277989149093627930e+01
1.283088731765747070e+01
1.284026288986206055e+01
1.280338835716247559e+01
1.286494898796081543e+01
1.282328653335571289e+01
1.284066724777221680e+01
1.286352157592773438e+01
1.283426523208618164e+01
1.281386613845825195e+01
1.283611774444580078e+01
1.286246275901794434e+01
1.284757018089294434e+01
1.284352302551269531e+01
1.287241053581237793e+01
1.286774730682373047e+01
1.287647318840026855e+01
1.280905175209045410e+01
1.283541321754455566e+01
1.283852505683898926e+01
1.282382130622863770e+01
1.287564253807067871e+01
1.281633210182189941e+01
1.282651090621948242e+01
1.289542365074157715e+01
1.282019090652465820e+01
1.283235502243041992e+01
1.286012387275695801e+01
1.288759303092956543e+01
1.281963372230529785e+01
1.292077827453613281e+01
1.283296251296997070e+01
1.283867144584655762e+01
1.288466882705688477e+01
1.279892349243164062e+01
1.282728934288024902e+01
1.283595967292785645e+01
1.285558032989501953e+01
1.281683492660522461e+01
1.291299486160278320e+01
1.281520056724548340e+01
1.287434983253479004e+01
1.286897301673889160e+01
1.285022735595703125e+01
1.285626769065856934e+01
1.282698273658752441e+01
1.280862927436828613e+01
1.284570813179016113e+01
1.286566972732543945e+01
1.282151055335998535e+01
1.282594347000122070e+01
1.279987835884094238e+01
1.288221144676208496e+01
1.283599734306335449e+01
1.283422923088073730e+01
1.283956956863403320e+01
1.283749699592590332e+01
1.280336403846740723e+01
1.287796187400817871e+01
1.281785583496093750e+01
1.283981943130493164e+01
1.283519864082336426e+01
1.286623668670654297e+01
1.280069160461425781e+01
1.286978554725646973e+01
1.288447189331054688e+01
1.284615731239318848e+01
1.287291288375854492e+01
1.285283255577087402e+01
1.280678009986877441e+01
1.284010100364685059e+01
1.282246327400207520e+01
1.286232209205627441e+01
1.285123229026794434e+01
1.283574533462524414e+01
1.278399729728698730e+01
1.280266690254211426e+01
1.283720207214355469e+01
1.285581469535827637e+01
1.281654596328735352e+01
1.289591121673583984e+01
1.284856081008911133e+01
1.282753419876098633e+01
1.282543516159057617e+01
1.280485486984252930e+01
1.283226299285888672e+01
1.285363221168518066e+01
1.282726550102233887e+01
1.284593868255615234e+01
1.285136437416076660e+01
1.282572126388549805e+01
1.281887698173522949e+01
1.282924246788024902e+01
1.284592318534851074e+01
1.279693698883056641e+01
1.284723258018493652e+01
1.282634949684143066e+01
1.283556771278381348e+01
1.284343385696411133e+01
1.284930157661437988e+01
1.282286691665649414e+01
1.285515570640563965e+01
1.284364914894104004e+01
1.283303427696228027e+01
1.283519625663757324e+01
1.282214403152465820e+01
1.285767078399658203e+01
1.285299229621887207e+01
1.283716034889221191e+01
1.283321213722229004e+01
1.284388589859008789e+01
1.282669711112976074e+01
1.285922813415527344e+01
1.285221028327941895e+01
1.286267185211181641e+01
1.282669448852539062e+01
1.286432766914367676e+01
1.285605168342590332e+01
1.280907559394836426e+01
1.286646437644958496e+01
1.285032510757446289e+01
1.288054966926574707e+01
1.286102509498596191e+01
1.289939785003662109e+01
1.286234879493713379e+01
1.281483149528503418e+01
1.281922602653503418e+01
1.281340503692626953e+01
1.283501672744750977e+01
1.285892510414123535e+01
1.294842696189880371e+01
1.283308506011962891e+01
1.283157873153686523e+01
1.283282828330993652e+01
1.282283735275268555e+01
1.290558600425720215e+01
1.283011078834533691e+01
1.282091259956359863e+01
1.287591433525085449e+01
1.282910346984863281e+01
1.284001588821411133e+01
1.282879829406738281e+01
1.282697081565856934e+01
1.283899140357971191e+01
1.287651586532592773e+01
1.284193515777587891e+01
1.287614202499389648e+01
1.287119102478027344e+01
1.285104680061340332e+01
1.280764031410217285e+01
1.284236311912536621e+01
1.281654596328735352e+01
1.286865735054016113e+01
1.287182903289794922e+01
1.279638338088989258e+01
1.285486245155334473e+01
1.285431122779846191e+01
1.283827495574951172e+01
1.285662484169006348e+01
1.285847878456115723e+01
1.284490036964416504e+01
1.284490537643432617e+01
1.287904644012451172e+01
1.287015962600708008e+01
1.286808991432189941e+01
1.285521292686462402e+01
1.288002586364746094e+01
1.283774399757385254e+01
1.287876510620117188e+01
1.286463069915771484e+01
1.283419203758239746e+01
1.290327286720275879e+01
1.282968211174011230e+01
1.284936904907226562e+01
1.284081816673278809e+01
1.283142971992492676e+01
1.285619378089904785e+01
1.286249589920043945e+01
1.283138346672058105e+01
1.283805346488952637e+01
1.284931349754333496e+01
1.284009814262390137e+01
1.286203813552856445e+01
1.282211017608642578e+01
1.286905050277709961e+01
1.283001708984375000e+01
1.287161970138549805e+01
1.284688401222229004e+01
1.285308599472045898e+01
1.284608101844787598e+01
1.286518311500549316e+01
1.282693409919738770e+01
1.286281561851501465e+01
1.291065669059753418e+01
1.285775518417358398e+01
1.287632536888122559e+01
1.278586912155151367e+01
