9.819999694824218750e+00
1.005000019073486328e+01
1.053999996185302734e+01
1.019999980926513672e+01
1.000000000000000000e+01
1.009000015258789062e+01
1.013000011444091797e+01
1.060999965667724609e+01
9.859999656677246094e+00
1.063999938964843750e+01
9.739999771118164062e+00
1.000000000000000000e+01
1.026999950408935547e+01
1.021999931335449219e+01
1.125000000000000000e+01
1.143999958038330078e+01
1.000000000000000000e+01
1.151999950408935547e+01
1.010999965667724609e+01
1.026999950408935547e+01
1.100000000000000000e+01
1.107999992370605469e+01
1.263999938964843750e+01
1.000000000000000000e+01
1.005999946594238281e+01
1.001999950408935547e+01
1.039999961853027344e+01
1.002999973297119141e+01
1.000000000000000000e+01
1.223999977111816406e+01
1.747999954223632812e+01
1.810999870300292969e+01
1.579999923706054688e+01
1.601000022888183594e+01
1.885999870300292969e+01
1.778999900817871094e+01
1.923999977111816406e+01
2.018000030517578125e+01
1.947999954223632812e+01
1.894999885559082031e+01
2.037999916076660156e+01
2.369999885559082031e+01
2.182999992370605469e+01
2.080999946594238281e+01
2.081999969482421875e+01
2.296999931335449219e+01
1.942000007629394531e+01
2.152999877929687500e+01
2.126000022888183594e+01
2.450000000000000000e+01
2.203999900817871094e+01
2.069999885559082031e+01
1.985000038146972656e+01
2.013999938964843750e+01
2.259000015258789062e+01
2.282999992370605469e+01
2.020999908447265625e+01
2.617000007629394531e+01
2.379999923706054688e+01
2.162999916076660156e+01
2.402999877929687500e+01
2.123999977111816406e+01
2.626000022888183594e+01
2.359000015258789062e+01
2.214999961853027344e+01
2.251999855041503906e+01
2.501000022888183594e+01
2.393000030517578125e+01
2.661999893188476562e+01
2.326999855041503906e+01
2.438999938964843750e+01
2.232999992370605469e+01
2.393999862670898438e+01
2.646999931335449219e+01
2.290999984741210938e+01
2.235999870300292969e+01
2.484999847412109375e+01
2.673999977111816406e+01
2.168999862670898438e+01
2.775000000000000000e+01
2.547999954223632812e+01
2.323999977111816406e+01
2.609999847412109375e+01
2.719999885559082031e+01
2.757999992370605469e+01
2.444999885559082031e+01
2.832999992370605469e+01
2.443000030517578125e+01
2.581999969482421875e+01
2.744999885559082031e+01
2.218999862670898438e+01
2.756999969482421875e+01
2.497999954223632812e+01
2.595999908447265625e+01
2.464999961853027344e+01
2.729999923706054688e+01
2.625000000000000000e+01
2.713999938964843750e+01
2.561999893188476562e+01
2.822999954223632812e+01
2.944999885559082031e+01
2.937999916076660156e+01
2.955999946594238281e+01
2.988999938964843750e+01
3.022999954223632812e+01
2.965999984741210938e+01
3.026999855041503906e+01
3.017999839782714844e+01
3.053999900817871094e+01
3.092000007629394531e+01
3.054999923706054688e+01
3.055999946594238281e+01
3.093999862670898438e+01
3.073999977111816406e+01
3.063999938964843750e+01
3.126999855041503906e+01
3.111999893188476562e+01
3.140999984741210938e+01
3.159000015258789062e+01
3.143999862670898438e+01
3.144999885559082031e+01
3.155999946594238281e+01
3.171999931335449219e+01
3.165999984741210938e+01
3.170999908447265625e+01
3.229000091552734375e+01
3.254000091552734375e+01
3.180999946594238281e+01
3.163999938964843750e+01
3.171999931335449219e+01
3.232999801635742188e+01
3.213000106811523438e+01
3.168999862670898438e+01
3.183999824523925781e+01
3.243000030517578125e+01
3.250000000000000000e+01
3.282999801635742188e+01
3.211000061035156250e+01
3.164999961853027344e+01
3.263000106811523438e+01
3.284999847412109375e+01
3.238000106811523438e+01
3.307999801635742188e+01
3.185999870300292969e+01
3.214999771118164062e+01
3.240999984741210938e+01
3.216999816894531250e+01
3.218000030517578125e+01
3.216999816894531250e+01
3.213000106811523438e+01
3.252000045776367188e+01
3.229000091552734375e+01
3.220000076293945312e+01
3.231999969482421875e+01
3.227000045776367188e+01
3.227999877929687500e+01
3.223999786376953125e+01
3.236999893188476562e+01
3.238999938964843750e+01
3.236999893188476562e+01
3.240999984741210938e+01
3.240999984741210938e+01
3.248999786376953125e+01
3.238999938964843750e+01
3.281999969482421875e+01
3.270999908447265625e+01
3.265999984741210938e+01
3.248999786376953125e+01
3.247999954223632812e+01
3.245000076293945312e+01
3.261999893188476562e+01
3.263999938964843750e+01
3.252999877929687500e+01
3.243000030517578125e+01
3.261999893188476562e+01
3.227000045776367188e+01
3.245000076293945312e+01
3.255999755859375000e+01
3.288000106811523438e+01
3.255999755859375000e+01
3.266999816894531250e+01
3.250999832153320312e+01
3.265999984741210938e+01
3.266999816894531250e+01
3.254000091552734375e+01
3.261999893188476562e+01
3.263999938964843750e+01
3.263000106811523438e+01
3.261999893188476562e+01
3.275999832153320312e+01
3.284999847412109375e+01
3.302000045776367188e+01
3.282999801635742188e+01
3.279000091552734375e+01
3.284000015258789062e+01
3.281999969482421875e+01
3.306999969482421875e+01
3.272999954223632812e+01
3.298999786376953125e+01
3.275999832153320312e+01
