4.065132141113281250e-01
3.973598480224609375e-01
3.941185474395751953e-01
3.950295448303222656e-01
4.009158611297607422e-01
3.931002616882324219e-01
3.940956592559814453e-01
4.064028263092041016e-01
3.883752822875976562e-01
3.942782878875732422e-01
3.911459445953369141e-01
5.065810680389404297e-01
3.930015563964843750e-01
4.057495594024658203e-01
3.975422382354736328e-01
3.917810916900634766e-01
4.015383720397949219e-01
4.070897102355957031e-01
4.000928401947021484e-01
3.960213661193847656e-01
3.888411521911621094e-01
3.970961570739746094e-01
3.920986652374267578e-01
4.054522514343261719e-01
4.026896953582763672e-01
3.859496116638183594e-01
3.952093124389648438e-01
3.948349952697753906e-01
3.951385021209716797e-01
4.039745330810546875e-01
3.879406452178955078e-01
4.023058414459228516e-01
3.916010856628417969e-01
4.031536579132080078e-01
3.999693393707275391e-01
3.953237533569335938e-01
4.008188247680664062e-01
3.876683712005615234e-01
3.970179557800292969e-01
3.887295722961425781e-01
4.015977382659912109e-01
3.950622081756591797e-01
3.855407238006591797e-01
3.969762325286865234e-01
3.967423439025878906e-01
4.050073623657226562e-01
4.064846038818359375e-01
3.970108032226562500e-01
4.056510925292968750e-01
3.861608505249023438e-01
3.930456638336181641e-01
4.008364677429199219e-01
3.884847164154052734e-01
3.937988281250000000e-01
3.862729072570800781e-01
3.958249092102050781e-01
4.069001674652099609e-01
3.911089897155761719e-01
3.973796367645263672e-01
3.881101608276367188e-01
3.925919532775878906e-01
3.898994922637939453e-01
3.961646556854248047e-01
3.982398509979248047e-01
3.929417133331298828e-01
3.977906703948974609e-01
3.898632526397705078e-01
3.926773071289062500e-01
3.987092971801757812e-01
3.909687995910644531e-01
3.972518444061279297e-01
3.946967124938964844e-01
3.966019153594970703e-01
3.921053409576416016e-01
3.938965797424316406e-01
3.989486694335937500e-01
3.909125328063964844e-01
4.033923149108886719e-01
4.008100032806396484e-01
3.866999149322509766e-01
3.926627635955810547e-01
3.869001865386962891e-01
3.958442211151123047e-01
3.870060443878173828e-01
4.031674861907958984e-01
3.996953964233398438e-01
3.914728164672851562e-01
4.095129966735839844e-01
3.969812393188476562e-01
3.987672328948974609e-01
3.994781970977783203e-01
3.838474750518798828e-01
3.998954296112060547e-01
3.866393566131591797e-01
3.929557800292968750e-01
4.041764736175537109e-01
3.927459716796875000e-01
3.991379737854003906e-01
3.843364715576171875e-01
3.955509662628173828e-01
4.030284881591796875e-01
3.932290077209472656e-01
4.008488655090332031e-01
3.855130672454833984e-01
3.953616619110107422e-01
3.939139842987060547e-01
3.919997215270996094e-01
4.038290977478027344e-01
3.847115039825439453e-01
4.003441333770751953e-01
3.935570716857910156e-01
3.958566188812255859e-01
3.973078727722167969e-01
3.965308666229248047e-01
4.040706157684326172e-01
3.891413211822509766e-01
4.036638736724853516e-01
3.918230533599853516e-01
3.853037357330322266e-01
3.942179679870605469e-01
3.915891647338867188e-01
3.909969329833984375e-01
3.949971199035644531e-01
4.021668434143066406e-01
4.002304077148437500e-01
3.848729133605957031e-01
3.937397003173828125e-01
3.970003128051757812e-01
3.931555747985839844e-01
4.587068557739257812e-01
3.850584030151367188e-01
4.019973278045654297e-01
3.941512107849121094e-01
3.955671787261962891e-01
3.919303417205810547e-01
3.979539871215820312e-01
4.011852741241455078e-01
3.863821029663085938e-01
3.953773975372314453e-01
3.936002254486083984e-01
3.909466266632080078e-01
3.939673900604248047e-01
3.894443511962890625e-01
3.929986953735351562e-01
3.986272811889648438e-01
3.917365074157714844e-01
3.955719470977783203e-01
3.885290622711181641e-01
3.962349891662597656e-01
3.991143703460693359e-01
3.941657543182373047e-01
3.937015533447265625e-01
3.861498832702636719e-01
3.894395828247070312e-01
3.935806751251220703e-01
3.947410583496093750e-01
3.947660923004150391e-01
3.879001140594482422e-01
3.981430530548095703e-01
3.887617588043212891e-01
3.997228145599365234e-01
3.943233489990234375e-01
3.985197544097900391e-01
3.946805000305175781e-01
3.883090019226074219e-01
4.004340171813964844e-01
3.915231227874755859e-01
3.969178199768066406e-01
3.934288024902343750e-01
3.860211372375488281e-01
3.934400081634521484e-01
3.910431861877441406e-01
3.985035419464111328e-01
3.910973072052001953e-01
3.911151885986328125e-01
4.022126197814941406e-01
3.977260589599609375e-01
3.961803913116455078e-01
4.046900272369384766e-01
3.913640975952148438e-01
3.940365314483642578e-01
3.900864124298095703e-01
3.961501121520996094e-01
3.979737758636474609e-01
4.020931720733642578e-01
3.910498619079589844e-01
4.012444019317626953e-01
4.042038917541503906e-01
3.867132663726806641e-01
3.920753002166748047e-01
3.876590728759765625e-01
3.881459236145019531e-01
3.941814899444580078e-01
4.073972702026367188e-01
3.945612907409667969e-01
3.893756866455078125e-01
3.920462131500244141e-01
3.924489021301269531e-01
3.911840915679931641e-01
3.866972923278808594e-01
