9.939999580383300781e+00
1.053999996185302734e+01
1.028999996185302734e+01
1.030000019073486328e+01
1.150000000000000000e+01
1.000999927520751953e+01
1.000000000000000000e+01
1.000000000000000000e+01
1.005999946594238281e+01
9.729999542236328125e+00
9.979999542236328125e+00
1.028999996185302734e+01
9.819999694824218750e+00
1.064999961853027344e+01
1.143999958038330078e+01
1.002999973297119141e+01
1.000000000000000000e+01
1.052999973297119141e+01
1.034999942779541016e+01
1.018999958038330078e+01
1.275000000000000000e+01
1.000000000000000000e+01
1.086999988555908203e+01
1.000000000000000000e+01
1.035999965667724609e+01
9.889999389648437500e+00
1.000000000000000000e+01
1.003999996185302734e+01
1.000000000000000000e+01
1.296000003814697266e+01
1.786999893188476562e+01
1.637999916076660156e+01
1.300000000000000000e+01
1.155999946594238281e+01
1.844999885559082031e+01
1.693000030517578125e+01
1.988999938964843750e+01
1.446999931335449219e+01
1.925000000000000000e+01
2.129999923706054688e+01
2.021999931335449219e+01
2.118000030517578125e+01
1.902999877929687500e+01
2.026000022888183594e+01
2.170999908447265625e+01
2.167000007629394531e+01
1.764999961853027344e+01
2.281999969482421875e+01
2.029999923706054688e+01
2.032999992370605469e+01
2.026000022888183594e+01
2.220999908447265625e+01
2.197999954223632812e+01
2.023999977111816406e+01
1.997999954223632812e+01
2.178999900817871094e+01
2.161999893188476562e+01
2.446999931335449219e+01
2.011999893188476562e+01
1.979999923706054688e+01
2.392000007629394531e+01
1.995999908447265625e+01
2.355999946594238281e+01
2.300000000000000000e+01
2.362999916076660156e+01
2.325000000000000000e+01
2.185000038146972656e+01
2.252999877929687500e+01
2.038999938964843750e+01
2.714999961853027344e+01
2.412999916076660156e+01
2.302999877929687500e+01
2.462999916076660156e+01
2.487999916076660156e+01
2.406999969482421875e+01
2.443999862670898438e+01
2.353999900817871094e+01
2.522999954223632812e+01
2.695999908447265625e+01
2.547999954223632812e+01
2.513999938964843750e+01
2.264999961853027344e+01
2.638999938964843750e+01
2.737999916076660156e+01
2.297999954223632812e+01
2.394999885559082031e+01
2.663999938964843750e+01
2.403999900817871094e+01
2.805999946594238281e+01
2.430999946594238281e+01
2.562999916076660156e+01
2.351999855041503906e+01
2.843999862670898438e+01
2.203999900817871094e+01
2.803999900817871094e+01
2.809000015258789062e+01
2.605999946594238281e+01
2.747999954223632812e+01
2.457999992370605469e+01
2.538999938964843750e+01
2.944999885559082031e+01
2.973999977111816406e+01
2.954999923706054688e+01
2.963999938964843750e+01
3.013999938964843750e+01
2.954999923706054688e+01
3.056999969482421875e+01
2.984000015258789062e+01
3.059999847412109375e+01
3.101999855041503906e+01
3.065999984741210938e+01
3.039999961853027344e+01
3.087999916076660156e+01
3.030999946594238281e+01
3.072999954223632812e+01
3.106999969482421875e+01
3.142999839782714844e+01
3.131999969482421875e+01
3.134000015258789062e+01
3.123999977111816406e+01
3.106999969482421875e+01
3.155999946594238281e+01
3.172999954223632812e+01
3.157999992370605469e+01
3.178999900817871094e+01
3.206999969482421875e+01
3.218999862670898438e+01
3.198999977111816406e+01
3.175000000000000000e+01
3.159999847412109375e+01
3.218999862670898438e+01
3.223999786376953125e+01
3.140999984741210938e+01
3.178999900817871094e+01
3.241999816894531250e+01
3.238999938964843750e+01
3.229999923706054688e+01
3.215999984741210938e+01
3.172999954223632812e+01
3.234999847412109375e+01
3.225999832153320312e+01
3.236999893188476562e+01
3.300000000000000000e+01
3.176999855041503906e+01
3.223999786376953125e+01
3.221999740600585938e+01
3.175999832153320312e+01
3.126999855041503906e+01
3.220999908447265625e+01
3.193999862670898438e+01
3.261000061035156250e+01
3.229999923706054688e+01
3.218999862670898438e+01
3.221999740600585938e+01
3.232999801635742188e+01
3.225000000000000000e+01
3.234000015258789062e+01
3.231999969482421875e+01
3.243000030517578125e+01
3.236000061035156250e+01
3.247999954223632812e+01
3.241999816894531250e+01
3.243999862670898438e+01
3.240999984741210938e+01
3.275000000000000000e+01
3.255999755859375000e+01
3.256999969482421875e+01
3.241999816894531250e+01
3.255999755859375000e+01
3.239999771118164062e+01
3.261000061035156250e+01
3.268000030517578125e+01
3.259000015258789062e+01
3.245000076293945312e+01
3.263000106811523438e+01
3.231999969482421875e+01
3.245999908447265625e+01
3.247999954223632812e+01
3.273999786376953125e+01
3.252000045776367188e+01
3.257999801635742188e+01
3.238999938964843750e+01
3.259999847412109375e+01
3.257999801635742188e+01
3.259000015258789062e+01
3.257999801635742188e+01
3.261999893188476562e+01
3.268999862670898438e+01
3.263999938964843750e+01
3.271999740600585938e+01
3.282999801635742188e+01
3.300000000000000000e+01
3.272999954223632812e+01
3.288999938964843750e+01
3.279999923706054688e+01
3.282999801635742188e+01
3.304999923706054688e+01
3.281999969482421875e+01
3.277000045776367188e+01
3.284000015258789062e+01
