4.066989421844482422e-01
3.975338935852050781e-01
3.943333625793457031e-01
3.952169418334960938e-01
4.012615680694580078e-01
3.933868408203125000e-01
4.007618427276611328e-01
4.066305160522460938e-01
3.885478973388671875e-01
3.944947719573974609e-01
3.914177417755126953e-01
5.068664550781250000e-01
3.932244777679443359e-01
4.060685634613037109e-01
3.977351188659667969e-01
3.921144008636474609e-01
4.017562866210937500e-01
4.072890281677246094e-01
4.002737998962402344e-01
3.962278366088867188e-01
3.891377449035644531e-01
3.973948955535888672e-01
3.924298286437988281e-01
4.057564735412597656e-01
4.028637409210205078e-01
3.861694335937500000e-01
3.953902721405029297e-01
3.951041698455810547e-01
3.954052925109863281e-01
4.041750431060791016e-01
3.883061408996582031e-01
4.036464691162109375e-01
3.919086456298828125e-01
4.041557312011718750e-01
4.002597332000732422e-01
3.955848217010498047e-01
4.010655879974365234e-01
3.879923820495605469e-01
3.972468376159667969e-01
3.889396190643310547e-01
4.018149375915527344e-01
3.953394889831542969e-01
3.857793807983398438e-01
3.971645832061767578e-01
3.969540596008300781e-01
4.051766395568847656e-01
4.066936969757080078e-01
3.973174095153808594e-01
4.057919979095458984e-01
3.863518238067626953e-01
3.933036327362060547e-01
4.011368751525878906e-01
3.887622356414794922e-01
3.939795494079589844e-01
3.866159915924072266e-01
3.961255550384521484e-01
4.071609973907470703e-01
3.914000988006591797e-01
3.976709842681884766e-01
3.883328437805175781e-01
3.927993774414062500e-01
3.900554180145263672e-01
3.963668346405029297e-01
3.984713554382324219e-01
3.931796550750732422e-01
4.081611633300781250e-01
3.901147842407226562e-01
3.928842544555664062e-01
3.989622592926025391e-01
3.911745548248291016e-01
3.974726200103759766e-01
3.948888778686523438e-01
3.967978954315185547e-01
3.924102783203125000e-01
3.941845893859863281e-01
3.992502689361572266e-01
3.911759853363037109e-01
4.036018848419189453e-01
4.009835720062255859e-01
3.869328498840332031e-01
3.929722309112548828e-01
3.870975971221923828e-01
3.960037231445312500e-01
3.871726989746093750e-01
4.033527374267578125e-01
3.998954296112060547e-01
3.917956352233886719e-01
4.097449779510498047e-01
3.972048759460449219e-01
3.990290164947509766e-01
3.996574878692626953e-01
3.840270042419433594e-01
4.001872539520263672e-01
3.868427276611328125e-01
3.932096958160400391e-01
4.045252799987792969e-01
3.929131031036376953e-01
3.994305133819580078e-01
3.845176696777343750e-01
3.957371711730957031e-01
4.033727645874023438e-01
3.934373855590820312e-01
4.011130332946777344e-01
3.856987953186035156e-01
3.956100940704345703e-01
3.941180706024169922e-01
3.922348022460937500e-01
4.039070606231689453e-01
3.849639892578125000e-01
4.006023406982421875e-01
3.937733173370361328e-01
3.960647583007812500e-01
3.975257873535156250e-01
3.968482017517089844e-01
4.042921066284179688e-01
3.894629478454589844e-01
4.039614200592041016e-01
3.920204639434814453e-01
3.855295181274414062e-01
3.949043750762939453e-01
3.917877674102783203e-01
3.912239074707031250e-01
3.951680660247802734e-01
4.023368358612060547e-01
4.004199504852294922e-01
3.855857849121093750e-01
3.939847946166992188e-01
3.972396850585937500e-01
3.933730125427246094e-01
4.490242004394531250e-01
3.852601051330566406e-01
4.022011756896972656e-01
3.943738937377929688e-01
3.957188129425048828e-01
3.922314643859863281e-01
3.981852531433105469e-01
4.013898372650146484e-01
3.865864276885986328e-01
3.961844444274902344e-01
3.938531875610351562e-01
3.913111686706542969e-01
3.942000865936279297e-01
3.897187709808349609e-01
3.932785987854003906e-01
3.988461494445800781e-01
3.919241428375244141e-01
3.959233760833740234e-01
3.887701034545898438e-01
3.964431285858154297e-01
3.993628025054931641e-01
3.943951129913330078e-01
3.939850330352783203e-01
3.863544464111328125e-01
3.897099494934082031e-01
3.937604427337646484e-01
3.949651718139648438e-01
3.952176570892333984e-01
3.881220817565917969e-01
3.984711170196533203e-01
3.889830112457275391e-01
3.999137878417968750e-01
3.945353031158447266e-01
3.987295627593994141e-01
3.948867321014404297e-01
3.885228633880615234e-01
4.007441997528076172e-01
3.917121887207031250e-01
3.971490859985351562e-01
3.936331272125244141e-01
3.861331939697265625e-01
3.936238288879394531e-01
3.912303447723388672e-01
3.988845348358154297e-01
3.914232254028320312e-01
3.914341926574707031e-01
4.024460315704345703e-01
3.979399204254150391e-01
3.963809013366699219e-01
4.050302505493164062e-01
3.915820121765136719e-01
3.942472934722900391e-01
3.903105258941650391e-01
3.965122699737548828e-01
3.982224464416503906e-01
4.022600650787353516e-01
3.913869857788085938e-01
4.016063213348388672e-01
4.043769836425781250e-01
3.869388103485107422e-01
3.922896385192871094e-01
3.878712654113769531e-01
3.884809017181396484e-01
3.950464725494384766e-01
4.076640605926513672e-01
3.947482109069824219e-01
3.895783424377441406e-01
3.923242092132568359e-01
3.926408290863037109e-01
3.913578987121582031e-01
3.869404792785644531e-01
