2.432671753387451119e+00
2.436707140274047667e+00
2.422754969940185354e+00
2.450269082260131626e+00
2.413176763153076276e+00
2.399502842254638502e+00
2.432098658981323158e+00
2.403740757446289233e+00
2.406520415267944468e+00
2.395562258987426585e+00
2.400037123947143414e+00
2.396199095611572183e+00
2.388649151458740238e+00
2.382491548767089906e+00
2.390769135284423808e+00
2.373840032196044891e+00
2.366519278106689494e+00
2.363812751922607536e+00
2.363837203140258580e+00
2.360369302215576059e+00
2.354170649871826004e+00
2.360220649719238395e+00
2.366599093933105635e+00
2.377321349411010587e+00
2.350284567718505802e+00
2.348369975128173692e+00
2.354176840820312311e+00
2.341641120376587004e+00
2.333687232208252027e+00
2.317293269729614469e+00
2.274797223358154152e+00
2.240195368576049617e+00
2.223289469451904310e+00
2.205659524688720730e+00
2.195927035675048877e+00
2.204697405014038214e+00
2.186992108612060726e+00
2.165846993865967018e+00
2.161112345886230468e+00
2.144662328491210967e+00
2.139609987411498881e+00
2.159260640525817898e+00
2.142000482330322253e+00
2.148214861145019583e+00
2.145721620407104346e+00
2.129443715057373065e+00
2.100592425384521622e+00
2.115530100479126041e+00
2.120417068939208782e+00
2.116025239219665455e+00
2.107236039695739915e+00
2.116804669342041034e+00
2.082882874755859426e+00
2.086637486572265665e+00
2.076866265182494953e+00
2.092717591094970686e+00
2.074737476272582981e+00
2.092113502731323127e+00
2.073086313552856552e+00
2.079055951385498258e+00
2.064231322937011726e+00
2.070746377868652566e+00
2.049501856079101625e+00
2.093202321243285979e+00
2.087528754615783910e+00
2.059425190887451240e+00
2.056891713485717865e+00
2.050521594314575147e+00
2.068679431533813506e+00
2.065941747055053845e+00
2.069992304344177025e+00
2.066606681060791040e+00
2.032058944702148651e+00
2.067137977066039856e+00
2.064760344085693422e+00
2.047584176406860301e+00
2.043908831710815388e+00
2.038429540863037293e+00
2.040592820205688440e+00
2.034884878234863415e+00
2.041396003646850588e+00
2.009595650405883838e+00
2.009792478790282999e+00
2.032311353149414135e+00
2.020212679252624710e+00
2.036086129608154494e+00
2.045759854507446462e+00
2.036472619781493965e+00
2.017540502471923958e+00
2.035209841384887586e+00
2.010801500701904221e+00
2.020640828933715660e+00
2.013098982048034724e+00
2.024601208190917934e+00
2.010500071182251158e+00
2.016858416976928581e+00
2.026208484878539995e+00
2.016928825531005831e+00
2.034608703956604092e+00
2.005336224288940539e+00
1.899792502136230521e+00
1.893769489479064871e+00
1.880217333221435583e+00
1.887767480621337812e+00
1.879154597358703604e+00
1.874839407005310044e+00
1.866999543800353933e+00
1.875274929809570335e+00
1.883190248680114642e+00
1.868217236557006888e+00
1.875059516639709489e+00
1.866010611953735410e+00
1.864677999382019058e+00
1.862056337699890207e+00
1.871020900115966779e+00
1.878676237258911197e+00
1.871271615371704167e+00
1.863815042495727603e+00
1.856926243553161715e+00
1.855896794967651475e+00
1.852353436622619531e+00
1.850398920135498004e+00
1.865908400001525802e+00
1.859009861297607369e+00
1.849449320335388114e+00
1.855156562194824277e+00
1.859612615661621060e+00
1.869856086082458457e+00
1.855274527244567873e+00
1.874530530662536609e+00
1.858191225128173807e+00
1.867405698623657129e+00
1.873370554389953702e+00
1.874553625144958602e+00
1.862397260932922460e+00
1.874766702499389703e+00
1.866405408935546850e+00
1.848337971000671320e+00
1.873763778991699214e+00
1.862238219299316322e+00
1.869171827430725186e+00
1.865391945457458567e+00
1.860081999664306540e+00
1.876591237754821728e+00
1.865548739318847682e+00
1.855940000190734906e+00
1.864795940856933676e+00
1.867096227798461960e+00
1.863381694412231449e+00
1.856981763076782199e+00
1.859346586647033783e+00
1.870013621711730911e+00
1.856257634620666508e+00
1.867259624061584411e+00
1.863682831001281848e+00
1.848313862075805725e+00
1.842921424713134693e+00
1.865215953674316474e+00
1.864602341766357529e+00
1.859039440612793026e+00
1.847889567718505877e+00
1.865939466285705617e+00
1.845657612762451105e+00
1.865103229980468846e+00
1.863597535362243596e+00
1.860350724906921327e+00
1.854898475685119674e+00
1.856093101692199765e+00
1.857196120719909693e+00
1.852656162033081033e+00
1.843425150070190366e+00
1.864264596138000440e+00
1.843489987716674827e+00
1.859199153366088764e+00
1.856382844200134219e+00
1.850544000015258872e+00
1.863552173881530827e+00
1.868127994575500495e+00
1.857617180404663060e+00
1.864001148757934656e+00
1.850964247207641522e+00
1.863220459861755440e+00
1.859995931091308563e+00
1.866017710494995097e+00
1.853927603797912660e+00
1.859704628028869600e+00
1.859336852111816318e+00
1.858088099746704192e+00
1.862203053131103569e+00
1.851371920013427763e+00
1.878806120872497543e+00
1.869911219329833951e+00
1.879307470893859966e+00
1.869021408996581979e+00
1.856483735733032159e+00
1.873378323631286646e+00
1.856988670616149806e+00
1.869664945907592690e+00
1.863096800498962313e+00
1.853749458465576261e+00
