1.000000000000000000e+01
9.969999313354492188e+00
1.075000000000000000e+01
1.009999942779541016e+01
1.014999961853027344e+01
1.003999996185302734e+01
1.017000007629394531e+01
9.760000228881835938e+00
9.489999771118164062e+00
1.078999996185302734e+01
1.006999969482421875e+01
9.609999656677246094e+00
1.000000000000000000e+01
9.550000190734863281e+00
9.979999542236328125e+00
1.300000000000000000e+01
1.000000000000000000e+01
1.069999980926513672e+01
1.142999935150146484e+01
1.042999935150146484e+01
1.000000000000000000e+01
1.000000000000000000e+01
9.979999542236328125e+00
1.078999996185302734e+01
1.107999992370605469e+01
1.261999988555908203e+01
1.209999942779541016e+01
9.779999732971191406e+00
1.105000019073486328e+01
1.457999992370605469e+01
1.553999996185302734e+01
1.627000045776367188e+01
1.561999988555908203e+01
1.792000007629394531e+01
1.840999984741210938e+01
1.688999938964843750e+01
1.868000030517578125e+01
1.868000030517578125e+01
1.907999992370605469e+01
2.027999877929687500e+01
1.902000045776367188e+01
1.925000000000000000e+01
2.153999900817871094e+01
1.939999961853027344e+01
2.290999984741210938e+01
2.236999893188476562e+01
2.219999885559082031e+01
2.077999877929687500e+01
1.951000022888183594e+01
2.189999961853027344e+01
2.384000015258789062e+01
2.201999855041503906e+01
2.390999984741210938e+01
2.284000015258789062e+01
2.393999862670898438e+01
2.362999916076660156e+01
2.243000030517578125e+01
2.294999885559082031e+01
2.394999885559082031e+01
2.429999923706054688e+01
2.609999847412109375e+01
2.351000022888183594e+01
2.322999954223632812e+01
2.418999862670898438e+01
2.360999870300292969e+01
2.445999908447265625e+01
2.770999908447265625e+01
2.206999969482421875e+01
2.684000015258789062e+01
2.465999984741210938e+01
2.500000000000000000e+01
2.339999961853027344e+01
2.481999969482421875e+01
2.484000015258789062e+01
2.490999984741210938e+01
2.267000007629394531e+01
2.600000000000000000e+01
2.364999961853027344e+01
2.645999908447265625e+01
2.239999961853027344e+01
2.227999877929687500e+01
2.344999885559082031e+01
2.672999954223632812e+01
2.484999847412109375e+01
2.423999977111816406e+01
2.401000022888183594e+01
2.530999946594238281e+01
2.329999923706054688e+01
2.911999893188476562e+01
2.721999931335449219e+01
2.395999908447265625e+01
2.517000007629394531e+01
2.800000000000000000e+01
2.923999977111816406e+01
2.640999984741210938e+01
2.645999908447265625e+01
2.376999855041503906e+01
2.476000022888183594e+01
2.721999931335449219e+01
2.300000000000000000e+01
2.936999893188476562e+01
2.889999961853027344e+01
2.981999969482421875e+01
2.972999954223632812e+01
3.012999916076660156e+01
3.059999847412109375e+01
3.031999969482421875e+01
3.055999946594238281e+01
3.034000015258789062e+01
3.085999870300292969e+01
3.029999923706054688e+01
3.052999877929687500e+01
3.115999984741210938e+01
3.102999877929687500e+01
3.028999900817871094e+01
3.103999900817871094e+01
3.100999832153320312e+01
3.138999938964843750e+01
3.121999931335449219e+01
3.175999832153320312e+01
3.089999961853027344e+01
3.183999824523925781e+01
3.182999992370605469e+01
3.185999870300292969e+01
3.220000076293945312e+01
3.250999832153320312e+01
3.211999893188476562e+01
3.236000061035156250e+01
3.178999900817871094e+01
3.239999771118164062e+01
3.218000030517578125e+01
3.218999862670898438e+01
3.200000000000000000e+01
3.145999908447265625e+01
3.197999954223632812e+01
3.277999877929687500e+01
3.272999954223632812e+01
3.213999938964843750e+01
3.200000000000000000e+01
3.170999908447265625e+01
3.273999786376953125e+01
3.241999816894531250e+01
3.234999847412109375e+01
3.247999954223632812e+01
3.259999847412109375e+01
3.286999893188476562e+01
3.313000106811523438e+01
3.206999969482421875e+01
3.232999801635742188e+01
3.169999885559082031e+01
3.250000000000000000e+01
3.289999771118164062e+01
3.252999877929687500e+01
3.230999755859375000e+01
3.213999938964843750e+01
3.222999954223632812e+01
3.229999923706054688e+01
3.234999847412109375e+01
3.227999877929687500e+01
3.234999847412109375e+01
3.227999877929687500e+01
3.254000091552734375e+01
3.246999740600585938e+01
3.243999862670898438e+01
3.243000030517578125e+01
3.259999847412109375e+01
3.239999771118164062e+01
3.254000091552734375e+01
3.247999954223632812e+01
3.256999969482421875e+01
3.243000030517578125e+01
3.243999862670898438e+01
3.261000061035156250e+01
3.229000091552734375e+01
3.243999862670898438e+01
3.257999801635742188e+01
3.243999862670898438e+01
3.266999816894531250e+01
3.259999847412109375e+01
3.236000061035156250e+01
3.240999984741210938e+01
3.254999923706054688e+01
3.257999801635742188e+01
3.246999740600585938e+01
3.257999801635742188e+01
3.264999771118164062e+01
3.261999893188476562e+01
3.268000030517578125e+01
3.254999923706054688e+01
3.256999969482421875e+01
3.297999954223632812e+01
3.268999862670898438e+01
3.272999954223632812e+01
3.277999877929687500e+01
3.298999786376953125e+01
3.300999832153320312e+01
3.281999969482421875e+01
3.277999877929687500e+01
3.304000091552734375e+01
3.295999908447265625e+01
