2.495659436035156276e+00
2.514641815261840829e+00
2.491028981094360439e+00
2.476362436752319152e+00
2.503511269607543888e+00
2.499710077743530157e+00
2.497914716415405412e+00
2.530767228775024247e+00
2.607170881805419782e+00
2.668068259201049841e+00
2.656627588195800804e+00
2.593408227691650580e+00
2.584764803924560539e+00
2.554838515090942508e+00
2.596005083770752009e+00
2.515263668365478544e+00
2.534530592575073182e+00
2.542002755584716667e+00
2.541804132461547905e+00
2.532599495468139672e+00
2.535265950622558773e+00
2.581160476837158324e+00
2.542787321548461765e+00
2.543967556076049963e+00
2.504809572525024564e+00
2.475977830276489211e+00
2.468710962524414132e+00
2.505693390197754056e+00
2.461848329620361486e+00
2.469917583770751879e+00
2.440693928833007842e+00
2.440772081146240335e+00
2.434075347366333020e+00
2.428850529632568200e+00
2.458071294784546001e+00
2.465503465042114151e+00
2.417463905715942385e+00
2.423946618576049872e+00
2.421264350585937475e+00
2.444653070602416989e+00
2.389123348159789995e+00
2.412784139404296813e+00
2.393001737976074406e+00
2.405971587448120008e+00
2.392462934951782305e+00
2.382439608612060500e+00
2.391592833023071130e+00
2.407837929992675985e+00
2.407552135314941388e+00
2.397445183105468836e+00
2.398434429473876861e+00
2.401421703338622926e+00
2.393656344299316618e+00
2.374725766906738311e+00
2.366642387619018351e+00
2.370825607986450034e+00
2.381921394119262736e+00
2.367963884811401520e+00
2.343797362747192192e+00
2.353531226119994990e+00
2.339755900878906392e+00
2.314854126586914251e+00
2.278193289794921750e+00
2.246785711669921692e+00
2.250012826461791793e+00
2.194717510528564564e+00
2.207103495788574232e+00
2.198308101654052660e+00
2.159075382766723727e+00
2.148617468719482559e+00
2.168753702774047998e+00
2.168666113967895548e+00
2.183655543518066455e+00
2.203816550521850548e+00
2.180353177032470668e+00
2.143628257751464705e+00
2.164106593933105671e+00
2.148315572433471488e+00
2.180828245315551861e+00
2.174473196411133014e+00
2.131801238822936817e+00
2.149014230117797908e+00
2.144701081695556510e+00
2.161698573608398455e+00
2.178075275573730263e+00
2.191597640991211016e+00
2.174644750061035303e+00
2.179347859420776246e+00
2.163586096954345894e+00
2.189077163619995048e+00
2.163819990005493299e+00
2.154481833038329963e+00
2.160156421203613064e+00
2.155954309539795055e+00
2.127669965133666796e+00
2.158061261978149403e+00
2.157304325637817488e+00
2.154107379608154460e+00
2.170686094207763706e+00
2.150730461578369113e+00
2.018998623504638879e+00
2.005851902313232404e+00
1.997786409454345602e+00
1.991722912979126070e+00
1.984236756286620995e+00
1.983818770446777346e+00
1.973848221168517991e+00
1.973305767631530871e+00
1.961771427154541003e+00
1.961408967666625980e+00
1.959983092803954996e+00
1.958140727386474600e+00
1.956854702606201091e+00
1.955368990745544489e+00
1.951586606636047438e+00
1.941465710906982389e+00
1.945906968765258815e+00
1.947991345176696809e+00
1.939505814437866293e+00
1.938062854919433642e+00
1.933277262802123975e+00
1.927292234573364293e+00
1.920991838264465290e+00
1.920254659118652452e+00
1.917156051864624011e+00
1.910939492874145440e+00
1.914459433975219671e+00
1.908901033592224072e+00
1.919355600051879884e+00
1.904898270416259809e+00
1.905384244194030741e+00
1.899152472114562951e+00
1.893660641098022568e+00
1.902195244750976455e+00
1.898340240325927741e+00
1.895174568481445387e+00
1.891356592330932562e+00
1.888801663436889600e+00
1.887218387413024834e+00
1.894345115699768156e+00
1.892255308761596755e+00
1.880723676795959420e+00
1.879123482780456600e+00
1.880216396560668857e+00
1.873498526687622068e+00
1.865005534324645886e+00
1.873488851013183520e+00
1.877308173828124982e+00
1.882470511322021478e+00
1.863739197616577137e+00
1.859453300857544011e+00
1.859716907806396424e+00
1.861632963600158730e+00
1.859342591361999419e+00
1.858287329063415427e+00
1.866501210556030355e+00
1.859816892852783177e+00
1.864247817726135237e+00
1.859331318168640168e+00
1.865182644157409753e+00
1.865275185813903835e+00
1.857404444885253803e+00
1.859612723770141640e+00
1.853772056579589878e+00
1.867516069068908768e+00
1.849478488922119190e+00
1.860118744926452683e+00
1.871087086334228600e+00
1.852121457176208574e+00
1.857291054992675772e+00
1.856018395767211837e+00
1.856042734069824229e+00
1.851183345947265524e+00
1.853643762588500943e+00
1.849767574539184611e+00
1.854731388969421468e+00
1.849056920394897441e+00
1.853900744285583491e+00
1.859541917381286602e+00
1.853571289291381818e+00
1.849337393760681181e+00
1.857248993797302239e+00
1.859255173645019577e+00
1.855230688362121683e+00
1.843581491470337008e+00
1.856064997711181608e+00
1.852606731033325183e+00
1.848457780570983866e+00
1.854485461730956963e+00
1.846094730987548838e+00
1.849416703186035127e+00
1.855433869667053148e+00
1.854075495605468804e+00
1.847392795143127486e+00
1.850244480323791407e+00
1.848402308349609280e+00
1.852686513824462811e+00
1.845076302299499593e+00
1.846074013366699296e+00
1.846168529968261751e+00
