1.297201848030090332e+01
1.235959863662719727e+01
1.237845635414123535e+01
1.240069270133972168e+01
1.240370607376098633e+01
1.243939995765686035e+01
1.245213317871093750e+01
1.250561475753784180e+01
1.248616361618041992e+01
1.249322104454040527e+01
1.247177910804748535e+01
1.234618878364562988e+01
1.249296045303344727e+01
1.251570725440979004e+01
1.247849607467651367e+01
1.246280431747436523e+01
1.246159243583679199e+01
1.247779226303100586e+01
1.251313853263854980e+01
1.252518653869628906e+01
1.245584321022033691e+01
1.248577642440795898e+01
1.252763891220092773e+01
1.250172519683837891e+01
1.250115704536437988e+01
1.245215034484863281e+01
1.249587821960449219e+01
1.248809218406677246e+01
1.246131324768066406e+01
1.250400424003601074e+01
1.249311017990112305e+01
1.247006583213806152e+01
1.249501514434814453e+01
1.245506620407104492e+01
1.248313236236572266e+01
1.244479680061340332e+01
1.245550727844238281e+01
1.247933721542358398e+01
1.244525098800659180e+01
1.248351716995239258e+01
1.252378726005554199e+01
1.250101304054260254e+01
1.244695615768432617e+01
1.245192766189575195e+01
1.246344494819641113e+01
1.248289918899536133e+01
1.245468163490295410e+01
1.247997832298278809e+01
1.246681880950927734e+01
1.252460670471191406e+01
1.249772334098815918e+01
1.252062559127807617e+01
1.244360947608947754e+01
1.245739531517028809e+01
1.253709864616394043e+01
1.249502825736999512e+01
1.248065495491027832e+01
1.251617074012756348e+01
1.248764848709106445e+01
1.249615454673767090e+01
1.248965406417846680e+01
1.255723118782043457e+01
1.245370578765869141e+01
1.248567008972167969e+01
1.247734236717224121e+01
1.242336153984069824e+01
1.245212817192077637e+01
1.244077038764953613e+01
1.253880858421325684e+01
1.248798990249633789e+01
1.243818330764770508e+01
1.252575850486755371e+01
1.250486493110656738e+01
1.254482364654541016e+01
1.244212198257446289e+01
1.245684409141540527e+01
1.249063992500305176e+01
1.249025249481201172e+01
1.250454592704772949e+01
1.250506305694580078e+01
1.249221372604370117e+01
1.249756002426147461e+01
1.251494288444519043e+01
1.248676633834838867e+01
1.252561306953430176e+01
1.247723937034606934e+01
1.254511308670043945e+01
1.250308275222778320e+01
1.248242378234863281e+01
1.247296047210693359e+01
1.245113468170166016e+01
1.249900603294372559e+01
1.248462700843811035e+01
1.245873904228210449e+01
1.246379232406616211e+01
1.248960638046264648e+01
1.244267678260803223e+01
1.245703458786010742e+01
1.246824049949645996e+01
1.249625754356384277e+01
1.250767469406127930e+01
1.243512010574340820e+01
1.245156598091125488e+01
1.254892110824584961e+01
1.249907898902893066e+01
1.247389531135559082e+01
1.244561815261840820e+01
1.249092531204223633e+01
1.248252654075622559e+01
1.247304797172546387e+01
1.251817274093627930e+01
1.248113679885864258e+01
1.244773149490356445e+01
1.248855972290039062e+01
1.245203518867492676e+01
1.248259472846984863e+01
1.247296977043151855e+01
1.250160670280456543e+01
1.245627593994140625e+01
1.246463465690612793e+01
1.250801110267639160e+01
1.247400808334350586e+01
1.248189854621887207e+01
1.252031278610229492e+01
1.248458957672119141e+01
1.249467563629150391e+01
1.248288941383361816e+01
1.245405721664428711e+01
1.249142837524414062e+01
1.246423077583312988e+01
1.250069308280944824e+01
1.248185181617736816e+01
1.249509215354919434e+01
1.248699164390563965e+01
1.249935913085937500e+01
1.251306939125061035e+01
1.251129698753356934e+01
1.252498173713684082e+01
1.248764443397521973e+01
1.246495199203491211e+01
1.245651340484619141e+01
1.250396752357482910e+01
1.249983668327331543e+01
1.247870326042175293e+01
1.246124649047851562e+01
1.247683620452880859e+01
1.249512863159179688e+01
1.246261763572692871e+01
1.244575476646423340e+01
1.250886273384094238e+01
1.248778724670410156e+01
1.248278236389160156e+01
1.251304292678833008e+01
1.250143408775329590e+01
1.247234630584716797e+01
1.252842211723327637e+01
1.249528503417968750e+01
1.249802088737487793e+01
1.249170017242431641e+01
1.248686933517456055e+01
1.252033829689025879e+01
1.247903132438659668e+01
1.249886775016784668e+01
1.244000339508056641e+01
1.248232245445251465e+01
1.247535729408264160e+01
1.245438051223754883e+01
1.246690130233764648e+01
1.246410083770751953e+01
1.247685980796813965e+01
1.247528195381164551e+01
1.248381304740905762e+01
1.245301103591918945e+01
1.245413589477539062e+01
1.252496910095214844e+01
1.246046471595764160e+01
1.248630452156066895e+01
1.246772766113281250e+01
1.251684880256652832e+01
1.247202205657958984e+01
1.249855470657348633e+01
1.248539423942565918e+01
1.243154191970825195e+01
1.253810739517211914e+01
1.247408461570739746e+01
1.249761533737182617e+01
1.255601167678833008e+01
1.246909904479980469e+01
1.248789620399475098e+01
1.252706933021545410e+01
1.246156573295593262e+01
1.251725721359252930e+01
1.247250103950500488e+01
1.253457164764404297e+01
1.247020387649536133e+01
1.250001502037048340e+01
1.247691702842712402e+01
1.245679330825805664e+01
1.247194743156433105e+01
1.244728326797485352e+01
