1.000000000000000000e+01
1.113000011444091797e+01
1.000000000000000000e+01
9.939999580383300781e+00
9.529999732971191406e+00
9.880000114440917969e+00
9.689999580383300781e+00
1.036999988555908203e+01
1.009000015258789062e+01
8.710000038146972656e+00
1.003999996185302734e+01
9.949999809265136719e+00
1.013000011444091797e+01
9.800000190734863281e+00
9.909999847412109375e+00
1.053999996185302734e+01
1.077999973297119141e+01
1.059999942779541016e+01
9.699999809265136719e+00
1.032999992370605469e+01
1.000999927520751953e+01
1.057999992370605469e+01
1.000000000000000000e+01
1.096999931335449219e+01
1.038000011444091797e+01
1.021000003814697266e+01
1.090999984741210938e+01
1.005999946594238281e+01
1.001999950408935547e+01
1.009000015258789062e+01
1.009000015258789062e+01
1.000000000000000000e+01
1.018999958038330078e+01
1.025000000000000000e+01
1.000000000000000000e+01
1.000000000000000000e+01
1.047999954223632812e+01
1.196000003814697266e+01
1.000000000000000000e+01
1.000000000000000000e+01
1.122999954223632812e+01
1.038000011444091797e+01
1.000000000000000000e+01
1.007999992370605469e+01
1.268999958038330078e+01
1.031999969482421875e+01
1.000000000000000000e+01
1.110999965667724609e+01
1.073999977111816406e+01
1.000000000000000000e+01
1.000000000000000000e+01
1.047999954223632812e+01
1.015999984741210938e+01
9.960000038146972656e+00
1.005999946594238281e+01
1.381999969482421875e+01
1.446999931335449219e+01
1.421999931335449219e+01
1.325000000000000000e+01
1.028999996185302734e+01
1.413000011444091797e+01
1.509999942779541016e+01
1.632999992370605469e+01
1.873999977111816406e+01
1.787999916076660156e+01
1.627999877929687500e+01
1.822999954223632812e+01
2.051000022888183594e+01
1.669999885559082031e+01
1.584999942779541016e+01
1.919999885559082031e+01
1.956999969482421875e+01
1.642000007629394531e+01
1.638999938964843750e+01
2.102999877929687500e+01
1.605999946594238281e+01
2.165999984741210938e+01
2.036999893188476562e+01
2.293999862670898438e+01
2.151999855041503906e+01
2.155999946594238281e+01
2.279999923706054688e+01
1.900000000000000000e+01
2.065999984741210938e+01
1.770999908447265625e+01
1.960000038146972656e+01
1.696999931335449219e+01
1.722999954223632812e+01
1.982999992370605469e+01
1.930999946594238281e+01
1.935999870300292969e+01
2.087999916076660156e+01
2.101000022888183594e+01
2.153999900817871094e+01
1.659000015258789062e+01
1.851000022888183594e+01
1.710999870300292969e+01
1.985999870300292969e+01
2.220999908447265625e+01
1.848999977111816406e+01
2.422999954223632812e+01
2.460999870300292969e+01
2.539999961853027344e+01
2.601000022888183594e+01
2.567000007629394531e+01
2.692000007629394531e+01
2.723999977111816406e+01
2.734999847412109375e+01
2.796999931335449219e+01
2.821999931335449219e+01
2.809999847412109375e+01
2.809000015258789062e+01
2.884999847412109375e+01
2.752999877929687500e+01
2.752999877929687500e+01
2.797999954223632812e+01
2.722999954223632812e+01
2.860999870300292969e+01
2.854999923706054688e+01
2.922999954223632812e+01
2.901999855041503906e+01
2.948999977111816406e+01
2.960999870300292969e+01
2.989999961853027344e+01
2.953999900817871094e+01
2.945999908447265625e+01
3.068999862670898438e+01
3.092000007629394531e+01
3.075000000000000000e+01
3.006999969482421875e+01
2.942000007629394531e+01
3.061999893188476562e+01
3.134000015258789062e+01
3.100999832153320312e+01
3.117999839782714844e+01
3.194999885559082031e+01
2.940999984741210938e+01
3.186999893188476562e+01
3.039999961853027344e+01
3.170999908447265625e+01
3.181999969482421875e+01
3.096999931335449219e+01
3.211000061035156250e+01
3.167999839782714844e+01
3.169999885559082031e+01
3.150000000000000000e+01
3.284999847412109375e+01
3.313000106811523438e+01
3.234000015258789062e+01
3.325999832153320312e+01
3.354999923706054688e+01
3.338999938964843750e+01
3.327000045776367188e+01
3.318999862670898438e+01
3.318000030517578125e+01
3.336000061035156250e+01
3.320999908447265625e+01
3.297999954223632812e+01
3.290999984741210938e+01
3.311999893188476562e+01
3.334999847412109375e+01
3.338999938964843750e+01
3.318000030517578125e+01
3.306999969482421875e+01
3.332999801635742188e+01
3.325999832153320312e+01
3.320000076293945312e+01
3.311999893188476562e+01
3.315999984741210938e+01
3.298999786376953125e+01
3.314999771118164062e+01
3.302000045776367188e+01
3.300999832153320312e+01
3.302999877929687500e+01
3.331999969482421875e+01
3.305999755859375000e+01
3.316999816894531250e+01
3.318000030517578125e+01
3.316999816894531250e+01
3.311000061035156250e+01
3.332999801635742188e+01
3.321999740600585938e+01
3.313999938964843750e+01
3.323999786376953125e+01
3.298999786376953125e+01
3.321999740600585938e+01
3.315999984741210938e+01
3.341999816894531250e+01
3.337999725341796875e+01
3.322999954223632812e+01
3.336999893188476562e+01
3.337999725341796875e+01
3.337999725341796875e+01
3.318999862670898438e+01
3.323999786376953125e+01
3.350999832153320312e+01
3.332999801635742188e+01
3.348999786376953125e+01
3.337999725341796875e+01
3.379999923706054688e+01
