2.243070936203002930e+01
2.201416540145874023e+01
2.200999021530151367e+01
2.199104309082031250e+01
2.219032382965087891e+01
2.218924045562744141e+01
2.210077285766601562e+01
2.248198843002319336e+01
2.248678350448608398e+01
2.207705163955688477e+01
2.205868792533874512e+01
2.280305933952331543e+01
2.202755641937255859e+01
2.263963150978088379e+01
2.224215865135192871e+01
2.291701793670654297e+01
2.220744371414184570e+01
2.255504536628723145e+01
2.215829658508300781e+01
2.211602497100830078e+01
2.202680706977844238e+01
2.218108272552490234e+01
2.207764101028442383e+01
2.212897229194641113e+01
2.208778810501098633e+01
2.198044276237487793e+01
2.202693152427673340e+01
2.208786177635192871e+01
2.202992272377014160e+01
2.212201786041259766e+01
2.188640928268432617e+01
2.216742491722106934e+01
2.206942892074584961e+01
2.240167593955993652e+01
2.237557482719421387e+01
2.239102840423583984e+01
2.248500728607177734e+01
2.231804776191711426e+01
2.226585769653320312e+01
2.222772455215454102e+01
2.207567024230957031e+01
2.214633226394653320e+01
2.204693675041198730e+01
2.213669800758361816e+01
2.222550606727600098e+01
2.257321333885192871e+01
2.210886669158935547e+01
2.218407535552978516e+01
2.218926525115966797e+01
2.204400062561035156e+01
2.253737783432006836e+01
2.216007947921752930e+01
2.227101683616638184e+01
2.213596749305725098e+01
2.229882526397705078e+01
2.216631698608398438e+01
2.218213820457458496e+01
2.188973498344421387e+01
2.226443052291870117e+01
2.242477083206176758e+01
2.243931007385253906e+01
2.200461554527282715e+01
2.246299672126770020e+01
2.212835097312927246e+01
2.227048897743225098e+01
2.200051712989807129e+01
2.208598303794860840e+01
2.250184440612792969e+01
2.224022293090820312e+01
2.201030635833740234e+01
2.222191786766052246e+01
2.219419670104980469e+01
2.199983668327331543e+01
2.215393757820129395e+01
2.227938294410705566e+01
2.205530881881713867e+01
2.222442674636840820e+01
2.226563739776611328e+01
2.232018113136291504e+01
2.223050951957702637e+01
2.248054575920104980e+01
2.202609229087829590e+01
2.208914184570312500e+01
2.257110762596130371e+01
2.210263252258300781e+01
2.215886807441711426e+01
2.192939686775207520e+01
2.234443116188049316e+01
2.202685952186584473e+01
2.233625698089599609e+01
2.225421667098999023e+01
2.193999242782592773e+01
2.214341497421264648e+01
2.238152599334716797e+01
2.211810469627380371e+01
2.205755591392517090e+01
2.229402089118957520e+01
2.217453789710998535e+01
2.191132807731628418e+01
2.199212121963500977e+01
2.197605085372924805e+01
2.223636269569396973e+01
2.230039310455322266e+01
2.225655508041381836e+01
2.207123851776123047e+01
2.238336730003356934e+01
2.237501811981201172e+01
2.245034074783325195e+01
2.210485339164733887e+01
2.237825131416320801e+01
2.225181341171264648e+01
2.221149516105651855e+01
2.218847227096557617e+01
2.223971462249755859e+01
2.208209776878356934e+01
2.230080604553222656e+01
2.208656120300292969e+01
2.230141568183898926e+01
2.230971121788024902e+01
2.206239461898803711e+01
2.236063265800476074e+01
2.211219286918640137e+01
2.215485477447509766e+01
2.215064668655395508e+01
2.230897045135498047e+01
2.212775444984436035e+01
2.236363267898559570e+01
2.217566180229187012e+01
2.215359282493591309e+01
2.280369162559509277e+01
2.246942687034606934e+01
2.242046117782592773e+01
2.241260170936584473e+01
2.218179726600646973e+01
2.202920818328857422e+01
2.210222268104553223e+01
2.238448643684387207e+01
2.224886417388916016e+01
2.232301735877990723e+01
2.222955656051635742e+01
2.235773229598999023e+01
2.213917016983032227e+01
2.207075858116149902e+01
2.226028227806091309e+01
2.236855816841125488e+01
2.236128330230712891e+01
2.199241423606872559e+01
2.242001366615295410e+01
2.219322347640991211e+01
2.237268185615539551e+01
2.259603953361511230e+01
2.215056180953979492e+01
2.224371600151062012e+01
2.221041488647460938e+01
2.250297641754150391e+01
2.239215135574340820e+01
2.200306987762451172e+01
2.197008013725280762e+01
2.213179063796997070e+01
2.216746950149536133e+01
2.241878962516784668e+01
2.260973429679870605e+01
2.256618022918701172e+01
2.221739363670349121e+01
2.257451987266540527e+01
2.229379439353942871e+01
2.236971569061279297e+01
2.240689110755920410e+01
2.263405036926269531e+01
2.223626112937927246e+01
2.233804130554199219e+01
2.204102206230163574e+01
2.237794828414916992e+01
2.201763820648193359e+01
2.200634407997131348e+01
2.241301488876342773e+01
2.223112058639526367e+01
2.254429554939270020e+01
2.240402460098266602e+01
2.218409681320190430e+01
2.202893710136413574e+01
2.198521375656127930e+01
2.249643945693969727e+01
2.241815114021301270e+01
2.233031225204467773e+01
2.216727828979492188e+01
2.228176164627075195e+01
2.253882241249084473e+01
2.232803988456726074e+01
2.199201345443725586e+01
2.193224668502807617e+01
2.221640014648437500e+01
2.252927947044372559e+01
2.220188188552856445e+01
2.203727769851684570e+01
2.233540105819702148e+01
2.209142041206359863e+01
2.269653272628784180e+01
2.203863811492919922e+01
2.168154716491699219e+01
