1.299743533134460449e+01
1.244470858573913574e+01
1.253335332870483398e+01
1.241492891311645508e+01
1.255700731277465820e+01
1.254212188720703125e+01
1.258835458755493164e+01
1.254241633415222168e+01
1.248676109313964844e+01
1.249385833740234375e+01
1.252239704132080078e+01
1.257291960716247559e+01
1.257224416732788086e+01
1.256349563598632812e+01
1.256860589981079102e+01
1.255883264541625977e+01
1.271027302742004395e+01
1.257746219635009766e+01
1.259728074073791504e+01
1.266427659988403320e+01
1.269584441184997559e+01
1.273868393898010254e+01
1.263254380226135254e+01
1.258703899383544922e+01
1.257931804656982422e+01
1.258926439285278320e+01
1.259377312660217285e+01
1.260498213768005371e+01
1.263169193267822266e+01
1.264453411102294922e+01
1.265313005447387695e+01
1.260545849800109863e+01
1.258887434005737305e+01
1.256234812736511230e+01
1.255543613433837891e+01
1.267706418037414551e+01
1.265740418434143066e+01
1.260978794097900391e+01
1.257418608665466309e+01
1.275167894363403320e+01
1.265404057502746582e+01
1.269567179679870605e+01
1.272147440910339355e+01
1.265775299072265625e+01
1.254364275932312012e+01
1.253083944320678711e+01
1.259011721611022949e+01
1.258139753341674805e+01
1.256431984901428223e+01
1.259508967399597168e+01
1.257146310806274414e+01
1.265319275856018066e+01
1.265920877456665039e+01
1.262184572219848633e+01
1.268367981910705566e+01
1.262699246406555176e+01
1.259620881080627441e+01
1.261983084678649902e+01
1.259920644760131836e+01
1.257080221176147461e+01
1.259932851791381836e+01
1.257203340530395508e+01
1.257347989082336426e+01
1.266668844223022461e+01
1.257116627693176270e+01
1.255875682830810547e+01
1.264274549484252930e+01
1.258239126205444336e+01
1.259220743179321289e+01
1.266970872879028320e+01
1.257268977165222168e+01
1.256116676330566406e+01
1.258282732963562012e+01
1.266286802291870117e+01
1.255168604850769043e+01
1.267163157463073730e+01
1.259256362915039062e+01
1.266646480560302734e+01
1.261621999740600586e+01
1.257837867736816406e+01
1.268537616729736328e+01
1.257730960845947266e+01
1.256395292282104492e+01
1.256519079208374023e+01
1.261677455902099609e+01
1.263006114959716797e+01
1.263720941543579102e+01
1.267454028129577637e+01
1.275165414810180664e+01
1.264252352714538574e+01
1.264870929718017578e+01
1.266985440254211426e+01
1.263946580886840820e+01
1.266047453880310059e+01
1.270883727073669434e+01
1.259327363967895508e+01
1.260673451423645020e+01
1.261046195030212402e+01
1.258795428276062012e+01
1.257930970191955566e+01
1.267120051383972168e+01
1.261948943138122559e+01
1.262236833572387695e+01
1.261774635314941406e+01
1.268948268890380859e+01
1.265156698226928711e+01
1.267207312583923340e+01
1.263108205795288086e+01
1.260719704627990723e+01
1.269252943992614746e+01
1.270433282852172852e+01
1.256135320663452148e+01
1.256659483909606934e+01
1.254833316802978516e+01
1.268111300468444824e+01
1.266119003295898438e+01
1.265646719932556152e+01
1.265348362922668457e+01
1.254827404022216797e+01
1.265854287147521973e+01
1.256493854522705078e+01
1.259729480743408203e+01
1.258150792121887207e+01
1.260406112670898438e+01
1.262875270843505859e+01
1.256863784790039062e+01
1.258150649070739746e+01
1.264676976203918457e+01
1.266555523872375488e+01
1.260559535026550293e+01
1.256132531166076660e+01
1.257742190361022949e+01
1.264319372177124023e+01
1.261360096931457520e+01
1.266422033309936523e+01
1.262418174743652344e+01
1.260583758354187012e+01
1.258462905883789062e+01
1.257204461097717285e+01
1.256904339790344238e+01
1.260450816154479980e+01
1.271037578582763672e+01
1.256089615821838379e+01
1.252472901344299316e+01
1.256770086288452148e+01
1.264260482788085938e+01
1.266382002830505371e+01
1.269866752624511719e+01
1.261868119239807129e+01
1.265772342681884766e+01
1.257212567329406738e+01
1.259676361083984375e+01
1.270811986923217773e+01
1.254785394668579102e+01
1.257667922973632812e+01
1.262364935874938965e+01
1.259741187095642090e+01
1.253463816642761230e+01
1.267645788192749023e+01
1.262732362747192383e+01
1.268320107460021973e+01
1.263483572006225586e+01
1.253001379966735840e+01
1.259998726844787598e+01
1.264502739906311035e+01
1.263241791725158691e+01
1.259246182441711426e+01
1.264588022232055664e+01
1.266738319396972656e+01
1.259989428520202637e+01
1.263845562934875488e+01
1.262632393836975098e+01
1.263538956642150879e+01
1.263839840888977051e+01
1.262197947502136230e+01
1.265011882781982422e+01
1.265475702285766602e+01
1.263501811027526855e+01
1.265978646278381348e+01
1.265178012847900391e+01
1.259697675704956055e+01
1.256017804145812988e+01
1.256742215156555176e+01
1.256842207908630371e+01
1.265259361267089844e+01
1.255800867080688477e+01
1.253261041641235352e+01
1.264192271232604980e+01
1.259699654579162598e+01
1.258247590065002441e+01
1.259556412696838379e+01
1.265111231803894043e+01
1.256116104125976562e+01
1.257677149772644043e+01
1.254602575302124023e+01
1.256580209732055664e+01
1.262283849716186523e+01
1.262000346183776855e+01
1.263963484764099121e+01
1.260581278800964355e+01
