2.244359183311462402e+01
2.189487886428833008e+01
2.173713183403015137e+01
2.214017128944396973e+01
2.207015776634216309e+01
2.226863694190979004e+01
2.238257431983947754e+01
2.244169640541076660e+01
2.253233981132507324e+01
2.249841475486755371e+01
2.228166437149047852e+01
2.285154438018798828e+01
2.200604510307312012e+01
2.255441188812255859e+01
2.225308322906494141e+01
2.224576020240783691e+01
2.233134031295776367e+01
2.209946894645690918e+01
2.242198920249938965e+01
2.273524928092956543e+01
2.205663824081420898e+01
2.242849111557006836e+01
2.251495766639709473e+01
2.249629473686218262e+01
2.216234588623046875e+01
2.253556990623474121e+01
2.194087791442871094e+01
2.255701971054077148e+01
2.210884141921997070e+01
2.228636479377746582e+01
2.218136382102966309e+01
2.216655278205871582e+01
2.229733085632324219e+01
2.232738542556762695e+01
2.258860445022583008e+01
2.235950112342834473e+01
2.227050805091857910e+01
2.191857218742370605e+01
2.209880805015563965e+01
2.247131609916687012e+01
2.261962866783142090e+01
2.198555564880371094e+01
2.204087448120117188e+01
2.224709463119506836e+01
2.224305176734924316e+01
2.220849967002868652e+01
2.215804696083068848e+01
2.198230791091918945e+01
2.230104470252990723e+01
2.223381423950195312e+01
2.245021200180053711e+01
2.218418359756469727e+01
2.250377798080444336e+01
2.243135547637939453e+01
2.238634157180786133e+01
2.210688185691833496e+01
2.254924011230468750e+01
2.187871122360229492e+01
2.231746697425842285e+01
2.186350631713867188e+01
2.190512657165527344e+01
2.232543277740478516e+01
2.218096566200256348e+01
2.206996393203735352e+01
2.217933988571166992e+01
2.201264834403991699e+01
2.230817317962646484e+01
2.197491407394409180e+01
2.222651910781860352e+01
2.224226737022399902e+01
2.235126328468322754e+01
2.224649739265441895e+01
2.216264700889587402e+01
2.230532598495483398e+01
2.212414622306823730e+01
2.229183816909790039e+01
2.220410084724426270e+01
2.246675276756286621e+01
2.230611586570739746e+01
2.198007726669311523e+01
2.225587511062622070e+01
2.216522765159606934e+01
2.228957295417785645e+01
2.217728638648986816e+01
2.251592659950256348e+01
2.239746928215026855e+01
2.220164847373962402e+01
2.265405082702636719e+01
2.196984267234802246e+01
2.212860774993896484e+01
2.208248829841613770e+01
2.221831488609313965e+01
2.255305910110473633e+01
2.196547436714172363e+01
2.221308684349060059e+01
2.214370512962341309e+01
2.211888957023620605e+01
2.226211977005004883e+01
2.217569255828857422e+01
2.239229583740234375e+01
2.213694810867309570e+01
2.215434288978576660e+01
2.208879375457763672e+01
2.217645597457885742e+01
2.195578932762145996e+01
2.206145954132080078e+01
2.206469440460205078e+01
2.233230161666870117e+01
2.192853903770446777e+01
2.212737321853637695e+01
2.220871686935424805e+01
2.239993166923522949e+01
2.213320159912109375e+01
2.252103734016418457e+01
2.237629652023315430e+01
2.214640712738037109e+01
2.219200325012207031e+01
2.221493339538574219e+01
2.199798059463500977e+01
2.201290297508239746e+01
2.204728674888610840e+01
2.212415075302124023e+01
2.201741838455200195e+01
2.239487552642822266e+01
2.223660397529602051e+01
2.203272771835327148e+01
2.233896231651306152e+01
2.199312877655029297e+01
2.228323101997375488e+01
2.226242637634277344e+01
2.250362467765808105e+01
2.214985370635986328e+01
2.222784233093261719e+01
2.199572849273681641e+01
2.198703312873840332e+01
2.255335474014282227e+01
2.244490885734558105e+01
2.271892118453979492e+01
2.239786481857299805e+01
2.209086728096008301e+01
2.214687991142272949e+01
2.194413208961486816e+01
2.235095286369323730e+01
2.207958269119262695e+01
2.249527478218078613e+01
2.210392880439758301e+01
2.209030246734619141e+01
2.217872262001037598e+01
2.192344546318054199e+01
2.248522901535034180e+01
2.192658829689025879e+01
2.189957976341247559e+01
2.208788585662841797e+01
2.222746467590332031e+01
2.238799953460693359e+01
2.249861502647399902e+01
2.187446355819702148e+01
2.205086874961853027e+01
2.223721504211425781e+01
2.207370090484619141e+01
2.232534790039062500e+01
2.239827466011047363e+01
2.227670812606811523e+01
2.226441121101379395e+01
2.247965168952941895e+01
2.221154427528381348e+01
2.210857057571411133e+01
2.209623050689697266e+01
2.209008860588073730e+01
2.241933274269104004e+01
2.196116518974304199e+01
2.208317184448242188e+01
2.211433529853820801e+01
2.196376895904541016e+01
2.215263509750366211e+01
2.210739660263061523e+01
2.203653979301452637e+01
2.212969779968261719e+01
2.224165678024291992e+01
2.190605258941650391e+01
2.188451361656188965e+01
2.198235535621643066e+01
2.227810883522033691e+01
2.248549056053161621e+01
2.202965593338012695e+01
2.204138708114624023e+01
2.220536589622497559e+01
2.206101536750793457e+01
2.242103862762451172e+01
2.207533192634582520e+01
2.203128170967102051e+01
2.238375401496887207e+01
2.243792748451232910e+01
2.219889497756958008e+01
2.206016826629638672e+01
2.237693595886230469e+01
2.220802998542785645e+01
2.208333849906921387e+01
2.204783368110656738e+01
2.160181856155395508e+01
