2.474773852462768708e+00
2.489359849090576393e+00
2.506395163345336741e+00
2.495357759246826124e+00
2.499454458694458037e+00
2.499295411376952991e+00
2.475294453125000071e+00
2.552024477081298759e+00
2.567290301513671658e+00
2.611415545578002817e+00
2.625043186569213649e+00
2.652576055526733256e+00
2.577823624267578051e+00
2.563994004135131899e+00
2.614217773971557524e+00
2.470637244338989458e+00
2.536162515945434404e+00
2.538151970748901309e+00
2.529351271591186556e+00
2.503534399719238301e+00
2.500891009521484243e+00
2.584812676010131760e+00
2.589903501205444325e+00
2.518252895660400448e+00
2.480979825134277394e+00
2.478123026733398238e+00
2.483172681350708011e+00
2.472679078674316244e+00
2.463929034271240326e+00
2.455600387802124196e+00
2.427672152938842753e+00
2.467298641052245944e+00
2.437324572143554580e+00
2.409732439117431735e+00
2.449146425018310591e+00
2.449616831741332934e+00
2.424791637268066236e+00
2.421223998260498167e+00
2.435328943939209179e+00
2.412676967239379966e+00
2.434584284973144719e+00
2.411248060150146699e+00
2.396809849624633948e+00
2.423131729125976630e+00
2.385484331588745288e+00
2.382167275924682581e+00
2.382520789871215960e+00
2.414564770355224432e+00
2.403986805572509766e+00
2.390669675674438555e+00
2.398767483215332064e+00
2.404935601730346484e+00
2.394521855773925623e+00
2.396290045852661255e+00
2.379287775421142559e+00
2.362478536529541095e+00
2.371331640167236188e+00
2.379341947708129901e+00
2.357251524124145625e+00
2.343734860763549754e+00
2.335424990692138714e+00
2.302941308517456154e+00
2.277973438949584928e+00
2.226874783248901313e+00
2.211067917022705220e+00
2.189149216079711913e+00
2.193467386703491062e+00
2.169767499237060360e+00
2.154100932540893520e+00
2.149232133026123037e+00
2.158742342224121202e+00
2.177160156784057499e+00
2.177374403228759636e+00
2.198360011863708330e+00
2.171391493225097502e+00
2.162169194145202589e+00
2.155783101196289131e+00
2.168615437316894656e+00
2.163936416397094664e+00
2.150198421173095564e+00
2.153112813453674335e+00
2.161898213119506806e+00
2.168236111526489207e+00
2.168055271835326980e+00
2.150173109741210897e+00
2.201577764663696257e+00
2.175365092773437592e+00
2.179071827926635674e+00
2.175672244186401372e+00
2.179527417297363101e+00
2.166218821945190331e+00
2.137757087783813681e+00
2.144828658142089672e+00
2.139715962524414206e+00
2.145646026840209775e+00
2.163219064407348569e+00
2.143332676391601410e+00
2.162035628509521690e+00
2.140667771606445502e+00
2.156378546524047923e+00
2.014174796905517706e+00
2.001986455955505395e+00
1.989315614013671851e+00
1.982871304550170910e+00
1.979235670623779253e+00
1.970480862426757795e+00
1.964736610374450576e+00
1.961471807174682613e+00
1.958772048606872485e+00
1.951470567779540977e+00
1.955787270202636652e+00
1.944657433624267684e+00
1.946269904975891141e+00
1.940034531250000027e+00
1.934226012802124028e+00
1.936287117729186935e+00
1.936170115661621116e+00
1.926775284347534090e+00
1.929134920539856024e+00
1.930378240699768044e+00
1.920226328277587990e+00
1.908048987922668527e+00
1.918048739013671788e+00
1.907030615577697708e+00
1.900379327049255274e+00
1.894336178283691385e+00
1.890655964736938532e+00
1.894257948875427200e+00
1.898990241699218817e+00
1.888807800331115727e+00
1.889679071083068873e+00
1.882749979286193920e+00
1.879962667007446298e+00
1.883090867385864176e+00
1.888520501747131375e+00
1.870524451789856046e+00
1.875242836570739646e+00
1.878171152267456012e+00
1.867496021804809558e+00
1.873783989486694335e+00
1.878375083236694332e+00
1.861355778503418046e+00
1.866853419952392512e+00
1.873136648292541562e+00
1.864330747680664091e+00
1.864270974464416586e+00
1.862339143218994186e+00
1.858522626724243176e+00
1.863309926300048769e+00
1.855025416412353412e+00
1.847838215942382734e+00
1.837007926254272450e+00
1.843770834884643550e+00
1.844617288856506443e+00
1.842658515396118135e+00
1.841087015304565533e+00
1.841014995498657214e+00
1.855995356597900381e+00
1.842091101226806638e+00
1.845800207901000967e+00
1.846233851280212335e+00
1.840454953308105379e+00
1.838191052398681746e+00
1.839252469635009657e+00
1.839048050498962361e+00
1.833795615539550727e+00
1.826732066307067859e+00
1.845006379623413073e+00
1.846304996299743761e+00
1.840195924224853563e+00
1.832487740097045847e+00
1.840456627845764137e+00
1.830451593246460007e+00
1.841309011001586837e+00
1.835510439682006778e+00
1.830655744705200094e+00
1.845764490737914931e+00
1.833578321838378988e+00
1.838145538063049367e+00
1.834939219627380380e+00
1.826837286682128969e+00
1.829197088813781846e+00
1.838767214355468749e+00
1.832413049545288164e+00
1.835522329444885248e+00
1.836630023002624457e+00
1.832498186302184973e+00
1.833626459846496637e+00
1.829027158470153847e+00
1.824993056259155200e+00
1.837851065559387154e+00
1.839271766014099141e+00
1.837713225631713909e+00
1.833420859718322804e+00
1.827897746315002347e+00
1.826874969177246122e+00
1.832145373649597175e+00
1.828748585128784132e+00
1.822582358779907263e+00
1.826412774543762163e+00
