1.283418226242065430e+01
1.221802949905395508e+01
1.228361272811889648e+01
1.240176892280578613e+01
1.235463213920593262e+01
1.232122063636779785e+01
1.239095878601074219e+01
1.238448286056518555e+01
1.250312495231628418e+01
1.249804687500000000e+01
1.246885251998901367e+01
1.252149415016174316e+01
1.242438387870788574e+01
1.249289131164550781e+01
1.251481795310974121e+01
1.249280357360839844e+01
1.242006373405456543e+01
1.251713538169860840e+01
1.256084895133972168e+01
1.244873762130737305e+01
1.243069839477539062e+01
1.245060420036315918e+01
1.249913835525512695e+01
1.251565933227539062e+01
1.250976181030273438e+01
1.253075981140136719e+01
1.250028610229492188e+01
1.248815155029296875e+01
1.250028586387634277e+01
1.250992321968078613e+01
1.252819657325744629e+01
1.254406452178955078e+01
1.252078723907470703e+01
1.256856870651245117e+01
1.249861049652099609e+01
1.244970107078552246e+01
1.240390276908874512e+01
1.254335761070251465e+01
1.254769802093505859e+01
1.239520025253295898e+01
1.245518350601196289e+01
1.242367362976074219e+01
1.244281649589538574e+01
1.245153379440307617e+01
1.250915956497192383e+01
1.249459195137023926e+01
1.251849889755249023e+01
1.247981190681457520e+01
1.251821851730346680e+01
1.252214312553405762e+01
1.250235295295715332e+01
1.243567609786987305e+01
1.246108365058898926e+01
1.239265131950378418e+01
1.250757122039794922e+01
1.245466756820678711e+01
1.253824067115783691e+01
1.251994395256042480e+01
1.249803471565246582e+01
1.254834127426147461e+01
1.244474291801452637e+01
1.251244187355041504e+01
1.252317976951599121e+01
1.244303822517395020e+01
1.247609210014343262e+01
1.251524734497070312e+01
1.248633408546447754e+01
1.248577904701232910e+01
1.252868819236755371e+01
1.244552469253540039e+01
1.248790502548217773e+01
1.246200346946716309e+01
1.246908926963806152e+01
1.245839691162109375e+01
1.241160607337951660e+01
1.237138915061950684e+01
1.251489281654357910e+01
1.242372965812683105e+01
1.249828910827636719e+01
1.253893423080444336e+01
1.243708062171936035e+01
1.252714896202087402e+01
1.248904252052307129e+01
1.248987102508544922e+01
1.247870969772338867e+01
1.241218185424804688e+01
1.241574311256408691e+01
1.247519707679748535e+01
1.246892571449279785e+01
1.240522623062133789e+01
1.240770554542541504e+01
1.244658017158508301e+01
1.240824818611145020e+01
1.244073748588562012e+01
1.245482134819030762e+01
1.253099370002746582e+01
1.259714770317077637e+01
1.248343062400817871e+01
1.252914237976074219e+01
1.253215074539184570e+01
1.246967673301696777e+01
1.250713658332824707e+01
1.255096459388732910e+01
1.249382472038269043e+01
1.245165157318115234e+01
1.244568991661071777e+01
1.251565718650817871e+01
1.241644477844238281e+01
1.256443762779235840e+01
1.246257829666137695e+01
1.247919774055480957e+01
1.251749467849731445e+01
1.249922442436218262e+01
1.253272962570190430e+01
1.244936370849609375e+01
1.248444175720214844e+01
1.244163703918457031e+01
1.242568802833557129e+01
1.259536671638488770e+01
1.249421548843383789e+01
1.247238063812255859e+01
1.251263308525085449e+01
1.251434159278869629e+01
1.254052805900573730e+01
1.260795950889587402e+01
1.252888774871826172e+01
1.249729776382446289e+01
1.246759366989135742e+01
1.247770047187805176e+01
1.240667295455932617e+01
1.258513069152832031e+01
1.255656647682189941e+01
1.241816329956054688e+01
1.241888880729675293e+01
1.243686294555664062e+01
1.249974703788757324e+01
1.247673320770263672e+01
1.240096163749694824e+01
1.247400975227355957e+01
1.252246642112731934e+01
1.239289546012878418e+01
1.249567556381225586e+01
1.250690078735351562e+01
1.254237699508666992e+01
1.248167634010314941e+01
1.245454812049865723e+01
1.243207049369812012e+01
1.243472242355346680e+01
1.248324918746948242e+01
1.243149209022521973e+01
1.255056381225585938e+01
1.243710732460021973e+01
1.238608360290527344e+01
1.251740670204162598e+01
1.244097113609313965e+01
1.244908308982849121e+01
1.247676014900207520e+01
1.243540787696838379e+01
1.245758891105651855e+01
1.244037485122680664e+01
1.244019627571105957e+01
1.252572298049926758e+01
1.249733448028564453e+01
1.249979281425476074e+01
1.242840003967285156e+01
1.244314670562744141e+01
1.243645477294921875e+01
1.243573665618896484e+01
1.242103171348571777e+01
1.251729297637939453e+01
1.245106530189514160e+01
1.242212033271789551e+01
1.242551898956298828e+01
1.238339734077453613e+01
1.248523283004760742e+01
1.241472911834716797e+01
1.250279378890991211e+01
1.251966714859008789e+01
1.250812840461730957e+01
1.242413091659545898e+01
1.250347089767456055e+01
1.251301884651184082e+01
1.252820158004760742e+01
1.251955413818359375e+01
1.238155817985534668e+01
1.250094366073608398e+01
1.250582003593444824e+01
1.245960664749145508e+01
1.246020436286926270e+01
1.246834588050842285e+01
1.250117135047912598e+01
1.261502385139465332e+01
1.253152537345886230e+01
1.250362443923950195e+01
1.251751399040222168e+01
1.256093335151672363e+01
1.244876265525817871e+01
1.242172694206237793e+01
1.250406026840209961e+01
1.236806130409240723e+01
