1.004800000244140712e+01
9.424000002441406565e+00
9.567999999542236012e+00
1.052799999954223686e+01
1.015999999572753865e+01
1.012799999938964923e+01
1.023999999969482388e+01
1.043199999969482406e+01
1.012799999969482379e+01
1.012799999572753862e+01
1.027199999969482391e+01
1.031999999954223668e+01
1.020799999969482386e+01
1.006399999572753856e+01
1.028799999969482393e+01
9.663999999084472492e+00
1.015999999969482381e+01
1.019200000244140547e+01
1.054399999984741143e+01
1.009599999954223648e+01
1.023999999954223661e+01
1.073599999954223705e+01
1.088000000244140608e+01
1.014400000244140543e+01
1.043200000488281276e+01
1.027199999954223664e+01
1.057599999984741146e+01
1.115200000244140632e+01
1.161599999908447245e+01
1.230399999954223667e+01
1.347199999908447232e+01
1.497599999938964821e+01
1.476800000244140598e+01
1.462400000183105497e+01
1.585599999908447266e+01
1.657599999877929520e+01
1.761599999572753816e+01
1.790400000183105433e+01
1.721599999877929577e+01
1.812800000122070188e+01
1.814399999908447114e+01
1.827199999877929670e+01
1.790400000183105433e+01
1.833600000244140560e+01
2.035199999908447310e+01
1.983999999572753836e+01
2.009599999877929832e+01
2.004799999511718767e+01
1.995200000488281233e+01
1.892799999511718667e+01
2.091200000488281319e+01
2.041599999572753887e+01
2.035200000183105473e+01
1.964799999908447248e+01
2.022399999954223659e+01
2.137600000244140475e+01
2.172800000244140506e+01
2.075199999877929713e+01
2.222400000488281080e+01
2.057600000488281111e+01
2.185600000244140517e+01
2.182399999572754012e+01
2.142400000183105391e+01
2.286400000488281137e+01
2.135999999908447222e+01
2.107199999938965007e+01
2.171200000488281390e+01
2.203199999511718588e+01
2.116799999572753777e+01
2.148800000183105396e+01
2.108799999877929565e+01
2.243199999816894419e+01
2.015999999572753865e+01
2.135999999572753794e+01
2.231999999877929852e+01
2.191999999908447094e+01
2.289600000183105522e+01
2.315199999877929571e+01
2.344000000122070304e+01
2.348799999511718894e+01
2.296000000183105527e+01
2.320000000488281344e+01
2.316799999877929750e+01
2.289600000488281140e+01
2.385599999572754015e+01
2.240000000488281273e+01
2.364800000488281384e+01
2.355199999877929784e+01
2.424000000488281259e+01
2.398400000732421944e+01
2.366400000183105590e+01
2.276799999572753919e+01
2.492799999908447361e+01
2.391999999877929639e+01
2.393600000244140702e+01
2.404800000732421950e+01
2.356799999511718724e+01
2.374399999511718917e+01
2.500799998779296729e+01
2.433599999816894410e+01
3.033599999511718792e+01
3.038399999877929858e+01
3.001599999816894382e+01
3.091199999816894461e+01
3.113600000122070455e+01
3.103999999389648323e+01
3.272000000488281302e+01
3.252799999389648633e+01
3.216000000732422137e+01
3.247999999145508099e+01
3.244800000732421807e+01
3.204800000732421950e+01
3.332800000488281000e+01
3.313600000122070099e+01
3.310399999755859568e+01
3.350399999755859426e+01
3.393600000122070526e+01
3.361600000122070497e+01
3.246399999816894422e+01
3.256000000732421995e+01
3.329600000122070469e+01
3.356800000732421552e+01
3.347200000122070662e+01
3.440000000122070389e+01
3.424000000122070020e+01
3.441599998779297209e+01
3.385599999145507866e+01
3.446399999816894422e+01
3.368000000183105413e+01
3.440000000976562688e+01
3.376000000732421569e+01
3.412799999816894569e+01
3.435199998779297204e+01
3.444800000488281455e+01
3.476800000732421836e+01
3.478400000732421660e+01
3.471999999511718471e+01
3.483199999511718659e+01
3.519999999145507985e+01
3.435200000732422154e+01
3.468800000732422006e+01
3.529600000366210821e+01
3.544000000732421540e+01
3.502399998779296908e+01
3.520000000366211168e+01
3.529599999755859585e+01
3.505599999145508150e+01
3.545599999816894865e+01
3.536000000976562774e+01
3.617600000732421961e+01
3.536000000488281358e+01
3.520000000732422052e+01
3.619200000732421785e+01
3.588800000366210696e+01
3.647999999511718983e+01
3.569600000732421563e+01
3.556800000122070315e+01
3.575999998779296618e+01
3.641599999755859329e+01
3.625599999511718607e+01
3.675200000122070065e+01
3.596800000122070173e+01
3.657599999755859699e+01
3.636799999023437380e+01
3.569599999755859443e+01
3.641600000732422160e+01
3.577600000122070156e+01
3.627199999145507547e+01
3.604799999145507883e+01
3.657600000122070583e+01
3.622399999389648428e+01
3.603199999389648411e+01
3.672000000366210770e+01
3.601600000976562654e+01
3.585599999145507866e+01
3.622399999389648428e+01
3.663999999145507758e+01
3.636799999145507911e+01
3.628799999145508082e+01
3.590400000122070168e+01
3.585599999755859102e+01
3.596799999816894200e+01
3.640000000488281273e+01
3.691200000366210787e+01
3.641599998779297209e+01
3.652799999389648633e+01
3.614399999511718420e+01
3.633599999145507553e+01
3.617599999145507894e+01
3.643200000488280921e+01
3.572800000122069974e+01
3.614400000366210719e+01
3.681600000000000250e+01
3.655999998779297044e+01
3.662399998779297050e+01
3.667199999755859352e+01
3.595199999816894376e+01
3.617599998779297010e+01
3.612799999816894569e+01
3.593600000976562825e+01
