9.871999999999999886e+00
1.067199999969482427e+01
9.567999999084472407e+00
1.003200000244140710e+01
9.824000002441406920e+00
9.760000002441406863e+00
1.036799999938964767e+01
9.839999995727538362e+00
1.003199999877929649e+01
1.031999999938964763e+01
9.664000002441406778e+00
9.551999999389648721e+00
1.072000000244140594e+01
1.011199999938964922e+01
9.935999999542236338e+00
1.075199999938964801e+01
1.030399999938964761e+01
1.115199999877929748e+01
9.743999999084472563e+00
1.032000000244140558e+01
9.791999998779296277e+00
9.951999999084472748e+00
1.067199999969482427e+01
1.032000000488281266e+01
1.095999999938964820e+01
1.065599999954223698e+01
1.168000000244140679e+01
1.091199999938964815e+01
1.129600000244140645e+01
1.302399999572753941e+01
1.305599999938964828e+01
1.359999999908447244e+01
1.548799999969482499e+01
1.633599999984741302e+01
1.563199999908447246e+01
1.649599999877929690e+01
1.664000000244140764e+01
1.676800000244140776e+01
1.684799999938964987e+01
1.686399999938964811e+01
1.833599999572754058e+01
1.742399999938964683e+01
1.881600000183105337e+01
1.895999999877929554e+01
1.838399999877929858e+01
1.857599999954223691e+01
1.905599999938964828e+01
1.976000000183105598e+01
2.028799999938964760e+01
1.913600000183105365e+01
1.932800000122070472e+01
2.059199999511718815e+01
2.135999999572753794e+01
2.092799999816894641e+01
1.968000000183105413e+01
2.073600000122070242e+01
2.059200000244140583e+01
1.911999999816894658e+01
2.046399999877929687e+01
2.190399999816894550e+01
2.100799999572753762e+01
2.107200000488281333e+01
2.182400000183105604e+01
2.054399999572753899e+01
2.030399999908447128e+01
2.124800000183105553e+01
2.223999999572754049e+01
2.265599999572753731e+01
2.179200000244140512e+01
2.294400000122070438e+01
2.188800000488281228e+01
2.257600000488281111e+01
2.187200000122070165e+01
2.265599999145507937e+01
2.215999999572753865e+01
2.339200000244140654e+01
2.209599999511718593e+01
2.204800000122070358e+01
2.248000000488281103e+01
2.347199999908447410e+01
2.323199999572753782e+01
2.257600000183105493e+01
2.355200000183105402e+01
2.263999999572753907e+01
2.304000000244140622e+01
2.251199999511718630e+01
2.249599999572754072e+01
2.361600000244140674e+01
2.342400000183105391e+01
2.350399999816894692e+01
2.409600000488281424e+01
2.480000000122070247e+01
2.406399999145507707e+01
2.436799999145507911e+01
2.395200000244140526e+01
2.350400000122070310e+01
2.238399999877929858e+01
2.371199999816894533e+01
2.526400000244140642e+01
2.358400000488281378e+01
3.009600000244140716e+01
3.044799998779296857e+01
3.092799999145507783e+01
3.060799999816894612e+01
3.145599999511718892e+01
3.137600000732421890e+01
3.171200000122070151e+01
3.147199998779296948e+01
3.223999999877929667e+01
3.198399998779296993e+01
3.219199999145507718e+01
3.190400000183105433e+01
3.300799999511718852e+01
3.217599999877929662e+01
3.244800000366210924e+01
3.294400000488280966e+01
3.307199999511718858e+01
3.305600000732422217e+01
3.358399999511718903e+01
3.284799999145507599e+01
3.307200000122070094e+01
3.339200000488281006e+01
3.340800000366211009e+01
3.422399999511718960e+01
3.291199999145507604e+01
3.329599999755859585e+01
3.427199999877930026e+01
3.456000000732421995e+01
3.353600000122069957e+01
3.412799999816894569e+01
3.423999999511718784e+01
3.439999999877930037e+01
3.441600000366211276e+01
3.395200000366210702e+01
3.459199999145507576e+01
3.505600000122070270e+01
3.456000000366211111e+01
3.347199999389648184e+01
3.422400000122070196e+01
3.424000000732421967e+01
3.422400000732422143e+01
3.395200000732421586e+01
3.439999998779296675e+01
3.463999999389648110e+01
3.467200000732422183e+01
3.367999999145507672e+01
3.468799999816894797e+01
3.539199999755859238e+01
3.465599999511718465e+01
3.524799999816894314e+01
3.540800000732421893e+01
3.521600000122070639e+01
3.544000000122070304e+01
3.492799999816894285e+01
3.577600000122070156e+01
3.500799999816894825e+01
3.566399999816894706e+01
3.524800000366210639e+01
3.508799999145507797e+01
3.475199999755859182e+01
3.542399999145507650e+01
3.454399999755859341e+01
3.526399999572753785e+01
3.545599999389648360e+01
3.555199999816894518e+01
3.540800000000000125e+01
3.572799998779296970e+01
3.615999999755859307e+01
3.558399998779297135e+01
3.556799999572753990e+01
3.543999999511719068e+01
3.513599999511718863e+01
3.523200000976562762e+01
3.507200000488280978e+01
3.531199999389648525e+01
3.564800000732422092e+01
3.518399999999999750e+01
3.571199999145508031e+01
3.603199999816894206e+01
3.596800000000000352e+01
3.627200000122070378e+01
3.489599999755859727e+01
3.580799998779296800e+01
3.577599999511718920e+01
3.577599999023437505e+01
3.561600000732421734e+01
3.551999999816894871e+01
3.502400000366210975e+01
3.539200000366211185e+01
3.531199999755859409e+01
3.584000000183105783e+01
3.572800000488281569e+01
3.595200000488281233e+01
3.561599999755859614e+01
3.502399999816894649e+01
3.511999999145508156e+01
3.550399999389648542e+01
3.593599999511718579e+01
3.596799999755859290e+01
3.598400000610351412e+01
