1.320590019226074219e+01
1.270848131179809570e+01
1.270379233360290527e+01
1.268345189094543457e+01
1.268963098526000977e+01
1.282484698295593262e+01
1.275167036056518555e+01
1.276231813430786133e+01
1.275715088844299316e+01
1.282652306556701660e+01
1.279406213760375977e+01
1.296615195274353027e+01
1.283416891098022461e+01
1.282465744018554688e+01
1.284093070030212402e+01
1.283319163322448730e+01
1.280864119529724121e+01
1.287651824951171875e+01
1.282228088378906250e+01
1.284664487838745117e+01
1.281902337074279785e+01
1.285416936874389648e+01
1.281131029129028320e+01
1.282479310035705566e+01
1.284221673011779785e+01
1.281414937973022461e+01
1.283375263214111328e+01
1.281633210182189941e+01
1.284916472434997559e+01
1.288530492782592773e+01
1.281397628784179688e+01
1.281676745414733887e+01
1.280574512481689453e+01
1.283597874641418457e+01
1.281397891044616699e+01
1.280730581283569336e+01
1.278372502326965332e+01
1.276881861686706543e+01
1.287694215774536133e+01
1.280906510353088379e+01
1.282280445098876953e+01
1.291273212432861328e+01
1.277801275253295898e+01
1.280294942855834961e+01
1.276650166511535645e+01
1.283459067344665527e+01
1.283202767372131348e+01
1.277257227897644043e+01
1.284632539749145508e+01
1.283146929740905762e+01
1.281061315536499023e+01
1.292604041099548340e+01
1.282669496536254883e+01
1.289982223510742188e+01
1.279690146446228027e+01
1.281618547439575195e+01
1.283182716369628906e+01
1.285383272171020508e+01
1.288789772987365723e+01
1.283785653114318848e+01
1.287986302375793457e+01
1.286348557472229004e+01
1.280162191390991211e+01
1.280959939956665039e+01
1.286479496955871582e+01
1.284639096260070801e+01
1.288701844215393066e+01
1.282511878013610840e+01
1.286746978759765625e+01
1.280204319953918457e+01
1.277434277534484863e+01
1.281334471702575684e+01
1.288501405715942383e+01
1.284047889709472656e+01
1.282809448242187500e+01
1.282907700538635254e+01
1.281381964683532715e+01
1.280485081672668457e+01
1.288154959678649902e+01
1.281095933914184570e+01
1.282888674736022949e+01
1.280499577522277832e+01
1.285597586631774902e+01
1.282020926475524902e+01
1.285742330551147461e+01
1.290388178825378418e+01
1.283750128746032715e+01
1.285904645919799805e+01
1.286649084091186523e+01
1.294338154792785645e+01
1.291921353340148926e+01
1.291556692123413086e+01
1.291005611419677734e+01
1.282105708122253418e+01
1.281128907203674316e+01
1.288298201560974121e+01
1.282903313636779785e+01
1.283194470405578613e+01
1.286265373229980469e+01
1.286309814453125000e+01
1.284362483024597168e+01
1.281804728507995605e+01
1.281238365173339844e+01
1.286250448226928711e+01
1.292595458030700684e+01
1.290123391151428223e+01
1.283755874633789062e+01
1.281261396408081055e+01
1.284199500083923340e+01
1.280317258834838867e+01
1.288396835327148438e+01
1.281091713905334473e+01
1.286148500442504883e+01
1.278627300262451172e+01
1.289132714271545410e+01
1.285205554962158203e+01
1.285087084770202637e+01
1.283271169662475586e+01
1.280465984344482422e+01
1.284049177169799805e+01
1.280703330039978027e+01
1.285854959487915039e+01
1.279499173164367676e+01
1.286264061927795410e+01
1.291707086563110352e+01
1.278649878501892090e+01
1.285430955886840820e+01
1.285662126541137695e+01
1.285495972633361816e+01
1.289237475395202637e+01
1.277910470962524414e+01
1.279510378837585449e+01
1.278748345375061035e+01
1.288246679306030273e+01
1.286905741691589355e+01
1.284853649139404297e+01
1.284564590454101562e+01
1.288668298721313477e+01
1.285621452331542969e+01
1.282605719566345215e+01
1.276948285102844238e+01
1.286713647842407227e+01
1.282718944549560547e+01
1.281555867195129395e+01
1.284721684455871582e+01
1.282680845260620117e+01
1.278980445861816406e+01
1.278506445884704590e+01
1.286533355712890625e+01
1.279565453529357910e+01
1.287039208412170410e+01
1.285135126113891602e+01
1.287213540077209473e+01
1.287745618820190430e+01
1.282861208915710449e+01
1.282999253273010254e+01
1.279686021804809570e+01
1.287713599205017090e+01
1.292226576805114746e+01
1.283229660987854004e+01
1.286913323402404785e+01
1.282615566253662109e+01
1.284766221046447754e+01
1.284974026679992676e+01
1.280111002922058105e+01
1.284943580627441406e+01
1.289305806159973145e+01
1.279530692100524902e+01
1.287144231796264648e+01
1.282098388671875000e+01
1.295361709594726562e+01
1.290430331230163574e+01
1.280714774131774902e+01
1.281793236732482910e+01
1.278828763961791992e+01
1.290575408935546875e+01
1.280151104927062988e+01
1.281341433525085449e+01
1.283214998245239258e+01
1.282822966575622559e+01
1.279427647590637207e+01
1.283290362358093262e+01
1.282858419418334961e+01
1.282964491844177246e+01
1.286822438240051270e+01
1.284450244903564453e+01
1.280355000495910645e+01
1.281319260597229004e+01
1.286869740486145020e+01
1.284007334709167480e+01
1.284491658210754395e+01
1.281250548362731934e+01
1.280814981460571289e+01
1.279206490516662598e+01
1.288167643547058105e+01
1.278503704071044922e+01
1.280626082420349121e+01
1.288699316978454590e+01
1.283590507507324219e+01
1.287357115745544434e+01
