2.243212342262268066e+01
2.221600866317749023e+01
2.218676066398620605e+01
2.205799245834350586e+01
2.242820787429809570e+01
2.219700193405151367e+01
2.236201453208923340e+01
2.225017070770263672e+01
2.207199811935424805e+01
2.194184565544128418e+01
2.202212882041931152e+01
2.278748607635498047e+01
2.228639411926269531e+01
2.200920414924621582e+01
2.216476726531982422e+01
2.253324151039123535e+01
2.270012378692626953e+01
2.226239633560180664e+01
2.206424856185913086e+01
2.209679532051086426e+01
2.196056532859802246e+01
2.218576264381408691e+01
2.246309661865234375e+01
2.222410464286804199e+01
2.236158943176269531e+01
2.224694395065307617e+01
2.206099557876586914e+01
2.280660319328308105e+01
2.215954303741455078e+01
2.225552320480346680e+01
2.234036302566528320e+01
2.216994619369506836e+01
2.236154103279113770e+01
2.214793586730957031e+01
2.206088209152221680e+01
2.236220717430114746e+01
2.261966753005981445e+01
2.219576048851013184e+01
2.253994417190551758e+01
2.239776110649108887e+01
2.228115940093994141e+01
2.214374399185180664e+01
2.217214059829711914e+01
2.208646273612976074e+01
2.211537694931030273e+01
2.245719766616821289e+01
2.275629496574401855e+01
2.216250228881835938e+01
2.222366857528686523e+01
2.248484206199645996e+01
2.248070406913757324e+01
2.216413187980651855e+01
2.231558060646057129e+01
2.214610290527343750e+01
2.219593548774719238e+01
2.203907847404479980e+01
2.252111864089965820e+01
2.187590241432189941e+01
2.241686940193176270e+01
2.204475593566894531e+01
2.192705130577087402e+01
2.199704456329345703e+01
2.262394523620605469e+01
2.229320955276489258e+01
2.211054682731628418e+01
2.198649406433105469e+01
2.229907321929931641e+01
2.283879065513610840e+01
2.219616937637329102e+01
2.229540109634399414e+01
2.224783968925476074e+01
2.257604718208312988e+01
2.252459955215454102e+01
2.227487301826477051e+01
2.237344455718994141e+01
2.221647977828979492e+01
2.285370397567749023e+01
2.253050351142883301e+01
2.235041284561157227e+01
2.214336633682250977e+01
2.242261838912963867e+01
2.204599928855895996e+01
2.221788835525512695e+01
2.224060463905334473e+01
2.259522700309753418e+01
2.219727182388305664e+01
2.193096685409545898e+01
2.227740216255187988e+01
2.222640752792358398e+01
2.237677478790283203e+01
2.241407585144042969e+01
2.224390482902526855e+01
2.218690204620361328e+01
2.234438037872314453e+01
2.220609116554260254e+01
2.201939487457275391e+01
2.214678072929382324e+01
2.236688017845153809e+01
2.252525258064270020e+01
2.203407359123229980e+01
2.260380887985229492e+01
2.239656043052673340e+01
2.272119021415710449e+01
2.223846650123596191e+01
2.223719811439514160e+01
2.214481306076049805e+01
2.227387666702270508e+01
2.219294309616088867e+01
2.198419356346130371e+01
2.225226211547851562e+01
2.211451435089111328e+01
2.252803874015808105e+01
2.233006334304809570e+01
2.247058677673339844e+01
2.241341280937194824e+01
2.204784321784973145e+01
2.212068247795104980e+01
2.220845746994018555e+01
2.221214795112609863e+01
2.243260002136230469e+01
2.214079070091247559e+01
2.208954787254333496e+01
2.209590554237365723e+01
2.221648979187011719e+01
2.225439023971557617e+01
2.227870440483093262e+01
2.225322079658508301e+01
2.209801697731018066e+01
2.223466157913208008e+01
2.231817293167114258e+01
2.230432844161987305e+01
2.242538833618164062e+01
2.257319736480712891e+01
2.250638222694396973e+01
2.222691726684570312e+01
2.220257329940795898e+01
2.246875452995300293e+01
2.205134534835815430e+01
2.233258128166198730e+01
2.217756628990173340e+01
2.219197201728820801e+01
2.217334747314453125e+01
2.255627799034118652e+01
2.208050346374511719e+01
2.217626762390136719e+01
2.192684197425842285e+01
2.204718470573425293e+01
2.253644752502441406e+01
2.208762001991271973e+01
2.232439374923706055e+01
2.196723484992980957e+01
2.205039215087890625e+01
2.238301920890808105e+01
2.222317337989807129e+01
2.261350512504577637e+01
2.242303204536437988e+01
2.200997138023376465e+01
2.213517141342163086e+01
2.248682236671447754e+01
2.207630920410156250e+01
2.218315386772155762e+01
2.232389569282531738e+01
2.206341767311096191e+01
2.244252920150756836e+01
2.238702964782714844e+01
2.211301040649414062e+01
2.201831674575805664e+01
2.202896475791931152e+01
2.240239953994750977e+01
2.231327414512634277e+01
2.205054807662963867e+01
2.202784585952758789e+01
2.218476963043212891e+01
2.219066905975341797e+01
2.245698904991149902e+01
2.228984594345092773e+01
2.203416776657104492e+01
2.205457448959350586e+01
2.221048307418823242e+01
2.224799394607543945e+01
2.223395109176635742e+01
2.208166313171386719e+01
2.225805616378784180e+01
2.218385362625122070e+01
2.243467664718627930e+01
2.185718870162963867e+01
2.200184082984924316e+01
2.219820094108581543e+01
2.229950284957885742e+01
2.205805110931396484e+01
2.200519394874572754e+01
2.223081517219543457e+01
2.204762625694274902e+01
2.221598911285400391e+01
2.212702631950378418e+01
2.192848348617553711e+01
2.209302735328674316e+01
2.241204094886779785e+01
2.208977842330932617e+01
2.169731497764587402e+01
