1.348601913452148438e+01
1.285119938850402832e+01
1.290983366966247559e+01
1.291931962966918945e+01
1.302300858497619629e+01
1.298228263854980469e+01
1.306114459037780762e+01
1.301675009727478027e+01
1.306996965408325195e+01
1.314348125457763672e+01
1.301087355613708496e+01
1.305127072334289551e+01
1.304759883880615234e+01
1.303728914260864258e+01
1.312574100494384766e+01
1.311077070236206055e+01
1.313550257682800293e+01
1.308910703659057617e+01
1.303466367721557617e+01
1.310882973670959473e+01
1.305401802062988281e+01
1.314547896385192871e+01
1.311462759971618652e+01
1.309945607185363770e+01
1.307342672348022461e+01
1.308546614646911621e+01
1.307418489456176758e+01
1.307007455825805664e+01
1.313079738616943359e+01
1.307913780212402344e+01
1.306659865379333496e+01
1.313553309440612793e+01
1.310943460464477539e+01
1.309744024276733398e+01
1.304811525344848633e+01
1.307000041007995605e+01
1.305939841270446777e+01
1.305475711822509766e+01
1.307327461242675781e+01
1.306851792335510254e+01
1.305532288551330566e+01
1.303737068176269531e+01
1.309464168548583984e+01
1.305460262298583984e+01
1.310265374183654785e+01
1.310907983779907227e+01
1.304296469688415527e+01
1.303461575508117676e+01
1.306234407424926758e+01
1.305454397201538086e+01
1.313376092910766602e+01
1.309425258636474609e+01
1.308141160011291504e+01
1.306469726562500000e+01
1.304421758651733398e+01
1.308379197120666504e+01
1.312752699851989746e+01
1.301554942131042480e+01
1.303438782691955566e+01
1.307518458366394043e+01
1.303275108337402344e+01
1.310560822486877441e+01
1.308152747154235840e+01
1.311169528961181641e+01
1.309646844863891602e+01
1.303772687911987305e+01
1.306501531600952148e+01
1.307062673568725586e+01
1.312171554565429688e+01
1.302476286888122559e+01
1.306352305412292480e+01
1.317326879501342773e+01
1.304370903968811035e+01
1.311583065986633301e+01
1.310704636573791504e+01
1.302883076667785645e+01
1.311907362937927246e+01
1.313845086097717285e+01
1.306344366073608398e+01
1.308625864982604980e+01
1.316026616096496582e+01
1.308508229255676270e+01
1.310281562805175781e+01
1.310082983970642090e+01
1.308001947402954102e+01
1.305069589614868164e+01
1.309853911399841309e+01
1.306518125534057617e+01
1.301930236816406250e+01
1.310405755043029785e+01
1.307509970664978027e+01
1.304902219772338867e+01
1.311765837669372559e+01
1.306890487670898438e+01
1.313371419906616211e+01
1.304882979393005371e+01
1.314748501777648926e+01
1.302585148811340332e+01
1.303584718704223633e+01
1.304585719108581543e+01
1.303409194946289062e+01
1.306545853614807129e+01
1.305205154418945312e+01
1.302852845191955566e+01
1.306576347351074219e+01
1.315035200119018555e+01
1.310385990142822266e+01
1.304969382286071777e+01
1.307170629501342773e+01
1.308499836921691895e+01
1.307483649253845215e+01
1.304601645469665527e+01
1.307826018333435059e+01
1.310055351257324219e+01
1.305426692962646484e+01
1.308044266700744629e+01
1.312337350845336914e+01
1.308626532554626465e+01
1.303947305679321289e+01
1.307686424255371094e+01
1.315085482597351074e+01
1.307642817497253418e+01
1.319081068038940430e+01
1.305786585807800293e+01
1.309594273567199707e+01
1.316412329673767090e+01
1.310713434219360352e+01
1.304058670997619629e+01
1.308415079116821289e+01
1.306500864028930664e+01
1.305363154411315918e+01
1.308966851234436035e+01
1.309272456169128418e+01
1.314310431480407715e+01
1.306354403495788574e+01
1.304104685783386230e+01
1.308837652206420898e+01
1.302931356430053711e+01
1.310650420188903809e+01
1.307629251480102539e+01
1.307318472862243652e+01
1.310538005828857422e+01
1.309737277030944824e+01
1.303876304626464844e+01
1.308597826957702637e+01
1.303308105468750000e+01
1.303027510643005371e+01
1.305813121795654297e+01
1.305980539321899414e+01
1.312429833412170410e+01
1.303998804092407227e+01
1.307656836509704590e+01
1.312445211410522461e+01
1.320125889778137207e+01
1.307223320007324219e+01
1.313323664665222168e+01
1.304785871505737305e+01
1.303058242797851562e+01
1.309829449653625488e+01
1.310351634025573730e+01
1.304827690124511719e+01
1.323635268211364746e+01
1.313943338394165039e+01
1.308069181442260742e+01
1.305885028839111328e+01
1.308661007881164551e+01
1.308448219299316406e+01
1.309487438201904297e+01
1.310746860504150391e+01
1.306975102424621582e+01
1.306955814361572266e+01
1.307027935981750488e+01
1.304676175117492676e+01
1.307380080223083496e+01
1.308316659927368164e+01
1.305466747283935547e+01
1.303061532974243164e+01
1.307911181449890137e+01
1.306059598922729492e+01
1.301378941535949707e+01
1.304046511650085449e+01
1.306842732429504395e+01
1.307741069793701172e+01
1.304023170471191406e+01
1.304052019119262695e+01
1.302353119850158691e+01
1.302040910720825195e+01
1.305851173400878906e+01
1.304257273674011230e+01
1.309614419937133789e+01
1.302295446395874023e+01
1.308204436302185059e+01
1.302536034584045410e+01
1.303638458251953125e+01
1.307878303527832031e+01
1.308412861824035645e+01
1.303627490997314453e+01
1.309648847579956055e+01
1.309228348731994629e+01
1.297681546211242676e+01
