4.059979915618896484e-01
3.969025611877441406e-01
3.936023712158203125e-01
3.944666385650634766e-01
4.004764556884765625e-01
3.926410675048828125e-01
3.936312198638916016e-01
4.060385227203369141e-01
3.878276348114013672e-01
3.937582969665527344e-01
3.907353878021240234e-01
5.004589557647705078e-01
3.926842212677001953e-01
4.053626060485839844e-01
3.971953392028808594e-01
3.913099765777587891e-01
4.010710716247558594e-01
4.065885543823242188e-01
3.997499942779541016e-01
3.955988883972167969e-01
3.885829448699951172e-01
3.967084884643554688e-01
3.916714191436767578e-01
4.051012992858886719e-01
4.022455215454101562e-01
3.855750560760498047e-01
3.947904109954833984e-01
3.942947387695312500e-01
3.947439193725585938e-01
4.033262729644775391e-01
3.877620697021484375e-01
4.029409885406494141e-01
3.911161422729492188e-01
4.034535884857177734e-01
3.996603488922119141e-01
3.950128555297851562e-01
4.005489349365234375e-01
3.874545097351074219e-01
3.966069221496582031e-01
3.883829116821289062e-01
4.011650085449218750e-01
3.948135375976562500e-01
3.850872516632080078e-01
3.966135978698730469e-01
3.962731361389160156e-01
4.045269489288330078e-01
4.060888290405273438e-01
3.968036174774169922e-01
4.051425457000732422e-01
3.857684135437011719e-01
3.926610946655273438e-01
4.004428386688232422e-01
3.880424499511718750e-01
3.933956623077392578e-01
3.861036300659179688e-01
3.954977989196777344e-01
4.064760208129882812e-01
3.908562660217285156e-01
3.970532417297363281e-01
3.875482082366943359e-01
3.922424316406250000e-01
3.933703899383544922e-01
3.958098888397216797e-01
3.979401588439941406e-01
3.925063610076904297e-01
4.076504707336425781e-01
3.894867897033691406e-01
3.921568393707275391e-01
3.984017372131347656e-01
3.908884525299072266e-01
3.964362144470214844e-01
3.940756320953369141e-01
3.960702419281005859e-01
3.916616439819335938e-01
3.933708667755126953e-01
3.986341953277587891e-01
3.904142379760742188e-01
4.028959274291992188e-01
4.002294540405273438e-01
3.862204551696777344e-01
3.924739360809326172e-01
3.864977359771728516e-01
3.949968814849853516e-01
3.865845203399658203e-01
4.026205539703369141e-01
4.000401496887207031e-01
3.912684917449951172e-01
4.091243743896484375e-01
3.967623710632324219e-01
3.983352184295654297e-01
3.991124629974365234e-01
3.833065032958984375e-01
3.995320796966552734e-01
3.863875865936279297e-01
3.925147056579589844e-01
4.040336608886718750e-01
3.922386169433593750e-01
3.986382484436035156e-01
3.839681148529052734e-01
3.951725959777832031e-01
4.028136730194091797e-01
3.928158283233642578e-01
4.006030559539794922e-01
3.847773075103759766e-01
3.951632976531982422e-01
3.935623168945312500e-01
3.916099071502685547e-01
4.033520221710205078e-01
3.841965198516845703e-01
4.000871181488037109e-01
3.932328224182128906e-01
3.953478336334228516e-01
3.968725204467773438e-01
3.960132598876953125e-01
4.036934375762939453e-01
3.889105319976806641e-01
4.035768508911132812e-01
3.915510177612304688e-01
3.848121166229248047e-01
3.942036628723144531e-01
3.910939693450927734e-01
3.905653953552246094e-01
3.936641216278076172e-01
4.017159938812255859e-01
3.998110294342041016e-01
3.848767280578613281e-01
3.933265209197998047e-01
3.967375755310058594e-01
3.926753997802734375e-01
4.392724037170410156e-01
3.840918540954589844e-01
4.015629291534423828e-01
3.938663005828857422e-01
3.952066898345947266e-01
3.916349411010742188e-01
3.974263668060302734e-01
4.006328582763671875e-01
3.860366344451904297e-01
3.955266475677490234e-01
3.930668830871582031e-01
3.905899524688720703e-01
3.936398029327392578e-01
3.890914916992187500e-01
3.925313949584960938e-01
3.981256484985351562e-01
3.915112018585205078e-01
3.953421115875244141e-01
3.887226581573486328e-01
3.959357738494873047e-01
3.986687660217285156e-01
3.937892913818359375e-01
3.933131694793701172e-01
3.855655193328857422e-01
3.889768123626708984e-01
3.930971622467041016e-01
3.942120075225830078e-01
3.945720195770263672e-01
3.874545097351074219e-01
3.977353572845458984e-01
3.884723186492919922e-01
3.993017673492431641e-01
3.938922882080078125e-01
3.979666233062744141e-01
3.942067623138427734e-01
3.879456520080566406e-01
4.000508785247802734e-01
3.911507129669189453e-01
3.965880870819091797e-01
3.931291103363037109e-01
3.854706287384033203e-01
3.930022716522216797e-01
3.906772136688232422e-01
3.982338905334472656e-01
3.910000324249267578e-01
3.907191753387451172e-01
4.018206596374511719e-01
3.974492549896240234e-01
3.957831859588623047e-01
4.045853614807128906e-01
3.911371231079101562e-01
3.936939239501953125e-01
3.896341323852539062e-01
3.957841396331787109e-01
3.975181579589843750e-01
4.017391204833984375e-01
3.905570507049560547e-01
4.011127948760986328e-01
4.039931297302246094e-01
3.862125873565673828e-01
3.916273117065429688e-01
3.873567581176757812e-01
3.877980709075927734e-01
3.945322036743164062e-01
4.070932865142822266e-01
3.940272331237792969e-01
3.890452384948730469e-01
3.916602134704589844e-01
3.919086456298828125e-01
3.907718658447265625e-01
3.863973617553710938e-01
