1.303021740913391113e+01
1.235971093177795410e+01
1.235932874679565430e+01
1.239437699317932129e+01
1.237579822540283203e+01
1.240697669982910156e+01
1.247830462455749512e+01
1.244393730163574219e+01
1.242856240272521973e+01
1.242139267921447754e+01
1.243253612518310547e+01
1.265566444396972656e+01
1.241181230545043945e+01
1.241662693023681641e+01
1.243619084358215332e+01
1.245781540870666504e+01
1.254773926734924316e+01
1.249918866157531738e+01
1.239915156364440918e+01
1.244263291358947754e+01
1.243791151046752930e+01
1.245179820060729980e+01
1.249021458625793457e+01
1.244909000396728516e+01
1.245267391204833984e+01
1.243058371543884277e+01
1.244426488876342773e+01
1.243787026405334473e+01
1.239785838127136230e+01
1.244544625282287598e+01
1.243345761299133301e+01
1.248326349258422852e+01
1.248936557769775391e+01
1.244274616241455078e+01
1.241123485565185547e+01
1.246274137496948242e+01
1.249199795722961426e+01
1.245984411239624023e+01
1.241541695594787598e+01
1.241230487823486328e+01
1.242082047462463379e+01
1.244625878334045410e+01
1.243847799301147461e+01
1.243520569801330566e+01
1.253921985626220703e+01
1.242344093322753906e+01
1.241734290122985840e+01
1.244609260559082031e+01
1.244975399971008301e+01
1.245122647285461426e+01
1.261263227462768555e+01
1.244686913490295410e+01
1.246344494819641113e+01
1.243232536315917969e+01
1.242541623115539551e+01
1.245669317245483398e+01
1.244035029411315918e+01
1.241815853118896484e+01
1.241291904449462891e+01
1.244792747497558594e+01
1.243407750129699707e+01
1.246774077415466309e+01
1.247929286956787109e+01
1.258892846107482910e+01
1.244158029556274414e+01
1.245129823684692383e+01
1.245811104774475098e+01
1.248240518569946289e+01
1.242561149597167969e+01
1.241130018234252930e+01
1.245473933219909668e+01
1.247682738304138184e+01
1.245588064193725586e+01
1.247900962829589844e+01
1.242803359031677246e+01
1.244802212715148926e+01
1.249135661125183105e+01
1.248777651786804199e+01
1.245970773696899414e+01
1.247742724418640137e+01
1.241945314407348633e+01
1.242592668533325195e+01
1.245249295234680176e+01
1.247923755645751953e+01
1.241306757926940918e+01
1.247028970718383789e+01
1.254626011848449707e+01
1.241931581497192383e+01
1.240290951728820801e+01
1.247816991806030273e+01
1.246766209602355957e+01
1.247417664527893066e+01
1.242619800567626953e+01
1.245546364784240723e+01
1.256014394760131836e+01
1.242084026336669922e+01
1.248057317733764648e+01
1.246899318695068359e+01
1.245726799964904785e+01
1.248211836814880371e+01
1.243481421470642090e+01
1.241485047340393066e+01
1.245097231864929199e+01
1.244048547744750977e+01
1.248088622093200684e+01
1.247227644920349121e+01
1.245222926139831543e+01
1.244485378265380859e+01
1.245158576965332031e+01
1.242872095108032227e+01
1.248369193077087402e+01
1.243564248085021973e+01
1.243140935897827148e+01
1.242668461799621582e+01
1.241609454154968262e+01
1.240133547782897949e+01
1.238594102859497070e+01
1.241714286804199219e+01
1.241002726554870605e+01
1.246779274940490723e+01
1.246275782585144043e+01
1.241595268249511719e+01
1.242876672744750977e+01
1.240863132476806641e+01
1.246991634368896484e+01
1.246627235412597656e+01
1.244805335998535156e+01
1.249009799957275391e+01
1.246596169471740723e+01
1.250411415100097656e+01
1.242873263359069824e+01
1.250900983810424805e+01
1.244573593139648438e+01
1.242429757118225098e+01
1.244699001312255859e+01
1.239963960647583008e+01
1.244330477714538574e+01
1.243430662155151367e+01
1.245092773437500000e+01
1.250129008293151855e+01
1.245552706718444824e+01
1.247487711906433105e+01
1.245095038414001465e+01
1.246597695350646973e+01
1.246161770820617676e+01
1.243160438537597656e+01
1.246148777008056641e+01
1.244935154914855957e+01
1.246956753730773926e+01
1.244242382049560547e+01
1.247913551330566406e+01
1.243655872344970703e+01
1.244526576995849609e+01
1.242346906661987305e+01
1.244771361351013184e+01
1.248023247718811035e+01
1.244498538970947266e+01
1.247366499900817871e+01
1.245545101165771484e+01
1.247906732559204102e+01
1.244019484519958496e+01
1.245618081092834473e+01
1.248362421989440918e+01
1.241115498542785645e+01
1.245851540565490723e+01
1.241199874877929688e+01
1.246951699256896973e+01
1.246070551872253418e+01
1.238760089874267578e+01
1.244900512695312500e+01
1.241371870040893555e+01
1.243206882476806641e+01
1.242167806625366211e+01
1.242946863174438477e+01
1.248215532302856445e+01
1.244810438156127930e+01
1.247433853149414062e+01
1.241258406639099121e+01
1.246576285362243652e+01
1.243598985671997070e+01
1.242766094207763672e+01
1.244211530685424805e+01
1.244305419921875000e+01
1.241895151138305664e+01
1.245129966735839844e+01
1.242822265625000000e+01
1.239318752288818359e+01
1.240046119689941406e+01
1.242425966262817383e+01
1.244415640830993652e+01
1.241464829444885254e+01
1.245500588417053223e+01
1.244082498550415039e+01
1.241129732131958008e+01
1.245973324775695801e+01
1.245043396949768066e+01
1.240035676956176758e+01
1.241217470169067383e+01
1.246299505233764648e+01
1.242626476287841797e+01
