1.297798156738281250e+01
1.234577775001525879e+01
1.238812613487243652e+01
1.238525104522705078e+01
1.243028712272644043e+01
1.244750714302062988e+01
1.240968298912048340e+01
1.245884084701538086e+01
1.243540430068969727e+01
1.244683265686035156e+01
1.247265958786010742e+01
1.233039522171020508e+01
1.242111754417419434e+01
1.243065071105957031e+01
1.246527528762817383e+01
1.245618987083435059e+01
1.244238853454589844e+01
1.246577429771423340e+01
1.246797347068786621e+01
1.248085021972656250e+01
1.242038607597351074e+01
1.243863582611083984e+01
1.244672894477844238e+01
1.241859602928161621e+01
1.247333049774169922e+01
1.243071937561035156e+01
1.243161582946777344e+01
1.250100779533386230e+01
1.242531037330627441e+01
1.242898821830749512e+01
1.247229743003845215e+01
1.248461079597473145e+01
1.242852926254272461e+01
1.251726341247558594e+01
1.243321108818054199e+01
1.244354748725891113e+01
1.248406672477722168e+01
1.241143226623535156e+01
1.243064522743225098e+01
1.244744634628295898e+01
1.245439314842224121e+01
1.242195534706115723e+01
1.252789378166198730e+01
1.241853237152099609e+01
1.247796678543090820e+01
1.246442556381225586e+01
1.244402480125427246e+01
1.245933580398559570e+01
1.242175841331481934e+01
1.242276740074157715e+01
1.245301938056945801e+01
1.246518564224243164e+01
1.243338775634765625e+01
1.243250966072082520e+01
1.241376686096191406e+01
1.248667597770690918e+01
1.242940163612365723e+01
1.244333171844482422e+01
1.244242620468139648e+01
1.244988322257995605e+01
1.241102790832519531e+01
1.248452901840209961e+01
1.242212939262390137e+01
1.244179320335388184e+01
1.244258928298950195e+01
1.245845866203308105e+01
1.241114115715026855e+01
1.247754192352294922e+01
1.248598408699035645e+01
1.245513033866882324e+01
1.247609710693359375e+01
1.245865535736083984e+01
1.241066956520080566e+01
1.244840240478515625e+01
1.242899560928344727e+01
1.246357583999633789e+01
1.246077609062194824e+01
1.243298387527465820e+01
1.238377761840820312e+01
1.241635942459106445e+01
1.244471144676208496e+01
1.246929383277893066e+01
1.242099404335021973e+01
1.250928330421447754e+01
1.244592690467834473e+01
1.242827963829040527e+01
1.243411779403686523e+01
1.239571380615234375e+01
1.243546032905578613e+01
1.245522618293762207e+01
1.242806696891784668e+01
1.246254563331604004e+01
1.245175909996032715e+01
1.243928337097167969e+01
1.242630171775817871e+01
1.242521023750305176e+01
1.245363783836364746e+01
1.239825224876403809e+01
1.246317458152770996e+01
1.243112444877624512e+01
1.243265485763549805e+01
1.245052886009216309e+01
1.244864273071289062e+01
1.243753194808959961e+01
1.245994687080383301e+01
1.245002770423889160e+01
1.244143295288085938e+01
1.243182039260864258e+01
1.243788504600524902e+01
1.245750904083251953e+01
1.245971083641052246e+01
1.244170618057250977e+01
1.243628811836242676e+01
1.244784331321716309e+01
1.242297053337097168e+01
1.247019696235656738e+01
1.244859409332275391e+01
1.247106933593750000e+01
1.244182062149047852e+01
1.247009682655334473e+01
1.246487903594970703e+01
1.241843175888061523e+01
1.247284555435180664e+01
1.244863128662109375e+01
1.248070883750915527e+01
1.247606062889099121e+01
1.250605535507202148e+01
1.246559476852416992e+01
1.242206406593322754e+01
1.240041708946228027e+01
1.242892479896545410e+01
1.243339371681213379e+01
1.246491575241088867e+01
1.255317687988281250e+01
1.244136190414428711e+01
1.243408441543579102e+01
1.243215799331665039e+01
1.243671989440917969e+01
1.250998973846435547e+01
1.243700742721557617e+01
1.243025064468383789e+01
1.248225545883178711e+01
1.243999409675598145e+01
1.244740152359008789e+01
1.243058300018310547e+01
1.243545770645141602e+01
1.244362664222717285e+01
1.248768186569213867e+01
1.244593405723571777e+01
1.247739338874816895e+01
1.247730565071105957e+01
1.245762634277343750e+01
1.242205929756164551e+01
1.245337724685668945e+01
1.242340254783630371e+01
1.247448325157165527e+01
1.247720861434936523e+01
1.240881586074829102e+01
1.245700168609619141e+01
1.246580886840820312e+01
1.243898606300354004e+01
1.246269965171813965e+01
1.246047043800354004e+01
1.245059490203857422e+01
1.245691037178039551e+01
1.247898912429809570e+01
1.247891926765441895e+01
1.247143340110778809e+01
1.246203136444091797e+01
1.249454641342163086e+01
1.244466614723205566e+01
1.248799538612365723e+01
1.246631717681884766e+01
1.244308948516845703e+01
1.251248621940612793e+01
1.242783427238464355e+01
1.245187878608703613e+01
1.244506978988647461e+01
1.242680859565734863e+01
1.246492528915405273e+01
1.246875691413879395e+01
1.244170737266540527e+01
1.244221043586730957e+01
1.245179414749145508e+01
1.243831539154052734e+01
1.247132897377014160e+01
1.242091798782348633e+01
1.246502709388732910e+01
1.244369626045227051e+01
1.247992539405822754e+01
1.245940542221069336e+01
1.246522879600524902e+01
1.245145010948181152e+01
1.245804691314697266e+01
1.243281579017639160e+01
1.247373843193054199e+01
1.251896882057189941e+01
1.246579837799072266e+01
1.248553562164306641e+01
1.239939618110656738e+01
