1.337801647186279297e+01
1.275650119781494141e+01
1.277205872535705566e+01
1.279515933990478516e+01
1.280418252944946289e+01
1.283204102516174316e+01
1.284576439857482910e+01
1.291165328025817871e+01
1.287399125099182129e+01
1.288697934150695801e+01
1.286251449584960938e+01
1.284664773941040039e+01
1.288564467430114746e+01
1.292106986045837402e+01
1.287569141387939453e+01
1.285411429405212402e+01
1.286266350746154785e+01
1.288438081741333008e+01
1.291288852691650391e+01
1.292078542709350586e+01
1.284442615509033203e+01
1.288248491287231445e+01
1.291931033134460449e+01
1.290682649612426758e+01
1.290340256690979004e+01
1.283772540092468262e+01
1.289066863059997559e+01
1.288238692283630371e+01
1.285605716705322266e+01
1.290733051300048828e+01
1.288087224960327148e+01
1.287300682067871094e+01
1.288613128662109375e+01
1.285851979255676270e+01
1.288279271125793457e+01
1.283980965614318848e+01
1.285605621337890625e+01
1.286679172515869141e+01
1.284185791015625000e+01
1.287190008163452148e+01
1.292495226860046387e+01
1.289582657814025879e+01
1.283204340934753418e+01
1.284854125976562500e+01
1.285971808433532715e+01
1.288742613792419434e+01
1.286077046394348145e+01
1.287678194046020508e+01
1.287196135520935059e+01
1.291037511825561523e+01
1.289038443565368652e+01
1.292106842994689941e+01
1.283165192604064941e+01
1.285079097747802734e+01
1.292320227622985840e+01
1.289052605628967285e+01
1.288713097572326660e+01
1.290702700614929199e+01
1.288470172882080078e+01
1.288370275497436523e+01
1.288189649581909180e+01
1.295060157775878906e+01
1.284951567649841309e+01
1.288361024856567383e+01
1.286984872817993164e+01
1.283101201057434082e+01
1.284161496162414551e+01
1.283292722702026367e+01
1.293721032142639160e+01
1.287887835502624512e+01
1.283461952209472656e+01
1.291983413696289062e+01
1.290093517303466797e+01
1.293648529052734375e+01
1.283549284934997559e+01
1.285547828674316406e+01
1.288105416297912598e+01
1.289314842224121094e+01
1.290477538108825684e+01
1.289128351211547852e+01
1.288468766212463379e+01
1.288405776023864746e+01
1.290993976593017578e+01
1.287335085868835449e+01
1.292823362350463867e+01
1.287727952003479004e+01
1.293638157844543457e+01
1.291220712661743164e+01
1.287918615341186523e+01
1.287129569053649902e+01
1.285024714469909668e+01
1.288231253623962402e+01
1.288415908813476562e+01
1.284512662887573242e+01
1.285630702972412109e+01
1.289364004135131836e+01
1.283491539955139160e+01
1.285567283630371094e+01
1.285220861434936523e+01
1.289143013954162598e+01
1.291048836708068848e+01
1.282793593406677246e+01
1.285216903686523438e+01
1.293369841575622559e+01
1.289424228668212891e+01
1.286745762825012207e+01
1.283722805976867676e+01
1.289427733421325684e+01
1.286672306060791016e+01
1.287313508987426758e+01
1.291140556335449219e+01
1.287648463249206543e+01
1.284460401535034180e+01
1.288457298278808594e+01
1.285572862625122070e+01
1.287150526046752930e+01
1.287654662132263184e+01
1.289315772056579590e+01
1.284108805656433105e+01
1.285883831977844238e+01
1.289910507202148438e+01
1.286457347869873047e+01
1.287556266784667969e+01
1.292202877998352051e+01
1.288440060615539551e+01
1.287955236434936523e+01
1.287621593475341797e+01
1.285079479217529297e+01
1.288410377502441406e+01
1.290350317955017090e+01
1.288478493690490723e+01
1.288341474533081055e+01
1.288895845413208008e+01
1.288219833374023438e+01
1.289099407196044922e+01
1.291049575805664062e+01
1.291192984580993652e+01
1.291101837158203125e+01
1.288317108154296875e+01
1.285801887512207031e+01
1.284710335731506348e+01
1.289760732650756836e+01
1.288892817497253418e+01
1.287123465538024902e+01
1.285937213897705078e+01
1.286834740638732910e+01
1.289047074317932129e+01
1.285134029388427734e+01
1.284169054031372070e+01
1.290753149986267090e+01
1.288157653808593750e+01
1.287609553337097168e+01
1.289860844612121582e+01
1.289041090011596680e+01
1.286544346809387207e+01
1.292263412475585938e+01
1.288985705375671387e+01
1.288547539710998535e+01
1.288943552970886230e+01
1.287534165382385254e+01
1.291964006423950195e+01
1.287292361259460449e+01
1.289683437347412109e+01
1.283421015739440918e+01
1.287026810646057129e+01
1.287540817260742188e+01
1.284553122520446777e+01
1.286348938941955566e+01
1.285722994804382324e+01
1.286233043670654297e+01
1.286828422546386719e+01
1.287449026107788086e+01
1.285124492645263672e+01
1.284513592720031738e+01
1.291568827629089355e+01
1.286228537559509277e+01
1.288375377655029297e+01
1.286351084709167480e+01
1.292143416404724121e+01
1.286315917968750000e+01
1.289224863052368164e+01
1.287502837181091309e+01
1.282732605934143066e+01
1.293562555313110352e+01
1.287582373619079590e+01
1.288817238807678223e+01
1.295712447166442871e+01
1.287309217453002930e+01
1.287410879135131836e+01
1.291869664192199707e+01
1.284892249107360840e+01
1.290505528450012207e+01
1.286703324317932129e+01
1.294166493415832520e+01
1.286423110961914062e+01
1.288906025886535645e+01
1.286857724189758301e+01
1.284870195388793945e+01
1.286271929740905762e+01
1.283368062973022461e+01
