4.061179161071777344e-01
3.970062732696533203e-01
3.937177658081054688e-01
3.946404457092285156e-01
4.006001949310302734e-01
3.927557468414306641e-01
3.937053680419921875e-01
4.061081409454345703e-01
3.878822326660156250e-01
3.938345909118652344e-01
3.908619880676269531e-01
5.038700103759765625e-01
3.927485942840576172e-01
4.054670333862304688e-01
3.971874713897705078e-01
3.913803100585937500e-01
4.011344909667968750e-01
4.066362380981445312e-01
3.997738361358642578e-01
3.956229686737060547e-01
3.886656761169433594e-01
3.967773914337158203e-01
3.917961120605468750e-01
4.052252769470214844e-01
4.023120403289794922e-01
3.856127262115478516e-01
3.948950767517089844e-01
3.944158554077148438e-01
3.948805332183837891e-01
4.033668041229248047e-01
3.878264427185058594e-01
4.029822349548339844e-01
3.911044597625732422e-01
4.035148620605468750e-01
3.997514247894287109e-01
3.951239585876464844e-01
4.006021022796630859e-01
3.874912261962890625e-01
3.966441154479980469e-01
3.885133266448974609e-01
4.011871814727783203e-01
3.948795795440673828e-01
3.851010799407958984e-01
3.966681957244873047e-01
3.963830471038818359e-01
4.045474529266357422e-01
4.062025547027587891e-01
3.969318866729736328e-01
4.052243232727050781e-01
3.858618736267089844e-01
3.926887512207031250e-01
4.004840850830078125e-01
3.881227970123291016e-01
3.934338092803955078e-01
3.861114978790283203e-01
3.955354690551757812e-01
4.065957069396972656e-01
3.908975124359130859e-01
3.971433639526367188e-01
3.876137733459472656e-01
3.923361301422119141e-01
3.934328556060791016e-01
3.957264423370361328e-01
3.980262279510498047e-01
3.926093578338623047e-01
4.077780246734619141e-01
3.895504474639892578e-01
3.922436237335205078e-01
3.984878063201904297e-01
3.910269737243652344e-01
3.968157768249511719e-01
3.941771984100341797e-01
3.961105346679687500e-01
3.916985988616943359e-01
3.934676647186279297e-01
3.987462520599365234e-01
3.904561996459960938e-01
4.027614593505859375e-01
4.002196788787841797e-01
3.863074779510498047e-01
3.924906253814697266e-01
3.865208625793457031e-01
3.955519199371337891e-01
3.866279125213623047e-01
4.026339054107666016e-01
3.992545604705810547e-01
3.913173675537109375e-01
4.091410636901855469e-01
3.968026638031005859e-01
3.984060287475585938e-01
3.991985321044921875e-01
3.833930492401123047e-01
3.996052742004394531e-01
3.864378929138183594e-01
3.925752639770507812e-01
4.040322303771972656e-01
3.922853469848632812e-01
3.986847400665283203e-01
3.840579986572265625e-01
3.952250480651855469e-01
4.029128551483154297e-01
3.929049968719482422e-01
4.006588459014892578e-01
3.853349685668945312e-01
3.952088356018066406e-01
3.936214447021484375e-01
3.916013240814208984e-01
4.033758640289306641e-01
3.842589855194091797e-01
4.001617431640625000e-01
3.932814598083496094e-01
3.954541683197021484e-01
3.969240188598632812e-01
3.960425853729248047e-01
4.037265777587890625e-01
3.890311717987060547e-01
4.036161899566650391e-01
3.916025161743164062e-01
3.848738670349121094e-01
3.942308425903320312e-01
3.911726474761962891e-01
3.906438350677490234e-01
3.936188220977783203e-01
4.016938209533691406e-01
3.998408317565917969e-01
3.849644660949707031e-01
3.933424949645996094e-01
3.967540264129638672e-01
3.927674293518066406e-01
4.188089370727539062e-01
3.844802379608154297e-01
4.016230106353759766e-01
3.940093517303466797e-01
3.952500820159912109e-01
3.917231559753417969e-01
3.974943161010742188e-01
4.006702899932861328e-01
3.861174583435058594e-01
3.955962657928466797e-01
3.931033611297607422e-01
3.906619548797607422e-01
3.936588764190673828e-01
3.891093730926513672e-01
3.926143646240234375e-01
3.982152938842773438e-01
3.915131092071533203e-01
3.953647613525390625e-01
3.888339996337890625e-01
3.960011005401611328e-01
3.987486362457275391e-01
3.938853740692138672e-01
3.934204578399658203e-01
3.855810165405273438e-01
3.889858722686767578e-01
3.931434154510498047e-01
3.941740989685058594e-01
3.946204185485839844e-01
3.875675201416015625e-01
3.978607654571533203e-01
3.885023593902587891e-01
3.992888927459716797e-01
3.939251899719238281e-01
3.980083465576171875e-01
3.943054676055908203e-01
3.879950046539306641e-01
4.000573158264160156e-01
3.912403583526611328e-01
3.966565132141113281e-01
3.931815624237060547e-01
3.854794502258300781e-01
3.930778503417968750e-01
3.907697200775146484e-01
3.983135223388671875e-01
3.911025524139404297e-01
3.907866477966308594e-01
4.018478393554687500e-01
3.974902629852294922e-01
3.957483768463134766e-01
4.046211242675781250e-01
3.912684917449951172e-01
3.937389850616455078e-01
3.896760940551757812e-01
3.958430290222167969e-01
3.975193500518798828e-01
4.017827510833740234e-01
3.907091617584228516e-01
4.011921882629394531e-01
4.040234088897705078e-01
3.863208293914794922e-01
3.916943073272705078e-01
3.874785900115966797e-01
3.878571987152099609e-01
3.946309089660644531e-01
4.071362018585205078e-01
3.941183090209960938e-01
3.890771865844726562e-01
3.916878700256347656e-01
3.919568061828613281e-01
3.907897472381591797e-01
3.864729404449462891e-01
