1.038999938964843750e+01
9.969999313354492188e+00
1.000000000000000000e+01
1.021999931335449219e+01
1.018999958038330078e+01
1.027999973297119141e+01
1.056999969482421875e+01
1.040999984741210938e+01
1.030000019073486328e+01
1.000000000000000000e+01
1.017000007629394531e+01
1.018999958038330078e+01
1.138000011444091797e+01
9.039999961853027344e+00
1.023999977111816406e+01
9.899999618530273438e+00
1.000999927520751953e+01
1.165999984741210938e+01
9.559999465942382812e+00
1.117999935150146484e+01
1.000000000000000000e+01
1.010999965667724609e+01
1.000999927520751953e+01
9.989999771118164062e+00
1.113000011444091797e+01
1.059999942779541016e+01
1.034999942779541016e+01
1.051999950408935547e+01
9.829999923706054688e+00
9.899999618530273438e+00
1.050999927520751953e+01
1.155999946594238281e+01
1.096999931335449219e+01
1.000000000000000000e+01
1.001999950408935547e+01
1.114999961853027344e+01
1.000000000000000000e+01
1.128999996185302734e+01
1.000000000000000000e+01
1.000000000000000000e+01
1.000000000000000000e+01
1.009999942779541016e+01
1.159999942779541016e+01
1.065999984741210938e+01
1.155999946594238281e+01
1.000999927520751953e+01
1.002999973297119141e+01
1.047999954223632812e+01
1.078999996185302734e+01
1.118999958038330078e+01
1.277999973297119141e+01
9.989999771118164062e+00
1.003999996185302734e+01
1.000999927520751953e+01
1.025999927520751953e+01
1.381999969482421875e+01
1.030000019073486328e+01
1.546999931335449219e+01
1.000000000000000000e+01
1.030000019073486328e+01
1.009000015258789062e+01
1.652000045776367188e+01
1.413999938964843750e+01
1.900000000000000000e+01
1.677999877929687500e+01
1.850000000000000000e+01
1.778999900817871094e+01
1.922999954223632812e+01
1.919999885559082031e+01
1.746999931335449219e+01
1.617000007629394531e+01
1.868999862670898438e+01
1.969999885559082031e+01
1.963999938964843750e+01
2.186999893188476562e+01
1.990999984741210938e+01
2.113999938964843750e+01
2.043000030517578125e+01
2.268999862670898438e+01
1.800000000000000000e+01
2.186999893188476562e+01
2.240999984741210938e+01
2.059000015258789062e+01
2.126000022888183594e+01
1.853999900817871094e+01
1.964999961853027344e+01
1.880999946594238281e+01
1.768999862670898438e+01
1.968000030517578125e+01
2.089999961853027344e+01
2.453999900817871094e+01
1.575000000000000000e+01
2.027999877929687500e+01
1.578999996185302734e+01
1.726000022888183594e+01
2.170999908447265625e+01
1.802000045776367188e+01
1.736999893188476562e+01
2.102999877929687500e+01
1.835000038146972656e+01
2.406999969482421875e+01
2.442000007629394531e+01
2.497999954223632812e+01
2.581999969482421875e+01
2.528999900817871094e+01
2.712999916076660156e+01
2.773999977111816406e+01
2.728999900817871094e+01
2.786999893188476562e+01
2.805999946594238281e+01
2.750000000000000000e+01
2.887999916076660156e+01
2.887999916076660156e+01
2.717999839782714844e+01
2.815999984741210938e+01
2.763999938964843750e+01
2.751999855041503906e+01
2.828999900817871094e+01
2.790999984741210938e+01
2.931999969482421875e+01
2.894999885559082031e+01
2.901999855041503906e+01
2.852999877929687500e+01
2.927999877929687500e+01
2.961999893188476562e+01
2.977999877929687500e+01
3.000000000000000000e+01
3.061999893188476562e+01
3.059000015258789062e+01
3.004999923706054688e+01
2.945999908447265625e+01
2.978999900817871094e+01
3.081999969482421875e+01
3.142000007629394531e+01
3.102999877929687500e+01
3.159000015258789062e+01
3.005999946594238281e+01
3.162999916076660156e+01
3.084999847412109375e+01
3.176999855041503906e+01
3.113999938964843750e+01
3.120999908447265625e+01
3.204999923706054688e+01
3.052999877929687500e+01
3.154999923706054688e+01
3.103999900817871094e+01
3.259000015258789062e+01
3.314999771118164062e+01
3.243000030517578125e+01
3.296999740600585938e+01
3.345000076293945312e+01
3.336999893188476562e+01
3.325000000000000000e+01
3.318000030517578125e+01
3.318999862670898438e+01
3.332999801635742188e+01
3.320000076293945312e+01
3.297999954223632812e+01
3.286999893188476562e+01
3.315999984741210938e+01
3.336000061035156250e+01
3.343000030517578125e+01
3.316999816894531250e+01
3.309000015258789062e+01
3.345999908447265625e+01
3.327000045776367188e+01
3.311000061035156250e+01
3.304999923706054688e+01
3.318000030517578125e+01
3.305999755859375000e+01
3.315999984741210938e+01
3.300999832153320312e+01
3.298999786376953125e+01
3.296999740600585938e+01
3.327000045776367188e+01
3.306999969482421875e+01
3.316999816894531250e+01
3.316999816894531250e+01
3.320999908447265625e+01
3.304999923706054688e+01
3.322999954223632812e+01
3.325999832153320312e+01
3.304999923706054688e+01
3.320000076293945312e+01
3.293000030517578125e+01
3.315999984741210938e+01
3.318999862670898438e+01
3.334000015258789062e+01
3.337999725341796875e+01
3.320999908447265625e+01
3.340999984741210938e+01
3.345000076293945312e+01
3.334000015258789062e+01
3.329000091552734375e+01
3.318999862670898438e+01
3.359999847412109375e+01
3.331999969482421875e+01
3.352000045776367188e+01
3.348999786376953125e+01
3.370999908447265625e+01
